JuliaProp v0.1 starts...
  Activating project at `~/JuliaProp_v0.1`
JuliaProp v0.1 starts...
  Activating project at `~/JuliaProp_v0.1`
JuliaProp v0.1 starts...

[38955] signal (15): Terminated
in expression starting at /home/tang_wenqi/JuliaProp_v0.1/samples/10_23_3_coherent.jl:26
pthread_cond_wait at /lib64/libpthread.so.0 (unknown line)
uv_cond_wait at /workspace/srcdir/libuv/src/unix/thread.c:883
ijl_task_get_next at /cache/build/builder-amdci4-4/julialang/julia-release-1-dot-9/src/partr.c:421
poptask at ./task.jl:974
wait at ./task.jl:983
task_done_hook at ./task.jl:672
jfptr_task_done_hook_27081.clone_1 at /home/tang_wenqi/julia-1.9.4/lib/julia/sys.so (unknown line)
_jl_invoke at /cache/build/builder-amdci4-4/julialang/julia-release-1-dot-9/src/gf.c:2758 [inlined]
ijl_apply_generic at /cache/build/builder-amdci4-4/julialang/julia-release-1-dot-9/src/gf.c:2940
jl_apply at /cache/build/builder-amdci4-4/julialang/julia-release-1-dot-9/src/julia.h:1880 [inlined]
jl_finish_task at /cache/build/builder-amdci4-4/julialang/julia-release-1-dot-9/src/task.c:320
start_task at /cache/build/builder-amdci4-4/julialang/julia-release-1-dot-9/src/task.c:1103
unknown function (ip: (nil))
getindex at ./essentials.jl:13 [inlined]
getindex at /cache/build/builder-amdci4-4/julialang/julia-release-1-dot-9/usr/share/julia/stdlib/v1.9/LinearAlgebra/src/tridiag.jl:659 [inlined]
_getindex at ./abstractarray.jl:1346 [inlined]
getindex at ./abstractarray.jl:1296 [inlined]
_broadcast_getindex at ./broadcast.jl:636 [inlined]
_getindex at ./broadcast.jl:680 [inlined]
_getindex at ./broadcast.jl:679 [inlined]
_broadcast_getindex at ./broadcast.jl:655 [inlined]
_getindex at ./broadcast.jl:680 [inlined]
_getindex at ./broadcast.jl:679 [inlined]
_broadcast_getindex at ./broadcast.jl:655 [inlined]
copyto! at /cache/build/builder-amdci4-4/julialang/julia-release-1-dot-9/usr/share/julia/stdlib/v1.9/LinearAlgebra/src/structuredbroadcast.jl:207
materialize! at ./broadcast.jl:884 [inlined]
materialize! at ./broadcast.jl:881 [inlined]
macro expansion at /home/tang_wenqi/JuliaProp_v0.1/src/tdse_sh_elli.jl:151 [inlined]
#308#threadsfor_fun#129 at ./threadingconstructs.jl:206
#308#threadsfor_fun at ./threadingconstructs.jl:173 [inlined]
#1 at ./threadingconstructs.jl:145
unknown function (ip: 0x7f59fc09fadf)
_jl_invoke at /cache/build/builder-amdci4-4/julialang/julia-release-1-dot-9/src/gf.c:2758 [inlined]
ijl_apply_generic at /cache/build/builder-amdci4-4/julialang/julia-release-1-dot-9/src/gf.c:2940
jl_apply at /cache/build/builder-amdci4-4/julialang/julia-release-1-dot-9/src/julia.h:1880 [inlined]
start_task at /cache/build/builder-amdci4-4/julialang/julia-release-1-dot-9/src/task.c:1092
unknown function (ip: (nil))
getindex at ./essentials.jl:13 [inlined]
getindex at /cache/build/builder-amdci4-4/julialang/julia-release-1-dot-9/usr/share/julia/stdlib/v1.9/LinearAlgebra/src/tridiag.jl:655 [inlined]
_getindex at ./abstractarray.jl:1346 [inlined]
getindex at ./abstractarray.jl:1296 [inlined]
_broadcast_getindex at ./broadcast.jl:636 [inlined]
_getindex at ./broadcast.jl:680 [inlined]
_getindex at ./broadcast.jl:679 [inlined]
_broadcast_getindex at ./broadcast.jl:655 [inlined]
_getindex at ./broadcast.jl:680 [inlined]
_getindex at ./broadcast.jl:679 [inlined]
_broadcast_getindex at ./broadcast.jl:655 [inlined]
copyto! at /cache/build/builder-amdci4-4/julialang/julia-release-1-dot-9/usr/share/julia/stdlib/v1.9/LinearAlgebra/src/structuredbroadcast.jl:204
materialize! at ./broadcast.jl:884 [inlined]
materialize! at ./broadcast.jl:881 [inlined]
macro expansion at /home/tang_wenqi/JuliaProp_v0.1/src/tdse_sh_elli.jl:150 [inlined]
#308#threadsfor_fun#129 at ./threadingconstructs.jl:206
#308#threadsfor_fun at ./threadingconstructs.jl:173 [inlined]
#1 at ./threadingconstructs.jl:145
unknown function (ip: 0x7f59fc09fadf)
_jl_invoke at /cache/build/builder-amdci4-4/julialang/julia-release-1-dot-9/src/gf.c:2758 [inlined]
ijl_apply_generic at /cache/build/builder-amdci4-4/julialang/julia-release-1-dot-9/src/gf.c:2940
jl_apply at /cache/build/builder-amdci4-4/julialang/julia-release-1-dot-9/src/julia.h:1880 [inlined]
start_task at /cache/build/builder-amdci4-4/julialang/julia-release-1-dot-9/src/task.c:1092
unknown function (ip: (nil))
getindex at /cache/build/builder-amdci4-4/julialang/julia-release-1-dot-9/usr/share/julia/stdlib/v1.9/LinearAlgebra/src/tridiag.jl:654 [inlined]
_getindex at ./abstractarray.jl:1346 [inlined]
getindex at ./abstractarray.jl:1296 [inlined]
_broadcast_getindex at ./broadcast.jl:636 [inlined]
_getindex at ./broadcast.jl:680 [inlined]
_getindex at ./broadcast.jl:679 [inlined]
_broadcast_getindex at ./broadcast.jl:655 [inlined]
_getindex at ./broadcast.jl:680 [inlined]
_getindex at ./broadcast.jl:679 [inlined]
_broadcast_getindex at ./broadcast.jl:655 [inlined]
copyto! at /cache/build/builder-amdci4-4/julialang/julia-release-1-dot-9/usr/share/julia/stdlib/v1.9/LinearAlgebra/src/structuredbroadcast.jl:207
materialize! at ./broadcast.jl:884 [inlined]
materialize! at ./broadcast.jl:881 [inlined]
macro expansion at /home/tang_wenqi/JuliaProp_v0.1/src/tdse_sh_elli.jl:151 [inlined]
#308#threadsfor_fun#129 at ./threadingconstructs.jl:206
#308#threadsfor_fun at ./threadingconstructs.jl:173 [inlined]
#1 at ./threadingconstructs.jl:145
unknown function (ip: 0x7f59fc09fadf)
_jl_invoke at /cache/build/builder-amdci4-4/julialang/julia-release-1-dot-9/src/gf.c:2758 [inlined]
ijl_apply_generic at /cache/build/builder-amdci4-4/julialang/julia-release-1-dot-9/src/gf.c:2940
jl_apply at /cache/build/builder-amdci4-4/julialang/julia-release-1-dot-9/src/julia.h:1880 [inlined]
start_task at /cache/build/builder-amdci4-4/julialang/julia-release-1-dot-9/src/task.c:1092
unknown function (ip: (nil))
- at ./float.jl:409 [inlined]
_broadcast_getindex_evalf at ./broadcast.jl:683 [inlined]
_broadcast_getindex at ./broadcast.jl:656 [inlined]
copyto! at /cache/build/builder-amdci4-4/julialang/julia-release-1-dot-9/usr/share/julia/stdlib/v1.9/LinearAlgebra/src/structuredbroadcast.jl:204
materialize! at ./broadcast.jl:884 [inlined]
materialize! at ./broadcast.jl:881 [inlined]
macro expansion at /home/tang_wenqi/JuliaProp_v0.1/src/tdse_sh_elli.jl:152 [inlined]
#308#threadsfor_fun#129 at ./threadingconstructs.jl:206
#308#threadsfor_fun at ./threadingconstructs.jl:173 [inlined]
#1 at ./threadingconstructs.jl:145
unknown function (ip: 0x7f59fc09fadf)
_jl_invoke at /cache/build/builder-amdci4-4/julialang/julia-release-1-dot-9/src/gf.c:2758 [inlined]
ijl_apply_generic at /cache/build/builder-amdci4-4/julialang/julia-release-1-dot-9/src/gf.c:2940
jl_apply at /cache/build/builder-amdci4-4/julialang/julia-release-1-dot-9/src/julia.h:1880 [inlined]
start_task at /cache/build/builder-amdci4-4/julialang/julia-release-1-dot-9/src/task.c:1092
unknown function (ip: (nil))
* at ./float.jl:410 [inlined]
_broadcast_getindex_evalf at ./broadcast.jl:683 [inlined]
_broadcast_getindex at ./broadcast.jl:656 [inlined]
_getindex at ./broadcast.jl:680 [inlined]
_getindex at ./broadcast.jl:679 [inlined]
_broadcast_getindex at ./broadcast.jl:655 [inlined]
copyto! at /cache/build/builder-amdci4-4/julialang/julia-release-1-dot-9/usr/share/julia/stdlib/v1.9/LinearAlgebra/src/structuredbroadcast.jl:207
materialize! at ./broadcast.jl:884 [inlined]
materialize! at ./broadcast.jl:881 [inlined]
macro expansion at /home/tang_wenqi/JuliaProp_v0.1/src/tdse_sh_elli.jl:152 [inlined]
#308#threadsfor_fun#129 at ./threadingconstructs.jl:206
#308#threadsfor_fun at ./threadingconstructs.jl:173 [inlined]
#1 at ./threadingconstructs.jl:145
unknown function (ip: 0x7f59fc09fadf)
_jl_invoke at /cache/build/builder-amdci4-4/julialang/julia-release-1-dot-9/src/gf.c:2758 [inlined]
ijl_apply_generic at /cache/build/builder-amdci4-4/julialang/julia-release-1-dot-9/src/gf.c:2940
jl_apply at /cache/build/builder-amdci4-4/julialang/julia-release-1-dot-9/src/julia.h:1880 [inlined]
start_task at /cache/build/builder-amdci4-4/julialang/julia-release-1-dot-9/src/task.c:1092
unknown function (ip: (nil))
+ at ./float.jl:408 [inlined]
_broadcast_getindex_evalf at ./broadcast.jl:683 [inlined]
_broadcast_getindex at ./broadcast.jl:656 [inlined]
copyto! at /cache/build/builder-amdci4-4/julialang/julia-release-1-dot-9/usr/share/julia/stdlib/v1.9/LinearAlgebra/src/structuredbroadcast.jl:208
materialize! at ./broadcast.jl:884 [inlined]
materialize! at ./broadcast.jl:881 [inlined]
macro expansion at /home/tang_wenqi/JuliaProp_v0.1/src/tdse_sh_elli.jl:149 [inlined]
#308#threadsfor_fun#129 at ./threadingconstructs.jl:206
#308#threadsfor_fun at ./threadingconstructs.jl:173 [inlined]
#1 at ./threadingconstructs.jl:145
unknown function (ip: 0x7f59fc09fadf)
_jl_invoke at /cache/build/builder-amdci4-4/julialang/julia-release-1-dot-9/src/gf.c:2758 [inlined]
ijl_apply_generic at /cache/build/builder-amdci4-4/julialang/julia-release-1-dot-9/src/gf.c:2940
jl_apply at /cache/build/builder-amdci4-4/julialang/julia-release-1-dot-9/src/julia.h:1880 [inlined]
start_task at /cache/build/builder-amdci4-4/julialang/julia-release-1-dot-9/src/task.c:1092
unknown function (ip: (nil))
+ at ./int.jl:87 [inlined]
getindex at /cache/build/builder-amdci4-4/julialang/julia-release-1-dot-9/usr/share/julia/stdlib/v1.9/LinearAlgebra/src/tridiag.jl:658 [inlined]
_getindex at ./abstractarray.jl:1346 [inlined]
getindex at ./abstractarray.jl:1296 [inlined]
_broadcast_getindex at ./broadcast.jl:636 [inlined]
_getindex at ./broadcast.jl:680 [inlined]
_getindex at ./broadcast.jl:679 [inlined]
_broadcast_getindex at ./broadcast.jl:655 [inlined]
_getindex at ./broadcast.jl:680 [inlined]
_getindex at ./broadcast.jl:679 [inlined]
_broadcast_getindex at ./broadcast.jl:655 [inlined]
copyto! at /cache/build/builder-amdci4-4/julialang/julia-release-1-dot-9/usr/share/julia/stdlib/v1.9/LinearAlgebra/src/structuredbroadcast.jl:207
materialize! at ./broadcast.jl:884 [inlined]
materialize! at ./broadcast.jl:881 [inlined]
macro expansion at /home/tang_wenqi/JuliaProp_v0.1/src/tdse_sh_elli.jl:151 [inlined]
#308#threadsfor_fun#129 at ./threadingconstructs.jl:206
#308#threadsfor_fun at ./threadingconstructs.jl:173 [inlined]
#1 at ./threadingconstructs.jl:145
unknown function (ip: 0x7f59fc09fadf)
_jl_invoke at /cache/build/builder-amdci4-4/julialang/julia-release-1-dot-9/src/gf.c:2758 [inlined]
ijl_apply_generic at /cache/build/builder-amdci4-4/julialang/julia-release-1-dot-9/src/gf.c:2940
jl_apply at /cache/build/builder-amdci4-4/julialang/julia-release-1-dot-9/src/julia.h:1880 [inlined]
start_task at /cache/build/builder-amdci4-4/julialang/julia-release-1-dot-9/src/task.c:1092
unknown function (ip: (nil))
getindex at ./essentials.jl:13 [inlined]
getindex at /cache/build/builder-amdci4-4/julialang/julia-release-1-dot-9/usr/share/julia/stdlib/v1.9/LinearAlgebra/src/tridiag.jl:655 [inlined]
_getindex at ./abstractarray.jl:1346 [inlined]
getindex at ./abstractarray.jl:1296 [inlined]
_broadcast_getindex at ./broadcast.jl:636 [inlined]
_getindex at ./broadcast.jl:680 [inlined]
_getindex at ./broadcast.jl:679 [inlined]
_broadcast_getindex at ./broadcast.jl:655 [inlined]
_getindex at ./broadcast.jl:680 [inlined]
_getindex at ./broadcast.jl:679 [inlined]
_broadcast_getindex at ./broadcast.jl:655 [inlined]
copyto! at /cache/build/builder-amdci4-4/julialang/julia-release-1-dot-9/usr/share/julia/stdlib/v1.9/LinearAlgebra/src/structuredbroadcast.jl:204
materialize! at ./broadcast.jl:884 [inlined]
materialize! at ./broadcast.jl:881 [inlined]
macro expansion at /home/tang_wenqi/JuliaProp_v0.1/src/tdse_sh_elli.jl:150 [inlined]
#308#threadsfor_fun#129 at ./threadingconstructs.jl:206
#308#threadsfor_fun at ./threadingconstructs.jl:173 [inlined]
#1 at ./threadingconstructs.jl:145
unknown function (ip: 0x7f59fc09fadf)
_jl_invoke at /cache/build/builder-amdci4-4/julialang/julia-release-1-dot-9/src/gf.c:2758 [inlined]
ijl_apply_generic at /cache/build/builder-amdci4-4/julialang/julia-release-1-dot-9/src/gf.c:2940
jl_apply at /cache/build/builder-amdci4-4/julialang/julia-release-1-dot-9/src/julia.h:1880 [inlined]
start_task at /cache/build/builder-amdci4-4/julialang/julia-release-1-dot-9/src/task.c:1092
unknown function (ip: (nil))
- at ./float.jl:409 [inlined]
_broadcast_getindex_evalf at ./broadcast.jl:683 [inlined]
_broadcast_getindex at ./broadcast.jl:656 [inlined]
copyto! at /cache/build/builder-amdci4-4/julialang/julia-release-1-dot-9/usr/share/julia/stdlib/v1.9/LinearAlgebra/src/structuredbroadcast.jl:204
materialize! at ./broadcast.jl:884 [inlined]
materialize! at ./broadcast.jl:881 [inlined]
macro expansion at /home/tang_wenqi/JuliaProp_v0.1/src/tdse_sh_elli.jl:152 [inlined]
#308#threadsfor_fun#129 at ./threadingconstructs.jl:206
#308#threadsfor_fun at ./threadingconstructs.jl:173 [inlined]
#1 at ./threadingconstructs.jl:145
unknown function (ip: 0x7f59fc09fadf)
_jl_invoke at /cache/build/builder-amdci4-4/julialang/julia-release-1-dot-9/src/gf.c:2758 [inlined]
ijl_apply_generic at /cache/build/builder-amdci4-4/julialang/julia-release-1-dot-9/src/gf.c:2940
jl_apply at /cache/build/builder-amdci4-4/julialang/julia-release-1-dot-9/src/julia.h:1880 [inlined]
start_task at /cache/build/builder-amdci4-4/julialang/julia-release-1-dot-9/src/task.c:1092
unknown function (ip: (nil))
- at ./float.jl:409 [inlined]
_broadcast_getindex_evalf at ./broadcast.jl:683 [inlined]
_broadcast_getindex at ./broadcast.jl:656 [inlined]
copyto! at /cache/build/builder-amdci4-4/julialang/julia-release-1-dot-9/usr/share/julia/stdlib/v1.9/LinearAlgebra/src/structuredbroadcast.jl:204
materialize! at ./broadcast.jl:884 [inlined]
materialize! at ./broadcast.jl:881 [inlined]
macro expansion at /home/tang_wenqi/JuliaProp_v0.1/src/tdse_sh_elli.jl:150 [inlined]
#308#threadsfor_fun#129 at ./threadingconstructs.jl:206
#308#threadsfor_fun at ./threadingconstructs.jl:173 [inlined]
#1 at ./threadingconstructs.jl:145
unknown function (ip: 0x7f59fc09fadf)
_jl_invoke at /cache/build/builder-amdci4-4/julialang/julia-release-1-dot-9/src/gf.c:2758 [inlined]
ijl_apply_generic at /cache/build/builder-amdci4-4/julialang/julia-release-1-dot-9/src/gf.c:2940
jl_apply at /cache/build/builder-amdci4-4/julialang/julia-release-1-dot-9/src/julia.h:1880 [inlined]
start_task at /cache/build/builder-amdci4-4/julialang/julia-release-1-dot-9/src/task.c:1092
unknown function (ip: (nil))
== at ./promotion.jl:499 [inlined]
getindex at /cache/build/builder-amdci4-4/julialang/julia-release-1-dot-9/usr/share/julia/stdlib/v1.9/LinearAlgebra/src/tridiag.jl:654 [inlined]
_getindex at ./abstractarray.jl:1346 [inlined]
getindex at ./abstractarray.jl:1296 [inlined]
_broadcast_getindex at ./broadcast.jl:636 [inlined]
_getindex at ./broadcast.jl:679 [inlined]
_broadcast_getindex at ./broadcast.jl:655 [inlined]
copyto! at /cache/build/builder-amdci4-4/julialang/julia-release-1-dot-9/usr/share/julia/stdlib/v1.9/LinearAlgebra/src/structuredbroadcast.jl:207
materialize! at ./broadcast.jl:884 [inlined]
materialize! at ./broadcast.jl:881 [inlined]
macro expansion at /home/tang_wenqi/JuliaProp_v0.1/src/tdse_sh_elli.jl:150 [inlined]
#308#threadsfor_fun#129 at ./threadingconstructs.jl:206
#308#threadsfor_fun at ./threadingconstructs.jl:173 [inlined]
#1 at ./threadingconstructs.jl:145
unknown function (ip: 0x7f59fc09fadf)
_jl_invoke at /cache/build/builder-amdci4-4/julialang/julia-release-1-dot-9/src/gf.c:2758 [inlined]
ijl_apply_generic at /cache/build/builder-amdci4-4/julialang/julia-release-1-dot-9/src/gf.c:2940
jl_apply at /cache/build/builder-amdci4-4/julialang/julia-release-1-dot-9/src/julia.h:1880 [inlined]
start_task at /cache/build/builder-amdci4-4/julialang/julia-release-1-dot-9/src/task.c:1092
unknown function (ip: (nil))
- at ./float.jl:409 [inlined]
_broadcast_getindex_evalf at ./broadcast.jl:683 [inlined]
_broadcast_getindex at ./broadcast.jl:656 [inlined]
copyto! at /cache/build/builder-amdci4-4/julialang/julia-release-1-dot-9/usr/share/julia/stdlib/v1.9/LinearAlgebra/src/structuredbroadcast.jl:204
materialize! at ./broadcast.jl:884 [inlined]
materialize! at ./broadcast.jl:881 [inlined]
macro expansion at /home/tang_wenqi/JuliaProp_v0.1/src/tdse_sh_elli.jl:152 [inlined]
#308#threadsfor_fun#129 at ./threadingconstructs.jl:206
#308#threadsfor_fun at ./threadingconstructs.jl:173 [inlined]
#1 at ./threadingconstructs.jl:145
unknown function (ip: 0x7f59fc09fadf)
_jl_invoke at /cache/build/builder-amdci4-4/julialang/julia-release-1-dot-9/src/gf.c:2758 [inlined]
ijl_apply_generic at /cache/build/builder-amdci4-4/julialang/julia-release-1-dot-9/src/gf.c:2940
jl_apply at /cache/build/builder-amdci4-4/julialang/julia-release-1-dot-9/src/julia.h:1880 [inlined]
start_task at /cache/build/builder-amdci4-4/julialang/julia-release-1-dot-9/src/task.c:1092
unknown function (ip: (nil))
getindex at ./essentials.jl:13 [inlined]
getindex at /cache/build/builder-amdci4-4/julialang/julia-release-1-dot-9/usr/share/julia/stdlib/v1.9/LinearAlgebra/src/tridiag.jl:655 [inlined]
_getindex at ./abstractarray.jl:1346 [inlined]
getindex at ./abstractarray.jl:1296 [inlined]
_broadcast_getindex at ./broadcast.jl:636 [inlined]
_getindex at ./broadcast.jl:680 [inlined]
_getindex at ./broadcast.jl:679 [inlined]
_broadcast_getindex at ./broadcast.jl:655 [inlined]
_getindex at ./broadcast.jl:680 [inlined]
_getindex at ./broadcast.jl:679 [inlined]
_broadcast_getindex at ./broadcast.jl:655 [inlined]
copyto! at /cache/build/builder-amdci4-4/julialang/julia-release-1-dot-9/usr/share/julia/stdlib/v1.9/LinearAlgebra/src/structuredbroadcast.jl:204
materialize! at ./broadcast.jl:884 [inlined]
materialize! at ./broadcast.jl:881 [inlined]
macro expansion at /home/tang_wenqi/JuliaProp_v0.1/src/tdse_sh_elli.jl:150 [inlined]
#308#threadsfor_fun#129 at ./threadingconstructs.jl:206
#308#threadsfor_fun at ./threadingconstructs.jl:173 [inlined]
#1 at ./threadingconstructs.jl:145
unknown function (ip: 0x7f59fc09fadf)
_jl_invoke at /cache/build/builder-amdci4-4/julialang/julia-release-1-dot-9/src/gf.c:2758 [inlined]
ijl_apply_generic at /cache/build/builder-amdci4-4/julialang/julia-release-1-dot-9/src/gf.c:2940
jl_apply at /cache/build/builder-amdci4-4/julialang/julia-release-1-dot-9/src/julia.h:1880 [inlined]
start_task at /cache/build/builder-amdci4-4/julialang/julia-release-1-dot-9/src/task.c:1092
unknown function (ip: (nil))
setindex! at ./array.jl:969 [inlined]
copyto! at /cache/build/builder-amdci4-4/julialang/julia-release-1-dot-9/usr/share/julia/stdlib/v1.9/LinearAlgebra/src/structuredbroadcast.jl:204
materialize! at ./broadcast.jl:884 [inlined]
materialize! at ./broadcast.jl:881 [inlined]
macro expansion at /home/tang_wenqi/JuliaProp_v0.1/src/tdse_sh_elli.jl:149 [inlined]
#308#threadsfor_fun#129 at ./threadingconstructs.jl:206
#308#threadsfor_fun at ./threadingconstructs.jl:173 [inlined]
#1 at ./threadingconstructs.jl:145
unknown function (ip: 0x7f59fc09fadf)
_jl_invoke at /cache/build/builder-amdci4-4/julialang/julia-release-1-dot-9/src/gf.c:2758 [inlined]
ijl_apply_generic at /cache/build/builder-amdci4-4/julialang/julia-release-1-dot-9/src/gf.c:2940
jl_apply at /cache/build/builder-amdci4-4/julialang/julia-release-1-dot-9/src/julia.h:1880 [inlined]
start_task at /cache/build/builder-amdci4-4/julialang/julia-release-1-dot-9/src/task.c:1092
unknown function (ip: (nil))
ifelse at ./essentials.jl:575 [inlined]
_newindex at ./broadcast.jl:582 [inlined]
newindex at ./broadcast.jl:580 [inlined]
_broadcast_getindex at ./broadcast.jl:636 [inlined]
_getindex at ./broadcast.jl:680 [inlined]
_getindex at ./broadcast.jl:679 [inlined]
_broadcast_getindex at ./broadcast.jl:655 [inlined]
_getindex at ./broadcast.jl:680 [inlined]
_getindex at ./broadcast.jl:679 [inlined]
_broadcast_getindex at ./broadcast.jl:655 [inlined]
copyto! at /cache/build/builder-amdci4-4/julialang/julia-release-1-dot-9/usr/share/julia/stdlib/v1.9/LinearAlgebra/src/structuredbroadcast.jl:207
materialize! at ./broadcast.jl:884 [inlined]
materialize! at ./broadcast.jl:881 [inlined]
macro expansion at /home/tang_wenqi/JuliaProp_v0.1/src/tdse_sh_elli.jl:149 [inlined]
#308#threadsfor_fun#129 at ./threadingconstructs.jl:206
#308#threadsfor_fun at ./threadingconstructs.jl:173 [inlined]
#1 at ./threadingconstructs.jl:145
unknown function (ip: 0x7f59fc09fadf)
_jl_invoke at /cache/build/builder-amdci4-4/julialang/julia-release-1-dot-9/src/gf.c:2758 [inlined]
ijl_apply_generic at /cache/build/builder-amdci4-4/julialang/julia-release-1-dot-9/src/gf.c:2940
jl_apply at /cache/build/builder-amdci4-4/julialang/julia-release-1-dot-9/src/julia.h:1880 [inlined]
start_task at /cache/build/builder-amdci4-4/julialang/julia-release-1-dot-9/src/task.c:1092
unknown function (ip: (nil))
getindex at ./essentials.jl:13 [inlined]
getindex at /cache/build/builder-amdci4-4/julialang/julia-release-1-dot-9/usr/share/julia/stdlib/v1.9/LinearAlgebra/src/tridiag.jl:655 [inlined]
_getindex at ./abstractarray.jl:1346 [inlined]
getindex at ./abstractarray.jl:1296 [inlined]
_broadcast_getindex at ./broadcast.jl:636 [inlined]
_getindex at ./broadcast.jl:680 [inlined]
_getindex at ./broadcast.jl:679 [inlined]
_broadcast_getindex at ./broadcast.jl:655 [inlined]
_getindex at ./broadcast.jl:680 [inlined]
_getindex at ./broadcast.jl:679 [inlined]
_broadcast_getindex at ./broadcast.jl:655 [inlined]
copyto! at /cache/build/builder-amdci4-4/julialang/julia-release-1-dot-9/usr/share/julia/stdlib/v1.9/LinearAlgebra/src/structuredbroadcast.jl:204
materialize! at ./broadcast.jl:884 [inlined]
materialize! at ./broadcast.jl:881 [inlined]
macro expansion at /home/tang_wenqi/JuliaProp_v0.1/src/tdse_sh_elli.jl:152 [inlined]
#308#threadsfor_fun#129 at ./threadingconstructs.jl:206
#308#threadsfor_fun at ./threadingconstructs.jl:173 [inlined]
#1 at ./threadingconstructs.jl:145
unknown function (ip: 0x7f59fc09fadf)
_jl_invoke at /cache/build/builder-amdci4-4/julialang/julia-release-1-dot-9/src/gf.c:2758 [inlined]
ijl_apply_generic at /cache/build/builder-amdci4-4/julialang/julia-release-1-dot-9/src/gf.c:2940
jl_apply at /cache/build/builder-amdci4-4/julialang/julia-release-1-dot-9/src/julia.h:1880 [inlined]
start_task at /cache/build/builder-amdci4-4/julialang/julia-release-1-dot-9/src/task.c:1092
unknown function (ip: (nil))
setindex! at ./array.jl:969 [inlined]
copyto! at /cache/build/builder-amdci4-4/julialang/julia-release-1-dot-9/usr/share/julia/stdlib/v1.9/LinearAlgebra/src/structuredbroadcast.jl:208
materialize! at ./broadcast.jl:884 [inlined]
materialize! at ./broadcast.jl:881 [inlined]
macro expansion at /home/tang_wenqi/JuliaProp_v0.1/src/tdse_sh_elli.jl:149 [inlined]
#308#threadsfor_fun#129 at ./threadingconstructs.jl:206
#308#threadsfor_fun at ./threadingconstructs.jl:173 [inlined]
#1 at ./threadingconstructs.jl:145
unknown function (ip: 0x7f59fc09fadf)
_jl_invoke at /cache/build/builder-amdci4-4/julialang/julia-release-1-dot-9/src/gf.c:2758 [inlined]
ijl_apply_generic at /cache/build/builder-amdci4-4/julialang/julia-release-1-dot-9/src/gf.c:2940
jl_apply at /cache/build/builder-amdci4-4/julialang/julia-release-1-dot-9/src/julia.h:1880 [inlined]
start_task at /cache/build/builder-amdci4-4/julialang/julia-release-1-dot-9/src/task.c:1092
unknown function (ip: (nil))
setindex! at ./array.jl:969 [inlined]
copyto! at /cache/build/builder-amdci4-4/julialang/julia-release-1-dot-9/usr/share/julia/stdlib/v1.9/LinearAlgebra/src/structuredbroadcast.jl:207
materialize! at ./broadcast.jl:884 [inlined]
materialize! at ./broadcast.jl:881 [inlined]
macro expansion at /home/tang_wenqi/JuliaProp_v0.1/src/tdse_sh_elli.jl:150 [inlined]
#308#threadsfor_fun#129 at ./threadingconstructs.jl:206
#308#threadsfor_fun at ./threadingconstructs.jl:173 [inlined]
#1 at ./threadingconstructs.jl:145
unknown function (ip: 0x7f59fc09fadf)
_jl_invoke at /cache/build/builder-amdci4-4/julialang/julia-release-1-dot-9/src/gf.c:2758 [inlined]
ijl_apply_generic at /cache/build/builder-amdci4-4/julialang/julia-release-1-dot-9/src/gf.c:2940
jl_apply at /cache/build/builder-amdci4-4/julialang/julia-release-1-dot-9/src/julia.h:1880 [inlined]
start_task at /cache/build/builder-amdci4-4/julialang/julia-release-1-dot-9/src/task.c:1092
unknown function (ip: (nil))
setindex! at ./array.jl:969 [inlined]
copyto! at /cache/build/builder-amdci4-4/julialang/julia-release-1-dot-9/usr/share/julia/stdlib/v1.9/LinearAlgebra/src/structuredbroadcast.jl:207
materialize! at ./broadcast.jl:884 [inlined]
materialize! at ./broadcast.jl:881 [inlined]
macro expansion at /home/tang_wenqi/JuliaProp_v0.1/src/tdse_sh_elli.jl:151 [inlined]
#308#threadsfor_fun#129 at ./threadingconstructs.jl:206
#308#threadsfor_fun at ./threadingconstructs.jl:173 [inlined]
#1 at ./threadingconstructs.jl:145
unknown function (ip: 0x7f59fc09fadf)
_jl_invoke at /cache/build/builder-amdci4-4/julialang/julia-release-1-dot-9/src/gf.c:2758 [inlined]
ijl_apply_generic at /cache/build/builder-amdci4-4/julialang/julia-release-1-dot-9/src/gf.c:2940
jl_apply at /cache/build/builder-amdci4-4/julialang/julia-release-1-dot-9/src/julia.h:1880 [inlined]
start_task at /cache/build/builder-amdci4-4/julialang/julia-release-1-dot-9/src/task.c:1092
unknown function (ip: (nil))
setindex! at ./array.jl:969 [inlined]
copyto! at /cache/build/builder-amdci4-4/julialang/julia-release-1-dot-9/usr/share/julia/stdlib/v1.9/LinearAlgebra/src/structuredbroadcast.jl:208
materialize! at ./broadcast.jl:884 [inlined]
materialize! at ./broadcast.jl:881 [inlined]
macro expansion at /home/tang_wenqi/JuliaProp_v0.1/src/tdse_sh_elli.jl:152 [inlined]
#308#threadsfor_fun#129 at ./threadingconstructs.jl:206
#308#threadsfor_fun at ./threadingconstructs.jl:173 [inlined]
#1 at ./threadingconstructs.jl:145
unknown function (ip: 0x7f59fc09fadf)
_jl_invoke at /cache/build/builder-amdci4-4/julialang/julia-release-1-dot-9/src/gf.c:2758 [inlined]
ijl_apply_generic at /cache/build/builder-amdci4-4/julialang/julia-release-1-dot-9/src/gf.c:2940
jl_apply at /cache/build/builder-amdci4-4/julialang/julia-release-1-dot-9/src/julia.h:1880 [inlined]
start_task at /cache/build/builder-amdci4-4/julialang/julia-release-1-dot-9/src/task.c:1092
unknown function (ip: (nil))
_getindex at ./broadcast.jl:0 [inlined]
_broadcast_getindex at ./broadcast.jl:655 [inlined]
copyto! at /cache/build/builder-amdci4-4/julialang/julia-release-1-dot-9/usr/share/julia/stdlib/v1.9/LinearAlgebra/src/structuredbroadcast.jl:204
materialize! at ./broadcast.jl:884 [inlined]
materialize! at ./broadcast.jl:881 [inlined]
macro expansion at /home/tang_wenqi/JuliaProp_v0.1/src/tdse_sh_elli.jl:151 [inlined]
#308#threadsfor_fun#129 at ./threadingconstructs.jl:206
#308#threadsfor_fun at ./threadingconstructs.jl:173 [inlined]
#1 at ./threadingconstructs.jl:145
unknown function (ip: 0x7f59fc09fadf)
_jl_invoke at /cache/build/builder-amdci4-4/julialang/julia-release-1-dot-9/src/gf.c:2758 [inlined]
ijl_apply_generic at /cache/build/builder-amdci4-4/julialang/julia-release-1-dot-9/src/gf.c:2940
jl_apply at /cache/build/builder-amdci4-4/julialang/julia-release-1-dot-9/src/julia.h:1880 [inlined]
start_task at /cache/build/builder-amdci4-4/julialang/julia-release-1-dot-9/src/task.c:1092
unknown function (ip: (nil))
setindex! at ./array.jl:969 [inlined]
copyto! at /cache/build/builder-amdci4-4/julialang/julia-release-1-dot-9/usr/share/julia/stdlib/v1.9/LinearAlgebra/src/structuredbroadcast.jl:204
materialize! at ./broadcast.jl:884 [inlined]
materialize! at ./broadcast.jl:881 [inlined]
macro expansion at /home/tang_wenqi/JuliaProp_v0.1/src/tdse_sh_elli.jl:150 [inlined]
#308#threadsfor_fun#129 at ./threadingconstructs.jl:206
#308#threadsfor_fun at ./threadingconstructs.jl:173 [inlined]
#1 at ./threadingconstructs.jl:145
unknown function (ip: 0x7f59fc09fadf)
_jl_invoke at /cache/build/builder-amdci4-4/julialang/julia-release-1-dot-9/src/gf.c:2758 [inlined]
ijl_apply_generic at /cache/build/builder-amdci4-4/julialang/julia-release-1-dot-9/src/gf.c:2940
jl_apply at /cache/build/builder-amdci4-4/julialang/julia-release-1-dot-9/src/julia.h:1880 [inlined]
start_task at /cache/build/builder-amdci4-4/julialang/julia-release-1-dot-9/src/task.c:1092
unknown function (ip: (nil))
setindex! at ./array.jl:969 [inlined]
copyto! at /cache/build/builder-amdci4-4/julialang/julia-release-1-dot-9/usr/share/julia/stdlib/v1.9/LinearAlgebra/src/structuredbroadcast.jl:208
materialize! at ./broadcast.jl:884 [inlined]
materialize! at ./broadcast.jl:881 [inlined]
macro expansion at /home/tang_wenqi/JuliaProp_v0.1/src/tdse_sh_elli.jl:150 [inlined]
#308#threadsfor_fun#129 at ./threadingconstructs.jl:206
#308#threadsfor_fun at ./threadingconstructs.jl:173 [inlined]
#1 at ./threadingconstructs.jl:145
unknown function (ip: 0x7f59fc09fadf)
_jl_invoke at /cache/build/builder-amdci4-4/julialang/julia-release-1-dot-9/src/gf.c:2758 [inlined]
ijl_apply_generic at /cache/build/builder-amdci4-4/julialang/julia-release-1-dot-9/src/gf.c:2940
jl_apply at /cache/build/builder-amdci4-4/julialang/julia-release-1-dot-9/src/julia.h:1880 [inlined]
start_task at /cache/build/builder-amdci4-4/julialang/julia-release-1-dot-9/src/task.c:1092
unknown function (ip: (nil))
getindex at ./essentials.jl:13 [inlined]
getindex at /cache/build/builder-amdci4-4/julialang/julia-release-1-dot-9/usr/share/julia/stdlib/v1.9/LinearAlgebra/src/tridiag.jl:655 [inlined]
_getindex at ./abstractarray.jl:1346 [inlined]
getindex at ./abstractarray.jl:1296 [inlined]
_broadcast_getindex at ./broadcast.jl:636 [inlined]
_getindex at ./broadcast.jl:680 [inlined]
_getindex at ./broadcast.jl:679 [inlined]
_broadcast_getindex at ./broadcast.jl:655 [inlined]
_getindex at ./broadcast.jl:680 [inlined]
_getindex at ./broadcast.jl:679 [inlined]
_broadcast_getindex at ./broadcast.jl:655 [inlined]
copyto! at /cache/build/builder-amdci4-4/julialang/julia-release-1-dot-9/usr/share/julia/stdlib/v1.9/LinearAlgebra/src/structuredbroadcast.jl:204
materialize! at ./broadcast.jl:884 [inlined]
materialize! at ./broadcast.jl:881 [inlined]
macro expansion at /home/tang_wenqi/JuliaProp_v0.1/src/tdse_sh_elli.jl:150 [inlined]
#308#threadsfor_fun#129 at ./threadingconstructs.jl:206
#308#threadsfor_fun at ./threadingconstructs.jl:173 [inlined]
#1 at ./threadingconstructs.jl:145
unknown function (ip: 0x7f59fc09fadf)
_jl_invoke at /cache/build/builder-amdci4-4/julialang/julia-release-1-dot-9/src/gf.c:2758 [inlined]
ijl_apply_generic at /cache/build/builder-amdci4-4/julialang/julia-release-1-dot-9/src/gf.c:2940
jl_apply at /cache/build/builder-amdci4-4/julialang/julia-release-1-dot-9/src/julia.h:1880 [inlined]
start_task at /cache/build/builder-amdci4-4/julialang/julia-release-1-dot-9/src/task.c:1092
unknown function (ip: (nil))
setindex! at ./array.jl:969 [inlined]
copyto! at /cache/build/builder-amdci4-4/julialang/julia-release-1-dot-9/usr/share/julia/stdlib/v1.9/LinearAlgebra/src/structuredbroadcast.jl:208
materialize! at ./broadcast.jl:884 [inlined]
materialize! at ./broadcast.jl:881 [inlined]
macro expansion at /home/tang_wenqi/JuliaProp_v0.1/src/tdse_sh_elli.jl:151 [inlined]
#308#threadsfor_fun#129 at ./threadingconstructs.jl:206
#308#threadsfor_fun at ./threadingconstructs.jl:173 [inlined]
#1 at ./threadingconstructs.jl:145
unknown function (ip: 0x7f59fc09fadf)
_jl_invoke at /cache/build/builder-amdci4-4/julialang/julia-release-1-dot-9/src/gf.c:2758 [inlined]
ijl_apply_generic at /cache/build/builder-amdci4-4/julialang/julia-release-1-dot-9/src/gf.c:2940
jl_apply at /cache/build/builder-amdci4-4/julialang/julia-release-1-dot-9/src/julia.h:1880 [inlined]
start_task at /cache/build/builder-amdci4-4/julialang/julia-release-1-dot-9/src/task.c:1092
unknown function (ip: (nil))
+ at ./float.jl:408 [inlined]
_broadcast_getindex_evalf at ./broadcast.jl:683 [inlined]
_broadcast_getindex at ./broadcast.jl:656 [inlined]
copyto! at /cache/build/builder-amdci4-4/julialang/julia-release-1-dot-9/usr/share/julia/stdlib/v1.9/LinearAlgebra/src/structuredbroadcast.jl:204
materialize! at ./broadcast.jl:884 [inlined]
materialize! at ./broadcast.jl:881 [inlined]
macro expansion at /home/tang_wenqi/JuliaProp_v0.1/src/tdse_sh_elli.jl:151 [inlined]
#308#threadsfor_fun#129 at ./threadingconstructs.jl:206
#308#threadsfor_fun at ./threadingconstructs.jl:173 [inlined]
#1 at ./threadingconstructs.jl:145
unknown function (ip: 0x7f59fc09fadf)
_jl_invoke at /cache/build/builder-amdci4-4/julialang/julia-release-1-dot-9/src/gf.c:2758 [inlined]
ijl_apply_generic at /cache/build/builder-amdci4-4/julialang/julia-release-1-dot-9/src/gf.c:2940
jl_apply at /cache/build/builder-amdci4-4/julialang/julia-release-1-dot-9/src/julia.h:1880 [inlined]
start_task at /cache/build/builder-amdci4-4/julialang/julia-release-1-dot-9/src/task.c:1092
unknown function (ip: (nil))
+ at ./float.jl:408 [inlined]
_broadcast_getindex_evalf at ./broadcast.jl:683 [inlined]
_broadcast_getindex at ./broadcast.jl:656 [inlined]
copyto! at /cache/build/builder-amdci4-4/julialang/julia-release-1-dot-9/usr/share/julia/stdlib/v1.9/LinearAlgebra/src/structuredbroadcast.jl:208
materialize! at ./broadcast.jl:884 [inlined]
materialize! at ./broadcast.jl:881 [inlined]
macro expansion at /home/tang_wenqi/JuliaProp_v0.1/src/tdse_sh_elli.jl:151 [inlined]
#308#threadsfor_fun#129 at ./threadingconstructs.jl:206
#308#threadsfor_fun at ./threadingconstructs.jl:173 [inlined]
#1 at ./threadingconstructs.jl:145
unknown function (ip: 0x7f59fc09fadf)
_jl_invoke at /cache/build/builder-amdci4-4/julialang/julia-release-1-dot-9/src/gf.c:2758 [inlined]
ijl_apply_generic at /cache/build/builder-amdci4-4/julialang/julia-release-1-dot-9/src/gf.c:2940
jl_apply at /cache/build/builder-amdci4-4/julialang/julia-release-1-dot-9/src/julia.h:1880 [inlined]
start_task at /cache/build/builder-amdci4-4/julialang/julia-release-1-dot-9/src/task.c:1092
unknown function (ip: (nil))
setindex! at ./array.jl:969 [inlined]
copyto! at /cache/build/builder-amdci4-4/julialang/julia-release-1-dot-9/usr/share/julia/stdlib/v1.9/LinearAlgebra/src/structuredbroadcast.jl:207
materialize! at ./broadcast.jl:884 [inlined]
materialize! at ./broadcast.jl:881 [inlined]
macro expansion at /home/tang_wenqi/JuliaProp_v0.1/src/tdse_sh_elli.jl:152 [inlined]
#308#threadsfor_fun#129 at ./threadingconstructs.jl:206
#308#threadsfor_fun at ./threadingconstructs.jl:173 [inlined]
#1 at ./threadingconstructs.jl:145
unknown function (ip: 0x7f59fc09fadf)
_jl_invoke at /cache/build/builder-amdci4-4/julialang/julia-release-1-dot-9/src/gf.c:2758 [inlined]
ijl_apply_generic at /cache/build/builder-amdci4-4/julialang/julia-release-1-dot-9/src/gf.c:2940
jl_apply at /cache/build/builder-amdci4-4/julialang/julia-release-1-dot-9/src/julia.h:1880 [inlined]
start_task at /cache/build/builder-amdci4-4/julialang/julia-release-1-dot-9/src/task.c:1092
unknown function (ip: (nil))
- at ./float.jl:409 [inlined]
_broadcast_getindex_evalf at ./broadcast.jl:683 [inlined]
_broadcast_getindex at ./broadcast.jl:656 [inlined]
copyto! at /cache/build/builder-amdci4-4/julialang/julia-release-1-dot-9/usr/share/julia/stdlib/v1.9/LinearAlgebra/src/structuredbroadcast.jl:208
materialize! at ./broadcast.jl:884 [inlined]
materialize! at ./broadcast.jl:881 [inlined]
macro expansion at /home/tang_wenqi/JuliaProp_v0.1/src/tdse_sh_elli.jl:152 [inlined]
#308#threadsfor_fun#129 at ./threadingconstructs.jl:206
#308#threadsfor_fun at ./threadingconstructs.jl:173 [inlined]
#1 at ./threadingconstructs.jl:145
unknown function (ip: 0x7f59fc09fadf)
_jl_invoke at /cache/build/builder-amdci4-4/julialang/julia-release-1-dot-9/src/gf.c:2758 [inlined]
ijl_apply_generic at /cache/build/builder-amdci4-4/julialang/julia-release-1-dot-9/src/gf.c:2940
jl_apply at /cache/build/builder-amdci4-4/julialang/julia-release-1-dot-9/src/julia.h:1880 [inlined]
start_task at /cache/build/builder-amdci4-4/julialang/julia-release-1-dot-9/src/task.c:1092
unknown function (ip: (nil))
- at ./int.jl:86 [inlined]
checkindex at ./abstractarray.jl:770 [inlined]
checkbounds_indices at ./abstractarray.jl:735 [inlined]
checkbounds at ./abstractarray.jl:688 [inlined]
checkbounds at ./abstractarray.jl:709 [inlined]
getindex at /cache/build/builder-amdci4-4/julialang/julia-release-1-dot-9/usr/share/julia/stdlib/v1.9/LinearAlgebra/src/tridiag.jl:653 [inlined]
_getindex at ./abstractarray.jl:1346 [inlined]
getindex at ./abstractarray.jl:1296 [inlined]
_broadcast_getindex at ./broadcast.jl:636 [inlined]
_getindex at ./broadcast.jl:679 [inlined]
_broadcast_getindex at ./broadcast.jl:655 [inlined]
copyto! at /cache/build/builder-amdci4-4/julialang/julia-release-1-dot-9/usr/share/julia/stdlib/v1.9/LinearAlgebra/src/structuredbroadcast.jl:207
materialize! at ./broadcast.jl:884 [inlined]
materialize! at ./broadcast.jl:881 [inlined]
macro expansion at /home/tang_wenqi/JuliaProp_v0.1/src/tdse_sh_elli.jl:152 [inlined]
#308#threadsfor_fun#129 at ./threadingconstructs.jl:206
#308#threadsfor_fun at ./threadingconstructs.jl:173 [inlined]
#1 at ./threadingconstructs.jl:145
unknown function (ip: 0x7f59fc09fadf)
_jl_invoke at /cache/build/builder-amdci4-4/julialang/julia-release-1-dot-9/src/gf.c:2758 [inlined]
ijl_apply_generic at /cache/build/builder-amdci4-4/julialang/julia-release-1-dot-9/src/gf.c:2940
jl_apply at /cache/build/builder-amdci4-4/julialang/julia-release-1-dot-9/src/julia.h:1880 [inlined]
start_task at /cache/build/builder-amdci4-4/julialang/julia-release-1-dot-9/src/task.c:1092
unknown function (ip: (nil))
* at ./float.jl:410 [inlined]
_broadcast_getindex_evalf at ./broadcast.jl:683 [inlined]
_broadcast_getindex at ./broadcast.jl:656 [inlined]
_getindex at ./broadcast.jl:680 [inlined]
_getindex at ./broadcast.jl:679 [inlined]
_broadcast_getindex at ./broadcast.jl:655 [inlined]
copyto! at /cache/build/builder-amdci4-4/julialang/julia-release-1-dot-9/usr/share/julia/stdlib/v1.9/LinearAlgebra/src/structuredbroadcast.jl:207
materialize! at ./broadcast.jl:884 [inlined]
materialize! at ./broadcast.jl:881 [inlined]
macro expansion at /home/tang_wenqi/JuliaProp_v0.1/src/tdse_sh_elli.jl:150 [inlined]
#308#threadsfor_fun#129 at ./threadingconstructs.jl:206
#308#threadsfor_fun at ./threadingconstructs.jl:173 [inlined]
#1 at ./threadingconstructs.jl:145
unknown function (ip: 0x7f59fc09fadf)
_jl_invoke at /cache/build/builder-amdci4-4/julialang/julia-release-1-dot-9/src/gf.c:2758 [inlined]
ijl_apply_generic at /cache/build/builder-amdci4-4/julialang/julia-release-1-dot-9/src/gf.c:2940
jl_apply at /cache/build/builder-amdci4-4/julialang/julia-release-1-dot-9/src/julia.h:1880 [inlined]
start_task at /cache/build/builder-amdci4-4/julialang/julia-release-1-dot-9/src/task.c:1092
unknown function (ip: (nil))
setindex! at ./array.jl:969 [inlined]
copyto! at /cache/build/builder-amdci4-4/julialang/julia-release-1-dot-9/usr/share/julia/stdlib/v1.9/LinearAlgebra/src/structuredbroadcast.jl:207
materialize! at ./broadcast.jl:884 [inlined]
materialize! at ./broadcast.jl:881 [inlined]
macro expansion at /home/tang_wenqi/JuliaProp_v0.1/src/tdse_sh_elli.jl:149 [inlined]
#308#threadsfor_fun#129 at ./threadingconstructs.jl:206
#308#threadsfor_fun at ./threadingconstructs.jl:173 [inlined]
#1 at ./threadingconstructs.jl:145
unknown function (ip: 0x7f59fc09fadf)
_jl_invoke at /cache/build/builder-amdci4-4/julialang/julia-release-1-dot-9/src/gf.c:2758 [inlined]
ijl_apply_generic at /cache/build/builder-amdci4-4/julialang/julia-release-1-dot-9/src/gf.c:2940
jl_apply at /cache/build/builder-amdci4-4/julialang/julia-release-1-dot-9/src/julia.h:1880 [inlined]
start_task at /cache/build/builder-amdci4-4/julialang/julia-release-1-dot-9/src/task.c:1092
unknown function (ip: (nil))
* at ./float.jl:410 [inlined]
_broadcast_getindex_evalf at ./broadcast.jl:683 [inlined]
_broadcast_getindex at ./broadcast.jl:656 [inlined]
_getindex at ./broadcast.jl:680 [inlined]
_getindex at ./broadcast.jl:679 [inlined]
_broadcast_getindex at ./broadcast.jl:655 [inlined]
copyto! at /cache/build/builder-amdci4-4/julialang/julia-release-1-dot-9/usr/share/julia/stdlib/v1.9/LinearAlgebra/src/structuredbroadcast.jl:207
materialize! at ./broadcast.jl:884 [inlined]
materialize! at ./broadcast.jl:881 [inlined]
macro expansion at /home/tang_wenqi/JuliaProp_v0.1/src/tdse_sh_elli.jl:150 [inlined]
#308#threadsfor_fun#129 at ./threadingconstructs.jl:206
#308#threadsfor_fun at ./threadingconstructs.jl:173 [inlined]
#1 at ./threadingconstructs.jl:145
unknown function (ip: 0x7f59fc09fadf)
_jl_invoke at /cache/build/builder-amdci4-4/julialang/julia-release-1-dot-9/src/gf.c:2758 [inlined]
ijl_apply_generic at /cache/build/builder-amdci4-4/julialang/julia-release-1-dot-9/src/gf.c:2940
jl_apply at /cache/build/builder-amdci4-4/julialang/julia-release-1-dot-9/src/julia.h:1880 [inlined]
start_task at /cache/build/builder-amdci4-4/julialang/julia-release-1-dot-9/src/task.c:1092
unknown function (ip: (nil))
+ at ./float.jl:408 [inlined]
_broadcast_getindex_evalf at ./broadcast.jl:683 [inlined]
_broadcast_getindex at ./broadcast.jl:656 [inlined]
copyto! at /cache/build/builder-amdci4-4/julialang/julia-release-1-dot-9/usr/share/julia/stdlib/v1.9/LinearAlgebra/src/structuredbroadcast.jl:208
materialize! at ./broadcast.jl:884 [inlined]
materialize! at ./broadcast.jl:881 [inlined]
macro expansion at /home/tang_wenqi/JuliaProp_v0.1/src/tdse_sh_elli.jl:151 [inlined]
#308#threadsfor_fun#129 at ./threadingconstructs.jl:206
#308#threadsfor_fun at ./threadingconstructs.jl:173 [inlined]
#1 at ./threadingconstructs.jl:145
unknown function (ip: 0x7f59fc09fadf)
_jl_invoke at /cache/build/builder-amdci4-4/julialang/julia-release-1-dot-9/src/gf.c:2758 [inlined]
ijl_apply_generic at /cache/build/builder-amdci4-4/julialang/julia-release-1-dot-9/src/gf.c:2940
jl_apply at /cache/build/builder-amdci4-4/julialang/julia-release-1-dot-9/src/julia.h:1880 [inlined]
start_task at /cache/build/builder-amdci4-4/julialang/julia-release-1-dot-9/src/task.c:1092
unknown function (ip: (nil))
- at ./float.jl:409 [inlined]
_broadcast_getindex_evalf at ./broadcast.jl:683 [inlined]
_broadcast_getindex at ./broadcast.jl:656 [inlined]
copyto! at /cache/build/builder-amdci4-4/julialang/julia-release-1-dot-9/usr/share/julia/stdlib/v1.9/LinearAlgebra/src/structuredbroadcast.jl:204
materialize! at ./broadcast.jl:884 [inlined]
materialize! at ./broadcast.jl:881 [inlined]
macro expansion at /home/tang_wenqi/JuliaProp_v0.1/src/tdse_sh_elli.jl:152 [inlined]
#308#threadsfor_fun#129 at ./threadingconstructs.jl:206
#308#threadsfor_fun at ./threadingconstructs.jl:173 [inlined]
#1 at ./threadingconstructs.jl:145
unknown function (ip: 0x7f59fc09fadf)
_jl_invoke at /cache/build/builder-amdci4-4/julialang/julia-release-1-dot-9/src/gf.c:2758 [inlined]
ijl_apply_generic at /cache/build/builder-amdci4-4/julialang/julia-release-1-dot-9/src/gf.c:2940
jl_apply at /cache/build/builder-amdci4-4/julialang/julia-release-1-dot-9/src/julia.h:1880 [inlined]
start_task at /cache/build/builder-amdci4-4/julialang/julia-release-1-dot-9/src/task.c:1092
unknown function (ip: (nil))
getindex at ./essentials.jl:13 [inlined]
getindex at /cache/build/builder-amdci4-4/julialang/julia-release-1-dot-9/usr/share/julia/stdlib/v1.9/LinearAlgebra/src/tridiag.jl:655 [inlined]
_getindex at ./abstractarray.jl:1346 [inlined]
getindex at ./abstractarray.jl:1296 [inlined]
_broadcast_getindex at ./broadcast.jl:636 [inlined]
_getindex at ./broadcast.jl:680 [inlined]
_getindex at ./broadcast.jl:679 [inlined]
_broadcast_getindex at ./broadcast.jl:655 [inlined]
_getindex at ./broadcast.jl:680 [inlined]
_getindex at ./broadcast.jl:679 [inlined]
_broadcast_getindex at ./broadcast.jl:655 [inlined]
copyto! at /cache/build/builder-amdci4-4/julialang/julia-release-1-dot-9/usr/share/julia/stdlib/v1.9/LinearAlgebra/src/structuredbroadcast.jl:204
materialize! at ./broadcast.jl:884 [inlined]
materialize! at ./broadcast.jl:881 [inlined]
macro expansion at /home/tang_wenqi/JuliaProp_v0.1/src/tdse_sh_elli.jl:150 [inlined]
#308#threadsfor_fun#129 at ./threadingconstructs.jl:206
#308#threadsfor_fun at ./threadingconstructs.jl:173 [inlined]
#1 at ./threadingconstructs.jl:145
unknown function (ip: 0x7f59fc09fadf)
_jl_invoke at /cache/build/builder-amdci4-4/julialang/julia-release-1-dot-9/src/gf.c:2758 [inlined]
ijl_apply_generic at /cache/build/builder-amdci4-4/julialang/julia-release-1-dot-9/src/gf.c:2940
jl_apply at /cache/build/builder-amdci4-4/julialang/julia-release-1-dot-9/src/julia.h:1880 [inlined]
start_task at /cache/build/builder-amdci4-4/julialang/julia-release-1-dot-9/src/task.c:1092
unknown function (ip: (nil))
_newindex at ./range.jl:0 [inlined]
newindex at ./broadcast.jl:580 [inlined]
_broadcast_getindex at ./broadcast.jl:636 [inlined]
_getindex at ./broadcast.jl:680 [inlined]
_getindex at ./broadcast.jl:679 [inlined]
_broadcast_getindex at ./broadcast.jl:655 [inlined]
_getindex at ./broadcast.jl:680 [inlined]
_getindex at ./broadcast.jl:679 [inlined]
_broadcast_getindex at ./broadcast.jl:655 [inlined]
copyto! at /cache/build/builder-amdci4-4/julialang/julia-release-1-dot-9/usr/share/julia/stdlib/v1.9/LinearAlgebra/src/structuredbroadcast.jl:207
materialize! at ./broadcast.jl:884 [inlined]
materialize! at ./broadcast.jl:881 [inlined]
macro expansion at /home/tang_wenqi/JuliaProp_v0.1/src/tdse_sh_elli.jl:151 [inlined]
#308#threadsfor_fun#129 at ./threadingconstructs.jl:206
#308#threadsfor_fun at ./threadingconstructs.jl:173 [inlined]
#1 at ./threadingconstructs.jl:145
unknown function (ip: 0x7f59fc09fadf)
_jl_invoke at /cache/build/builder-amdci4-4/julialang/julia-release-1-dot-9/src/gf.c:2758 [inlined]
ijl_apply_generic at /cache/build/builder-amdci4-4/julialang/julia-release-1-dot-9/src/gf.c:2940
jl_apply at /cache/build/builder-amdci4-4/julialang/julia-release-1-dot-9/src/julia.h:1880 [inlined]
start_task at /cache/build/builder-amdci4-4/julialang/julia-release-1-dot-9/src/task.c:1092
unknown function (ip: (nil))
* at ./float.jl:410 [inlined]
_broadcast_getindex_evalf at ./broadcast.jl:683 [inlined]
_broadcast_getindex at ./broadcast.jl:656 [inlined]
_getindex at ./broadcast.jl:680 [inlined]
_getindex at ./broadcast.jl:679 [inlined]
_broadcast_getindex at ./broadcast.jl:655 [inlined]
copyto! at /cache/build/builder-amdci4-4/julialang/julia-release-1-dot-9/usr/share/julia/stdlib/v1.9/LinearAlgebra/src/structuredbroadcast.jl:207
materialize! at ./broadcast.jl:884 [inlined]
materialize! at ./broadcast.jl:881 [inlined]
macro expansion at /home/tang_wenqi/JuliaProp_v0.1/src/tdse_sh_elli.jl:152 [inlined]
#308#threadsfor_fun#129 at ./threadingconstructs.jl:206
#308#threadsfor_fun at ./threadingconstructs.jl:173 [inlined]
#1 at ./threadingconstructs.jl:145
unknown function (ip: 0x7f59fc09fadf)
_jl_invoke at /cache/build/builder-amdci4-4/julialang/julia-release-1-dot-9/src/gf.c:2758 [inlined]
ijl_apply_generic at /cache/build/builder-amdci4-4/julialang/julia-release-1-dot-9/src/gf.c:2940
jl_apply at /cache/build/builder-amdci4-4/julialang/julia-release-1-dot-9/src/julia.h:1880 [inlined]
start_task at /cache/build/builder-amdci4-4/julialang/julia-release-1-dot-9/src/task.c:1092
unknown function (ip: (nil))
setindex! at ./array.jl:969 [inlined]
copyto! at /cache/build/builder-amdci4-4/julialang/julia-release-1-dot-9/usr/share/julia/stdlib/v1.9/LinearAlgebra/src/structuredbroadcast.jl:208
materialize! at ./broadcast.jl:884 [inlined]
materialize! at ./broadcast.jl:881 [inlined]
macro expansion at /home/tang_wenqi/JuliaProp_v0.1/src/tdse_sh_elli.jl:149 [inlined]
#308#threadsfor_fun#129 at ./threadingconstructs.jl:206
#308#threadsfor_fun at ./threadingconstructs.jl:173 [inlined]
#1 at ./threadingconstructs.jl:145
unknown function (ip: 0x7f59fc09fadf)
_jl_invoke at /cache/build/builder-amdci4-4/julialang/julia-release-1-dot-9/src/gf.c:2758 [inlined]
ijl_apply_generic at /cache/build/builder-amdci4-4/julialang/julia-release-1-dot-9/src/gf.c:2940
jl_apply at /cache/build/builder-amdci4-4/julialang/julia-release-1-dot-9/src/julia.h:1880 [inlined]
start_task at /cache/build/builder-amdci4-4/julialang/julia-release-1-dot-9/src/task.c:1092
unknown function (ip: (nil))
setindex! at ./array.jl:969 [inlined]
copyto! at /cache/build/builder-amdci4-4/julialang/julia-release-1-dot-9/usr/share/julia/stdlib/v1.9/LinearAlgebra/src/structuredbroadcast.jl:204
materialize! at ./broadcast.jl:884 [inlined]
materialize! at ./broadcast.jl:881 [inlined]
macro expansion at /home/tang_wenqi/JuliaProp_v0.1/src/tdse_sh_elli.jl:152 [inlined]
#308#threadsfor_fun#129 at ./threadingconstructs.jl:206
#308#threadsfor_fun at ./threadingconstructs.jl:173 [inlined]
#1 at ./threadingconstructs.jl:145
unknown function (ip: 0x7f59fc09fadf)
_jl_invoke at /cache/build/builder-amdci4-4/julialang/julia-release-1-dot-9/src/gf.c:2758 [inlined]
ijl_apply_generic at /cache/build/builder-amdci4-4/julialang/julia-release-1-dot-9/src/gf.c:2940
jl_apply at /cache/build/builder-amdci4-4/julialang/julia-release-1-dot-9/src/julia.h:1880 [inlined]
start_task at /cache/build/builder-amdci4-4/julialang/julia-release-1-dot-9/src/task.c:1092
unknown function (ip: (nil))
setindex! at ./array.jl:969 [inlined]
copyto! at /cache/build/builder-amdci4-4/julialang/julia-release-1-dot-9/usr/share/julia/stdlib/v1.9/LinearAlgebra/src/structuredbroadcast.jl:208
materialize! at ./broadcast.jl:884 [inlined]
materialize! at ./broadcast.jl:881 [inlined]
macro expansion at /home/tang_wenqi/JuliaProp_v0.1/src/tdse_sh_elli.jl:149 [inlined]
#308#threadsfor_fun#129 at ./threadingconstructs.jl:206
#308#threadsfor_fun at ./threadingconstructs.jl:173 [inlined]
#1 at ./threadingconstructs.jl:145
unknown function (ip: 0x7f59fc09fadf)
_jl_invoke at /cache/build/builder-amdci4-4/julialang/julia-release-1-dot-9/src/gf.c:2758 [inlined]
ijl_apply_generic at /cache/build/builder-amdci4-4/julialang/julia-release-1-dot-9/src/gf.c:2940
jl_apply at /cache/build/builder-amdci4-4/julialang/julia-release-1-dot-9/src/julia.h:1880 [inlined]
start_task at /cache/build/builder-amdci4-4/julialang/julia-release-1-dot-9/src/task.c:1092
unknown function (ip: (nil))
+ at ./float.jl:408 [inlined]
_broadcast_getindex_evalf at ./broadcast.jl:683 [inlined]
_broadcast_getindex at ./broadcast.jl:656 [inlined]
copyto! at /cache/build/builder-amdci4-4/julialang/julia-release-1-dot-9/usr/share/julia/stdlib/v1.9/LinearAlgebra/src/structuredbroadcast.jl:204
materialize! at ./broadcast.jl:884 [inlined]
materialize! at ./broadcast.jl:881 [inlined]
macro expansion at /home/tang_wenqi/JuliaProp_v0.1/src/tdse_sh_elli.jl:149 [inlined]
#308#threadsfor_fun#129 at ./threadingconstructs.jl:206
#308#threadsfor_fun at ./threadingconstructs.jl:173 [inlined]
#1 at ./threadingconstructs.jl:145
unknown function (ip: 0x7f59fc09fadf)
_jl_invoke at /cache/build/builder-amdci4-4/julialang/julia-release-1-dot-9/src/gf.c:2758 [inlined]
ijl_apply_generic at /cache/build/builder-amdci4-4/julialang/julia-release-1-dot-9/src/gf.c:2940
jl_apply at /cache/build/builder-amdci4-4/julialang/julia-release-1-dot-9/src/julia.h:1880 [inlined]
start_task at /cache/build/builder-amdci4-4/julialang/julia-release-1-dot-9/src/task.c:1092
unknown function (ip: (nil))
* at ./float.jl:410 [inlined]
_broadcast_getindex_evalf at ./broadcast.jl:683 [inlined]
_broadcast_getindex at ./broadcast.jl:656 [inlined]
_getindex at ./broadcast.jl:680 [inlined]
_getindex at ./broadcast.jl:679 [inlined]
_broadcast_getindex at ./broadcast.jl:655 [inlined]
copyto! at /cache/build/builder-amdci4-4/julialang/julia-release-1-dot-9/usr/share/julia/stdlib/v1.9/LinearAlgebra/src/structuredbroadcast.jl:207
materialize! at ./broadcast.jl:884 [inlined]
materialize! at ./broadcast.jl:881 [inlined]
macro expansion at /home/tang_wenqi/JuliaProp_v0.1/src/tdse_sh_elli.jl:152 [inlined]
#308#threadsfor_fun#129 at ./threadingconstructs.jl:206
#308#threadsfor_fun at ./threadingconstructs.jl:173 [inlined]
#1 at ./threadingconstructs.jl:145
unknown function (ip: 0x7f59fc09fadf)
_jl_invoke at /cache/build/builder-amdci4-4/julialang/julia-release-1-dot-9/src/gf.c:2758 [inlined]
ijl_apply_generic at /cache/build/builder-amdci4-4/julialang/julia-release-1-dot-9/src/gf.c:2940
jl_apply at /cache/build/builder-amdci4-4/julialang/julia-release-1-dot-9/src/julia.h:1880 [inlined]
start_task at /cache/build/builder-amdci4-4/julialang/julia-release-1-dot-9/src/task.c:1092
unknown function (ip: (nil))
setindex! at ./array.jl:969 [inlined]
copyto! at /cache/build/builder-amdci4-4/julialang/julia-release-1-dot-9/usr/share/julia/stdlib/v1.9/LinearAlgebra/src/structuredbroadcast.jl:207
materialize! at ./broadcast.jl:884 [inlined]
materialize! at ./broadcast.jl:881 [inlined]
macro expansion at /home/tang_wenqi/JuliaProp_v0.1/src/tdse_sh_elli.jl:152 [inlined]
#308#threadsfor_fun#129 at ./threadingconstructs.jl:206
#308#threadsfor_fun at ./threadingconstructs.jl:173 [inlined]
#1 at ./threadingconstructs.jl:145
unknown function (ip: 0x7f59fc09fadf)
_jl_invoke at /cache/build/builder-amdci4-4/julialang/julia-release-1-dot-9/src/gf.c:2758 [inlined]
ijl_apply_generic at /cache/build/builder-amdci4-4/julialang/julia-release-1-dot-9/src/gf.c:2940
jl_apply at /cache/build/builder-amdci4-4/julialang/julia-release-1-dot-9/src/julia.h:1880 [inlined]
start_task at /cache/build/builder-amdci4-4/julialang/julia-release-1-dot-9/src/task.c:1092
unknown function (ip: (nil))
setindex! at ./array.jl:969 [inlined]
copyto! at /cache/build/builder-amdci4-4/julialang/julia-release-1-dot-9/usr/share/julia/stdlib/v1.9/LinearAlgebra/src/structuredbroadcast.jl:208
materialize! at ./broadcast.jl:884 [inlined]
materialize! at ./broadcast.jl:881 [inlined]
macro expansion at /home/tang_wenqi/JuliaProp_v0.1/src/tdse_sh_elli.jl:149 [inlined]
#308#threadsfor_fun#129 at ./threadingconstructs.jl:206
#308#threadsfor_fun at ./threadingconstructs.jl:173 [inlined]
#1 at ./threadingconstructs.jl:145
unknown function (ip: 0x7f59fc09fadf)
_jl_invoke at /cache/build/builder-amdci4-4/julialang/julia-release-1-dot-9/src/gf.c:2758 [inlined]
ijl_apply_generic at /cache/build/builder-amdci4-4/julialang/julia-release-1-dot-9/src/gf.c:2940
jl_apply at /cache/build/builder-amdci4-4/julialang/julia-release-1-dot-9/src/julia.h:1880 [inlined]
start_task at /cache/build/builder-amdci4-4/julialang/julia-release-1-dot-9/src/task.c:1092
unknown function (ip: (nil))
setindex! at ./array.jl:969 [inlined]
copyto! at /cache/build/builder-amdci4-4/julialang/julia-release-1-dot-9/usr/share/julia/stdlib/v1.9/LinearAlgebra/src/structuredbroadcast.jl:204
materialize! at ./broadcast.jl:884 [inlined]
materialize! at ./broadcast.jl:881 [inlined]
macro expansion at /home/tang_wenqi/JuliaProp_v0.1/src/tdse_sh_elli.jl:150 [inlined]
#308#threadsfor_fun#129 at ./threadingconstructs.jl:206
#308#threadsfor_fun at ./threadingconstructs.jl:173 [inlined]
#1 at ./threadingconstructs.jl:145
unknown function (ip: 0x7f59fc09fadf)
_jl_invoke at /cache/build/builder-amdci4-4/julialang/julia-release-1-dot-9/src/gf.c:2758 [inlined]
ijl_apply_generic at /cache/build/builder-amdci4-4/julialang/julia-release-1-dot-9/src/gf.c:2940
jl_apply at /cache/build/builder-amdci4-4/julialang/julia-release-1-dot-9/src/julia.h:1880 [inlined]
start_task at /cache/build/builder-amdci4-4/julialang/julia-release-1-dot-9/src/task.c:1092
unknown function (ip: (nil))
- at ./float.jl:409 [inlined]
_broadcast_getindex_evalf at ./broadcast.jl:683 [inlined]
_broadcast_getindex at ./broadcast.jl:656 [inlined]
copyto! at /cache/build/builder-amdci4-4/julialang/julia-release-1-dot-9/usr/share/julia/stdlib/v1.9/LinearAlgebra/src/structuredbroadcast.jl:204
materialize! at ./broadcast.jl:884 [inlined]
materialize! at ./broadcast.jl:881 [inlined]
macro expansion at /home/tang_wenqi/JuliaProp_v0.1/src/tdse_sh_elli.jl:152 [inlined]
#308#threadsfor_fun#129 at ./threadingconstructs.jl:206
#308#threadsfor_fun at ./threadingconstructs.jl:173 [inlined]
#1 at ./threadingconstructs.jl:145
unknown function (ip: 0x7f59fc09fadf)
_jl_invoke at /cache/build/builder-amdci4-4/julialang/julia-release-1-dot-9/src/gf.c:2758 [inlined]
ijl_apply_generic at /cache/build/builder-amdci4-4/julialang/julia-release-1-dot-9/src/gf.c:2940
jl_apply at /cache/build/builder-amdci4-4/julialang/julia-release-1-dot-9/src/julia.h:1880 [inlined]
start_task at /cache/build/builder-amdci4-4/julialang/julia-release-1-dot-9/src/task.c:1092
unknown function (ip: (nil))
+ at ./float.jl:408 [inlined]
_broadcast_getindex_evalf at ./broadcast.jl:683 [inlined]
_broadcast_getindex at ./broadcast.jl:656 [inlined]
copyto! at /cache/build/builder-amdci4-4/julialang/julia-release-1-dot-9/usr/share/julia/stdlib/v1.9/LinearAlgebra/src/structuredbroadcast.jl:204
materialize! at ./broadcast.jl:884 [inlined]
materialize! at ./broadcast.jl:881 [inlined]
macro expansion at /home/tang_wenqi/JuliaProp_v0.1/src/tdse_sh_elli.jl:151 [inlined]
#308#threadsfor_fun#129 at ./threadingconstructs.jl:206
#308#threadsfor_fun at ./threadingconstructs.jl:173 [inlined]
#1 at ./threadingconstructs.jl:145
unknown function (ip: 0x7f59fc09fadf)
_jl_invoke at /cache/build/builder-amdci4-4/julialang/julia-release-1-dot-9/src/gf.c:2758 [inlined]
ijl_apply_generic at /cache/build/builder-amdci4-4/julialang/julia-release-1-dot-9/src/gf.c:2940
jl_apply at /cache/build/builder-amdci4-4/julialang/julia-release-1-dot-9/src/julia.h:1880 [inlined]
start_task at /cache/build/builder-amdci4-4/julialang/julia-release-1-dot-9/src/task.c:1092
unknown function (ip: (nil))
setindex! at ./array.jl:969 [inlined]
copyto! at /cache/build/builder-amdci4-4/julialang/julia-release-1-dot-9/usr/share/julia/stdlib/v1.9/LinearAlgebra/src/structuredbroadcast.jl:208
materialize! at ./broadcast.jl:884 [inlined]
materialize! at ./broadcast.jl:881 [inlined]
macro expansion at /home/tang_wenqi/JuliaProp_v0.1/src/tdse_sh_elli.jl:151 [inlined]
#308#threadsfor_fun#129 at ./threadingconstructs.jl:206
#308#threadsfor_fun at ./threadingconstructs.jl:173 [inlined]
#1 at ./threadingconstructs.jl:145
unknown function (ip: 0x7f59fc09fadf)
_jl_invoke at /cache/build/builder-amdci4-4/julialang/julia-release-1-dot-9/src/gf.c:2758 [inlined]
ijl_apply_generic at /cache/build/builder-amdci4-4/julialang/julia-release-1-dot-9/src/gf.c:2940
jl_apply at /cache/build/builder-amdci4-4/julialang/julia-release-1-dot-9/src/julia.h:1880 [inlined]
start_task at /cache/build/builder-amdci4-4/julialang/julia-release-1-dot-9/src/task.c:1092
unknown function (ip: (nil))
setindex! at ./array.jl:969 [inlined]
copyto! at /cache/build/builder-amdci4-4/julialang/julia-release-1-dot-9/usr/share/julia/stdlib/v1.9/LinearAlgebra/src/structuredbroadcast.jl:207
materialize! at ./broadcast.jl:884 [inlined]
materialize! at ./broadcast.jl:881 [inlined]
macro expansion at /home/tang_wenqi/JuliaProp_v0.1/src/tdse_sh_elli.jl:150 [inlined]
#308#threadsfor_fun#129 at ./threadingconstructs.jl:206
#308#threadsfor_fun at ./threadingconstructs.jl:173 [inlined]
#1 at ./threadingconstructs.jl:145
unknown function (ip: 0x7f59fc09fadf)
_jl_invoke at /cache/build/builder-amdci4-4/julialang/julia-release-1-dot-9/src/gf.c:2758 [inlined]
ijl_apply_generic at /cache/build/builder-amdci4-4/julialang/julia-release-1-dot-9/src/gf.c:2940
jl_apply at /cache/build/builder-amdci4-4/julialang/julia-release-1-dot-9/src/julia.h:1880 [inlined]
start_task at /cache/build/builder-amdci4-4/julialang/julia-release-1-dot-9/src/task.c:1092
unknown function (ip: (nil))
setindex! at ./array.jl:969 [inlined]
copyto! at /cache/build/builder-amdci4-4/julialang/julia-release-1-dot-9/usr/share/julia/stdlib/v1.9/LinearAlgebra/src/structuredbroadcast.jl:207
materialize! at ./broadcast.jl:884 [inlined]
materialize! at ./broadcast.jl:881 [inlined]
macro expansion at /home/tang_wenqi/JuliaProp_v0.1/src/tdse_sh_elli.jl:151 [inlined]
#308#threadsfor_fun#129 at ./threadingconstructs.jl:206
#308#threadsfor_fun at ./threadingconstructs.jl:173 [inlined]
#1 at ./threadingconstructs.jl:145
unknown function (ip: 0x7f59fc09fadf)
_jl_invoke at /cache/build/builder-amdci4-4/julialang/julia-release-1-dot-9/src/gf.c:2758 [inlined]
ijl_apply_generic at /cache/build/builder-amdci4-4/julialang/julia-release-1-dot-9/src/gf.c:2940
jl_apply at /cache/build/builder-amdci4-4/julialang/julia-release-1-dot-9/src/julia.h:1880 [inlined]
start_task at /cache/build/builder-amdci4-4/julialang/julia-release-1-dot-9/src/task.c:1092
unknown function (ip: (nil))
getindex at ./essentials.jl:13 [inlined]
getindex at /cache/build/builder-amdci4-4/julialang/julia-release-1-dot-9/usr/share/julia/stdlib/v1.9/LinearAlgebra/src/tridiag.jl:655 [inlined]
_getindex at ./abstractarray.jl:1346 [inlined]
getindex at ./abstractarray.jl:1296 [inlined]
_broadcast_getindex at ./broadcast.jl:636 [inlined]
_getindex at ./broadcast.jl:680 [inlined]
_getindex at ./broadcast.jl:679 [inlined]
_broadcast_getindex at ./broadcast.jl:655 [inlined]
_getindex at ./broadcast.jl:680 [inlined]
_getindex at ./broadcast.jl:679 [inlined]
_broadcast_getindex at ./broadcast.jl:655 [inlined]
copyto! at /cache/build/builder-amdci4-4/julialang/julia-release-1-dot-9/usr/share/julia/stdlib/v1.9/LinearAlgebra/src/structuredbroadcast.jl:204
materialize! at ./broadcast.jl:884 [inlined]
materialize! at ./broadcast.jl:881 [inlined]
macro expansion at /home/tang_wenqi/JuliaProp_v0.1/src/tdse_sh_elli.jl:150 [inlined]
#308#threadsfor_fun#129 at ./threadingconstructs.jl:206
#308#threadsfor_fun at ./threadingconstructs.jl:173 [inlined]
#1 at ./threadingconstructs.jl:145
unknown function (ip: 0x7f59fc09fadf)
_jl_invoke at /cache/build/builder-amdci4-4/julialang/julia-release-1-dot-9/src/gf.c:2758 [inlined]
ijl_apply_generic at /cache/build/builder-amdci4-4/julialang/julia-release-1-dot-9/src/gf.c:2940
jl_apply at /cache/build/builder-amdci4-4/julialang/julia-release-1-dot-9/src/julia.h:1880 [inlined]
start_task at /cache/build/builder-amdci4-4/julialang/julia-release-1-dot-9/src/task.c:1092
unknown function (ip: (nil))
length at ./essentials.jl:10 [inlined]
size at /cache/build/builder-amdci4-4/julialang/julia-release-1-dot-9/usr/share/julia/stdlib/v1.9/LinearAlgebra/src/tridiag.jl:579 [inlined]
axes at ./abstractarray.jl:98 [inlined]
newindex at ./broadcast.jl:580 [inlined]
_broadcast_getindex at ./broadcast.jl:636 [inlined]
_getindex at ./broadcast.jl:680 [inlined]
_getindex at ./broadcast.jl:679 [inlined]
_broadcast_getindex at ./broadcast.jl:655 [inlined]
_getindex at ./broadcast.jl:680 [inlined]
_getindex at ./broadcast.jl:679 [inlined]
_broadcast_getindex at ./broadcast.jl:655 [inlined]
copyto! at /cache/build/builder-amdci4-4/julialang/julia-release-1-dot-9/usr/share/julia/stdlib/v1.9/LinearAlgebra/src/structuredbroadcast.jl:207
materialize! at ./broadcast.jl:884 [inlined]
materialize! at ./broadcast.jl:881 [inlined]
macro expansion at /home/tang_wenqi/JuliaProp_v0.1/src/tdse_sh_elli.jl:151 [inlined]
#308#threadsfor_fun#129 at ./threadingconstructs.jl:206
#308#threadsfor_fun at ./threadingconstructs.jl:173 [inlined]
#1 at ./threadingconstructs.jl:145
unknown function (ip: 0x7f59fc09fadf)
_jl_invoke at /cache/build/builder-amdci4-4/julialang/julia-release-1-dot-9/src/gf.c:2758 [inlined]
ijl_apply_generic at /cache/build/builder-amdci4-4/julialang/julia-release-1-dot-9/src/gf.c:2940
jl_apply at /cache/build/builder-amdci4-4/julialang/julia-release-1-dot-9/src/julia.h:1880 [inlined]
start_task at /cache/build/builder-amdci4-4/julialang/julia-release-1-dot-9/src/task.c:1092
unknown function (ip: (nil))
- at ./float.jl:409 [inlined]
_broadcast_getindex_evalf at ./broadcast.jl:683 [inlined]
_broadcast_getindex at ./broadcast.jl:656 [inlined]
copyto! at /cache/build/builder-amdci4-4/julialang/julia-release-1-dot-9/usr/share/julia/stdlib/v1.9/LinearAlgebra/src/structuredbroadcast.jl:204
materialize! at ./broadcast.jl:884 [inlined]
materialize! at ./broadcast.jl:881 [inlined]
macro expansion at /home/tang_wenqi/JuliaProp_v0.1/src/tdse_sh_elli.jl:150 [inlined]
#308#threadsfor_fun#129 at ./threadingconstructs.jl:206
#308#threadsfor_fun at ./threadingconstructs.jl:173 [inlined]
#1 at ./threadingconstructs.jl:145
unknown function (ip: 0x7f59fc09fadf)
_jl_invoke at /cache/build/builder-amdci4-4/julialang/julia-release-1-dot-9/src/gf.c:2758 [inlined]
ijl_apply_generic at /cache/build/builder-amdci4-4/julialang/julia-release-1-dot-9/src/gf.c:2940
jl_apply at /cache/build/builder-amdci4-4/julialang/julia-release-1-dot-9/src/julia.h:1880 [inlined]
start_task at /cache/build/builder-amdci4-4/julialang/julia-release-1-dot-9/src/task.c:1092
unknown function (ip: (nil))
setindex! at ./array.jl:969 [inlined]
copyto! at /cache/build/builder-amdci4-4/julialang/julia-release-1-dot-9/usr/share/julia/stdlib/v1.9/LinearAlgebra/src/structuredbroadcast.jl:204
materialize! at ./broadcast.jl:884 [inlined]
materialize! at ./broadcast.jl:881 [inlined]
macro expansion at /home/tang_wenqi/JuliaProp_v0.1/src/tdse_sh_elli.jl:150 [inlined]
#308#threadsfor_fun#129 at ./threadingconstructs.jl:206
#308#threadsfor_fun at ./threadingconstructs.jl:173 [inlined]
#1 at ./threadingconstructs.jl:145
unknown function (ip: 0x7f59fc09fadf)
_jl_invoke at /cache/build/builder-amdci4-4/julialang/julia-release-1-dot-9/src/gf.c:2758 [inlined]
ijl_apply_generic at /cache/build/builder-amdci4-4/julialang/julia-release-1-dot-9/src/gf.c:2940
jl_apply at /cache/build/builder-amdci4-4/julialang/julia-release-1-dot-9/src/julia.h:1880 [inlined]
start_task at /cache/build/builder-amdci4-4/julialang/julia-release-1-dot-9/src/task.c:1092
unknown function (ip: (nil))
setindex! at ./array.jl:969 [inlined]
copyto! at /cache/build/builder-amdci4-4/julialang/julia-release-1-dot-9/usr/share/julia/stdlib/v1.9/LinearAlgebra/src/structuredbroadcast.jl:208
materialize! at ./broadcast.jl:884 [inlined]
materialize! at ./broadcast.jl:881 [inlined]
macro expansion at /home/tang_wenqi/JuliaProp_v0.1/src/tdse_sh_elli.jl:151 [inlined]
#308#threadsfor_fun#129 at ./threadingconstructs.jl:206
#308#threadsfor_fun at ./threadingconstructs.jl:173 [inlined]
#1 at ./threadingconstructs.jl:145
unknown function (ip: 0x7f59fc09fadf)
_jl_invoke at /cache/build/builder-amdci4-4/julialang/julia-release-1-dot-9/src/gf.c:2758 [inlined]
ijl_apply_generic at /cache/build/builder-amdci4-4/julialang/julia-release-1-dot-9/src/gf.c:2940
jl_apply at /cache/build/builder-amdci4-4/julialang/julia-release-1-dot-9/src/julia.h:1880 [inlined]
start_task at /cache/build/builder-amdci4-4/julialang/julia-release-1-dot-9/src/task.c:1092
unknown function (ip: (nil))
setindex! at ./array.jl:969 [inlined]
copyto! at /cache/build/builder-amdci4-4/julialang/julia-release-1-dot-9/usr/share/julia/stdlib/v1.9/LinearAlgebra/src/structuredbroadcast.jl:208
materialize! at ./broadcast.jl:884 [inlined]
materialize! at ./broadcast.jl:881 [inlined]
macro expansion at /home/tang_wenqi/JuliaProp_v0.1/src/tdse_sh_elli.jl:150 [inlined]
#308#threadsfor_fun#129 at ./threadingconstructs.jl:206
#308#threadsfor_fun at ./threadingconstructs.jl:173 [inlined]
#1 at ./threadingconstructs.jl:145
unknown function (ip: 0x7f59fc09fadf)
_jl_invoke at /cache/build/builder-amdci4-4/julialang/julia-release-1-dot-9/src/gf.c:2758 [inlined]
ijl_apply_generic at /cache/build/builder-amdci4-4/julialang/julia-release-1-dot-9/src/gf.c:2940
jl_apply at /cache/build/builder-amdci4-4/julialang/julia-release-1-dot-9/src/julia.h:1880 [inlined]
start_task at /cache/build/builder-amdci4-4/julialang/julia-release-1-dot-9/src/task.c:1092
unknown function (ip: (nil))
+ at ./float.jl:408 [inlined]
_broadcast_getindex_evalf at ./broadcast.jl:683 [inlined]
_broadcast_getindex at ./broadcast.jl:656 [inlined]
copyto! at /cache/build/builder-amdci4-4/julialang/julia-release-1-dot-9/usr/share/julia/stdlib/v1.9/LinearAlgebra/src/structuredbroadcast.jl:204
materialize! at ./broadcast.jl:884 [inlined]
materialize! at ./broadcast.jl:881 [inlined]
macro expansion at /home/tang_wenqi/JuliaProp_v0.1/src/tdse_sh_elli.jl:149 [inlined]
#308#threadsfor_fun#129 at ./threadingconstructs.jl:206
#308#threadsfor_fun at ./threadingconstructs.jl:173 [inlined]
#1 at ./threadingconstructs.jl:145
unknown function (ip: 0x7f59fc09fadf)
_jl_invoke at /cache/build/builder-amdci4-4/julialang/julia-release-1-dot-9/src/gf.c:2758 [inlined]
ijl_apply_generic at /cache/build/builder-amdci4-4/julialang/julia-release-1-dot-9/src/gf.c:2940
jl_apply at /cache/build/builder-amdci4-4/julialang/julia-release-1-dot-9/src/julia.h:1880 [inlined]
start_task at /cache/build/builder-amdci4-4/julialang/julia-release-1-dot-9/src/task.c:1092
unknown function (ip: (nil))
+ at ./float.jl:408 [inlined]
_broadcast_getindex_evalf at ./broadcast.jl:683 [inlined]
_broadcast_getindex at ./broadcast.jl:656 [inlined]
copyto! at /cache/build/builder-amdci4-4/julialang/julia-release-1-dot-9/usr/share/julia/stdlib/v1.9/LinearAlgebra/src/structuredbroadcast.jl:207
materialize! at ./broadcast.jl:884 [inlined]
materialize! at ./broadcast.jl:881 [inlined]
macro expansion at /home/tang_wenqi/JuliaProp_v0.1/src/tdse_sh_elli.jl:151 [inlined]
#308#threadsfor_fun#129 at ./threadingconstructs.jl:206
#308#threadsfor_fun at ./threadingconstructs.jl:173 [inlined]
#1 at ./threadingconstructs.jl:145
unknown function (ip: 0x7f59fc09fadf)
_jl_invoke at /cache/build/builder-amdci4-4/julialang/julia-release-1-dot-9/src/gf.c:2758 [inlined]
ijl_apply_generic at /cache/build/builder-amdci4-4/julialang/julia-release-1-dot-9/src/gf.c:2940
jl_apply at /cache/build/builder-amdci4-4/julialang/julia-release-1-dot-9/src/julia.h:1880 [inlined]
start_task at /cache/build/builder-amdci4-4/julialang/julia-release-1-dot-9/src/task.c:1092
unknown function (ip: (nil))
+ at ./float.jl:408 [inlined]
_broadcast_getindex_evalf at ./broadcast.jl:683 [inlined]
_broadcast_getindex at ./broadcast.jl:656 [inlined]
copyto! at /cache/build/builder-amdci4-4/julialang/julia-release-1-dot-9/usr/share/julia/stdlib/v1.9/LinearAlgebra/src/structuredbroadcast.jl:204
materialize! at ./broadcast.jl:884 [inlined]
materialize! at ./broadcast.jl:881 [inlined]
macro expansion at /home/tang_wenqi/JuliaProp_v0.1/src/tdse_sh_elli.jl:149 [inlined]
#308#threadsfor_fun#129 at ./threadingconstructs.jl:206
#308#threadsfor_fun at ./threadingconstructs.jl:173 [inlined]
#1 at ./threadingconstructs.jl:145
unknown function (ip: 0x7f59fc09fadf)
_jl_invoke at /cache/build/builder-amdci4-4/julialang/julia-release-1-dot-9/src/gf.c:2758 [inlined]
ijl_apply_generic at /cache/build/builder-amdci4-4/julialang/julia-release-1-dot-9/src/gf.c:2940
jl_apply at /cache/build/builder-amdci4-4/julialang/julia-release-1-dot-9/src/julia.h:1880 [inlined]
start_task at /cache/build/builder-amdci4-4/julialang/julia-release-1-dot-9/src/task.c:1092
unknown function (ip: (nil))
== at ./promotion.jl:499 [inlined]
getindex at /cache/build/builder-amdci4-4/julialang/julia-release-1-dot-9/usr/share/julia/stdlib/v1.9/LinearAlgebra/src/tridiag.jl:654 [inlined]
_getindex at ./abstractarray.jl:1346 [inlined]
getindex at ./abstractarray.jl:1296 [inlined]
_broadcast_getindex at ./broadcast.jl:636 [inlined]
_getindex at ./broadcast.jl:679 [inlined]
_broadcast_getindex at ./broadcast.jl:655 [inlined]
copyto! at /cache/build/builder-amdci4-4/julialang/julia-release-1-dot-9/usr/share/julia/stdlib/v1.9/LinearAlgebra/src/structuredbroadcast.jl:207
materialize! at ./broadcast.jl:884 [inlined]
materialize! at ./broadcast.jl:881 [inlined]
macro expansion at /home/tang_wenqi/JuliaProp_v0.1/src/tdse_sh_elli.jl:151 [inlined]
#308#threadsfor_fun#129 at ./threadingconstructs.jl:206
#308#threadsfor_fun at ./threadingconstructs.jl:173 [inlined]
#1 at ./threadingconstructs.jl:145
unknown function (ip: 0x7f59fc09fadf)
_jl_invoke at /cache/build/builder-amdci4-4/julialang/julia-release-1-dot-9/src/gf.c:2758 [inlined]
ijl_apply_generic at /cache/build/builder-amdci4-4/julialang/julia-release-1-dot-9/src/gf.c:2940
jl_apply at /cache/build/builder-amdci4-4/julialang/julia-release-1-dot-9/src/julia.h:1880 [inlined]
start_task at /cache/build/builder-amdci4-4/julialang/julia-release-1-dot-9/src/task.c:1092
unknown function (ip: (nil))
setindex! at ./array.jl:969 [inlined]
copyto! at /cache/build/builder-amdci4-4/julialang/julia-release-1-dot-9/usr/share/julia/stdlib/v1.9/LinearAlgebra/src/structuredbroadcast.jl:207
materialize! at ./broadcast.jl:884 [inlined]
materialize! at ./broadcast.jl:881 [inlined]
macro expansion at /home/tang_wenqi/JuliaProp_v0.1/src/tdse_sh_elli.jl:151 [inlined]
#308#threadsfor_fun#129 at ./threadingconstructs.jl:206
#308#threadsfor_fun at ./threadingconstructs.jl:173 [inlined]
#1 at ./threadingconstructs.jl:145
unknown function (ip: 0x7f59fc09fadf)
_jl_invoke at /cache/build/builder-amdci4-4/julialang/julia-release-1-dot-9/src/gf.c:2758 [inlined]
ijl_apply_generic at /cache/build/builder-amdci4-4/julialang/julia-release-1-dot-9/src/gf.c:2940
jl_apply at /cache/build/builder-amdci4-4/julialang/julia-release-1-dot-9/src/julia.h:1880 [inlined]
start_task at /cache/build/builder-amdci4-4/julialang/julia-release-1-dot-9/src/task.c:1092
unknown function (ip: (nil))
- at ./float.jl:409 [inlined]
_broadcast_getindex_evalf at ./broadcast.jl:683 [inlined]
_broadcast_getindex at ./broadcast.jl:656 [inlined]
copyto! at /cache/build/builder-amdci4-4/julialang/julia-release-1-dot-9/usr/share/julia/stdlib/v1.9/LinearAlgebra/src/structuredbroadcast.jl:204
materialize! at ./broadcast.jl:884 [inlined]
materialize! at ./broadcast.jl:881 [inlined]
macro expansion at /home/tang_wenqi/JuliaProp_v0.1/src/tdse_sh_elli.jl:150 [inlined]
#308#threadsfor_fun#129 at ./threadingconstructs.jl:206
#308#threadsfor_fun at ./threadingconstructs.jl:173 [inlined]
#1 at ./threadingconstructs.jl:145
unknown function (ip: 0x7f59fc09fadf)
_jl_invoke at /cache/build/builder-amdci4-4/julialang/julia-release-1-dot-9/src/gf.c:2758 [inlined]
ijl_apply_generic at /cache/build/builder-amdci4-4/julialang/julia-release-1-dot-9/src/gf.c:2940
jl_apply at /cache/build/builder-amdci4-4/julialang/julia-release-1-dot-9/src/julia.h:1880 [inlined]
start_task at /cache/build/builder-amdci4-4/julialang/julia-release-1-dot-9/src/task.c:1092
unknown function (ip: (nil))
Allocations: 145029759 (Pool: 144800274; Big: 229485); GC: 98
  Activating project at `~/JuliaProp_v0.1`
./doit.sh: line 3: 38955 Terminated              julia --project=. --threads $2 ./samples/$1.jl > ./samples/$1.log
JuliaProp v0.1 starts...
core_per_task = 4
Task starts. task id = 1.
Task starts. task id = 2.
Task starts. task id = 3.
Task starts. task id = 4.
Task starts. task id = 5.
Task starts. task id = 6.
Task starts. task id = 7.
Task starts. task id = 8.
Task starts. task id = 9.
Task starts. task id = 10.
Task starts. task id = 11.
Task starts. task id = 12.
Task starts. task id = 13.
Task starts. task id = 14.
Task starts. task id = 15.
Task starts. task id = 16.
  Activating project at `~/JuliaProp_v0.1`
ERROR: LoadError: UndefVarError: `a0` not defined
Stacktrace:
 [1] po_func(r::Float64)
   @ Main ~/JuliaProp_v0.1/samples/2025_2_18_5.jl:24
 [2] _broadcast_getindex_evalf
   @ ./broadcast.jl:683 [inlined]
 [3] _broadcast_getindex
   @ ./broadcast.jl:656 [inlined]
 [4] getindex
   @ ./broadcast.jl:610 [inlined]
 [5] copy
   @ ./broadcast.jl:912 [inlined]
 [6] materialize
   @ ./broadcast.jl:873 [inlined]
 [7] create_physics_world_sh(Nr::Int64, l_num::Int64, delta_r::Float64, delta_t::Float64, po_func_r::typeof(po_func), Z::Float64, imb_func::JuliaProp.var"#285#286"{Float64, Float64, Float64, Float64}; delta_t_im::Float64, manually_converge_to_zero_flag::Bool, Rco::Float64)
   @ JuliaProp ~/JuliaProp_v0.1/src/tdse_sh_base.jl:253
 [8] create_physics_world_sh(Nr::Int64, l_num::Int64, delta_r::Float64, delta_t::Float64, po_func_r::Function, Z::Float64, imb_func::Function)
   @ JuliaProp ~/JuliaProp_v0.1/src/tdse_sh_base.jl:247
 [9] top-level scope
   @ ~/JuliaProp_v0.1/samples/2025_2_18_5.jl:29
in expression starting at /home/tang_wenqi/JuliaProp_v0.1/samples/2025_2_18_5.jl:29
  Activating project at `~/JuliaProp_v0.1`
ERROR: LoadError: UndefVarError: `a0` not defined
Stacktrace:
 [1] po_func(r::Float64)
   @ Main ~/JuliaProp_v0.1/samples/2025_2_18_5.jl:24
 [2] _broadcast_getindex_evalf
   @ ./broadcast.jl:683 [inlined]
 [3] _broadcast_getindex
   @ ./broadcast.jl:656 [inlined]
 [4] getindex
   @ ./broadcast.jl:610 [inlined]
 [5] copy
   @ ./broadcast.jl:912 [inlined]
 [6] materialize
   @ ./broadcast.jl:873 [inlined]
 [7] create_physics_world_sh(Nr::Int64, l_num::Int64, delta_r::Float64, delta_t::Float64, po_func_r::typeof(po_func), Z::Float64, imb_func::JuliaProp.var"#285#286"{Float64, Float64, Float64, Float64}; delta_t_im::Float64, manually_converge_to_zero_flag::Bool, Rco::Float64)
   @ JuliaProp ~/JuliaProp_v0.1/src/tdse_sh_base.jl:253
 [8] create_physics_world_sh(Nr::Int64, l_num::Int64, delta_r::Float64, delta_t::Float64, po_func_r::Function, Z::Float64, imb_func::Function)
   @ JuliaProp ~/JuliaProp_v0.1/src/tdse_sh_base.jl:247
 [9] top-level scope
   @ ~/JuliaProp_v0.1/samples/2025_2_18_5.jl:29
in expression starting at /home/tang_wenqi/JuliaProp_v0.1/samples/2025_2_18_5.jl:29
  Activating project at `~/JuliaProp_v0.1`
ERROR: LoadError: UndefVarError: `a0` not defined
Stacktrace:
 [1] po_func(r::Float64)
   @ Main ~/JuliaProp_v0.1/samples/2025_2_18_5.jl:24
 [2] _broadcast_getindex_evalf
   @ ./broadcast.jl:683 [inlined]
 [3] _broadcast_getindex
   @ ./broadcast.jl:656 [inlined]
 [4] getindex
   @ ./broadcast.jl:610 [inlined]
 [5] copy
   @ ./broadcast.jl:912 [inlined]
 [6] materialize
   @ ./broadcast.jl:873 [inlined]
 [7] create_physics_world_sh(Nr::Int64, l_num::Int64, delta_r::Float64, delta_t::Float64, po_func_r::typeof(po_func), Z::Float64, imb_func::JuliaProp.var"#285#286"{Float64, Float64, Float64, Float64}; delta_t_im::Float64, manually_converge_to_zero_flag::Bool, Rco::Float64)
   @ JuliaProp ~/JuliaProp_v0.1/src/tdse_sh_base.jl:253
 [8] create_physics_world_sh(Nr::Int64, l_num::Int64, delta_r::Float64, delta_t::Float64, po_func_r::Function, Z::Float64, imb_func::Function)
   @ JuliaProp ~/JuliaProp_v0.1/src/tdse_sh_base.jl:247
 [9] top-level scope
   @ ~/JuliaProp_v0.1/samples/2025_2_18_5.jl:29
in expression starting at /home/tang_wenqi/JuliaProp_v0.1/samples/2025_2_18_5.jl:29
  Activating project at `~/JuliaProp_v0.1`
ERROR: LoadError: UndefVarError: `a0` not defined
Stacktrace:
 [1] po_func(r::Float64)
   @ Main ~/JuliaProp_v0.1/samples/2025_2_18_5.jl:24
 [2] _broadcast_getindex_evalf
   @ ./broadcast.jl:683 [inlined]
 [3] _broadcast_getindex
   @ ./broadcast.jl:656 [inlined]
 [4] getindex
   @ ./broadcast.jl:610 [inlined]
 [5] copy
   @ ./broadcast.jl:912 [inlined]
 [6] materialize
   @ ./broadcast.jl:873 [inlined]
 [7] create_physics_world_sh(Nr::Int64, l_num::Int64, delta_r::Float64, delta_t::Float64, po_func_r::typeof(po_func), Z::Float64, imb_func::JuliaProp.var"#285#286"{Float64, Float64, Float64, Float64}; delta_t_im::Float64, manually_converge_to_zero_flag::Bool, Rco::Float64)
   @ JuliaProp ~/JuliaProp_v0.1/src/tdse_sh_base.jl:253
 [8] create_physics_world_sh(Nr::Int64, l_num::Int64, delta_r::Float64, delta_t::Float64, po_func_r::Function, Z::Float64, imb_func::Function)
   @ JuliaProp ~/JuliaProp_v0.1/src/tdse_sh_base.jl:247
 [9] top-level scope
   @ ~/JuliaProp_v0.1/samples/2025_2_18_5.jl:29
in expression starting at /home/tang_wenqi/JuliaProp_v0.1/samples/2025_2_18_5.jl:29
  Activating project at `~/JuliaProp_v0.1`
ERROR: LoadError: UndefVarError: `a0` not defined
Stacktrace:
 [1] po_func(r::Float64)
   @ Main ~/JuliaProp_v0.1/samples/2025_2_18_5.jl:24
 [2] _broadcast_getindex_evalf
   @ ./broadcast.jl:683 [inlined]
 [3] _broadcast_getindex
   @ ./broadcast.jl:656 [inlined]
 [4] getindex
   @ ./broadcast.jl:610 [inlined]
 [5] copy
   @ ./broadcast.jl:912 [inlined]
 [6] materialize
   @ ./broadcast.jl:873 [inlined]
 [7] create_physics_world_sh(Nr::Int64, l_num::Int64, delta_r::Float64, delta_t::Float64, po_func_r::typeof(po_func), Z::Float64, imb_func::JuliaProp.var"#285#286"{Float64, Float64, Float64, Float64}; delta_t_im::Float64, manually_converge_to_zero_flag::Bool, Rco::Float64)
   @ JuliaProp ~/JuliaProp_v0.1/src/tdse_sh_base.jl:253
 [8] create_physics_world_sh(Nr::Int64, l_num::Int64, delta_r::Float64, delta_t::Float64, po_func_r::Function, Z::Float64, imb_func::Function)
   @ JuliaProp ~/JuliaProp_v0.1/src/tdse_sh_base.jl:247
 [9] top-level scope
   @ ~/JuliaProp_v0.1/samples/2025_2_18_5.jl:29
in expression starting at /home/tang_wenqi/JuliaProp_v0.1/samples/2025_2_18_5.jl:29
  Activating project at `~/JuliaProp_v0.1`
ERROR: LoadError: UndefVarError: `a0` not defined
Stacktrace:
 [1] po_func(r::Float64)
   @ Main ~/JuliaProp_v0.1/samples/2025_2_18_5.jl:24
 [2] _broadcast_getindex_evalf
   @ ./broadcast.jl:683 [inlined]
 [3] _broadcast_getindex
   @ ./broadcast.jl:656 [inlined]
 [4] getindex
   @ ./broadcast.jl:610 [inlined]
 [5] copy
   @ ./broadcast.jl:912 [inlined]
 [6] materialize
   @ ./broadcast.jl:873 [inlined]
 [7] create_physics_world_sh(Nr::Int64, l_num::Int64, delta_r::Float64, delta_t::Float64, po_func_r::typeof(po_func), Z::Float64, imb_func::JuliaProp.var"#285#286"{Float64, Float64, Float64, Float64}; delta_t_im::Float64, manually_converge_to_zero_flag::Bool, Rco::Float64)
   @ JuliaProp ~/JuliaProp_v0.1/src/tdse_sh_base.jl:253
 [8] create_physics_world_sh(Nr::Int64, l_num::Int64, delta_r::Float64, delta_t::Float64, po_func_r::Function, Z::Float64, imb_func::Function)
   @ JuliaProp ~/JuliaProp_v0.1/src/tdse_sh_base.jl:247
 [9] top-level scope
   @ ~/JuliaProp_v0.1/samples/2025_2_18_5.jl:29
in expression starting at /home/tang_wenqi/JuliaProp_v0.1/samples/2025_2_18_5.jl:29
  Activating project at `~/JuliaProp_v0.1`
ERROR: LoadError: UndefVarError: `a0` not defined
Stacktrace:
 [1] po_func(r::Float64)
   @ Main ~/JuliaProp_v0.1/samples/2025_2_18_5.jl:24
 [2] _broadcast_getindex_evalf
   @ ./broadcast.jl:683 [inlined]
 [3] _broadcast_getindex
   @ ./broadcast.jl:656 [inlined]
 [4] getindex
   @ ./broadcast.jl:610 [inlined]
 [5] copy
   @ ./broadcast.jl:912 [inlined]
 [6] materialize
   @ ./broadcast.jl:873 [inlined]
 [7] create_physics_world_sh(Nr::Int64, l_num::Int64, delta_r::Float64, delta_t::Float64, po_func_r::typeof(po_func), Z::Float64, imb_func::JuliaProp.var"#285#286"{Float64, Float64, Float64, Float64}; delta_t_im::Float64, manually_converge_to_zero_flag::Bool, Rco::Float64)
   @ JuliaProp ~/JuliaProp_v0.1/src/tdse_sh_base.jl:253
 [8] create_physics_world_sh(Nr::Int64, l_num::Int64, delta_r::Float64, delta_t::Float64, po_func_r::Function, Z::Float64, imb_func::Function)
   @ JuliaProp ~/JuliaProp_v0.1/src/tdse_sh_base.jl:247
 [9] top-level scope
   @ ~/JuliaProp_v0.1/samples/2025_2_18_5.jl:29
in expression starting at /home/tang_wenqi/JuliaProp_v0.1/samples/2025_2_18_5.jl:29
  Activating project at `~/JuliaProp_v0.1`
ERROR: LoadError: UndefVarError: `a0` not defined
Stacktrace:
 [1] po_func(r::Float64)
   @ Main ~/JuliaProp_v0.1/samples/2025_2_18_5.jl:24
 [2] _broadcast_getindex_evalf
   @ ./broadcast.jl:683 [inlined]
 [3] _broadcast_getindex
   @ ./broadcast.jl:656 [inlined]
 [4] getindex
   @ ./broadcast.jl:610 [inlined]
 [5] copy
   @ ./broadcast.jl:912 [inlined]
 [6] materialize
   @ ./broadcast.jl:873 [inlined]
 [7] create_physics_world_sh(Nr::Int64, l_num::Int64, delta_r::Float64, delta_t::Float64, po_func_r::typeof(po_func), Z::Float64, imb_func::JuliaProp.var"#285#286"{Float64, Float64, Float64, Float64}; delta_t_im::Float64, manually_converge_to_zero_flag::Bool, Rco::Float64)
   @ JuliaProp ~/JuliaProp_v0.1/src/tdse_sh_base.jl:253
 [8] create_physics_world_sh(Nr::Int64, l_num::Int64, delta_r::Float64, delta_t::Float64, po_func_r::Function, Z::Float64, imb_func::Function)
   @ JuliaProp ~/JuliaProp_v0.1/src/tdse_sh_base.jl:247
 [9] top-level scope
   @ ~/JuliaProp_v0.1/samples/2025_2_18_5.jl:29
in expression starting at /home/tang_wenqi/JuliaProp_v0.1/samples/2025_2_18_5.jl:29
  Activating project at `~/JuliaProp_v0.1`
ERROR: LoadError: UndefVarError: `a0` not defined
Stacktrace:
 [1] po_func(r::Float64)
   @ Main ~/JuliaProp_v0.1/samples/2025_2_18_5.jl:24
 [2] _broadcast_getindex_evalf
   @ ./broadcast.jl:683 [inlined]
 [3] _broadcast_getindex
   @ ./broadcast.jl:656 [inlined]
 [4] getindex
   @ ./broadcast.jl:610 [inlined]
 [5] copy
   @ ./broadcast.jl:912 [inlined]
 [6] materialize
   @ ./broadcast.jl:873 [inlined]
 [7] create_physics_world_sh(Nr::Int64, l_num::Int64, delta_r::Float64, delta_t::Float64, po_func_r::typeof(po_func), Z::Float64, imb_func::JuliaProp.var"#285#286"{Float64, Float64, Float64, Float64}; delta_t_im::Float64, manually_converge_to_zero_flag::Bool, Rco::Float64)
   @ JuliaProp ~/JuliaProp_v0.1/src/tdse_sh_base.jl:253
 [8] create_physics_world_sh(Nr::Int64, l_num::Int64, delta_r::Float64, delta_t::Float64, po_func_r::Function, Z::Float64, imb_func::Function)
   @ JuliaProp ~/JuliaProp_v0.1/src/tdse_sh_base.jl:247
 [9] top-level scope
   @ ~/JuliaProp_v0.1/samples/2025_2_18_5.jl:29
in expression starting at /home/tang_wenqi/JuliaProp_v0.1/samples/2025_2_18_5.jl:29
  Activating project at `~/JuliaProp_v0.1`
ERROR: LoadError: UndefVarError: `a0` not defined
Stacktrace:
 [1] po_func(r::Float64)
   @ Main ~/JuliaProp_v0.1/samples/2025_2_18_5.jl:24
 [2] _broadcast_getindex_evalf
   @ ./broadcast.jl:683 [inlined]
 [3] _broadcast_getindex
   @ ./broadcast.jl:656 [inlined]
 [4] getindex
   @ ./broadcast.jl:610 [inlined]
 [5] copy
   @ ./broadcast.jl:912 [inlined]
 [6] materialize
   @ ./broadcast.jl:873 [inlined]
 [7] create_physics_world_sh(Nr::Int64, l_num::Int64, delta_r::Float64, delta_t::Float64, po_func_r::typeof(po_func), Z::Float64, imb_func::JuliaProp.var"#285#286"{Float64, Float64, Float64, Float64}; delta_t_im::Float64, manually_converge_to_zero_flag::Bool, Rco::Float64)
   @ JuliaProp ~/JuliaProp_v0.1/src/tdse_sh_base.jl:253
 [8] create_physics_world_sh(Nr::Int64, l_num::Int64, delta_r::Float64, delta_t::Float64, po_func_r::Function, Z::Float64, imb_func::Function)
   @ JuliaProp ~/JuliaProp_v0.1/src/tdse_sh_base.jl:247
 [9] top-level scope
   @ ~/JuliaProp_v0.1/samples/2025_2_18_5.jl:29
in expression starting at /home/tang_wenqi/JuliaProp_v0.1/samples/2025_2_18_5.jl:29
  Activating project at `~/JuliaProp_v0.1`
ERROR: LoadError: UndefVarError: `a0` not defined
Stacktrace:
 [1] po_func(r::Float64)
   @ Main ~/JuliaProp_v0.1/samples/2025_2_18_5.jl:24
 [2] _broadcast_getindex_evalf
   @ ./broadcast.jl:683 [inlined]
 [3] _broadcast_getindex
   @ ./broadcast.jl:656 [inlined]
 [4] getindex
   @ ./broadcast.jl:610 [inlined]
 [5] copy
   @ ./broadcast.jl:912 [inlined]
 [6] materialize
   @ ./broadcast.jl:873 [inlined]
 [7] create_physics_world_sh(Nr::Int64, l_num::Int64, delta_r::Float64, delta_t::Float64, po_func_r::typeof(po_func), Z::Float64, imb_func::JuliaProp.var"#285#286"{Float64, Float64, Float64, Float64}; delta_t_im::Float64, manually_converge_to_zero_flag::Bool, Rco::Float64)
   @ JuliaProp ~/JuliaProp_v0.1/src/tdse_sh_base.jl:253
 [8] create_physics_world_sh(Nr::Int64, l_num::Int64, delta_r::Float64, delta_t::Float64, po_func_r::Function, Z::Float64, imb_func::Function)
   @ JuliaProp ~/JuliaProp_v0.1/src/tdse_sh_base.jl:247
 [9] top-level scope
   @ ~/JuliaProp_v0.1/samples/2025_2_18_5.jl:29
in expression starting at /home/tang_wenqi/JuliaProp_v0.1/samples/2025_2_18_5.jl:29
  Activating project at `~/JuliaProp_v0.1`
ERROR: LoadError: UndefVarError: `a0` not defined
Stacktrace:
 [1] po_func(r::Float64)
   @ Main ~/JuliaProp_v0.1/samples/2025_2_18_5.jl:24
 [2] _broadcast_getindex_evalf
   @ ./broadcast.jl:683 [inlined]
 [3] _broadcast_getindex
   @ ./broadcast.jl:656 [inlined]
 [4] getindex
   @ ./broadcast.jl:610 [inlined]
 [5] copy
   @ ./broadcast.jl:912 [inlined]
 [6] materialize
   @ ./broadcast.jl:873 [inlined]
 [7] create_physics_world_sh(Nr::Int64, l_num::Int64, delta_r::Float64, delta_t::Float64, po_func_r::typeof(po_func), Z::Float64, imb_func::JuliaProp.var"#285#286"{Float64, Float64, Float64, Float64}; delta_t_im::Float64, manually_converge_to_zero_flag::Bool, Rco::Float64)
   @ JuliaProp ~/JuliaProp_v0.1/src/tdse_sh_base.jl:253
 [8] create_physics_world_sh(Nr::Int64, l_num::Int64, delta_r::Float64, delta_t::Float64, po_func_r::Function, Z::Float64, imb_func::Function)
   @ JuliaProp ~/JuliaProp_v0.1/src/tdse_sh_base.jl:247
 [9] top-level scope
   @ ~/JuliaProp_v0.1/samples/2025_2_18_5.jl:29
in expression starting at /home/tang_wenqi/JuliaProp_v0.1/samples/2025_2_18_5.jl:29
  Activating project at `~/JuliaProp_v0.1`
ERROR: LoadError: UndefVarError: `a0` not defined
Stacktrace:
 [1] po_func(r::Float64)
   @ Main ~/JuliaProp_v0.1/samples/2025_2_18_5.jl:24
 [2] _broadcast_getindex_evalf
   @ ./broadcast.jl:683 [inlined]
 [3] _broadcast_getindex
   @ ./broadcast.jl:656 [inlined]
 [4] getindex
   @ ./broadcast.jl:610 [inlined]
 [5] copy
   @ ./broadcast.jl:912 [inlined]
 [6] materialize
   @ ./broadcast.jl:873 [inlined]
 [7] create_physics_world_sh(Nr::Int64, l_num::Int64, delta_r::Float64, delta_t::Float64, po_func_r::typeof(po_func), Z::Float64, imb_func::JuliaProp.var"#285#286"{Float64, Float64, Float64, Float64}; delta_t_im::Float64, manually_converge_to_zero_flag::Bool, Rco::Float64)
   @ JuliaProp ~/JuliaProp_v0.1/src/tdse_sh_base.jl:253
 [8] create_physics_world_sh(Nr::Int64, l_num::Int64, delta_r::Float64, delta_t::Float64, po_func_r::Function, Z::Float64, imb_func::Function)
   @ JuliaProp ~/JuliaProp_v0.1/src/tdse_sh_base.jl:247
 [9] top-level scope
   @ ~/JuliaProp_v0.1/samples/2025_2_18_5.jl:29
in expression starting at /home/tang_wenqi/JuliaProp_v0.1/samples/2025_2_18_5.jl:29
  Activating project at `~/JuliaProp_v0.1`
ERROR: LoadError: UndefVarError: `a0` not defined
Stacktrace:
 [1] po_func(r::Float64)
   @ Main ~/JuliaProp_v0.1/samples/2025_2_18_5.jl:24
 [2] _broadcast_getindex_evalf
   @ ./broadcast.jl:683 [inlined]
 [3] _broadcast_getindex
   @ ./broadcast.jl:656 [inlined]
 [4] getindex
   @ ./broadcast.jl:610 [inlined]
 [5] copy
   @ ./broadcast.jl:912 [inlined]
 [6] materialize
   @ ./broadcast.jl:873 [inlined]
 [7] create_physics_world_sh(Nr::Int64, l_num::Int64, delta_r::Float64, delta_t::Float64, po_func_r::typeof(po_func), Z::Float64, imb_func::JuliaProp.var"#285#286"{Float64, Float64, Float64, Float64}; delta_t_im::Float64, manually_converge_to_zero_flag::Bool, Rco::Float64)
   @ JuliaProp ~/JuliaProp_v0.1/src/tdse_sh_base.jl:253
 [8] create_physics_world_sh(Nr::Int64, l_num::Int64, delta_r::Float64, delta_t::Float64, po_func_r::Function, Z::Float64, imb_func::Function)
   @ JuliaProp ~/JuliaProp_v0.1/src/tdse_sh_base.jl:247
 [9] top-level scope
   @ ~/JuliaProp_v0.1/samples/2025_2_18_5.jl:29
in expression starting at /home/tang_wenqi/JuliaProp_v0.1/samples/2025_2_18_5.jl:29
  Activating project at `~/JuliaProp_v0.1`
ERROR: LoadError: UndefVarError: `a0` not defined
Stacktrace:
 [1] po_func(r::Float64)
   @ Main ~/JuliaProp_v0.1/samples/2025_2_18_5.jl:24
 [2] _broadcast_getindex_evalf
   @ ./broadcast.jl:683 [inlined]
 [3] _broadcast_getindex
   @ ./broadcast.jl:656 [inlined]
 [4] getindex
   @ ./broadcast.jl:610 [inlined]
 [5] copy
   @ ./broadcast.jl:912 [inlined]
 [6] materialize
   @ ./broadcast.jl:873 [inlined]
 [7] create_physics_world_sh(Nr::Int64, l_num::Int64, delta_r::Float64, delta_t::Float64, po_func_r::typeof(po_func), Z::Float64, imb_func::JuliaProp.var"#285#286"{Float64, Float64, Float64, Float64}; delta_t_im::Float64, manually_converge_to_zero_flag::Bool, Rco::Float64)
   @ JuliaProp ~/JuliaProp_v0.1/src/tdse_sh_base.jl:253
 [8] create_physics_world_sh(Nr::Int64, l_num::Int64, delta_r::Float64, delta_t::Float64, po_func_r::Function, Z::Float64, imb_func::Function)
   @ JuliaProp ~/JuliaProp_v0.1/src/tdse_sh_base.jl:247
 [9] top-level scope
   @ ~/JuliaProp_v0.1/samples/2025_2_18_5.jl:29
in expression starting at /home/tang_wenqi/JuliaProp_v0.1/samples/2025_2_18_5.jl:29
  Activating project at `~/JuliaProp_v0.1`
ERROR: LoadError: UndefVarError: `a0` not defined
Stacktrace:
 [1] po_func(r::Float64)
   @ Main ~/JuliaProp_v0.1/samples/2025_2_18_5.jl:24
 [2] _broadcast_getindex_evalf
   @ ./broadcast.jl:683 [inlined]
 [3] _broadcast_getindex
   @ ./broadcast.jl:656 [inlined]
 [4] getindex
   @ ./broadcast.jl:610 [inlined]
 [5] copy
   @ ./broadcast.jl:912 [inlined]
 [6] materialize
   @ ./broadcast.jl:873 [inlined]
 [7] create_physics_world_sh(Nr::Int64, l_num::Int64, delta_r::Float64, delta_t::Float64, po_func_r::typeof(po_func), Z::Float64, imb_func::JuliaProp.var"#285#286"{Float64, Float64, Float64, Float64}; delta_t_im::Float64, manually_converge_to_zero_flag::Bool, Rco::Float64)
   @ JuliaProp ~/JuliaProp_v0.1/src/tdse_sh_base.jl:253
 [8] create_physics_world_sh(Nr::Int64, l_num::Int64, delta_r::Float64, delta_t::Float64, po_func_r::Function, Z::Float64, imb_func::Function)
   @ JuliaProp ~/JuliaProp_v0.1/src/tdse_sh_base.jl:247
 [9] top-level scope
   @ ~/JuliaProp_v0.1/samples/2025_2_18_5.jl:29
in expression starting at /home/tang_wenqi/JuliaProp_v0.1/samples/2025_2_18_5.jl:29
