task id = 1
[(-7000, 1), (-2850, 1)]
[ITP]: 10000.471108571397
[ITP]: 0.022107823405609905
[ITP]: 0.004976805475414736
[ITP]: 0.0021058954092971205
[ITP]: 0.001084104546129061
[ITP]: 0.0006160870179273692
[ITP]: 0.0003714642087823128
[ITP]: 0.00023286611963801995
[ITP]: 0.0001500123428329614
[ITP]: 9.857967926441003e-5
[ITP]: 6.57601184761436e-5
[ITP]: 4.43786526744816e-5
[ITP]: 3.022437766897479e-5
[ITP]: 2.0735965556739622e-5
[ITP]: 1.4311264988853267e-5
[ITP]: 9.92563006574354e-6
[ITP]: 6.9119921211058255e-6
[ITP]: 4.82976755122877e-6
[ITP]: 3.384510666504248e-6
[ITP]: 2.3775199649023193e-6
[ITP]: 1.6736194445865493e-6
[ITP]: 1.1802274751948616e-6
[ITP]: 8.335748883370186e-7
[ITP]: 5.895273362810372e-7
[ITP]: 4.174150680658073e-7
[ITP]: 2.958509506267859e-7
[ITP]: 2.098764437796774e-7
[ITP]: 1.4900242706339384e-7
[ITP]: 1.0585745457980522e-7
[ITP]: 7.525113565609587e-8
[ITP]: 5.352267851144177e-8
[ITP]: 3.808635307134267e-8
[ITP]: 2.7113442158110956e-8
[ITP]: 1.9309163601377577e-8
[ITP]: 1.3755872219078924e-8
[ITP]: 9.802639699962867e-9
Energy of ground state: -0.5030607411950042
[TDSE] Start TDSE-SH for elliptical polarized laser. It may cost a plenty of time.
[TDSE] Running TDSE-SH-elliptical. step 0, energy = -0.5030607411950042
par_lens = 0, 0, 0
[TDSE] Running TDSE-SH-elliptical. step 200, energy = -0.5030607411948631
par_lens = 1, 1, 1
[TDSE] Running TDSE-SH-elliptical. step 400, energy = -0.5030607411947223
par_lens = 1, 1, 1
[TDSE] Running TDSE-SH-elliptical. step 600, energy = -0.5030607411945824
par_lens = 1, 1, 1
[TDSE] Running TDSE-SH-elliptical. step 800, energy = -0.5030607411944401
par_lens = 1, 1, 1
[TDSE] Running TDSE-SH-elliptical. step 1000, energy = -0.503060741194298
par_lens = 1, 1, 1
[TDSE] Running TDSE-SH-elliptical. step 1200, energy = -0.5030607411941582
par_lens = 1, 1, 1
[TDSE] Running TDSE-SH-elliptical. step 1400, energy = -0.5030607411940207
par_lens = 1, 1, 1
[TDSE] Running TDSE-SH-elliptical. step 1600, energy = -0.5030607411938827
par_lens = 1, 1, 1
[TDSE] Running TDSE-SH-elliptical. step 1800, energy = -0.5030607411937431
par_lens = 1, 1, 1
[TDSE] Running TDSE-SH-elliptical. step 2000, energy = -0.5030607411936043
par_lens = 1, 1, 1
[TDSE] Running TDSE-SH-elliptical. step 2200, energy = -0.5030607411934634
par_lens = 1, 1, 1
[TDSE] Running TDSE-SH-elliptical. step 2400, energy = -0.5030607411933254
par_lens = 1, 1, 1
[TDSE] Running TDSE-SH-elliptical. step 2600, energy = -0.5030607411931853
par_lens = 1, 1, 1
[TDSE] Running TDSE-SH-elliptical. step 2800, energy = -0.5030607411930469
par_lens = 1, 1, 1
[TDSE] Running TDSE-SH-elliptical. step 3000, energy = -0.503060741192909
par_lens = 1, 1, 1
[TDSE] Running TDSE-SH-elliptical. step 3200, energy = -0.5030607411927689
par_lens = 1, 1, 1
[TDSE] Running TDSE-SH-elliptical. step 3400, energy = -0.503060741192631
par_lens = 1, 1, 1
[TDSE] Running TDSE-SH-elliptical. step 3600, energy = -0.5030607411924892
par_lens = 1, 1, 1
[TDSE] Running TDSE-SH-elliptical. step 3800, energy = -0.5030607411923506
par_lens = 1, 1, 1
[TDSE] Running TDSE-SH-elliptical. step 4000, energy = -0.5030607411922097
par_lens = 1, 1, 1
[TDSE] Running TDSE-SH-elliptical. step 4200, energy = -0.5030607411920698
par_lens = 1, 1, 1
[TDSE] Running TDSE-SH-elliptical. step 4400, energy = -0.5030607411919295
par_lens = 1, 1, 1
[TDSE] Running TDSE-SH-elliptical. step 4600, energy = -0.5030607411917897
par_lens = 1, 1, 1
[TDSE] Running TDSE-SH-elliptical. step 4800, energy = -0.5030607411916498
par_lens = 1, 1, 1
[TDSE] Running TDSE-SH-elliptical. step 5000, energy = -0.5030607411915117
par_lens = 1, 1, 1
[TDSE] Running TDSE-SH-elliptical. step 5200, energy = -0.503060741191373
par_lens = 1, 1, 1
[TDSE] Running TDSE-SH-elliptical. step 5400, energy = -0.5030607411912332
par_lens = 1, 1, 1
[TDSE] Running TDSE-SH-elliptical. step 5600, energy = -0.5030607411910935
par_lens = 1, 1, 1
[TDSE] Running TDSE-SH-elliptical. step 5800, energy = -0.5030607411909532
par_lens = 1, 1, 1
[TDSE] Running TDSE-SH-elliptical. step 6000, energy = -0.5030607411908132
par_lens = 1, 1, 1
[TDSE] Running TDSE-SH-elliptical. step 6200, energy = -0.5030607411906737
par_lens = 1, 1, 1
[TDSE] Running TDSE-SH-elliptical. step 6400, energy = -0.5030607411905355
par_lens = 1, 1, 1
[TDSE] Running TDSE-SH-elliptical. step 6600, energy = -0.5030607411903965
par_lens = 1, 1, 1
[TDSE] Running TDSE-SH-elliptical. step 6800, energy = -0.5030607411902569
par_lens = 1, 1, 1
[TDSE] Running TDSE-SH-elliptical. step 7000, energy = -0.503060741190116
par_lens = 1, 1, 1
[TDSE] Running TDSE-SH-elliptical. step 7200, energy = -0.5030607411899756
par_lens = 1, 1, 1
[TDSE] Running TDSE-SH-elliptical. step 7400, energy = -0.5030607411898371
par_lens = 1, 1, 1
[TDSE] Running TDSE-SH-elliptical. step 7600, energy = -0.5030607411896952
par_lens = 1, 1, 1
[TDSE] Running TDSE-SH-elliptical. step 7800, energy = -0.5030607411895556
par_lens = 1, 1, 1
[TDSE] Running TDSE-SH-elliptical. step 8000, energy = -0.5030607411894166
par_lens = 1, 1, 1
[TDSE] Running TDSE-SH-elliptical. step 8200, energy = -0.5030607411892768
par_lens = 1, 1, 1
[TDSE] Running TDSE-SH-elliptical. step 8400, energy = -0.5030607411891372
par_lens = 1, 1, 1
[TDSE] Running TDSE-SH-elliptical. step 8600, energy = -0.5030607411889971
par_lens = 1, 1, 1
[TDSE] Running TDSE-SH-elliptical. step 8800, energy = -0.5030607411888572
par_lens = 1, 1, 1
[TDSE] Running TDSE-SH-elliptical. step 9000, energy = -0.5030607411887195
par_lens = 1, 1, 1
[TDSE] Running TDSE-SH-elliptical. step 9200, energy = -0.503060741188581
par_lens = 1, 1, 1
[TDSE] Running TDSE-SH-elliptical. step 9400, energy = -0.5030607411884419
par_lens = 1, 1, 1
[TDSE] Running TDSE-SH-elliptical. step 9600, energy = -0.5030607411883015
par_lens = 1, 1, 1
[TDSE] Running TDSE-SH-elliptical. step 9800, energy = -0.5030607411881611
par_lens = 1, 1, 1
[TDSE] Running TDSE-SH-elliptical. step 10000, energy = -0.5030607411880231
par_lens = 1, 1, 1
[TDSE] Running TDSE-SH-elliptical. step 10200, energy = -0.5030607407519172
par_lens = 1, 1, 2
[TDSE] Running TDSE-SH-elliptical. step 10400, energy = -0.5030606937676296
par_lens = 1, 1, 2
[TDSE] Running TDSE-SH-elliptical. step 10600, energy = -0.5030605097929484
par_lens = 2, 2, 2
[TDSE] Running TDSE-SH-elliptical. step 10800, energy = -0.5030601169285974
par_lens = 2, 2, 2
[TDSE] Running TDSE-SH-elliptical. step 11000, energy = -0.5030541832252882
par_lens = 2, 2, 2
[TDSE] Running TDSE-SH-elliptical. step 11200, energy = -0.503022182127538
par_lens = 4, 3, 3
[TDSE] Running TDSE-SH-elliptical. step 11400, energy = -0.5029447472426782
par_lens = 4, 3, 3
[TDSE] Running TDSE-SH-elliptical. step 11600, energy = -0.5028557685789253
par_lens = 4, 3, 3
[TDSE] Running TDSE-SH-elliptical. step 11800, energy = -0.5028547781729972
par_lens = 4, 4, 3
[TDSE] Running TDSE-SH-elliptical. step 12000, energy = -0.5029546085693083
par_lens = 4, 3, 3
[TDSE] Running TDSE-SH-elliptical. step 12200, energy = -0.5029283988561868
par_lens = 4, 4, 3
[TDSE] Running TDSE-SH-elliptical. step 12400, energy = -0.5024608723390099
par_lens = 5, 5, 5
[TDSE] Running TDSE-SH-elliptical. step 12600, energy = -0.5016589050980771
par_lens = 5, 5, 6
[TDSE] Running TDSE-SH-elliptical. step 12800, energy = -0.5012359373549498
par_lens = 6, 6, 7
[TDSE] Running TDSE-SH-elliptical. step 13000, energy = -0.5017755965657499
par_lens = 5, 5, 6
[TDSE] Running TDSE-SH-elliptical. step 13200, energy = -0.502602544274679
par_lens = 5, 4, 5
[TDSE] Running TDSE-SH-elliptical. step 13400, energy = -0.5020284901347419
par_lens = 5, 5, 6
[TDSE] Running TDSE-SH-elliptical. step 13600, energy = -0.499361412736711
par_lens = 8, 7, 7
[TDSE] Running TDSE-SH-elliptical. step 13800, energy = -0.4965654678671878
par_lens = 10, 9, 9
[TDSE] Running TDSE-SH-elliptical. step 14000, energy = -0.49671381965295375
par_lens = 10, 9, 9
[TDSE] Running TDSE-SH-elliptical. step 14200, energy = -0.4998762898248954
par_lens = 10, 10, 9
[TDSE] Running TDSE-SH-elliptical. step 14400, energy = -0.5016558910657248
par_lens = 10, 10, 10
[TDSE] Running TDSE-SH-elliptical. step 14600, energy = -0.4975147223075381
par_lens = 9, 10, 8
[TDSE] Running TDSE-SH-elliptical. step 14800, energy = -0.48932219293294327
par_lens = 12, 12, 13
[TDSE] Running TDSE-SH-elliptical. step 15000, energy = -0.48506738471885763
par_lens = 14, 13, 13
[TDSE] Running TDSE-SH-elliptical. step 15200, energy = -0.49011519443518364
par_lens = 15, 16, 15
[TDSE] Running TDSE-SH-elliptical. step 15400, energy = -0.4985500469144199
par_lens = 17, 18, 16
[TDSE] Running TDSE-SH-elliptical. step 15600, energy = -0.49779228366870315
par_lens = 17, 18, 17
[TDSE] Running TDSE-SH-elliptical. step 15800, energy = -0.4834588284652465
par_lens = 16, 16, 16
[TDSE] Running TDSE-SH-elliptical. step 16000, energy = -0.46799532889218476
par_lens = 20, 20, 21
[TDSE] Running TDSE-SH-elliptical. step 16200, energy = -0.46838770127694473
par_lens = 24, 24, 22
[TDSE] Running TDSE-SH-elliptical. step 16400, energy = -0.4851410141750419
par_lens = 26, 27, 28
[TDSE] Running TDSE-SH-elliptical. step 16600, energy = -0.4969271912870319
par_lens = 29, 29, 30
[TDSE] Running TDSE-SH-elliptical. step 16800, energy = -0.4834702593855915
par_lens = 29, 29, 29
[TDSE] Running TDSE-SH-elliptical. step 17000, energy = -0.45252072919449443
par_lens = 25, 26, 27
[TDSE] Running TDSE-SH-elliptical. step 17200, energy = -0.43615782166739137
par_lens = 34, 34, 32
[TDSE] Running TDSE-SH-elliptical. step 17400, energy = -0.45361342897559553
par_lens = 44, 41, 41
[TDSE] Running TDSE-SH-elliptical. step 17600, energy = -0.48536025500288305
par_lens = 48, 48, 48
[TDSE] Running TDSE-SH-elliptical. step 17800, energy = -0.4884891585366926
par_lens = 49, 50, 49
[TDSE] Running TDSE-SH-elliptical. step 18000, energy = -0.44848095199985105
par_lens = 47, 46, 44
[TDSE] Running TDSE-SH-elliptical. step 18200, energy = -0.40361281722423653
par_lens = 42, 40, 42
[TDSE] Running TDSE-SH-elliptical. step 18400, energy = -0.4034199443933005
par_lens = 61, 59, 59
[TDSE] Running TDSE-SH-elliptical. step 18600, energy = -0.4494995893281195
par_lens = 75, 73, 72
[TDSE] Running TDSE-SH-elliptical. step 18800, energy = -0.4863915577551237
par_lens = 80, 82, 80
[TDSE] Running TDSE-SH-elliptical. step 19000, energy = -0.45909707296717345
par_lens = 81, 83, 80
[TDSE] Running TDSE-SH-elliptical. step 19200, energy = -0.3864788678545202
par_lens = 67, 67, 70
[TDSE] Running TDSE-SH-elliptical. step 19400, energy = -0.3476550305516411
par_lens = 70, 69, 72
[TDSE] Running TDSE-SH-elliptical. step 19600, energy = -0.38455211229044467
par_lens = 102, 101, 101
[TDSE] Running TDSE-SH-elliptical. step 19800, energy = -0.4590166057132418
par_lens = 121, 122, 119
[TDSE] Running TDSE-SH-elliptical. step 20000, energy = -0.47437912206317057
par_lens = 125, 126, 124
[TDSE] Running TDSE-SH-elliptical. step 20200, energy = -0.3966040820231648
par_lens = 115, 119, 120
[TDSE] Running TDSE-SH-elliptical. step 20400, energy = -0.306185633526518
par_lens = 87, 89, 87
[TDSE] Running TDSE-SH-elliptical. step 20600, energy = -0.30568478543127303
par_lens = 117, 118, 118
[TDSE] Running TDSE-SH-elliptical. step 20800, energy = -0.39021011162537095
par_lens = 163, 162, 160
[TDSE] Running TDSE-SH-elliptical. step 21000, energy = -0.4689788914918081
par_lens = 180, 180, 181
[TDSE] Running TDSE-SH-elliptical. step 21200, energy = -0.42868437391451325
par_lens = 182, 182, 184
[TDSE] Running TDSE-SH-elliptical. step 21400, energy = -0.30149218485924195
par_lens = 153, 150, 149
[TDSE] Running TDSE-SH-elliptical. step 21600, energy = -0.23359973319998503
par_lens = 130, 124, 121
[TDSE] Running TDSE-SH-elliptical. step 21800, energy = -0.29388993128621
par_lens = 195, 186, 191
[TDSE] Running TDSE-SH-elliptical. step 22000, energy = -0.4188652356726696
par_lens = 239, 238, 239
[TDSE] Running TDSE-SH-elliptical. step 22200, energy = -0.45669514857333365
par_lens = 249, 247, 249
[TDSE] Running TDSE-SH-elliptical. step 22400, energy = -0.33987162074354843
par_lens = 234, 239, 234
[TDSE] Running TDSE-SH-elliptical. step 22600, energy = -0.19696277990559904
par_lens = 182, 185, 181
[TDSE] Running TDSE-SH-elliptical. step 22800, energy = -0.19935299705426857
par_lens = 208, 201, 201
[TDSE] Running TDSE-SH-elliptical. step 23000, energy = -0.3167120326280908
par_lens = 286, 283, 286
[TDSE] Running TDSE-SH-elliptical. step 23200, energy = -0.44225223759811855
par_lens = 315, 313, 313
[TDSE] Running TDSE-SH-elliptical. step 23400, energy = -0.3983977137639158
par_lens = 314, 310, 309
[TDSE] Running TDSE-SH-elliptical. step 23600, energy = -0.22173193136556538
par_lens = 272, 271, 277
[TDSE] Running TDSE-SH-elliptical. step 23800, energy = -0.12409448532844478
par_lens = 232, 230, 239
[TDSE] Running TDSE-SH-elliptical. step 24000, energy = -0.2084700540174769
par_lens = 303, 303, 302
[TDSE] Running TDSE-SH-elliptical. step 24200, energy = -0.368161378674509
par_lens = 356, 357, 356
[TDSE] Running TDSE-SH-elliptical. step 24400, energy = -0.4319544835219847
par_lens = 366, 364, 363
[TDSE] Running TDSE-SH-elliptical. step 24600, energy = -0.2947556685210374
par_lens = 354, 353, 355
[TDSE] Running TDSE-SH-elliptical. step 24800, energy = -0.11118170707071491
par_lens = 311, 309, 309
[TDSE] Running TDSE-SH-elliptical. step 25000, energy = -0.1147036332950816
par_lens = 311, 315, 312
[TDSE] Running TDSE-SH-elliptical. step 25200, energy = -0.2498752115004399
par_lens = 374, 371, 371
[TDSE] Running TDSE-SH-elliptical. step 25400, energy = -0.40523334418504137
par_lens = 389, 391, 390
[TDSE] Running TDSE-SH-elliptical. step 25600, energy = -0.3695421491555974
par_lens = 390, 391, 388
[TDSE] Running TDSE-SH-elliptical. step 25800, energy = -0.1748658800226702
par_lens = 367, 371, 361
[TDSE] Running TDSE-SH-elliptical. step 26000, energy = -0.05776752939731366
par_lens = 332, 335, 332
[TDSE] Running TDSE-SH-elliptical. step 26200, energy = -0.15375492235012725
par_lens = 368, 369, 370
[TDSE] Running TDSE-SH-elliptical. step 26400, energy = -0.319863415747802
par_lens = 403, 402, 399
[TDSE] Running TDSE-SH-elliptical. step 26600, energy = -0.40204933889242495
par_lens = 404, 402, 403
[TDSE] Running TDSE-SH-elliptical. step 26800, energy = -0.27253578244867427
par_lens = 395, 393, 396
[TDSE] Running TDSE-SH-elliptical. step 27000, energy = -0.0812616138496513
par_lens = 357, 364, 357
[TDSE] Running TDSE-SH-elliptical. step 27200, energy = -0.08264551689541658
par_lens = 353, 359, 348
[TDSE] Running TDSE-SH-elliptical. step 27400, energy = -0.21128840020168285
par_lens = 390, 392, 391
[TDSE] Running TDSE-SH-elliptical. step 27600, energy = -0.36978886878064304
par_lens = 409, 406, 407
[TDSE] Running TDSE-SH-elliptical. step 27800, energy = -0.35049788658008674
par_lens = 405, 403, 404
[TDSE] Running TDSE-SH-elliptical. step 28000, energy = -0.17424940144856402
par_lens = 382, 387, 384
[TDSE] Running TDSE-SH-elliptical. step 28200, energy = -0.06314445797016219
par_lens = 371, 359, 370
[TDSE] Running TDSE-SH-elliptical. step 28400, energy = -0.14450812485233075
par_lens = 386, 384, 385
[TDSE] Running TDSE-SH-elliptical. step 28600, energy = -0.2953025582575679
par_lens = 405, 406, 405
[TDSE] Running TDSE-SH-elliptical. step 28800, energy = -0.3782035901283689
par_lens = 408, 407, 407
[TDSE] Running TDSE-SH-elliptical. step 29000, energy = -0.2756208489478175
par_lens = 400, 402, 402
[TDSE] Running TDSE-SH-elliptical. step 29200, energy = -0.11709954495086286
par_lens = 380, 375, 376
[TDSE] Running TDSE-SH-elliptical. step 29400, energy = -0.1106995166466755
par_lens = 371, 379, 370
[TDSE] Running TDSE-SH-elliptical. step 29600, energy = -0.21307186403902642
par_lens = 398, 396, 396
[TDSE] Running TDSE-SH-elliptical. step 29800, energy = -0.3539586308475733
par_lens = 407, 406, 406
[TDSE] Running TDSE-SH-elliptical. step 30000, energy = -0.34885276025051326
par_lens = 404, 404, 403
[TDSE] Running TDSE-SH-elliptical. step 30200, energy = -0.2137153024958779
par_lens = 400, 399, 397
[TDSE] Running TDSE-SH-elliptical. step 30400, energy = -0.12819468296821482
par_lens = 384, 379, 378
[TDSE] Running TDSE-SH-elliptical. step 30600, energy = -0.17986335239343804
par_lens = 395, 392, 392
[TDSE] Running TDSE-SH-elliptical. step 30800, energy = -0.3004927310274636
par_lens = 407, 405, 406
[TDSE] Running TDSE-SH-elliptical. step 31000, energy = -0.37308507054965057
par_lens = 407, 405, 406
[TDSE] Running TDSE-SH-elliptical. step 31200, energy = -0.30622636120842184
par_lens = 403, 401, 398
[TDSE] Running TDSE-SH-elliptical. step 31400, energy = -0.1993315853205906
par_lens = 391, 385, 389
[TDSE] Running TDSE-SH-elliptical. step 31600, energy = -0.1817553528414267
par_lens = 392, 385, 388
[TDSE] Running TDSE-SH-elliptical. step 31800, energy = -0.25993810559508546
par_lens = 405, 400, 402
[TDSE] Running TDSE-SH-elliptical. step 32000, energy = -0.3617867818743614
par_lens = 406, 406, 406
[TDSE] Running TDSE-SH-elliptical. step 32200, energy = -0.3658735354709407
par_lens = 405, 406, 404
[TDSE] Running TDSE-SH-elliptical. step 32400, energy = -0.2811773723173498
par_lens = 396, 394, 393
[TDSE] Running TDSE-SH-elliptical. step 32600, energy = -0.2250697141498281
par_lens = 391, 388, 391
[TDSE] Running TDSE-SH-elliptical. step 32800, energy = -0.2541366333744884
par_lens = 397, 393, 393
[TDSE] Running TDSE-SH-elliptical. step 33000, energy = -0.3306758060816118
par_lens = 403, 399, 400
[TDSE] Running TDSE-SH-elliptical. step 33200, energy = -0.3830401336191249
par_lens = 406, 403, 406
[TDSE] Running TDSE-SH-elliptical. step 33400, energy = -0.3492042221009155
par_lens = 401, 401, 401
[TDSE] Running TDSE-SH-elliptical. step 33600, energy = -0.2848984320817382
par_lens = 396, 392, 394
[TDSE] Running TDSE-SH-elliptical. step 33800, energy = -0.2759081717580761
par_lens = 393, 388, 390
[TDSE] Running TDSE-SH-elliptical. step 34000, energy = -0.315258291874711
par_lens = 400, 401, 400
[TDSE] Running TDSE-SH-elliptical. step 34200, energy = -0.3755321714209324
par_lens = 403, 404, 404
[TDSE] Running TDSE-SH-elliptical. step 34400, energy = -0.38372797976294454
par_lens = 403, 402, 402
[TDSE] Running TDSE-SH-elliptical. step 34600, energy = -0.3453984936101781
par_lens = 395, 391, 399
[TDSE] Running TDSE-SH-elliptical. step 34800, energy = -0.3094821309751331
par_lens = 391, 393, 390
[TDSE] Running TDSE-SH-elliptical. step 35000, energy = -0.32498257279673476
par_lens = 391, 395, 392
[TDSE] Running TDSE-SH-elliptical. step 35200, energy = -0.36462428731363056
par_lens = 401, 403, 397
[TDSE] Running TDSE-SH-elliptical. step 35400, energy = -0.3917180662521283
par_lens = 406, 400, 401
[TDSE] Running TDSE-SH-elliptical. step 35600, energy = -0.3790564831576687
par_lens = 401, 396, 396
[TDSE] Running TDSE-SH-elliptical. step 35800, energy = -0.35489107150207894
par_lens = 385, 389, 382
[TDSE] Running TDSE-SH-elliptical. step 36000, energy = -0.340370836540814
par_lens = 380, 389, 385
[TDSE] Running TDSE-SH-elliptical. step 36200, energy = -0.3682696987908513
par_lens = 384, 390, 388
[TDSE] Running TDSE-SH-elliptical. step 36400, energy = -0.38748791798100496
par_lens = 385, 394, 395
[TDSE] Running TDSE-SH-elliptical. step 36600, energy = -0.39555832754124226
par_lens = 382, 391, 393
[TDSE] Running TDSE-SH-elliptical. step 36800, energy = -0.3806765969120117
par_lens = 377, 380, 384
[TDSE] Running TDSE-SH-elliptical. step 37000, energy = -0.37021941602194547
par_lens = 369, 377, 367
[TDSE] Running TDSE-SH-elliptical. step 37200, energy = -0.37344826122793623
par_lens = 375, 371, 371
[TDSE] Running TDSE-SH-elliptical. step 37400, energy = -0.38744479965935646
par_lens = 374, 375, 372
[TDSE] Running TDSE-SH-elliptical. step 37600, energy = -0.3986090963927374
par_lens = 366, 369, 373
[TDSE] Running TDSE-SH-elliptical. step 37800, energy = -0.3960913027276338
par_lens = 354, 354, 360
[TDSE] Running TDSE-SH-elliptical. step 38000, energy = -0.3870940130679754
par_lens = 344, 342, 356
[TDSE] Running TDSE-SH-elliptical. step 38200, energy = -0.38779316122257607
par_lens = 327, 333, 335
[TDSE] Running TDSE-SH-elliptical. step 38400, energy = -0.3893532798331028
par_lens = 332, 340, 331
[TDSE] Running TDSE-SH-elliptical. step 38600, energy = -0.39892585810617665
par_lens = 324, 322, 326
[TDSE] Running TDSE-SH-elliptical. step 38800, energy = -0.39963345999402267
par_lens = 310, 317, 316
[TDSE] Running TDSE-SH-elliptical. step 39000, energy = -0.3977750061946425
par_lens = 308, 312, 312
[TDSE] Running TDSE-SH-elliptical. step 39200, energy = -0.3957574803491672
par_lens = 297, 294, 303
[TDSE] Running TDSE-SH-elliptical. step 39400, energy = -0.3958679903076734
par_lens = 295, 295, 298
[TDSE] Running TDSE-SH-elliptical. step 39600, energy = -0.39950485209518277
par_lens = 288, 287, 290
[TDSE] Running TDSE-SH-elliptical. step 39800, energy = -0.4006521858744466
par_lens = 284, 275, 281
[TDSE] Running TDSE-SH-elliptical. step 40000, energy = -0.4011533335328474
par_lens = 272, 270, 273
[TDSE] Running TDSE-SH-elliptical. step 40200, energy = -0.40064776589550904
par_lens = 267, 264, 267
[TDSE] Running TDSE-SH-elliptical. step 40400, energy = -0.40014589866435996
par_lens = 260, 260, 264
[TDSE] Running TDSE-SH-elliptical. step 40600, energy = -0.4012919421867006
par_lens = 253, 254, 256
[TDSE] Running TDSE-SH-elliptical. step 40800, energy = -0.40174990910226244
par_lens = 250, 244, 248
[TDSE] Running TDSE-SH-elliptical. step 41000, energy = -0.40231943859480107
par_lens = 240, 239, 241
[TDSE] Running TDSE-SH-elliptical. step 41200, energy = -0.40259533601422487
par_lens = 237, 234, 237
[TDSE] Running TDSE-SH-elliptical. step 41400, energy = -0.40253584002478915
par_lens = 233, 231, 236
[TDSE] Running TDSE-SH-elliptical. step 41600, energy = -0.40294395540128364
par_lens = 226, 226, 229
[TDSE] Running TDSE-SH-elliptical. step 41800, energy = -0.403239147275133
par_lens = 222, 220, 221
[TDSE] Running TDSE-SH-elliptical. step 42000, energy = -0.4035157228518094
par_lens = 215, 214, 218
[TDSE] Running TDSE-SH-elliptical. step 42200, energy = -0.40383170103121224
par_lens = 211, 207, 209
[TDSE] Running TDSE-SH-elliptical. step 42400, energy = -0.404104295929015
par_lens = 201, 205, 202
[TDSE] Running TDSE-SH-elliptical. step 42600, energy = -0.40440471199874944
par_lens = 196, 199, 199
[TDSE] Running TDSE-SH-elliptical. step 42800, energy = -0.4047132236199813
par_lens = 193, 197, 197
[TDSE] Running TDSE-SH-elliptical. step 43000, energy = -0.40501852743669264
par_lens = 192, 192, 195
[TDSE] Running TDSE-SH-elliptical. step 43200, energy = -0.40533538699052285
par_lens = 191, 190, 188
[TDSE] Running TDSE-SH-elliptical. step 43400, energy = -0.4056638591287075
par_lens = 189, 189, 185
[TDSE] Running TDSE-SH-elliptical. step 43600, energy = -0.4059922889952346
par_lens = 183, 181, 183
[TDSE] Running TDSE-SH-elliptical. step 43800, energy = -0.4063172151318852
par_lens = 180, 180, 183
[TDSE] Running TDSE-SH-elliptical. step 44000, energy = -0.4066613930768365
par_lens = 176, 179, 176
[TDSE] Running TDSE-SH-elliptical. step 44200, energy = -0.4070722290703699
par_lens = 174, 175, 171
[TDSE] Running TDSE-SH-elliptical. step 44400, energy = -0.40753124244353967
par_lens = 171, 169, 171
[TDSE] Running TDSE-SH-elliptical. step 44600, energy = -0.407903401163906
par_lens = 168, 166, 170
[TDSE] Running TDSE-SH-elliptical. step 44800, energy = -0.40810466174037907
par_lens = 166, 165, 164
[TDSE] Running TDSE-SH-elliptical. step 45000, energy = -0.40825583464363285
par_lens = 161, 160, 160
[ITP]: 10000.471108571397
[ITP]: 0.022107823405609905
[ITP]: 0.004976805475414736
[ITP]: 0.0021058954092971205
[ITP]: 0.001084104546129061
[ITP]: 0.0006160870179273692
[ITP]: 0.0003714642087823128
[ITP]: 0.00023286611963801995
[ITP]: 0.0001500123428329614
[ITP]: 9.857967926441003e-5
[ITP]: 6.57601184761436e-5
[ITP]: 4.43786526744816e-5
[ITP]: 3.022437766897479e-5
[ITP]: 2.0735965556739622e-5
[ITP]: 1.4311264988853267e-5
[ITP]: 9.92563006574354e-6
[ITP]: 6.9119921211058255e-6
[ITP]: 4.82976755122877e-6
[ITP]: 3.384510666504248e-6
[ITP]: 2.3775199649023193e-6
[ITP]: 1.6736194445865493e-6
[ITP]: 1.1802274751948616e-6
[ITP]: 8.335748883370186e-7
[ITP]: 5.895273362810372e-7
[ITP]: 4.174150680658073e-7
[ITP]: 2.958509506267859e-7
[ITP]: 2.098764437796774e-7
[ITP]: 1.4900242706339384e-7
[ITP]: 1.0585745457980522e-7
[ITP]: 7.525113565609587e-8
[ITP]: 5.352267851144177e-8
[ITP]: 3.808635307134267e-8
[ITP]: 2.7113442158110956e-8
[ITP]: 1.9309163601377577e-8
[ITP]: 1.3755872219078924e-8
[ITP]: 9.802639699962867e-9
Energy of ground state: -0.5030607411950042
[TDSE] Start TDSE-SH for elliptical polarized laser. It may cost a plenty of time.
[TDSE] Running TDSE-SH-elliptical. step 0, energy = -0.5030607411950042
par_lens = 0, 0, 0
[TDSE] Running TDSE-SH-elliptical. step 200, energy = -0.5030607411948442
par_lens = 1, 1, 2
[TDSE] Running TDSE-SH-elliptical. step 400, energy = -0.503060741192965
par_lens = 1, 1, 2
[TDSE] Running TDSE-SH-elliptical. step 600, energy = -0.5030607411747667
par_lens = 1, 1, 2
[TDSE] Running TDSE-SH-elliptical. step 800, energy = -0.5030607410857321
par_lens = 1, 1, 2
[TDSE] Running TDSE-SH-elliptical. step 1000, energy = -0.5030607407914817
par_lens = 1, 1, 2
[TDSE] Running TDSE-SH-elliptical. step 1200, energy = -0.5030607400355934
par_lens = 1, 1, 2
[TDSE] Running TDSE-SH-elliptical. step 1400, energy = -0.5030607383816688
par_lens = 1, 1, 2
[TDSE] Running TDSE-SH-elliptical. step 1600, energy = -0.5030607351845982
par_lens = 1, 1, 2
[TDSE] Running TDSE-SH-elliptical. step 1800, energy = -0.5030607295249082
par_lens = 1, 1, 2
[TDSE] Running TDSE-SH-elliptical. step 2000, energy = -0.5030607202278257
par_lens = 1, 1, 2
[TDSE] Running TDSE-SH-elliptical. step 2200, energy = -0.5030607057595302
par_lens = 1, 1, 2
[TDSE] Running TDSE-SH-elliptical. step 2400, energy = -0.5030606843944874
par_lens = 1, 1, 2
[TDSE] Running TDSE-SH-elliptical. step 2600, energy = -0.5030606539593908
par_lens = 1, 2, 2
[TDSE] Running TDSE-SH-elliptical. step 2800, energy = -0.503060612315032
par_lens = 2, 2, 2
[TDSE] Running TDSE-SH-elliptical. step 3000, energy = -0.5030605566528454
par_lens = 2, 2, 2
[TDSE] Running TDSE-SH-elliptical. step 3200, energy = -0.5030604849397972
par_lens = 2, 2, 2
[TDSE] Running TDSE-SH-elliptical. step 3400, energy = -0.5030603936698153
par_lens = 2, 2, 2
[TDSE] Running TDSE-SH-elliptical. step 3600, energy = -0.5030602814272483
par_lens = 2, 2, 2
[TDSE] Running TDSE-SH-elliptical. step 3800, energy = -0.5030601445424605
par_lens = 2, 2, 2
[TDSE] Running TDSE-SH-elliptical. step 4000, energy = -0.5030599825833364
par_lens = 2, 2, 2
[TDSE] Running TDSE-SH-elliptical. step 4200, energy = -0.5030597916320847
par_lens = 2, 2, 2
[TDSE] Running TDSE-SH-elliptical. step 4400, energy = -0.5030595736691159
par_lens = 2, 2, 2
[TDSE] Running TDSE-SH-elliptical. step 4600, energy = -0.5030593247624954
par_lens = 2, 2, 2
[TDSE] Running TDSE-SH-elliptical. step 4800, energy = -0.5030590482693167
par_lens = 2, 2, 2
[TDSE] Running TDSE-SH-elliptical. step 5000, energy = -0.5030587427976505
par_lens = 2, 2, 2
[TDSE] Running TDSE-SH-elliptical. step 5200, energy = -0.5030584125331052
par_lens = 2, 2, 2
[TDSE] Running TDSE-SH-elliptical. step 5400, energy = -0.5030580577795966
par_lens = 2, 2, 2
[TDSE] Running TDSE-SH-elliptical. step 5600, energy = -0.5030576847301821
par_lens = 2, 2, 2
[TDSE] Running TDSE-SH-elliptical. step 5800, energy = -0.5030572963985744
par_lens = 2, 2, 2
[TDSE] Running TDSE-SH-elliptical. step 6000, energy = -0.503056898169864
par_lens = 2, 2, 2
[TDSE] Running TDSE-SH-elliptical. step 6200, energy = -0.5030564982608138
par_lens = 2, 2, 2
[TDSE] Running TDSE-SH-elliptical. step 6400, energy = -0.5030560995849007
par_lens = 2, 2, 2
[TDSE] Running TDSE-SH-elliptical. step 6600, energy = -0.5030557140762429
par_lens = 2, 2, 2
[TDSE] Running TDSE-SH-elliptical. step 6800, energy = -0.5030553457176044
par_lens = 2, 2, 2
[TDSE] Running TDSE-SH-elliptical. step 7000, energy = -0.5030550050293224
par_lens = 2, 2, 2
[TDSE] Running TDSE-SH-elliptical. step 7200, energy = -0.5030546957186852
par_lens = 2, 2, 2
[TDSE] Running TDSE-SH-elliptical. step 7400, energy = -0.5030544327239502
par_lens = 2, 2, 2
[TDSE] Running TDSE-SH-elliptical. step 7600, energy = -0.5030542144524645
par_lens = 2, 2, 2
[TDSE] Running TDSE-SH-elliptical. step 7800, energy = -0.5030540533468971
par_lens = 2, 2, 2
[TDSE] Running TDSE-SH-elliptical. step 8000, energy = -0.5030539525502874
par_lens = 2, 2, 2
[TDSE] Running TDSE-SH-elliptical. step 8200, energy = -0.5030539183261685
par_lens = 2, 2, 2
[TDSE] Running TDSE-SH-elliptical. step 8400, energy = -0.5030539503587449
par_lens = 2, 2, 2
[TDSE] Running TDSE-SH-elliptical. step 8600, energy = -0.5030540548682252
par_lens = 2, 2, 2
[TDSE] Running TDSE-SH-elliptical. step 8800, energy = -0.5030542279127941
par_lens = 2, 2, 2
[TDSE] Running TDSE-SH-elliptical. step 9000, energy = -0.5030544724251782
par_lens = 2, 2, 2
[TDSE] Running TDSE-SH-elliptical. step 9200, energy = -0.5030547805684022
par_lens = 2, 2, 2
[TDSE] Running TDSE-SH-elliptical. step 9400, energy = -0.5030551510468587
par_lens = 2, 2, 2
[TDSE] Running TDSE-SH-elliptical. step 9600, energy = -0.5030555748532438
par_lens = 2, 2, 2
[TDSE] Running TDSE-SH-elliptical. step 9800, energy = -0.5030560473428666
par_lens = 2, 2, 2
[TDSE] Running TDSE-SH-elliptical. step 10000, energy = -0.5030565518034004
par_lens = 2, 2, 2
[TDSE] Running TDSE-SH-elliptical. step 10200, energy = -0.5030570393493103
par_lens = 2, 2, 2
[TDSE] Running TDSE-SH-elliptical. step 10400, energy = -0.503056918860583
par_lens = 2, 2, 2
[TDSE] Running TDSE-SH-elliptical. step 10600, energy = -0.5030567025809017
par_lens = 2, 2, 2
[TDSE] Running TDSE-SH-elliptical. step 10800, energy = -0.5030583694560666
par_lens = 2, 2, 2
[TDSE] Running TDSE-SH-elliptical. step 11000, energy = -0.5030577282687657
par_lens = 2, 2, 2
[TDSE] Running TDSE-SH-elliptical. step 11200, energy = -0.5030331458246726
par_lens = 4, 3, 3
[TDSE] Running TDSE-SH-elliptical. step 11400, energy = -0.5029612103415592
par_lens = 4, 3, 3
[TDSE] Running TDSE-SH-elliptical. step 11600, energy = -0.5028718492458942
par_lens = 4, 3, 3
[TDSE] Running TDSE-SH-elliptical. step 11800, energy = -0.5028640077092631
par_lens = 4, 3, 3
[TDSE] Running TDSE-SH-elliptical. step 12000, energy = -0.502956151666215
par_lens = 4, 3, 3
[TDSE] Running TDSE-SH-elliptical. step 12200, energy = -0.5029315552987859
par_lens = 4, 4, 3
[TDSE] Running TDSE-SH-elliptical. step 12400, energy = -0.5024833899792798
par_lens = 5, 5, 5
[TDSE] Running TDSE-SH-elliptical. step 12600, energy = -0.5017166660156382
par_lens = 5, 5, 6
[TDSE] Running TDSE-SH-elliptical. step 12800, energy = -0.5013274351224654
par_lens = 6, 6, 6
[TDSE] Running TDSE-SH-elliptical. step 13000, energy = -0.501867867937221
par_lens = 5, 5, 6
[TDSE] Running TDSE-SH-elliptical. step 13200, energy = -0.5026317342826245
par_lens = 5, 4, 5
[TDSE] Running TDSE-SH-elliptical. step 13400, energy = -0.5019186169678663
par_lens = 6, 5, 6
[TDSE] Running TDSE-SH-elliptical. step 13600, energy = -0.4990631217061867
par_lens = 8, 7, 7
[TDSE] Running TDSE-SH-elliptical. step 13800, energy = -0.49609944270313383
par_lens = 10, 9, 9
[TDSE] Running TDSE-SH-elliptical. step 14000, energy = -0.49619830867771564
par_lens = 10, 10, 9
[TDSE] Running TDSE-SH-elliptical. step 14200, energy = -0.49951547760174003
par_lens = 10, 10, 10
[TDSE] Running TDSE-SH-elliptical. step 14400, energy = -0.5016820016921951
par_lens = 11, 10, 10
[TDSE] Running TDSE-SH-elliptical. step 14600, energy = -0.4980908189015431
par_lens = 9, 10, 9
[TDSE] Running TDSE-SH-elliptical. step 14800, energy = -0.49043536149098443
par_lens = 12, 11, 12
[TDSE] Running TDSE-SH-elliptical. step 15000, energy = -0.4864718148768397
par_lens = 14, 13, 13
[TDSE] Running TDSE-SH-elliptical. step 15200, energy = -0.4913457611535533
par_lens = 15, 15, 14
[TDSE] Running TDSE-SH-elliptical. step 15400, energy = -0.49905032160761437
par_lens = 17, 17, 16
[TDSE] Running TDSE-SH-elliptical. step 15600, energy = -0.497106345533998
par_lens = 16, 17, 16
[TDSE] Running TDSE-SH-elliptical. step 15800, energy = -0.4814578002465344
par_lens = 16, 16, 16
[TDSE] Running TDSE-SH-elliptical. step 16000, energy = -0.465030481585967
par_lens = 20, 20, 21
[TDSE] Running TDSE-SH-elliptical. step 16200, energy = -0.4652705237690738
par_lens = 24, 24, 23
[TDSE] Running TDSE-SH-elliptical. step 16400, energy = -0.4829662346123364
par_lens = 28, 28, 29
[TDSE] Running TDSE-SH-elliptical. step 16600, energy = -0.49671377196842065
par_lens = 31, 30, 30
[TDSE] Running TDSE-SH-elliptical. step 16800, energy = -0.4857628596634208
par_lens = 30, 30, 31
  Activating project at `~/JuliaProp_v0.1`
[TDSE] Running TDSE-SH-elliptical. step 17000, energy = -0.4570417103022108
par_lens = 26, 26, 27
[TDSE] Running TDSE-SH-elliptical. step 17200, energy = -0.4417326184298412
par_lens = 34, 32, 33
[TDSE] Running TDSE-SH-elliptical. step 17400, energy = -0.4584590688412582
par_lens = 40, 40, 40
[TDSE] Running TDSE-SH-elliptical. step 17600, energy = -0.48753379589511664
par_lens = 46, 46, 46
[TDSE] Running TDSE-SH-elliptical. step 17800, energy = -0.4866235115207716
par_lens = 46, 48, 47
[TDSE] Running TDSE-SH-elliptical. step 18000, energy = -0.4423725074815732
par_lens = 42, 39, 38
[TDSE] Running TDSE-SH-elliptical. step 18200, energy = -0.39460038583118096
par_lens = 44, 42, 42
[TDSE] Running TDSE-SH-elliptical. step 18400, energy = -0.3940523460981356
par_lens = 60, 60, 60
[TDSE] Running TDSE-SH-elliptical. step 18600, energy = -0.44284797712590684
par_lens = 78, 78, 76
[TDSE] Running TDSE-SH-elliptical. step 18800, energy = -0.485181049491641
par_lens = 86, 86, 87
[TDSE] Running TDSE-SH-elliptical. step 19000, energy = -0.4646018375245609
par_lens = 88, 89, 90
[TDSE] Running TDSE-SH-elliptical. step 19200, energy = -0.3977348987323001
par_lens = 77, 80, 71
[TDSE] Running TDSE-SH-elliptical. step 19400, energy = -0.3614231472332492
par_lens = 67, 67, 68
[TDSE] Running TDSE-SH-elliptical. step 19600, energy = -0.39661703106383733
par_lens = 95, 97, 96
[TDSE] Running TDSE-SH-elliptical. step 19800, energy = -0.46476656134701666
par_lens = 114, 111, 112
[TDSE] Running TDSE-SH-elliptical. step 20000, energy = -0.47092619920166284
par_lens = 117, 116, 116
[TDSE] Running TDSE-SH-elliptical. step 20200, energy = -0.38359515772440866
par_lens = 104, 104, 106
[TDSE] Running TDSE-SH-elliptical. step 20400, energy = -0.28682666357702796
par_lens = 91, 88, 91
[TDSE] Running TDSE-SH-elliptical. step 20600, energy = -0.28580210016876223
par_lens = 127, 127, 127
[TDSE] Running TDSE-SH-elliptical. step 20800, energy = -0.3756157085812175
par_lens = 171, 172, 171
[TDSE] Running TDSE-SH-elliptical. step 21000, energy = -0.4654725355109803
par_lens = 197, 197, 196
[TDSE] Running TDSE-SH-elliptical. step 21200, energy = -0.43853677848364214
par_lens = 201, 202, 203
[TDSE] Running TDSE-SH-elliptical. step 21400, energy = -0.32271297525967435
par_lens = 175, 181, 178
[TDSE] Running TDSE-SH-elliptical. step 21600, energy = -0.25955446792523007
par_lens = 135, 135, 131
[TDSE] Running TDSE-SH-elliptical. step 21800, energy = -0.31666652930023836
par_lens = 178, 181, 176
[TDSE] Running TDSE-SH-elliptical. step 22000, energy = -0.43039569146920514
par_lens = 228, 225, 227
[TDSE] Running TDSE-SH-elliptical. step 22200, energy = -0.4518942232573543
par_lens = 232, 226, 227
[TDSE] Running TDSE-SH-elliptical. step 22400, energy = -0.31809203884770587
par_lens = 210, 205, 201
[TDSE] Running TDSE-SH-elliptical. step 22600, energy = -0.16376410171766975
par_lens = 164, 160, 159
[TDSE] Running TDSE-SH-elliptical. step 22800, energy = -0.16572831727042558
par_lens = 213, 211, 211
[TDSE] Running TDSE-SH-elliptical. step 23000, energy = -0.2910827841438153
par_lens = 299, 299, 299
[TDSE] Running TDSE-SH-elliptical. step 23200, energy = -0.4348183312592177
par_lens = 343, 344, 342
[TDSE] Running TDSE-SH-elliptical. step 23400, energy = -0.4123131534949927
par_lens = 347, 347, 349
[TDSE] Running TDSE-SH-elliptical. step 23600, energy = -0.2539825269969669
par_lens = 316, 315, 314
[TDSE] Running TDSE-SH-elliptical. step 23800, energy = -0.1640662634875293
par_lens = 266, 269, 264
[TDSE] Running TDSE-SH-elliptical. step 24000, energy = -0.24322427859470389
par_lens = 285, 287, 287
[TDSE] Running TDSE-SH-elliptical. step 24200, energy = -0.38699197393098633
par_lens = 344, 348, 351
[TDSE] Running TDSE-SH-elliptical. step 24400, energy = -0.4268222216507837
par_lens = 358, 359, 361
[TDSE] Running TDSE-SH-elliptical. step 24600, energy = -0.2648360396956152
par_lens = 340, 337, 344
[TDSE] Running TDSE-SH-elliptical. step 24800, energy = -0.0642860627399347
par_lens = 290, 306, 303
[TDSE] Running TDSE-SH-elliptical. step 25000, energy = -0.06732719932625927
par_lens = 345, 345, 342
[TDSE] Running TDSE-SH-elliptical. step 25200, energy = -0.21286290666593516
par_lens = 396, 395, 397
[TDSE] Running TDSE-SH-elliptical. step 25400, energy = -0.39266719994296995
par_lens = 408, 408, 408
[TDSE] Running TDSE-SH-elliptical. step 25600, energy = -0.38559856866034814
par_lens = 407, 408, 406
[TDSE] Running TDSE-SH-elliptical. step 25800, energy = -0.2157849014769504
par_lens = 390, 391, 389
[TDSE] Running TDSE-SH-elliptical. step 26000, energy = -0.10912328157247564
par_lens = 359, 361, 357
[TDSE] Running TDSE-SH-elliptical. step 26200, energy = -0.19850386470257356
par_lens = 353, 355, 354
[TDSE] Running TDSE-SH-elliptical. step 26400, energy = -0.3453377445733017
par_lens = 385, 387, 382
[TDSE] Running TDSE-SH-elliptical. step 26600, energy = -0.3973673979657593
par_lens = 397, 395, 395
[TDSE] Running TDSE-SH-elliptical. step 26800, energy = -0.23695706761455398
par_lens = 395, 387, 385
[TDSE] Running TDSE-SH-elliptical. step 27000, energy = -0.02510697854069815
par_lens = 388, 390, 386
[TDSE] Running TDSE-SH-elliptical. step 27200, energy = -0.024930710517820778
par_lens = 408, 405, 407
[TDSE] Running TDSE-SH-elliptical. step 27400, energy = -0.1660126006948815
par_lens = 409, 408, 408
[TDSE] Running TDSE-SH-elliptical. step 27600, energy = -0.3527515696426754
par_lens = 409, 408, 408
[TDSE] Running TDSE-SH-elliptical. step 27800, energy = -0.3664167604644673
par_lens = 409, 408, 408
[TDSE] Running TDSE-SH-elliptical. step 28000, energy = -0.2186791289394692
par_lens = 409, 408, 408
[TDSE] Running TDSE-SH-elliptical. step 28200, energy = -0.12003246158738126
par_lens = 409, 408, 408
[TDSE] Running TDSE-SH-elliptical. step 28400, energy = -0.19408806513608126
par_lens = 409, 408, 408
[TDSE] Running TDSE-SH-elliptical. step 28600, energy = -0.3242868060105882
par_lens = 409, 408, 408
[TDSE] Running TDSE-SH-elliptical. step 28800, energy = -0.3743178975006969
par_lens = 409, 408, 408
[TDSE] Running TDSE-SH-elliptical. step 29000, energy = -0.23783991356420858
par_lens = 409, 408, 408
[TDSE] Running TDSE-SH-elliptical. step 29200, energy = -0.058372199845045894
par_lens = 409, 408, 408
[TDSE] Running TDSE-SH-elliptical. step 29400, energy = -0.04844569179561061
par_lens = 409, 408, 408
[TDSE] Running TDSE-SH-elliptical. step 29600, energy = -0.16401965181580236
par_lens = 409, 408, 408
[TDSE] Running TDSE-SH-elliptical. step 29800, energy = -0.3339351051483537
par_lens = 409, 408, 408
[TDSE] Running TDSE-SH-elliptical. step 30000, energy = -0.36282151220786524
par_lens = 409, 408, 408
[TDSE] Running TDSE-SH-elliptical. step 30200, energy = -0.2575972989140663
par_lens = 409, 408, 408
[TDSE] Running TDSE-SH-elliptical. step 30400, energy = -0.1833879436987543
par_lens = 409, 408, 408
[TDSE] Running TDSE-SH-elliptical. step 30600, energy = -0.23049878851004169
par_lens = 409, 408, 408
[TDSE] Running TDSE-SH-elliptical. step 30800, energy = -0.32880190292246125
par_lens = 409, 408, 408
[TDSE] Running TDSE-SH-elliptical. step 31000, energy = -0.36954619334171934
par_lens = 409, 408, 408
[TDSE] Running TDSE-SH-elliptical. step 31200, energy = -0.27058836162511213
par_lens = 409, 408, 408
[TDSE] Running TDSE-SH-elliptical. step 31400, energy = -0.14121766393709762
par_lens = 409, 408, 408
[TDSE] Running TDSE-SH-elliptical. step 31600, energy = -0.12231461961331011
par_lens = 409, 408, 408
[TDSE] Running TDSE-SH-elliptical. step 31800, energy = -0.2114401007735591
par_lens = 409, 408, 408
[TDSE] Running TDSE-SH-elliptical. step 32000, energy = -0.34097401254433457
par_lens = 409, 408, 408
[TDSE] Running TDSE-SH-elliptical. step 32200, energy = -0.3758503624073738
par_lens = 409, 408, 408
[TDSE] Running TDSE-SH-elliptical. step 32400, energy = -0.3194128229732965
par_lens = 409, 408, 408
[TDSE] Running TDSE-SH-elliptical. step 32600, energy = -0.2721186797674949
par_lens = 409, 408, 408
[TDSE] Running TDSE-SH-elliptical. step 32800, energy = -0.2998989408505839
par_lens = 409, 408, 408
[TDSE] Running TDSE-SH-elliptical. step 33000, energy = -0.3569071657296928
par_lens = 409, 408, 408
[TDSE] Running TDSE-SH-elliptical. step 33200, energy = -0.3808750351651228
par_lens = 409, 408, 408
[TDSE] Running TDSE-SH-elliptical. step 33400, energy = -0.3178751908283787
par_lens = 409, 408, 408
[TDSE] Running TDSE-SH-elliptical. step 33600, energy = -0.23465200288505728
par_lens = 409, 408, 408
[TDSE] Running TDSE-SH-elliptical. step 33800, energy = -0.2242668418302693
par_lens = 409, 408, 408
[TDSE] Running TDSE-SH-elliptical. step 34000, energy = -0.27143683622569176
par_lens = 409, 408, 408
[TDSE] Running TDSE-SH-elliptical. step 34200, energy = -0.354517707977899
par_lens = 409, 408, 408
[TDSE] Running TDSE-SH-elliptical. step 34400, energy = -0.3884827896356962
par_lens = 409, 408, 408
[TDSE] Running TDSE-SH-elliptical. step 34600, energy = -0.3720869604437837
par_lens = 409, 408, 408
[TDSE] Running TDSE-SH-elliptical. step 34800, energy = -0.3466640704820199
par_lens = 409, 408, 408
[TDSE] Running TDSE-SH-elliptical. step 35000, energy = -0.3588552245877773
par_lens = 409, 408, 408
[TDSE] Running TDSE-SH-elliptical. step 35200, energy = -0.3833354877358244
par_lens = 409, 408, 408
[TDSE] Running TDSE-SH-elliptical. step 35400, energy = -0.3889961884001281
par_lens = 409, 408, 408
[TDSE] Running TDSE-SH-elliptical. step 35600, energy = -0.3547849855775844
par_lens = 409, 408, 408
[TDSE] Running TDSE-SH-elliptical. step 35800, energy = -0.3173090057293537
par_lens = 409, 408, 408
[TDSE] Running TDSE-SH-elliptical. step 36000, energy = -0.29871272361238943
par_lens = 409, 408, 408
[TDSE] Running TDSE-SH-elliptical. step 36200, energy = -0.3358519350319749
par_lens = 409, 408, 408
[TDSE] Running TDSE-SH-elliptical. step 36400, energy = -0.36750753051182217
par_lens = 409, 408, 408
[TDSE] Running TDSE-SH-elliptical. step 36600, energy = -0.39490359983485196
par_lens = 409, 408, 408
[TDSE] Running TDSE-SH-elliptical. step 36800, energy = -0.39477424192067384
par_lens = 409, 408, 408
[TDSE] Running TDSE-SH-elliptical. step 37000, energy = -0.38980232421991146
par_lens = 409, 408, 408
[TDSE] Running TDSE-SH-elliptical. step 37200, energy = -0.39309160827581474
par_lens = 409, 408, 408
[TDSE] Running TDSE-SH-elliptical. step 37400, energy = -0.39713425522029094
par_lens = 409, 408, 408
[TDSE] Running TDSE-SH-elliptical. step 37600, energy = -0.3941607519341629
par_lens = 409, 408, 408
[TDSE] Running TDSE-SH-elliptical. step 37800, energy = -0.38108386173592856
par_lens = 409, 408, 408
[TDSE] Running TDSE-SH-elliptical. step 38000, energy = -0.36188770768627
par_lens = 409, 408, 408
[TDSE] Running TDSE-SH-elliptical. step 38200, energy = -0.3609550866449257
par_lens = 409, 408, 408
[TDSE] Running TDSE-SH-elliptical. step 38400, energy = -0.36664777290524947
par_lens = 409, 408, 408
[TDSE] Running TDSE-SH-elliptical. step 38600, energy = -0.3844145835117071
par_lens = 409, 408, 408
[TDSE] Running TDSE-SH-elliptical. step 38800, energy = -0.39310847584225084
par_lens = 409, 408, 408
[TDSE] Running TDSE-SH-elliptical. step 39000, energy = -0.39936413611905874
par_lens = 409, 408, 408
[TDSE] Running TDSE-SH-elliptical. step 39200, energy = -0.40044476772756554
par_lens = 409, 408, 408
[TDSE] Running TDSE-SH-elliptical. step 39400, energy = -0.4005470644062805
par_lens = 409, 408, 408
[TDSE] Running TDSE-SH-elliptical. step 39600, energy = -0.39870987570583777
par_lens = 409, 408, 408
[TDSE] Running TDSE-SH-elliptical. step 39800, energy = -0.39621466688504664
par_lens = 409, 408, 408
[TDSE] Running TDSE-SH-elliptical. step 40000, energy = -0.39010078109576873
par_lens = 409, 408, 408
[TDSE] Running TDSE-SH-elliptical. step 40200, energy = -0.38767014443430325
par_lens = 409, 408, 408
[TDSE] Running TDSE-SH-elliptical. step 40400, energy = -0.38486972587696766
par_lens = 409, 408, 408
[TDSE] Running TDSE-SH-elliptical. step 40600, energy = -0.3879189978473558
par_lens = 409, 408, 408
[TDSE] Running TDSE-SH-elliptical. step 40800, energy = -0.3907250544851736
par_lens = 409, 408, 408
[TDSE] Running TDSE-SH-elliptical. step 41000, energy = -0.3942468140582928
par_lens = 409, 408, 408
[TDSE] Running TDSE-SH-elliptical. step 41200, energy = -0.39523053673250835
par_lens = 409, 408, 408
[TDSE] Running TDSE-SH-elliptical. step 41400, energy = -0.396678763029989
par_lens = 409, 408, 408
[TDSE] Running TDSE-SH-elliptical. step 41600, energy = -0.3969401662410985
par_lens = 409, 408, 408
[TDSE] Running TDSE-SH-elliptical. step 41800, energy = -0.3961602119572563
par_lens = 409, 408, 408
[TDSE] Running TDSE-SH-elliptical. step 42000, energy = -0.3959111603188754
par_lens = 409, 408, 408
[TDSE] Running TDSE-SH-elliptical. step 42200, energy = -0.3950984325335733
par_lens = 409, 408, 408
[TDSE] Running TDSE-SH-elliptical. step 42400, energy = -0.3956146470682182
par_lens = 409, 408, 408
[TDSE] Running TDSE-SH-elliptical. step 42600, energy = -0.39557092135026223
par_lens = 409, 408, 408
[TDSE] Running TDSE-SH-elliptical. step 42800, energy = -0.39649964659866155
par_lens = 409, 408, 408
[TDSE] Running TDSE-SH-elliptical. step 43000, energy = -0.39503865530851423
par_lens = 409, 408, 408
[TDSE] Running TDSE-SH-elliptical. step 43200, energy = -0.39727173841109215
par_lens = 409, 408, 408
[TDSE] Running TDSE-SH-elliptical. step 43400, energy = -0.3962008160096776
par_lens = 409, 408, 408
[TDSE] Running TDSE-SH-elliptical. step 43600, energy = -0.39757532060554107
par_lens = 409, 408, 408
[TDSE] Running TDSE-SH-elliptical. step 43800, energy = -0.3964212585485097
par_lens = 409, 408, 408
[TDSE] Running TDSE-SH-elliptical. step 44000, energy = -0.3982246524779349
par_lens = 409, 408, 408
[TDSE] Running TDSE-SH-elliptical. step 44200, energy = -0.3970876021586158
par_lens = 409, 408, 408
[TDSE] Running TDSE-SH-elliptical. step 44400, energy = -0.399178962440079
par_lens = 409, 408, 408
[TDSE] Running TDSE-SH-elliptical. step 44600, energy = -0.39719725140913653
par_lens = 409, 408, 408
[TDSE] Running TDSE-SH-elliptical. step 44800, energy = -0.39925768704543474
par_lens = 409, 408, 408
[TDSE] Running TDSE-SH-elliptical. step 45000, energy = -0.39876006895154004
par_lens = 409, 408, 408
