  Activating project at `~/JuliaProp_v0.1`
[ITP]: 10000.471108571397
[ITP]: 0.022107823405609905
[ITP]: 0.004976805475414736
[ITP]: 0.0021058954092971205
[ITP]: 0.001084104546129061
[ITP]: 0.0006160870179273692
[ITP]: 0.0003714642087823128
[ITP]: 0.00023286611963801995
[ITP]: 0.0001500123428329614
[ITP]: 9.857967926441003e-5
[ITP]: 6.57601184761436e-5
[ITP]: 4.43786526744816e-5
[ITP]: 3.022437766897479e-5
[ITP]: 2.0735965556739622e-5
[ITP]: 1.4311264988853267e-5
[ITP]: 9.92563006574354e-6
[ITP]: 6.9119921211058255e-6
[ITP]: 4.82976755122877e-6
[ITP]: 3.384510666504248e-6
[ITP]: 2.3775199649023193e-6
[ITP]: 1.6736194445865493e-6
[ITP]: 1.1802274751948616e-6
[ITP]: 8.335748883370186e-7
[ITP]: 5.895273362810372e-7
[ITP]: 4.174150680658073e-7
[ITP]: 2.958509506267859e-7
[ITP]: 2.098764437796774e-7
[ITP]: 1.4900242706339384e-7
[ITP]: 1.0585745457980522e-7
[ITP]: 7.525113565609587e-8
[ITP]: 5.352267851144177e-8
[ITP]: 3.808635307134267e-8
[ITP]: 2.7113442158110956e-8
[ITP]: 1.9309163601377577e-8
[ITP]: 1.3755872219078924e-8
[ITP]: 9.802639699962867e-9
Energy of ground state: -0.5030607411950042
[TDSE] Start TDSE-SH for elliptical polarized laser. It may cost a plenty of time.
[TDSE] Running TDSE-SH-elliptical. step 0, energy = -0.5030607411950033
  |->  par_lens = 1, 1, 1
[TDSE] Running TDSE-SH-elliptical. step 200, energy = -0.5030607411948628
  |->  par_lens = 1, 1, 1
[TDSE] Running TDSE-SH-elliptical. step 400, energy = -0.5030607411946859
  |->  par_lens = 1, 1, 2
[TDSE] Running TDSE-SH-elliptical. step 600, energy = -0.503060741194204
  |->  par_lens = 1, 1, 2
[TDSE] Running TDSE-SH-elliptical. step 800, energy = -0.5030607411923066
  |->  par_lens = 1, 1, 2
[TDSE] Running TDSE-SH-elliptical. step 1000, energy = -0.5030607411860415
  |->  par_lens = 1, 1, 2
[TDSE] Running TDSE-SH-elliptical. step 1200, energy = -0.5030607411696639
  |->  par_lens = 1, 1, 2
[TDSE] Running TDSE-SH-elliptical. step 1400, energy = -0.5030607411324342
  |->  par_lens = 1, 1, 2
[TDSE] Running TDSE-SH-elliptical. step 1600, energy = -0.5030607410579914
  |->  par_lens = 1, 1, 2
[TDSE] Running TDSE-SH-elliptical. step 1800, energy = -0.5030607409205137
  |->  par_lens = 1, 1, 2
[TDSE] Running TDSE-SH-elliptical. step 2000, energy = -0.5030607406855626
  |->  par_lens = 1, 1, 2
[TDSE] Running TDSE-SH-elliptical. step 2200, energy = -0.5030607403034051
  |->  par_lens = 1, 1, 2
[TDSE] Running TDSE-SH-elliptical. step 2400, energy = -0.5030607397140454
  |->  par_lens = 1, 1, 2
[TDSE] Running TDSE-SH-elliptical. step 2600, energy = -0.5030607388343499
  |->  par_lens = 1, 1, 2
[TDSE] Running TDSE-SH-elliptical. step 2800, energy = -0.50306073757297
  |->  par_lens = 1, 1, 2
[TDSE] Running TDSE-SH-elliptical. step 3000, energy = -0.5030607358013897
  |->  par_lens = 1, 1, 2
[TDSE] Running TDSE-SH-elliptical. step 3200, energy = -0.5030607333999331
  |->  par_lens = 1, 1, 2
[TDSE] Running TDSE-SH-elliptical. step 3400, energy = -0.5030607301783974
  |->  par_lens = 1, 1, 2
[TDSE] Running TDSE-SH-elliptical. step 3600, energy = -0.5030607259921788
  |->  par_lens = 1, 1, 2
[TDSE] Running TDSE-SH-elliptical. step 3800, energy = -0.5030607205879345
  |->  par_lens = 1, 1, 2
[TDSE] Running TDSE-SH-elliptical. step 4000, energy = -0.5030607138000732
  |->  par_lens = 1, 2, 2
[TDSE] Running TDSE-SH-elliptical. step 4200, energy = -0.5030607052892027
  |->  par_lens = 2, 2, 2
[TDSE] Running TDSE-SH-elliptical. step 4400, energy = -0.5030606949122444
  |->  par_lens = 2, 2, 2
[TDSE] Running TDSE-SH-elliptical. step 4600, energy = -0.5030606822392131
  |->  par_lens = 2, 2, 2
[TDSE] Running TDSE-SH-elliptical. step 4800, energy = -0.5030606671046981
  |->  par_lens = 2, 2, 2
[TDSE] Running TDSE-SH-elliptical. step 5000, energy = -0.5030606490838718
  |->  par_lens = 2, 2, 2
[TDSE] Running TDSE-SH-elliptical. step 5200, energy = -0.5030606279651825
  |->  par_lens = 2, 2, 2
[TDSE] Running TDSE-SH-elliptical. step 5400, energy = -0.5030606033040539
  |->  par_lens = 2, 2, 2
[TDSE] Running TDSE-SH-elliptical. step 5600, energy = -0.5030605748890404
  |->  par_lens = 2, 2, 2
[TDSE] Running TDSE-SH-elliptical. step 5800, energy = -0.5030605423528827
  |->  par_lens = 2, 2, 2
[TDSE] Running TDSE-SH-elliptical. step 6000, energy = -0.5030605053115839
  |->  par_lens = 2, 2, 2
[TDSE] Running TDSE-SH-elliptical. step 6200, energy = -0.5030604637051316
  |->  par_lens = 2, 2, 2
[TDSE] Running TDSE-SH-elliptical. step 6400, energy = -0.5030604168640515
  |->  par_lens = 2, 2, 2
[TDSE] Running TDSE-SH-elliptical. step 6600, energy = -0.5030603650183512
  |->  par_lens = 2, 2, 2
[TDSE] Running TDSE-SH-elliptical. step 6800, energy = -0.5030603074627401
  |->  par_lens = 2, 2, 2
[TDSE] Running TDSE-SH-elliptical. step 7000, energy = -0.5030602445262704
  |->  par_lens = 2, 2, 2
[TDSE] Running TDSE-SH-elliptical. step 7200, energy = -0.503060175286715
  |->  par_lens = 2, 2, 2
[TDSE] Running TDSE-SH-elliptical. step 7400, energy = -0.5030601007772647
  |->  par_lens = 2, 2, 2
[TDSE] Running TDSE-SH-elliptical. step 7600, energy = -0.503060019649011
  |->  par_lens = 2, 2, 2
[TDSE] Running TDSE-SH-elliptical. step 7800, energy = -0.5030599328600416
  |->  par_lens = 2, 2, 2
[TDSE] Running TDSE-SH-elliptical. step 8000, energy = -0.503059839842537
  |->  par_lens = 2, 2, 2
[TDSE] Running TDSE-SH-elliptical. step 8200, energy = -0.5030597412503955
  |->  par_lens = 2, 2, 2
[TDSE] Running TDSE-SH-elliptical. step 8400, energy = -0.5030596363848104
  |->  par_lens = 2, 2, 2
[TDSE] Running TDSE-SH-elliptical. step 8600, energy = -0.5030595262420567
  |->  par_lens = 2, 2, 2
[TDSE] Running TDSE-SH-elliptical. step 8800, energy = -0.5030594106569649
  |->  par_lens = 2, 2, 2
[TDSE] Running TDSE-SH-elliptical. step 9000, energy = -0.5030592897767454
  |->  par_lens = 2, 2, 2
[TDSE] Running TDSE-SH-elliptical. step 9200, energy = -0.5030591644823021
  |->  par_lens = 2, 2, 2
[TDSE] Running TDSE-SH-elliptical. step 9400, energy = -0.5030590341598649
  |->  par_lens = 2, 2, 2
[TDSE] Running TDSE-SH-elliptical. step 9600, energy = -0.5030589004828709
  |->  par_lens = 2, 2, 2
[TDSE] Running TDSE-SH-elliptical. step 9800, energy = -0.5030587627598611
  |->  par_lens = 2, 2, 2
[TDSE] Running TDSE-SH-elliptical. step 10000, energy = -0.5030586223884216
  |->  par_lens = 2, 2, 2
[TDSE] Running TDSE-SH-elliptical. step 10200, energy = -0.5030584158903942
  |->  par_lens = 2, 2, 2
[TDSE] Running TDSE-SH-elliptical. step 10400, energy = -0.50305755807822
  |->  par_lens = 2, 2, 2
[TDSE] Running TDSE-SH-elliptical. step 10600, energy = -0.5030567483731655
  |->  par_lens = 2, 2, 2
[TDSE] Running TDSE-SH-elliptical. step 10800, energy = -0.503058570955298
  |->  par_lens = 2, 2, 2
[TDSE] Running TDSE-SH-elliptical. step 11000, energy = -0.5030589364526632
  |->  par_lens = 2, 2, 2
[TDSE] Running TDSE-SH-elliptical. step 11200, energy = -0.5030342983057746
  |->  par_lens = 4, 3, 3
[TDSE] Running TDSE-SH-elliptical. step 11400, energy = -0.5029628906221414
  |->  par_lens = 4, 3, 3
[TDSE] Running TDSE-SH-elliptical. step 11600, energy = -0.5028873929237527
  |->  par_lens = 5, 5, 5
[TDSE] Running TDSE-SH-elliptical. step 11800, energy = -0.5029140630198651
  |->  par_lens = 4, 4, 3
[TDSE] Running TDSE-SH-elliptical. step 12000, energy = -0.5030255522515432
  |->  par_lens = 4, 3, 3
[TDSE] Running TDSE-SH-elliptical. step 12200, energy = -0.5029247655390747
  |->  par_lens = 4, 4, 4
[TDSE] Running TDSE-SH-elliptical. step 12400, energy = -0.5022756977844947
  |->  par_lens = 5, 5, 5
[TDSE] Running TDSE-SH-elliptical. step 12600, energy = -0.5013095546770677
  |->  par_lens = 7, 7, 7
[TDSE] Running TDSE-SH-elliptical. step 12800, energy = -0.5009390488384428
  |->  par_lens = 7, 7, 7
[TDSE] Running TDSE-SH-elliptical. step 13000, energy = -0.5017732799293895
  |->  par_lens = 7, 7, 7
[TDSE] Running TDSE-SH-elliptical. step 13200, energy = -0.5028491485237003
  |->  par_lens = 6, 7, 7
[TDSE] Running TDSE-SH-elliptical. step 13400, energy = -0.5021521676785016
  |->  par_lens = 7, 7, 7
[TDSE] Running TDSE-SH-elliptical. step 13600, energy = -0.499108798454292
  |->  par_lens = 10, 9, 9
[TDSE] Running TDSE-SH-elliptical. step 13800, energy = -0.4962664390989581
  |->  par_lens = 10, 10, 10
[TDSE] Running TDSE-SH-elliptical. step 14000, energy = -0.4970404526592803
  |->  par_lens = 10, 10, 10
[TDSE] Running TDSE-SH-elliptical. step 14200, energy = -0.5009153936464467
  |->  par_lens = 12, 12, 12
[TDSE] Running TDSE-SH-elliptical. step 14400, energy = -0.5023706785666183
  |->  par_lens = 12, 12, 12
[TDSE] Running TDSE-SH-elliptical. step 14600, energy = -0.49663375077053934
  |->  par_lens = 11, 11, 12
[TDSE] Running TDSE-SH-elliptical. step 14800, energy = -0.4869851626504281
  |->  par_lens = 15, 15, 15
[TDSE] Running TDSE-SH-elliptical. step 15000, energy = -0.4831794167439861
  |->  par_lens = 17, 17, 16
[TDSE] Running TDSE-SH-elliptical. step 15200, energy = -0.49049532255217737
  |->  par_lens = 20, 19, 19
[TDSE] Running TDSE-SH-elliptical. step 15400, energy = -0.5006075107630739
  |->  par_lens = 22, 22, 23
[TDSE] Running TDSE-SH-elliptical. step 15600, energy = -0.49876749944140286
  |->  par_lens = 22, 22, 22
[TDSE] Running TDSE-SH-elliptical. step 15800, energy = -0.48164779444278116
  |->  par_lens = 22, 21, 20
[TDSE] Running TDSE-SH-elliptical. step 16000, energy = -0.465361667108617
  |->  par_lens = 24, 25, 25
[TDSE] Running TDSE-SH-elliptical. step 16200, energy = -0.4687357108444282
  |->  par_lens = 29, 29, 28
[TDSE] Running TDSE-SH-elliptical. step 16400, energy = -0.48938085926784636
  |->  par_lens = 34, 33, 33
[TDSE] Running TDSE-SH-elliptical. step 16600, energy = -0.5007475508094167
  |->  par_lens = 36, 36, 36
[TDSE] Running TDSE-SH-elliptical. step 16800, energy = -0.4814706649867481
  |->  par_lens = 33, 32, 36
[TDSE] Running TDSE-SH-elliptical. step 17000, energy = -0.4450016134842485
  |->  par_lens = 33, 33, 32
[TDSE] Running TDSE-SH-elliptical. step 17200, energy = -0.43000316875267314
  |->  par_lens = 42, 42, 42
[TDSE] Running TDSE-SH-elliptical. step 17400, energy = -0.4550187653625638
  |->  par_lens = 54, 53, 54
[TDSE] Running TDSE-SH-elliptical. step 17600, energy = -0.4924277914601194
  |->  par_lens = 62, 61, 61
[TDSE] Running TDSE-SH-elliptical. step 17800, energy = -0.4921806944905737
  |->  par_lens = 63, 65, 63
[TDSE] Running TDSE-SH-elliptical. step 18000, energy = -0.44318337407200153
  |->  par_lens = 62, 58, 60
[TDSE] Running TDSE-SH-elliptical. step 18200, energy = -0.3951922626125818
  |->  par_lens = 54, 56, 57
[TDSE] Running TDSE-SH-elliptical. step 18400, energy = -0.40262254580343615
  |->  par_lens = 77, 74, 74
[TDSE] Running TDSE-SH-elliptical. step 18600, energy = -0.4598925580722822
  |->  par_lens = 93, 93, 93
[TDSE] Running TDSE-SH-elliptical. step 18800, energy = -0.4969196942994033
  |->  par_lens = 100, 99, 98
[TDSE] Running TDSE-SH-elliptical. step 19000, energy = -0.4561453748310731
  |->  par_lens = 99, 100, 96
[TDSE] Running TDSE-SH-elliptical. step 19200, energy = -0.3701190470878324
  |->  par_lens = 79, 80, 85
[TDSE] Running TDSE-SH-elliptical. step 19400, energy = -0.33434344342325695
  |->  par_lens = 97, 94, 99
[TDSE] Running TDSE-SH-elliptical. step 19600, energy = -0.3866860382367011
  |->  par_lens = 130, 133, 129
[TDSE] Running TDSE-SH-elliptical. step 19800, energy = -0.47474644048904086
  |->  par_lens = 155, 157, 158
[TDSE] Running TDSE-SH-elliptical. step 20000, energy = -0.4831059545364286
  |->  par_lens = 161, 162, 161
[TDSE] Running TDSE-SH-elliptical. step 20200, energy = -0.3863683272066549
  |->  par_lens = 149, 151, 149
[TDSE] Running TDSE-SH-elliptical. step 20400, energy = -0.28813311920680845
  |->  par_lens = 126, 131, 126
[TDSE] Running TDSE-SH-elliptical. step 20600, energy = -0.3026277346136486
  |->  par_lens = 154, 151, 153
[TDSE] Running TDSE-SH-elliptical. step 20800, energy = -0.4083373290449437
  |->  par_lens = 205, 206, 206
[TDSE] Running TDSE-SH-elliptical. step 21000, energy = -0.48884826894197697
  |->  par_lens = 225, 227, 225
[TDSE] Running TDSE-SH-elliptical. step 21200, energy = -0.42523447834786976
  |->  par_lens = 227, 229, 227
[TDSE] Running TDSE-SH-elliptical. step 21400, energy = -0.2742497713532277
  |->  par_lens = 190, 192, 194
[TDSE] Running TDSE-SH-elliptical. step 21600, energy = -0.21129211817635898
  |->  par_lens = 173, 183, 175
[TDSE] Running TDSE-SH-elliptical. step 21800, energy = -0.29431271308697865
  |->  par_lens = 246, 244, 243
[TDSE] Running TDSE-SH-elliptical. step 22000, energy = -0.4458598783280979
  |->  par_lens = 305, 306, 306
[TDSE] Running TDSE-SH-elliptical. step 22200, energy = -0.4714081287917558
  |->  par_lens = 319, 316, 316
[TDSE] Running TDSE-SH-elliptical. step 22400, energy = -0.32428715287824944
  |->  par_lens = 296, 301, 297
[TDSE] Running TDSE-SH-elliptical. step 22600, energy = -0.16739257220424986
  |->  par_lens = 265, 266, 269
[TDSE] Running TDSE-SH-elliptical. step 22800, energy = -0.1950798942241167
  |->  par_lens = 275, 277, 280
[TDSE] Running TDSE-SH-elliptical. step 23000, energy = -0.3379617752733871
  |->  par_lens = 358, 354, 355
[TDSE] Running TDSE-SH-elliptical. step 23200, energy = -0.47052805637853073
  |->  par_lens = 397, 395, 396
[TDSE] Running TDSE-SH-elliptical. step 23400, energy = -0.3947475651539233
  |->  par_lens = 392, 390, 393
[TDSE] Running TDSE-SH-elliptical. step 23600, energy = -0.18522652554244928
  |->  par_lens = 356, 353, 355
[TDSE] Running TDSE-SH-elliptical. step 23800, energy = -0.0927700164380126
  |->  par_lens = 337, 331, 326
[TDSE] Running TDSE-SH-elliptical. step 24000, energy = -0.20644130294499596
  |->  par_lens = 395, 394, 390
[TDSE] Running TDSE-SH-elliptical. step 24200, energy = -0.40314085010176354
  |->  par_lens = 474, 472, 473
[TDSE] Running TDSE-SH-elliptical. step 24400, energy = -0.4507785887632245
  |->  par_lens = 490, 488, 489
[TDSE] Running TDSE-SH-elliptical. step 24600, energy = -0.2753349373679728
  |->  par_lens = 464, 464, 472
[TDSE] Running TDSE-SH-elliptical. step 24800, energy = -0.07286261183929055
  |->  par_lens = 444, 439, 448
[TDSE] Running TDSE-SH-elliptical. step 25000, energy = -0.10856838198600419
  |->  par_lens = 447, 454, 439
[TDSE] Running TDSE-SH-elliptical. step 25200, energy = -0.26526336166781717
  |->  par_lens = 514, 502, 510
[TDSE] Running TDSE-SH-elliptical. step 25400, energy = -0.434107143213098
  |->  par_lens = 547, 548, 549
[TDSE] Running TDSE-SH-elliptical. step 25600, energy = -0.36370723993840226
  |->  par_lens = 544, 543, 547
[TDSE] Running TDSE-SH-elliptical. step 25800, energy = -0.13627007787688158
  |->  par_lens = 531, 529, 531
[TDSE] Running TDSE-SH-elliptical. step 26000, energy = -0.021674552858832817
  |->  par_lens = 507, 514, 510
[TDSE] Running TDSE-SH-elliptical. step 26200, energy = -0.1480700107080099
  |->  par_lens = 540, 545, 533
[TDSE] Running TDSE-SH-elliptical. step 26400, energy = -0.35294937523417325
  |->  par_lens = 575, 578, 576
[TDSE] Running TDSE-SH-elliptical. step 26600, energy = -0.4197691295719173
  |->  par_lens = 584, 584, 583
[TDSE] Running TDSE-SH-elliptical. step 26800, energy = -0.2509696030702
  |->  par_lens = 576, 575, 578
[TDSE] Running TDSE-SH-elliptical. step 27000, energy = -0.039669234913518724
  |->  par_lens = 571, 561, 564
[TDSE] Running TDSE-SH-elliptical. step 27200, energy = -0.07613431534646943
  |->  par_lens = 565, 563, 565
[TDSE] Running TDSE-SH-elliptical. step 27400, energy = -0.22075265390237933
  |->  par_lens = 583, 584, 583
[TDSE] Running TDSE-SH-elliptical. step 27600, energy = -0.39401917110086276
  |->  par_lens = 588, 586, 585
[TDSE] Running TDSE-SH-elliptical. step 27800, energy = -0.3433225911029151
  |->  par_lens = 588, 586, 585
[TDSE] Running TDSE-SH-elliptical. step 28000, energy = -0.13441785561661165
  |->  par_lens = 587, 581, 583
[TDSE] Running TDSE-SH-elliptical. step 28200, energy = -0.026889373479862567
  |->  par_lens = 572, 571, 574
[TDSE] Running TDSE-SH-elliptical. step 28400, energy = -0.13423342182441023
  |->  par_lens = 582, 585, 583
[TDSE] Running TDSE-SH-elliptical. step 28600, energy = -0.3166141535475258
  |->  par_lens = 588, 590, 588
[TDSE] Running TDSE-SH-elliptical. step 28800, energy = -0.3847295016556975
  |->  par_lens = 590, 590, 589
[TDSE] Running TDSE-SH-elliptical. step 29000, energy = -0.25061962020957007
  |->  par_lens = 590, 590, 589
[TDSE] Running TDSE-SH-elliptical. step 29200, energy = -0.08143944416191791
  |->  par_lens = 586, 582, 584
[TDSE] Running TDSE-SH-elliptical. step 29400, energy = -0.09406785604432485
  |->  par_lens = 580, 579, 585
[TDSE] Running TDSE-SH-elliptical. step 29600, energy = -0.21174603836185227
  |->  par_lens = 589, 589, 589
[TDSE] Running TDSE-SH-elliptical. step 29800, energy = -0.36506300888048976
  |->  par_lens = 590, 590, 590
[TDSE] Running TDSE-SH-elliptical. step 30000, energy = -0.3342533137728485
  |->  par_lens = 590, 590, 590
[TDSE] Running TDSE-SH-elliptical. step 30200, energy = -0.17600122691612954
  |->  par_lens = 590, 584, 590
[TDSE] Running TDSE-SH-elliptical. step 30400, energy = -0.09465694447219349
  |->  par_lens = 584, 583, 583
[TDSE] Running TDSE-SH-elliptical. step 30600, energy = -0.15939881641944612
  |->  par_lens = 588, 589, 590
[TDSE] Running TDSE-SH-elliptical. step 30800, energy = -0.30481939390815754
  |->  par_lens = 590, 590, 590
[TDSE] Running TDSE-SH-elliptical. step 31000, energy = -0.3687592016665807
  |->  par_lens = 590, 590, 590
[TDSE] Running TDSE-SH-elliptical. step 31200, energy = -0.2847424363869558
  |->  par_lens = 590, 590, 590
[TDSE] Running TDSE-SH-elliptical. step 31400, energy = -0.162532529820202
  |->  par_lens = 589, 589, 589
[TDSE] Running TDSE-SH-elliptical. step 31600, energy = -0.16342354725769667
  |->  par_lens = 589, 586, 588
[TDSE] Running TDSE-SH-elliptical. step 31800, energy = -0.25097440232103535
  |->  par_lens = 586, 588, 589
[TDSE] Running TDSE-SH-elliptical. step 32000, energy = -0.35973618005298624
  |->  par_lens = 589, 589, 589
[TDSE] Running TDSE-SH-elliptical. step 32200, energy = -0.3488721641687149
  |->  par_lens = 588, 589, 589
[TDSE] Running TDSE-SH-elliptical. step 32400, energy = -0.24712311828161068
  |->  par_lens = 589, 587, 589
[TDSE] Running TDSE-SH-elliptical. step 32600, energy = -0.19755795683219787
  |->  par_lens = 585, 586, 588
[TDSE] Running TDSE-SH-elliptical. step 32800, energy = -0.23188760850849133
  |->  par_lens = 587, 590, 589
[TDSE] Running TDSE-SH-elliptical. step 33000, energy = -0.3228619972432628
  |->  par_lens = 589, 590, 590
[TDSE] Running TDSE-SH-elliptical. step 33200, energy = -0.3713195939952262
  |->  par_lens = 589, 589, 590
[TDSE] Running TDSE-SH-elliptical. step 33400, energy = -0.32170868280342907
  |->  par_lens = 588, 589, 590
[TDSE] Running TDSE-SH-elliptical. step 33600, energy = -0.25457390161561255
  |->  par_lens = 586, 587, 587
[TDSE] Running TDSE-SH-elliptical. step 33800, energy = -0.2535548627692907
  |->  par_lens = 587, 586, 587
[TDSE] Running TDSE-SH-elliptical. step 34000, energy = -0.3014723170490167
  |->  par_lens = 586, 586, 586
[TDSE] Running TDSE-SH-elliptical. step 34200, energy = -0.3623704183705997
  |->  par_lens = 585, 587, 585
[TDSE] Running TDSE-SH-elliptical. step 34400, energy = -0.3632968771021122
  |->  par_lens = 584, 587, 585
[TDSE] Running TDSE-SH-elliptical. step 34600, energy = -0.3140657758600851
  |->  par_lens = 584, 581, 583
[TDSE] Running TDSE-SH-elliptical. step 34800, energy = -0.2779072462715239
  |->  par_lens = 572, 572, 575
[TDSE] Running TDSE-SH-elliptical. step 35000, energy = -0.3002785142628258
  |->  par_lens = 573, 571, 571
[TDSE] Running TDSE-SH-elliptical. step 35200, energy = -0.3465845061036976
  |->  par_lens = 573, 569, 568
[TDSE] Running TDSE-SH-elliptical. step 35400, energy = -0.3716300293090733
  |->  par_lens = 567, 568, 562
[TDSE] Running TDSE-SH-elliptical. step 35600, energy = -0.353873261403094
  |->  par_lens = 558, 557, 554
[TDSE] Running TDSE-SH-elliptical. step 35800, energy = -0.3289961206421745
  |->  par_lens = 532, 537, 536
[TDSE] Running TDSE-SH-elliptical. step 36000, energy = -0.31364928290920746
  |->  par_lens = 504, 495, 496
[TDSE] Running TDSE-SH-elliptical. step 36200, energy = -0.3494298540669045
  |->  par_lens = 467, 473, 473
[TDSE] Running TDSE-SH-elliptical. step 36400, energy = -0.36599418472490997
  |->  par_lens = 457, 456, 463
[TDSE] Running TDSE-SH-elliptical. step 36600, energy = -0.37095392256374354
  |->  par_lens = 448, 446, 448
[TDSE] Running TDSE-SH-elliptical. step 36800, energy = -0.35430503908636624
  |->  par_lens = 430, 427, 426
[TDSE] Running TDSE-SH-elliptical. step 37000, energy = -0.3415778380279854
  |->  par_lens = 410, 402, 405
[TDSE] Running TDSE-SH-elliptical. step 37200, energy = -0.3483320310443544
  |->  par_lens = 405, 412, 407
[TDSE] Running TDSE-SH-elliptical. step 37400, energy = -0.36287015984948906
  |->  par_lens = 411, 415, 418
[TDSE] Running TDSE-SH-elliptical. step 37600, energy = -0.3743028876626929
  |->  par_lens = 412, 412, 415
[TDSE] Running TDSE-SH-elliptical. step 37800, energy = -0.37105045512686224
  |->  par_lens = 410, 408, 407
[TDSE] Running TDSE-SH-elliptical. step 38000, energy = -0.36121392062235796
  |->  par_lens = 403, 402, 398
[TDSE] Running TDSE-SH-elliptical. step 38200, energy = -0.36261810327017663
  |->  par_lens = 393, 383, 379
[TDSE] Running TDSE-SH-elliptical. step 38400, energy = -0.3643570179051837
  |->  par_lens = 373, 363, 356
[TDSE] Running TDSE-SH-elliptical. step 38600, energy = -0.374394386135891
  |->  par_lens = 364, 354, 348
[TDSE] Running TDSE-SH-elliptical. step 38800, energy = -0.3742204638271567
  |->  par_lens = 355, 349, 345
[TDSE] Running TDSE-SH-elliptical. step 39000, energy = -0.37178410056216776
  |->  par_lens = 352, 344, 340
[TDSE] Running TDSE-SH-elliptical. step 39200, energy = -0.3690797713631557
  |->  par_lens = 344, 343, 342
[TDSE] Running TDSE-SH-elliptical. step 39400, energy = -0.3693973545718151
  |->  par_lens = 350, 345, 340
[TDSE] Running TDSE-SH-elliptical. step 39600, energy = -0.3739803008393442
  |->  par_lens = 353, 347, 343
[TDSE] Running TDSE-SH-elliptical. step 39800, energy = -0.37474827080637046
  |->  par_lens = 347, 343, 342
[TDSE] Running TDSE-SH-elliptical. step 40000, energy = -0.37533241612482626
  |->  par_lens = 345, 338, 338
[TDSE] Running TDSE-SH-elliptical. step 40200, energy = -0.37487883996886906
  |->  par_lens = 335, 330, 334
[TDSE] Running TDSE-SH-elliptical. step 40400, energy = -0.37400564753046645
  |->  par_lens = 331, 325, 321
[TDSE] Running TDSE-SH-elliptical. step 40600, energy = -0.3759036081230182
  |->  par_lens = 323, 316, 316
[TDSE] Running TDSE-SH-elliptical. step 40800, energy = -0.37576805342810193
  |->  par_lens = 308, 305, 310
[TDSE] Running TDSE-SH-elliptical. step 41000, energy = -0.3762704763669586
  |->  par_lens = 302, 301, 301
[TDSE] Running TDSE-SH-elliptical. step 41200, energy = -0.37662715168327404
  |->  par_lens = 301, 298, 299
[TDSE] Running TDSE-SH-elliptical. step 41400, energy = -0.3763138761113025
  |->  par_lens = 298, 295, 296
[TDSE] Running TDSE-SH-elliptical. step 41600, energy = -0.37688158912361625
  |->  par_lens = 296, 294, 295
[TDSE] Running TDSE-SH-elliptical. step 41800, energy = -0.3771744117640615
  |->  par_lens = 295, 292, 291
[TDSE] Running TDSE-SH-elliptical. step 42000, energy = -0.37761259089896076
  |->  par_lens = 292, 291, 290
[TDSE] Running TDSE-SH-elliptical. step 42200, energy = -0.37782107837323664
  |->  par_lens = 288, 289, 286
[TDSE] Running TDSE-SH-elliptical. step 42400, energy = -0.3782660163994942
  |->  par_lens = 287, 288, 286
[TDSE] Running TDSE-SH-elliptical. step 42600, energy = -0.37861971615772155
  |->  par_lens = 286, 286, 285
[TDSE] Running TDSE-SH-elliptical. step 42800, energy = -0.378920175951927
  |->  par_lens = 286, 284, 282
[TDSE] Running TDSE-SH-elliptical. step 43000, energy = -0.37935050613068944
  |->  par_lens = 285, 281, 281
