  Activating project at `~/JuliaProp_v0.1`
[ITP]: 10000.471108571397
[ITP]: 0.022107823405609905
[ITP]: 0.004976805475414736
[ITP]: 0.0021058954092971205
[ITP]: 0.001084104546129061
[ITP]: 0.0006160870179273692
[ITP]: 0.0003714642087823128
[ITP]: 0.00023286611963801995
[ITP]: 0.0001500123428329614
[ITP]: 9.857967926441003e-5
[ITP]: 6.57601184761436e-5
[ITP]: 4.43786526744816e-5
[ITP]: 3.022437766897479e-5
[ITP]: 2.0735965556739622e-5
[ITP]: 1.4311264988853267e-5
[ITP]: 9.92563006574354e-6
[ITP]: 6.9119921211058255e-6
[ITP]: 4.82976755122877e-6
[ITP]: 3.384510666504248e-6
[ITP]: 2.3775199649023193e-6
[ITP]: 1.6736194445865493e-6
[ITP]: 1.1802274751948616e-6
[ITP]: 8.335748883370186e-7
[ITP]: 5.895273362810372e-7
[ITP]: 4.174150680658073e-7
[ITP]: 2.958509506267859e-7
[ITP]: 2.098764437796774e-7
[ITP]: 1.4900242706339384e-7
[ITP]: 1.0585745457980522e-7
[ITP]: 7.525113565609587e-8
[ITP]: 5.352267851144177e-8
[ITP]: 3.808635307134267e-8
[ITP]: 2.7113442158110956e-8
[ITP]: 1.9309163601377577e-8
[ITP]: 1.3755872219078924e-8
[ITP]: 9.802639699962867e-9
Energy of ground state: -0.5030607411950042
[TDSE] Start TDSE-SH for elliptical polarized laser. It may cost a plenty of time.
[TDSE] Running TDSE-SH-elliptical. step 0, energy = -0.5030607411950033
  |->  par_lens = 1, 1, 1
[TDSE] Running TDSE-SH-elliptical. step 200, energy = -0.5030607411948621
  |->  par_lens = 1, 1, 1
[TDSE] Running TDSE-SH-elliptical. step 400, energy = -0.5030607411947172
  |->  par_lens = 1, 1, 2
[TDSE] Running TDSE-SH-elliptical. step 600, energy = -0.5030607411944764
  |->  par_lens = 1, 1, 2
[TDSE] Running TDSE-SH-elliptical. step 800, energy = -0.5030607411939122
  |->  par_lens = 1, 1, 2
[TDSE] Running TDSE-SH-elliptical. step 1000, energy = -0.5030607411922318
  |->  par_lens = 1, 1, 2
[TDSE] Running TDSE-SH-elliptical. step 1200, energy = -0.5030607411880177
  |->  par_lens = 1, 1, 2
[TDSE] Running TDSE-SH-elliptical. step 1400, energy = -0.5030607411784208
  |->  par_lens = 1, 1, 2
[TDSE] Running TDSE-SH-elliptical. step 1600, energy = -0.5030607411593957
  |->  par_lens = 1, 1, 2
[TDSE] Running TDSE-SH-elliptical. step 1800, energy = -0.503060741123654
  |->  par_lens = 1, 1, 2
[TDSE] Running TDSE-SH-elliptical. step 2000, energy = -0.503060741060421
  |->  par_lens = 1, 1, 2
[TDSE] Running TDSE-SH-elliptical. step 2200, energy = -0.5030607409540466
  |->  par_lens = 1, 1, 2
[TDSE] Running TDSE-SH-elliptical. step 2400, energy = -0.5030607407831922
  |->  par_lens = 1, 1, 2
[TDSE] Running TDSE-SH-elliptical. step 2600, energy = -0.5030607405185197
  |->  par_lens = 1, 1, 2
[TDSE] Running TDSE-SH-elliptical. step 2800, energy = -0.5030607401226423
  |->  par_lens = 1, 1, 2
[TDSE] Running TDSE-SH-elliptical. step 3000, energy = -0.503060739544785
  |->  par_lens = 1, 1, 2
[TDSE] Running TDSE-SH-elliptical. step 3200, energy = -0.5030607387275634
  |->  par_lens = 1, 1, 2
[TDSE] Running TDSE-SH-elliptical. step 3400, energy = -0.5030607375876838
  |->  par_lens = 1, 1, 2
[TDSE] Running TDSE-SH-elliptical. step 3600, energy = -0.5030607360429912
  |->  par_lens = 1, 1, 2
[TDSE] Running TDSE-SH-elliptical. step 3800, energy = -0.50306073396906
  |->  par_lens = 1, 1, 2
[TDSE] Running TDSE-SH-elliptical. step 4000, energy = -0.5030607312542679
  |->  par_lens = 1, 1, 2
[TDSE] Running TDSE-SH-elliptical. step 4200, energy = -0.5030607277149047
  |->  par_lens = 1, 1, 2
[TDSE] Running TDSE-SH-elliptical. step 4400, energy = -0.5030607232192209
  |->  par_lens = 1, 1, 2
[TDSE] Running TDSE-SH-elliptical. step 4600, energy = -0.5030607175114788
  |->  par_lens = 1, 1, 2
[TDSE] Running TDSE-SH-elliptical. step 4800, energy = -0.5030607104165501
  |->  par_lens = 2, 2, 2
[TDSE] Running TDSE-SH-elliptical. step 5000, energy = -0.5030607016335791
  |->  par_lens = 2, 2, 2
[TDSE] Running TDSE-SH-elliptical. step 5200, energy = -0.5030606909266975
  |->  par_lens = 2, 2, 2
[TDSE] Running TDSE-SH-elliptical. step 5400, energy = -0.503060677933805
  |->  par_lens = 2, 2, 2
[TDSE] Running TDSE-SH-elliptical. step 5600, energy = -0.5030606623674362
  |->  par_lens = 2, 2, 2
[TDSE] Running TDSE-SH-elliptical. step 5800, energy = -0.5030606438481622
  |->  par_lens = 2, 2, 2
[TDSE] Running TDSE-SH-elliptical. step 6000, energy = -0.5030606219417662
  |->  par_lens = 2, 2, 2
[TDSE] Running TDSE-SH-elliptical. step 6200, energy = -0.5030605963744321
  |->  par_lens = 2, 2, 2
[TDSE] Running TDSE-SH-elliptical. step 6400, energy = -0.5030605664909992
  |->  par_lens = 2, 2, 2
[TDSE] Running TDSE-SH-elliptical. step 6600, energy = -0.5030605321282736
  |->  par_lens = 2, 2, 2
[TDSE] Running TDSE-SH-elliptical. step 6800, energy = -0.5030604925287332
  |->  par_lens = 2, 2, 2
[TDSE] Running TDSE-SH-elliptical. step 7000, energy = -0.5030604475704956
  |->  par_lens = 2, 2, 2
[TDSE] Running TDSE-SH-elliptical. step 7200, energy = -0.5030603962615909
  |->  par_lens = 2, 2, 2
[TDSE] Running TDSE-SH-elliptical. step 7400, energy = -0.5030603388974033
  |->  par_lens = 2, 2, 2
[TDSE] Running TDSE-SH-elliptical. step 7600, energy = -0.5030602741621116
  |->  par_lens = 2, 2, 2
[TDSE] Running TDSE-SH-elliptical. step 7800, energy = -0.5030602022664615
  |->  par_lens = 2, 2, 2
[TDSE] Running TDSE-SH-elliptical. step 8000, energy = -0.5030601223637952
  |->  par_lens = 2, 2, 2
[TDSE] Running TDSE-SH-elliptical. step 8200, energy = -0.5030600344668145
  |->  par_lens = 2, 2, 2
[TDSE] Running TDSE-SH-elliptical. step 8400, energy = -0.5030599376098385
  |->  par_lens = 2, 2, 2
[TDSE] Running TDSE-SH-elliptical. step 8600, energy = -0.5030598320147175
  |->  par_lens = 2, 2, 2
[TDSE] Running TDSE-SH-elliptical. step 8800, energy = -0.5030597172255756
  |->  par_lens = 2, 2, 2
[TDSE] Running TDSE-SH-elliptical. step 9000, energy = -0.5030595926694051
  |->  par_lens = 2, 2, 2
[TDSE] Running TDSE-SH-elliptical. step 9200, energy = -0.5030594589247119
  |->  par_lens = 2, 2, 2
[TDSE] Running TDSE-SH-elliptical. step 9400, energy = -0.503059314738623
  |->  par_lens = 2, 2, 2
[TDSE] Running TDSE-SH-elliptical. step 9600, energy = -0.5030591614433777
  |->  par_lens = 2, 2, 2
[TDSE] Running TDSE-SH-elliptical. step 9800, energy = -0.5030589977121909
  |->  par_lens = 2, 2, 2
[TDSE] Running TDSE-SH-elliptical. step 10000, energy = -0.5030588249727418
  |->  par_lens = 2, 2, 2
[TDSE] Running TDSE-SH-elliptical. step 10200, energy = -0.5030585808642494
  |->  par_lens = 2, 2, 2
[TDSE] Running TDSE-SH-elliptical. step 10400, energy = -0.503057690749805
  |->  par_lens = 2, 2, 2
[TDSE] Running TDSE-SH-elliptical. step 10600, energy = -0.5030568258873572
  |->  par_lens = 2, 2, 2
[TDSE] Running TDSE-SH-elliptical. step 10800, energy = -0.5030585750684313
  |->  par_lens = 2, 2, 2
[TDSE] Running TDSE-SH-elliptical. step 11000, energy = -0.5030589830726725
  |->  par_lens = 2, 2, 2
[TDSE] Running TDSE-SH-elliptical. step 11200, energy = -0.5030347388542258
  |->  par_lens = 4, 3, 3
[TDSE] Running TDSE-SH-elliptical. step 11400, energy = -0.5029642015214155
  |->  par_lens = 4, 3, 3
[TDSE] Running TDSE-SH-elliptical. step 11600, energy = -0.5028897693484086
  |->  par_lens = 4, 3, 4
[TDSE] Running TDSE-SH-elliptical. step 11800, energy = -0.5029167944673244
  |->  par_lens = 5, 5, 4
[TDSE] Running TDSE-SH-elliptical. step 12000, energy = -0.5030266604306175
  |->  par_lens = 4, 3, 3
[TDSE] Running TDSE-SH-elliptical. step 12200, energy = -0.502921217567702
  |->  par_lens = 4, 4, 4
[TDSE] Running TDSE-SH-elliptical. step 12400, energy = -0.5022646669944933
  |->  par_lens = 5, 5, 5
[TDSE] Running TDSE-SH-elliptical. step 12600, energy = -0.5012903914214943
  |->  par_lens = 7, 7, 7
[TDSE] Running TDSE-SH-elliptical. step 12800, energy = -0.5009151301761781
  |->  par_lens = 7, 7, 7
[TDSE] Running TDSE-SH-elliptical. step 13000, energy = -0.5017528288596457
  |->  par_lens = 7, 7, 7
[TDSE] Running TDSE-SH-elliptical. step 13200, energy = -0.5028434851222209
  |->  par_lens = 6, 7, 7
[TDSE] Running TDSE-SH-elliptical. step 13400, energy = -0.5021717707868852
  |->  par_lens = 7, 7, 7
[TDSE] Running TDSE-SH-elliptical. step 13600, energy = -0.49915760683351873
  |->  par_lens = 10, 9, 9
[TDSE] Running TDSE-SH-elliptical. step 13800, energy = -0.49633690730289187
  |->  par_lens = 10, 10, 9
[TDSE] Running TDSE-SH-elliptical. step 14000, energy = -0.49711192981849894
  |->  par_lens = 10, 10, 10
[TDSE] Running TDSE-SH-elliptical. step 14200, energy = -0.5009580933173917
  |->  par_lens = 12, 12, 12
[TDSE] Running TDSE-SH-elliptical. step 14400, energy = -0.5023549635900809
  |->  par_lens = 12, 12, 12
[TDSE] Running TDSE-SH-elliptical. step 14600, energy = -0.4965429242615681
  |->  par_lens = 11, 10, 12
[TDSE] Running TDSE-SH-elliptical. step 14800, energy = -0.4868275547551902
  |->  par_lens = 15, 15, 15
[TDSE] Running TDSE-SH-elliptical. step 15000, energy = -0.482992239690201
  |->  par_lens = 17, 17, 16
[TDSE] Running TDSE-SH-elliptical. step 15200, energy = -0.4903396259303301
  |->  par_lens = 20, 19, 19
[TDSE] Running TDSE-SH-elliptical. step 15400, energy = -0.5005498844940345
  |->  par_lens = 22, 22, 23
[TDSE] Running TDSE-SH-elliptical. step 15600, energy = -0.4988564780335824
  |->  par_lens = 22, 22, 23
[TDSE] Running TDSE-SH-elliptical. step 15800, energy = -0.4818886947415547
  |->  par_lens = 22, 21, 20
[TDSE] Running TDSE-SH-elliptical. step 16000, energy = -0.4657028702810881
  |->  par_lens = 24, 25, 25
[TDSE] Running TDSE-SH-elliptical. step 16200, energy = -0.46907651315022686
  |->  par_lens = 29, 29, 28
[TDSE] Running TDSE-SH-elliptical. step 16400, energy = -0.48959530847064225
  |->  par_lens = 34, 33, 33
[TDSE] Running TDSE-SH-elliptical. step 16600, energy = -0.5007274605532758
  |->  par_lens = 36, 36, 36
[TDSE] Running TDSE-SH-elliptical. step 16800, energy = -0.4811682247412558
  |->  par_lens = 33, 34, 36
[TDSE] Running TDSE-SH-elliptical. step 17000, energy = -0.4444639588452574
  |->  par_lens = 32, 33, 33
[TDSE] Running TDSE-SH-elliptical. step 17200, energy = -0.42937199352847005
  |->  par_lens = 42, 42, 42
[TDSE] Running TDSE-SH-elliptical. step 17400, energy = -0.45449220583685807
  |->  par_lens = 54, 54, 54
[TDSE] Running TDSE-SH-elliptical. step 17600, energy = -0.49220974694068953
  |->  par_lens = 63, 62, 61
[TDSE] Running TDSE-SH-elliptical. step 17800, energy = -0.4924012213587594
  |->  par_lens = 65, 64, 65
[TDSE] Running TDSE-SH-elliptical. step 18000, energy = -0.44384060065434977
  |->  par_lens = 61, 59, 60
[TDSE] Running TDSE-SH-elliptical. step 18200, energy = -0.3961222405433733
  |->  par_lens = 57, 55, 59
[TDSE] Running TDSE-SH-elliptical. step 18400, energy = -0.4035487123298532
  |->  par_lens = 75, 73, 75
[TDSE] Running TDSE-SH-elliptical. step 18600, energy = -0.4604952095057099
  |->  par_lens = 93, 90, 92
[TDSE] Running TDSE-SH-elliptical. step 18800, energy = -0.4969388561315601
  |->  par_lens = 98, 98, 97
[TDSE] Running TDSE-SH-elliptical. step 19000, energy = -0.4554744651673525
  |->  par_lens = 96, 97, 97
[TDSE] Running TDSE-SH-elliptical. step 19200, energy = -0.36889275302670405
  |->  par_lens = 85, 84, 86
[TDSE] Running TDSE-SH-elliptical. step 19400, energy = -0.3329157517197396
  |->  par_lens = 98, 98, 100
[TDSE] Running TDSE-SH-elliptical. step 19600, energy = -0.38547539474583603
  |->  par_lens = 129, 129, 128
[TDSE] Running TDSE-SH-elliptical. step 19800, energy = -0.4742119960561963
  |->  par_lens = 158, 158, 156
[TDSE] Running TDSE-SH-elliptical. step 20000, energy = -0.48349401918409124
  |->  par_lens = 163, 162, 162
[TDSE] Running TDSE-SH-elliptical. step 20200, energy = -0.38767118103174314
  |->  par_lens = 154, 152, 153
[TDSE] Running TDSE-SH-elliptical. step 20400, energy = -0.2899943725907782
  |->  par_lens = 125, 130, 127
[TDSE] Running TDSE-SH-elliptical. step 20600, energy = -0.3044584512458384
  |->  par_lens = 153, 154, 154
[TDSE] Running TDSE-SH-elliptical. step 20800, energy = -0.40958539567421026
  |->  par_lens = 203, 203, 205
[TDSE] Running TDSE-SH-elliptical. step 21000, energy = -0.4889968077831782
  |->  par_lens = 226, 223, 224
[TDSE] Running TDSE-SH-elliptical. step 21200, energy = -0.4240870414540451
  |->  par_lens = 226, 225, 225
[TDSE] Running TDSE-SH-elliptical. step 21400, energy = -0.2720743950491848
  |->  par_lens = 198, 198, 195
[TDSE] Running TDSE-SH-elliptical. step 21600, energy = -0.2087729046039599
  |->  par_lens = 176, 180, 182
[TDSE] Running TDSE-SH-elliptical. step 21800, energy = -0.292150754712552
  |->  par_lens = 250, 253, 247
[TDSE] Running TDSE-SH-elliptical. step 22000, energy = -0.44485699441290066
  |->  par_lens = 309, 312, 311
[TDSE] Running TDSE-SH-elliptical. step 22200, energy = -0.4719158619404725
  |->  par_lens = 323, 322, 321
[TDSE] Running TDSE-SH-elliptical. step 22400, energy = -0.3263362742439604
  |->  par_lens = 299, 308, 298
[TDSE] Running TDSE-SH-elliptical. step 22600, energy = -0.1704045599920571
  |->  par_lens = 280, 271, 271
[TDSE] Running TDSE-SH-elliptical. step 22800, energy = -0.19796388203297094
  |->  par_lens = 281, 278, 270
[TDSE] Running TDSE-SH-elliptical. step 23000, energy = -0.3400590571736901
  |->  par_lens = 355, 356, 353
[TDSE] Running TDSE-SH-elliptical. step 23200, energy = -0.4709216447542701
  |->  par_lens = 392, 393, 394
[TDSE] Running TDSE-SH-elliptical. step 23400, energy = -0.39318337227779765
  |->  par_lens = 391, 389, 393
[TDSE] Running TDSE-SH-elliptical. step 23600, energy = -0.18210154973851586
  |->  par_lens = 355, 363, 355
[TDSE] Running TDSE-SH-elliptical. step 23800, energy = -0.0891096648360824
  |->  par_lens = 331, 333, 338
[TDSE] Running TDSE-SH-elliptical. step 24000, energy = -0.2033358225947939
  |->  par_lens = 392, 390, 397
[TDSE] Running TDSE-SH-elliptical. step 24200, energy = -0.40160958233301436
  |->  par_lens = 477, 479, 479
[TDSE] Running TDSE-SH-elliptical. step 24400, energy = -0.45127653048371547
  |->  par_lens = 497, 496, 497
[TDSE] Running TDSE-SH-elliptical. step 24600, energy = -0.2779685329455337
  |->  par_lens = 475, 473, 482
[TDSE] Running TDSE-SH-elliptical. step 24800, energy = -0.0768473401011727
  |->  par_lens = 457, 455, 453
[TDSE] Running TDSE-SH-elliptical. step 25000, energy = -0.11234287912442155
  |->  par_lens = 460, 449, 460
[TDSE] Running TDSE-SH-elliptical. step 25200, energy = -0.26813850006141443
  |->  par_lens = 516, 509, 516
[TDSE] Running TDSE-SH-elliptical. step 25400, energy = -0.4348182129623729
  |->  par_lens = 549, 547, 549
[TDSE] Running TDSE-SH-elliptical. step 25600, energy = -0.3619368476832769
  |->  par_lens = 543, 542, 547
[TDSE] Running TDSE-SH-elliptical. step 25800, energy = -0.13251184363533977
  |->  par_lens = 527, 527, 526
[TDSE] Running TDSE-SH-elliptical. step 26000, energy = -0.017293313635019108
  |->  par_lens = 515, 517, 515
[TDSE] Running TDSE-SH-elliptical. step 26200, energy = -0.1442868370427745
  |->  par_lens = 543, 543, 548
[TDSE] Running TDSE-SH-elliptical. step 26400, energy = -0.3509825876638667
  |->  par_lens = 581, 580, 580
[TDSE] Running TDSE-SH-elliptical. step 26600, energy = -0.4202158396619766
  |->  par_lens = 586, 587, 586
[TDSE] Running TDSE-SH-elliptical. step 26800, energy = -0.2538752163514558
  |->  par_lens = 579, 580, 578
[TDSE] Running TDSE-SH-elliptical. step 27000, energy = -0.044091167812936025
  |->  par_lens = 567, 569, 572
[TDSE] Running TDSE-SH-elliptical. step 27200, energy = -0.08042894882850851
  |->  par_lens = 565, 567, 570
[TDSE] Running TDSE-SH-elliptical. step 27400, energy = -0.22400436480636726
  |->  par_lens = 581, 583, 583
[TDSE] Running TDSE-SH-elliptical. step 27600, energy = -0.39491991707892893
  |->  par_lens = 587, 590, 589
[TDSE] Running TDSE-SH-elliptical. step 27800, energy = -0.3416185538127161
  |->  par_lens = 587, 590, 589
[TDSE] Running TDSE-SH-elliptical. step 28000, energy = -0.13056193561282778
  |->  par_lens = 582, 584, 585
[TDSE] Running TDSE-SH-elliptical. step 28200, energy = -0.022277768417726846
  |->  par_lens = 566, 568, 563
[TDSE] Running TDSE-SH-elliptical. step 28400, energy = -0.13028624157275698
  |->  par_lens = 585, 586, 587
[TDSE] Running TDSE-SH-elliptical. step 28600, energy = -0.31446322548942934
  |->  par_lens = 590, 590, 590
[TDSE] Running TDSE-SH-elliptical. step 28800, energy = -0.3850190628028383
  |->  par_lens = 590, 590, 590
[TDSE] Running TDSE-SH-elliptical. step 29000, energy = -0.25337926184237175
  |->  par_lens = 590, 589, 590
[TDSE] Running TDSE-SH-elliptical. step 29200, energy = -0.08556270384865575
  |->  par_lens = 587, 587, 585
[TDSE] Running TDSE-SH-elliptical. step 29400, energy = -0.09831666805001271
  |->  par_lens = 572, 580, 580
[TDSE] Running TDSE-SH-elliptical. step 29600, energy = -0.21493984328929525
  |->  par_lens = 586, 588, 587
[TDSE] Running TDSE-SH-elliptical. step 29800, energy = -0.36600176360214975
  |->  par_lens = 590, 590, 589
[TDSE] Running TDSE-SH-elliptical. step 30000, energy = -0.33270121139301095
  |->  par_lens = 589, 590, 588
[TDSE] Running TDSE-SH-elliptical. step 30200, energy = -0.17237184928688387
  |->  par_lens = 588, 585, 587
[TDSE] Running TDSE-SH-elliptical. step 30400, energy = -0.09053945546149811
  |->  par_lens = 586, 582, 585
[TDSE] Running TDSE-SH-elliptical. step 30600, energy = -0.155573371542786
  |->  par_lens = 586, 590, 589
[TDSE] Running TDSE-SH-elliptical. step 30800, energy = -0.30273784250546015
  |->  par_lens = 590, 590, 590
[TDSE] Running TDSE-SH-elliptical. step 31000, energy = -0.36887718029228
  |->  par_lens = 590, 590, 590
[TDSE] Running TDSE-SH-elliptical. step 31200, energy = -0.28697618185061274
  |->  par_lens = 590, 590, 589
[TDSE] Running TDSE-SH-elliptical. step 31400, energy = -0.1663808618670984
  |->  par_lens = 586, 587, 589
[TDSE] Running TDSE-SH-elliptical. step 31600, energy = -0.16701911916552742
  |->  par_lens = 585, 587, 586
[TDSE] Running TDSE-SH-elliptical. step 31800, energy = -0.2537951503029446
  |->  par_lens = 587, 586, 586
[TDSE] Running TDSE-SH-elliptical. step 32000, energy = -0.36055708816349186
  |->  par_lens = 588, 589, 590
[TDSE] Running TDSE-SH-elliptical. step 32200, energy = -0.3476705745696747
  |->  par_lens = 587, 588, 588
[TDSE] Running TDSE-SH-elliptical. step 32400, energy = -0.24410616669159194
  |->  par_lens = 585, 586, 588
[TDSE] Running TDSE-SH-elliptical. step 32600, energy = -0.1940253544569303
  |->  par_lens = 582, 583, 590
[TDSE] Running TDSE-SH-elliptical. step 32800, energy = -0.22860935857717637
  |->  par_lens = 590, 589, 589
[TDSE] Running TDSE-SH-elliptical. step 33000, energy = -0.3209623162885005
  |->  par_lens = 590, 589, 590
[TDSE] Running TDSE-SH-elliptical. step 33200, energy = -0.371176026814159
  |->  par_lens = 590, 589, 590
[TDSE] Running TDSE-SH-elliptical. step 33400, energy = -0.3235578699409191
  |->  par_lens = 590, 589, 590
[TDSE] Running TDSE-SH-elliptical. step 33600, energy = -0.2575828011717729
  |->  par_lens = 588, 587, 589
[TDSE] Running TDSE-SH-elliptical. step 33800, energy = -0.25624190109772804
  |->  par_lens = 588, 589, 588
[TDSE] Running TDSE-SH-elliptical. step 34000, energy = -0.3036763221828651
  |->  par_lens = 585, 583, 585
[TDSE] Running TDSE-SH-elliptical. step 34200, energy = -0.36308364749587907
  |->  par_lens = 585, 582, 584
[TDSE] Running TDSE-SH-elliptical. step 34400, energy = -0.36247637162215596
  |->  par_lens = 584, 580, 583
[TDSE] Running TDSE-SH-elliptical. step 34600, energy = -0.31180791519149204
  |->  par_lens = 584, 583, 582
[TDSE] Running TDSE-SH-elliptical. step 34800, energy = -0.27514763738450376
  |->  par_lens = 580, 578, 580
[TDSE] Running TDSE-SH-elliptical. step 35000, energy = -0.2980086171937827
  |->  par_lens = 581, 577, 579
[TDSE] Running TDSE-SH-elliptical. step 35200, energy = -0.3452321447353491
  |->  par_lens = 579, 585, 580
[TDSE] Running TDSE-SH-elliptical. step 35400, energy = -0.37144972942983767
  |->  par_lens = 583, 578, 579
[TDSE] Running TDSE-SH-elliptical. step 35600, energy = -0.35498863033265715
  |->  par_lens = 578, 573, 578
[TDSE] Running TDSE-SH-elliptical. step 35800, energy = -0.3308183473191255
  |->  par_lens = 560, 555, 561
[TDSE] Running TDSE-SH-elliptical. step 36000, energy = -0.3156455527547765
  |->  par_lens = 524, 529, 531
[TDSE] Running TDSE-SH-elliptical. step 36200, energy = -0.3506793456830048
  |->  par_lens = 488, 504, 496
[TDSE] Running TDSE-SH-elliptical. step 36400, energy = -0.3666558310127712
  |->  par_lens = 456, 475, 479
[TDSE] Running TDSE-SH-elliptical. step 36600, energy = -0.37041760235365256
  |->  par_lens = 449, 461, 469
[TDSE] Running TDSE-SH-elliptical. step 36800, energy = -0.3530548751492268
  |->  par_lens = 444, 449, 465
[TDSE] Running TDSE-SH-elliptical. step 37000, energy = -0.34013657026719224
  |->  par_lens = 449, 451, 460
[TDSE] Running TDSE-SH-elliptical. step 37200, energy = -0.34683197568982804
  |->  par_lens = 457, 463, 466
[TDSE] Running TDSE-SH-elliptical. step 37400, energy = -0.361987116668049
  |->  par_lens = 466, 475, 471
[TDSE] Running TDSE-SH-elliptical. step 37600, energy = -0.3741608764054613
  |->  par_lens = 472, 475, 472
[TDSE] Running TDSE-SH-elliptical. step 37800, energy = -0.37144137974500463
  |->  par_lens = 467, 471, 470
[TDSE] Running TDSE-SH-elliptical. step 38000, energy = -0.3621259930734104
  |->  par_lens = 461, 461, 459
[TDSE] Running TDSE-SH-elliptical. step 38200, energy = -0.3635028374775243
  |->  par_lens = 438, 441, 444
[TDSE] Running TDSE-SH-elliptical. step 38400, energy = -0.3651528946193389
  |->  par_lens = 413, 417, 425
[TDSE] Running TDSE-SH-elliptical. step 38600, energy = -0.3745658171428827
  |->  par_lens = 389, 401, 401
[TDSE] Running TDSE-SH-elliptical. step 38800, energy = -0.3740044011902425
  |->  par_lens = 386, 393, 391
[TDSE] Running TDSE-SH-elliptical. step 39000, energy = -0.37128136296714753
  |->  par_lens = 385, 387, 390
[TDSE] Running TDSE-SH-elliptical. step 39200, energy = -0.3683577366432298
  |->  par_lens = 392, 389, 392
[TDSE] Running TDSE-SH-elliptical. step 39400, energy = -0.36876990022376227
  |->  par_lens = 393, 399, 398
[TDSE] Running TDSE-SH-elliptical. step 39600, energy = -0.3736241598915639
  |->  par_lens = 401, 402, 401
[TDSE] Running TDSE-SH-elliptical. step 39800, energy = -0.3744952110988867
  |->  par_lens = 402, 399, 401
[TDSE] Running TDSE-SH-elliptical. step 40000, energy = -0.37543630818974727
  |->  par_lens = 400, 397, 397
[TDSE] Running TDSE-SH-elliptical. step 40200, energy = -0.3750501659947708
  |->  par_lens = 390, 388, 394
[TDSE] Running TDSE-SH-elliptical. step 40400, energy = -0.37429448847271507
  |->  par_lens = 381, 382, 381
[TDSE] Running TDSE-SH-elliptical. step 40600, energy = -0.3759814342374624
  |->  par_lens = 376, 370, 373
[TDSE] Running TDSE-SH-elliptical. step 40800, energy = -0.37589345426514714
  |->  par_lens = 370, 363, 364
[TDSE] Running TDSE-SH-elliptical. step 41000, energy = -0.37612782869915573
  |->  par_lens = 355, 357, 355
[TDSE] Running TDSE-SH-elliptical. step 41200, energy = -0.37653372193582835
  |->  par_lens = 354, 351, 353
[TDSE] Running TDSE-SH-elliptical. step 41400, energy = -0.3761079359066747
  |->  par_lens = 353, 352, 353
[TDSE] Running TDSE-SH-elliptical. step 41600, energy = -0.37675555771890895
  |->  par_lens = 353, 352, 349
[TDSE] Running TDSE-SH-elliptical. step 41800, energy = -0.37701851413499904
  |->  par_lens = 351, 351, 348
[TDSE] Running TDSE-SH-elliptical. step 42000, energy = -0.3775401493806896
  |->  par_lens = 348, 350, 348
[TDSE] Running TDSE-SH-elliptical. step 42200, energy = -0.3776736367830639
  |->  par_lens = 348, 350, 348
[TDSE] Running TDSE-SH-elliptical. step 42400, energy = -0.3782361562078971
  |->  par_lens = 347, 349, 346
[TDSE] Running TDSE-SH-elliptical. step 42600, energy = -0.3785776529241693
  |->  par_lens = 347, 349, 345
[TDSE] Running TDSE-SH-elliptical. step 42800, energy = -0.378809232931047
  |->  par_lens = 347, 348, 344
[TDSE] Running TDSE-SH-elliptical. step 43000, energy = -0.3793025148897905
  |->  par_lens = 346, 345, 342
