  Activating project at `~/JuliaProp_v0.1`
[ITP]: 10000.471108571397
[ITP]: 0.022107823405609905
[ITP]: 0.004976805475414736
[ITP]: 0.0021058954092971205
[ITP]: 0.001084104546129061
[ITP]: 0.0006160870179273692
[ITP]: 0.0003714642087823128
[ITP]: 0.00023286611963801995
[ITP]: 0.0001500123428329614
[ITP]: 9.857967926441003e-5
[ITP]: 6.57601184761436e-5
[ITP]: 4.43786526744816e-5
[ITP]: 3.022437766897479e-5
[ITP]: 2.0735965556739622e-5
[ITP]: 1.4311264988853267e-5
[ITP]: 9.92563006574354e-6
[ITP]: 6.9119921211058255e-6
[ITP]: 4.82976755122877e-6
[ITP]: 3.384510666504248e-6
[ITP]: 2.3775199649023193e-6
[ITP]: 1.6736194445865493e-6
[ITP]: 1.1802274751948616e-6
[ITP]: 8.335748883370186e-7
[ITP]: 5.895273362810372e-7
[ITP]: 4.174150680658073e-7
[ITP]: 2.958509506267859e-7
[ITP]: 2.098764437796774e-7
[ITP]: 1.4900242706339384e-7
[ITP]: 1.0585745457980522e-7
[ITP]: 7.525113565609587e-8
[ITP]: 5.352267851144177e-8
[ITP]: 3.808635307134267e-8
[ITP]: 2.7113442158110956e-8
[ITP]: 1.9309163601377577e-8
[ITP]: 1.3755872219078924e-8
[ITP]: 9.802639699962867e-9
Energy of ground state: -0.5030607411950042
[TDSE] Start TDSE-SH for elliptical polarized laser. It may cost a plenty of time.
[TDSE] Running TDSE-SH-elliptical. step 0, energy = -0.5030607411950033
  |->  par_lens = 1, 1, 1
[TDSE] Running TDSE-SH-elliptical. step 200, energy = -0.5030607411948621
  |->  par_lens = 1, 1, 1
[TDSE] Running TDSE-SH-elliptical. step 400, energy = -0.5030607411947172
  |->  par_lens = 1, 1, 2
[TDSE] Running TDSE-SH-elliptical. step 600, energy = -0.5030607411944764
  |->  par_lens = 1, 1, 2
[TDSE] Running TDSE-SH-elliptical. step 800, energy = -0.5030607411939122
  |->  par_lens = 1, 1, 2
[TDSE] Running TDSE-SH-elliptical. step 1000, energy = -0.5030607411922318
  |->  par_lens = 1, 1, 2
[TDSE] Running TDSE-SH-elliptical. step 1200, energy = -0.5030607411880177
  |->  par_lens = 1, 1, 2
[TDSE] Running TDSE-SH-elliptical. step 1400, energy = -0.5030607411784208
  |->  par_lens = 1, 1, 2
[TDSE] Running TDSE-SH-elliptical. step 1600, energy = -0.5030607411593959
  |->  par_lens = 1, 1, 2
[TDSE] Running TDSE-SH-elliptical. step 1800, energy = -0.503060741124043
  |->  par_lens = 1, 1, 2
[TDSE] Running TDSE-SH-elliptical. step 2000, energy = -0.5030607410636224
  |->  par_lens = 1, 1, 2
[TDSE] Running TDSE-SH-elliptical. step 2200, energy = -0.5030607409647122
  |->  par_lens = 1, 1, 2
[TDSE] Running TDSE-SH-elliptical. step 2400, energy = -0.503060740811582
  |->  par_lens = 1, 1, 2
[TDSE] Running TDSE-SH-elliptical. step 2600, energy = -0.5030607405815894
  |->  par_lens = 1, 1, 2
[TDSE] Running TDSE-SH-elliptical. step 2800, energy = -0.5030607402498793
  |->  par_lens = 1, 1, 2
[TDSE] Running TDSE-SH-elliptical. step 3000, energy = -0.5030607397809052
  |->  par_lens = 1, 1, 2
[TDSE] Running TDSE-SH-elliptical. step 3200, energy = -0.5030607391405402
  |->  par_lens = 1, 1, 2
[TDSE] Running TDSE-SH-elliptical. step 3400, energy = -0.5030607382755158
  |->  par_lens = 1, 1, 2
[TDSE] Running TDSE-SH-elliptical. step 3600, energy = -0.5030607371416844
  |->  par_lens = 1, 1, 2
[TDSE] Running TDSE-SH-elliptical. step 3800, energy = -0.5030607356669744
  |->  par_lens = 1, 1, 2
[TDSE] Running TDSE-SH-elliptical. step 4000, energy = -0.5030607337967744
  |->  par_lens = 1, 1, 2
[TDSE] Running TDSE-SH-elliptical. step 4200, energy = -0.5030607314323374
  |->  par_lens = 1, 1, 2
[TDSE] Running TDSE-SH-elliptical. step 4400, energy = -0.5030607285189619
  |->  par_lens = 1, 1, 2
[TDSE] Running TDSE-SH-elliptical. step 4600, energy = -0.5030607249285666
  |->  par_lens = 1, 1, 2
[TDSE] Running TDSE-SH-elliptical. step 4800, energy = -0.5030607205916634
  |->  par_lens = 1, 1, 2
[TDSE] Running TDSE-SH-elliptical. step 5000, energy = -0.5030607153761038
  |->  par_lens = 1, 1, 2
[TDSE] Running TDSE-SH-elliptical. step 5200, energy = -0.503060709189023
  |->  par_lens = 1, 2, 2
[TDSE] Running TDSE-SH-elliptical. step 5400, energy = -0.5030607018853721
  |->  par_lens = 2, 2, 2
[TDSE] Running TDSE-SH-elliptical. step 5600, energy = -0.5030606933605094
  |->  par_lens = 2, 2, 2
[TDSE] Running TDSE-SH-elliptical. step 5800, energy = -0.5030606834830383
  |->  par_lens = 2, 2, 2
[TDSE] Running TDSE-SH-elliptical. step 6000, energy = -0.5030606720839417
  |->  par_lens = 2, 2, 2
[TDSE] Running TDSE-SH-elliptical. step 6200, energy = -0.5030606591142615
  |->  par_lens = 2, 2, 2
[TDSE] Running TDSE-SH-elliptical. step 6400, energy = -0.503060644303564
  |->  par_lens = 2, 2, 2
[TDSE] Running TDSE-SH-elliptical. step 6600, energy = -0.5030606276812669
  |->  par_lens = 2, 2, 2
[TDSE] Running TDSE-SH-elliptical. step 6800, energy = -0.5030606089496645
  |->  par_lens = 2, 2, 2
[TDSE] Running TDSE-SH-elliptical. step 7000, energy = -0.5030605880828475
  |->  par_lens = 2, 2, 2
[TDSE] Running TDSE-SH-elliptical. step 7200, energy = -0.5030605640830308
  |->  par_lens = 2, 2, 2
[TDSE] Running TDSE-SH-elliptical. step 7400, energy = -0.503060537290127
  |->  par_lens = 2, 2, 2
[TDSE] Running TDSE-SH-elliptical. step 7600, energy = -0.5030605068081362
  |->  par_lens = 2, 2, 2
[TDSE] Running TDSE-SH-elliptical. step 7800, energy = -0.5030604728454988
  |->  par_lens = 2, 2, 2
[TDSE] Running TDSE-SH-elliptical. step 8000, energy = -0.5030604347921068
  |->  par_lens = 2, 2, 2
[TDSE] Running TDSE-SH-elliptical. step 8200, energy = -0.5030603926573096
  |->  par_lens = 2, 2, 2
[TDSE] Running TDSE-SH-elliptical. step 8400, energy = -0.5030603458451398
  |->  par_lens = 2, 2, 2
[TDSE] Running TDSE-SH-elliptical. step 8600, energy = -0.5030602943375201
  |->  par_lens = 2, 2, 2
[TDSE] Running TDSE-SH-elliptical. step 8800, energy = -0.5030602379039907
  |->  par_lens = 2, 2, 2
[TDSE] Running TDSE-SH-elliptical. step 9000, energy = -0.5030601759581834
  |->  par_lens = 2, 2, 2
[TDSE] Running TDSE-SH-elliptical. step 9200, energy = -0.5030601089563329
  |->  par_lens = 2, 2, 2
[TDSE] Running TDSE-SH-elliptical. step 9400, energy = -0.5030600357589324
  |->  par_lens = 2, 2, 2
[TDSE] Running TDSE-SH-elliptical. step 9600, energy = -0.5030599573834197
  |->  par_lens = 2, 2, 2
[TDSE] Running TDSE-SH-elliptical. step 9800, energy = -0.5030598724676529
  |->  par_lens = 2, 2, 2
[TDSE] Running TDSE-SH-elliptical. step 10000, energy = -0.5030597822656825
  |->  par_lens = 2, 2, 2
[TDSE] Running TDSE-SH-elliptical. step 10200, energy = -0.503059641670164
  |->  par_lens = 2, 2, 2
[TDSE] Running TDSE-SH-elliptical. step 10400, energy = -0.5030590248616619
  |->  par_lens = 2, 2, 2
[TDSE] Running TDSE-SH-elliptical. step 10600, energy = -0.50305841031679
  |->  par_lens = 2, 2, 2
[TDSE] Running TDSE-SH-elliptical. step 10800, energy = -0.5030596624152736
  |->  par_lens = 2, 2, 2
[TDSE] Running TDSE-SH-elliptical. step 11000, energy = -0.5030579660815546
  |->  par_lens = 2, 2, 2
[TDSE] Running TDSE-SH-elliptical. step 11200, energy = -0.503029618964065
  |->  par_lens = 4, 3, 3
[TDSE] Running TDSE-SH-elliptical. step 11400, energy = -0.5029539551728166
  |->  par_lens = 4, 3, 3
[TDSE] Running TDSE-SH-elliptical. step 11600, energy = -0.5028757357708704
  |->  par_lens = 5, 5, 4
[TDSE] Running TDSE-SH-elliptical. step 11800, energy = -0.5029037336071163
  |->  par_lens = 4, 4, 5
[TDSE] Running TDSE-SH-elliptical. step 12000, energy = -0.5030219323307777
  |->  par_lens = 4, 3, 3
[TDSE] Running TDSE-SH-elliptical. step 12200, energy = -0.5029325808349001
  |->  par_lens = 4, 4, 3
[TDSE] Running TDSE-SH-elliptical. step 12400, energy = -0.5022963918184037
  |->  par_lens = 5, 5, 5
[TDSE] Running TDSE-SH-elliptical. step 12600, energy = -0.5013396921003167
  |->  par_lens = 7, 7, 7
[TDSE] Running TDSE-SH-elliptical. step 12800, energy = -0.5009706272503613
  |->  par_lens = 7, 7, 7
[TDSE] Running TDSE-SH-elliptical. step 13000, energy = -0.5017960405035684
  |->  par_lens = 7, 7, 7
[TDSE] Running TDSE-SH-elliptical. step 13200, energy = -0.5028545562900063
  |->  par_lens = 6, 7, 7
[TDSE] Running TDSE-SH-elliptical. step 13400, energy = -0.5021370636789554
  |->  par_lens = 7, 6, 7
[TDSE] Running TDSE-SH-elliptical. step 13600, energy = -0.49907730664728744
  |->  par_lens = 10, 9, 9
[TDSE] Running TDSE-SH-elliptical. step 13800, energy = -0.4962288349208202
  |->  par_lens = 10, 10, 10
[TDSE] Running TDSE-SH-elliptical. step 14000, energy = -0.49700932609057863
  |->  par_lens = 10, 10, 10
[TDSE] Running TDSE-SH-elliptical. step 14200, energy = -0.5009002852093988
  |->  par_lens = 12, 12, 12
[TDSE] Running TDSE-SH-elliptical. step 14400, energy = -0.5023742221571522
  |->  par_lens = 12, 12, 12
[TDSE] Running TDSE-SH-elliptical. step 14600, energy = -0.4966505148757395
  |->  par_lens = 11, 11, 12
[TDSE] Running TDSE-SH-elliptical. step 14800, energy = -0.48700459506123195
  |->  par_lens = 15, 15, 15
[TDSE] Running TDSE-SH-elliptical. step 15000, energy = -0.4831918569887074
  |->  par_lens = 17, 17, 16
[TDSE] Running TDSE-SH-elliptical. step 15200, energy = -0.4904975808589814
  |->  par_lens = 20, 19, 19
[TDSE] Running TDSE-SH-elliptical. step 15400, energy = -0.5006059757829653
  |->  par_lens = 22, 22, 23
[TDSE] Running TDSE-SH-elliptical. step 15600, energy = -0.4987755750545748
  |->  par_lens = 22, 22, 22
[TDSE] Running TDSE-SH-elliptical. step 15800, energy = -0.4816785308069268
  |->  par_lens = 22, 21, 20
[TDSE] Running TDSE-SH-elliptical. step 16000, energy = -0.4654180289506409
  |->  par_lens = 24, 25, 25
[TDSE] Running TDSE-SH-elliptical. step 16200, energy = -0.46880404314686785
  |->  par_lens = 29, 29, 28
[TDSE] Running TDSE-SH-elliptical. step 16400, energy = -0.4894307782635859
  |->  par_lens = 34, 33, 33
[TDSE] Running TDSE-SH-elliptical. step 16600, energy = -0.5007415533340037
  |->  par_lens = 36, 36, 36
[TDSE] Running TDSE-SH-elliptical. step 16800, energy = -0.48138032522273744
  |->  par_lens = 33, 33, 36
[TDSE] Running TDSE-SH-elliptical. step 17000, energy = -0.44482664721671955
  |->  par_lens = 32, 33, 33
[TDSE] Running TDSE-SH-elliptical. step 17200, energy = -0.42978172060360825
  |->  par_lens = 42, 42, 42
[TDSE] Running TDSE-SH-elliptical. step 17400, energy = -0.454821347869098
  |->  par_lens = 54, 53, 54
[TDSE] Running TDSE-SH-elliptical. step 17600, energy = -0.492341914134693
  |->  par_lens = 62, 61, 61
[TDSE] Running TDSE-SH-elliptical. step 17800, energy = -0.4922754783064885
  |->  par_lens = 64, 64, 65
[TDSE] Running TDSE-SH-elliptical. step 18000, energy = -0.44347677471273533
  |->  par_lens = 61, 59, 60
[TDSE] Running TDSE-SH-elliptical. step 18200, energy = -0.3956252618308964
  |->  par_lens = 55, 55, 59
[TDSE] Running TDSE-SH-elliptical. step 18400, energy = -0.403070714417471
  |->  par_lens = 76, 73, 74
[TDSE] Running TDSE-SH-elliptical. step 18600, energy = -0.46019519727606595
  |->  par_lens = 93, 91, 92
[TDSE] Running TDSE-SH-elliptical. step 18800, energy = -0.4969288718706722
  |->  par_lens = 99, 98, 98
[TDSE] Running TDSE-SH-elliptical. step 19000, energy = -0.4557840445497417
  |->  par_lens = 97, 98, 97
[TDSE] Running TDSE-SH-elliptical. step 19200, energy = -0.3694394177776261
  |->  par_lens = 82, 83, 84
[TDSE] Running TDSE-SH-elliptical. step 19400, energy = -0.3335324665512972
  |->  par_lens = 94, 93, 95
[TDSE] Running TDSE-SH-elliptical. step 19600, energy = -0.38598027125997963
  |->  par_lens = 128, 129, 130
[TDSE] Running TDSE-SH-elliptical. step 19800, energy = -0.47442933662441084
  |->  par_lens = 158, 157, 156
[TDSE] Running TDSE-SH-elliptical. step 20000, energy = -0.483346220287018
  |->  par_lens = 163, 162, 162
[TDSE] Running TDSE-SH-elliptical. step 20200, energy = -0.38718610704745887
  |->  par_lens = 151, 154, 153
[TDSE] Running TDSE-SH-elliptical. step 20400, energy = -0.28932537178063383
  |->  par_lens = 129, 129, 129
[TDSE] Running TDSE-SH-elliptical. step 20600, energy = -0.3038175088660549
  |->  par_lens = 156, 155, 157
[TDSE] Running TDSE-SH-elliptical. step 20800, energy = -0.40916623309766326
  |->  par_lens = 203, 203, 204
[TDSE] Running TDSE-SH-elliptical. step 21000, energy = -0.4889474229984427
  |->  par_lens = 224, 225, 225
[TDSE] Running TDSE-SH-elliptical. step 21200, energy = -0.42444521295915905
  |->  par_lens = 228, 225, 228
[TDSE] Running TDSE-SH-elliptical. step 21400, energy = -0.2727297921621311
  |->  par_lens = 192, 201, 197
[TDSE] Running TDSE-SH-elliptical. step 21600, energy = -0.20951144743452899
  |->  par_lens = 178, 175, 177
[TDSE] Running TDSE-SH-elliptical. step 21800, energy = -0.2927631875386949
  |->  par_lens = 247, 244, 246
[TDSE] Running TDSE-SH-elliptical. step 22000, energy = -0.4451341064947218
  |->  par_lens = 310, 309, 310
[TDSE] Running TDSE-SH-elliptical. step 22200, energy = -0.47178465958157734
  |->  par_lens = 321, 321, 318
[TDSE] Running TDSE-SH-elliptical. step 22400, energy = -0.32581970622859874
  |->  par_lens = 298, 301, 300
[TDSE] Running TDSE-SH-elliptical. step 22600, energy = -0.1696851039285659
  |->  par_lens = 265, 269, 266
[TDSE] Running TDSE-SH-elliptical. step 22800, energy = -0.19727947608741317
  |->  par_lens = 280, 280, 276
[TDSE] Running TDSE-SH-elliptical. step 23000, energy = -0.3395918003176071
  |->  par_lens = 354, 354, 355
[TDSE] Running TDSE-SH-elliptical. step 23200, energy = -0.47083480550858475
  |->  par_lens = 394, 393, 394
[TDSE] Running TDSE-SH-elliptical. step 23400, energy = -0.39350849471547067
  |->  par_lens = 392, 390, 386
[TDSE] Running TDSE-SH-elliptical. step 23600, energy = -0.18272555885428668
  |->  par_lens = 352, 353, 351
[TDSE] Running TDSE-SH-elliptical. step 23800, energy = -0.08981502333858124
  |->  par_lens = 328, 321, 332
[TDSE] Running TDSE-SH-elliptical. step 24000, energy = -0.20392012444510377
  |->  par_lens = 390, 397, 390
[TDSE] Running TDSE-SH-elliptical. step 24200, energy = -0.4018876565826159
  |->  par_lens = 476, 474, 476
[TDSE] Running TDSE-SH-elliptical. step 24400, energy = -0.45119377449323367
  |->  par_lens = 495, 496, 493
[TDSE] Running TDSE-SH-elliptical. step 24600, energy = -0.2775409753317198
  |->  par_lens = 468, 478, 476
[TDSE] Running TDSE-SH-elliptical. step 24800, energy = -0.076246500028624
  |->  par_lens = 448, 451, 457
[TDSE] Running TDSE-SH-elliptical. step 25000, energy = -0.11176784979045269
  |->  par_lens = 457, 444, 454
[TDSE] Running TDSE-SH-elliptical. step 25200, energy = -0.2677390843306172
  |->  par_lens = 511, 512, 508
[TDSE] Running TDSE-SH-elliptical. step 25400, energy = -0.4347299126416141
  |->  par_lens = 549, 550, 547
[TDSE] Running TDSE-SH-elliptical. step 25600, energy = -0.3621661017688859
  |->  par_lens = 546, 548, 544
[TDSE] Running TDSE-SH-elliptical. step 25800, energy = -0.13295260265771053
  |->  par_lens = 530, 531, 527
[TDSE] Running TDSE-SH-elliptical. step 26000, energy = -0.01782144537095421
  |->  par_lens = 520, 512, 508
[TDSE] Running TDSE-SH-elliptical. step 26200, energy = -0.14469547884884382
  |->  par_lens = 540, 539, 547
[TDSE] Running TDSE-SH-elliptical. step 26400, energy = -0.3511898742986016
  |->  par_lens = 584, 583, 582
[TDSE] Running TDSE-SH-elliptical. step 26600, energy = -0.42018121998450847
  |->  par_lens = 588, 587, 588
[TDSE] Running TDSE-SH-elliptical. step 26800, energy = -0.25361786238529777
  |->  par_lens = 585, 582, 584
[TDSE] Running TDSE-SH-elliptical. step 27000, energy = -0.04371075138378134
  |->  par_lens = 567, 574, 574
[TDSE] Running TDSE-SH-elliptical. step 27200, energy = -0.08009908123128631
  |->  par_lens = 570, 563, 560
[TDSE] Running TDSE-SH-elliptical. step 27400, energy = -0.2237532673852082
  |->  par_lens = 585, 585, 589
[TDSE] Running TDSE-SH-elliptical. step 27600, energy = -0.394847623671112
  |->  par_lens = 589, 590, 590
[TDSE] Running TDSE-SH-elliptical. step 27800, energy = -0.34171595685227446
  |->  par_lens = 589, 590, 590
[TDSE] Running TDSE-SH-elliptical. step 28000, energy = -0.13077111829959964
  |->  par_lens = 585, 587, 585
[TDSE] Running TDSE-SH-elliptical. step 28200, energy = -0.022507758893411643
  |->  par_lens = 574, 574, 577
[TDSE] Running TDSE-SH-elliptical. step 28400, energy = -0.1304674952045744
  |->  par_lens = 587, 583, 584
[TDSE] Running TDSE-SH-elliptical. step 28600, energy = -0.314539390069402
  |->  par_lens = 590, 590, 590
[TDSE] Running TDSE-SH-elliptical. step 28800, energy = -0.38500682140900055
  |->  par_lens = 590, 590, 590
[TDSE] Running TDSE-SH-elliptical. step 29000, energy = -0.25328195883287824
  |->  par_lens = 590, 590, 590
[TDSE] Running TDSE-SH-elliptical. step 29200, energy = -0.0853966238936961
  |->  par_lens = 587, 582, 587
[TDSE] Running TDSE-SH-elliptical. step 29400, energy = -0.09823757016655958
  |->  par_lens = 578, 581, 582
[TDSE] Running TDSE-SH-elliptical. step 29600, energy = -0.21484836691183753
  |->  par_lens = 588, 587, 587
[TDSE] Running TDSE-SH-elliptical. step 29800, energy = -0.36597586003985616
  |->  par_lens = 590, 589, 589
[TDSE] Running TDSE-SH-elliptical. step 30000, energy = -0.33268707871917064
  |->  par_lens = 590, 589, 589
[TDSE] Running TDSE-SH-elliptical. step 30200, energy = -0.17232871590436516
  |->  par_lens = 583, 588, 588
[TDSE] Running TDSE-SH-elliptical. step 30400, energy = -0.09057656287951303
  |->  par_lens = 585, 582, 585
[TDSE] Running TDSE-SH-elliptical. step 30600, energy = -0.1555017032546399
  |->  par_lens = 589, 589, 590
[TDSE] Running TDSE-SH-elliptical. step 30800, energy = -0.3027040723468948
  |->  par_lens = 590, 590, 590
[TDSE] Running TDSE-SH-elliptical. step 31000, energy = -0.36883453092844315
  |->  par_lens = 590, 590, 590
[TDSE] Running TDSE-SH-elliptical. step 31200, energy = -0.2869541294314285
  |->  par_lens = 590, 590, 590
[TDSE] Running TDSE-SH-elliptical. step 31400, energy = -0.16649865410559692
  |->  par_lens = 588, 587, 589
[TDSE] Running TDSE-SH-elliptical. step 31600, energy = -0.1670426000071305
  |->  par_lens = 588, 586, 585
[TDSE] Running TDSE-SH-elliptical. step 31800, energy = -0.25384938636226767
  |->  par_lens = 587, 589, 587
[TDSE] Running TDSE-SH-elliptical. step 32000, energy = -0.36056454972534757
  |->  par_lens = 587, 588, 587
[TDSE] Running TDSE-SH-elliptical. step 32200, energy = -0.34760726416129495
  |->  par_lens = 587, 588, 587
[TDSE] Running TDSE-SH-elliptical. step 32400, energy = -0.24392504542679738
  |->  par_lens = 586, 585, 582
[TDSE] Running TDSE-SH-elliptical. step 32600, energy = -0.19381946649596637
  |->  par_lens = 587, 588, 586
[TDSE] Running TDSE-SH-elliptical. step 32800, energy = -0.22837011505595456
  |->  par_lens = 589, 589, 590
[TDSE] Running TDSE-SH-elliptical. step 33000, energy = -0.3208147736705458
  |->  par_lens = 590, 589, 590
[TDSE] Running TDSE-SH-elliptical. step 33200, energy = -0.3711118480367648
  |->  par_lens = 589, 589, 590
[TDSE] Running TDSE-SH-elliptical. step 33400, energy = -0.3236757814706733
  |->  par_lens = 589, 589, 590
[TDSE] Running TDSE-SH-elliptical. step 33600, energy = -0.25787416118412576
  |->  par_lens = 590, 588, 590
[TDSE] Running TDSE-SH-elliptical. step 33800, energy = -0.2562811596234409
  |->  par_lens = 587, 586, 589
[TDSE] Running TDSE-SH-elliptical. step 34000, energy = -0.30386019154801924
  |->  par_lens = 582, 587, 586
[TDSE] Running TDSE-SH-elliptical. step 34200, energy = -0.36311073118254183
  |->  par_lens = 579, 584, 583
[TDSE] Running TDSE-SH-elliptical. step 34400, energy = -0.3623967697376147
  |->  par_lens = 579, 584, 583
[TDSE] Running TDSE-SH-elliptical. step 34600, energy = -0.3115164971746019
  |->  par_lens = 583, 582, 581
[TDSE] Running TDSE-SH-elliptical. step 34800, energy = -0.2747989745439484
  |->  par_lens = 580, 578, 579
[TDSE] Running TDSE-SH-elliptical. step 35000, energy = -0.29782412054552915
  |->  par_lens = 581, 581, 583
[TDSE] Running TDSE-SH-elliptical. step 35200, energy = -0.3450938331206438
  |->  par_lens = 584, 581, 583
[TDSE] Running TDSE-SH-elliptical. step 35400, energy = -0.37140783344527234
  |->  par_lens = 582, 579, 581
[TDSE] Running TDSE-SH-elliptical. step 35600, energy = -0.35507695147981627
  |->  par_lens = 575, 575, 575
[TDSE] Running TDSE-SH-elliptical. step 35800, energy = -0.3310301535093181
  |->  par_lens = 561, 551, 555
[TDSE] Running TDSE-SH-elliptical. step 36000, energy = -0.31583659762903726
  |->  par_lens = 521, 518, 520
[TDSE] Running TDSE-SH-elliptical. step 36200, energy = -0.3507807832301106
  |->  par_lens = 483, 490, 487
[TDSE] Running TDSE-SH-elliptical. step 36400, energy = -0.366731311455643
  |->  par_lens = 459, 468, 459
[TDSE] Running TDSE-SH-elliptical. step 36600, energy = -0.3703226701846684
  |->  par_lens = 443, 459, 443
[TDSE] Running TDSE-SH-elliptical. step 36800, energy = -0.35285032385156395
  |->  par_lens = 435, 446, 435
[TDSE] Running TDSE-SH-elliptical. step 37000, energy = -0.3399810362774296
  |->  par_lens = 434, 449, 445
[TDSE] Running TDSE-SH-elliptical. step 37200, energy = -0.34653091091328886
  |->  par_lens = 450, 459, 453
[TDSE] Running TDSE-SH-elliptical. step 37400, energy = -0.36186255439824866
  |->  par_lens = 467, 469, 464
[TDSE] Running TDSE-SH-elliptical. step 37600, energy = -0.37410870372445854
  |->  par_lens = 468, 475, 467
[TDSE] Running TDSE-SH-elliptical. step 37800, energy = -0.37147157908875295
  |->  par_lens = 465, 470, 466
[TDSE] Running TDSE-SH-elliptical. step 38000, energy = -0.3622617798976918
  |->  par_lens = 461, 460, 454
[TDSE] Running TDSE-SH-elliptical. step 38200, energy = -0.36365956932381005
  |->  par_lens = 445, 445, 437
[TDSE] Running TDSE-SH-elliptical. step 38400, energy = -0.36526482412349454
  |->  par_lens = 419, 416, 422
[TDSE] Running TDSE-SH-elliptical. step 38600, energy = -0.3745707052659834
  |->  par_lens = 399, 402, 407
[TDSE] Running TDSE-SH-elliptical. step 38800, energy = -0.37394171002901766
  |->  par_lens = 394, 390, 396
[TDSE] Running TDSE-SH-elliptical. step 39000, energy = -0.37115772268723163
  |->  par_lens = 392, 397, 394
[TDSE] Running TDSE-SH-elliptical. step 39200, energy = -0.3681750111105443
  |->  par_lens = 394, 394, 396
[TDSE] Running TDSE-SH-elliptical. step 39400, energy = -0.3686654210014904
  |->  par_lens = 401, 399, 405
[TDSE] Running TDSE-SH-elliptical. step 39600, energy = -0.37352375243758745
  |->  par_lens = 407, 407, 406
[TDSE] Running TDSE-SH-elliptical. step 39800, energy = -0.3744203757921597
  |->  par_lens = 404, 402, 408
[TDSE] Running TDSE-SH-elliptical. step 40000, energy = -0.375439330792197
  |->  par_lens = 400, 401, 408
[TDSE] Running TDSE-SH-elliptical. step 40200, energy = -0.37505507586549314
  |->  par_lens = 395, 395, 402
[TDSE] Running TDSE-SH-elliptical. step 40400, energy = -0.37434251659720613
  |->  par_lens = 385, 387, 388
[TDSE] Running TDSE-SH-elliptical. step 40600, energy = -0.37598273839901003
  |->  par_lens = 375, 380, 378
[TDSE] Running TDSE-SH-elliptical. step 40800, energy = -0.3759003546168935
  |->  par_lens = 367, 373, 364
[TDSE] Running TDSE-SH-elliptical. step 41000, energy = -0.3760746271547284
  |->  par_lens = 363, 363, 358
[TDSE] Running TDSE-SH-elliptical. step 41200, energy = -0.3764907896390311
  |->  par_lens = 360, 362, 358
[TDSE] Running TDSE-SH-elliptical. step 41400, energy = -0.37603963655431966
  |->  par_lens = 361, 361, 357
[TDSE] Running TDSE-SH-elliptical. step 41600, energy = -0.37671443630135987
  |->  par_lens = 360, 359, 357
[TDSE] Running TDSE-SH-elliptical. step 41800, energy = -0.37696181013426194
  |->  par_lens = 358, 359, 356
[TDSE] Running TDSE-SH-elliptical. step 42000, energy = -0.3774975963125877
  |->  par_lens = 355, 359, 356
[TDSE] Running TDSE-SH-elliptical. step 42200, energy = -0.3776158386869378
  |->  par_lens = 355, 359, 356
[TDSE] Running TDSE-SH-elliptical. step 42400, energy = -0.37822013075831284
  |->  par_lens = 354, 356, 355
[TDSE] Running TDSE-SH-elliptical. step 42600, energy = -0.3785526691354774
  |->  par_lens = 353, 356, 354
[TDSE] Running TDSE-SH-elliptical. step 42800, energy = -0.3787604479601905
  |->  par_lens = 352, 356, 353
[TDSE] Running TDSE-SH-elliptical. step 43000, energy = -0.37927157868442896
  |->  par_lens = 351, 355, 352
