  Activating project at `~/JuliaProp_v0.1`
[ITP]: 10000.471108571397
[ITP]: 0.022107823405609905
[ITP]: 0.004976805475414736
[ITP]: 0.0021058954092971205
[ITP]: 0.001084104546129061
[ITP]: 0.0006160870179273692
[ITP]: 0.0003714642087823128
[ITP]: 0.00023286611963801995
[ITP]: 0.0001500123428329614
[ITP]: 9.857967926441003e-5
[ITP]: 6.57601184761436e-5
[ITP]: 4.43786526744816e-5
[ITP]: 3.022437766897479e-5
[ITP]: 2.0735965556739622e-5
[ITP]: 1.4311264988853267e-5
[ITP]: 9.92563006574354e-6
[ITP]: 6.9119921211058255e-6
[ITP]: 4.82976755122877e-6
[ITP]: 3.384510666504248e-6
[ITP]: 2.3775199649023193e-6
[ITP]: 1.6736194445865493e-6
[ITP]: 1.1802274751948616e-6
[ITP]: 8.335748883370186e-7
[ITP]: 5.895273362810372e-7
[ITP]: 4.174150680658073e-7
[ITP]: 2.958509506267859e-7
[ITP]: 2.098764437796774e-7
[ITP]: 1.4900242706339384e-7
[ITP]: 1.0585745457980522e-7
[ITP]: 7.525113565609587e-8
[ITP]: 5.352267851144177e-8
[ITP]: 3.808635307134267e-8
[ITP]: 2.7113442158110956e-8
[ITP]: 1.9309163601377577e-8
[ITP]: 1.3755872219078924e-8
[ITP]: 9.802639699962867e-9
Energy of ground state: -0.5030607411950042
[TDSE] Start TDSE-SH for elliptical polarized laser. It may cost a plenty of time.
[TDSE] Running TDSE-SH-elliptical. step 0, energy = -0.5030607411950033
  |->  par_lens = 1, 1, 1
[TDSE] Running TDSE-SH-elliptical. step 200, energy = -0.5030607411948617
  |->  par_lens = 1, 1, 1
[TDSE] Running TDSE-SH-elliptical. step 400, energy = -0.5030607411947132
  |->  par_lens = 1, 1, 2
[TDSE] Running TDSE-SH-elliptical. step 600, energy = -0.5030607411944202
  |->  par_lens = 1, 1, 2
[TDSE] Running TDSE-SH-elliptical. step 800, energy = -0.503060741193595
  |->  par_lens = 1, 1, 2
[TDSE] Running TDSE-SH-elliptical. step 1000, energy = -0.5030607411910855
  |->  par_lens = 1, 1, 2
[TDSE] Running TDSE-SH-elliptical. step 1200, energy = -0.5030607411848678
  |->  par_lens = 1, 1, 2
[TDSE] Running TDSE-SH-elliptical. step 1400, energy = -0.5030607411711137
  |->  par_lens = 1, 1, 2
[TDSE] Running TDSE-SH-elliptical. step 1600, energy = -0.5030607411446505
  |->  par_lens = 1, 1, 2
[TDSE] Running TDSE-SH-elliptical. step 1800, energy = -0.5030607410970486
  |->  par_lens = 1, 1, 2
[TDSE] Running TDSE-SH-elliptical. step 2000, energy = -0.5030607410183969
  |->  par_lens = 1, 1, 2
[TDSE] Running TDSE-SH-elliptical. step 2200, energy = -0.5030607408939765
  |->  par_lens = 1, 1, 2
[TDSE] Running TDSE-SH-elliptical. step 2400, energy = -0.503060740708186
  |->  par_lens = 1, 1, 2
[TDSE] Running TDSE-SH-elliptical. step 2600, energy = -0.503060740438869
  |->  par_lens = 1, 1, 2
[TDSE] Running TDSE-SH-elliptical. step 2800, energy = -0.5030607400648444
  |->  par_lens = 1, 1, 2
[TDSE] Running TDSE-SH-elliptical. step 3000, energy = -0.503060739555254
  |->  par_lens = 1, 1, 2
[TDSE] Running TDSE-SH-elliptical. step 3200, energy = -0.503060738886262
  |->  par_lens = 1, 1, 2
[TDSE] Running TDSE-SH-elliptical. step 3400, energy = -0.5030607380166955
  |->  par_lens = 1, 1, 2
[TDSE] Running TDSE-SH-elliptical. step 3600, energy = -0.5030607369224416
  |->  par_lens = 1, 1, 2
[TDSE] Running TDSE-SH-elliptical. step 3800, energy = -0.5030607355553532
  |->  par_lens = 1, 1, 2
[TDSE] Running TDSE-SH-elliptical. step 4000, energy = -0.5030607338932443
  |->  par_lens = 1, 1, 2
[TDSE] Running TDSE-SH-elliptical. step 4200, energy = -0.503060731877928
  |->  par_lens = 1, 1, 2
[TDSE] Running TDSE-SH-elliptical. step 4400, energy = -0.5030607295014057
  |->  par_lens = 1, 1, 2
[TDSE] Running TDSE-SH-elliptical. step 4600, energy = -0.5030607266974475
  |->  par_lens = 1, 1, 2
[TDSE] Running TDSE-SH-elliptical. step 4800, energy = -0.5030607234600625
  |->  par_lens = 1, 1, 2
[TDSE] Running TDSE-SH-elliptical. step 5000, energy = -0.5030607197406763
  |->  par_lens = 1, 1, 2
[TDSE] Running TDSE-SH-elliptical. step 5200, energy = -0.5030607155300314
  |->  par_lens = 1, 1, 2
[TDSE] Running TDSE-SH-elliptical. step 5400, energy = -0.5030607107892764
  |->  par_lens = 2, 2, 2
[TDSE] Running TDSE-SH-elliptical. step 5600, energy = -0.5030607055183198
  |->  par_lens = 2, 2, 2
[TDSE] Running TDSE-SH-elliptical. step 5800, energy = -0.503060699705172
  |->  par_lens = 2, 2, 2
[TDSE] Running TDSE-SH-elliptical. step 6000, energy = -0.5030606933240562
  |->  par_lens = 2, 2, 2
[TDSE] Running TDSE-SH-elliptical. step 6200, energy = -0.5030606864304239
  |->  par_lens = 2, 2, 2
[TDSE] Running TDSE-SH-elliptical. step 6400, energy = -0.5030606789522453
  |->  par_lens = 2, 2, 2
[TDSE] Running TDSE-SH-elliptical. step 6600, energy = -0.5030606710011367
  |->  par_lens = 2, 2, 2
[TDSE] Running TDSE-SH-elliptical. step 6800, energy = -0.5030606625107019
  |->  par_lens = 2, 2, 2
[TDSE] Running TDSE-SH-elliptical. step 7000, energy = -0.5030606535971888
  |->  par_lens = 2, 2, 2
[TDSE] Running TDSE-SH-elliptical. step 7200, energy = -0.5030606441739546
  |->  par_lens = 2, 2, 2
[TDSE] Running TDSE-SH-elliptical. step 7400, energy = -0.5030606344636485
  |->  par_lens = 2, 2, 2
[TDSE] Running TDSE-SH-elliptical. step 7600, energy = -0.5030606243096668
  |->  par_lens = 2, 2, 2
[TDSE] Running TDSE-SH-elliptical. step 7800, energy = -0.5030606139141673
  |->  par_lens = 2, 2, 2
[TDSE] Running TDSE-SH-elliptical. step 8000, energy = -0.5030606032455475
  |->  par_lens = 2, 2, 2
[TDSE] Running TDSE-SH-elliptical. step 8200, energy = -0.5030605924371344
  |->  par_lens = 2, 2, 2
[TDSE] Running TDSE-SH-elliptical. step 8400, energy = -0.503060581438145
  |->  par_lens = 2, 2, 2
[TDSE] Running TDSE-SH-elliptical. step 8600, energy = -0.5030605704199671
  |->  par_lens = 2, 2, 2
[TDSE] Running TDSE-SH-elliptical. step 8800, energy = -0.5030605593799243
  |->  par_lens = 2, 2, 2
[TDSE] Running TDSE-SH-elliptical. step 9000, energy = -0.5030605483860213
  |->  par_lens = 2, 2, 2
[TDSE] Running TDSE-SH-elliptical. step 9200, energy = -0.5030605375337169
  |->  par_lens = 2, 2, 2
[TDSE] Running TDSE-SH-elliptical. step 9400, energy = -0.5030605267864972
  |->  par_lens = 2, 2, 2
[TDSE] Running TDSE-SH-elliptical. step 9600, energy = -0.5030605163322205
  |->  par_lens = 2, 2, 2
[TDSE] Running TDSE-SH-elliptical. step 9800, energy = -0.5030605061077896
  |->  par_lens = 2, 2, 2
[TDSE] Running TDSE-SH-elliptical. step 10000, energy = -0.5030604962230547
  |->  par_lens = 2, 2, 2
[TDSE] Running TDSE-SH-elliptical. step 10200, energy = -0.5030604650517325
  |->  par_lens = 2, 2, 2
[TDSE] Running TDSE-SH-elliptical. step 10400, energy = -0.5030601797897072
  |->  par_lens = 2, 2, 2
[TDSE] Running TDSE-SH-elliptical. step 10600, energy = -0.5030598842147341
  |->  par_lens = 2, 2, 2
[TDSE] Running TDSE-SH-elliptical. step 10800, energy = -0.5030604366916339
  |->  par_lens = 2, 2, 2
[TDSE] Running TDSE-SH-elliptical. step 11000, energy = -0.5030556905772321
  |->  par_lens = 2, 2, 2
[TDSE] Running TDSE-SH-elliptical. step 11200, energy = -0.5030211416206638
  |->  par_lens = 4, 3, 3
[TDSE] Running TDSE-SH-elliptical. step 11400, energy = -0.5029373126716462
  |->  par_lens = 4, 3, 3
[TDSE] Running TDSE-SH-elliptical. step 11600, energy = -0.5028525449385451
  |->  par_lens = 4, 4, 5
[TDSE] Running TDSE-SH-elliptical. step 11800, energy = -0.502881329583335
  |->  par_lens = 5, 4, 5
[TDSE] Running TDSE-SH-elliptical. step 12000, energy = -0.5030127141149039
  |->  par_lens = 4, 3, 3
[TDSE] Running TDSE-SH-elliptical. step 12200, energy = -0.5029507388925102
  |->  par_lens = 4, 4, 4
[TDSE] Running TDSE-SH-elliptical. step 12400, energy = -0.5023511147669972
  |->  par_lens = 5, 5, 5
[TDSE] Running TDSE-SH-elliptical. step 12600, energy = -0.501427989592548
  |->  par_lens = 7, 7, 7
[TDSE] Running TDSE-SH-elliptical. step 12800, energy = -0.501072942099175
  |->  par_lens = 7, 7, 7
[TDSE] Running TDSE-SH-elliptical. step 13000, energy = -0.5018773096682657
  |->  par_lens = 7, 7, 7
[TDSE] Running TDSE-SH-elliptical. step 13200, energy = -0.5028740339239139
  |->  par_lens = 6, 7, 6
[TDSE] Running TDSE-SH-elliptical. step 13400, energy = -0.5020633872842574
  |->  par_lens = 7, 7, 7
[TDSE] Running TDSE-SH-elliptical. step 13600, energy = -0.4989057976020123
  |->  par_lens = 10, 9, 9
[TDSE] Running TDSE-SH-elliptical. step 13800, energy = -0.4959927815320335
  |->  par_lens = 10, 10, 10
[TDSE] Running TDSE-SH-elliptical. step 14000, energy = -0.49677904573399734
  |->  par_lens = 11, 10, 11
[TDSE] Running TDSE-SH-elliptical. step 14200, energy = -0.5007658178944995
  |->  par_lens = 12, 12, 12
[TDSE] Running TDSE-SH-elliptical. step 14400, energy = -0.5024160191631324
  |->  par_lens = 12, 12, 12
[TDSE] Running TDSE-SH-elliptical. step 14600, energy = -0.4969048073650046
  |->  par_lens = 12, 12, 13
[TDSE] Running TDSE-SH-elliptical. step 14800, energy = -0.48743587371925884
  |->  par_lens = 15, 15, 15
[TDSE] Running TDSE-SH-elliptical. step 15000, energy = -0.4836906024960903
  |->  par_lens = 17, 16, 16
[TDSE] Running TDSE-SH-elliptical. step 15200, energy = -0.490900901039516
  |->  par_lens = 20, 19, 19
[TDSE] Running TDSE-SH-elliptical. step 15400, energy = -0.5007489049059163
  |->  par_lens = 22, 22, 23
[TDSE] Running TDSE-SH-elliptical. step 15600, energy = -0.498549303428584
  |->  par_lens = 22, 22, 22
[TDSE] Running TDSE-SH-elliptical. step 15800, energy = -0.48108617004944637
  |->  par_lens = 22, 20, 22
[TDSE] Running TDSE-SH-elliptical. step 16000, energy = -0.4645975471059697
  |->  par_lens = 24, 25, 24
[TDSE] Running TDSE-SH-elliptical. step 16200, energy = -0.46799978194996
  |->  par_lens = 29, 29, 29
[TDSE] Running TDSE-SH-elliptical. step 16400, energy = -0.48893100863636313
  |->  par_lens = 34, 33, 35
[TDSE] Running TDSE-SH-elliptical. step 16600, energy = -0.5007794182829913
  |->  par_lens = 36, 36, 36
[TDSE] Running TDSE-SH-elliptical. step 16800, energy = -0.48204374566496677
  |->  par_lens = 35, 32, 35
[TDSE] Running TDSE-SH-elliptical. step 17000, energy = -0.44599280429256616
  |->  par_lens = 31, 31, 31
[TDSE] Running TDSE-SH-elliptical. step 17200, energy = -0.4311313809844968
  |->  par_lens = 42, 43, 42
[TDSE] Running TDSE-SH-elliptical. step 17400, energy = -0.4559297074625624
  |->  par_lens = 54, 53, 54
[TDSE] Running TDSE-SH-elliptical. step 17600, energy = -0.49279078637720475
  |->  par_lens = 60, 61, 61
[TDSE] Running TDSE-SH-elliptical. step 17800, energy = -0.49181482317203135
  |->  par_lens = 61, 62, 62
[TDSE] Running TDSE-SH-elliptical. step 18000, energy = -0.4421339506814708
  |->  par_lens = 58, 58, 60
[TDSE] Running TDSE-SH-elliptical. step 18200, energy = -0.39375080494356013
  |->  par_lens = 55, 56, 54
[TDSE] Running TDSE-SH-elliptical. step 18400, energy = -0.40122474186177803
  |->  par_lens = 74, 74, 75
[TDSE] Running TDSE-SH-elliptical. step 18600, energy = -0.45900418659628983
  |->  par_lens = 94, 93, 93
[TDSE] Running TDSE-SH-elliptical. step 18800, energy = -0.49688085619926786
  |->  par_lens = 101, 102, 100
[TDSE] Running TDSE-SH-elliptical. step 19000, energy = -0.4570587853988522
  |->  par_lens = 101, 98, 99
[TDSE] Running TDSE-SH-elliptical. step 19200, energy = -0.37175387632033896
  |->  par_lens = 84, 80, 79
[TDSE] Running TDSE-SH-elliptical. step 19400, energy = -0.3362042308758008
  |->  par_lens = 94, 91, 93
[TDSE] Running TDSE-SH-elliptical. step 19600, energy = -0.3882216889102802
  |->  par_lens = 127, 130, 128
[TDSE] Running TDSE-SH-elliptical. step 19800, energy = -0.4754056306265979
  |->  par_lens = 156, 157, 156
[TDSE] Running TDSE-SH-elliptical. step 20000, energy = -0.4826297855758992
  |->  par_lens = 159, 160, 159
[TDSE] Running TDSE-SH-elliptical. step 20200, energy = -0.3848214105047675
  |->  par_lens = 153, 151, 153
[TDSE] Running TDSE-SH-elliptical. step 20400, energy = -0.2859811344523279
  |->  par_lens = 122, 120, 121
[TDSE] Running TDSE-SH-elliptical. step 20600, energy = -0.3005484308567296
  |->  par_lens = 152, 150, 152
[TDSE] Running TDSE-SH-elliptical. step 20800, energy = -0.4069549178231544
  |->  par_lens = 205, 203, 206
[TDSE] Running TDSE-SH-elliptical. step 21000, energy = -0.48867355106381927
  |->  par_lens = 228, 228, 228
[TDSE] Running TDSE-SH-elliptical. step 21200, energy = -0.42642075640179516
  |->  par_lens = 226, 230, 229
[TDSE] Running TDSE-SH-elliptical. step 21400, energy = -0.27645816083738756
  |->  par_lens = 199, 202, 195
[TDSE] Running TDSE-SH-elliptical. step 21600, energy = -0.2138066721411788
  |->  par_lens = 182, 179, 181
[TDSE] Running TDSE-SH-elliptical. step 21800, energy = -0.29642149301042897
  |->  par_lens = 243, 241, 247
[TDSE] Running TDSE-SH-elliptical. step 22000, energy = -0.4468153727930342
  |->  par_lens = 305, 304, 304
[TDSE] Running TDSE-SH-elliptical. step 22200, energy = -0.4709232780485835
  |->  par_lens = 315, 314, 316
[TDSE] Running TDSE-SH-elliptical. step 22400, energy = -0.3224011752128346
  |->  par_lens = 295, 291, 297
[TDSE] Running TDSE-SH-elliptical. step 22600, energy = -0.16471416840202535
  |->  par_lens = 262, 262, 267
[TDSE] Running TDSE-SH-elliptical. step 22800, energy = -0.1925241378502223
  |->  par_lens = 272, 276, 282
[TDSE] Running TDSE-SH-elliptical. step 23000, energy = -0.3361656293642313
  |->  par_lens = 355, 355, 356
[TDSE] Running TDSE-SH-elliptical. step 23200, energy = -0.47018085285665656
  |->  par_lens = 400, 400, 396
[TDSE] Running TDSE-SH-elliptical. step 23400, energy = -0.3960105037777341
  |->  par_lens = 393, 390, 391
[TDSE] Running TDSE-SH-elliptical. step 23600, energy = -0.18770910556543463
  |->  par_lens = 361, 360, 365
[TDSE] Running TDSE-SH-elliptical. step 23800, energy = -0.09562484745969288
  |->  par_lens = 334, 338, 331
[TDSE] Running TDSE-SH-elliptical. step 24000, energy = -0.2088305743324561
  |->  par_lens = 390, 397, 393
[TDSE] Running TDSE-SH-elliptical. step 24200, energy = -0.4042895417522409
  |->  par_lens = 471, 473, 474
[TDSE] Running TDSE-SH-elliptical. step 24400, energy = -0.4504017141577217
  |->  par_lens = 486, 484, 487
[TDSE] Running TDSE-SH-elliptical. step 24600, energy = -0.2734280527372274
  |->  par_lens = 466, 457, 469
[TDSE] Running TDSE-SH-elliptical. step 24800, energy = -0.07008486980937097
  |->  par_lens = 429, 431, 437
[TDSE] Running TDSE-SH-elliptical. step 25000, energy = -0.10592296591898552
  |->  par_lens = 452, 445, 446
[TDSE] Running TDSE-SH-elliptical. step 25200, energy = -0.26332833747041184
  |->  par_lens = 499, 503, 506
[TDSE] Running TDSE-SH-elliptical. step 25400, energy = -0.4336400414208012
  |->  par_lens = 550, 550, 548
[TDSE] Running TDSE-SH-elliptical. step 25600, energy = -0.36483884870969185
  |->  par_lens = 543, 547, 542
[TDSE] Running TDSE-SH-elliptical. step 25800, energy = -0.1385898335576198
  |->  par_lens = 533, 527, 524
[TDSE] Running TDSE-SH-elliptical. step 26000, energy = -0.024413188176429894
  |->  par_lens = 520, 509, 515
[TDSE] Running TDSE-SH-elliptical. step 26200, energy = -0.15033025521517673
  |->  par_lens = 540, 546, 541
[TDSE] Running TDSE-SH-elliptical. step 26400, energy = -0.3541066665530461
  |->  par_lens = 574, 574, 572
[TDSE] Running TDSE-SH-elliptical. step 26600, energy = -0.419515906224629
  |->  par_lens = 581, 583, 582
[TDSE] Running TDSE-SH-elliptical. step 26800, energy = -0.2493292289338604
  |->  par_lens = 578, 580, 574
[TDSE] Running TDSE-SH-elliptical. step 27000, energy = -0.03720283433007276
  |->  par_lens = 555, 571, 558
[TDSE] Running TDSE-SH-elliptical. step 27200, energy = -0.07382412672403572
  |->  par_lens = 558, 562, 568
[TDSE] Running TDSE-SH-elliptical. step 27400, energy = -0.21899651542859924
  |->  par_lens = 586, 585, 584
[TDSE] Running TDSE-SH-elliptical. step 27600, energy = -0.3935173206609866
  |->  par_lens = 589, 588, 588
[TDSE] Running TDSE-SH-elliptical. step 27800, energy = -0.34414871046127243
  |->  par_lens = 589, 588, 588
[TDSE] Running TDSE-SH-elliptical. step 28000, energy = -0.1362807211979577
  |->  par_lens = 587, 585, 587
[TDSE] Running TDSE-SH-elliptical. step 28200, energy = -0.02907961547708975
  |->  par_lens = 569, 570, 573
[TDSE] Running TDSE-SH-elliptical. step 28400, energy = -0.13607204208225965
  |->  par_lens = 586, 580, 584
[TDSE] Running TDSE-SH-elliptical. step 28600, energy = -0.31756352574603125
  |->  par_lens = 590, 590, 590
[TDSE] Running TDSE-SH-elliptical. step 28800, energy = -0.38458505703629664
  |->  par_lens = 590, 590, 590
[TDSE] Running TDSE-SH-elliptical. step 29000, energy = -0.2493765547028721
  |->  par_lens = 590, 589, 589
[TDSE] Running TDSE-SH-elliptical. step 29200, energy = -0.07954020793389047
  |->  par_lens = 586, 582, 587
[TDSE] Running TDSE-SH-elliptical. step 29400, energy = -0.09230784870596007
  |->  par_lens = 582, 580, 581
[TDSE] Running TDSE-SH-elliptical. step 29600, energy = -0.21035286024940955
  |->  par_lens = 586, 589, 590
[TDSE] Running TDSE-SH-elliptical. step 29800, energy = -0.36464954706603886
  |->  par_lens = 590, 590, 590
[TDSE] Running TDSE-SH-elliptical. step 30000, energy = -0.33479027706628073
  |->  par_lens = 590, 589, 590
[TDSE] Running TDSE-SH-elliptical. step 30200, energy = -0.17724795550856606
  |->  par_lens = 586, 589, 589
[TDSE] Running TDSE-SH-elliptical. step 30400, energy = -0.09626476086820726
  |->  par_lens = 584, 586, 584
[TDSE] Running TDSE-SH-elliptical. step 30600, energy = -0.1606589125406727
  |->  par_lens = 590, 588, 589
[TDSE] Running TDSE-SH-elliptical. step 30800, energy = -0.30551736896327236
  |->  par_lens = 590, 590, 590
[TDSE] Running TDSE-SH-elliptical. step 31000, energy = -0.36861727516307463
  |->  par_lens = 590, 590, 590
[TDSE] Running TDSE-SH-elliptical. step 31200, energy = -0.2838495257573999
  |->  par_lens = 590, 590, 590
[TDSE] Running TDSE-SH-elliptical. step 31400, energy = -0.1613306390826626
  |->  par_lens = 587, 588, 587
[TDSE] Running TDSE-SH-elliptical. step 31600, energy = -0.16211415816739538
  |->  par_lens = 586, 583, 587
[TDSE] Running TDSE-SH-elliptical. step 31800, energy = -0.2500170613302043
  |->  par_lens = 588, 586, 589
[TDSE] Running TDSE-SH-elliptical. step 32000, energy = -0.3594374139623653
  |->  par_lens = 588, 590, 590
[TDSE] Running TDSE-SH-elliptical. step 32200, energy = -0.34918669277107095
  |->  par_lens = 588, 590, 590
[TDSE] Running TDSE-SH-elliptical. step 32400, energy = -0.24787922052691272
  |->  par_lens = 587, 587, 587
[TDSE] Running TDSE-SH-elliptical. step 32600, energy = -0.19849129799923074
  |->  par_lens = 587, 583, 585
[TDSE] Running TDSE-SH-elliptical. step 32800, energy = -0.23262889160959463
  |->  par_lens = 588, 590, 588
[TDSE] Running TDSE-SH-elliptical. step 33000, energy = -0.3232759453734353
  |->  par_lens = 590, 589, 590
[TDSE] Running TDSE-SH-elliptical. step 33200, energy = -0.3712368039929052
  |->  par_lens = 590, 590, 590
[TDSE] Running TDSE-SH-elliptical. step 33400, energy = -0.32123479649923936
  |->  par_lens = 588, 590, 590
[TDSE] Running TDSE-SH-elliptical. step 33600, energy = -0.2539821732666621
  |->  par_lens = 588, 588, 588
[TDSE] Running TDSE-SH-elliptical. step 33800, energy = -0.2525758946823038
  |->  par_lens = 583, 588, 588
[TDSE] Running TDSE-SH-elliptical. step 34000, energy = -0.30097010165839916
  |->  par_lens = 584, 584, 588
[TDSE] Running TDSE-SH-elliptical. step 34200, energy = -0.3621406855021214
  |->  par_lens = 586, 585, 586
[TDSE] Running TDSE-SH-elliptical. step 34400, energy = -0.36346555888924226
  |->  par_lens = 585, 583, 586
[TDSE] Running TDSE-SH-elliptical. step 34600, energy = -0.31435962684618696
  |->  par_lens = 584, 582, 583
[TDSE] Running TDSE-SH-elliptical. step 34800, energy = -0.27833310323528704
  |->  par_lens = 577, 577, 571
[TDSE] Running TDSE-SH-elliptical. step 35000, energy = -0.3008119115673454
  |->  par_lens = 561, 568, 567
[TDSE] Running TDSE-SH-elliptical. step 35200, energy = -0.3468622236232988
  |->  par_lens = 561, 563, 558
[TDSE] Running TDSE-SH-elliptical. step 35400, energy = -0.37161696529029564
  |->  par_lens = 556, 552, 552
[TDSE] Running TDSE-SH-elliptical. step 35600, energy = -0.3535683457306545
  |->  par_lens = 546, 549, 543
[TDSE] Running TDSE-SH-elliptical. step 35800, energy = -0.32866045912831193
  |->  par_lens = 526, 518, 517
[TDSE] Running TDSE-SH-elliptical. step 36000, energy = -0.31317777831894006
  |->  par_lens = 484, 475, 476
[TDSE] Running TDSE-SH-elliptical. step 36200, energy = -0.34909803708291426
  |->  par_lens = 475, 461, 454
[TDSE] Running TDSE-SH-elliptical. step 36400, energy = -0.3658483878548542
  |->  par_lens = 464, 449, 445
[TDSE] Running TDSE-SH-elliptical. step 36600, energy = -0.37099739384891434
  |->  par_lens = 454, 437, 439
[TDSE] Running TDSE-SH-elliptical. step 36800, energy = -0.3544379332019109
  |->  par_lens = 435, 422, 421
[TDSE] Running TDSE-SH-elliptical. step 37000, energy = -0.3419132117896075
  |->  par_lens = 393, 401, 399
[TDSE] Running TDSE-SH-elliptical. step 37200, energy = -0.34840760845683433
  |->  par_lens = 396, 397, 390
[TDSE] Running TDSE-SH-elliptical. step 37400, energy = -0.36302013297146535
  |->  par_lens = 400, 399, 387
[TDSE] Running TDSE-SH-elliptical. step 37600, energy = -0.3742614321872496
  |->  par_lens = 399, 398, 387
[TDSE] Running TDSE-SH-elliptical. step 37800, energy = -0.37091406155520695
  |->  par_lens = 394, 396, 386
[TDSE] Running TDSE-SH-elliptical. step 38000, energy = -0.3610399661926391
  |->  par_lens = 394, 388, 380
[TDSE] Running TDSE-SH-elliptical. step 38200, energy = -0.3624887211021892
  |->  par_lens = 377, 371, 370
[TDSE] Running TDSE-SH-elliptical. step 38400, energy = -0.3641899204327322
  |->  par_lens = 354, 350, 358
[TDSE] Running TDSE-SH-elliptical. step 38600, energy = -0.3743108428670952
  |->  par_lens = 351, 352, 357
[TDSE] Running TDSE-SH-elliptical. step 38800, energy = -0.37419657015927765
  |->  par_lens = 346, 349, 354
[TDSE] Running TDSE-SH-elliptical. step 39000, energy = -0.3718049817885864
  |->  par_lens = 339, 347, 347
[TDSE] Running TDSE-SH-elliptical. step 39200, energy = -0.36909213170045735
  |->  par_lens = 335, 335, 341
[TDSE] Running TDSE-SH-elliptical. step 39400, energy = -0.3694977283136961
  |->  par_lens = 336, 330, 342
[TDSE] Running TDSE-SH-elliptical. step 39600, energy = -0.37397209308688945
  |->  par_lens = 337, 334, 337
[TDSE] Running TDSE-SH-elliptical. step 39800, energy = -0.3747330062317548
  |->  par_lens = 333, 330, 333
[TDSE] Running TDSE-SH-elliptical. step 40000, energy = -0.3752792928739392
  |->  par_lens = 329, 330, 329
[TDSE] Running TDSE-SH-elliptical. step 40200, energy = -0.37478940018886975
  |->  par_lens = 321, 319, 321
[TDSE] Running TDSE-SH-elliptical. step 40400, energy = -0.3739271764997813
  |->  par_lens = 316, 309, 315
[TDSE] Running TDSE-SH-elliptical. step 40600, energy = -0.37585748660366736
  |->  par_lens = 308, 305, 306
[TDSE] Running TDSE-SH-elliptical. step 40800, energy = -0.37570001528904423
  |->  par_lens = 298, 300, 299
[TDSE] Running TDSE-SH-elliptical. step 41000, energy = -0.37624144461604864
  |->  par_lens = 292, 296, 292
[TDSE] Running TDSE-SH-elliptical. step 41200, energy = -0.37658956051858233
  |->  par_lens = 289, 295, 288
[TDSE] Running TDSE-SH-elliptical. step 41400, energy = -0.3763019638853404
  |->  par_lens = 288, 291, 285
[TDSE] Running TDSE-SH-elliptical. step 41600, energy = -0.37687167328030446
  |->  par_lens = 288, 287, 283
[TDSE] Running TDSE-SH-elliptical. step 41800, energy = -0.37715119458228485
  |->  par_lens = 286, 286, 280
[TDSE] Running TDSE-SH-elliptical. step 42000, energy = -0.3775654780529148
  |->  par_lens = 283, 282, 280
[TDSE] Running TDSE-SH-elliptical. step 42200, energy = -0.3777917462987817
  |->  par_lens = 281, 282, 280
[TDSE] Running TDSE-SH-elliptical. step 42400, energy = -0.37824255312379584
  |->  par_lens = 280, 279, 277
[TDSE] Running TDSE-SH-elliptical. step 42600, energy = -0.3785936675489723
  |->  par_lens = 278, 279, 275
[TDSE] Running TDSE-SH-elliptical. step 42800, energy = -0.3788891282160247
  |->  par_lens = 277, 273, 273
[TDSE] Running TDSE-SH-elliptical. step 43000, energy = -0.37931055543677494
  |->  par_lens = 273, 270, 273
