[ITP]: 10000.471108571397
[ITP]: 0.022107823405609905
[ITP]: 0.004976805475414736
[ITP]: 0.0021058954092971205
[ITP]: 0.001084104546129061
[ITP]: 0.0006160870179273692
[ITP]: 0.0003714642087823128
[ITP]: 0.00023286611963801995
[ITP]: 0.0001500123428329614
[ITP]: 9.857967926441003e-5
[ITP]: 6.57601184761436e-5
[ITP]: 4.43786526744816e-5
[ITP]: 3.022437766897479e-5
[ITP]: 2.0735965556739622e-5
[ITP]: 1.4311264988853267e-5
[ITP]: 9.92563006574354e-6
[ITP]: 6.9119921211058255e-6
[ITP]: 4.82976755122877e-6
[ITP]: 3.384510666504248e-6
[ITP]: 2.3775199649023193e-6
[ITP]: 1.6736194445865493e-6
[ITP]: 1.1802274751948616e-6
[ITP]: 8.335748883370186e-7
[ITP]: 5.895273362810372e-7
[ITP]: 4.174150680658073e-7
[ITP]: 2.958509506267859e-7
[ITP]: 2.098764437796774e-7
[ITP]: 1.4900242706339384e-7
[ITP]: 1.0585745457980522e-7
[ITP]: 7.525113565609587e-8
[ITP]: 5.352267851144177e-8
[ITP]: 3.808635307134267e-8
[ITP]: 2.7113442158110956e-8
[ITP]: 1.9309163601377577e-8
[ITP]: 1.3755872219078924e-8
[ITP]: 9.802639699962867e-9
Energy of ground state: -0.5030607411950042
[TDSE] Start TDSE-SH for elliptical polarized laser. It may cost a plenty of time.
[TDSE] Running TDSE-SH-elliptical. step 0, energy = -0.5030607411950033
  |->  par_lens = 1, 1, 1
[TDSE] Running TDSE-SH-elliptical. step 200, energy = -0.5030607411948641
  |->  par_lens = 1, 1, 1
[TDSE] Running TDSE-SH-elliptical. step 400, energy = -0.5030607411947214
  |->  par_lens = 1, 1, 1
[TDSE] Running TDSE-SH-elliptical. step 600, energy = -0.5030607411945809
  |->  par_lens = 1, 1, 1
[TDSE] Running TDSE-SH-elliptical. step 800, energy = -0.5030607411944309
  |->  par_lens = 1, 1, 2
[TDSE] Running TDSE-SH-elliptical. step 1000, energy = -0.5030607411942548
  |->  par_lens = 1, 1, 2
[TDSE] Running TDSE-SH-elliptical. step 1200, energy = -0.503060741194023
  |->  par_lens = 1, 1, 2
[TDSE] Running TDSE-SH-elliptical. step 1400, energy = -0.5030607411936814
  |->  par_lens = 1, 1, 2
[TDSE] Running TDSE-SH-elliptical. step 1600, energy = -0.5030607411930302
  |->  par_lens = 1, 1, 2
[TDSE] Running TDSE-SH-elliptical. step 1800, energy = -0.5030607411918339
  |->  par_lens = 1, 1, 2
[TDSE] Running TDSE-SH-elliptical. step 2000, energy = -0.5030607411895816
  |->  par_lens = 1, 1, 2
[TDSE] Running TDSE-SH-elliptical. step 2200, energy = -0.5030607411855389
  |->  par_lens = 1, 1, 2
[TDSE] Running TDSE-SH-elliptical. step 2400, energy = -0.5030607411785938
  |->  par_lens = 1, 1, 2
[TDSE] Running TDSE-SH-elliptical. step 2600, energy = -0.5030607411669531
  |->  par_lens = 1, 1, 2
[TDSE] Running TDSE-SH-elliptical. step 2800, energy = -0.5030607411484073
  |->  par_lens = 1, 1, 2
[TDSE] Running TDSE-SH-elliptical. step 3000, energy = -0.5030607411191351
  |->  par_lens = 1, 1, 2
[TDSE] Running TDSE-SH-elliptical. step 3200, energy = -0.5030607410751593
  |->  par_lens = 1, 1, 2
[TDSE] Running TDSE-SH-elliptical. step 3400, energy = -0.5030607410091685
  |->  par_lens = 1, 1, 2
[TDSE] Running TDSE-SH-elliptical. step 3600, energy = -0.5030607409144562
  |->  par_lens = 1, 1, 2
[TDSE] Running TDSE-SH-elliptical. step 3800, energy = -0.5030607407782941
  |->  par_lens = 1, 1, 2
[TDSE] Running TDSE-SH-elliptical. step 4000, energy = -0.5030607405901741
  |->  par_lens = 1, 1, 2
[TDSE] Running TDSE-SH-elliptical. step 4200, energy = -0.5030607403288175
  |->  par_lens = 1, 1, 2
[TDSE] Running TDSE-SH-elliptical. step 4400, energy = -0.5030607399792173
  |->  par_lens = 1, 1, 2
[TDSE] Running TDSE-SH-elliptical. step 4600, energy = -0.5030607395085767
  |->  par_lens = 1, 1, 2
[TDSE] Running TDSE-SH-elliptical. step 4800, energy = -0.5030607388938146
  |->  par_lens = 1, 1, 2
[TDSE] Running TDSE-SH-elliptical. step 5000, energy = -0.5030607380901048
  |->  par_lens = 1, 1, 2
[TDSE] Running TDSE-SH-elliptical. step 5200, energy = -0.503060737062736
  |->  par_lens = 1, 1, 2
[TDSE] Running TDSE-SH-elliptical. step 5400, energy = -0.503060735751081
  |->  par_lens = 1, 1, 2
[TDSE] Running TDSE-SH-elliptical. step 5600, energy = -0.5030607341062233
  |->  par_lens = 1, 1, 2
[TDSE] Running TDSE-SH-elliptical. step 5800, energy = -0.5030607320544033
  |->  par_lens = 1, 1, 2
[TDSE] Running TDSE-SH-elliptical. step 6000, energy = -0.5030607295184787
  |->  par_lens = 1, 1, 2
[TDSE] Running TDSE-SH-elliptical. step 6200, energy = -0.503060726423957
  |->  par_lens = 1, 1, 2
[TDSE] Running TDSE-SH-elliptical. step 6400, energy = -0.5030607226522512
  |->  par_lens = 1, 1, 2
[TDSE] Running TDSE-SH-elliptical. step 6600, energy = -0.5030607181290756
  |->  par_lens = 1, 1, 2
[TDSE] Running TDSE-SH-elliptical. step 6800, energy = -0.5030607127011495
  |->  par_lens = 1, 2, 2
[TDSE] Running TDSE-SH-elliptical. step 7000, energy = -0.503060706291267
  |->  par_lens = 2, 2, 2
[TDSE] Running TDSE-SH-elliptical. step 7200, energy = -0.5030606986868942
  |->  par_lens = 2, 2, 2
[TDSE] Running TDSE-SH-elliptical. step 7400, energy = -0.503060689856788
  |->  par_lens = 2, 2, 2
[TDSE] Running TDSE-SH-elliptical. step 7600, energy = -0.5030606795174516
  |->  par_lens = 2, 2, 2
[TDSE] Running TDSE-SH-elliptical. step 7800, energy = -0.5030606676180227
  |->  par_lens = 2, 2, 2
[TDSE] Running TDSE-SH-elliptical. step 8000, energy = -0.503060653908832
  |->  par_lens = 2, 2, 2
[TDSE] Running TDSE-SH-elliptical. step 8200, energy = -0.5030606383068194
  |->  par_lens = 2, 2, 2
[TDSE] Running TDSE-SH-elliptical. step 8400, energy = -0.5030606205178891
  |->  par_lens = 2, 2, 2
[TDSE] Running TDSE-SH-elliptical. step 8600, energy = -0.5030606004800742
  |->  par_lens = 2, 2, 2
[TDSE] Running TDSE-SH-elliptical. step 8800, energy = -0.5030605779689601
  |->  par_lens = 2, 2, 2
[TDSE] Running TDSE-SH-elliptical. step 9000, energy = -0.5030605527694768
  |->  par_lens = 2, 2, 2
[TDSE] Running TDSE-SH-elliptical. step 9200, energy = -0.5030605248394129
  |->  par_lens = 2, 2, 2
[TDSE] Running TDSE-SH-elliptical. step 9400, energy = -0.5030604938265599
  |->  par_lens = 2, 2, 2
[TDSE] Running TDSE-SH-elliptical. step 9600, energy = -0.5030604598241503
  |->  par_lens = 2, 2, 2
[TDSE] Running TDSE-SH-elliptical. step 9800, energy = -0.5030604224495616
  |->  par_lens = 2, 2, 2
[TDSE] Running TDSE-SH-elliptical. step 10000, energy = -0.503060381862984
  |->  par_lens = 2, 2, 2
[TDSE] Running TDSE-SH-elliptical. step 10200, energy = -0.5030603117109056
  |->  par_lens = 2, 2, 2
[TDSE] Running TDSE-SH-elliptical. step 10400, energy = -0.5030599327225185
  |->  par_lens = 2, 2, 2
[TDSE] Running TDSE-SH-elliptical. step 10600, energy = -0.503059456337515
  |->  par_lens = 2, 2, 2
[TDSE] Running TDSE-SH-elliptical. step 10800, energy = -0.5030597733245897
  |->  par_lens = 2, 2, 2
[TDSE] Running TDSE-SH-elliptical. step 11000, energy = -0.503055707829563
  |->  par_lens = 2, 2, 2
[TDSE] Running TDSE-SH-elliptical. step 11200, energy = -0.5030260113495693
  |->  par_lens = 4, 3, 3
[TDSE] Running TDSE-SH-elliptical. step 11400, energy = -0.502952727425488
  |->  par_lens = 4, 3, 3
[TDSE] Running TDSE-SH-elliptical. step 11600, energy = -0.5028744823927002
  |->  par_lens = 5, 5, 3
[TDSE] Running TDSE-SH-elliptical. step 11800, energy = -0.5028857401740144
  |->  par_lens = 4, 4, 5
[TDSE] Running TDSE-SH-elliptical. step 12000, energy = -0.5029741158681426
  |->  par_lens = 4, 4, 3
[TDSE] Running TDSE-SH-elliptical. step 12200, energy = -0.5028869707904855
  |->  par_lens = 4, 4, 4
[TDSE] Running TDSE-SH-elliptical. step 12400, energy = -0.5023326694262666
  |->  par_lens = 5, 5, 6
[TDSE] Running TDSE-SH-elliptical. step 12600, energy = -0.5014993112486174
  |->  par_lens = 7, 7, 7
[TDSE] Running TDSE-SH-elliptical. step 12800, energy = -0.5011522254647025
  |->  par_lens = 7, 7, 7
[TDSE] Running TDSE-SH-elliptical. step 13000, energy = -0.5018011147119539
  |->  par_lens = 6, 6, 7
[TDSE] Running TDSE-SH-elliptical. step 13200, energy = -0.5026211343634641
  |->  par_lens = 6, 5, 6
[TDSE] Running TDSE-SH-elliptical. step 13400, energy = -0.5019024710666066
  |->  par_lens = 6, 6, 7
[TDSE] Running TDSE-SH-elliptical. step 13600, energy = -0.4991692084841314
  |->  par_lens = 9, 9, 8
[TDSE] Running TDSE-SH-elliptical. step 13800, energy = -0.49660841479710593
  |->  par_lens = 10, 10, 10
[TDSE] Running TDSE-SH-elliptical. step 14000, energy = -0.4971461464147658
  |->  par_lens = 10, 10, 10
[TDSE] Running TDSE-SH-elliptical. step 14200, energy = -0.5003461049497516
  |->  par_lens = 11, 11, 12
[TDSE] Running TDSE-SH-elliptical. step 14400, energy = -0.5015041807634342
  |->  par_lens = 12, 11, 12
[TDSE] Running TDSE-SH-elliptical. step 14600, energy = -0.49652790475269376
  |->  par_lens = 11, 12, 11
[TDSE] Running TDSE-SH-elliptical. step 14800, energy = -0.48819019289105803
  |->  par_lens = 15, 13, 14
[TDSE] Running TDSE-SH-elliptical. step 15000, energy = -0.4847603011193042
  |->  par_lens = 17, 17, 16
[TDSE] Running TDSE-SH-elliptical. step 15200, energy = -0.4907289546588083
  |->  par_lens = 18, 18, 18
[TDSE] Running TDSE-SH-elliptical. step 15400, energy = -0.49899349950764366
  |->  par_lens = 20, 20, 21
[TDSE] Running TDSE-SH-elliptical. step 15600, energy = -0.49702097855835053
  |->  par_lens = 21, 20, 21
[TDSE] Running TDSE-SH-elliptical. step 15800, energy = -0.4820084527959698
  |->  par_lens = 19, 19, 19
[TDSE] Running TDSE-SH-elliptical. step 16000, energy = -0.4677143958180519
  |->  par_lens = 25, 23, 23
[TDSE] Running TDSE-SH-elliptical. step 16200, energy = -0.4702093934379071
  |->  par_lens = 28, 28, 27
[TDSE] Running TDSE-SH-elliptical. step 16400, energy = -0.48746049207655645
  |->  par_lens = 32, 32, 32
[TDSE] Running TDSE-SH-elliptical. step 16600, energy = -0.4968332318030139
  |->  par_lens = 34, 33, 33
[TDSE] Running TDSE-SH-elliptical. step 16800, energy = -0.48011100955650476
  |->  par_lens = 35, 35, 34
[TDSE] Running TDSE-SH-elliptical. step 17000, energy = -0.4486890153412998
  |->  par_lens = 34, 30, 32
[TDSE] Running TDSE-SH-elliptical. step 17200, energy = -0.4354273381426042
  |->  par_lens = 40, 41, 40
[TDSE] Running TDSE-SH-elliptical. step 17400, energy = -0.45619596650309874
  |->  par_lens = 49, 50, 49
[TDSE] Running TDSE-SH-elliptical. step 17600, energy = -0.48737181525912365
  |->  par_lens = 59, 56, 56
[TDSE] Running TDSE-SH-elliptical. step 17800, energy = -0.4863866401440973
  |->  par_lens = 60, 57, 58
[TDSE] Running TDSE-SH-elliptical. step 18000, energy = -0.4439246131267717
  |->  par_lens = 55, 50, 55
[TDSE] Running TDSE-SH-elliptical. step 18200, energy = -0.40225708476962374
  |->  par_lens = 49, 51, 49
[TDSE] Running TDSE-SH-elliptical. step 18400, energy = -0.40787675911420246
  |->  par_lens = 68, 69, 71
[TDSE] Running TDSE-SH-elliptical. step 18600, energy = -0.45596171149442155
  |->  par_lens = 84, 85, 85
[TDSE] Running TDSE-SH-elliptical. step 18800, energy = -0.48699574510899957
  |->  par_lens = 90, 91, 91
[TDSE] Running TDSE-SH-elliptical. step 19000, energy = -0.451601085495641
  |->  par_lens = 93, 91, 91
[TDSE] Running TDSE-SH-elliptical. step 19200, energy = -0.3778517746208285
  |->  par_lens = 79, 72, 77
[TDSE] Running TDSE-SH-elliptical. step 19400, energy = -0.34630220776154136
  |->  par_lens = 82, 87, 86
[TDSE] Running TDSE-SH-elliptical. step 19600, energy = -0.39048838610827513
  |->  par_lens = 115, 114, 114
[TDSE] Running TDSE-SH-elliptical. step 19800, energy = -0.46425817534244634
  |->  par_lens = 138, 134, 137
[TDSE] Running TDSE-SH-elliptical. step 20000, energy = -0.47056914287717755
  |->  par_lens = 142, 143, 142
[TDSE] Running TDSE-SH-elliptical. step 20200, energy = -0.38713707957764715
  |->  par_lens = 139, 136, 138
[TDSE] Running TDSE-SH-elliptical. step 20400, energy = -0.3031232637978572
  |->  par_lens = 107, 110, 107
[TDSE] Running TDSE-SH-elliptical. step 20600, energy = -0.31351360478479323
  |->  par_lens = 134, 138, 137
[TDSE] Running TDSE-SH-elliptical. step 20800, energy = -0.4030035540819709
  |->  par_lens = 180, 180, 179
[TDSE] Running TDSE-SH-elliptical. step 21000, energy = -0.47133090617741435
  |->  par_lens = 198, 198, 199
[TDSE] Running TDSE-SH-elliptical. step 21200, energy = -0.41596729784992426
  |->  par_lens = 199, 200, 200
[TDSE] Running TDSE-SH-elliptical. step 21400, energy = -0.28661718414333986
  |->  par_lens = 171, 172, 173
[TDSE] Running TDSE-SH-elliptical. step 21600, energy = -0.2320579106535202
  |->  par_lens = 163, 156, 159
[TDSE] Running TDSE-SH-elliptical. step 21800, energy = -0.3029165469154941
  |->  par_lens = 216, 216, 219
[TDSE] Running TDSE-SH-elliptical. step 22000, energy = -0.4287727598879467
  |->  par_lens = 262, 264, 264
[TDSE] Running TDSE-SH-elliptical. step 22200, energy = -0.4516460570954468
  |->  par_lens = 275, 274, 277
[TDSE] Running TDSE-SH-elliptical. step 22400, energy = -0.3246676444215339
  |->  par_lens = 268, 262, 267
[TDSE] Running TDSE-SH-elliptical. step 22600, energy = -0.19199208121361597
  |->  par_lens = 221, 221, 226
[TDSE] Running TDSE-SH-elliptical. step 22800, energy = -0.21120625126018075
  |->  par_lens = 241, 238, 245
[TDSE] Running TDSE-SH-elliptical. step 23000, energy = -0.33574979606784455
  |->  par_lens = 308, 311, 306
[TDSE] Running TDSE-SH-elliptical. step 23200, energy = -0.44729300439956426
  |->  par_lens = 340, 345, 345
[TDSE] Running TDSE-SH-elliptical. step 23400, energy = -0.3813795579614116
  |->  par_lens = 340, 344, 343
[TDSE] Running TDSE-SH-elliptical. step 23600, energy = -0.2001999408339621
  |->  par_lens = 313, 311, 311
[TDSE] Running TDSE-SH-elliptical. step 23800, energy = -0.12236494268618273
  |->  par_lens = 271, 271, 280
[TDSE] Running TDSE-SH-elliptical. step 24000, energy = -0.2190684335425477
  |->  par_lens = 345, 338, 341
[TDSE] Running TDSE-SH-elliptical. step 24200, energy = -0.38275006136124706
  |->  par_lens = 408, 406, 404
[TDSE] Running TDSE-SH-elliptical. step 24400, energy = -0.4269795501910888
  |->  par_lens = 423, 422, 422
[TDSE] Running TDSE-SH-elliptical. step 24600, energy = -0.27519216006374697
  |->  par_lens = 411, 413, 404
[TDSE] Running TDSE-SH-elliptical. step 24800, energy = -0.10391277040139575
  |->  par_lens = 365, 361, 358
[TDSE] Running TDSE-SH-elliptical. step 25000, energy = -0.12924365326405532
  |->  par_lens = 376, 367, 362
[TDSE] Running TDSE-SH-elliptical. step 25200, energy = -0.2714916125543764
  |->  par_lens = 436, 437, 433
[TDSE] Running TDSE-SH-elliptical. step 25400, energy = -0.41293800042736467
  |->  par_lens = 466, 470, 469
[TDSE] Running TDSE-SH-elliptical. step 25600, energy = -0.351366541420378
  |->  par_lens = 466, 469, 467
[TDSE] Running TDSE-SH-elliptical. step 25800, energy = -0.15069390853735054
  |->  par_lens = 438, 455, 441
[TDSE] Running TDSE-SH-elliptical. step 26000, energy = -0.0554673876138939
  |->  par_lens = 423, 420, 418
[TDSE] Running TDSE-SH-elliptical. step 26200, energy = -0.16397887491407456
  |->  par_lens = 453, 456, 455
[TDSE] Running TDSE-SH-elliptical. step 26400, energy = -0.33636596561584375
  |->  par_lens = 501, 500, 498
[TDSE] Running TDSE-SH-elliptical. step 26600, energy = -0.3983277302135946
  |->  par_lens = 508, 508, 508
[TDSE] Running TDSE-SH-elliptical. step 26800, energy = -0.25348683007614753
  |->  par_lens = 505, 505, 502
[TDSE] Running TDSE-SH-elliptical. step 27000, energy = -0.0743498137690339
  |->  par_lens = 485, 489, 486
[TDSE] Running TDSE-SH-elliptical. step 27200, energy = -0.09856327737614687
  |->  par_lens = 489, 486, 483
[TDSE] Running TDSE-SH-elliptical. step 27400, energy = -0.23254929905516658
  |->  par_lens = 507, 509, 511
[TDSE] Running TDSE-SH-elliptical. step 27600, energy = -0.378469767522646
  |->  par_lens = 521, 515, 523
[TDSE] Running TDSE-SH-elliptical. step 27800, energy = -0.33429865874006065
  |->  par_lens = 521, 519, 526
[TDSE] Running TDSE-SH-elliptical. step 28000, energy = -0.15064702499388938
  |->  par_lens = 515, 514, 517
[TDSE] Running TDSE-SH-elliptical. step 28200, energy = -0.059573914767490514
  |->  par_lens = 500, 512, 503
[TDSE] Running TDSE-SH-elliptical. step 28400, energy = -0.1527866508743409
  |->  par_lens = 515, 521, 513
[TDSE] Running TDSE-SH-elliptical. step 28600, energy = -0.31025972606212443
  |->  par_lens = 525, 536, 532
[TDSE] Running TDSE-SH-elliptical. step 28800, energy = -0.376547976300764
  |->  par_lens = 535, 540, 536
[TDSE] Running TDSE-SH-elliptical. step 29000, energy = -0.2599214387397108
  |->  par_lens = 535, 539, 537
[TDSE] Running TDSE-SH-elliptical. step 29200, energy = -0.11096413448651206
  |->  par_lens = 528, 528, 523
[TDSE] Running TDSE-SH-elliptical. step 29400, energy = -0.12363219206722566
  |->  par_lens = 521, 524, 515
[TDSE] Running TDSE-SH-elliptical. step 29600, energy = -0.23111488831671137
  |->  par_lens = 539, 531, 539
[TDSE] Running TDSE-SH-elliptical. step 29800, energy = -0.3619093244859016
  |->  par_lens = 548, 543, 542
[TDSE] Running TDSE-SH-elliptical. step 30000, energy = -0.3372222909046079
  |->  par_lens = 547, 543, 549
[TDSE] Running TDSE-SH-elliptical. step 30200, energy = -0.19680178452828945
  |->  par_lens = 542, 536, 540
[TDSE] Running TDSE-SH-elliptical. step 30400, energy = -0.12453670232639606
  |->  par_lens = 531, 529, 527
[TDSE] Running TDSE-SH-elliptical. step 30600, energy = -0.18585932111333672
  |->  par_lens = 545, 544, 544
[TDSE] Running TDSE-SH-elliptical. step 30800, energy = -0.3111191184692026
  |->  par_lens = 552, 550, 549
[TDSE] Running TDSE-SH-elliptical. step 31000, energy = -0.37254130529114277
  |->  par_lens = 551, 553, 551
[TDSE] Running TDSE-SH-elliptical. step 31200, energy = -0.2976237241582379
  |->  par_lens = 551, 549, 551
[TDSE] Running TDSE-SH-elliptical. step 31400, energy = -0.1956766591678785
  |->  par_lens = 542, 545, 547
[TDSE] Running TDSE-SH-elliptical. step 31600, energy = -0.19009751231203892
  |->  par_lens = 531, 535, 539
[TDSE] Running TDSE-SH-elliptical. step 31800, energy = -0.2730466465927747
  |->  par_lens = 547, 549, 545
[TDSE] Running TDSE-SH-elliptical. step 32000, energy = -0.36876934037866665
  |->  par_lens = 549, 553, 551
[TDSE] Running TDSE-SH-elliptical. step 32200, energy = -0.3587215043070947
  |->  par_lens = 550, 552, 552
[TDSE] Running TDSE-SH-elliptical. step 32400, energy = -0.26818153290404667
  |->  par_lens = 544, 552, 543
[TDSE] Running TDSE-SH-elliptical. step 32600, energy = -0.2209858063650445
  |->  par_lens = 537, 541, 546
[TDSE] Running TDSE-SH-elliptical. step 32800, energy = -0.2566742617151465
  |->  par_lens = 547, 554, 551
[TDSE] Running TDSE-SH-elliptical. step 33000, energy = -0.33877535267055175
  |->  par_lens = 552, 554, 548
[TDSE] Running TDSE-SH-elliptical. step 33200, energy = -0.3831813556404012
  |->  par_lens = 553, 556, 552
[TDSE] Running TDSE-SH-elliptical. step 33400, energy = -0.3435872971869421
  |->  par_lens = 553, 555, 551
[TDSE] Running TDSE-SH-elliptical. step 33600, energy = -0.28403503849054657
  |->  par_lens = 548, 554, 548
[TDSE] Running TDSE-SH-elliptical. step 33800, energy = -0.2801058122952761
  |->  par_lens = 539, 540, 540
[TDSE] Running TDSE-SH-elliptical. step 34000, energy = -0.32519393059362667
  |->  par_lens = 544, 541, 543
[TDSE] Running TDSE-SH-elliptical. step 34200, energy = -0.38005474325287436
  |->  par_lens = 538, 542, 543
[TDSE] Running TDSE-SH-elliptical. step 34400, energy = -0.38034975205095717
  |->  par_lens = 538, 542, 540
[TDSE] Running TDSE-SH-elliptical. step 34600, energy = -0.33817054717615896
  |->  par_lens = 537, 541, 536
[TDSE] Running TDSE-SH-elliptical. step 34800, energy = -0.30631983197929646
  |->  par_lens = 538, 537, 535
[TDSE] Running TDSE-SH-elliptical. step 35000, energy = -0.32610661585034845
  |->  par_lens = 535, 543, 534
[TDSE] Running TDSE-SH-elliptical. step 35200, energy = -0.36719707761949716
  |->  par_lens = 538, 544, 539
[TDSE] Running TDSE-SH-elliptical. step 35400, energy = -0.39185207321464804
  |->  par_lens = 537, 540, 540
[TDSE] Running TDSE-SH-elliptical. step 35600, energy = -0.3782738135235853
  |->  par_lens = 530, 539, 533
[TDSE] Running TDSE-SH-elliptical. step 35800, energy = -0.3546997750036585
  |->  par_lens = 516, 524, 519
[TDSE] Running TDSE-SH-elliptical. step 36000, energy = -0.3439581935271417
  |->  par_lens = 487, 508, 497
[TDSE] Running TDSE-SH-elliptical. step 36200, energy = -0.372607772675215
  |->  par_lens = 472, 484, 475
[TDSE] Running TDSE-SH-elliptical. step 36400, energy = -0.3900852919381649
  |->  par_lens = 468, 468, 462
[TDSE] Running TDSE-SH-elliptical. step 36600, energy = -0.39452159275725207
  |->  par_lens = 447, 452, 446
[TDSE] Running TDSE-SH-elliptical. step 36800, energy = -0.37738428954249414
  |->  par_lens = 426, 434, 426
[TDSE] Running TDSE-SH-elliptical. step 37000, energy = -0.36850041317286913
  |->  par_lens = 403, 418, 411
[TDSE] Running TDSE-SH-elliptical. step 37200, energy = -0.3727323969954349
  |->  par_lens = 402, 418, 406
[TDSE] Running TDSE-SH-elliptical. step 37400, energy = -0.3880545689249614
  |->  par_lens = 400, 402, 400
[TDSE] Running TDSE-SH-elliptical. step 37600, energy = -0.3988003532647709
  |->  par_lens = 393, 399, 395
[TDSE] Running TDSE-SH-elliptical. step 37800, energy = -0.3957372068314934
  |->  par_lens = 385, 392, 388
[TDSE] Running TDSE-SH-elliptical. step 38000, energy = -0.3879813334927236
  |->  par_lens = 366, 367, 367
[TDSE] Running TDSE-SH-elliptical. step 38200, energy = -0.38897042276027477
  |->  par_lens = 335, 349, 341
[TDSE] Running TDSE-SH-elliptical. step 38400, energy = -0.39129673780837176
  |->  par_lens = 304, 317, 313
[TDSE] Running TDSE-SH-elliptical. step 38600, energy = -0.39964303954596414
  |->  par_lens = 285, 303, 291
[TDSE] Running TDSE-SH-elliptical. step 38800, energy = -0.3993872268040171
  |->  par_lens = 275, 294, 281
[TDSE] Running TDSE-SH-elliptical. step 39000, energy = -0.39682858988760766
  |->  par_lens = 268, 282, 272
[TDSE] Running TDSE-SH-elliptical. step 39200, energy = -0.39496412477644405
  |->  par_lens = 273, 278, 274
[TDSE] Running TDSE-SH-elliptical. step 39400, energy = -0.39517646648672683
  |->  par_lens = 280, 286, 279
[TDSE] Running TDSE-SH-elliptical. step 39600, energy = -0.39945807175260667
  |->  par_lens = 284, 284, 284
[TDSE] Running TDSE-SH-elliptical. step 39800, energy = -0.40052523277640384
  |->  par_lens = 283, 282, 284
[TDSE] Running TDSE-SH-elliptical. step 40000, energy = -0.4013707205164083
  |->  par_lens = 279, 281, 283
[TDSE] Running TDSE-SH-elliptical. step 40200, energy = -0.4009014127752791
  |->  par_lens = 276, 279, 280
[TDSE] Running TDSE-SH-elliptical. step 40400, energy = -0.4006056613307377
  |->  par_lens = 270, 276, 274
[TDSE] Running TDSE-SH-elliptical. step 40600, energy = -0.4017006229852825
  |->  par_lens = 269, 270, 269
[TDSE] Running TDSE-SH-elliptical. step 40800, energy = -0.4019864458975027
  |->  par_lens = 262, 263, 267
[TDSE] Running TDSE-SH-elliptical. step 41000, energy = -0.40229796161631415
  |->  par_lens = 253, 257, 259
[TDSE] Running TDSE-SH-elliptical. step 41200, energy = -0.4025366999998474
  |->  par_lens = 252, 254, 255
[TDSE] Running TDSE-SH-elliptical. step 41400, energy = -0.40231340952661343
  |->  par_lens = 253, 252, 255
[TDSE] Running TDSE-SH-elliptical. step 41600, energy = -0.40288718829102144
  |->  par_lens = 254, 253, 256
[TDSE] Running TDSE-SH-elliptical. step 41800, energy = -0.4031139641241127
  |->  par_lens = 253, 253, 252
[TDSE] Running TDSE-SH-elliptical. step 42000, energy = -0.4035207850984258
  |->  par_lens = 252, 253, 252
[TDSE] Running TDSE-SH-elliptical. step 42200, energy = -0.4037580829276685
  |->  par_lens = 251, 250, 249
[TDSE] Running TDSE-SH-elliptical. step 42400, energy = -0.40417244655457096
  |->  par_lens = 251, 250, 248
[TDSE] Running TDSE-SH-elliptical. step 42600, energy = -0.40442812088992564
  |->  par_lens = 250, 249, 248
[TDSE] Running TDSE-SH-elliptical. step 42800, energy = -0.40469769539552464
  |->  par_lens = 250, 249, 248
[TDSE] Running TDSE-SH-elliptical. step 43000, energy = -0.4050377899800175
  |->  par_lens = 248, 248, 248
[TDSE] Running TDSE-SH-elliptical. step 43200, energy = -0.4053507449313547
  |->  par_lens = 247, 245, 247
[TDSE] Running TDSE-SH-elliptical. step 43400, energy = -0.40568300891840775
  |->  par_lens = 246, 245, 247
[TDSE] Running TDSE-SH-elliptical. step 43600, energy = -0.4059880163979866
  |->  par_lens = 246, 245, 246
[TDSE] Running TDSE-SH-elliptical. step 43800, energy = -0.40635846445966156
  |->  par_lens = 245, 244, 245
[TDSE] Running TDSE-SH-elliptical. step 44000, energy = -0.40663051775126813
  |->  par_lens = 244, 243, 244
[TDSE] Running TDSE-SH-elliptical. step 44200, energy = -0.4071488247927195
  |->  par_lens = 244, 242, 242
[TDSE] Running TDSE-SH-elliptical. step 44400, energy = -0.40748560791598687
  |->  par_lens = 243, 241, 242
[TDSE] Running TDSE-SH-elliptical. step 44600, energy = -0.40796161675686093
  |->  par_lens = 242, 239, 241
[TDSE] Running TDSE-SH-elliptical. step 44800, energy = -0.40804310536168364
  |->  par_lens = 242, 239, 239
[TDSE] Running TDSE-SH-elliptical. step 45000, energy = -0.4082942425268437
  |->  par_lens = 240, 237, 239
[TDSE] Running TDSE-SH-elliptical. step 45200, energy = -0.4085183355625956
  |->  par_lens = 238, 236, 238
[TDSE] Running TDSE-SH-elliptical. step 45400, energy = -0.40923638138090485
  |->  par_lens = 237, 236, 238
[TDSE] Running TDSE-SH-elliptical. step 45600, energy = -0.40964895364688486
  |->  par_lens = 235, 234, 236
[TDSE] Running TDSE-SH-elliptical. step 45800, energy = -0.41015242743248087
  |->  par_lens = 234, 233, 234
[TDSE] Running TDSE-SH-elliptical. step 46000, energy = -0.41025000197030337
  |->  par_lens = 233, 231, 232
[TDSE] Running TDSE-SH-elliptical. step 46200, energy = -0.41057363827869525
  |->  par_lens = 232, 230, 231
[TDSE] Running TDSE-SH-elliptical. step 46400, energy = -0.410793776861345
  |->  par_lens = 229, 230, 229
[TDSE] Running TDSE-SH-elliptical. step 46600, energy = -0.41123924000659845
  |->  par_lens = 228, 228, 229
[TDSE] Running TDSE-SH-elliptical. step 46800, energy = -0.41143950403824614
  |->  par_lens = 225, 226, 226
[TDSE] Running TDSE-SH-elliptical. step 47000, energy = -0.4118836763540062
  |->  par_lens = 225, 224, 226
[TDSE] Running TDSE-SH-elliptical. step 47200, energy = -0.4121904048334777
  |->  par_lens = 225, 224, 224
[TDSE] Running TDSE-SH-elliptical. step 47400, energy = -0.41256259626803965
  |->  par_lens = 225, 223, 223
[TDSE] Running TDSE-SH-elliptical. step 47600, energy = -0.4128597615624237
  |->  par_lens = 225, 222, 223
[TDSE] Running TDSE-SH-elliptical. step 47800, energy = -0.4131468789813991
  |->  par_lens = 222, 221, 220
[TDSE] Running TDSE-SH-elliptical. step 48000, energy = -0.413433321295864
  |->  par_lens = 220, 217, 217
[TDSE] Running TDSE-SH-elliptical. step 48200, energy = -0.41372540559977067
  |->  par_lens = 218, 216, 217
[TDSE] Running TDSE-SH-elliptical. step 48400, energy = -0.4140218865999291
  |->  par_lens = 216, 216, 217
[TDSE] Running TDSE-SH-elliptical. step 48600, energy = -0.4142589731637692
  |->  par_lens = 216, 216, 217
[TDSE] Running TDSE-SH-elliptical. step 48800, energy = -0.41466485253974605
  |->  par_lens = 215, 215, 217
[TDSE] Running TDSE-SH-elliptical. step 49000, energy = -0.414787536167701
  |->  par_lens = 214, 215, 217
[TDSE] Running TDSE-SH-elliptical. step 49200, energy = -0.4151064096166929
  |->  par_lens = 212, 212, 215
[TDSE] Running TDSE-SH-elliptical. step 49400, energy = -0.415256862457956
  |->  par_lens = 209, 212, 210
[TDSE] Running TDSE-SH-elliptical. step 49600, energy = -0.4156064299235324
  |->  par_lens = 209, 208, 208
[TDSE] Running TDSE-SH-elliptical. step 49800, energy = -0.4157356606019686
  |->  par_lens = 209, 207, 207
[TDSE] Running TDSE-SH-elliptical. step 50000, energy = -0.41618711823572374
  |->  par_lens = 209, 207, 207
[TDSE] Running TDSE-SH-elliptical. step 50200, energy = -0.41628002232135475
  |->  par_lens = 209, 206, 207
[TDSE] Running TDSE-SH-elliptical. step 50400, energy = -0.41666073830870287
  |->  par_lens = 209, 206, 207
[TDSE] Running TDSE-SH-elliptical. step 50600, energy = -0.41674053211511236
  |->  par_lens = 208, 206, 207
[TDSE] Running TDSE-SH-elliptical. step 50800, energy = -0.41712334668813633
  |->  par_lens = 206, 206, 207
[TDSE] Running TDSE-SH-elliptical. step 51000, energy = -0.4172871406482394
  |->  par_lens = 206, 206, 205
[TDSE] Running TDSE-SH-elliptical. step 51200, energy = -0.417650723583622
  |->  par_lens = 204, 204, 203
[TDSE] Running TDSE-SH-elliptical. step 51400, energy = -0.4176761492326546
  |->  par_lens = 202, 198, 199
[TDSE] Running TDSE-SH-elliptical. step 51600, energy = -0.41798541006185436
  |->  par_lens = 200, 198, 198
[TDSE] Running TDSE-SH-elliptical. step 51800, energy = -0.41804448159294716
  |->  par_lens = 199, 198, 198
[TDSE] Running TDSE-SH-elliptical. step 52000, energy = -0.41824771823057494
  |->  par_lens = 199, 198, 198
[TDSE] Running TDSE-SH-elliptical. step 52200, energy = -0.4183999865203076
  |->  par_lens = 199, 198, 198
[TDSE] Running TDSE-SH-elliptical. step 52400, energy = -0.4186374263576392
  |->  par_lens = 199, 198, 198
[TDSE] Running TDSE-SH-elliptical. step 52600, energy = -0.4188031963856667
  |->  par_lens = 199, 198, 198
[TDSE] Running TDSE-SH-elliptical. step 52800, energy = -0.4190723383564243
  |->  par_lens = 198, 198, 198
[TDSE] Running TDSE-SH-elliptical. step 53000, energy = -0.41929159687127965
  |->  par_lens = 198, 196, 198
[TDSE] Running TDSE-SH-elliptical. step 53200, energy = -0.4194356707697484
  |->  par_lens = 196, 195, 195
[TDSE] Running TDSE-SH-elliptical. step 53400, energy = -0.4197316919285721
  |->  par_lens = 195, 194, 194
[TDSE] Running TDSE-SH-elliptical. step 53600, energy = -0.4198538423112655
  |->  par_lens = 193, 192, 193
[TDSE] Running TDSE-SH-elliptical. step 53800, energy = -0.4201292156884741
  |->  par_lens = 191, 192, 191
[TDSE] Running TDSE-SH-elliptical. step 54000, energy = -0.42019599802047536
  |->  par_lens = 190, 190, 189
[TDSE] Running TDSE-SH-elliptical. step 54200, energy = -0.4204247541136362
  |->  par_lens = 189, 190, 188
[TDSE] Running TDSE-SH-elliptical. step 54400, energy = -0.4204222496242474
  |->  par_lens = 189, 190, 189
[TDSE] Running TDSE-SH-elliptical. step 54600, energy = -0.42069866703796693
  |->  par_lens = 189, 189, 189
[TDSE] Running TDSE-SH-elliptical. step 54800, energy = -0.4206070052057085
  |->  par_lens = 189, 189, 188
[TDSE] Running TDSE-SH-elliptical. step 55000, energy = -0.42092798840965845
  |->  par_lens = 188, 189, 188
[TDSE] Running TDSE-SH-elliptical. step 55200, energy = -0.4209437761205473
  |->  par_lens = 188, 189, 188
[TDSE] Running TDSE-SH-elliptical. step 55400, energy = -0.4212102617426985
  |->  par_lens = 188, 189, 188
[TDSE] Running TDSE-SH-elliptical. step 55600, energy = -0.42122303190191984
  |->  par_lens = 188, 188, 188
[TDSE] Running TDSE-SH-elliptical. step 55800, energy = -0.42157735826884024
  |->  par_lens = 188, 188, 188
[TDSE] Running TDSE-SH-elliptical. step 56000, energy = -0.4215512794229353
  |->  par_lens = 187, 188, 186
[TDSE] Running TDSE-SH-elliptical. step 56200, energy = -0.42188162411802543
  |->  par_lens = 186, 187, 185
[TDSE] Running TDSE-SH-elliptical. step 56400, energy = -0.4219501862744083
  |->  par_lens = 184, 183, 185
[TDSE] Running TDSE-SH-elliptical. step 56600, energy = -0.42222111469888185
  |->  par_lens = 182, 183, 184
[TDSE] Running TDSE-SH-elliptical. step 56800, energy = -0.4223195561606968
  |->  par_lens = 181, 182, 182
[TDSE] Running TDSE-SH-elliptical. step 57000, energy = -0.42255338133079895
  |->  par_lens = 181, 182, 181
[TDSE] Running TDSE-SH-elliptical. step 57200, energy = -0.4226157169262975
  |->  par_lens = 179, 180, 179
[TDSE] Running TDSE-SH-elliptical. step 57400, energy = -0.4227864280012271
  |->  par_lens = 178, 177, 179
[TDSE] Running TDSE-SH-elliptical. step 57600, energy = -0.4228094306560378
  |->  par_lens = 178, 177, 179
[TDSE] Running TDSE-SH-elliptical. step 57800, energy = -0.42284852952447577
  |->  par_lens = 178, 177, 179
[TDSE] Running TDSE-SH-elliptical. step 58000, energy = -0.42298172310135257
  |->  par_lens = 178, 177, 179
[TDSE] Running TDSE-SH-elliptical. step 58200, energy = -0.42293546684069694
  |->  par_lens = 178, 177, 179
[TDSE] Running TDSE-SH-elliptical. step 58400, energy = -0.4230308437725018
  |->  par_lens = 178, 177, 179
[TDSE] Running TDSE-SH-elliptical. step 58600, energy = -0.423053839584494
  |->  par_lens = 178, 177, 179
[TDSE] Running TDSE-SH-elliptical. step 58800, energy = -0.42320519993832084
  |->  par_lens = 178, 177, 179
[TDSE] Running TDSE-SH-elliptical. step 59000, energy = -0.4231259437957774
  |->  par_lens = 178, 177, 179
[TDSE] Running TDSE-SH-elliptical. step 59200, energy = -0.42338421811105237
  |->  par_lens = 178, 177, 179
  Activating project at `~/JuliaProp_v0.1`
[TDSE] Running TDSE-SH-elliptical. step 59400, energy = -0.4232869464034031
  |->  par_lens = 178, 177, 179
[TDSE] Running TDSE-SH-elliptical. step 59600, energy = -0.4235477968837673
  |->  par_lens = 178, 177, 179
[TDSE] Running TDSE-SH-elliptical. step 59800, energy = -0.4234928160288836
  |->  par_lens = 178, 177, 179
[TDSE] Running TDSE-SH-elliptical. step 60000, energy = -0.4237491114289057
  |->  par_lens = 178, 177, 179
[TDSE] Running TDSE-SH-elliptical. step 60200, energy = -0.42370825734065115
  |->  par_lens = 178, 177, 179
[TDSE] Running TDSE-SH-elliptical. step 60400, energy = -0.424044904601945
  |->  par_lens = 178, 177, 179
[TDSE] Running TDSE-SH-elliptical. step 60600, energy = -0.42397384723935094
  |->  par_lens = 178, 177, 179
[TDSE] Running TDSE-SH-elliptical. step 60800, energy = -0.4243176960665079
  |->  par_lens = 178, 177, 178
[TDSE] Running TDSE-SH-elliptical. step 61000, energy = -0.4243016150742937
  |->  par_lens = 178, 177, 178
[TDSE] Running TDSE-SH-elliptical. step 61200, energy = -0.4245538195866279
  |->  par_lens = 178, 177, 178
[TDSE] Running TDSE-SH-elliptical. step 61400, energy = -0.4245937825860493
  |->  par_lens = 177, 176, 176
[TDSE] Running TDSE-SH-elliptical. step 61600, energy = -0.42480547824069087
  |->  par_lens = 177, 177, 176
[TDSE] Running TDSE-SH-elliptical. step 61800, energy = -0.42474577538357156
  |->  par_lens = 176, 175, 175
[TDSE] Running TDSE-SH-elliptical. step 62000, energy = -0.424955727683358
  |->  par_lens = 174, 176, 174
[TDSE] Running TDSE-SH-elliptical. step 62200, energy = -0.4249635764215951
  |->  par_lens = 172, 173, 173
[TDSE] Running TDSE-SH-elliptical. step 62400, energy = -0.42498255740310426
  |->  par_lens = 172, 173, 172
[TDSE] Running TDSE-SH-elliptical. step 62600, energy = -0.42505853397164123
  |->  par_lens = 171, 170, 171
[TDSE] Running TDSE-SH-elliptical. step 62800, energy = -0.42509620661843517
  |->  par_lens = 170, 169, 169
[TDSE] Running TDSE-SH-elliptical. step 63000, energy = -0.42516124405821437
  |->  par_lens = 169, 167, 168
[TDSE] Running TDSE-SH-elliptical. step 63200, energy = -0.4251448752371833
  |->  par_lens = 168, 166, 166
[TDSE] Running TDSE-SH-elliptical. step 63400, energy = -0.42525661321280417
  |->  par_lens = 166, 166, 166
[TDSE] Running TDSE-SH-elliptical. step 63600, energy = -0.42521153176865906
  |->  par_lens = 166, 165, 165
[TDSE] Running TDSE-SH-elliptical. step 63800, energy = -0.42541725848932616
  |->  par_lens = 165, 165, 165
[TDSE] Running TDSE-SH-elliptical. step 64000, energy = -0.4252432455888151
  |->  par_lens = 165, 165, 165
[TDSE] Running TDSE-SH-elliptical. step 64200, energy = -0.4254634576535973
  |->  par_lens = 165, 165, 165
[TDSE] Running TDSE-SH-elliptical. step 64400, energy = -0.42538048126033245
  |->  par_lens = 165, 165, 165
[TDSE] Running TDSE-SH-elliptical. step 64600, energy = -0.42554492159219226
  |->  par_lens = 165, 165, 165
[TDSE] Running TDSE-SH-elliptical. step 64800, energy = -0.4253803828307562
  |->  par_lens = 165, 165, 165
[TDSE] Running TDSE-SH-elliptical. step 65000, energy = -0.4256520855557861
  |->  par_lens = 165, 165, 165
[TDSE] Running TDSE-SH-elliptical. step 65200, energy = -0.4254421720710991
  |->  par_lens = 165, 165, 165
[TDSE] Running TDSE-SH-elliptical. step 65400, energy = -0.42568500818018823
  |->  par_lens = 165, 165, 165
[TDSE] Running TDSE-SH-elliptical. step 65600, energy = -0.4255442876997201
  |->  par_lens = 165, 165, 165
[TDSE] Running TDSE-SH-elliptical. step 65800, energy = -0.4257059294981507
  |->  par_lens = 165, 165, 165
[TDSE] Running TDSE-SH-elliptical. step 66000, energy = -0.4255898625136626
  |->  par_lens = 165, 165, 165
[TDSE] Running TDSE-SH-elliptical. step 66200, energy = -0.425789103819
  |->  par_lens = 165, 165, 165
[TDSE] Running TDSE-SH-elliptical. step 66400, energy = -0.42564105173813793
  |->  par_lens = 165, 165, 165
[TDSE] Running TDSE-SH-elliptical. step 66600, energy = -0.42580235174441766
  |->  par_lens = 165, 165, 165
[TDSE] Running TDSE-SH-elliptical. step 66800, energy = -0.42572225567334226
  |->  par_lens = 165, 165, 165
[TDSE] Running TDSE-SH-elliptical. step 67000, energy = -0.425801658363759
  |->  par_lens = 165, 165, 165
[TDSE] Running TDSE-SH-elliptical. step 67200, energy = -0.42582539517565365
  |->  par_lens = 165, 165, 165
[TDSE] Running TDSE-SH-elliptical. step 67400, energy = -0.4258235814533949
  |->  par_lens = 165, 165, 165
[TDSE] Running TDSE-SH-elliptical. step 67600, energy = -0.42582630335247934
  |->  par_lens = 165, 165, 165
[TDSE] Running TDSE-SH-elliptical. step 67800, energy = -0.4258887363119191
  |->  par_lens = 165, 165, 165
[TDSE] Running TDSE-SH-elliptical. step 68000, energy = -0.4259427605337938
  |->  par_lens = 165, 165, 165
[TDSE] Running TDSE-SH-elliptical. step 68200, energy = -0.4258506870111565
  |->  par_lens = 165, 165, 165
[TDSE] Running TDSE-SH-elliptical. step 68400, energy = -0.42605541543304226
  |->  par_lens = 166, 165, 165
[TDSE] Running TDSE-SH-elliptical. step 68600, energy = -0.42593327130452907
  |->  par_lens = 165, 165, 165
[TDSE] Running TDSE-SH-elliptical. step 68800, energy = -0.4261028023256144
  |->  par_lens = 165, 165, 165
[TDSE] Running TDSE-SH-elliptical. step 69000, energy = -0.4260190080436518
  |->  par_lens = 165, 165, 165
[TDSE] Running TDSE-SH-elliptical. step 69200, energy = -0.42622318525696123
  |->  par_lens = 165, 165, 165
[TDSE] Running TDSE-SH-elliptical. step 69400, energy = -0.4260639820687646
  |->  par_lens = 165, 165, 165
[TDSE] Running TDSE-SH-elliptical. step 69600, energy = -0.4263450048609723
  |->  par_lens = 165, 165, 165
[TDSE] Running TDSE-SH-elliptical. step 69800, energy = -0.42615340127255913
  |->  par_lens = 165, 165, 165
[TDSE] Running TDSE-SH-elliptical. step 70000, energy = -0.42644289647354044
  |->  par_lens = 165, 165, 165
[TDSE] Running TDSE-SH-elliptical. step 70200, energy = -0.426274200756205
  |->  par_lens = 165, 165, 166
[TDSE] Running TDSE-SH-elliptical. step 70400, energy = -0.426481684764203
  |->  par_lens = 165, 165, 165
[TDSE] Running TDSE-SH-elliptical. step 70600, energy = -0.42638653642910523
  |->  par_lens = 165, 165, 165
[TDSE] Running TDSE-SH-elliptical. step 70800, energy = -0.426630159278003
  |->  par_lens = 165, 165, 165
[TDSE] Running TDSE-SH-elliptical. step 71000, energy = -0.4264168149610163
  |->  par_lens = 165, 165, 165
[TDSE] Running TDSE-SH-elliptical. step 71200, energy = -0.4266732495780135
  |->  par_lens = 165, 165, 165
[TDSE] Running TDSE-SH-elliptical. step 71400, energy = -0.4266148271749949
  |->  par_lens = 165, 165, 165
[TDSE] Running TDSE-SH-elliptical. step 71600, energy = -0.4267132355621245
  |->  par_lens = 165, 165, 165
[TDSE] Running TDSE-SH-elliptical. step 71800, energy = -0.4266988249839449
  |->  par_lens = 165, 165, 165
[TDSE] Running TDSE-SH-elliptical. step 72000, energy = -0.4268221358918955
  |->  par_lens = 165, 165, 165
[TDSE] Running TDSE-SH-elliptical. step 72200, energy = -0.42680586613697075
  |->  par_lens = 165, 165, 165
[TDSE] Running TDSE-SH-elliptical. step 72400, energy = -0.4268861636213108
  |->  par_lens = 165, 165, 165
[TDSE] Running TDSE-SH-elliptical. step 72600, energy = -0.4269277873204386
  |->  par_lens = 165, 165, 165
[TDSE] Running TDSE-SH-elliptical. step 72800, energy = -0.4269057367973359
  |->  par_lens = 165, 165, 165
[TDSE] Running TDSE-SH-elliptical. step 73000, energy = -0.42707226651668184
  |->  par_lens = 164, 164, 165
[TDSE] Running TDSE-SH-elliptical. step 73200, energy = -0.42696034463724536
  |->  par_lens = 165, 164, 164
[TDSE] Running TDSE-SH-elliptical. step 73400, energy = -0.42711482689651087
  |->  par_lens = 164, 163, 164
[TDSE] Running TDSE-SH-elliptical. step 73600, energy = -0.427042303750747
  |->  par_lens = 164, 162, 163
[TDSE] Running TDSE-SH-elliptical. step 73800, energy = -0.427201642144925
  |->  par_lens = 164, 160, 162
[TDSE] Running TDSE-SH-elliptical. step 74000, energy = -0.4270383119210205
  |->  par_lens = 162, 162, 162
[TDSE] Running TDSE-SH-elliptical. step 74200, energy = -0.4273110997190845
  |->  par_lens = 160, 161, 161
[TDSE] Running TDSE-SH-elliptical. step 74400, energy = -0.42704787143306644
  |->  par_lens = 161, 159, 162
[TDSE] Running TDSE-SH-elliptical. step 74600, energy = -0.42731904923183167
  |->  par_lens = 160, 159, 159
[TDSE] Running TDSE-SH-elliptical. step 74800, energy = -0.4271598625891889
  |->  par_lens = 159, 158, 160
[TDSE] Running TDSE-SH-elliptical. step 75000, energy = -0.427333832729016
  |->  par_lens = 158, 156, 158
[TDSE] Running TDSE-SH-elliptical. step 75200, energy = -0.42712297530207965
  |->  par_lens = 157, 156, 157
[TDSE] Running TDSE-SH-elliptical. step 75400, energy = -0.4274180478524789
  |->  par_lens = 156, 156, 157
[TDSE] Running TDSE-SH-elliptical. step 75600, energy = -0.4271810342760625
  |->  par_lens = 157, 155, 158
[TDSE] Running TDSE-SH-elliptical. step 75800, energy = -0.4273803559038107
  |->  par_lens = 157, 155, 157
[TDSE] Running TDSE-SH-elliptical. step 76000, energy = -0.4272054754245743
  |->  par_lens = 158, 156, 157
[TDSE] Running TDSE-SH-elliptical. step 76200, energy = -0.4273659269190449
  |->  par_lens = 156, 155, 157
[TDSE] Running TDSE-SH-elliptical. step 76400, energy = -0.4272909670600774
  |->  par_lens = 157, 155, 157
[TDSE] Running TDSE-SH-elliptical. step 76600, energy = -0.4273595757555669
  |->  par_lens = 157, 155, 158
[TDSE] Running TDSE-SH-elliptical. step 76800, energy = -0.4272362805364885
  |->  par_lens = 157, 155, 158
[TDSE] Running TDSE-SH-elliptical. step 77000, energy = -0.42738770505555684
  |->  par_lens = 157, 156, 157
[TDSE] Running TDSE-SH-elliptical. step 77200, energy = -0.42735330635133767
  |->  par_lens = 157, 155, 157
[TDSE] Running TDSE-SH-elliptical. step 77400, energy = -0.42728133766529036
  |->  par_lens = 157, 155, 157
[TDSE] Running TDSE-SH-elliptical. step 77600, energy = -0.4273894863155745
  |->  par_lens = 157, 155, 157
[TDSE] Running TDSE-SH-elliptical. step 77800, energy = -0.4273157531784674
  |->  par_lens = 158, 155, 157
[TDSE] Running TDSE-SH-elliptical. step 78000, energy = -0.42738761799474034
  |->  par_lens = 157, 155, 158
[TDSE] Running TDSE-SH-elliptical. step 78200, energy = -0.42731580423292276
  |->  par_lens = 157, 155, 158
[TDSE] Running TDSE-SH-elliptical. step 78400, energy = -0.4274463503075671
  |->  par_lens = 157, 155, 158
[TDSE] Running TDSE-SH-elliptical. step 78600, energy = -0.42725878823047236
  |->  par_lens = 158, 156, 157
[TDSE] Running TDSE-SH-elliptical. step 78800, energy = -0.42751057977717555
  |->  par_lens = 158, 155, 158
[TDSE] Running TDSE-SH-elliptical. step 79000, energy = -0.4272693882312029
  |->  par_lens = 157, 156, 157
[TDSE] Running TDSE-SH-elliptical. step 79200, energy = -0.4275121298276043
  |->  par_lens = 158, 156, 157
[TDSE] Running TDSE-SH-elliptical. step 79400, energy = -0.4273014225143671
  |->  par_lens = 157, 157, 157
[TDSE] Running TDSE-SH-elliptical. step 79600, energy = -0.42750433828246687
  |->  par_lens = 157, 157, 157
[TDSE] Running TDSE-SH-elliptical. step 79800, energy = -0.42730193754641754
  |->  par_lens = 157, 156, 157
[TDSE] Running TDSE-SH-elliptical. step 80000, energy = -0.42758414368473013
  |->  par_lens = 157, 156, 157
[TDSE] Running TDSE-SH-elliptical. step 80200, energy = -0.4272743044415609
  |->  par_lens = 157, 156, 157
[TDSE] Running TDSE-SH-elliptical. step 80400, energy = -0.4275596804594291
  |->  par_lens = 157, 156, 157
[TDSE] Running TDSE-SH-elliptical. step 80600, energy = -0.4273772197611752
  |->  par_lens = 157, 156, 157
[TDSE] Running TDSE-SH-elliptical. step 80800, energy = -0.42751287735757854
  |->  par_lens = 157, 156, 157
[TDSE] Running TDSE-SH-elliptical. step 81000, energy = -0.427383221248628
  |->  par_lens = 158, 156, 157
[TDSE] Running TDSE-SH-elliptical. step 81200, energy = -0.42756986416422876
  |->  par_lens = 157, 156, 156
[TDSE] Running TDSE-SH-elliptical. step 81400, energy = -0.427379738575289
  |->  par_lens = 157, 157, 157
[TDSE] Running TDSE-SH-elliptical. step 81600, energy = -0.4275330610736441
  |->  par_lens = 157, 156, 156
[TDSE] Running TDSE-SH-elliptical. step 81800, energy = -0.42748405388126165
  |->  par_lens = 158, 156, 157
[TDSE] Running TDSE-SH-elliptical. step 82000, energy = -0.427487797939244
  |->  par_lens = 157, 156, 157
[TDSE] Running TDSE-SH-elliptical. step 82200, energy = -0.42751755578026146
  |->  par_lens = 157, 156, 157
[TDSE] Running TDSE-SH-elliptical. step 82400, energy = -0.42748383961130415
  |->  par_lens = 157, 156, 157
[TDSE] Running TDSE-SH-elliptical. step 82600, energy = -0.4275439378343501
  |->  par_lens = 157, 156, 156
[TDSE] Running TDSE-SH-elliptical. step 82800, energy = -0.4275021671618808
  |->  par_lens = 157, 156, 156
[TDSE] Running TDSE-SH-elliptical. step 83000, energy = -0.42756877642045243
  |->  par_lens = 157, 156, 156
[TDSE] Running TDSE-SH-elliptical. step 83200, energy = -0.4274268860240901
  |->  par_lens = 157, 156, 156
[TDSE] Running TDSE-SH-elliptical. step 83400, energy = -0.4276831588401624
  |->  par_lens = 157, 156, 156
[TDSE] Running TDSE-SH-elliptical. step 83600, energy = -0.42741086132292055
  |->  par_lens = 157, 156, 156
[TDSE] Running TDSE-SH-elliptical. step 83800, energy = -0.4276291589367622
  |->  par_lens = 157, 156, 156
[TDSE] Running TDSE-SH-elliptical. step 84000, energy = -0.42748039485540956
  |->  par_lens = 157, 156, 156
[TDSE] Running TDSE-SH-elliptical. step 84200, energy = -0.42766914397128675
  |->  par_lens = 157, 156, 156
[TDSE] Running TDSE-SH-elliptical. step 84400, energy = -0.4273870260494098
  |->  par_lens = 157, 156, 156
[TDSE] Running TDSE-SH-elliptical. step 84600, energy = -0.42772181882449717
  |->  par_lens = 157, 156, 156
[TDSE] Running TDSE-SH-elliptical. step 84800, energy = -0.4274293778496374
  |->  par_lens = 157, 156, 156
[TDSE] Running TDSE-SH-elliptical. step 85000, energy = -0.4276919573078548
  |->  par_lens = 157, 156, 156
[TDSE] Running TDSE-SH-elliptical. step 85200, energy = -0.42744636379320566
  |->  par_lens = 157, 156, 156
[TDSE] Running TDSE-SH-elliptical. step 85400, energy = -0.42766110379626415
  |->  par_lens = 157, 156, 156
[TDSE] Running TDSE-SH-elliptical. step 85600, energy = -0.4274975851006626
  |->  par_lens = 157, 156, 156
[TDSE] Running TDSE-SH-elliptical. step 85800, energy = -0.42769593287092805
  |->  par_lens = 157, 156, 156
[TDSE] Running TDSE-SH-elliptical. step 86000, energy = -0.427444931306206
  |->  par_lens = 157, 156, 156
[TDSE] Running TDSE-SH-elliptical. step 86200, energy = -0.42767300769618005
  |->  par_lens = 157, 156, 157
