[ITP]: 10000.471108571397
[ITP]: 0.022107823405609905
[ITP]: 0.004976805475414736
[ITP]: 0.0021058954092971205
[ITP]: 0.001084104546129061
[ITP]: 0.0006160870179273692
[ITP]: 0.0003714642087823128
[ITP]: 0.00023286611963801995
[ITP]: 0.0001500123428329614
[ITP]: 9.857967926441003e-5
[ITP]: 6.57601184761436e-5
[ITP]: 4.43786526744816e-5
[ITP]: 3.022437766897479e-5
[ITP]: 2.0735965556739622e-5
[ITP]: 1.4311264988853267e-5
[ITP]: 9.92563006574354e-6
[ITP]: 6.9119921211058255e-6
[ITP]: 4.82976755122877e-6
[ITP]: 3.384510666504248e-6
[ITP]: 2.3775199649023193e-6
[ITP]: 1.6736194445865493e-6
[ITP]: 1.1802274751948616e-6
[ITP]: 8.335748883370186e-7
[ITP]: 5.895273362810372e-7
[ITP]: 4.174150680658073e-7
[ITP]: 2.958509506267859e-7
[ITP]: 2.098764437796774e-7
[ITP]: 1.4900242706339384e-7
[ITP]: 1.0585745457980522e-7
[ITP]: 7.525113565609587e-8
[ITP]: 5.352267851144177e-8
[ITP]: 3.808635307134267e-8
[ITP]: 2.7113442158110956e-8
[ITP]: 1.9309163601377577e-8
[ITP]: 1.3755872219078924e-8
[ITP]: 9.802639699962867e-9
Energy of ground state: -0.5030607411950042
[TDSE] Start TDSE-SH for elliptical polarized laser. It may cost a plenty of time.
[TDSE] Running TDSE-SH-elliptical. step 0, energy = -0.5030607411950033
  |->  par_lens = 1, 1, 1
[TDSE] Running TDSE-SH-elliptical. step 200, energy = -0.5030607411948628
  |->  par_lens = 1, 1, 1
[TDSE] Running TDSE-SH-elliptical. step 400, energy = -0.503060741194709
  |->  par_lens = 1, 1, 2
[TDSE] Running TDSE-SH-elliptical. step 600, energy = -0.5030607411943774
  |->  par_lens = 1, 1, 2
[TDSE] Running TDSE-SH-elliptical. step 800, energy = -0.5030607411933036
  |->  par_lens = 1, 1, 2
[TDSE] Running TDSE-SH-elliptical. step 1000, energy = -0.5030607411897422
  |->  par_lens = 1, 1, 2
[TDSE] Running TDSE-SH-elliptical. step 1200, energy = -0.5030607411803519
  |->  par_lens = 1, 1, 2
[TDSE] Running TDSE-SH-elliptical. step 1400, energy = -0.5030607411583998
  |->  par_lens = 1, 1, 2
[TDSE] Running TDSE-SH-elliptical. step 1600, energy = -0.5030607411136098
  |->  par_lens = 1, 1, 2
[TDSE] Running TDSE-SH-elliptical. step 1800, energy = -0.5030607410285933
  |->  par_lens = 1, 1, 2
[TDSE] Running TDSE-SH-elliptical. step 2000, energy = -0.5030607408798349
  |->  par_lens = 1, 1, 2
[TDSE] Running TDSE-SH-elliptical. step 2200, energy = -0.5030607406314744
  |->  par_lens = 1, 1, 2
[TDSE] Running TDSE-SH-elliptical. step 2400, energy = -0.5030607402388758
  |->  par_lens = 1, 1, 2
[TDSE] Running TDSE-SH-elliptical. step 2600, energy = -0.5030607396378725
  |->  par_lens = 1, 1, 2
[TDSE] Running TDSE-SH-elliptical. step 2800, energy = -0.5030607387543211
  |->  par_lens = 1, 1, 2
[TDSE] Running TDSE-SH-elliptical. step 3000, energy = -0.5030607374822041
  |->  par_lens = 1, 1, 2
[TDSE] Running TDSE-SH-elliptical. step 3200, energy = -0.5030607357139404
  |->  par_lens = 1, 1, 2
[TDSE] Running TDSE-SH-elliptical. step 3400, energy = -0.503060733283384
  |->  par_lens = 1, 1, 2
[TDSE] Running TDSE-SH-elliptical. step 3600, energy = -0.5030607300445524
  |->  par_lens = 1, 1, 2
[TDSE] Running TDSE-SH-elliptical. step 3800, energy = -0.503060725761193
  |->  par_lens = 1, 1, 2
[TDSE] Running TDSE-SH-elliptical. step 4000, energy = -0.5030607202449925
  |->  par_lens = 1, 1, 2
[TDSE] Running TDSE-SH-elliptical. step 4200, energy = -0.5030607131611834
  |->  par_lens = 1, 2, 2
[TDSE] Running TDSE-SH-elliptical. step 4400, energy = -0.5030607043055333
  |->  par_lens = 2, 2, 2
[TDSE] Running TDSE-SH-elliptical. step 4600, energy = -0.5030606932305919
  |->  par_lens = 2, 2, 2
[TDSE] Running TDSE-SH-elliptical. step 4800, energy = -0.5030606796730652
  |->  par_lens = 2, 2, 2
[TDSE] Running TDSE-SH-elliptical. step 5000, energy = -0.5030606631413771
  |->  par_lens = 2, 2, 2
[TDSE] Running TDSE-SH-elliptical. step 5200, energy = -0.5030606432853757
  |->  par_lens = 2, 2, 2
[TDSE] Running TDSE-SH-elliptical. step 5400, energy = -0.5030606195441338
  |->  par_lens = 2, 2, 2
[TDSE] Running TDSE-SH-elliptical. step 5600, energy = -0.5030605915104781
  |->  par_lens = 2, 2, 2
[TDSE] Running TDSE-SH-elliptical. step 5800, energy = -0.5030605586427213
  |->  par_lens = 2, 2, 2
[TDSE] Running TDSE-SH-elliptical. step 6000, energy = -0.5030605203056865
  |->  par_lens = 2, 2, 2
[TDSE] Running TDSE-SH-elliptical. step 6200, energy = -0.5030604762060832
  |->  par_lens = 2, 2, 2
[TDSE] Running TDSE-SH-elliptical. step 6400, energy = -0.5030604253577083
  |->  par_lens = 2, 2, 2
[TDSE] Running TDSE-SH-elliptical. step 6600, energy = -0.5030603677150987
  |->  par_lens = 2, 2, 2
[TDSE] Running TDSE-SH-elliptical. step 6800, energy = -0.5030603021733502
  |->  par_lens = 2, 2, 2
[TDSE] Running TDSE-SH-elliptical. step 7000, energy = -0.5030602287857422
  |->  par_lens = 2, 2, 2
[TDSE] Running TDSE-SH-elliptical. step 7200, energy = -0.5030601461171924
  |->  par_lens = 2, 2, 2
[TDSE] Running TDSE-SH-elliptical. step 7400, energy = -0.503060054966747
  |->  par_lens = 2, 2, 2
[TDSE] Running TDSE-SH-elliptical. step 7600, energy = -0.5030599533925219
  |->  par_lens = 2, 2, 2
[TDSE] Running TDSE-SH-elliptical. step 7800, energy = -0.503059842088606
  |->  par_lens = 2, 2, 2
[TDSE] Running TDSE-SH-elliptical. step 8000, energy = -0.5030597199460283
  |->  par_lens = 2, 2, 2
[TDSE] Running TDSE-SH-elliptical. step 8200, energy = -0.5030595873325705
  |->  par_lens = 2, 2, 2
[TDSE] Running TDSE-SH-elliptical. step 8400, energy = -0.5030594429829673
  |->  par_lens = 2, 2, 2
[TDSE] Running TDSE-SH-elliptical. step 8600, energy = -0.5030592876355997
  |->  par_lens = 2, 2, 2
[TDSE] Running TDSE-SH-elliptical. step 8800, energy = -0.5030591207943748
  |->  par_lens = 2, 2, 2
[TDSE] Running TDSE-SH-elliptical. step 9000, energy = -0.5030589420255616
  |->  par_lens = 2, 2, 2
[TDSE] Running TDSE-SH-elliptical. step 9200, energy = -0.5030587523642487
  |->  par_lens = 2, 2, 2
[TDSE] Running TDSE-SH-elliptical. step 9400, energy = -0.503058550350428
  |->  par_lens = 2, 2, 2
[TDSE] Running TDSE-SH-elliptical. step 9600, energy = -0.5030583381521374
  |->  par_lens = 2, 2, 2
[TDSE] Running TDSE-SH-elliptical. step 9800, energy = -0.503058114199048
  |->  par_lens = 2, 2, 2
[TDSE] Running TDSE-SH-elliptical. step 10000, energy = -0.503057880640766
  |->  par_lens = 2, 2, 2
[TDSE] Running TDSE-SH-elliptical. step 10200, energy = -0.5030575647961328
  |->  par_lens = 2, 2, 2
[TDSE] Running TDSE-SH-elliptical. step 10400, energy = -0.5030565084308174
  |->  par_lens = 2, 2, 2
[TDSE] Running TDSE-SH-elliptical. step 10600, energy = -0.5030554175607488
  |->  par_lens = 2, 2, 2
[TDSE] Running TDSE-SH-elliptical. step 10800, energy = -0.503057018434185
  |->  par_lens = 2, 2, 2
[TDSE] Running TDSE-SH-elliptical. step 11000, energy = -0.5030582835219735
  |->  par_lens = 2, 2, 2
[TDSE] Running TDSE-SH-elliptical. step 11200, energy = -0.503038920847274
  |->  par_lens = 4, 3, 3
[TDSE] Running TDSE-SH-elliptical. step 11400, energy = -0.5029785102922414
  |->  par_lens = 4, 3, 3
[TDSE] Running TDSE-SH-elliptical. step 11600, energy = -0.5029097488678457
  |->  par_lens = 4, 4, 3
[TDSE] Running TDSE-SH-elliptical. step 11800, energy = -0.5029185657034446
  |->  par_lens = 4, 4, 3
[TDSE] Running TDSE-SH-elliptical. step 12000, energy = -0.502986057952774
  |->  par_lens = 4, 4, 3
[TDSE] Running TDSE-SH-elliptical. step 12200, energy = -0.5028585665038091
  |->  par_lens = 4, 4, 4
[TDSE] Running TDSE-SH-elliptical. step 12400, energy = -0.5022531358345037
  |->  par_lens = 5, 5, 6
[TDSE] Running TDSE-SH-elliptical. step 12600, energy = -0.5013754902004325
  |->  par_lens = 7, 7, 7
[TDSE] Running TDSE-SH-elliptical. step 12800, energy = -0.5010126068845595
  |->  par_lens = 7, 7, 7
[TDSE] Running TDSE-SH-elliptical. step 13000, energy = -0.5016922425069883
  |->  par_lens = 7, 6, 7
[TDSE] Running TDSE-SH-elliptical. step 13200, energy = -0.5025933940369193
  |->  par_lens = 6, 6, 6
[TDSE] Running TDSE-SH-elliptical. step 13400, energy = -0.5019909442076277
  |->  par_lens = 6, 6, 6
[TDSE] Running TDSE-SH-elliptical. step 13600, energy = -0.49937418201782574
  |->  par_lens = 9, 8, 8
[TDSE] Running TDSE-SH-elliptical. step 13800, energy = -0.4968852053874763
  |->  par_lens = 10, 10, 10
[TDSE] Running TDSE-SH-elliptical. step 14000, energy = -0.49741003359285924
  |->  par_lens = 10, 10, 10
[TDSE] Running TDSE-SH-elliptical. step 14200, energy = -0.5004956008639501
  |->  par_lens = 11, 11, 10
[TDSE] Running TDSE-SH-elliptical. step 14400, energy = -0.5014547145491423
  |->  par_lens = 11, 11, 12
[TDSE] Running TDSE-SH-elliptical. step 14600, energy = -0.49624826828426805
  |->  par_lens = 12, 10, 10
[TDSE] Running TDSE-SH-elliptical. step 14800, energy = -0.4877273565210266
  |->  par_lens = 15, 13, 14
[TDSE] Running TDSE-SH-elliptical. step 15000, energy = -0.48423562562752837
  |->  par_lens = 17, 17, 16
[TDSE] Running TDSE-SH-elliptical. step 15200, energy = -0.4903116945328321
  |->  par_lens = 18, 18, 19
[TDSE] Running TDSE-SH-elliptical. step 15400, energy = -0.49884523148615045
  |->  par_lens = 21, 20, 21
[TDSE] Running TDSE-SH-elliptical. step 15600, energy = -0.49723898744069317
  |->  par_lens = 21, 20, 21
[TDSE] Running TDSE-SH-elliptical. step 15800, energy = -0.48257655033402497
  |->  par_lens = 18, 20, 21
[TDSE] Running TDSE-SH-elliptical. step 16000, energy = -0.46848935636391537
  |->  par_lens = 25, 22, 23
[TDSE] Running TDSE-SH-elliptical. step 16200, energy = -0.4709557837079148
  |->  par_lens = 28, 28, 26
[TDSE] Running TDSE-SH-elliptical. step 16400, energy = -0.4879148201279094
  |->  par_lens = 32, 32, 32
[TDSE] Running TDSE-SH-elliptical. step 16600, energy = -0.49679487487949586
  |->  par_lens = 34, 33, 33
[TDSE] Running TDSE-SH-elliptical. step 16800, energy = -0.4795187126732545
  |->  par_lens = 35, 33, 33
[TDSE] Running TDSE-SH-elliptical. step 17000, energy = -0.44766731880242494
  |->  par_lens = 32, 29, 33
[TDSE] Running TDSE-SH-elliptical. step 17200, energy = -0.4342632617944585
  |->  par_lens = 39, 41, 41
[TDSE] Running TDSE-SH-elliptical. step 17400, energy = -0.45525415015196774
  |->  par_lens = 50, 51, 50
[TDSE] Running TDSE-SH-elliptical. step 17600, energy = -0.4869921311826345
  |->  par_lens = 59, 56, 57
[TDSE] Running TDSE-SH-elliptical. step 17800, energy = -0.4867565295910644
  |->  par_lens = 61, 57, 58
[TDSE] Running TDSE-SH-elliptical. step 18000, energy = -0.4449992357209202
  |->  par_lens = 57, 51, 54
[TDSE] Running TDSE-SH-elliptical. step 18200, energy = -0.4037390114454584
  |->  par_lens = 50, 50, 49
[TDSE] Running TDSE-SH-elliptical. step 18400, energy = -0.4093156269089577
  |->  par_lens = 67, 68, 67
[TDSE] Running TDSE-SH-elliptical. step 18600, energy = -0.45687454849469283
  |->  par_lens = 82, 83, 83
[TDSE] Running TDSE-SH-elliptical. step 18800, energy = -0.4870255965358622
  |->  par_lens = 89, 89, 89
[TDSE] Running TDSE-SH-elliptical. step 19000, energy = -0.4506432844121242
  |->  par_lens = 92, 91, 89
[TDSE] Running TDSE-SH-elliptical. step 19200, energy = -0.37614045287130626
  |->  par_lens = 74, 75, 76
[TDSE] Running TDSE-SH-elliptical. step 19400, energy = -0.3443475874317676
  |->  par_lens = 86, 87, 85
[TDSE] Running TDSE-SH-elliptical. step 19600, energy = -0.3888753613400231
  |->  par_lens = 116, 115, 115
[TDSE] Running TDSE-SH-elliptical. step 19800, energy = -0.4635567773697348
  |->  par_lens = 139, 136, 138
[TDSE] Running TDSE-SH-elliptical. step 20000, energy = -0.471060730383386
  |->  par_lens = 144, 142, 143
[TDSE] Running TDSE-SH-elliptical. step 20200, energy = -0.38875629526676814
  |->  par_lens = 138, 140, 139
[TDSE] Running TDSE-SH-elliptical. step 20400, energy = -0.3053830904896933
  |->  par_lens = 108, 108, 107
[TDSE] Running TDSE-SH-elliptical. step 20600, energy = -0.3157099669453199
  |->  par_lens = 135, 133, 136
[TDSE] Running TDSE-SH-elliptical. step 20800, energy = -0.4044576232644277
  |->  par_lens = 176, 180, 177
[TDSE] Running TDSE-SH-elliptical. step 21000, energy = -0.47149364739921706
  |->  par_lens = 195, 194, 194
[TDSE] Running TDSE-SH-elliptical. step 21200, energy = -0.4146920333058396
  |->  par_lens = 200, 199, 198
[TDSE] Running TDSE-SH-elliptical. step 21400, energy = -0.28424341009732174
  |->  par_lens = 178, 177, 179
[TDSE] Running TDSE-SH-elliptical. step 21600, energy = -0.22934359718880667
  |->  par_lens = 160, 162, 161
[TDSE] Running TDSE-SH-elliptical. step 21800, energy = -0.30064174017267564
  |->  par_lens = 218, 221, 220
[TDSE] Running TDSE-SH-elliptical. step 22000, energy = -0.42771736957726425
  |->  par_lens = 268, 267, 267
[TDSE] Running TDSE-SH-elliptical. step 22200, energy = -0.45217036047871406
  |->  par_lens = 279, 278, 279
[TDSE] Running TDSE-SH-elliptical. step 22400, energy = -0.3267093249800971
  |->  par_lens = 271, 266, 271
[TDSE] Running TDSE-SH-elliptical. step 22600, energy = -0.1948972507434971
  |->  par_lens = 229, 220, 222
[TDSE] Running TDSE-SH-elliptical. step 22800, energy = -0.21401118617815687
  |->  par_lens = 241, 238, 245
[TDSE] Running TDSE-SH-elliptical. step 23000, energy = -0.3376957596856848
  |->  par_lens = 305, 307, 306
[TDSE] Running TDSE-SH-elliptical. step 23200, energy = -0.4476363905371774
  |->  par_lens = 340, 339, 340
[TDSE] Running TDSE-SH-elliptical. step 23400, energy = -0.3799590076926806
  |->  par_lens = 339, 342, 340
[TDSE] Running TDSE-SH-elliptical. step 23600, energy = -0.19741173263986186
  |->  par_lens = 307, 306, 302
[TDSE] Running TDSE-SH-elliptical. step 23800, energy = -0.11915231683418934
  |->  par_lens = 279, 277, 271
[TDSE] Running TDSE-SH-elliptical. step 24000, energy = -0.21636928600216246
  |->  par_lens = 344, 340, 347
[TDSE] Running TDSE-SH-elliptical. step 24200, energy = -0.38140992788904987
  |->  par_lens = 416, 414, 410
[TDSE] Running TDSE-SH-elliptical. step 24400, energy = -0.42741938898136544
  |->  par_lens = 427, 428, 424
[TDSE] Running TDSE-SH-elliptical. step 24600, energy = -0.2773639841499726
  |->  par_lens = 409, 411, 407
[TDSE] Running TDSE-SH-elliptical. step 24800, energy = -0.10708505828997787
  |->  par_lens = 364, 353, 362
[TDSE] Running TDSE-SH-elliptical. step 25000, energy = -0.13230060661678417
  |->  par_lens = 365, 364, 354
[TDSE] Running TDSE-SH-elliptical. step 25200, energy = -0.2736851862331855
  |->  par_lens = 429, 433, 427
[TDSE] Running TDSE-SH-elliptical. step 25400, energy = -0.4134360506860344
  |->  par_lens = 465, 465, 463
[TDSE] Running TDSE-SH-elliptical. step 25600, energy = -0.3500201770092842
  |->  par_lens = 462, 464, 465
[TDSE] Running TDSE-SH-elliptical. step 25800, energy = -0.14791032800391926
  |->  par_lens = 441, 438, 441
[TDSE] Running TDSE-SH-elliptical. step 26000, energy = -0.052213365841953956
  |->  par_lens = 415, 417, 416
[TDSE] Running TDSE-SH-elliptical. step 26200, energy = -0.16124679140414608
  |->  par_lens = 445, 451, 447
[TDSE] Running TDSE-SH-elliptical. step 26400, energy = -0.3349289089843219
  |->  par_lens = 496, 499, 498
[TDSE] Running TDSE-SH-elliptical. step 26600, energy = -0.39863066540174913
  |->  par_lens = 511, 513, 514
[TDSE] Running TDSE-SH-elliptical. step 26800, energy = -0.25546469188151205
  |->  par_lens = 506, 506, 506
[TDSE] Running TDSE-SH-elliptical. step 27000, energy = -0.07732375828097535
  |->  par_lens = 491, 486, 490
[TDSE] Running TDSE-SH-elliptical. step 27200, energy = -0.10143035840329395
  |->  par_lens = 492, 492, 495
[TDSE] Running TDSE-SH-elliptical. step 27400, energy = -0.23466031211466493
  |->  par_lens = 512, 509, 512
[TDSE] Running TDSE-SH-elliptical. step 27600, energy = -0.3790304845794779
  |->  par_lens = 520, 520, 516
[TDSE] Running TDSE-SH-elliptical. step 27800, energy = -0.33319053673472343
  |->  par_lens = 522, 520, 518
[TDSE] Running TDSE-SH-elliptical. step 28000, energy = -0.14822477593689978
  |->  par_lens = 510, 518, 508
[TDSE] Running TDSE-SH-elliptical. step 28200, energy = -0.05672034052957146
  |->  par_lens = 492, 500, 509
[TDSE] Running TDSE-SH-elliptical. step 28400, energy = -0.15036378366274922
  |->  par_lens = 509, 522, 518
[TDSE] Running TDSE-SH-elliptical. step 28600, energy = -0.30895567640982563
  |->  par_lens = 531, 533, 531
[TDSE] Running TDSE-SH-elliptical. step 28800, energy = -0.3767223666186574
  |->  par_lens = 532, 540, 536
[TDSE] Running TDSE-SH-elliptical. step 29000, energy = -0.2615273941676065
  |->  par_lens = 531, 540, 536
[TDSE] Running TDSE-SH-elliptical. step 29200, energy = -0.1134161476544801
  |->  par_lens = 523, 526, 522
[TDSE] Running TDSE-SH-elliptical. step 29400, energy = -0.126017877990389
  |->  par_lens = 515, 522, 526
[TDSE] Running TDSE-SH-elliptical. step 29600, energy = -0.2329111408200842
  |->  par_lens = 536, 532, 532
[TDSE] Running TDSE-SH-elliptical. step 29800, energy = -0.3624195513768319
  |->  par_lens = 542, 535, 538
[TDSE] Running TDSE-SH-elliptical. step 30000, energy = -0.3363971061089153
  |->  par_lens = 544, 543, 541
[TDSE] Running TDSE-SH-elliptical. step 30200, energy = -0.19493856884715094
  |->  par_lens = 535, 540, 535
[TDSE] Running TDSE-SH-elliptical. step 30400, energy = -0.1223040250115378
  |->  par_lens = 527, 532, 529
[TDSE] Running TDSE-SH-elliptical. step 30600, energy = -0.18394520858883393
  |->  par_lens = 538, 536, 542
[TDSE] Running TDSE-SH-elliptical. step 30800, energy = -0.31004965329261247
  |->  par_lens = 547, 550, 547
[TDSE] Running TDSE-SH-elliptical. step 31000, energy = -0.3726541712885769
  |->  par_lens = 547, 548, 547
[TDSE] Running TDSE-SH-elliptical. step 31200, energy = -0.2988001754742179
  |->  par_lens = 546, 549, 544
[TDSE] Running TDSE-SH-elliptical. step 31400, energy = -0.19744638717235852
  |->  par_lens = 543, 545, 539
[TDSE] Running TDSE-SH-elliptical. step 31600, energy = -0.19191914324405837
  |->  par_lens = 535, 540, 535
[TDSE] Running TDSE-SH-elliptical. step 31800, energy = -0.274371188765004
  |->  par_lens = 545, 542, 544
[TDSE] Running TDSE-SH-elliptical. step 32000, energy = -0.36916286071717974
  |->  par_lens = 543, 546, 543
[TDSE] Running TDSE-SH-elliptical. step 32200, energy = -0.35818076570439117
  |->  par_lens = 544, 544, 537
[TDSE] Running TDSE-SH-elliptical. step 32400, energy = -0.26689647010991524
  |->  par_lens = 537, 541, 544
[TDSE] Running TDSE-SH-elliptical. step 32600, energy = -0.21941061912598733
  |->  par_lens = 539, 536, 543
[TDSE] Running TDSE-SH-elliptical. step 32800, energy = -0.25535064554492326
  |->  par_lens = 541, 547, 538
[TDSE] Running TDSE-SH-elliptical. step 33000, energy = -0.33801483235117846
  |->  par_lens = 546, 549, 549
[TDSE] Running TDSE-SH-elliptical. step 33200, energy = -0.3831864008679869
  |->  par_lens = 547, 551, 551
[TDSE] Running TDSE-SH-elliptical. step 33400, energy = -0.3442960884765783
  |->  par_lens = 550, 551, 550
[TDSE] Running TDSE-SH-elliptical. step 33600, energy = -0.28514284989176847
  |->  par_lens = 544, 550, 546
[TDSE] Running TDSE-SH-elliptical. step 33800, energy = -0.2812797842305794
  |->  par_lens = 537, 536, 536
[TDSE] Running TDSE-SH-elliptical. step 34000, energy = -0.326049982459264
  |->  par_lens = 541, 542, 535
[TDSE] Running TDSE-SH-elliptical. step 34200, energy = -0.38033923433475664
  |->  par_lens = 540, 544, 537
[TDSE] Running TDSE-SH-elliptical. step 34400, energy = -0.3800430173177338
  |->  par_lens = 534, 543, 538
[TDSE] Running TDSE-SH-elliptical. step 34600, energy = -0.3374632318537263
  |->  par_lens = 532, 533, 535
[TDSE] Running TDSE-SH-elliptical. step 34800, energy = -0.30539282402677503
  |->  par_lens = 534, 535, 530
[TDSE] Running TDSE-SH-elliptical. step 35000, energy = -0.3253357431638942
  |->  par_lens = 533, 540, 531
[TDSE] Running TDSE-SH-elliptical. step 35200, energy = -0.36670065748233727
  |->  par_lens = 532, 540, 541
[TDSE] Running TDSE-SH-elliptical. step 35400, energy = -0.3918093652069919
  |->  par_lens = 534, 535, 534
[TDSE] Running TDSE-SH-elliptical. step 35600, energy = -0.37866089646017315
  |->  par_lens = 527, 528, 533
[TDSE] Running TDSE-SH-elliptical. step 35800, energy = -0.3552694783653259
  |->  par_lens = 512, 513, 521
[TDSE] Running TDSE-SH-elliptical. step 36000, energy = -0.34457648120067
  |->  par_lens = 487, 494, 490
[TDSE] Running TDSE-SH-elliptical. step 36200, energy = -0.3730522260290697
  |->  par_lens = 465, 478, 476
[TDSE] Running TDSE-SH-elliptical. step 36400, energy = -0.39025610145472195
  |->  par_lens = 443, 468, 456
[TDSE] Running TDSE-SH-elliptical. step 36600, energy = -0.39438934206967957
  |->  par_lens = 428, 449, 433
[TDSE] Running TDSE-SH-elliptical. step 36800, energy = -0.3770675813258475
  |->  par_lens = 416, 433, 423
[TDSE] Running TDSE-SH-elliptical. step 37000, energy = -0.3680318146761931
  |->  par_lens = 411, 421, 417
[TDSE] Running TDSE-SH-elliptical. step 37200, energy = -0.37240676025925673
  |->  par_lens = 408, 420, 415
[TDSE] Running TDSE-SH-elliptical. step 37400, energy = -0.3878061398980075
  |->  par_lens = 407, 428, 424
[TDSE] Running TDSE-SH-elliptical. step 37600, energy = -0.3987773655694983
  |->  par_lens = 406, 425, 413
[TDSE] Running TDSE-SH-elliptical. step 37800, energy = -0.3958527965522538
  |->  par_lens = 401, 410, 405
[TDSE] Running TDSE-SH-elliptical. step 38000, energy = -0.38820700597004804
  |->  par_lens = 390, 388, 384
[TDSE] Running TDSE-SH-elliptical. step 38200, energy = -0.3891529820140724
  |->  par_lens = 360, 371, 361
[TDSE] Running TDSE-SH-elliptical. step 38400, energy = -0.39148492330318585
  |->  par_lens = 334, 342, 331
[TDSE] Running TDSE-SH-elliptical. step 38600, energy = -0.39969456332073
  |->  par_lens = 312, 320, 311
[TDSE] Running TDSE-SH-elliptical. step 38800, energy = -0.39935949574133767
  |->  par_lens = 304, 304, 303
[TDSE] Running TDSE-SH-elliptical. step 39000, energy = -0.39672451045775764
  |->  par_lens = 300, 302, 299
[TDSE] Running TDSE-SH-elliptical. step 39200, energy = -0.3948547707128455
  |->  par_lens = 301, 305, 306
[TDSE] Running TDSE-SH-elliptical. step 39400, energy = -0.39503928697119495
  |->  par_lens = 305, 305, 307
[TDSE] Running TDSE-SH-elliptical. step 39600, energy = -0.3994004882483209
  |->  par_lens = 309, 311, 311
[TDSE] Running TDSE-SH-elliptical. step 39800, energy = -0.4004969750055693
  |->  par_lens = 308, 310, 308
[TDSE] Running TDSE-SH-elliptical. step 40000, energy = -0.40138975771218954
  |->  par_lens = 307, 307, 308
[TDSE] Running TDSE-SH-elliptical. step 40200, energy = -0.40094458630276436
  |->  par_lens = 305, 305, 302
[TDSE] Running TDSE-SH-elliptical. step 40400, energy = -0.4006483246640045
  |->  par_lens = 297, 295, 300
[TDSE] Running TDSE-SH-elliptical. step 40600, energy = -0.4017175690590895
  |->  par_lens = 287, 290, 290
[TDSE] Running TDSE-SH-elliptical. step 40800, energy = -0.40200409924910996
  |->  par_lens = 284, 287, 284
[TDSE] Running TDSE-SH-elliptical. step 41000, energy = -0.4022911953423557
  |->  par_lens = 281, 282, 280
[TDSE] Running TDSE-SH-elliptical. step 41200, energy = -0.4025299477040863
  |->  par_lens = 276, 278, 280
[TDSE] Running TDSE-SH-elliptical. step 41400, energy = -0.40229485053945097
  |->  par_lens = 279, 279, 277
[TDSE] Running TDSE-SH-elliptical. step 41600, energy = -0.40286450765340404
  |->  par_lens = 277, 278, 277
[TDSE] Running TDSE-SH-elliptical. step 41800, energy = -0.40310014761236235
  |->  par_lens = 278, 278, 276
[TDSE] Running TDSE-SH-elliptical. step 42000, energy = -0.4035260051748313
  |->  par_lens = 277, 277, 276
[TDSE] Running TDSE-SH-elliptical. step 42200, energy = -0.40375710155063416
  |->  par_lens = 276, 277, 275
[TDSE] Running TDSE-SH-elliptical. step 42400, energy = -0.4041599432452084
  |->  par_lens = 276, 277, 275
[TDSE] Running TDSE-SH-elliptical. step 42600, energy = -0.40441698746022986
  |->  par_lens = 275, 276, 274
[TDSE] Running TDSE-SH-elliptical. step 42800, energy = -0.40470067067938276
  |->  par_lens = 275, 276, 274
[TDSE] Running TDSE-SH-elliptical. step 43000, energy = -0.40504101788526076
  |->  par_lens = 274, 274, 274
[TDSE] Running TDSE-SH-elliptical. step 43200, energy = -0.4053428175763001
  |->  par_lens = 273, 271, 270
[TDSE] Running TDSE-SH-elliptical. step 43400, energy = -0.4056790316897954
  |->  par_lens = 272, 271, 270
[TDSE] Running TDSE-SH-elliptical. step 43600, energy = -0.40598518283742313
  |->  par_lens = 270, 269, 269
[TDSE] Running TDSE-SH-elliptical. step 43800, energy = -0.4063584268620757
  |->  par_lens = 269, 268, 267
[TDSE] Running TDSE-SH-elliptical. step 44000, energy = -0.40662556311165415
  |->  par_lens = 269, 267, 266
[TDSE] Running TDSE-SH-elliptical. step 44200, energy = -0.40714865758374513
  |->  par_lens = 266, 266, 265
[TDSE] Running TDSE-SH-elliptical. step 44400, energy = -0.40748711286234185
  |->  par_lens = 265, 265, 264
[TDSE] Running TDSE-SH-elliptical. step 44600, energy = -0.4079627275555481
  |->  par_lens = 264, 262, 264
[TDSE] Running TDSE-SH-elliptical. step 44800, energy = -0.40804265910730547
  |->  par_lens = 263, 261, 262
[TDSE] Running TDSE-SH-elliptical. step 45000, energy = -0.40829007154951963
  |->  par_lens = 261, 259, 256
[TDSE] Running TDSE-SH-elliptical. step 45200, energy = -0.40851202068816317
  |->  par_lens = 257, 258, 256
[TDSE] Running TDSE-SH-elliptical. step 45400, energy = -0.4092333049486046
  |->  par_lens = 257, 258, 256
[TDSE] Running TDSE-SH-elliptical. step 45600, energy = -0.4096576548378946
  |->  par_lens = 255, 258, 255
[TDSE] Running TDSE-SH-elliptical. step 45800, energy = -0.41015615905454456
  |->  par_lens = 254, 251, 254
[TDSE] Running TDSE-SH-elliptical. step 46000, energy = -0.410251846501404
  |->  par_lens = 251, 251, 250
[TDSE] Running TDSE-SH-elliptical. step 46200, energy = -0.410572087734784
  |->  par_lens = 250, 249, 249
[TDSE] Running TDSE-SH-elliptical. step 46400, energy = -0.4107930888896953
  |->  par_lens = 250, 249, 249
[TDSE] Running TDSE-SH-elliptical. step 46600, energy = -0.41123777839215553
  |->  par_lens = 246, 248, 248
[TDSE] Running TDSE-SH-elliptical. step 46800, energy = -0.41145067146405795
  |->  par_lens = 246, 245, 248
[TDSE] Running TDSE-SH-elliptical. step 47000, energy = -0.4118850583448729
  |->  par_lens = 244, 243, 243
[TDSE] Running TDSE-SH-elliptical. step 47200, energy = -0.41217616732089674
  |->  par_lens = 243, 241, 243
[TDSE] Running TDSE-SH-elliptical. step 47400, energy = -0.4125473128394882
  |->  par_lens = 241, 241, 242
[TDSE] Running TDSE-SH-elliptical. step 47600, energy = -0.41286600179568744
  |->  par_lens = 240, 240, 240
[TDSE] Running TDSE-SH-elliptical. step 47800, energy = -0.41316688631683796
  |->  par_lens = 237, 237, 237
[TDSE] Running TDSE-SH-elliptical. step 48000, energy = -0.4134590251725148
  |->  par_lens = 235, 236, 232
[TDSE] Running TDSE-SH-elliptical. step 48200, energy = -0.41374468903116185
  |->  par_lens = 235, 232, 232
[TDSE] Running TDSE-SH-elliptical. step 48400, energy = -0.41402262207160423
  |->  par_lens = 234, 232, 232
[TDSE] Running TDSE-SH-elliptical. step 48600, energy = -0.4142379424403223
  |->  par_lens = 234, 231, 232
[TDSE] Running TDSE-SH-elliptical. step 48800, energy = -0.41462616206905384
  |->  par_lens = 234, 230, 231
[TDSE] Running TDSE-SH-elliptical. step 49000, energy = -0.41476304689037224
  |->  par_lens = 234, 229, 231
[TDSE] Running TDSE-SH-elliptical. step 49200, energy = -0.41510045878358054
  |->  par_lens = 230, 229, 230
[TDSE] Running TDSE-SH-elliptical. step 49400, energy = -0.4152841210301965
  |->  par_lens = 224, 226, 225
[TDSE] Running TDSE-SH-elliptical. step 49600, energy = -0.41565187546856175
  |->  par_lens = 224, 221, 224
[TDSE] Running TDSE-SH-elliptical. step 49800, energy = -0.41579106508957114
  |->  par_lens = 222, 221, 223
[TDSE] Running TDSE-SH-elliptical. step 50000, energy = -0.416217345311179
  |->  par_lens = 221, 221, 222
[TDSE] Running TDSE-SH-elliptical. step 50200, energy = -0.41629724132098805
  |->  par_lens = 221, 221, 222
[TDSE] Running TDSE-SH-elliptical. step 50400, energy = -0.41664687502936465
  |->  par_lens = 221, 221, 222
[TDSE] Running TDSE-SH-elliptical. step 50600, energy = -0.41671562137856405
  |->  par_lens = 220, 221, 222
[TDSE] Running TDSE-SH-elliptical. step 50800, energy = -0.41707693811719065
  |->  par_lens = 220, 221, 221
[TDSE] Running TDSE-SH-elliptical. step 51000, energy = -0.41724797688197707
  |->  par_lens = 218, 219, 219
[TDSE] Running TDSE-SH-elliptical. step 51200, energy = -0.41761974700987897
  |->  par_lens = 217, 217, 217
[TDSE] Running TDSE-SH-elliptical. step 51400, energy = -0.4176738927439968
  |->  par_lens = 212, 214, 214
[TDSE] Running TDSE-SH-elliptical. step 51600, energy = -0.41798852050828483
  |->  par_lens = 211, 212, 212
[TDSE] Running TDSE-SH-elliptical. step 51800, energy = -0.41806668214714343
  |->  par_lens = 211, 211, 211
[TDSE] Running TDSE-SH-elliptical. step 52000, energy = -0.41827915158362994
  |->  par_lens = 211, 211, 211
[TDSE] Running TDSE-SH-elliptical. step 52200, energy = -0.4184431726125137
  |->  par_lens = 211, 211, 211
[TDSE] Running TDSE-SH-elliptical. step 52400, energy = -0.4186818463572777
  |->  par_lens = 211, 211, 211
[TDSE] Running TDSE-SH-elliptical. step 52600, energy = -0.4188499113560297
  |->  par_lens = 211, 211, 210
[TDSE] Running TDSE-SH-elliptical. step 52800, energy = -0.4191099146181231
  |->  par_lens = 209, 210, 209
[TDSE] Running TDSE-SH-elliptical. step 53000, energy = -0.41932134095536705
  |->  par_lens = 209, 208, 209
[TDSE] Running TDSE-SH-elliptical. step 53200, energy = -0.4194552156163159
  |->  par_lens = 207, 206, 207
[TDSE] Running TDSE-SH-elliptical. step 53400, energy = -0.4197302938100344
  |->  par_lens = 206, 205, 206
[TDSE] Running TDSE-SH-elliptical. step 53600, energy = -0.4198399283001289
  |->  par_lens = 205, 205, 203
[TDSE] Running TDSE-SH-elliptical. step 53800, energy = -0.4201031176027009
  |->  par_lens = 203, 204, 202
[TDSE] Running TDSE-SH-elliptical. step 54000, energy = -0.42017601740858407
  |->  par_lens = 202, 201, 201
[TDSE] Running TDSE-SH-elliptical. step 54200, energy = -0.42040486493960966
  |->  par_lens = 202, 198, 199
[TDSE] Running TDSE-SH-elliptical. step 54400, energy = -0.4204119922553309
  |->  par_lens = 201, 198, 199
[TDSE] Running TDSE-SH-elliptical. step 54600, energy = -0.42068258582988327
  |->  par_lens = 201, 198, 198
[TDSE] Running TDSE-SH-elliptical. step 54800, energy = -0.4205997303005325
  |->  par_lens = 201, 198, 198
[TDSE] Running TDSE-SH-elliptical. step 55000, energy = -0.42090382012430705
  |->  par_lens = 201, 198, 198
[TDSE] Running TDSE-SH-elliptical. step 55200, energy = -0.42092244007145474
  |->  par_lens = 201, 198, 198
[TDSE] Running TDSE-SH-elliptical. step 55400, energy = -0.4211836361660433
  |->  par_lens = 201, 198, 198
[TDSE] Running TDSE-SH-elliptical. step 55600, energy = -0.42120691189133397
  |->  par_lens = 201, 198, 198
[TDSE] Running TDSE-SH-elliptical. step 55800, energy = -0.4215560110436535
  |->  par_lens = 200, 197, 198
[TDSE] Running TDSE-SH-elliptical. step 56000, energy = -0.42155254242844564
  |->  par_lens = 199, 196, 198
[TDSE] Running TDSE-SH-elliptical. step 56200, energy = -0.42189367341465306
  |->  par_lens = 196, 196, 196
[TDSE] Running TDSE-SH-elliptical. step 56400, energy = -0.42198969339736214
  |->  par_lens = 195, 195, 193
[TDSE] Running TDSE-SH-elliptical. step 56600, energy = -0.42226862067178794
  |->  par_lens = 193, 192, 193
[TDSE] Running TDSE-SH-elliptical. step 56800, energy = -0.42237360504073324
  |->  par_lens = 190, 189, 189
[TDSE] Running TDSE-SH-elliptical. step 57000, energy = -0.4225933872612299
  |->  par_lens = 189, 189, 185
[TDSE] Running TDSE-SH-elliptical. step 57200, energy = -0.42264605033293173
  |->  par_lens = 188, 185, 186
[TDSE] Running TDSE-SH-elliptical. step 57400, energy = -0.4228016300258042
  |->  par_lens = 188, 184, 185
[TDSE] Running TDSE-SH-elliptical. step 57600, energy = -0.42282335662206605
  |->  par_lens = 187, 184, 185
[TDSE] Running TDSE-SH-elliptical. step 57800, energy = -0.42286002333993483
  |->  par_lens = 186, 184, 184
[TDSE] Running TDSE-SH-elliptical. step 58000, energy = -0.42298917925188273
  |->  par_lens = 186, 184, 184
[TDSE] Running TDSE-SH-elliptical. step 58200, energy = -0.4229449009316697
  |->  par_lens = 186, 184, 184
[TDSE] Running TDSE-SH-elliptical. step 58400, energy = -0.42303509975359227
  |->  par_lens = 186, 184, 184
[TDSE] Running TDSE-SH-elliptical. step 58600, energy = -0.4230567139960727
  |->  par_lens = 186, 184, 184
[TDSE] Running TDSE-SH-elliptical. step 58800, energy = -0.42320440036512336
  |->  par_lens = 186, 184, 184
[TDSE] Running TDSE-SH-elliptical. step 59000, energy = -0.42313068377603014
  |->  par_lens = 186, 184, 184
[TDSE] Running TDSE-SH-elliptical. step 59200, energy = -0.4233790207391597
  |->  par_lens = 186, 184, 184
  Activating project at `~/JuliaProp_v0.1`
[TDSE] Running TDSE-SH-elliptical. step 59400, energy = -0.4232899145404666
  |->  par_lens = 186, 184, 184
[TDSE] Running TDSE-SH-elliptical. step 59600, energy = -0.42354252641045664
  |->  par_lens = 186, 184, 184
[TDSE] Running TDSE-SH-elliptical. step 59800, energy = -0.4234926450130602
  |->  par_lens = 186, 184, 184
[TDSE] Running TDSE-SH-elliptical. step 60000, energy = -0.4237381733342618
  |->  par_lens = 186, 184, 184
[TDSE] Running TDSE-SH-elliptical. step 60200, energy = -0.42370285565140364
  |->  par_lens = 186, 184, 184
[TDSE] Running TDSE-SH-elliptical. step 60400, energy = -0.42402697357144364
  |->  par_lens = 185, 184, 184
[TDSE] Running TDSE-SH-elliptical. step 60600, energy = -0.4239606308031354
  |->  par_lens = 185, 184, 184
[TDSE] Running TDSE-SH-elliptical. step 60800, energy = -0.42428887870380777
  |->  par_lens = 185, 184, 184
[TDSE] Running TDSE-SH-elliptical. step 61000, energy = -0.4242798795629471
  |->  par_lens = 184, 184, 184
[TDSE] Running TDSE-SH-elliptical. step 61200, energy = -0.424527248505399
  |->  par_lens = 184, 183, 184
[TDSE] Running TDSE-SH-elliptical. step 61400, energy = -0.42457590652603305
  |->  par_lens = 184, 182, 183
[TDSE] Running TDSE-SH-elliptical. step 61600, energy = -0.4247889669552235
  |->  par_lens = 184, 182, 183
[TDSE] Running TDSE-SH-elliptical. step 61800, energy = -0.42474538294369285
  |->  par_lens = 183, 182, 183
[TDSE] Running TDSE-SH-elliptical. step 62000, energy = -0.4249559546906682
  |->  par_lens = 182, 181, 183
[TDSE] Running TDSE-SH-elliptical. step 62200, energy = -0.42497489651318254
  |->  par_lens = 181, 181, 181
[TDSE] Running TDSE-SH-elliptical. step 62400, energy = -0.42499799516997544
  |->  par_lens = 179, 180, 178
[TDSE] Running TDSE-SH-elliptical. step 62600, energy = -0.4250737215078407
  |->  par_lens = 178, 177, 177
[TDSE] Running TDSE-SH-elliptical. step 62800, energy = -0.42511037445031663
  |->  par_lens = 177, 177, 176
[TDSE] Running TDSE-SH-elliptical. step 63000, energy = -0.42517666073869376
  |->  par_lens = 174, 176, 174
[TDSE] Running TDSE-SH-elliptical. step 63200, energy = -0.4251614858607476
  |->  par_lens = 173, 175, 172
[TDSE] Running TDSE-SH-elliptical. step 63400, energy = -0.42526614016105696
  |->  par_lens = 172, 173, 171
[TDSE] Running TDSE-SH-elliptical. step 63600, energy = -0.42521926869523063
  |->  par_lens = 172, 171, 170
[TDSE] Running TDSE-SH-elliptical. step 63800, energy = -0.42541786523332004
  |->  par_lens = 172, 172, 170
[TDSE] Running TDSE-SH-elliptical. step 64000, energy = -0.42525185002786525
  |->  par_lens = 172, 172, 171
[TDSE] Running TDSE-SH-elliptical. step 64200, energy = -0.42546036893522493
  |->  par_lens = 172, 172, 170
[TDSE] Running TDSE-SH-elliptical. step 64400, energy = -0.425380923156825
  |->  par_lens = 171, 172, 170
[TDSE] Running TDSE-SH-elliptical. step 64600, energy = -0.4255421084170989
  |->  par_lens = 171, 172, 170
[TDSE] Running TDSE-SH-elliptical. step 64800, energy = -0.4253889867008913
  |->  par_lens = 170, 172, 169
[TDSE] Running TDSE-SH-elliptical. step 65000, energy = -0.42565231707408574
  |->  par_lens = 171, 172, 169
[TDSE] Running TDSE-SH-elliptical. step 65200, energy = -0.4254550462495212
  |->  par_lens = 170, 170, 169
[TDSE] Running TDSE-SH-elliptical. step 65400, energy = -0.4256902139394829
  |->  par_lens = 169, 170, 169
[TDSE] Running TDSE-SH-elliptical. step 65600, energy = -0.425560899195592
  |->  par_lens = 169, 170, 169
[TDSE] Running TDSE-SH-elliptical. step 65800, energy = -0.4257184290634348
  |->  par_lens = 169, 170, 169
[TDSE] Running TDSE-SH-elliptical. step 66000, energy = -0.4256090678069206
  |->  par_lens = 169, 170, 169
[TDSE] Running TDSE-SH-elliptical. step 66200, energy = -0.4257982800794422
  |->  par_lens = 169, 170, 169
[TDSE] Running TDSE-SH-elliptical. step 66400, energy = -0.42565782409408875
  |->  par_lens = 169, 170, 169
[TDSE] Running TDSE-SH-elliptical. step 66600, energy = -0.4258118065547956
  |->  par_lens = 169, 170, 169
[TDSE] Running TDSE-SH-elliptical. step 66800, energy = -0.42573449164584126
  |->  par_lens = 169, 170, 169
[TDSE] Running TDSE-SH-elliptical. step 67000, energy = -0.42580530817042567
  |->  par_lens = 169, 170, 169
[TDSE] Running TDSE-SH-elliptical. step 67200, energy = -0.4258287413422684
  |->  par_lens = 169, 170, 169
[TDSE] Running TDSE-SH-elliptical. step 67400, energy = -0.4258273771793304
  |->  par_lens = 169, 170, 169
[TDSE] Running TDSE-SH-elliptical. step 67600, energy = -0.4258306127540023
  |->  par_lens = 169, 170, 169
[TDSE] Running TDSE-SH-elliptical. step 67800, energy = -0.42588992636699097
  |->  par_lens = 169, 170, 169
[TDSE] Running TDSE-SH-elliptical. step 68000, energy = -0.4259467838949937
  |->  par_lens = 169, 170, 169
[TDSE] Running TDSE-SH-elliptical. step 68200, energy = -0.42586039817830756
  |->  par_lens = 169, 170, 169
[TDSE] Running TDSE-SH-elliptical. step 68400, energy = -0.4260598031216845
  |->  par_lens = 169, 170, 169
[TDSE] Running TDSE-SH-elliptical. step 68600, energy = -0.4259462314252005
  |->  par_lens = 169, 170, 169
[TDSE] Running TDSE-SH-elliptical. step 68800, energy = -0.4261142616870443
  |->  par_lens = 169, 170, 169
[TDSE] Running TDSE-SH-elliptical. step 69000, energy = -0.4260362269163383
  |->  par_lens = 169, 170, 169
[TDSE] Running TDSE-SH-elliptical. step 69200, energy = -0.42623412217594936
  |->  par_lens = 169, 170, 170
[TDSE] Running TDSE-SH-elliptical. step 69400, energy = -0.42608436036460073
  |->  par_lens = 170, 171, 169
[TDSE] Running TDSE-SH-elliptical. step 69600, energy = -0.4263577163505533
  |->  par_lens = 169, 170, 169
[TDSE] Running TDSE-SH-elliptical. step 69800, energy = -0.4261743026252423
  |->  par_lens = 169, 170, 169
[TDSE] Running TDSE-SH-elliptical. step 70000, energy = -0.4264507850167185
  |->  par_lens = 169, 170, 169
[TDSE] Running TDSE-SH-elliptical. step 70200, energy = -0.4262909280983769
  |->  par_lens = 169, 170, 169
[TDSE] Running TDSE-SH-elliptical. step 70400, energy = -0.4264913487689779
  |->  par_lens = 169, 170, 169
[TDSE] Running TDSE-SH-elliptical. step 70600, energy = -0.42640150802858073
  |->  par_lens = 169, 170, 169
[TDSE] Running TDSE-SH-elliptical. step 70800, energy = -0.42663501093685063
  |->  par_lens = 169, 170, 169
[TDSE] Running TDSE-SH-elliptical. step 71000, energy = -0.42643097994036167
  |->  par_lens = 169, 170, 169
[TDSE] Running TDSE-SH-elliptical. step 71200, energy = -0.4266777996047215
  |->  par_lens = 169, 170, 169
[TDSE] Running TDSE-SH-elliptical. step 71400, energy = -0.42662736155008585
  |->  par_lens = 169, 170, 169
[TDSE] Running TDSE-SH-elliptical. step 71600, energy = -0.4267220689505422
  |->  par_lens = 169, 170, 169
[TDSE] Running TDSE-SH-elliptical. step 71800, energy = -0.42670782452934536
  |->  par_lens = 169, 170, 169
[TDSE] Running TDSE-SH-elliptical. step 72000, energy = -0.42682620314163355
  |->  par_lens = 169, 170, 169
[TDSE] Running TDSE-SH-elliptical. step 72200, energy = -0.4268165860460976
  |->  par_lens = 169, 170, 169
[TDSE] Running TDSE-SH-elliptical. step 72400, energy = -0.4268945525409863
  |->  par_lens = 169, 169, 169
[TDSE] Running TDSE-SH-elliptical. step 72600, energy = -0.4269332697019131
  |->  par_lens = 169, 169, 169
[TDSE] Running TDSE-SH-elliptical. step 72800, energy = -0.42690928947641493
  |->  par_lens = 169, 169, 169
[TDSE] Running TDSE-SH-elliptical. step 73000, energy = -0.4270744223592789
  |->  par_lens = 169, 169, 168
[TDSE] Running TDSE-SH-elliptical. step 73200, energy = -0.4269682456169786
  |->  par_lens = 169, 168, 168
[TDSE] Running TDSE-SH-elliptical. step 73400, energy = -0.4271146633486116
  |->  par_lens = 168, 168, 168
[TDSE] Running TDSE-SH-elliptical. step 73600, energy = -0.4270420349325361
  |->  par_lens = 168, 167, 167
[TDSE] Running TDSE-SH-elliptical. step 73800, energy = -0.427197797026478
  |->  par_lens = 167, 167, 167
[TDSE] Running TDSE-SH-elliptical. step 74000, energy = -0.42704254720181833
  |->  par_lens = 166, 165, 167
[TDSE] Running TDSE-SH-elliptical. step 74200, energy = -0.4273064313965402
  |->  par_lens = 166, 164, 167
[TDSE] Running TDSE-SH-elliptical. step 74400, energy = -0.42705188490760987
  |->  par_lens = 165, 165, 164
[TDSE] Running TDSE-SH-elliptical. step 74600, energy = -0.4273119496914684
  |->  par_lens = 165, 163, 165
[TDSE] Running TDSE-SH-elliptical. step 74800, energy = -0.42716284142619665
  |->  par_lens = 165, 163, 163
[TDSE] Running TDSE-SH-elliptical. step 75000, energy = -0.42733441365395336
  |->  par_lens = 165, 161, 163
[TDSE] Running TDSE-SH-elliptical. step 75200, energy = -0.4271314955886067
  |->  par_lens = 163, 163, 162
[TDSE] Running TDSE-SH-elliptical. step 75400, energy = -0.4274125985489584
  |->  par_lens = 163, 162, 163
[TDSE] Running TDSE-SH-elliptical. step 75600, energy = -0.4271874463860744
  |->  par_lens = 163, 162, 162
[TDSE] Running TDSE-SH-elliptical. step 75800, energy = -0.42738340766099586
  |->  par_lens = 163, 162, 162
[TDSE] Running TDSE-SH-elliptical. step 76000, energy = -0.4272167331417944
  |->  par_lens = 162, 162, 162
[TDSE] Running TDSE-SH-elliptical. step 76200, energy = -0.4273657441725096
  |->  par_lens = 162, 163, 162
[TDSE] Running TDSE-SH-elliptical. step 76400, energy = -0.42729521340512616
  |->  par_lens = 162, 162, 162
[TDSE] Running TDSE-SH-elliptical. step 76600, energy = -0.42736456790258137
  |->  par_lens = 162, 162, 162
[TDSE] Running TDSE-SH-elliptical. step 76800, energy = -0.4272472554861093
  |->  par_lens = 163, 162, 162
[TDSE] Running TDSE-SH-elliptical. step 77000, energy = -0.4273885925518115
  |->  par_lens = 162, 162, 162
[TDSE] Running TDSE-SH-elliptical. step 77200, energy = -0.42735685048229527
  |->  par_lens = 162, 162, 162
[TDSE] Running TDSE-SH-elliptical. step 77400, energy = -0.427287573584567
  |->  par_lens = 162, 162, 162
[TDSE] Running TDSE-SH-elliptical. step 77600, energy = -0.4273946480690889
  |->  par_lens = 162, 162, 162
[TDSE] Running TDSE-SH-elliptical. step 77800, energy = -0.4273228518843457
  |->  par_lens = 162, 162, 162
[TDSE] Running TDSE-SH-elliptical. step 78000, energy = -0.4273922034038872
  |->  par_lens = 163, 162, 162
[TDSE] Running TDSE-SH-elliptical. step 78200, energy = -0.42732177389000975
  |->  par_lens = 162, 162, 162
[TDSE] Running TDSE-SH-elliptical. step 78400, energy = -0.4274507388077472
  |->  par_lens = 163, 162, 162
[TDSE] Running TDSE-SH-elliptical. step 78600, energy = -0.42727074545965193
  |->  par_lens = 162, 163, 162
[TDSE] Running TDSE-SH-elliptical. step 78800, energy = -0.4275139042256286
  |->  par_lens = 162, 162, 163
[TDSE] Running TDSE-SH-elliptical. step 79000, energy = -0.427279642398407
  |->  par_lens = 162, 162, 163
[TDSE] Running TDSE-SH-elliptical. step 79200, energy = -0.42751489376876295
  |->  par_lens = 162, 162, 162
[TDSE] Running TDSE-SH-elliptical. step 79400, energy = -0.4273141072830778
  |->  par_lens = 163, 162, 162
[TDSE] Running TDSE-SH-elliptical. step 79600, energy = -0.42750953728345314
  |->  par_lens = 162, 162, 162
[TDSE] Running TDSE-SH-elliptical. step 79800, energy = -0.42731354616681677
  |->  par_lens = 162, 162, 162
[TDSE] Running TDSE-SH-elliptical. step 80000, energy = -0.42758684850514556
  |->  par_lens = 162, 162, 162
[TDSE] Running TDSE-SH-elliptical. step 80200, energy = -0.4272891317760922
  |->  par_lens = 162, 162, 163
[TDSE] Running TDSE-SH-elliptical. step 80400, energy = -0.42756344444779354
  |->  par_lens = 162, 162, 162
[TDSE] Running TDSE-SH-elliptical. step 80600, energy = -0.4273904022678769
  |->  par_lens = 162, 162, 162
[TDSE] Running TDSE-SH-elliptical. step 80800, energy = -0.42752061545048614
  |->  par_lens = 162, 162, 162
[TDSE] Running TDSE-SH-elliptical. step 81000, energy = -0.42739512435245836
  |->  par_lens = 162, 162, 162
[TDSE] Running TDSE-SH-elliptical. step 81200, energy = -0.4275752647266513
  |->  par_lens = 162, 162, 162
[TDSE] Running TDSE-SH-elliptical. step 81400, energy = -0.4273963295196884
  |->  par_lens = 162, 162, 162
[TDSE] Running TDSE-SH-elliptical. step 81600, energy = -0.42754300103377024
  |->  par_lens = 162, 162, 162
[TDSE] Running TDSE-SH-elliptical. step 81800, energy = -0.4274950060102132
  |->  par_lens = 162, 162, 162
[TDSE] Running TDSE-SH-elliptical. step 82000, energy = -0.4274971783857034
  |->  par_lens = 162, 162, 162
[TDSE] Running TDSE-SH-elliptical. step 82200, energy = -0.4275313572700972
  |->  par_lens = 162, 162, 162
[TDSE] Running TDSE-SH-elliptical. step 82400, energy = -0.4274984559302198
  |->  par_lens = 162, 162, 162
[TDSE] Running TDSE-SH-elliptical. step 82600, energy = -0.4275549276049236
  |->  par_lens = 162, 162, 162
[TDSE] Running TDSE-SH-elliptical. step 82800, energy = -0.4275130776026697
  |->  par_lens = 162, 162, 162
[TDSE] Running TDSE-SH-elliptical. step 83000, energy = -0.4275815145014723
  |->  par_lens = 162, 162, 162
[TDSE] Running TDSE-SH-elliptical. step 83200, energy = -0.42744391678081745
  |->  par_lens = 162, 162, 162
[TDSE] Running TDSE-SH-elliptical. step 83400, energy = -0.4276919685715014
  |->  par_lens = 162, 162, 162
[TDSE] Running TDSE-SH-elliptical. step 83600, energy = -0.42742734882340444
  |->  par_lens = 162, 162, 162
[TDSE] Running TDSE-SH-elliptical. step 83800, energy = -0.42763848338918475
  |->  par_lens = 162, 162, 162
[TDSE] Running TDSE-SH-elliptical. step 84000, energy = -0.42749641226084023
  |->  par_lens = 162, 162, 162
[TDSE] Running TDSE-SH-elliptical. step 84200, energy = -0.4276806035831048
  |->  par_lens = 162, 162, 162
[TDSE] Running TDSE-SH-elliptical. step 84400, energy = -0.4274056561192109
  |->  par_lens = 161, 162, 162
[TDSE] Running TDSE-SH-elliptical. step 84600, energy = -0.4277276183570699
  |->  par_lens = 162, 161, 162
[TDSE] Running TDSE-SH-elliptical. step 84800, energy = -0.4274475354282813
  |->  par_lens = 162, 162, 162
[TDSE] Running TDSE-SH-elliptical. step 85000, energy = -0.42770307579573535
  |->  par_lens = 161, 162, 161
[TDSE] Running TDSE-SH-elliptical. step 85200, energy = -0.4274646905216285
  |->  par_lens = 162, 161, 162
[TDSE] Running TDSE-SH-elliptical. step 85400, energy = -0.4276682870851634
  |->  par_lens = 161, 161, 162
[TDSE] Running TDSE-SH-elliptical. step 85600, energy = -0.427513190156609
  |->  par_lens = 161, 161, 162
[TDSE] Running TDSE-SH-elliptical. step 85800, energy = -0.4277071780878898
  |->  par_lens = 160, 162, 161
[TDSE] Running TDSE-SH-elliptical. step 86000, energy = -0.4274636379683695
  |->  par_lens = 160, 160, 162
[TDSE] Running TDSE-SH-elliptical. step 86200, energy = -0.4276800794463436
  |->  par_lens = 161, 162, 162
