[ITP]: 10000.471108571397
[ITP]: 0.022107823405609905
[ITP]: 0.004976805475414736
[ITP]: 0.0021058954092971205
[ITP]: 0.001084104546129061
[ITP]: 0.0006160870179273692
[ITP]: 0.0003714642087823128
[ITP]: 0.00023286611963801995
[ITP]: 0.0001500123428329614
[ITP]: 9.857967926441003e-5
[ITP]: 6.57601184761436e-5
[ITP]: 4.43786526744816e-5
[ITP]: 3.022437766897479e-5
[ITP]: 2.0735965556739622e-5
[ITP]: 1.4311264988853267e-5
[ITP]: 9.92563006574354e-6
[ITP]: 6.9119921211058255e-6
[ITP]: 4.82976755122877e-6
[ITP]: 3.384510666504248e-6
[ITP]: 2.3775199649023193e-6
[ITP]: 1.6736194445865493e-6
[ITP]: 1.1802274751948616e-6
[ITP]: 8.335748883370186e-7
[ITP]: 5.895273362810372e-7
[ITP]: 4.174150680658073e-7
[ITP]: 2.958509506267859e-7
[ITP]: 2.098764437796774e-7
[ITP]: 1.4900242706339384e-7
[ITP]: 1.0585745457980522e-7
[ITP]: 7.525113565609587e-8
[ITP]: 5.352267851144177e-8
[ITP]: 3.808635307134267e-8
[ITP]: 2.7113442158110956e-8
[ITP]: 1.9309163601377577e-8
[ITP]: 1.3755872219078924e-8
[ITP]: 9.802639699962867e-9
Energy of ground state: -0.5030607411950042
[TDSE] Start TDSE-SH for elliptical polarized laser. It may cost a plenty of time.
[TDSE] Running TDSE-SH-elliptical. step 0, energy = -0.5030607411950033
  |->  par_lens = 1, 1, 1
[TDSE] Running TDSE-SH-elliptical. step 200, energy = -0.5030607411948621
  |->  par_lens = 1, 1, 1
[TDSE] Running TDSE-SH-elliptical. step 400, energy = -0.5030607411947172
  |->  par_lens = 1, 1, 2
[TDSE] Running TDSE-SH-elliptical. step 600, energy = -0.5030607411944764
  |->  par_lens = 1, 1, 2
[TDSE] Running TDSE-SH-elliptical. step 800, energy = -0.5030607411939122
  |->  par_lens = 1, 1, 2
[TDSE] Running TDSE-SH-elliptical. step 1000, energy = -0.5030607411922318
  |->  par_lens = 1, 1, 2
[TDSE] Running TDSE-SH-elliptical. step 1200, energy = -0.5030607411880177
  |->  par_lens = 1, 1, 2
[TDSE] Running TDSE-SH-elliptical. step 1400, energy = -0.5030607411784208
  |->  par_lens = 1, 1, 2
[TDSE] Running TDSE-SH-elliptical. step 1600, energy = -0.5030607411593959
  |->  par_lens = 1, 1, 2
[TDSE] Running TDSE-SH-elliptical. step 1800, energy = -0.503060741124043
  |->  par_lens = 1, 1, 2
[TDSE] Running TDSE-SH-elliptical. step 2000, energy = -0.5030607410636224
  |->  par_lens = 1, 1, 2
[TDSE] Running TDSE-SH-elliptical. step 2200, energy = -0.5030607409647122
  |->  par_lens = 1, 1, 2
[TDSE] Running TDSE-SH-elliptical. step 2400, energy = -0.503060740811582
  |->  par_lens = 1, 1, 2
[TDSE] Running TDSE-SH-elliptical. step 2600, energy = -0.5030607405815894
  |->  par_lens = 1, 1, 2
[TDSE] Running TDSE-SH-elliptical. step 2800, energy = -0.5030607402498793
  |->  par_lens = 1, 1, 2
[TDSE] Running TDSE-SH-elliptical. step 3000, energy = -0.5030607397809052
  |->  par_lens = 1, 1, 2
[TDSE] Running TDSE-SH-elliptical. step 3200, energy = -0.5030607391405402
  |->  par_lens = 1, 1, 2
[TDSE] Running TDSE-SH-elliptical. step 3400, energy = -0.5030607382755158
  |->  par_lens = 1, 1, 2
[TDSE] Running TDSE-SH-elliptical. step 3600, energy = -0.5030607371416844
  |->  par_lens = 1, 1, 2
[TDSE] Running TDSE-SH-elliptical. step 3800, energy = -0.5030607356669744
  |->  par_lens = 1, 1, 2
[TDSE] Running TDSE-SH-elliptical. step 4000, energy = -0.5030607337967744
  |->  par_lens = 1, 1, 2
[TDSE] Running TDSE-SH-elliptical. step 4200, energy = -0.5030607314323374
  |->  par_lens = 1, 1, 2
[TDSE] Running TDSE-SH-elliptical. step 4400, energy = -0.5030607285189619
  |->  par_lens = 1, 1, 2
[TDSE] Running TDSE-SH-elliptical. step 4600, energy = -0.5030607249285666
  |->  par_lens = 1, 1, 2
[TDSE] Running TDSE-SH-elliptical. step 4800, energy = -0.5030607205916634
  |->  par_lens = 1, 1, 2
[TDSE] Running TDSE-SH-elliptical. step 5000, energy = -0.5030607153761038
  |->  par_lens = 1, 1, 2
[TDSE] Running TDSE-SH-elliptical. step 5200, energy = -0.503060709189023
  |->  par_lens = 1, 2, 2
[TDSE] Running TDSE-SH-elliptical. step 5400, energy = -0.5030607018853721
  |->  par_lens = 2, 2, 2
[TDSE] Running TDSE-SH-elliptical. step 5600, energy = -0.5030606933605094
  |->  par_lens = 2, 2, 2
[TDSE] Running TDSE-SH-elliptical. step 5800, energy = -0.5030606834830383
  |->  par_lens = 2, 2, 2
[TDSE] Running TDSE-SH-elliptical. step 6000, energy = -0.5030606720839417
  |->  par_lens = 2, 2, 2
[TDSE] Running TDSE-SH-elliptical. step 6200, energy = -0.5030606591142615
  |->  par_lens = 2, 2, 2
[TDSE] Running TDSE-SH-elliptical. step 6400, energy = -0.503060644303564
  |->  par_lens = 2, 2, 2
[TDSE] Running TDSE-SH-elliptical. step 6600, energy = -0.5030606276812669
  |->  par_lens = 2, 2, 2
[TDSE] Running TDSE-SH-elliptical. step 6800, energy = -0.5030606089496645
  |->  par_lens = 2, 2, 2
[TDSE] Running TDSE-SH-elliptical. step 7000, energy = -0.5030605881614314
  |->  par_lens = 2, 2, 2
[TDSE] Running TDSE-SH-elliptical. step 7200, energy = -0.5030605649329828
  |->  par_lens = 2, 2, 2
[TDSE] Running TDSE-SH-elliptical. step 7400, energy = -0.5030605395301413
  |->  par_lens = 2, 2, 2
[TDSE] Running TDSE-SH-elliptical. step 7600, energy = -0.5030605114231114
  |->  par_lens = 2, 2, 2
[TDSE] Running TDSE-SH-elliptical. step 7800, energy = -0.5030604808425153
  |->  par_lens = 2, 2, 2
[TDSE] Running TDSE-SH-elliptical. step 8000, energy = -0.5030604475029778
  |->  par_lens = 2, 2, 2
[TDSE] Running TDSE-SH-elliptical. step 8200, energy = -0.5030604115267439
  |->  par_lens = 2, 2, 2
[TDSE] Running TDSE-SH-elliptical. step 8400, energy = -0.5030603725878635
  |->  par_lens = 2, 2, 2
[TDSE] Running TDSE-SH-elliptical. step 8600, energy = -0.5030603309031582
  |->  par_lens = 2, 2, 2
[TDSE] Running TDSE-SH-elliptical. step 8800, energy = -0.5030602863520618
  |->  par_lens = 2, 2, 2
[TDSE] Running TDSE-SH-elliptical. step 9000, energy = -0.5030602388257074
  |->  par_lens = 2, 2, 2
[TDSE] Running TDSE-SH-elliptical. step 9200, energy = -0.5030601886111158
  |->  par_lens = 2, 2, 2
[TDSE] Running TDSE-SH-elliptical. step 9400, energy = -0.503060135305032
  |->  par_lens = 2, 2, 2
[TDSE] Running TDSE-SH-elliptical. step 9600, energy = -0.5030600795086817
  |->  par_lens = 2, 2, 2
[TDSE] Running TDSE-SH-elliptical. step 9800, energy = -0.503060020770963
  |->  par_lens = 2, 2, 2
[TDSE] Running TDSE-SH-elliptical. step 10000, energy = -0.5030599596683712
  |->  par_lens = 2, 2, 2
[TDSE] Running TDSE-SH-elliptical. step 10200, energy = -0.5030598583491723
  |->  par_lens = 2, 2, 2
[TDSE] Running TDSE-SH-elliptical. step 10400, energy = -0.5030593447931194
  |->  par_lens = 2, 2, 2
[TDSE] Running TDSE-SH-elliptical. step 10600, energy = -0.5030587568171165
  |->  par_lens = 2, 2, 2
[TDSE] Running TDSE-SH-elliptical. step 10800, energy = -0.503059405729626
  |->  par_lens = 2, 2, 2
[TDSE] Running TDSE-SH-elliptical. step 11000, energy = -0.503056561018349
  |->  par_lens = 2, 2, 2
[TDSE] Running TDSE-SH-elliptical. step 11200, energy = -0.503029113725984
  |->  par_lens = 4, 3, 3
[TDSE] Running TDSE-SH-elliptical. step 11400, energy = -0.5029585017202343
  |->  par_lens = 4, 3, 3
[TDSE] Running TDSE-SH-elliptical. step 11600, energy = -0.5028820975284959
  |->  par_lens = 5, 4, 4
[TDSE] Running TDSE-SH-elliptical. step 11800, energy = -0.5028926980219653
  |->  par_lens = 4, 5, 4
[TDSE] Running TDSE-SH-elliptical. step 12000, energy = -0.5029768137973782
  |->  par_lens = 4, 4, 3
[TDSE] Running TDSE-SH-elliptical. step 12200, energy = -0.5028818590955982
  |->  par_lens = 4, 4, 4
[TDSE] Running TDSE-SH-elliptical. step 12400, energy = -0.5023180652599196
  |->  par_lens = 5, 5, 6
[TDSE] Running TDSE-SH-elliptical. step 12600, energy = -0.50147688692916
  |->  par_lens = 7, 7, 7
[TDSE] Running TDSE-SH-elliptical. step 12800, energy = -0.5011274401198411
  |->  par_lens = 7, 7, 7
[TDSE] Running TDSE-SH-elliptical. step 13000, energy = -0.5017822661727315
  |->  par_lens = 6, 6, 7
[TDSE] Running TDSE-SH-elliptical. step 13200, energy = -0.5026166965120208
  |->  par_lens = 6, 5, 6
[TDSE] Running TDSE-SH-elliptical. step 13400, energy = -0.5019178206289016
  |->  par_lens = 6, 6, 7
[TDSE] Running TDSE-SH-elliptical. step 13600, energy = -0.49920364552222624
  |->  par_lens = 9, 9, 8
[TDSE] Running TDSE-SH-elliptical. step 13800, energy = -0.4966539657030961
  |->  par_lens = 10, 10, 10
[TDSE] Running TDSE-SH-elliptical. step 14000, energy = -0.49718883907552347
  |->  par_lens = 10, 10, 10
[TDSE] Running TDSE-SH-elliptical. step 14200, energy = -0.5003701041649953
  |->  par_lens = 11, 11, 12
[TDSE] Running TDSE-SH-elliptical. step 14400, energy = -0.5014970296754547
  |->  par_lens = 12, 11, 12
[TDSE] Running TDSE-SH-elliptical. step 14600, energy = -0.49648588027949053
  |->  par_lens = 11, 12, 11
[TDSE] Running TDSE-SH-elliptical. step 14800, energy = -0.4881214465156868
  |->  par_lens = 15, 13, 14
[TDSE] Running TDSE-SH-elliptical. step 15000, energy = -0.4846834880567988
  |->  par_lens = 17, 17, 16
[TDSE] Running TDSE-SH-elliptical. step 15200, energy = -0.49066888481757215
  |->  par_lens = 18, 18, 18
[TDSE] Running TDSE-SH-elliptical. step 15400, energy = -0.49897273248121976
  |->  par_lens = 20, 20, 21
[TDSE] Running TDSE-SH-elliptical. step 15600, energy = -0.4970520977318948
  |->  par_lens = 21, 20, 21
[TDSE] Running TDSE-SH-elliptical. step 15800, energy = -0.4820878053736284
  |->  par_lens = 19, 19, 20
[TDSE] Running TDSE-SH-elliptical. step 16000, energy = -0.46782105491419046
  |->  par_lens = 25, 23, 23
[TDSE] Running TDSE-SH-elliptical. step 16200, energy = -0.470310869418354
  |->  par_lens = 28, 28, 27
[TDSE] Running TDSE-SH-elliptical. step 16400, energy = -0.48752173982467495
  |->  par_lens = 32, 32, 32
[TDSE] Running TDSE-SH-elliptical. step 16600, energy = -0.49682879164586896
  |->  par_lens = 34, 33, 33
[TDSE] Running TDSE-SH-elliptical. step 16800, energy = -0.4800344609320721
  |->  par_lens = 34, 35, 34
[TDSE] Running TDSE-SH-elliptical. step 17000, energy = -0.44855801338780044
  |->  par_lens = 34, 29, 32
[TDSE] Running TDSE-SH-elliptical. step 17200, energy = -0.43527960784873543
  |->  par_lens = 40, 41, 40
[TDSE] Running TDSE-SH-elliptical. step 17400, energy = -0.4560777963453461
  |->  par_lens = 49, 50, 49
[TDSE] Running TDSE-SH-elliptical. step 17600, energy = -0.4873249372126443
  |->  par_lens = 59, 56, 56
[TDSE] Running TDSE-SH-elliptical. step 17800, energy = -0.4864327781717221
  |->  par_lens = 60, 57, 58
[TDSE] Running TDSE-SH-elliptical. step 18000, energy = -0.4440565078634221
  |->  par_lens = 53, 52, 55
[TDSE] Running TDSE-SH-elliptical. step 18200, energy = -0.4024371576687916
  |->  par_lens = 50, 51, 51
[TDSE] Running TDSE-SH-elliptical. step 18400, energy = -0.4080501584703347
  |->  par_lens = 68, 69, 70
[TDSE] Running TDSE-SH-elliptical. step 18600, energy = -0.45607103710989333
  |->  par_lens = 84, 85, 83
[TDSE] Running TDSE-SH-elliptical. step 18800, energy = -0.4869999875778052
  |->  par_lens = 90, 91, 91
[TDSE] Running TDSE-SH-elliptical. step 19000, energy = -0.4514896353248702
  |->  par_lens = 93, 91, 90
[TDSE] Running TDSE-SH-elliptical. step 19200, energy = -0.37765358125086107
  |->  par_lens = 76, 76, 71
[TDSE] Running TDSE-SH-elliptical. step 19400, energy = -0.3460772190723314
  |->  par_lens = 85, 86, 85
[TDSE] Running TDSE-SH-elliptical. step 19600, energy = -0.3903041050891326
  |->  par_lens = 117, 114, 113
[TDSE] Running TDSE-SH-elliptical. step 19800, energy = -0.4641788341895186
  |->  par_lens = 139, 136, 136
[TDSE] Running TDSE-SH-elliptical. step 20000, energy = -0.4706252808137691
  |->  par_lens = 143, 142, 142
[TDSE] Running TDSE-SH-elliptical. step 20200, energy = -0.3873197364924533
  |->  par_lens = 140, 137, 138
[TDSE] Running TDSE-SH-elliptical. step 20400, energy = -0.30337652456970826
  |->  par_lens = 112, 107, 108
[TDSE] Running TDSE-SH-elliptical. step 20600, energy = -0.3137587808074669
  |->  par_lens = 139, 132, 135
[TDSE] Running TDSE-SH-elliptical. step 20800, energy = -0.4031651845381638
  |->  par_lens = 177, 179, 178
[TDSE] Running TDSE-SH-elliptical. step 21000, energy = -0.47134960449101243
  |->  par_lens = 197, 195, 198
[TDSE] Running TDSE-SH-elliptical. step 21200, energy = -0.4158281226245563
  |->  par_lens = 201, 202, 202
[TDSE] Running TDSE-SH-elliptical. step 21400, energy = -0.2863586020878289
  |->  par_lens = 179, 178, 175
[TDSE] Running TDSE-SH-elliptical. step 21600, energy = -0.23176304646631263
  |->  par_lens = 164, 156, 157
[TDSE] Running TDSE-SH-elliptical. step 21800, energy = -0.30267030527684136
  |->  par_lens = 221, 218, 218
[TDSE] Running TDSE-SH-elliptical. step 22000, energy = -0.42865917464984027
  |->  par_lens = 265, 269, 266
[TDSE] Running TDSE-SH-elliptical. step 22200, energy = -0.45170322953584974
  |->  par_lens = 276, 276, 280
[TDSE] Running TDSE-SH-elliptical. step 22400, energy = -0.3248881007955039
  |->  par_lens = 273, 275, 267
[TDSE] Running TDSE-SH-elliptical. step 22600, energy = -0.19230444160234994
  |->  par_lens = 225, 220, 228
[TDSE] Running TDSE-SH-elliptical. step 22800, energy = -0.21150803019289224
  |->  par_lens = 251, 244, 241
[TDSE] Running TDSE-SH-elliptical. step 23000, energy = -0.33595957222116113
  |->  par_lens = 309, 312, 308
[TDSE] Running TDSE-SH-elliptical. step 23200, energy = -0.4473305752748708
  |->  par_lens = 341, 343, 345
[TDSE] Running TDSE-SH-elliptical. step 23400, energy = -0.3812248488335113
  |->  par_lens = 343, 339, 343
[TDSE] Running TDSE-SH-elliptical. step 23600, energy = -0.19989208015148566
  |->  par_lens = 311, 302, 309
[TDSE] Running TDSE-SH-elliptical. step 23800, energy = -0.12200482875330695
  |->  par_lens = 262, 272, 267
[TDSE] Running TDSE-SH-elliptical. step 24000, energy = -0.218762266595772
  |->  par_lens = 342, 333, 336
[TDSE] Running TDSE-SH-elliptical. step 24200, energy = -0.3825955291581505
  |->  par_lens = 411, 408, 409
[TDSE] Running TDSE-SH-elliptical. step 24400, energy = -0.42703337803365415
  |->  par_lens = 426, 424, 424
[TDSE] Running TDSE-SH-elliptical. step 24600, energy = -0.27545751312562144
  |->  par_lens = 410, 411, 406
[TDSE] Running TDSE-SH-elliptical. step 24800, energy = -0.1043129666481982
  |->  par_lens = 351, 354, 346
[TDSE] Running TDSE-SH-elliptical. step 25000, energy = -0.12963818129993673
  |->  par_lens = 363, 359, 356
[TDSE] Running TDSE-SH-elliptical. step 25200, energy = -0.2717836359391576
  |->  par_lens = 429, 429, 424
[TDSE] Running TDSE-SH-elliptical. step 25400, energy = -0.41300546399817556
  |->  par_lens = 466, 467, 466
[TDSE] Running TDSE-SH-elliptical. step 25600, energy = -0.35117518746462395
  |->  par_lens = 466, 465, 470
[TDSE] Running TDSE-SH-elliptical. step 25800, energy = -0.1502844747509943
  |->  par_lens = 445, 437, 437
[TDSE] Running TDSE-SH-elliptical. step 26000, energy = -0.05497131910967798
  |->  par_lens = 420, 403, 415
[TDSE] Running TDSE-SH-elliptical. step 26200, energy = -0.1635499222085672
  |->  par_lens = 448, 437, 440
[TDSE] Running TDSE-SH-elliptical. step 26400, energy = -0.33613071509302633
  |->  par_lens = 498, 494, 492
[TDSE] Running TDSE-SH-elliptical. step 26600, energy = -0.39838030428939974
  |->  par_lens = 511, 507, 506
[TDSE] Running TDSE-SH-elliptical. step 26800, energy = -0.25383891374128614
  |->  par_lens = 506, 502, 501
[TDSE] Running TDSE-SH-elliptical. step 27000, energy = -0.07490387308590174
  |->  par_lens = 483, 484, 490
[TDSE] Running TDSE-SH-elliptical. step 27200, energy = -0.09911768173931239
  |->  par_lens = 481, 481, 480
[TDSE] Running TDSE-SH-elliptical. step 27400, energy = -0.23297088563465762
  |->  par_lens = 504, 512, 510
[TDSE] Running TDSE-SH-elliptical. step 27600, energy = -0.3785828273662222
  |->  par_lens = 518, 517, 518
[TDSE] Running TDSE-SH-elliptical. step 27800, energy = -0.334052916478059
  |->  par_lens = 517, 523, 521
[TDSE] Running TDSE-SH-elliptical. step 28000, energy = -0.15009460596869964
  |->  par_lens = 513, 516, 510
[TDSE] Running TDSE-SH-elliptical. step 28200, energy = -0.05889052027225473
  |->  par_lens = 496, 491, 496
[TDSE] Running TDSE-SH-elliptical. step 28400, energy = -0.1521932539043532
  |->  par_lens = 516, 517, 516
[TDSE] Running TDSE-SH-elliptical. step 28600, energy = -0.30991645934014267
  |->  par_lens = 532, 533, 526
[TDSE] Running TDSE-SH-elliptical. step 28800, energy = -0.3765945212750032
  |->  par_lens = 537, 535, 530
[TDSE] Running TDSE-SH-elliptical. step 29000, energy = -0.2603782746312031
  |->  par_lens = 536, 532, 531
[TDSE] Running TDSE-SH-elliptical. step 29200, energy = -0.1116802900385572
  |->  par_lens = 523, 524, 519
[TDSE] Running TDSE-SH-elliptical. step 29400, energy = -0.12437260691206614
  |->  par_lens = 521, 518, 511
[TDSE] Running TDSE-SH-elliptical. step 29600, energy = -0.2316738863068941
  |->  par_lens = 527, 525, 529
[TDSE] Running TDSE-SH-elliptical. step 29800, energy = -0.3620749978683251
  |->  par_lens = 537, 531, 539
[TDSE] Running TDSE-SH-elliptical. step 30000, energy = -0.33692643533713856
  |->  par_lens = 537, 534, 541
[TDSE] Running TDSE-SH-elliptical. step 30200, energy = -0.19609976898544404
  |->  par_lens = 527, 530, 534
[TDSE] Running TDSE-SH-elliptical. step 30400, energy = -0.1236969111040316
  |->  par_lens = 524, 527, 527
[TDSE] Running TDSE-SH-elliptical. step 30600, energy = -0.18507881256840747
  |->  par_lens = 533, 542, 539
[TDSE] Running TDSE-SH-elliptical. step 30800, energy = -0.31068146241430267
  |->  par_lens = 541, 543, 543
[TDSE] Running TDSE-SH-elliptical. step 31000, energy = -0.37257810205710185
  |->  par_lens = 543, 543, 546
[TDSE] Running TDSE-SH-elliptical. step 31200, energy = -0.29814048309554003
  |->  par_lens = 545, 541, 542
[TDSE] Running TDSE-SH-elliptical. step 31400, energy = -0.19653982921908134
  |->  par_lens = 538, 539, 531
[TDSE] Running TDSE-SH-elliptical. step 31600, energy = -0.1909455868815943
  |->  par_lens = 526, 522, 526
[TDSE] Running TDSE-SH-elliptical. step 31800, energy = -0.27371661266177905
  |->  par_lens = 538, 538, 532
[TDSE] Running TDSE-SH-elliptical. step 32000, energy = -0.3689665294233614
  |->  par_lens = 542, 542, 541
[TDSE] Running TDSE-SH-elliptical. step 32200, energy = -0.3584157753742532
  |->  par_lens = 543, 545, 538
[TDSE] Running TDSE-SH-elliptical. step 32400, energy = -0.2674099061887205
  |->  par_lens = 541, 542, 539
[TDSE] Running TDSE-SH-elliptical. step 32600, energy = -0.2200895521535777
  |->  par_lens = 537, 530, 532
[TDSE] Running TDSE-SH-elliptical. step 32800, energy = -0.2557924071279957
  |->  par_lens = 543, 544, 541
[TDSE] Running TDSE-SH-elliptical. step 33000, energy = -0.33827246036654796
  |->  par_lens = 548, 544, 547
[TDSE] Running TDSE-SH-elliptical. step 33200, energy = -0.3831668110411161
  |->  par_lens = 547, 545, 548
[TDSE] Running TDSE-SH-elliptical. step 33400, energy = -0.34410930460376643
  |->  par_lens = 544, 543, 548
[TDSE] Running TDSE-SH-elliptical. step 33600, energy = -0.2849048201826663
  |->  par_lens = 538, 542, 541
[TDSE] Running TDSE-SH-elliptical. step 33800, energy = -0.2809619766037619
  |->  par_lens = 534, 536, 532
[TDSE] Running TDSE-SH-elliptical. step 34000, energy = -0.3258636168181792
  |->  par_lens = 533, 546, 528
[TDSE] Running TDSE-SH-elliptical. step 34200, energy = -0.3802853032608782
  |->  par_lens = 537, 540, 538
[TDSE] Running TDSE-SH-elliptical. step 34400, energy = -0.3800844975534536
  |->  par_lens = 534, 541, 535
[TDSE] Running TDSE-SH-elliptical. step 34600, energy = -0.33746454798685654
  |->  par_lens = 538, 540, 530
[TDSE] Running TDSE-SH-elliptical. step 34800, energy = -0.30544266781815926
  |->  par_lens = 527, 536, 527
[TDSE] Running TDSE-SH-elliptical. step 35000, energy = -0.3252794939255656
  |->  par_lens = 528, 532, 536
[TDSE] Running TDSE-SH-elliptical. step 35200, energy = -0.36673415471119225
  |->  par_lens = 534, 533, 534
[TDSE] Running TDSE-SH-elliptical. step 35400, energy = -0.39182548482343127
  |->  par_lens = 532, 532, 528
[TDSE] Running TDSE-SH-elliptical. step 35600, energy = -0.37867053722515503
  |->  par_lens = 530, 524, 517
[TDSE] Running TDSE-SH-elliptical. step 35800, energy = -0.35537426706042086
  |->  par_lens = 516, 520, 512
[TDSE] Running TDSE-SH-elliptical. step 36000, energy = -0.3447373536594456
  |->  par_lens = 504, 491, 487
[TDSE] Running TDSE-SH-elliptical. step 36200, energy = -0.3731134197272968
  |->  par_lens = 467, 473, 466
[TDSE] Running TDSE-SH-elliptical. step 36400, energy = -0.39033908782235405
  |->  par_lens = 458, 467, 448
[TDSE] Running TDSE-SH-elliptical. step 36600, energy = -0.394346905833603
  |->  par_lens = 448, 447, 443
[TDSE] Running TDSE-SH-elliptical. step 36800, energy = -0.3768420763855085
  |->  par_lens = 431, 431, 430
[TDSE] Running TDSE-SH-elliptical. step 37000, energy = -0.36792098368178966
  |->  par_lens = 426, 422, 413
[TDSE] Running TDSE-SH-elliptical. step 37200, energy = -0.3720667726217356
  |->  par_lens = 417, 418, 411
[TDSE] Running TDSE-SH-elliptical. step 37400, energy = -0.3877039858509744
  |->  par_lens = 412, 416, 412
[TDSE] Running TDSE-SH-elliptical. step 37600, energy = -0.398741329960149
  |->  par_lens = 410, 407, 404
[TDSE] Running TDSE-SH-elliptical. step 37800, energy = -0.39594349827364345
  |->  par_lens = 396, 400, 398
[TDSE] Running TDSE-SH-elliptical. step 38000, energy = -0.38841999657204407
  |->  par_lens = 380, 384, 383
[TDSE] Running TDSE-SH-elliptical. step 38200, energy = -0.3894333260969583
  |->  par_lens = 363, 353, 354
[TDSE] Running TDSE-SH-elliptical. step 38400, energy = -0.39166237060475445
  |->  par_lens = 325, 325, 335
[TDSE] Running TDSE-SH-elliptical. step 38600, energy = -0.39976752699981366
  |->  par_lens = 307, 307, 305
[TDSE] Running TDSE-SH-elliptical. step 38800, energy = -0.39930571778218654
  |->  par_lens = 296, 301, 295
[TDSE] Running TDSE-SH-elliptical. step 39000, energy = -0.3965610840521893
  |->  par_lens = 287, 294, 282
[TDSE] Running TDSE-SH-elliptical. step 39200, energy = -0.39460253104049964
  |->  par_lens = 290, 292, 299
[TDSE] Running TDSE-SH-elliptical. step 39400, energy = -0.39485559500958534
  |->  par_lens = 302, 299, 296
[TDSE] Running TDSE-SH-elliptical. step 39600, energy = -0.3992586222217837
  |->  par_lens = 310, 301, 301
[TDSE] Running TDSE-SH-elliptical. step 39800, energy = -0.4004229526113562
  |->  par_lens = 304, 301, 303
[TDSE] Running TDSE-SH-elliptical. step 40000, energy = -0.4014406666363332
  |->  par_lens = 304, 298, 301
[TDSE] Running TDSE-SH-elliptical. step 40200, energy = -0.40102192082228744
  |->  par_lens = 302, 296, 298
[TDSE] Running TDSE-SH-elliptical. step 40400, energy = -0.40077403312442533
  |->  par_lens = 294, 291, 294
[TDSE] Running TDSE-SH-elliptical. step 40600, energy = -0.40179831885431627
  |->  par_lens = 288, 286, 287
[TDSE] Running TDSE-SH-elliptical. step 40800, energy = -0.40205533501891555
  |->  par_lens = 281, 282, 288
[TDSE] Running TDSE-SH-elliptical. step 41000, energy = -0.40224400115739317
  |->  par_lens = 277, 278, 283
[TDSE] Running TDSE-SH-elliptical. step 41200, energy = -0.4024838660210948
  |->  par_lens = 276, 276, 279
[TDSE] Running TDSE-SH-elliptical. step 41400, energy = -0.4021911442891772
  |->  par_lens = 278, 278, 279
[TDSE] Running TDSE-SH-elliptical. step 41600, energy = -0.4028240375257489
  |->  par_lens = 277, 280, 279
[TDSE] Running TDSE-SH-elliptical. step 41800, energy = -0.4030323246339441
  |->  par_lens = 277, 278, 278
[TDSE] Running TDSE-SH-elliptical. step 42000, energy = -0.4034730449642297
  |->  par_lens = 276, 278, 277
[TDSE] Running TDSE-SH-elliptical. step 42200, energy = -0.4036903051427233
  |->  par_lens = 275, 277, 277
[TDSE] Running TDSE-SH-elliptical. step 42400, energy = -0.4041716546277111
  |->  par_lens = 275, 277, 276
[TDSE] Running TDSE-SH-elliptical. step 42600, energy = -0.40440203338758335
  |->  par_lens = 275, 276, 276
[TDSE] Running TDSE-SH-elliptical. step 42800, energy = -0.40464970921297816
  |->  par_lens = 275, 276, 276
[TDSE] Running TDSE-SH-elliptical. step 43000, energy = -0.405004765584983
  |->  par_lens = 275, 274, 276
[TDSE] Running TDSE-SH-elliptical. step 43200, energy = -0.40520672778701133
  |->  par_lens = 274, 272, 274
[TDSE] Running TDSE-SH-elliptical. step 43400, energy = -0.40553114215396135
  |->  par_lens = 273, 271, 273
[TDSE] Running TDSE-SH-elliptical. step 43600, energy = -0.4058551603293902
  |->  par_lens = 271, 270, 272
[TDSE] Running TDSE-SH-elliptical. step 43800, energy = -0.40617627413023494
  |->  par_lens = 268, 269, 268
[TDSE] Running TDSE-SH-elliptical. step 44000, energy = -0.4065312409601203
  |->  par_lens = 266, 266, 266
[TDSE] Running TDSE-SH-elliptical. step 44200, energy = -0.4069459431521134
  |->  par_lens = 263, 262, 265
[TDSE] Running TDSE-SH-elliptical. step 44400, energy = -0.40739714409516636
  |->  par_lens = 259, 259, 259
[TDSE] Running TDSE-SH-elliptical. step 44600, energy = -0.40775439360934823
  |->  par_lens = 257, 256, 256
[TDSE] Running TDSE-SH-elliptical. step 44800, energy = -0.4079461232305256
  |->  par_lens = 254, 255, 253
[TDSE] Running TDSE-SH-elliptical. step 45000, energy = -0.40810967375182994
  |->  par_lens = 251, 251, 250
[TDSE] Running TDSE-SH-elliptical. step 45200, energy = -0.40843911821221957
  |->  par_lens = 248, 246, 247
[TDSE] Running TDSE-SH-elliptical. step 45400, energy = -0.40900513848095216
  |->  par_lens = 244, 244, 244
[TDSE] Running TDSE-SH-elliptical. step 45600, energy = -0.409595461107214
  |->  par_lens = 242, 241, 243
[TDSE] Running TDSE-SH-elliptical. step 45800, energy = -0.4099484406474663
  |->  par_lens = 240, 238, 238
[TDSE] Running TDSE-SH-elliptical. step 46000, energy = -0.4101502184983788
  |->  par_lens = 236, 235, 236
[TDSE] Running TDSE-SH-elliptical. step 46200, energy = -0.4103883691929414
  |->  par_lens = 235, 232, 234
[TDSE] Running TDSE-SH-elliptical. step 46400, energy = -0.4107077655346519
  |->  par_lens = 232, 231, 230
[TDSE] Running TDSE-SH-elliptical. step 46600, energy = -0.41104073621057186
  |->  par_lens = 228, 228, 228
[TDSE] Running TDSE-SH-elliptical. step 46800, energy = -0.41136046241647
  |->  par_lens = 225, 225, 226
[TDSE] Running TDSE-SH-elliptical. step 47000, energy = -0.41170309181436016
  |->  par_lens = 223, 224, 223
[TDSE] Running TDSE-SH-elliptical. step 47200, energy = -0.41207013603729287
  |->  par_lens = 221, 221, 220
[TDSE] Running TDSE-SH-elliptical. step 47400, energy = -0.41241551703904766
  |->  par_lens = 221, 218, 219
[TDSE] Running TDSE-SH-elliptical. step 47600, energy = -0.4127241535851756
  |->  par_lens = 216, 217, 217
[TDSE] Running TDSE-SH-elliptical. step 47800, energy = -0.41301560264816434
  |->  par_lens = 213, 214, 214
[TDSE] Running TDSE-SH-elliptical. step 48000, energy = -0.41331442284647935
  |->  par_lens = 210, 209, 210
[TDSE] Running TDSE-SH-elliptical. step 48200, energy = -0.4136088012434568
  |->  par_lens = 208, 207, 208
[TDSE] Running TDSE-SH-elliptical. step 48400, energy = -0.4138800637133333
  |->  par_lens = 206, 206, 206
[TDSE] Running TDSE-SH-elliptical. step 48600, energy = -0.4141476897140131
  |->  par_lens = 205, 206, 206
[TDSE] Running TDSE-SH-elliptical. step 48800, energy = -0.414425245868768
  |->  par_lens = 204, 205, 203
[TDSE] Running TDSE-SH-elliptical. step 49000, energy = -0.41469467491169765
  |->  par_lens = 202, 203, 200
[TDSE] Running TDSE-SH-elliptical. step 49200, energy = -0.4149377987890581
  |->  par_lens = 199, 199, 198
[TDSE] Running TDSE-SH-elliptical. step 49400, energy = -0.41517618832697145
  |->  par_lens = 197, 195, 194
[TDSE] Running TDSE-SH-elliptical. step 49600, energy = -0.415445332966001
  |->  par_lens = 194, 190, 191
[TDSE] Running TDSE-SH-elliptical. step 49800, energy = -0.41573187729706573
  |->  par_lens = 192, 189, 191
[TDSE] Running TDSE-SH-elliptical. step 50000, energy = -0.41599703446459274
  |->  par_lens = 190, 188, 190
[TDSE] Running TDSE-SH-elliptical. step 50200, energy = -0.416225433668313
  |->  par_lens = 188, 188, 190
[TDSE] Running TDSE-SH-elliptical. step 50400, energy = -0.4164309294713604
  |->  par_lens = 187, 188, 187
[TDSE] Running TDSE-SH-elliptical. step 50600, energy = -0.4166493467333532
  |->  par_lens = 186, 187, 185
[TDSE] Running TDSE-SH-elliptical. step 50800, energy = -0.4168989204940639
  |->  par_lens = 184, 184, 185
[TDSE] Running TDSE-SH-elliptical. step 51000, energy = -0.41716349087525534
  |->  par_lens = 181, 183, 183
[TDSE] Running TDSE-SH-elliptical. step 51200, energy = -0.41741231359708686
  |->  par_lens = 179, 181, 179
[TDSE] Running TDSE-SH-elliptical. step 51400, energy = -0.4176243566822223
  |->  par_lens = 178, 175, 176
[TDSE] Running TDSE-SH-elliptical. step 51600, energy = -0.4178029065440793
  |->  par_lens = 176, 174, 176
[TDSE] Running TDSE-SH-elliptical. step 51800, energy = -0.4179684704219744
  |->  par_lens = 175, 173, 175
[TDSE] Running TDSE-SH-elliptical. step 52000, energy = -0.418141422468223
  |->  par_lens = 174, 173, 172
[TDSE] Running TDSE-SH-elliptical. step 52200, energy = -0.41832967948356264
  |->  par_lens = 174, 173, 172
[TDSE] Running TDSE-SH-elliptical. step 52400, energy = -0.4185333336447156
  |->  par_lens = 172, 171, 171
[TDSE] Running TDSE-SH-elliptical. step 52600, energy = -0.41874899854862085
  |->  par_lens = 170, 168, 169
[TDSE] Running TDSE-SH-elliptical. step 52800, energy = -0.41896595883776677
  |->  par_lens = 168, 167, 168
[TDSE] Running TDSE-SH-elliptical. step 53000, energy = -0.4191716609886458
  |->  par_lens = 166, 165, 167
[TDSE] Running TDSE-SH-elliptical. step 53200, energy = -0.4193640447064108
  |->  par_lens = 165, 163, 165
[TDSE] Running TDSE-SH-elliptical. step 53400, energy = -0.41955122507791964
  |->  par_lens = 164, 161, 163
[TDSE] Running TDSE-SH-elliptical. step 53600, energy = -0.41973856825129696
  |->  par_lens = 161, 161, 163
[TDSE] Running TDSE-SH-elliptical. step 53800, energy = -0.4199198715013588
  |->  par_lens = 160, 158, 160
[TDSE] Running TDSE-SH-elliptical. step 54000, energy = -0.42008377385553675
  |->  par_lens = 155, 156, 159
[TDSE] Running TDSE-SH-elliptical. step 54200, energy = -0.4202253757151679
  |->  par_lens = 155, 156, 158
[TDSE] Running TDSE-SH-elliptical. step 54400, energy = -0.42034833789708914
  |->  par_lens = 155, 156, 157
[TDSE] Running TDSE-SH-elliptical. step 54600, energy = -0.42046078122644726
  |->  par_lens = 153, 155, 157
[TDSE] Running TDSE-SH-elliptical. step 54800, energy = -0.4205729188851366
  |->  par_lens = 153, 155, 154
[TDSE] Running TDSE-SH-elliptical. step 55000, energy = -0.42069641151005177
  |->  par_lens = 153, 155, 154
[TDSE] Running TDSE-SH-elliptical. step 55200, energy = -0.4208386802230475
  |->  par_lens = 153, 155, 154
[TDSE] Running TDSE-SH-elliptical. step 55400, energy = -0.42099598962461504
  |->  par_lens = 153, 154, 150
[TDSE] Running TDSE-SH-elliptical. step 55600, energy = -0.42115959959674604
  |->  par_lens = 152, 153, 150
[TDSE] Running TDSE-SH-elliptical. step 55800, energy = -0.4213292987100473
  |->  par_lens = 152, 151, 150
[TDSE] Running TDSE-SH-elliptical. step 56000, energy = -0.42151382206883853
  |->  par_lens = 147, 149, 147
[TDSE] Running TDSE-SH-elliptical. step 56200, energy = -0.42171742799788536
  |->  par_lens = 147, 145, 145
[TDSE] Running TDSE-SH-elliptical. step 56400, energy = -0.4219307875912763
  |->  par_lens = 145, 142, 143
[TDSE] Running TDSE-SH-elliptical. step 56600, energy = -0.4221353025194176
  |->  par_lens = 143, 140, 142
[TDSE] Running TDSE-SH-elliptical. step 56800, energy = -0.4223133981618753
  |->  par_lens = 140, 140, 141
[TDSE] Running TDSE-SH-elliptical. step 57000, energy = -0.42245585628834653
  |->  par_lens = 138, 136, 139
[TDSE] Running TDSE-SH-elliptical. step 57200, energy = -0.4225638896803382
  |->  par_lens = 135, 135, 139
[TDSE] Running TDSE-SH-elliptical. step 57400, energy = -0.422646332014039
  |->  par_lens = 134, 135, 137
[TDSE] Running TDSE-SH-elliptical. step 57600, energy = -0.42271323359760626
  |->  par_lens = 134, 135, 135
[TDSE] Running TDSE-SH-elliptical. step 57800, energy = -0.4227703830262062
  |->  par_lens = 134, 135, 134
[TDSE] Running TDSE-SH-elliptical. step 58000, energy = -0.4228196269565064
  |->  par_lens = 134, 135, 132
[TDSE] Running TDSE-SH-elliptical. step 58200, energy = -0.42286355635372747
  |->  par_lens = 134, 134, 132
[TDSE] Running TDSE-SH-elliptical. step 58400, energy = -0.42290805357449085
  |->  par_lens = 133, 134, 132
[TDSE] Running TDSE-SH-elliptical. step 58600, energy = -0.42295960816763123
  |->  par_lens = 133, 134, 131
[TDSE] Running TDSE-SH-elliptical. step 58800, energy = -0.4230211461550866
  |->  par_lens = 132, 134, 131
[TDSE] Running TDSE-SH-elliptical. step 59000, energy = -0.4230914221395707
  |->  par_lens = 132, 134, 131
[TDSE] Running TDSE-SH-elliptical. step 59200, energy = -0.4231681359757911
  |->  par_lens = 132, 133, 130
  Activating project at `~/JuliaProp_v0.1`
[TDSE] Running TDSE-SH-elliptical. step 59400, energy = -0.4232509351214649
  |->  par_lens = 132, 132, 130
[TDSE] Running TDSE-SH-elliptical. step 59600, energy = -0.4233415976924135
  |->  par_lens = 132, 131, 130
[TDSE] Running TDSE-SH-elliptical. step 59800, energy = -0.42344223517044716
  |->  par_lens = 132, 130, 130
[TDSE] Running TDSE-SH-elliptical. step 60000, energy = -0.4235537632058057
  |->  par_lens = 132, 129, 130
[TDSE] Running TDSE-SH-elliptical. step 60200, energy = -0.42367550791843966
  |->  par_lens = 130, 129, 130
[TDSE] Running TDSE-SH-elliptical. step 60400, energy = -0.4238055889176586
  |->  par_lens = 128, 129, 130
[TDSE] Running TDSE-SH-elliptical. step 60600, energy = -0.42394136163548163
  |->  par_lens = 128, 128, 129
[TDSE] Running TDSE-SH-elliptical. step 60800, energy = -0.42407970137274886
  |->  par_lens = 127, 128, 127
[TDSE] Running TDSE-SH-elliptical. step 61000, energy = -0.42421737018078953
  |->  par_lens = 125, 125, 123
[TDSE] Running TDSE-SH-elliptical. step 61200, energy = -0.42435132277614457
  |->  par_lens = 123, 123, 122
[TDSE] Running TDSE-SH-elliptical. step 61400, energy = -0.42447877245275245
  |->  par_lens = 122, 122, 122
[TDSE] Running TDSE-SH-elliptical. step 61600, energy = -0.42459681834693597
  |->  par_lens = 120, 122, 121
[TDSE] Running TDSE-SH-elliptical. step 61800, energy = -0.42470239396423215
  |->  par_lens = 120, 122, 119
[TDSE] Running TDSE-SH-elliptical. step 62000, energy = -0.42479314836823767
  |->  par_lens = 120, 120, 118
[TDSE] Running TDSE-SH-elliptical. step 62200, energy = -0.4248685146226044
  |->  par_lens = 119, 117, 118
[TDSE] Running TDSE-SH-elliptical. step 62400, energy = -0.42493009755070427
  |->  par_lens = 116, 116, 116
[TDSE] Running TDSE-SH-elliptical. step 62600, energy = -0.4249809789272759
  |->  par_lens = 114, 114, 114
[TDSE] Running TDSE-SH-elliptical. step 62800, energy = -0.42502453596144923
  |->  par_lens = 114, 113, 112
[TDSE] Running TDSE-SH-elliptical. step 63000, energy = -0.4250635976283847
  |->  par_lens = 112, 110, 112
[TDSE] Running TDSE-SH-elliptical. step 63200, energy = -0.4251002175724073
  |->  par_lens = 109, 110, 112
[TDSE] Running TDSE-SH-elliptical. step 63400, energy = -0.42513576778596396
  |->  par_lens = 109, 110, 110
[TDSE] Running TDSE-SH-elliptical. step 63600, energy = -0.42517108078918486
  |->  par_lens = 109, 109, 108
[TDSE] Running TDSE-SH-elliptical. step 63800, energy = -0.42520656476908825
  |->  par_lens = 109, 108, 107
[TDSE] Running TDSE-SH-elliptical. step 64000, energy = -0.4252423293632007
  |->  par_lens = 109, 107, 107
[TDSE] Running TDSE-SH-elliptical. step 64200, energy = -0.4252783663006761
  |->  par_lens = 109, 107, 107
[TDSE] Running TDSE-SH-elliptical. step 64400, energy = -0.4253147396842387
  |->  par_lens = 108, 107, 107
[TDSE] Running TDSE-SH-elliptical. step 64600, energy = -0.4253515892134993
  |->  par_lens = 108, 105, 107
[TDSE] Running TDSE-SH-elliptical. step 64800, energy = -0.42538895469619026
  |->  par_lens = 108, 105, 106
[TDSE] Running TDSE-SH-elliptical. step 65000, energy = -0.4254266336066897
  |->  par_lens = 107, 105, 106
[TDSE] Running TDSE-SH-elliptical. step 65200, energy = -0.4254641102532958
  |->  par_lens = 106, 105, 106
[TDSE] Running TDSE-SH-elliptical. step 65400, energy = -0.4255006331881192
  |->  par_lens = 106, 105, 106
[TDSE] Running TDSE-SH-elliptical. step 65600, energy = -0.42553537632470906
  |->  par_lens = 106, 105, 106
[TDSE] Running TDSE-SH-elliptical. step 65800, energy = -0.4255675088647385
  |->  par_lens = 105, 105, 106
[TDSE] Running TDSE-SH-elliptical. step 66000, energy = -0.4255963132656088
  |->  par_lens = 104, 104, 105
[TDSE] Running TDSE-SH-elliptical. step 66200, energy = -0.42562143361938587
  |->  par_lens = 104, 104, 104
[TDSE] Running TDSE-SH-elliptical. step 66400, energy = -0.4256430458567501
  |->  par_lens = 104, 104, 104
[TDSE] Running TDSE-SH-elliptical. step 66600, energy = -0.42566187106618125
  |->  par_lens = 104, 104, 104
[TDSE] Running TDSE-SH-elliptical. step 66800, energy = -0.42567910805307935
  |->  par_lens = 104, 104, 104
[TDSE] Running TDSE-SH-elliptical. step 67000, energy = -0.4256962452898922
  |->  par_lens = 104, 103, 104
[TDSE] Running TDSE-SH-elliptical. step 67200, energy = -0.42571471993165055
  |->  par_lens = 103, 103, 104
[TDSE] Running TDSE-SH-elliptical. step 67400, energy = -0.42573560591054366
  |->  par_lens = 103, 103, 104
[TDSE] Running TDSE-SH-elliptical. step 67600, energy = -0.4257595500584694
  |->  par_lens = 103, 103, 103
[TDSE] Running TDSE-SH-elliptical. step 67800, energy = -0.4257869304575854
  |->  par_lens = 103, 103, 103
[TDSE] Running TDSE-SH-elliptical. step 68000, energy = -0.4258180103270077
  |->  par_lens = 102, 102, 102
[TDSE] Running TDSE-SH-elliptical. step 68200, energy = -0.42585293411026387
  |->  par_lens = 102, 102, 102
[TDSE] Running TDSE-SH-elliptical. step 68400, energy = -0.4258916239427975
  |->  par_lens = 102, 102, 100
[TDSE] Running TDSE-SH-elliptical. step 68600, energy = -0.42593372490900705
  |->  par_lens = 101, 102, 100
[TDSE] Running TDSE-SH-elliptical. step 68800, energy = -0.42597865078504427
  |->  par_lens = 101, 102, 100
[TDSE] Running TDSE-SH-elliptical. step 69000, energy = -0.42602566453152846
  |->  par_lens = 101, 101, 100
[TDSE] Running TDSE-SH-elliptical. step 69200, energy = -0.4260739437413954
  |->  par_lens = 101, 101, 100
[TDSE] Running TDSE-SH-elliptical. step 69400, energy = -0.4261226651467068
  |->  par_lens = 101, 99, 100
[TDSE] Running TDSE-SH-elliptical. step 69600, energy = -0.42617113751669067
  |->  par_lens = 101, 99, 99
[TDSE] Running TDSE-SH-elliptical. step 69800, energy = -0.42621892740559125
  |->  par_lens = 100, 99, 99
[TDSE] Running TDSE-SH-elliptical. step 70000, energy = -0.42626589866557546
  |->  par_lens = 100, 99, 99
[TDSE] Running TDSE-SH-elliptical. step 70200, energy = -0.4263121595847316
  |->  par_lens = 98, 99, 99
[TDSE] Running TDSE-SH-elliptical. step 70400, energy = -0.4263579717905331
  |->  par_lens = 98, 99, 98
[TDSE] Running TDSE-SH-elliptical. step 70600, energy = -0.42640365695415655
  |->  par_lens = 98, 98, 98
[TDSE] Running TDSE-SH-elliptical. step 70800, energy = -0.4264495004972216
  |->  par_lens = 98, 97, 96
[TDSE] Running TDSE-SH-elliptical. step 71000, energy = -0.4264956595007085
  |->  par_lens = 98, 96, 96
[TDSE] Running TDSE-SH-elliptical. step 71200, energy = -0.42654210768905493
  |->  par_lens = 97, 96, 94
[TDSE] Running TDSE-SH-elliptical. step 71400, energy = -0.42658863975281197
  |->  par_lens = 95, 94, 94
[TDSE] Running TDSE-SH-elliptical. step 71600, energy = -0.42663491842417683
  |->  par_lens = 95, 93, 94
[TDSE] Running TDSE-SH-elliptical. step 71800, energy = -0.42668052994823047
  |->  par_lens = 95, 93, 93
[TDSE] Running TDSE-SH-elliptical. step 72000, energy = -0.4267250321488027
  |->  par_lens = 93, 93, 93
[TDSE] Running TDSE-SH-elliptical. step 72200, energy = -0.4267680015928082
  |->  par_lens = 92, 93, 93
[TDSE] Running TDSE-SH-elliptical. step 72400, energy = -0.4268090837330876
  |->  par_lens = 92, 93, 93
[TDSE] Running TDSE-SH-elliptical. step 72600, energy = -0.42684803254590453
  |->  par_lens = 92, 92, 92
[TDSE] Running TDSE-SH-elliptical. step 72800, energy = -0.42688472183771703
  |->  par_lens = 92, 92, 90
[TDSE] Running TDSE-SH-elliptical. step 73000, energy = -0.4269191266867119
  |->  par_lens = 92, 92, 90
[TDSE] Running TDSE-SH-elliptical. step 73200, energy = -0.4269512922566104
  |->  par_lens = 92, 90, 90
[TDSE] Running TDSE-SH-elliptical. step 73400, energy = -0.426981309484743
  |->  par_lens = 91, 89, 90
[TDSE] Running TDSE-SH-elliptical. step 73600, energy = -0.42700930345580196
  |->  par_lens = 91, 89, 90
[TDSE] Running TDSE-SH-elliptical. step 73800, energy = -0.42703542618169826
  |->  par_lens = 88, 89, 89
[TDSE] Running TDSE-SH-elliptical. step 74000, energy = -0.42705984333838193
  |->  par_lens = 86, 87, 89
[TDSE] Running TDSE-SH-elliptical. step 74200, energy = -0.42708271295702566
  |->  par_lens = 86, 87, 88
[TDSE] Running TDSE-SH-elliptical. step 74400, energy = -0.42710416310363014
  |->  par_lens = 86, 87, 88
[TDSE] Running TDSE-SH-elliptical. step 74600, energy = -0.42712427756473637
  |->  par_lens = 86, 86, 86
[TDSE] Running TDSE-SH-elliptical. step 74800, energy = -0.4271430938317417
  |->  par_lens = 86, 86, 85
[TDSE] Running TDSE-SH-elliptical. step 75000, energy = -0.42716061169679076
  |->  par_lens = 86, 86, 85
[TDSE] Running TDSE-SH-elliptical. step 75200, energy = -0.4271768080204955
  |->  par_lens = 85, 86, 85
[TDSE] Running TDSE-SH-elliptical. step 75400, energy = -0.42719165403247017
  |->  par_lens = 85, 85, 85
[TDSE] Running TDSE-SH-elliptical. step 75600, energy = -0.4272051333256202
  |->  par_lens = 85, 83, 85
[TDSE] Running TDSE-SH-elliptical. step 75800, energy = -0.42721725921331477
  |->  par_lens = 85, 83, 85
[TDSE] Running TDSE-SH-elliptical. step 76000, energy = -0.42722808916137606
  |->  par_lens = 84, 83, 84
[TDSE] Running TDSE-SH-elliptical. step 76200, energy = -0.427237733054158
  |->  par_lens = 84, 83, 84
[TDSE] Running TDSE-SH-elliptical. step 76400, energy = -0.4272463525456578
  |->  par_lens = 84, 83, 84
[TDSE] Running TDSE-SH-elliptical. step 76600, energy = -0.42725415087076385
  |->  par_lens = 83, 83, 84
[TDSE] Running TDSE-SH-elliptical. step 76800, energy = -0.4272613552065333
  |->  par_lens = 82, 82, 83
[TDSE] Running TDSE-SH-elliptical. step 77000, energy = -0.4272681956076066
  |->  par_lens = 82, 82, 83
[TDSE] Running TDSE-SH-elliptical. step 77200, energy = -0.42727488491416427
  |->  par_lens = 82, 82, 83
[TDSE] Running TDSE-SH-elliptical. step 77400, energy = -0.42728160298845297
  |->  par_lens = 82, 82, 83
[TDSE] Running TDSE-SH-elliptical. step 77600, energy = -0.4272884869404998
  |->  par_lens = 81, 82, 82
[TDSE] Running TDSE-SH-elliptical. step 77800, energy = -0.4272956274715139
  |->  par_lens = 81, 81, 82
[TDSE] Running TDSE-SH-elliptical. step 78000, energy = -0.4273030705370485
  |->  par_lens = 81, 81, 81
[TDSE] Running TDSE-SH-elliptical. step 78200, energy = -0.4273108231925844
  |->  par_lens = 81, 81, 81
[TDSE] Running TDSE-SH-elliptical. step 78400, energy = -0.427318862442318
  |->  par_lens = 81, 81, 81
[TDSE] Running TDSE-SH-elliptical. step 78600, energy = -0.4273271458804841
  |->  par_lens = 81, 81, 81
[TDSE] Running TDSE-SH-elliptical. step 78800, energy = -0.4273356227872169
  |->  par_lens = 80, 80, 81
[TDSE] Running TDSE-SH-elliptical. step 79000, energy = -0.4273442442099157
  |->  par_lens = 80, 80, 81
[TDSE] Running TDSE-SH-elliptical. step 79200, energy = -0.42735297060521393
  |->  par_lens = 80, 79, 80
[TDSE] Running TDSE-SH-elliptical. step 79400, energy = -0.42736177596687697
  |->  par_lens = 80, 79, 80
[TDSE] Running TDSE-SH-elliptical. step 79600, energy = -0.42737064801316493
  |->  par_lens = 80, 79, 79
[TDSE] Running TDSE-SH-elliptical. step 79800, energy = -0.4273795848050387
  |->  par_lens = 79, 79, 79
[TDSE] Running TDSE-SH-elliptical. step 80000, energy = -0.4273885888918882
  |->  par_lens = 79, 79, 79
[TDSE] Running TDSE-SH-elliptical. step 80200, energy = -0.4273976605314969
  |->  par_lens = 78, 78, 79
[TDSE] Running TDSE-SH-elliptical. step 80400, energy = -0.42740679159468026
  |->  par_lens = 78, 77, 78
[TDSE] Running TDSE-SH-elliptical. step 80600, energy = -0.4274159614551907
  |->  par_lens = 77, 77, 77
[TDSE] Running TDSE-SH-elliptical. step 80800, energy = -0.42742513559606093
  |->  par_lens = 77, 77, 77
[TDSE] Running TDSE-SH-elliptical. step 81000, energy = -0.42743426700547016
  |->  par_lens = 76, 77, 77
[TDSE] Running TDSE-SH-elliptical. step 81200, energy = -0.42744329985522495
  |->  par_lens = 76, 77, 76
[TDSE] Running TDSE-SH-elliptical. step 81400, energy = -0.42745217457107354
  |->  par_lens = 76, 76, 75
[TDSE] Running TDSE-SH-elliptical. step 81600, energy = -0.4274608332677603
  |->  par_lens = 76, 76, 75
[TDSE] Running TDSE-SH-elliptical. step 81800, energy = -0.42746922461365194
  |->  par_lens = 76, 76, 74
[TDSE] Running TDSE-SH-elliptical. step 82000, energy = -0.42747730744418705
  |->  par_lens = 76, 75, 74
[TDSE] Running TDSE-SH-elliptical. step 82200, energy = -0.42748505277403837
  |->  par_lens = 75, 74, 74
[TDSE] Running TDSE-SH-elliptical. step 82400, energy = -0.42749244418242044
  |->  par_lens = 75, 74, 74
[TDSE] Running TDSE-SH-elliptical. step 82600, energy = -0.4274994768035497
  |->  par_lens = 75, 74, 74
[TDSE] Running TDSE-SH-elliptical. step 82800, energy = -0.42750615531386743
  |->  par_lens = 74, 74, 74
[TDSE] Running TDSE-SH-elliptical. step 83000, energy = -0.4275124913667562
  |->  par_lens = 74, 74, 73
[TDSE] Running TDSE-SH-elliptical. step 83200, energy = -0.4275185008997794
  |->  par_lens = 73, 74, 73
[TDSE] Running TDSE-SH-elliptical. step 83400, energy = -0.4275242016574254
  |->  par_lens = 73, 73, 73
[TDSE] Running TDSE-SH-elliptical. step 83600, energy = -0.4275296111637213
  |->  par_lens = 73, 72, 72
[TDSE] Running TDSE-SH-elliptical. step 83800, energy = -0.4275347452679021
  |->  par_lens = 73, 72, 72
[TDSE] Running TDSE-SH-elliptical. step 84000, energy = -0.42753961728975587
  |->  par_lens = 73, 72, 71
[TDSE] Running TDSE-SH-elliptical. step 84200, energy = -0.4275442377182216
  |->  par_lens = 73, 72, 71
[TDSE] Running TDSE-SH-elliptical. step 84400, energy = -0.42754861436892055
  |->  par_lens = 72, 71, 71
[TDSE] Running TDSE-SH-elliptical. step 84600, energy = -0.42755275288126154
  |->  par_lens = 72, 71, 71
[TDSE] Running TDSE-SH-elliptical. step 84800, energy = -0.4275566574282683
  |->  par_lens = 72, 70, 71
[TDSE] Running TDSE-SH-elliptical. step 85000, energy = -0.4275603315183786
  |->  par_lens = 72, 70, 70
[TDSE] Running TDSE-SH-elliptical. step 85200, energy = -0.42756377878351737
  |->  par_lens = 70, 70, 69
[TDSE] Running TDSE-SH-elliptical. step 85400, energy = -0.4275670036676579
  |->  par_lens = 70, 70, 69
[TDSE] Running TDSE-SH-elliptical. step 85600, energy = -0.4275700119536786
  |->  par_lens = 70, 69, 69
[TDSE] Running TDSE-SH-elliptical. step 85800, energy = -0.42757281109143924
  |->  par_lens = 70, 69, 69
[TDSE] Running TDSE-SH-elliptical. step 86000, energy = -0.427575410314273
  |->  par_lens = 69, 69, 69
[TDSE] Running TDSE-SH-elliptical. step 86200, energy = -0.42757782055340904
  |->  par_lens = 69, 69, 69
