task id = 1
-7000
[ITP]: 10000.456880009739
[ITP]: 0.024709310061816425
[ITP]: 0.0073774390783138966
[ITP]: 0.0036831396224421553
[ITP]: 0.0021871217534298326
[ITP]: 0.0014236976453675387
[ITP]: 0.0009813836471159743
[ITP]: 0.0007034772382468191
[ITP]: 0.0005187633995176189
[ITP]: 0.00039082582016103373
[ITP]: 0.0002993900949075923
[ITP]: 0.00023241771033605252
[ITP]: 0.00018239013115672886
[ITP]: 0.00014441701662459838
[ITP]: 0.00011520971388589984
[ITP]: 9.249443351216913e-5
[ITP]: 7.46618494658624e-5
[ITP]: 6.055000318894166e-5
[ITP]: 4.930546685089077e-5
[ITP]: 4.029207922751077e-5
[ITP]: 3.302949220307383e-5
[ITP]: 2.7150903431860662e-5
[ITP]: 2.237343339273057e-5
[ITP]: 1.8477013212114812e-5
[ITP]: 1.5289111038874204e-5
[ITP]: 1.2673532332363457e-5
[ITP]: 1.0522107476429454e-5
[ITP]: 8.748454195295352e-6
[ITP]: 7.28325058108048e-6
[ITP]: 6.070620360842938e-6
[ITP]: 5.065346197041798e-6
[ITP]: 4.230705299534954e-6
[ITP]: 3.5367770332417336e-6
[ITP]: 2.9591114165672394e-6
[ITP]: 2.477675617673647e-6
[ITP]: 2.0760161717481296e-6
[ITP]: 1.7405896345357164e-6
[ITP]: 1.4602254015949612e-6
[ITP]: 1.2256930599363614e-6
[ITP]: 1.0293524912441399e-6
[ITP]: 8.648701671498671e-7
[ITP]: 7.269882001947892e-7
[ITP]: 6.11335995492901e-7
[ITP]: 5.142761624332692e-7
[ITP]: 4.327781399915409e-7
[ITP]: 3.6431439398576515e-7
[ITP]: 3.0677494089470514e-7
[ITP]: 2.5839681527806135e-7
[ITP]: 2.1770581581925796e-7
[ITP]: 1.8346827934667687e-7
[ITP]: 1.5465114422408277e-7
[ITP]: 1.3038871937709473e-7
[ITP]: 1.0995518018308559e-7
[ITP]: 9.274161327788022e-8
[ITP]: 7.823692893538237e-8
[ITP]: 6.601190927213452e-8
[ITP]: 5.570598116122483e-8
[ITP]: 4.701604894297162e-8
[ITP]: 3.968730111214569e-8
[ITP]: 3.350536437185525e-8
[ITP]: 2.8289883435839158e-8
[ITP]: 2.3889059841408766e-8
[ITP]: 2.0175066506311623e-8
[ITP]: 1.704025520687935e-8
[ITP]: 1.439395658220377e-8
[ITP]: 1.2159741213935149e-8
[ITP]: 1.0273225714563239e-8
[ITP]: 8.680112406622698e-9
Energy of ground state: -0.5003391396259835
step 0 energy = -0.5003391396259829, bundle_size = 3, norm = 0.9999999999999999 + 0.0im
step 200 energy = -0.5003391396259865, bundle_size = 3, norm = 1.0000000000000062 + 0.0im
step 400 energy = -0.5003391396259913, bundle_size = 3, norm = 1.000000000000014 + 0.0im
step 600 energy = -0.5003391396259951, bundle_size = 3, norm = 1.0000000000000218 + 0.0im
step 800 energy = -0.500339139625998, bundle_size = 3, norm = 1.0000000000000273 + 0.0im
step 1000 energy = -0.500339139626002, bundle_size = 3, norm = 1.000000000000034 + 0.0im
step 1200 energy = -0.500339139626006, bundle_size = 3, norm = 1.0000000000000417 + 0.0im
step 1400 energy = -0.5003391396260108, bundle_size = 3, norm = 1.0000000000000502 + 0.0im
step 1600 energy = -0.5003391396260137, bundle_size = 3, norm = 1.0000000000000577 + 0.0im
step 1800 energy = -0.5003391396260177, bundle_size = 3, norm = 1.0000000000000653 + 0.0im
step 2000 energy = -0.5003391396260215, bundle_size = 3, norm = 1.0000000000000722 + 0.0im
step 2200 energy = -0.5003391396260242, bundle_size = 3, norm = 1.000000000000079 + 0.0im
step 2400 energy = -0.5003391396260294, bundle_size = 3, norm = 1.0000000000000855 + 0.0im
step 2600 energy = -0.5003391396260309, bundle_size = 3, norm = 1.000000000000094 + 0.0im
step 2800 energy = -0.500339139626034, bundle_size = 3, norm = 1.0000000000000995 + 0.0im
step 3000 energy = -0.50033913962604, bundle_size = 3, norm = 1.0000000000001064 + 0.0im
step 3200 energy = -0.5003391396260403, bundle_size = 3, norm = 1.0000000000001124 + 0.0im
step 3400 energy = -0.5003391396260446, bundle_size = 3, norm = 1.0000000000001188 + 0.0im
step 3600 energy = -0.5003391396260465, bundle_size = 3, norm = 1.000000000000125 + 0.0im
step 3800 energy = -0.5003391396260493, bundle_size = 3, norm = 1.0000000000001317 + 0.0im
step 4000 energy = -0.500339139626053, bundle_size = 3, norm = 1.0000000000001386 + 0.0im
step 4200 energy = -0.5003391396260588, bundle_size = 3, norm = 1.0000000000001457 + 0.0im
step 4400 energy = -0.5003391396260595, bundle_size = 3, norm = 1.0000000000001537 + 0.0im
step 4600 energy = -0.500339139626065, bundle_size = 3, norm = 1.0000000000001608 + 0.0im
step 4800 energy = -0.500339139626068, bundle_size = 3, norm = 1.0000000000001679 + 0.0im
step 5000 energy = -0.5003391396260732, bundle_size = 3, norm = 1.0000000000001752 + 0.0im
step 5200 energy = -0.500339139626076, bundle_size = 3, norm = 1.0000000000001823 + 0.0im
step 5400 energy = -0.5003391396260781, bundle_size = 3, norm = 1.0000000000001887 + 0.0im
step 5600 energy = -0.5003391396260849, bundle_size = 3, norm = 1.0000000000001967 + 0.0im
step 5800 energy = -0.5003391396260878, bundle_size = 3, norm = 1.000000000000205 + 0.0im
step 6000 energy = -0.5003391396260907, bundle_size = 3, norm = 1.0000000000002125 + 0.0im
step 6200 energy = -0.5003391396260934, bundle_size = 3, norm = 1.0000000000002203 + 0.0im
step 6400 energy = -0.5003391396260991, bundle_size = 3, norm = 1.0000000000002287 + 0.0im
step 6600 energy = -0.500339139626102, bundle_size = 3, norm = 1.0000000000002354 + 0.0im
step 6800 energy = -0.500339139626106, bundle_size = 3, norm = 1.0000000000002427 + 0.0im
step 7000 energy = -0.5003391396261098, bundle_size = 3, norm = 1.00000000000025 + 0.0im
step 7200 energy = -0.5003391396261131, bundle_size = 3, norm = 1.0000000000002558 + 0.0im
step 7400 energy = -0.5003391396261154, bundle_size = 3, norm = 1.0000000000002638 + 0.0im
step 7600 energy = -0.5003391396261206, bundle_size = 3, norm = 1.000000000000272 + 0.0im
step 7800 energy = -0.5003391396261226, bundle_size = 3, norm = 1.0000000000002793 + 0.0im
step 8000 energy = -0.5003391396261276, bundle_size = 3, norm = 1.0000000000002858 + 0.0im
step 8200 energy = -0.5003391396261311, bundle_size = 3, norm = 1.0000000000002924 + 0.0im
step 8400 energy = -0.5003391396261344, bundle_size = 3, norm = 1.000000000000301 + 0.0im
step 8600 energy = -0.5003391396261382, bundle_size = 3, norm = 1.0000000000003073 + 0.0im
step 8800 energy = -0.5003391396261415, bundle_size = 3, norm = 1.0000000000003137 + 0.0im
step 9000 energy = -0.5003391396261451, bundle_size = 3, norm = 1.0000000000003215 + 0.0im
step 9200 energy = -0.5003391396261481, bundle_size = 3, norm = 1.0000000000003295 + 0.0im
step 9400 energy = -0.5003391396261543, bundle_size = 3, norm = 1.0000000000003375 + 0.0im
step 9600 energy = -0.500339139626156, bundle_size = 3, norm = 1.0000000000003424 + 0.0im
step 9800 energy = -0.5003391396261593, bundle_size = 3, norm = 1.0000000000003488 + 0.0im
step 10000 energy = -0.5003391396261629, bundle_size = 3, norm = 1.0000000000003544 + 0.0im
step 10200 energy = -0.5003391396261668, bundle_size = 3, norm = 1.000000000000361 + 0.0im
step 10400 energy = -0.500339139626171, bundle_size = 3, norm = 1.0000000000003686 + 0.0im
step 10600 energy = -0.5003391396261709, bundle_size = 3, norm = 1.0000000000003741 + 0.0im
step 10800 energy = -0.5003391396261757, bundle_size = 3, norm = 1.000000000000381 + 0.0im
step 11000 energy = -0.5003391396261769, bundle_size = 3, norm = 1.0000000000003877 + 0.0im
step 11200 energy = -0.5003391396261835, bundle_size = 3, norm = 1.0000000000003944 + 0.0im
step 11400 energy = -0.5003391396261856, bundle_size = 3, norm = 1.0000000000004008 + 0.0im
step 11600 energy = -0.5003391396261883, bundle_size = 3, norm = 1.0000000000004092 + 0.0im
step 11800 energy = -0.5003391396261936, bundle_size = 3, norm = 1.0000000000004163 + 0.0im
step 12000 energy = -0.5003391396261962, bundle_size = 3, norm = 1.0000000000004237 + 0.0im
step 12200 energy = -0.5003391396262005, bundle_size = 3, norm = 1.000000000000431 + 0.0im
step 12400 energy = -0.5003391396262048, bundle_size = 3, norm = 1.000000000000438 + 0.0im
step 12600 energy = -0.5003391396262051, bundle_size = 3, norm = 1.0000000000004436 + 0.0im
step 12800 energy = -0.500339139626209, bundle_size = 3, norm = 1.0000000000004514 + 0.0im
step 13000 energy = -0.5003391396262143, bundle_size = 3, norm = 1.0000000000004587 + 0.0im
step 13200 energy = -0.5003391396262187, bundle_size = 3, norm = 1.0000000000004658 + 0.0im
step 13400 energy = -0.5003391396262223, bundle_size = 3, norm = 1.0000000000004745 + 0.0im
step 13600 energy = -0.500339139626225, bundle_size = 3, norm = 1.0000000000004807 + 0.0im
step 13800 energy = -0.5003391396262302, bundle_size = 3, norm = 1.0000000000004898 + 0.0im
step 14000 energy = -0.5003391396262331, bundle_size = 3, norm = 1.000000000000497 + 0.0im
step 14200 energy = -0.5003391396262368, bundle_size = 3, norm = 1.0000000000005027 + 0.0im
step 14400 energy = -0.5003391396262383, bundle_size = 3, norm = 1.0000000000005091 + 0.0im
step 14600 energy = -0.5003391396262427, bundle_size = 3, norm = 1.0000000000005158 + 0.0im
step 14800 energy = -0.5003391396262472, bundle_size = 3, norm = 1.0000000000005225 + 0.0im
step 15000 energy = -0.5003391396262503, bundle_size = 3, norm = 1.0000000000005305 + 0.0im
step 15200 energy = -0.5003391396262549, bundle_size = 3, norm = 1.000000000000538 + 0.0im
step 15400 energy = -0.5003391396262583, bundle_size = 3, norm = 1.0000000000005456 + 0.0im
step 15600 energy = -0.5003391396262621, bundle_size = 3, norm = 1.0000000000005536 + 0.0im
step 15800 energy = -0.500339139626264, bundle_size = 3, norm = 1.0000000000005598 + 0.0im
step 16000 energy = -0.5003391396262686, bundle_size = 3, norm = 1.000000000000566 + 0.0im
step 16200 energy = -0.5003391396262726, bundle_size = 3, norm = 1.0000000000005729 + 0.0im
step 16400 energy = -0.5003391396262745, bundle_size = 3, norm = 1.000000000000581 + 0.0im
step 16600 energy = -0.5003391396262804, bundle_size = 3, norm = 1.0000000000005882 + 0.0im
step 16800 energy = -0.5003391396262822, bundle_size = 3, norm = 1.000000000000597 + 0.0im
step 17000 energy = -0.5003391396262866, bundle_size = 3, norm = 1.0000000000006057 + 0.0im
step 17200 energy = -0.5003391396262911, bundle_size = 3, norm = 1.0000000000006128 + 0.0im
step 17400 energy = -0.5003391396262943, bundle_size = 3, norm = 1.0000000000006202 + 0.0im
step 17600 energy = -0.5003391396262995, bundle_size = 3, norm = 1.0000000000006286 + 0.0im
step 17800 energy = -0.5003391396263014, bundle_size = 3, norm = 1.000000000000636 + 0.0im
step 18000 energy = -0.5003391396263065, bundle_size = 3, norm = 1.0000000000006435 + 0.0im
step 18200 energy = -0.5003391396263089, bundle_size = 3, norm = 1.00000000000065 + 0.0im
step 18400 energy = -0.500339139626312, bundle_size = 3, norm = 1.0000000000006577 + 0.0im
step 18600 energy = -0.500339139626317, bundle_size = 3, norm = 1.0000000000006646 + 0.0im
step 18800 energy = -0.5003391396263226, bundle_size = 3, norm = 1.000000000000673 + 0.0im
step 19000 energy = -0.5003391396263248, bundle_size = 3, norm = 1.0000000000006803 + 0.0im
step 19200 energy = -0.5003391396263294, bundle_size = 3, norm = 1.0000000000006886 + 0.0im
step 19400 energy = -0.5003391396263308, bundle_size = 3, norm = 1.0000000000006952 + 0.0im
step 19600 energy = -0.5003391396263366, bundle_size = 3, norm = 1.0000000000007014 + 0.0im
step 19800 energy = -0.5003391396263406, bundle_size = 3, norm = 1.000000000000708 + 0.0im
step 20000 energy = -0.5003391396263427, bundle_size = 3, norm = 1.0000000000007143 + 0.0im
step 20200 energy = -0.5003391396188266, bundle_size = 3, norm = 1.0000000000007254 + 0.0im
step 20400 energy = -0.5003391390048766, bundle_size = 3, norm = 1.000000000000709 + 0.0im
step 20600 energy = -0.500339135394038, bundle_size = 3, norm = 1.0000000000006937 + 0.0im
step 20800 energy = -0.500339130684328, bundle_size = 4, norm = 1.0000000000006788 + 0.0im
step 21000 energy = -0.5003391322844953, bundle_size = 4, norm = 1.0000000000006628 + 0.0im
step 21200 energy = -0.5003391340043292, bundle_size = 4, norm = 1.000000000000652 + 0.0im
step 21400 energy = -0.5003391061555178, bundle_size = 4, norm = 1.000000000000637 + 0.0im
step 21600 energy = -0.5003389954497842, bundle_size = 4, norm = 1.0000000000006208 + 0.0im
step 21800 energy = -0.5003387169381922, bundle_size = 4, norm = 1.0000000000006077 + 0.0im
step 22000 energy = -0.5003382174677881, bundle_size = 5, norm = 1.000000000000594 + 0.0im
step 22200 energy = -0.5003375874024429, bundle_size = 6, norm = 1.0000000000005789 + 0.0im
step 22400 energy = -0.5003370296023666, bundle_size = 7, norm = 1.0000000000005627 + 0.0im
step 22600 energy = -0.500336761414814, bundle_size = 8, norm = 1.0000000000005485 + 0.0im
step 22800 energy = -0.5003369719507353, bundle_size = 9, norm = 1.0000000000005322 + 0.0im
step 23000 energy = -0.5003376740603069, bundle_size = 10, norm = 1.0000000000005158 + 0.0im
step 23200 energy = -0.5003385310436658, bundle_size = 11, norm = 1.0000000000005012 + 0.0im
step 23400 energy = -0.500338793780587, bundle_size = 11, norm = 1.000000000000487 + 0.0im
step 23600 energy = -0.5003375202909931, bundle_size = 10, norm = 1.000000000000474 + 0.0im
step 23800 energy = -0.5003340696132861, bundle_size = 9, norm = 1.0000000000004603 + 0.0im
step 24000 energy = -0.5003282684051399, bundle_size = 7, norm = 1.000000000000444 + 0.0im
step 24200 energy = -0.5003209470142467, bundle_size = 5, norm = 1.0000000000004303 + 0.0im
step 24400 energy = -0.5003142256721447, bundle_size = 6, norm = 1.000000000000414 + 0.0im
step 24600 energy = -0.5003102825564627, bundle_size = 7, norm = 1.0000000000003986 + 0.0im
step 24800 energy = -0.5003109674929819, bundle_size = 8, norm = 1.0000000000003828 + 0.0im
step 25000 energy = -0.5003169916251499, bundle_size = 9, norm = 1.000000000000366 + 0.0im
step 25200 energy = -0.5003261061729918, bundle_size = 10, norm = 1.0000000000003508 + 0.0im
step 25400 energy = -0.5003342541845309, bundle_size = 11, norm = 1.0000000000003366 + 0.0im
step 25600 energy = -0.5003366876723784, bundle_size = 12, norm = 1.000000000000322 + 0.0im
step 25800 energy = -0.5003285056770361, bundle_size = 13, norm = 1.00000000000031 + 0.0im
step 26000 energy = -0.500308174263325, bundle_size = 14, norm = 1.0000000000002949 + 0.0im
step 26200 energy = -0.5002781062960893, bundle_size = 15, norm = 1.0000000000002796 + 0.0im
step 26400 energy = -0.5002439519165464, bundle_size = 16, norm = 1.000000000000266 + 0.0im
step 26600 energy = -0.5002160400813962, bundle_size = 17, norm = 1.000000000000253 + 0.0im
step 26800 energy = -0.5002039390011814, bundle_size = 18, norm = 1.0000000000002385 + 0.0im
step 27000 energy = -0.500213460308644, bundle_size = 19, norm = 1.0000000000002232 + 0.0im
step 27200 energy = -0.5002451890808706, bundle_size = 20, norm = 1.0000000000002065 + 0.0im
step 27400 energy = -0.5002866489228125, bundle_size = 21, norm = 1.0000000000001898 + 0.0im
step 27600 energy = -0.5003201892369226, bundle_size = 22, norm = 1.0000000000001734 + 0.0im
step 27800 energy = -0.5003305538395183, bundle_size = 23, norm = 1.000000000000158 + 0.0im
step 28000 energy = -0.5003033757155313, bundle_size = 24, norm = 1.0000000000001434 + 0.0im
step 28200 energy = -0.5002366807953811, bundle_size = 25, norm = 1.0000000000001286 + 0.0im
step 28400 energy = -0.5001432473773714, bundle_size = 26, norm = 1.000000000000118 + 0.0im
step 28600 energy = -0.5000432636164466, bundle_size = 27, norm = 1.0000000000001092 + 0.0im
step 28800 energy = -0.4999657602296119, bundle_size = 28, norm = 1.0000000000001072 + 0.0im
step 29000 energy = -0.499938667089545, bundle_size = 29, norm = 1.0000000000001066 + 0.0im
step 29200 energy = -0.49997585845200077, bundle_size = 30, norm = 1.000000000000105 + 0.0im
step 29400 energy = -0.5000729144518096, bundle_size = 31, norm = 1.0000000000001006 + 0.0im
step 29600 energy = -0.5001935666414729, bundle_size = 32, norm = 1.0000000000000897 + 0.0im
step 29800 energy = -0.5002881327647661, bundle_size = 33, norm = 1.0000000000000755 + 0.0im
step 30000 energy = -0.5003183663434192, bundle_size = 34, norm = 1.0000000000000622 + 0.0im
step 30200 energy = -0.5002548848128013, bundle_size = 35, norm = 1.0000000000000455 + 0.0im
step 30400 energy = -0.5000941372905648, bundle_size = 36, norm = 1.0000000000000326 + 0.0im
step 30600 energy = -0.49987192911843936, bundle_size = 37, norm = 1.0000000000000315 + 0.0im
step 30800 energy = -0.4996446314767822, bundle_size = 38, norm = 1.000000000000036 + 0.0im
step 31000 energy = -0.4994731498933049, bundle_size = 39, norm = 1.0000000000000424 + 0.0im
step 31200 energy = -0.4994213882782082, bundle_size = 40, norm = 1.0000000000000528 + 0.0im
step 31400 energy = -0.4995202165754441, bundle_size = 41, norm = 1.0000000000000595 + 0.0im
step 31600 energy = -0.49974470585889486, bundle_size = 42, norm = 1.0000000000000668 + 0.0im
step 31800 energy = -0.5000158709798145, bundle_size = 43, norm = 1.0000000000000655 + 0.0im
step 32000 energy = -0.5002280154454086, bundle_size = 44, norm = 1.0000000000000553 + 0.0im
step 32200 energy = -0.5002983579878184, bundle_size = 45, norm = 1.0000000000000404 + 0.0im
step 32400 energy = -0.5001793524367422, bundle_size = 46, norm = 1.000000000000023 + 0.0im
step 32600 energy = -0.49986394708764775, bundle_size = 47, norm = 1.000000000000016 + 0.0im
step 32800 energy = -0.4994197268129692, bundle_size = 48, norm = 1.0000000000000195 + 0.0im
step 33000 energy = -0.49897340400393425, bundle_size = 49, norm = 1.0000000000000273 + 0.0im
step 33200 energy = -0.49864094517983604, bundle_size = 50, norm = 1.0000000000000366 + 0.0im
step 33400 energy = -0.49854646957049675, bundle_size = 50, norm = 1.000000000000056 + 0.0im
step 33600 energy = -0.49875915173455376, bundle_size = 50, norm = 1.0000000000000668 + 0.0im
step 33800 energy = -0.49920733613620893, bundle_size = 50, norm = 1.0000000000000746 + 0.0im
step 34000 energy = -0.4997301979122479, bundle_size = 50, norm = 1.0000000000000806 + 0.0im
step 34200 energy = -0.5001315029264403, bundle_size = 50, norm = 1.0000000000000764 + 0.0im
step 34400 energy = -0.500269399969922, bundle_size = 50, norm = 1.0000000000000617 + 0.0im
step 34600 energy = -0.5000756459200255, bundle_size = 50, norm = 1.0000000000000475 + 0.0im
step 34800 energy = -0.49953629492144486, bundle_size = 50, norm = 1.0000000000000455 + 0.0im
step 35000 energy = -0.49875761140987823, bundle_size = 50, norm = 1.000000000000054 + 0.0im
step 35200 energy = -0.49797884974525414, bundle_size = 50, norm = 1.0000000000000617 + 0.0im
step 35400 energy = -0.4973815455111255, bundle_size = 50, norm = 1.0000000000000744 + 0.0im
step 35600 energy = -0.49718757642321365, bundle_size = 50, norm = 1.00000000000008 + 0.0im
step 35800 energy = -0.4975654773900065, bundle_size = 50, norm = 1.0000000000000886 + 0.0im
step 36000 energy = -0.49838187147705676, bundle_size = 50, norm = 1.000000000000095 + 0.0im
step 36200 energy = -0.49931126041871327, bundle_size = 50, norm = 1.0000000000001028 + 0.0im
step 36400 energy = -0.4999981947622772, bundle_size = 50, norm = 1.0000000000001055 + 0.0im
step 36600 energy = -0.5002338050840358, bundle_size = 50, norm = 1.0000000000000893 + 0.0im
step 36800 energy = -0.4999595484379904, bundle_size = 50, norm = 1.0000000000000748 + 0.0im
step 37000 energy = -0.4991162719488487, bundle_size = 50, norm = 1.00000000000008 + 0.0im
step 37200 energy = -0.49782904702262837, bundle_size = 50, norm = 1.0000000000000877 + 0.0im
step 37400 energy = -0.4966229672420204, bundle_size = 50, norm = 1.0000000000000975 + 0.0im
step 37600 energy = -0.49563852633822203, bundle_size = 50, norm = 1.0000000000001048 + 0.0im
step 37800 energy = -0.49519496909343563, bundle_size = 50, norm = 1.0000000000001115 + 0.0im
step 38000 energy = -0.4957430356536682, bundle_size = 50, norm = 1.0000000000001177 + 0.0im
step 38200 energy = -0.4970926685268086, bundle_size = 50, norm = 1.0000000000001248 + 0.0im
step 38400 energy = -0.498625794715847, bundle_size = 50, norm = 1.000000000000135 + 0.0im
step 38600 energy = -0.49974630018366756, bundle_size = 50, norm = 1.0000000000001397 + 0.0im
step 38800 energy = -0.5001225425892375, bundle_size = 50, norm = 1.0000000000001272 + 0.0im
step 39000 energy = -0.4997945781722937, bundle_size = 50, norm = 1.0000000000001155 + 0.0im
step 39200 energy = -0.49862308990547216, bundle_size = 50, norm = 1.000000000000121 + 0.0im
step 39400 energy = -0.49656911847728225, bundle_size = 50, norm = 1.0000000000001281 + 0.0im
step 39600 energy = -0.4947604765297718, bundle_size = 50, norm = 1.0000000000001363 + 0.0im
step 39800 energy = -0.4932919441408265, bundle_size = 50, norm = 1.0000000000001417 + 0.0im
step 40000 energy = -0.49234577319674677, bundle_size = 50, norm = 1.0000000000001572 + 0.0im
step 40200 energy = -0.4929132913818162, bundle_size = 50, norm = 1.0000000000001672 + 0.0im
step 40400 energy = -0.4948570752749671, bundle_size = 50, norm = 1.0000000000001745 + 0.0im
step 40600 energy = -0.4971526035629157, bundle_size = 50, norm = 1.0000000000001814 + 0.0im
step 40800 energy = -0.4988724795854765, bundle_size = 50, norm = 1.0000000000001892 + 0.0im
step 41000 energy = -0.49946261438216283, bundle_size = 50, norm = 1.000000000000181 + 0.0im
step 41200 energy = -0.49913456477953994, bundle_size = 50, norm = 1.0000000000001676 + 0.0im
step 41400 energy = -0.4977940567658843, bundle_size = 50, norm = 1.000000000000173 + 0.0im
step 41600 energy = -0.4947062547945078, bundle_size = 50, norm = 1.0000000000001823 + 0.0im
step 41800 energy = -0.49203977416781836, bundle_size = 50, norm = 1.000000000000191 + 0.0im
step 42000 energy = -0.48993269937944195, bundle_size = 50, norm = 1.0000000000001956 + 0.0im
step 42200 energy = -0.4879453805869615, bundle_size = 50, norm = 1.000000000000199 + 0.0im
step 42400 energy = -0.4882293287064269, bundle_size = 50, norm = 1.0000000000002038 + 0.0im
step 42600 energy = -0.49061893606595935, bundle_size = 50, norm = 1.0000000000002112 + 0.0im
step 42800 energy = -0.49361796444883116, bundle_size = 50, norm = 1.0000000000002194 + 0.0im
step 43000 energy = -0.4959066597550093, bundle_size = 50, norm = 1.0000000000002272 + 0.0im
step 43200 energy = -0.4967076808919925, bundle_size = 50, norm = 1.0000000000002227 + 0.0im
step 43400 energy = -0.49644425926819025, bundle_size = 50, norm = 1.0000000000002132 + 0.0im
step 43600 energy = -0.495228265896623, bundle_size = 50, norm = 1.0000000000002214 + 0.0im
step 43800 energy = -0.49131135765953937, bundle_size = 50, norm = 1.0000000000002285 + 0.0im
step 44000 energy = -0.487495032777359, bundle_size = 50, norm = 1.0000000000002367 + 0.0im
step 44200 energy = -0.4850230020870012, bundle_size = 50, norm = 1.0000000000002416 + 0.0im
step 44400 energy = -0.4814802604243548, bundle_size = 50, norm = 1.0000000000002545 + 0.0im
step 44600 energy = -0.48004554145260997, bundle_size = 50, norm = 1.0000000000002613 + 0.0im
step 44800 energy = -0.4819296432549377, bundle_size = 50, norm = 1.0000000000002682 + 0.0im
step 45000 energy = -0.48491645769993835, bundle_size = 50, norm = 1.0000000000002744 + 0.0im
step 45200 energy = -0.4876616986938873, bundle_size = 50, norm = 1.0000000000002822 + 0.0im
step 45400 energy = -0.48860234787395784, bundle_size = 50, norm = 1.000000000000277 + 0.0im
step 45600 energy = -0.4885367649813438, bundle_size = 50, norm = 1.000000000000269 + 0.0im
step 45800 energy = -0.48824052835012266, bundle_size = 50, norm = 1.0000000000002767 + 0.0im
step 46000 energy = -0.48383905740318206, bundle_size = 50, norm = 1.0000000000002847 + 0.0im
step 46200 energy = -0.4790145738700811, bundle_size = 50, norm = 1.0000000000002913 + 0.0im
step 46400 energy = -0.47599349382537187, bundle_size = 50, norm = 1.0000000000002986 + 0.0im
step 46600 energy = -0.470449849223965, bundle_size = 50, norm = 1.0000000000002973 + 0.0im
step 46800 energy = -0.467065579629656, bundle_size = 50, norm = 1.000000000000303 + 0.0im
step 47000 energy = -0.4666619570063363, bundle_size = 50, norm = 1.0000000000003102 + 0.0im
step 47200 energy = -0.468266319988228, bundle_size = 50, norm = 1.0000000000003182 + 0.0im
step 47400 energy = -0.46971485778335503, bundle_size = 50, norm = 1.0000000000003273 + 0.0im
step 47600 energy = -0.47034723195054684, bundle_size = 50, norm = 1.000000000000326 + 0.0im
step 47800 energy = -0.47060945277464133, bundle_size = 50, norm = 1.0000000000003189 + 0.0im
step 48000 energy = -0.47185740525073233, bundle_size = 50, norm = 1.0000000000003264 + 0.0im
step 48200 energy = -0.4695601423377039, bundle_size = 50, norm = 1.0000000000003322 + 0.0im
step 48400 energy = -0.4644512860095763, bundle_size = 50, norm = 1.0000000000003384 + 0.0im
step 48600 energy = -0.4631629072066891, bundle_size = 50, norm = 1.0000000000003453 + 0.0im
step 48800 energy = -0.4567129717595574, bundle_size = 50, norm = 1.0000000000003537 + 0.0im
step 49000 energy = -0.4493893313337222, bundle_size = 50, norm = 1.0000000000003608 + 0.0im
step 49200 energy = -0.44573523433980883, bundle_size = 50, norm = 1.0000000000003662 + 0.0im
step 49400 energy = -0.44390789001329894, bundle_size = 50, norm = 1.0000000000003737 + 0.0im
step 49600 energy = -0.44419023725122364, bundle_size = 50, norm = 1.0000000000003821 + 0.0im
step 49800 energy = -0.44402252284734917, bundle_size = 50, norm = 1.000000000000383 + 0.0im
step 50000 energy = -0.4448846588832639, bundle_size = 50, norm = 1.000000000000374 + 0.0im
step 50200 energy = -0.4484931777434459, bundle_size = 50, norm = 1.000000000000381 + 0.0im
step 50400 energy = -0.44854933825019555, bundle_size = 50, norm = 1.0000000000003868 + 0.0im
step 50600 energy = -0.4448792797999131, bundle_size = 50, norm = 1.0000000000003957 + 0.0im
step 50800 energy = -0.4423728290326838, bundle_size = 50, norm = 1.000000000000401 + 0.0im
step 51000 energy = -0.43442099209132023, bundle_size = 50, norm = 1.000000000000405 + 0.0im
step 51200 energy = -0.4259566614456253, bundle_size = 50, norm = 1.0000000000004134 + 0.0im
step 51400 energy = -0.41903247631610185, bundle_size = 50, norm = 1.0000000000004203 + 0.0im
step 51600 energy = -0.41361385242708637, bundle_size = 50, norm = 1.0000000000004274 + 0.0im
step 51800 energy = -0.4093184403768696, bundle_size = 50, norm = 1.0000000000004352 + 0.0im
step 52000 energy = -0.4074101729655086, bundle_size = 50, norm = 1.0000000000004328 + 0.0im
step 52200 energy = -0.40864912222336647, bundle_size = 50, norm = 1.0000000000004268 + 0.0im
step 52400 energy = -0.4148055151734901, bundle_size = 50, norm = 1.0000000000004343 + 0.0im
step 52600 energy = -0.4197704200884566, bundle_size = 50, norm = 1.00000000000044 + 0.0im
step 52800 energy = -0.42056131801562024, bundle_size = 50, norm = 1.0000000000004472 + 0.0im
step 53000 energy = -0.42366705410771605, bundle_size = 50, norm = 1.000000000000453 + 0.0im
step 53200 energy = -0.4190544401137366, bundle_size = 50, norm = 1.0000000000004594 + 0.0im
step 53400 energy = -0.40854914585510804, bundle_size = 50, norm = 1.0000000000004665 + 0.0im
step 53600 energy = -0.39660294100027094, bundle_size = 50, norm = 1.000000000000471 + 0.0im
step 53800 energy = -0.38704101592343343, bundle_size = 50, norm = 1.000000000000478 + 0.0im
step 54000 energy = -0.3803189732424789, bundle_size = 50, norm = 1.0000000000004847 + 0.0im
step 54200 energy = -0.37749146182093546, bundle_size = 50, norm = 1.0000000000004854 + 0.0im
step 54400 energy = -0.37894643670757033, bundle_size = 50, norm = 1.0000000000004758 + 0.0im
step 54600 energy = -0.38754134051184186, bundle_size = 50, norm = 1.0000000000004834 + 0.0im
step 54800 energy = -0.39547432899943624, bundle_size = 50, norm = 1.0000000000004898 + 0.0im
step 55000 energy = -0.39852474797257664, bundle_size = 50, norm = 1.0000000000004983 + 0.0im
step 55200 energy = -0.4026293514481342, bundle_size = 50, norm = 1.0000000000005045 + 0.0im
step 55400 energy = -0.39590049989953363, bundle_size = 50, norm = 1.0000000000005076 + 0.0im
step 55600 energy = -0.3821957089491541, bundle_size = 50, norm = 1.000000000000514 + 0.0im
step 55800 energy = -0.3670914426146808, bundle_size = 50, norm = 1.00000000000052 + 0.0im
step 56000 energy = -0.35375321179895747, bundle_size = 50, norm = 1.0000000000005256 + 0.0im
step 56200 energy = -0.3436874501729369, bundle_size = 50, norm = 1.0000000000005325 + 0.0im
step 56400 energy = -0.3386317884039238, bundle_size = 50, norm = 1.0000000000005358 + 0.0im
step 56600 energy = -0.3403745041513485, bundle_size = 50, norm = 1.0000000000005258 + 0.0im
step 56800 energy = -0.3508116813412356, bundle_size = 50, norm = 1.0000000000005314 + 0.0im
step 57000 energy = -0.3626282047776209, bundle_size = 50, norm = 1.000000000000538 + 0.0im
step 57200 energy = -0.37080773445125204, bundle_size = 50, norm = 1.000000000000545 + 0.0im
step 57400 energy = -0.37965626197676844, bundle_size = 50, norm = 1.0000000000005491 + 0.0im
step 57600 energy = -0.37686892121822124, bundle_size = 50, norm = 1.0000000000005587 + 0.0im
step 57800 energy = -0.36603384921949284, bundle_size = 50, norm = 1.000000000000566 + 0.0im
step 58000 energy = -0.35062434755649036, bundle_size = 50, norm = 1.0000000000005715 + 0.0im
step 58200 energy = -0.33682770079460683, bundle_size = 50, norm = 1.0000000000005778 + 0.0im
step 58400 energy = -0.32504063476296474, bundle_size = 50, norm = 1.0000000000005853 + 0.0im
step 58600 energy = -0.31919256475603797, bundle_size = 50, norm = 1.0000000000005873 + 0.0im
step 58800 energy = -0.32067494107788486, bundle_size = 50, norm = 1.0000000000005766 + 0.0im
step 59000 energy = -0.33084776893726425, bundle_size = 50, norm = 1.0000000000005838 + 0.0im
step 59200 energy = -0.3443708128785186, bundle_size = 50, norm = 1.0000000000005898 + 0.0im
step 59400 energy = -0.3533455020532553, bundle_size = 50, norm = 1.000000000000596 + 0.0im
step 59600 energy = -0.3645588164563271, bundle_size = 50, norm = 1.0000000000006033 + 0.0im
step 59800 energy = -0.36365080491660157, bundle_size = 50, norm = 1.0000000000006035 + 0.0im
step 60000 energy = -0.35348334545581, bundle_size = 50, norm = 1.0000000000006077 + 0.0im
step 60200 energy = -0.3402678038421298, bundle_size = 50, norm = 1.000000000000613 + 0.0im
step 60400 energy = -0.32573225611093104, bundle_size = 50, norm = 1.0000000000006197 + 0.0im
step 60600 energy = -0.31460593487081545, bundle_size = 50, norm = 1.0000000000006233 + 0.0im
step 60800 energy = -0.3078416523044651, bundle_size = 50, norm = 1.0000000000006224 + 0.0im
step 61000 energy = -0.30902446487779023, bundle_size = 50, norm = 1.000000000000609 + 0.0im
step 61200 energy = -0.3186173392491156, bundle_size = 50, norm = 1.0000000000006106 + 0.0im
step 61400 energy = -0.3308513781751208, bundle_size = 50, norm = 1.0000000000006124 + 0.0im
step 61600 energy = -0.34339504566467044, bundle_size = 50, norm = 1.0000000000006124 + 0.0im
step 61800 energy = -0.3533536907650514, bundle_size = 50, norm = 1.0000000000006088 + 0.0im
step 62000 energy = -0.3550462235907217, bundle_size = 50, norm = 1.0000000000006048 + 0.0im
step 62200 energy = -0.3508531588990892, bundle_size = 50, norm = 1.0000000000005953 + 0.0im
step 62400 energy = -0.3428232045512166, bundle_size = 50, norm = 1.0000000000005798 + 0.0im
step 62600 energy = -0.3325477303316995, bundle_size = 50, norm = 1.0000000000005562 + 0.0im
step 62800 energy = -0.32250359344927315, bundle_size = 50, norm = 1.0000000000005231 + 0.0im
step 63000 energy = -0.31736825583453154, bundle_size = 50, norm = 1.0000000000004714 + 0.0im
step 63200 energy = -0.3180526622734346, bundle_size = 50, norm = 1.0000000000003886 + 0.0im
step 63400 energy = -0.32509200553286566, bundle_size = 50, norm = 1.0000000000002953 + 0.0im
step 63600 energy = -0.33546796539747553, bundle_size = 50, norm = 1.000000000000164 + 0.0im
step 63800 energy = -0.34434159936615477, bundle_size = 50, norm = 0.999999999999976 + 0.0im
step 64000 energy = -0.3514679613824435, bundle_size = 50, norm = 0.9999999999997045 + 0.0im
step 64200 energy = -0.3537474336438191, bundle_size = 50, norm = 0.9999999999993157 + 0.0im
step 64400 energy = -0.34998785353318984, bundle_size = 50, norm = 0.9999999999987752 + 0.0im
step 64600 energy = -0.3413381549347138, bundle_size = 50, norm = 0.9999999999980238 + 0.0im
step 64800 energy = -0.3300921010369378, bundle_size = 50, norm = 0.9999999999969941 + 0.0im
step 65000 energy = -0.3212665640316329, bundle_size = 50, norm = 0.9999999999955856 + 0.0im
step 65200 energy = -0.3164502911504567, bundle_size = 50, norm = 0.9999999999936531 + 0.0im
step 65400 energy = -0.3167822063057293, bundle_size = 50, norm = 0.9999999999909843 + 0.0im
step 65600 energy = -0.32289690046776964, bundle_size = 50, norm = 0.9999999999873044 + 0.0im
step 65800 energy = -0.3321677140812787, bundle_size = 50, norm = 0.9999999999821703 + 0.0im
step 66000 energy = -0.34061409062086695, bundle_size = 50, norm = 0.9999999999749846 + 0.0im
step 66200 energy = -0.3484983164053659, bundle_size = 50, norm = 0.9999999999649473 + 0.0im
step 66400 energy = -0.3548877729491885, bundle_size = 50, norm = 0.999999999951029 + 0.0im
  Activating project at `~/JuliaProp_v0.1`
step 66600 energy = -0.35340814572307466, bundle_size = 50, norm = 0.9999999999318704 + 0.0im
step 66800 energy = -0.3464285305857997, bundle_size = 50, norm = 0.999999999905721 + 0.0im
step 67000 energy = -0.34031088081437433, bundle_size = 50, norm = 0.99999999987025 + 0.0im
step 67200 energy = -0.3357723824030913, bundle_size = 50, norm = 0.9999999998222889 + 0.0im
step 67400 energy = -0.3329039308343445, bundle_size = 50, norm = 0.9999999997574703 + 0.0im
step 67600 energy = -0.3330822498041197, bundle_size = 50, norm = 0.9999999996698183 + 0.0im
step 67800 energy = -0.33712766579018416, bundle_size = 50, norm = 0.9999999995513282 + 0.0im
step 68000 energy = -0.3409514816968319, bundle_size = 50, norm = 0.9999999993915103 + 0.0im
step 68200 energy = -0.34672270708769454, bundle_size = 50, norm = 0.9999999991771289 + 0.0im
step 68400 energy = -0.35152843000154094, bundle_size = 50, norm = 0.999999998892052 + 0.0im
step 68600 energy = -0.35233405922606004, bundle_size = 50, norm = 0.9999999985171119 + 0.0im
step 68800 energy = -0.35221839110676545, bundle_size = 50, norm = 0.9999999980299168 + 0.0im
step 69000 energy = -0.3495291965235417, bundle_size = 50, norm = 0.9999999974043612 + 0.0im
step 69200 energy = -0.34271664289400977, bundle_size = 50, norm = 0.9999999966097296 + 0.0im
step 69400 energy = -0.3370676904079149, bundle_size = 50, norm = 0.9999999956093043 + 0.0im
step 69600 energy = -0.3340997986920791, bundle_size = 50, norm = 0.9999999943585498 + 0.0im
step 69800 energy = -0.3340684593998861, bundle_size = 50, norm = 0.9999999928030919 + 0.0im
step 70000 energy = -0.33707750861504404, bundle_size = 50, norm = 0.9999999908766708 + 0.0im
step 70200 energy = -0.3425260515247204, bundle_size = 50, norm = 0.9999999884991483 + 0.0im
step 70400 energy = -0.34759136527038687, bundle_size = 50, norm = 0.999999985574531 + 0.0im
step 70600 energy = -0.35131886229937836, bundle_size = 50, norm = 0.9999999819886966 + 0.0im
step 70800 energy = -0.3541372526914209, bundle_size = 50, norm = 0.9999999776063925 + 0.0im
step 71000 energy = -0.3536355745045278, bundle_size = 50, norm = 0.9999999722673663 + 0.0im
step 71200 energy = -0.35205774212751995, bundle_size = 50, norm = 0.999999965781728 + 0.0im
step 71400 energy = -0.35146275769487517, bundle_size = 50, norm = 0.9999999579252965 + 0.0im
step 71600 energy = -0.3487382865024205, bundle_size = 50, norm = 0.9999999484360108 + 0.0im
step 71800 energy = -0.3468403905681757, bundle_size = 50, norm = 0.9999999370127662 + 0.0im
step 72000 energy = -0.3466689335217605, bundle_size = 50, norm = 0.9999999233177481 + 0.0im
step 72200 energy = -0.3475907199424681, bundle_size = 50, norm = 0.9999999069822034 + 0.0im
step 72400 energy = -0.3492313531717098, bundle_size = 50, norm = 0.9999998876144257 + 0.0im
step 72600 energy = -0.35284333769617665, bundle_size = 50, norm = 0.9999998648074578 + 0.0im
step 72800 energy = -0.3556016882858669, bundle_size = 50, norm = 0.9999998381436568 + 0.0im
step 73000 energy = -0.35421953088754216, bundle_size = 50, norm = 0.9999998071937107 + 0.0im
step 73200 energy = -0.353428161109483, bundle_size = 50, norm = 0.9999997715089961 + 0.0im
step 73400 energy = -0.352905396889438, bundle_size = 50, norm = 0.999999730607743 + 0.0im
step 73600 energy = -0.3503284194948048, bundle_size = 50, norm = 0.9999996839563322 + 0.0im
step 73800 energy = -0.347865314670014, bundle_size = 50, norm = 0.9999996309479038 + 0.0im
step 74000 energy = -0.34671132467508076, bundle_size = 50, norm = 0.9999995708805083 + 0.0im
step 74200 energy = -0.3466197124900884, bundle_size = 50, norm = 0.9999995029367984 + 0.0im
step 74400 energy = -0.34765872789291763, bundle_size = 50, norm = 0.9999994261667317 + 0.0im
step 74600 energy = -0.34971114956817345, bundle_size = 50, norm = 0.9999993394742649 + 0.0im
step 74800 energy = -0.3517502531396047, bundle_size = 50, norm = 0.9999992416082528 + 0.0im
step 75000 energy = -0.35306754426864234, bundle_size = 50, norm = 0.9999991311572831 + 0.0im
step 75200 energy = -0.35440799917172805, bundle_size = 50, norm = 0.9999990065476352 + 0.0im
step 75400 energy = -0.3557597147082759, bundle_size = 50, norm = 0.9999988660427839 + 0.0im
step 75600 energy = -0.355686667266454, bundle_size = 50, norm = 0.9999987077425625 + 0.0im
step 75800 energy = -0.3549335055257469, bundle_size = 50, norm = 0.9999985295794498 + 0.0im
step 76000 energy = -0.3543664799205348, bundle_size = 50, norm = 0.9999983293094789 + 0.0im
step 76200 energy = -0.3541136675942765, bundle_size = 50, norm = 0.9999981044954132 + 0.0im
step 76400 energy = -0.3540919366418723, bundle_size = 50, norm = 0.9999978524805826 + 0.0im
step 76600 energy = -0.3544804851007724, bundle_size = 50, norm = 0.99999757035267 + 0.0im
step 76800 energy = -0.3551553724001559, bundle_size = 50, norm = 0.999997254897838 + 0.0im
step 77000 energy = -0.35513953905854734, bundle_size = 50, norm = 0.9999969025466704 + 0.0im
step 77200 energy = -0.3552586720337714, bundle_size = 50, norm = 0.9999965093138778 + 0.0im
step 77400 energy = -0.3563841873465574, bundle_size = 50, norm = 0.9999960707337021 + 0.0im
step 77600 energy = -0.35596862751104275, bundle_size = 50, norm = 0.9999955817926268 + 0.0im
step 77800 energy = -0.3548840074745071, bundle_size = 50, norm = 0.9999950368599384 + 0.0im
step 78000 energy = -0.3546293586327771, bundle_size = 50, norm = 0.9999944296165559 + 0.0im
step 78200 energy = -0.3543098214246418, bundle_size = 50, norm = 0.9999937529822016 + 0.0im
step 78400 energy = -0.354021945832836, bundle_size = 50, norm = 0.9999929990414085 + 0.0im
step 78600 energy = -0.3539698729156971, bundle_size = 50, norm = 0.9999921589686824 + 0.0im
step 78800 energy = -0.35418656694295814, bundle_size = 50, norm = 0.9999912229518679 + 0.0im
step 79000 energy = -0.35441871952378795, bundle_size = 50, norm = 0.9999901801109498 + 0.0im
step 79200 energy = -0.35464230328924884, bundle_size = 50, norm = 0.9999890184070831 + 0.0im
step 79400 energy = -0.35534656442407925, bundle_size = 50, norm = 0.9999877245351675 + 0.0im
step 79600 energy = -0.3560843787643349, bundle_size = 50, norm = 0.9999862837936532 + 0.0im
step 79800 energy = -0.35589722759362113, bundle_size = 50, norm = 0.9999846799283372 + 0.0im
step 80000 energy = -0.3558208599951415, bundle_size = 50, norm = 0.9999828949524416 + 0.0im
step 80200 energy = -0.3560593771523098, bundle_size = 50, norm = 0.9999809089504118 + 0.0im
step 80400 energy = -0.3561538619592186, bundle_size = 50, norm = 0.9999786998758011 + 0.0im
step 80600 energy = -0.35614912665396126, bundle_size = 50, norm = 0.9999762433532763 + 0.0im
step 80800 energy = -0.35613323151090587, bundle_size = 50, norm = 0.9999735124907985 + 0.0im
step 81000 energy = -0.3561371546549081, bundle_size = 50, norm = 0.9999704777023999 + 0.0im
step 81200 energy = -0.35597596817028304, bundle_size = 50, norm = 0.9999671065367602 + 0.0im
step 81400 energy = -0.35599857153213155, bundle_size = 50, norm = 0.9999633635034426 + 0.0im
step 81600 energy = -0.3562449375340729, bundle_size = 50, norm = 0.9999592098882341 + 0.0im
step 81800 energy = -0.35618858496919437, bundle_size = 50, norm = 0.9999546035525044 + 0.0im
step 82000 energy = -0.35591272136919916, bundle_size = 50, norm = 0.9999494987201965 + 0.0im
step 82200 energy = -0.35583392086389776, bundle_size = 50, norm = 0.9999438457678737 + 0.0im
step 82400 energy = -0.3558862320529187, bundle_size = 50, norm = 0.9999375910444195 + 0.0im
step 82600 energy = -0.3558789503800346, bundle_size = 50, norm = 0.9999306767491917 + 0.0im
step 82800 energy = -0.35583004875641283, bundle_size = 50, norm = 0.9999230408856306 + 0.0im
step 83000 energy = -0.35582482251932224, bundle_size = 50, norm = 0.9999146172826453 + 0.0im
step 83200 energy = -0.3558304747245048, bundle_size = 50, norm = 0.9999053356488868 + 0.0im
step 83400 energy = -0.3558287660945812, bundle_size = 50, norm = 0.9998951216090176 + 0.0im
step 83600 energy = -0.3559008655837562, bundle_size = 50, norm = 0.9998838966743337 + 0.0im
step 83800 energy = -0.35600821512289926, bundle_size = 50, norm = 0.9998715781209796 + 0.0im
step 84000 energy = -0.35601378012894047, bundle_size = 50, norm = 0.9998580787784932 + 0.0im
step 84200 energy = -0.3559935981996307, bundle_size = 50, norm = 0.9998433067588699 + 0.0im
step 84400 energy = -0.3560489761801311, bundle_size = 50, norm = 0.9998271651744379 + 0.0im
step 84600 energy = -0.3560983540959881, bundle_size = 50, norm = 0.9998095518973618 + 0.0im
step 84800 energy = -0.3561148531959627, bundle_size = 50, norm = 0.999790359404283 + 0.0im
step 85000 energy = -0.35613093637795823, bundle_size = 50, norm = 0.9997694747311188 + 0.0im
step 85200 energy = -0.3561498773025666, bundle_size = 50, norm = 0.9997467795449642 + 0.0im
step 85400 energy = -0.35616776378416865, bundle_size = 50, norm = 0.9997221503321582 + 0.0im
step 85600 energy = -0.35618684680533375, bundle_size = 50, norm = 0.9996954587063467 + 0.0im
step 85800 energy = -0.3562116954678085, bundle_size = 50, norm = 0.9996665718471159 + 0.0im
step 86000 energy = -0.3562369593764486, bundle_size = 50, norm = 0.9996353530697065 + 0.0im
step 86200 energy = -0.35626312227428025, bundle_size = 50, norm = 0.9996016624862267 + 0.0im
step 86400 energy = -0.35629155187384054, bundle_size = 50, norm = 0.99956535765418 + 0.0im
step 86600 energy = -0.3563218600561063, bundle_size = 50, norm = 0.9995262940465136 + 0.0im
step 86800 energy = -0.3563541110835453, bundle_size = 50, norm = 0.9994843251553489 + 0.0im
step 87000 energy = -0.3563883737348144, bundle_size = 50, norm = 0.999439302065569 + 0.0im
step 87200 energy = -0.3564247163178339, bundle_size = 50, norm = 0.999391072433146 + 0.0im
step 87400 energy = -0.35646320825437594, bundle_size = 50, norm = 0.9993394789512001 + 0.0im
step 87600 energy = -0.3565039219345209, bundle_size = 50, norm = 0.9992843575162845 + 0.0im
step 87800 energy = -0.35654693456145037, bundle_size = 50, norm = 0.9992255353689478 + 0.0im
step 88000 energy = -0.3565923297466533, bundle_size = 50, norm = 0.9991628294558326 + 0.0im
step 88200 energy = -0.356640198711971, bundle_size = 50, norm = 0.9990960451712207 + 0.0im
