task id = 4
-1000
[ITP]: 10000.456880009739
[ITP]: 0.024709310061816425
[ITP]: 0.0073774390783138966
[ITP]: 0.0036831396224421553
[ITP]: 0.0021871217534298326
[ITP]: 0.0014236976453675387
[ITP]: 0.0009813836471159743
[ITP]: 0.0007034772382468191
[ITP]: 0.0005187633995176189
[ITP]: 0.00039082582016103373
[ITP]: 0.0002993900949075923
[ITP]: 0.00023241771033605252
[ITP]: 0.00018239013115672886
[ITP]: 0.00014441701662459838
[ITP]: 0.00011520971388589984
[ITP]: 9.249443351216913e-5
[ITP]: 7.46618494658624e-5
[ITP]: 6.055000318894166e-5
[ITP]: 4.930546685089077e-5
[ITP]: 4.029207922751077e-5
[ITP]: 3.302949220307383e-5
[ITP]: 2.7150903431860662e-5
[ITP]: 2.237343339273057e-5
[ITP]: 1.8477013212114812e-5
[ITP]: 1.5289111038874204e-5
[ITP]: 1.2673532332363457e-5
[ITP]: 1.0522107476429454e-5
[ITP]: 8.748454195295352e-6
[ITP]: 7.28325058108048e-6
[ITP]: 6.070620360842938e-6
[ITP]: 5.065346197041798e-6
[ITP]: 4.230705299534954e-6
[ITP]: 3.5367770332417336e-6
[ITP]: 2.9591114165672394e-6
[ITP]: 2.477675617673647e-6
[ITP]: 2.0760161717481296e-6
[ITP]: 1.7405896345357164e-6
[ITP]: 1.4602254015949612e-6
[ITP]: 1.2256930599363614e-6
[ITP]: 1.0293524912441399e-6
[ITP]: 8.648701671498671e-7
[ITP]: 7.269882001947892e-7
[ITP]: 6.11335995492901e-7
[ITP]: 5.142761624332692e-7
[ITP]: 4.327781399915409e-7
[ITP]: 3.6431439398576515e-7
[ITP]: 3.0677494089470514e-7
[ITP]: 2.5839681527806135e-7
[ITP]: 2.1770581581925796e-7
[ITP]: 1.8346827934667687e-7
[ITP]: 1.5465114422408277e-7
[ITP]: 1.3038871937709473e-7
[ITP]: 1.0995518018308559e-7
[ITP]: 9.274161327788022e-8
[ITP]: 7.823692893538237e-8
[ITP]: 6.601190927213452e-8
[ITP]: 5.570598116122483e-8
[ITP]: 4.701604894297162e-8
[ITP]: 3.968730111214569e-8
[ITP]: 3.350536437185525e-8
[ITP]: 2.8289883435839158e-8
[ITP]: 2.3889059841408766e-8
[ITP]: 2.0175066506311623e-8
[ITP]: 1.704025520687935e-8
[ITP]: 1.439395658220377e-8
[ITP]: 1.2159741213935149e-8
[ITP]: 1.0273225714563239e-8
[ITP]: 8.680112406622698e-9
Energy of ground state: -0.5003391396259835
step 0 energy = -0.5003391396259829, bundle_size = 3, norm = 0.9999999999999999 + 0.0im
step 200 energy = -0.5003391396259784, bundle_size = 3, norm = 1.0000000000000127 + 0.0im
step 400 energy = -0.500339139625334, bundle_size = 3, norm = 1.0000000000000282 + 0.0im
step 600 energy = -0.500339139621007, bundle_size = 3, norm = 1.0000000000000573 + 0.0im
step 800 energy = -0.5003391396086664, bundle_size = 3, norm = 1.000000000000065 + 0.0im
step 1000 energy = -0.5003391395846716, bundle_size = 3, norm = 1.0000000000000573 + 0.0im
step 1200 energy = -0.500339139539352, bundle_size = 3, norm = 1.0000000000000422 + 0.0im
step 1400 energy = -0.500339139452412, bundle_size = 3, norm = 1.0000000000000266 + 0.0im
step 1600 energy = -0.5003391393070494, bundle_size = 3, norm = 1.000000000000012 + 0.0im
step 1800 energy = -0.500339139095082, bundle_size = 3, norm = 0.9999999999999972 + 0.0im
step 2000 energy = -0.5003391387869763, bundle_size = 3, norm = 0.9999999999999821 + 0.0im
step 2200 energy = -0.5003391383304937, bundle_size = 3, norm = 0.9999999999999691 + 0.0im
step 2400 energy = -0.500339137696352, bundle_size = 3, norm = 0.9999999999999539 + 0.0im
step 2600 energy = -0.5003391368503698, bundle_size = 3, norm = 0.9999999999999385 + 0.0im
step 2800 energy = -0.5003391357094741, bundle_size = 3, norm = 0.9999999999999222 + 0.0im
step 3000 energy = -0.5003391342349387, bundle_size = 3, norm = 0.9999999999999083 + 0.0im
step 3200 energy = -0.5003391323941221, bundle_size = 3, norm = 0.9999999999998938 + 0.0im
step 3400 energy = -0.5003391299735459, bundle_size = 4, norm = 0.9999999999998787 + 0.0im
step 3600 energy = -0.5003391268500262, bundle_size = 4, norm = 0.9999999999998649 + 0.0im
step 3800 energy = -0.5003391232153396, bundle_size = 4, norm = 0.9999999999998483 + 0.0im
step 4000 energy = -0.5003391188855166, bundle_size = 4, norm = 0.9999999999998332 + 0.0im
step 4200 energy = -0.5003391131813193, bundle_size = 4, norm = 0.9999999999998183 + 0.0im
step 4400 energy = -0.5003391061562048, bundle_size = 4, norm = 0.9999999999998055 + 0.0im
step 4600 energy = -0.5003390985035401, bundle_size = 4, norm = 0.9999999999997901 + 0.0im
step 4800 energy = -0.5003390896479525, bundle_size = 4, norm = 0.9999999999997762 + 0.0im
step 5000 energy = -0.5003390779495731, bundle_size = 4, norm = 0.9999999999997603 + 0.0im
step 5200 energy = -0.50033906389688, bundle_size = 4, norm = 0.9999999999997442 + 0.0im
step 5400 energy = -0.5003390497143638, bundle_size = 4, norm = 0.9999999999997283 + 0.0im
step 5600 energy = -0.5003390334663308, bundle_size = 4, norm = 0.9999999999997118 + 0.0im
step 5800 energy = -0.5003390110544368, bundle_size = 4, norm = 0.9999999999996968 + 0.0im
step 6000 energy = -0.5003389860366669, bundle_size = 4, norm = 0.9999999999996827 + 0.0im
step 6200 energy = -0.5003389626210368, bundle_size = 4, norm = 0.9999999999996679 + 0.0im
step 6400 energy = -0.5003389333710899, bundle_size = 5, norm = 0.999999999999652 + 0.0im
step 6600 energy = -0.500338894273542, bundle_size = 5, norm = 0.9999999999996373 + 0.0im
step 6800 energy = -0.5003388547289777, bundle_size = 5, norm = 0.999999999999624 + 0.0im
step 7000 energy = -0.5003388161515929, bundle_size = 5, norm = 0.9999999999996064 + 0.0im
step 7200 energy = -0.500338767216858, bundle_size = 5, norm = 0.9999999999995927 + 0.0im
step 7400 energy = -0.5003387056290727, bundle_size = 5, norm = 0.9999999999995766 + 0.0im
step 7600 energy = -0.500338643616032, bundle_size = 6, norm = 0.9999999999995611 + 0.0im
step 7800 energy = -0.5003385851965273, bundle_size = 6, norm = 0.9999999999995471 + 0.0im
step 8000 energy = -0.500338509490409, bundle_size = 6, norm = 0.999999999999533 + 0.0im
step 8200 energy = -0.5003384115665979, bundle_size = 6, norm = 0.9999999999995179 + 0.0im
step 8400 energy = -0.5003383251196579, bundle_size = 7, norm = 0.9999999999995025 + 0.0im
step 8600 energy = -0.5003382425376786, bundle_size = 7, norm = 0.9999999999994874 + 0.0im
step 8800 energy = -0.5003381185513667, bundle_size = 7, norm = 0.9999999999994719 + 0.0im
step 9000 energy = -0.5003379815679599, bundle_size = 8, norm = 0.9999999999994571 + 0.0im
step 9200 energy = -0.5003378712969494, bundle_size = 8, norm = 0.9999999999994432 + 0.0im
step 9400 energy = -0.5003377399631639, bundle_size = 8, norm = 0.9999999999994267 + 0.0im
step 9600 energy = -0.5003375614902831, bundle_size = 9, norm = 0.999999999999409 + 0.0im
step 9800 energy = -0.5003373851471568, bundle_size = 9, norm = 0.9999999999993955 + 0.0im
step 10000 energy = -0.5003372296234374, bundle_size = 10, norm = 0.9999999999993812 + 0.0im
step 10200 energy = -0.5003370459250901, bundle_size = 10, norm = 0.9999999999993681 + 0.0im
step 10400 energy = -0.5003368027255979, bundle_size = 11, norm = 0.999999999999353 + 0.0im
step 10600 energy = -0.5003365655628784, bundle_size = 11, norm = 0.9999999999993394 + 0.0im
step 10800 energy = -0.5003363747165183, bundle_size = 12, norm = 0.9999999999993242 + 0.0im
step 11000 energy = -0.5003361214326251, bundle_size = 13, norm = 0.9999999999993073 + 0.0im
step 11200 energy = -0.5003357798394912, bundle_size = 13, norm = 0.9999999999992945 + 0.0im
step 11400 energy = -0.5003355035120429, bundle_size = 14, norm = 0.9999999999992795 + 0.0im
step 11600 energy = -0.500335271986177, bundle_size = 15, norm = 0.9999999999992651 + 0.0im
step 11800 energy = -0.5003348997667226, bundle_size = 16, norm = 0.9999999999992498 + 0.0im
step 12000 energy = -0.5003344722465312, bundle_size = 17, norm = 0.9999999999992354 + 0.0im
step 12200 energy = -0.5003341785764155, bundle_size = 18, norm = 0.9999999999992205 + 0.0im
step 12400 energy = -0.5003338560655265, bundle_size = 19, norm = 0.9999999999992041 + 0.0im
step 12600 energy = -0.5003333515474375, bundle_size = 20, norm = 0.9999999999991876 + 0.0im
step 12800 energy = -0.5003328801015834, bundle_size = 21, norm = 0.9999999999991702 + 0.0im
step 13000 energy = -0.5003325289605705, bundle_size = 22, norm = 0.999999999999155 + 0.0im
step 13200 energy = -0.5003320928870161, bundle_size = 23, norm = 0.9999999999991389 + 0.0im
step 13400 energy = -0.5003315014169547, bundle_size = 24, norm = 0.9999999999991244 + 0.0im
step 13600 energy = -0.5003309330320194, bundle_size = 25, norm = 0.9999999999991098 + 0.0im
step 13800 energy = -0.5003305345595608, bundle_size = 26, norm = 0.9999999999990966 + 0.0im
step 14000 energy = -0.5003300386903574, bundle_size = 27, norm = 0.9999999999990794 + 0.0im
step 14200 energy = -0.5003292470979211, bundle_size = 28, norm = 0.9999999999990655 + 0.0im
step 14400 energy = -0.5003286457928272, bundle_size = 29, norm = 0.9999999999990504 + 0.0im
step 14600 energy = -0.5003282915255862, bundle_size = 30, norm = 0.9999999999990377 + 0.0im
step 14800 energy = -0.5003275477405031, bundle_size = 31, norm = 0.9999999999990228 + 0.0im
step 15000 energy = -0.5003266456106116, bundle_size = 32, norm = 0.9999999999990097 + 0.0im
step 15200 energy = -0.5003261500021701, bundle_size = 33, norm = 0.9999999999989927 + 0.0im
step 15400 energy = -0.5003256301969987, bundle_size = 34, norm = 0.9999999999989763 + 0.0im
step 15600 energy = -0.5003247123769, bundle_size = 35, norm = 0.9999999999989598 + 0.0im
step 15800 energy = -0.5003238411260938, bundle_size = 36, norm = 0.9999999999989462 + 0.0im
step 16000 energy = -0.5003232895870879, bundle_size = 37, norm = 0.9999999999989312 + 0.0im
step 16200 energy = -0.5003226716733723, bundle_size = 38, norm = 0.9999999999989163 + 0.0im
step 16400 energy = -0.5003216682713428, bundle_size = 39, norm = 0.9999999999988998 + 0.0im
step 16600 energy = -0.5003207085698347, bundle_size = 40, norm = 0.9999999999988854 + 0.0im
step 16800 energy = -0.5003202179366486, bundle_size = 41, norm = 0.9999999999988705 + 0.0im
step 17000 energy = -0.5003195496672083, bundle_size = 42, norm = 0.999999999998853 + 0.0im
step 17200 energy = -0.5003183015332349, bundle_size = 43, norm = 0.9999999999988386 + 0.0im
step 17400 energy = -0.5003174369957227, bundle_size = 44, norm = 0.9999999999988223 + 0.0im
step 17600 energy = -0.5003170976000104, bundle_size = 45, norm = 0.9999999999988054 + 0.0im
step 17800 energy = -0.5003161351332004, bundle_size = 46, norm = 0.9999999999987907 + 0.0im
step 18000 energy = -0.5003148232118322, bundle_size = 47, norm = 0.9999999999987771 + 0.0im
step 18200 energy = -0.500314241345521, bundle_size = 48, norm = 0.9999999999987607 + 0.0im
step 18400 energy = -0.500313788215534, bundle_size = 49, norm = 0.9999999999987434 + 0.0im
step 18600 energy = -0.5003126397727458, bundle_size = 50, norm = 0.9999999999987275 + 0.0im
step 18800 energy = -0.5003114886152953, bundle_size = 50, norm = 0.9999999999987129 + 0.0im
step 19000 energy = -0.500310993116797, bundle_size = 50, norm = 0.9999999999986987 + 0.0im
step 19200 energy = -0.5003105126191958, bundle_size = 50, norm = 0.9999999999986847 + 0.0im
step 19400 energy = -0.5003093103406733, bundle_size = 50, norm = 0.9999999999986692 + 0.0im
step 19600 energy = -0.5003081883380275, bundle_size = 50, norm = 0.9999999999986552 + 0.0im
step 19800 energy = -0.5003079760976756, bundle_size = 50, norm = 0.99999999999864 + 0.0im
step 20000 energy = -0.5003074578901932, bundle_size = 50, norm = 0.9999999999986245 + 0.0im
step 20200 energy = -0.500306030917787, bundle_size = 50, norm = 0.9999999999986092 + 0.0im
step 20400 energy = -0.5003050660898934, bundle_size = 50, norm = 0.9999999999985935 + 0.0im
step 20600 energy = -0.5003045066366549, bundle_size = 50, norm = 0.9999999999985788 + 0.0im
step 20800 energy = -0.5003031363242497, bundle_size = 50, norm = 0.999999999998564 + 0.0im
step 21000 energy = -0.5003018692081426, bundle_size = 50, norm = 0.9999999999985478 + 0.0im
step 21200 energy = -0.500302326144059, bundle_size = 50, norm = 0.9999999999985314 + 0.0im
step 21400 energy = -0.50030382301919, bundle_size = 50, norm = 0.9999999999985154 + 0.0im
step 21600 energy = -0.5003050930888762, bundle_size = 50, norm = 0.9999999999985009 + 0.0im
step 21800 energy = -0.5003068927911302, bundle_size = 50, norm = 0.9999999999984837 + 0.0im
step 22000 energy = -0.5003100285343193, bundle_size = 50, norm = 0.9999999999984681 + 0.0im
step 22200 energy = -0.5003129483850881, bundle_size = 50, norm = 0.9999999999984535 + 0.0im
step 22400 energy = -0.5003140042585517, bundle_size = 50, norm = 0.9999999999984394 + 0.0im
step 22600 energy = -0.500313852359327, bundle_size = 50, norm = 0.9999999999984232 + 0.0im
step 22800 energy = -0.500312996088525, bundle_size = 50, norm = 0.9999999999984073 + 0.0im
step 23000 energy = -0.50030946148139, bundle_size = 50, norm = 0.9999999999983916 + 0.0im
step 23200 energy = -0.5003015919210088, bundle_size = 50, norm = 0.9999999999983754 + 0.0im
step 23400 energy = -0.5002903049223857, bundle_size = 50, norm = 0.9999999999983574 + 0.0im
step 23600 energy = -0.5002758768537028, bundle_size = 50, norm = 0.9999999999983433 + 0.0im
step 23800 energy = -0.5002565166703227, bundle_size = 50, norm = 0.9999999999983289 + 0.0im
step 24000 energy = -0.5002330511992553, bundle_size = 50, norm = 0.9999999999983133 + 0.0im
step 24200 energy = -0.5002104633953148, bundle_size = 50, norm = 0.9999999999982986 + 0.0im
step 24400 energy = -0.5001925677481746, bundle_size = 50, norm = 0.9999999999982846 + 0.0im
step 24600 energy = -0.500180632114932, bundle_size = 50, norm = 0.9999999999982718 + 0.0im
step 24800 energy = -0.5001793214820826, bundle_size = 50, norm = 0.999999999998259 + 0.0im
step 25000 energy = -0.5001938512402493, bundle_size = 50, norm = 0.9999999999982458 + 0.0im
step 25200 energy = -0.5002200161304947, bundle_size = 50, norm = 0.9999999999982332 + 0.0im
step 25400 energy = -0.5002508533400707, bundle_size = 50, norm = 0.9999999999982193 + 0.0im
step 25600 energy = -0.5002840073045632, bundle_size = 50, norm = 0.9999999999982041 + 0.0im
step 25800 energy = -0.5003134269867139, bundle_size = 50, norm = 0.9999999999981878 + 0.0im
step 26000 energy = -0.5003314250708741, bundle_size = 50, norm = 0.9999999999981722 + 0.0im
step 26200 energy = -0.5003373255879999, bundle_size = 50, norm = 0.9999999999981573 + 0.0im
step 26400 energy = -0.5003346318824943, bundle_size = 50, norm = 0.9999999999981423 + 0.0im
step 26600 energy = -0.5003285097822904, bundle_size = 50, norm = 0.9999999999981277 + 0.0im
step 26800 energy = -0.5003255774246381, bundle_size = 50, norm = 0.9999999999981131 + 0.0im
step 27000 energy = -0.500329024231098, bundle_size = 50, norm = 0.9999999999980971 + 0.0im
step 27200 energy = -0.5003351505742494, bundle_size = 50, norm = 0.9999999999980795 + 0.0im
step 27400 energy = -0.5003340415251297, bundle_size = 50, norm = 0.9999999999980635 + 0.0im
step 27600 energy = -0.500311740419167, bundle_size = 50, norm = 0.9999999999980484 + 0.0im
step 27800 energy = -0.5002520269714524, bundle_size = 50, norm = 0.9999999999980331 + 0.0im
step 28000 energy = -0.5001457619470783, bundle_size = 50, norm = 0.9999999999980225 + 0.0im
step 28200 energy = -0.5000008125742779, bundle_size = 50, norm = 0.999999999998017 + 0.0im
step 28400 energy = -0.4998322338424381, bundle_size = 50, norm = 0.9999999999980193 + 0.0im
step 28600 energy = -0.49966581333118015, bundle_size = 50, norm = 0.9999999999980247 + 0.0im
step 28800 energy = -0.49954514650110177, bundle_size = 50, norm = 0.9999999999980298 + 0.0im
step 29000 energy = -0.4995023952599675, bundle_size = 50, norm = 0.9999999999980356 + 0.0im
step 29200 energy = -0.4995542553050428, bundle_size = 50, norm = 0.999999999998042 + 0.0im
step 29400 energy = -0.4997002199133178, bundle_size = 50, norm = 0.9999999999980478 + 0.0im
step 29600 energy = -0.4999019723646221, bundle_size = 50, norm = 0.9999999999980497 + 0.0im
step 29800 energy = -0.500100715157515, bundle_size = 50, norm = 0.9999999999980468 + 0.0im
step 30000 energy = -0.5002488484308748, bundle_size = 50, norm = 0.9999999999980365 + 0.0im
step 30200 energy = -0.5003154616481296, bundle_size = 50, norm = 0.9999999999980207 + 0.0im
step 30400 energy = -0.5002863611815507, bundle_size = 50, norm = 0.9999999999980059 + 0.0im
step 30600 energy = -0.5001828387472632, bundle_size = 50, norm = 0.9999999999979915 + 0.0im
step 30800 energy = -0.5000532141300837, bundle_size = 50, norm = 0.9999999999979811 + 0.0im
step 31000 energy = -0.49994795743494524, bundle_size = 50, norm = 0.9999999999979791 + 0.0im
step 31200 energy = -0.4999152311309536, bundle_size = 50, norm = 0.9999999999979785 + 0.0im
step 31400 energy = -0.49998183619739894, bundle_size = 50, norm = 0.9999999999979795 + 0.0im
step 31600 energy = -0.5001208808794138, bundle_size = 50, norm = 0.9999999999979726 + 0.0im
step 31800 energy = -0.5002579244478802, bundle_size = 50, norm = 0.9999999999979579 + 0.0im
step 32000 energy = -0.5003046152974344, bundle_size = 50, norm = 0.9999999999979418 + 0.0im
step 32200 energy = -0.5001890633626008, bundle_size = 50, norm = 0.999999999997925 + 0.0im
step 32400 energy = -0.49986177343929866, bundle_size = 50, norm = 0.9999999999979197 + 0.0im
step 32600 energy = -0.4993333666795677, bundle_size = 50, norm = 0.9999999999979228 + 0.0im
step 32800 energy = -0.4986971945060016, bundle_size = 50, norm = 0.9999999999979323 + 0.0im
step 33000 energy = -0.4980712643945642, bundle_size = 50, norm = 0.9999999999979405 + 0.0im
step 33200 energy = -0.49759869531852313, bundle_size = 50, norm = 0.9999999999979488 + 0.0im
step 33400 energy = -0.49745434577381864, bundle_size = 50, norm = 0.999999999997967 + 0.0im
step 33600 energy = -0.4977243995262295, bundle_size = 50, norm = 0.9999999999979755 + 0.0im
step 33800 energy = -0.4983401034921044, bundle_size = 50, norm = 0.9999999999979848 + 0.0im
step 34000 energy = -0.49910337639803776, bundle_size = 50, norm = 0.999999999997995 + 0.0im
step 34200 energy = -0.4997748763619825, bundle_size = 50, norm = 0.9999999999980007 + 0.0im
step 34400 energy = -0.5001791805479083, bundle_size = 50, norm = 0.9999999999979959 + 0.0im
step 34600 energy = -0.5002590222652813, bundle_size = 50, norm = 0.9999999999979815 + 0.0im
step 34800 energy = -0.5000086565251257, bundle_size = 50, norm = 0.9999999999979651 + 0.0im
step 35000 energy = -0.4994845408768516, bundle_size = 50, norm = 0.999999999997968 + 0.0im
step 35200 energy = -0.498933646655596, bundle_size = 50, norm = 0.9999999999979742 + 0.0im
step 35400 energy = -0.49856237184064356, bundle_size = 50, norm = 0.9999999999979822 + 0.0im
step 35600 energy = -0.49842422005230086, bundle_size = 50, norm = 0.9999999999979909 + 0.0im
step 35800 energy = -0.4986994614448684, bundle_size = 50, norm = 0.9999999999980019 + 0.0im
step 36000 energy = -0.49928530812391847, bundle_size = 50, norm = 0.9999999999980088 + 0.0im
step 36200 energy = -0.4998886459223513, bundle_size = 50, norm = 0.9999999999980111 + 0.0im
step 36400 energy = -0.5002191176262663, bundle_size = 50, norm = 0.9999999999979982 + 0.0im
step 36600 energy = -0.5001042504959367, bundle_size = 50, norm = 0.9999999999979807 + 0.0im
step 36800 energy = -0.49942826313674227, bundle_size = 50, norm = 0.9999999999979776 + 0.0im
step 37000 energy = -0.49815868918178335, bundle_size = 50, norm = 0.999999999997984 + 0.0im
step 37200 energy = -0.49650562326644104, bundle_size = 50, norm = 0.9999999999979874 + 0.0im
step 37400 energy = -0.49486208207630294, bundle_size = 50, norm = 0.9999999999979942 + 0.0im
step 37600 energy = -0.49345166101758, bundle_size = 50, norm = 0.9999999999979982 + 0.0im
step 37800 energy = -0.4927240081957476, bundle_size = 50, norm = 0.9999999999980098 + 0.0im
step 38000 energy = -0.49321158678800775, bundle_size = 50, norm = 0.9999999999980128 + 0.0im
step 38200 energy = -0.4948085983174468, bundle_size = 50, norm = 0.999999999998015 + 0.0im
step 38400 energy = -0.4969670283502172, bundle_size = 50, norm = 0.9999999999980141 + 0.0im
step 38600 energy = -0.49881429676916617, bundle_size = 50, norm = 0.9999999999980101 + 0.0im
step 38800 energy = -0.4997159479464786, bundle_size = 50, norm = 0.9999999999979946 + 0.0im
step 39000 energy = -0.4997909750115011, bundle_size = 50, norm = 0.9999999999979553 + 0.0im
step 39200 energy = -0.49924040530203384, bundle_size = 50, norm = 0.9999999999979209 + 0.0im
step 39400 energy = -0.49764299414338736, bundle_size = 50, norm = 0.999999999997893 + 0.0im
step 39600 energy = -0.4959024048934119, bundle_size = 50, norm = 0.9999999999978528 + 0.0im
step 39800 energy = -0.4953642156332903, bundle_size = 50, norm = 0.9999999999978033 + 0.0im
step 40000 energy = -0.49479314504528826, bundle_size = 50, norm = 0.999999999997732 + 0.0im
step 40200 energy = -0.49526661637722236, bundle_size = 50, norm = 0.9999999999976558 + 0.0im
step 40400 energy = -0.49675483005083887, bundle_size = 50, norm = 0.9999999999975664 + 0.0im
step 40600 energy = -0.49847277590985156, bundle_size = 50, norm = 0.9999999999974634 + 0.0im
step 40800 energy = -0.4993465714263488, bundle_size = 50, norm = 0.9999999999973359 + 0.0im
step 41000 energy = -0.4993557766810681, bundle_size = 50, norm = 0.9999999999971791 + 0.0im
step 41200 energy = -0.4983779284689532, bundle_size = 50, norm = 0.9999999999970218 + 0.0im
step 41400 energy = -0.4960052194988493, bundle_size = 50, norm = 0.9999999999968544 + 0.0im
step 41600 energy = -0.4926622983401289, bundle_size = 50, norm = 0.9999999999966583 + 0.0im
step 41800 energy = -0.48936785771120134, bundle_size = 50, norm = 0.9999999999964344 + 0.0im
step 42000 energy = -0.4859084316138293, bundle_size = 50, norm = 0.9999999999961706 + 0.0im
step 42200 energy = -0.48314163118544234, bundle_size = 50, norm = 0.9999999999958636 + 0.0im
step 42400 energy = -0.4824073256382433, bundle_size = 50, norm = 0.9999999999954968 + 0.0im
step 42600 energy = -0.48398361593521494, bundle_size = 50, norm = 0.9999999999950574 + 0.0im
step 42800 energy = -0.4869267883593118, bundle_size = 50, norm = 0.999999999994528 + 0.0im
step 43000 energy = -0.49024934676564247, bundle_size = 50, norm = 0.9999999999938917 + 0.0im
step 43200 energy = -0.49199812543876176, bundle_size = 50, norm = 0.999999999993124 + 0.0im
step 43400 energy = -0.4921397918145706, bundle_size = 50, norm = 0.9999999999921945 + 0.0im
step 43600 energy = -0.492096675107639, bundle_size = 50, norm = 0.9999999999911245 + 0.0im
step 43800 energy = -0.49006221296006497, bundle_size = 50, norm = 0.9999999999898908 + 0.0im
step 44000 energy = -0.48560439268500505, bundle_size = 50, norm = 0.9999999999884819 + 0.0im
step 44200 energy = -0.48478465033964996, bundle_size = 50, norm = 0.9999999999868955 + 0.0im
step 44400 energy = -0.48333069168519127, bundle_size = 50, norm = 0.999999999985145 + 0.0im
step 44600 energy = -0.4827813801636791, bundle_size = 50, norm = 0.9999999999832214 + 0.0im
step 44800 energy = -0.4844865826859388, bundle_size = 50, norm = 0.9999999999811392 + 0.0im
step 45000 energy = -0.4872398860506738, bundle_size = 50, norm = 0.9999999999788979 + 0.0im
step 45200 energy = -0.4886759660556279, bundle_size = 50, norm = 0.9999999999764935 + 0.0im
step 45400 energy = -0.4888215619930172, bundle_size = 50, norm = 0.9999999999738945 + 0.0im
step 45600 energy = -0.48846625668097543, bundle_size = 50, norm = 0.999999999971104 + 0.0im
step 45800 energy = -0.4859323316407042, bundle_size = 50, norm = 0.9999999999680584 + 0.0im
step 46000 energy = -0.4806516215043211, bundle_size = 50, norm = 0.9999999999646713 + 0.0im
step 46200 energy = -0.47599533965883134, bundle_size = 50, norm = 0.9999999999608277 + 0.0im
step 46400 energy = -0.4687444326183844, bundle_size = 50, norm = 0.9999999999563706 + 0.0im
step 46600 energy = -0.4604353142485016, bundle_size = 50, norm = 0.9999999999510828 + 0.0im
step 46800 energy = -0.45318134173951286, bundle_size = 50, norm = 0.9999999999447237 + 0.0im
step 47000 energy = -0.449048869555769, bundle_size = 50, norm = 0.9999999999370057 + 0.0im
step 47200 energy = -0.446608262787485, bundle_size = 50, norm = 0.9999999999276756 + 0.0im
step 47400 energy = -0.4465780565792744, bundle_size = 50, norm = 0.9999999999165803 + 0.0im
step 47600 energy = -0.446876315888393, bundle_size = 50, norm = 0.9999999999037212 + 0.0im
step 47800 energy = -0.4469393857629853, bundle_size = 50, norm = 0.999999999889197 + 0.0im
step 48000 energy = -0.4495115314028785, bundle_size = 50, norm = 0.9999999998730779 + 0.0im
step 48200 energy = -0.4519311479825413, bundle_size = 50, norm = 0.9999999998550375 + 0.0im
step 48400 energy = -0.4491658806962925, bundle_size = 50, norm = 0.9999999998343794 + 0.0im
step 48600 energy = -0.4500045321545904, bundle_size = 50, norm = 0.9999999998103144 + 0.0im
step 48800 energy = -0.4498897683392674, bundle_size = 50, norm = 0.9999999997824254 + 0.0im
step 49000 energy = -0.44822393656360227, bundle_size = 50, norm = 0.9999999997509085 + 0.0im
step 49200 energy = -0.44677307313303793, bundle_size = 50, norm = 0.9999999997165637 + 0.0im
step 49400 energy = -0.44752686608149533, bundle_size = 50, norm = 0.9999999996805232 + 0.0im
step 49600 energy = -0.44773299744469214, bundle_size = 50, norm = 0.9999999996439426 + 0.0im
step 49800 energy = -0.44767245150583174, bundle_size = 50, norm = 0.9999999996077165 + 0.0im
step 50000 energy = -0.4486566511226323, bundle_size = 50, norm = 0.9999999995724307 + 0.0im
step 50200 energy = -0.450603371390749, bundle_size = 50, norm = 0.9999999995382709 + 0.0im
step 50400 energy = -0.44523679828667495, bundle_size = 50, norm = 0.9999999995051251 + 0.0im
step 50600 energy = -0.4396827760973608, bundle_size = 50, norm = 0.9999999994726803 + 0.0im
step 50800 energy = -0.42831064319843337, bundle_size = 50, norm = 0.9999999994404545 + 0.0im
step 51000 energy = -0.4074834040345082, bundle_size = 50, norm = 0.9999999994078332 + 0.0im
step 51200 energy = -0.3836735950071721, bundle_size = 50, norm = 0.9999999993740146 + 0.0im
step 51400 energy = -0.3593082868888913, bundle_size = 50, norm = 0.9999999993379024 + 0.0im
step 51600 energy = -0.33937134065917846, bundle_size = 50, norm = 0.9999999992978649 + 0.0im
step 51800 energy = -0.3252723498785167, bundle_size = 50, norm = 0.999999999251329 + 0.0im
step 52000 energy = -0.3172267241426604, bundle_size = 50, norm = 0.9999999991941997 + 0.0im
step 52200 energy = -0.31605542500627265, bundle_size = 50, norm = 0.9999999991201866 + 0.0im
step 52400 energy = -0.3246642530121377, bundle_size = 50, norm = 0.9999999990202858 + 0.0im
step 52600 energy = -0.33970364445827295, bundle_size = 50, norm = 0.9999999988824737 + 0.0im
step 52800 energy = -0.3511666567452398, bundle_size = 50, norm = 0.9999999986921362 + 0.0im
step 53000 energy = -0.36520307850349526, bundle_size = 50, norm = 0.9999999984334345 + 0.0im
step 53200 energy = -0.3764256211771657, bundle_size = 50, norm = 0.9999999980917288 + 0.0im
step 53400 energy = -0.3801125001262773, bundle_size = 50, norm = 0.9999999976558877 + 0.0im
step 53600 energy = -0.3789005074651654, bundle_size = 50, norm = 0.9999999971184228 + 0.0im
step 53800 energy = -0.37842316471622317, bundle_size = 50, norm = 0.9999999964727668 + 0.0im
step 54000 energy = -0.37723938298406084, bundle_size = 50, norm = 0.9999999957094563 + 0.0im
step 54200 energy = -0.3767557929105018, bundle_size = 50, norm = 0.9999999948132254 + 0.0im
step 54400 energy = -0.37879388332217145, bundle_size = 50, norm = 0.9999999937614505 + 0.0im
step 54600 energy = -0.3828346565856936, bundle_size = 50, norm = 0.9999999925230495 + 0.0im
step 54800 energy = -0.3783641102807829, bundle_size = 50, norm = 0.9999999910574019 + 0.0im
step 55000 energy = -0.36941569228194987, bundle_size = 50, norm = 0.9999999893132239 + 0.0im
step 55200 energy = -0.34802674905528846, bundle_size = 50, norm = 0.9999999872276747 + 0.0im
step 55400 energy = -0.3114785439792009, bundle_size = 50, norm = 0.999999984725897 + 0.0im
step 55600 energy = -0.2653691263212724, bundle_size = 50, norm = 0.9999999817198572 + 0.0im
step 55800 energy = -0.21763336313437345, bundle_size = 50, norm = 0.9999999781018508 + 0.0im
step 56000 energy = -0.1726920662350765, bundle_size = 50, norm = 0.9999999737197637 + 0.0im
step 56200 energy = -0.13791149902711408, bundle_size = 50, norm = 0.9999999683164678 + 0.0im
step 56400 energy = -0.11747482743880205, bundle_size = 50, norm = 0.9999999614367917 + 0.0im
step 56600 energy = -0.11331598352792238, bundle_size = 50, norm = 0.9999999523591361 + 0.0im
step 56800 energy = -0.12803659322889413, bundle_size = 50, norm = 0.9999999401242062 + 0.0im
step 57000 energy = -0.15770559297090367, bundle_size = 50, norm = 0.9999999236291631 + 0.0im
step 57200 energy = -0.19020224684648357, bundle_size = 50, norm = 0.9999999016338976 + 0.0im
step 57400 energy = -0.22633756716619238, bundle_size = 50, norm = 0.9999998725939854 + 0.0im
step 57600 energy = -0.26026755380840305, bundle_size = 50, norm = 0.9999998344662492 + 0.0im
step 57800 energy = -0.2830234716882436, bundle_size = 50, norm = 0.9999997847254299 + 0.0im
step 58000 energy = -0.296299301711058, bundle_size = 50, norm = 0.9999997206074117 + 0.0im
step 58200 energy = -0.30602160591689576, bundle_size = 50, norm = 0.9999996393049118 + 0.0im
step 58400 energy = -0.3105469067888348, bundle_size = 50, norm = 0.9999995378218329 + 0.0im
step 58600 energy = -0.3114675229579686, bundle_size = 50, norm = 0.9999994123633998 + 0.0im
step 58800 energy = -0.31111023784206, bundle_size = 50, norm = 0.9999992572552289 + 0.0im
step 59000 energy = -0.3080957945549249, bundle_size = 50, norm = 0.999999063392991 + 0.0im
step 59200 energy = -0.29181410254783435, bundle_size = 50, norm = 0.9999988161190551 + 0.0im
step 59400 energy = -0.2691004222219312, bundle_size = 50, norm = 0.9999984922213588 + 0.0im
step 59600 energy = -0.2327444846424801, bundle_size = 50, norm = 0.9999980555522867 + 0.0im
step 59800 energy = -0.17354583850064265, bundle_size = 50, norm = 0.9999974506248563 + 0.0im
step 60000 energy = -0.10439017002090165, bundle_size = 50, norm = 0.9999965934787881 + 0.0im
step 60200 energy = -0.032785557373645746, bundle_size = 50, norm = 0.9999953591914994 + 0.0im
step 60400 energy = 0.030975419408642763, bundle_size = 50, norm = 0.9999935657172834 + 0.0im
step 60600 energy = 0.08118665067112935, bundle_size = 50, norm = 0.9999909548080088 + 0.0im
step 60800 energy = 0.112419152487541, bundle_size = 50, norm = 0.9999871752991807 + 0.0im
step 61000 energy = 0.1209041870444417, bundle_size = 50, norm = 0.9999817847307336 + 0.0im
step 61200 energy = 0.10449695294669889, bundle_size = 50, norm = 0.9999742943053245 + 0.0im
step 61400 energy = 0.06789547013375946, bundle_size = 50, norm = 0.99996426904182 + 0.0im
step 61600 energy = 0.021130425982666456, bundle_size = 50, norm = 0.9999514546779724 + 0.0im
step 61800 energy = -0.03342592677306927, bundle_size = 50, norm = 0.999935868450775 + 0.0im
step 62000 energy = -0.08836595858796248, bundle_size = 50, norm = 0.999917799049278 + 0.0im
step 62200 energy = -0.13219450688115505, bundle_size = 50, norm = 0.9998977059199619 + 0.0im
step 62400 energy = -0.16540009169399253, bundle_size = 50, norm = 0.9998760567218552 + 0.0im
step 62600 energy = -0.1907856565721939, bundle_size = 50, norm = 0.9998531738721629 + 0.0im
step 62800 energy = -0.2045700717314076, bundle_size = 50, norm = 0.9998291443856933 + 0.0im
step 63000 energy = -0.2081620946432181, bundle_size = 50, norm = 0.9998037854644941 + 0.0im
step 63200 energy = -0.20359767159135908, bundle_size = 50, norm = 0.9997766313760919 + 0.0im
step 63400 energy = -0.18886384510953236, bundle_size = 50, norm = 0.9997469034472347 + 0.0im
step 63600 energy = -0.1585801182497507, bundle_size = 50, norm = 0.9997134147094806 + 0.0im
step 63800 energy = -0.11820690329390811, bundle_size = 50, norm = 0.999674375089617 + 0.0im
step 64000 energy = -0.062097261540050214, bundle_size = 50, norm = 0.9996270930258342 + 0.0im
step 64200 energy = 0.007748247433953859, bundle_size = 50, norm = 0.9995676434983911 + 0.0im
step 64400 energy = 0.08471496147946422, bundle_size = 50, norm = 0.9994907235462811 + 0.0im
step 64600 energy = 0.16177109181914842, bundle_size = 50, norm = 0.9993900083098047 + 0.0im
step 64800 energy = 0.23117916639733999, bundle_size = 50, norm = 0.9992591612033235 + 0.0im
step 65000 energy = 0.28626481537240533, bundle_size = 50, norm = 0.9990932748430957 + 0.0im
step 65200 energy = 0.32020991002761745, bundle_size = 50, norm = 0.9988901620454762 + 0.0im
step 65400 energy = 0.3299803705209093, bundle_size = 50, norm = 0.998650831415449 + 0.0im
step 65600 energy = 0.3150717757947035, bundle_size = 50, norm = 0.9983789970611151 + 0.0im
step 65800 energy = 0.279032891792877, bundle_size = 50, norm = 0.9980802490603747 + 0.0im
step 66000 energy = 0.2293546773630687, bundle_size = 50, norm = 0.9977612000208766 + 0.0im
step 66200 energy = 0.17021377067118226, bundle_size = 50, norm = 0.9974280802379007 + 0.0im
  Activating project at `~/JuliaProp_v0.1`
step 66400 energy = 0.11008144859733918, bundle_size = 50, norm = 0.9970852622325792 + 0.0im
step 66600 energy = 0.05610090438335036, bundle_size = 50, norm = 0.9967354088231137 + 0.0im
step 66800 energy = 0.009563214629520478, bundle_size = 50, norm = 0.9963810991601911 + 0.0im
step 67000 energy = -0.02449604975300751, bundle_size = 50, norm = 0.996025749005228 + 0.0im
step 67200 energy = -0.0444371613915823, bundle_size = 50, norm = 0.9956727218417434 + 0.0im
step 67400 energy = -0.051407043865956514, bundle_size = 50, norm = 0.9953232433904726 + 0.0im
step 67600 energy = -0.044965999792790395, bundle_size = 50, norm = 0.9949740618378194 + 0.0im
step 67800 energy = -0.024727018512543997, bundle_size = 50, norm = 0.9946158466198269 + 0.0im
step 68000 energy = 0.008505185094599299, bundle_size = 50, norm = 0.9942332472758774 + 0.0im
step 68200 energy = 0.05464466561591702, bundle_size = 50, norm = 0.9938070508277185 + 0.0im
step 68400 energy = 0.11180966354350348, bundle_size = 50, norm = 0.9933177965746276 + 0.0im
step 68600 energy = 0.17520880059541025, bundle_size = 50, norm = 0.9927491401549363 + 0.0im
step 68800 energy = 0.24264875853020618, bundle_size = 50, norm = 0.99208956717396 + 0.0im
step 69000 energy = 0.3066070372293258, bundle_size = 50, norm = 0.9913323641006196 + 0.0im
step 69200 energy = 0.3608720297609464, bundle_size = 50, norm = 0.9904747372595675 + 0.0im
step 69400 energy = 0.40147361291778433, bundle_size = 50, norm = 0.9895178383603179 + 0.0im
step 69600 energy = 0.42409881926428966, bundle_size = 50, norm = 0.988469266372325 + 0.0im
step 69800 energy = 0.42738831782559156, bundle_size = 50, norm = 0.9873455588504644 + 0.0im
step 70000 energy = 0.41190749743532645, bundle_size = 50, norm = 0.9861684683570444 + 0.0im
step 70200 energy = 0.38061195026693817, bundle_size = 50, norm = 0.9849551667294648 + 0.0im
step 70400 energy = 0.3379917833977333, bundle_size = 50, norm = 0.9837123926355787 + 0.0im
step 70600 energy = 0.28845066421037735, bundle_size = 50, norm = 0.9824403097642843 + 0.0im
step 70800 energy = 0.23765450825209877, bundle_size = 50, norm = 0.9811399565868065 + 0.0im
step 71000 energy = 0.18983722284065008, bundle_size = 50, norm = 0.9798180622660486 + 0.0im
step 71200 energy = 0.1483859549375427, bundle_size = 50, norm = 0.9784883105294913 + 0.0im
step 71400 energy = 0.1164424222209608, bundle_size = 50, norm = 0.9771680135932432 + 0.0im
step 71600 energy = 0.09506554935413772, bundle_size = 50, norm = 0.9758718308756535 + 0.0im
step 71800 energy = 0.08492553873015668, bundle_size = 50, norm = 0.9746072018929165 + 0.0im
step 72000 energy = 0.08599759359461981, bundle_size = 50, norm = 0.9733730558095887 + 0.0im
step 72200 energy = 0.0978969135405642, bundle_size = 50, norm = 0.9721604539649553 + 0.0im
step 72400 energy = 0.11937900901154244, bundle_size = 50, norm = 0.9709554086268406 + 0.0im
step 72600 energy = 0.14868294745694402, bundle_size = 50, norm = 0.9697447460166427 + 0.0im
step 72800 energy = 0.1837378168687099, bundle_size = 50, norm = 0.9685213067055665 + 0.0im
step 73000 energy = 0.22222206139690048, bundle_size = 50, norm = 0.9672821718670446 + 0.0im
step 73200 energy = 0.26143607191066187, bundle_size = 50, norm = 0.9660188697560087 + 0.0im
step 73400 energy = 0.2966016219617891, bundle_size = 50, norm = 0.9647066876895107 + 0.0im
step 73600 energy = 0.3252636073273352, bundle_size = 50, norm = 0.9633032763744377 + 0.0im
step 73800 energy = 0.34505913850569514, bundle_size = 50, norm = 0.9617594841276438 + 0.0im
step 74000 energy = 0.3534804699845674, bundle_size = 50, norm = 0.9600331297037145 + 0.0im
step 74200 energy = 0.34994993016834774, bundle_size = 50, norm = 0.9580958261799505 + 0.0im
step 74400 energy = 0.3350022472142733, bundle_size = 50, norm = 0.955935386245337 + 0.0im
step 74600 energy = 0.3104142112065217, bundle_size = 50, norm = 0.953561134831647 + 0.0im
step 74800 energy = 0.27884323046885995, bundle_size = 50, norm = 0.9510112605798963 + 0.0im
step 75000 energy = 0.24345761022456722, bundle_size = 50, norm = 0.9483537721004079 + 0.0im
step 75200 energy = 0.20755671482931856, bundle_size = 50, norm = 0.9456721456158051 + 0.0im
step 75400 energy = 0.173880133917261, bundle_size = 50, norm = 0.9430360854774208 + 0.0im
step 75600 energy = 0.14411648411351055, bundle_size = 50, norm = 0.9404742996996572 + 0.0im
step 75800 energy = 0.1196255740868293, bundle_size = 50, norm = 0.9379713739590967 + 0.0im
step 76000 energy = 0.10082961784792402, bundle_size = 50, norm = 0.9354913609803719 + 0.0im
step 76200 energy = 0.08758518548031535, bundle_size = 50, norm = 0.9330082168193221 + 0.0im
step 76400 energy = 0.07973254652853679, bundle_size = 50, norm = 0.9305242183431266 + 0.0im
step 76600 energy = 0.07672676178207949, bundle_size = 50, norm = 0.9280709351594106 + 0.0im
step 76800 energy = 0.07801804691683287, bundle_size = 50, norm = 0.9256954142678087 + 0.0im
step 77000 energy = 0.08284950006478009, bundle_size = 50, norm = 0.9234379288732896 + 0.0im
step 77200 energy = 0.09017897680631765, bundle_size = 50, norm = 0.921309591166676 + 0.0im
step 77400 energy = 0.09881438255556332, bundle_size = 50, norm = 0.9192812877807369 + 0.0im
step 77600 energy = 0.10678625033694084, bundle_size = 50, norm = 0.9172932449354547 + 0.0im
step 77800 energy = 0.11265626720376098, bundle_size = 50, norm = 0.9152790537643226 + 0.0im
step 78000 energy = 0.11566934199650583, bundle_size = 50, norm = 0.9131871493519431 + 0.0im
step 78200 energy = 0.11492901340526053, bundle_size = 50, norm = 0.9109910906979305 + 0.0im
step 78400 energy = 0.11005741886316737, bundle_size = 50, norm = 0.9086918741625971 + 0.0im
step 78600 energy = 0.10129118912869095, bundle_size = 50, norm = 0.906316495769219 + 0.0im
step 78800 energy = 0.08944231107439296, bundle_size = 50, norm = 0.9039108481760548 + 0.0im
step 79000 energy = 0.07547403895520005, bundle_size = 50, norm = 0.9015226062607404 + 0.0im
step 79200 energy = 0.060273557312746306, bundle_size = 50, norm = 0.8991792370391123 + 0.0im
step 79400 energy = 0.04465239516803396, bundle_size = 50, norm = 0.8968771455800043 + 0.0im
step 79600 energy = 0.029119564491347477, bundle_size = 50, norm = 0.8945910888917372 + 0.0im
step 79800 energy = 0.014048878575002088, bundle_size = 50, norm = 0.892294483732915 + 0.0im
step 80000 energy = -0.00011396184311246449, bundle_size = 50, norm = 0.8899736936865703 + 0.0im
step 80200 energy = -0.013058092048631176, bundle_size = 50, norm = 0.8876290421729925 + 0.0im
step 80400 energy = -0.02463336500641189, bundle_size = 50, norm = 0.88526815283346 + 0.0im
step 80600 energy = -0.03479688544705642, bundle_size = 50, norm = 0.8829001587082421 + 0.0im
step 80800 energy = -0.04361230551861467, bundle_size = 50, norm = 0.880534238722506 + 0.0im
step 81000 energy = -0.05133769443530267, bundle_size = 50, norm = 0.8781805989325905 + 0.0im
step 81200 energy = -0.05826653423291808, bundle_size = 50, norm = 0.8758506679221402 + 0.0im
step 81400 energy = -0.06449412781100511, bundle_size = 50, norm = 0.8735561398500262 + 0.0im
step 81600 energy = -0.07021251687634478, bundle_size = 50, norm = 0.8713092908641311 + 0.0im
step 81800 energy = -0.07581888141626153, bundle_size = 50, norm = 0.8691252513978694 + 0.0im
step 82000 energy = -0.08144700265701985, bundle_size = 50, norm = 0.8670230855433158 + 0.0im
step 82200 energy = -0.08694927462744048, bundle_size = 50, norm = 0.8650221392510762 + 0.0im
step 82400 energy = -0.09233693919940117, bundle_size = 50, norm = 0.8631334865344772 + 0.0im
step 82600 energy = -0.09772501167587722, bundle_size = 50, norm = 0.8613517141051941 + 0.0im
step 82800 energy = -0.103240283213089, bundle_size = 50, norm = 0.8596558610984386 + 0.0im
step 83000 energy = -0.10885370583534278, bundle_size = 50, norm = 0.858022033718753 + 0.0im
step 83200 energy = -0.1145153612975618, bundle_size = 50, norm = 0.8564375448617785 + 0.0im
step 83400 energy = -0.12014883611458285, bundle_size = 50, norm = 0.8549038489179619 + 0.0im
step 83600 energy = -0.12565371787990176, bundle_size = 50, norm = 0.853426866128715 + 0.0im
step 83800 energy = -0.1309118891540943, bundle_size = 50, norm = 0.8520046066384779 + 0.0im
step 84000 energy = -0.13590366728550124, bundle_size = 50, norm = 0.8506224262227141 + 0.0im
step 84200 energy = -0.1407141778177598, bundle_size = 50, norm = 0.8492578990671211 + 0.0im
step 84400 energy = -0.14545207709675112, bundle_size = 50, norm = 0.8478892673831377 + 0.0im
step 84600 energy = -0.1502084589850862, bundle_size = 50, norm = 0.8465004966067556 + 0.0im
step 84800 energy = -0.1550037202263038, bundle_size = 50, norm = 0.8450809770277978 + 0.0im
step 85000 energy = -0.1598961654600164, bundle_size = 50, norm = 0.8436227617082463 + 0.0im
step 85200 energy = -0.16498889703637837, bundle_size = 50, norm = 0.842119186932951 + 0.0im
step 85400 energy = -0.17033051681734845, bundle_size = 50, norm = 0.8405664369882306 + 0.0im
step 85600 energy = -0.17588241487225914, bundle_size = 50, norm = 0.8389666936628061 + 0.0im
step 85800 energy = -0.18159307477439834, bundle_size = 50, norm = 0.8373304214990264 + 0.0im
step 86000 energy = -0.1874241046258678, bundle_size = 50, norm = 0.8356763958809543 + 0.0im
step 86200 energy = -0.19326274521274625, bundle_size = 50, norm = 0.8340293359115561 + 0.0im
step 86400 energy = -0.19896016121688703, bundle_size = 50, norm = 0.8324153301010934 + 0.0im
step 86600 energy = -0.20438932974603624, bundle_size = 50, norm = 0.8308557487632161 + 0.0im
step 86800 energy = -0.20953244576494723, bundle_size = 50, norm = 0.829361608012637 + 0.0im
step 87000 energy = -0.21441057620315368, bundle_size = 50, norm = 0.8279308101029315 + 0.0im
step 87200 energy = -0.21908018336296944, bundle_size = 50, norm = 0.8265494148358611 + 0.0im
step 87400 energy = -0.22359222945814386, bundle_size = 50, norm = 0.8251964796372333 + 0.0im
step 87600 energy = -0.22806373309184938, bundle_size = 50, norm = 0.8238510971934497 + 0.0im
step 87800 energy = -0.23258084871408202, bundle_size = 50, norm = 0.8224995449887482 + 0.0im
step 88000 energy = -0.2371361352177493, bundle_size = 50, norm = 0.8211400838136144 + 0.0im
step 88200 energy = -0.24166502903480136, bundle_size = 50, norm = 0.8197838287856162 + 0.0im
