  Activating project at `~/JuliaProp_v0.1`
[ITP]: 10000.471108571397
[ITP]: 0.022107823405609905
[ITP]: 0.004976805475414736
[ITP]: 0.0021058954092971205
[ITP]: 0.001084104546129061
[ITP]: 0.0006160870179273692
[ITP]: 0.0003714642087823128
[ITP]: 0.00023286611963801995
[ITP]: 0.0001500123428329614
[ITP]: 9.857967926441003e-5
[ITP]: 6.57601184761436e-5
[ITP]: 4.43786526744816e-5
[ITP]: 3.022437766897479e-5
[ITP]: 2.0735965556739622e-5
[ITP]: 1.4311264988853267e-5
[ITP]: 9.92563006574354e-6
[ITP]: 6.9119921211058255e-6
[ITP]: 4.82976755122877e-6
[ITP]: 3.384510666504248e-6
[ITP]: 2.3775199649023193e-6
[ITP]: 1.6736194445865493e-6
[ITP]: 1.1802274751948616e-6
[ITP]: 8.335748883370186e-7
[ITP]: 5.895273362810372e-7
[ITP]: 4.174150680658073e-7
[ITP]: 2.958509506267859e-7
[ITP]: 2.098764437796774e-7
[ITP]: 1.4900242706339384e-7
[ITP]: 1.0585745457980522e-7
[ITP]: 7.525113565609587e-8
[ITP]: 5.352267851144177e-8
[ITP]: 3.808635307134267e-8
[ITP]: 2.7113442158110956e-8
[ITP]: 1.9309163601377577e-8
[ITP]: 1.3755872219078924e-8
[ITP]: 9.802639699962867e-9
Energy of ground state: -0.5030607411950042
[TDSE] Start TDSE-SH for elliptical polarized laser. It may cost a plenty of time.
[TDSE] Running TDSE-SH-elliptical. step 0, energy = -0.5030607411950033
  |->  par_lens = 1, 1, 1
[TDSE] Running TDSE-SH-elliptical. step 200, energy = -0.5030607411947177
  |->  par_lens = 1, 1, 2
[TDSE] Running TDSE-SH-elliptical. step 400, energy = -0.5030607411788166
  |->  par_lens = 1, 1, 2
[TDSE] Running TDSE-SH-elliptical. step 600, energy = -0.503060741010447
  |->  par_lens = 1, 1, 2
[TDSE] Running TDSE-SH-elliptical. step 800, energy = -0.5030607401551529
  |->  par_lens = 1, 1, 2
[TDSE] Running TDSE-SH-elliptical. step 1000, energy = -0.503060737232526
  |->  par_lens = 1, 1, 2
[TDSE] Running TDSE-SH-elliptical. step 1200, energy = -0.5030607294305952
  |->  par_lens = 1, 1, 2
[TDSE] Running TDSE-SH-elliptical. step 1400, energy = -0.5030607117308304
  |->  par_lens = 1, 2, 2
[TDSE] Running TDSE-SH-elliptical. step 1600, energy = -0.5030606760839491
  |->  par_lens = 2, 2, 2
[TDSE] Running TDSE-SH-elliptical. step 1800, energy = -0.5030606104206631
  |->  par_lens = 2, 2, 2
[TDSE] Running TDSE-SH-elliptical. step 2000, energy = -0.5030604977191934
  |->  par_lens = 2, 2, 2
[TDSE] Running TDSE-SH-elliptical. step 2200, energy = -0.5030603145852606
  |->  par_lens = 2, 2, 2
[TDSE] Running TDSE-SH-elliptical. step 2400, energy = -0.5030600311136596
  |->  par_lens = 2, 2, 2
[TDSE] Running TDSE-SH-elliptical. step 2600, energy = -0.5030596078818473
  |->  par_lens = 2, 2, 2
[TDSE] Running TDSE-SH-elliptical. step 2800, energy = -0.503058998752965
  |->  par_lens = 2, 2, 2
[TDSE] Running TDSE-SH-elliptical. step 3000, energy = -0.5030581419267779
  |->  par_lens = 2, 2, 2
[TDSE] Running TDSE-SH-elliptical. step 3200, energy = -0.5030569760264846
  |->  par_lens = 2, 2, 2
[TDSE] Running TDSE-SH-elliptical. step 3400, energy = -0.5030554076521716
  |->  par_lens = 2, 2, 2
[TDSE] Running TDSE-SH-elliptical. step 3600, energy = -0.5030533611945894
  |->  par_lens = 2, 2, 2
[TDSE] Running TDSE-SH-elliptical. step 3800, energy = -0.5030507094356126
  |->  par_lens = 4, 3, 3
[TDSE] Running TDSE-SH-elliptical. step 4000, energy = -0.5030473632067489
  |->  par_lens = 4, 3, 3
[TDSE] Running TDSE-SH-elliptical. step 4200, energy = -0.503043148130952
  |->  par_lens = 4, 3, 3
[TDSE] Running TDSE-SH-elliptical. step 4400, energy = -0.5030379822188525
  |->  par_lens = 4, 3, 3
[TDSE] Running TDSE-SH-elliptical. step 4600, energy = -0.5030316380775622
  |->  par_lens = 4, 3, 3
[TDSE] Running TDSE-SH-elliptical. step 4800, energy = -0.5030240184077962
  |->  par_lens = 4, 3, 3
[TDSE] Running TDSE-SH-elliptical. step 5000, energy = -0.5030148872050905
  |->  par_lens = 4, 3, 3
[TDSE] Running TDSE-SH-elliptical. step 5200, energy = -0.5030041179306729
  |->  par_lens = 4, 3, 3
[TDSE] Running TDSE-SH-elliptical. step 5400, energy = -0.5029914519392403
  |->  par_lens = 4, 3, 3
[TDSE] Running TDSE-SH-elliptical. step 5600, energy = -0.5029767545382079
  |->  par_lens = 4, 3, 3
[TDSE] Running TDSE-SH-elliptical. step 5800, energy = -0.5029597909766307
  |->  par_lens = 4, 3, 3
[TDSE] Running TDSE-SH-elliptical. step 6000, energy = -0.502940329540135
  |->  par_lens = 4, 3, 3
[TDSE] Running TDSE-SH-elliptical. step 6200, energy = -0.5029182766441909
  |->  par_lens = 4, 3, 3
[TDSE] Running TDSE-SH-elliptical. step 6400, energy = -0.5028932409939909
  |->  par_lens = 4, 3, 3
[TDSE] Running TDSE-SH-elliptical. step 6600, energy = -0.5028652656967587
  |->  par_lens = 4, 5, 5
[TDSE] Running TDSE-SH-elliptical. step 6800, energy = -0.502833922605276
  |->  par_lens = 5, 5, 5
[TDSE] Running TDSE-SH-elliptical. step 7000, energy = -0.5027992997227669
  |->  par_lens = 5, 5, 5
[TDSE] Running TDSE-SH-elliptical. step 7200, energy = -0.5027608333285266
  |->  par_lens = 5, 5, 5
[TDSE] Running TDSE-SH-elliptical. step 7400, energy = -0.5027189745753955
  |->  par_lens = 5, 5, 5
[TDSE] Running TDSE-SH-elliptical. step 7600, energy = -0.5026729190668743
  |->  par_lens = 5, 5, 5
[TDSE] Running TDSE-SH-elliptical. step 7800, energy = -0.5026230732916804
  |->  par_lens = 5, 5, 5
[TDSE] Running TDSE-SH-elliptical. step 8000, energy = -0.5025690311830008
  |->  par_lens = 5, 5, 5
[TDSE] Running TDSE-SH-elliptical. step 8200, energy = -0.5025110359783167
  |->  par_lens = 5, 5, 5
[TDSE] Running TDSE-SH-elliptical. step 8400, energy = -0.5024486063287935
  |->  par_lens = 5, 5, 5
[TDSE] Running TDSE-SH-elliptical. step 8600, energy = -0.5023821644179415
  |->  par_lens = 5, 5, 5
[TDSE] Running TDSE-SH-elliptical. step 8800, energy = -0.5023115321354703
  |->  par_lens = 5, 5, 5
[TDSE] Running TDSE-SH-elliptical. step 9000, energy = -0.5022366344114723
  |->  par_lens = 5, 5, 5
[TDSE] Running TDSE-SH-elliptical. step 9200, energy = -0.5021579292776014
  |->  par_lens = 5, 5, 5
[TDSE] Running TDSE-SH-elliptical. step 9400, energy = -0.5020748973859932
  |->  par_lens = 5, 5, 5
[TDSE] Running TDSE-SH-elliptical. step 9600, energy = -0.5019884447946217
  |->  par_lens = 7, 6, 6
[TDSE] Running TDSE-SH-elliptical. step 9800, energy = -0.5018980156824627
  |->  par_lens = 7, 6, 6
[TDSE] Running TDSE-SH-elliptical. step 10000, energy = -0.5018044558168626
  |->  par_lens = 7, 7, 7
[TDSE] Running TDSE-SH-elliptical. step 10200, energy = -0.5017061017003049
  |->  par_lens = 7, 7, 7
[TDSE] Running TDSE-SH-elliptical. step 10400, energy = -0.5015925346606996
  |->  par_lens = 7, 7, 7
[TDSE] Running TDSE-SH-elliptical. step 10600, energy = -0.5014727589727629
  |->  par_lens = 7, 7, 7
[TDSE] Running TDSE-SH-elliptical. step 10800, energy = -0.5014064898922851
  |->  par_lens = 7, 7, 7
[TDSE] Running TDSE-SH-elliptical. step 11000, energy = -0.5014595616552614
  |->  par_lens = 9, 7, 7
[TDSE] Running TDSE-SH-elliptical. step 11200, energy = -0.5016537951886999
  |->  par_lens = 9, 7, 7
[TDSE] Running TDSE-SH-elliptical. step 11400, energy = -0.501899821266765
  |->  par_lens = 9, 8, 8
[TDSE] Running TDSE-SH-elliptical. step 11600, energy = -0.5020465378882053
  |->  par_lens = 10, 9, 9
[TDSE] Running TDSE-SH-elliptical. step 11800, energy = -0.5019067592257923
  |->  par_lens = 10, 9, 9
[TDSE] Running TDSE-SH-elliptical. step 12000, energy = -0.5012575419436355
  |->  par_lens = 10, 9, 9
[TDSE] Running TDSE-SH-elliptical. step 12200, energy = -0.49980528095804705
  |->  par_lens = 10, 10, 10
[TDSE] Running TDSE-SH-elliptical. step 12400, energy = -0.49749198091965474
  |->  par_lens = 12, 12, 12
[TDSE] Running TDSE-SH-elliptical. step 12600, energy = -0.49499888800761493
  |->  par_lens = 12, 13, 13
[TDSE] Running TDSE-SH-elliptical. step 12800, energy = -0.493777706713908
  |->  par_lens = 15, 15, 15
[TDSE] Running TDSE-SH-elliptical. step 13000, energy = -0.49506144174618383
  |->  par_lens = 17, 15, 15
[TDSE] Running TDSE-SH-elliptical. step 13200, energy = -0.49836488312188926
  |->  par_lens = 17, 17, 16
[TDSE] Running TDSE-SH-elliptical. step 13400, energy = -0.501558916670298
  |->  par_lens = 19, 18, 18
[TDSE] Running TDSE-SH-elliptical. step 13600, energy = -0.5028272514677473
  |->  par_lens = 19, 18, 19
[TDSE] Running TDSE-SH-elliptical. step 13800, energy = -0.5026151783099108
  |->  par_lens = 18, 17, 19
[TDSE] Running TDSE-SH-elliptical. step 14000, energy = -0.5025528271756223
  |->  par_lens = 19, 18, 19
[TDSE] Running TDSE-SH-elliptical. step 14200, energy = -0.5019902459332529
  |->  par_lens = 19, 18, 18
[TDSE] Running TDSE-SH-elliptical. step 14400, energy = -0.4969459515252363
  |->  par_lens = 19, 18, 18
[TDSE] Running TDSE-SH-elliptical. step 14600, energy = -0.48462547923038496
  |->  par_lens = 20, 20, 20
[TDSE] Running TDSE-SH-elliptical. step 14800, energy = -0.4695943201153516
  |->  par_lens = 24, 23, 23
[TDSE] Running TDSE-SH-elliptical. step 15000, energy = -0.4625184497031769
  |->  par_lens = 28, 28, 27
[TDSE] Running TDSE-SH-elliptical. step 15200, energy = -0.470560458872845
  |->  par_lens = 33, 33, 33
[TDSE] Running TDSE-SH-elliptical. step 15400, energy = -0.48772635499701034
  |->  par_lens = 38, 37, 37
[TDSE] Running TDSE-SH-elliptical. step 15600, energy = -0.499420485966175
  |->  par_lens = 40, 38, 38
[TDSE] Running TDSE-SH-elliptical. step 15800, energy = -0.49749240149620416
  |->  par_lens = 41, 39, 39
[TDSE] Running TDSE-SH-elliptical. step 16000, energy = -0.48995217036363076
  |->  par_lens = 42, 40, 40
[TDSE] Running TDSE-SH-elliptical. step 16200, energy = -0.49026697098357813
  |->  par_lens = 36, 36, 39
[TDSE] Running TDSE-SH-elliptical. step 16400, energy = -0.4974901912085819
  |->  par_lens = 37, 34, 33
[TDSE] Running TDSE-SH-elliptical. step 16600, energy = -0.4920613595204873
  |->  par_lens = 37, 34, 33
[TDSE] Running TDSE-SH-elliptical. step 16800, energy = -0.45845498822608416
  |->  par_lens = 38, 36, 37
[TDSE] Running TDSE-SH-elliptical. step 17000, energy = -0.41114882959127047
  |->  par_lens = 42, 44, 43
[TDSE] Running TDSE-SH-elliptical. step 17200, energy = -0.3883383228216922
  |->  par_lens = 58, 58, 56
[TDSE] Running TDSE-SH-elliptical. step 17400, energy = -0.41231238397417175
  |->  par_lens = 73, 74, 74
[TDSE] Running TDSE-SH-elliptical. step 17600, energy = -0.46303164787639967
  |->  par_lens = 88, 88, 87
[TDSE] Running TDSE-SH-elliptical. step 17800, energy = -0.4925513190370579
  |->  par_lens = 92, 92, 94
[TDSE] Running TDSE-SH-elliptical. step 18000, energy = -0.4785058000012887
  |->  par_lens = 94, 94, 94
[TDSE] Running TDSE-SH-elliptical. step 18200, energy = -0.4500193268143144
  |->  par_lens = 89, 87, 87
[TDSE] Running TDSE-SH-elliptical. step 18400, energy = -0.45029244418945336
  |->  par_lens = 71, 76, 73
[TDSE] Running TDSE-SH-elliptical. step 18600, energy = -0.4788972102274296
  |->  par_lens = 63, 67, 63
[TDSE] Running TDSE-SH-elliptical. step 18800, energy = -0.483813751434198
  |->  par_lens = 65, 66, 66
[TDSE] Running TDSE-SH-elliptical. step 19000, energy = -0.4192247561069428
  |->  par_lens = 69, 70, 70
[TDSE] Running TDSE-SH-elliptical. step 19200, energy = -0.31673858570219066
  |->  par_lens = 86, 89, 87
[TDSE] Running TDSE-SH-elliptical. step 19400, energy = -0.26658225343750086
  |->  par_lens = 119, 116, 117
[TDSE] Running TDSE-SH-elliptical. step 19600, energy = -0.31394161135929366
  |->  par_lens = 158, 158, 158
[TDSE] Running TDSE-SH-elliptical. step 19800, energy = -0.4205452369307743
  |->  par_lens = 201, 199, 199
[TDSE] Running TDSE-SH-elliptical. step 20000, energy = -0.479787620622129
  |->  par_lens = 215, 217, 216
[TDSE] Running TDSE-SH-elliptical. step 20200, energy = -0.44556473029041477
  |->  par_lens = 219, 220, 220
[TDSE] Running TDSE-SH-elliptical. step 20400, energy = -0.3824796494089965
  |->  par_lens = 205, 203, 203
[TDSE] Running TDSE-SH-elliptical. step 20600, energy = -0.38290731600147226
  |->  par_lens = 175, 172, 176
[TDSE] Running TDSE-SH-elliptical. step 20800, energy = -0.44208780473114445
  |->  par_lens = 163, 150, 154
[TDSE] Running TDSE-SH-elliptical. step 21000, energy = -0.47158092739102303
  |->  par_lens = 165, 158, 157
[TDSE] Running TDSE-SH-elliptical. step 21200, energy = -0.3740930757611709
  |->  par_lens = 159, 150, 156
[TDSE] Running TDSE-SH-elliptical. step 21400, energy = -0.20083380197261713
  |->  par_lens = 188, 181, 184
[TDSE] Running TDSE-SH-elliptical. step 21600, energy = -0.1160186226427738
  |->  par_lens = 248, 251, 251
[TDSE] Running TDSE-SH-elliptical. step 21800, energy = -0.19083485920983975
  |->  par_lens = 347, 345, 348
[TDSE] Running TDSE-SH-elliptical. step 22000, energy = -0.3610064687861983
  |->  par_lens = 436, 435, 435
[TDSE] Running TDSE-SH-elliptical. step 22200, energy = -0.4606254996190487
  |->  par_lens = 468, 469, 470
[TDSE] Running TDSE-SH-elliptical. step 22400, energy = -0.4060404474437324
  |->  par_lens = 482, 480, 479
[TDSE] Running TDSE-SH-elliptical. step 22600, energy = -0.3028289706415853
  |->  par_lens = 454, 452, 456
[TDSE] Running TDSE-SH-elliptical. step 22800, energy = -0.30598369235643774
  |->  par_lens = 382, 388, 391
[TDSE] Running TDSE-SH-elliptical. step 23000, energy = -0.39242871465353907
  |->  par_lens = 341, 358, 350
[TDSE] Running TDSE-SH-elliptical. step 23200, energy = -0.4525655870906716
  |->  par_lens = 349, 354, 344
[TDSE] Running TDSE-SH-elliptical. step 23400, energy = -0.3334891912236486
  |->  par_lens = 346, 349, 345
[TDSE] Running TDSE-SH-elliptical. step 23600, energy = -0.09523420806452067
  |->  par_lens = 403, 406, 400
[TDSE] Running TDSE-SH-elliptical. step 23800, energy = 0.025425557119922337
  |->  par_lens = 498, 494, 497
[TDSE] Running TDSE-SH-elliptical. step 24000, energy = -0.07777055907488241
  |->  par_lens = 585, 583, 585
[TDSE] Running TDSE-SH-elliptical. step 24200, energy = -0.2909691451205582
  |->  par_lens = 590, 590, 590
[TDSE] Running TDSE-SH-elliptical. step 24400, energy = -0.4306105433885646
  |->  par_lens = 590, 590, 590
[TDSE] Running TDSE-SH-elliptical. step 24600, energy = -0.37002713532520204
  |->  par_lens = 590, 590, 590
[TDSE] Running TDSE-SH-elliptical. step 24800, energy = -0.23669327191178902
  |->  par_lens = 590, 590, 590
[TDSE] Running TDSE-SH-elliptical. step 25000, energy = -0.241405252999781
  |->  par_lens = 590, 590, 590
[TDSE] Running TDSE-SH-elliptical. step 25200, energy = -0.342733887502446
  |->  par_lens = 590, 590, 590
[TDSE] Running TDSE-SH-elliptical. step 25400, energy = -0.4231286746562984
  |->  par_lens = 590, 590, 590
[TDSE] Running TDSE-SH-elliptical. step 25600, energy = -0.301328759386601
  |->  par_lens = 590, 590, 590
[TDSE] Running TDSE-SH-elliptical. step 25800, energy = -0.03522830291069086
  |->  par_lens = 590, 590, 590
[TDSE] Running TDSE-SH-elliptical. step 26000, energy = 0.109708579904889
  |->  par_lens = 590, 590, 590
[TDSE] Running TDSE-SH-elliptical. step 26200, energy = -0.007133767631110842
  |->  par_lens = 590, 590, 590
[TDSE] Running TDSE-SH-elliptical. step 26400, energy = -0.228990236550894
  |->  par_lens = 590, 590, 590
[TDSE] Running TDSE-SH-elliptical. step 26600, energy = -0.39357790498427625
  |->  par_lens = 590, 590, 590
[TDSE] Running TDSE-SH-elliptical. step 26800, energy = -0.3465731800159708
  |->  par_lens = 590, 590, 590
[TDSE] Running TDSE-SH-elliptical. step 27000, energy = -0.21072523953931824
  |->  par_lens = 590, 590, 590
[TDSE] Running TDSE-SH-elliptical. step 27200, energy = -0.21443866930891384
  |->  par_lens = 590, 590, 590
[TDSE] Running TDSE-SH-elliptical. step 27400, energy = -0.30943417681620244
  |->  par_lens = 590, 590, 590
[TDSE] Running TDSE-SH-elliptical. step 27600, energy = -0.39147874222931267
  |->  par_lens = 590, 590, 590
[TDSE] Running TDSE-SH-elliptical. step 27800, energy = -0.2850719767035354
  |->  par_lens = 590, 590, 590
[TDSE] Running TDSE-SH-elliptical. step 28000, energy = -0.035604712938751865
  |->  par_lens = 590, 590, 590
[TDSE] Running TDSE-SH-elliptical. step 28200, energy = 0.10502850341252348
  |->  par_lens = 590, 590, 590
[TDSE] Running TDSE-SH-elliptical. step 28400, energy = 0.004090422220114636
  |->  par_lens = 590, 590, 590
[TDSE] Running TDSE-SH-elliptical. step 28600, energy = -0.20008705003023394
  |->  par_lens = 590, 590, 590
[TDSE] Running TDSE-SH-elliptical. step 28800, energy = -0.3630070635678333
  |->  par_lens = 590, 590, 590
[TDSE] Running TDSE-SH-elliptical. step 29000, energy = -0.34103534604405794
  |->  par_lens = 590, 590, 590
[TDSE] Running TDSE-SH-elliptical. step 29200, energy = -0.23551443913183862
  |->  par_lens = 590, 590, 590
[TDSE] Running TDSE-SH-elliptical. step 29400, energy = -0.23397072278529266
  |->  par_lens = 590, 590, 590
[TDSE] Running TDSE-SH-elliptical. step 29600, energy = -0.305570822328858
  |->  par_lens = 590, 590, 590
[TDSE] Running TDSE-SH-elliptical. step 29800, energy = -0.3743317467051852
  |->  par_lens = 590, 590, 590
[TDSE] Running TDSE-SH-elliptical. step 30000, energy = -0.2891293792783711
  |->  par_lens = 590, 590, 590
[TDSE] Running TDSE-SH-elliptical. step 30200, energy = -0.08561159263164381
  |->  par_lens = 590, 590, 590
[TDSE] Running TDSE-SH-elliptical. step 30400, energy = 0.026873152822678548
  |->  par_lens = 590, 590, 590
[TDSE] Running TDSE-SH-elliptical. step 30600, energy = -0.0385280158042082
  |->  par_lens = 590, 590, 590
[TDSE] Running TDSE-SH-elliptical. step 30800, energy = -0.2087921236374451
  |->  par_lens = 590, 590, 590
[TDSE] Running TDSE-SH-elliptical. step 31000, energy = -0.35326134411220445
  |->  par_lens = 590, 590, 590
[TDSE] Running TDSE-SH-elliptical. step 31200, energy = -0.3585171466241154
  |->  par_lens = 590, 590, 590
[TDSE] Running TDSE-SH-elliptical. step 31400, energy = -0.29826899179658106
  |->  par_lens = 590, 590, 590
[TDSE] Running TDSE-SH-elliptical. step 31600, energy = -0.28625640724750023
  |->  par_lens = 590, 590, 590
[TDSE] Running TDSE-SH-elliptical. step 31800, energy = -0.3372531365110285
  |->  par_lens = 590, 590, 590
[TDSE] Running TDSE-SH-elliptical. step 32000, energy = -0.3771483559748155
  |->  par_lens = 590, 590, 590
[TDSE] Running TDSE-SH-elliptical. step 32200, energy = -0.3142050021462254
  |->  par_lens = 590, 590, 590
[TDSE] Running TDSE-SH-elliptical. step 32400, energy = -0.16996225132265622
  |->  par_lens = 590, 590, 590
[TDSE] Running TDSE-SH-elliptical. step 32600, energy = -0.09079627023443437
  |->  par_lens = 590, 590, 590
[TDSE] Running TDSE-SH-elliptical. step 32800, energy = -0.12870415226415854
  |->  par_lens = 590, 590, 590
[TDSE] Running TDSE-SH-elliptical. step 33000, energy = -0.24559118571336075
  |->  par_lens = 590, 590, 590
[TDSE] Running TDSE-SH-elliptical. step 33200, energy = -0.3572647715002005
  |->  par_lens = 590, 590, 590
[TDSE] Running TDSE-SH-elliptical. step 33400, energy = -0.3813646112924301
  |->  par_lens = 590, 590, 590
[TDSE] Running TDSE-SH-elliptical. step 33600, energy = -0.3564572985728827
  |->  par_lens = 590, 590, 590
[TDSE] Running TDSE-SH-elliptical. step 33800, energy = -0.3522494215178354
  |->  par_lens = 590, 590, 590
[TDSE] Running TDSE-SH-elliptical. step 34000, energy = -0.3720192635467732
  |->  par_lens = 590, 590, 590
[TDSE] Running TDSE-SH-elliptical. step 34200, energy = -0.3848373964387474
  |->  par_lens = 590, 590, 590
[TDSE] Running TDSE-SH-elliptical. step 34400, energy = -0.3403374085794587
  |->  par_lens = 590, 590, 590
[TDSE] Running TDSE-SH-elliptical. step 34600, energy = -0.258643434419298
  |->  par_lens = 590, 590, 590
[TDSE] Running TDSE-SH-elliptical. step 34800, energy = -0.20196279585461913
  |->  par_lens = 590, 590, 590
[TDSE] Running TDSE-SH-elliptical. step 35000, energy = -0.22600865182813415
  |->  par_lens = 590, 590, 590
[TDSE] Running TDSE-SH-elliptical. step 35200, energy = -0.2945007077627422
  |->  par_lens = 590, 590, 590
[TDSE] Running TDSE-SH-elliptical. step 35400, energy = -0.3629127281313024
  |->  par_lens = 590, 590, 590
[TDSE] Running TDSE-SH-elliptical. step 35600, energy = -0.3924051649986945
  |->  par_lens = 590, 590, 590
[TDSE] Running TDSE-SH-elliptical. step 35800, energy = -0.3926387133386054
  |->  par_lens = 590, 590, 590
[TDSE] Running TDSE-SH-elliptical. step 36000, energy = -0.3881761941168048
  |->  par_lens = 590, 590, 590
[TDSE] Running TDSE-SH-elliptical. step 36200, energy = -0.39548428396466556
  |->  par_lens = 590, 590, 590
[TDSE] Running TDSE-SH-elliptical. step 36400, energy = -0.39035037869208966
  |->  par_lens = 590, 590, 590
[TDSE] Running TDSE-SH-elliptical. step 36600, energy = -0.36166870007822594
  |->  par_lens = 590, 590, 590
[TDSE] Running TDSE-SH-elliptical. step 36800, energy = -0.3174863776336423
  |->  par_lens = 590, 590, 590
[TDSE] Running TDSE-SH-elliptical. step 37000, energy = -0.2980353331318835
  |->  par_lens = 590, 590, 590
[TDSE] Running TDSE-SH-elliptical. step 37200, energy = -0.29892254215445246
  |->  par_lens = 590, 590, 590
[TDSE] Running TDSE-SH-elliptical. step 37400, energy = -0.33484646179731825
  |->  par_lens = 590, 590, 590
[TDSE] Running TDSE-SH-elliptical. step 37600, energy = -0.36852775800098564
  |->  par_lens = 590, 590, 590
[TDSE] Running TDSE-SH-elliptical. step 37800, energy = -0.3872894629553534
  |->  par_lens = 590, 590, 590
[TDSE] Running TDSE-SH-elliptical. step 38000, energy = -0.3971462034016702
  |->  par_lens = 590, 590, 590
[TDSE] Running TDSE-SH-elliptical. step 38200, energy = -0.3976238505531064
  |->  par_lens = 590, 590, 590
[TDSE] Running TDSE-SH-elliptical. step 38400, energy = -0.3960394824118749
  |->  par_lens = 590, 590, 590
[TDSE] Running TDSE-SH-elliptical. step 38600, energy = -0.38646541141606305
  |->  par_lens = 590, 590, 590
[TDSE] Running TDSE-SH-elliptical. step 38800, energy = -0.37318609432699423
  |->  par_lens = 590, 590, 590
[TDSE] Running TDSE-SH-elliptical. step 39000, energy = -0.35618622393351107
  |->  par_lens = 590, 590, 590
[TDSE] Running TDSE-SH-elliptical. step 39200, energy = -0.3481701287322317
  |->  par_lens = 590, 590, 590
[TDSE] Running TDSE-SH-elliptical. step 39400, energy = -0.34987510641211556
  |->  par_lens = 590, 590, 590
[TDSE] Running TDSE-SH-elliptical. step 39600, energy = -0.3608183550692176
  |->  par_lens = 590, 590, 590
[TDSE] Running TDSE-SH-elliptical. step 39800, energy = -0.36916164814609376
  |->  par_lens = 590, 590, 590
[TDSE] Running TDSE-SH-elliptical. step 40000, energy = -0.3824343632818178
  |->  par_lens = 590, 590, 590
[TDSE] Running TDSE-SH-elliptical. step 40200, energy = -0.3852456168809608
  |->  par_lens = 590, 590, 590
[TDSE] Running TDSE-SH-elliptical. step 40400, energy = -0.38696897591463647
  |->  par_lens = 590, 590, 590
[TDSE] Running TDSE-SH-elliptical. step 40600, energy = -0.38383148090391417
  |->  par_lens = 590, 590, 590
[TDSE] Running TDSE-SH-elliptical. step 40800, energy = -0.38297503559925
  |->  par_lens = 590, 590, 590
[TDSE] Running TDSE-SH-elliptical. step 41000, energy = -0.3756504066047066
  |->  par_lens = 590, 590, 590
[TDSE] Running TDSE-SH-elliptical. step 41200, energy = -0.37568930248379484
  |->  par_lens = 590, 590, 590
[TDSE] Running TDSE-SH-elliptical. step 41400, energy = -0.3703956597225938
  |->  par_lens = 590, 590, 590
[TDSE] Running TDSE-SH-elliptical. step 41600, energy = -0.3744867699006751
  |->  par_lens = 590, 590, 590
[TDSE] Running TDSE-SH-elliptical. step 41800, energy = -0.3740636601935686
  |->  par_lens = 590, 590, 590
[TDSE] Running TDSE-SH-elliptical. step 42000, energy = -0.3757746886591019
  |->  par_lens = 590, 590, 590
[TDSE] Running TDSE-SH-elliptical. step 42200, energy = -0.37637085161275785
  |->  par_lens = 590, 590, 590
[TDSE] Running TDSE-SH-elliptical. step 42400, energy = -0.37906831361746984
  |->  par_lens = 590, 590, 590
[TDSE] Running TDSE-SH-elliptical. step 42600, energy = -0.37702804760652775
  |->  par_lens = 590, 590, 590
[TDSE] Running TDSE-SH-elliptical. step 42800, energy = -0.37779330433124636
  |->  par_lens = 590, 590, 590
[TDSE] Running TDSE-SH-elliptical. step 43000, energy = -0.37920562884377695
  |->  par_lens = 590, 590, 590
[TDSE] Running TDSE-SH-elliptical. step 43200, energy = -0.37763023287231146
  |->  par_lens = 590, 590, 590
[TDSE] Running TDSE-SH-elliptical. step 43400, energy = -0.37920133081198953
  |->  par_lens = 590, 590, 590
[TDSE] Running TDSE-SH-elliptical. step 43600, energy = -0.3786026568079852
  |->  par_lens = 590, 590, 590
[TDSE] Running TDSE-SH-elliptical. step 43800, energy = -0.3797908725188166
  |->  par_lens = 590, 590, 590
[TDSE] Running TDSE-SH-elliptical. step 44000, energy = -0.3785583982766835
  |->  par_lens = 590, 590, 590
[TDSE] Running TDSE-SH-elliptical. step 44200, energy = -0.38109773818544956
  |->  par_lens = 590, 590, 590
[TDSE] Running TDSE-SH-elliptical. step 44400, energy = -0.3781491614932767
  |->  par_lens = 590, 590, 590
[TDSE] Running TDSE-SH-elliptical. step 44600, energy = -0.38215436535844766
  |->  par_lens = 590, 590, 590
[TDSE] Running TDSE-SH-elliptical. step 44800, energy = -0.37865750648203955
  |->  par_lens = 590, 590, 590
[TDSE] Running TDSE-SH-elliptical. step 45000, energy = -0.38181046881489955
  |->  par_lens = 590, 590, 590
