  Activating project at `~/JuliaProp_v0.1`
[ITP]: 10000.471108571397
[ITP]: 0.022107823405609905
[ITP]: 0.004976805475414736
[ITP]: 0.0021058954092971205
[ITP]: 0.001084104546129061
[ITP]: 0.0006160870179273692
[ITP]: 0.0003714642087823128
[ITP]: 0.00023286611963801995
[ITP]: 0.0001500123428329614
[ITP]: 9.857967926441003e-5
[ITP]: 6.57601184761436e-5
[ITP]: 4.43786526744816e-5
[ITP]: 3.022437766897479e-5
[ITP]: 2.0735965556739622e-5
[ITP]: 1.4311264988853267e-5
[ITP]: 9.92563006574354e-6
[ITP]: 6.9119921211058255e-6
[ITP]: 4.82976755122877e-6
[ITP]: 3.384510666504248e-6
[ITP]: 2.3775199649023193e-6
[ITP]: 1.6736194445865493e-6
[ITP]: 1.1802274751948616e-6
[ITP]: 8.335748883370186e-7
[ITP]: 5.895273362810372e-7
[ITP]: 4.174150680658073e-7
[ITP]: 2.958509506267859e-7
[ITP]: 2.098764437796774e-7
[ITP]: 1.4900242706339384e-7
[ITP]: 1.0585745457980522e-7
[ITP]: 7.525113565609587e-8
[ITP]: 5.352267851144177e-8
[ITP]: 3.808635307134267e-8
[ITP]: 2.7113442158110956e-8
[ITP]: 1.9309163601377577e-8
[ITP]: 1.3755872219078924e-8
[ITP]: 9.802639699962867e-9
Energy of ground state: -0.5030607411950042
[TDSE] Start TDSE-SH for elliptical polarized laser. It may cost a plenty of time.
[TDSE] Running TDSE-SH-elliptical. step 0, energy = -0.5030607411950033
  |->  par_lens = 1, 1, 1
[TDSE] Running TDSE-SH-elliptical. step 200, energy = -0.5030607411948639
  |->  par_lens = 1, 1, 1
[TDSE] Running TDSE-SH-elliptical. step 400, energy = -0.5030607411947084
  |->  par_lens = 1, 1, 2
[TDSE] Running TDSE-SH-elliptical. step 600, energy = -0.5030607411943816
  |->  par_lens = 1, 1, 2
[TDSE] Running TDSE-SH-elliptical. step 800, energy = -0.5030607411933419
  |->  par_lens = 1, 1, 2
[TDSE] Running TDSE-SH-elliptical. step 1000, energy = -0.5030607411899483
  |->  par_lens = 1, 1, 2
[TDSE] Running TDSE-SH-elliptical. step 1200, energy = -0.5030607411811105
  |->  par_lens = 1, 1, 2
[TDSE] Running TDSE-SH-elliptical. step 1400, energy = -0.5030607411606676
  |->  par_lens = 1, 1, 2
[TDSE] Running TDSE-SH-elliptical. step 1600, energy = -0.5030607411193972
  |->  par_lens = 1, 1, 2
[TDSE] Running TDSE-SH-elliptical. step 1800, energy = -0.5030607410417913
  |->  par_lens = 1, 1, 2
[TDSE] Running TDSE-SH-elliptical. step 2000, energy = -0.5030607409072972
  |->  par_lens = 1, 1, 2
[TDSE] Running TDSE-SH-elliptical. step 2200, energy = -0.5030607406846891
  |->  par_lens = 1, 1, 2
[TDSE] Running TDSE-SH-elliptical. step 2400, energy = -0.5030607403358575
  |->  par_lens = 1, 1, 2
[TDSE] Running TDSE-SH-elliptical. step 2600, energy = -0.5030607398060833
  |->  par_lens = 1, 1, 2
[TDSE] Running TDSE-SH-elliptical. step 2800, energy = -0.5030607390333818
  |->  par_lens = 1, 1, 2
[TDSE] Running TDSE-SH-elliptical. step 3000, energy = -0.503060737928888
  |->  par_lens = 1, 1, 2
[TDSE] Running TDSE-SH-elliptical. step 3200, energy = -0.5030607364045198
  |->  par_lens = 1, 1, 2
[TDSE] Running TDSE-SH-elliptical. step 3400, energy = -0.5030607343228861
  |->  par_lens = 1, 1, 2
[TDSE] Running TDSE-SH-elliptical. step 3600, energy = -0.5030607315665256
  |->  par_lens = 1, 1, 2
[TDSE] Running TDSE-SH-elliptical. step 3800, energy = -0.5030607279426759
  |->  par_lens = 1, 1, 2
[TDSE] Running TDSE-SH-elliptical. step 4000, energy = -0.5030607233017784
  |->  par_lens = 1, 1, 2
[TDSE] Running TDSE-SH-elliptical. step 4200, energy = -0.503060717372929
  |->  par_lens = 1, 1, 2
[TDSE] Running TDSE-SH-elliptical. step 4400, energy = -0.5030607099972727
  |->  par_lens = 1, 2, 2
[TDSE] Running TDSE-SH-elliptical. step 4600, energy = -0.5030607008149414
  |->  par_lens = 2, 2, 2
[TDSE] Running TDSE-SH-elliptical. step 4800, energy = -0.5030606896208176
  |->  par_lens = 2, 2, 2
[TDSE] Running TDSE-SH-elliptical. step 5000, energy = -0.5030606760241929
  |->  par_lens = 2, 2, 2
[TDSE] Running TDSE-SH-elliptical. step 5200, energy = -0.5030606597499122
  |->  par_lens = 2, 2, 2
[TDSE] Running TDSE-SH-elliptical. step 5400, energy = -0.5030606403539623
  |->  par_lens = 2, 2, 2
[TDSE] Running TDSE-SH-elliptical. step 5600, energy = -0.5030606175154251
  |->  par_lens = 2, 2, 2
[TDSE] Running TDSE-SH-elliptical. step 5800, energy = -0.5030605908077632
  |->  par_lens = 2, 2, 2
[TDSE] Running TDSE-SH-elliptical. step 6000, energy = -0.5030605597225261
  |->  par_lens = 2, 2, 2
[TDSE] Running TDSE-SH-elliptical. step 6200, energy = -0.5030605240349799
  |->  par_lens = 2, 2, 2
[TDSE] Running TDSE-SH-elliptical. step 6400, energy = -0.5030604829467998
  |->  par_lens = 2, 2, 2
[TDSE] Running TDSE-SH-elliptical. step 6600, energy = -0.503060436430911
  |->  par_lens = 2, 2, 2
[TDSE] Running TDSE-SH-elliptical. step 6800, energy = -0.5030603835872964
  |->  par_lens = 2, 2, 2
[TDSE] Running TDSE-SH-elliptical. step 7000, energy = -0.5030603244579712
  |->  par_lens = 2, 2, 2
[TDSE] Running TDSE-SH-elliptical. step 7200, energy = -0.5030602578693946
  |->  par_lens = 2, 2, 2
[TDSE] Running TDSE-SH-elliptical. step 7400, energy = -0.5030601844552812
  |->  par_lens = 2, 2, 2
[TDSE] Running TDSE-SH-elliptical. step 7600, energy = -0.5030601026178803
  |->  par_lens = 2, 2, 2
[TDSE] Running TDSE-SH-elliptical. step 7800, energy = -0.5030600128936712
  |->  par_lens = 2, 2, 2
[TDSE] Running TDSE-SH-elliptical. step 8000, energy = -0.5030599143439646
  |->  par_lens = 2, 2, 2
[TDSE] Running TDSE-SH-elliptical. step 8200, energy = -0.503059807222001
  |->  par_lens = 2, 2, 2
[TDSE] Running TDSE-SH-elliptical. step 8400, energy = -0.5030596904509249
  |->  par_lens = 2, 2, 2
[TDSE] Running TDSE-SH-elliptical. step 8600, energy = -0.5030595645620892
  |->  par_lens = 2, 2, 2
[TDSE] Running TDSE-SH-elliptical. step 8800, energy = -0.5030594290854662
  |->  par_lens = 2, 2, 2
[TDSE] Running TDSE-SH-elliptical. step 9000, energy = -0.503059283586742
  |->  par_lens = 2, 2, 2
[TDSE] Running TDSE-SH-elliptical. step 9200, energy = -0.5030591288234614
  |->  par_lens = 2, 2, 2
[TDSE] Running TDSE-SH-elliptical. step 9400, energy = -0.5030589635035347
  |->  par_lens = 2, 2, 2
[TDSE] Running TDSE-SH-elliptical. step 9600, energy = -0.5030587893077332
  |->  par_lens = 2, 2, 2
[TDSE] Running TDSE-SH-elliptical. step 9800, energy = -0.5030586048217077
  |->  par_lens = 2, 2, 2
[TDSE] Running TDSE-SH-elliptical. step 10000, energy = -0.5030584117249218
  |->  par_lens = 2, 2, 2
[TDSE] Running TDSE-SH-elliptical. step 10200, energy = -0.5030581442914803
  |->  par_lens = 2, 2, 2
[TDSE] Running TDSE-SH-elliptical. step 10400, energy = -0.5030572012917974
  |->  par_lens = 2, 2, 2
[TDSE] Running TDSE-SH-elliptical. step 10600, energy = -0.5030562138472676
  |->  par_lens = 2, 2, 2
[TDSE] Running TDSE-SH-elliptical. step 10800, energy = -0.5030576302109955
  |->  par_lens = 2, 2, 2
[TDSE] Running TDSE-SH-elliptical. step 11000, energy = -0.5030581016398182
  |->  par_lens = 2, 2, 2
[TDSE] Running TDSE-SH-elliptical. step 11200, energy = -0.5030372014173881
  |->  par_lens = 4, 3, 3
[TDSE] Running TDSE-SH-elliptical. step 11400, energy = -0.5029748914937361
  |->  par_lens = 4, 3, 3
[TDSE] Running TDSE-SH-elliptical. step 11600, energy = -0.502904760919084
  |->  par_lens = 4, 4, 4
[TDSE] Running TDSE-SH-elliptical. step 11800, energy = -0.5029139866030811
  |->  par_lens = 4, 4, 3
[TDSE] Running TDSE-SH-elliptical. step 12000, energy = -0.5029845730913821
  |->  par_lens = 4, 4, 3
[TDSE] Running TDSE-SH-elliptical. step 12200, energy = -0.5028629253293851
  |->  par_lens = 4, 4, 4
[TDSE] Running TDSE-SH-elliptical. step 12400, energy = -0.5022647451234311
  |->  par_lens = 5, 5, 6
[TDSE] Running TDSE-SH-elliptical. step 12600, energy = -0.5013932026410576
  |->  par_lens = 7, 7, 7
[TDSE] Running TDSE-SH-elliptical. step 12800, energy = -0.5010322856936824
  |->  par_lens = 7, 7, 7
[TDSE] Running TDSE-SH-elliptical. step 13000, energy = -0.5017074442744174
  |->  par_lens = 6, 6, 7
[TDSE] Running TDSE-SH-elliptical. step 13200, energy = -0.5025974613270867
  |->  par_lens = 6, 5, 6
[TDSE] Running TDSE-SH-elliptical. step 13400, energy = -0.5019796116787577
  |->  par_lens = 6, 6, 6
[TDSE] Running TDSE-SH-elliptical. step 13600, energy = -0.49934798871884783
  |->  par_lens = 9, 8, 8
[TDSE] Running TDSE-SH-elliptical. step 13800, energy = -0.49685044497146236
  |->  par_lens = 10, 10, 10
[TDSE] Running TDSE-SH-elliptical. step 14000, energy = -0.4973776361509027
  |->  par_lens = 10, 10, 10
[TDSE] Running TDSE-SH-elliptical. step 14200, energy = -0.5004778087875378
  |->  par_lens = 11, 11, 11
[TDSE] Running TDSE-SH-elliptical. step 14400, energy = -0.5014608337480189
  |->  par_lens = 12, 11, 12
[TDSE] Running TDSE-SH-elliptical. step 14600, energy = -0.4962806174967732
  |->  par_lens = 12, 10, 10
[TDSE] Running TDSE-SH-elliptical. step 14800, energy = -0.4877791662540322
  |->  par_lens = 15, 13, 14
[TDSE] Running TDSE-SH-elliptical. step 15000, energy = -0.4842925079173085
  |->  par_lens = 17, 17, 16
[TDSE] Running TDSE-SH-elliptical. step 15200, energy = -0.4903555306516055
  |->  par_lens = 18, 18, 19
[TDSE] Running TDSE-SH-elliptical. step 15400, energy = -0.498860568229519
  |->  par_lens = 21, 20, 21
[TDSE] Running TDSE-SH-elliptical. step 15600, energy = -0.49721851152460217
  |->  par_lens = 21, 20, 21
[TDSE] Running TDSE-SH-elliptical. step 15800, energy = -0.4825247107744272
  |->  par_lens = 18, 19, 21
[TDSE] Running TDSE-SH-elliptical. step 16000, energy = -0.4684216867218268
  |->  par_lens = 25, 22, 22
[TDSE] Running TDSE-SH-elliptical. step 16200, energy = -0.470893806177809
  |->  par_lens = 28, 28, 26
[TDSE] Running TDSE-SH-elliptical. step 16400, energy = -0.4878791486368572
  |->  par_lens = 32, 32, 32
[TDSE] Running TDSE-SH-elliptical. step 16600, energy = -0.4967977707425477
  |->  par_lens = 34, 33, 33
[TDSE] Running TDSE-SH-elliptical. step 16800, energy = -0.47955975270111023
  |->  par_lens = 35, 33, 33
[TDSE] Running TDSE-SH-elliptical. step 17000, energy = -0.4477330115346812
  |->  par_lens = 31, 31, 33
[TDSE] Running TDSE-SH-elliptical. step 17200, energy = -0.4343322534807243
  |->  par_lens = 39, 41, 41
[TDSE] Running TDSE-SH-elliptical. step 17400, energy = -0.4553051576470304
  |->  par_lens = 50, 51, 50
[TDSE] Running TDSE-SH-elliptical. step 17600, energy = -0.48701107033128727
  |->  par_lens = 59, 56, 57
[TDSE] Running TDSE-SH-elliptical. step 17800, energy = -0.4867415240481633
  |->  par_lens = 61, 57, 58
[TDSE] Running TDSE-SH-elliptical. step 18000, energy = -0.44496050502745016
  |->  par_lens = 56, 51, 55
[TDSE] Running TDSE-SH-elliptical. step 18200, energy = -0.4036939965125538
  |->  par_lens = 49, 50, 49
[TDSE] Running TDSE-SH-elliptical. step 18400, energy = -0.4092803014436256
  |->  par_lens = 67, 70, 69
[TDSE] Running TDSE-SH-elliptical. step 18600, energy = -0.4568576950080558
  |->  par_lens = 82, 84, 82
[TDSE] Running TDSE-SH-elliptical. step 18800, energy = -0.48702452559919046
  |->  par_lens = 89, 90, 89
[TDSE] Running TDSE-SH-elliptical. step 19000, energy = -0.45064707458602665
  |->  par_lens = 92, 89, 89
[TDSE] Running TDSE-SH-elliptical. step 19200, energy = -0.37613601586235507
  |->  par_lens = 72, 71, 74
[TDSE] Running TDSE-SH-elliptical. step 19400, energy = -0.34432988207699083
  |->  par_lens = 84, 86, 87
[TDSE] Running TDSE-SH-elliptical. step 19600, energy = -0.3888491800008511
  |->  par_lens = 115, 115, 115
[TDSE] Running TDSE-SH-elliptical. step 19800, energy = -0.46354097870536476
  |->  par_lens = 139, 136, 138
[TDSE] Running TDSE-SH-elliptical. step 20000, energy = -0.47107739159940526
  |->  par_lens = 145, 144, 143
[TDSE] Running TDSE-SH-elliptical. step 20200, energy = -0.38882132665451885
  |->  par_lens = 139, 137, 137
[TDSE] Running TDSE-SH-elliptical. step 20400, energy = -0.3054920117033254
  |->  par_lens = 108, 107, 111
[TDSE] Running TDSE-SH-elliptical. step 20600, energy = -0.315830599886752
  |->  par_lens = 138, 136, 143
[TDSE] Running TDSE-SH-elliptical. step 20800, energy = -0.40455066583991667
  |->  par_lens = 178, 177, 179
[TDSE] Running TDSE-SH-elliptical. step 21000, energy = -0.47150306083143007
  |->  par_lens = 196, 194, 194
[TDSE] Running TDSE-SH-elliptical. step 21200, energy = -0.4145845290314485
  |->  par_lens = 198, 195, 197
[TDSE] Running TDSE-SH-elliptical. step 21400, energy = -0.2840226319917466
  |->  par_lens = 172, 178, 176
[TDSE] Running TDSE-SH-elliptical. step 21600, energy = -0.22906830537277711
  |->  par_lens = 155, 159, 163
[TDSE] Running TDSE-SH-elliptical. step 21800, energy = -0.30039168589890547
  |->  par_lens = 217, 218, 217
[TDSE] Running TDSE-SH-elliptical. step 22000, energy = -0.42759108475987423
  |->  par_lens = 267, 268, 267
[TDSE] Running TDSE-SH-elliptical. step 22200, energy = -0.45224038865849864
  |->  par_lens = 279, 278, 281
[TDSE] Running TDSE-SH-elliptical. step 22400, energy = -0.32699776344190656
  |->  par_lens = 274, 273, 274
[TDSE] Running TDSE-SH-elliptical. step 22600, energy = -0.19534566448313792
  |->  par_lens = 223, 227, 234
[TDSE] Running TDSE-SH-elliptical. step 22800, energy = -0.21446222451907596
  |->  par_lens = 238, 237, 243
[TDSE] Running TDSE-SH-elliptical. step 23000, energy = -0.33803591811741623
  |->  par_lens = 307, 306, 310
[TDSE] Running TDSE-SH-elliptical. step 23200, energy = -0.44769520198227514
  |->  par_lens = 338, 341, 338
[TDSE] Running TDSE-SH-elliptical. step 23400, energy = -0.37967351981449543
  |->  par_lens = 340, 344, 340
[TDSE] Running TDSE-SH-elliptical. step 23600, energy = -0.19682052911562642
  |->  par_lens = 307, 301, 306
[TDSE] Running TDSE-SH-elliptical. step 23800, energy = -0.1184280896943413
  |->  par_lens = 271, 280, 272
[TDSE] Running TDSE-SH-elliptical. step 24000, energy = -0.2157409466003368
  |->  par_lens = 345, 337, 342
[TDSE] Running TDSE-SH-elliptical. step 24200, energy = -0.3810751541995608
  |->  par_lens = 413, 415, 412
[TDSE] Running TDSE-SH-elliptical. step 24400, energy = -0.42753736927682273
  |->  par_lens = 428, 429, 428
[TDSE] Running TDSE-SH-elliptical. step 24600, energy = -0.2779613005122058
  |->  par_lens = 415, 409, 409
[TDSE] Running TDSE-SH-elliptical. step 24800, energy = -0.10801671125204448
  |->  par_lens = 365, 365, 364
[TDSE] Running TDSE-SH-elliptical. step 25000, energy = -0.1332276753872942
  |->  par_lens = 357, 367, 360
[TDSE] Running TDSE-SH-elliptical. step 25200, energy = -0.2743884694580701
  |->  par_lens = 433, 431, 433
[TDSE] Running TDSE-SH-elliptical. step 25400, energy = -0.41360036024100655
  |->  par_lens = 469, 464, 465
[TDSE] Running TDSE-SH-elliptical. step 25600, energy = -0.3495441007755649
  |->  par_lens = 464, 465, 468
[TDSE] Running TDSE-SH-elliptical. step 25800, energy = -0.1468716365639352
  |->  par_lens = 433, 437, 440
[TDSE] Running TDSE-SH-elliptical. step 26000, energy = -0.05095349089849345
  |->  par_lens = 411, 418, 415
[TDSE] Running TDSE-SH-elliptical. step 26200, energy = -0.160146009207138
  |->  par_lens = 448, 452, 451
[TDSE] Running TDSE-SH-elliptical. step 26400, energy = -0.3343180595391013
  |->  par_lens = 496, 498, 503
[TDSE] Running TDSE-SH-elliptical. step 26600, energy = -0.3987611887339725
  |->  par_lens = 512, 513, 514
[TDSE] Running TDSE-SH-elliptical. step 26800, energy = -0.25637776024022907
  |->  par_lens = 511, 509, 511
[TDSE] Running TDSE-SH-elliptical. step 27000, energy = -0.0787493345135881
  |->  par_lens = 493, 488, 483
[TDSE] Running TDSE-SH-elliptical. step 27200, energy = -0.10285774495352096
  |->  par_lens = 498, 487, 485
[TDSE] Running TDSE-SH-elliptical. step 27400, energy = -0.23574541032032575
  |->  par_lens = 512, 511, 511
[TDSE] Running TDSE-SH-elliptical. step 27600, energy = -0.3793214003732969
  |->  par_lens = 524, 523, 521
[TDSE] Running TDSE-SH-elliptical. step 27800, energy = -0.3325526522296393
  |->  par_lens = 529, 525, 523
[TDSE] Running TDSE-SH-elliptical. step 28000, energy = -0.1467924625174731
  |->  par_lens = 519, 520, 517
[TDSE] Running TDSE-SH-elliptical. step 28200, energy = -0.05496632529939103
  |->  par_lens = 506, 510, 505
[TDSE] Running TDSE-SH-elliptical. step 28400, energy = -0.1488422582376307
  |->  par_lens = 517, 523, 523
[TDSE] Running TDSE-SH-elliptical. step 28600, energy = -0.3080733115298563
  |->  par_lens = 534, 538, 536
[TDSE] Running TDSE-SH-elliptical. step 28800, energy = -0.3768357256049046
  |->  par_lens = 542, 543, 542
[TDSE] Running TDSE-SH-elliptical. step 29000, energy = -0.26268364623523016
  |->  par_lens = 540, 541, 542
[TDSE] Running TDSE-SH-elliptical. step 29200, energy = -0.1151849259661539
  |->  par_lens = 518, 522, 529
[TDSE] Running TDSE-SH-elliptical. step 29400, energy = -0.12785829336781077
  |->  par_lens = 525, 520, 529
[TDSE] Running TDSE-SH-elliptical. step 29600, energy = -0.23428531780716186
  |->  par_lens = 539, 537, 534
[TDSE] Running TDSE-SH-elliptical. step 29800, energy = -0.3628220649361631
  |->  par_lens = 549, 545, 548
[TDSE] Running TDSE-SH-elliptical. step 30000, energy = -0.3356686781769886
  |->  par_lens = 547, 545, 547
[TDSE] Running TDSE-SH-elliptical. step 30200, energy = -0.1932242121570707
  |->  par_lens = 541, 539, 544
[TDSE] Running TDSE-SH-elliptical. step 30400, energy = -0.12027352790779913
  |->  par_lens = 533, 533, 538
[TDSE] Running TDSE-SH-elliptical. step 30600, energy = -0.18206037787831786
  |->  par_lens = 548, 549, 548
[TDSE] Running TDSE-SH-elliptical. step 30800, energy = -0.3090106959405694
  |->  par_lens = 553, 553, 550
[TDSE] Running TDSE-SH-elliptical. step 31000, energy = -0.37272549150104817
  |->  par_lens = 554, 552, 554
[TDSE] Running TDSE-SH-elliptical. step 31200, energy = -0.2999901195362863
  |->  par_lens = 554, 554, 553
[TDSE] Running TDSE-SH-elliptical. step 31400, energy = -0.199466462143919
  |->  par_lens = 552, 548, 551
[TDSE] Running TDSE-SH-elliptical. step 31600, energy = -0.19386769332639736
  |->  par_lens = 542, 538, 543
[TDSE] Running TDSE-SH-elliptical. step 31800, energy = -0.27591038673189094
  |->  par_lens = 548, 542, 549
[TDSE] Running TDSE-SH-elliptical. step 32000, energy = -0.3696043713168263
  |->  par_lens = 551, 549, 552
[TDSE] Running TDSE-SH-elliptical. step 32200, energy = -0.35747395816779703
  |->  par_lens = 547, 551, 549
[TDSE] Running TDSE-SH-elliptical. step 32400, energy = -0.2651303557400549
  |->  par_lens = 552, 549, 550
[TDSE] Running TDSE-SH-elliptical. step 32600, energy = -0.21738856714441324
  |->  par_lens = 546, 546, 544
[TDSE] Running TDSE-SH-elliptical. step 32800, energy = -0.25335589500049194
  |->  par_lens = 551, 550, 555
[TDSE] Running TDSE-SH-elliptical. step 33000, energy = -0.33687417928594854
  |->  par_lens = 555, 554, 556
[TDSE] Running TDSE-SH-elliptical. step 33200, energy = -0.3831428974154506
  |->  par_lens = 557, 556, 557
[TDSE] Running TDSE-SH-elliptical. step 33400, energy = -0.34543769485615683
  |->  par_lens = 557, 555, 557
[TDSE] Running TDSE-SH-elliptical. step 33600, energy = -0.2870120030576012
  |->  par_lens = 553, 551, 555
[TDSE] Running TDSE-SH-elliptical. step 33800, energy = -0.2831505325686391
  |->  par_lens = 548, 547, 551
[TDSE] Running TDSE-SH-elliptical. step 34000, energy = -0.3274773720667479
  |->  par_lens = 545, 544, 547
[TDSE] Running TDSE-SH-elliptical. step 34200, energy = -0.38082416606592695
  |->  par_lens = 540, 542, 543
[TDSE] Running TDSE-SH-elliptical. step 34400, energy = -0.3794595453564401
  |->  par_lens = 538, 542, 538
[TDSE] Running TDSE-SH-elliptical. step 34600, energy = -0.3359320401694354
  |->  par_lens = 542, 543, 539
[TDSE] Running TDSE-SH-elliptical. step 34800, energy = -0.30351833283918034
  |->  par_lens = 546, 543, 535
[TDSE] Running TDSE-SH-elliptical. step 35000, energy = -0.3235672583767896
  |->  par_lens = 549, 545, 540
[TDSE] Running TDSE-SH-elliptical. step 35200, energy = -0.36571571677552583
  |->  par_lens = 547, 546, 547
[TDSE] Running TDSE-SH-elliptical. step 35400, energy = -0.3917349032135461
  |->  par_lens = 549, 540, 545
[TDSE] Running TDSE-SH-elliptical. step 35600, energy = -0.37946301667976823
  |->  par_lens = 544, 544, 542
[TDSE] Running TDSE-SH-elliptical. step 35800, energy = -0.3566612094259106
  |->  par_lens = 535, 529, 530
[TDSE] Running TDSE-SH-elliptical. step 36000, energy = -0.34615274604895707
  |->  par_lens = 514, 509, 512
[TDSE] Running TDSE-SH-elliptical. step 36200, energy = -0.37408772074859487
  |->  par_lens = 490, 490, 489
[TDSE] Running TDSE-SH-elliptical. step 36400, energy = -0.39075292137804807
  |->  par_lens = 470, 476, 464
[TDSE] Running TDSE-SH-elliptical. step 36600, energy = -0.39401460449166914
  |->  par_lens = 453, 462, 445
[TDSE] Running TDSE-SH-elliptical. step 36800, energy = -0.3759491041880759
  |->  par_lens = 447, 449, 438
[TDSE] Running TDSE-SH-elliptical. step 37000, energy = -0.3668451734414435
  |->  par_lens = 433, 436, 436
[TDSE] Running TDSE-SH-elliptical. step 37200, energy = -0.3710436550886118
  |->  par_lens = 432, 437, 438
[TDSE] Running TDSE-SH-elliptical. step 37400, energy = -0.38708734705506725
  |->  par_lens = 435, 439, 443
[TDSE] Running TDSE-SH-elliptical. step 37600, energy = -0.3986387726130309
  |->  par_lens = 440, 436, 439
[TDSE] Running TDSE-SH-elliptical. step 37800, energy = -0.3962440157373556
  |->  par_lens = 433, 433, 432
[TDSE] Running TDSE-SH-elliptical. step 38000, energy = -0.38905756502734984
  |->  par_lens = 424, 415, 424
[TDSE] Running TDSE-SH-elliptical. step 38200, energy = -0.3900417185096875
  |->  par_lens = 394, 405, 402
[TDSE] Running TDSE-SH-elliptical. step 38400, energy = -0.39219015818226016
  |->  par_lens = 380, 382, 377
[TDSE] Running TDSE-SH-elliptical. step 38600, energy = -0.39991964840599264
  |->  par_lens = 358, 362, 360
[TDSE] Running TDSE-SH-elliptical. step 38800, energy = -0.39917868566975223
  |->  par_lens = 348, 352, 347
[TDSE] Running TDSE-SH-elliptical. step 39000, energy = -0.39618925735394456
  |->  par_lens = 342, 343, 339
[TDSE] Running TDSE-SH-elliptical. step 39200, energy = -0.39413163309609145
  |->  par_lens = 341, 345, 343
[TDSE] Running TDSE-SH-elliptical. step 39400, energy = -0.394398464554184
  |->  par_lens = 345, 353, 349
[TDSE] Running TDSE-SH-elliptical. step 39600, energy = -0.39899888052139737
  |->  par_lens = 353, 360, 355
[TDSE] Running TDSE-SH-elliptical. step 39800, energy = -0.4002798218057567
  |->  par_lens = 354, 358, 355
[TDSE] Running TDSE-SH-elliptical. step 40000, energy = -0.4015062984858865
  |->  par_lens = 353, 357, 355
[TDSE] Running TDSE-SH-elliptical. step 40200, energy = -0.4011584257622549
  |->  par_lens = 349, 355, 352
[TDSE] Running TDSE-SH-elliptical. step 40400, energy = -0.4009505252345626
  |->  par_lens = 348, 347, 347
[TDSE] Running TDSE-SH-elliptical. step 40600, energy = -0.4018878115959619
  |->  par_lens = 340, 343, 345
[TDSE] Running TDSE-SH-elliptical. step 40800, energy = -0.4021157694592689
  |->  par_lens = 333, 337, 335
[TDSE] Running TDSE-SH-elliptical. step 41000, energy = -0.40216907453649686
  |->  par_lens = 327, 334, 334
[TDSE] Running TDSE-SH-elliptical. step 41200, energy = -0.4024111803176884
  |->  par_lens = 329, 332, 334
[TDSE] Running TDSE-SH-elliptical. step 41400, energy = -0.4020467606891462
  |->  par_lens = 330, 334, 335
[TDSE] Running TDSE-SH-elliptical. step 41600, energy = -0.40273063683580856
  |->  par_lens = 329, 334, 334
[TDSE] Running TDSE-SH-elliptical. step 41800, energy = -0.40292719955083356
  |->  par_lens = 329, 333, 333
[TDSE] Running TDSE-SH-elliptical. step 42000, energy = -0.4034180313694258
  |->  par_lens = 330, 334, 333
[TDSE] Running TDSE-SH-elliptical. step 42200, energy = -0.403609637246334
  |->  par_lens = 330, 333, 333
[TDSE] Running TDSE-SH-elliptical. step 42400, energy = -0.4041423219088779
  |->  par_lens = 330, 333, 332
[TDSE] Running TDSE-SH-elliptical. step 42600, energy = -0.40435122775715215
  |->  par_lens = 330, 332, 331
[TDSE] Running TDSE-SH-elliptical. step 42800, energy = -0.40459456987609
  |->  par_lens = 329, 332, 331
[TDSE] Running TDSE-SH-elliptical. step 43000, energy = -0.4049609925967659
  |->  par_lens = 327, 332, 331
[TDSE] Running TDSE-SH-elliptical. step 43200, energy = -0.40527133486613226
  |->  par_lens = 327, 331, 330
[TDSE] Running TDSE-SH-elliptical. step 43400, energy = -0.40560184549412953
  |->  par_lens = 327, 331, 330
[TDSE] Running TDSE-SH-elliptical. step 43600, energy = -0.40589028432223223
  |->  par_lens = 327, 331, 330
[TDSE] Running TDSE-SH-elliptical. step 43800, energy = -0.4062990575585614
  |->  par_lens = 327, 330, 330
[TDSE] Running TDSE-SH-elliptical. step 44000, energy = -0.40650612226583227
  |->  par_lens = 327, 330, 329
[TDSE] Running TDSE-SH-elliptical. step 44200, energy = -0.40710312758807116
  |->  par_lens = 327, 330, 329
[TDSE] Running TDSE-SH-elliptical. step 44400, energy = -0.4073363144993739
  |->  par_lens = 326, 329, 329
[TDSE] Running TDSE-SH-elliptical. step 44600, energy = -0.40791655493851847
  |->  par_lens = 326, 328, 329
[TDSE] Running TDSE-SH-elliptical. step 44800, energy = -0.4079138033805777
  |->  par_lens = 326, 326, 329
[TDSE] Running TDSE-SH-elliptical. step 45000, energy = -0.40824694997893707
  |->  par_lens = 326, 326, 327
