  Activating project at `~/JuliaProp_v0.1`
[ITP]: 10000.471108571397
[ITP]: 0.022107823405609905
[ITP]: 0.004976805475414736
[ITP]: 0.0021058954092971205
[ITP]: 0.001084104546129061
[ITP]: 0.0006160870179273692
[ITP]: 0.0003714642087823128
[ITP]: 0.00023286611963801995
[ITP]: 0.0001500123428329614
[ITP]: 9.857967926441003e-5
[ITP]: 6.57601184761436e-5
[ITP]: 4.43786526744816e-5
[ITP]: 3.022437766897479e-5
[ITP]: 2.0735965556739622e-5
[ITP]: 1.4311264988853267e-5
[ITP]: 9.92563006574354e-6
[ITP]: 6.9119921211058255e-6
[ITP]: 4.82976755122877e-6
[ITP]: 3.384510666504248e-6
[ITP]: 2.3775199649023193e-6
[ITP]: 1.6736194445865493e-6
[ITP]: 1.1802274751948616e-6
[ITP]: 8.335748883370186e-7
[ITP]: 5.895273362810372e-7
[ITP]: 4.174150680658073e-7
[ITP]: 2.958509506267859e-7
[ITP]: 2.098764437796774e-7
[ITP]: 1.4900242706339384e-7
[ITP]: 1.0585745457980522e-7
[ITP]: 7.525113565609587e-8
[ITP]: 5.352267851144177e-8
[ITP]: 3.808635307134267e-8
[ITP]: 2.7113442158110956e-8
[ITP]: 1.9309163601377577e-8
[ITP]: 1.3755872219078924e-8
[ITP]: 9.802639699962867e-9
Energy of ground state: -0.5030607411950042
[TDSE] Start TDSE-SH for elliptical polarized laser. It may cost a plenty of time.
[TDSE] Running TDSE-SH-elliptical. step 0, energy = -0.5030607411950033
  |->  par_lens = 1, 1, 1
[TDSE] Running TDSE-SH-elliptical. step 200, energy = -0.5030607411948508
  |->  par_lens = 1, 1, 2
[TDSE] Running TDSE-SH-elliptical. step 400, energy = -0.503060741193181
  |->  par_lens = 1, 1, 2
[TDSE] Running TDSE-SH-elliptical. step 600, energy = -0.5030607411767787
  |->  par_lens = 1, 1, 2
[TDSE] Running TDSE-SH-elliptical. step 800, energy = -0.503060741094446
  |->  par_lens = 1, 1, 2
[TDSE] Running TDSE-SH-elliptical. step 1000, energy = -0.5030607408152992
  |->  par_lens = 1, 1, 2
[TDSE] Running TDSE-SH-elliptical. step 1200, energy = -0.5030607400755657
  |->  par_lens = 1, 1, 2
[TDSE] Running TDSE-SH-elliptical. step 1400, energy = -0.503060738408898
  |->  par_lens = 1, 1, 2
[TDSE] Running TDSE-SH-elliptical. step 1600, energy = -0.5030607350769373
  |->  par_lens = 1, 1, 2
[TDSE] Running TDSE-SH-elliptical. step 1800, energy = -0.5030607289825691
  |->  par_lens = 1, 1, 2
[TDSE] Running TDSE-SH-elliptical. step 2000, energy = -0.5030607186014913
  |->  par_lens = 1, 1, 2
[TDSE] Running TDSE-SH-elliptical. step 2200, energy = -0.5030607018554801
  |->  par_lens = 2, 2, 2
[TDSE] Running TDSE-SH-elliptical. step 2400, energy = -0.5030606761361155
  |->  par_lens = 2, 2, 2
[TDSE] Running TDSE-SH-elliptical. step 2600, energy = -0.5030606380253545
  |->  par_lens = 2, 2, 2
[TDSE] Running TDSE-SH-elliptical. step 2800, energy = -0.5030605836121235
  |->  par_lens = 2, 2, 2
[TDSE] Running TDSE-SH-elliptical. step 3000, energy = -0.50306050766814
  |->  par_lens = 2, 2, 2
[TDSE] Running TDSE-SH-elliptical. step 3200, energy = -0.5030604051750396
  |->  par_lens = 2, 2, 2
[TDSE] Running TDSE-SH-elliptical. step 3400, energy = -0.5030602684047588
  |->  par_lens = 2, 2, 2
[TDSE] Running TDSE-SH-elliptical. step 3600, energy = -0.503060091438713
  |->  par_lens = 2, 2, 2
[TDSE] Running TDSE-SH-elliptical. step 3800, energy = -0.5030598640246053
  |->  par_lens = 2, 2, 2
[TDSE] Running TDSE-SH-elliptical. step 4000, energy = -0.503059579510492
  |->  par_lens = 2, 2, 2
[TDSE] Running TDSE-SH-elliptical. step 4200, energy = -0.5030592241531191
  |->  par_lens = 2, 2, 2
[TDSE] Running TDSE-SH-elliptical. step 4400, energy = -0.5030587924716657
  |->  par_lens = 2, 2, 2
[TDSE] Running TDSE-SH-elliptical. step 4600, energy = -0.5030582669223213
  |->  par_lens = 2, 2, 2
[TDSE] Running TDSE-SH-elliptical. step 4800, energy = -0.5030576413592618
  |->  par_lens = 2, 2, 2
[TDSE] Running TDSE-SH-elliptical. step 5000, energy = -0.503056898386669
  |->  par_lens = 2, 2, 2
[TDSE] Running TDSE-SH-elliptical. step 5200, energy = -0.5030560301353962
  |->  par_lens = 2, 2, 2
[TDSE] Running TDSE-SH-elliptical. step 5400, energy = -0.5030550182262793
  |->  par_lens = 2, 2, 2
[TDSE] Running TDSE-SH-elliptical. step 5600, energy = -0.503053854991928
  |->  par_lens = 2, 2, 2
[TDSE] Running TDSE-SH-elliptical. step 5800, energy = -0.5030525248502136
  |->  par_lens = 3, 2, 2
[TDSE] Running TDSE-SH-elliptical. step 6000, energy = -0.5030510132860994
  |->  par_lens = 4, 3, 3
[TDSE] Running TDSE-SH-elliptical. step 6200, energy = -0.5030493167563739
  |->  par_lens = 4, 3, 3
[TDSE] Running TDSE-SH-elliptical. step 6400, energy = -0.5030474091074189
  |->  par_lens = 4, 3, 3
[TDSE] Running TDSE-SH-elliptical. step 6600, energy = -0.5030452982198427
  |->  par_lens = 4, 3, 3
[TDSE] Running TDSE-SH-elliptical. step 6800, energy = -0.5030429562923389
  |->  par_lens = 4, 3, 3
[TDSE] Running TDSE-SH-elliptical. step 7000, energy = -0.5030403945925406
  |->  par_lens = 4, 3, 3
[TDSE] Running TDSE-SH-elliptical. step 7200, energy = -0.5030375764356205
  |->  par_lens = 4, 3, 3
[TDSE] Running TDSE-SH-elliptical. step 7400, energy = -0.503034541102011
  |->  par_lens = 4, 3, 3
[TDSE] Running TDSE-SH-elliptical. step 7600, energy = -0.5030312340059374
  |->  par_lens = 4, 3, 3
[TDSE] Running TDSE-SH-elliptical. step 7800, energy = -0.5030276911724274
  |->  par_lens = 4, 3, 3
[TDSE] Running TDSE-SH-elliptical. step 8000, energy = -0.5030238890135099
  |->  par_lens = 4, 3, 3
[TDSE] Running TDSE-SH-elliptical. step 8200, energy = -0.5030198509187395
  |->  par_lens = 4, 3, 3
[TDSE] Running TDSE-SH-elliptical. step 8400, energy = -0.5030155473723321
  |->  par_lens = 4, 3, 3
[TDSE] Running TDSE-SH-elliptical. step 8600, energy = -0.5030110154389678
  |->  par_lens = 4, 3, 3
[TDSE] Running TDSE-SH-elliptical. step 8800, energy = -0.5030062466704638
  |->  par_lens = 4, 3, 3
[TDSE] Running TDSE-SH-elliptical. step 9000, energy = -0.5030012436121818
  |->  par_lens = 4, 3, 3
[TDSE] Running TDSE-SH-elliptical. step 9200, energy = -0.5029960397461961
  |->  par_lens = 4, 3, 3
[TDSE] Running TDSE-SH-elliptical. step 9400, energy = -0.5029906068350221
  |->  par_lens = 4, 3, 3
[TDSE] Running TDSE-SH-elliptical. step 9600, energy = -0.5029850102826047
  |->  par_lens = 4, 3, 3
[TDSE] Running TDSE-SH-elliptical. step 9800, energy = -0.5029792186557607
  |->  par_lens = 4, 3, 3
[TDSE] Running TDSE-SH-elliptical. step 10000, energy = -0.5029732865588981
  |->  par_lens = 4, 3, 3
[TDSE] Running TDSE-SH-elliptical. step 10200, energy = -0.5029669282124899
  |->  par_lens = 4, 3, 3
[TDSE] Running TDSE-SH-elliptical. step 10400, energy = -0.5029570885502488
  |->  par_lens = 4, 3, 3
[TDSE] Running TDSE-SH-elliptical. step 10600, energy = -0.5029463967934342
  |->  par_lens = 4, 3, 3
[TDSE] Running TDSE-SH-elliptical. step 10800, energy = -0.5029500930640597
  |->  par_lens = 4, 3, 3
[TDSE] Running TDSE-SH-elliptical. step 11000, energy = -0.5029812145514766
  |->  par_lens = 4, 3, 3
[TDSE] Running TDSE-SH-elliptical. step 11200, energy = -0.5030296995649339
  |->  par_lens = 4, 3, 3
[TDSE] Running TDSE-SH-elliptical. step 11400, energy = -0.5030579306730572
  |->  par_lens = 4, 3, 3
[TDSE] Running TDSE-SH-elliptical. step 11600, energy = -0.5030522056523459
  |->  par_lens = 4, 3, 3
[TDSE] Running TDSE-SH-elliptical. step 11800, energy = -0.5030391212617954
  |->  par_lens = 4, 3, 3
[TDSE] Running TDSE-SH-elliptical. step 12000, energy = -0.5029717030049047
  |->  par_lens = 4, 3, 3
[TDSE] Running TDSE-SH-elliptical. step 12200, energy = -0.5026066042044709
  |->  par_lens = 5, 5, 5
[TDSE] Running TDSE-SH-elliptical. step 12400, energy = -0.5016961080293542
  |->  par_lens = 7, 7, 7
[TDSE] Running TDSE-SH-elliptical. step 12600, energy = -0.5004952097398494
  |->  par_lens = 7, 7, 7
[TDSE] Running TDSE-SH-elliptical. step 12800, energy = -0.4999043400702554
  |->  par_lens = 8, 7, 7
[TDSE] Running TDSE-SH-elliptical. step 13000, energy = -0.5006644077023906
  |->  par_lens = 8, 8, 7
[TDSE] Running TDSE-SH-elliptical. step 13200, energy = -0.502138672239205
  |->  par_lens = 8, 7, 7
[TDSE] Running TDSE-SH-elliptical. step 13400, energy = -0.5025235761900388
  |->  par_lens = 8, 7, 7
[TDSE] Running TDSE-SH-elliptical. step 13600, energy = -0.500853739782229
  |->  par_lens = 8, 8, 7
[TDSE] Running TDSE-SH-elliptical. step 13800, energy = -0.49872600765759934
  |->  par_lens = 10, 9, 8
[TDSE] Running TDSE-SH-elliptical. step 14000, energy = -0.4988585920409979
  |->  par_lens = 10, 10, 9
[TDSE] Running TDSE-SH-elliptical. step 14200, energy = -0.5011328254102781
  |->  par_lens = 10, 10, 10
[TDSE] Running TDSE-SH-elliptical. step 14400, energy = -0.5012501290221654
  |->  par_lens = 10, 10, 10
[TDSE] Running TDSE-SH-elliptical. step 14600, energy = -0.4951181974739626
  |->  par_lens = 11, 11, 10
[TDSE] Running TDSE-SH-elliptical. step 14800, energy = -0.4852964224852806
  |->  par_lens = 15, 15, 15
[TDSE] Running TDSE-SH-elliptical. step 15000, energy = -0.4804299519607955
  |->  par_lens = 17, 18, 16
[TDSE] Running TDSE-SH-elliptical. step 15200, energy = -0.4862785976467955
  |->  par_lens = 21, 20, 21
[TDSE] Running TDSE-SH-elliptical. step 15400, energy = -0.49685064299323056
  |->  par_lens = 24, 22, 23
[TDSE] Running TDSE-SH-elliptical. step 15600, energy = -0.4990694076213171
  |->  par_lens = 24, 23, 24
[TDSE] Running TDSE-SH-elliptical. step 15800, energy = -0.4876994301331603
  |->  par_lens = 25, 23, 24
[TDSE] Running TDSE-SH-elliptical. step 16000, energy = -0.47418038683182384
  |->  par_lens = 24, 22, 22
[TDSE] Running TDSE-SH-elliptical. step 16200, energy = -0.47464500567929585
  |->  par_lens = 26, 25, 25
[TDSE] Running TDSE-SH-elliptical. step 16400, energy = -0.48918055831382984
  |->  par_lens = 30, 30, 30
[TDSE] Running TDSE-SH-elliptical. step 16600, energy = -0.4968436257498494
  |->  par_lens = 31, 30, 30
[TDSE] Running TDSE-SH-elliptical. step 16800, energy = -0.4785603815558586
  |->  par_lens = 29, 27, 30
[TDSE] Running TDSE-SH-elliptical. step 17000, energy = -0.44379794445653525
  |->  par_lens = 30, 28, 31
[TDSE] Running TDSE-SH-elliptical. step 17200, energy = -0.4260934257510539
  |->  par_lens = 40, 39, 40
[TDSE] Running TDSE-SH-elliptical. step 17400, energy = -0.44525462445086805
  |->  par_lens = 51, 51, 53
[TDSE] Running TDSE-SH-elliptical. step 17600, energy = -0.48145546211977036
  |->  par_lens = 61, 60, 61
[TDSE] Running TDSE-SH-elliptical. step 17800, energy = -0.49059785060328526
  |->  par_lens = 63, 64, 63
[TDSE] Running TDSE-SH-elliptical. step 18000, energy = -0.4565190133983177
  |->  par_lens = 62, 65, 61
[TDSE] Running TDSE-SH-elliptical. step 18200, energy = -0.4155449415018725
  |->  par_lens = 46, 49, 45
[TDSE] Running TDSE-SH-elliptical. step 18400, energy = -0.4156754410340501
  |->  par_lens = 63, 62, 62
[TDSE] Running TDSE-SH-elliptical. step 18600, energy = -0.45784089560527597
  |->  par_lens = 78, 77, 77
[TDSE] Running TDSE-SH-elliptical. step 18800, energy = -0.48723727976905296
  |->  par_lens = 84, 83, 83
[TDSE] Running TDSE-SH-elliptical. step 19000, energy = -0.4511769725806366
  |->  par_lens = 82, 85, 83
[TDSE] Running TDSE-SH-elliptical. step 19200, energy = -0.3717682707418611
  |->  par_lens = 68, 66, 68
[TDSE] Running TDSE-SH-elliptical. step 19400, energy = -0.3307007868639703
  |->  par_lens = 83, 85, 87
[TDSE] Running TDSE-SH-elliptical. step 19600, energy = -0.37031688801171936
  |->  par_lens = 116, 115, 115
[TDSE] Running TDSE-SH-elliptical. step 19800, energy = -0.45209196559914944
  |->  par_lens = 145, 147, 146
[TDSE] Running TDSE-SH-elliptical. step 20000, energy = -0.47704774228439173
  |->  par_lens = 154, 154, 153
[TDSE] Running TDSE-SH-elliptical. step 20200, energy = -0.4088442882147847
  |->  par_lens = 155, 155, 154
[TDSE] Running TDSE-SH-elliptical. step 20400, energy = -0.3247623188292906
  |->  par_lens = 131, 132, 120
[TDSE] Running TDSE-SH-elliptical. step 20600, energy = -0.32487159413712785
  |->  par_lens = 130, 126, 134
[TDSE] Running TDSE-SH-elliptical. step 20800, energy = -0.40394910418850016
  |->  par_lens = 171, 165, 170
[TDSE] Running TDSE-SH-elliptical. step 21000, energy = -0.47141506315494053
  |->  par_lens = 182, 185, 184
[TDSE] Running TDSE-SH-elliptical. step 21200, energy = -0.41791535789072165
  |->  par_lens = 185, 187, 186
[TDSE] Running TDSE-SH-elliptical. step 21400, energy = -0.28049039419685295
  |->  par_lens = 168, 161, 161
[TDSE] Running TDSE-SH-elliptical. step 21600, energy = -0.2094110964176733
  |->  par_lens = 155, 149, 156
[TDSE] Running TDSE-SH-elliptical. step 21800, energy = -0.2733834424062609
  |->  par_lens = 219, 216, 218
[TDSE] Running TDSE-SH-elliptical. step 22000, energy = -0.40843628672395843
  |->  par_lens = 282, 280, 282
[TDSE] Running TDSE-SH-elliptical. step 22200, energy = -0.4593212388654334
  |->  par_lens = 300, 299, 297
[TDSE] Running TDSE-SH-elliptical. step 22400, energy = -0.3557355313310382
  |->  par_lens = 300, 296, 298
[TDSE] Running TDSE-SH-elliptical. step 22600, energy = -0.22184320826957815
  |->  par_lens = 250, 246, 257
[TDSE] Running TDSE-SH-elliptical. step 22800, energy = -0.22503478952543693
  |->  par_lens = 228, 232, 227
[TDSE] Running TDSE-SH-elliptical. step 23000, energy = -0.3359442891818732
  |->  par_lens = 290, 289, 293
[TDSE] Running TDSE-SH-elliptical. step 23200, energy = -0.44680601338327125
  |->  par_lens = 324, 320, 324
[TDSE] Running TDSE-SH-elliptical. step 23400, energy = -0.38586393231292543
  |->  par_lens = 332, 325, 331
[TDSE] Running TDSE-SH-elliptical. step 23600, energy = -0.1957295772195516
  |->  par_lens = 299, 292, 308
[TDSE] Running TDSE-SH-elliptical. step 23800, energy = -0.09390971540561406
  |->  par_lens = 280, 283, 288
[TDSE] Running TDSE-SH-elliptical. step 24000, energy = -0.18288240895270672
  |->  par_lens = 345, 349, 339
[TDSE] Running TDSE-SH-elliptical. step 24200, energy = -0.35437218738280446
  |->  par_lens = 432, 429, 433
[TDSE] Running TDSE-SH-elliptical. step 24400, energy = -0.4337796954998791
  |->  par_lens = 457, 456, 454
[TDSE] Running TDSE-SH-elliptical. step 24600, energy = -0.3124780750494589
  |->  par_lens = 451, 446, 449
[TDSE] Running TDSE-SH-elliptical. step 24800, energy = -0.14009514020007632
  |->  par_lens = 400, 404, 414
[TDSE] Running TDSE-SH-elliptical. step 25000, energy = -0.14470592398943832
  |->  par_lens = 386, 380, 379
[TDSE] Running TDSE-SH-elliptical. step 25200, energy = -0.2729214957527666
  |->  par_lens = 427, 435, 431
[TDSE] Running TDSE-SH-elliptical. step 25400, energy = -0.4118211041587437
  |->  par_lens = 468, 467, 466
[TDSE] Running TDSE-SH-elliptical. step 25600, energy = -0.3568273548300291
  |->  par_lens = 475, 473, 469
[TDSE] Running TDSE-SH-elliptical. step 25800, energy = -0.14673105523084487
  |->  par_lens = 446, 442, 438
[TDSE] Running TDSE-SH-elliptical. step 26000, energy = -0.024548599967211808
  |->  par_lens = 442, 440, 441
[TDSE] Running TDSE-SH-elliptical. step 26200, energy = -0.12555256163744916
  |->  par_lens = 483, 483, 475
[TDSE] Running TDSE-SH-elliptical. step 26400, energy = -0.30381539207992814
  |->  par_lens = 526, 526, 533
[TDSE] Running TDSE-SH-elliptical. step 26600, energy = -0.40277997852390945
  |->  par_lens = 549, 553, 546
[TDSE] Running TDSE-SH-elliptical. step 26800, energy = -0.2901645078844858
  |->  par_lens = 548, 549, 542
[TDSE] Running TDSE-SH-elliptical. step 27000, energy = -0.11104227383828418
  |->  par_lens = 529, 541, 531
[TDSE] Running TDSE-SH-elliptical. step 27200, energy = -0.11383462903285313
  |->  par_lens = 515, 514, 517
[TDSE] Running TDSE-SH-elliptical. step 27400, energy = -0.2355658253675327
  |->  par_lens = 532, 527, 535
[TDSE] Running TDSE-SH-elliptical. step 27600, energy = -0.3775161747381797
  |->  par_lens = 545, 543, 545
[TDSE] Running TDSE-SH-elliptical. step 27800, energy = -0.3389093947342792
  |->  par_lens = 541, 545, 547
[TDSE] Running TDSE-SH-elliptical. step 28000, energy = -0.1469116448041231
  |->  par_lens = 532, 533, 535
[TDSE] Running TDSE-SH-elliptical. step 28200, energy = -0.030338042763948653
  |->  par_lens = 531, 535, 539
[TDSE] Running TDSE-SH-elliptical. step 28400, energy = -0.11633502457641547
  |->  par_lens = 560, 559, 560
[TDSE] Running TDSE-SH-elliptical. step 28600, energy = -0.27874151553194737
  |->  par_lens = 580, 579, 580
[TDSE] Running TDSE-SH-elliptical. step 28800, energy = -0.37791131612299156
  |->  par_lens = 586, 586, 586
[TDSE] Running TDSE-SH-elliptical. step 29000, energy = -0.2918336663135871
  |->  par_lens = 586, 585, 585
[TDSE] Running TDSE-SH-elliptical. step 29200, energy = -0.14479664895645794
  |->  par_lens = 583, 585, 578
[TDSE] Running TDSE-SH-elliptical. step 29400, energy = -0.1402277425541542
  |->  par_lens = 563, 564, 566
[TDSE] Running TDSE-SH-elliptical. step 29600, energy = -0.23629655398776542
  |->  par_lens = 565, 555, 572
[TDSE] Running TDSE-SH-elliptical. step 29800, energy = -0.36170793024644304
  |->  par_lens = 568, 570, 568
[TDSE] Running TDSE-SH-elliptical. step 30000, energy = -0.33894139337225476
  |->  par_lens = 568, 571, 567
[TDSE] Running TDSE-SH-elliptical. step 30200, energy = -0.18907847516926599
  |->  par_lens = 564, 566, 568
[TDSE] Running TDSE-SH-elliptical. step 30400, energy = -0.09839502811769656
  |->  par_lens = 580, 578, 576
[TDSE] Running TDSE-SH-elliptical. step 30600, energy = -0.15331133434312003
  |->  par_lens = 587, 588, 587
[TDSE] Running TDSE-SH-elliptical. step 30800, energy = -0.28468636726185986
  |->  par_lens = 590, 590, 590
[TDSE] Running TDSE-SH-elliptical. step 31000, energy = -0.3722190762467381
  |->  par_lens = 590, 590, 590
[TDSE] Running TDSE-SH-elliptical. step 31200, energy = -0.3202567722658045
  |->  par_lens = 590, 590, 590
[TDSE] Running TDSE-SH-elliptical. step 31400, energy = -0.22351326823352297
  |->  par_lens = 590, 589, 590
[TDSE] Running TDSE-SH-elliptical. step 31600, energy = -0.20754250117499817
  |->  par_lens = 589, 590, 588
[TDSE] Running TDSE-SH-elliptical. step 31800, energy = -0.28025757127527395
  |->  par_lens = 587, 587, 587
[TDSE] Running TDSE-SH-elliptical. step 32000, energy = -0.3687568774915611
  |->  par_lens = 583, 585, 585
[TDSE] Running TDSE-SH-elliptical. step 32200, energy = -0.35807077898072764
  |->  par_lens = 586, 583, 586
[TDSE] Running TDSE-SH-elliptical. step 32400, energy = -0.2603915091088403
  |->  par_lens = 588, 586, 589
[TDSE] Running TDSE-SH-elliptical. step 32600, energy = -0.19986784742466765
  |->  par_lens = 588, 588, 590
[TDSE] Running TDSE-SH-elliptical. step 32800, energy = -0.23090315932362118
  |->  par_lens = 590, 590, 590
[TDSE] Running TDSE-SH-elliptical. step 33000, energy = -0.31632959190180465
  |->  par_lens = 590, 590, 590
[TDSE] Running TDSE-SH-elliptical. step 33200, energy = -0.3810318473220735
  |->  par_lens = 590, 590, 590
[TDSE] Running TDSE-SH-elliptical. step 33400, energy = -0.3595559487419189
  |->  par_lens = 590, 590, 590
[TDSE] Running TDSE-SH-elliptical. step 33600, energy = -0.3040112750546682
  |->  par_lens = 590, 590, 590
[TDSE] Running TDSE-SH-elliptical. step 33800, energy = -0.29609061302591055
  |->  par_lens = 590, 590, 590
[TDSE] Running TDSE-SH-elliptical. step 34000, energy = -0.33161403460795535
  |->  par_lens = 590, 590, 590
[TDSE] Running TDSE-SH-elliptical. step 34200, energy = -0.38148801955560957
  |->  par_lens = 590, 590, 590
[TDSE] Running TDSE-SH-elliptical. step 34400, energy = -0.37802340100003684
  |->  par_lens = 590, 590, 590
[TDSE] Running TDSE-SH-elliptical. step 34600, energy = -0.330130863254408
  |->  par_lens = 590, 590, 590
[TDSE] Running TDSE-SH-elliptical. step 34800, energy = -0.28966368360280587
  |->  par_lens = 590, 590, 590
[TDSE] Running TDSE-SH-elliptical. step 35000, energy = -0.30713739044334065
  |->  par_lens = 590, 590, 590
[TDSE] Running TDSE-SH-elliptical. step 35200, energy = -0.35319892225559524
  |->  par_lens = 590, 590, 590
[TDSE] Running TDSE-SH-elliptical. step 35400, energy = -0.38936699373684386
  |->  par_lens = 590, 590, 590
[TDSE] Running TDSE-SH-elliptical. step 35600, energy = -0.38597285758451316
  |->  par_lens = 590, 590, 590
[TDSE] Running TDSE-SH-elliptical. step 35800, energy = -0.36721322745567403
  |->  par_lens = 590, 590, 590
[TDSE] Running TDSE-SH-elliptical. step 36000, energy = -0.3550544411827684
  |->  par_lens = 590, 590, 590
[TDSE] Running TDSE-SH-elliptical. step 36200, energy = -0.3784315909598845
  |->  par_lens = 590, 590, 590
[TDSE] Running TDSE-SH-elliptical. step 36400, energy = -0.39238293863537677
  |->  par_lens = 590, 590, 590
[TDSE] Running TDSE-SH-elliptical. step 36600, energy = -0.39197325973787833
  |->  par_lens = 590, 590, 590
[TDSE] Running TDSE-SH-elliptical. step 36800, energy = -0.3705596085273104
  |->  par_lens = 590, 590, 590
[TDSE] Running TDSE-SH-elliptical. step 37000, energy = -0.358021846387759
  |->  par_lens = 590, 590, 590
[TDSE] Running TDSE-SH-elliptical. step 37200, energy = -0.3609690369370029
  |->  par_lens = 590, 590, 590
[TDSE] Running TDSE-SH-elliptical. step 37400, energy = -0.37955841782108457
  |->  par_lens = 590, 590, 590
[TDSE] Running TDSE-SH-elliptical. step 37600, energy = -0.3963087779155322
  |->  par_lens = 590, 590, 590
[TDSE] Running TDSE-SH-elliptical. step 37800, energy = -0.3983397737204456
  |->  par_lens = 590, 590, 590
[TDSE] Running TDSE-SH-elliptical. step 38000, energy = -0.3937990023000488
  |->  par_lens = 590, 590, 590
[TDSE] Running TDSE-SH-elliptical. step 38200, energy = -0.39455689906219377
  |->  par_lens = 590, 590, 590
[TDSE] Running TDSE-SH-elliptical. step 38400, energy = -0.39528272862638464
  |->  par_lens = 590, 590, 590
[TDSE] Running TDSE-SH-elliptical. step 38600, energy = -0.40046478687883263
  |->  par_lens = 590, 590, 590
[TDSE] Running TDSE-SH-elliptical. step 38800, energy = -0.3979332995185587
  |->  par_lens = 590, 590, 590
[TDSE] Running TDSE-SH-elliptical. step 39000, energy = -0.3926473954941671
  |->  par_lens = 590, 590, 590
[TDSE] Running TDSE-SH-elliptical. step 39200, energy = -0.3891832816086903
  |->  par_lens = 590, 590, 590
[TDSE] Running TDSE-SH-elliptical. step 39400, energy = -0.3895332050564299
  |->  par_lens = 590, 590, 590
[TDSE] Running TDSE-SH-elliptical. step 39600, energy = -0.3951786858704662
  |->  par_lens = 590, 590, 590
[TDSE] Running TDSE-SH-elliptical. step 39800, energy = -0.3978449442376578
  |->  par_lens = 590, 590, 590
[TDSE] Running TDSE-SH-elliptical. step 40000, energy = -0.4012586861422549
  |->  par_lens = 590, 590, 590
[TDSE] Running TDSE-SH-elliptical. step 40200, energy = -0.40161257191729993
  |->  par_lens = 590, 590, 590
[TDSE] Running TDSE-SH-elliptical. step 40400, energy = -0.401838803418618
  |->  par_lens = 590, 590, 590
[TDSE] Running TDSE-SH-elliptical. step 40600, energy = -0.40192915805548507
  |->  par_lens = 590, 590, 590
[TDSE] Running TDSE-SH-elliptical. step 40800, energy = -0.4019712808022297
  |->  par_lens = 590, 590, 590
[TDSE] Running TDSE-SH-elliptical. step 41000, energy = -0.4006967671513149
  |->  par_lens = 590, 590, 590
[TDSE] Running TDSE-SH-elliptical. step 41200, energy = -0.40084623061641106
  |->  par_lens = 590, 590, 590
[TDSE] Running TDSE-SH-elliptical. step 41400, energy = -0.39973240535444077
  |->  par_lens = 590, 590, 590
[TDSE] Running TDSE-SH-elliptical. step 41600, energy = -0.40085534705455117
  |->  par_lens = 590, 590, 590
[TDSE] Running TDSE-SH-elliptical. step 41800, energy = -0.4010409987442057
  |->  par_lens = 590, 590, 590
[TDSE] Running TDSE-SH-elliptical. step 42000, energy = -0.40168050159678304
  |->  par_lens = 590, 590, 590
[TDSE] Running TDSE-SH-elliptical. step 42200, energy = -0.4019808468951355
  |->  par_lens = 590, 590, 590
[TDSE] Running TDSE-SH-elliptical. step 42400, energy = -0.40286713318463213
  |->  par_lens = 590, 590, 590
[TDSE] Running TDSE-SH-elliptical. step 42600, energy = -0.40290670396978673
  |->  par_lens = 590, 590, 590
[TDSE] Running TDSE-SH-elliptical. step 42800, energy = -0.4029206287502691
  |->  par_lens = 590, 590, 590
[TDSE] Running TDSE-SH-elliptical. step 43000, energy = -0.40365704048682355
  |->  par_lens = 590, 590, 590
[TDSE] Running TDSE-SH-elliptical. step 43200, energy = -0.40359679427697615
  |->  par_lens = 590, 590, 590
[TDSE] Running TDSE-SH-elliptical. step 43400, energy = -0.4041801545669749
  |->  par_lens = 590, 590, 590
[TDSE] Running TDSE-SH-elliptical. step 43600, energy = -0.4041479251579832
  |->  par_lens = 590, 590, 590
[TDSE] Running TDSE-SH-elliptical. step 43800, energy = -0.40493540573583203
  |->  par_lens = 590, 590, 590
[TDSE] Running TDSE-SH-elliptical. step 44000, energy = -0.40463154294662035
  |->  par_lens = 590, 590, 590
[TDSE] Running TDSE-SH-elliptical. step 44200, energy = -0.4057346929288415
  |->  par_lens = 590, 590, 590
[TDSE] Running TDSE-SH-elliptical. step 44400, energy = -0.4052144543840769
  |->  par_lens = 590, 590, 590
[TDSE] Running TDSE-SH-elliptical. step 44600, energy = -0.4065532911325122
  |->  par_lens = 590, 590, 590
[TDSE] Running TDSE-SH-elliptical. step 44800, energy = -0.4059195726027852
  |->  par_lens = 590, 590, 590
[TDSE] Running TDSE-SH-elliptical. step 45000, energy = -0.40683230690286376
  |->  par_lens = 590, 590, 590
