  Activating project at `~/JuliaProp_v0.1`
[ITP]: 10000.471108571397
[ITP]: 0.022107823405609905
[ITP]: 0.004976805475414736
[ITP]: 0.0021058954092971205
[ITP]: 0.001084104546129061
[ITP]: 0.0006160870179273692
[ITP]: 0.0003714642087823128
[ITP]: 0.00023286611963801995
[ITP]: 0.0001500123428329614
[ITP]: 9.857967926441003e-5
[ITP]: 6.57601184761436e-5
[ITP]: 4.43786526744816e-5
[ITP]: 3.022437766897479e-5
[ITP]: 2.0735965556739622e-5
[ITP]: 1.4311264988853267e-5
[ITP]: 9.92563006574354e-6
[ITP]: 6.9119921211058255e-6
[ITP]: 4.82976755122877e-6
[ITP]: 3.384510666504248e-6
[ITP]: 2.3775199649023193e-6
[ITP]: 1.6736194445865493e-6
[ITP]: 1.1802274751948616e-6
[ITP]: 8.335748883370186e-7
[ITP]: 5.895273362810372e-7
[ITP]: 4.174150680658073e-7
[ITP]: 2.958509506267859e-7
[ITP]: 2.098764437796774e-7
[ITP]: 1.4900242706339384e-7
[ITP]: 1.0585745457980522e-7
[ITP]: 7.525113565609587e-8
[ITP]: 5.352267851144177e-8
[ITP]: 3.808635307134267e-8
[ITP]: 2.7113442158110956e-8
[ITP]: 1.9309163601377577e-8
[ITP]: 1.3755872219078924e-8
[ITP]: 9.802639699962867e-9
Energy of ground state: -0.5030607411950042
[TDSE] Start TDSE-SH for elliptical polarized laser. It may cost a plenty of time.
[TDSE] Running TDSE-SH-elliptical. step 0, energy = -0.5030607411950033
  |->  par_lens = 1, 1, 1
[TDSE] Running TDSE-SH-elliptical. step 200, energy = -0.5030607411948621
  |->  par_lens = 1, 1, 1
[TDSE] Running TDSE-SH-elliptical. step 400, energy = -0.5030607411947172
  |->  par_lens = 1, 1, 2
[TDSE] Running TDSE-SH-elliptical. step 600, energy = -0.5030607411944764
  |->  par_lens = 1, 1, 2
[TDSE] Running TDSE-SH-elliptical. step 800, energy = -0.5030607411939122
  |->  par_lens = 1, 1, 2
[TDSE] Running TDSE-SH-elliptical. step 1000, energy = -0.5030607411922318
  |->  par_lens = 1, 1, 2
[TDSE] Running TDSE-SH-elliptical. step 1200, energy = -0.5030607411880177
  |->  par_lens = 1, 1, 2
[TDSE] Running TDSE-SH-elliptical. step 1400, energy = -0.5030607411784208
  |->  par_lens = 1, 1, 2
[TDSE] Running TDSE-SH-elliptical. step 1600, energy = -0.5030607411593959
  |->  par_lens = 1, 1, 2
[TDSE] Running TDSE-SH-elliptical. step 1800, energy = -0.503060741124043
  |->  par_lens = 1, 1, 2
[TDSE] Running TDSE-SH-elliptical. step 2000, energy = -0.5030607410636224
  |->  par_lens = 1, 1, 2
[TDSE] Running TDSE-SH-elliptical. step 2200, energy = -0.5030607409647122
  |->  par_lens = 1, 1, 2
[TDSE] Running TDSE-SH-elliptical. step 2400, energy = -0.503060740811582
  |->  par_lens = 1, 1, 2
[TDSE] Running TDSE-SH-elliptical. step 2600, energy = -0.5030607405815894
  |->  par_lens = 1, 1, 2
[TDSE] Running TDSE-SH-elliptical. step 2800, energy = -0.5030607402498793
  |->  par_lens = 1, 1, 2
[TDSE] Running TDSE-SH-elliptical. step 3000, energy = -0.5030607397809052
  |->  par_lens = 1, 1, 2
[TDSE] Running TDSE-SH-elliptical. step 3200, energy = -0.5030607391405402
  |->  par_lens = 1, 1, 2
[TDSE] Running TDSE-SH-elliptical. step 3400, energy = -0.5030607382755158
  |->  par_lens = 1, 1, 2
[TDSE] Running TDSE-SH-elliptical. step 3600, energy = -0.5030607371416844
  |->  par_lens = 1, 1, 2
[TDSE] Running TDSE-SH-elliptical. step 3800, energy = -0.5030607356669744
  |->  par_lens = 1, 1, 2
[TDSE] Running TDSE-SH-elliptical. step 4000, energy = -0.5030607337967744
  |->  par_lens = 1, 1, 2
[TDSE] Running TDSE-SH-elliptical. step 4200, energy = -0.5030607314323374
  |->  par_lens = 1, 1, 2
[TDSE] Running TDSE-SH-elliptical. step 4400, energy = -0.5030607285189619
  |->  par_lens = 1, 1, 2
[TDSE] Running TDSE-SH-elliptical. step 4600, energy = -0.5030607249285666
  |->  par_lens = 1, 1, 2
[TDSE] Running TDSE-SH-elliptical. step 4800, energy = -0.5030607205916634
  |->  par_lens = 1, 1, 2
[TDSE] Running TDSE-SH-elliptical. step 5000, energy = -0.5030607153761038
  |->  par_lens = 1, 1, 2
[TDSE] Running TDSE-SH-elliptical. step 5200, energy = -0.503060709189023
  |->  par_lens = 1, 2, 2
[TDSE] Running TDSE-SH-elliptical. step 5400, energy = -0.5030607018853721
  |->  par_lens = 2, 2, 2
[TDSE] Running TDSE-SH-elliptical. step 5600, energy = -0.5030606933605094
  |->  par_lens = 2, 2, 2
[TDSE] Running TDSE-SH-elliptical. step 5800, energy = -0.5030606834830383
  |->  par_lens = 2, 2, 2
[TDSE] Running TDSE-SH-elliptical. step 6000, energy = -0.5030606720839417
  |->  par_lens = 2, 2, 2
[TDSE] Running TDSE-SH-elliptical. step 6200, energy = -0.5030606591142615
  |->  par_lens = 2, 2, 2
[TDSE] Running TDSE-SH-elliptical. step 6400, energy = -0.503060644303564
  |->  par_lens = 2, 2, 2
[TDSE] Running TDSE-SH-elliptical. step 6600, energy = -0.5030606276812669
  |->  par_lens = 2, 2, 2
[TDSE] Running TDSE-SH-elliptical. step 6800, energy = -0.5030606089496645
  |->  par_lens = 2, 2, 2
[TDSE] Running TDSE-SH-elliptical. step 7000, energy = -0.5030605881614314
  |->  par_lens = 2, 2, 2
[TDSE] Running TDSE-SH-elliptical. step 7200, energy = -0.5030605649329828
  |->  par_lens = 2, 2, 2
[TDSE] Running TDSE-SH-elliptical. step 7400, energy = -0.5030605395301413
  |->  par_lens = 2, 2, 2
[TDSE] Running TDSE-SH-elliptical. step 7600, energy = -0.5030605114231114
  |->  par_lens = 2, 2, 2
[TDSE] Running TDSE-SH-elliptical. step 7800, energy = -0.5030604808425153
  |->  par_lens = 2, 2, 2
[TDSE] Running TDSE-SH-elliptical. step 8000, energy = -0.5030604475029778
  |->  par_lens = 2, 2, 2
[TDSE] Running TDSE-SH-elliptical. step 8200, energy = -0.5030604115267439
  |->  par_lens = 2, 2, 2
[TDSE] Running TDSE-SH-elliptical. step 8400, energy = -0.5030603725878635
  |->  par_lens = 2, 2, 2
[TDSE] Running TDSE-SH-elliptical. step 8600, energy = -0.5030603309031582
  |->  par_lens = 2, 2, 2
[TDSE] Running TDSE-SH-elliptical. step 8800, energy = -0.5030602863520618
  |->  par_lens = 2, 2, 2
[TDSE] Running TDSE-SH-elliptical. step 9000, energy = -0.5030602388257074
  |->  par_lens = 2, 2, 2
[TDSE] Running TDSE-SH-elliptical. step 9200, energy = -0.5030601886111158
  |->  par_lens = 2, 2, 2
[TDSE] Running TDSE-SH-elliptical. step 9400, energy = -0.503060135305032
  |->  par_lens = 2, 2, 2
[TDSE] Running TDSE-SH-elliptical. step 9600, energy = -0.5030600795086817
  |->  par_lens = 2, 2, 2
[TDSE] Running TDSE-SH-elliptical. step 9800, energy = -0.503060020770963
  |->  par_lens = 2, 2, 2
[TDSE] Running TDSE-SH-elliptical. step 10000, energy = -0.5030599596683712
  |->  par_lens = 2, 2, 2
[TDSE] Running TDSE-SH-elliptical. step 10200, energy = -0.5030598583491723
  |->  par_lens = 2, 2, 2
[TDSE] Running TDSE-SH-elliptical. step 10400, energy = -0.5030593447931194
  |->  par_lens = 2, 2, 2
[TDSE] Running TDSE-SH-elliptical. step 10600, energy = -0.5030587568171165
  |->  par_lens = 2, 2, 2
[TDSE] Running TDSE-SH-elliptical. step 10800, energy = -0.503059405729626
  |->  par_lens = 2, 2, 2
[TDSE] Running TDSE-SH-elliptical. step 11000, energy = -0.503056561018349
  |->  par_lens = 2, 2, 2
[TDSE] Running TDSE-SH-elliptical. step 11200, energy = -0.503029113725984
  |->  par_lens = 4, 3, 3
[TDSE] Running TDSE-SH-elliptical. step 11400, energy = -0.5029585017202343
  |->  par_lens = 4, 3, 3
[TDSE] Running TDSE-SH-elliptical. step 11600, energy = -0.5028820975284959
  |->  par_lens = 5, 4, 4
[TDSE] Running TDSE-SH-elliptical. step 11800, energy = -0.5028926980219653
  |->  par_lens = 4, 5, 4
[TDSE] Running TDSE-SH-elliptical. step 12000, energy = -0.5029768137973782
  |->  par_lens = 4, 4, 3
[TDSE] Running TDSE-SH-elliptical. step 12200, energy = -0.5028818590955982
  |->  par_lens = 4, 4, 4
[TDSE] Running TDSE-SH-elliptical. step 12400, energy = -0.5023180652599196
  |->  par_lens = 5, 5, 6
[TDSE] Running TDSE-SH-elliptical. step 12600, energy = -0.50147688692916
  |->  par_lens = 7, 7, 7
[TDSE] Running TDSE-SH-elliptical. step 12800, energy = -0.5011274401198411
  |->  par_lens = 7, 7, 7
[TDSE] Running TDSE-SH-elliptical. step 13000, energy = -0.5017822661727315
  |->  par_lens = 6, 6, 7
[TDSE] Running TDSE-SH-elliptical. step 13200, energy = -0.5026166965120208
  |->  par_lens = 6, 5, 6
[TDSE] Running TDSE-SH-elliptical. step 13400, energy = -0.5019178206289016
  |->  par_lens = 6, 6, 7
[TDSE] Running TDSE-SH-elliptical. step 13600, energy = -0.49920364552222624
  |->  par_lens = 9, 9, 8
[TDSE] Running TDSE-SH-elliptical. step 13800, energy = -0.4966539657030961
  |->  par_lens = 10, 10, 10
[TDSE] Running TDSE-SH-elliptical. step 14000, energy = -0.49718883907552347
  |->  par_lens = 10, 10, 10
[TDSE] Running TDSE-SH-elliptical. step 14200, energy = -0.5003701041649953
  |->  par_lens = 11, 11, 12
[TDSE] Running TDSE-SH-elliptical. step 14400, energy = -0.5014970296754547
  |->  par_lens = 12, 11, 12
[TDSE] Running TDSE-SH-elliptical. step 14600, energy = -0.49648588027949053
  |->  par_lens = 11, 12, 11
[TDSE] Running TDSE-SH-elliptical. step 14800, energy = -0.4881214465156868
  |->  par_lens = 15, 13, 14
[TDSE] Running TDSE-SH-elliptical. step 15000, energy = -0.4846834880567988
  |->  par_lens = 17, 17, 16
[TDSE] Running TDSE-SH-elliptical. step 15200, energy = -0.49066888481757215
  |->  par_lens = 18, 18, 18
[TDSE] Running TDSE-SH-elliptical. step 15400, energy = -0.49897273248121976
  |->  par_lens = 20, 20, 21
[TDSE] Running TDSE-SH-elliptical. step 15600, energy = -0.4970520977318948
  |->  par_lens = 21, 20, 21
[TDSE] Running TDSE-SH-elliptical. step 15800, energy = -0.4820878053736284
  |->  par_lens = 19, 19, 20
[TDSE] Running TDSE-SH-elliptical. step 16000, energy = -0.46782105491419046
  |->  par_lens = 25, 23, 23
[TDSE] Running TDSE-SH-elliptical. step 16200, energy = -0.470310869418354
  |->  par_lens = 28, 28, 27
[TDSE] Running TDSE-SH-elliptical. step 16400, energy = -0.48752173982467495
  |->  par_lens = 32, 32, 32
[TDSE] Running TDSE-SH-elliptical. step 16600, energy = -0.49682879164586896
  |->  par_lens = 34, 33, 33
[TDSE] Running TDSE-SH-elliptical. step 16800, energy = -0.4800344609320721
  |->  par_lens = 34, 35, 34
[TDSE] Running TDSE-SH-elliptical. step 17000, energy = -0.44855801338780044
  |->  par_lens = 34, 29, 32
[TDSE] Running TDSE-SH-elliptical. step 17200, energy = -0.43527960784873543
  |->  par_lens = 40, 41, 40
[TDSE] Running TDSE-SH-elliptical. step 17400, energy = -0.4560777963453461
  |->  par_lens = 49, 50, 49
[TDSE] Running TDSE-SH-elliptical. step 17600, energy = -0.4873249372126443
  |->  par_lens = 59, 56, 56
[TDSE] Running TDSE-SH-elliptical. step 17800, energy = -0.4864327781717221
  |->  par_lens = 60, 57, 58
[TDSE] Running TDSE-SH-elliptical. step 18000, energy = -0.4440565078634221
  |->  par_lens = 53, 52, 55
[TDSE] Running TDSE-SH-elliptical. step 18200, energy = -0.4024371576687916
  |->  par_lens = 50, 51, 51
[TDSE] Running TDSE-SH-elliptical. step 18400, energy = -0.4080501584703347
  |->  par_lens = 68, 69, 70
[TDSE] Running TDSE-SH-elliptical. step 18600, energy = -0.45607103710989333
  |->  par_lens = 84, 85, 83
[TDSE] Running TDSE-SH-elliptical. step 18800, energy = -0.4869999875778052
  |->  par_lens = 90, 91, 91
[TDSE] Running TDSE-SH-elliptical. step 19000, energy = -0.4514896353248702
  |->  par_lens = 93, 91, 90
[TDSE] Running TDSE-SH-elliptical. step 19200, energy = -0.37765358125086107
  |->  par_lens = 76, 76, 71
[TDSE] Running TDSE-SH-elliptical. step 19400, energy = -0.3460772190723314
  |->  par_lens = 85, 86, 85
[TDSE] Running TDSE-SH-elliptical. step 19600, energy = -0.3903041050891326
  |->  par_lens = 117, 114, 113
[TDSE] Running TDSE-SH-elliptical. step 19800, energy = -0.4641788341895186
  |->  par_lens = 139, 136, 136
[TDSE] Running TDSE-SH-elliptical. step 20000, energy = -0.4706252808137691
  |->  par_lens = 143, 142, 142
[TDSE] Running TDSE-SH-elliptical. step 20200, energy = -0.3873197364924533
  |->  par_lens = 140, 137, 138
[TDSE] Running TDSE-SH-elliptical. step 20400, energy = -0.30337652456970826
  |->  par_lens = 112, 107, 108
[TDSE] Running TDSE-SH-elliptical. step 20600, energy = -0.3137587808074669
  |->  par_lens = 139, 132, 135
[TDSE] Running TDSE-SH-elliptical. step 20800, energy = -0.4031651845381638
  |->  par_lens = 177, 179, 178
[TDSE] Running TDSE-SH-elliptical. step 21000, energy = -0.47134960449101243
  |->  par_lens = 197, 195, 198
[TDSE] Running TDSE-SH-elliptical. step 21200, energy = -0.4158281226245563
  |->  par_lens = 201, 202, 202
[TDSE] Running TDSE-SH-elliptical. step 21400, energy = -0.2863586020878289
  |->  par_lens = 179, 178, 175
[TDSE] Running TDSE-SH-elliptical. step 21600, energy = -0.23176304646631263
  |->  par_lens = 164, 156, 157
[TDSE] Running TDSE-SH-elliptical. step 21800, energy = -0.30267030527684136
  |->  par_lens = 221, 218, 218
[TDSE] Running TDSE-SH-elliptical. step 22000, energy = -0.42865917464984027
  |->  par_lens = 265, 269, 266
[TDSE] Running TDSE-SH-elliptical. step 22200, energy = -0.45170322953584974
  |->  par_lens = 276, 276, 280
[TDSE] Running TDSE-SH-elliptical. step 22400, energy = -0.3248881007955039
  |->  par_lens = 273, 275, 267
[TDSE] Running TDSE-SH-elliptical. step 22600, energy = -0.19230444160234994
  |->  par_lens = 225, 220, 228
[TDSE] Running TDSE-SH-elliptical. step 22800, energy = -0.21150777525973807
  |->  par_lens = 251, 244, 241
[TDSE] Running TDSE-SH-elliptical. step 23000, energy = -0.33595855196687335
  |->  par_lens = 309, 312, 308
[TDSE] Running TDSE-SH-elliptical. step 23200, energy = -0.44733043037991327
  |->  par_lens = 341, 343, 345
[TDSE] Running TDSE-SH-elliptical. step 23400, energy = -0.3812285616836196
  |->  par_lens = 343, 339, 343
[TDSE] Running TDSE-SH-elliptical. step 23600, energy = -0.19990302733565912
  |->  par_lens = 311, 302, 309
[TDSE] Running TDSE-SH-elliptical. step 23800, energy = -0.12202292726972973
  |->  par_lens = 262, 272, 267
[TDSE] Running TDSE-SH-elliptical. step 24000, energy = -0.21878107378508851
  |->  par_lens = 343, 335, 335
[TDSE] Running TDSE-SH-elliptical. step 24200, energy = -0.3826078212339519
  |->  par_lens = 411, 408, 409
[TDSE] Running TDSE-SH-elliptical. step 24400, energy = -0.4270271539095554
  |->  par_lens = 425, 425, 424
[TDSE] Running TDSE-SH-elliptical. step 24600, energy = -0.2754248423158031
  |->  par_lens = 412, 414, 407
[TDSE] Running TDSE-SH-elliptical. step 24800, energy = -0.10425289101797176
  |->  par_lens = 345, 355, 349
[TDSE] Running TDSE-SH-elliptical. step 25000, energy = -0.12957192862152686
  |->  par_lens = 353, 359, 360
[TDSE] Running TDSE-SH-elliptical. step 25200, energy = -0.27172762266099365
  |->  par_lens = 427, 429, 427
[TDSE] Running TDSE-SH-elliptical. step 25400, energy = -0.4129919832927265
  |->  par_lens = 466, 465, 463
[TDSE] Running TDSE-SH-elliptical. step 25600, energy = -0.35122180269578823
  |->  par_lens = 467, 466, 467
[TDSE] Running TDSE-SH-elliptical. step 25800, energy = -0.15039366089222664
  |->  par_lens = 443, 440, 438
[TDSE] Running TDSE-SH-elliptical. step 26000, energy = -0.055114999657744995
  |->  par_lens = 424, 420, 420
[TDSE] Running TDSE-SH-elliptical. step 26200, energy = -0.16368245805156786
  |->  par_lens = 449, 451, 455
[TDSE] Running TDSE-SH-elliptical. step 26400, energy = -0.3362097049973438
  |->  par_lens = 501, 501, 501
[TDSE] Running TDSE-SH-elliptical. step 26600, energy = -0.3983614961772047
  |->  par_lens = 511, 512, 511
[TDSE] Running TDSE-SH-elliptical. step 26800, energy = -0.25370500483300945
  |->  par_lens = 501, 506, 506
[TDSE] Running TDSE-SH-elliptical. step 27000, energy = -0.07468045697934857
  |->  par_lens = 484, 478, 488
[TDSE] Running TDSE-SH-elliptical. step 27200, energy = -0.0988845969659375
  |->  par_lens = 490, 483, 491
[TDSE] Running TDSE-SH-elliptical. step 27400, energy = -0.2327877530096824
  |->  par_lens = 509, 512, 514
[TDSE] Running TDSE-SH-elliptical. step 27600, energy = -0.3785335616829616
  |->  par_lens = 518, 523, 521
[TDSE] Running TDSE-SH-elliptical. step 27800, energy = -0.3341701121719582
  |->  par_lens = 520, 523, 524
[TDSE] Running TDSE-SH-elliptical. step 28000, energy = -0.1503623792387796
  |->  par_lens = 512, 509, 516
[TDSE] Running TDSE-SH-elliptical. step 28200, energy = -0.05923197756126489
  |->  par_lens = 500, 503, 495
[TDSE] Running TDSE-SH-elliptical. step 28400, energy = -0.15249304877482123
  |->  par_lens = 512, 511, 515
[TDSE] Running TDSE-SH-elliptical. step 28600, energy = -0.31009737897882506
  |->  par_lens = 529, 530, 529
[TDSE] Running TDSE-SH-elliptical. step 28800, energy = -0.3765704723479233
  |->  par_lens = 532, 533, 531
[TDSE] Running TDSE-SH-elliptical. step 29000, energy = -0.2601300941909366
  |->  par_lens = 530, 535, 525
[TDSE] Running TDSE-SH-elliptical. step 29200, energy = -0.11129132377711036
  |->  par_lens = 518, 517, 522
[TDSE] Running TDSE-SH-elliptical. step 29400, energy = -0.12395861059509787
  |->  par_lens = 513, 511, 517
[TDSE] Running TDSE-SH-elliptical. step 29600, energy = -0.23136410824248363
  |->  par_lens = 530, 531, 534
[TDSE] Running TDSE-SH-elliptical. step 29800, energy = -0.3619825521354016
  |->  par_lens = 537, 534, 538
[TDSE] Running TDSE-SH-elliptical. step 30000, energy = -0.3370986520615803
  |->  par_lens = 539, 538, 539
[TDSE] Running TDSE-SH-elliptical. step 30200, energy = -0.19651298421070354
  |->  par_lens = 531, 529, 537
[TDSE] Running TDSE-SH-elliptical. step 30400, energy = -0.12418574300130736
  |->  par_lens = 519, 520, 530
[TDSE] Running TDSE-SH-elliptical. step 30600, energy = -0.1855456052170543
  |->  par_lens = 533, 535, 537
[TDSE] Running TDSE-SH-elliptical. step 30800, energy = -0.3109390750896136
  |->  par_lens = 542, 537, 540
[TDSE] Running TDSE-SH-elliptical. step 31000, energy = -0.37256031453301514
  |->  par_lens = 545, 541, 547
[TDSE] Running TDSE-SH-elliptical. step 31200, energy = -0.29783696308281915
  |->  par_lens = 546, 539, 546
[TDSE] Running TDSE-SH-elliptical. step 31400, energy = -0.19601465566858367
  |->  par_lens = 541, 533, 539
[TDSE] Running TDSE-SH-elliptical. step 31600, energy = -0.190443158406054
  |->  par_lens = 536, 531, 521
[TDSE] Running TDSE-SH-elliptical. step 31800, energy = -0.2733136525912218
  |->  par_lens = 535, 536, 535
[TDSE] Running TDSE-SH-elliptical. step 32000, energy = -0.36884958706552584
  |->  par_lens = 546, 536, 542
[TDSE] Running TDSE-SH-elliptical. step 32200, energy = -0.35860338474979403
  |->  par_lens = 546, 537, 541
[TDSE] Running TDSE-SH-elliptical. step 32400, energy = -0.26788751142087114
  |->  par_lens = 541, 534, 540
[TDSE] Running TDSE-SH-elliptical. step 32600, energy = -0.220626626551477
  |->  par_lens = 534, 528, 536
[TDSE] Running TDSE-SH-elliptical. step 32800, energy = -0.25634187236295325
  |->  par_lens = 536, 542, 540
[TDSE] Running TDSE-SH-elliptical. step 33000, energy = -0.3385825734381388
  |->  par_lens = 545, 543, 548
[TDSE] Running TDSE-SH-elliptical. step 33200, energy = -0.38317932873597316
  |->  par_lens = 546, 546, 548
[TDSE] Running TDSE-SH-elliptical. step 33400, energy = -0.3437887358033192
  |->  par_lens = 547, 543, 548
[TDSE] Running TDSE-SH-elliptical. step 33600, energy = -0.2843764608556402
  |->  par_lens = 541, 540, 544
[TDSE] Running TDSE-SH-elliptical. step 33800, energy = -0.2804426868788928
  |->  par_lens = 535, 533, 536
[TDSE] Running TDSE-SH-elliptical. step 34000, energy = -0.3254625965170818
  |->  par_lens = 535, 531, 542
[TDSE] Running TDSE-SH-elliptical. step 34200, energy = -0.38014646456498125
  |->  par_lens = 533, 530, 542
[TDSE] Running TDSE-SH-elliptical. step 34400, energy = -0.38024655002144153
  |->  par_lens = 534, 528, 540
[TDSE] Running TDSE-SH-elliptical. step 34600, energy = -0.33790303980002606
  |->  par_lens = 531, 529, 536
[TDSE] Running TDSE-SH-elliptical. step 34800, energy = -0.30597071941062415
  |->  par_lens = 528, 522, 529
[TDSE] Running TDSE-SH-elliptical. step 35000, energy = -0.3257869503354142
  |->  par_lens = 528, 532, 529
[TDSE] Running TDSE-SH-elliptical. step 35200, energy = -0.36700931749173005
  |->  par_lens = 532, 530, 534
[TDSE] Running TDSE-SH-elliptical. step 35400, energy = -0.39184253784086376
  |->  par_lens = 525, 530, 526
[TDSE] Running TDSE-SH-elliptical. step 35600, energy = -0.3784409853413488
  |->  par_lens = 526, 525, 530
[TDSE] Running TDSE-SH-elliptical. step 35800, energy = -0.35497142713105534
  |->  par_lens = 512, 512, 518
[TDSE] Running TDSE-SH-elliptical. step 36000, energy = -0.3442784329961354
  |->  par_lens = 498, 485, 488
[TDSE] Running TDSE-SH-elliptical. step 36200, energy = -0.3728193401522798
  |->  par_lens = 470, 462, 477
[TDSE] Running TDSE-SH-elliptical. step 36400, energy = -0.390190122374115
  |->  par_lens = 452, 454, 465
[TDSE] Running TDSE-SH-elliptical. step 36600, energy = -0.3944521294376235
  |->  par_lens = 439, 447, 453
[TDSE] Running TDSE-SH-elliptical. step 36800, energy = -0.37716581917345166
  |->  par_lens = 434, 442, 437
[TDSE] Running TDSE-SH-elliptical. step 37000, energy = -0.3682508242872026
  |->  par_lens = 406, 420, 417
[TDSE] Running TDSE-SH-elliptical. step 37200, energy = -0.3724651908135915
  |->  par_lens = 408, 414, 406
[TDSE] Running TDSE-SH-elliptical. step 37400, energy = -0.3879025895560937
  |->  par_lens = 409, 403, 406
[TDSE] Running TDSE-SH-elliptical. step 37600, energy = -0.39878006496454926
  |->  par_lens = 405, 397, 395
[TDSE] Running TDSE-SH-elliptical. step 37800, energy = -0.39582936234073746
  |->  par_lens = 393, 384, 391
[TDSE] Running TDSE-SH-elliptical. step 38000, energy = -0.3881732811481602
  |->  par_lens = 372, 368, 377
[TDSE] Running TDSE-SH-elliptical. step 38200, energy = -0.3891736604501501
  |->  par_lens = 338, 354, 347
[TDSE] Running TDSE-SH-elliptical. step 38400, energy = -0.39145973326320543
  |->  par_lens = 316, 328, 315
[TDSE] Running TDSE-SH-elliptical. step 38600, energy = -0.39970072938672413
  |->  par_lens = 297, 302, 296
[TDSE] Running TDSE-SH-elliptical. step 38800, energy = -0.3993552517085101
  |->  par_lens = 288, 294, 287
[TDSE] Running TDSE-SH-elliptical. step 39000, energy = -0.396709834992534
  |->  par_lens = 282, 290, 283
[TDSE] Running TDSE-SH-elliptical. step 39200, energy = -0.39480688107996037
  |->  par_lens = 286, 284, 285
[TDSE] Running TDSE-SH-elliptical. step 39400, energy = -0.3950314083828092
  |->  par_lens = 295, 290, 286
[TDSE] Running TDSE-SH-elliptical. step 39600, energy = -0.39936979966443376
  |->  par_lens = 291, 291, 290
[TDSE] Running TDSE-SH-elliptical. step 39800, energy = -0.40048170376302067
  |->  par_lens = 286, 289, 293
[TDSE] Running TDSE-SH-elliptical. step 40000, energy = -0.4014059953437467
  |->  par_lens = 285, 287, 291
[TDSE] Running TDSE-SH-elliptical. step 40200, energy = -0.4009610425156477
  |->  par_lens = 284, 285, 287
[TDSE] Running TDSE-SH-elliptical. step 40400, energy = -0.40068839197128453
  |->  par_lens = 280, 282, 286
[TDSE] Running TDSE-SH-elliptical. step 40600, energy = -0.40174950649692065
  |->  par_lens = 278, 277, 283
[TDSE] Running TDSE-SH-elliptical. step 40800, energy = -0.40202299268429614
  |->  par_lens = 270, 273, 276
[TDSE] Running TDSE-SH-elliptical. step 41000, energy = -0.40227539325940725
  |->  par_lens = 264, 270, 270
[TDSE] Running TDSE-SH-elliptical. step 41200, energy = -0.4025142947401896
  |->  par_lens = 264, 266, 266
[TDSE] Running TDSE-SH-elliptical. step 41400, energy = -0.4022559582593896
  |->  par_lens = 265, 266, 263
[TDSE] Running TDSE-SH-elliptical. step 41600, energy = -0.40285627383652356
  |->  par_lens = 263, 266, 264
[TDSE] Running TDSE-SH-elliptical. step 41800, energy = -0.4030764756201768
  |->  par_lens = 265, 266, 262
[TDSE] Running TDSE-SH-elliptical. step 42000, energy = -0.40350122361166746
  |->  par_lens = 264, 265, 262
[TDSE] Running TDSE-SH-elliptical. step 42200, energy = -0.4037277023071788
  |->  par_lens = 262, 264, 261
[TDSE] Running TDSE-SH-elliptical. step 42400, energy = -0.4041727333782247
  |->  par_lens = 262, 264, 261
[TDSE] Running TDSE-SH-elliptical. step 42600, energy = -0.40441640923530664
  |->  par_lens = 262, 263, 261
[TDSE] Running TDSE-SH-elliptical. step 42800, energy = -0.40467628578210013
  |->  par_lens = 262, 263, 262
[TDSE] Running TDSE-SH-elliptical. step 43000, energy = -0.4050243693283273
  |->  par_lens = 260, 263, 259
[TDSE] Running TDSE-SH-elliptical. step 43200, energy = -0.40533708189039536
  |->  par_lens = 260, 260, 259
[TDSE] Running TDSE-SH-elliptical. step 43400, energy = -0.4056685358718635
  |->  par_lens = 258, 260, 259
[TDSE] Running TDSE-SH-elliptical. step 43600, energy = -0.40596691543972213
  |->  par_lens = 257, 259, 259
[TDSE] Running TDSE-SH-elliptical. step 43800, energy = -0.4063491099152445
  |->  par_lens = 256, 258, 257
[TDSE] Running TDSE-SH-elliptical. step 44000, energy = -0.40660214504318126
  |->  par_lens = 256, 258, 257
[TDSE] Running TDSE-SH-elliptical. step 44200, energy = -0.4071441616429981
  |->  par_lens = 255, 256, 255
[TDSE] Running TDSE-SH-elliptical. step 44400, energy = -0.407448079459733
  |->  par_lens = 254, 255, 255
[TDSE] Running TDSE-SH-elliptical. step 44600, energy = -0.40795551287462156
  |->  par_lens = 253, 254, 253
[TDSE] Running TDSE-SH-elliptical. step 44800, energy = -0.4080096621624207
  |->  par_lens = 253, 254, 252
[TDSE] Running TDSE-SH-elliptical. step 45000, energy = -0.40828751627022963
  |->  par_lens = 252, 253, 252
