  Activating project at `~/JuliaProp_v0.1`
[ITP]: 10000.471108571397
[ITP]: 0.022107823405609905
[ITP]: 0.004976805475414736
[ITP]: 0.0021058954092971205
[ITP]: 0.001084104546129061
[ITP]: 0.0006160870179273692
[ITP]: 0.0003714642087823128
[ITP]: 0.00023286611963801995
[ITP]: 0.0001500123428329614
[ITP]: 9.857967926441003e-5
[ITP]: 6.57601184761436e-5
[ITP]: 4.43786526744816e-5
[ITP]: 3.022437766897479e-5
[ITP]: 2.0735965556739622e-5
[ITP]: 1.4311264988853267e-5
[ITP]: 9.92563006574354e-6
[ITP]: 6.9119921211058255e-6
[ITP]: 4.82976755122877e-6
[ITP]: 3.384510666504248e-6
[ITP]: 2.3775199649023193e-6
[ITP]: 1.6736194445865493e-6
[ITP]: 1.1802274751948616e-6
[ITP]: 8.335748883370186e-7
[ITP]: 5.895273362810372e-7
[ITP]: 4.174150680658073e-7
[ITP]: 2.958509506267859e-7
[ITP]: 2.098764437796774e-7
[ITP]: 1.4900242706339384e-7
[ITP]: 1.0585745457980522e-7
[ITP]: 7.525113565609587e-8
[ITP]: 5.352267851144177e-8
[ITP]: 3.808635307134267e-8
[ITP]: 2.7113442158110956e-8
[ITP]: 1.9309163601377577e-8
[ITP]: 1.3755872219078924e-8
[ITP]: 9.802639699962867e-9
Energy of ground state: -0.5030607411950042
[TDSE] Start TDSE-SH for elliptical polarized laser. It may cost a plenty of time.
[TDSE] Running TDSE-SH-elliptical. step 0, energy = -0.5030607411950033
  |->  par_lens = 1, 1, 1
[TDSE] Running TDSE-SH-elliptical. step 200, energy = -0.5030607411948635
  |->  par_lens = 1, 1, 1
[TDSE] Running TDSE-SH-elliptical. step 400, energy = -0.5030607411947209
  |->  par_lens = 1, 1, 2
[TDSE] Running TDSE-SH-elliptical. step 600, energy = -0.5030607411944992
  |->  par_lens = 1, 1, 2
[TDSE] Running TDSE-SH-elliptical. step 800, energy = -0.5030607411940377
  |->  par_lens = 1, 1, 2
[TDSE] Running TDSE-SH-elliptical. step 1000, energy = -0.5030607411926996
  |->  par_lens = 1, 1, 2
[TDSE] Running TDSE-SH-elliptical. step 1200, energy = -0.5030607411893995
  |->  par_lens = 1, 1, 2
[TDSE] Running TDSE-SH-elliptical. step 1400, energy = -0.5030607411818618
  |->  par_lens = 1, 1, 2
[TDSE] Running TDSE-SH-elliptical. step 1600, energy = -0.5030607411669037
  |->  par_lens = 1, 1, 2
[TDSE] Running TDSE-SH-elliptical. step 1800, energy = -0.5030607411389665
  |->  par_lens = 1, 1, 2
[TDSE] Running TDSE-SH-elliptical. step 2000, energy = -0.5030607410910426
  |->  par_lens = 1, 1, 2
[TDSE] Running TDSE-SH-elliptical. step 2200, energy = -0.5030607410122352
  |->  par_lens = 1, 1, 2
[TDSE] Running TDSE-SH-elliptical. step 2400, energy = -0.5030607408896199
  |->  par_lens = 1, 1, 2
[TDSE] Running TDSE-SH-elliptical. step 2600, energy = -0.5030607407046851
  |->  par_lens = 1, 1, 2
[TDSE] Running TDSE-SH-elliptical. step 2800, energy = -0.5030607404365323
  |->  par_lens = 1, 1, 2
[TDSE] Running TDSE-SH-elliptical. step 3000, energy = -0.5030607400558182
  |->  par_lens = 1, 1, 2
[TDSE] Running TDSE-SH-elliptical. step 3200, energy = -0.5030607395331729
  |->  par_lens = 1, 1, 2
[TDSE] Running TDSE-SH-elliptical. step 3400, energy = -0.5030607388241954
  |->  par_lens = 1, 1, 2
[TDSE] Running TDSE-SH-elliptical. step 3600, energy = -0.503060737889826
  |->  par_lens = 1, 1, 2
[TDSE] Running TDSE-SH-elliptical. step 3800, energy = -0.503060736669446
  |->  par_lens = 1, 1, 2
[TDSE] Running TDSE-SH-elliptical. step 4000, energy = -0.5030607351133609
  |->  par_lens = 1, 1, 2
[TDSE] Running TDSE-SH-elliptical. step 4200, energy = -0.5030607331376272
  |->  par_lens = 1, 1, 2
[TDSE] Running TDSE-SH-elliptical. step 4400, energy = -0.5030607306901732
  |->  par_lens = 1, 1, 2
[TDSE] Running TDSE-SH-elliptical. step 4600, energy = -0.5030607276607594
  |->  par_lens = 1, 1, 2
[TDSE] Running TDSE-SH-elliptical. step 4800, energy = -0.5030607239822544
  |->  par_lens = 1, 1, 2
[TDSE] Running TDSE-SH-elliptical. step 5000, energy = -0.5030607195387535
  |->  par_lens = 1, 1, 2
[TDSE] Running TDSE-SH-elliptical. step 5200, energy = -0.503060714240219
  |->  par_lens = 1, 2, 2
[TDSE] Running TDSE-SH-elliptical. step 5400, energy = -0.5030607079572039
  |->  par_lens = 2, 2, 2
[TDSE] Running TDSE-SH-elliptical. step 5600, energy = -0.5030607005863799
  |->  par_lens = 2, 2, 2
[TDSE] Running TDSE-SH-elliptical. step 5800, energy = -0.5030606920065439
  |->  par_lens = 2, 2, 2
[TDSE] Running TDSE-SH-elliptical. step 6000, energy = -0.5030606820560068
  |->  par_lens = 2, 2, 2
[TDSE] Running TDSE-SH-elliptical. step 6200, energy = -0.5030606706810619
  |->  par_lens = 2, 2, 2
[TDSE] Running TDSE-SH-elliptical. step 6400, energy = -0.5030606576286805
  |->  par_lens = 2, 2, 2
[TDSE] Running TDSE-SH-elliptical. step 6600, energy = -0.5030606429099305
  |->  par_lens = 2, 2, 2
[TDSE] Running TDSE-SH-elliptical. step 6800, energy = -0.5030606262442039
  |->  par_lens = 2, 2, 2
[TDSE] Running TDSE-SH-elliptical. step 7000, energy = -0.5030606076601803
  |->  par_lens = 2, 2, 2
[TDSE] Running TDSE-SH-elliptical. step 7200, energy = -0.5030605867983745
  |->  par_lens = 2, 2, 2
[TDSE] Running TDSE-SH-elliptical. step 7400, energy = -0.5030605638714193
  |->  par_lens = 2, 2, 2
[TDSE] Running TDSE-SH-elliptical. step 7600, energy = -0.5030605383894303
  |->  par_lens = 2, 2, 2
[TDSE] Running TDSE-SH-elliptical. step 7800, energy = -0.5030605105303863
  |->  par_lens = 2, 2, 2
[TDSE] Running TDSE-SH-elliptical. step 8000, energy = -0.5030604800198877
  |->  par_lens = 2, 2, 2
[TDSE] Running TDSE-SH-elliptical. step 8200, energy = -0.5030604469367466
  |->  par_lens = 2, 2, 2
[TDSE] Running TDSE-SH-elliptical. step 8400, energy = -0.50306041097199
  |->  par_lens = 2, 2, 2
[TDSE] Running TDSE-SH-elliptical. step 8600, energy = -0.5030603722833155
  |->  par_lens = 2, 2, 2
[TDSE] Running TDSE-SH-elliptical. step 8800, energy = -0.5030603307540623
  |->  par_lens = 2, 2, 2
[TDSE] Running TDSE-SH-elliptical. step 9000, energy = -0.5030602862384708
  |->  par_lens = 2, 2, 2
[TDSE] Running TDSE-SH-elliptical. step 9200, energy = -0.5030602390001034
  |->  par_lens = 2, 2, 2
[TDSE] Running TDSE-SH-elliptical. step 9400, energy = -0.5030601886201468
  |->  par_lens = 2, 2, 2
[TDSE] Running TDSE-SH-elliptical. step 9600, energy = -0.5030601356550798
  |->  par_lens = 2, 2, 2
[TDSE] Running TDSE-SH-elliptical. step 9800, energy = -0.5030600796383654
  |->  par_lens = 2, 2, 2
[TDSE] Running TDSE-SH-elliptical. step 10000, energy = -0.5030600211210844
  |->  par_lens = 2, 2, 2
[TDSE] Running TDSE-SH-elliptical. step 10200, energy = -0.5030599236729214
  |->  par_lens = 2, 2, 2
[TDSE] Running TDSE-SH-elliptical. step 10400, energy = -0.503059426897929
  |->  par_lens = 2, 2, 2
[TDSE] Running TDSE-SH-elliptical. step 10600, energy = -0.503058852815232
  |->  par_lens = 2, 2, 2
[TDSE] Running TDSE-SH-elliptical. step 10800, energy = -0.5030594603769353
  |->  par_lens = 2, 2, 2
[TDSE] Running TDSE-SH-elliptical. step 11000, energy = -0.5030564635287459
  |->  par_lens = 2, 2, 2
[TDSE] Running TDSE-SH-elliptical. step 11200, energy = -0.5030287359503409
  |->  par_lens = 4, 3, 3
[TDSE] Running TDSE-SH-elliptical. step 11400, energy = -0.5029577909863635
  |->  par_lens = 4, 3, 3
[TDSE] Running TDSE-SH-elliptical. step 11600, energy = -0.5028811573893289
  |->  par_lens = 5, 4, 3
[TDSE] Running TDSE-SH-elliptical. step 11800, energy = -0.5028918397995732
  |->  par_lens = 4, 5, 4
[TDSE] Running TDSE-SH-elliptical. step 12000, energy = -0.5029764864115293
  |->  par_lens = 4, 4, 3
[TDSE] Running TDSE-SH-elliptical. step 12200, energy = -0.5028825049603183
  |->  par_lens = 4, 4, 4
[TDSE] Running TDSE-SH-elliptical. step 12400, energy = -0.5023198939491649
  |->  par_lens = 5, 5, 6
[TDSE] Running TDSE-SH-elliptical. step 12600, energy = -0.5014796902922652
  |->  par_lens = 7, 7, 7
[TDSE] Running TDSE-SH-elliptical. step 12800, energy = -0.5011305374924033
  |->  par_lens = 7, 7, 7
[TDSE] Running TDSE-SH-elliptical. step 13000, energy = -0.5017846239303307
  |->  par_lens = 6, 6, 7
[TDSE] Running TDSE-SH-elliptical. step 13200, energy = -0.5026172583695405
  |->  par_lens = 6, 5, 6
[TDSE] Running TDSE-SH-elliptical. step 13400, energy = -0.5019159165475682
  |->  par_lens = 6, 6, 7
[TDSE] Running TDSE-SH-elliptical. step 13600, energy = -0.4991993631511213
  |->  par_lens = 9, 9, 8
[TDSE] Running TDSE-SH-elliptical. step 13800, energy = -0.4966482978723648
  |->  par_lens = 10, 10, 10
[TDSE] Running TDSE-SH-elliptical. step 14000, energy = -0.49718352797706616
  |->  par_lens = 10, 10, 10
[TDSE] Running TDSE-SH-elliptical. step 14200, energy = -0.5003671221709404
  |->  par_lens = 11, 11, 12
[TDSE] Running TDSE-SH-elliptical. step 14400, energy = -0.501497929596248
  |->  par_lens = 12, 11, 12
[TDSE] Running TDSE-SH-elliptical. step 14600, energy = -0.49649112629893377
  |->  par_lens = 11, 12, 11
[TDSE] Running TDSE-SH-elliptical. step 14800, energy = -0.4881300219053396
  |->  par_lens = 15, 13, 14
[TDSE] Running TDSE-SH-elliptical. step 15000, energy = -0.4846930693828693
  |->  par_lens = 17, 17, 16
[TDSE] Running TDSE-SH-elliptical. step 15200, energy = -0.49067637903680283
  |->  par_lens = 18, 18, 18
[TDSE] Running TDSE-SH-elliptical. step 15400, energy = -0.4989753293840196
  |->  par_lens = 20, 20, 21
[TDSE] Running TDSE-SH-elliptical. step 15600, energy = -0.49704822870922266
  |->  par_lens = 21, 20, 21
[TDSE] Running TDSE-SH-elliptical. step 15800, energy = -0.48207792532282123
  |->  par_lens = 19, 19, 20
[TDSE] Running TDSE-SH-elliptical. step 16000, energy = -0.46780777258723166
  |->  par_lens = 25, 23, 23
[TDSE] Running TDSE-SH-elliptical. step 16200, energy = -0.47029823238251267
  |->  par_lens = 28, 28, 27
[TDSE] Running TDSE-SH-elliptical. step 16400, energy = -0.487514116436015
  |->  par_lens = 32, 32, 32
[TDSE] Running TDSE-SH-elliptical. step 16600, energy = -0.4968293537535447
  |->  par_lens = 34, 33, 33
[TDSE] Running TDSE-SH-elliptical. step 16800, energy = -0.4800440087767848
  |->  par_lens = 34, 35, 34
[TDSE] Running TDSE-SH-elliptical. step 17000, energy = -0.44857434737792906
  |->  par_lens = 34, 29, 32
[TDSE] Running TDSE-SH-elliptical. step 17200, energy = -0.4352980260967946
  |->  par_lens = 40, 41, 40
[TDSE] Running TDSE-SH-elliptical. step 17400, energy = -0.45609253122632964
  |->  par_lens = 49, 50, 49
[TDSE] Running TDSE-SH-elliptical. step 17600, energy = -0.4873307877915453
  |->  par_lens = 59, 56, 56
[TDSE] Running TDSE-SH-elliptical. step 17800, energy = -0.48642703735336146
  |->  par_lens = 60, 57, 58
[TDSE] Running TDSE-SH-elliptical. step 18000, energy = -0.44404008045782845
  |->  par_lens = 54, 51, 55
[TDSE] Running TDSE-SH-elliptical. step 18200, energy = -0.4024147263620776
  |->  par_lens = 50, 51, 49
[TDSE] Running TDSE-SH-elliptical. step 18400, energy = -0.4080285589313596
  |->  par_lens = 68, 69, 70
[TDSE] Running TDSE-SH-elliptical. step 18600, energy = -0.4560574223133246
  |->  par_lens = 84, 85, 83
[TDSE] Running TDSE-SH-elliptical. step 18800, energy = -0.48699946770033076
  |->  par_lens = 90, 91, 91
[TDSE] Running TDSE-SH-elliptical. step 19000, energy = -0.4515035326320612
  |->  par_lens = 93, 90, 90
[TDSE] Running TDSE-SH-elliptical. step 19200, energy = -0.37767828826080596
  |->  par_lens = 77, 75, 72
[TDSE] Running TDSE-SH-elliptical. step 19400, energy = -0.34610526505804295
  |->  par_lens = 86, 85, 85
[TDSE] Running TDSE-SH-elliptical. step 19600, energy = -0.39032707831739566
  |->  par_lens = 115, 113, 113
[TDSE] Running TDSE-SH-elliptical. step 19800, energy = -0.464188730227031
  |->  par_lens = 139, 135, 137
[TDSE] Running TDSE-SH-elliptical. step 20000, energy = -0.4706182939283113
  |->  par_lens = 143, 142, 141
[TDSE] Running TDSE-SH-elliptical. step 20200, energy = -0.3872969833452656
  |->  par_lens = 140, 138, 137
[TDSE] Running TDSE-SH-elliptical. step 20400, energy = -0.30334497318882847
  |->  par_lens = 115, 106, 106
[TDSE] Running TDSE-SH-elliptical. step 20600, energy = -0.3137282366555738
  |->  par_lens = 134, 134, 137
[TDSE] Running TDSE-SH-elliptical. step 20800, energy = -0.40314505159816544
  |->  par_lens = 178, 179, 182
[TDSE] Running TDSE-SH-elliptical. step 21000, energy = -0.47134728317025537
  |->  par_lens = 196, 196, 197
[TDSE] Running TDSE-SH-elliptical. step 21200, energy = -0.415845474852383
  |->  par_lens = 200, 201, 200
[TDSE] Running TDSE-SH-elliptical. step 21400, energy = -0.286390834419603
  |->  par_lens = 182, 174, 178
[TDSE] Running TDSE-SH-elliptical. step 21600, energy = -0.23179980018276136
  |->  par_lens = 165, 163, 156
[TDSE] Running TDSE-SH-elliptical. step 21800, energy = -0.3027009998176963
  |->  par_lens = 220, 219, 216
[TDSE] Running TDSE-SH-elliptical. step 22000, energy = -0.428673338048802
  |->  par_lens = 265, 266, 264
[TDSE] Running TDSE-SH-elliptical. step 22200, energy = -0.4516961137505888
  |->  par_lens = 276, 276, 277
[TDSE] Running TDSE-SH-elliptical. step 22400, energy = -0.324860637205192
  |->  par_lens = 268, 269, 267
[TDSE] Running TDSE-SH-elliptical. step 22600, energy = -0.19226552526105595
  |->  par_lens = 223, 216, 221
[TDSE] Running TDSE-SH-elliptical. step 22800, energy = -0.2114702092496806
  |->  par_lens = 240, 241, 238
[TDSE] Running TDSE-SH-elliptical. step 23000, energy = -0.33593254642526527
  |->  par_lens = 309, 310, 309
[TDSE] Running TDSE-SH-elliptical. step 23200, energy = -0.4473257753068524
  |->  par_lens = 340, 342, 346
[TDSE] Running TDSE-SH-elliptical. step 23400, energy = -0.3812473870576748
  |->  par_lens = 340, 342, 345
[TDSE] Running TDSE-SH-elliptical. step 23600, energy = -0.19994003643490388
  |->  par_lens = 305, 310, 304
[TDSE] Running TDSE-SH-elliptical. step 23800, energy = -0.1220655567664115
  |->  par_lens = 282, 277, 275
[TDSE] Running TDSE-SH-elliptical. step 24000, energy = -0.21881689229801335
  |->  par_lens = 333, 337, 335
[TDSE] Running TDSE-SH-elliptical. step 24200, energy = -0.3826255555013551
  |->  par_lens = 406, 409, 408
[TDSE] Running TDSE-SH-elliptical. step 24400, energy = -0.4270212305654958
  |->  par_lens = 422, 422, 420
[TDSE] Running TDSE-SH-elliptical. step 24600, energy = -0.2753958551837462
  |->  par_lens = 404, 407, 401
[TDSE] Running TDSE-SH-elliptical. step 24800, energy = -0.1042105153287234
  |->  par_lens = 340, 365, 358
[TDSE] Running TDSE-SH-elliptical. step 25000, energy = -0.12953102906708755
  |->  par_lens = 365, 363, 354
[TDSE] Running TDSE-SH-elliptical. step 25200, energy = -0.2716982207874867
  |->  par_lens = 426, 428, 421
[TDSE] Running TDSE-SH-elliptical. step 25400, energy = -0.4129852649585295
  |->  par_lens = 464, 463, 462
[TDSE] Running TDSE-SH-elliptical. step 25600, energy = -0.35123984828603416
  |->  par_lens = 465, 461, 460
[TDSE] Running TDSE-SH-elliptical. step 25800, energy = -0.1504310854545512
  |->  par_lens = 437, 435, 436
[TDSE] Running TDSE-SH-elliptical. step 26000, energy = -0.05515892175024249
  |->  par_lens = 414, 417, 418
[TDSE] Running TDSE-SH-elliptical. step 26200, energy = -0.16371940522915396
  |->  par_lens = 453, 453, 443
[TDSE] Running TDSE-SH-elliptical. step 26400, energy = -0.3362291864278217
  |->  par_lens = 496, 494, 496
[TDSE] Running TDSE-SH-elliptical. step 26600, energy = -0.39835729724146585
  |->  par_lens = 505, 505, 506
[TDSE] Running TDSE-SH-elliptical. step 26800, energy = -0.2536777442454961
  |->  par_lens = 502, 499, 500
[TDSE] Running TDSE-SH-elliptical. step 27000, energy = -0.07463849911986642
  |->  par_lens = 483, 484, 486
[TDSE] Running TDSE-SH-elliptical. step 27200, energy = -0.09884282064817457
  |->  par_lens = 484, 484, 484
[TDSE] Running TDSE-SH-elliptical. step 27400, energy = -0.23275600845180272
  |->  par_lens = 501, 498, 501
[TDSE] Running TDSE-SH-elliptical. step 27600, energy = -0.37852497054168405
  |->  par_lens = 511, 510, 510
[TDSE] Running TDSE-SH-elliptical. step 27800, energy = -0.3341892040152299
  |->  par_lens = 513, 510, 513
[TDSE] Running TDSE-SH-elliptical. step 28000, energy = -0.15040644934807837
  |->  par_lens = 508, 500, 501
[TDSE] Running TDSE-SH-elliptical. step 28200, energy = -0.05928808676523874
  |->  par_lens = 500, 494, 501
[TDSE] Running TDSE-SH-elliptical. step 28400, energy = -0.15254318648958592
  |->  par_lens = 510, 511, 511
[TDSE] Running TDSE-SH-elliptical. step 28600, energy = -0.3101273371442333
  |->  par_lens = 521, 525, 522
[TDSE] Running TDSE-SH-elliptical. step 28800, energy = -0.3765661015416959
  |->  par_lens = 528, 533, 527
[TDSE] Running TDSE-SH-elliptical. step 29000, energy = -0.2600874815124474
  |->  par_lens = 522, 530, 529
[TDSE] Running TDSE-SH-elliptical. step 29200, energy = -0.11121955141406228
  |->  par_lens = 514, 519, 527
[TDSE] Running TDSE-SH-elliptical. step 29400, energy = -0.12388324406615706
  |->  par_lens = 519, 512, 508
[TDSE] Running TDSE-SH-elliptical. step 29600, energy = -0.2313043487731705
  |->  par_lens = 525, 524, 524
[TDSE] Running TDSE-SH-elliptical. step 29800, energy = -0.36196380523002264
  |->  par_lens = 532, 530, 532
[TDSE] Running TDSE-SH-elliptical. step 30000, energy = -0.33713306883750815
  |->  par_lens = 531, 533, 532
[TDSE] Running TDSE-SH-elliptical. step 30200, energy = -0.19659760805719564
  |->  par_lens = 528, 525, 528
[TDSE] Running TDSE-SH-elliptical. step 30400, energy = -0.12429172301782307
  |->  par_lens = 518, 525, 523
[TDSE] Running TDSE-SH-elliptical. step 30600, energy = -0.1856453295760857
  |->  par_lens = 531, 534, 537
[TDSE] Running TDSE-SH-elliptical. step 30800, energy = -0.3109991822625468
  |->  par_lens = 536, 535, 537
[TDSE] Running TDSE-SH-elliptical. step 31000, energy = -0.37255379320030263
  |->  par_lens = 538, 536, 539
[TDSE] Running TDSE-SH-elliptical. step 31200, energy = -0.2977589761897912
  |->  par_lens = 536, 537, 538
[TDSE] Running TDSE-SH-elliptical. step 31400, energy = -0.19588519389536813
  |->  par_lens = 529, 535, 530
[TDSE] Running TDSE-SH-elliptical. step 31600, energy = -0.1903102178903389
  |->  par_lens = 526, 528, 524
[TDSE] Running TDSE-SH-elliptical. step 31800, energy = -0.2732048815377688
  |->  par_lens = 533, 531, 532
[TDSE] Running TDSE-SH-elliptical. step 32000, energy = -0.36881652718232233
  |->  par_lens = 532, 531, 538
[TDSE] Running TDSE-SH-elliptical. step 32200, energy = -0.358654914869367
  |->  par_lens = 530, 536, 538
[TDSE] Running TDSE-SH-elliptical. step 32400, energy = -0.26801974049421345
  |->  par_lens = 531, 529, 534
[TDSE] Running TDSE-SH-elliptical. step 32600, energy = -0.22079043795032224
  |->  par_lens = 532, 531, 531
[TDSE] Running TDSE-SH-elliptical. step 32800, energy = -0.2565012562430769
  |->  par_lens = 538, 537, 535
[TDSE] Running TDSE-SH-elliptical. step 33000, energy = -0.33867626048139354
  |->  par_lens = 545, 541, 540
[TDSE] Running TDSE-SH-elliptical. step 33200, energy = -0.3831810307965687
  |->  par_lens = 541, 540, 539
[TDSE] Running TDSE-SH-elliptical. step 33400, energy = -0.34368419849765625
  |->  par_lens = 540, 538, 540
[TDSE] Running TDSE-SH-elliptical. step 33600, energy = -0.284190789888886
  |->  par_lens = 537, 541, 537
[TDSE] Running TDSE-SH-elliptical. step 33800, energy = -0.28026562236590596
  |->  par_lens = 528, 527, 528
[TDSE] Running TDSE-SH-elliptical. step 34000, energy = -0.3253144880151852
  |->  par_lens = 529, 527, 537
[TDSE] Running TDSE-SH-elliptical. step 34200, energy = -0.38009547187211845
  |->  par_lens = 536, 532, 533
[TDSE] Running TDSE-SH-elliptical. step 34400, energy = -0.3803051466918907
  |->  par_lens = 534, 528, 532
[TDSE] Running TDSE-SH-elliptical. step 34600, energy = -0.3380605641435147
  |->  par_lens = 535, 523, 530
[TDSE] Running TDSE-SH-elliptical. step 34800, energy = -0.30617869464171243
  |->  par_lens = 530, 523, 523
[TDSE] Running TDSE-SH-elliptical. step 35000, energy = -0.32598211101839736
  |->  par_lens = 528, 519, 527
[TDSE] Running TDSE-SH-elliptical. step 35200, energy = -0.36712188792981904
  |->  par_lens = 533, 529, 526
[TDSE] Running TDSE-SH-elliptical. step 35400, energy = -0.3918468513368009
  |->  par_lens = 532, 526, 522
[TDSE] Running TDSE-SH-elliptical. step 35600, energy = -0.37833589625095054
  |->  par_lens = 523, 520, 523
[TDSE] Running TDSE-SH-elliptical. step 35800, energy = -0.3547972421322834
  |->  par_lens = 509, 512, 508
[TDSE] Running TDSE-SH-elliptical. step 36000, energy = -0.3440679625511909
  |->  par_lens = 490, 484, 498
[TDSE] Running TDSE-SH-elliptical. step 36200, energy = -0.3726826329577856
  |->  par_lens = 474, 487, 472
[TDSE] Running TDSE-SH-elliptical. step 36400, energy = -0.39011869522433296
  |->  par_lens = 463, 467, 465
[TDSE] Running TDSE-SH-elliptical. step 36600, energy = -0.39449792018934726
  |->  par_lens = 449, 455, 450
[TDSE] Running TDSE-SH-elliptical. step 36800, energy = -0.3773177522560597
  |->  par_lens = 437, 437, 434
[TDSE] Running TDSE-SH-elliptical. step 37000, energy = -0.3684180240227036
  |->  par_lens = 420, 419, 420
[TDSE] Running TDSE-SH-elliptical. step 37200, energy = -0.37265599311692255
  |->  par_lens = 407, 417, 406
[TDSE] Running TDSE-SH-elliptical. step 37400, energy = -0.38800756153228644
  |->  par_lens = 408, 410, 401
[TDSE] Running TDSE-SH-elliptical. step 37600, energy = -0.39879447159001324
  |->  par_lens = 402, 400, 397
[TDSE] Running TDSE-SH-elliptical. step 37800, energy = -0.39576279630770206
  |->  par_lens = 390, 390, 392
[TDSE] Running TDSE-SH-elliptical. step 38000, energy = -0.38803358292416157
  |->  par_lens = 377, 371, 375
[TDSE] Running TDSE-SH-elliptical. step 38200, energy = -0.3890212782016952
  |->  par_lens = 349, 341, 342
[TDSE] Running TDSE-SH-elliptical. step 38400, energy = -0.39134039086964406
  |->  par_lens = 316, 320, 311
[TDSE] Running TDSE-SH-elliptical. step 38600, energy = -0.3996572620808829
  |->  par_lens = 298, 300, 294
[TDSE] Running TDSE-SH-elliptical. step 38800, energy = -0.39937914305748234
  |->  par_lens = 285, 289, 284
[TDSE] Running TDSE-SH-elliptical. step 39000, energy = -0.3967997523424784
  |->  par_lens = 282, 276, 277
[TDSE] Running TDSE-SH-elliptical. step 39200, energy = -0.3949279476586894
  |->  par_lens = 282, 277, 278
[TDSE] Running TDSE-SH-elliptical. step 39400, energy = -0.3951407189918586
  |->  par_lens = 287, 282, 281
[TDSE] Running TDSE-SH-elliptical. step 39600, energy = -0.39943842454590645
  |->  par_lens = 292, 282, 287
[TDSE] Running TDSE-SH-elliptical. step 39800, energy = -0.4005154283867412
  |->  par_lens = 289, 283, 286
[TDSE] Running TDSE-SH-elliptical. step 40000, energy = -0.40137814748592326
  |->  par_lens = 285, 281, 284
[TDSE] Running TDSE-SH-elliptical. step 40200, energy = -0.40091470831703285
  |->  par_lens = 282, 279, 281
[TDSE] Running TDSE-SH-elliptical. step 40400, energy = -0.4006226390402795
  |->  par_lens = 276, 277, 277
[TDSE] Running TDSE-SH-elliptical. step 40600, energy = -0.40171009044089445
  |->  par_lens = 271, 269, 271
[TDSE] Running TDSE-SH-elliptical. step 40800, energy = -0.4019937198189584
  |->  par_lens = 266, 266, 268
[TDSE] Running TDSE-SH-elliptical. step 41000, energy = -0.4022936569324149
  |->  par_lens = 258, 262, 260
[TDSE] Running TDSE-SH-elliptical. step 41200, energy = -0.40253250731339174
  |->  par_lens = 259, 258, 257
[TDSE] Running TDSE-SH-elliptical. step 41400, energy = -0.4023027972985806
  |->  par_lens = 259, 257, 258
[TDSE] Running TDSE-SH-elliptical. step 41600, energy = -0.40288071164711176
  |->  par_lens = 259, 257, 258
[TDSE] Running TDSE-SH-elliptical. step 41800, energy = -0.4031069480775323
  |->  par_lens = 257, 258, 257
[TDSE] Running TDSE-SH-elliptical. step 42000, energy = -0.4035179958613845
  |->  par_lens = 257, 256, 255
[TDSE] Running TDSE-SH-elliptical. step 42200, energy = -0.4037532058695606
  |->  par_lens = 254, 256, 254
[TDSE] Running TDSE-SH-elliptical. step 42400, energy = -0.4041717676351631
  |->  par_lens = 253, 254, 253
[TDSE] Running TDSE-SH-elliptical. step 42600, energy = -0.4044256770462622
  |->  par_lens = 253, 253, 253
[TDSE] Running TDSE-SH-elliptical. step 42800, energy = -0.40469465383008646
  |->  par_lens = 253, 253, 253
[TDSE] Running TDSE-SH-elliptical. step 43000, energy = -0.40503599863981804
  |->  par_lens = 252, 253, 253
[TDSE] Running TDSE-SH-elliptical. step 43200, energy = -0.4053482524941583
  |->  par_lens = 250, 252, 252
[TDSE] Running TDSE-SH-elliptical. step 43400, energy = -0.4056807082570235
  |->  par_lens = 249, 250, 252
[TDSE] Running TDSE-SH-elliptical. step 43600, energy = -0.40598489397535537
  |->  par_lens = 248, 250, 252
[TDSE] Running TDSE-SH-elliptical. step 43800, energy = -0.4063571900254917
  |->  par_lens = 248, 249, 248
[TDSE] Running TDSE-SH-elliptical. step 44000, energy = -0.40662617608552853
  |->  par_lens = 247, 247, 248
[TDSE] Running TDSE-SH-elliptical. step 44200, energy = -0.40714828146673465
  |->  par_lens = 247, 247, 247
[TDSE] Running TDSE-SH-elliptical. step 44400, energy = -0.4074806768408601
  |->  par_lens = 247, 245, 245
[TDSE] Running TDSE-SH-elliptical. step 44600, energy = -0.4079611636805866
  |->  par_lens = 246, 243, 244
[TDSE] Running TDSE-SH-elliptical. step 44800, energy = -0.4080386679420639
  |->  par_lens = 245, 242, 244
[TDSE] Running TDSE-SH-elliptical. step 45000, energy = -0.40829308659530555
  |->  par_lens = 243, 241, 243
