  Activating project at `~/JuliaProp_v0.1`
[ITP]: 10000.471108571397
[ITP]: 0.022107823405609905
[ITP]: 0.004976805475414736
[ITP]: 0.0021058954092971205
[ITP]: 0.001084104546129061
[ITP]: 0.0006160870179273692
[ITP]: 0.0003714642087823128
[ITP]: 0.00023286611963801995
[ITP]: 0.0001500123428329614
[ITP]: 9.857967926441003e-5
[ITP]: 6.57601184761436e-5
[ITP]: 4.43786526744816e-5
[ITP]: 3.022437766897479e-5
[ITP]: 2.0735965556739622e-5
[ITP]: 1.4311264988853267e-5
[ITP]: 9.92563006574354e-6
[ITP]: 6.9119921211058255e-6
[ITP]: 4.82976755122877e-6
[ITP]: 3.384510666504248e-6
[ITP]: 2.3775199649023193e-6
[ITP]: 1.6736194445865493e-6
[ITP]: 1.1802274751948616e-6
[ITP]: 8.335748883370186e-7
[ITP]: 5.895273362810372e-7
[ITP]: 4.174150680658073e-7
[ITP]: 2.958509506267859e-7
[ITP]: 2.098764437796774e-7
[ITP]: 1.4900242706339384e-7
[ITP]: 1.0585745457980522e-7
[ITP]: 7.525113565609587e-8
[ITP]: 5.352267851144177e-8
[ITP]: 3.808635307134267e-8
[ITP]: 2.7113442158110956e-8
[ITP]: 1.9309163601377577e-8
[ITP]: 1.3755872219078924e-8
[ITP]: 9.802639699962867e-9
Energy of ground state: -0.5030607411950042
[TDSE] Start TDSE-SH for elliptical polarized laser. It may cost a plenty of time.
[TDSE] Running TDSE-SH-elliptical. step 0, energy = -0.5030607411950033
  |->  par_lens = 1, 1, 1
[TDSE] Running TDSE-SH-elliptical. step 200, energy = -0.5030607411948621
  |->  par_lens = 1, 1, 1
[TDSE] Running TDSE-SH-elliptical. step 400, energy = -0.5030607411947172
  |->  par_lens = 1, 1, 2
[TDSE] Running TDSE-SH-elliptical. step 600, energy = -0.5030607411944764
  |->  par_lens = 1, 1, 2
[TDSE] Running TDSE-SH-elliptical. step 800, energy = -0.5030607411939017
  |->  par_lens = 1, 1, 2
[TDSE] Running TDSE-SH-elliptical. step 1000, energy = -0.503060741192045
  |->  par_lens = 1, 1, 2
[TDSE] Running TDSE-SH-elliptical. step 1200, energy = -0.5030607411869797
  |->  par_lens = 1, 1, 2
[TDSE] Running TDSE-SH-elliptical. step 1400, energy = -0.5030607411744186
  |->  par_lens = 1, 1, 2
[TDSE] Running TDSE-SH-elliptical. step 1600, energy = -0.5030607411473477
  |->  par_lens = 1, 1, 2
[TDSE] Running TDSE-SH-elliptical. step 1800, energy = -0.5030607410930164
  |->  par_lens = 1, 1, 2
[TDSE] Running TDSE-SH-elliptical. step 2000, energy = -0.5030607409928071
  |->  par_lens = 1, 1, 2
[TDSE] Running TDSE-SH-elliptical. step 2200, energy = -0.5030607408170593
  |->  par_lens = 1, 1, 2
[TDSE] Running TDSE-SH-elliptical. step 2400, energy = -0.5030607405257496
  |->  par_lens = 1, 1, 2
[TDSE] Running TDSE-SH-elliptical. step 2600, energy = -0.5030607400603101
  |->  par_lens = 1, 1, 2
[TDSE] Running TDSE-SH-elliptical. step 2800, energy = -0.5030607393470372
  |->  par_lens = 1, 1, 2
[TDSE] Running TDSE-SH-elliptical. step 3000, energy = -0.5030607382815451
  |->  par_lens = 1, 1, 2
[TDSE] Running TDSE-SH-elliptical. step 3200, energy = -0.5030607367466
  |->  par_lens = 1, 1, 2
[TDSE] Running TDSE-SH-elliptical. step 3400, energy = -0.503060734569706
  |->  par_lens = 1, 1, 2
[TDSE] Running TDSE-SH-elliptical. step 3600, energy = -0.5030607315803326
  |->  par_lens = 1, 1, 2
[TDSE] Running TDSE-SH-elliptical. step 3800, energy = -0.503060727522133
  |->  par_lens = 1, 1, 2
[TDSE] Running TDSE-SH-elliptical. step 4000, energy = -0.5030607221652202
  |->  par_lens = 1, 1, 2
[TDSE] Running TDSE-SH-elliptical. step 4200, energy = -0.5030607151394595
  |->  par_lens = 1, 2, 2
[TDSE] Running TDSE-SH-elliptical. step 4400, energy = -0.5030607061818627
  |->  par_lens = 2, 2, 2
[TDSE] Running TDSE-SH-elliptical. step 4600, energy = -0.503060694794926
  |->  par_lens = 2, 2, 2
[TDSE] Running TDSE-SH-elliptical. step 4800, energy = -0.5030606806505706
  |->  par_lens = 2, 2, 2
[TDSE] Running TDSE-SH-elliptical. step 5000, energy = -0.5030606631974422
  |->  par_lens = 2, 2, 2
[TDSE] Running TDSE-SH-elliptical. step 5200, energy = -0.5030606420274286
  |->  par_lens = 2, 2, 2
[TDSE] Running TDSE-SH-elliptical. step 5400, energy = -0.5030606165284657
  |->  par_lens = 2, 2, 2
[TDSE] Running TDSE-SH-elliptical. step 5600, energy = -0.5030605862605255
  |->  par_lens = 2, 2, 2
[TDSE] Running TDSE-SH-elliptical. step 5800, energy = -0.5030605506660264
  |->  par_lens = 2, 2, 2
[TDSE] Running TDSE-SH-elliptical. step 6000, energy = -0.5030605091172258
  |->  par_lens = 2, 2, 2
[TDSE] Running TDSE-SH-elliptical. step 6200, energy = -0.5030604613816597
  |->  par_lens = 2, 2, 2
[TDSE] Running TDSE-SH-elliptical. step 6400, energy = -0.5030604065424404
  |->  par_lens = 2, 2, 2
[TDSE] Running TDSE-SH-elliptical. step 6600, energy = -0.5030603447119523
  |->  par_lens = 2, 2, 2
[TDSE] Running TDSE-SH-elliptical. step 6800, energy = -0.5030602749631191
  |->  par_lens = 2, 2, 2
[TDSE] Running TDSE-SH-elliptical. step 7000, energy = -0.5030601976192322
  |->  par_lens = 2, 2, 2
[TDSE] Running TDSE-SH-elliptical. step 7200, energy = -0.5030601115360067
  |->  par_lens = 2, 2, 2
[TDSE] Running TDSE-SH-elliptical. step 7400, energy = -0.50306001794158
  |->  par_lens = 2, 2, 2
[TDSE] Running TDSE-SH-elliptical. step 7600, energy = -0.5030599153183457
  |->  par_lens = 2, 2, 2
[TDSE] Running TDSE-SH-elliptical. step 7800, energy = -0.5030598048804965
  |->  par_lens = 2, 2, 2
[TDSE] Running TDSE-SH-elliptical. step 8000, energy = -0.5030596861465874
  |->  par_lens = 2, 2, 2
[TDSE] Running TDSE-SH-elliptical. step 8200, energy = -0.5030595600963491
  |->  par_lens = 2, 2, 2
[TDSE] Running TDSE-SH-elliptical. step 8400, energy = -0.5030594261857766
  |->  par_lens = 2, 2, 2
[TDSE] Running TDSE-SH-elliptical. step 8600, energy = -0.5030592859017182
  |->  par_lens = 2, 2, 2
[TDSE] Running TDSE-SH-elliptical. step 8800, energy = -0.5030591394972832
  |->  par_lens = 2, 2, 2
[TDSE] Running TDSE-SH-elliptical. step 9000, energy = -0.5030589874213811
  |->  par_lens = 2, 2, 2
[TDSE] Running TDSE-SH-elliptical. step 9200, energy = -0.5030588313402907
  |->  par_lens = 2, 2, 2
[TDSE] Running TDSE-SH-elliptical. step 9400, energy = -0.5030586708404077
  |->  par_lens = 2, 2, 2
[TDSE] Running TDSE-SH-elliptical. step 9600, energy = -0.5030585084928856
  |->  par_lens = 2, 2, 2
[TDSE] Running TDSE-SH-elliptical. step 9800, energy = -0.5030583439039996
  |->  par_lens = 2, 2, 2
[TDSE] Running TDSE-SH-elliptical. step 10000, energy = -0.5030581792402782
  |->  par_lens = 2, 2, 2
[TDSE] Running TDSE-SH-elliptical. step 10200, energy = -0.5030579478494613
  |->  par_lens = 2, 2, 2
[TDSE] Running TDSE-SH-elliptical. step 10400, energy = -0.5030570370277605
  |->  par_lens = 2, 2, 2
[TDSE] Running TDSE-SH-elliptical. step 10600, energy = -0.5030561079755287
  |->  par_lens = 2, 2, 2
[TDSE] Running TDSE-SH-elliptical. step 10800, energy = -0.5030576119845378
  |->  par_lens = 2, 2, 2
[TDSE] Running TDSE-SH-elliptical. step 11000, energy = -0.5030580669715872
  |->  par_lens = 2, 2, 2
[TDSE] Running TDSE-SH-elliptical. step 11200, energy = -0.5030367876294238
  |->  par_lens = 4, 3, 3
[TDSE] Running TDSE-SH-elliptical. step 11400, energy = -0.5029735695443136
  |->  par_lens = 4, 3, 3
[TDSE] Running TDSE-SH-elliptical. step 11600, energy = -0.5029022689946149
  |->  par_lens = 4, 4, 4
[TDSE] Running TDSE-SH-elliptical. step 11800, energy = -0.5029110526892552
  |->  par_lens = 4, 4, 3
[TDSE] Running TDSE-SH-elliptical. step 12000, energy = -0.502983406112346
  |->  par_lens = 4, 4, 3
[TDSE] Running TDSE-SH-elliptical. step 12200, energy = -0.5028670643115054
  |->  par_lens = 4, 4, 4
[TDSE] Running TDSE-SH-elliptical. step 12400, energy = -0.502277657445882
  |->  par_lens = 5, 5, 6
[TDSE] Running TDSE-SH-elliptical. step 12600, energy = -0.5014159215230682
  |->  par_lens = 7, 7, 7
[TDSE] Running TDSE-SH-elliptical. step 12800, energy = -0.5010610290260891
  |->  par_lens = 7, 7, 7
[TDSE] Running TDSE-SH-elliptical. step 13000, energy = -0.5017323650617785
  |->  par_lens = 6, 6, 7
[TDSE] Running TDSE-SH-elliptical. step 13200, energy = -0.5026045286594932
  |->  par_lens = 6, 5, 6
[TDSE] Running TDSE-SH-elliptical. step 13400, energy = -0.5019553758095834
  |->  par_lens = 6, 6, 6
[TDSE] Running TDSE-SH-elliptical. step 13600, energy = -0.4992868420786756
  |->  par_lens = 9, 8, 8
[TDSE] Running TDSE-SH-elliptical. step 13800, energy = -0.49676124910754993
  |->  par_lens = 10, 10, 10
[TDSE] Running TDSE-SH-elliptical. step 14000, energy = -0.4972863617750176
  |->  par_lens = 10, 10, 10
[TDSE] Running TDSE-SH-elliptical. step 14200, energy = -0.5004229298328259
  |->  par_lens = 11, 11, 11
[TDSE] Running TDSE-SH-elliptical. step 14400, energy = -0.5014815148492071
  |->  par_lens = 12, 11, 12
[TDSE] Running TDSE-SH-elliptical. step 14600, energy = -0.4963998174537362
  |->  par_lens = 12, 11, 11
[TDSE] Running TDSE-SH-elliptical. step 14800, energy = -0.48798717737946135
  |->  par_lens = 15, 13, 14
[TDSE] Running TDSE-SH-elliptical. step 15000, energy = -0.48454094292957856
  |->  par_lens = 17, 17, 16
[TDSE] Running TDSE-SH-elliptical. step 15200, energy = -0.4905632606008949
  |->  par_lens = 18, 18, 19
[TDSE] Running TDSE-SH-elliptical. step 15400, energy = -0.4989378297450964
  |->  par_lens = 20, 20, 21
[TDSE] Running TDSE-SH-elliptical. step 15600, energy = -0.49709884109953517
  |->  par_lens = 21, 20, 21
[TDSE] Running TDSE-SH-elliptical. step 15800, energy = -0.4821994588146305
  |->  par_lens = 19, 19, 21
[TDSE] Running TDSE-SH-elliptical. step 16000, energy = -0.4679594063679396
  |->  par_lens = 25, 23, 23
[TDSE] Running TDSE-SH-elliptical. step 16200, energy = -0.47043088716178466
  |->  par_lens = 28, 28, 26
[TDSE] Running TDSE-SH-elliptical. step 16400, energy = -0.4875872684781803
  |->  par_lens = 32, 32, 32
[TDSE] Running TDSE-SH-elliptical. step 16600, energy = -0.49682536999016236
  |->  par_lens = 34, 32, 33
[TDSE] Running TDSE-SH-elliptical. step 16800, energy = -0.47997266277285366
  |->  par_lens = 34, 35, 34
[TDSE] Running TDSE-SH-elliptical. step 17000, energy = -0.44846767473758864
  |->  par_lens = 34, 29, 32
[TDSE] Running TDSE-SH-elliptical. step 17200, energy = -0.43519536648030155
  |->  par_lens = 40, 41, 41
[TDSE] Running TDSE-SH-elliptical. step 17400, energy = -0.45602454545712684
  |->  par_lens = 49, 51, 49
[TDSE] Running TDSE-SH-elliptical. step 17600, energy = -0.48730868451591663
  |->  par_lens = 59, 56, 56
[TDSE] Running TDSE-SH-elliptical. step 17800, energy = -0.4864406192802591
  |->  par_lens = 61, 57, 58
[TDSE] Running TDSE-SH-elliptical. step 18000, energy = -0.4440654916720809
  |->  par_lens = 54, 52, 54
[TDSE] Running TDSE-SH-elliptical. step 18200, energy = -0.40242887747040895
  |->  par_lens = 49, 53, 49
[TDSE] Running TDSE-SH-elliptical. step 18400, energy = -0.4080228669866549
  |->  par_lens = 68, 69, 70
[TDSE] Running TDSE-SH-elliptical. step 18600, energy = -0.45604166567985016
  |->  par_lens = 84, 85, 84
[TDSE] Running TDSE-SH-elliptical. step 18800, energy = -0.48699994380910566
  |->  par_lens = 90, 91, 91
[TDSE] Running TDSE-SH-elliptical. step 19000, energy = -0.4515470218041876
  |->  par_lens = 92, 90, 91
[TDSE] Running TDSE-SH-elliptical. step 19200, energy = -0.37777531557078214
  |->  par_lens = 74, 77, 72
[TDSE] Running TDSE-SH-elliptical. step 19400, energy = -0.346236043916719
  |->  par_lens = 82, 85, 83
[TDSE] Running TDSE-SH-elliptical. step 19600, energy = -0.3904522323246847
  |->  par_lens = 116, 114, 113
[TDSE] Running TDSE-SH-elliptical. step 19800, energy = -0.4642486985463065
  |->  par_lens = 138, 136, 136
[TDSE] Running TDSE-SH-elliptical. step 20000, energy = -0.4705680344844757
  |->  par_lens = 142, 142, 141
[TDSE] Running TDSE-SH-elliptical. step 20200, energy = -0.38712200397485785
  |->  par_lens = 141, 140, 139
[TDSE] Running TDSE-SH-elliptical. step 20400, energy = -0.3030825624348401
  |->  par_lens = 108, 108, 103
[TDSE] Running TDSE-SH-elliptical. step 20600, energy = -0.3134605110007539
  |->  par_lens = 138, 137, 136
[TDSE] Running TDSE-SH-elliptical. step 20800, energy = -0.4029560702353712
  |->  par_lens = 180, 182, 179
[TDSE] Running TDSE-SH-elliptical. step 21000, energy = -0.4713256967171353
  |->  par_lens = 198, 197, 197
[TDSE] Running TDSE-SH-elliptical. step 21200, energy = -0.4160253029786556
  |->  par_lens = 202, 201, 195
[TDSE] Running TDSE-SH-elliptical. step 21400, energy = -0.28673757999585703
  |->  par_lens = 175, 172, 175
[TDSE] Running TDSE-SH-elliptical. step 21600, energy = -0.23220502889980585
  |->  par_lens = 159, 163, 159
[TDSE] Running TDSE-SH-elliptical. step 21800, energy = -0.3030475516610465
  |->  par_lens = 214, 211, 217
[TDSE] Running TDSE-SH-elliptical. step 22000, energy = -0.4288357163855998
  |->  par_lens = 263, 264, 262
[TDSE] Running TDSE-SH-elliptical. step 22200, energy = -0.45161233970433134
  |->  par_lens = 276, 274, 278
[TDSE] Running TDSE-SH-elliptical. step 22400, energy = -0.324537423218955
  |->  par_lens = 268, 269, 271
[TDSE] Running TDSE-SH-elliptical. step 22600, energy = -0.1918003248927492
  |->  par_lens = 215, 221, 221
[TDSE] Running TDSE-SH-elliptical. step 22800, energy = -0.21102585790433687
  |->  par_lens = 241, 245, 242
[TDSE] Running TDSE-SH-elliptical. step 23000, energy = -0.3356210002383669
  |->  par_lens = 311, 313, 309
[TDSE] Running TDSE-SH-elliptical. step 23200, energy = -0.44727058679218884
  |->  par_lens = 338, 338, 341
[TDSE] Running TDSE-SH-elliptical. step 23400, energy = -0.38147104547689775
  |->  par_lens = 339, 340, 341
[TDSE] Running TDSE-SH-elliptical. step 23600, energy = -0.2003787346461033
  |->  par_lens = 304, 320, 313
[TDSE] Running TDSE-SH-elliptical. step 23800, energy = -0.12257189016067226
  |->  par_lens = 292, 289, 284
[TDSE] Running TDSE-SH-elliptical. step 24000, energy = -0.21924149193094236
  |->  par_lens = 337, 335, 339
[TDSE] Running TDSE-SH-elliptical. step 24200, energy = -0.38283671470518693
  |->  par_lens = 380, 381, 381
[TDSE] Running TDSE-SH-elliptical. step 24400, energy = -0.426949747599725
  |->  par_lens = 388, 389, 390
[TDSE] Running TDSE-SH-elliptical. step 24600, energy = -0.27504937115396916
  |->  par_lens = 390, 385, 385
[TDSE] Running TDSE-SH-elliptical. step 24800, energy = -0.10370683867064874
  |->  par_lens = 372, 375, 369
[TDSE] Running TDSE-SH-elliptical. step 25000, energy = -0.1290447305085645
  |->  par_lens = 371, 375, 370
[TDSE] Running TDSE-SH-elliptical. step 25200, energy = -0.2713475036054427
  |->  par_lens = 396, 397, 395
[TDSE] Running TDSE-SH-elliptical. step 25400, energy = -0.4129035002541354
  |->  par_lens = 407, 406, 406
[TDSE] Running TDSE-SH-elliptical. step 25600, energy = -0.35145231075086636
  |->  par_lens = 407, 406, 406
[TDSE] Running TDSE-SH-elliptical. step 25800, energy = -0.1508765151803526
  |->  par_lens = 404, 398, 401
[TDSE] Running TDSE-SH-elliptical. step 26000, energy = -0.055679522360646556
  |->  par_lens = 393, 380, 381
[TDSE] Running TDSE-SH-elliptical. step 26200, energy = -0.16415863065133535
  |->  par_lens = 405, 401, 403
[TDSE] Running TDSE-SH-elliptical. step 26400, energy = -0.3364601665725969
  |->  par_lens = 409, 408, 408
[TDSE] Running TDSE-SH-elliptical. step 26600, energy = -0.3983057389231199
  |->  par_lens = 409, 408, 408
[TDSE] Running TDSE-SH-elliptical. step 26800, energy = -0.25335210030167676
  |->  par_lens = 408, 408, 408
[TDSE] Running TDSE-SH-elliptical. step 27000, energy = -0.07415021658658123
  |->  par_lens = 402, 404, 404
[TDSE] Running TDSE-SH-elliptical. step 27200, energy = -0.09836939818253349
  |->  par_lens = 404, 403, 401
[TDSE] Running TDSE-SH-elliptical. step 27400, energy = -0.2324045490351168
  |->  par_lens = 409, 407, 408
[TDSE] Running TDSE-SH-elliptical. step 27600, energy = -0.3784295423362217
  |->  par_lens = 409, 408, 408
[TDSE] Running TDSE-SH-elliptical. step 27800, energy = -0.3343726576520487
  |->  par_lens = 409, 408, 408
[TDSE] Running TDSE-SH-elliptical. step 28000, energy = -0.15081301393841812
  |->  par_lens = 409, 407, 407
[TDSE] Running TDSE-SH-elliptical. step 28200, energy = -0.05977030501679492
  |->  par_lens = 407, 407, 406
[TDSE] Running TDSE-SH-elliptical. step 28400, energy = -0.15295469616971416
  |->  par_lens = 409, 407, 408
[TDSE] Running TDSE-SH-elliptical. step 28600, energy = -0.31035006983878727
  |->  par_lens = 409, 408, 408
[TDSE] Running TDSE-SH-elliptical. step 28800, energy = -0.3765328998454339
  |->  par_lens = 409, 408, 408
[TDSE] Running TDSE-SH-elliptical. step 29000, energy = -0.2598035010540249
  |->  par_lens = 409, 408, 407
[TDSE] Running TDSE-SH-elliptical. step 29200, energy = -0.11078776935515645
  |->  par_lens = 409, 408, 408
[TDSE] Running TDSE-SH-elliptical. step 29400, energy = -0.12345672957103437
  |->  par_lens = 409, 408, 408
[TDSE] Running TDSE-SH-elliptical. step 29600, energy = -0.23098268941717331
  |->  par_lens = 409, 408, 408
[TDSE] Running TDSE-SH-elliptical. step 29800, energy = -0.36186948761962423
  |->  par_lens = 409, 408, 408
[TDSE] Running TDSE-SH-elliptical. step 30000, energy = -0.33728218572056046
  |->  par_lens = 409, 408, 408
[TDSE] Running TDSE-SH-elliptical. step 30200, energy = -0.19694104583740268
  |->  par_lens = 409, 407, 408
[TDSE] Running TDSE-SH-elliptical. step 30400, energy = -0.12470419923118807
  |->  par_lens = 409, 408, 408
[TDSE] Running TDSE-SH-elliptical. step 30600, energy = -0.18600564476658876
  |->  par_lens = 409, 408, 408
[TDSE] Running TDSE-SH-elliptical. step 30800, energy = -0.3111994297111637
  |->  par_lens = 409, 408, 408
[TDSE] Running TDSE-SH-elliptical. step 31000, energy = -0.3725308230926191
  |->  par_lens = 409, 408, 408
[TDSE] Running TDSE-SH-elliptical. step 31200, energy = -0.2975283818193307
  |->  par_lens = 409, 408, 408
[TDSE] Running TDSE-SH-elliptical. step 31400, energy = -0.19552956285495518
  |->  par_lens = 409, 408, 408
[TDSE] Running TDSE-SH-elliptical. step 31600, energy = -0.18994972946246952
  |->  par_lens = 409, 408, 407
[TDSE] Running TDSE-SH-elliptical. step 31800, energy = -0.27293405449442504
  |->  par_lens = 409, 408, 408
[TDSE] Running TDSE-SH-elliptical. step 32000, energy = -0.36873463593009476
  |->  par_lens = 409, 408, 408
[TDSE] Running TDSE-SH-elliptical. step 32200, energy = -0.3587653819184058
  |->  par_lens = 409, 408, 407
[TDSE] Running TDSE-SH-elliptical. step 32400, energy = -0.2682902266816016
  |->  par_lens = 409, 406, 408
[TDSE] Running TDSE-SH-elliptical. step 32600, energy = -0.22111991060681016
  |->  par_lens = 409, 408, 408
[TDSE] Running TDSE-SH-elliptical. step 32800, energy = -0.25679118721144795
  |->  par_lens = 409, 408, 408
[TDSE] Running TDSE-SH-elliptical. step 33000, energy = -0.3388415095493832
  |->  par_lens = 409, 408, 408
[TDSE] Running TDSE-SH-elliptical. step 33200, energy = -0.3831788547104778
  |->  par_lens = 409, 408, 408
[TDSE] Running TDSE-SH-elliptical. step 33400, energy = -0.34351824354944244
  |->  par_lens = 409, 408, 408
[TDSE] Running TDSE-SH-elliptical. step 33600, energy = -0.28392496369226194
  |->  par_lens = 409, 408, 408
[TDSE] Running TDSE-SH-elliptical. step 33800, energy = -0.27999206995709125
  |->  par_lens = 408, 407, 407
[TDSE] Running TDSE-SH-elliptical. step 34000, energy = -0.32510865005631706
  |->  par_lens = 408, 406, 407
[TDSE] Running TDSE-SH-elliptical. step 34200, energy = -0.3800240864357055
  |->  par_lens = 409, 408, 408
[TDSE] Running TDSE-SH-elliptical. step 34400, energy = -0.3803781985786968
  |->  par_lens = 409, 408, 408
[TDSE] Running TDSE-SH-elliptical. step 34600, energy = -0.33824309490204385
  |->  par_lens = 408, 408, 407
[TDSE] Running TDSE-SH-elliptical. step 34800, energy = -0.3064161187497915
  |->  par_lens = 406, 407, 405
[TDSE] Running TDSE-SH-elliptical. step 35000, energy = -0.3261896492419349
  |->  par_lens = 409, 406, 403
[TDSE] Running TDSE-SH-elliptical. step 35200, energy = -0.36724699096321795
  |->  par_lens = 407, 408, 401
[TDSE] Running TDSE-SH-elliptical. step 35400, energy = -0.39185301122943944
  |->  par_lens = 406, 407, 403
[TDSE] Running TDSE-SH-elliptical. step 35600, energy = -0.37822844874264105
  |->  par_lens = 404, 406, 402
[TDSE] Running TDSE-SH-elliptical. step 35800, energy = -0.3546300146267939
  |->  par_lens = 397, 397, 396
[TDSE] Running TDSE-SH-elliptical. step 36000, energy = -0.34387983381407305
  |->  par_lens = 393, 390, 390
[TDSE] Running TDSE-SH-elliptical. step 36200, energy = -0.37255320419106375
  |->  par_lens = 391, 385, 382
[TDSE] Running TDSE-SH-elliptical. step 36400, energy = -0.3900597861780534
  |->  par_lens = 389, 383, 384
[TDSE] Running TDSE-SH-elliptical. step 36600, energy = -0.3945349674490223
  |->  par_lens = 388, 382, 381
[TDSE] Running TDSE-SH-elliptical. step 36800, energy = -0.37742822836169754
  |->  par_lens = 380, 380, 381
[TDSE] Running TDSE-SH-elliptical. step 37000, energy = -0.36855467145328646
  |->  par_lens = 378, 377, 378
[TDSE] Running TDSE-SH-elliptical. step 37200, energy = -0.3727828597629281
  |->  par_lens = 377, 378, 375
[TDSE] Running TDSE-SH-elliptical. step 37400, energy = -0.3880846861319808
  |->  par_lens = 381, 381, 377
[TDSE] Running TDSE-SH-elliptical. step 37600, energy = -0.3988016613628182
  |->  par_lens = 382, 380, 377
[TDSE] Running TDSE-SH-elliptical. step 37800, energy = -0.3957169180528191
  |->  par_lens = 381, 377, 377
[TDSE] Running TDSE-SH-elliptical. step 38000, energy = -0.3879428390077498
  |->  par_lens = 368, 372, 372
[TDSE] Running TDSE-SH-elliptical. step 38200, energy = -0.3889325789619943
  |->  par_lens = 368, 362, 365
[TDSE] Running TDSE-SH-elliptical. step 38400, energy = -0.39126414833558004
  |->  par_lens = 359, 353, 354
[TDSE] Running TDSE-SH-elliptical. step 38600, energy = -0.3996305548263834
  |->  par_lens = 351, 350, 350
[TDSE] Running TDSE-SH-elliptical. step 38800, energy = -0.3993901957602206
  |->  par_lens = 347, 343, 348
[TDSE] Running TDSE-SH-elliptical. step 39000, energy = -0.3968460236594512
  |->  par_lens = 343, 344, 346
[TDSE] Running TDSE-SH-elliptical. step 39200, energy = -0.39498638638317507
  |->  par_lens = 345, 344, 340
[TDSE] Running TDSE-SH-elliptical. step 39400, energy = -0.3951986983415329
  |->  par_lens = 345, 343, 343
[TDSE] Running TDSE-SH-elliptical. step 39600, energy = -0.39946908565067496
  |->  par_lens = 344, 347, 343
[TDSE] Running TDSE-SH-elliptical. step 39800, energy = -0.4005294554099964
  |->  par_lens = 346, 346, 346
[TDSE] Running TDSE-SH-elliptical. step 40000, energy = -0.40136312910696004
  |->  par_lens = 346, 342, 344
[TDSE] Running TDSE-SH-elliptical. step 40200, energy = -0.40088954338597305
  |->  par_lens = 342, 340, 340
[TDSE] Running TDSE-SH-elliptical. step 40400, energy = -0.4005914740917767
  |->  par_lens = 340, 333, 337
[TDSE] Running TDSE-SH-elliptical. step 40600, energy = -0.4016914686243826
  |->  par_lens = 334, 328, 332
[TDSE] Running TDSE-SH-elliptical. step 40800, energy = -0.40197889961315225
  |->  par_lens = 327, 322, 324
[TDSE] Running TDSE-SH-elliptical. step 41000, energy = -0.4022984761785074
  |->  par_lens = 322, 313, 318
[TDSE] Running TDSE-SH-elliptical. step 41200, energy = -0.40253708549624573
  |->  par_lens = 318, 312, 313
[TDSE] Running TDSE-SH-elliptical. step 41400, energy = -0.40231836629481316
  |->  par_lens = 309, 308, 307
[TDSE] Running TDSE-SH-elliptical. step 41600, energy = -0.4028891356789628
  |->  par_lens = 295, 301, 298
[TDSE] Running TDSE-SH-elliptical. step 41800, energy = -0.40311635980987004
  |->  par_lens = 284, 287, 288
[TDSE] Running TDSE-SH-elliptical. step 42000, energy = -0.4035202449570498
  |->  par_lens = 281, 282, 281
[TDSE] Running TDSE-SH-elliptical. step 42200, energy = -0.40375900532148845
  |->  par_lens = 279, 280, 278
[TDSE] Running TDSE-SH-elliptical. step 42400, energy = -0.4041704774116396
  |->  par_lens = 277, 277, 276
[TDSE] Running TDSE-SH-elliptical. step 42600, energy = -0.4044274049432722
  |->  par_lens = 275, 276, 274
[TDSE] Running TDSE-SH-elliptical. step 42800, energy = -0.40469740478181
  |->  par_lens = 272, 271, 270
[TDSE] Running TDSE-SH-elliptical. step 43000, energy = -0.4050366405061953
  |->  par_lens = 270, 268, 268
[TDSE] Running TDSE-SH-elliptical. step 43200, energy = -0.40535006735372875
  |->  par_lens = 268, 266, 267
[TDSE] Running TDSE-SH-elliptical. step 43400, energy = -0.4056822082087568
  |->  par_lens = 266, 263, 266
[TDSE] Running TDSE-SH-elliptical. step 43600, energy = -0.40598782409547124
  |->  par_lens = 265, 262, 265
[TDSE] Running TDSE-SH-elliptical. step 43800, energy = -0.40635698183093
  |->  par_lens = 263, 260, 263
[TDSE] Running TDSE-SH-elliptical. step 44000, energy = -0.4066311913323475
  |->  par_lens = 259, 258, 259
[TDSE] Running TDSE-SH-elliptical. step 44200, energy = -0.40714687370660657
  |->  par_lens = 256, 256, 257
[TDSE] Running TDSE-SH-elliptical. step 44400, energy = -0.4074867184804506
  |->  par_lens = 255, 254, 255
[TDSE] Running TDSE-SH-elliptical. step 44600, energy = -0.40795961259868596
  |->  par_lens = 254, 254, 253
[TDSE] Running TDSE-SH-elliptical. step 44800, energy = -0.4080438912859414
  |->  par_lens = 252, 251, 252
[TDSE] Running TDSE-SH-elliptical. step 45000, energy = -0.40829271803262274
  |->  par_lens = 250, 249, 248
