  Activating project at `~/JuliaProp_v0.1`
[ITP]: 10000.471108571397
[ITP]: 0.022107823405609905
[ITP]: 0.004976805475414736
[ITP]: 0.0021058954092971205
[ITP]: 0.001084104546129061
[ITP]: 0.0006160870179273692
[ITP]: 0.0003714642087823128
[ITP]: 0.00023286611963801995
[ITP]: 0.0001500123428329614
[ITP]: 9.857967926441003e-5
[ITP]: 6.57601184761436e-5
[ITP]: 4.43786526744816e-5
[ITP]: 3.022437766897479e-5
[ITP]: 2.0735965556739622e-5
[ITP]: 1.4311264988853267e-5
[ITP]: 9.92563006574354e-6
[ITP]: 6.9119921211058255e-6
[ITP]: 4.82976755122877e-6
[ITP]: 3.384510666504248e-6
[ITP]: 2.3775199649023193e-6
[ITP]: 1.6736194445865493e-6
[ITP]: 1.1802274751948616e-6
[ITP]: 8.335748883370186e-7
[ITP]: 5.895273362810372e-7
[ITP]: 4.174150680658073e-7
[ITP]: 2.958509506267859e-7
[ITP]: 2.098764437796774e-7
[ITP]: 1.4900242706339384e-7
[ITP]: 1.0585745457980522e-7
[ITP]: 7.525113565609587e-8
[ITP]: 5.352267851144177e-8
[ITP]: 3.808635307134267e-8
[ITP]: 2.7113442158110956e-8
[ITP]: 1.9309163601377577e-8
[ITP]: 1.3755872219078924e-8
[ITP]: 9.802639699962867e-9
Energy of ground state: -0.5030607411950042
[TDSE] Start TDSE-SH for elliptical polarized laser. It may cost a plenty of time.
[TDSE] Running TDSE-SH-elliptical. step 0, energy = -0.5030607411950033
  |->  par_lens = 1, 1, 1
[TDSE] Running TDSE-SH-elliptical. step 200, energy = -0.5030607411948621
  |->  par_lens = 1, 1, 1
[TDSE] Running TDSE-SH-elliptical. step 400, energy = -0.5030607411947172
  |->  par_lens = 1, 1, 2
[TDSE] Running TDSE-SH-elliptical. step 600, energy = -0.5030607411944764
  |->  par_lens = 1, 1, 2
[TDSE] Running TDSE-SH-elliptical. step 800, energy = -0.5030607411939122
  |->  par_lens = 1, 1, 2
[TDSE] Running TDSE-SH-elliptical. step 1000, energy = -0.5030607411922318
  |->  par_lens = 1, 1, 2
[TDSE] Running TDSE-SH-elliptical. step 1200, energy = -0.5030607411880177
  |->  par_lens = 1, 1, 2
[TDSE] Running TDSE-SH-elliptical. step 1400, energy = -0.5030607411784208
  |->  par_lens = 1, 1, 2
[TDSE] Running TDSE-SH-elliptical. step 1600, energy = -0.5030607411593959
  |->  par_lens = 1, 1, 2
[TDSE] Running TDSE-SH-elliptical. step 1800, energy = -0.503060741124043
  |->  par_lens = 1, 1, 2
[TDSE] Running TDSE-SH-elliptical. step 2000, energy = -0.5030607410636224
  |->  par_lens = 1, 1, 2
[TDSE] Running TDSE-SH-elliptical. step 2200, energy = -0.5030607409647122
  |->  par_lens = 1, 1, 2
[TDSE] Running TDSE-SH-elliptical. step 2400, energy = -0.503060740811582
  |->  par_lens = 1, 1, 2
[TDSE] Running TDSE-SH-elliptical. step 2600, energy = -0.5030607405815894
  |->  par_lens = 1, 1, 2
[TDSE] Running TDSE-SH-elliptical. step 2800, energy = -0.5030607402498793
  |->  par_lens = 1, 1, 2
[TDSE] Running TDSE-SH-elliptical. step 3000, energy = -0.5030607397809052
  |->  par_lens = 1, 1, 2
[TDSE] Running TDSE-SH-elliptical. step 3200, energy = -0.5030607391405402
  |->  par_lens = 1, 1, 2
[TDSE] Running TDSE-SH-elliptical. step 3400, energy = -0.5030607382755158
  |->  par_lens = 1, 1, 2
[TDSE] Running TDSE-SH-elliptical. step 3600, energy = -0.5030607371416844
  |->  par_lens = 1, 1, 2
[TDSE] Running TDSE-SH-elliptical. step 3800, energy = -0.5030607356669745
  |->  par_lens = 1, 1, 2
[TDSE] Running TDSE-SH-elliptical. step 4000, energy = -0.5030607337967744
  |->  par_lens = 1, 1, 2
[TDSE] Running TDSE-SH-elliptical. step 4200, energy = -0.5030607314323375
  |->  par_lens = 1, 1, 2
[TDSE] Running TDSE-SH-elliptical. step 4400, energy = -0.503060728518962
  |->  par_lens = 1, 1, 2
[TDSE] Running TDSE-SH-elliptical. step 4600, energy = -0.5030607249285666
  |->  par_lens = 1, 1, 2
[TDSE] Running TDSE-SH-elliptical. step 4800, energy = -0.5030607205916634
  |->  par_lens = 1, 1, 2
[TDSE] Running TDSE-SH-elliptical. step 5000, energy = -0.5030607153761038
  |->  par_lens = 1, 1, 2
[TDSE] Running TDSE-SH-elliptical. step 5200, energy = -0.5030607091890229
  |->  par_lens = 1, 2, 2
[TDSE] Running TDSE-SH-elliptical. step 5400, energy = -0.5030607018853721
  |->  par_lens = 2, 2, 2
[TDSE] Running TDSE-SH-elliptical. step 5600, energy = -0.5030606933605095
  |->  par_lens = 2, 2, 2
[TDSE] Running TDSE-SH-elliptical. step 5800, energy = -0.5030606834830383
  |->  par_lens = 2, 2, 2
[TDSE] Running TDSE-SH-elliptical. step 6000, energy = -0.5030606720839417
  |->  par_lens = 2, 2, 2
[TDSE] Running TDSE-SH-elliptical. step 6200, energy = -0.5030606591142615
  |->  par_lens = 2, 2, 2
[TDSE] Running TDSE-SH-elliptical. step 6400, energy = -0.5030606443035641
  |->  par_lens = 2, 2, 2
[TDSE] Running TDSE-SH-elliptical. step 6600, energy = -0.5030606276812669
  |->  par_lens = 2, 2, 2
[TDSE] Running TDSE-SH-elliptical. step 6800, energy = -0.5030606089496645
  |->  par_lens = 2, 2, 2
[TDSE] Running TDSE-SH-elliptical. step 7000, energy = -0.5030605881614315
  |->  par_lens = 2, 2, 2
[TDSE] Running TDSE-SH-elliptical. step 7200, energy = -0.5030605649329829
  |->  par_lens = 2, 2, 2
[TDSE] Running TDSE-SH-elliptical. step 7400, energy = -0.5030605395301413
  |->  par_lens = 2, 2, 2
[TDSE] Running TDSE-SH-elliptical. step 7600, energy = -0.5030605114231114
  |->  par_lens = 2, 2, 2
[TDSE] Running TDSE-SH-elliptical. step 7800, energy = -0.5030604808425154
  |->  par_lens = 2, 2, 2
[TDSE] Running TDSE-SH-elliptical. step 8000, energy = -0.5030604475029778
  |->  par_lens = 2, 2, 2
[TDSE] Running TDSE-SH-elliptical. step 8200, energy = -0.5030604115267439
  |->  par_lens = 2, 2, 2
[TDSE] Running TDSE-SH-elliptical. step 8400, energy = -0.5030603725878635
  |->  par_lens = 2, 2, 2
[TDSE] Running TDSE-SH-elliptical. step 8600, energy = -0.5030603309031582
  |->  par_lens = 2, 2, 2
[TDSE] Running TDSE-SH-elliptical. step 8800, energy = -0.5030602863520618
  |->  par_lens = 2, 2, 2
[TDSE] Running TDSE-SH-elliptical. step 9000, energy = -0.5030602388257074
  |->  par_lens = 2, 2, 2
[TDSE] Running TDSE-SH-elliptical. step 9200, energy = -0.5030601886111158
  |->  par_lens = 2, 2, 2
[TDSE] Running TDSE-SH-elliptical. step 9400, energy = -0.5030601353050321
  |->  par_lens = 2, 2, 2
[TDSE] Running TDSE-SH-elliptical. step 9600, energy = -0.5030600795086817
  |->  par_lens = 2, 2, 2
[TDSE] Running TDSE-SH-elliptical. step 9800, energy = -0.503060020770963
  |->  par_lens = 2, 2, 2
[TDSE] Running TDSE-SH-elliptical. step 10000, energy = -0.5030599596683712
  |->  par_lens = 2, 2, 2
[TDSE] Running TDSE-SH-elliptical. step 10200, energy = -0.5030598583491723
  |->  par_lens = 2, 2, 2
[TDSE] Running TDSE-SH-elliptical. step 10400, energy = -0.5030593447931194
  |->  par_lens = 2, 2, 2
[TDSE] Running TDSE-SH-elliptical. step 10600, energy = -0.5030587568171166
  |->  par_lens = 2, 2, 2
[TDSE] Running TDSE-SH-elliptical. step 10800, energy = -0.5030594057296259
  |->  par_lens = 2, 2, 2
[TDSE] Running TDSE-SH-elliptical. step 11000, energy = -0.503056561018349
  |->  par_lens = 2, 2, 2
[TDSE] Running TDSE-SH-elliptical. step 11200, energy = -0.5030291137259839
  |->  par_lens = 4, 3, 3
[TDSE] Running TDSE-SH-elliptical. step 11400, energy = -0.5029585017202343
  |->  par_lens = 4, 3, 3
[TDSE] Running TDSE-SH-elliptical. step 11600, energy = -0.5028820975284959
  |->  par_lens = 5, 4, 4
[TDSE] Running TDSE-SH-elliptical. step 11800, energy = -0.5028926980219653
  |->  par_lens = 4, 5, 4
[TDSE] Running TDSE-SH-elliptical. step 12000, energy = -0.5029768137973782
  |->  par_lens = 4, 4, 3
[TDSE] Running TDSE-SH-elliptical. step 12200, energy = -0.5028818590955982
  |->  par_lens = 4, 4, 4
[TDSE] Running TDSE-SH-elliptical. step 12400, energy = -0.5023180652599195
  |->  par_lens = 5, 5, 6
[TDSE] Running TDSE-SH-elliptical. step 12600, energy = -0.5014768869291599
  |->  par_lens = 7, 7, 7
[TDSE] Running TDSE-SH-elliptical. step 12800, energy = -0.501127440119841
  |->  par_lens = 7, 7, 7
[TDSE] Running TDSE-SH-elliptical. step 13000, energy = -0.5017822661727315
  |->  par_lens = 6, 6, 7
[TDSE] Running TDSE-SH-elliptical. step 13200, energy = -0.5026166965120208
  |->  par_lens = 6, 5, 6
[TDSE] Running TDSE-SH-elliptical. step 13400, energy = -0.5019178206289017
  |->  par_lens = 6, 6, 7
[TDSE] Running TDSE-SH-elliptical. step 13600, energy = -0.49920364552222624
  |->  par_lens = 9, 9, 8
[TDSE] Running TDSE-SH-elliptical. step 13800, energy = -0.49665396570309617
  |->  par_lens = 10, 10, 10
[TDSE] Running TDSE-SH-elliptical. step 14000, energy = -0.49718883907552347
  |->  par_lens = 10, 10, 10
[TDSE] Running TDSE-SH-elliptical. step 14200, energy = -0.5003701041649953
  |->  par_lens = 11, 11, 12
[TDSE] Running TDSE-SH-elliptical. step 14400, energy = -0.5014970296754547
  |->  par_lens = 12, 11, 12
[TDSE] Running TDSE-SH-elliptical. step 14600, energy = -0.4964858802794904
  |->  par_lens = 11, 12, 11
[TDSE] Running TDSE-SH-elliptical. step 14800, energy = -0.4881214465156869
  |->  par_lens = 15, 13, 14
[TDSE] Running TDSE-SH-elliptical. step 15000, energy = -0.48468348805679884
  |->  par_lens = 17, 17, 16
[TDSE] Running TDSE-SH-elliptical. step 15200, energy = -0.49066888481757215
  |->  par_lens = 18, 18, 18
[TDSE] Running TDSE-SH-elliptical. step 15400, energy = -0.49897273248121976
  |->  par_lens = 20, 20, 21
[TDSE] Running TDSE-SH-elliptical. step 15600, energy = -0.4970520977318948
  |->  par_lens = 21, 20, 21
[TDSE] Running TDSE-SH-elliptical. step 15800, energy = -0.48208780537362833
  |->  par_lens = 19, 19, 20
[TDSE] Running TDSE-SH-elliptical. step 16000, energy = -0.4678210549141903
  |->  par_lens = 25, 23, 23
[TDSE] Running TDSE-SH-elliptical. step 16200, energy = -0.470310869418354
  |->  par_lens = 28, 28, 27
[TDSE] Running TDSE-SH-elliptical. step 16400, energy = -0.4875217398246749
  |->  par_lens = 32, 32, 32
[TDSE] Running TDSE-SH-elliptical. step 16600, energy = -0.496828791645869
  |->  par_lens = 34, 33, 33
[TDSE] Running TDSE-SH-elliptical. step 16800, energy = -0.4800344609320721
  |->  par_lens = 34, 35, 34
[TDSE] Running TDSE-SH-elliptical. step 17000, energy = -0.4485580133878005
  |->  par_lens = 34, 29, 32
[TDSE] Running TDSE-SH-elliptical. step 17200, energy = -0.4352796078487354
  |->  par_lens = 40, 41, 40
[TDSE] Running TDSE-SH-elliptical. step 17400, energy = -0.4560777963453462
  |->  par_lens = 49, 50, 49
[TDSE] Running TDSE-SH-elliptical. step 17600, energy = -0.4873249372126443
  |->  par_lens = 59, 56, 56
[TDSE] Running TDSE-SH-elliptical. step 17800, energy = -0.48643277817172204
  |->  par_lens = 60, 57, 58
[TDSE] Running TDSE-SH-elliptical. step 18000, energy = -0.4440565078634221
  |->  par_lens = 53, 52, 55
[TDSE] Running TDSE-SH-elliptical. step 18200, energy = -0.4024371576687917
  |->  par_lens = 50, 51, 51
[TDSE] Running TDSE-SH-elliptical. step 18400, energy = -0.4080501584703347
  |->  par_lens = 68, 69, 70
[TDSE] Running TDSE-SH-elliptical. step 18600, energy = -0.45607103710989355
  |->  par_lens = 84, 85, 83
[TDSE] Running TDSE-SH-elliptical. step 18800, energy = -0.48699998757780527
  |->  par_lens = 90, 91, 91
[TDSE] Running TDSE-SH-elliptical. step 19000, energy = -0.4514896353248702
  |->  par_lens = 93, 91, 90
[TDSE] Running TDSE-SH-elliptical. step 19200, energy = -0.3776535812508611
  |->  par_lens = 76, 76, 71
[TDSE] Running TDSE-SH-elliptical. step 19400, energy = -0.34607721907233147
  |->  par_lens = 85, 86, 85
[TDSE] Running TDSE-SH-elliptical. step 19600, energy = -0.3903041050891323
  |->  par_lens = 117, 114, 113
[TDSE] Running TDSE-SH-elliptical. step 19800, energy = -0.4641788341895186
  |->  par_lens = 139, 136, 136
[TDSE] Running TDSE-SH-elliptical. step 20000, energy = -0.47062528081376925
  |->  par_lens = 143, 142, 142
[TDSE] Running TDSE-SH-elliptical. step 20200, energy = -0.3873197364924536
  |->  par_lens = 140, 137, 138
[TDSE] Running TDSE-SH-elliptical. step 20400, energy = -0.30337652456970826
  |->  par_lens = 112, 107, 108
[TDSE] Running TDSE-SH-elliptical. step 20600, energy = -0.31375878080746694
  |->  par_lens = 139, 132, 135
[TDSE] Running TDSE-SH-elliptical. step 20800, energy = -0.40316518453816375
  |->  par_lens = 177, 179, 178
[TDSE] Running TDSE-SH-elliptical. step 21000, energy = -0.4713496044910124
  |->  par_lens = 197, 195, 198
[TDSE] Running TDSE-SH-elliptical. step 21200, energy = -0.4158281226245562
  |->  par_lens = 201, 202, 202
[TDSE] Running TDSE-SH-elliptical. step 21400, energy = -0.286358602087829
  |->  par_lens = 179, 178, 175
[TDSE] Running TDSE-SH-elliptical. step 21600, energy = -0.23176304646631254
  |->  par_lens = 164, 156, 157
[TDSE] Running TDSE-SH-elliptical. step 21800, energy = -0.30267030527684147
  |->  par_lens = 221, 218, 218
[TDSE] Running TDSE-SH-elliptical. step 22000, energy = -0.4286591746498402
  |->  par_lens = 265, 269, 266
[TDSE] Running TDSE-SH-elliptical. step 22200, energy = -0.45170322953584996
  |->  par_lens = 276, 276, 280
[TDSE] Running TDSE-SH-elliptical. step 22400, energy = -0.32488810079550406
  |->  par_lens = 273, 275, 267
[TDSE] Running TDSE-SH-elliptical. step 22600, energy = -0.19230444160234983
  |->  par_lens = 225, 220, 228
[TDSE] Running TDSE-SH-elliptical. step 22800, energy = -0.211507775259738
  |->  par_lens = 251, 244, 241
[TDSE] Running TDSE-SH-elliptical. step 23000, energy = -0.33595855196687363
  |->  par_lens = 309, 311, 308
[TDSE] Running TDSE-SH-elliptical. step 23200, energy = -0.4473304303799118
  |->  par_lens = 337, 338, 338
[TDSE] Running TDSE-SH-elliptical. step 23400, energy = -0.3812285616836368
  |->  par_lens = 338, 334, 337
[TDSE] Running TDSE-SH-elliptical. step 23600, energy = -0.19990302733575546
  |->  par_lens = 315, 306, 315
[TDSE] Running TDSE-SH-elliptical. step 23800, energy = -0.12202292726976771
  |->  par_lens = 277, 290, 281
[TDSE] Running TDSE-SH-elliptical. step 24000, energy = -0.21878107378512243
  |->  par_lens = 339, 332, 334
[TDSE] Running TDSE-SH-elliptical. step 24200, energy = -0.3826078212340357
  |->  par_lens = 385, 383, 384
[TDSE] Running TDSE-SH-elliptical. step 24400, energy = -0.42702715390979495
  |->  par_lens = 392, 392, 392
[TDSE] Running TDSE-SH-elliptical. step 24600, energy = -0.27542484231645514
  |->  par_lens = 388, 389, 387
[TDSE] Running TDSE-SH-elliptical. step 24800, energy = -0.10425289101908895
  |->  par_lens = 360, 363, 361
[TDSE] Running TDSE-SH-elliptical. step 25000, energy = -0.1295719286267175
  |->  par_lens = 364, 373, 365
[TDSE] Running TDSE-SH-elliptical. step 25200, energy = -0.27172811736077485
  |->  par_lens = 393, 395, 395
[TDSE] Running TDSE-SH-elliptical. step 25400, energy = -0.4129920966440408
  |->  par_lens = 406, 406, 405
[TDSE] Running TDSE-SH-elliptical. step 25600, energy = -0.35121631692271704
  |->  par_lens = 407, 405, 406
[TDSE] Running TDSE-SH-elliptical. step 25800, energy = -0.150375531368969
  |->  par_lens = 400, 398, 399
[TDSE] Running TDSE-SH-elliptical. step 26000, energy = -0.05508153360838242
  |->  par_lens = 383, 384, 381
[TDSE] Running TDSE-SH-elliptical. step 26200, energy = -0.16364586147315074
  |->  par_lens = 401, 399, 399
[TDSE] Running TDSE-SH-elliptical. step 26400, energy = -0.33618320249182976
  |->  par_lens = 409, 408, 408
[TDSE] Running TDSE-SH-elliptical. step 26600, energy = -0.39837028420439685
  |->  par_lens = 409, 408, 408
[TDSE] Running TDSE-SH-elliptical. step 26800, energy = -0.2537667928825175
  |->  par_lens = 409, 408, 406
[TDSE] Running TDSE-SH-elliptical. step 27000, energy = -0.07479778961154439
  |->  par_lens = 409, 407, 407
[TDSE] Running TDSE-SH-elliptical. step 27200, energy = -0.09901756335965269
  |->  par_lens = 405, 407, 406
[TDSE] Running TDSE-SH-elliptical. step 27400, energy = -0.2328998021993694
  |->  par_lens = 408, 407, 408
[TDSE] Running TDSE-SH-elliptical. step 27600, energy = -0.37856571323390087
  |->  par_lens = 409, 408, 408
[TDSE] Running TDSE-SH-elliptical. step 27800, energy = -0.33408808723269506
  |->  par_lens = 409, 408, 408
[TDSE] Running TDSE-SH-elliptical. step 28000, energy = -0.15016348181586106
  |->  par_lens = 409, 408, 406
[TDSE] Running TDSE-SH-elliptical. step 28200, energy = -0.058961808979912655
  |->  par_lens = 409, 407, 407
[TDSE] Running TDSE-SH-elliptical. step 28400, energy = -0.15224932363362978
  |->  par_lens = 409, 408, 408
[TDSE] Running TDSE-SH-elliptical. step 28600, energy = -0.3099431613086837
  |->  par_lens = 409, 408, 408
[TDSE] Running TDSE-SH-elliptical. step 28800, energy = -0.37659212289876226
  |->  par_lens = 409, 408, 408
[TDSE] Running TDSE-SH-elliptical. step 29000, energy = -0.2603543211945755
  |->  par_lens = 409, 407, 408
[TDSE] Running TDSE-SH-elliptical. step 29200, energy = -0.11166273251427207
  |->  par_lens = 409, 408, 408
[TDSE] Running TDSE-SH-elliptical. step 29400, energy = -0.12435795434073645
  |->  par_lens = 409, 408, 407
[TDSE] Running TDSE-SH-elliptical. step 29600, energy = -0.2316693974265857
  |->  par_lens = 409, 408, 408
[TDSE] Running TDSE-SH-elliptical. step 29800, energy = -0.362076336083804
  |->  par_lens = 409, 408, 408
[TDSE] Running TDSE-SH-elliptical. step 30000, energy = -0.33692151538436743
  |->  par_lens = 408, 408, 408
[TDSE] Running TDSE-SH-elliptical. step 30200, energy = -0.19608046010923422
  |->  par_lens = 409, 408, 408
[TDSE] Running TDSE-SH-elliptical. step 30400, energy = -0.12366691094907876
  |->  par_lens = 409, 408, 408
[TDSE] Running TDSE-SH-elliptical. step 30600, energy = -0.18504633992183928
  |->  par_lens = 409, 408, 408
[TDSE] Running TDSE-SH-elliptical. step 30800, energy = -0.31065826757626425
  |->  par_lens = 409, 408, 408
[TDSE] Running TDSE-SH-elliptical. step 31000, energy = -0.3725819521062674
  |->  par_lens = 409, 408, 408
[TDSE] Running TDSE-SH-elliptical. step 31200, energy = -0.2981746825947194
  |->  par_lens = 409, 408, 408
[TDSE] Running TDSE-SH-elliptical. step 31400, energy = -0.19659486231125986
  |->  par_lens = 409, 408, 408
[TDSE] Running TDSE-SH-elliptical. step 31600, energy = -0.19099934613027725
  |->  par_lens = 409, 407, 408
[TDSE] Running TDSE-SH-elliptical. step 31800, energy = -0.27376056727881537
  |->  par_lens = 409, 408, 408
[TDSE] Running TDSE-SH-elliptical. step 32000, energy = -0.36898064117383544
  |->  par_lens = 409, 408, 408
[TDSE] Running TDSE-SH-elliptical. step 32200, energy = -0.35839875581557074
  |->  par_lens = 409, 408, 408
[TDSE] Running TDSE-SH-elliptical. step 32400, energy = -0.26736064296284945
  |->  par_lens = 409, 408, 408
[TDSE] Running TDSE-SH-elliptical. step 32600, energy = -0.22004552064127192
  |->  par_lens = 409, 408, 408
[TDSE] Running TDSE-SH-elliptical. step 32800, energy = -0.2557407764009947
  |->  par_lens = 409, 408, 408
[TDSE] Running TDSE-SH-elliptical. step 33000, energy = -0.3382491346154947
  |->  par_lens = 409, 408, 408
[TDSE] Running TDSE-SH-elliptical. step 33200, energy = -0.38316582544425815
  |->  par_lens = 409, 408, 408
[TDSE] Running TDSE-SH-elliptical. step 33400, energy = -0.3441328106085222
  |->  par_lens = 409, 407, 408
[TDSE] Running TDSE-SH-elliptical. step 33600, energy = -0.28492927276788094
  |->  par_lens = 409, 408, 408
[TDSE] Running TDSE-SH-elliptical. step 33800, energy = -0.2809734261559713
  |->  par_lens = 409, 408, 406
[TDSE] Running TDSE-SH-elliptical. step 34000, energy = -0.32586529719757396
  |->  par_lens = 409, 408, 407
[TDSE] Running TDSE-SH-elliptical. step 34200, energy = -0.3802891207113543
  |->  par_lens = 409, 408, 407
[TDSE] Running TDSE-SH-elliptical. step 34400, energy = -0.38009556532858085
  |->  par_lens = 408, 408, 408
[TDSE] Running TDSE-SH-elliptical. step 34600, energy = -0.3374735587373302
  |->  par_lens = 408, 407, 407
[TDSE] Running TDSE-SH-elliptical. step 34800, energy = -0.30549048717695465
  |->  par_lens = 408, 408, 407
[TDSE] Running TDSE-SH-elliptical. step 35000, energy = -0.32532097026874024
  |->  par_lens = 409, 407, 407
[TDSE] Running TDSE-SH-elliptical. step 35200, energy = -0.36677467745601944
  |->  par_lens = 409, 407, 406
[TDSE] Running TDSE-SH-elliptical. step 35400, energy = -0.3918332572479702
  |->  par_lens = 406, 406, 407
[TDSE] Running TDSE-SH-elliptical. step 35600, energy = -0.37862217926513053
  |->  par_lens = 407, 407, 403
[TDSE] Running TDSE-SH-elliptical. step 35800, energy = -0.3553052734775807
  |->  par_lens = 402, 405, 400
[TDSE] Running TDSE-SH-elliptical. step 36000, energy = -0.34463615226642524
  |->  par_lens = 399, 395, 389
[TDSE] Running TDSE-SH-elliptical. step 36200, energy = -0.37302988273653825
  |->  par_lens = 392, 389, 386
[TDSE] Running TDSE-SH-elliptical. step 36400, energy = -0.390306649654103
  |->  par_lens = 387, 387, 387
[TDSE] Running TDSE-SH-elliptical. step 36600, energy = -0.394383455725426
  |->  par_lens = 386, 389, 382
[TDSE] Running TDSE-SH-elliptical. step 36800, energy = -0.37694386922816703
  |->  par_lens = 385, 385, 381
[TDSE] Running TDSE-SH-elliptical. step 37000, energy = -0.3680803689140291
  |->  par_lens = 384, 382, 382
[TDSE] Running TDSE-SH-elliptical. step 37200, energy = -0.372206778190942
  |->  par_lens = 381, 384, 385
[TDSE] Running TDSE-SH-elliptical. step 37400, energy = -0.3878163518434216
  |->  par_lens = 383, 382, 384
[TDSE] Running TDSE-SH-elliptical. step 37600, energy = -0.3987564017868279
  |->  par_lens = 381, 382, 382
[TDSE] Running TDSE-SH-elliptical. step 37800, energy = -0.3958819590084224
  |->  par_lens = 378, 382, 382
[TDSE] Running TDSE-SH-elliptical. step 38000, energy = -0.3882796498188076
  |->  par_lens = 375, 373, 371
[TDSE] Running TDSE-SH-elliptical. step 38200, energy = -0.38928314270091685
  |->  par_lens = 370, 365, 359
[TDSE] Running TDSE-SH-elliptical. step 38400, energy = -0.39152790505539437
  |->  par_lens = 362, 359, 353
[TDSE] Running TDSE-SH-elliptical. step 38600, energy = -0.39972765623933665
  |->  par_lens = 356, 352, 352
[TDSE] Running TDSE-SH-elliptical. step 38800, energy = -0.399338982543773
  |->  par_lens = 351, 349, 347
[TDSE] Running TDSE-SH-elliptical. step 39000, energy = -0.3966837348300955
  |->  par_lens = 347, 349, 350
[TDSE] Running TDSE-SH-elliptical. step 39200, energy = -0.3947650266853441
  |->  par_lens = 347, 350, 350
[TDSE] Running TDSE-SH-elliptical. step 39400, energy = -0.3950101016893918
  |->  par_lens = 348, 351, 348
[TDSE] Running TDSE-SH-elliptical. step 39600, energy = -0.3993614465449437
  |->  par_lens = 349, 351, 350
[TDSE] Running TDSE-SH-elliptical. step 39800, energy = -0.4004771302351868
  |->  par_lens = 348, 348, 350
[TDSE] Running TDSE-SH-elliptical. step 40000, energy = -0.4014096564307096
  |->  par_lens = 348, 346, 350
[TDSE] Running TDSE-SH-elliptical. step 40200, energy = -0.4009628591239211
  |->  par_lens = 346, 345, 348
[TDSE] Running TDSE-SH-elliptical. step 40400, energy = -0.4006838974461717
  |->  par_lens = 345, 338, 344
[TDSE] Running TDSE-SH-elliptical. step 40600, energy = -0.40174860237972154
  |->  par_lens = 338, 335, 341
[TDSE] Running TDSE-SH-elliptical. step 40800, energy = -0.402018636158891
  |->  par_lens = 334, 330, 333
[TDSE] Running TDSE-SH-elliptical. step 41000, energy = -0.40228095338470554
  |->  par_lens = 333, 328, 327
[TDSE] Running TDSE-SH-elliptical. step 41200, energy = -0.4025229997834185
  |->  par_lens = 329, 326, 323
[TDSE] Running TDSE-SH-elliptical. step 41400, energy = -0.40227683418579224
  |->  par_lens = 325, 323, 318
[TDSE] Running TDSE-SH-elliptical. step 41600, energy = -0.4028773918714317
  |->  par_lens = 320, 319, 312
[TDSE] Running TDSE-SH-elliptical. step 41800, energy = -0.40309219277297603
  |->  par_lens = 308, 310, 307
[TDSE] Running TDSE-SH-elliptical. step 42000, energy = -0.4035092861175921
  |->  par_lens = 300, 299, 299
[TDSE] Running TDSE-SH-elliptical. step 42200, energy = -0.4037424133199102
  |->  par_lens = 299, 298, 294
[TDSE] Running TDSE-SH-elliptical. step 42400, energy = -0.40418360052407654
  |->  par_lens = 296, 295, 293
[TDSE] Running TDSE-SH-elliptical. step 42600, energy = -0.4044303423046682
  |->  par_lens = 293, 291, 290
[TDSE] Running TDSE-SH-elliptical. step 42800, energy = -0.40468980891186
  |->  par_lens = 291, 291, 287
[TDSE] Running TDSE-SH-elliptical. step 43000, energy = -0.40503419663409657
  |->  par_lens = 289, 288, 284
[TDSE] Running TDSE-SH-elliptical. step 43200, energy = -0.4053529687216812
  |->  par_lens = 286, 285, 283
[TDSE] Running TDSE-SH-elliptical. step 43400, energy = -0.4056834742018726
  |->  par_lens = 285, 283, 282
[TDSE] Running TDSE-SH-elliptical. step 43600, energy = -0.40598692644890977
  |->  par_lens = 282, 282, 280
[TDSE] Running TDSE-SH-elliptical. step 43800, energy = -0.40636043342248396
  |->  par_lens = 281, 281, 277
[TDSE] Running TDSE-SH-elliptical. step 44000, energy = -0.4066289724578332
  |->  par_lens = 279, 278, 275
[TDSE] Running TDSE-SH-elliptical. step 44200, energy = -0.407152378822997
  |->  par_lens = 277, 275, 274
[TDSE] Running TDSE-SH-elliptical. step 44400, energy = -0.40747856039380914
  |->  par_lens = 273, 272, 273
[TDSE] Running TDSE-SH-elliptical. step 44600, energy = -0.4079638774685774
  |->  par_lens = 272, 272, 272
[TDSE] Running TDSE-SH-elliptical. step 44800, energy = -0.40804117847335364
  |->  par_lens = 271, 271, 269
[TDSE] Running TDSE-SH-elliptical. step 45000, energy = -0.4083015600147415
  |->  par_lens = 268, 267, 268
