  Activating project at `~/JuliaProp_v0.1`
[ITP]: 10000.471108571397
[ITP]: 0.022107823405609905
[ITP]: 0.004976805475414736
[ITP]: 0.0021058954092971205
[ITP]: 0.001084104546129061
[ITP]: 0.0006160870179273692
[ITP]: 0.0003714642087823128
[ITP]: 0.00023286611963801995
[ITP]: 0.0001500123428329614
[ITP]: 9.857967926441003e-5
[ITP]: 6.57601184761436e-5
[ITP]: 4.43786526744816e-5
[ITP]: 3.022437766897479e-5
[ITP]: 2.0735965556739622e-5
[ITP]: 1.4311264988853267e-5
[ITP]: 9.92563006574354e-6
[ITP]: 6.9119921211058255e-6
[ITP]: 4.82976755122877e-6
[ITP]: 3.384510666504248e-6
[ITP]: 2.3775199649023193e-6
[ITP]: 1.6736194445865493e-6
[ITP]: 1.1802274751948616e-6
[ITP]: 8.335748883370186e-7
[ITP]: 5.895273362810372e-7
[ITP]: 4.174150680658073e-7
[ITP]: 2.958509506267859e-7
[ITP]: 2.098764437796774e-7
[ITP]: 1.4900242706339384e-7
[ITP]: 1.0585745457980522e-7
[ITP]: 7.525113565609587e-8
[ITP]: 5.352267851144177e-8
[ITP]: 3.808635307134267e-8
[ITP]: 2.7113442158110956e-8
[ITP]: 1.9309163601377577e-8
[ITP]: 1.3755872219078924e-8
[ITP]: 9.802639699962867e-9
Energy of ground state: -0.5030607411950042
[TDSE] Start TDSE-SH for elliptical polarized laser. It may cost a plenty of time.
[TDSE] Running TDSE-SH-elliptical. step 0, energy = -0.5030607411950033
  |->  par_lens = 1, 1, 1
[TDSE] Running TDSE-SH-elliptical. step 200, energy = -0.5030607411948621
  |->  par_lens = 1, 1, 1
[TDSE] Running TDSE-SH-elliptical. step 400, energy = -0.5030607411947172
  |->  par_lens = 1, 1, 2
[TDSE] Running TDSE-SH-elliptical. step 600, energy = -0.5030607411944764
  |->  par_lens = 1, 1, 2
[TDSE] Running TDSE-SH-elliptical. step 800, energy = -0.5030607411939122
  |->  par_lens = 1, 1, 2
[TDSE] Running TDSE-SH-elliptical. step 1000, energy = -0.5030607411922318
  |->  par_lens = 1, 1, 2
[TDSE] Running TDSE-SH-elliptical. step 1200, energy = -0.5030607411880177
  |->  par_lens = 1, 1, 2
[TDSE] Running TDSE-SH-elliptical. step 1400, energy = -0.5030607411784208
  |->  par_lens = 1, 1, 2
[TDSE] Running TDSE-SH-elliptical. step 1600, energy = -0.5030607411593959
  |->  par_lens = 1, 1, 2
[TDSE] Running TDSE-SH-elliptical. step 1800, energy = -0.503060741124043
  |->  par_lens = 1, 1, 2
[TDSE] Running TDSE-SH-elliptical. step 2000, energy = -0.5030607410636224
  |->  par_lens = 1, 1, 2
[TDSE] Running TDSE-SH-elliptical. step 2200, energy = -0.5030607409647122
  |->  par_lens = 1, 1, 2
[TDSE] Running TDSE-SH-elliptical. step 2400, energy = -0.503060740811582
  |->  par_lens = 1, 1, 2
[TDSE] Running TDSE-SH-elliptical. step 2600, energy = -0.5030607405815894
  |->  par_lens = 1, 1, 2
[TDSE] Running TDSE-SH-elliptical. step 2800, energy = -0.5030607402498793
  |->  par_lens = 1, 1, 2
[TDSE] Running TDSE-SH-elliptical. step 3000, energy = -0.5030607397809052
  |->  par_lens = 1, 1, 2
[TDSE] Running TDSE-SH-elliptical. step 3200, energy = -0.5030607391405402
  |->  par_lens = 1, 1, 2
[TDSE] Running TDSE-SH-elliptical. step 3400, energy = -0.5030607382755158
  |->  par_lens = 1, 1, 2
[TDSE] Running TDSE-SH-elliptical. step 3600, energy = -0.5030607371416844
  |->  par_lens = 1, 1, 2
[TDSE] Running TDSE-SH-elliptical. step 3800, energy = -0.5030607356669745
  |->  par_lens = 1, 1, 2
[TDSE] Running TDSE-SH-elliptical. step 4000, energy = -0.5030607337967744
  |->  par_lens = 1, 1, 2
[TDSE] Running TDSE-SH-elliptical. step 4200, energy = -0.5030607314323375
  |->  par_lens = 1, 1, 2
[TDSE] Running TDSE-SH-elliptical. step 4400, energy = -0.503060728518962
  |->  par_lens = 1, 1, 2
[TDSE] Running TDSE-SH-elliptical. step 4600, energy = -0.5030607249285666
  |->  par_lens = 1, 1, 2
[TDSE] Running TDSE-SH-elliptical. step 4800, energy = -0.5030607205916634
  |->  par_lens = 1, 1, 2
[TDSE] Running TDSE-SH-elliptical. step 5000, energy = -0.5030607153761038
  |->  par_lens = 1, 1, 2
[TDSE] Running TDSE-SH-elliptical. step 5200, energy = -0.5030607091890229
  |->  par_lens = 1, 2, 2
[TDSE] Running TDSE-SH-elliptical. step 5400, energy = -0.5030607018853721
  |->  par_lens = 2, 2, 2
[TDSE] Running TDSE-SH-elliptical. step 5600, energy = -0.5030606933605095
  |->  par_lens = 2, 2, 2
[TDSE] Running TDSE-SH-elliptical. step 5800, energy = -0.5030606834830383
  |->  par_lens = 2, 2, 2
[TDSE] Running TDSE-SH-elliptical. step 6000, energy = -0.5030606720839417
  |->  par_lens = 2, 2, 2
[TDSE] Running TDSE-SH-elliptical. step 6200, energy = -0.5030606591142615
  |->  par_lens = 2, 2, 2
[TDSE] Running TDSE-SH-elliptical. step 6400, energy = -0.5030606443035641
  |->  par_lens = 2, 2, 2
[TDSE] Running TDSE-SH-elliptical. step 6600, energy = -0.5030606276812669
  |->  par_lens = 2, 2, 2
[TDSE] Running TDSE-SH-elliptical. step 6800, energy = -0.5030606089496645
  |->  par_lens = 2, 2, 2
[TDSE] Running TDSE-SH-elliptical. step 7000, energy = -0.5030605881614315
  |->  par_lens = 2, 2, 2
[TDSE] Running TDSE-SH-elliptical. step 7200, energy = -0.5030605649329829
  |->  par_lens = 2, 2, 2
[TDSE] Running TDSE-SH-elliptical. step 7400, energy = -0.5030605395301413
  |->  par_lens = 2, 2, 2
[TDSE] Running TDSE-SH-elliptical. step 7600, energy = -0.5030605114231114
  |->  par_lens = 2, 2, 2
[TDSE] Running TDSE-SH-elliptical. step 7800, energy = -0.5030604808425154
  |->  par_lens = 2, 2, 2
[TDSE] Running TDSE-SH-elliptical. step 8000, energy = -0.5030604475029778
  |->  par_lens = 2, 2, 2
[TDSE] Running TDSE-SH-elliptical. step 8200, energy = -0.5030604115267439
  |->  par_lens = 2, 2, 2
[TDSE] Running TDSE-SH-elliptical. step 8400, energy = -0.5030603725878635
  |->  par_lens = 2, 2, 2
[TDSE] Running TDSE-SH-elliptical. step 8600, energy = -0.5030603309031582
  |->  par_lens = 2, 2, 2
[TDSE] Running TDSE-SH-elliptical. step 8800, energy = -0.5030602863520618
  |->  par_lens = 2, 2, 2
[TDSE] Running TDSE-SH-elliptical. step 9000, energy = -0.5030602388257074
  |->  par_lens = 2, 2, 2
[TDSE] Running TDSE-SH-elliptical. step 9200, energy = -0.5030601886111158
  |->  par_lens = 2, 2, 2
[TDSE] Running TDSE-SH-elliptical. step 9400, energy = -0.5030601353050321
  |->  par_lens = 2, 2, 2
[TDSE] Running TDSE-SH-elliptical. step 9600, energy = -0.5030600795086817
  |->  par_lens = 2, 2, 2
[TDSE] Running TDSE-SH-elliptical. step 9800, energy = -0.503060020770963
  |->  par_lens = 2, 2, 2
[TDSE] Running TDSE-SH-elliptical. step 10000, energy = -0.5030599596683712
  |->  par_lens = 2, 2, 2
[TDSE] Running TDSE-SH-elliptical. step 10200, energy = -0.5030598772258368
  |->  par_lens = 2, 2, 2
[TDSE] Running TDSE-SH-elliptical. step 10400, energy = -0.503059602724869
  |->  par_lens = 2, 2, 2
[TDSE] Running TDSE-SH-elliptical. step 10600, energy = -0.503059321057748
  |->  par_lens = 2, 2, 2
[TDSE] Running TDSE-SH-elliptical. step 10800, energy = -0.5030597422800195
  |->  par_lens = 2, 2, 2
[TDSE] Running TDSE-SH-elliptical. step 11000, energy = -0.5030601396927198
  |->  par_lens = 2, 2, 2
[TDSE] Running TDSE-SH-elliptical. step 11200, energy = -0.5030554502494995
  |->  par_lens = 2, 2, 2
[TDSE] Running TDSE-SH-elliptical. step 11400, energy = -0.5030405291488982
  |->  par_lens = 4, 3, 3
[TDSE] Running TDSE-SH-elliptical. step 11600, energy = -0.5030234651372878
  |->  par_lens = 4, 3, 3
[TDSE] Running TDSE-SH-elliptical. step 11800, energy = -0.5030256260512926
  |->  par_lens = 4, 3, 3
[TDSE] Running TDSE-SH-elliptical. step 12000, energy = -0.503042205199768
  |->  par_lens = 3, 3, 2
[TDSE] Running TDSE-SH-elliptical. step 12200, energy = -0.5030097823557887
  |->  par_lens = 4, 3, 3
[TDSE] Running TDSE-SH-elliptical. step 12400, energy = -0.5028577218724055
  |->  par_lens = 5, 4, 5
[TDSE] Running TDSE-SH-elliptical. step 12600, energy = -0.5026376544735521
  |->  par_lens = 5, 5, 5
[TDSE] Running TDSE-SH-elliptical. step 12800, energy = -0.5025465842930977
  |->  par_lens = 5, 5, 5
[TDSE] Running TDSE-SH-elliptical. step 13000, energy = -0.5027168810171375
  |->  par_lens = 5, 5, 5
[TDSE] Running TDSE-SH-elliptical. step 13200, energy = -0.5029434519930155
  |->  par_lens = 4, 4, 3
[TDSE] Running TDSE-SH-elliptical. step 13400, energy = -0.5027949794184615
  |->  par_lens = 5, 5, 4
[TDSE] Running TDSE-SH-elliptical. step 13600, energy = -0.5021433941744601
  |->  par_lens = 6, 5, 6
[TDSE] Running TDSE-SH-elliptical. step 13800, energy = -0.5015227161132905
  |->  par_lens = 7, 7, 7
[TDSE] Running TDSE-SH-elliptical. step 14000, energy = -0.5016546668085462
  |->  par_lens = 7, 7, 7
[TDSE] Running TDSE-SH-elliptical. step 14200, energy = -0.5024235237327487
  |->  par_lens = 6, 6, 6
[TDSE] Running TDSE-SH-elliptical. step 14400, energy = -0.5026583350357727
  |->  par_lens = 6, 6, 6
[TDSE] Running TDSE-SH-elliptical. step 14600, energy = -0.5013495862797412
  |->  par_lens = 8, 7, 7
[TDSE] Running TDSE-SH-elliptical. step 14800, energy = -0.4992141957845598
  |->  par_lens = 10, 9, 9
[TDSE] Running TDSE-SH-elliptical. step 15000, energy = -0.4983310920665069
  |->  par_lens = 10, 10, 9
[TDSE] Running TDSE-SH-elliptical. step 15200, energy = -0.4998600643380155
  |->  par_lens = 10, 10, 9
[TDSE] Running TDSE-SH-elliptical. step 15400, energy = -0.5020033991186134
  |->  par_lens = 10, 10, 10
[TDSE] Running TDSE-SH-elliptical. step 15600, energy = -0.5016202543320856
  |->  par_lens = 10, 10, 10
[TDSE] Running TDSE-SH-elliptical. step 15800, energy = -0.49797676997874385
  |->  par_lens = 11, 10, 9
[TDSE] Running TDSE-SH-elliptical. step 16000, energy = -0.4944569225587949
  |->  par_lens = 12, 12, 13
[TDSE] Running TDSE-SH-elliptical. step 16200, energy = -0.49508138460326817
  |->  par_lens = 13, 12, 13
[TDSE] Running TDSE-SH-elliptical. step 16400, energy = -0.49931277433452786
  |->  par_lens = 15, 13, 14
[TDSE] Running TDSE-SH-elliptical. step 16600, energy = -0.501504908217038
  |->  par_lens = 15, 14, 15
[TDSE] Running TDSE-SH-elliptical. step 16800, energy = -0.4971565344262466
  |->  par_lens = 16, 14, 15
[TDSE] Running TDSE-SH-elliptical. step 17000, energy = -0.4891614603732216
  |->  par_lens = 16, 15, 14
[TDSE] Running TDSE-SH-elliptical. step 17200, energy = -0.48573587986998057
  |->  par_lens = 16, 17, 16
[TDSE] Running TDSE-SH-elliptical. step 17400, energy = -0.49107208640410704
  |->  par_lens = 19, 19, 19
[TDSE] Running TDSE-SH-elliptical. step 17600, energy = -0.4990436647025361
  |->  par_lens = 21, 20, 21
[TDSE] Running TDSE-SH-elliptical. step 17800, energy = -0.49907597577842766
  |->  par_lens = 21, 21, 21
[TDSE] Running TDSE-SH-elliptical. step 18000, energy = -0.48874836091493695
  |->  par_lens = 21, 20, 21
[TDSE] Running TDSE-SH-elliptical. step 18200, energy = -0.47837267100260494
  |->  par_lens = 21, 22, 22
[TDSE] Running TDSE-SH-elliptical. step 18400, energy = -0.4797672836014667
  |->  par_lens = 24, 24, 22
[TDSE] Running TDSE-SH-elliptical. step 18600, energy = -0.4917290046843249
  |->  par_lens = 27, 27, 27
[TDSE] Running TDSE-SH-elliptical. step 18800, energy = -0.4991444447251327
  |->  par_lens = 27, 28, 28
[TDSE] Running TDSE-SH-elliptical. step 19000, energy = -0.490064554435537
  |->  par_lens = 28, 28, 29
[TDSE] Running TDSE-SH-elliptical. step 19200, energy = -0.4713268423819917
  |->  par_lens = 25, 27, 24
[TDSE] Running TDSE-SH-elliptical. step 19400, energy = -0.46285910201006925
  |->  par_lens = 29, 31, 29
[TDSE] Running TDSE-SH-elliptical. step 19600, energy = -0.4745837110516151
  |->  par_lens = 36, 36, 34
[TDSE] Running TDSE-SH-elliptical. step 19800, energy = -0.49326510866703177
  |->  par_lens = 38, 39, 38
[TDSE] Running TDSE-SH-elliptical. step 20000, energy = -0.49541016842120694
  |->  par_lens = 40, 41, 40
[TDSE] Running TDSE-SH-elliptical. step 20200, energy = -0.4753949594205035
  |->  par_lens = 37, 39, 38
[TDSE] Running TDSE-SH-elliptical. step 20400, energy = -0.4542600848688469
  |->  par_lens = 33, 38, 33
[TDSE] Running TDSE-SH-elliptical. step 20600, energy = -0.4561772339133124
  |->  par_lens = 42, 41, 43
[TDSE] Running TDSE-SH-elliptical. step 20800, energy = -0.4794912443719207
  |->  par_lens = 47, 46, 47
[TDSE] Running TDSE-SH-elliptical. step 21000, energy = -0.49566031184210607
  |->  par_lens = 49, 50, 49
[TDSE] Running TDSE-SH-elliptical. step 21200, energy = -0.481632041621901
  |->  par_lens = 50, 50, 48
[TDSE] Running TDSE-SH-elliptical. step 21400, energy = -0.4492155784720797
  |->  par_lens = 43, 42, 44
[TDSE] Running TDSE-SH-elliptical. step 21600, energy = -0.4335842132042202
  |->  par_lens = 48, 46, 47
[TDSE] Running TDSE-SH-elliptical. step 21800, energy = -0.45267931671083045
  |->  par_lens = 55, 55, 56
[TDSE] Running TDSE-SH-elliptical. step 22000, energy = -0.4852035627072086
  |->  par_lens = 64, 63, 62
[TDSE] Running TDSE-SH-elliptical. step 22200, energy = -0.4916232349721474
  |->  par_lens = 65, 67, 64
[TDSE] Running TDSE-SH-elliptical. step 22400, energy = -0.4617558767169222
  |->  par_lens = 62, 64, 64
[TDSE] Running TDSE-SH-elliptical. step 22600, energy = -0.4286784894238666
  |->  par_lens = 54, 55, 57
[TDSE] Running TDSE-SH-elliptical. step 22800, energy = -0.43018213397360766
  |->  par_lens = 66, 61, 63
[TDSE] Running TDSE-SH-elliptical. step 23000, energy = -0.4652657371324352
  |->  par_lens = 72, 71, 73
[TDSE] Running TDSE-SH-elliptical. step 23200, energy = -0.4918455509981727
  |->  par_lens = 77, 74, 74
[TDSE] Running TDSE-SH-elliptical. step 23400, energy = -0.47470047977768143
  |->  par_lens = 79, 75, 76
[TDSE] Running TDSE-SH-elliptical. step 23600, energy = -0.4299065988540048
  |->  par_lens = 68, 72, 68
[TDSE] Running TDSE-SH-elliptical. step 23800, energy = -0.4070846688695577
  |->  par_lens = 64, 66, 66
[TDSE] Running TDSE-SH-elliptical. step 24000, energy = -0.4316011931021491
  |->  par_lens = 80, 79, 79
[TDSE] Running TDSE-SH-elliptical. step 24200, energy = -0.4770242180888698
  |->  par_lens = 90, 91, 91
[TDSE] Running TDSE-SH-elliptical. step 24400, energy = -0.4890335099057142
  |->  par_lens = 94, 91, 92
[TDSE] Running TDSE-SH-elliptical. step 24600, energy = -0.4529742198048689
  |->  par_lens = 92, 90, 90
[TDSE] Running TDSE-SH-elliptical. step 24800, energy = -0.4108997591944269
  |->  par_lens = 83, 77, 81
[TDSE] Running TDSE-SH-elliptical. step 25000, energy = -0.4110048090693597
  |->  par_lens = 85, 80, 86
[TDSE] Running TDSE-SH-elliptical. step 25200, energy = -0.45384488559753755
  |->  par_lens = 96, 94, 96
[TDSE] Running TDSE-SH-elliptical. step 25400, energy = -0.48895396154936754
  |->  par_lens = 99, 98, 97
[TDSE] Running TDSE-SH-elliptical. step 25600, energy = -0.4719647358550927
  |->  par_lens = 100, 98, 98
[TDSE] Running TDSE-SH-elliptical. step 25800, energy = -0.42080248486691585
  |->  par_lens = 91, 95, 92
[TDSE] Running TDSE-SH-elliptical. step 26000, energy = -0.39307925348461425
  |->  par_lens = 88, 84, 84
[TDSE] Running TDSE-SH-elliptical. step 26200, energy = -0.41935070235419913
  |->  par_lens = 96, 99, 99
[TDSE] Running TDSE-SH-elliptical. step 26400, energy = -0.4715159109653457
  |->  par_lens = 107, 108, 109
[TDSE] Running TDSE-SH-elliptical. step 26600, energy = -0.4886552691920962
  |->  par_lens = 110, 111, 112
[TDSE] Running TDSE-SH-elliptical. step 26800, energy = -0.45274860754431434
  |->  par_lens = 109, 108, 113
[TDSE] Running TDSE-SH-elliptical. step 27000, energy = -0.4080476344643098
  |->  par_lens = 103, 99, 103
[TDSE] Running TDSE-SH-elliptical. step 27200, energy = -0.40649312070036014
  |->  par_lens = 99, 98, 99
[TDSE] Running TDSE-SH-elliptical. step 27400, energy = -0.44983091913162876
  |->  par_lens = 110, 108, 107
[TDSE] Running TDSE-SH-elliptical. step 27600, energy = -0.48814569567868143
  |->  par_lens = 113, 112, 114
[TDSE] Running TDSE-SH-elliptical. step 27800, energy = -0.4745643950650237
  |->  par_lens = 113, 110, 116
[TDSE] Running TDSE-SH-elliptical. step 28000, energy = -0.42548256874582263
  |->  par_lens = 109, 105, 107
[TDSE] Running TDSE-SH-elliptical. step 28200, energy = -0.3972329809042047
  |->  par_lens = 101, 101, 104
[TDSE] Running TDSE-SH-elliptical. step 28400, energy = -0.4209248823090373
  |->  par_lens = 107, 109, 110
[TDSE] Running TDSE-SH-elliptical. step 28600, energy = -0.4710063701423421
  |->  par_lens = 117, 115, 114
[TDSE] Running TDSE-SH-elliptical. step 28800, energy = -0.4905669709223472
  |->  par_lens = 117, 117, 116
[TDSE] Running TDSE-SH-elliptical. step 29000, energy = -0.46113107644353807
  |->  par_lens = 117, 118, 118
[TDSE] Running TDSE-SH-elliptical. step 29200, energy = -0.4213726809408995
  |->  par_lens = 112, 116, 110
[TDSE] Running TDSE-SH-elliptical. step 29400, energy = -0.4184226711137631
  |->  par_lens = 108, 111, 108
[TDSE] Running TDSE-SH-elliptical. step 29600, energy = -0.4552601890669564
  |->  par_lens = 111, 113, 112
[TDSE] Running TDSE-SH-elliptical. step 29800, energy = -0.48980172247085824
  |->  par_lens = 115, 117, 114
[TDSE] Running TDSE-SH-elliptical. step 30000, energy = -0.4811871780456322
  |->  par_lens = 115, 117, 113
[TDSE] Running TDSE-SH-elliptical. step 30200, energy = -0.4419406243624443
  |->  par_lens = 112, 116, 110
[TDSE] Running TDSE-SH-elliptical. step 30400, energy = -0.41777120808827417
  |->  par_lens = 112, 111, 112
[TDSE] Running TDSE-SH-elliptical. step 30600, energy = -0.43580425552090474
  |->  par_lens = 114, 114, 115
[TDSE] Running TDSE-SH-elliptical. step 30800, energy = -0.4757494830265319
  |->  par_lens = 116, 119, 118
[TDSE] Running TDSE-SH-elliptical. step 31000, energy = -0.49387948415966104
  |->  par_lens = 121, 119, 119
[TDSE] Running TDSE-SH-elliptical. step 31200, energy = -0.4745303366334383
  |->  par_lens = 118, 119, 117
[TDSE] Running TDSE-SH-elliptical. step 31400, energy = -0.44543138238110397
  |->  par_lens = 116, 115, 114
[TDSE] Running TDSE-SH-elliptical. step 31600, energy = -0.44189868441129637
  |->  par_lens = 111, 110, 111
[TDSE] Running TDSE-SH-elliptical. step 31800, energy = -0.4681792626891004
  |->  par_lens = 110, 107, 114
[TDSE] Running TDSE-SH-elliptical. step 32000, energy = -0.4933203277730584
  |->  par_lens = 113, 110, 116
[TDSE] Running TDSE-SH-elliptical. step 32200, energy = -0.4891417813792542
  |->  par_lens = 112, 112, 116
[TDSE] Running TDSE-SH-elliptical. step 32400, energy = -0.46364562141863136
  |->  par_lens = 112, 115, 113
[TDSE] Running TDSE-SH-elliptical. step 32600, energy = -0.4465479641316378
  |->  par_lens = 115, 113, 116
[TDSE] Running TDSE-SH-elliptical. step 32800, energy = -0.4576206049128353
  |->  par_lens = 115, 118, 118
[TDSE] Running TDSE-SH-elliptical. step 33000, energy = -0.483937819773046
  |->  par_lens = 119, 118, 121
[TDSE] Running TDSE-SH-elliptical. step 33200, energy = -0.4974787597199969
  |->  par_lens = 120, 119, 121
[TDSE] Running TDSE-SH-elliptical. step 33400, energy = -0.4876191501997625
  |->  par_lens = 121, 120, 119
[TDSE] Running TDSE-SH-elliptical. step 33600, energy = -0.47116596870236865
  |->  par_lens = 119, 118, 116
[TDSE] Running TDSE-SH-elliptical. step 33800, energy = -0.46813019869887407
  |->  par_lens = 118, 114, 114
[TDSE] Running TDSE-SH-elliptical. step 34000, energy = -0.4830433318525558
  |->  par_lens = 115, 113, 116
[TDSE] Running TDSE-SH-elliptical. step 34200, energy = -0.4973144561538082
  |->  par_lens = 112, 118, 117
[TDSE] Running TDSE-SH-elliptical. step 34400, energy = -0.4961377540802957
  |->  par_lens = 115, 116, 119
[TDSE] Running TDSE-SH-elliptical. step 34600, energy = -0.4827250682805231
  |->  par_lens = 120, 114, 115
[TDSE] Running TDSE-SH-elliptical. step 34800, energy = -0.4738140326060216
  |->  par_lens = 118, 115, 117
[TDSE] Running TDSE-SH-elliptical. step 35000, energy = -0.47870690928378223
  |->  par_lens = 120, 119, 119
[TDSE] Running TDSE-SH-elliptical. step 35200, energy = -0.4925490967905774
  |->  par_lens = 121, 118, 119
[TDSE] Running TDSE-SH-elliptical. step 35400, energy = -0.5002126350816968
  |->  par_lens = 121, 119, 119
[TDSE] Running TDSE-SH-elliptical. step 35600, energy = -0.49723030488047515
  |->  par_lens = 121, 119, 119
[TDSE] Running TDSE-SH-elliptical. step 35800, energy = -0.4901377570764845
  |->  par_lens = 120, 118, 118
[TDSE] Running TDSE-SH-elliptical. step 36000, energy = -0.48886796729928444
  |->  par_lens = 117, 117, 114
[TDSE] Running TDSE-SH-elliptical. step 36200, energy = -0.49470553823102353
  |->  par_lens = 115, 116, 116
[TDSE] Running TDSE-SH-elliptical. step 36400, energy = -0.5006318959406232
  |->  par_lens = 117, 116, 118
[TDSE] Running TDSE-SH-elliptical. step 36600, energy = -0.5004422323544332
  |->  par_lens = 116, 114, 115
[TDSE] Running TDSE-SH-elliptical. step 36800, energy = -0.49548354948627854
  |->  par_lens = 117, 112, 117
[TDSE] Running TDSE-SH-elliptical. step 37000, energy = -0.49190584237439916
  |->  par_lens = 118, 116, 117
[TDSE] Running TDSE-SH-elliptical. step 37200, energy = -0.49376670951482005
  |->  par_lens = 118, 117, 115
[TDSE] Running TDSE-SH-elliptical. step 37400, energy = -0.49859066496513965
  |->  par_lens = 119, 119, 118
[TDSE] Running TDSE-SH-elliptical. step 37600, energy = -0.501939055914081
  |->  par_lens = 119, 119, 119
[TDSE] Running TDSE-SH-elliptical. step 37800, energy = -0.50177032725741
  |->  par_lens = 119, 119, 119
[TDSE] Running TDSE-SH-elliptical. step 38000, energy = -0.5000423601547324
  |->  par_lens = 119, 118, 119
[TDSE] Running TDSE-SH-elliptical. step 38200, energy = -0.49974640593302283
  |->  par_lens = 119, 118, 119
[TDSE] Running TDSE-SH-elliptical. step 38400, energy = -0.50109621711151
  |->  par_lens = 119, 118, 117
[TDSE] Running TDSE-SH-elliptical. step 38600, energy = -0.5024359097019172
  |->  par_lens = 119, 119, 119
[TDSE] Running TDSE-SH-elliptical. step 38800, energy = -0.5023888310666373
  |->  par_lens = 119, 119, 119
[TDSE] Running TDSE-SH-elliptical. step 39000, energy = -0.5011968240645168
  |->  par_lens = 118, 119, 119
[TDSE] Running TDSE-SH-elliptical. step 39200, energy = -0.5004174864328698
  |->  par_lens = 119, 118, 119
[TDSE] Running TDSE-SH-elliptical. step 39400, energy = -0.500814891380478
  |->  par_lens = 119, 119, 119
[TDSE] Running TDSE-SH-elliptical. step 39600, energy = -0.5017741514753316
  |->  par_lens = 119, 119, 117
[TDSE] Running TDSE-SH-elliptical. step 39800, energy = -0.5026488071995895
  |->  par_lens = 119, 119, 119
[TDSE] Running TDSE-SH-elliptical. step 40000, energy = -0.5028947672656513
  |->  par_lens = 118, 119, 119
[TDSE] Running TDSE-SH-elliptical. step 40200, energy = -0.5028478046836169
  |->  par_lens = 119, 119, 119
[TDSE] Running TDSE-SH-elliptical. step 40400, energy = -0.5028449362166709
  |->  par_lens = 119, 119, 119
[TDSE] Running TDSE-SH-elliptical. step 40600, energy = -0.5029077821240984
  |->  par_lens = 119, 119, 117
[TDSE] Running TDSE-SH-elliptical. step 40800, energy = -0.5029499523972938
  |->  par_lens = 119, 119, 118
[TDSE] Running TDSE-SH-elliptical. step 41000, energy = -0.5028773074514011
  |->  par_lens = 119, 119, 118
[TDSE] Running TDSE-SH-elliptical. step 41200, energy = -0.502739963448736
  |->  par_lens = 119, 119, 117
[TDSE] Running TDSE-SH-elliptical. step 41400, energy = -0.5026994688220978
  |->  par_lens = 118, 119, 119
[TDSE] Running TDSE-SH-elliptical. step 41600, energy = -0.5027035765638234
  |->  par_lens = 119, 119, 119
[TDSE] Running TDSE-SH-elliptical. step 41800, energy = -0.5027827904442527
  |->  par_lens = 119, 119, 119
[TDSE] Running TDSE-SH-elliptical. step 42000, energy = -0.5028269635583177
  |->  par_lens = 119, 119, 119
[TDSE] Running TDSE-SH-elliptical. step 42200, energy = -0.5028731529334646
  |->  par_lens = 119, 119, 119
[TDSE] Running TDSE-SH-elliptical. step 42400, energy = -0.5028782746187789
  |->  par_lens = 119, 118, 119
[TDSE] Running TDSE-SH-elliptical. step 42600, energy = -0.5028872091609975
  |->  par_lens = 119, 118, 119
[TDSE] Running TDSE-SH-elliptical. step 42800, energy = -0.5028773151958227
  |->  par_lens = 119, 119, 119
[TDSE] Running TDSE-SH-elliptical. step 43000, energy = -0.5028803592615637
  |->  par_lens = 119, 119, 119
[TDSE] Running TDSE-SH-elliptical. step 43200, energy = -0.5028770754292731
  |->  par_lens = 119, 119, 118
[TDSE] Running TDSE-SH-elliptical. step 43400, energy = -0.5028800201385207
  |->  par_lens = 119, 119, 118
[TDSE] Running TDSE-SH-elliptical. step 43600, energy = -0.5028771863719199
  |->  par_lens = 119, 119, 118
[TDSE] Running TDSE-SH-elliptical. step 43800, energy = -0.5028753684893589
  |->  par_lens = 120, 119, 118
[TDSE] Running TDSE-SH-elliptical. step 44000, energy = -0.5028790967870475
  |->  par_lens = 120, 119, 118
[TDSE] Running TDSE-SH-elliptical. step 44200, energy = -0.5028756709045008
  |->  par_lens = 120, 119, 118
[TDSE] Running TDSE-SH-elliptical. step 44400, energy = -0.502878133876818
  |->  par_lens = 120, 119, 118
[TDSE] Running TDSE-SH-elliptical. step 44600, energy = -0.502870759908346
  |->  par_lens = 120, 119, 118
[TDSE] Running TDSE-SH-elliptical. step 44800, energy = -0.5028814342852685
  |->  par_lens = 120, 119, 118
[TDSE] Running TDSE-SH-elliptical. step 45000, energy = -0.5028719401957134
  |->  par_lens = 120, 119, 118
