  Activating project at `~/JuliaProp_v0.1`
[ITP]: 10000.471108571397
[ITP]: 0.022107823405609905
[ITP]: 0.004976805475414736
[ITP]: 0.0021058954092971205
[ITP]: 0.001084104546129061
[ITP]: 0.0006160870179273692
[ITP]: 0.0003714642087823128
[ITP]: 0.00023286611963801995
[ITP]: 0.0001500123428329614
[ITP]: 9.857967926441003e-5
[ITP]: 6.57601184761436e-5
[ITP]: 4.43786526744816e-5
[ITP]: 3.022437766897479e-5
[ITP]: 2.0735965556739622e-5
[ITP]: 1.4311264988853267e-5
[ITP]: 9.92563006574354e-6
[ITP]: 6.9119921211058255e-6
[ITP]: 4.82976755122877e-6
[ITP]: 3.384510666504248e-6
[ITP]: 2.3775199649023193e-6
[ITP]: 1.6736194445865493e-6
[ITP]: 1.1802274751948616e-6
[ITP]: 8.335748883370186e-7
[ITP]: 5.895273362810372e-7
[ITP]: 4.174150680658073e-7
[ITP]: 2.958509506267859e-7
[ITP]: 2.098764437796774e-7
[ITP]: 1.4900242706339384e-7
[ITP]: 1.0585745457980522e-7
[ITP]: 7.525113565609587e-8
[ITP]: 5.352267851144177e-8
[ITP]: 3.808635307134267e-8
[ITP]: 2.7113442158110956e-8
[ITP]: 1.9309163601377577e-8
[ITP]: 1.3755872219078924e-8
[ITP]: 9.802639699962867e-9
Energy of ground state: -0.5030607411950042
[TDSE] Start TDSE-SH for elliptical polarized laser. It may cost a plenty of time.
[TDSE] Running TDSE-SH-elliptical. step 0, energy = -0.5030607411950033
  |->  par_lens = 1, 1, 1
[TDSE] Running TDSE-SH-elliptical. step 200, energy = -0.5030607411948628
  |->  par_lens = 1, 1, 1
[TDSE] Running TDSE-SH-elliptical. step 400, energy = -0.5030607411946859
  |->  par_lens = 1, 1, 2
[TDSE] Running TDSE-SH-elliptical. step 600, energy = -0.503060741194204
  |->  par_lens = 1, 1, 2
[TDSE] Running TDSE-SH-elliptical. step 800, energy = -0.5030607411923066
  |->  par_lens = 1, 1, 2
[TDSE] Running TDSE-SH-elliptical. step 1000, energy = -0.5030607411860415
  |->  par_lens = 1, 1, 2
[TDSE] Running TDSE-SH-elliptical. step 1200, energy = -0.5030607411696639
  |->  par_lens = 1, 1, 2
[TDSE] Running TDSE-SH-elliptical. step 1400, energy = -0.5030607411324342
  |->  par_lens = 1, 1, 2
[TDSE] Running TDSE-SH-elliptical. step 1600, energy = -0.5030607410579914
  |->  par_lens = 1, 1, 2
[TDSE] Running TDSE-SH-elliptical. step 1800, energy = -0.5030607409205137
  |->  par_lens = 1, 1, 2
[TDSE] Running TDSE-SH-elliptical. step 2000, energy = -0.5030607406855626
  |->  par_lens = 1, 1, 2
[TDSE] Running TDSE-SH-elliptical. step 2200, energy = -0.5030607403034051
  |->  par_lens = 1, 1, 2
[TDSE] Running TDSE-SH-elliptical. step 2400, energy = -0.5030607397140454
  |->  par_lens = 1, 1, 2
[TDSE] Running TDSE-SH-elliptical. step 2600, energy = -0.5030607388343499
  |->  par_lens = 1, 1, 2
[TDSE] Running TDSE-SH-elliptical. step 2800, energy = -0.50306073757297
  |->  par_lens = 1, 1, 2
[TDSE] Running TDSE-SH-elliptical. step 3000, energy = -0.5030607358013897
  |->  par_lens = 1, 1, 2
[TDSE] Running TDSE-SH-elliptical. step 3200, energy = -0.5030607333999331
  |->  par_lens = 1, 1, 2
[TDSE] Running TDSE-SH-elliptical. step 3400, energy = -0.5030607301783975
  |->  par_lens = 1, 1, 2
[TDSE] Running TDSE-SH-elliptical. step 3600, energy = -0.5030607259921788
  |->  par_lens = 1, 1, 2
[TDSE] Running TDSE-SH-elliptical. step 3800, energy = -0.5030607205879345
  |->  par_lens = 1, 1, 2
[TDSE] Running TDSE-SH-elliptical. step 4000, energy = -0.5030607138000732
  |->  par_lens = 1, 2, 2
[TDSE] Running TDSE-SH-elliptical. step 4200, energy = -0.5030607052892027
  |->  par_lens = 2, 2, 2
[TDSE] Running TDSE-SH-elliptical. step 4400, energy = -0.5030606949122444
  |->  par_lens = 2, 2, 2
[TDSE] Running TDSE-SH-elliptical. step 4600, energy = -0.5030606822392131
  |->  par_lens = 2, 2, 2
[TDSE] Running TDSE-SH-elliptical. step 4800, energy = -0.5030606671046981
  |->  par_lens = 2, 2, 2
[TDSE] Running TDSE-SH-elliptical. step 5000, energy = -0.5030606490838718
  |->  par_lens = 2, 2, 2
[TDSE] Running TDSE-SH-elliptical. step 5200, energy = -0.5030606279651826
  |->  par_lens = 2, 2, 2
[TDSE] Running TDSE-SH-elliptical. step 5400, energy = -0.5030606033040539
  |->  par_lens = 2, 2, 2
[TDSE] Running TDSE-SH-elliptical. step 5600, energy = -0.5030605748890404
  |->  par_lens = 2, 2, 2
[TDSE] Running TDSE-SH-elliptical. step 5800, energy = -0.5030605423528827
  |->  par_lens = 2, 2, 2
[TDSE] Running TDSE-SH-elliptical. step 6000, energy = -0.5030605053115839
  |->  par_lens = 2, 2, 2
[TDSE] Running TDSE-SH-elliptical. step 6200, energy = -0.5030604637051317
  |->  par_lens = 2, 2, 2
[TDSE] Running TDSE-SH-elliptical. step 6400, energy = -0.5030604168640513
  |->  par_lens = 2, 2, 2
[TDSE] Running TDSE-SH-elliptical. step 6600, energy = -0.5030603650183512
  |->  par_lens = 2, 2, 2
[TDSE] Running TDSE-SH-elliptical. step 6800, energy = -0.5030603074627401
  |->  par_lens = 2, 2, 2
[TDSE] Running TDSE-SH-elliptical. step 7000, energy = -0.5030602445262705
  |->  par_lens = 2, 2, 2
[TDSE] Running TDSE-SH-elliptical. step 7200, energy = -0.503060175286715
  |->  par_lens = 2, 2, 2
[TDSE] Running TDSE-SH-elliptical. step 7400, energy = -0.5030601007772647
  |->  par_lens = 2, 2, 2
[TDSE] Running TDSE-SH-elliptical. step 7600, energy = -0.503060019649011
  |->  par_lens = 2, 2, 2
[TDSE] Running TDSE-SH-elliptical. step 7800, energy = -0.5030599328600416
  |->  par_lens = 2, 2, 2
[TDSE] Running TDSE-SH-elliptical. step 8000, energy = -0.503059839842537
  |->  par_lens = 2, 2, 2
[TDSE] Running TDSE-SH-elliptical. step 8200, energy = -0.5030597412503957
  |->  par_lens = 2, 2, 2
[TDSE] Running TDSE-SH-elliptical. step 8400, energy = -0.5030596363848104
  |->  par_lens = 2, 2, 2
[TDSE] Running TDSE-SH-elliptical. step 8600, energy = -0.5030595262420567
  |->  par_lens = 2, 2, 2
[TDSE] Running TDSE-SH-elliptical. step 8800, energy = -0.5030594106569649
  |->  par_lens = 2, 2, 2
[TDSE] Running TDSE-SH-elliptical. step 9000, energy = -0.5030592897767455
  |->  par_lens = 2, 2, 2
[TDSE] Running TDSE-SH-elliptical. step 9200, energy = -0.5030591644823021
  |->  par_lens = 2, 2, 2
[TDSE] Running TDSE-SH-elliptical. step 9400, energy = -0.5030590341598649
  |->  par_lens = 2, 2, 2
[TDSE] Running TDSE-SH-elliptical. step 9600, energy = -0.5030589004828708
  |->  par_lens = 2, 2, 2
[TDSE] Running TDSE-SH-elliptical. step 9800, energy = -0.503058762759861
  |->  par_lens = 2, 2, 2
[TDSE] Running TDSE-SH-elliptical. step 10000, energy = -0.5030586223884216
  |->  par_lens = 2, 2, 2
[TDSE] Running TDSE-SH-elliptical. step 10200, energy = -0.5030584486249776
  |->  par_lens = 2, 2, 2
[TDSE] Running TDSE-SH-elliptical. step 10400, energy = -0.5030579747287786
  |->  par_lens = 2, 2, 2
[TDSE] Running TDSE-SH-elliptical. step 10600, energy = -0.5030575137728576
  |->  par_lens = 2, 2, 2
[TDSE] Running TDSE-SH-elliptical. step 10800, energy = -0.5030582368574298
  |->  par_lens = 2, 2, 2
[TDSE] Running TDSE-SH-elliptical. step 11000, energy = -0.5030599329558626
  |->  par_lens = 2, 2, 2
[TDSE] Running TDSE-SH-elliptical. step 11200, energy = -0.5030577352791374
  |->  par_lens = 2, 2, 2
[TDSE] Running TDSE-SH-elliptical. step 11400, energy = -0.503045854780127
  |->  par_lens = 4, 3, 3
[TDSE] Running TDSE-SH-elliptical. step 11600, energy = -0.5030309387431176
  |->  par_lens = 4, 3, 3
[TDSE] Running TDSE-SH-elliptical. step 11800, energy = -0.5030323841507933
  |->  par_lens = 4, 3, 3
[TDSE] Running TDSE-SH-elliptical. step 12000, energy = -0.503043997691197
  |->  par_lens = 3, 3, 2
[TDSE] Running TDSE-SH-elliptical. step 12200, energy = -0.5030023257332612
  |->  par_lens = 4, 3, 3
[TDSE] Running TDSE-SH-elliptical. step 12400, energy = -0.5028389190399394
  |->  par_lens = 5, 5, 5
[TDSE] Running TDSE-SH-elliptical. step 12600, energy = -0.5026094432905808
  |->  par_lens = 5, 5, 5
[TDSE] Running TDSE-SH-elliptical. step 12800, energy = -0.5025155077158383
  |->  par_lens = 5, 5, 5
[TDSE] Running TDSE-SH-elliptical. step 13000, energy = -0.5026929047328188
  |->  par_lens = 5, 5, 5
[TDSE] Running TDSE-SH-elliptical. step 13200, energy = -0.5029366295698493
  |->  par_lens = 4, 4, 4
[TDSE] Running TDSE-SH-elliptical. step 13400, energy = -0.5028114898954359
  |->  par_lens = 5, 4, 4
[TDSE] Running TDSE-SH-elliptical. step 13600, energy = -0.502182031887075
  |->  par_lens = 6, 5, 6
[TDSE] Running TDSE-SH-elliptical. step 13800, energy = -0.5015737280376626
  |->  par_lens = 7, 7, 7
[TDSE] Running TDSE-SH-elliptical. step 14000, energy = -0.5017017221830293
  |->  par_lens = 7, 7, 7
[TDSE] Running TDSE-SH-elliptical. step 14200, energy = -0.5024488499226897
  |->  par_lens = 6, 6, 6
[TDSE] Running TDSE-SH-elliptical. step 14400, energy = -0.5026489568332871
  |->  par_lens = 6, 6, 6
[TDSE] Running TDSE-SH-elliptical. step 14600, energy = -0.5013029722471568
  |->  par_lens = 8, 7, 7
[TDSE] Running TDSE-SH-elliptical. step 14800, energy = -0.4991407272140263
  |->  par_lens = 10, 9, 9
[TDSE] Running TDSE-SH-elliptical. step 15000, energy = -0.498251416480058
  |->  par_lens = 10, 10, 9
[TDSE] Running TDSE-SH-elliptical. step 15200, energy = -0.4997993525307125
  |->  par_lens = 10, 10, 9
[TDSE] Running TDSE-SH-elliptical. step 15400, energy = -0.5019820925453097
  |->  par_lens = 10, 10, 10
[TDSE] Running TDSE-SH-elliptical. step 15600, energy = -0.5016469726961372
  |->  par_lens = 10, 10, 10
[TDSE] Running TDSE-SH-elliptical. step 15800, energy = -0.49804419844302744
  |->  par_lens = 11, 10, 9
[TDSE] Running TDSE-SH-elliptical. step 16000, energy = -0.4945437441747318
  |->  par_lens = 12, 12, 13
[TDSE] Running TDSE-SH-elliptical. step 16200, energy = -0.49515938866412335
  |->  par_lens = 13, 12, 13
[TDSE] Running TDSE-SH-elliptical. step 16400, energy = -0.49935660561154555
  |->  par_lens = 15, 13, 14
[TDSE] Running TDSE-SH-elliptical. step 16600, energy = -0.5015010344056153
  |->  par_lens = 15, 14, 15
[TDSE] Running TDSE-SH-elliptical. step 16800, energy = -0.49710783571860745
  |->  par_lens = 16, 14, 15
[TDSE] Running TDSE-SH-elliptical. step 17000, energy = -0.489085975808298
  |->  par_lens = 16, 15, 15
[TDSE] Running TDSE-SH-elliptical. step 17200, energy = -0.48565920117366596
  |->  par_lens = 16, 17, 16
[TDSE] Running TDSE-SH-elliptical. step 17400, energy = -0.4910177890482237
  |->  par_lens = 19, 19, 19
[TDSE] Running TDSE-SH-elliptical. step 17600, energy = -0.49902435369408776
  |->  par_lens = 21, 20, 21
[TDSE] Running TDSE-SH-elliptical. step 17800, energy = -0.49908960749086523
  |->  par_lens = 21, 21, 21
[TDSE] Running TDSE-SH-elliptical. step 18000, energy = -0.48878064121483333
  |->  par_lens = 22, 20, 21
[TDSE] Running TDSE-SH-elliptical. step 18200, energy = -0.4784049055331421
  |->  par_lens = 21, 22, 22
[TDSE] Running TDSE-SH-elliptical. step 18400, energy = -0.4797862104671835
  |->  par_lens = 24, 24, 22
[TDSE] Running TDSE-SH-elliptical. step 18600, energy = -0.49173324279641717
  |->  par_lens = 27, 27, 27
[TDSE] Running TDSE-SH-elliptical. step 18800, energy = -0.499145249420067
  |->  par_lens = 27, 28, 28
[TDSE] Running TDSE-SH-elliptical. step 19000, energy = -0.49007939567242026
  |->  par_lens = 28, 28, 29
[TDSE] Running TDSE-SH-elliptical. step 19200, energy = -0.47136837556601924
  |->  par_lens = 26, 29, 26
[TDSE] Running TDSE-SH-elliptical. step 19400, energy = -0.46292499630783995
  |->  par_lens = 29, 30, 30
[TDSE] Running TDSE-SH-elliptical. step 19600, energy = -0.474652675831637
  |->  par_lens = 35, 35, 34
[TDSE] Running TDSE-SH-elliptical. step 19800, energy = -0.4933015668619458
  |->  par_lens = 38, 38, 38
[TDSE] Running TDSE-SH-elliptical. step 20000, energy = -0.49537860444304915
  |->  par_lens = 40, 40, 40
[TDSE] Running TDSE-SH-elliptical. step 20200, energy = -0.47527827515334975
  |->  par_lens = 36, 39, 39
[TDSE] Running TDSE-SH-elliptical. step 20400, energy = -0.4540743385331669
  |->  par_lens = 34, 38, 33
[TDSE] Running TDSE-SH-elliptical. step 20600, energy = -0.4559737593490149
  |->  par_lens = 43, 41, 43
[TDSE] Running TDSE-SH-elliptical. step 20800, energy = -0.479345560447679
  |->  par_lens = 47, 46, 47
[TDSE] Running TDSE-SH-elliptical. step 21000, energy = -0.4956467588122103
  |->  par_lens = 49, 50, 50
[TDSE] Running TDSE-SH-elliptical. step 21200, energy = -0.4817935674688621
  |->  par_lens = 49, 50, 48
[TDSE] Running TDSE-SH-elliptical. step 21400, energy = -0.4495362060509058
  |->  par_lens = 46, 42, 43
[TDSE] Running TDSE-SH-elliptical. step 21600, energy = -0.43398443314778157
  |->  par_lens = 49, 46, 47
[TDSE] Running TDSE-SH-elliptical. step 21800, energy = -0.45303544966331
  |->  par_lens = 54, 56, 57
[TDSE] Running TDSE-SH-elliptical. step 22000, energy = -0.48537967252169373
  |->  par_lens = 64, 63, 62
[TDSE] Running TDSE-SH-elliptical. step 22200, energy = -0.4915245877060286
  |->  par_lens = 66, 66, 64
[TDSE] Running TDSE-SH-elliptical. step 22400, energy = -0.4613694612939924
  |->  par_lens = 62, 65, 63
[TDSE] Running TDSE-SH-elliptical. step 22600, energy = -0.42809613304419203
  |->  par_lens = 54, 54, 55
[TDSE] Running TDSE-SH-elliptical. step 22800, energy = -0.42957473992820805
  |->  par_lens = 66, 61, 62
[TDSE] Running TDSE-SH-elliptical. step 23000, energy = -0.4648414986650621
  |->  par_lens = 71, 70, 72
[TDSE] Running TDSE-SH-elliptical. step 23200, energy = -0.49177980516829084
  |->  par_lens = 77, 74, 75
[TDSE] Running TDSE-SH-elliptical. step 23400, energy = -0.47507178543953926
  |->  par_lens = 78, 77, 76
[TDSE] Running TDSE-SH-elliptical. step 23600, energy = -0.43064532167924696
  |->  par_lens = 71, 70, 71
[TDSE] Running TDSE-SH-elliptical. step 23800, energy = -0.40798666113695203
  |->  par_lens = 68, 67, 61
[TDSE] Running TDSE-SH-elliptical. step 24000, energy = -0.4323938934628438
  |->  par_lens = 80, 79, 77
[TDSE] Running TDSE-SH-elliptical. step 24200, energy = -0.4774252358817141
  |->  par_lens = 89, 88, 89
[TDSE] Running TDSE-SH-elliptical. step 24400, energy = -0.4888724957479421
  |->  par_lens = 90, 91, 92
[TDSE] Running TDSE-SH-elliptical. step 24600, energy = -0.4522476701825802
  |->  par_lens = 91, 92, 92
[TDSE] Running TDSE-SH-elliptical. step 24800, energy = -0.40980780331379213
  |->  par_lens = 86, 82, 81
[TDSE] Running TDSE-SH-elliptical. step 25000, energy = -0.40987377382973234
  |->  par_lens = 85, 81, 88
[TDSE] Running TDSE-SH-elliptical. step 25200, energy = -0.4530505367706948
  |->  par_lens = 94, 96, 96
[TDSE] Running TDSE-SH-elliptical. step 25400, energy = -0.4887927262509132
  |->  par_lens = 100, 98, 98
[TDSE] Running TDSE-SH-elliptical. step 25600, energy = -0.47255437168057085
  |->  par_lens = 101, 100, 99
[TDSE] Running TDSE-SH-elliptical. step 25800, energy = -0.4220045948409313
  |->  par_lens = 96, 97, 94
[TDSE] Running TDSE-SH-elliptical. step 26000, energy = -0.39454564775501244
  |->  par_lens = 90, 89, 86
[TDSE] Running TDSE-SH-elliptical. step 26200, energy = -0.42063920018410117
  |->  par_lens = 100, 101, 98
[TDSE] Running TDSE-SH-elliptical. step 26400, energy = -0.4721904311139557
  |->  par_lens = 105, 108, 108
[TDSE] Running TDSE-SH-elliptical. step 26600, energy = -0.488465771856878
  |->  par_lens = 107, 110, 109
[TDSE] Running TDSE-SH-elliptical. step 26800, energy = -0.45170734434201043
  |->  par_lens = 109, 109, 108
[TDSE] Running TDSE-SH-elliptical. step 27000, energy = -0.4064650697201261
  |->  par_lens = 102, 100, 102
[TDSE] Running TDSE-SH-elliptical. step 27200, energy = -0.40485202297366335
  |->  par_lens = 96, 96, 102
[TDSE] Running TDSE-SH-elliptical. step 27400, energy = -0.448663840815005
  |->  par_lens = 108, 109, 109
[TDSE] Running TDSE-SH-elliptical. step 27600, energy = -0.4878632597095395
  |->  par_lens = 110, 111, 112
[TDSE] Running TDSE-SH-elliptical. step 27800, energy = -0.47531133084966615
  |->  par_lens = 114, 113, 112
[TDSE] Running TDSE-SH-elliptical. step 28000, energy = -0.4270606158365318
  |->  par_lens = 109, 109, 108
[TDSE] Running TDSE-SH-elliptical. step 28200, energy = -0.3991681762215195
  |->  par_lens = 104, 103, 101
[TDSE] Running TDSE-SH-elliptical. step 28400, energy = -0.42263334560625065
  |->  par_lens = 107, 109, 107
[TDSE] Running TDSE-SH-elliptical. step 28600, energy = -0.4719320567358915
  |->  par_lens = 114, 115, 112
[TDSE] Running TDSE-SH-elliptical. step 28800, energy = -0.4904012250461422
  |->  par_lens = 115, 115, 116
[TDSE] Running TDSE-SH-elliptical. step 29000, energy = -0.4599020498846577
  |->  par_lens = 115, 112, 116
[TDSE] Running TDSE-SH-elliptical. step 29200, energy = -0.4194730123749818
  |->  par_lens = 108, 109, 115
[TDSE] Running TDSE-SH-elliptical. step 29400, energy = -0.41643741752291497
  |->  par_lens = 107, 105, 113
[TDSE] Running TDSE-SH-elliptical. step 29600, energy = -0.4538350882842179
  |->  par_lens = 112, 113, 112
[TDSE] Running TDSE-SH-elliptical. step 29800, energy = -0.4894063950202126
  |->  par_lens = 115, 115, 114
[TDSE] Running TDSE-SH-elliptical. step 30000, energy = -0.4819807247513216
  |->  par_lens = 115, 115, 114
[TDSE] Running TDSE-SH-elliptical. step 30200, energy = -0.44368410903398126
  |->  par_lens = 111, 111, 115
[TDSE] Running TDSE-SH-elliptical. step 30400, energy = -0.4199274675759415
  |->  par_lens = 106, 110, 106
[TDSE] Running TDSE-SH-elliptical. step 30600, energy = -0.43772381286879336
  |->  par_lens = 112, 111, 114
[TDSE] Running TDSE-SH-elliptical. step 30800, energy = -0.47682376579149766
  |->  par_lens = 115, 113, 118
[TDSE] Running TDSE-SH-elliptical. step 31000, energy = -0.493789483052633
  |->  par_lens = 116, 117, 118
[TDSE] Running TDSE-SH-elliptical. step 31200, energy = -0.4733083544008133
  |->  par_lens = 115, 117, 119
[TDSE] Running TDSE-SH-elliptical. step 31400, energy = -0.44349706018333274
  |->  par_lens = 112, 113, 112
[TDSE] Running TDSE-SH-elliptical. step 31600, energy = -0.4398620702366326
  |->  par_lens = 107, 110, 109
[TDSE] Running TDSE-SH-elliptical. step 31800, energy = -0.4667010691929193
  |->  par_lens = 113, 112, 114
[TDSE] Running TDSE-SH-elliptical. step 32000, energy = -0.49286602302626
  |->  par_lens = 112, 115, 114
[TDSE] Running TDSE-SH-elliptical. step 32200, energy = -0.48985529276259215
  |->  par_lens = 113, 114, 112
[TDSE] Running TDSE-SH-elliptical. step 32400, energy = -0.4652884535486644
  |->  par_lens = 114, 111, 111
[TDSE] Running TDSE-SH-elliptical. step 32600, energy = -0.44860818651267464
  |->  par_lens = 110, 113, 108
[TDSE] Running TDSE-SH-elliptical. step 32800, energy = -0.4594608470033996
  |->  par_lens = 114, 113, 110
[TDSE] Running TDSE-SH-elliptical. step 33000, energy = -0.48501115379312676
  |->  par_lens = 115, 114, 115
[TDSE] Running TDSE-SH-elliptical. step 33200, energy = -0.4974847667802611
  |->  par_lens = 114, 115, 115
[TDSE] Running TDSE-SH-elliptical. step 33400, energy = -0.4865994103242552
  |->  par_lens = 114, 115, 113
[TDSE] Running TDSE-SH-elliptical. step 33600, energy = -0.4695115500670676
  |->  par_lens = 113, 113, 115
[TDSE] Running TDSE-SH-elliptical. step 33800, energy = -0.4663614566136317
  |->  par_lens = 116, 111, 112
[TDSE] Running TDSE-SH-elliptical. step 34000, energy = -0.48175583657373655
  |->  par_lens = 115, 112, 113
[TDSE] Running TDSE-SH-elliptical. step 34200, energy = -0.49687452516074027
  |->  par_lens = 115, 111, 114
[TDSE] Running TDSE-SH-elliptical. step 34400, energy = -0.4966725265200418
  |->  par_lens = 116, 111, 113
[TDSE] Running TDSE-SH-elliptical. step 34600, energy = -0.48403855917007865
  |->  par_lens = 113, 111, 112
[TDSE] Running TDSE-SH-elliptical. step 34800, energy = -0.47546233865049786
  |->  par_lens = 113, 110, 114
[TDSE] Running TDSE-SH-elliptical. step 35000, energy = -0.48020827171360475
  |->  par_lens = 114, 115, 116
[TDSE] Running TDSE-SH-elliptical. step 35200, energy = -0.4934453490184021
  |->  par_lens = 114, 115, 115
[TDSE] Running TDSE-SH-elliptical. step 35400, energy = -0.5003060793277999
  |->  par_lens = 117, 115, 116
[TDSE] Running TDSE-SH-elliptical. step 35600, energy = -0.4965533947383164
  |->  par_lens = 117, 114, 115
[TDSE] Running TDSE-SH-elliptical. step 35800, energy = -0.48897452654720497
  |->  par_lens = 116, 115, 114
[TDSE] Running TDSE-SH-elliptical. step 36000, energy = -0.48762341194685294
  |->  par_lens = 116, 114, 113
[TDSE] Running TDSE-SH-elliptical. step 36200, energy = -0.4937810591234111
  |->  par_lens = 112, 113, 111
[TDSE] Running TDSE-SH-elliptical. step 36400, energy = -0.5003007107153343
  |->  par_lens = 114, 113, 111
[TDSE] Running TDSE-SH-elliptical. step 36600, energy = -0.500773586963847
  |->  par_lens = 116, 114, 111
[TDSE] Running TDSE-SH-elliptical. step 36800, energy = -0.49632927149870937
  |->  par_lens = 116, 114, 112
[TDSE] Running TDSE-SH-elliptical. step 37000, energy = -0.49298614426278997
  |->  par_lens = 116, 114, 110
[TDSE] Running TDSE-SH-elliptical. step 37200, energy = -0.4947509659107537
  |->  par_lens = 117, 116, 110
[TDSE] Running TDSE-SH-elliptical. step 37400, energy = -0.49921936788219456
  |->  par_lens = 117, 115, 111
[TDSE] Running TDSE-SH-elliptical. step 37600, energy = -0.5020750865400854
  |->  par_lens = 117, 115, 111
[TDSE] Running TDSE-SH-elliptical. step 37800, energy = -0.501455301155271
  |->  par_lens = 117, 116, 110
[TDSE] Running TDSE-SH-elliptical. step 38000, energy = -0.4994442300099411
  |->  par_lens = 116, 116, 111
[TDSE] Running TDSE-SH-elliptical. step 38200, energy = -0.49910309978093503
  |->  par_lens = 116, 115, 109
[TDSE] Running TDSE-SH-elliptical. step 38400, energy = -0.5006148081165644
  |->  par_lens = 116, 114, 112
[TDSE] Running TDSE-SH-elliptical. step 38600, energy = -0.5022609218107871
  |->  par_lens = 118, 114, 112
[TDSE] Running TDSE-SH-elliptical. step 38800, energy = -0.5025465598818085
  |->  par_lens = 118, 112, 112
[TDSE] Running TDSE-SH-elliptical. step 39000, energy = -0.5016066044342153
  |->  par_lens = 118, 113, 112
[TDSE] Running TDSE-SH-elliptical. step 39200, energy = -0.5009409660121602
  |->  par_lens = 117, 114, 109
[TDSE] Running TDSE-SH-elliptical. step 39400, energy = -0.5012927995395415
  |->  par_lens = 118, 114, 110
[TDSE] Running TDSE-SH-elliptical. step 39600, energy = -0.5021102202136581
  |->  par_lens = 117, 116, 109
[TDSE] Running TDSE-SH-elliptical. step 39800, energy = -0.5027839901584149
  |->  par_lens = 117, 116, 110
[TDSE] Running TDSE-SH-elliptical. step 40000, energy = -0.5028585171238547
  |->  par_lens = 117, 116, 109
[TDSE] Running TDSE-SH-elliptical. step 40200, energy = -0.5027041909767092
  |->  par_lens = 117, 116, 110
[TDSE] Running TDSE-SH-elliptical. step 40400, energy = -0.5026898276985902
  |->  par_lens = 117, 114, 109
[TDSE] Running TDSE-SH-elliptical. step 40600, energy = -0.5027984786757244
  |->  par_lens = 118, 114, 110
[TDSE] Running TDSE-SH-elliptical. step 40800, energy = -0.5029331413992546
  |->  par_lens = 117, 114, 110
[TDSE] Running TDSE-SH-elliptical. step 41000, energy = -0.5029419655286661
  |->  par_lens = 116, 114, 110
[TDSE] Running TDSE-SH-elliptical. step 41200, energy = -0.5028739067314003
  |->  par_lens = 116, 114, 111
[TDSE] Running TDSE-SH-elliptical. step 41400, energy = -0.5028505199436513
  |->  par_lens = 116, 114, 111
[TDSE] Running TDSE-SH-elliptical. step 41600, energy = -0.5028532934680835
  |->  par_lens = 115, 114, 110
[TDSE] Running TDSE-SH-elliptical. step 41800, energy = -0.5029036691860211
  |->  par_lens = 116, 113, 110
[TDSE] Running TDSE-SH-elliptical. step 42000, energy = -0.5029293005917927
  |->  par_lens = 115, 113, 110
[TDSE] Running TDSE-SH-elliptical. step 42200, energy = -0.5029521608977346
  |->  par_lens = 116, 112, 108
[TDSE] Running TDSE-SH-elliptical. step 42400, energy = -0.5029549133404679
  |->  par_lens = 114, 112, 106
[TDSE] Running TDSE-SH-elliptical. step 42600, energy = -0.5029585681749776
  |->  par_lens = 113, 110, 106
[TDSE] Running TDSE-SH-elliptical. step 42800, energy = -0.502954093102257
  |->  par_lens = 112, 106, 104
[TDSE] Running TDSE-SH-elliptical. step 43000, energy = -0.5029555104927189
  |->  par_lens = 110, 106, 103
[TDSE] Running TDSE-SH-elliptical. step 43200, energy = -0.5029537984146221
  |->  par_lens = 111, 103, 101
[TDSE] Running TDSE-SH-elliptical. step 43400, energy = -0.5029550343353814
  |->  par_lens = 110, 103, 101
[TDSE] Running TDSE-SH-elliptical. step 43600, energy = -0.5029536347848521
  |->  par_lens = 105, 100, 98
[TDSE] Running TDSE-SH-elliptical. step 43800, energy = -0.5029527483898546
  |->  par_lens = 101, 98, 97
[TDSE] Running TDSE-SH-elliptical. step 44000, energy = -0.5029540955227592
  |->  par_lens = 99, 96, 95
[TDSE] Running TDSE-SH-elliptical. step 44200, energy = -0.5029526368547974
  |->  par_lens = 97, 95, 94
[TDSE] Running TDSE-SH-elliptical. step 44400, energy = -0.502953408141684
  |->  par_lens = 96, 95, 95
[TDSE] Running TDSE-SH-elliptical. step 44600, energy = -0.5029499295197718
  |->  par_lens = 95, 95, 91
[TDSE] Running TDSE-SH-elliptical. step 44800, energy = -0.5029546961795813
  |->  par_lens = 95, 94, 89
[TDSE] Running TDSE-SH-elliptical. step 45000, energy = -0.5029501065438415
  |->  par_lens = 91, 92, 89
