  Activating project at `~/JuliaProp_v0.1`
[ITP]: 10000.471108571397
[ITP]: 0.022107823405609905
[ITP]: 0.004976805475414736
[ITP]: 0.0021058954092971205
[ITP]: 0.001084104546129061
[ITP]: 0.0006160870179273692
[ITP]: 0.0003714642087823128
[ITP]: 0.00023286611963801995
[ITP]: 0.0001500123428329614
[ITP]: 9.857967926441003e-5
[ITP]: 6.57601184761436e-5
[ITP]: 4.43786526744816e-5
[ITP]: 3.022437766897479e-5
[ITP]: 2.0735965556739622e-5
[ITP]: 1.4311264988853267e-5
[ITP]: 9.92563006574354e-6
[ITP]: 6.9119921211058255e-6
[ITP]: 4.82976755122877e-6
[ITP]: 3.384510666504248e-6
[ITP]: 2.3775199649023193e-6
[ITP]: 1.6736194445865493e-6
[ITP]: 1.1802274751948616e-6
[ITP]: 8.335748883370186e-7
[ITP]: 5.895273362810372e-7
[ITP]: 4.174150680658073e-7
[ITP]: 2.958509506267859e-7
[ITP]: 2.098764437796774e-7
[ITP]: 1.4900242706339384e-7
[ITP]: 1.0585745457980522e-7
[ITP]: 7.525113565609587e-8
[ITP]: 5.352267851144177e-8
[ITP]: 3.808635307134267e-8
[ITP]: 2.7113442158110956e-8
[ITP]: 1.9309163601377577e-8
[ITP]: 1.3755872219078924e-8
[ITP]: 9.802639699962867e-9
Energy of ground state: -0.5030607411950042
[TDSE] Start TDSE-SH for elliptical polarized laser. It may cost a plenty of time.
[TDSE] Running TDSE-SH-elliptical. step 0, energy = -0.5030607411950033
  |->  par_lens = 1, 1, 1
[TDSE] Running TDSE-SH-elliptical. step 200, energy = -0.5030607411948625
  |->  par_lens = 1, 1, 1
[TDSE] Running TDSE-SH-elliptical. step 400, energy = -0.503060741194687
  |->  par_lens = 1, 1, 2
[TDSE] Running TDSE-SH-elliptical. step 600, energy = -0.5030607411942061
  |->  par_lens = 1, 1, 2
[TDSE] Running TDSE-SH-elliptical. step 800, energy = -0.5030607411923154
  |->  par_lens = 1, 1, 2
[TDSE] Running TDSE-SH-elliptical. step 1000, energy = -0.5030607411860534
  |->  par_lens = 1, 1, 2
[TDSE] Running TDSE-SH-elliptical. step 1200, energy = -0.5030607411696105
  |->  par_lens = 1, 1, 2
[TDSE] Running TDSE-SH-elliptical. step 1400, energy = -0.5030607411320759
  |->  par_lens = 1, 1, 2
[TDSE] Running TDSE-SH-elliptical. step 1600, energy = -0.5030607410566468
  |->  par_lens = 1, 1, 2
[TDSE] Running TDSE-SH-elliptical. step 1800, energy = -0.5030607409166448
  |->  par_lens = 1, 1, 2
[TDSE] Running TDSE-SH-elliptical. step 2000, energy = -0.5030607406760382
  |->  par_lens = 1, 1, 2
[TDSE] Running TDSE-SH-elliptical. step 2200, energy = -0.5030607402824412
  |->  par_lens = 1, 1, 2
[TDSE] Running TDSE-SH-elliptical. step 2400, energy = -0.5030607396716711
  |->  par_lens = 1, 1, 2
[TDSE] Running TDSE-SH-elliptical. step 2600, energy = -0.5030607387542236
  |->  par_lens = 1, 1, 2
[TDSE] Running TDSE-SH-elliptical. step 2800, energy = -0.5030607374297382
  |->  par_lens = 1, 1, 2
[TDSE] Running TDSE-SH-elliptical. step 3000, energy = -0.5030607355565094
  |->  par_lens = 1, 1, 2
[TDSE] Running TDSE-SH-elliptical. step 3200, energy = -0.5030607329983174
  |->  par_lens = 1, 1, 2
[TDSE] Running TDSE-SH-elliptical. step 3400, energy = -0.5030607295403502
  |->  par_lens = 1, 1, 2
[TDSE] Running TDSE-SH-elliptical. step 3600, energy = -0.5030607250105752
  |->  par_lens = 1, 1, 2
[TDSE] Running TDSE-SH-elliptical. step 3800, energy = -0.5030607191143176
  |->  par_lens = 1, 1, 2
[TDSE] Running TDSE-SH-elliptical. step 4000, energy = -0.5030607116439684
  |->  par_lens = 1, 2, 2
[TDSE] Running TDSE-SH-elliptical. step 4200, energy = -0.5030607021940313
  |->  par_lens = 2, 2, 2
[TDSE] Running TDSE-SH-elliptical. step 4400, energy = -0.503060690563765
  |->  par_lens = 2, 2, 2
[TDSE] Running TDSE-SH-elliptical. step 4600, energy = -0.503060676224779
  |->  par_lens = 2, 2, 2
[TDSE] Running TDSE-SH-elliptical. step 4800, energy = -0.5030606589296372
  |->  par_lens = 2, 2, 2
[TDSE] Running TDSE-SH-elliptical. step 5000, energy = -0.5030606381253998
  |->  par_lens = 2, 2, 2
[TDSE] Running TDSE-SH-elliptical. step 5200, energy = -0.5030606134855482
  |->  par_lens = 2, 2, 2
[TDSE] Running TDSE-SH-elliptical. step 5400, energy = -0.503060584401055
  |->  par_lens = 2, 2, 2
[TDSE] Running TDSE-SH-elliptical. step 5600, energy = -0.5030605505100988
  |->  par_lens = 2, 2, 2
[TDSE] Running TDSE-SH-elliptical. step 5800, energy = -0.5030605112577379
  |->  par_lens = 2, 2, 2
[TDSE] Running TDSE-SH-elliptical. step 6000, energy = -0.503060466038403
  |->  par_lens = 2, 2, 2
[TDSE] Running TDSE-SH-elliptical. step 6200, energy = -0.5030604146239689
  |->  par_lens = 2, 2, 2
[TDSE] Running TDSE-SH-elliptical. step 6400, energy = -0.5030603560209896
  |->  par_lens = 2, 2, 2
[TDSE] Running TDSE-SH-elliptical. step 6600, energy = -0.5030602903173165
  |->  par_lens = 2, 2, 2
[TDSE] Running TDSE-SH-elliptical. step 6800, energy = -0.5030602164154085
  |->  par_lens = 2, 2, 2
[TDSE] Running TDSE-SH-elliptical. step 7000, energy = -0.5030601345143819
  |->  par_lens = 2, 2, 2
[TDSE] Running TDSE-SH-elliptical. step 7200, energy = -0.5030600431752363
  |->  par_lens = 2, 2, 2
[TDSE] Running TDSE-SH-elliptical. step 7400, energy = -0.5030599434581233
  |->  par_lens = 2, 2, 2
[TDSE] Running TDSE-SH-elliptical. step 7600, energy = -0.5030598333463564
  |->  par_lens = 2, 2, 2
[TDSE] Running TDSE-SH-elliptical. step 7800, energy = -0.5030597137862135
  |->  par_lens = 2, 2, 2
[TDSE] Running TDSE-SH-elliptical. step 8000, energy = -0.5030595837087979
  |->  par_lens = 2, 2, 2
[TDSE] Running TDSE-SH-elliptical. step 8200, energy = -0.5030594436759528
  |->  par_lens = 2, 2, 2
[TDSE] Running TDSE-SH-elliptical. step 8400, energy = -0.5030592924276879
  |->  par_lens = 2, 2, 2
[TDSE] Running TDSE-SH-elliptical. step 8600, energy = -0.5030591309454776
  |->  par_lens = 2, 2, 2
[TDSE] Running TDSE-SH-elliptical. step 8800, energy = -0.5030589587413292
  |->  par_lens = 2, 2, 2
[TDSE] Running TDSE-SH-elliptical. step 9000, energy = -0.5030587755674775
  |->  par_lens = 2, 2, 2
[TDSE] Running TDSE-SH-elliptical. step 9200, energy = -0.5030585824851709
  |->  par_lens = 2, 2, 2
[TDSE] Running TDSE-SH-elliptical. step 9400, energy = -0.503058378155589
  |->  par_lens = 2, 2, 2
[TDSE] Running TDSE-SH-elliptical. step 9600, energy = -0.5030581648060334
  |->  par_lens = 2, 2, 2
[TDSE] Running TDSE-SH-elliptical. step 9800, energy = -0.5030579409685914
  |->  par_lens = 2, 2, 2
[TDSE] Running TDSE-SH-elliptical. step 10000, energy = -0.5030577087156404
  |->  par_lens = 2, 2, 2
[TDSE] Running TDSE-SH-elliptical. step 10200, energy = -0.5030573937233067
  |->  par_lens = 2, 2, 2
[TDSE] Running TDSE-SH-elliptical. step 10400, energy = -0.5030563236074659
  |->  par_lens = 2, 2, 2
[TDSE] Running TDSE-SH-elliptical. step 10600, energy = -0.5030552257191736
  |->  par_lens = 2, 2, 2
[TDSE] Running TDSE-SH-elliptical. step 10800, energy = -0.5030568825070423
  |->  par_lens = 2, 2, 2
[TDSE] Running TDSE-SH-elliptical. step 11000, energy = -0.5030583068304041
  |->  par_lens = 2, 2, 2
[TDSE] Running TDSE-SH-elliptical. step 11200, energy = -0.5030391917523727
  |->  par_lens = 4, 3, 3
[TDSE] Running TDSE-SH-elliptical. step 11400, energy = -0.5029790195940216
  |->  par_lens = 4, 3, 3
[TDSE] Running TDSE-SH-elliptical. step 11600, energy = -0.5029103598095624
  |->  par_lens = 4, 4, 3
[TDSE] Running TDSE-SH-elliptical. step 11800, energy = -0.5029190442232795
  |->  par_lens = 4, 4, 3
[TDSE] Running TDSE-SH-elliptical. step 12000, energy = -0.5029861898724497
  |->  par_lens = 4, 4, 3
[TDSE] Running TDSE-SH-elliptical. step 12200, energy = -0.5028582740829358
  |->  par_lens = 4, 4, 4
[TDSE] Running TDSE-SH-elliptical. step 12400, energy = -0.5022525465408424
  |->  par_lens = 5, 5, 6
[TDSE] Running TDSE-SH-elliptical. step 12600, energy = -0.5013748802855136
  |->  par_lens = 7, 7, 7
[TDSE] Running TDSE-SH-elliptical. step 12800, energy = -0.5010122445128853
  |->  par_lens = 7, 7, 7
[TDSE] Running TDSE-SH-elliptical. step 13000, energy = -0.5016921948835539
  |->  par_lens = 7, 6, 7
[TDSE] Running TDSE-SH-elliptical. step 13200, energy = -0.5025934292864107
  |->  par_lens = 6, 6, 6
[TDSE] Running TDSE-SH-elliptical. step 13400, energy = -0.5019905997551151
  |->  par_lens = 6, 6, 6
[TDSE] Running TDSE-SH-elliptical. step 13600, energy = -0.49937302491324526
  |->  par_lens = 9, 8, 8
[TDSE] Running TDSE-SH-elliptical. step 13800, energy = -0.49688317630700335
  |->  par_lens = 10, 10, 10
[TDSE] Running TDSE-SH-elliptical. step 14000, energy = -0.4974076876667072
  |->  par_lens = 10, 10, 10
[TDSE] Running TDSE-SH-elliptical. step 14200, energy = -0.5004940815892007
  |->  par_lens = 11, 11, 10
[TDSE] Running TDSE-SH-elliptical. step 14400, energy = -0.5014553733976295
  |->  par_lens = 11, 11, 12
[TDSE] Running TDSE-SH-elliptical. step 14600, energy = -0.4962520372868232
  |->  par_lens = 12, 10, 10
[TDSE] Running TDSE-SH-elliptical. step 14800, energy = -0.48773408254075395
  |->  par_lens = 15, 13, 14
[TDSE] Running TDSE-SH-elliptical. step 15000, energy = -0.48424377844826155
  |->  par_lens = 17, 17, 16
[TDSE] Running TDSE-SH-elliptical. step 15200, energy = -0.4903185707197325
  |->  par_lens = 18, 18, 19
[TDSE] Running TDSE-SH-elliptical. step 15400, energy = -0.49884782154609864
  |->  par_lens = 21, 20, 21
[TDSE] Running TDSE-SH-elliptical. step 15600, energy = -0.4972351385338061
  |->  par_lens = 21, 20, 21
[TDSE] Running TDSE-SH-elliptical. step 15800, energy = -0.4825661275886341
  |->  par_lens = 18, 19, 21
[TDSE] Running TDSE-SH-elliptical. step 16000, energy = -0.4684747723428269
  |->  par_lens = 25, 22, 22
[TDSE] Running TDSE-SH-elliptical. step 16200, energy = -0.47094149711273786
  |->  par_lens = 28, 28, 26
[TDSE] Running TDSE-SH-elliptical. step 16400, energy = -0.4879060598525293
  |->  par_lens = 32, 32, 32
[TDSE] Running TDSE-SH-elliptical. step 16600, energy = -0.4967957190997325
  |->  par_lens = 34, 33, 33
[TDSE] Running TDSE-SH-elliptical. step 16800, energy = -0.47953040174871175
  |->  par_lens = 35, 33, 33
[TDSE] Running TDSE-SH-elliptical. step 17000, energy = -0.44768728546203906
  |->  par_lens = 32, 30, 33
[TDSE] Running TDSE-SH-elliptical. step 17200, energy = -0.4342857203704789
  |->  par_lens = 39, 41, 41
[TDSE] Running TDSE-SH-elliptical. step 17400, energy = -0.45527201001017875
  |->  par_lens = 50, 51, 50
[TDSE] Running TDSE-SH-elliptical. step 17600, energy = -0.48699923650851795
  |->  par_lens = 59, 56, 57
[TDSE] Running TDSE-SH-elliptical. step 17800, energy = -0.4867501109972895
  |->  par_lens = 61, 57, 58
[TDSE] Running TDSE-SH-elliptical. step 18000, energy = -0.44498108589550067
  |->  par_lens = 56, 51, 54
[TDSE] Running TDSE-SH-elliptical. step 18200, energy = -0.4037151529529453
  |->  par_lens = 50, 51, 49
[TDSE] Running TDSE-SH-elliptical. step 18400, energy = -0.4092937824177918
  |->  par_lens = 67, 70, 68
[TDSE] Running TDSE-SH-elliptical. step 18600, energy = -0.45686165765952047
  |->  par_lens = 82, 83, 82
[TDSE] Running TDSE-SH-elliptical. step 18800, energy = -0.487025134290157
  |->  par_lens = 89, 89, 89
[TDSE] Running TDSE-SH-elliptical. step 19000, energy = -0.4506542495277088
  |->  par_lens = 92, 91, 90
[TDSE] Running TDSE-SH-elliptical. step 19200, energy = -0.37615759458124554
  |->  par_lens = 74, 75, 77
[TDSE] Running TDSE-SH-elliptical. step 19400, energy = -0.34436428814569736
  |->  par_lens = 84, 82, 84
[TDSE] Running TDSE-SH-elliptical. step 19600, energy = -0.38888644508716863
  |->  par_lens = 116, 115, 115
[TDSE] Running TDSE-SH-elliptical. step 19800, energy = -0.46356054270049
  |->  par_lens = 139, 136, 138
[TDSE] Running TDSE-SH-elliptical. step 20000, energy = -0.47105965359326957
  |->  par_lens = 144, 143, 143
[TDSE] Running TDSE-SH-elliptical. step 20200, energy = -0.3887553286839226
  |->  par_lens = 141, 136, 138
[TDSE] Running TDSE-SH-elliptical. step 20400, energy = -0.3053867549471739
  |->  par_lens = 104, 111, 104
[TDSE] Running TDSE-SH-elliptical. step 20600, energy = -0.3157178382488256
  |->  par_lens = 137, 133, 137
[TDSE] Running TDSE-SH-elliptical. step 20800, energy = -0.40446670577807103
  |->  par_lens = 177, 176, 177
[TDSE] Running TDSE-SH-elliptical. step 21000, energy = -0.4714944429860334
  |->  par_lens = 198, 194, 194
[TDSE] Running TDSE-SH-elliptical. step 21200, energy = -0.41467623754911886
  |->  par_lens = 199, 200, 197
[TDSE] Running TDSE-SH-elliptical. step 21400, energy = -0.28420736455391793
  |->  par_lens = 179, 176, 175
[TDSE] Running TDSE-SH-elliptical. step 21600, energy = -0.2292948157573221
  |->  par_lens = 151, 156, 165
[TDSE] Running TDSE-SH-elliptical. step 21800, energy = -0.3005944969590941
  |->  par_lens = 215, 219, 216
[TDSE] Running TDSE-SH-elliptical. step 22000, energy = -0.42769200705379795
  |->  par_lens = 268, 269, 265
[TDSE] Running TDSE-SH-elliptical. step 22200, energy = -0.4521857165019641
  |->  par_lens = 280, 280, 280
[TDSE] Running TDSE-SH-elliptical. step 22400, energy = -0.3267743131862376
  |->  par_lens = 270, 269, 272
[TDSE] Running TDSE-SH-elliptical. step 22600, energy = -0.195002896598222
  |->  par_lens = 223, 232, 224
[TDSE] Running TDSE-SH-elliptical. step 22800, energy = -0.214120119247074
  |->  par_lens = 244, 242, 240
[TDSE] Running TDSE-SH-elliptical. step 23000, energy = -0.3377810896030178
  |->  par_lens = 311, 310, 308
[TDSE] Running TDSE-SH-elliptical. step 23200, energy = -0.44765122680857483
  |->  par_lens = 336, 340, 340
[TDSE] Running TDSE-SH-elliptical. step 23400, energy = -0.3798830026224498
  |->  par_lens = 339, 340, 338
[TDSE] Running TDSE-SH-elliptical. step 23600, energy = -0.19725044945392248
  |->  par_lens = 310, 298, 302
[TDSE] Running TDSE-SH-elliptical. step 23800, energy = -0.11894994379936547
  |->  par_lens = 271, 269, 272
[TDSE] Running TDSE-SH-elliptical. step 24000, energy = -0.21619139408031868
  |->  par_lens = 341, 339, 338
[TDSE] Running TDSE-SH-elliptical. step 24200, energy = -0.3813130085167099
  |->  par_lens = 411, 409, 410
[TDSE] Running TDSE-SH-elliptical. step 24400, energy = -0.4274548172514664
  |->  par_lens = 427, 426, 426
[TDSE] Running TDSE-SH-elliptical. step 24600, energy = -0.2775438639428474
  |->  par_lens = 411, 411, 411
[TDSE] Running TDSE-SH-elliptical. step 24800, energy = -0.10737164588918775
  |->  par_lens = 368, 368, 367
[TDSE] Running TDSE-SH-elliptical. step 25000, energy = -0.13258895823976008
  |->  par_lens = 375, 380, 368
[TDSE] Running TDSE-SH-elliptical. step 25200, energy = -0.27390748601021503
  |->  par_lens = 434, 431, 436
[TDSE] Running TDSE-SH-elliptical. step 25400, energy = -0.41348844944732654
  |->  par_lens = 466, 467, 466
[TDSE] Running TDSE-SH-elliptical. step 25600, energy = -0.34986559081292995
  |->  par_lens = 465, 466, 470
[TDSE] Running TDSE-SH-elliptical. step 25800, energy = -0.14756863768568917
  |->  par_lens = 436, 440, 441
[TDSE] Running TDSE-SH-elliptical. step 26000, energy = -0.051794117781590855
  |->  par_lens = 413, 423, 422
[TDSE] Running TDSE-SH-elliptical. step 26200, energy = -0.16087710922399748
  |->  par_lens = 448, 453, 450
[TDSE] Running TDSE-SH-elliptical. step 26400, energy = -0.33472126014021497
  |->  par_lens = 503, 500, 501
[TDSE] Running TDSE-SH-elliptical. step 26600, energy = -0.39867576612568073
  |->  par_lens = 513, 513, 515
[TDSE] Running TDSE-SH-elliptical. step 26800, energy = -0.2557820459028054
  |->  par_lens = 506, 509, 509
[TDSE] Running TDSE-SH-elliptical. step 27000, energy = -0.07782443919321134
  |->  par_lens = 493, 487, 489
[TDSE] Running TDSE-SH-elliptical. step 27200, energy = -0.10193584699660396
  |->  par_lens = 487, 488, 486
[TDSE] Running TDSE-SH-elliptical. step 27400, energy = -0.2350471679980441
  |->  par_lens = 511, 510, 505
[TDSE] Running TDSE-SH-elliptical. step 27600, energy = -0.3791345134087313
  |->  par_lens = 522, 522, 524
[TDSE] Running TDSE-SH-elliptical. step 27800, energy = -0.33295868182188804
  |->  par_lens = 523, 525, 527
[TDSE] Running TDSE-SH-elliptical. step 28000, energy = -0.14770151228265854
  |->  par_lens = 517, 519, 517
[TDSE] Running TDSE-SH-elliptical. step 28200, energy = -0.05607397375663903
  |->  par_lens = 505, 506, 507
[TDSE] Running TDSE-SH-elliptical. step 28400, energy = -0.14980119013455395
  |->  par_lens = 519, 518, 515
[TDSE] Running TDSE-SH-elliptical. step 28600, energy = -0.30862581656004284
  |->  par_lens = 533, 542, 537
[TDSE] Running TDSE-SH-elliptical. step 28800, energy = -0.376765159157488
  |->  par_lens = 542, 548, 543
[TDSE] Running TDSE-SH-elliptical. step 29000, energy = -0.2619652247495849
  |->  par_lens = 547, 547, 541
[TDSE] Running TDSE-SH-elliptical. step 29200, energy = -0.11408871773576343
  |->  par_lens = 532, 531, 531
[TDSE] Running TDSE-SH-elliptical. step 29400, energy = -0.12672309266095305
  |->  par_lens = 523, 518, 522
[TDSE] Running TDSE-SH-elliptical. step 29600, energy = -0.2334380940310282
  |->  par_lens = 543, 540, 545
[TDSE] Running TDSE-SH-elliptical. step 29800, energy = -0.36257506223895086
  |->  par_lens = 548, 549, 548
[TDSE] Running TDSE-SH-elliptical. step 30000, energy = -0.3361137649320608
  |->  par_lens = 552, 549, 550
[TDSE] Running TDSE-SH-elliptical. step 30200, energy = -0.194267391477332
  |->  par_lens = 539, 544, 545
[TDSE] Running TDSE-SH-elliptical. step 30400, energy = -0.12150914808897062
  |->  par_lens = 537, 544, 529
[TDSE] Running TDSE-SH-elliptical. step 30600, energy = -0.1832012334373438
  |->  par_lens = 546, 544, 550
[TDSE] Running TDSE-SH-elliptical. step 30800, energy = -0.30963948012923453
  |->  par_lens = 553, 557, 554
[TDSE] Running TDSE-SH-elliptical. step 31000, energy = -0.37268245879421624
  |->  par_lens = 557, 556, 556
[TDSE] Running TDSE-SH-elliptical. step 31200, energy = -0.29927468800595397
  |->  par_lens = 557, 554, 554
[TDSE] Running TDSE-SH-elliptical. step 31400, energy = -0.19825782881670181
  |->  par_lens = 552, 552, 546
[TDSE] Running TDSE-SH-elliptical. step 31600, energy = -0.19269962503738497
  |->  par_lens = 540, 540, 535
[TDSE] Running TDSE-SH-elliptical. step 31800, energy = -0.2749917388855774
  |->  par_lens = 541, 548, 548
[TDSE] Running TDSE-SH-elliptical. step 32000, energy = -0.36934172559507156
  |->  par_lens = 554, 549, 551
[TDSE] Running TDSE-SH-elliptical. step 32200, energy = -0.3578948573568486
  |->  par_lens = 551, 551, 551
[TDSE] Running TDSE-SH-elliptical. step 32400, energy = -0.2661772552844481
  |->  par_lens = 547, 551, 542
[TDSE] Running TDSE-SH-elliptical. step 32600, energy = -0.2185918237580617
  |->  par_lens = 552, 538, 545
[TDSE] Running TDSE-SH-elliptical. step 32800, energy = -0.25453329984067785
  |->  par_lens = 555, 555, 555
[TDSE] Running TDSE-SH-elliptical. step 33000, energy = -0.33754884408116653
  |->  par_lens = 554, 558, 555
[TDSE] Running TDSE-SH-elliptical. step 33200, energy = -0.3831689075655035
  |->  par_lens = 554, 559, 551
[TDSE] Running TDSE-SH-elliptical. step 33400, energy = -0.3447687945006788
  |->  par_lens = 555, 557, 552
[TDSE] Running TDSE-SH-elliptical. step 33600, energy = -0.28591791001248684
  |->  par_lens = 555, 553, 553
[TDSE] Running TDSE-SH-elliptical. step 33800, energy = -0.28205059102412355
  |->  par_lens = 546, 550, 544
[TDSE] Running TDSE-SH-elliptical. step 34000, energy = -0.3266419785606803
  |->  par_lens = 548, 549, 545
[TDSE] Running TDSE-SH-elliptical. step 34200, energy = -0.38054199165183883
  |->  par_lens = 541, 549, 544
[TDSE] Running TDSE-SH-elliptical. step 34400, energy = -0.37980331684755714
  |->  par_lens = 544, 545, 543
[TDSE] Running TDSE-SH-elliptical. step 34600, energy = -0.3368259095744808
  |->  par_lens = 541, 539, 542
[TDSE] Running TDSE-SH-elliptical. step 34800, energy = -0.3046165923680823
  |->  par_lens = 545, 543, 543
[TDSE] Running TDSE-SH-elliptical. step 35000, energy = -0.32459812940396243
  |->  par_lens = 546, 548, 542
[TDSE] Running TDSE-SH-elliptical. step 35200, energy = -0.3662943643464168
  |->  par_lens = 544, 549, 544
[TDSE] Running TDSE-SH-elliptical. step 35400, energy = -0.3917813893781389
  |->  par_lens = 539, 546, 540
[TDSE] Running TDSE-SH-elliptical. step 35600, energy = -0.3789969453358665
  |->  par_lens = 541, 543, 535
[TDSE] Running TDSE-SH-elliptical. step 35800, energy = -0.3558538804025697
  |->  par_lens = 516, 531, 527
[TDSE] Running TDSE-SH-elliptical. step 36000, energy = -0.3452390155970504
  |->  par_lens = 493, 497, 495
[TDSE] Running TDSE-SH-elliptical. step 36200, energy = -0.3734858060652413
  |->  par_lens = 470, 462, 473
[TDSE] Running TDSE-SH-elliptical. step 36400, energy = -0.39046776736311284
  |->  par_lens = 448, 445, 450
[TDSE] Running TDSE-SH-elliptical. step 36600, energy = -0.39423593589154754
  |->  par_lens = 440, 430, 433
[TDSE] Running TDSE-SH-elliptical. step 36800, energy = -0.37660016471416097
  |->  par_lens = 425, 422, 423
[TDSE] Running TDSE-SH-elliptical. step 37000, energy = -0.3675425437722349
  |->  par_lens = 424, 415, 416
[TDSE] Running TDSE-SH-elliptical. step 37200, energy = -0.37183627726129975
  |->  par_lens = 423, 416, 417
[TDSE] Running TDSE-SH-elliptical. step 37400, energy = -0.38751031534607394
  |->  par_lens = 426, 429, 430
[TDSE] Running TDSE-SH-elliptical. step 37600, energy = -0.3987228961676381
  |->  par_lens = 426, 425, 420
[TDSE] Running TDSE-SH-elliptical. step 37800, energy = -0.39601949271678444
  |->  par_lens = 418, 413, 408
[TDSE] Running TDSE-SH-elliptical. step 38000, energy = -0.38856498360647945
  |->  par_lens = 405, 405, 408
[TDSE] Running TDSE-SH-elliptical. step 38200, energy = -0.38953052003845845
  |->  par_lens = 387, 385, 379
[TDSE] Running TDSE-SH-elliptical. step 38400, energy = -0.3917808831040447
  |->  par_lens = 355, 359, 351
[TDSE] Running TDSE-SH-elliptical. step 38600, energy = -0.39979299296845144
  |->  par_lens = 341, 340, 331
[TDSE] Running TDSE-SH-elliptical. step 38800, energy = -0.399288208112309
  |->  par_lens = 326, 324, 317
[TDSE] Running TDSE-SH-elliptical. step 39000, energy = -0.39650643273621083
  |->  par_lens = 314, 317, 312
[TDSE] Running TDSE-SH-elliptical. step 39200, energy = -0.3945593088456404
  |->  par_lens = 319, 315, 317
[TDSE] Running TDSE-SH-elliptical. step 39400, energy = -0.3947786039076135
  |->  par_lens = 326, 318, 323
[TDSE] Running TDSE-SH-elliptical. step 39600, energy = -0.3992391746861206
  |->  par_lens = 334, 327, 327
[TDSE] Running TDSE-SH-elliptical. step 39800, energy = -0.400411720655212
  |->  par_lens = 331, 324, 329
[TDSE] Running TDSE-SH-elliptical. step 40000, energy = -0.401442933179379
  |->  par_lens = 328, 323, 327
[TDSE] Running TDSE-SH-elliptical. step 40200, energy = -0.4010366883593542
  |->  par_lens = 325, 322, 325
[TDSE] Running TDSE-SH-elliptical. step 40400, energy = -0.40077695878676056
  |->  par_lens = 321, 320, 321
[TDSE] Running TDSE-SH-elliptical. step 40600, energy = -0.40179338493271943
  |->  par_lens = 314, 314, 314
[TDSE] Running TDSE-SH-elliptical. step 40800, energy = -0.4020545465354684
  |->  par_lens = 309, 305, 306
[TDSE] Running TDSE-SH-elliptical. step 41000, energy = -0.4022462439867056
  |->  par_lens = 303, 302, 301
[TDSE] Running TDSE-SH-elliptical. step 41200, energy = -0.4024867091410895
  |->  par_lens = 300, 301, 298
[TDSE] Running TDSE-SH-elliptical. step 41400, energy = -0.4022001506255688
  |->  par_lens = 302, 299, 300
[TDSE] Running TDSE-SH-elliptical. step 41600, energy = -0.4028165730179421
  |->  par_lens = 299, 299, 299
[TDSE] Running TDSE-SH-elliptical. step 41800, energy = -0.4030363510565279
  |->  par_lens = 300, 298, 299
[TDSE] Running TDSE-SH-elliptical. step 42000, energy = -0.4034872921253047
  |->  par_lens = 299, 299, 298
[TDSE] Running TDSE-SH-elliptical. step 42200, energy = -0.4037034718297597
  |->  par_lens = 299, 298, 298
[TDSE] Running TDSE-SH-elliptical. step 42400, energy = -0.40415947366313126
  |->  par_lens = 299, 297, 298
[TDSE] Running TDSE-SH-elliptical. step 42600, energy = -0.40439821930901415
  |->  par_lens = 298, 296, 297
[TDSE] Running TDSE-SH-elliptical. step 42800, energy = -0.4046639414028529
  |->  par_lens = 298, 295, 297
[TDSE] Running TDSE-SH-elliptical. step 43000, energy = -0.40501522488463665
  |->  par_lens = 297, 294, 297
[TDSE] Running TDSE-SH-elliptical. step 43200, energy = -0.4053210960215151
  |->  par_lens = 295, 294, 295
[TDSE] Running TDSE-SH-elliptical. step 43400, energy = -0.40565569711687893
  |->  par_lens = 295, 294, 294
[TDSE] Running TDSE-SH-elliptical. step 43600, energy = -0.4059547763070906
  |->  par_lens = 294, 294, 293
[TDSE] Running TDSE-SH-elliptical. step 43800, energy = -0.4063415552190872
  |->  par_lens = 291, 293, 292
[TDSE] Running TDSE-SH-elliptical. step 44000, energy = -0.40658563503765077
  |->  par_lens = 291, 292, 290
[TDSE] Running TDSE-SH-elliptical. step 44200, energy = -0.4071384386287852
  |->  par_lens = 290, 292, 290
[TDSE] Running TDSE-SH-elliptical. step 44400, energy = -0.4074376492056567
  |->  par_lens = 289, 290, 287
[TDSE] Running TDSE-SH-elliptical. step 44600, energy = -0.40795330380868067
  |->  par_lens = 289, 289, 287
[TDSE] Running TDSE-SH-elliptical. step 44800, energy = -0.4080006837586496
  |->  par_lens = 288, 287, 287
[TDSE] Running TDSE-SH-elliptical. step 45000, energy = -0.40827927399165337
  |->  par_lens = 286, 286, 286
