  Activating project at `~/JuliaProp_v0.1`
[ITP]: 10000.471108571397
[ITP]: 0.022107823405609905
[ITP]: 0.004976805475414736
[ITP]: 0.0021058954092971205
[ITP]: 0.001084104546129061
[ITP]: 0.0006160870179273692
[ITP]: 0.0003714642087823128
[ITP]: 0.00023286611963801995
[ITP]: 0.0001500123428329614
[ITP]: 9.857967926441003e-5
[ITP]: 6.57601184761436e-5
[ITP]: 4.43786526744816e-5
[ITP]: 3.022437766897479e-5
[ITP]: 2.0735965556739622e-5
[ITP]: 1.4311264988853267e-5
[ITP]: 9.92563006574354e-6
[ITP]: 6.9119921211058255e-6
[ITP]: 4.82976755122877e-6
[ITP]: 3.384510666504248e-6
[ITP]: 2.3775199649023193e-6
[ITP]: 1.6736194445865493e-6
[ITP]: 1.1802274751948616e-6
[ITP]: 8.335748883370186e-7
[ITP]: 5.895273362810372e-7
[ITP]: 4.174150680658073e-7
[ITP]: 2.958509506267859e-7
[ITP]: 2.098764437796774e-7
[ITP]: 1.4900242706339384e-7
[ITP]: 1.0585745457980522e-7
[ITP]: 7.525113565609587e-8
[ITP]: 5.352267851144177e-8
[ITP]: 3.808635307134267e-8
[ITP]: 2.7113442158110956e-8
[ITP]: 1.9309163601377577e-8
[ITP]: 1.3755872219078924e-8
[ITP]: 9.802639699962867e-9
Energy of ground state: -0.5030607411950042
[TDSE] Start TDSE-SH for elliptical polarized laser. It may cost a plenty of time.
[TDSE] Running TDSE-SH-elliptical. step 0, energy = -0.5030607411950033
  |->  par_lens = 1, 1, 1
[TDSE] Running TDSE-SH-elliptical. step 200, energy = -0.5030607411948621
  |->  par_lens = 1, 1, 1
[TDSE] Running TDSE-SH-elliptical. step 400, energy = -0.5030607411947172
  |->  par_lens = 1, 1, 2
[TDSE] Running TDSE-SH-elliptical. step 600, energy = -0.5030607411944764
  |->  par_lens = 1, 1, 2
[TDSE] Running TDSE-SH-elliptical. step 800, energy = -0.5030607411939122
  |->  par_lens = 1, 1, 2
[TDSE] Running TDSE-SH-elliptical. step 1000, energy = -0.5030607411922318
  |->  par_lens = 1, 1, 2
[TDSE] Running TDSE-SH-elliptical. step 1200, energy = -0.5030607411880177
  |->  par_lens = 1, 1, 2
[TDSE] Running TDSE-SH-elliptical. step 1400, energy = -0.5030607411784208
  |->  par_lens = 1, 1, 2
[TDSE] Running TDSE-SH-elliptical. step 1600, energy = -0.5030607411593959
  |->  par_lens = 1, 1, 2
[TDSE] Running TDSE-SH-elliptical. step 1800, energy = -0.503060741124043
  |->  par_lens = 1, 1, 2
[TDSE] Running TDSE-SH-elliptical. step 2000, energy = -0.5030607410636224
  |->  par_lens = 1, 1, 2
[TDSE] Running TDSE-SH-elliptical. step 2200, energy = -0.5030607409647122
  |->  par_lens = 1, 1, 2
[TDSE] Running TDSE-SH-elliptical. step 2400, energy = -0.503060740811582
  |->  par_lens = 1, 1, 2
[TDSE] Running TDSE-SH-elliptical. step 2600, energy = -0.5030607405815894
  |->  par_lens = 1, 1, 2
[TDSE] Running TDSE-SH-elliptical. step 2800, energy = -0.5030607402498793
  |->  par_lens = 1, 1, 2
[TDSE] Running TDSE-SH-elliptical. step 3000, energy = -0.5030607397809052
  |->  par_lens = 1, 1, 2
[TDSE] Running TDSE-SH-elliptical. step 3200, energy = -0.5030607391405402
  |->  par_lens = 1, 1, 2
[TDSE] Running TDSE-SH-elliptical. step 3400, energy = -0.5030607382755158
  |->  par_lens = 1, 1, 2
[TDSE] Running TDSE-SH-elliptical. step 3600, energy = -0.5030607371416844
  |->  par_lens = 1, 1, 2
[TDSE] Running TDSE-SH-elliptical. step 3800, energy = -0.5030607356669745
  |->  par_lens = 1, 1, 2
[TDSE] Running TDSE-SH-elliptical. step 4000, energy = -0.5030607337967744
  |->  par_lens = 1, 1, 2
[TDSE] Running TDSE-SH-elliptical. step 4200, energy = -0.5030607314323375
  |->  par_lens = 1, 1, 2
[TDSE] Running TDSE-SH-elliptical. step 4400, energy = -0.503060728518962
  |->  par_lens = 1, 1, 2
[TDSE] Running TDSE-SH-elliptical. step 4600, energy = -0.5030607249285666
  |->  par_lens = 1, 1, 2
[TDSE] Running TDSE-SH-elliptical. step 4800, energy = -0.5030607205916634
  |->  par_lens = 1, 1, 2
[TDSE] Running TDSE-SH-elliptical. step 5000, energy = -0.5030607153761038
  |->  par_lens = 1, 1, 2
[TDSE] Running TDSE-SH-elliptical. step 5200, energy = -0.5030607091890229
  |->  par_lens = 1, 2, 2
[TDSE] Running TDSE-SH-elliptical. step 5400, energy = -0.5030607018853721
  |->  par_lens = 2, 2, 2
[TDSE] Running TDSE-SH-elliptical. step 5600, energy = -0.5030606933605095
  |->  par_lens = 2, 2, 2
[TDSE] Running TDSE-SH-elliptical. step 5800, energy = -0.5030606834830383
  |->  par_lens = 2, 2, 2
[TDSE] Running TDSE-SH-elliptical. step 6000, energy = -0.5030606720839417
  |->  par_lens = 2, 2, 2
[TDSE] Running TDSE-SH-elliptical. step 6200, energy = -0.5030606591142615
  |->  par_lens = 2, 2, 2
[TDSE] Running TDSE-SH-elliptical. step 6400, energy = -0.5030606443035641
  |->  par_lens = 2, 2, 2
[TDSE] Running TDSE-SH-elliptical. step 6600, energy = -0.5030606276812669
  |->  par_lens = 2, 2, 2
[TDSE] Running TDSE-SH-elliptical. step 6800, energy = -0.5030606089496645
  |->  par_lens = 2, 2, 2
[TDSE] Running TDSE-SH-elliptical. step 7000, energy = -0.5030605881614315
  |->  par_lens = 2, 2, 2
[TDSE] Running TDSE-SH-elliptical. step 7200, energy = -0.5030605649329829
  |->  par_lens = 2, 2, 2
[TDSE] Running TDSE-SH-elliptical. step 7400, energy = -0.5030605395301413
  |->  par_lens = 2, 2, 2
[TDSE] Running TDSE-SH-elliptical. step 7600, energy = -0.5030605114231114
  |->  par_lens = 2, 2, 2
[TDSE] Running TDSE-SH-elliptical. step 7800, energy = -0.5030604808425154
  |->  par_lens = 2, 2, 2
[TDSE] Running TDSE-SH-elliptical. step 8000, energy = -0.5030604475029778
  |->  par_lens = 2, 2, 2
[TDSE] Running TDSE-SH-elliptical. step 8200, energy = -0.5030604115267439
  |->  par_lens = 2, 2, 2
[TDSE] Running TDSE-SH-elliptical. step 8400, energy = -0.5030603725878635
  |->  par_lens = 2, 2, 2
[TDSE] Running TDSE-SH-elliptical. step 8600, energy = -0.5030603309031582
  |->  par_lens = 2, 2, 2
[TDSE] Running TDSE-SH-elliptical. step 8800, energy = -0.5030602863520618
  |->  par_lens = 2, 2, 2
[TDSE] Running TDSE-SH-elliptical. step 9000, energy = -0.5030602388257074
  |->  par_lens = 2, 2, 2
[TDSE] Running TDSE-SH-elliptical. step 9200, energy = -0.5030601886111158
  |->  par_lens = 2, 2, 2
[TDSE] Running TDSE-SH-elliptical. step 9400, energy = -0.5030601353050321
  |->  par_lens = 2, 2, 2
[TDSE] Running TDSE-SH-elliptical. step 9600, energy = -0.5030600795086817
  |->  par_lens = 2, 2, 2
[TDSE] Running TDSE-SH-elliptical. step 9800, energy = -0.503060020770963
  |->  par_lens = 2, 2, 2
[TDSE] Running TDSE-SH-elliptical. step 10000, energy = -0.5030599596683712
  |->  par_lens = 2, 2, 2
[TDSE] Running TDSE-SH-elliptical. step 10200, energy = -0.5030598583491723
  |->  par_lens = 2, 2, 2
[TDSE] Running TDSE-SH-elliptical. step 10400, energy = -0.5030593447931194
  |->  par_lens = 2, 2, 2
[TDSE] Running TDSE-SH-elliptical. step 10600, energy = -0.5030587568171166
  |->  par_lens = 2, 2, 2
[TDSE] Running TDSE-SH-elliptical. step 10800, energy = -0.5030594057296259
  |->  par_lens = 2, 2, 2
[TDSE] Running TDSE-SH-elliptical. step 11000, energy = -0.503056561018349
  |->  par_lens = 2, 2, 2
[TDSE] Running TDSE-SH-elliptical. step 11200, energy = -0.5030291137259839
  |->  par_lens = 4, 3, 3
[TDSE] Running TDSE-SH-elliptical. step 11400, energy = -0.5029585017202343
  |->  par_lens = 4, 3, 3
[TDSE] Running TDSE-SH-elliptical. step 11600, energy = -0.5028820975284959
  |->  par_lens = 5, 4, 4
[TDSE] Running TDSE-SH-elliptical. step 11800, energy = -0.5028926980219653
  |->  par_lens = 4, 5, 4
[TDSE] Running TDSE-SH-elliptical. step 12000, energy = -0.5029768137973782
  |->  par_lens = 4, 4, 3
[TDSE] Running TDSE-SH-elliptical. step 12200, energy = -0.5028818590955982
  |->  par_lens = 4, 4, 4
[TDSE] Running TDSE-SH-elliptical. step 12400, energy = -0.5023180652599195
  |->  par_lens = 5, 5, 6
[TDSE] Running TDSE-SH-elliptical. step 12600, energy = -0.5014768869291599
  |->  par_lens = 7, 7, 7
[TDSE] Running TDSE-SH-elliptical. step 12800, energy = -0.501127440119841
  |->  par_lens = 7, 7, 7
[TDSE] Running TDSE-SH-elliptical. step 13000, energy = -0.5017822661727315
  |->  par_lens = 6, 6, 7
[TDSE] Running TDSE-SH-elliptical. step 13200, energy = -0.5026166965120208
  |->  par_lens = 6, 5, 6
[TDSE] Running TDSE-SH-elliptical. step 13400, energy = -0.5019178206289017
  |->  par_lens = 6, 6, 7
[TDSE] Running TDSE-SH-elliptical. step 13600, energy = -0.49920364552222624
  |->  par_lens = 9, 9, 8
[TDSE] Running TDSE-SH-elliptical. step 13800, energy = -0.49665396570309617
  |->  par_lens = 10, 10, 10
[TDSE] Running TDSE-SH-elliptical. step 14000, energy = -0.49718883907552347
  |->  par_lens = 10, 10, 10
[TDSE] Running TDSE-SH-elliptical. step 14200, energy = -0.5003701041649953
  |->  par_lens = 11, 11, 12
[TDSE] Running TDSE-SH-elliptical. step 14400, energy = -0.5014970296754547
  |->  par_lens = 12, 11, 12
[TDSE] Running TDSE-SH-elliptical. step 14600, energy = -0.4964858802794904
  |->  par_lens = 11, 12, 11
[TDSE] Running TDSE-SH-elliptical. step 14800, energy = -0.4881214465156869
  |->  par_lens = 15, 13, 14
[TDSE] Running TDSE-SH-elliptical. step 15000, energy = -0.48468348805679884
  |->  par_lens = 17, 17, 16
[TDSE] Running TDSE-SH-elliptical. step 15200, energy = -0.49066888481757215
  |->  par_lens = 18, 18, 18
[TDSE] Running TDSE-SH-elliptical. step 15400, energy = -0.49897273248121976
  |->  par_lens = 20, 20, 21
[TDSE] Running TDSE-SH-elliptical. step 15600, energy = -0.4970520977318948
  |->  par_lens = 21, 20, 21
[TDSE] Running TDSE-SH-elliptical. step 15800, energy = -0.48208780537362833
  |->  par_lens = 19, 19, 20
[TDSE] Running TDSE-SH-elliptical. step 16000, energy = -0.4678210549141903
  |->  par_lens = 25, 23, 23
[TDSE] Running TDSE-SH-elliptical. step 16200, energy = -0.470310869418354
  |->  par_lens = 28, 28, 27
[TDSE] Running TDSE-SH-elliptical. step 16400, energy = -0.4875217398246749
  |->  par_lens = 32, 32, 32
[TDSE] Running TDSE-SH-elliptical. step 16600, energy = -0.496828791645869
  |->  par_lens = 34, 33, 33
[TDSE] Running TDSE-SH-elliptical. step 16800, energy = -0.4800344609320721
  |->  par_lens = 34, 35, 34
[TDSE] Running TDSE-SH-elliptical. step 17000, energy = -0.4485580133878005
  |->  par_lens = 34, 29, 32
[TDSE] Running TDSE-SH-elliptical. step 17200, energy = -0.4352796078487354
  |->  par_lens = 40, 41, 40
[TDSE] Running TDSE-SH-elliptical. step 17400, energy = -0.4560777963453462
  |->  par_lens = 49, 50, 49
[TDSE] Running TDSE-SH-elliptical. step 17600, energy = -0.4873249372126443
  |->  par_lens = 59, 56, 56
[TDSE] Running TDSE-SH-elliptical. step 17800, energy = -0.48643277817172204
  |->  par_lens = 60, 57, 58
[TDSE] Running TDSE-SH-elliptical. step 18000, energy = -0.4440565078634221
  |->  par_lens = 53, 52, 55
[TDSE] Running TDSE-SH-elliptical. step 18200, energy = -0.4024371576687917
  |->  par_lens = 50, 51, 51
[TDSE] Running TDSE-SH-elliptical. step 18400, energy = -0.4080501584703347
  |->  par_lens = 68, 69, 70
[TDSE] Running TDSE-SH-elliptical. step 18600, energy = -0.45607103710989355
  |->  par_lens = 84, 85, 83
[TDSE] Running TDSE-SH-elliptical. step 18800, energy = -0.48699998757780527
  |->  par_lens = 90, 91, 91
[TDSE] Running TDSE-SH-elliptical. step 19000, energy = -0.4514896353248702
  |->  par_lens = 93, 91, 90
[TDSE] Running TDSE-SH-elliptical. step 19200, energy = -0.3776535812508611
  |->  par_lens = 76, 76, 71
[TDSE] Running TDSE-SH-elliptical. step 19400, energy = -0.34607721907233147
  |->  par_lens = 85, 86, 85
[TDSE] Running TDSE-SH-elliptical. step 19600, energy = -0.3903041050891323
  |->  par_lens = 117, 114, 113
[TDSE] Running TDSE-SH-elliptical. step 19800, energy = -0.4641788341895186
  |->  par_lens = 139, 136, 136
[TDSE] Running TDSE-SH-elliptical. step 20000, energy = -0.47062528081376925
  |->  par_lens = 143, 142, 142
[TDSE] Running TDSE-SH-elliptical. step 20200, energy = -0.3873197364924536
  |->  par_lens = 140, 137, 138
[TDSE] Running TDSE-SH-elliptical. step 20400, energy = -0.30337652456970826
  |->  par_lens = 112, 107, 108
[TDSE] Running TDSE-SH-elliptical. step 20600, energy = -0.31375878080746694
  |->  par_lens = 139, 132, 135
[TDSE] Running TDSE-SH-elliptical. step 20800, energy = -0.40316518453816375
  |->  par_lens = 177, 179, 178
[TDSE] Running TDSE-SH-elliptical. step 21000, energy = -0.4713496044910124
  |->  par_lens = 197, 195, 198
[TDSE] Running TDSE-SH-elliptical. step 21200, energy = -0.4158281226245562
  |->  par_lens = 201, 202, 202
[TDSE] Running TDSE-SH-elliptical. step 21400, energy = -0.286358602087829
  |->  par_lens = 179, 178, 175
[TDSE] Running TDSE-SH-elliptical. step 21600, energy = -0.23176304646631254
  |->  par_lens = 164, 156, 157
[TDSE] Running TDSE-SH-elliptical. step 21800, energy = -0.30267030527684147
  |->  par_lens = 221, 218, 218
[TDSE] Running TDSE-SH-elliptical. step 22000, energy = -0.4286591746498402
  |->  par_lens = 265, 269, 266
[TDSE] Running TDSE-SH-elliptical. step 22200, energy = -0.45170322953584996
  |->  par_lens = 276, 276, 280
[TDSE] Running TDSE-SH-elliptical. step 22400, energy = -0.3248882059368896
  |->  par_lens = 273, 275, 267
[TDSE] Running TDSE-SH-elliptical. step 22600, energy = -0.19230705254361255
  |->  par_lens = 225, 220, 228
[TDSE] Running TDSE-SH-elliptical. step 22800, energy = -0.2115147065139789
  |->  par_lens = 251, 244, 241
[TDSE] Running TDSE-SH-elliptical. step 23000, energy = -0.335967102625207
  |->  par_lens = 309, 311, 308
[TDSE] Running TDSE-SH-elliptical. step 23200, energy = -0.4473318613507955
  |->  par_lens = 337, 338, 338
[TDSE] Running TDSE-SH-elliptical. step 23400, energy = -0.38121070615609953
  |->  par_lens = 338, 334, 337
[TDSE] Running TDSE-SH-elliptical. step 23600, energy = -0.1998561405463086
  |->  par_lens = 315, 306, 315
[TDSE] Running TDSE-SH-elliptical. step 23800, energy = -0.12195169922776
  |->  par_lens = 277, 290, 281
[TDSE] Running TDSE-SH-elliptical. step 24000, energy = -0.2187106575992694
  |->  par_lens = 337, 331, 336
[TDSE] Running TDSE-SH-elliptical. step 24200, energy = -0.38256391015639907
  |->  par_lens = 385, 384, 385
[TDSE] Running TDSE-SH-elliptical. step 24400, energy = -0.42704730600531265
  |->  par_lens = 394, 391, 392
[TDSE] Running TDSE-SH-elliptical. step 24600, energy = -0.275530363154635
  |->  par_lens = 386, 387, 388
[TDSE] Running TDSE-SH-elliptical. step 24800, energy = -0.10444163679898052
  |->  par_lens = 363, 366, 357
[TDSE] Running TDSE-SH-elliptical. step 25000, energy = -0.12977469402701527
  |->  par_lens = 366, 366, 367
[TDSE] Running TDSE-SH-elliptical. step 25200, energy = -0.2718954374107835
  |->  par_lens = 395, 392, 394
[TDSE] Running TDSE-SH-elliptical. step 25400, energy = -0.41303201868644446
  |->  par_lens = 407, 406, 404
[TDSE] Running TDSE-SH-elliptical. step 25600, energy = -0.35108870939227266
  |->  par_lens = 407, 405, 405
[TDSE] Running TDSE-SH-elliptical. step 25800, energy = -0.15008716837849578
  |->  par_lens = 397, 400, 397
[TDSE] Running TDSE-SH-elliptical. step 26000, energy = -0.05471999788081675
  |->  par_lens = 378, 377, 377
[TDSE] Running TDSE-SH-elliptical. step 26200, energy = -0.16332293587602353
  |->  par_lens = 402, 401, 397
[TDSE] Running TDSE-SH-elliptical. step 26400, energy = -0.3359991391615141
  |->  par_lens = 409, 408, 408
[TDSE] Running TDSE-SH-elliptical. step 26600, energy = -0.39840961818039805
  |->  par_lens = 409, 408, 408
[TDSE] Running TDSE-SH-elliptical. step 26800, energy = -0.2540488513445209
  |->  par_lens = 409, 407, 408
[TDSE] Running TDSE-SH-elliptical. step 27000, energy = -0.07524342915909549
  |->  par_lens = 406, 404, 406
[TDSE] Running TDSE-SH-elliptical. step 27200, energy = -0.09946415867981208
  |->  par_lens = 404, 402, 400
[TDSE] Running TDSE-SH-elliptical. step 27400, energy = -0.23323763973238
  |->  par_lens = 409, 407, 408
[TDSE] Running TDSE-SH-elliptical. step 27600, energy = -0.3786536122734676
  |->  par_lens = 409, 408, 408
[TDSE] Running TDSE-SH-elliptical. step 27800, energy = -0.33389024333169987
  |->  par_lens = 409, 408, 408
[TDSE] Running TDSE-SH-elliptical. step 28000, energy = -0.14973076491014006
  |->  par_lens = 407, 406, 408
[TDSE] Running TDSE-SH-elliptical. step 28200, energy = -0.05844058014355383
  |->  par_lens = 407, 408, 408
[TDSE] Running TDSE-SH-elliptical. step 28400, energy = -0.15180443099792626
  |->  par_lens = 409, 408, 408
[TDSE] Running TDSE-SH-elliptical. step 28600, energy = -0.30968843928797624
  |->  par_lens = 409, 408, 408
[TDSE] Running TDSE-SH-elliptical. step 28800, energy = -0.3766227169761361
  |->  par_lens = 409, 408, 408
[TDSE] Running TDSE-SH-elliptical. step 29000, energy = -0.2606747296099777
  |->  par_lens = 409, 407, 408
[TDSE] Running TDSE-SH-elliptical. step 29200, energy = -0.112124689174472
  |->  par_lens = 409, 408, 408
[TDSE] Running TDSE-SH-elliptical. step 29400, energy = -0.12483655942209955
  |->  par_lens = 409, 408, 408
[TDSE] Running TDSE-SH-elliptical. step 29600, energy = -0.23201059642310645
  |->  par_lens = 409, 408, 408
[TDSE] Running TDSE-SH-elliptical. step 29800, energy = -0.3621707477243964
  |->  par_lens = 409, 408, 408
[TDSE] Running TDSE-SH-elliptical. step 30000, energy = -0.33675310671702136
  |->  par_lens = 408, 408, 408
[TDSE] Running TDSE-SH-elliptical. step 30200, energy = -0.1956991534578983
  |->  par_lens = 409, 408, 408
[TDSE] Running TDSE-SH-elliptical. step 30400, energy = -0.12324337816232035
  |->  par_lens = 409, 408, 408
[TDSE] Running TDSE-SH-elliptical. step 30600, energy = -0.18465535189463572
  |->  par_lens = 409, 408, 408
[TDSE] Running TDSE-SH-elliptical. step 30800, energy = -0.310466166421287
  |->  par_lens = 409, 408, 408
[TDSE] Running TDSE-SH-elliptical. step 31000, energy = -0.37258578472191367
  |->  par_lens = 409, 408, 408
[TDSE] Running TDSE-SH-elliptical. step 31200, energy = -0.29835903607220315
  |->  par_lens = 409, 408, 408
[TDSE] Running TDSE-SH-elliptical. step 31400, energy = -0.1969208188574617
  |->  par_lens = 409, 407, 408
[TDSE] Running TDSE-SH-elliptical. step 31600, energy = -0.19128065058397367
  |->  par_lens = 409, 408, 408
[TDSE] Running TDSE-SH-elliptical. step 31800, energy = -0.27396593105651185
  |->  par_lens = 409, 407, 408
[TDSE] Running TDSE-SH-elliptical. step 32000, energy = -0.36903297695645587
  |->  par_lens = 408, 408, 407
[TDSE] Running TDSE-SH-elliptical. step 32200, energy = -0.358311040367076
  |->  par_lens = 409, 408, 408
[TDSE] Running TDSE-SH-elliptical. step 32400, energy = -0.26715359470907923
  |->  par_lens = 409, 408, 408
[TDSE] Running TDSE-SH-elliptical. step 32600, energy = -0.21986070554290535
  |->  par_lens = 409, 408, 408
[TDSE] Running TDSE-SH-elliptical. step 32800, energy = -0.25554355647666244
  |->  par_lens = 409, 408, 408
[TDSE] Running TDSE-SH-elliptical. step 33000, energy = -0.3381486984542165
  |->  par_lens = 409, 408, 408
[TDSE] Running TDSE-SH-elliptical. step 33200, energy = -0.38315576966122294
  |->  par_lens = 409, 408, 408
[TDSE] Running TDSE-SH-elliptical. step 33400, energy = -0.3441975823840662
  |->  par_lens = 409, 408, 408
[TDSE] Running TDSE-SH-elliptical. step 33600, energy = -0.2849817255806509
  |->  par_lens = 409, 408, 408
[TDSE] Running TDSE-SH-elliptical. step 33800, energy = -0.2810626306797026
  |->  par_lens = 408, 408, 407
[TDSE] Running TDSE-SH-elliptical. step 34000, energy = -0.32588681274507136
  |->  par_lens = 409, 408, 407
[TDSE] Running TDSE-SH-elliptical. step 34200, energy = -0.3802952758575907
  |->  par_lens = 409, 407, 407
[TDSE] Running TDSE-SH-elliptical. step 34400, energy = -0.3800782718912045
  |->  par_lens = 408, 407, 408
[TDSE] Running TDSE-SH-elliptical. step 34600, energy = -0.3374417445180112
  |->  par_lens = 409, 407, 408
[TDSE] Running TDSE-SH-elliptical. step 34800, energy = -0.305502828254159
  |->  par_lens = 408, 407, 407
[TDSE] Running TDSE-SH-elliptical. step 35000, energy = -0.3253219285859805
  |->  par_lens = 408, 407, 407
[TDSE] Running TDSE-SH-elliptical. step 35200, energy = -0.36678732068465425
  |->  par_lens = 407, 405, 406
[TDSE] Running TDSE-SH-elliptical. step 35400, energy = -0.39181961060647263
  |->  par_lens = 406, 405, 407
[TDSE] Running TDSE-SH-elliptical. step 35600, energy = -0.3785761525288068
  |->  par_lens = 404, 405, 404
[TDSE] Running TDSE-SH-elliptical. step 35800, energy = -0.35525005854193414
  |->  par_lens = 397, 402, 402
[TDSE] Running TDSE-SH-elliptical. step 36000, energy = -0.3445368056406033
  |->  par_lens = 396, 390, 397
[TDSE] Running TDSE-SH-elliptical. step 36200, energy = -0.3729777422085953
  |->  par_lens = 391, 390, 389
[TDSE] Running TDSE-SH-elliptical. step 36400, energy = -0.39026135837539133
  |->  par_lens = 387, 388, 387
[TDSE] Running TDSE-SH-elliptical. step 36600, energy = -0.39438801000866497
  |->  par_lens = 384, 385, 387
[TDSE] Running TDSE-SH-elliptical. step 36800, energy = -0.3770132937320692
  |->  par_lens = 384, 384, 379
[TDSE] Running TDSE-SH-elliptical. step 37000, energy = -0.36814751796853357
  |->  par_lens = 384, 384, 383
[TDSE] Running TDSE-SH-elliptical. step 37200, energy = -0.37229794042538367
  |->  par_lens = 386, 387, 386
[TDSE] Running TDSE-SH-elliptical. step 37400, energy = -0.3878620738926578
  |->  par_lens = 385, 384, 384
[TDSE] Running TDSE-SH-elliptical. step 37600, energy = -0.39875072739547857
  |->  par_lens = 388, 384, 383
[TDSE] Running TDSE-SH-elliptical. step 37800, energy = -0.3958313495631146
  |->  par_lens = 381, 382, 382
[TDSE] Running TDSE-SH-elliptical. step 38000, energy = -0.3881926700957504
  |->  par_lens = 376, 373, 378
[TDSE] Running TDSE-SH-elliptical. step 38200, energy = -0.38916849434873346
  |->  par_lens = 369, 371, 366
[TDSE] Running TDSE-SH-elliptical. step 38400, energy = -0.39145917027464794
  |->  par_lens = 362, 361, 358
[TDSE] Running TDSE-SH-elliptical. step 38600, energy = -0.3996871552307356
  |->  par_lens = 356, 354, 355
[TDSE] Running TDSE-SH-elliptical. step 38800, energy = -0.39933866970625237
  |->  par_lens = 353, 350, 351
[TDSE] Running TDSE-SH-elliptical. step 39000, energy = -0.39672817117975073
  |->  par_lens = 349, 350, 349
[TDSE] Running TDSE-SH-elliptical. step 39200, energy = -0.3948193031536503
  |->  par_lens = 352, 350, 350
[TDSE] Running TDSE-SH-elliptical. step 39400, energy = -0.39505628534534815
  |->  par_lens = 350, 351, 351
[TDSE] Running TDSE-SH-elliptical. step 39600, energy = -0.3993893909995813
  |->  par_lens = 350, 351, 353
[TDSE] Running TDSE-SH-elliptical. step 39800, energy = -0.40048192091470824
  |->  par_lens = 351, 351, 351
[TDSE] Running TDSE-SH-elliptical. step 40000, energy = -0.4013842611345768
  |->  par_lens = 351, 351, 350
[TDSE] Running TDSE-SH-elliptical. step 40200, energy = -0.40092888846384955
  |->  par_lens = 347, 348, 348
[TDSE] Running TDSE-SH-elliptical. step 40400, energy = -0.4006382893099898
  |->  par_lens = 340, 345, 346
[TDSE] Running TDSE-SH-elliptical. step 40600, energy = -0.40171858796436055
  |->  par_lens = 338, 342, 343
[TDSE] Running TDSE-SH-elliptical. step 40800, energy = -0.4019915591162035
  |->  par_lens = 333, 334, 337
[TDSE] Running TDSE-SH-elliptical. step 41000, energy = -0.40227699563675395
  |->  par_lens = 330, 331, 330
[TDSE] Running TDSE-SH-elliptical. step 41200, energy = -0.4025172887253511
  |->  par_lens = 326, 328, 326
[TDSE] Running TDSE-SH-elliptical. step 41400, energy = -0.4022848914710713
  |->  par_lens = 320, 323, 319
[TDSE] Running TDSE-SH-elliptical. step 41600, energy = -0.4028751194401152
  |->  par_lens = 318, 320, 317
[TDSE] Running TDSE-SH-elliptical. step 41800, energy = -0.4030896155066154
  |->  par_lens = 312, 315, 313
[TDSE] Running TDSE-SH-elliptical. step 42000, energy = -0.4035032828923409
  |->  par_lens = 298, 300, 302
[TDSE] Running TDSE-SH-elliptical. step 42200, energy = -0.4037371060070592
  |->  par_lens = 298, 297, 298
[TDSE] Running TDSE-SH-elliptical. step 42400, energy = -0.40416969827065913
  |->  par_lens = 294, 296, 295
[TDSE] Running TDSE-SH-elliptical. step 42600, energy = -0.40441953893035576
  |->  par_lens = 291, 291, 293
[TDSE] Running TDSE-SH-elliptical. step 42800, energy = -0.40468394639606914
  |->  par_lens = 290, 290, 288
[TDSE] Running TDSE-SH-elliptical. step 43000, energy = -0.4050237961968949
  |->  par_lens = 286, 287, 286
[TDSE] Running TDSE-SH-elliptical. step 43200, energy = -0.40534086790006224
  |->  par_lens = 284, 284, 285
[TDSE] Running TDSE-SH-elliptical. step 43400, energy = -0.4056721660365443
  |->  par_lens = 283, 282, 283
[TDSE] Running TDSE-SH-elliptical. step 43600, energy = -0.40597912480934545
  |->  par_lens = 279, 281, 282
[TDSE] Running TDSE-SH-elliptical. step 43800, energy = -0.4063484168127787
  |->  par_lens = 278, 279, 278
[TDSE] Running TDSE-SH-elliptical. step 44000, energy = -0.40661837899061165
  |->  par_lens = 278, 276, 276
[TDSE] Running TDSE-SH-elliptical. step 44200, energy = -0.407138920271139
  |->  par_lens = 274, 273, 275
[TDSE] Running TDSE-SH-elliptical. step 44400, energy = -0.4074699093798198
  |->  par_lens = 271, 273, 275
[TDSE] Running TDSE-SH-elliptical. step 44600, energy = -0.4079523026855151
  |->  par_lens = 271, 271, 274
[TDSE] Running TDSE-SH-elliptical. step 44800, energy = -0.40803160497162655
  |->  par_lens = 270, 270, 270
[TDSE] Running TDSE-SH-elliptical. step 45000, energy = -0.4082871682251141
  |->  par_lens = 266, 267, 268
