  Activating project at `~/JuliaProp_v0.1`
[ITP]: 10000.471108571397
[ITP]: 0.022107823405609905
[ITP]: 0.004976805475414736
[ITP]: 0.0021058954092971205
[ITP]: 0.001084104546129061
[ITP]: 0.0006160870179273692
[ITP]: 0.0003714642087823128
[ITP]: 0.00023286611963801995
[ITP]: 0.0001500123428329614
[ITP]: 9.857967926441003e-5
[ITP]: 6.57601184761436e-5
[ITP]: 4.43786526744816e-5
[ITP]: 3.022437766897479e-5
[ITP]: 2.0735965556739622e-5
[ITP]: 1.4311264988853267e-5
[ITP]: 9.92563006574354e-6
[ITP]: 6.9119921211058255e-6
[ITP]: 4.82976755122877e-6
[ITP]: 3.384510666504248e-6
[ITP]: 2.3775199649023193e-6
[ITP]: 1.6736194445865493e-6
[ITP]: 1.1802274751948616e-6
[ITP]: 8.335748883370186e-7
[ITP]: 5.895273362810372e-7
[ITP]: 4.174150680658073e-7
[ITP]: 2.958509506267859e-7
[ITP]: 2.098764437796774e-7
[ITP]: 1.4900242706339384e-7
[ITP]: 1.0585745457980522e-7
[ITP]: 7.525113565609587e-8
[ITP]: 5.352267851144177e-8
[ITP]: 3.808635307134267e-8
[ITP]: 2.7113442158110956e-8
[ITP]: 1.9309163601377577e-8
[ITP]: 1.3755872219078924e-8
[ITP]: 9.802639699962867e-9
Energy of ground state: -0.5030607411950042
[TDSE] Start TDSE-SH for elliptical polarized laser. It may cost a plenty of time.
[TDSE] Running TDSE-SH-elliptical. step 0, energy = -0.5030607411950033
  |->  par_lens = 1, 1, 1
[TDSE] Running TDSE-SH-elliptical. step 200, energy = -0.5030607411948631
  |->  par_lens = 1, 1, 1
[TDSE] Running TDSE-SH-elliptical. step 400, energy = -0.5030607411947194
  |->  par_lens = 1, 1, 2
[TDSE] Running TDSE-SH-elliptical. step 600, energy = -0.5030607411944912
  |->  par_lens = 1, 1, 2
[TDSE] Running TDSE-SH-elliptical. step 800, energy = -0.5030607411940098
  |->  par_lens = 1, 1, 2
[TDSE] Running TDSE-SH-elliptical. step 1000, energy = -0.5030607411926286
  |->  par_lens = 1, 1, 2
[TDSE] Running TDSE-SH-elliptical. step 1200, energy = -0.5030607411893029
  |->  par_lens = 1, 1, 2
[TDSE] Running TDSE-SH-elliptical. step 1400, energy = -0.5030607411818889
  |->  par_lens = 1, 1, 2
[TDSE] Running TDSE-SH-elliptical. step 1600, energy = -0.5030607411675979
  |->  par_lens = 1, 1, 2
[TDSE] Running TDSE-SH-elliptical. step 1800, energy = -0.5030607411415967
  |->  par_lens = 1, 1, 2
[TDSE] Running TDSE-SH-elliptical. step 2000, energy = -0.5030607410982688
  |->  par_lens = 1, 1, 2
[TDSE] Running TDSE-SH-elliptical. step 2200, energy = -0.503060741028935
  |->  par_lens = 1, 1, 2
[TDSE] Running TDSE-SH-elliptical. step 2400, energy = -0.5030607409241438
  |->  par_lens = 1, 1, 2
[TDSE] Running TDSE-SH-elliptical. step 2600, energy = -0.5030607407704694
  |->  par_lens = 1, 1, 2
[TDSE] Running TDSE-SH-elliptical. step 2800, energy = -0.5030607405540581
  |->  par_lens = 1, 1, 2
[TDSE] Running TDSE-SH-elliptical. step 3000, energy = -0.5030607402555157
  |->  par_lens = 1, 1, 2
[TDSE] Running TDSE-SH-elliptical. step 3200, energy = -0.5030607398575961
  |->  par_lens = 1, 1, 2
[TDSE] Running TDSE-SH-elliptical. step 3400, energy = -0.503060739333462
  |->  par_lens = 1, 1, 2
[TDSE] Running TDSE-SH-elliptical. step 3600, energy = -0.5030607386629098
  |->  par_lens = 1, 1, 2
[TDSE] Running TDSE-SH-elliptical. step 3800, energy = -0.5030607378131803
  |->  par_lens = 1, 1, 2
[TDSE] Running TDSE-SH-elliptical. step 4000, energy = -0.5030607367616835
  |->  par_lens = 1, 1, 2
[TDSE] Running TDSE-SH-elliptical. step 4200, energy = -0.5030607354669413
  |->  par_lens = 1, 1, 2
[TDSE] Running TDSE-SH-elliptical. step 4400, energy = -0.5030607339113338
  |->  par_lens = 1, 1, 2
[TDSE] Running TDSE-SH-elliptical. step 4600, energy = -0.5030607320449836
  |->  par_lens = 1, 1, 2
[TDSE] Running TDSE-SH-elliptical. step 4800, energy = -0.5030607298473045
  |->  par_lens = 1, 1, 2
[TDSE] Running TDSE-SH-elliptical. step 5000, energy = -0.5030607272761529
  |->  par_lens = 1, 1, 2
[TDSE] Running TDSE-SH-elliptical. step 5200, energy = -0.5030607243042272
  |->  par_lens = 1, 1, 2
[TDSE] Running TDSE-SH-elliptical. step 5400, energy = -0.5030607208921044
  |->  par_lens = 1, 1, 2
[TDSE] Running TDSE-SH-elliptical. step 5600, energy = -0.5030607170143123
  |->  par_lens = 1, 1, 2
[TDSE] Running TDSE-SH-elliptical. step 5800, energy = -0.5030607126459767
  |->  par_lens = 1, 2, 2
[TDSE] Running TDSE-SH-elliptical. step 6000, energy = -0.5030607077396665
  |->  par_lens = 2, 2, 2
[TDSE] Running TDSE-SH-elliptical. step 6200, energy = -0.5030607023158437
  |->  par_lens = 2, 2, 2
[TDSE] Running TDSE-SH-elliptical. step 6400, energy = -0.5030606962895238
  |->  par_lens = 2, 2, 2
[TDSE] Running TDSE-SH-elliptical. step 6600, energy = -0.5030606897211646
  |->  par_lens = 2, 2, 2
[TDSE] Running TDSE-SH-elliptical. step 6800, energy = -0.5030606825262806
  |->  par_lens = 2, 2, 2
[TDSE] Running TDSE-SH-elliptical. step 7000, energy = -0.5030606747711373
  |->  par_lens = 2, 2, 2
[TDSE] Running TDSE-SH-elliptical. step 7200, energy = -0.5030606663516577
  |->  par_lens = 2, 2, 2
[TDSE] Running TDSE-SH-elliptical. step 7400, energy = -0.5030606574195025
  |->  par_lens = 2, 2, 2
[TDSE] Running TDSE-SH-elliptical. step 7600, energy = -0.5030606478178283
  |->  par_lens = 2, 2, 2
[TDSE] Running TDSE-SH-elliptical. step 7800, energy = -0.5030606376828152
  |->  par_lens = 2, 2, 2
[TDSE] Running TDSE-SH-elliptical. step 8000, energy = -0.5030606269633586
  |->  par_lens = 2, 2, 2
[TDSE] Running TDSE-SH-elliptical. step 8200, energy = -0.5030606157436128
  |->  par_lens = 2, 2, 2
[TDSE] Running TDSE-SH-elliptical. step 8400, energy = -0.5030606039639232
  |->  par_lens = 2, 2, 2
[TDSE] Running TDSE-SH-elliptical. step 8600, energy = -0.5030605917405829
  |->  par_lens = 2, 2, 2
[TDSE] Running TDSE-SH-elliptical. step 8800, energy = -0.5030605790772029
  |->  par_lens = 2, 2, 2
[TDSE] Running TDSE-SH-elliptical. step 9000, energy = -0.503060565986509
  |->  par_lens = 2, 2, 2
[TDSE] Running TDSE-SH-elliptical. step 9200, energy = -0.5030605525904895
  |->  par_lens = 2, 2, 2
[TDSE] Running TDSE-SH-elliptical. step 9400, energy = -0.5030605388032269
  |->  par_lens = 2, 2, 2
[TDSE] Running TDSE-SH-elliptical. step 9600, energy = -0.5030605248464881
  |->  par_lens = 2, 2, 2
[TDSE] Running TDSE-SH-elliptical. step 9800, energy = -0.5030605106131327
  |->  par_lens = 2, 2, 2
[TDSE] Running TDSE-SH-elliptical. step 10000, energy = -0.5030604962830917
  |->  par_lens = 2, 2, 2
[TDSE] Running TDSE-SH-elliptical. step 10200, energy = -0.5030604607409082
  |->  par_lens = 2, 2, 2
[TDSE] Running TDSE-SH-elliptical. step 10400, energy = -0.5030601737885563
  |->  par_lens = 2, 2, 2
[TDSE] Running TDSE-SH-elliptical. step 10600, energy = -0.5030597939053097
  |->  par_lens = 2, 2, 2
[TDSE] Running TDSE-SH-elliptical. step 10800, energy = -0.5030599238097295
  |->  par_lens = 2, 2, 2
[TDSE] Running TDSE-SH-elliptical. step 11000, energy = -0.5030549518715381
  |->  par_lens = 2, 2, 2
[TDSE] Running TDSE-SH-elliptical. step 11200, energy = -0.5030233091517873
  |->  par_lens = 4, 3, 3
[TDSE] Running TDSE-SH-elliptical. step 11400, energy = -0.5029473338753246
  |->  par_lens = 4, 3, 3
[TDSE] Running TDSE-SH-elliptical. step 11600, energy = -0.5028667976543381
  |->  par_lens = 4, 5, 4
[TDSE] Running TDSE-SH-elliptical. step 11800, energy = -0.5028781335206616
  |->  par_lens = 5, 4, 5
[TDSE] Running TDSE-SH-elliptical. step 12000, energy = -0.5029708489358587
  |->  par_lens = 4, 4, 3
[TDSE] Running TDSE-SH-elliptical. step 12200, energy = -0.5028931465347616
  |->  par_lens = 4, 4, 4
[TDSE] Running TDSE-SH-elliptical. step 12400, energy = -0.5023518197718722
  |->  par_lens = 5, 5, 6
[TDSE] Running TDSE-SH-elliptical. step 12600, energy = -0.5015307004163829
  |->  par_lens = 7, 7, 7
[TDSE] Running TDSE-SH-elliptical. step 12800, energy = -0.501189033350864
  |->  par_lens = 7, 7, 7
[TDSE] Running TDSE-SH-elliptical. step 13000, energy = -0.5018305867025242
  |->  par_lens = 6, 6, 7
[TDSE] Running TDSE-SH-elliptical. step 13200, energy = -0.502628066195787
  |->  par_lens = 6, 5, 6
[TDSE] Running TDSE-SH-elliptical. step 13400, energy = -0.5018747951199106
  |->  par_lens = 6, 6, 7
[TDSE] Running TDSE-SH-elliptical. step 13600, energy = -0.49910465918422786
  |->  par_lens = 9, 9, 8
[TDSE] Running TDSE-SH-elliptical. step 13800, energy = -0.49651909138073597
  |->  par_lens = 10, 10, 10
[TDSE] Running TDSE-SH-elliptical. step 14000, energy = -0.49705846749246557
  |->  par_lens = 11, 10, 10
[TDSE] Running TDSE-SH-elliptical. step 14200, energy = -0.5002945051919163
  |->  par_lens = 11, 11, 12
[TDSE] Running TDSE-SH-elliptical. step 14400, energy = -0.5015198733569866
  |->  par_lens = 12, 11, 12
[TDSE] Running TDSE-SH-elliptical. step 14600, energy = -0.4966254354816288
  |->  par_lens = 11, 12, 12
[TDSE] Running TDSE-SH-elliptical. step 14800, energy = -0.48835651863691726
  |->  par_lens = 14, 13, 14
[TDSE] Running TDSE-SH-elliptical. step 15000, energy = -0.4849533782352638
  |->  par_lens = 17, 17, 16
[TDSE] Running TDSE-SH-elliptical. step 15200, energy = -0.4908854924936771
  |->  par_lens = 18, 18, 18
[TDSE] Running TDSE-SH-elliptical. step 15400, energy = -0.4990487546597586
  |->  par_lens = 20, 20, 21
[TDSE] Running TDSE-SH-elliptical. step 15600, energy = -0.49693172380994693
  |->  par_lens = 21, 20, 21
[TDSE] Running TDSE-SH-elliptical. step 15800, energy = -0.48177512430758307
  |->  par_lens = 19, 19, 19
[TDSE] Running TDSE-SH-elliptical. step 16000, energy = -0.4673904776841524
  |->  par_lens = 25, 23, 23
[TDSE] Running TDSE-SH-elliptical. step 16200, energy = -0.4698910830839724
  |->  par_lens = 28, 28, 27
[TDSE] Running TDSE-SH-elliptical. step 16400, energy = -0.487261955735367
  |->  par_lens = 32, 32, 32
[TDSE] Running TDSE-SH-elliptical. step 16600, energy = -0.49684762281675016
  |->  par_lens = 34, 34, 33
[TDSE] Running TDSE-SH-elliptical. step 16800, energy = -0.48037404350958257
  |->  par_lens = 35, 34, 34
[TDSE] Running TDSE-SH-elliptical. step 17000, energy = -0.4491530118077506
  |->  par_lens = 33, 30, 34
[TDSE] Running TDSE-SH-elliptical. step 17200, energy = -0.43596580530172424
  |->  par_lens = 40, 40, 40
[TDSE] Running TDSE-SH-elliptical. step 17400, energy = -0.45663855766648587
  |->  par_lens = 49, 51, 49
[TDSE] Running TDSE-SH-elliptical. step 17600, energy = -0.48755069619498775
  |->  par_lens = 59, 56, 56
[TDSE] Running TDSE-SH-elliptical. step 17800, energy = -0.4862003039592712
  |->  par_lens = 59, 57, 58
[TDSE] Running TDSE-SH-elliptical. step 18000, energy = -0.4433826928547929
  |->  par_lens = 53, 52, 54
[TDSE] Running TDSE-SH-elliptical. step 18200, energy = -0.4014988412037904
  |->  par_lens = 49, 54, 51
[TDSE] Running TDSE-SH-elliptical. step 18400, energy = -0.4071283462032909
  |->  par_lens = 68, 68, 70
[TDSE] Running TDSE-SH-elliptical. step 18600, energy = -0.4554774039425842
  |->  par_lens = 84, 85, 86
[TDSE] Running TDSE-SH-elliptical. step 18800, energy = -0.4869760693449068
  |->  par_lens = 92, 91, 91
[TDSE] Running TDSE-SH-elliptical. step 19000, energy = -0.452118379967115
  |->  par_lens = 94, 91, 92
[TDSE] Running TDSE-SH-elliptical. step 19200, energy = -0.3787943250626858
  |->  par_lens = 78, 77, 75
[TDSE] Running TDSE-SH-elliptical. step 19400, energy = -0.34739550545687886
  |->  par_lens = 80, 88, 82
[TDSE] Running TDSE-SH-elliptical. step 19600, energy = -0.39140412093613786
  |->  par_lens = 117, 114, 114
[TDSE] Running TDSE-SH-elliptical. step 19800, energy = -0.46465843147796354
  |->  par_lens = 138, 135, 136
[TDSE] Running TDSE-SH-elliptical. step 20000, energy = -0.47027140873008744
  |->  par_lens = 144, 141, 141
[TDSE] Running TDSE-SH-elliptical. step 20200, energy = -0.3861580496271666
  |->  par_lens = 136, 134, 138
[TDSE] Running TDSE-SH-elliptical. step 20400, energy = -0.30173743741781156
  |->  par_lens = 106, 106, 105
[TDSE] Running TDSE-SH-elliptical. step 20600, energy = -0.3121489744966988
  |->  par_lens = 136, 136, 142
[TDSE] Running TDSE-SH-elliptical. step 20800, energy = -0.4020819666669301
  |->  par_lens = 178, 180, 183
[TDSE] Running TDSE-SH-elliptical. step 21000, energy = -0.47122215679560925
  |->  par_lens = 200, 198, 197
[TDSE] Running TDSE-SH-elliptical. step 21200, energy = -0.4167908086906197
  |->  par_lens = 200, 203, 199
[TDSE] Running TDSE-SH-elliptical. step 21400, energy = -0.2881798422352777
  |->  par_lens = 179, 174, 178
[TDSE] Running TDSE-SH-elliptical. step 21600, energy = -0.23387095126459403
  |->  par_lens = 155, 161, 162
[TDSE] Running TDSE-SH-elliptical. step 21800, energy = -0.304455720375738
  |->  par_lens = 218, 211, 217
[TDSE] Running TDSE-SH-elliptical. step 22000, energy = -0.4294929930209156
  |->  par_lens = 265, 267, 265
[TDSE] Running TDSE-SH-elliptical. step 22200, energy = -0.451266439470905
  |->  par_lens = 275, 275, 278
[TDSE] Running TDSE-SH-elliptical. step 22400, energy = -0.32319961956556353
  |->  par_lens = 267, 263, 273
[TDSE] Running TDSE-SH-elliptical. step 22600, energy = -0.18986582636617472
  |->  par_lens = 223, 220, 214
[TDSE] Running TDSE-SH-elliptical. step 22800, energy = -0.20913434639702055
  |->  par_lens = 246, 240, 240
[TDSE] Running TDSE-SH-elliptical. step 23000, energy = -0.3342796182935777
  |->  par_lens = 312, 310, 314
[TDSE] Running TDSE-SH-elliptical. step 23200, energy = -0.44702579578926727
  |->  par_lens = 345, 344, 349
[TDSE] Running TDSE-SH-elliptical. step 23400, energy = -0.38247156891868533
  |->  par_lens = 347, 346, 345
[TDSE] Running TDSE-SH-elliptical. step 23600, energy = -0.20238539836895236
  |->  par_lens = 308, 316, 312
[TDSE] Running TDSE-SH-elliptical. step 23800, energy = -0.12492854385604142
  |->  par_lens = 283, 275, 270
[TDSE] Running TDSE-SH-elliptical. step 24000, energy = -0.22123982554210966
  |->  par_lens = 337, 342, 342
[TDSE] Running TDSE-SH-elliptical. step 24200, energy = -0.3838446803246819
  |->  par_lens = 407, 404, 408
[TDSE] Running TDSE-SH-elliptical. step 24400, energy = -0.4265946867166865
  |->  par_lens = 419, 421, 423
[TDSE] Running TDSE-SH-elliptical. step 24600, energy = -0.27332919126654015
  |->  par_lens = 405, 405, 410
[TDSE] Running TDSE-SH-elliptical. step 24800, energy = -0.10113860501285112
  |->  par_lens = 363, 360, 358
[TDSE] Running TDSE-SH-elliptical. step 25000, energy = -0.12654138755435468
  |->  par_lens = 366, 368, 363
[TDSE] Running TDSE-SH-elliptical. step 25200, energy = -0.26950994138321416
  |->  par_lens = 433, 432, 436
[TDSE] Running TDSE-SH-elliptical. step 25400, energy = -0.41247122827567506
  |->  par_lens = 472, 474, 472
[TDSE] Running TDSE-SH-elliptical. step 25600, energy = -0.3526004743321172
  |->  par_lens = 472, 473, 471
[TDSE] Running TDSE-SH-elliptical. step 25800, energy = -0.15331569286741528
  |->  par_lens = 445, 447, 442
[TDSE] Running TDSE-SH-elliptical. step 26000, energy = -0.05857774091625749
  |->  par_lens = 417, 424, 424
[TDSE] Running TDSE-SH-elliptical. step 26200, energy = -0.1666292215362171
  |->  par_lens = 459, 458, 445
[TDSE] Running TDSE-SH-elliptical. step 26400, energy = -0.3377822087872218
  |->  par_lens = 498, 495, 499
[TDSE] Running TDSE-SH-elliptical. step 26600, energy = -0.39800575482695993
  |->  par_lens = 508, 506, 508
[TDSE] Running TDSE-SH-elliptical. step 26800, energy = -0.2514253881189071
  |->  par_lens = 503, 500, 501
[TDSE] Running TDSE-SH-elliptical. step 27000, energy = -0.07121142140126545
  |->  par_lens = 483, 493, 478
[TDSE] Running TDSE-SH-elliptical. step 27200, energy = -0.0954860366015679
  |->  par_lens = 490, 488, 475
[TDSE] Running TDSE-SH-elliptical. step 27400, energy = -0.2302458128648063
  |->  par_lens = 510, 502, 509
[TDSE] Running TDSE-SH-elliptical. step 27600, energy = -0.3778400595919944
  |->  par_lens = 522, 516, 515
[TDSE] Running TDSE-SH-elliptical. step 27800, energy = -0.33554129322193915
  |->  par_lens = 523, 519, 520
[TDSE] Running TDSE-SH-elliptical. step 28000, energy = -0.15342341709456872
  |->  par_lens = 514, 502, 513
[TDSE] Running TDSE-SH-elliptical. step 28200, energy = -0.06290948224173414
  |->  par_lens = 494, 492, 493
[TDSE] Running TDSE-SH-elliptical. step 28400, energy = -0.15564528395969582
  |->  par_lens = 508, 510, 512
[TDSE] Running TDSE-SH-elliptical. step 28600, energy = -0.31184757371491517
  |->  par_lens = 525, 524, 526
[TDSE] Running TDSE-SH-elliptical. step 28800, energy = -0.37631379034346735
  |->  par_lens = 529, 531, 530
[TDSE] Running TDSE-SH-elliptical. step 29000, energy = -0.25784866754770974
  |->  par_lens = 531, 528, 521
[TDSE] Running TDSE-SH-elliptical. step 29200, energy = -0.10781560512466282
  |->  par_lens = 514, 518, 521
[TDSE] Running TDSE-SH-elliptical. step 29400, energy = -0.1204525931218497
  |->  par_lens = 517, 511, 530
[TDSE] Running TDSE-SH-elliptical. step 29600, energy = -0.22872749199500528
  |->  par_lens = 535, 534, 534
[TDSE] Running TDSE-SH-elliptical. step 29800, energy = -0.361201102621447
  |->  par_lens = 541, 539, 542
[TDSE] Running TDSE-SH-elliptical. step 30000, energy = -0.33837305950344443
  |->  par_lens = 540, 535, 542
[TDSE] Running TDSE-SH-elliptical. step 30200, energy = -0.19949702050579815
  |->  par_lens = 533, 532, 536
[TDSE] Running TDSE-SH-elliptical. step 30400, energy = -0.12774584845926149
  |->  par_lens = 524, 518, 525
[TDSE] Running TDSE-SH-elliptical. step 30600, energy = -0.18874191376312838
  |->  par_lens = 525, 531, 535
[TDSE] Running TDSE-SH-elliptical. step 30800, energy = -0.31270165210723144
  |->  par_lens = 539, 542, 542
[TDSE] Running TDSE-SH-elliptical. step 31000, energy = -0.3723798194415176
  |->  par_lens = 539, 540, 543
[TDSE] Running TDSE-SH-elliptical. step 31200, energy = -0.2957845146195584
  |->  par_lens = 540, 538, 546
[TDSE] Running TDSE-SH-elliptical. step 31400, energy = -0.1927024745095732
  |->  par_lens = 528, 536, 537
[TDSE] Running TDSE-SH-elliptical. step 31600, energy = -0.1871653213310832
  |->  par_lens = 532, 538, 532
[TDSE] Running TDSE-SH-elliptical. step 31800, energy = -0.2707898344805648
  |->  par_lens = 536, 539, 542
[TDSE] Running TDSE-SH-elliptical. step 32000, energy = -0.36809276231603405
  |->  par_lens = 542, 541, 544
[TDSE] Running TDSE-SH-elliptical. step 32200, energy = -0.35967282741310797
  |->  par_lens = 540, 538, 545
[TDSE] Running TDSE-SH-elliptical. step 32400, energy = -0.2705637686868693
  |->  par_lens = 533, 536, 538
[TDSE] Running TDSE-SH-elliptical. step 32600, energy = -0.22377274921834067
  |->  par_lens = 529, 536, 531
[TDSE] Running TDSE-SH-elliptical. step 32800, energy = -0.2592881395994985
  |->  par_lens = 529, 532, 537
[TDSE] Running TDSE-SH-elliptical. step 33000, energy = -0.3402578423768336
  |->  par_lens = 539, 544, 544
[TDSE] Running TDSE-SH-elliptical. step 33200, energy = -0.3831863177414865
  |->  par_lens = 540, 543, 546
[TDSE] Running TDSE-SH-elliptical. step 33400, energy = -0.3420693049970923
  |->  par_lens = 541, 543, 546
[TDSE] Running TDSE-SH-elliptical. step 33600, energy = -0.28160991507784555
  |->  par_lens = 539, 541, 540
[TDSE] Running TDSE-SH-elliptical. step 33800, energy = -0.2776364493059386
  |->  par_lens = 537, 532, 533
[TDSE] Running TDSE-SH-elliptical. step 34000, energy = -0.323327628782847
  |->  par_lens = 537, 539, 539
[TDSE] Running TDSE-SH-elliptical. step 34200, energy = -0.3794001099974043
  |->  par_lens = 539, 537, 538
[TDSE] Running TDSE-SH-elliptical. step 34400, energy = -0.3810379496783757
  |->  par_lens = 537, 539, 539
[TDSE] Running TDSE-SH-elliptical. step 34600, energy = -0.33997386851749994
  |->  par_lens = 536, 540, 542
[TDSE] Running TDSE-SH-elliptical. step 34800, energy = -0.3085683856278418
  |->  par_lens = 528, 533, 528
[TDSE] Running TDSE-SH-elliptical. step 35000, energy = -0.32816701014252325
  |->  par_lens = 521, 530, 524
[TDSE] Running TDSE-SH-elliptical. step 35200, energy = -0.3683684517052597
  |->  par_lens = 528, 530, 537
[TDSE] Running TDSE-SH-elliptical. step 35400, energy = -0.3919105019047282
  |->  par_lens = 527, 521, 532
[TDSE] Running TDSE-SH-elliptical. step 35600, energy = -0.3772658392610134
  |->  par_lens = 520, 516, 523
[TDSE] Running TDSE-SH-elliptical. step 35800, energy = -0.3530366354597505
  |->  par_lens = 505, 499, 508
[TDSE] Running TDSE-SH-elliptical. step 36000, energy = -0.342099747558674
  |->  par_lens = 483, 485, 495
[TDSE] Running TDSE-SH-elliptical. step 36200, energy = -0.37134644378413223
  |->  par_lens = 486, 476, 495
[TDSE] Running TDSE-SH-elliptical. step 36400, energy = -0.3894878874500514
  |->  par_lens = 474, 471, 480
[TDSE] Running TDSE-SH-elliptical. step 36600, energy = -0.39490798508096264
  |->  par_lens = 467, 460, 461
[TDSE] Running TDSE-SH-elliptical. step 36800, energy = -0.3785618017189049
  |->  par_lens = 442, 438, 442
[TDSE] Running TDSE-SH-elliptical. step 37000, energy = -0.36983751966021067
  |->  par_lens = 404, 421, 415
[TDSE] Running TDSE-SH-elliptical. step 37200, energy = -0.37413695050059625
  |->  par_lens = 398, 402, 399
[TDSE] Running TDSE-SH-elliptical. step 37400, energy = -0.3888277806455921
  |->  par_lens = 392, 383, 381
[TDSE] Running TDSE-SH-elliptical. step 37600, energy = -0.3988979781922466
  |->  par_lens = 374, 369, 367
[TDSE] Running TDSE-SH-elliptical. step 37800, energy = -0.3952676237317881
  |->  par_lens = 363, 354, 362
[TDSE] Running TDSE-SH-elliptical. step 38000, energy = -0.3870231753267295
  |->  par_lens = 343, 339, 344
[TDSE] Running TDSE-SH-elliptical. step 38200, energy = -0.38799993388220033
  |->  par_lens = 302, 311, 312
[TDSE] Running TDSE-SH-elliptical. step 38400, energy = -0.3904937788226117
  |->  par_lens = 292, 300, 303
[TDSE] Running TDSE-SH-elliptical. step 38600, energy = -0.3993622558046492
  |->  par_lens = 280, 292, 293
[TDSE] Running TDSE-SH-elliptical. step 38800, energy = -0.39952547522384874
  |->  par_lens = 272, 278, 280
[TDSE] Running TDSE-SH-elliptical. step 39000, energy = -0.39733921557191887
  |->  par_lens = 261, 269, 269
[TDSE] Running TDSE-SH-elliptical. step 39200, energy = -0.39564612574556574
  |->  par_lens = 253, 254, 257
[TDSE] Running TDSE-SH-elliptical. step 39400, energy = -0.39580592277320137
  |->  par_lens = 250, 247, 247
[TDSE] Running TDSE-SH-elliptical. step 39600, energy = -0.399815334756959
  |->  par_lens = 250, 241, 243
[TDSE] Running TDSE-SH-elliptical. step 39800, energy = -0.40069630410472695
  |->  par_lens = 244, 239, 238
[TDSE] Running TDSE-SH-elliptical. step 40000, energy = -0.40120467517404557
  |->  par_lens = 241, 236, 235
[TDSE] Running TDSE-SH-elliptical. step 40200, energy = -0.40063417645524957
  |->  par_lens = 236, 234, 234
[TDSE] Running TDSE-SH-elliptical. step 40400, energy = -0.40025640417575375
  |->  par_lens = 231, 231, 233
[TDSE] Running TDSE-SH-elliptical. step 40600, energy = -0.4014837240823701
  |->  par_lens = 223, 222, 223
[TDSE] Running TDSE-SH-elliptical. step 40800, energy = -0.40182699690865814
  |->  par_lens = 218, 220, 217
[TDSE] Running TDSE-SH-elliptical. step 41000, energy = -0.4023667019517252
  |->  par_lens = 215, 214, 211
[TDSE] Running TDSE-SH-elliptical. step 41200, energy = -0.40260366314715174
  |->  par_lens = 210, 209, 208
[TDSE] Running TDSE-SH-elliptical. step 41400, energy = -0.4025023179561639
  |->  par_lens = 208, 207, 207
[TDSE] Running TDSE-SH-elliptical. step 41600, energy = -0.40297687672053883
  |->  par_lens = 207, 205, 205
[TDSE] Running TDSE-SH-elliptical. step 41800, energy = -0.40323082710757613
  |->  par_lens = 206, 203, 205
[TDSE] Running TDSE-SH-elliptical. step 42000, energy = -0.40356945896851165
  |->  par_lens = 203, 200, 203
[TDSE] Running TDSE-SH-elliptical. step 42200, energy = -0.403844041249386
  |->  par_lens = 202, 198, 200
[TDSE] Running TDSE-SH-elliptical. step 42400, energy = -0.4041485459078267
  |->  par_lens = 202, 197, 198
[TDSE] Running TDSE-SH-elliptical. step 42600, energy = -0.404441940675168
  |->  par_lens = 200, 197, 196
[TDSE] Running TDSE-SH-elliptical. step 42800, energy = -0.40474440987130017
  |->  par_lens = 199, 194, 196
[TDSE] Running TDSE-SH-elliptical. step 43000, energy = -0.4050579905845399
  |->  par_lens = 193, 194, 193
[TDSE] Running TDSE-SH-elliptical. step 43200, energy = -0.40537295040560356
  |->  par_lens = 191, 194, 193
[TDSE] Running TDSE-SH-elliptical. step 43400, energy = -0.40570350696878577
  |->  par_lens = 190, 189, 192
[TDSE] Running TDSE-SH-elliptical. step 43600, energy = -0.40602639295691645
  |->  par_lens = 188, 188, 191
[TDSE] Running TDSE-SH-elliptical. step 43800, energy = -0.4063618380065601
  |->  par_lens = 186, 187, 189
[TDSE] Running TDSE-SH-elliptical. step 44000, energy = -0.40669401332849026
  |->  par_lens = 185, 184, 186
[TDSE] Running TDSE-SH-elliptical. step 44200, energy = -0.4071346737677794
  |->  par_lens = 183, 183, 184
[TDSE] Running TDSE-SH-elliptical. step 44400, energy = -0.4075670342489212
  |->  par_lens = 182, 182, 181
[TDSE] Running TDSE-SH-elliptical. step 44600, energy = -0.4079475798807137
  |->  par_lens = 180, 180, 180
[TDSE] Running TDSE-SH-elliptical. step 44800, energy = -0.4081115444020881
  |->  par_lens = 178, 180, 178
[TDSE] Running TDSE-SH-elliptical. step 45000, energy = -0.4082889118748155
  |->  par_lens = 178, 177, 176
