  Activating project at `~/JuliaProp_v0.1`
[ITP]: 10000.500151030976
[ITP]: 3.0490838964780664e-8
[ITP]: 7.575335692067142e-9
Energy of ground state: -0.5001510690415283
[TDSE] Runing TDSE-SH-linear. step 0 energy = -0.5001510690415277 
     | block_size = 3 
[TDSE] Runing TDSE-SH-linear. step 200 energy = -0.5001510690414552 
     | block_size = 3 
[TDSE] Runing TDSE-SH-linear. step 400 energy = -0.5001510690413814 
     | block_size = 3 
[TDSE] Runing TDSE-SH-linear. step 600 energy = -0.5001510690412851 
     | block_size = 3 
[TDSE] Runing TDSE-SH-linear. step 800 energy = -0.5001510690411055 
     | block_size = 3 
[TDSE] Runing TDSE-SH-linear. step 1000 energy = -0.5001510690406008 
     | block_size = 3 
[TDSE] Runing TDSE-SH-linear. step 1200 energy = -0.5001510690391632 
     | block_size = 3 
[TDSE] Runing TDSE-SH-linear. step 1400 energy = -0.5001510690355117 
     | block_size = 3 
[TDSE] Runing TDSE-SH-linear. step 1600 energy = -0.5001510690271558 
     | block_size = 3 
[TDSE] Runing TDSE-SH-linear. step 1800 energy = -0.5001510690096554 
     | block_size = 3 
[TDSE] Runing TDSE-SH-linear. step 2000 energy = -0.5001510689755871 
     | block_size = 3 
[TDSE] Runing TDSE-SH-linear. step 2200 energy = -0.5001510689128891 
     | block_size = 3 
[TDSE] Runing TDSE-SH-linear. step 2400 energy = -0.5001510688034417 
     | block_size = 3 
[TDSE] Runing TDSE-SH-linear. step 2600 energy = -0.5001510686199664 
     | block_size = 3 
[TDSE] Runing TDSE-SH-linear. step 2800 energy = -0.5001510683233616 
     | block_size = 3 
[TDSE] Runing TDSE-SH-linear. step 3000 energy = -0.5001510678595986 
     | block_size = 3 
[TDSE] Runing TDSE-SH-linear. step 3200 energy = -0.500151067152511 
     | block_size = 3 
[TDSE] Runing TDSE-SH-linear. step 3400 energy = -0.5001510661052445 
     | block_size = 3 
[TDSE] Runing TDSE-SH-linear. step 3600 energy = -0.5001510645814382 
     | block_size = 3 
[TDSE] Runing TDSE-SH-linear. step 3800 energy = -0.5001510624139233 
     | block_size = 3 
[TDSE] Runing TDSE-SH-linear. step 4000 energy = -0.5001510593932292 
     | block_size = 3 
[TDSE] Runing TDSE-SH-linear. step 4200 energy = -0.500151055228647 
     | block_size = 3 
[TDSE] Runing TDSE-SH-linear. step 4400 energy = -0.5001510496100632 
     | block_size = 3 
[TDSE] Runing TDSE-SH-linear. step 4600 energy = -0.5001510421108082 
     | block_size = 4 
[TDSE] Runing TDSE-SH-linear. step 4800 energy = -0.5001510322454 
     | block_size = 4 
[TDSE] Runing TDSE-SH-linear. step 5000 energy = -0.500151019427775 
     | block_size = 4 
[TDSE] Runing TDSE-SH-linear. step 5200 energy = -0.5001510029155753 
     | block_size = 4 
[TDSE] Runing TDSE-SH-linear. step 5400 energy = -0.5001509820375589 
     | block_size = 4 
[TDSE] Runing TDSE-SH-linear. step 5600 energy = -0.5001509556579662 
     | block_size = 4 
[TDSE] Runing TDSE-SH-linear. step 5800 energy = -0.5001509227936622 
     | block_size = 4 
[TDSE] Runing TDSE-SH-linear. step 6000 energy = -0.5001508823676417 
     | block_size = 4 
[TDSE] Runing TDSE-SH-linear. step 6200 energy = -0.5001508326950587 
     | block_size = 4 
[TDSE] Runing TDSE-SH-linear. step 6400 energy = -0.5001507725757316 
     | block_size = 4 
[TDSE] Runing TDSE-SH-linear. step 6600 energy = -0.5001506999513866 
     | block_size = 4 
[TDSE] Runing TDSE-SH-linear. step 6800 energy = -0.5001506134139424 
     | block_size = 4 
[TDSE] Runing TDSE-SH-linear. step 7000 energy = -0.500150510760357 
     | block_size = 4 
[TDSE] Runing TDSE-SH-linear. step 7200 energy = -0.5001503891590398 
     | block_size = 4 
[TDSE] Runing TDSE-SH-linear. step 7400 energy = -0.5001502478736354 
     | block_size = 4 
[TDSE] Runing TDSE-SH-linear. step 7600 energy = -0.5001500827345303 
     | block_size = 4 
[TDSE] Runing TDSE-SH-linear. step 7800 energy = -0.5001498920769317 
     | block_size = 4 
[TDSE] Runing TDSE-SH-linear. step 8000 energy = -0.5001496735510362 
     | block_size = 4 
[TDSE] Runing TDSE-SH-linear. step 8200 energy = -0.5001494228621166 
     | block_size = 4 
[TDSE] Runing TDSE-SH-linear. step 8400 energy = -0.5001491397904723 
     | block_size = 4 
[TDSE] Runing TDSE-SH-linear. step 8600 energy = -0.5001488183354702 
     | block_size = 4 
[TDSE] Runing TDSE-SH-linear. step 8800 energy = -0.5001484587813447 
     | block_size = 4 
[TDSE] Runing TDSE-SH-linear. step 9000 energy = -0.5001480566340457 
     | block_size = 4 
[TDSE] Runing TDSE-SH-linear. step 9200 energy = -0.5001476072480213 
     | block_size = 4 
[TDSE] Runing TDSE-SH-linear. step 9400 energy = -0.5001471155434368 
     | block_size = 5 
[TDSE] Runing TDSE-SH-linear. step 9600 energy = -0.500146569148531 
     | block_size = 5 
[TDSE] Runing TDSE-SH-linear. step 9800 energy = -0.5001459716077377 
     | block_size = 5 
[TDSE] Runing TDSE-SH-linear. step 10000 energy = -0.5001453226777834 
     | block_size = 5 
[TDSE] Runing TDSE-SH-linear. step 10200 energy = -0.5001445135454075 
     | block_size = 5 
[TDSE] Runing TDSE-SH-linear. step 10400 energy = -0.5001429577465164 
     | block_size = 5 
[TDSE] Runing TDSE-SH-linear. step 10600 energy = -0.5001416118942971 
     | block_size = 5 
[TDSE] Runing TDSE-SH-linear. step 10800 energy = -0.5001435690024674 
     | block_size = 5 
[TDSE] Runing TDSE-SH-linear. step 11000 energy = -0.50014932490478 
     | block_size = 5 
[TDSE] Runing TDSE-SH-linear. step 11200 energy = -0.5001482435474974 
     | block_size = 5 
[TDSE] Runing TDSE-SH-linear. step 11400 energy = -0.5001273980534722 
     | block_size = 5 
[TDSE] Runing TDSE-SH-linear. step 11600 energy = -0.5001023122705922 
     | block_size = 5 
[TDSE] Runing TDSE-SH-linear. step 11800 energy = -0.5001153207269139 
     | block_size = 5 
[TDSE] Runing TDSE-SH-linear. step 12000 energy = -0.5001479900432843 
     | block_size = 5 
[TDSE] Runing TDSE-SH-linear. step 12200 energy = -0.5000466840321904 
     | block_size = 5 
[TDSE] Runing TDSE-SH-linear. step 12400 energy = -0.49965380497860773 
     | block_size = 6 
[TDSE] Runing TDSE-SH-linear. step 12600 energy = -0.49911131834559314 
     | block_size = 7 
[TDSE] Runing TDSE-SH-linear. step 12800 energy = -0.4989142880627307 
     | block_size = 7 
[TDSE] Runing TDSE-SH-linear. step 13000 energy = -0.4993852705058843 
     | block_size = 8 
[TDSE] Runing TDSE-SH-linear. step 13200 energy = -0.5000450533836616 
     | block_size = 8 
[TDSE] Runing TDSE-SH-linear. step 13400 energy = -0.49985755438029145 
     | block_size = 8 
[TDSE] Runing TDSE-SH-linear. step 13600 energy = -0.4984959939360337 
     | block_size = 7 
[TDSE] Runing TDSE-SH-linear. step 13800 energy = -0.49719725079996613 
     | block_size = 7 
[TDSE] Runing TDSE-SH-linear. step 14000 energy = -0.49760412899399387 
     | block_size = 7 
[TDSE] Runing TDSE-SH-linear. step 14200 energy = -0.4994208432419283 
     | block_size = 7 
[TDSE] Runing TDSE-SH-linear. step 14400 energy = -0.4998621473049049 
     | block_size = 7 
[TDSE] Runing TDSE-SH-linear. step 14600 energy = -0.49662166562318605 
     | block_size = 8 
[TDSE] Runing TDSE-SH-linear. step 14800 energy = -0.49148227393644 
     | block_size = 9 
[TDSE] Runing TDSE-SH-linear. step 15000 energy = -0.4895356768366755 
     | block_size = 9 
[TDSE] Runing TDSE-SH-linear. step 15200 energy = -0.49344655679554555 
     | block_size = 11 
[TDSE] Runing TDSE-SH-linear. step 15400 energy = -0.4990214744103379 
     | block_size = 12 
[TDSE] Runing TDSE-SH-linear. step 15600 energy = -0.49869033831194925 
     | block_size = 11 
[TDSE] Runing TDSE-SH-linear. step 15800 energy = -0.4906714019336643 
     | block_size = 10 
[TDSE] Runing TDSE-SH-linear. step 16000 energy = -0.482850197224073 
     | block_size = 10 
[TDSE] Runing TDSE-SH-linear. step 16200 energy = -0.4846717213405995 
     | block_size = 10 
[TDSE] Runing TDSE-SH-linear. step 16400 energy = -0.4946959918626926 
     | block_size = 11 
[TDSE] Runing TDSE-SH-linear. step 16600 energy = -0.4996016249190012 
     | block_size = 12 
[TDSE] Runing TDSE-SH-linear. step 16800 energy = -0.48893137690091026 
     | block_size = 11 
[TDSE] Runing TDSE-SH-linear. step 17000 energy = -0.469794096068516 
     | block_size = 11 
[TDSE] Runing TDSE-SH-linear. step 17200 energy = -0.46198668494571404 
     | block_size = 13 
[TDSE] Runing TDSE-SH-linear. step 17400 energy = -0.4753649442304964 
     | block_size = 14 
[TDSE] Runing TDSE-SH-linear. step 17600 energy = -0.495317877683478 
     | block_size = 15 
[TDSE] Runing TDSE-SH-linear. step 17800 energy = -0.49660708104845364 
     | block_size = 15 
[TDSE] Runing TDSE-SH-linear. step 18000 energy = -0.47337416744928473 
     | block_size = 14 
[TDSE] Runing TDSE-SH-linear. step 18200 energy = -0.44978145679140813 
     | block_size = 14 
[TDSE] Runing TDSE-SH-linear. step 18400 energy = -0.45377547746372887 
     | block_size = 16 
[TDSE] Runing TDSE-SH-linear. step 18600 energy = -0.4820982591332188 
     | block_size = 17 
[TDSE] Runing TDSE-SH-linear. step 18800 energy = -0.49909115611406507 
     | block_size = 18 
[TDSE] Runing TDSE-SH-linear. step 19000 energy = -0.4767901296788948 
     | block_size = 17 
[TDSE] Runing TDSE-SH-linear. step 19200 energy = -0.4320149525679231 
     | block_size = 16 
[TDSE] Runing TDSE-SH-linear. step 19400 energy = -0.41224680029758787 
     | block_size = 18 
[TDSE] Runing TDSE-SH-linear. step 19600 energy = -0.4413986390857863 
     | block_size = 20 
[TDSE] Runing TDSE-SH-linear. step 19800 energy = -0.48726782910646455 
     | block_size = 22 
[TDSE] Runing TDSE-SH-linear. step 20000 energy = -0.49430149333904205 
     | block_size = 23 
[TDSE] Runing TDSE-SH-linear. step 20200 energy = -0.44868545786555175 
     | block_size = 21 
[TDSE] Runing TDSE-SH-linear. step 20400 energy = -0.4001047670882572 
     | block_size = 18 
[TDSE] Runing TDSE-SH-linear. step 20600 energy = -0.40548199074997116 
     | block_size = 21 
[TDSE] Runing TDSE-SH-linear. step 20800 energy = -0.4607550700055269 
     | block_size = 24 
[TDSE] Runing TDSE-SH-linear. step 21000 energy = -0.4979813443186797 
     | block_size = 26 
[TDSE] Runing TDSE-SH-linear. step 21200 energy = -0.4634517127075846 
     | block_size = 25 
[TDSE] Runing TDSE-SH-linear. step 21400 energy = -0.38567028755979393 
     | block_size = 21 
[TDSE] Runing TDSE-SH-linear. step 21600 energy = -0.3488480995440496 
     | block_size = 22 
[TDSE] Runing TDSE-SH-linear. step 21800 energy = -0.3960084330191792 
     | block_size = 27 
[TDSE] Runing TDSE-SH-linear. step 22000 energy = -0.4748304627951506 
     | block_size = 31 
[TDSE] Runing TDSE-SH-linear. step 22200 energy = -0.49276337889202354 
     | block_size = 32 
[TDSE] Runing TDSE-SH-linear. step 22400 energy = -0.4242059941723618 
     | block_size = 29 
[TDSE] Runing TDSE-SH-linear. step 22600 energy = -0.3474605079729694 
     | block_size = 24 
[TDSE] Runing TDSE-SH-linear. step 22800 energy = -0.3516053152906745 
     | block_size = 26 
[TDSE] Runing TDSE-SH-linear. step 23000 energy = -0.4351527598215026 
     | block_size = 31 
[TDSE] Runing TDSE-SH-linear. step 23200 energy = -0.4960449710380666 
     | block_size = 34 
[TDSE] Runing TDSE-SH-linear. step 23400 energy = -0.45369847933189705 
     | block_size = 32 
[TDSE] Runing TDSE-SH-linear. step 23600 energy = -0.3457029869205763 
     | block_size = 27 
[TDSE] Runing TDSE-SH-linear. step 23800 energy = -0.2910102139172846 
     | block_size = 26 
[TDSE] Runing TDSE-SH-linear. step 24000 energy = -0.35170708603273987 
     | block_size = 33 
[TDSE] Runing TDSE-SH-linear. step 24200 energy = -0.4607423070641429 
     | block_size = 38 
[TDSE] Runing TDSE-SH-linear. step 24400 energy = -0.49255697095523643 
     | block_size = 39 
[TDSE] Runing TDSE-SH-linear. step 24600 energy = -0.4092852708736708 
     | block_size = 36 
[TDSE] Runing TDSE-SH-linear. step 24800 energy = -0.3109554378396933 
     | block_size = 29 
[TDSE] Runing TDSE-SH-linear. step 25000 energy = -0.31165702541993223 
     | block_size = 29 
[TDSE] Runing TDSE-SH-linear. step 25200 energy = -0.414168357524174 
     | block_size = 36 
[TDSE] Runing TDSE-SH-linear. step 25400 energy = -0.493573012772904 
     | block_size = 39 
[TDSE] Runing TDSE-SH-linear. step 25600 energy = -0.4512864772068473 
     | block_size = 38 
[TDSE] Runing TDSE-SH-linear. step 25800 energy = -0.3273757029670993 
     | block_size = 32 
[TDSE] Runing TDSE-SH-linear. step 26000 energy = -0.261066672536813 
     | block_size = 28 
[TDSE] Runing TDSE-SH-linear. step 26200 energy = -0.3251016673612554 
     | block_size = 36 
[TDSE] Runing TDSE-SH-linear. step 26400 energy = -0.44957106574603034 
     | block_size = 42 
[TDSE] Runing TDSE-SH-linear. step 26600 energy = -0.4936946474184548 
     | block_size = 43 
[TDSE] Runing TDSE-SH-linear. step 26800 energy = -0.41107195847743544 
     | block_size = 40 
[TDSE] Runing TDSE-SH-linear. step 27000 energy = -0.3057006071961249 
     | block_size = 33 
[TDSE] Runing TDSE-SH-linear. step 27200 energy = -0.3012850279066186 
     | block_size = 31 
[TDSE] Runing TDSE-SH-linear. step 27400 energy = -0.40558108410436927 
     | block_size = 38 
[TDSE] Runing TDSE-SH-linear. step 27600 energy = -0.4917862280857353 
     | block_size = 41 
[TDSE] Runing TDSE-SH-linear. step 27800 energy = -0.4570528355980742 
     | block_size = 40 
[TDSE] Runing TDSE-SH-linear. step 28000 energy = -0.3370530979632941 
     | block_size = 34 
[TDSE] Runing TDSE-SH-linear. step 28200 energy = -0.27029291051856635 
     | block_size = 31 
[TDSE] Runing TDSE-SH-linear. step 28400 energy = -0.32655165626836097 
     | block_size = 39 
[TDSE] Runing TDSE-SH-linear. step 28600 energy = -0.4459413023993614 
     | block_size = 44 
[TDSE] Runing TDSE-SH-linear. step 28800 energy = -0.49550595332814523 
     | block_size = 46 
[TDSE] Runing TDSE-SH-linear. step 29000 energy = -0.4278809612021809 
     | block_size = 43 
[TDSE] Runing TDSE-SH-linear. step 29200 energy = -0.3335520642781066 
     | block_size = 38 
[TDSE] Runing TDSE-SH-linear. step 29400 energy = -0.3256445108513949 
     | block_size = 31 
[TDSE] Runing TDSE-SH-linear. step 29600 energy = -0.41490144528481665 
     | block_size = 36 
[TDSE] Runing TDSE-SH-linear. step 29800 energy = -0.49127118209002196 
     | block_size = 39 
[TDSE] Runing TDSE-SH-linear. step 30000 energy = -0.46855072128176944 
     | block_size = 39 
[TDSE] Runing TDSE-SH-linear. step 30200 energy = -0.3711674086091834 
     | block_size = 35 
[TDSE] Runing TDSE-SH-linear. step 30400 energy = -0.3141614857279877 
     | block_size = 35 
[TDSE] Runing TDSE-SH-linear. step 30600 energy = -0.35487594846673104 
     | block_size = 41 
[TDSE] Runing TDSE-SH-linear. step 30800 energy = -0.45169752986886963 
     | block_size = 46 
[TDSE] Runing TDSE-SH-linear. step 31000 energy = -0.49685020670620816 
     | block_size = 48 
[TDSE] Runing TDSE-SH-linear. step 31200 energy = -0.45310027084604426 
     | block_size = 46 
[TDSE] Runing TDSE-SH-linear. step 31400 energy = -0.3848939071266885 
     | block_size = 41 
[TDSE] Runing TDSE-SH-linear. step 31600 energy = -0.37662903887576554 
     | block_size = 35 
[TDSE] Runing TDSE-SH-linear. step 31800 energy = -0.43620415771140586 
     | block_size = 33 
[TDSE] Runing TDSE-SH-linear. step 32000 energy = -0.49270699353426084 
     | block_size = 35 
[TDSE] Runing TDSE-SH-linear. step 32200 energy = -0.48025566759673 
     | block_size = 34 
[TDSE] Runing TDSE-SH-linear. step 32400 energy = -0.41666356899288876 
     | block_size = 32 
[TDSE] Runing TDSE-SH-linear. step 32600 energy = -0.37518703743242426 
     | block_size = 36 
[TDSE] Runing TDSE-SH-linear. step 32800 energy = -0.4017137706661086 
     | block_size = 42 
[TDSE] Runing TDSE-SH-linear. step 33000 energy = -0.46360876086351693 
     | block_size = 46 
[TDSE] Runing TDSE-SH-linear. step 33200 energy = -0.49792886607405623 
     | block_size = 48 
[TDSE] Runing TDSE-SH-linear. step 33400 energy = -0.47608673203174035 
     | block_size = 47 
[TDSE] Runing TDSE-SH-linear. step 33600 energy = -0.43714107884248443 
     | block_size = 43 
[TDSE] Runing TDSE-SH-linear. step 33800 energy = -0.4304750574333009 
     | block_size = 39 
[TDSE] Runing TDSE-SH-linear. step 34000 energy = -0.4636188024409947 
     | block_size = 35 
[TDSE] Runing TDSE-SH-linear. step 34200 energy = -0.49534254174016573 
     | block_size = 34 
[TDSE] Runing TDSE-SH-linear. step 34400 energy = -0.4900698848539156 
     | block_size = 35 
[TDSE] Runing TDSE-SH-linear. step 34600 energy = -0.456148554841286 
     | block_size = 37 
[TDSE] Runing TDSE-SH-linear. step 34800 energy = -0.4331399584851611 
     | block_size = 40 
[TDSE] Runing TDSE-SH-linear. step 35000 energy = -0.44581090609873486 
     | block_size = 44 
[TDSE] Runing TDSE-SH-linear. step 35200 energy = -0.4783431065067432 
     | block_size = 48 
[TDSE] Runing TDSE-SH-linear. step 35400 energy = -0.4981469025513169 
     | block_size = 49 
[TDSE] Runing TDSE-SH-linear. step 35600 energy = -0.491863904601503 
     | block_size = 49 
[TDSE] Runing TDSE-SH-linear. step 35800 energy = -0.47569173363112793 
     | block_size = 47 
[TDSE] Runing TDSE-SH-linear. step 36000 energy = -0.4726107358038497 
     | block_size = 44 
[TDSE] Runing TDSE-SH-linear. step 36200 energy = -0.4853870587603393 
     | block_size = 41 
[TDSE] Runing TDSE-SH-linear. step 36400 energy = -0.4978872955675197 
     | block_size = 40 
[TDSE] Runing TDSE-SH-linear. step 36600 energy = -0.4958460388427431 
     | block_size = 40 
[TDSE] Runing TDSE-SH-linear. step 36800 energy = -0.48248117518933176 
     | block_size = 42 
[TDSE] Runing TDSE-SH-linear. step 37000 energy = -0.47351747345396306 
     | block_size = 44 
[TDSE] Runing TDSE-SH-linear. step 37200 energy = -0.4774462336476342 
     | block_size = 47 
[TDSE] Runing TDSE-SH-linear. step 37400 energy = -0.4895885915842908 
     | block_size = 49 
[TDSE] Runing TDSE-SH-linear. step 37600 energy = -0.4982515433546649 
     | block_size = 50 
[TDSE] Runing TDSE-SH-linear. step 37800 energy = -0.49850043837165514 
     | block_size = 50 
[TDSE] Runing TDSE-SH-linear. step 38000 energy = -0.49493655042283735 
     | block_size = 50 
[TDSE] Runing TDSE-SH-linear. step 38200 energy = -0.49399313244482923 
     | block_size = 48 
[TDSE] Runing TDSE-SH-linear. step 38400 energy = -0.49679110517453695 
     | block_size = 47 
[TDSE] Runing TDSE-SH-linear. step 38600 energy = -0.4992988625138187 
     | block_size = 47 
[TDSE] Runing TDSE-SH-linear. step 38800 energy = -0.4982283431958012 
     | block_size = 47 
[TDSE] Runing TDSE-SH-linear. step 39000 energy = -0.49490733926622543 
     | block_size = 47 
[TDSE] Runing TDSE-SH-linear. step 39200 energy = -0.49251842597945805 
     | block_size = 49 
[TDSE] Runing TDSE-SH-linear. step 39400 energy = -0.49346969690520504 
     | block_size = 50 
[TDSE] Runing TDSE-SH-linear. step 39600 energy = -0.49604161797841495 
     | block_size = 50 
[TDSE] Runing TDSE-SH-linear. step 39800 energy = -0.4984154028923674 
     | block_size = 50 
[TDSE] Runing TDSE-SH-linear. step 40000 energy = -0.4993761985437148 
     | block_size = 50 
[TDSE] Runing TDSE-SH-linear. step 40200 energy = -0.4994607728392327 
     | block_size = 50 
[TDSE] Runing TDSE-SH-linear. step 40400 energy = -0.4994264592175771 
     | block_size = 50 
[TDSE] Runing TDSE-SH-linear. step 40600 energy = -0.49947542021079705 
     | block_size = 50 
[TDSE] Runing TDSE-SH-linear. step 40800 energy = -0.49932918733884096 
     | block_size = 50 
[TDSE] Runing TDSE-SH-linear. step 41000 energy = -0.49893871471269563 
     | block_size = 50 
[TDSE] Runing TDSE-SH-linear. step 41200 energy = -0.49844320144121745 
     | block_size = 50 
[TDSE] Runing TDSE-SH-linear. step 41400 energy = -0.4982713087744987 
     | block_size = 50 
[TDSE] Runing TDSE-SH-linear. step 41600 energy = -0.4982825082198303 
     | block_size = 50 
[TDSE] Runing TDSE-SH-linear. step 41800 energy = -0.49848744963997577 
     | block_size = 50 
[TDSE] Runing TDSE-SH-linear. step 42000 energy = -0.49868913018715816 
     | block_size = 50 
[TDSE] Runing TDSE-SH-linear. step 42200 energy = -0.49877674868625255 
     | block_size = 50 
[TDSE] Runing TDSE-SH-linear. step 42400 energy = -0.4988672876172608 
     | block_size = 50 
[TDSE] Runing TDSE-SH-linear. step 42600 energy = -0.49883702281497416 
     | block_size = 50 
[TDSE] Runing TDSE-SH-linear. step 42800 energy = -0.49882864966602797 
     | block_size = 50 
[TDSE] Runing TDSE-SH-linear. step 43000 energy = -0.49882887617215466 
     | block_size = 50 
[TDSE] Runing TDSE-SH-linear. step 43200 energy = -0.4987954589826072 
     | block_size = 50 
[TDSE] Runing TDSE-SH-linear. step 43400 energy = -0.4988266098080522 
     | block_size = 50 
[TDSE] Runing TDSE-SH-linear. step 43600 energy = -0.49878511772178363 
     | block_size = 50 
[TDSE] Runing TDSE-SH-linear. step 43800 energy = -0.498793417351014 
     | block_size = 50 
[TDSE] Runing TDSE-SH-linear. step 44000 energy = -0.49879249682390536 
     | block_size = 50 
[TDSE] Runing TDSE-SH-linear. step 44200 energy = -0.4987590986923789 
     | block_size = 50 
[TDSE] Runing TDSE-SH-linear. step 44400 energy = -0.4987953088606862 
     | block_size = 50 
[TDSE] Runing TDSE-SH-linear. step 44600 energy = -0.4987485174892928 
     | block_size = 50 
[TDSE] Runing TDSE-SH-linear. step 44800 energy = -0.4987552708715615 
     | block_size = 50 
[TDSE] Runing TDSE-SH-linear. step 45000 energy = -0.4987573953933365 
     | block_size = 50 
[TDSE] Runing TDSE-SH-linear. step 45200 energy = -0.49873094905388254 
     | block_size = 50 
[TDSE] Runing TDSE-SH-linear. step 45400 energy = -0.4987574279135108 
     | block_size = 50 
[TDSE] Runing TDSE-SH-linear. step 45600 energy = -0.49870451482504835 
     | block_size = 50 
[TDSE] Runing TDSE-SH-linear. step 45800 energy = -0.4987268819424702 
     | block_size = 50 
[TDSE] Runing TDSE-SH-linear. step 46000 energy = -0.4987267690217525 
     | block_size = 50 
[TDSE] Runing TDSE-SH-linear. step 46200 energy = -0.49869149871476914 
     | block_size = 50 
[TDSE] Runing TDSE-SH-linear. step 46400 energy = -0.49871798844555254 
     | block_size = 50 
[TDSE] Runing TDSE-SH-linear. step 46600 energy = -0.49867190164697395 
     | block_size = 50 
[TDSE] Runing TDSE-SH-linear. step 46800 energy = -0.498698020874422 
     | block_size = 50 
[TDSE] Runing TDSE-SH-linear. step 47000 energy = -0.498688479897655 
     | block_size = 50 
[TDSE] Runing TDSE-SH-linear. step 47200 energy = -0.4986547454253953 
     | block_size = 50 
[TDSE] Runing TDSE-SH-linear. step 47400 energy = -0.4986816967696535 
     | block_size = 50 
[TDSE] Runing TDSE-SH-linear. step 47600 energy = -0.49863729534126094 
     | block_size = 50 
[TDSE] Runing TDSE-SH-linear. step 47800 energy = -0.4986698233570958 
     | block_size = 50 
[TDSE] Runing TDSE-SH-linear. step 48000 energy = -0.49864908877236436 
     | block_size = 50 
[TDSE] Runing TDSE-SH-linear. step 48200 energy = -0.49861423802714755 
     | block_size = 50 
[TDSE] Runing TDSE-SH-linear. step 48400 energy = -0.49865154407217466 
     | block_size = 50 
[TDSE] Runing TDSE-SH-linear. step 48600 energy = -0.49861147669511036 
     | block_size = 50 
[TDSE] Runing TDSE-SH-linear. step 48800 energy = -0.49863479257261245 
     | block_size = 50 
[TDSE] Runing TDSE-SH-linear. step 49000 energy = -0.49860454111550556 
     | block_size = 50 
[TDSE] Runing TDSE-SH-linear. step 49200 energy = -0.4985857199537699 
     | block_size = 50 
[TDSE] Runing TDSE-SH-linear. step 49400 energy = -0.4986233926448167 
     | block_size = 50 
[TDSE] Runing TDSE-SH-linear. step 49600 energy = -0.49856933814025217 
     | block_size = 50 
[TDSE] Runing TDSE-SH-linear. step 49800 energy = -0.49859435515285666 
     | block_size = 50 
[TDSE] Runing TDSE-SH-linear. step 50000 energy = -0.4985677065056698 
     | block_size = 50 
[TDSE] Runing TDSE-SH-linear. step 50200 energy = -0.49855434368001894 
     | block_size = 50 
[TDSE] Runing TDSE-SH-linear. step 50400 energy = -0.49858938704861927 
     | block_size = 50 
[TDSE] Runing TDSE-SH-linear. step 50600 energy = -0.49853554944385386 
     | block_size = 50 
[TDSE] Runing TDSE-SH-linear. step 50800 energy = -0.4985616152402771 
     | block_size = 50 
[TDSE] Runing TDSE-SH-linear. step 51000 energy = -0.4985319207347069 
     | block_size = 50 
[TDSE] Runing TDSE-SH-linear. step 51200 energy = -0.4985293575818144 
     | block_size = 50 
[TDSE] Runing TDSE-SH-linear. step 51400 energy = -0.49855680297599747 
     | block_size = 50 
[TDSE] Runing TDSE-SH-linear. step 51600 energy = -0.498490038362363 
     | block_size = 50 
[TDSE] Runing TDSE-SH-linear. step 51800 energy = -0.4985227284561669 
     | block_size = 50 
[TDSE] Runing TDSE-SH-linear. step 52000 energy = -0.49849890424269666 
     | block_size = 50 
[TDSE] Runing TDSE-SH-linear. step 52200 energy = -0.49849496136082994 
     | block_size = 50 
[TDSE] Runing TDSE-SH-linear. step 52400 energy = -0.49851013094428376 
     | block_size = 50 
[TDSE] Runing TDSE-SH-linear. step 52600 energy = -0.49844868039768453 
     | block_size = 50 
[TDSE] Runing TDSE-SH-linear. step 52800 energy = -0.4984917547981921 
     | block_size = 50 
[TDSE] Runing TDSE-SH-linear. step 53000 energy = -0.4984623416143905 
     | block_size = 50 
