  Activating project at `~/JuliaProp_v0.1`
[ITP]: 10000.471108571397
[ITP]: 0.022107823405609905
[ITP]: 0.004976805475414736
[ITP]: 0.0021058954092971205
[ITP]: 0.001084104546129061
[ITP]: 0.0006160870179273692
[ITP]: 0.0003714642087823128
[ITP]: 0.00023286611963801995
[ITP]: 0.0001500123428329614
[ITP]: 9.857967926441003e-5
[ITP]: 6.57601184761436e-5
[ITP]: 4.43786526744816e-5
[ITP]: 3.022437766897479e-5
[ITP]: 2.0735965556739622e-5
[ITP]: 1.4311264988853267e-5
[ITP]: 9.92563006574354e-6
[ITP]: 6.9119921211058255e-6
[ITP]: 4.82976755122877e-6
[ITP]: 3.384510666504248e-6
[ITP]: 2.3775199649023193e-6
[ITP]: 1.6736194445865493e-6
[ITP]: 1.1802274751948616e-6
[ITP]: 8.335748883370186e-7
[ITP]: 5.895273362810372e-7
[ITP]: 4.174150680658073e-7
[ITP]: 2.958509506267859e-7
[ITP]: 2.098764437796774e-7
[ITP]: 1.4900242706339384e-7
[ITP]: 1.0585745457980522e-7
[ITP]: 7.525113565609587e-8
[ITP]: 5.352267851144177e-8
[ITP]: 3.808635307134267e-8
[ITP]: 2.7113442158110956e-8
[ITP]: 1.9309163601377577e-8
[ITP]: 1.3755872219078924e-8
[ITP]: 9.802639699962867e-9
Energy of ground state: -0.5030607411950042
[TDSE] Start TDSE-SH for elliptical polarized laser. It may cost a plenty of time.
[TDSE] Running TDSE-SH-elliptical. step 0, energy = -0.5030607411950033
  |->  par_lens = 1, 1, 1
[TDSE] Running TDSE-SH-elliptical. step 200, energy = -0.5030607411948621
  |->  par_lens = 1, 1, 1
[TDSE] Running TDSE-SH-elliptical. step 400, energy = -0.5030607411947172
  |->  par_lens = 1, 1, 2
[TDSE] Running TDSE-SH-elliptical. step 600, energy = -0.5030607411944764
  |->  par_lens = 1, 1, 2
[TDSE] Running TDSE-SH-elliptical. step 800, energy = -0.5030607411939122
  |->  par_lens = 1, 1, 2
[TDSE] Running TDSE-SH-elliptical. step 1000, energy = -0.5030607411922318
  |->  par_lens = 1, 1, 2
[TDSE] Running TDSE-SH-elliptical. step 1200, energy = -0.5030607411880177
  |->  par_lens = 1, 1, 2
[TDSE] Running TDSE-SH-elliptical. step 1400, energy = -0.5030607411784208
  |->  par_lens = 1, 1, 2
[TDSE] Running TDSE-SH-elliptical. step 1600, energy = -0.5030607411593959
  |->  par_lens = 1, 1, 2
[TDSE] Running TDSE-SH-elliptical. step 1800, energy = -0.503060741124043
  |->  par_lens = 1, 1, 2
[TDSE] Running TDSE-SH-elliptical. step 2000, energy = -0.5030607410636224
  |->  par_lens = 1, 1, 2
[TDSE] Running TDSE-SH-elliptical. step 2200, energy = -0.5030607409647122
  |->  par_lens = 1, 1, 2
[TDSE] Running TDSE-SH-elliptical. step 2400, energy = -0.503060740811582
  |->  par_lens = 1, 1, 2
[TDSE] Running TDSE-SH-elliptical. step 2600, energy = -0.5030607405815894
  |->  par_lens = 1, 1, 2
[TDSE] Running TDSE-SH-elliptical. step 2800, energy = -0.5030607402498793
  |->  par_lens = 1, 1, 2
[TDSE] Running TDSE-SH-elliptical. step 3000, energy = -0.5030607397809052
  |->  par_lens = 1, 1, 2
[TDSE] Running TDSE-SH-elliptical. step 3200, energy = -0.5030607391405402
  |->  par_lens = 1, 1, 2
[TDSE] Running TDSE-SH-elliptical. step 3400, energy = -0.5030607382755158
  |->  par_lens = 1, 1, 2
[TDSE] Running TDSE-SH-elliptical. step 3600, energy = -0.5030607371416844
  |->  par_lens = 1, 1, 2
[TDSE] Running TDSE-SH-elliptical. step 3800, energy = -0.5030607356669744
  |->  par_lens = 1, 1, 2
[TDSE] Running TDSE-SH-elliptical. step 4000, energy = -0.5030607337967744
  |->  par_lens = 1, 1, 2
[TDSE] Running TDSE-SH-elliptical. step 4200, energy = -0.5030607314323374
  |->  par_lens = 1, 1, 2
[TDSE] Running TDSE-SH-elliptical. step 4400, energy = -0.5030607285189619
  |->  par_lens = 1, 1, 2
[TDSE] Running TDSE-SH-elliptical. step 4600, energy = -0.5030607249285666
  |->  par_lens = 1, 1, 2
[TDSE] Running TDSE-SH-elliptical. step 4800, energy = -0.5030607205916634
  |->  par_lens = 1, 1, 2
[TDSE] Running TDSE-SH-elliptical. step 5000, energy = -0.5030607153761038
  |->  par_lens = 1, 1, 2
[TDSE] Running TDSE-SH-elliptical. step 5200, energy = -0.503060709189023
  |->  par_lens = 1, 2, 2
[TDSE] Running TDSE-SH-elliptical. step 5400, energy = -0.5030607018853721
  |->  par_lens = 2, 2, 2
[TDSE] Running TDSE-SH-elliptical. step 5600, energy = -0.5030606933605094
  |->  par_lens = 2, 2, 2
[TDSE] Running TDSE-SH-elliptical. step 5800, energy = -0.5030606834830383
  |->  par_lens = 2, 2, 2
[TDSE] Running TDSE-SH-elliptical. step 6000, energy = -0.5030606720839417
  |->  par_lens = 2, 2, 2
[TDSE] Running TDSE-SH-elliptical. step 6200, energy = -0.5030606591142615
  |->  par_lens = 2, 2, 2
[TDSE] Running TDSE-SH-elliptical. step 6400, energy = -0.503060644303564
  |->  par_lens = 2, 2, 2
[TDSE] Running TDSE-SH-elliptical. step 6600, energy = -0.5030606276812669
  |->  par_lens = 2, 2, 2
[TDSE] Running TDSE-SH-elliptical. step 6800, energy = -0.5030606089496645
  |->  par_lens = 2, 2, 2
[TDSE] Running TDSE-SH-elliptical. step 7000, energy = -0.5030605881614314
  |->  par_lens = 2, 2, 2
[TDSE] Running TDSE-SH-elliptical. step 7200, energy = -0.5030605649329828
  |->  par_lens = 2, 2, 2
[TDSE] Running TDSE-SH-elliptical. step 7400, energy = -0.5030605395301413
  |->  par_lens = 2, 2, 2
[TDSE] Running TDSE-SH-elliptical. step 7600, energy = -0.5030605114231114
  |->  par_lens = 2, 2, 2
[TDSE] Running TDSE-SH-elliptical. step 7800, energy = -0.5030604808425153
  |->  par_lens = 2, 2, 2
[TDSE] Running TDSE-SH-elliptical. step 8000, energy = -0.5030604475029778
  |->  par_lens = 2, 2, 2
[TDSE] Running TDSE-SH-elliptical. step 8200, energy = -0.5030604115267439
  |->  par_lens = 2, 2, 2
[TDSE] Running TDSE-SH-elliptical. step 8400, energy = -0.5030603725878635
  |->  par_lens = 2, 2, 2
[TDSE] Running TDSE-SH-elliptical. step 8600, energy = -0.5030603309031582
  |->  par_lens = 2, 2, 2
[TDSE] Running TDSE-SH-elliptical. step 8800, energy = -0.5030602863520618
  |->  par_lens = 2, 2, 2
[TDSE] Running TDSE-SH-elliptical. step 9000, energy = -0.5030602388257074
  |->  par_lens = 2, 2, 2
[TDSE] Running TDSE-SH-elliptical. step 9200, energy = -0.5030601886111158
  |->  par_lens = 2, 2, 2
[TDSE] Running TDSE-SH-elliptical. step 9400, energy = -0.503060135305032
  |->  par_lens = 2, 2, 2
[TDSE] Running TDSE-SH-elliptical. step 9600, energy = -0.5030600795086817
  |->  par_lens = 2, 2, 2
[TDSE] Running TDSE-SH-elliptical. step 9800, energy = -0.503060020770963
  |->  par_lens = 2, 2, 2
[TDSE] Running TDSE-SH-elliptical. step 10000, energy = -0.5030599596683712
  |->  par_lens = 2, 2, 2
[TDSE] Running TDSE-SH-elliptical. step 10200, energy = -0.5030598608560476
  |->  par_lens = 2, 2, 2
[TDSE] Running TDSE-SH-elliptical. step 10400, energy = -0.5030593729059751
  |->  par_lens = 2, 2, 2
[TDSE] Running TDSE-SH-elliptical. step 10600, energy = -0.5030586804013639
  |->  par_lens = 2, 2, 2
[TDSE] Running TDSE-SH-elliptical. step 10800, energy = -0.5030585782596076
  |->  par_lens = 2, 2, 2
[TDSE] Running TDSE-SH-elliptical. step 11000, energy = -0.5030550254312505
  |->  par_lens = 3, 2, 2
[TDSE] Running TDSE-SH-elliptical. step 11200, energy = -0.5030315072995539
  |->  par_lens = 4, 3, 3
[TDSE] Running TDSE-SH-elliptical. step 11400, energy = -0.5029724832650241
  |->  par_lens = 4, 3, 3
[TDSE] Running TDSE-SH-elliptical. step 11600, energy = -0.5029019254496829
  |->  par_lens = 4, 4, 4
[TDSE] Running TDSE-SH-elliptical. step 11800, energy = -0.5028842862465182
  |->  par_lens = 4, 4, 4
[TDSE] Running TDSE-SH-elliptical. step 12000, energy = -0.5029076759081162
  |->  par_lens = 4, 4, 4
[TDSE] Running TDSE-SH-elliptical. step 12200, energy = -0.5027913261160034
  |->  par_lens = 4, 4, 4
[TDSE] Running TDSE-SH-elliptical. step 12400, energy = -0.502327417229533
  |->  par_lens = 5, 5, 6
[TDSE] Running TDSE-SH-elliptical. step 12600, energy = -0.5016565664678219
  |->  par_lens = 7, 7, 7
[TDSE] Running TDSE-SH-elliptical. step 12800, energy = -0.5013313040286959
  |->  par_lens = 7, 7, 7
[TDSE] Running TDSE-SH-elliptical. step 13000, energy = -0.5017198446063386
  |->  par_lens = 6, 6, 6
[TDSE] Running TDSE-SH-elliptical. step 13200, energy = -0.5022221487995682
  |->  par_lens = 6, 5, 6
[TDSE] Running TDSE-SH-elliptical. step 13400, energy = -0.5016001623456989
  |->  par_lens = 7, 6, 7
[TDSE] Running TDSE-SH-elliptical. step 13600, energy = -0.49949493858831945
  |->  par_lens = 8, 8, 8
[TDSE] Running TDSE-SH-elliptical. step 13800, energy = -0.49746284142324776
  |->  par_lens = 10, 10, 10
[TDSE] Running TDSE-SH-elliptical. step 14000, energy = -0.49759923436296905
  |->  par_lens = 10, 10, 10
[TDSE] Running TDSE-SH-elliptical. step 14200, energy = -0.49958390525866386
  |->  par_lens = 10, 10, 11
[TDSE] Running TDSE-SH-elliptical. step 14400, energy = -0.500055875980001
  |->  par_lens = 10, 11, 11
[TDSE] Running TDSE-SH-elliptical. step 14600, energy = -0.4960796522998926
  |->  par_lens = 11, 11, 11
[TDSE] Running TDSE-SH-elliptical. step 14800, energy = -0.4896866707837612
  |->  par_lens = 14, 13, 13
[TDSE] Running TDSE-SH-elliptical. step 15000, energy = -0.4868146976076631
  |->  par_lens = 15, 15, 15
[TDSE] Running TDSE-SH-elliptical. step 15200, energy = -0.49071657988881184
  |->  par_lens = 16, 16, 18
[TDSE] Running TDSE-SH-elliptical. step 15400, energy = -0.4962502194688098
  |->  par_lens = 18, 18, 19
[TDSE] Running TDSE-SH-elliptical. step 15600, energy = -0.4943959666999577
  |->  par_lens = 19, 19, 19
[TDSE] Running TDSE-SH-elliptical. step 15800, energy = -0.4830885603371207
  |->  par_lens = 16, 19, 19
[TDSE] Running TDSE-SH-elliptical. step 16000, energy = -0.4721842432654696
  |->  par_lens = 22, 23, 20
[TDSE] Running TDSE-SH-elliptical. step 16200, energy = -0.47321583937383543
  |->  par_lens = 25, 24, 25
[TDSE] Running TDSE-SH-elliptical. step 16400, energy = -0.4847320521272085
  |->  par_lens = 29, 28, 28
[TDSE] Running TDSE-SH-elliptical. step 16600, energy = -0.49047974307440123
  |->  par_lens = 31, 31, 28
[TDSE] Running TDSE-SH-elliptical. step 16800, energy = -0.47745402374922685
  |->  par_lens = 30, 31, 29
[TDSE] Running TDSE-SH-elliptical. step 17000, energy = -0.45386351862223706
  |->  par_lens = 30, 31, 28
[TDSE] Running TDSE-SH-elliptical. step 17200, energy = -0.44334705993428586
  |->  par_lens = 38, 35, 36
[TDSE] Running TDSE-SH-elliptical. step 17400, energy = -0.4574071334777979
  |->  par_lens = 43, 41, 44
[TDSE] Running TDSE-SH-elliptical. step 17600, energy = -0.47891467413775907
  |->  par_lens = 49, 49, 49
[TDSE] Running TDSE-SH-elliptical. step 17800, energy = -0.47728021469108894
  |->  par_lens = 50, 50, 49
[TDSE] Running TDSE-SH-elliptical. step 18000, energy = -0.4458094250596536
  |->  par_lens = 47, 44, 47
[TDSE] Running TDSE-SH-elliptical. step 18200, energy = -0.41460651025998685
  |->  par_lens = 47, 47, 48
[TDSE] Running TDSE-SH-elliptical. step 18400, energy = -0.41727817698126807
  |->  par_lens = 60, 59, 58
[TDSE] Running TDSE-SH-elliptical. step 18600, energy = -0.4502532941801715
  |->  par_lens = 71, 69, 70
[TDSE] Running TDSE-SH-elliptical. step 18800, energy = -0.4708728784398119
  |->  par_lens = 76, 75, 75
[TDSE] Running TDSE-SH-elliptical. step 19000, energy = -0.4437484996587151
  |->  par_lens = 74, 73, 73
[TDSE] Running TDSE-SH-elliptical. step 19200, energy = -0.3892422460265644
  |->  par_lens = 68, 67, 66
[TDSE] Running TDSE-SH-elliptical. step 19400, energy = -0.3647120357779728
  |->  par_lens = 78, 76, 75
[TDSE] Running TDSE-SH-elliptical. step 19600, energy = -0.39560403726097076
  |->  par_lens = 95, 98, 95
[TDSE] Running TDSE-SH-elliptical. step 19800, energy = -0.4469598333063881
  |->  par_lens = 111, 112, 110
[TDSE] Running TDSE-SH-elliptical. step 20000, energy = -0.45036903628023905
  |->  par_lens = 111, 116, 114
[TDSE] Running TDSE-SH-elliptical. step 20200, energy = -0.3892488258985876
  |->  par_lens = 107, 113, 113
[TDSE] Running TDSE-SH-elliptical. step 20400, energy = -0.32751987547897343
  |->  par_lens = 96, 90, 88
[TDSE] Running TDSE-SH-elliptical. step 20600, energy = -0.33250556649895435
  |->  par_lens = 115, 115, 111
[TDSE] Running TDSE-SH-elliptical. step 20800, energy = -0.3954668930119924
  |->  par_lens = 142, 144, 145
[TDSE] Running TDSE-SH-elliptical. step 21000, energy = -0.44212917078648234
  |->  par_lens = 157, 158, 154
[TDSE] Running TDSE-SH-elliptical. step 21200, energy = -0.4003475382916887
  |->  par_lens = 154, 152, 160
[TDSE] Running TDSE-SH-elliptical. step 21400, energy = -0.3057340086034338
  |->  par_lens = 132, 138, 139
[TDSE] Running TDSE-SH-elliptical. step 21600, energy = -0.2643147553708027
  |->  par_lens = 131, 135, 129
[TDSE] Running TDSE-SH-elliptical. step 21800, energy = -0.3148999465932725
  |->  par_lens = 174, 173, 171
[TDSE] Running TDSE-SH-elliptical. step 22000, energy = -0.4028847579457444
  |->  par_lens = 204, 207, 201
[TDSE] Running TDSE-SH-elliptical. step 22200, energy = -0.4186649918066977
  |->  par_lens = 212, 213, 211
[TDSE] Running TDSE-SH-elliptical. step 22400, energy = -0.32644419947353115
  |->  par_lens = 206, 204, 206
[TDSE] Running TDSE-SH-elliptical. step 22600, energy = -0.23041252471521317
  |->  par_lens = 173, 180, 173
[TDSE] Running TDSE-SH-elliptical. step 22800, energy = -0.24023934206203543
  |->  par_lens = 189, 191, 187
[TDSE] Running TDSE-SH-elliptical. step 23000, energy = -0.33132299289454775
  |->  par_lens = 238, 238, 238
[TDSE] Running TDSE-SH-elliptical. step 23200, energy = -0.4078685563426143
  |->  par_lens = 260, 259, 258
[TDSE] Running TDSE-SH-elliptical. step 23400, energy = -0.3584277198527836
  |->  par_lens = 257, 258, 260
[TDSE] Running TDSE-SH-elliptical. step 23600, energy = -0.22629136621514473
  |->  par_lens = 237, 235, 234
[TDSE] Running TDSE-SH-elliptical. step 23800, energy = -0.16897861190819274
  |->  par_lens = 207, 214, 211
[TDSE] Running TDSE-SH-elliptical. step 24000, energy = -0.2385472635540688
  |->  par_lens = 259, 261, 257
[TDSE] Running TDSE-SH-elliptical. step 24200, energy = -0.35531985597848575
  |->  par_lens = 307, 307, 305
[TDSE] Running TDSE-SH-elliptical. step 24400, energy = -0.38731092520494226
  |->  par_lens = 313, 312, 315
[TDSE] Running TDSE-SH-elliptical. step 24600, energy = -0.2768462509966521
  |->  par_lens = 307, 303, 302
[TDSE] Running TDSE-SH-elliptical. step 24800, energy = -0.15369536407005152
  |->  par_lens = 267, 270, 267
[TDSE] Running TDSE-SH-elliptical. step 25000, energy = -0.1674667797688393
  |->  par_lens = 275, 274, 272
[TDSE] Running TDSE-SH-elliptical. step 25200, energy = -0.2762103890561242
  |->  par_lens = 323, 320, 321
[TDSE] Running TDSE-SH-elliptical. step 25400, energy = -0.3743193214860225
  |->  par_lens = 347, 344, 348
[TDSE] Running TDSE-SH-elliptical. step 25600, energy = -0.3282320435909999
  |->  par_lens = 344, 347, 346
[TDSE] Running TDSE-SH-elliptical. step 25800, energy = -0.17957863498315613
  |->  par_lens = 326, 323, 321
[TDSE] Running TDSE-SH-elliptical. step 26000, energy = -0.11157492012414161
  |->  par_lens = 304, 311, 310
[TDSE] Running TDSE-SH-elliptical. step 26200, energy = -0.18992706325836753
  |->  par_lens = 343, 346, 337
[TDSE] Running TDSE-SH-elliptical. step 26400, energy = -0.3176234493661148
  |->  par_lens = 372, 374, 372
[TDSE] Running TDSE-SH-elliptical. step 26600, energy = -0.3632784133007966
  |->  par_lens = 381, 379, 381
[TDSE] Running TDSE-SH-elliptical. step 26800, energy = -0.25700962470001104
  |->  par_lens = 374, 372, 372
[TDSE] Running TDSE-SH-elliptical. step 27000, energy = -0.12844945528284524
  |->  par_lens = 352, 362, 356
[TDSE] Running TDSE-SH-elliptical. step 27200, energy = -0.14079831988114944
  |->  par_lens = 360, 361, 363
[TDSE] Running TDSE-SH-elliptical. step 27400, energy = -0.24856217594242233
  |->  par_lens = 380, 376, 385
[TDSE] Running TDSE-SH-elliptical. step 27600, energy = -0.35209259651766367
  |->  par_lens = 397, 390, 392
[TDSE] Running TDSE-SH-elliptical. step 27800, energy = -0.31892754058031
  |->  par_lens = 389, 390, 389
[TDSE] Running TDSE-SH-elliptical. step 28000, energy = -0.18203463456172242
  |->  par_lens = 380, 376, 375
[TDSE] Running TDSE-SH-elliptical. step 28200, energy = -0.11602261220112965
  |->  par_lens = 380, 366, 369
[TDSE] Running TDSE-SH-elliptical. step 28400, energy = -0.1856536957880105
  |->  par_lens = 387, 386, 388
[TDSE] Running TDSE-SH-elliptical. step 28600, energy = -0.3055235908862698
  |->  par_lens = 408, 402, 402
[TDSE] Running TDSE-SH-elliptical. step 28800, energy = -0.3570774067610026
  |->  par_lens = 415, 408, 405
[TDSE] Running TDSE-SH-elliptical. step 29000, energy = -0.2726074890479951
  |->  par_lens = 405, 406, 400
[TDSE] Running TDSE-SH-elliptical. step 29200, energy = -0.16329586267717405
  |->  par_lens = 396, 388, 393
[TDSE] Running TDSE-SH-elliptical. step 29400, energy = -0.16977146865978063
  |->  par_lens = 389, 390, 387
[TDSE] Running TDSE-SH-elliptical. step 29600, energy = -0.2590348515001351
  |->  par_lens = 402, 404, 401
[TDSE] Running TDSE-SH-elliptical. step 29800, energy = -0.35355627209450025
  |->  par_lens = 407, 411, 411
[TDSE] Running TDSE-SH-elliptical. step 30000, energy = -0.33588061124753626
  |->  par_lens = 407, 407, 412
[TDSE] Running TDSE-SH-elliptical. step 30200, energy = -0.23167150260524844
  |->  par_lens = 396, 400, 400
[TDSE] Running TDSE-SH-elliptical. step 30400, energy = -0.1776332657275891
  |->  par_lens = 394, 398, 395
[TDSE] Running TDSE-SH-elliptical. step 30600, energy = -0.22638297029891488
  |->  par_lens = 406, 406, 405
[TDSE] Running TDSE-SH-elliptical. step 30800, energy = -0.32373160600115397
  |->  par_lens = 419, 415, 412
[TDSE] Running TDSE-SH-elliptical. step 31000, energy = -0.3729141429930361
  |->  par_lens = 418, 418, 423
[TDSE] Running TDSE-SH-elliptical. step 31200, energy = -0.31718055670077383
  |->  par_lens = 409, 420, 417
[TDSE] Running TDSE-SH-elliptical. step 31400, energy = -0.24287462291793763
  |->  par_lens = 408, 407, 408
[TDSE] Running TDSE-SH-elliptical. step 31600, energy = -0.2388420196517632
  |->  par_lens = 397, 394, 398
[TDSE] Running TDSE-SH-elliptical. step 31800, energy = -0.3047377993845713
  |->  par_lens = 404, 398, 399
[TDSE] Running TDSE-SH-elliptical. step 32000, energy = -0.3764405127038491
  |->  par_lens = 413, 402, 404
[TDSE] Running TDSE-SH-elliptical. step 32200, energy = -0.37025749963526966
  |->  par_lens = 410, 402, 405
[TDSE] Running TDSE-SH-elliptical. step 32400, energy = -0.3047498226621842
  |->  par_lens = 409, 399, 396
[TDSE] Running TDSE-SH-elliptical. step 32600, energy = -0.26732731079834565
  |->  par_lens = 398, 393, 401
[TDSE] Running TDSE-SH-elliptical. step 32800, energy = -0.29630106177797966
  |->  par_lens = 411, 409, 407
[TDSE] Running TDSE-SH-elliptical. step 33000, energy = -0.3627269453299667
  |->  par_lens = 415, 417, 417
[TDSE] Running TDSE-SH-elliptical. step 33200, energy = -0.39814793645396485
  |->  par_lens = 421, 418, 412
[TDSE] Running TDSE-SH-elliptical. step 33400, energy = -0.37097285347942965
  |->  par_lens = 420, 418, 417
[TDSE] Running TDSE-SH-elliptical. step 33600, energy = -0.32712687518636785
  |->  par_lens = 408, 418, 409
[TDSE] Running TDSE-SH-elliptical. step 33800, energy = -0.32359480165826693
  |->  par_lens = 402, 402, 406
[TDSE] Running TDSE-SH-elliptical. step 34000, energy = -0.3611436765068529
  |->  par_lens = 405, 402, 402
[TDSE] Running TDSE-SH-elliptical. step 34200, energy = -0.40355381723007944
  |->  par_lens = 409, 413, 403
[TDSE] Running TDSE-SH-elliptical. step 34400, energy = -0.40393903820221555
  |->  par_lens = 415, 411, 403
[TDSE] Running TDSE-SH-elliptical. step 34600, energy = -0.3723277659091131
  |->  par_lens = 405, 400, 407
[TDSE] Running TDSE-SH-elliptical. step 34800, energy = -0.3501773156874751
  |->  par_lens = 406, 400, 403
[TDSE] Running TDSE-SH-elliptical. step 35000, energy = -0.36567810194085887
  |->  par_lens = 415, 411, 407
[TDSE] Running TDSE-SH-elliptical. step 35200, energy = -0.399236259407463
  |->  par_lens = 417, 412, 413
[TDSE] Running TDSE-SH-elliptical. step 35400, energy = -0.42009370343257735
  |->  par_lens = 412, 411, 410
[TDSE] Running TDSE-SH-elliptical. step 35600, energy = -0.4106121087568294
  |->  par_lens = 410, 410, 409
[TDSE] Running TDSE-SH-elliptical. step 35800, energy = -0.39329997782005865
  |->  par_lens = 398, 408, 403
[TDSE] Running TDSE-SH-elliptical. step 36000, energy = -0.3885743324357465
  |->  par_lens = 392, 390, 391
[TDSE] Running TDSE-SH-elliptical. step 36200, energy = -0.4075198214340477
  |->  par_lens = 388, 376, 379
[TDSE] Running TDSE-SH-elliptical. step 36400, energy = -0.4237376723022115
  |->  par_lens = 374, 370, 381
[TDSE] Running TDSE-SH-elliptical. step 36600, energy = -0.4265219615001204
  |->  par_lens = 370, 366, 367
[TDSE] Running TDSE-SH-elliptical. step 36800, energy = -0.414217467041361
  |->  par_lens = 372, 354, 363
[TDSE] Running TDSE-SH-elliptical. step 37000, energy = -0.4075120521210454
  |->  par_lens = 369, 354, 364
[TDSE] Running TDSE-SH-elliptical. step 37200, energy = -0.4116072249609113
  |->  par_lens = 365, 360, 355
[TDSE] Running TDSE-SH-elliptical. step 37400, energy = -0.4245814793745554
  |->  par_lens = 364, 360, 360
[TDSE] Running TDSE-SH-elliptical. step 37600, energy = -0.43310662950179446
  |->  par_lens = 358, 354, 351
[TDSE] Running TDSE-SH-elliptical. step 37800, energy = -0.43163331049507203
  |->  par_lens = 352, 348, 349
[TDSE] Running TDSE-SH-elliptical. step 38000, energy = -0.42701603956114254
  |->  par_lens = 333, 338, 337
[TDSE] Running TDSE-SH-elliptical. step 38200, energy = -0.42698833255419116
  |->  par_lens = 327, 310, 313
[TDSE] Running TDSE-SH-elliptical. step 38400, energy = -0.43030282896846184
  |->  par_lens = 292, 291, 291
[TDSE] Running TDSE-SH-elliptical. step 38600, energy = -0.43584644827479774
  |->  par_lens = 274, 280, 275
[TDSE] Running TDSE-SH-elliptical. step 38800, energy = -0.4360066099697716
  |->  par_lens = 268, 274, 264
[TDSE] Running TDSE-SH-elliptical. step 39000, energy = -0.4339891976235771
  |->  par_lens = 262, 261, 259
[TDSE] Running TDSE-SH-elliptical. step 39200, energy = -0.43266136217773343
  |->  par_lens = 255, 260, 260
[TDSE] Running TDSE-SH-elliptical. step 39400, energy = -0.43322798826417214
  |->  par_lens = 260, 252, 257
[TDSE] Running TDSE-SH-elliptical. step 39600, energy = -0.436428055919339
  |->  par_lens = 258, 254, 258
[TDSE] Running TDSE-SH-elliptical. step 39800, energy = -0.4378623575077338
  |->  par_lens = 255, 252, 254
[TDSE] Running TDSE-SH-elliptical. step 40000, energy = -0.43859894764695034
  |->  par_lens = 247, 249, 251
[TDSE] Running TDSE-SH-elliptical. step 40200, energy = -0.4384035628947147
  |->  par_lens = 245, 245, 250
[TDSE] Running TDSE-SH-elliptical. step 40400, energy = -0.4383125767101579
  |->  par_lens = 244, 241, 241
[TDSE] Running TDSE-SH-elliptical. step 40600, energy = -0.43895150642752506
  |->  par_lens = 242, 231, 239
[TDSE] Running TDSE-SH-elliptical. step 40800, energy = -0.43921703471185264
  |->  par_lens = 236, 226, 233
[TDSE] Running TDSE-SH-elliptical. step 41000, energy = -0.43932173404279795
  |->  par_lens = 230, 224, 229
[TDSE] Running TDSE-SH-elliptical. step 41200, energy = -0.43938743992067314
  |->  par_lens = 228, 224, 226
[TDSE] Running TDSE-SH-elliptical. step 41400, energy = -0.43921666450078656
  |->  par_lens = 226, 215, 226
[TDSE] Running TDSE-SH-elliptical. step 41600, energy = -0.4395606318239279
  |->  par_lens = 225, 215, 222
[TDSE] Running TDSE-SH-elliptical. step 41800, energy = -0.4397038149858236
  |->  par_lens = 224, 214, 220
[TDSE] Running TDSE-SH-elliptical. step 42000, energy = -0.43997375879154665
  |->  par_lens = 223, 212, 219
[TDSE] Running TDSE-SH-elliptical. step 42200, energy = -0.44013772644544846
  |->  par_lens = 220, 212, 217
[TDSE] Running TDSE-SH-elliptical. step 42400, energy = -0.4403509856246013
  |->  par_lens = 219, 212, 216
[TDSE] Running TDSE-SH-elliptical. step 42600, energy = -0.4404650623908403
  |->  par_lens = 218, 212, 216
[TDSE] Running TDSE-SH-elliptical. step 42800, energy = -0.4406103643536758
  |->  par_lens = 218, 211, 216
[TDSE] Running TDSE-SH-elliptical. step 43000, energy = -0.4407828923348745
  |->  par_lens = 215, 210, 216
