  Activating project at `~/JuliaProp_v0.1`
[ITP]: 10000.471108571397
[ITP]: 0.022107823405609905
[ITP]: 0.004976805475414736
[ITP]: 0.0021058954092971205
[ITP]: 0.001084104546129061
[ITP]: 0.0006160870179273692
[ITP]: 0.0003714642087823128
[ITP]: 0.00023286611963801995
[ITP]: 0.0001500123428329614
[ITP]: 9.857967926441003e-5
[ITP]: 6.57601184761436e-5
[ITP]: 4.43786526744816e-5
[ITP]: 3.022437766897479e-5
[ITP]: 2.0735965556739622e-5
[ITP]: 1.4311264988853267e-5
[ITP]: 9.92563006574354e-6
[ITP]: 6.9119921211058255e-6
[ITP]: 4.82976755122877e-6
[ITP]: 3.384510666504248e-6
[ITP]: 2.3775199649023193e-6
[ITP]: 1.6736194445865493e-6
[ITP]: 1.1802274751948616e-6
[ITP]: 8.335748883370186e-7
[ITP]: 5.895273362810372e-7
[ITP]: 4.174150680658073e-7
[ITP]: 2.958509506267859e-7
[ITP]: 2.098764437796774e-7
[ITP]: 1.4900242706339384e-7
[ITP]: 1.0585745457980522e-7
[ITP]: 7.525113565609587e-8
[ITP]: 5.352267851144177e-8
[ITP]: 3.808635307134267e-8
[ITP]: 2.7113442158110956e-8
[ITP]: 1.9309163601377577e-8
[ITP]: 1.3755872219078924e-8
[ITP]: 9.802639699962867e-9
Energy of ground state: -0.5030607411950042
[TDSE] Start TDSE-SH for elliptical polarized laser. It may cost a plenty of time.
[TDSE] Running TDSE-SH-elliptical. step 0, energy = -0.5030607411950033
  |->  par_lens = 1, 1, 1
[TDSE] Running TDSE-SH-elliptical. step 200, energy = -0.5030607411948621
  |->  par_lens = 1, 1, 1
[TDSE] Running TDSE-SH-elliptical. step 400, energy = -0.5030607411947172
  |->  par_lens = 1, 1, 2
[TDSE] Running TDSE-SH-elliptical. step 600, energy = -0.5030607411944764
  |->  par_lens = 1, 1, 2
[TDSE] Running TDSE-SH-elliptical. step 800, energy = -0.5030607411939122
  |->  par_lens = 1, 1, 2
[TDSE] Running TDSE-SH-elliptical. step 1000, energy = -0.5030607411922318
  |->  par_lens = 1, 1, 2
[TDSE] Running TDSE-SH-elliptical. step 1200, energy = -0.5030607411880177
  |->  par_lens = 1, 1, 2
[TDSE] Running TDSE-SH-elliptical. step 1400, energy = -0.5030607411784208
  |->  par_lens = 1, 1, 2
[TDSE] Running TDSE-SH-elliptical. step 1600, energy = -0.5030607411593957
  |->  par_lens = 1, 1, 2
[TDSE] Running TDSE-SH-elliptical. step 1800, energy = -0.503060741123654
  |->  par_lens = 1, 1, 2
[TDSE] Running TDSE-SH-elliptical. step 2000, energy = -0.503060741060421
  |->  par_lens = 1, 1, 2
[TDSE] Running TDSE-SH-elliptical. step 2200, energy = -0.5030607409540466
  |->  par_lens = 1, 1, 2
[TDSE] Running TDSE-SH-elliptical. step 2400, energy = -0.5030607407831922
  |->  par_lens = 1, 1, 2
[TDSE] Running TDSE-SH-elliptical. step 2600, energy = -0.5030607405185197
  |->  par_lens = 1, 1, 2
[TDSE] Running TDSE-SH-elliptical. step 2800, energy = -0.5030607401226423
  |->  par_lens = 1, 1, 2
[TDSE] Running TDSE-SH-elliptical. step 3000, energy = -0.503060739544785
  |->  par_lens = 1, 1, 2
[TDSE] Running TDSE-SH-elliptical. step 3200, energy = -0.5030607387275634
  |->  par_lens = 1, 1, 2
[TDSE] Running TDSE-SH-elliptical. step 3400, energy = -0.5030607375876838
  |->  par_lens = 1, 1, 2
[TDSE] Running TDSE-SH-elliptical. step 3600, energy = -0.5030607360429912
  |->  par_lens = 1, 1, 2
[TDSE] Running TDSE-SH-elliptical. step 3800, energy = -0.50306073396906
  |->  par_lens = 1, 1, 2
[TDSE] Running TDSE-SH-elliptical. step 4000, energy = -0.5030607312542679
  |->  par_lens = 1, 1, 2
[TDSE] Running TDSE-SH-elliptical. step 4200, energy = -0.5030607277149047
  |->  par_lens = 1, 1, 2
[TDSE] Running TDSE-SH-elliptical. step 4400, energy = -0.5030607232192209
  |->  par_lens = 1, 1, 2
[TDSE] Running TDSE-SH-elliptical. step 4600, energy = -0.5030607175114788
  |->  par_lens = 1, 1, 2
[TDSE] Running TDSE-SH-elliptical. step 4800, energy = -0.5030607104165501
  |->  par_lens = 2, 2, 2
[TDSE] Running TDSE-SH-elliptical. step 5000, energy = -0.5030607016335791
  |->  par_lens = 2, 2, 2
[TDSE] Running TDSE-SH-elliptical. step 5200, energy = -0.5030606909266975
  |->  par_lens = 2, 2, 2
[TDSE] Running TDSE-SH-elliptical. step 5400, energy = -0.503060677933805
  |->  par_lens = 2, 2, 2
[TDSE] Running TDSE-SH-elliptical. step 5600, energy = -0.5030606623674362
  |->  par_lens = 2, 2, 2
[TDSE] Running TDSE-SH-elliptical. step 5800, energy = -0.5030606438481622
  |->  par_lens = 2, 2, 2
[TDSE] Running TDSE-SH-elliptical. step 6000, energy = -0.5030606219417662
  |->  par_lens = 2, 2, 2
[TDSE] Running TDSE-SH-elliptical. step 6200, energy = -0.5030605963744321
  |->  par_lens = 2, 2, 2
[TDSE] Running TDSE-SH-elliptical. step 6400, energy = -0.5030605664909992
  |->  par_lens = 2, 2, 2
[TDSE] Running TDSE-SH-elliptical. step 6600, energy = -0.5030605321282736
  |->  par_lens = 2, 2, 2
[TDSE] Running TDSE-SH-elliptical. step 6800, energy = -0.5030604925287332
  |->  par_lens = 2, 2, 2
[TDSE] Running TDSE-SH-elliptical. step 7000, energy = -0.5030604475704956
  |->  par_lens = 2, 2, 2
[TDSE] Running TDSE-SH-elliptical. step 7200, energy = -0.5030603962615909
  |->  par_lens = 2, 2, 2
[TDSE] Running TDSE-SH-elliptical. step 7400, energy = -0.5030603388974033
  |->  par_lens = 2, 2, 2
[TDSE] Running TDSE-SH-elliptical. step 7600, energy = -0.5030602741621116
  |->  par_lens = 2, 2, 2
[TDSE] Running TDSE-SH-elliptical. step 7800, energy = -0.5030602022664615
  |->  par_lens = 2, 2, 2
[TDSE] Running TDSE-SH-elliptical. step 8000, energy = -0.5030601223637952
  |->  par_lens = 2, 2, 2
[TDSE] Running TDSE-SH-elliptical. step 8200, energy = -0.5030600344668145
  |->  par_lens = 2, 2, 2
[TDSE] Running TDSE-SH-elliptical. step 8400, energy = -0.5030599376098385
  |->  par_lens = 2, 2, 2
[TDSE] Running TDSE-SH-elliptical. step 8600, energy = -0.5030598320147175
  |->  par_lens = 2, 2, 2
[TDSE] Running TDSE-SH-elliptical. step 8800, energy = -0.5030597172255756
  |->  par_lens = 2, 2, 2
[TDSE] Running TDSE-SH-elliptical. step 9000, energy = -0.5030595926694051
  |->  par_lens = 2, 2, 2
[TDSE] Running TDSE-SH-elliptical. step 9200, energy = -0.5030594589247119
  |->  par_lens = 2, 2, 2
[TDSE] Running TDSE-SH-elliptical. step 9400, energy = -0.503059314738623
  |->  par_lens = 2, 2, 2
[TDSE] Running TDSE-SH-elliptical. step 9600, energy = -0.5030591614433777
  |->  par_lens = 2, 2, 2
[TDSE] Running TDSE-SH-elliptical. step 9800, energy = -0.5030589977121909
  |->  par_lens = 2, 2, 2
[TDSE] Running TDSE-SH-elliptical. step 10000, energy = -0.5030588249727418
  |->  par_lens = 2, 2, 2
[TDSE] Running TDSE-SH-elliptical. step 10200, energy = -0.50305858705642
  |->  par_lens = 2, 2, 2
[TDSE] Running TDSE-SH-elliptical. step 10400, energy = -0.5030577614311575
  |->  par_lens = 2, 2, 2
[TDSE] Running TDSE-SH-elliptical. step 10600, energy = -0.5030567477366811
  |->  par_lens = 2, 2, 2
[TDSE] Running TDSE-SH-elliptical. step 10800, energy = -0.503057204980953
  |->  par_lens = 2, 2, 2
[TDSE] Running TDSE-SH-elliptical. step 11000, energy = -0.5030561759127359
  |->  par_lens = 3, 2, 2
[TDSE] Running TDSE-SH-elliptical. step 11200, energy = -0.5030377237187369
  |->  par_lens = 4, 3, 3
[TDSE] Running TDSE-SH-elliptical. step 11400, energy = -0.5029852171132335
  |->  par_lens = 4, 3, 3
[TDSE] Running TDSE-SH-elliptical. step 11600, energy = -0.5029196824948093
  |->  par_lens = 4, 4, 3
[TDSE] Running TDSE-SH-elliptical. step 11800, energy = -0.5029010777575926
  |->  par_lens = 4, 4, 4
[TDSE] Running TDSE-SH-elliptical. step 12000, energy = -0.5029137833620448
  |->  par_lens = 4, 4, 4
[TDSE] Running TDSE-SH-elliptical. step 12200, energy = -0.5027760192868402
  |->  par_lens = 5, 4, 4
[TDSE] Running TDSE-SH-elliptical. step 12400, energy = -0.5022841899813296
  |->  par_lens = 5, 5, 6
[TDSE] Running TDSE-SH-elliptical. step 12600, energy = -0.5015883499946349
  |->  par_lens = 6, 6, 7
[TDSE] Running TDSE-SH-elliptical. step 12800, energy = -0.501253281863776
  |->  par_lens = 7, 7, 7
[TDSE] Running TDSE-SH-elliptical. step 13000, energy = -0.5016581216596055
  |->  par_lens = 6, 7, 7
[TDSE] Running TDSE-SH-elliptical. step 13200, energy = -0.5022061130538671
  |->  par_lens = 7, 5, 6
[TDSE] Running TDSE-SH-elliptical. step 13400, energy = -0.5016514693349128
  |->  par_lens = 7, 6, 6
[TDSE] Running TDSE-SH-elliptical. step 13600, energy = -0.4996155208539871
  |->  par_lens = 8, 8, 8
[TDSE] Running TDSE-SH-elliptical. step 13800, energy = -0.49762777149669907
  |->  par_lens = 10, 10, 10
[TDSE] Running TDSE-SH-elliptical. step 14000, energy = -0.4977583713393437
  |->  par_lens = 10, 10, 10
[TDSE] Running TDSE-SH-elliptical. step 14200, energy = -0.4996749303281392
  |->  par_lens = 10, 10, 11
[TDSE] Running TDSE-SH-elliptical. step 14400, energy = -0.5000247859108734
  |->  par_lens = 10, 11, 11
[TDSE] Running TDSE-SH-elliptical. step 14600, energy = -0.4959040745459294
  |->  par_lens = 11, 11, 11
[TDSE] Running TDSE-SH-elliptical. step 14800, energy = -0.4893930337325136
  |->  par_lens = 14, 13, 14
[TDSE] Running TDSE-SH-elliptical. step 15000, energy = -0.48647820874849346
  |->  par_lens = 15, 15, 15
[TDSE] Running TDSE-SH-elliptical. step 15200, energy = -0.49044605694519205
  |->  par_lens = 17, 16, 18
[TDSE] Running TDSE-SH-elliptical. step 15400, energy = -0.496152991573873
  |->  par_lens = 19, 18, 19
[TDSE] Running TDSE-SH-elliptical. step 15600, energy = -0.49453999151896616
  |->  par_lens = 19, 19, 19
[TDSE] Running TDSE-SH-elliptical. step 15800, energy = -0.48346796447840423
  |->  par_lens = 17, 19, 18
[TDSE] Running TDSE-SH-elliptical. step 16000, energy = -0.4727072609243248
  |->  par_lens = 22, 22, 20
[TDSE] Running TDSE-SH-elliptical. step 16200, energy = -0.4737243658769781
  |->  par_lens = 24, 24, 24
[TDSE] Running TDSE-SH-elliptical. step 16400, energy = -0.485044145513292
  |->  par_lens = 29, 28, 27
[TDSE] Running TDSE-SH-elliptical. step 16600, energy = -0.4904518880218772
  |->  par_lens = 31, 29, 28
[TDSE] Running TDSE-SH-elliptical. step 16800, energy = -0.47703719588243587
  |->  par_lens = 30, 32, 29
[TDSE] Running TDSE-SH-elliptical. step 17000, energy = -0.45313825849584943
  |->  par_lens = 31, 31, 30
[TDSE] Running TDSE-SH-elliptical. step 17200, energy = -0.44251285882107066
  |->  par_lens = 37, 35, 37
[TDSE] Running TDSE-SH-elliptical. step 17400, energy = -0.4567266531212146
  |->  par_lens = 44, 41, 44
[TDSE] Running TDSE-SH-elliptical. step 17600, energy = -0.47863787177473555
  |->  par_lens = 49, 49, 49
[TDSE] Running TDSE-SH-elliptical. step 17800, energy = -0.4775518846106979
  |->  par_lens = 51, 51, 49
[TDSE] Running TDSE-SH-elliptical. step 18000, energy = -0.4466053547178119
  |->  par_lens = 48, 44, 46
[TDSE] Running TDSE-SH-elliptical. step 18200, energy = -0.4157152383750463
  |->  par_lens = 46, 47, 46
[TDSE] Running TDSE-SH-elliptical. step 18400, energy = -0.41836337971125004
  |->  par_lens = 59, 58, 58
[TDSE] Running TDSE-SH-elliptical. step 18600, energy = -0.4509465578612504
  |->  par_lens = 70, 68, 70
[TDSE] Running TDSE-SH-elliptical. step 18800, energy = -0.47089218122322746
  |->  par_lens = 76, 73, 75
[TDSE] Running TDSE-SH-elliptical. step 19000, energy = -0.44300597885939075
  |->  par_lens = 73, 70, 72
[TDSE] Running TDSE-SH-elliptical. step 19200, energy = -0.3879057323370758
  |->  par_lens = 66, 64, 66
[TDSE] Running TDSE-SH-elliptical. step 19400, energy = -0.36316923260046713
  |->  par_lens = 78, 74, 71
[TDSE] Running TDSE-SH-elliptical. step 19600, energy = -0.3943257232195615
  |->  par_lens = 94, 97, 95
[TDSE] Running TDSE-SH-elliptical. step 19800, energy = -0.4463974681781593
  |->  par_lens = 111, 113, 110
[TDSE] Running TDSE-SH-elliptical. step 20000, energy = -0.4507670696642714
  |->  par_lens = 115, 118, 114
[TDSE] Running TDSE-SH-elliptical. step 20200, energy = -0.39056229472611914
  |->  par_lens = 111, 110, 110
[TDSE] Running TDSE-SH-elliptical. step 20400, energy = -0.3293695543309993
  |->  par_lens = 92, 92, 90
[TDSE] Running TDSE-SH-elliptical. step 20600, energy = -0.3343228617671395
  |->  par_lens = 117, 113, 113
[TDSE] Running TDSE-SH-elliptical. step 20800, energy = -0.3966710340623769
  |->  par_lens = 140, 144, 146
[TDSE] Running TDSE-SH-elliptical. step 21000, energy = -0.44225554374214043
  |->  par_lens = 156, 155, 152
[TDSE] Running TDSE-SH-elliptical. step 21200, energy = -0.3992663953122122
  |->  par_lens = 156, 151, 151
[TDSE] Running TDSE-SH-elliptical. step 21400, energy = -0.3037105496529626
  |->  par_lens = 141, 137, 141
[TDSE] Running TDSE-SH-elliptical. step 21600, energy = -0.26197430695157026
  |->  par_lens = 133, 131, 137
[TDSE] Running TDSE-SH-elliptical. step 21800, energy = -0.3129348308539144
  |->  par_lens = 174, 172, 176
[TDSE] Running TDSE-SH-elliptical. step 22000, energy = -0.40195889492496456
  |->  par_lens = 207, 208, 204
[TDSE] Running TDSE-SH-elliptical. step 22200, energy = -0.4191379215000221
  |->  par_lens = 217, 215, 213
[TDSE] Running TDSE-SH-elliptical. step 22400, energy = -0.3282527788456363
  |->  par_lens = 207, 210, 208
[TDSE] Running TDSE-SH-elliptical. step 22600, energy = -0.23300405554674697
  |->  par_lens = 181, 172, 187
[TDSE] Running TDSE-SH-elliptical. step 22800, energy = -0.24278152297716957
  |->  par_lens = 197, 190, 188
[TDSE] Running TDSE-SH-elliptical. step 23000, energy = -0.333069397287026
  |->  par_lens = 239, 240, 238
[TDSE] Running TDSE-SH-elliptical. step 23200, energy = -0.4081623020515848
  |->  par_lens = 258, 259, 258
[TDSE] Running TDSE-SH-elliptical. step 23400, energy = -0.35710127540935777
  |->  par_lens = 252, 260, 257
[TDSE] Running TDSE-SH-elliptical. step 23600, energy = -0.2236895611580599
  |->  par_lens = 235, 233, 236
[TDSE] Running TDSE-SH-elliptical. step 23800, energy = -0.1659495694171626
  |->  par_lens = 217, 213, 215
[TDSE] Running TDSE-SH-elliptical. step 24000, energy = -0.2359898223336802
  |->  par_lens = 265, 258, 261
[TDSE] Running TDSE-SH-elliptical. step 24200, energy = -0.35403185551561117
  |->  par_lens = 309, 314, 312
[TDSE] Running TDSE-SH-elliptical. step 24400, energy = -0.38776352682120213
  |->  par_lens = 321, 319, 317
[TDSE] Running TDSE-SH-elliptical. step 24600, energy = -0.2789631860464833
  |->  par_lens = 310, 315, 306
[TDSE] Running TDSE-SH-elliptical. step 24800, energy = -0.15680106202872424
  |->  par_lens = 277, 281, 273
[TDSE] Running TDSE-SH-elliptical. step 25000, energy = -0.1705169391016158
  |->  par_lens = 267, 285, 275
[TDSE] Running TDSE-SH-elliptical. step 25200, energy = -0.2783599486004913
  |->  par_lens = 325, 327, 323
[TDSE] Running TDSE-SH-elliptical. step 25400, energy = -0.374793545537581
  |->  par_lens = 348, 345, 351
[TDSE] Running TDSE-SH-elliptical. step 25600, energy = -0.32684203881504814
  |->  par_lens = 349, 346, 348
[TDSE] Running TDSE-SH-elliptical. step 25800, energy = -0.1767066813740622
  |->  par_lens = 328, 328, 326
[TDSE] Running TDSE-SH-elliptical. step 26000, energy = -0.10819312545273757
  |->  par_lens = 315, 314, 306
[TDSE] Running TDSE-SH-elliptical. step 26200, energy = -0.1870587424821935
  |->  par_lens = 344, 351, 349
[TDSE] Running TDSE-SH-elliptical. step 26400, energy = -0.3161012122398675
  |->  par_lens = 375, 373, 377
[TDSE] Running TDSE-SH-elliptical. step 26600, energy = -0.36363020578385885
  |->  par_lens = 387, 383, 386
[TDSE] Running TDSE-SH-elliptical. step 26800, energy = -0.2591516494599348
  |->  par_lens = 376, 376, 372
[TDSE] Running TDSE-SH-elliptical. step 27000, energy = -0.1316678041148615
  |->  par_lens = 355, 355, 359
[TDSE] Running TDSE-SH-elliptical. step 27200, energy = -0.1439748617596525
  |->  par_lens = 355, 348, 359
[TDSE] Running TDSE-SH-elliptical. step 27400, energy = -0.250846305857719
  |->  par_lens = 378, 382, 382
[TDSE] Running TDSE-SH-elliptical. step 27600, energy = -0.3526847863393829
  |->  par_lens = 401, 390, 397
[TDSE] Running TDSE-SH-elliptical. step 27800, energy = -0.3176387431540868
  |->  par_lens = 397, 391, 399
[TDSE] Running TDSE-SH-elliptical. step 28000, energy = -0.1792544832419328
  |->  par_lens = 387, 378, 390
[TDSE] Running TDSE-SH-elliptical. step 28200, energy = -0.11271852883703161
  |->  par_lens = 378, 380, 380
[TDSE] Running TDSE-SH-elliptical. step 28400, energy = -0.18282389535829854
  |->  par_lens = 397, 396, 397
[TDSE] Running TDSE-SH-elliptical. step 28600, energy = -0.3039730634983094
  |->  par_lens = 415, 408, 408
[TDSE] Running TDSE-SH-elliptical. step 28800, energy = -0.35730311150751387
  |->  par_lens = 421, 415, 414
[TDSE] Running TDSE-SH-elliptical. step 29000, energy = -0.2745294787722774
  |->  par_lens = 412, 404, 407
[TDSE] Running TDSE-SH-elliptical. step 29200, energy = -0.16622178665756318
  |->  par_lens = 394, 407, 389
[TDSE] Running TDSE-SH-elliptical. step 29400, energy = -0.17268851303614546
  |->  par_lens = 386, 384, 392
[TDSE] Running TDSE-SH-elliptical. step 29600, energy = -0.26116007905386934
  |->  par_lens = 403, 404, 399
[TDSE] Running TDSE-SH-elliptical. step 29800, energy = -0.35415755672035404
  |->  par_lens = 412, 408, 410
[TDSE] Running TDSE-SH-elliptical. step 30000, energy = -0.334825199126968
  |->  par_lens = 417, 411, 412
[TDSE] Running TDSE-SH-elliptical. step 30200, energy = -0.22931629771650194
  |->  par_lens = 413, 406, 409
[TDSE] Running TDSE-SH-elliptical. step 30400, energy = -0.17481425875430504
  |->  par_lens = 400, 398, 400
[TDSE] Running TDSE-SH-elliptical. step 30600, energy = -0.22393094826847687
  |->  par_lens = 414, 417, 413
[TDSE] Running TDSE-SH-elliptical. step 30800, energy = -0.3223707404790178
  |->  par_lens = 421, 422, 420
[TDSE] Running TDSE-SH-elliptical. step 31000, energy = -0.37303136820516847
  |->  par_lens = 426, 423, 431
[TDSE] Running TDSE-SH-elliptical. step 31200, energy = -0.318657972641808
  |->  par_lens = 424, 422, 422
[TDSE] Running TDSE-SH-elliptical. step 31400, energy = -0.24516628147848316
  |->  par_lens = 417, 412, 416
[TDSE] Running TDSE-SH-elliptical. step 31600, energy = -0.24116351526229873
  |->  par_lens = 402, 408, 400
[TDSE] Running TDSE-SH-elliptical. step 31800, energy = -0.306427871795573
  |->  par_lens = 411, 402, 410
[TDSE] Running TDSE-SH-elliptical. step 32000, energy = -0.3769497499174083
  |->  par_lens = 412, 409, 415
[TDSE] Running TDSE-SH-elliptical. step 32200, energy = -0.3695246084795205
  |->  par_lens = 409, 415, 414
[TDSE] Running TDSE-SH-elliptical. step 32400, energy = -0.3030398077077438
  |->  par_lens = 403, 403, 407
[TDSE] Running TDSE-SH-elliptical. step 32600, energy = -0.26527112014814586
  |->  par_lens = 414, 404, 409
[TDSE] Running TDSE-SH-elliptical. step 32800, energy = -0.29449030781039925
  |->  par_lens = 419, 423, 413
[TDSE] Running TDSE-SH-elliptical. step 33000, energy = -0.36170465243008243
  |->  par_lens = 429, 435, 424
[TDSE] Running TDSE-SH-elliptical. step 33200, energy = -0.3981484359372263
  |->  par_lens = 431, 434, 428
[TDSE] Running TDSE-SH-elliptical. step 33400, energy = -0.37191986361404494
  |->  par_lens = 429, 432, 422
[TDSE] Running TDSE-SH-elliptical. step 33600, energy = -0.32861585064718213
  |->  par_lens = 428, 420, 424
[TDSE] Running TDSE-SH-elliptical. step 33800, energy = -0.32513436065055584
  |->  par_lens = 411, 399, 409
[TDSE] Running TDSE-SH-elliptical. step 34000, energy = -0.362259097684562
  |->  par_lens = 406, 406, 398
[TDSE] Running TDSE-SH-elliptical. step 34200, energy = -0.40392680682072746
  |->  par_lens = 416, 408, 403
[TDSE] Running TDSE-SH-elliptical. step 34400, energy = -0.40352310974318656
  |->  par_lens = 412, 403, 396
[TDSE] Running TDSE-SH-elliptical. step 34600, energy = -0.371326816489889
  |->  par_lens = 421, 408, 404
[TDSE] Running TDSE-SH-elliptical. step 34800, energy = -0.34893691349957334
  |->  par_lens = 417, 406, 408
[TDSE] Running TDSE-SH-elliptical. step 35000, energy = -0.36460674778271224
  |->  par_lens = 416, 421, 408
[TDSE] Running TDSE-SH-elliptical. step 35200, energy = -0.3985972591065241
  |->  par_lens = 420, 426, 412
[TDSE] Running TDSE-SH-elliptical. step 35400, energy = -0.4200390806009873
  |->  par_lens = 424, 425, 418
[TDSE] Running TDSE-SH-elliptical. step 35600, energy = -0.4110791071012208
  |->  par_lens = 427, 425, 421
[TDSE] Running TDSE-SH-elliptical. step 35800, energy = -0.3940565145652844
  |->  par_lens = 419, 420, 412
[TDSE] Running TDSE-SH-elliptical. step 36000, energy = -0.38936188944751504
  |->  par_lens = 399, 403, 400
[TDSE] Running TDSE-SH-elliptical. step 36200, energy = -0.4080825995967964
  |->  par_lens = 387, 390, 383
[TDSE] Running TDSE-SH-elliptical. step 36400, energy = -0.42394474709475827
  |->  par_lens = 375, 383, 370
[TDSE] Running TDSE-SH-elliptical. step 36600, energy = -0.42634818928097373
  |->  par_lens = 370, 371, 362
[TDSE] Running TDSE-SH-elliptical. step 36800, energy = -0.41377362615967345
  |->  par_lens = 369, 372, 360
[TDSE] Running TDSE-SH-elliptical. step 37000, energy = -0.40696106973010243
  |->  par_lens = 370, 381, 362
[TDSE] Running TDSE-SH-elliptical. step 37200, energy = -0.41113101733219476
  |->  par_lens = 370, 383, 363
[TDSE] Running TDSE-SH-elliptical. step 37400, energy = -0.42429089007635573
  |->  par_lens = 374, 389, 361
[TDSE] Running TDSE-SH-elliptical. step 37600, energy = -0.4330522219957398
  |->  par_lens = 370, 379, 358
[TDSE] Running TDSE-SH-elliptical. step 37800, energy = -0.43177010045275654
  |->  par_lens = 363, 372, 357
[TDSE] Running TDSE-SH-elliptical. step 38000, energy = -0.4272752818422127
  |->  par_lens = 355, 355, 344
[TDSE] Running TDSE-SH-elliptical. step 38200, energy = -0.42723040091350395
  |->  par_lens = 338, 341, 323
[TDSE] Running TDSE-SH-elliptical. step 38400, energy = -0.4304972293704866
  |->  par_lens = 313, 321, 300
[TDSE] Running TDSE-SH-elliptical. step 38600, energy = -0.43590662056753726
  |->  par_lens = 305, 307, 296
[TDSE] Running TDSE-SH-elliptical. step 38800, energy = -0.4359626514372897
  |->  par_lens = 300, 283, 288
[TDSE] Running TDSE-SH-elliptical. step 39000, energy = -0.4338694858414455
  |->  par_lens = 293, 280, 287
[TDSE] Running TDSE-SH-elliptical. step 39200, energy = -0.432520126121059
  |->  par_lens = 291, 281, 287
[TDSE] Running TDSE-SH-elliptical. step 39400, energy = -0.4330974236675631
  |->  par_lens = 292, 285, 284
[TDSE] Running TDSE-SH-elliptical. step 39600, energy = -0.43635736058067653
  |->  par_lens = 292, 283, 287
[TDSE] Running TDSE-SH-elliptical. step 39800, energy = -0.43782869332920105
  |->  par_lens = 291, 279, 281
[TDSE] Running TDSE-SH-elliptical. step 40000, energy = -0.43861124983520455
  |->  par_lens = 285, 276, 279
[TDSE] Running TDSE-SH-elliptical. step 40200, energy = -0.43842936509056435
  |->  par_lens = 280, 272, 278
[TDSE] Running TDSE-SH-elliptical. step 40400, energy = -0.438338515857938
  |->  par_lens = 273, 268, 268
[TDSE] Running TDSE-SH-elliptical. step 40600, energy = -0.43896488181171484
  |->  par_lens = 265, 257, 265
[TDSE] Running TDSE-SH-elliptical. step 40800, energy = -0.4392196612184932
  |->  par_lens = 263, 257, 262
[TDSE] Running TDSE-SH-elliptical. step 41000, energy = -0.43931410597509696
  |->  par_lens = 258, 252, 256
[TDSE] Running TDSE-SH-elliptical. step 41200, energy = -0.4393779627538714
  |->  par_lens = 254, 252, 251
[TDSE] Running TDSE-SH-elliptical. step 41400, energy = -0.43920660389228694
  |->  par_lens = 255, 254, 247
[TDSE] Running TDSE-SH-elliptical. step 41600, energy = -0.43955171646807906
  |->  par_lens = 254, 250, 249
[TDSE] Running TDSE-SH-elliptical. step 41800, energy = -0.4396988689524116
  |->  par_lens = 251, 251, 249
[TDSE] Running TDSE-SH-elliptical. step 42000, energy = -0.4399749961108474
  |->  par_lens = 251, 248, 248
[TDSE] Running TDSE-SH-elliptical. step 42200, energy = -0.4401364885157534
  |->  par_lens = 249, 248, 246
[TDSE] Running TDSE-SH-elliptical. step 42400, energy = -0.44034552162131596
  |->  par_lens = 248, 247, 246
[TDSE] Running TDSE-SH-elliptical. step 42600, energy = -0.44046426241151293
  |->  par_lens = 247, 244, 246
[TDSE] Running TDSE-SH-elliptical. step 42800, energy = -0.4406156409780769
  |->  par_lens = 247, 242, 246
[TDSE] Running TDSE-SH-elliptical. step 43000, energy = -0.44078590719033356
  |->  par_lens = 247, 243, 245
