  Activating project at `~/JuliaProp_v0.1`
[ITP]: 10000.500151030976
[ITP]: 3.0490838964780664e-8
[ITP]: 7.575335692067142e-9
Energy of ground state: -0.5001510690415283
[TDSE] Runing TDSE-SH-linear. step 0 energy = -0.5001510690415288 
     | block_size = 3 
[TDSE] Runing TDSE-SH-linear. step 200 energy = -0.5001510690414543 
     | block_size = 3 
[TDSE] Runing TDSE-SH-linear. step 400 energy = -0.5001510690412488 
     | block_size = 3 
[TDSE] Runing TDSE-SH-linear. step 600 energy = -0.5001510690397578 
     | block_size = 3 
[TDSE] Runing TDSE-SH-linear. step 800 energy = -0.5001510690324179 
     | block_size = 3 
[TDSE] Runing TDSE-SH-linear. step 1000 energy = -0.5001510690076049 
     | block_size = 3 
[TDSE] Runing TDSE-SH-linear. step 1200 energy = -0.5001510689412489 
     | block_size = 3 
[TDSE] Runing TDSE-SH-linear. step 1400 energy = -0.5001510687905257 
     | block_size = 3 
[TDSE] Runing TDSE-SH-linear. step 1600 energy = -0.5001510684862789 
     | block_size = 3 
[TDSE] Runing TDSE-SH-linear. step 1800 energy = -0.5001510679235965 
     | block_size = 3 
[TDSE] Runing TDSE-SH-linear. step 2000 energy = -0.5001510669559299 
     | block_size = 3 
[TDSE] Runing TDSE-SH-linear. step 2200 energy = -0.500151065376192 
     | block_size = 3 
[TDSE] Runing TDSE-SH-linear. step 2400 energy = -0.5001510629227666 
     | block_size = 3 
[TDSE] Runing TDSE-SH-linear. step 2600 energy = -0.5001510592504599 
     | block_size = 3 
[TDSE] Runing TDSE-SH-linear. step 2800 energy = -0.5001510539289904 
     | block_size = 3 
[TDSE] Runing TDSE-SH-linear. step 3000 energy = -0.5001510464510552 
     | block_size = 4 
[TDSE] Runing TDSE-SH-linear. step 3200 energy = -0.5001510361630315 
     | block_size = 4 
[TDSE] Runing TDSE-SH-linear. step 3400 energy = -0.5001510223847384 
     | block_size = 4 
[TDSE] Runing TDSE-SH-linear. step 3600 energy = -0.5001510041850183 
     | block_size = 4 
[TDSE] Runing TDSE-SH-linear. step 3800 energy = -0.5001509806287696 
     | block_size = 4 
[TDSE] Runing TDSE-SH-linear. step 4000 energy = -0.500150950702748 
     | block_size = 4 
[TDSE] Runing TDSE-SH-linear. step 4200 energy = -0.5001509129203208 
     | block_size = 4 
[TDSE] Runing TDSE-SH-linear. step 4400 energy = -0.5001508662154269 
     | block_size = 4 
[TDSE] Runing TDSE-SH-linear. step 4600 energy = -0.5001508089140386 
     | block_size = 4 
[TDSE] Runing TDSE-SH-linear. step 4800 energy = -0.5001507394725022 
     | block_size = 4 
[TDSE] Runing TDSE-SH-linear. step 5000 energy = -0.5001506561911917 
     | block_size = 4 
[TDSE] Runing TDSE-SH-linear. step 5200 energy = -0.5001505568516057 
     | block_size = 4 
[TDSE] Runing TDSE-SH-linear. step 5400 energy = -0.5001504406287092 
     | block_size = 4 
[TDSE] Runing TDSE-SH-linear. step 5600 energy = -0.5001503040260779 
     | block_size = 4 
[TDSE] Runing TDSE-SH-linear. step 5800 energy = -0.5001501456409906 
     | block_size = 4 
[TDSE] Runing TDSE-SH-linear. step 6000 energy = -0.5001499642892446 
     | block_size = 4 
[TDSE] Runing TDSE-SH-linear. step 6200 energy = -0.5001497558906994 
     | block_size = 4 
[TDSE] Runing TDSE-SH-linear. step 6400 energy = -0.500149520152271 
     | block_size = 4 
[TDSE] Runing TDSE-SH-linear. step 6600 energy = -0.5001492530149205 
     | block_size = 4 
[TDSE] Runing TDSE-SH-linear. step 6800 energy = -0.5001489546402603 
     | block_size = 4 
[TDSE] Runing TDSE-SH-linear. step 7000 energy = -0.5001486219940352 
     | block_size = 4 
[TDSE] Runing TDSE-SH-linear. step 7200 energy = -0.5001482501927281 
     | block_size = 4 
[TDSE] Runing TDSE-SH-linear. step 7400 energy = -0.50014784414493 
     | block_size = 4 
[TDSE] Runing TDSE-SH-linear. step 7600 energy = -0.5001473952248956 
     | block_size = 5 
[TDSE] Runing TDSE-SH-linear. step 7800 energy = -0.5001469053449448 
     | block_size = 5 
[TDSE] Runing TDSE-SH-linear. step 8000 energy = -0.5001463742464366 
     | block_size = 5 
[TDSE] Runing TDSE-SH-linear. step 8200 energy = -0.5001457956031563 
     | block_size = 5 
[TDSE] Runing TDSE-SH-linear. step 8400 energy = -0.5001451769738174 
     | block_size = 5 
[TDSE] Runing TDSE-SH-linear. step 8600 energy = -0.5001445076992741 
     | block_size = 5 
[TDSE] Runing TDSE-SH-linear. step 8800 energy = -0.5001437965657004 
     | block_size = 5 
[TDSE] Runing TDSE-SH-linear. step 9000 energy = -0.5001430385640243 
     | block_size = 5 
[TDSE] Runing TDSE-SH-linear. step 9200 energy = -0.5001422287956714 
     | block_size = 5 
[TDSE] Runing TDSE-SH-linear. step 9400 energy = -0.50014138689192 
     | block_size = 5 
[TDSE] Runing TDSE-SH-linear. step 9600 energy = -0.5001404884976985 
     | block_size = 6 
[TDSE] Runing TDSE-SH-linear. step 9800 energy = -0.5001395487998144 
     | block_size = 6 
[TDSE] Runing TDSE-SH-linear. step 10000 energy = -0.5001385730633685 
     | block_size = 6 
[TDSE] Runing TDSE-SH-linear. step 10200 energy = -0.5001374410766989 
     | block_size = 6 
[TDSE] Runing TDSE-SH-linear. step 10400 energy = -0.5001355792043747 
     | block_size = 6 
[TDSE] Runing TDSE-SH-linear. step 10600 energy = -0.5001339409830747 
     | block_size = 6 
[TDSE] Runing TDSE-SH-linear. step 10800 energy = -0.5001355459354484 
     | block_size = 6 
[TDSE] Runing TDSE-SH-linear. step 11000 energy = -0.5001424106914572 
     | block_size = 6 
[TDSE] Runing TDSE-SH-linear. step 11200 energy = -0.500149805752372 
     | block_size = 6 
[TDSE] Runing TDSE-SH-linear. step 11400 energy = -0.5001492715323633 
     | block_size = 6 
[TDSE] Runing TDSE-SH-linear. step 11600 energy = -0.5001435315484735 
     | block_size = 6 
[TDSE] Runing TDSE-SH-linear. step 11800 energy = -0.500146954720366 
     | block_size = 6 
[TDSE] Runing TDSE-SH-linear. step 12000 energy = -0.5001452195832612 
     | block_size = 6 
[TDSE] Runing TDSE-SH-linear. step 12200 energy = -0.5000616742130308 
     | block_size = 6 
[TDSE] Runing TDSE-SH-linear. step 12400 energy = -0.4998251434092755 
     | block_size = 7 
[TDSE] Runing TDSE-SH-linear. step 12600 energy = -0.49952015882556716 
     | block_size = 7 
[TDSE] Runing TDSE-SH-linear. step 12800 energy = -0.499410049790553 
     | block_size = 8 
[TDSE] Runing TDSE-SH-linear. step 13000 energy = -0.49966841528705397 
     | block_size = 8 
[TDSE] Runing TDSE-SH-linear. step 13200 energy = -0.5000598977310211 
     | block_size = 9 
[TDSE] Runing TDSE-SH-linear. step 13400 energy = -0.5000573502158404 
     | block_size = 9 
[TDSE] Runing TDSE-SH-linear. step 13600 energy = -0.49947128517950434 
     | block_size = 8 
[TDSE] Runing TDSE-SH-linear. step 13800 energy = -0.4988811712607907 
     | block_size = 8 
[TDSE] Runing TDSE-SH-linear. step 14000 energy = -0.49907229400518643 
     | block_size = 7 
[TDSE] Runing TDSE-SH-linear. step 14200 energy = -0.4998831894692872 
     | block_size = 6 
[TDSE] Runing TDSE-SH-linear. step 14400 energy = -0.4999421915442926 
     | block_size = 6 
[TDSE] Runing TDSE-SH-linear. step 14600 energy = -0.49814472317379394 
     | block_size = 7 
[TDSE] Runing TDSE-SH-linear. step 14800 energy = -0.49543860953751045 
     | block_size = 8 
[TDSE] Runing TDSE-SH-linear. step 15000 energy = -0.4944168880390413 
     | block_size = 9 
[TDSE] Runing TDSE-SH-linear. step 15200 energy = -0.49644494327111416 
     | block_size = 11 
[TDSE] Runing TDSE-SH-linear. step 15400 energy = -0.49943821235857044 
     | block_size = 11 
[TDSE] Runing TDSE-SH-linear. step 15600 energy = -0.49958104616275845 
     | block_size = 11 
[TDSE] Runing TDSE-SH-linear. step 15800 energy = -0.4958959009128474 
     | block_size = 11 
[TDSE] Runing TDSE-SH-linear. step 16000 energy = -0.4921910133762863 
     | block_size = 9 
[TDSE] Runing TDSE-SH-linear. step 16200 energy = -0.49307606267399623 
     | block_size = 9 
[TDSE] Runing TDSE-SH-linear. step 16400 energy = -0.49780517829747617 
     | block_size = 9 
[TDSE] Runing TDSE-SH-linear. step 16600 energy = -0.4997988644522718 
     | block_size = 10 
[TDSE] Runing TDSE-SH-linear. step 16800 energy = -0.49398769276080723 
     | block_size = 9 
[TDSE] Runing TDSE-SH-linear. step 17000 energy = -0.4840632253145124 
     | block_size = 10 
[TDSE] Runing TDSE-SH-linear. step 17200 energy = -0.48002846800826665 
     | block_size = 11 
[TDSE] Runing TDSE-SH-linear. step 17400 energy = -0.4868820959191624 
     | block_size = 13 
[TDSE] Runing TDSE-SH-linear. step 17600 energy = -0.49733595596351754 
     | block_size = 14 
[TDSE] Runing TDSE-SH-linear. step 17800 energy = -0.4987133131581592 
     | block_size = 14 
[TDSE] Runing TDSE-SH-linear. step 18000 energy = -0.487879830037412 
     | block_size = 13 
[TDSE] Runing TDSE-SH-linear. step 18200 energy = -0.4765806243794455 
     | block_size = 11 
[TDSE] Runing TDSE-SH-linear. step 18400 energy = -0.47855011779978407 
     | block_size = 12 
[TDSE] Runing TDSE-SH-linear. step 18600 energy = -0.49208625031158104 
     | block_size = 13 
[TDSE] Runing TDSE-SH-linear. step 18800 energy = -0.499585888410317 
     | block_size = 13 
[TDSE] Runing TDSE-SH-linear. step 19000 energy = -0.48742866349183483 
     | block_size = 13 
[TDSE] Runing TDSE-SH-linear. step 19200 energy = -0.4643001520931041 
     | block_size = 12 
[TDSE] Runing TDSE-SH-linear. step 19400 energy = -0.4541353148850771 
     | block_size = 14 
[TDSE] Runing TDSE-SH-linear. step 19600 energy = -0.46900702118184007 
     | block_size = 15 
[TDSE] Runing TDSE-SH-linear. step 19800 energy = -0.49287466027932453 
     | block_size = 17 
[TDSE] Runing TDSE-SH-linear. step 20000 energy = -0.4977874194839412 
     | block_size = 17 
[TDSE] Runing TDSE-SH-linear. step 20200 energy = -0.4765084581012459 
     | block_size = 16 
[TDSE] Runing TDSE-SH-linear. step 20400 energy = -0.4531267171417504 
     | block_size = 14 
[TDSE] Runing TDSE-SH-linear. step 20600 energy = -0.45585583780076855 
     | block_size = 16 
[TDSE] Runing TDSE-SH-linear. step 20800 energy = -0.48234703281154373 
     | block_size = 17 
[TDSE] Runing TDSE-SH-linear. step 21000 energy = -0.4991887344259495 
     | block_size = 18 
[TDSE] Runing TDSE-SH-linear. step 21200 energy = -0.4801446569794973 
     | block_size = 17 
[TDSE] Runing TDSE-SH-linear. step 21400 energy = -0.439927013375126 
     | block_size = 16 
[TDSE] Runing TDSE-SH-linear. step 21600 energy = -0.42091786217622057 
     | block_size = 17 
[TDSE] Runing TDSE-SH-linear. step 21800 energy = -0.44506465685795443 
     | block_size = 20 
[TDSE] Runing TDSE-SH-linear. step 22000 energy = -0.4860395558161155 
     | block_size = 22 
[TDSE] Runing TDSE-SH-linear. step 22200 energy = -0.497249123517954 
     | block_size = 22 
[TDSE] Runing TDSE-SH-linear. step 22400 energy = -0.4655121829600179 
     | block_size = 21 
[TDSE] Runing TDSE-SH-linear. step 22600 energy = -0.428520028822554 
     | block_size = 18 
[TDSE] Runing TDSE-SH-linear. step 22800 energy = -0.4308525068787049 
     | block_size = 19 
[TDSE] Runing TDSE-SH-linear. step 23000 energy = -0.47071622240639954 
     | block_size = 21 
[TDSE] Runing TDSE-SH-linear. step 23200 energy = -0.4985449792609426 
     | block_size = 22 
[TDSE] Runing TDSE-SH-linear. step 23400 energy = -0.47463819322271417 
     | block_size = 22 
[TDSE] Runing TDSE-SH-linear. step 23600 energy = -0.41859387651298435 
     | block_size = 19 
[TDSE] Runing TDSE-SH-linear. step 23800 energy = -0.3902474657907782 
     | block_size = 19 
[TDSE] Runing TDSE-SH-linear. step 24000 energy = -0.42160524624169554 
     | block_size = 23 
[TDSE] Runing TDSE-SH-linear. step 24200 energy = -0.4782089554364086 
     | block_size = 26 
[TDSE] Runing TDSE-SH-linear. step 24400 energy = -0.4973276757144739 
     | block_size = 27 
[TDSE] Runing TDSE-SH-linear. step 24600 energy = -0.4594178877709557 
     | block_size = 25 
[TDSE] Runing TDSE-SH-linear. step 24800 energy = -0.41213129271825283 
     | block_size = 22 
[TDSE] Runing TDSE-SH-linear. step 25000 energy = -0.4127109119213103 
     | block_size = 21 
[TDSE] Runing TDSE-SH-linear. step 25200 energy = -0.46136746482754243 
     | block_size = 24 
[TDSE] Runing TDSE-SH-linear. step 25400 energy = -0.49780038206455696 
     | block_size = 26 
[TDSE] Runing TDSE-SH-linear. step 25600 energy = -0.47292340387822157 
     | block_size = 25 
[TDSE] Runing TDSE-SH-linear. step 25800 energy = -0.40810155250554964 
     | block_size = 22 
[TDSE] Runing TDSE-SH-linear. step 26000 energy = -0.37322233308296177 
     | block_size = 22 
[TDSE] Runing TDSE-SH-linear. step 26200 energy = -0.4068381856787758 
     | block_size = 26 
[TDSE] Runing TDSE-SH-linear. step 26400 energy = -0.47183349644933725 
     | block_size = 29 
[TDSE] Runing TDSE-SH-linear. step 26600 energy = -0.4978788759590552 
     | block_size = 31 
[TDSE] Runing TDSE-SH-linear. step 26800 energy = -0.4609903327168575 
     | block_size = 29 
[TDSE] Runing TDSE-SH-linear. step 27000 energy = -0.41098598953665993 
     | block_size = 25 
[TDSE] Runing TDSE-SH-linear. step 27200 energy = -0.4092026796649814 
     | block_size = 22 
[TDSE] Runing TDSE-SH-linear. step 27400 energy = -0.45837580969949754 
     | block_size = 25 
[TDSE] Runing TDSE-SH-linear. step 27600 energy = -0.4973056368431272 
     | block_size = 27 
[TDSE] Runing TDSE-SH-linear. step 27800 energy = -0.4754408631461319 
     | block_size = 26 
[TDSE] Runing TDSE-SH-linear. step 28000 energy = -0.412299483354508 
     | block_size = 23 
[TDSE] Runing TDSE-SH-linear. step 28200 energy = -0.3762209728583484 
     | block_size = 25 
[TDSE] Runing TDSE-SH-linear. step 28400 energy = -0.4064402344070107 
     | block_size = 29 
[TDSE] Runing TDSE-SH-linear. step 28600 energy = -0.4693089539848025 
     | block_size = 33 
[TDSE] Runing TDSE-SH-linear. step 28800 energy = -0.49850403314361824 
     | block_size = 34 
[TDSE] Runing TDSE-SH-linear. step 29000 energy = -0.46956723737904066 
     | block_size = 33 
[TDSE] Runing TDSE-SH-linear. step 29200 energy = -0.4256955121746593 
     | block_size = 29 
[TDSE] Runing TDSE-SH-linear. step 29400 energy = -0.42229026827957633 
     | block_size = 25 
[TDSE] Runing TDSE-SH-linear. step 29600 energy = -0.4632991741322951 
     | block_size = 24 
[TDSE] Runing TDSE-SH-linear. step 29800 energy = -0.4974117246366134 
     | block_size = 26 
[TDSE] Runing TDSE-SH-linear. step 30000 energy = -0.4809917817044988 
     | block_size = 25 
[TDSE] Runing TDSE-SH-linear. step 30200 energy = -0.42909657429159315 
     | block_size = 24 
[TDSE] Runing TDSE-SH-linear. step 30400 energy = -0.39776735524418627 
     | block_size = 28 
[TDSE] Runing TDSE-SH-linear. step 30600 energy = -0.42052521359672934 
     | block_size = 32 
[TDSE] Runing TDSE-SH-linear. step 30800 energy = -0.47169951204807903 
     | block_size = 36 
[TDSE] Runing TDSE-SH-linear. step 31000 energy = -0.4988386004302235 
     | block_size = 37 
[TDSE] Runing TDSE-SH-linear. step 31200 energy = -0.4813817604475859 
     | block_size = 36 
[TDSE] Runing TDSE-SH-linear. step 31400 energy = -0.4501201201508491 
     | block_size = 33 
[TDSE] Runing TDSE-SH-linear. step 31600 energy = -0.4463890163297885 
     | block_size = 30 
[TDSE] Runing TDSE-SH-linear. step 31800 energy = -0.474167527402691 
     | block_size = 27 
[TDSE] Runing TDSE-SH-linear. step 32000 energy = -0.49816582120875397 
     | block_size = 26 
[TDSE] Runing TDSE-SH-linear. step 32200 energy = -0.48742724570261814 
     | block_size = 26 
[TDSE] Runing TDSE-SH-linear. step 32400 energy = -0.45191568289133044 
     | block_size = 29 
[TDSE] Runing TDSE-SH-linear. step 32600 energy = -0.42957520770717716 
     | block_size = 32 
[TDSE] Runing TDSE-SH-linear. step 32800 energy = -0.4436140291098853 
     | block_size = 36 
[TDSE] Runing TDSE-SH-linear. step 33000 energy = -0.47786655573286024 
     | block_size = 39 
[TDSE] Runing TDSE-SH-linear. step 33200 energy = -0.498775273063814 
     | block_size = 40 
[TDSE] Runing TDSE-SH-linear. step 33400 energy = -0.4919152262902913 
     | block_size = 40 
[TDSE] Runing TDSE-SH-linear. step 33600 energy = -0.4748243239985648 
     | block_size = 38 
[TDSE] Runing TDSE-SH-linear. step 33800 energy = -0.4720299561453589 
     | block_size = 35 
[TDSE] Runing TDSE-SH-linear. step 34000 energy = -0.4866714746421354 
     | block_size = 33 
[TDSE] Runing TDSE-SH-linear. step 34200 energy = -0.499179239629728 
     | block_size = 32 
[TDSE] Runing TDSE-SH-linear. step 34400 energy = -0.49286864601668573 
     | block_size = 33 
[TDSE] Runing TDSE-SH-linear. step 34600 energy = -0.4729615062930146 
     | block_size = 35 
[TDSE] Runing TDSE-SH-linear. step 34800 energy = -0.4603145398368202 
     | block_size = 37 
[TDSE] Runing TDSE-SH-linear. step 35000 energy = -0.467020056471243 
     | block_size = 40 
[TDSE] Runing TDSE-SH-linear. step 35200 energy = -0.48553121125687765 
     | block_size = 42 
[TDSE] Runing TDSE-SH-linear. step 35400 energy = -0.4984710146215736 
     | block_size = 44 
[TDSE] Runing TDSE-SH-linear. step 35600 energy = -0.49826931306775835 
     | block_size = 44 
[TDSE] Runing TDSE-SH-linear. step 35800 energy = -0.49201590520839183 
     | block_size = 43 
[TDSE] Runing TDSE-SH-linear. step 36000 energy = -0.49073859775759443 
     | block_size = 41 
[TDSE] Runing TDSE-SH-linear. step 36200 energy = -0.4958901689164883 
     | block_size = 40 
[TDSE] Runing TDSE-SH-linear. step 36400 energy = -0.4999237641099255 
     | block_size = 39 
[TDSE] Runing TDSE-SH-linear. step 36600 energy = -0.49632657853838763 
     | block_size = 40 
[TDSE] Runing TDSE-SH-linear. step 36800 energy = -0.48787797737072675 
     | block_size = 41 
[TDSE] Runing TDSE-SH-linear. step 37000 energy = -0.48228448175112915 
     | block_size = 43 
[TDSE] Runing TDSE-SH-linear. step 37200 energy = -0.4847732942507151 
     | block_size = 45 
[TDSE] Runing TDSE-SH-linear. step 37400 energy = -0.49211989469983963 
     | block_size = 47 
[TDSE] Runing TDSE-SH-linear. step 37600 energy = -0.4982471288897585 
     | block_size = 48 
[TDSE] Runing TDSE-SH-linear. step 37800 energy = -0.5000716264600118 
     | block_size = 48 
[TDSE] Runing TDSE-SH-linear. step 38000 energy = -0.4993792760068539 
     | block_size = 48 
[TDSE] Runing TDSE-SH-linear. step 38200 energy = -0.4990818362804891 
     | block_size = 47 
[TDSE] Runing TDSE-SH-linear. step 38400 energy = -0.4998626917385731 
     | block_size = 47 
[TDSE] Runing TDSE-SH-linear. step 38600 energy = -0.49991390088195986 
     | block_size = 47 
[TDSE] Runing TDSE-SH-linear. step 38800 energy = -0.498164138049801 
     | block_size = 47 
[TDSE] Runing TDSE-SH-linear. step 39000 energy = -0.49545503347215997 
     | block_size = 48 
[TDSE] Runing TDSE-SH-linear. step 39200 energy = -0.4939544376686245 
     | block_size = 49 
[TDSE] Runing TDSE-SH-linear. step 39400 energy = -0.49442890337676665 
     | block_size = 50 
[TDSE] Runing TDSE-SH-linear. step 39600 energy = -0.4963858008879845 
     | block_size = 50 
[TDSE] Runing TDSE-SH-linear. step 39800 energy = -0.49825966375393044 
     | block_size = 50 
[TDSE] Runing TDSE-SH-linear. step 40000 energy = -0.4993767330792251 
     | block_size = 50 
[TDSE] Runing TDSE-SH-linear. step 40200 energy = -0.4998402909906664 
     | block_size = 50 
[TDSE] Runing TDSE-SH-linear. step 40400 energy = -0.4998821107071141 
     | block_size = 50 
[TDSE] Runing TDSE-SH-linear. step 40600 energy = -0.49970625897459825 
     | block_size = 50 
[TDSE] Runing TDSE-SH-linear. step 40800 energy = -0.499295639156171 
     | block_size = 50 
[TDSE] Runing TDSE-SH-linear. step 41000 energy = -0.49874031674686065 
     | block_size = 50 
[TDSE] Runing TDSE-SH-linear. step 41200 energy = -0.4983014532730752 
     | block_size = 50 
[TDSE] Runing TDSE-SH-linear. step 41400 energy = -0.49803187900770335 
     | block_size = 50 
[TDSE] Runing TDSE-SH-linear. step 41600 energy = -0.4981246476200392 
     | block_size = 50 
[TDSE] Runing TDSE-SH-linear. step 41800 energy = -0.49829204677696237 
     | block_size = 50 
[TDSE] Runing TDSE-SH-linear. step 42000 energy = -0.4984520921870412 
     | block_size = 50 
[TDSE] Runing TDSE-SH-linear. step 42200 energy = -0.4986190714231792 
     | block_size = 50 
[TDSE] Runing TDSE-SH-linear. step 42400 energy = -0.4986330377800635 
     | block_size = 50 
[TDSE] Runing TDSE-SH-linear. step 42600 energy = -0.49865342321420636 
     | block_size = 50 
[TDSE] Runing TDSE-SH-linear. step 42800 energy = -0.49862480120411623 
     | block_size = 50 
[TDSE] Runing TDSE-SH-linear. step 43000 energy = -0.4986122671973394 
     | block_size = 50 
[TDSE] Runing TDSE-SH-linear. step 43200 energy = -0.498628454900585 
     | block_size = 50 
[TDSE] Runing TDSE-SH-linear. step 43400 energy = -0.498571566865237 
     | block_size = 50 
[TDSE] Runing TDSE-SH-linear. step 43600 energy = -0.4986142155172579 
     | block_size = 50 
[TDSE] Runing TDSE-SH-linear. step 43800 energy = -0.49859151954045144 
     | block_size = 50 
[TDSE] Runing TDSE-SH-linear. step 44000 energy = -0.4985601352636922 
     | block_size = 50 
[TDSE] Runing TDSE-SH-linear. step 44200 energy = -0.49859096782309004 
     | block_size = 50 
[TDSE] Runing TDSE-SH-linear. step 44400 energy = -0.4985573915185265 
     | block_size = 50 
[TDSE] Runing TDSE-SH-linear. step 44600 energy = -0.4985751962018347 
     | block_size = 50 
[TDSE] Runing TDSE-SH-linear. step 44800 energy = -0.4985401710842179 
     | block_size = 50 
[TDSE] Runing TDSE-SH-linear. step 45000 energy = -0.4985479700805747 
     | block_size = 50 
[TDSE] Runing TDSE-SH-linear. step 45200 energy = -0.4985712208684462 
     | block_size = 50 
[TDSE] Runing TDSE-SH-linear. step 45400 energy = -0.4985071723769531 
     | block_size = 50 
[TDSE] Runing TDSE-SH-linear. step 45600 energy = -0.4985485199415927 
     | block_size = 50 
[TDSE] Runing TDSE-SH-linear. step 45800 energy = -0.49853292432210383 
     | block_size = 50 
[TDSE] Runing TDSE-SH-linear. step 46000 energy = -0.4985159974041932 
     | block_size = 50 
[TDSE] Runing TDSE-SH-linear. step 46200 energy = -0.49853026307284937 
     | block_size = 50 
[TDSE] Runing TDSE-SH-linear. step 46400 energy = -0.49849912242023964 
     | block_size = 50 
[TDSE] Runing TDSE-SH-linear. step 46600 energy = -0.4985343658995583 
     | block_size = 50 
[TDSE] Runing TDSE-SH-linear. step 46800 energy = -0.4984923732716069 
     | block_size = 50 
[TDSE] Runing TDSE-SH-linear. step 47000 energy = -0.4985012035525884 
     | block_size = 50 
[TDSE] Runing TDSE-SH-linear. step 47200 energy = -0.49852371602318757 
     | block_size = 50 
[TDSE] Runing TDSE-SH-linear. step 47400 energy = -0.498468976842096 
     | block_size = 50 
[TDSE] Runing TDSE-SH-linear. step 47600 energy = -0.49851185741525245 
     | block_size = 50 
[TDSE] Runing TDSE-SH-linear. step 47800 energy = -0.49849017289085673 
     | block_size = 50 
[TDSE] Runing TDSE-SH-linear. step 48000 energy = -0.4984840051381376 
     | block_size = 50 
[TDSE] Runing TDSE-SH-linear. step 48200 energy = -0.49849210208822103 
     | block_size = 50 
[TDSE] Runing TDSE-SH-linear. step 48400 energy = -0.4984684474108718 
     | block_size = 50 
[TDSE] Runing TDSE-SH-linear. step 48600 energy = -0.4985094075142172 
     | block_size = 50 
[TDSE] Runing TDSE-SH-linear. step 48800 energy = -0.4984568067638816 
     | block_size = 50 
[TDSE] Runing TDSE-SH-linear. step 49000 energy = -0.4984742114559362 
     | block_size = 50 
[TDSE] Runing TDSE-SH-linear. step 49200 energy = -0.4985002551542452 
     | block_size = 50 
[TDSE] Runing TDSE-SH-linear. step 49400 energy = -0.4984496098660128 
     | block_size = 50 
[TDSE] Runing TDSE-SH-linear. step 49600 energy = -0.4984846840450073 
     | block_size = 50 
[TDSE] Runing TDSE-SH-linear. step 49800 energy = -0.49846371282221974 
     | block_size = 50 
[TDSE] Runing TDSE-SH-linear. step 50000 energy = -0.4984762836474129 
     | block_size = 50 
[TDSE] Runing TDSE-SH-linear. step 50200 energy = -0.4984705752199348 
     | block_size = 50 
[TDSE] Runing TDSE-SH-linear. step 50400 energy = -0.4984464786173702 
     | block_size = 50 
[TDSE] Runing TDSE-SH-linear. step 50600 energy = -0.4984981813787078 
     | block_size = 50 
[TDSE] Runing TDSE-SH-linear. step 50800 energy = -0.49844431919171434 
     | block_size = 50 
[TDSE] Runing TDSE-SH-linear. step 51000 energy = -0.49846136783391126 
     | block_size = 50 
[TDSE] Runing TDSE-SH-linear. step 51200 energy = -0.4984829766868128 
     | block_size = 50 
[TDSE] Runing TDSE-SH-linear. step 51400 energy = -0.4984460682568265 
     | block_size = 50 
[TDSE] Runing TDSE-SH-linear. step 51600 energy = -0.4984753406458 
     | block_size = 50 
[TDSE] Runing TDSE-SH-linear. step 51800 energy = -0.49844740549273525 
     | block_size = 50 
[TDSE] Runing TDSE-SH-linear. step 52000 energy = -0.49847656623048553 
     | block_size = 50 
[TDSE] Runing TDSE-SH-linear. step 52200 energy = -0.4984636653298061 
     | block_size = 50 
[TDSE] Runing TDSE-SH-linear. step 52400 energy = -0.498437891363835 
     | block_size = 50 
[TDSE] Runing TDSE-SH-linear. step 52600 energy = -0.49849212545038624 
     | block_size = 50 
[TDSE] Runing TDSE-SH-linear. step 52800 energy = -0.4984425030051013 
     | block_size = 50 
[TDSE] Runing TDSE-SH-linear. step 53000 energy = -0.49846197791871893 
     | block_size = 50 
