  Activating project at `~/JuliaProp_v0.1`
[ITP]: 10000.500151030976
[ITP]: 3.0490838964780664e-8
[ITP]: 7.575335692067142e-9
Energy of ground state: -0.5001510690415283
[TDSE] Runing TDSE-SH-linear. step 0 energy = -0.5001510690415281 
     | block_size = 3 
[TDSE] Runing TDSE-SH-linear. step 200 energy = -0.5001510690414548 
     | block_size = 3 
[TDSE] Runing TDSE-SH-linear. step 400 energy = -0.5001510690412041 
     | block_size = 3 
[TDSE] Runing TDSE-SH-linear. step 600 energy = -0.5001510690391867 
     | block_size = 3 
[TDSE] Runing TDSE-SH-linear. step 800 energy = -0.5001510690288502 
     | block_size = 3 
[TDSE] Runing TDSE-SH-linear. step 1000 energy = -0.5001510689926985 
     | block_size = 3 
[TDSE] Runing TDSE-SH-linear. step 1200 energy = -0.5001510688928731 
     | block_size = 3 
[TDSE] Runing TDSE-SH-linear. step 1400 energy = -0.5001510686589884 
     | block_size = 3 
[TDSE] Runing TDSE-SH-linear. step 1600 energy = -0.5001510681722369 
     | block_size = 3 
[TDSE] Runing TDSE-SH-linear. step 1800 energy = -0.5001510672449527 
     | block_size = 3 
[TDSE] Runing TDSE-SH-linear. step 2000 energy = -0.5001510656029232 
     | block_size = 3 
[TDSE] Runing TDSE-SH-linear. step 2200 energy = -0.5001510628449952 
     | block_size = 3 
[TDSE] Runing TDSE-SH-linear. step 2400 energy = -0.5001510584404967 
     | block_size = 3 
[TDSE] Runing TDSE-SH-linear. step 2600 energy = -0.5001510516651596 
     | block_size = 3 
[TDSE] Runing TDSE-SH-linear. step 2800 energy = -0.5001510415827891 
     | block_size = 4 
[TDSE] Runing TDSE-SH-linear. step 3000 energy = -0.5001510270388001 
     | block_size = 4 
[TDSE] Runing TDSE-SH-linear. step 3200 energy = -0.500151006515652 
     | block_size = 4 
[TDSE] Runing TDSE-SH-linear. step 3400 energy = -0.5001509783332081 
     | block_size = 4 
[TDSE] Runing TDSE-SH-linear. step 3600 energy = -0.5001509401966912 
     | block_size = 4 
[TDSE] Runing TDSE-SH-linear. step 3800 energy = -0.5001508896521848 
     | block_size = 4 
[TDSE] Runing TDSE-SH-linear. step 4000 energy = -0.5001508239202863 
     | block_size = 4 
[TDSE] Runing TDSE-SH-linear. step 4200 energy = -0.5001507390669238 
     | block_size = 4 
[TDSE] Runing TDSE-SH-linear. step 4400 energy = -0.5001506318179173 
     | block_size = 4 
[TDSE] Runing TDSE-SH-linear. step 4600 energy = -0.5001504973867903 
     | block_size = 4 
[TDSE] Runing TDSE-SH-linear. step 4800 energy = -0.5001503310369735 
     | block_size = 4 
[TDSE] Runing TDSE-SH-linear. step 5000 energy = -0.5001501274232794 
     | block_size = 4 
[TDSE] Runing TDSE-SH-linear. step 5200 energy = -0.5001498797573433 
     | block_size = 4 
[TDSE] Runing TDSE-SH-linear. step 5400 energy = -0.5001495841959479 
     | block_size = 4 
[TDSE] Runing TDSE-SH-linear. step 5600 energy = -0.5001492304029703 
     | block_size = 4 
[TDSE] Runing TDSE-SH-linear. step 5800 energy = -0.5001488126795282 
     | block_size = 4 
[TDSE] Runing TDSE-SH-linear. step 6000 energy = -0.5001483256174587 
     | block_size = 4 
[TDSE] Runing TDSE-SH-linear. step 6200 energy = -0.5001477564796857 
     | block_size = 4 
[TDSE] Runing TDSE-SH-linear. step 6400 energy = -0.5001471016847526 
     | block_size = 4 
[TDSE] Runing TDSE-SH-linear. step 6600 energy = -0.5001463478637146 
     | block_size = 4 
[TDSE] Runing TDSE-SH-linear. step 6800 energy = -0.5001454923028573 
     | block_size = 5 
[TDSE] Runing TDSE-SH-linear. step 7000 energy = -0.5001445238737097 
     | block_size = 5 
[TDSE] Runing TDSE-SH-linear. step 7200 energy = -0.5001434262854194 
     | block_size = 5 
[TDSE] Runing TDSE-SH-linear. step 7400 energy = -0.5001422093991554 
     | block_size = 5 
[TDSE] Runing TDSE-SH-linear. step 7600 energy = -0.5001408463142292 
     | block_size = 5 
[TDSE] Runing TDSE-SH-linear. step 7800 energy = -0.500139339039346 
     | block_size = 5 
[TDSE] Runing TDSE-SH-linear. step 8000 energy = -0.5001376836370693 
     | block_size = 5 
[TDSE] Runing TDSE-SH-linear. step 8200 energy = -0.5001358589482434 
     | block_size = 6 
[TDSE] Runing TDSE-SH-linear. step 8400 energy = -0.5001338836330552 
     | block_size = 6 
[TDSE] Runing TDSE-SH-linear. step 8600 energy = -0.5001317239987506 
     | block_size = 6 
[TDSE] Runing TDSE-SH-linear. step 8800 energy = -0.5001294032639123 
     | block_size = 6 
[TDSE] Runing TDSE-SH-linear. step 9000 energy = -0.5001269041427323 
     | block_size = 6 
[TDSE] Runing TDSE-SH-linear. step 9200 energy = -0.5001242097175326 
     | block_size = 6 
[TDSE] Runing TDSE-SH-linear. step 9400 energy = -0.5001213777843596 
     | block_size = 6 
[TDSE] Runing TDSE-SH-linear. step 9600 energy = -0.5001183326748945 
     | block_size = 7 
[TDSE] Runing TDSE-SH-linear. step 9800 energy = -0.5001151198329878 
     | block_size = 7 
[TDSE] Runing TDSE-SH-linear. step 10000 energy = -0.5001117547850343 
     | block_size = 7 
[TDSE] Runing TDSE-SH-linear. step 10200 energy = -0.5001080115776088 
     | block_size = 7 
[TDSE] Runing TDSE-SH-linear. step 10400 energy = -0.5001028882925587 
     | block_size = 7 
[TDSE] Runing TDSE-SH-linear. step 10600 energy = -0.5000980403912926 
     | block_size = 8 
[TDSE] Runing TDSE-SH-linear. step 10800 energy = -0.5000989593770618 
     | block_size = 8 
[TDSE] Runing TDSE-SH-linear. step 11000 energy = -0.500110752638481 
     | block_size = 8 
[TDSE] Runing TDSE-SH-linear. step 11200 energy = -0.5001299445288078 
     | block_size = 8 
[TDSE] Runing TDSE-SH-linear. step 11400 energy = -0.5001449641221637 
     | block_size = 8 
[TDSE] Runing TDSE-SH-linear. step 11600 energy = -0.5001498574335719 
     | block_size = 8 
[TDSE] Runing TDSE-SH-linear. step 11800 energy = -0.5001467568511051 
     | block_size = 8 
[TDSE] Runing TDSE-SH-linear. step 12000 energy = -0.500111054877045 
     | block_size = 8 
[TDSE] Runing TDSE-SH-linear. step 12200 energy = -0.49996432455837947 
     | block_size = 8 
[TDSE] Runing TDSE-SH-linear. step 12400 energy = -0.4996476594716151 
     | block_size = 9 
[TDSE] Runing TDSE-SH-linear. step 12600 energy = -0.49927155140354007 
     | block_size = 9 
[TDSE] Runing TDSE-SH-linear. step 12800 energy = -0.49913325464751074 
     | block_size = 10 
[TDSE] Runing TDSE-SH-linear. step 13000 energy = -0.4994343350979226 
     | block_size = 11 
[TDSE] Runing TDSE-SH-linear. step 13200 energy = -0.4999471624909802 
     | block_size = 11 
[TDSE] Runing TDSE-SH-linear. step 13400 energy = -0.5001216906921462 
     | block_size = 11 
[TDSE] Runing TDSE-SH-linear. step 13600 energy = -0.4997144191607204 
     | block_size = 11 
[TDSE] Runing TDSE-SH-linear. step 13800 energy = -0.49923338176650855 
     | block_size = 10 
[TDSE] Runing TDSE-SH-linear. step 14000 energy = -0.49940056549521405 
     | block_size = 9 
[TDSE] Runing TDSE-SH-linear. step 14200 energy = -0.5000255782974038 
     | block_size = 9 
[TDSE] Runing TDSE-SH-linear. step 14400 energy = -0.4997637477553361 
     | block_size = 9 
[TDSE] Runing TDSE-SH-linear. step 14600 energy = -0.49759539981695466 
     | block_size = 10 
[TDSE] Runing TDSE-SH-linear. step 14800 energy = -0.4945923675908957 
     | block_size = 11 
[TDSE] Runing TDSE-SH-linear. step 15000 energy = -0.49346926428843857 
     | block_size = 12 
[TDSE] Runing TDSE-SH-linear. step 15200 energy = -0.4956659945153895 
     | block_size = 14 
[TDSE] Runing TDSE-SH-linear. step 15400 energy = -0.49908862417636607 
     | block_size = 14 
[TDSE] Runing TDSE-SH-linear. step 15600 energy = -0.49981406694464986 
     | block_size = 14 
[TDSE] Runing TDSE-SH-linear. step 15800 energy = -0.49668316431518217 
     | block_size = 14 
[TDSE] Runing TDSE-SH-linear. step 16000 energy = -0.4933040186673516 
     | block_size = 12 
[TDSE] Runing TDSE-SH-linear. step 16200 energy = -0.4941337600499981 
     | block_size = 11 
[TDSE] Runing TDSE-SH-linear. step 16400 energy = -0.49838674489266904 
     | block_size = 10 
[TDSE] Runing TDSE-SH-linear. step 16600 energy = -0.4995874505087879 
     | block_size = 10 
[TDSE] Runing TDSE-SH-linear. step 16800 energy = -0.4928942841841163 
     | block_size = 10 
[TDSE] Runing TDSE-SH-linear. step 17000 energy = -0.48228777711166687 
     | block_size = 12 
[TDSE] Runing TDSE-SH-linear. step 17200 energy = -0.47802846058883103 
     | block_size = 14 
[TDSE] Runing TDSE-SH-linear. step 17400 energy = -0.48524272914356215 
     | block_size = 16 
[TDSE] Runing TDSE-SH-linear. step 17600 energy = -0.4965839381181023 
     | block_size = 18 
[TDSE] Runing TDSE-SH-linear. step 17800 energy = -0.49913186347600386 
     | block_size = 18 
[TDSE] Runing TDSE-SH-linear. step 18000 energy = -0.48938411325951325 
     | block_size = 17 
[TDSE] Runing TDSE-SH-linear. step 18200 energy = -0.47871046827654545 
     | block_size = 15 
[TDSE] Runing TDSE-SH-linear. step 18400 energy = -0.4805937293759202 
     | block_size = 13 
[TDSE] Runing TDSE-SH-linear. step 18600 energy = -0.49329668525705495 
     | block_size = 13 
[TDSE] Runing TDSE-SH-linear. step 18800 energy = -0.4994285647630735 
     | block_size = 13 
[TDSE] Runing TDSE-SH-linear. step 19000 energy = -0.4857801398561719 
     | block_size = 13 
[TDSE] Runing TDSE-SH-linear. step 19200 energy = -0.4615221583841892 
     | block_size = 13 
[TDSE] Runing TDSE-SH-linear. step 19400 energy = -0.4509854588478254 
     | block_size = 16 
[TDSE] Runing TDSE-SH-linear. step 19600 energy = -0.46641418312144645 
     | block_size = 19 
[TDSE] Runing TDSE-SH-linear. step 19800 energy = -0.4916426009570642 
     | block_size = 21 
[TDSE] Runing TDSE-SH-linear. step 20000 energy = -0.4983210402612631 
     | block_size = 21 
[TDSE] Runing TDSE-SH-linear. step 20200 energy = -0.47865367783560775 
     | block_size = 20 
[TDSE] Runing TDSE-SH-linear. step 20400 energy = -0.45619314659527904 
     | block_size = 17 
[TDSE] Runing TDSE-SH-linear. step 20600 energy = -0.4588208071520837 
     | block_size = 16 
[TDSE] Runing TDSE-SH-linear. step 20800 energy = -0.48417415703091665 
     | block_size = 17 
[TDSE] Runing TDSE-SH-linear. step 21000 energy = -0.49916522061063123 
     | block_size = 18 
[TDSE] Runing TDSE-SH-linear. step 21200 energy = -0.47813018731378965 
     | block_size = 17 
[TDSE] Runing TDSE-SH-linear. step 21400 energy = -0.43642386292807384 
     | block_size = 15 
[TDSE] Runing TDSE-SH-linear. step 21600 energy = -0.4169221160636527 
     | block_size = 18 
[TDSE] Runing TDSE-SH-linear. step 21800 energy = -0.4417571860911571 
     | block_size = 21 
[TDSE] Runing TDSE-SH-linear. step 22000 energy = -0.48440746365437043 
     | block_size = 23 
[TDSE] Runing TDSE-SH-linear. step 22200 energy = -0.49776892215400137 
     | block_size = 24 
[TDSE] Runing TDSE-SH-linear. step 22400 energy = -0.4679714925183023 
     | block_size = 22 
[TDSE] Runing TDSE-SH-linear. step 22600 energy = -0.43207790406318597 
     | block_size = 20 
[TDSE] Runing TDSE-SH-linear. step 22800 energy = -0.4343158800560752 
     | block_size = 19 
[TDSE] Runing TDSE-SH-linear. step 23000 energy = -0.4729059938520136 
     | block_size = 21 
[TDSE] Runing TDSE-SH-linear. step 23200 energy = -0.4986798511947905 
     | block_size = 22 
[TDSE] Runing TDSE-SH-linear. step 23400 energy = -0.4725902944662014 
     | block_size = 21 
[TDSE] Runing TDSE-SH-linear. step 23600 energy = -0.4149336900957201 
     | block_size = 19 
[TDSE] Runing TDSE-SH-linear. step 23800 energy = -0.3860539736492969 
     | block_size = 20 
[TDSE] Runing TDSE-SH-linear. step 24000 energy = -0.41811637010278246 
     | block_size = 24 
[TDSE] Runing TDSE-SH-linear. step 24200 energy = -0.47642546604995006 
     | block_size = 27 
[TDSE] Runing TDSE-SH-linear. step 24400 energy = -0.4977098676892721 
     | block_size = 27 
[TDSE] Runing TDSE-SH-linear. step 24600 energy = -0.4617247710531999 
     | block_size = 26 
[TDSE] Runing TDSE-SH-linear. step 24800 energy = -0.41551363173072997 
     | block_size = 23 
[TDSE] Runing TDSE-SH-linear. step 25000 energy = -0.4160176937322455 
     | block_size = 21 
[TDSE] Runing TDSE-SH-linear. step 25200 energy = -0.46349049394736325 
     | block_size = 24 
[TDSE] Runing TDSE-SH-linear. step 25400 energy = -0.4980430842448387 
     | block_size = 25 
[TDSE] Runing TDSE-SH-linear. step 25600 energy = -0.4711999940592518 
     | block_size = 24 
[TDSE] Runing TDSE-SH-linear. step 25800 energy = -0.4049523503964601 
     | block_size = 21 
[TDSE] Runing TDSE-SH-linear. step 26000 energy = -0.36961164358940957 
     | block_size = 23 
[TDSE] Runing TDSE-SH-linear. step 26200 energy = -0.4038284530705481 
     | block_size = 27 
[TDSE] Runing TDSE-SH-linear. step 26400 energy = -0.4702461885135374 
     | block_size = 31 
[TDSE] Runing TDSE-SH-linear. step 26600 energy = -0.4980654218525094 
     | block_size = 32 
[TDSE] Runing TDSE-SH-linear. step 26800 energy = -0.46271679120840703 
     | block_size = 30 
[TDSE] Runing TDSE-SH-linear. step 27000 energy = -0.41354927081869064 
     | block_size = 27 
[TDSE] Runing TDSE-SH-linear. step 27200 energy = -0.41170701344938027 
     | block_size = 23 
[TDSE] Runing TDSE-SH-linear. step 27400 energy = -0.4599887191763209 
     | block_size = 25 
[TDSE] Runing TDSE-SH-linear. step 27600 energy = -0.4975505583800554 
     | block_size = 27 
[TDSE] Runing TDSE-SH-linear. step 27800 energy = -0.4742989601937414 
     | block_size = 26 
[TDSE] Runing TDSE-SH-linear. step 28000 energy = -0.41019027139446956 
     | block_size = 22 
[TDSE] Runing TDSE-SH-linear. step 28200 energy = -0.37382580867255155 
     | block_size = 26 
[TDSE] Runing TDSE-SH-linear. step 28400 energy = -0.40446250014071705 
     | block_size = 31 
[TDSE] Runing TDSE-SH-linear. step 28600 energy = -0.46824540244788393 
     | block_size = 34 
[TDSE] Runing TDSE-SH-linear. step 28800 energy = -0.49853114185681247 
     | block_size = 35 
[TDSE] Runing TDSE-SH-linear. step 29000 energy = -0.470490327056308 
     | block_size = 34 
[TDSE] Runing TDSE-SH-linear. step 29200 energy = -0.42706891163360006 
     | block_size = 31 
[TDSE] Runing TDSE-SH-linear. step 29400 energy = -0.4236029525969906 
     | block_size = 27 
[TDSE] Runing TDSE-SH-linear. step 29600 energy = -0.4641211660856648 
     | block_size = 24 
[TDSE] Runing TDSE-SH-linear. step 29800 energy = -0.4975542721320998 
     | block_size = 25 
[TDSE] Runing TDSE-SH-linear. step 30000 energy = -0.4805087186554971 
     | block_size = 25 
[TDSE] Runing TDSE-SH-linear. step 30200 energy = -0.42823912331594316 
     | block_size = 26 
[TDSE] Runing TDSE-SH-linear. step 30400 energy = -0.39685473707514424 
     | block_size = 30 
[TDSE] Runing TDSE-SH-linear. step 30600 energy = -0.4198232311896173 
     | block_size = 34 
[TDSE] Runing TDSE-SH-linear. step 30800 energy = -0.4713426749533393 
     | block_size = 38 
[TDSE] Runing TDSE-SH-linear. step 31000 energy = -0.49881659195462147 
     | block_size = 39 
[TDSE] Runing TDSE-SH-linear. step 31200 energy = -0.4815636420041734 
     | block_size = 38 
[TDSE] Runing TDSE-SH-linear. step 31400 energy = -0.45033674557468795 
     | block_size = 35 
[TDSE] Runing TDSE-SH-linear. step 31600 energy = -0.4465271755387324 
     | block_size = 32 
[TDSE] Runing TDSE-SH-linear. step 31800 energy = -0.47419441726386274 
     | block_size = 29 
[TDSE] Runing TDSE-SH-linear. step 32000 energy = -0.49816131773835315 
     | block_size = 28 
[TDSE] Runing TDSE-SH-linear. step 32200 energy = -0.48750208943325074 
     | block_size = 29 
[TDSE] Runing TDSE-SH-linear. step 32400 energy = -0.45213881757581287 
     | block_size = 31 
[TDSE] Runing TDSE-SH-linear. step 32600 energy = -0.4299554081275915 
     | block_size = 34 
[TDSE] Runing TDSE-SH-linear. step 32800 energy = -0.44403609087733403 
     | block_size = 38 
[TDSE] Runing TDSE-SH-linear. step 33000 energy = -0.4781882203596701 
     | block_size = 41 
[TDSE] Runing TDSE-SH-linear. step 33200 energy = -0.4988371138267626 
     | block_size = 42 
[TDSE] Runing TDSE-SH-linear. step 33400 energy = -0.49164359540527725 
     | block_size = 42 
[TDSE] Runing TDSE-SH-linear. step 33600 energy = -0.4742767642149687 
     | block_size = 40 
[TDSE] Runing TDSE-SH-linear. step 33800 energy = -0.47138521001194467 
     | block_size = 37 
[TDSE] Runing TDSE-SH-linear. step 34000 energy = -0.48618401830430164 
     | block_size = 35 
[TDSE] Runing TDSE-SH-linear. step 34200 energy = -0.4990796702691287 
     | block_size = 34 
[TDSE] Runing TDSE-SH-linear. step 34400 energy = -0.4932738530899306 
     | block_size = 35 
[TDSE] Runing TDSE-SH-linear. step 34600 energy = -0.4738451684645165 
     | block_size = 36 
[TDSE] Runing TDSE-SH-linear. step 34800 energy = -0.4614630214935654 
     | block_size = 39 
[TDSE] Runing TDSE-SH-linear. step 35000 energy = -0.46813282070818024 
     | block_size = 42 
[TDSE] Runing TDSE-SH-linear. step 35200 energy = -0.48631093977882317 
     | block_size = 44 
[TDSE] Runing TDSE-SH-linear. step 35400 energy = -0.49871071036943443 
     | block_size = 45 
[TDSE] Runing TDSE-SH-linear. step 35600 energy = -0.49795602203513006 
     | block_size = 45 
[TDSE] Runing TDSE-SH-linear. step 35800 energy = -0.491302382954786 
     | block_size = 44 
[TDSE] Runing TDSE-SH-linear. step 36000 energy = -0.48993447828482806 
     | block_size = 42 
[TDSE] Runing TDSE-SH-linear. step 36200 energy = -0.4953264088114511 
     | block_size = 41 
[TDSE] Runing TDSE-SH-linear. step 36400 energy = -0.4998609056701917 
     | block_size = 41 
[TDSE] Runing TDSE-SH-linear. step 36600 energy = -0.4968654795923899 
     | block_size = 41 
[TDSE] Runing TDSE-SH-linear. step 36800 energy = -0.48891565929502234 
     | block_size = 42 
[TDSE] Runing TDSE-SH-linear. step 37000 energy = -0.48359983454268124 
     | block_size = 44 
[TDSE] Runing TDSE-SH-linear. step 37200 energy = -0.4860305210149464 
     | block_size = 46 
[TDSE] Runing TDSE-SH-linear. step 37400 energy = -0.4930460352564473 
     | block_size = 47 
[TDSE] Runing TDSE-SH-linear. step 37600 energy = -0.49868629759288463 
     | block_size = 48 
[TDSE] Runing TDSE-SH-linear. step 37800 energy = -0.5000275563303419 
     | block_size = 48 
[TDSE] Runing TDSE-SH-linear. step 38000 energy = -0.49902243936014207 
     | block_size = 48 
[TDSE] Runing TDSE-SH-linear. step 38200 energy = -0.4986507548944401 
     | block_size = 47 
[TDSE] Runing TDSE-SH-linear. step 38400 energy = -0.4996257502193322 
     | block_size = 47 
[TDSE] Runing TDSE-SH-linear. step 38600 energy = -0.5000411079041361 
     | block_size = 47 
[TDSE] Runing TDSE-SH-linear. step 38800 energy = -0.49869963477691126 
     | block_size = 47 
[TDSE] Runing TDSE-SH-linear. step 39000 energy = -0.4963316193555584 
     | block_size = 48 
[TDSE] Runing TDSE-SH-linear. step 39200 energy = -0.4949928073237043 
     | block_size = 49 
[TDSE] Runing TDSE-SH-linear. step 39400 energy = -0.4954426363322907 
     | block_size = 50 
[TDSE] Runing TDSE-SH-linear. step 39600 energy = -0.49721618340984625 
     | block_size = 51 
[TDSE] Runing TDSE-SH-linear. step 39800 energy = -0.49884046433324297 
     | block_size = 52 
[TDSE] Runing TDSE-SH-linear. step 40000 energy = -0.49973225563664986 
     | block_size = 52 
[TDSE] Runing TDSE-SH-linear. step 40200 energy = -0.5000448526967343 
     | block_size = 52 
[TDSE] Runing TDSE-SH-linear. step 40400 energy = -0.5000702173202967 
     | block_size = 52 
[TDSE] Runing TDSE-SH-linear. step 40600 energy = -0.4999715003452684 
     | block_size = 52 
[TDSE] Runing TDSE-SH-linear. step 40800 energy = -0.49969830188219183 
     | block_size = 53 
[TDSE] Runing TDSE-SH-linear. step 41000 energy = -0.49928547194959794 
     | block_size = 53 
[TDSE] Runing TDSE-SH-linear. step 41200 energy = -0.49894631215309093 
     | block_size = 53 
[TDSE] Runing TDSE-SH-linear. step 41400 energy = -0.49873589045925226 
     | block_size = 54 
[TDSE] Runing TDSE-SH-linear. step 41600 energy = -0.4988210968983791 
     | block_size = 54 
[TDSE] Runing TDSE-SH-linear. step 41800 energy = -0.4989640230281797 
     | block_size = 55 
[TDSE] Runing TDSE-SH-linear. step 42000 energy = -0.49909730888239195 
     | block_size = 55 
[TDSE] Runing TDSE-SH-linear. step 42200 energy = -0.4992347831332186 
     | block_size = 55 
[TDSE] Runing TDSE-SH-linear. step 42400 energy = -0.499251881414702 
     | block_size = 56 
[TDSE] Runing TDSE-SH-linear. step 42600 energy = -0.49927373770754585 
     | block_size = 56 
[TDSE] Runing TDSE-SH-linear. step 42800 energy = -0.49925759187769114 
     | block_size = 56 
[TDSE] Runing TDSE-SH-linear. step 43000 energy = -0.4992532264070196 
     | block_size = 56 
[TDSE] Runing TDSE-SH-linear. step 43200 energy = -0.49927167588231247 
     | block_size = 57 
[TDSE] Runing TDSE-SH-linear. step 43400 energy = -0.4992331671876426 
     | block_size = 57 
[TDSE] Runing TDSE-SH-linear. step 43600 energy = -0.4992706865161821 
     | block_size = 57 
[TDSE] Runing TDSE-SH-linear. step 43800 energy = -0.49925825096624665 
     | block_size = 57 
[TDSE] Runing TDSE-SH-linear. step 44000 energy = -0.49923826552475103 
     | block_size = 57 
[TDSE] Runing TDSE-SH-linear. step 44200 energy = -0.49926643654637304 
     | block_size = 57 
[TDSE] Runing TDSE-SH-linear. step 44400 energy = -0.4992450843896323 
     | block_size = 58 
[TDSE] Runing TDSE-SH-linear. step 44600 energy = -0.499262035677787 
     | block_size = 58 
[TDSE] Runing TDSE-SH-linear. step 44800 energy = -0.49923864114982225 
     | block_size = 58 
[TDSE] Runing TDSE-SH-linear. step 45000 energy = -0.49924773304045456 
     | block_size = 58 
[TDSE] Runing TDSE-SH-linear. step 45200 energy = -0.4992692221475127 
     | block_size = 58 
[TDSE] Runing TDSE-SH-linear. step 45400 energy = -0.4992228835097596 
     | block_size = 58 
[TDSE] Runing TDSE-SH-linear. step 45600 energy = -0.49925582861572954 
     | block_size = 58 
[TDSE] Runing TDSE-SH-linear. step 45800 energy = -0.4992468529057054 
     | block_size = 58 
[TDSE] Runing TDSE-SH-linear. step 46000 energy = -0.49923623923015514 
     | block_size = 58 
[TDSE] Runing TDSE-SH-linear. step 46200 energy = -0.49924855502370985 
     | block_size = 58 
[TDSE] Runing TDSE-SH-linear. step 46400 energy = -0.49922565445677275 
     | block_size = 58 
[TDSE] Runing TDSE-SH-linear. step 46600 energy = -0.49925351708031906 
     | block_size = 59 
[TDSE] Runing TDSE-SH-linear. step 46800 energy = -0.4992233310721402 
     | block_size = 59 
[TDSE] Runing TDSE-SH-linear. step 47000 energy = -0.49923012072399997 
     | block_size = 59 
[TDSE] Runing TDSE-SH-linear. step 47200 energy = -0.4992472635549416 
     | block_size = 59 
[TDSE] Runing TDSE-SH-linear. step 47400 energy = -0.4992055114619849 
     | block_size = 59 
[TDSE] Runing TDSE-SH-linear. step 47600 energy = -0.4992379809631381 
     | block_size = 59 
[TDSE] Runing TDSE-SH-linear. step 47800 energy = -0.4992216378014444 
     | block_size = 59 
[TDSE] Runing TDSE-SH-linear. step 48000 energy = -0.4992153372924406 
     | block_size = 59 
[TDSE] Runing TDSE-SH-linear. step 48200 energy = -0.499220067040012 
     | block_size = 59 
[TDSE] Runing TDSE-SH-linear. step 48400 energy = -0.4992009623608181 
     | block_size = 59 
[TDSE] Runing TDSE-SH-linear. step 48600 energy = -0.4992310556477944 
     | block_size = 59 
[TDSE] Runing TDSE-SH-linear. step 48800 energy = -0.4991887930833727 
     | block_size = 59 
[TDSE] Runing TDSE-SH-linear. step 49000 energy = -0.4991987259569932 
     | block_size = 59 
[TDSE] Runing TDSE-SH-linear. step 49200 energy = -0.49921693590613797 
     | block_size = 59 
[TDSE] Runing TDSE-SH-linear. step 49400 energy = -0.49917581858635207 
     | block_size = 59 
[TDSE] Runing TDSE-SH-linear. step 49600 energy = -0.4991990967441118 
     | block_size = 58 
[TDSE] Runing TDSE-SH-linear. step 49800 energy = -0.4991793791338207 
     | block_size = 58 
[TDSE] Runing TDSE-SH-linear. step 50000 energy = -0.4991853910756198 
     | block_size = 58 
[TDSE] Runing TDSE-SH-linear. step 50200 energy = -0.4991777502786655 
     | block_size = 59 
[TDSE] Runing TDSE-SH-linear. step 50400 energy = -0.49915447162099624 
     | block_size = 59 
[TDSE] Runing TDSE-SH-linear. step 50600 energy = -0.4991898673015184 
     | block_size = 59 
[TDSE] Runing TDSE-SH-linear. step 50800 energy = -0.4991435055490779 
     | block_size = 59 
[TDSE] Runing TDSE-SH-linear. step 51000 energy = -0.4991514109406389 
     | block_size = 59 
[TDSE] Runing TDSE-SH-linear. step 51200 energy = -0.49916357853208626 
     | block_size = 59 
[TDSE] Runing TDSE-SH-linear. step 51400 energy = -0.4991287838443822 
     | block_size = 59 
[TDSE] Runing TDSE-SH-linear. step 51600 energy = -0.49914557925360703 
     | block_size = 59 
[TDSE] Runing TDSE-SH-linear. step 51800 energy = -0.499117687910716 
     | block_size = 59 
[TDSE] Runing TDSE-SH-linear. step 52000 energy = -0.4991343818150268 
     | block_size = 59 
[TDSE] Runing TDSE-SH-linear. step 52200 energy = -0.49911781076752754 
     | block_size = 59 
[TDSE] Runing TDSE-SH-linear. step 52400 energy = -0.4990895575137162 
     | block_size = 59 
[TDSE] Runing TDSE-SH-linear. step 52600 energy = -0.4991258688347509 
     | block_size = 59 
[TDSE] Runing TDSE-SH-linear. step 52800 energy = -0.4990791720224009 
     | block_size = 59 
[TDSE] Runing TDSE-SH-linear. step 53000 energy = -0.49908650223940865 
     | block_size = 59 
