  Activating project at `~/JuliaProp_v0.1`
[ITP]: 10000.500151030976
[ITP]: 3.0490838964780664e-8
[ITP]: 7.575335692067142e-9
Energy of ground state: -0.5001510690415283
[TDSE] Start TDSE-SH for elliptical polarized laser. It may cost a plenty of time.
[TDSE] Running TDSE-SH-elliptical. step 0, energy = -0.5001510690415277
  |->  par_lens = 2, 2, 2
[TDSE] Running TDSE-SH-elliptical. step 200, energy = -0.5001510690413828
  |->  par_lens = 2, 2, 2
[TDSE] Running TDSE-SH-elliptical. step 400, energy = -0.5001510690411064
  |->  par_lens = 2, 2, 2
[TDSE] Running TDSE-SH-elliptical. step 600, energy = -0.5001510690395562
  |->  par_lens = 2, 2, 2
[TDSE] Running TDSE-SH-elliptical. step 800, energy = -0.500151069032173
  |->  par_lens = 2, 2, 2
[TDSE] Running TDSE-SH-elliptical. step 1000, energy = -0.5001510690073453
  |->  par_lens = 2, 2, 2
[TDSE] Running TDSE-SH-elliptical. step 1200, energy = -0.500151068941049
  |->  par_lens = 2, 2, 2
[TDSE] Running TDSE-SH-elliptical. step 1400, energy = -0.500151068790507
  |->  par_lens = 2, 2, 2
[TDSE] Running TDSE-SH-elliptical. step 1600, energy = -0.5001510684866275
  |->  par_lens = 2, 2, 2
[TDSE] Running TDSE-SH-elliptical. step 1800, energy = -0.5001510679245675
  |->  par_lens = 2, 2, 2
[TDSE] Running TDSE-SH-elliptical. step 2000, energy = -0.5001510669578784
  |->  par_lens = 2, 2, 2
[TDSE] Running TDSE-SH-elliptical. step 2200, energy = -0.5001510653795657
  |->  par_lens = 2, 2, 2
[TDSE] Running TDSE-SH-elliptical. step 2400, energy = -0.50015106292815
  |->  par_lens = 2, 2, 2
[TDSE] Running TDSE-SH-elliptical. step 2600, energy = -0.5001510592585474
  |->  par_lens = 2, 2, 2
[TDSE] Running TDSE-SH-elliptical. step 2800, energy = -0.5001510539406233
  |->  par_lens = 2, 2, 2
[TDSE] Running TDSE-SH-elliptical. step 3000, energy = -0.5001510464672182
  |->  par_lens = 2, 2, 2
[TDSE] Running TDSE-SH-elliptical. step 3200, energy = -0.5001510361848355
  |->  par_lens = 2, 2, 2
[TDSE] Running TDSE-SH-elliptical. step 3400, energy = -0.5001510224134369
  |->  par_lens = 2, 2, 2
[TDSE] Running TDSE-SH-elliptical. step 3600, energy = -0.5001510042219868
  |->  par_lens = 2, 2, 2
[TDSE] Running TDSE-SH-elliptical. step 3800, energy = -0.500150980675521
  |->  par_lens = 2, 2, 2
[TDSE] Running TDSE-SH-elliptical. step 4000, energy = -0.5001509507608165
  |->  par_lens = 2, 2, 2
[TDSE] Running TDSE-SH-elliptical. step 4200, energy = -0.500150912991387
  |->  par_lens = 2, 2, 2
[TDSE] Running TDSE-SH-elliptical. step 4400, energy = -0.5001508663012081
  |->  par_lens = 2, 2, 2
[TDSE] Running TDSE-SH-elliptical. step 4600, energy = -0.5001508090161239
  |->  par_lens = 2, 2, 2
[TDSE] Running TDSE-SH-elliptical. step 4800, energy = -0.5001507395926474
  |->  par_lens = 2, 2, 2
[TDSE] Running TDSE-SH-elliptical. step 5000, energy = -0.500150656330882
  |->  par_lens = 2, 2, 2
[TDSE] Running TDSE-SH-elliptical. step 5200, energy = -0.5001505570123953
  |->  par_lens = 2, 2, 2
[TDSE] Running TDSE-SH-elliptical. step 5400, energy = -0.5001504408117909
  |->  par_lens = 2, 2, 2
[TDSE] Running TDSE-SH-elliptical. step 5600, energy = -0.500150304232303
  |->  par_lens = 2, 2, 2
[TDSE] Running TDSE-SH-elliptical. step 5800, energy = -0.5001501458716616
  |->  par_lens = 2, 2, 2
[TDSE] Running TDSE-SH-elliptical. step 6000, energy = -0.5001499645441239
  |->  par_lens = 2, 2, 2
[TDSE] Running TDSE-SH-elliptical. step 6200, energy = -0.5001497561700818
  |->  par_lens = 2, 2, 2
[TDSE] Running TDSE-SH-elliptical. step 6400, energy = -0.5001495204558992
  |->  par_lens = 2, 2, 2
[TDSE] Running TDSE-SH-elliptical. step 6600, energy = -0.5001492533412546
  |->  par_lens = 2, 2, 2
[TDSE] Running TDSE-SH-elliptical. step 6800, energy = -0.5001489549887832
  |->  par_lens = 2, 2, 2
[TDSE] Running TDSE-SH-elliptical. step 7000, energy = -0.5001486205200866
  |->  par_lens = 2, 2, 2
[TDSE] Running TDSE-SH-elliptical. step 7200, energy = -0.5001482368476032
  |->  par_lens = 2, 2, 2
[TDSE] Running TDSE-SH-elliptical. step 7400, energy = -0.500147808079158
  |->  par_lens = 2, 2, 2
[TDSE] Running TDSE-SH-elliptical. step 7600, energy = -0.5001473217181759
  |->  par_lens = 2, 2, 2
[TDSE] Running TDSE-SH-elliptical. step 7800, energy = -0.5001467770589618
  |->  par_lens = 2, 2, 2
[TDSE] Running TDSE-SH-elliptical. step 8000, energy = -0.500146171449267
  |->  par_lens = 2, 2, 2
[TDSE] Running TDSE-SH-elliptical. step 8200, energy = -0.5001454933168087
  |->  par_lens = 2, 2, 2
[TDSE] Running TDSE-SH-elliptical. step 8400, energy = -0.5001447495426694
  |->  par_lens = 2, 2, 2
[TDSE] Running TDSE-SH-elliptical. step 8600, energy = -0.500143923126802
  |->  par_lens = 2, 2, 2
[TDSE] Running TDSE-SH-elliptical. step 8800, energy = -0.5001430208827935
  |->  par_lens = 2, 2, 2
[TDSE] Running TDSE-SH-elliptical. step 9000, energy = -0.5001420346773018
  |->  par_lens = 2, 2, 2
[TDSE] Running TDSE-SH-elliptical. step 9200, energy = -0.5001409527532228
  |->  par_lens = 4, 2, 2
[TDSE] Running TDSE-SH-elliptical. step 9400, energy = -0.5001397971551511
  |->  par_lens = 4, 2, 2
[TDSE] Running TDSE-SH-elliptical. step 9600, energy = -0.5001385337933434
  |->  par_lens = 4, 3, 3
[TDSE] Running TDSE-SH-elliptical. step 9800, energy = -0.5001371782572569
  |->  par_lens = 4, 3, 3
[TDSE] Running TDSE-SH-elliptical. step 10000, energy = -0.5001357343435906
  |->  par_lens = 4, 3, 3
[TDSE] Running TDSE-SH-elliptical. step 10200, energy = -0.500133964412163
  |->  par_lens = 4, 3, 3
[TDSE] Running TDSE-SH-elliptical. step 10400, energy = -0.5001306675382385
  |->  par_lens = 4, 3, 3
[TDSE] Running TDSE-SH-elliptical. step 10600, energy = -0.5001275546379739
  |->  par_lens = 4, 3, 3
[TDSE] Running TDSE-SH-elliptical. step 10800, energy = -0.5001301294841912
  |->  par_lens = 4, 3, 3
[TDSE] Running TDSE-SH-elliptical. step 11000, energy = -0.5001408004976914
  |->  par_lens = 4, 3, 3
[TDSE] Running TDSE-SH-elliptical. step 11200, energy = -0.5001460599960851
  |->  par_lens = 4, 3, 3
[TDSE] Running TDSE-SH-elliptical. step 11400, energy = -0.5001247697574058
  |->  par_lens = 4, 3, 3
[TDSE] Running TDSE-SH-elliptical. step 11600, energy = -0.5000842172626774
  |->  par_lens = 4, 3, 3
[TDSE] Running TDSE-SH-elliptical. step 11800, energy = -0.5000611475391196
  |->  par_lens = 4, 3, 3
[TDSE] Running TDSE-SH-elliptical. step 12000, energy = -0.5000227369001744
  |->  par_lens = 4, 4, 3
[TDSE] Running TDSE-SH-elliptical. step 12200, energy = -0.4997843106542497
  |->  par_lens = 5, 5, 5
[TDSE] Running TDSE-SH-elliptical. step 12400, energy = -0.49916951623570105
  |->  par_lens = 5, 5, 6
[TDSE] Running TDSE-SH-elliptical. step 12600, energy = -0.4983711287914063
  |->  par_lens = 7, 7, 7
[TDSE] Running TDSE-SH-elliptical. step 12800, energy = -0.4980107796892785
  |->  par_lens = 7, 7, 7
[TDSE] Running TDSE-SH-elliptical. step 13000, energy = -0.4984974247805632
  |->  par_lens = 9, 9, 8
[TDSE] Running TDSE-SH-elliptical. step 13200, energy = -0.49926279600948376
  |->  par_lens = 9, 9, 8
[TDSE] Running TDSE-SH-elliptical. step 13400, energy = -0.4990409373861168
  |->  par_lens = 9, 9, 8
[TDSE] Running TDSE-SH-elliptical. step 13600, energy = -0.49737379500597273
  |->  par_lens = 10, 9, 9
[TDSE] Running TDSE-SH-elliptical. step 13800, energy = -0.495656685778169
  |->  par_lens = 10, 9, 9
[TDSE] Running TDSE-SH-elliptical. step 14000, energy = -0.4957805534761202
  |->  par_lens = 10, 9, 9
[TDSE] Running TDSE-SH-elliptical. step 14200, energy = -0.49737151301138455
  |->  par_lens = 10, 10, 9
[TDSE] Running TDSE-SH-elliptical. step 14400, energy = -0.49714185725020327
  |->  par_lens = 9, 10, 9
[TDSE] Running TDSE-SH-elliptical. step 14600, energy = -0.49242163394505484
  |->  par_lens = 10, 10, 10
[TDSE] Running TDSE-SH-elliptical. step 14800, energy = -0.48546755861381785
  |->  par_lens = 13, 13, 13
[TDSE] Running TDSE-SH-elliptical. step 15000, energy = -0.4824821941312414
  |->  par_lens = 16, 16, 15
[TDSE] Running TDSE-SH-elliptical. step 15200, energy = -0.48674479128173676
  |->  par_lens = 19, 20, 19
[TDSE] Running TDSE-SH-elliptical. step 15400, energy = -0.49325392053433204
  |->  par_lens = 22, 22, 22
[TDSE] Running TDSE-SH-elliptical. step 15600, energy = -0.49284489236625284
  |->  par_lens = 23, 22, 23
[TDSE] Running TDSE-SH-elliptical. step 15800, energy = -0.48314597916455126
  |->  par_lens = 23, 21, 23
[TDSE] Running TDSE-SH-elliptical. step 16000, energy = -0.47328872291707724
  |->  par_lens = 21, 21, 22
[TDSE] Running TDSE-SH-elliptical. step 16200, energy = -0.4743631823082203
  |->  par_lens = 23, 22, 21
[TDSE] Running TDSE-SH-elliptical. step 16400, energy = -0.4846340032897159
  |->  par_lens = 25, 26, 25
[TDSE] Running TDSE-SH-elliptical. step 16600, energy = -0.488360303242916
  |->  par_lens = 24, 26, 26
[TDSE] Running TDSE-SH-elliptical. step 16800, energy = -0.47332558322179435
  |->  par_lens = 22, 21, 24
[TDSE] Running TDSE-SH-elliptical. step 17000, energy = -0.4483474265256169
  |->  par_lens = 27, 26, 28
[TDSE] Running TDSE-SH-elliptical. step 17200, energy = -0.437387709302767
  |->  par_lens = 31, 32, 35
[TDSE] Running TDSE-SH-elliptical. step 17400, energy = -0.45243895538832585
  |->  par_lens = 42, 45, 41
[TDSE] Running TDSE-SH-elliptical. step 17600, energy = -0.476079339500903
  |->  par_lens = 50, 48, 51
[TDSE] Running TDSE-SH-elliptical. step 17800, energy = -0.47786202789782656
  |->  par_lens = 52, 51, 53
[TDSE] Running TDSE-SH-elliptical. step 18000, energy = -0.4501748746746343
  |->  par_lens = 49, 50, 49
[TDSE] Running TDSE-SH-elliptical. step 18200, energy = -0.42123466781020447
  |->  par_lens = 43, 45, 42
[TDSE] Running TDSE-SH-elliptical. step 18400, energy = -0.4239552571913693
  |->  par_lens = 52, 52, 51
[TDSE] Running TDSE-SH-elliptical. step 18600, energy = -0.4545412232211321
  |->  par_lens = 62, 58, 58
[TDSE] Running TDSE-SH-elliptical. step 18800, energy = -0.4707600985625545
  |->  par_lens = 62, 63, 60
[TDSE] Running TDSE-SH-elliptical. step 19000, energy = -0.4398740671581326
  |->  par_lens = 59, 60, 58
[TDSE] Running TDSE-SH-elliptical. step 19200, energy = -0.38262749368305526
  |->  par_lens = 52, 55, 51
[TDSE] Running TDSE-SH-elliptical. step 19400, energy = -0.3563423238163948
  |->  par_lens = 63, 69, 68
[TDSE] Running TDSE-SH-elliptical. step 19600, energy = -0.38978630540040715
  |->  par_lens = 92, 86, 87
[TDSE] Running TDSE-SH-elliptical. step 19800, energy = -0.4448373811123458
  |->  par_lens = 107, 102, 105
[TDSE] Running TDSE-SH-elliptical. step 20000, energy = -0.4543467759076191
  |->  par_lens = 113, 106, 108
[TDSE] Running TDSE-SH-elliptical. step 20200, energy = -0.40077447181894094
  |->  par_lens = 104, 97, 104
[TDSE] Running TDSE-SH-elliptical. step 20400, energy = -0.3424429539741406
  |->  par_lens = 89, 87, 82
[TDSE] Running TDSE-SH-elliptical. step 20600, energy = -0.34615177146363024
  |->  par_lens = 99, 100, 101
[TDSE] Running TDSE-SH-elliptical. step 20800, energy = -0.4074209255573937
  |->  par_lens = 122, 122, 126
[TDSE] Running TDSE-SH-elliptical. step 21000, energy = -0.4457718627344118
  |->  par_lens = 134, 134, 131
[TDSE] Running TDSE-SH-elliptical. step 21200, energy = -0.39830473908781416
  |->  par_lens = 127, 126, 128
[TDSE] Running TDSE-SH-elliptical. step 21400, energy = -0.3000395940839946
  |->  par_lens = 109, 109, 109
[TDSE] Running TDSE-SH-elliptical. step 21600, energy = -0.2531958175172009
  |->  par_lens = 119, 113, 116
[TDSE] Running TDSE-SH-elliptical. step 21800, energy = -0.30776140981948147
  |->  par_lens = 156, 157, 156
[TDSE] Running TDSE-SH-elliptical. step 22000, energy = -0.4037696621396686
  |->  par_lens = 194, 186, 188
[TDSE] Running TDSE-SH-elliptical. step 22200, energy = -0.4277106406599223
  |->  par_lens = 203, 194, 198
[TDSE] Running TDSE-SH-elliptical. step 22400, energy = -0.3484571684186643
  |->  par_lens = 197, 195, 195
[TDSE] Running TDSE-SH-elliptical. step 22600, energy = -0.2578318985788579
  |->  par_lens = 168, 170, 170
[TDSE] Running TDSE-SH-elliptical. step 22800, energy = -0.26090750966715676
  |->  par_lens = 164, 169, 172
[TDSE] Running TDSE-SH-elliptical. step 23000, energy = -0.35418151034191714
  |->  par_lens = 213, 211, 206
[TDSE] Running TDSE-SH-elliptical. step 23200, energy = -0.419668038709316
  |->  par_lens = 225, 231, 221
[TDSE] Running TDSE-SH-elliptical. step 23400, energy = -0.3613431792129653
  |->  par_lens = 222, 228, 217
[TDSE] Running TDSE-SH-elliptical. step 23600, energy = -0.22572792324653704
  |->  par_lens = 196, 206, 195
[TDSE] Running TDSE-SH-elliptical. step 23800, energy = -0.15899585924201026
  |->  par_lens = 197, 196, 190
[TDSE] Running TDSE-SH-elliptical. step 24000, energy = -0.2297751856834712
  |->  par_lens = 243, 246, 241
[TDSE] Running TDSE-SH-elliptical. step 24200, energy = -0.3638714319854778
  |->  par_lens = 288, 288, 287
[TDSE] Running TDSE-SH-elliptical. step 24400, energy = -0.4063977883931705
  |->  par_lens = 300, 298, 297
[TDSE] Running TDSE-SH-elliptical. step 24600, energy = -0.31226916085006534
  |->  par_lens = 293, 292, 293
[TDSE] Running TDSE-SH-elliptical. step 24800, energy = -0.19773601082150916
  |->  par_lens = 263, 261, 249
[TDSE] Running TDSE-SH-elliptical. step 25000, energy = -0.1987041079051121
  |->  par_lens = 251, 251, 252
[TDSE] Running TDSE-SH-elliptical. step 25200, energy = -0.31274025875958683
  |->  par_lens = 289, 298, 298
[TDSE] Running TDSE-SH-elliptical. step 25400, energy = -0.4007774510588117
  |->  par_lens = 318, 326, 316
[TDSE] Running TDSE-SH-elliptical. step 25600, energy = -0.34200468681638324
  |->  par_lens = 319, 312, 313
[TDSE] Running TDSE-SH-elliptical. step 25800, energy = -0.1870843780416852
  |->  par_lens = 287, 283, 286
[TDSE] Running TDSE-SH-elliptical. step 26000, energy = -0.10777579311943074
  |->  par_lens = 285, 290, 277
[TDSE] Running TDSE-SH-elliptical. step 26200, energy = -0.1840284767140565
  |->  par_lens = 318, 323, 318
[TDSE] Running TDSE-SH-elliptical. step 26400, energy = -0.33864124231585746
  |->  par_lens = 363, 367, 362
[TDSE] Running TDSE-SH-elliptical. step 26600, energy = -0.3977165078413123
  |->  par_lens = 372, 373, 373
[TDSE] Running TDSE-SH-elliptical. step 26800, energy = -0.3067315272817771
  |->  par_lens = 359, 359, 367
[TDSE] Running TDSE-SH-elliptical. step 27000, energy = -0.18697414174888766
  |->  par_lens = 335, 326, 333
[TDSE] Running TDSE-SH-elliptical. step 27200, energy = -0.1844042365878106
  |->  par_lens = 324, 320, 330
[TDSE] Running TDSE-SH-elliptical. step 27400, energy = -0.30025419790147084
  |->  par_lens = 354, 352, 348
[TDSE] Running TDSE-SH-elliptical. step 27600, energy = -0.3965500206950404
  |->  par_lens = 366, 371, 374
[TDSE] Running TDSE-SH-elliptical. step 27800, energy = -0.3476358898660056
  |->  par_lens = 365, 376, 369
[TDSE] Running TDSE-SH-elliptical. step 28000, energy = -0.199606648124749
  |->  par_lens = 360, 358, 355
[TDSE] Running TDSE-SH-elliptical. step 28200, energy = -0.11939639553185466
  |->  par_lens = 356, 365, 357
[TDSE] Running TDSE-SH-elliptical. step 28400, energy = -0.18866467661293698
  |->  par_lens = 386, 379, 386
[TDSE] Running TDSE-SH-elliptical. step 28600, energy = -0.3382511870830358
  |->  par_lens = 414, 412, 415
[TDSE] Running TDSE-SH-elliptical. step 28800, energy = -0.4052516700766425
  |->  par_lens = 423, 427, 420
[TDSE] Running TDSE-SH-elliptical. step 29000, energy = -0.33453332331451874
  |->  par_lens = 419, 418, 414
[TDSE] Running TDSE-SH-elliptical. step 29200, energy = -0.23057218169513893
  |->  par_lens = 402, 401, 404
[TDSE] Running TDSE-SH-elliptical. step 29400, energy = -0.2245575165315085
  |->  par_lens = 373, 382, 371
[TDSE] Running TDSE-SH-elliptical. step 29600, energy = -0.3231860128005585
  |->  par_lens = 384, 395, 390
[TDSE] Running TDSE-SH-elliptical. step 29800, energy = -0.40931072295315857
  |->  par_lens = 399, 400, 391
[TDSE] Running TDSE-SH-elliptical. step 30000, energy = -0.3754427093567861
  |->  par_lens = 384, 401, 392
[TDSE] Running TDSE-SH-elliptical. step 30200, energy = -0.2570092641752373
  |->  par_lens = 395, 385, 395
[TDSE] Running TDSE-SH-elliptical. step 30400, energy = -0.18882902843461152
  |->  par_lens = 410, 403, 405
[TDSE] Running TDSE-SH-elliptical. step 30600, energy = -0.24184332047838483
  |->  par_lens = 422, 426, 424
[TDSE] Running TDSE-SH-elliptical. step 30800, energy = -0.36370362482582486
  |->  par_lens = 447, 444, 442
[TDSE] Running TDSE-SH-elliptical. step 31000, energy = -0.42583344154271013
  |->  par_lens = 454, 454, 452
[TDSE] Running TDSE-SH-elliptical. step 31200, energy = -0.3832582479014113
  |->  par_lens = 450, 452, 448
[TDSE] Running TDSE-SH-elliptical. step 31400, energy = -0.3097631778837545
  |->  par_lens = 445, 436, 446
[TDSE] Running TDSE-SH-elliptical. step 31600, energy = -0.3023858088083055
  |->  par_lens = 425, 424, 425
[TDSE] Running TDSE-SH-elliptical. step 31800, energy = -0.3719607369843967
  |->  par_lens = 406, 415, 405
[TDSE] Running TDSE-SH-elliptical. step 32000, energy = -0.4339336539289749
  |->  par_lens = 409, 416, 410
[TDSE] Running TDSE-SH-elliptical. step 32200, energy = -0.41474276412398875
  |->  par_lens = 413, 414, 412
[TDSE] Running TDSE-SH-elliptical. step 32400, energy = -0.33618670581086274
  |->  par_lens = 417, 417, 425
[TDSE] Running TDSE-SH-elliptical. step 32600, energy = -0.2874726906859556
  |->  par_lens = 441, 436, 435
[TDSE] Running TDSE-SH-elliptical. step 32800, energy = -0.32115162764956373
  |->  par_lens = 448, 452, 448
[TDSE] Running TDSE-SH-elliptical. step 33000, energy = -0.40280392485279864
  |->  par_lens = 469, 469, 465
[TDSE] Running TDSE-SH-elliptical. step 33200, energy = -0.45119334436847086
  |->  par_lens = 474, 473, 475
[TDSE] Running TDSE-SH-elliptical. step 33400, energy = -0.4337584626213656
  |->  par_lens = 473, 473, 476
[TDSE] Running TDSE-SH-elliptical. step 33600, energy = -0.3929991403139369
  |->  par_lens = 472, 469, 468
[TDSE] Running TDSE-SH-elliptical. step 33800, energy = -0.3880074367904122
  |->  par_lens = 463, 461, 467
[TDSE] Running TDSE-SH-elliptical. step 34000, energy = -0.4257327996360126
  |->  par_lens = 456, 447, 450
[TDSE] Running TDSE-SH-elliptical. step 34200, energy = -0.4605923677223603
  |->  par_lens = 451, 444, 445
[TDSE] Running TDSE-SH-elliptical. step 34400, energy = -0.450911749024546
  |->  par_lens = 448, 439, 445
[TDSE] Running TDSE-SH-elliptical. step 34600, energy = -0.4087892939393337
  |->  par_lens = 451, 447, 455
[TDSE] Running TDSE-SH-elliptical. step 34800, energy = -0.38179926556821414
  |->  par_lens = 462, 465, 469
[TDSE] Running TDSE-SH-elliptical. step 35000, energy = -0.39908589308014286
  |->  par_lens = 473, 478, 474
[TDSE] Running TDSE-SH-elliptical. step 35200, energy = -0.4423205218012946
  |->  par_lens = 484, 489, 489
[TDSE] Running TDSE-SH-elliptical. step 35400, energy = -0.47177558082822163
  |->  par_lens = 487, 491, 492
[TDSE] Running TDSE-SH-elliptical. step 35600, energy = -0.4697789937012449
  |->  par_lens = 487, 491, 492
[TDSE] Running TDSE-SH-elliptical. step 35800, energy = -0.4548739559863639
  |->  par_lens = 487, 491, 492
[TDSE] Running TDSE-SH-elliptical. step 36000, energy = -0.4522944042903202
  |->  par_lens = 485, 489, 489
[TDSE] Running TDSE-SH-elliptical. step 36200, energy = -0.4672811789831334
  |->  par_lens = 482, 486, 487
[TDSE] Running TDSE-SH-elliptical. step 36400, energy = -0.48000542845154615
  |->  par_lens = 480, 482, 486
[TDSE] Running TDSE-SH-elliptical. step 36600, energy = -0.475582446877725
  |->  par_lens = 479, 481, 485
[TDSE] Running TDSE-SH-elliptical. step 36800, energy = -0.45829118300493277
  |->  par_lens = 482, 487, 485
[TDSE] Running TDSE-SH-elliptical. step 37000, energy = -0.44748124172227294
  |->  par_lens = 487, 487, 487
[TDSE] Running TDSE-SH-elliptical. step 37200, energy = -0.4537333110710646
  |->  par_lens = 484, 490, 492
[TDSE] Running TDSE-SH-elliptical. step 37400, energy = -0.47072093072436955
  |->  par_lens = 495, 501, 498
[TDSE] Running TDSE-SH-elliptical. step 37600, energy = -0.4841394101337769
  |->  par_lens = 495, 502, 500
[TDSE] Running TDSE-SH-elliptical. step 37800, energy = -0.4872946204965208
  |->  par_lens = 495, 502, 500
[TDSE] Running TDSE-SH-elliptical. step 38000, energy = -0.4850752605916771
  |->  par_lens = 495, 500, 499
[TDSE] Running TDSE-SH-elliptical. step 38200, energy = -0.48476488118128763
  |->  par_lens = 495, 500, 500
[TDSE] Running TDSE-SH-elliptical. step 38400, energy = -0.4877336956644113
  |->  par_lens = 493, 501, 499
[TDSE] Running TDSE-SH-elliptical. step 38600, energy = -0.48966116033200024
  |->  par_lens = 492, 497, 500
[TDSE] Running TDSE-SH-elliptical. step 38800, energy = -0.4873044873256821
  |->  par_lens = 491, 498, 499
[TDSE] Running TDSE-SH-elliptical. step 39000, energy = -0.4825349177780504
  |->  par_lens = 494, 499, 500
[TDSE] Running TDSE-SH-elliptical. step 39200, energy = -0.4797396624514403
  |->  par_lens = 495, 502, 499
[TDSE] Running TDSE-SH-elliptical. step 39400, energy = -0.4811848618814443
  |->  par_lens = 503, 507, 505
[TDSE] Running TDSE-SH-elliptical. step 39600, energy = -0.4852909967609188
  |->  par_lens = 508, 510, 510
[TDSE] Running TDSE-SH-elliptical. step 39800, energy = -0.48915625192200446
  |->  par_lens = 508, 510, 510
[TDSE] Running TDSE-SH-elliptical. step 40000, energy = -0.49128334918178007
  |->  par_lens = 508, 510, 510
[TDSE] Running TDSE-SH-elliptical. step 40200, energy = -0.4919698333511566
  |->  par_lens = 508, 510, 510
[TDSE] Running TDSE-SH-elliptical. step 40400, energy = -0.49214234584364486
  |->  par_lens = 508, 510, 510
[TDSE] Running TDSE-SH-elliptical. step 40600, energy = -0.4920652190438753
  |->  par_lens = 508, 510, 510
[TDSE] Running TDSE-SH-elliptical. step 40800, energy = -0.4915677962741495
  |->  par_lens = 508, 510, 510
[TDSE] Running TDSE-SH-elliptical. step 41000, energy = -0.49082588927592624
  |->  par_lens = 508, 510, 510
[TDSE] Running TDSE-SH-elliptical. step 41200, energy = -0.49002326117323036
  |->  par_lens = 508, 511, 510
[TDSE] Running TDSE-SH-elliptical. step 41400, energy = -0.48974401292614195
  |->  par_lens = 514, 517, 515
[TDSE] Running TDSE-SH-elliptical. step 41600, energy = -0.48986801183985473
  |->  par_lens = 515, 519, 517
[TDSE] Running TDSE-SH-elliptical. step 41800, energy = -0.4901944057722904
  |->  par_lens = 516, 520, 518
[TDSE] Running TDSE-SH-elliptical. step 42000, energy = -0.4906180403364883
  |->  par_lens = 522, 523, 519
[TDSE] Running TDSE-SH-elliptical. step 42200, energy = -0.49078960091666685
  |->  par_lens = 522, 523, 519
[TDSE] Running TDSE-SH-elliptical. step 42400, energy = -0.49093981752329036
  |->  par_lens = 525, 524, 521
[TDSE] Running TDSE-SH-elliptical. step 42600, energy = -0.49095771439968916
  |->  par_lens = 527, 526, 525
[TDSE] Running TDSE-SH-elliptical. step 42800, energy = -0.49093138330628494
  |->  par_lens = 528, 527, 526
[TDSE] Running TDSE-SH-elliptical. step 43000, energy = -0.4909770811706422
  |->  par_lens = 531, 530, 527
[TDSE] Running TDSE-SH-elliptical. step 43200, energy = -0.4909299598629963
  |->  par_lens = 532, 530, 529
[TDSE] Running TDSE-SH-elliptical. step 43400, energy = -0.4910038607457659
  |->  par_lens = 533, 533, 533
[TDSE] Running TDSE-SH-elliptical. step 43600, energy = -0.4909987221625613
  |->  par_lens = 536, 534, 535
[TDSE] Running TDSE-SH-elliptical. step 43800, energy = -0.49098142213800755
  |->  par_lens = 537, 536, 537
[TDSE] Running TDSE-SH-elliptical. step 44000, energy = -0.49105402506216367
  |->  par_lens = 538, 539, 541
[TDSE] Running TDSE-SH-elliptical. step 44200, energy = -0.4910247661161704
  |->  par_lens = 541, 541, 542
[TDSE] Running TDSE-SH-elliptical. step 44400, energy = -0.4910863338453492
  |->  par_lens = 542, 544, 543
[TDSE] Running TDSE-SH-elliptical. step 44600, energy = -0.4910716100483574
  |->  par_lens = 543, 544, 544
[TDSE] Running TDSE-SH-elliptical. step 44800, energy = -0.491082345950029
  |->  par_lens = 547, 547, 546
[TDSE] Running TDSE-SH-elliptical. step 45000, energy = -0.49115554582430465
  |->  par_lens = 548, 550, 548
