  Activating project at `~/JuliaProp_v0.1`
[ITP]: 10000.471108571397
[ITP]: 0.022107823405609905
[ITP]: 0.004976805475414736
[ITP]: 0.0021058954092971205
[ITP]: 0.001084104546129061
[ITP]: 0.0006160870179273692
[ITP]: 0.0003714642087823128
[ITP]: 0.00023286611963801995
[ITP]: 0.0001500123428329614
[ITP]: 9.857967926441003e-5
[ITP]: 6.57601184761436e-5
[ITP]: 4.43786526744816e-5
[ITP]: 3.022437766897479e-5
[ITP]: 2.0735965556739622e-5
[ITP]: 1.4311264988853267e-5
[ITP]: 9.92563006574354e-6
[ITP]: 6.9119921211058255e-6
[ITP]: 4.82976755122877e-6
[ITP]: 3.384510666504248e-6
[ITP]: 2.3775199649023193e-6
[ITP]: 1.6736194445865493e-6
[ITP]: 1.1802274751948616e-6
[ITP]: 8.335748883370186e-7
[ITP]: 5.895273362810372e-7
[ITP]: 4.174150680658073e-7
[ITP]: 2.958509506267859e-7
[ITP]: 2.098764437796774e-7
[ITP]: 1.4900242706339384e-7
[ITP]: 1.0585745457980522e-7
[ITP]: 7.525113565609587e-8
[ITP]: 5.352267851144177e-8
[ITP]: 3.808635307134267e-8
[ITP]: 2.7113442158110956e-8
[ITP]: 1.9309163601377577e-8
[ITP]: 1.3755872219078924e-8
[ITP]: 9.802639699962867e-9
Energy of ground state: -0.5030607411950042
[TDSE] Start TDSE-SH for elliptical polarized laser. It may cost a plenty of time.
[TDSE] Running TDSE-SH-elliptical. step 0, energy = -0.5030607411950033
  |->  par_lens = 1, 1, 1
[TDSE] Running TDSE-SH-elliptical. step 200, energy = -0.5030607411948621
  |->  par_lens = 1, 1, 1
[TDSE] Running TDSE-SH-elliptical. step 400, energy = -0.5030607411947172
  |->  par_lens = 1, 1, 2
[TDSE] Running TDSE-SH-elliptical. step 600, energy = -0.5030607411944764
  |->  par_lens = 1, 1, 2
[TDSE] Running TDSE-SH-elliptical. step 800, energy = -0.5030607411939122
  |->  par_lens = 1, 1, 2
[TDSE] Running TDSE-SH-elliptical. step 1000, energy = -0.5030607411922318
  |->  par_lens = 1, 1, 2
[TDSE] Running TDSE-SH-elliptical. step 1200, energy = -0.5030607411880177
  |->  par_lens = 1, 1, 2
[TDSE] Running TDSE-SH-elliptical. step 1400, energy = -0.5030607411784208
  |->  par_lens = 1, 1, 2
[TDSE] Running TDSE-SH-elliptical. step 1600, energy = -0.5030607411593957
  |->  par_lens = 1, 1, 2
[TDSE] Running TDSE-SH-elliptical. step 1800, energy = -0.503060741123654
  |->  par_lens = 1, 1, 2
[TDSE] Running TDSE-SH-elliptical. step 2000, energy = -0.503060741060421
  |->  par_lens = 1, 1, 2
[TDSE] Running TDSE-SH-elliptical. step 2200, energy = -0.5030607409540466
  |->  par_lens = 1, 1, 2
[TDSE] Running TDSE-SH-elliptical. step 2400, energy = -0.5030607407831922
  |->  par_lens = 1, 1, 2
[TDSE] Running TDSE-SH-elliptical. step 2600, energy = -0.5030607405185197
  |->  par_lens = 1, 1, 2
[TDSE] Running TDSE-SH-elliptical. step 2800, energy = -0.5030607401226423
  |->  par_lens = 1, 1, 2
[TDSE] Running TDSE-SH-elliptical. step 3000, energy = -0.503060739544785
  |->  par_lens = 1, 1, 2
[TDSE] Running TDSE-SH-elliptical. step 3200, energy = -0.5030607387275634
  |->  par_lens = 1, 1, 2
[TDSE] Running TDSE-SH-elliptical. step 3400, energy = -0.5030607375876838
  |->  par_lens = 1, 1, 2
[TDSE] Running TDSE-SH-elliptical. step 3600, energy = -0.5030607360429912
  |->  par_lens = 1, 1, 2
[TDSE] Running TDSE-SH-elliptical. step 3800, energy = -0.50306073396906
  |->  par_lens = 1, 1, 2
[TDSE] Running TDSE-SH-elliptical. step 4000, energy = -0.5030607312542679
  |->  par_lens = 1, 1, 2
[TDSE] Running TDSE-SH-elliptical. step 4200, energy = -0.5030607277149047
  |->  par_lens = 1, 1, 2
[TDSE] Running TDSE-SH-elliptical. step 4400, energy = -0.5030607232192209
  |->  par_lens = 1, 1, 2
[TDSE] Running TDSE-SH-elliptical. step 4600, energy = -0.5030607175114788
  |->  par_lens = 1, 1, 2
[TDSE] Running TDSE-SH-elliptical. step 4800, energy = -0.5030607104165501
  |->  par_lens = 2, 2, 2
[TDSE] Running TDSE-SH-elliptical. step 5000, energy = -0.5030607016335791
  |->  par_lens = 2, 2, 2
[TDSE] Running TDSE-SH-elliptical. step 5200, energy = -0.5030606909266975
  |->  par_lens = 2, 2, 2
[TDSE] Running TDSE-SH-elliptical. step 5400, energy = -0.503060677933805
  |->  par_lens = 2, 2, 2
[TDSE] Running TDSE-SH-elliptical. step 5600, energy = -0.5030606623674362
  |->  par_lens = 2, 2, 2
[TDSE] Running TDSE-SH-elliptical. step 5800, energy = -0.5030606438481622
  |->  par_lens = 2, 2, 2
[TDSE] Running TDSE-SH-elliptical. step 6000, energy = -0.5030606219417662
  |->  par_lens = 2, 2, 2
[TDSE] Running TDSE-SH-elliptical. step 6200, energy = -0.5030605963744321
  |->  par_lens = 2, 2, 2
[TDSE] Running TDSE-SH-elliptical. step 6400, energy = -0.5030605664909992
  |->  par_lens = 2, 2, 2
[TDSE] Running TDSE-SH-elliptical. step 6600, energy = -0.5030605321282736
  |->  par_lens = 2, 2, 2
[TDSE] Running TDSE-SH-elliptical. step 6800, energy = -0.5030604925287332
  |->  par_lens = 2, 2, 2
[TDSE] Running TDSE-SH-elliptical. step 7000, energy = -0.5030604475704956
  |->  par_lens = 2, 2, 2
[TDSE] Running TDSE-SH-elliptical. step 7200, energy = -0.5030603962615909
  |->  par_lens = 2, 2, 2
[TDSE] Running TDSE-SH-elliptical. step 7400, energy = -0.5030603388974033
  |->  par_lens = 2, 2, 2
[TDSE] Running TDSE-SH-elliptical. step 7600, energy = -0.5030602741621116
  |->  par_lens = 2, 2, 2
[TDSE] Running TDSE-SH-elliptical. step 7800, energy = -0.5030602022664615
  |->  par_lens = 2, 2, 2
[TDSE] Running TDSE-SH-elliptical. step 8000, energy = -0.5030601223637952
  |->  par_lens = 2, 2, 2
[TDSE] Running TDSE-SH-elliptical. step 8200, energy = -0.5030600344668145
  |->  par_lens = 2, 2, 2
[TDSE] Running TDSE-SH-elliptical. step 8400, energy = -0.5030599376098385
  |->  par_lens = 2, 2, 2
[TDSE] Running TDSE-SH-elliptical. step 8600, energy = -0.5030598320147175
  |->  par_lens = 2, 2, 2
[TDSE] Running TDSE-SH-elliptical. step 8800, energy = -0.5030597172255756
  |->  par_lens = 2, 2, 2
[TDSE] Running TDSE-SH-elliptical. step 9000, energy = -0.5030595926694051
  |->  par_lens = 2, 2, 2
[TDSE] Running TDSE-SH-elliptical. step 9200, energy = -0.5030594589247119
  |->  par_lens = 2, 2, 2
[TDSE] Running TDSE-SH-elliptical. step 9400, energy = -0.503059314738623
  |->  par_lens = 2, 2, 2
[TDSE] Running TDSE-SH-elliptical. step 9600, energy = -0.5030591614433777
  |->  par_lens = 2, 2, 2
[TDSE] Running TDSE-SH-elliptical. step 9800, energy = -0.5030589977121909
  |->  par_lens = 2, 2, 2
[TDSE] Running TDSE-SH-elliptical. step 10000, energy = -0.5030588249727418
  |->  par_lens = 2, 2, 2
[TDSE] Running TDSE-SH-elliptical. step 10200, energy = -0.5030585940245319
  |->  par_lens = 2, 2, 2
[TDSE] Running TDSE-SH-elliptical. step 10400, energy = -0.5030578411857687
  |->  par_lens = 2, 2, 2
[TDSE] Running TDSE-SH-elliptical. step 10600, energy = -0.5030566857000798
  |->  par_lens = 2, 2, 2
[TDSE] Running TDSE-SH-elliptical. step 10800, energy = -0.503055823156995
  |->  par_lens = 2, 2, 2
[TDSE] Running TDSE-SH-elliptical. step 11000, energy = -0.5030532548961809
  |->  par_lens = 3, 2, 2
[TDSE] Running TDSE-SH-elliptical. step 11200, energy = -0.5030404041655321
  |->  par_lens = 4, 3, 3
[TDSE] Running TDSE-SH-elliptical. step 11400, energy = -0.5030056957595395
  |->  par_lens = 4, 3, 3
[TDSE] Running TDSE-SH-elliptical. step 11600, energy = -0.5029488781123217
  |->  par_lens = 4, 4, 3
[TDSE] Running TDSE-SH-elliptical. step 11800, energy = -0.5028846429588719
  |->  par_lens = 4, 4, 3
[TDSE] Running TDSE-SH-elliptical. step 12000, energy = -0.5028004992236679
  |->  par_lens = 5, 5, 4
[TDSE] Running TDSE-SH-elliptical. step 12200, energy = -0.5026311609130686
  |->  par_lens = 5, 5, 5
[TDSE] Running TDSE-SH-elliptical. step 12400, energy = -0.5023051644915487
  |->  par_lens = 5, 5, 6
[TDSE] Running TDSE-SH-elliptical. step 12600, energy = -0.5018888397273512
  |->  par_lens = 6, 5, 6
[TDSE] Running TDSE-SH-elliptical. step 12800, energy = -0.5015943426080182
  |->  par_lens = 6, 6, 7
[TDSE] Running TDSE-SH-elliptical. step 13000, energy = -0.5015653503982397
  |->  par_lens = 8, 7, 7
[TDSE] Running TDSE-SH-elliptical. step 13200, energy = -0.5015686594777029
  |->  par_lens = 8, 7, 7
[TDSE] Running TDSE-SH-elliptical. step 13400, energy = -0.5011288748114281
  |->  par_lens = 8, 7, 7
[TDSE] Running TDSE-SH-elliptical. step 13600, energy = -0.5000692496015947
  |->  par_lens = 8, 8, 7
[TDSE] Running TDSE-SH-elliptical. step 13800, energy = -0.49891382466307366
  |->  par_lens = 8, 9, 8
[TDSE] Running TDSE-SH-elliptical. step 14000, energy = -0.4983994954528895
  |->  par_lens = 9, 10, 9
[TDSE] Running TDSE-SH-elliptical. step 14200, energy = -0.49838701088088755
  |->  par_lens = 9, 10, 10
[TDSE] Running TDSE-SH-elliptical. step 14400, energy = -0.49769372415042384
  |->  par_lens = 10, 10, 10
[TDSE] Running TDSE-SH-elliptical. step 14600, energy = -0.49526973041472
  |->  par_lens = 12, 10, 11
[TDSE] Running TDSE-SH-elliptical. step 14800, energy = -0.4919691553124968
  |->  par_lens = 14, 11, 12
[TDSE] Running TDSE-SH-elliptical. step 15000, energy = -0.4899786898774468
  |->  par_lens = 14, 15, 12
[TDSE] Running TDSE-SH-elliptical. step 15200, energy = -0.4905594357982849
  |->  par_lens = 13, 15, 17
[TDSE] Running TDSE-SH-elliptical. step 15400, energy = -0.49175419336094245
  |->  par_lens = 15, 14, 17
[TDSE] Running TDSE-SH-elliptical. step 15600, energy = -0.4902156559909309
  |->  par_lens = 17, 14, 17
[TDSE] Running TDSE-SH-elliptical. step 15800, energy = -0.4850263473080137
  |->  par_lens = 18, 16, 17
[TDSE] Running TDSE-SH-elliptical. step 16000, energy = -0.4797030077572907
  |->  par_lens = 19, 20, 17
[TDSE] Running TDSE-SH-elliptical. step 16200, energy = -0.4783498799875495
  |->  par_lens = 19, 21, 22
[TDSE] Running TDSE-SH-elliptical. step 16400, energy = -0.48047426435766943
  |->  par_lens = 23, 21, 24
[TDSE] Running TDSE-SH-elliptical. step 16600, energy = -0.4801697741737216
  |->  par_lens = 24, 22, 24
[TDSE] Running TDSE-SH-elliptical. step 16800, energy = -0.4729045296160097
  |->  par_lens = 25, 22, 25
[TDSE] Running TDSE-SH-elliptical. step 17000, energy = -0.46181185170980726
  |->  par_lens = 28, 28, 26
[TDSE] Running TDSE-SH-elliptical. step 17200, energy = -0.4557277585120771
  |->  par_lens = 30, 31, 29
[TDSE] Running TDSE-SH-elliptical. step 17400, energy = -0.4589295443320217
  |->  par_lens = 33, 34, 32
[TDSE] Running TDSE-SH-elliptical. step 17600, energy = -0.46503819097434307
  |->  par_lens = 37, 36, 35
[TDSE] Running TDSE-SH-elliptical. step 17800, energy = -0.4626884347129225
  |->  par_lens = 36, 35, 36
[TDSE] Running TDSE-SH-elliptical. step 18000, energy = -0.44923724746278615
  |->  par_lens = 36, 37, 38
[TDSE] Running TDSE-SH-elliptical. step 18200, energy = -0.4352657243461912
  |->  par_lens = 40, 37, 40
[TDSE] Running TDSE-SH-elliptical. step 18400, energy = -0.4331346767787814
  |->  par_lens = 45, 44, 43
[TDSE] Running TDSE-SH-elliptical. step 18600, energy = -0.4414429303411713
  |->  par_lens = 49, 47, 47
[TDSE] Running TDSE-SH-elliptical. step 18800, energy = -0.4446925816603706
  |->  par_lens = 51, 50, 50
[TDSE] Running TDSE-SH-elliptical. step 19000, energy = -0.4305132582135027
  |->  par_lens = 51, 48, 51
[TDSE] Running TDSE-SH-elliptical. step 19200, energy = -0.40654616206891847
  |->  par_lens = 53, 55, 52
[TDSE] Running TDSE-SH-elliptical. step 19400, energy = -0.393837624436225
  |->  par_lens = 58, 61, 60
[TDSE] Running TDSE-SH-elliptical. step 19600, energy = -0.4025380265768593
  |->  par_lens = 68, 68, 68
[TDSE] Running TDSE-SH-elliptical. step 19800, energy = -0.41876665186353407
  |->  par_lens = 75, 73, 73
[TDSE] Running TDSE-SH-elliptical. step 20000, energy = -0.4177821478150176
  |->  par_lens = 77, 75, 73
[TDSE] Running TDSE-SH-elliptical. step 20200, energy = -0.39323538654025486
  |->  par_lens = 79, 75, 77
[TDSE] Running TDSE-SH-elliptical. step 20400, energy = -0.3673793386684152
  |->  par_lens = 80, 78, 79
[TDSE] Running TDSE-SH-elliptical. step 20600, energy = -0.36493852869505544
  |->  par_lens = 85, 87, 84
[TDSE] Running TDSE-SH-elliptical. step 20800, energy = -0.38351230316023077
  |->  par_lens = 95, 94, 96
[TDSE] Running TDSE-SH-elliptical. step 21000, energy = -0.3945393128657474
  |->  par_lens = 100, 100, 99
[TDSE] Running TDSE-SH-elliptical. step 21200, energy = -0.3738679346706997
  |->  par_lens = 99, 98, 100
[TDSE] Running TDSE-SH-elliptical. step 21400, energy = -0.33462707267449127
  |->  par_lens = 103, 100, 100
[TDSE] Running TDSE-SH-elliptical. step 21600, energy = -0.31472617553678756
  |->  par_lens = 105, 105, 107
[TDSE] Running TDSE-SH-elliptical. step 21800, energy = -0.33100732816637257
  |->  par_lens = 121, 116, 118
[TDSE] Running TDSE-SH-elliptical. step 22000, energy = -0.36105934415285584
  |->  par_lens = 130, 131, 130
[TDSE] Running TDSE-SH-elliptical. step 22200, energy = -0.36468322209753523
  |->  par_lens = 133, 132, 137
[TDSE] Running TDSE-SH-elliptical. step 22400, energy = -0.32984354633692403
  |->  par_lens = 134, 134, 135
[TDSE] Running TDSE-SH-elliptical. step 22600, energy = -0.2921257162256854
  |->  par_lens = 136, 132, 135
[TDSE] Running TDSE-SH-elliptical. step 22800, energy = -0.29077467899640436
  |->  par_lens = 141, 142, 137
[TDSE] Running TDSE-SH-elliptical. step 23000, energy = -0.32111135318664047
  |->  par_lens = 150, 149, 148
[TDSE] Running TDSE-SH-elliptical. step 23200, energy = -0.342393567256926
  |->  par_lens = 155, 157, 157
[TDSE] Running TDSE-SH-elliptical. step 23400, energy = -0.31848203076487475
  |->  par_lens = 158, 163, 161
[TDSE] Running TDSE-SH-elliptical. step 23600, energy = -0.26639652451930534
  |->  par_lens = 161, 162, 165
[TDSE] Running TDSE-SH-elliptical. step 23800, energy = -0.24096845077841794
  |->  par_lens = 163, 167, 167
[TDSE] Running TDSE-SH-elliptical. step 24000, energy = -0.2653590779831907
  |->  par_lens = 178, 177, 182
[TDSE] Running TDSE-SH-elliptical. step 24200, energy = -0.3086939301834071
  |->  par_lens = 193, 194, 197
[TDSE] Running TDSE-SH-elliptical. step 24400, energy = -0.3193488945967067
  |->  par_lens = 201, 200, 200
[TDSE] Running TDSE-SH-elliptical. step 24600, energy = -0.2793167170479897
  |->  par_lens = 204, 202, 199
[TDSE] Running TDSE-SH-elliptical. step 24800, energy = -0.23386417942759322
  |->  par_lens = 201, 203, 197
[TDSE] Running TDSE-SH-elliptical. step 25000, energy = -0.23448229411767377
  |->  par_lens = 206, 204, 205
[TDSE] Running TDSE-SH-elliptical. step 25200, energy = -0.2743719109938724
  |->  par_lens = 215, 213, 209
[TDSE] Running TDSE-SH-elliptical. step 25400, energy = -0.30495352988670743
  |->  par_lens = 223, 220, 220
[TDSE] Running TDSE-SH-elliptical. step 25600, energy = -0.28289624016571235
  |->  par_lens = 228, 229, 227
[TDSE] Running TDSE-SH-elliptical. step 25800, energy = -0.22584214931981855
  |->  par_lens = 229, 230, 227
[TDSE] Running TDSE-SH-elliptical. step 26000, energy = -0.19832797565550594
  |->  par_lens = 233, 239, 232
[TDSE] Running TDSE-SH-elliptical. step 26200, energy = -0.22787857116262017
  |->  par_lens = 244, 240, 239
[TDSE] Running TDSE-SH-elliptical. step 26400, energy = -0.2794819787695372
  |->  par_lens = 252, 248, 250
[TDSE] Running TDSE-SH-elliptical. step 26600, energy = -0.29753390499996174
  |->  par_lens = 255, 250, 257
[TDSE] Running TDSE-SH-elliptical. step 26800, energy = -0.26053025539419605
  |->  par_lens = 253, 258, 256
[TDSE] Running TDSE-SH-elliptical. step 27000, energy = -0.2153593312424934
  |->  par_lens = 253, 249, 256
[TDSE] Running TDSE-SH-elliptical. step 27200, energy = -0.21744467949767357
  |->  par_lens = 249, 254, 246
[TDSE] Running TDSE-SH-elliptical. step 27400, energy = -0.26052953616918995
  |->  par_lens = 253, 254, 256
[TDSE] Running TDSE-SH-elliptical. step 27600, energy = -0.2962846949023522
  |->  par_lens = 256, 253, 250
[TDSE] Running TDSE-SH-elliptical. step 27800, energy = -0.28087568304846655
  |->  par_lens = 254, 256, 254
[TDSE] Running TDSE-SH-elliptical. step 28000, energy = -0.2295794070781313
  |->  par_lens = 254, 258, 256
[TDSE] Running TDSE-SH-elliptical. step 28200, energy = -0.20468278865517459
  |->  par_lens = 256, 262, 263
[TDSE] Running TDSE-SH-elliptical. step 28400, energy = -0.23375183499203217
  |->  par_lens = 258, 260, 264
[TDSE] Running TDSE-SH-elliptical. step 28600, energy = -0.285539607696654
  |->  par_lens = 262, 266, 266
[TDSE] Running TDSE-SH-elliptical. step 28800, energy = -0.3088178368454833
  |->  par_lens = 261, 269, 271
[TDSE] Running TDSE-SH-elliptical. step 29000, energy = -0.2819759612682401
  |->  par_lens = 264, 270, 273
[TDSE] Running TDSE-SH-elliptical. step 29200, energy = -0.24536963681243193
  |->  par_lens = 265, 268, 266
[TDSE] Running TDSE-SH-elliptical. step 29400, energy = -0.24782079118264205
  |->  par_lens = 257, 261, 261
[TDSE] Running TDSE-SH-elliptical. step 29600, energy = -0.28635637500428784
  |->  par_lens = 261, 263, 263
[TDSE] Running TDSE-SH-elliptical. step 29800, energy = -0.32128520641711045
  |->  par_lens = 262, 265, 272
[TDSE] Running TDSE-SH-elliptical. step 30000, energy = -0.31425053749193277
  |->  par_lens = 264, 268, 263
[TDSE] Running TDSE-SH-elliptical. step 30200, energy = -0.2764792363036496
  |->  par_lens = 271, 270, 266
[TDSE] Running TDSE-SH-elliptical. step 30400, energy = -0.2575936885366808
  |->  par_lens = 264, 268, 267
[TDSE] Running TDSE-SH-elliptical. step 30600, energy = -0.28088129572807713
  |->  par_lens = 271, 268, 270
[TDSE] Running TDSE-SH-elliptical. step 30800, energy = -0.3250579296301036
  |->  par_lens = 274, 271, 275
[TDSE] Running TDSE-SH-elliptical. step 31000, energy = -0.34904518652741595
  |->  par_lens = 273, 275, 276
[TDSE] Running TDSE-SH-elliptical. step 31200, energy = -0.3344611311401242
  |->  par_lens = 272, 273, 272
[TDSE] Running TDSE-SH-elliptical. step 31400, energy = -0.31040288152041884
  |->  par_lens = 268, 266, 269
[TDSE] Running TDSE-SH-elliptical. step 31600, energy = -0.3120598586514834
  |->  par_lens = 258, 262, 259
[TDSE] Running TDSE-SH-elliptical. step 31800, energy = -0.34082231685652054
  |->  par_lens = 258, 256, 256
[TDSE] Running TDSE-SH-elliptical. step 32000, energy = -0.3690028313376777
  |->  par_lens = 265, 257, 257
[TDSE] Running TDSE-SH-elliptical. step 32200, energy = -0.3681195515912963
  |->  par_lens = 265, 260, 265
[TDSE] Running TDSE-SH-elliptical. step 32400, energy = -0.3454515759073697
  |->  par_lens = 265, 260, 262
[TDSE] Running TDSE-SH-elliptical. step 32600, energy = -0.33328803779092275
  |->  par_lens = 263, 263, 265
[TDSE] Running TDSE-SH-elliptical. step 32800, energy = -0.34894637546541313
  |->  par_lens = 271, 268, 260
[TDSE] Running TDSE-SH-elliptical. step 33000, energy = -0.3803892297808818
  |->  par_lens = 274, 276, 273
[TDSE] Running TDSE-SH-elliptical. step 33200, energy = -0.3996260346979074
  |->  par_lens = 276, 269, 270
[TDSE] Running TDSE-SH-elliptical. step 33400, energy = -0.3947342211383703
  |->  par_lens = 275, 271, 269
[TDSE] Running TDSE-SH-elliptical. step 33600, energy = -0.3822283433496921
  |->  par_lens = 266, 265, 266
[TDSE] Running TDSE-SH-elliptical. step 33800, energy = -0.3834934396855207
  |->  par_lens = 260, 255, 264
[TDSE] Running TDSE-SH-elliptical. step 34000, energy = -0.4010673805327011
  |->  par_lens = 253, 252, 260
[TDSE] Running TDSE-SH-elliptical. step 34200, energy = -0.4186445789447627
  |->  par_lens = 253, 248, 254
[TDSE] Running TDSE-SH-elliptical. step 34400, energy = -0.4202063457202027
  |->  par_lens = 254, 249, 256
[TDSE] Running TDSE-SH-elliptical. step 34600, energy = -0.4095801543967178
  |->  par_lens = 258, 256, 255
[TDSE] Running TDSE-SH-elliptical. step 34800, energy = -0.40367879540349644
  |->  par_lens = 263, 256, 259
[TDSE] Running TDSE-SH-elliptical. step 35000, energy = -0.4125595557029216
  |->  par_lens = 258, 261, 269
[TDSE] Running TDSE-SH-elliptical. step 35200, energy = -0.4299661463334949
  |->  par_lens = 264, 265, 271
[TDSE] Running TDSE-SH-elliptical. step 35400, energy = -0.44179363074726996
  |->  par_lens = 266, 266, 272
[TDSE] Running TDSE-SH-elliptical. step 35600, energy = -0.44198140233380145
  |->  par_lens = 264, 263, 271
[TDSE] Running TDSE-SH-elliptical. step 35800, energy = -0.43783623503570596
  |->  par_lens = 259, 261, 264
[TDSE] Running TDSE-SH-elliptical. step 36000, energy = -0.4389264419615586
  |->  par_lens = 260, 250, 255
[TDSE] Running TDSE-SH-elliptical. step 36200, energy = -0.4469154676712974
  |->  par_lens = 252, 245, 248
[TDSE] Running TDSE-SH-elliptical. step 36400, energy = -0.4547028996255659
  |->  par_lens = 245, 242, 237
[TDSE] Running TDSE-SH-elliptical. step 36600, energy = -0.4561866063026388
  |->  par_lens = 248, 240, 240
[TDSE] Running TDSE-SH-elliptical. step 36800, energy = -0.4527436013068967
  |->  par_lens = 244, 243, 248
[TDSE] Running TDSE-SH-elliptical. step 37000, energy = -0.45104420341868534
  |->  par_lens = 249, 247, 245
[TDSE] Running TDSE-SH-elliptical. step 37200, energy = -0.454735920758973
  |->  par_lens = 256, 255, 254
[TDSE] Running TDSE-SH-elliptical. step 37400, energy = -0.46170246888962907
  |->  par_lens = 254, 254, 257
[TDSE] Running TDSE-SH-elliptical. step 37600, energy = -0.46694069334311494
  |->  par_lens = 256, 252, 259
[TDSE] Running TDSE-SH-elliptical. step 37800, energy = -0.46834439471238537
  |->  par_lens = 249, 247, 252
[TDSE] Running TDSE-SH-elliptical. step 38000, energy = -0.46799633952236763
  |->  par_lens = 239, 237, 247
[TDSE] Running TDSE-SH-elliptical. step 38200, energy = -0.46869168042559783
  |->  par_lens = 226, 227, 237
[TDSE] Running TDSE-SH-elliptical. step 38400, energy = -0.4708987049369026
  |->  par_lens = 219, 217, 217
[TDSE] Running TDSE-SH-elliptical. step 38600, energy = -0.47298452564529725
  |->  par_lens = 212, 212, 213
[TDSE] Running TDSE-SH-elliptical. step 38800, energy = -0.4734538935012107
  |->  par_lens = 200, 205, 207
[TDSE] Running TDSE-SH-elliptical. step 39000, energy = -0.4728757801135467
  |->  par_lens = 197, 200, 200
[TDSE] Running TDSE-SH-elliptical. step 39200, energy = -0.4726903611504582
  |->  par_lens = 200, 196, 199
[TDSE] Running TDSE-SH-elliptical. step 39400, energy = -0.4736527968404534
  |->  par_lens = 198, 195, 200
[TDSE] Running TDSE-SH-elliptical. step 39600, energy = -0.47533297979601286
  |->  par_lens = 196, 197, 201
[TDSE] Running TDSE-SH-elliptical. step 39800, energy = -0.4767028209235176
  |->  par_lens = 193, 189, 203
[TDSE] Running TDSE-SH-elliptical. step 40000, energy = -0.4774263775685877
  |->  par_lens = 190, 189, 198
[TDSE] Running TDSE-SH-elliptical. step 40200, energy = -0.4777145654677507
  |->  par_lens = 182, 181, 189
[TDSE] Running TDSE-SH-elliptical. step 40400, energy = -0.4779253466141124
  |->  par_lens = 174, 175, 177
[TDSE] Running TDSE-SH-elliptical. step 40600, energy = -0.47817089759479037
  |->  par_lens = 162, 167, 165
[TDSE] Running TDSE-SH-elliptical. step 40800, energy = -0.47831636248808485
  |->  par_lens = 156, 158, 155
[TDSE] Running TDSE-SH-elliptical. step 41000, energy = -0.47833421277649096
  |->  par_lens = 147, 154, 150
[TDSE] Running TDSE-SH-elliptical. step 41200, energy = -0.47831865393373085
  |->  par_lens = 146, 150, 147
[TDSE] Running TDSE-SH-elliptical. step 41400, energy = -0.47835125798166916
  |->  par_lens = 146, 149, 146
[TDSE] Running TDSE-SH-elliptical. step 41600, energy = -0.4784877190365506
  |->  par_lens = 146, 148, 146
[TDSE] Running TDSE-SH-elliptical. step 41800, energy = -0.4786504008276907
  |->  par_lens = 146, 149, 146
[TDSE] Running TDSE-SH-elliptical. step 42000, energy = -0.47880756106379396
  |->  par_lens = 146, 148, 146
[TDSE] Running TDSE-SH-elliptical. step 42200, energy = -0.47892967594716623
  |->  par_lens = 146, 146, 146
[TDSE] Running TDSE-SH-elliptical. step 42400, energy = -0.4790228911419876
  |->  par_lens = 146, 145, 145
[TDSE] Running TDSE-SH-elliptical. step 42600, energy = -0.479099584924843
  |->  par_lens = 145, 145, 145
[TDSE] Running TDSE-SH-elliptical. step 42800, energy = -0.4791801728867541
  |->  par_lens = 144, 144, 145
[TDSE] Running TDSE-SH-elliptical. step 43000, energy = -0.47926936601464093
  |->  par_lens = 144, 144, 145
