  Activating project at `~/JuliaProp_v0.1`
[ITP]: 10000.500151030976
[ITP]: 3.0490838964780664e-8
[ITP]: 7.575335692067142e-9
Energy of ground state: -0.5001510690415283
[TDSE] Start TDSE-SH for elliptical polarized laser. It may cost a plenty of time.
[TDSE] Running TDSE-SH-elliptical. step 0, energy = -0.5001510690415277
  |->  par_lens = 2, 2, 2
[TDSE] Running TDSE-SH-elliptical. step 200, energy = -0.5001510690413793
  |->  par_lens = 2, 2, 2
[TDSE] Running TDSE-SH-elliptical. step 400, energy = -0.5001510690407809
  |->  par_lens = 2, 2, 2
[TDSE] Running TDSE-SH-elliptical. step 600, energy = -0.5001510690358286
  |->  par_lens = 2, 2, 2
[TDSE] Running TDSE-SH-elliptical. step 800, energy = -0.5001510690112022
  |->  par_lens = 2, 2, 2
[TDSE] Running TDSE-SH-elliptical. step 1000, energy = -0.5001510689279041
  |->  par_lens = 2, 2, 2
[TDSE] Running TDSE-SH-elliptical. step 1200, energy = -0.5001510687055404
  |->  par_lens = 2, 2, 2
[TDSE] Running TDSE-SH-elliptical. step 1400, energy = -0.5001510682016901
  |->  par_lens = 2, 2, 2
[TDSE] Running TDSE-SH-elliptical. step 1600, energy = -0.5001510671873588
  |->  par_lens = 2, 2, 2
[TDSE] Running TDSE-SH-elliptical. step 1800, energy = -0.5001510653166923
  |->  par_lens = 2, 2, 2
[TDSE] Running TDSE-SH-elliptical. step 2000, energy = -0.5001510621090623
  |->  par_lens = 2, 2, 2
[TDSE] Running TDSE-SH-elliptical. step 2200, energy = -0.5001510568880345
  |->  par_lens = 2, 2, 2
[TDSE] Running TDSE-SH-elliptical. step 2400, energy = -0.5001510488041544
  |->  par_lens = 2, 2, 2
[TDSE] Running TDSE-SH-elliptical. step 2600, energy = -0.5001510367414443
  |->  par_lens = 2, 2, 2
[TDSE] Running TDSE-SH-elliptical. step 2800, energy = -0.5001510193159431
  |->  par_lens = 2, 2, 2
[TDSE] Running TDSE-SH-elliptical. step 3000, energy = -0.5001509949066759
  |->  par_lens = 2, 2, 2
[TDSE] Running TDSE-SH-elliptical. step 3200, energy = -0.5001509614314403
  |->  par_lens = 2, 2, 2
[TDSE] Running TDSE-SH-elliptical. step 3400, energy = -0.5001509167451692
  |->  par_lens = 2, 2, 2
[TDSE] Running TDSE-SH-elliptical. step 3600, energy = -0.5001508579102217
  |->  par_lens = 2, 2, 2
[TDSE] Running TDSE-SH-elliptical. step 3800, energy = -0.5001507820092597
  |->  par_lens = 2, 2, 2
[TDSE] Running TDSE-SH-elliptical. step 4000, energy = -0.5001506859073065
  |->  par_lens = 2, 2, 2
[TDSE] Running TDSE-SH-elliptical. step 4200, energy = -0.5001505649753604
  |->  par_lens = 2, 2, 2
[TDSE] Running TDSE-SH-elliptical. step 4400, energy = -0.5001504159940132
  |->  par_lens = 2, 2, 2
[TDSE] Running TDSE-SH-elliptical. step 4600, energy = -0.5001502338312385
  |->  par_lens = 2, 2, 2
[TDSE] Running TDSE-SH-elliptical. step 4800, energy = -0.5001500138302788
  |->  par_lens = 2, 2, 2
[TDSE] Running TDSE-SH-elliptical. step 5000, energy = -0.5001497508943757
  |->  par_lens = 2, 2, 2
[TDSE] Running TDSE-SH-elliptical. step 5200, energy = -0.5001494383342094
  |->  par_lens = 2, 2, 2
[TDSE] Running TDSE-SH-elliptical. step 5400, energy = -0.5001490739684412
  |->  par_lens = 2, 2, 2
[TDSE] Running TDSE-SH-elliptical. step 5600, energy = -0.5001486471814367
  |->  par_lens = 2, 2, 2
[TDSE] Running TDSE-SH-elliptical. step 5800, energy = -0.500148154090886
  |->  par_lens = 2, 2, 2
[TDSE] Running TDSE-SH-elliptical. step 6000, energy = -0.5001475915639885
  |->  par_lens = 2, 2, 2
[TDSE] Running TDSE-SH-elliptical. step 6200, energy = -0.5001469474050945
  |->  par_lens = 2, 2, 2
[TDSE] Running TDSE-SH-elliptical. step 6400, energy = -0.5001462214137687
  |->  par_lens = 2, 2, 2
[TDSE] Running TDSE-SH-elliptical. step 6600, energy = -0.5001454016499569
  |->  par_lens = 2, 2, 2
[TDSE] Running TDSE-SH-elliptical. step 6800, energy = -0.5001444894537775
  |->  par_lens = 2, 2, 2
[TDSE] Running TDSE-SH-elliptical. step 7000, energy = -0.5001434762261525
  |->  par_lens = 2, 2, 2
[TDSE] Running TDSE-SH-elliptical. step 7200, energy = -0.5001423477320568
  |->  par_lens = 2, 2, 2
[TDSE] Running TDSE-SH-elliptical. step 7400, energy = -0.5001411201449812
  |->  par_lens = 4, 2, 2
[TDSE] Running TDSE-SH-elliptical. step 7600, energy = -0.5001397678079791
  |->  par_lens = 4, 2, 2
[TDSE] Running TDSE-SH-elliptical. step 7800, energy = -0.5001382976562453
  |->  par_lens = 4, 3, 3
[TDSE] Running TDSE-SH-elliptical. step 8000, energy = -0.5001367099176579
  |->  par_lens = 4, 3, 3
[TDSE] Running TDSE-SH-elliptical. step 8200, energy = -0.5001349863231557
  |->  par_lens = 4, 3, 3
[TDSE] Running TDSE-SH-elliptical. step 8400, energy = -0.5001331510259049
  |->  par_lens = 4, 3, 3
[TDSE] Running TDSE-SH-elliptical. step 8600, energy = -0.5001311726217388
  |->  par_lens = 4, 3, 3
[TDSE] Running TDSE-SH-elliptical. step 8800, energy = -0.5001290788781542
  |->  par_lens = 4, 3, 3
[TDSE] Running TDSE-SH-elliptical. step 9000, energy = -0.50012685564033
  |->  par_lens = 4, 3, 3
[TDSE] Running TDSE-SH-elliptical. step 9200, energy = -0.5001244892216277
  |->  par_lens = 4, 3, 3
[TDSE] Running TDSE-SH-elliptical. step 9400, energy = -0.5001220396229847
  |->  par_lens = 4, 3, 3
[TDSE] Running TDSE-SH-elliptical. step 9600, energy = -0.5001194346255612
  |->  par_lens = 4, 3, 3
[TDSE] Running TDSE-SH-elliptical. step 9800, energy = -0.5001167206951277
  |->  par_lens = 4, 3, 3
[TDSE] Running TDSE-SH-elliptical. step 10000, energy = -0.5001139142523205
  |->  par_lens = 4, 3, 3
[TDSE] Running TDSE-SH-elliptical. step 10200, energy = -0.5001106497081395
  |->  par_lens = 4, 3, 3
[TDSE] Running TDSE-SH-elliptical. step 10400, energy = -0.5001051465563818
  |->  par_lens = 4, 3, 3
[TDSE] Running TDSE-SH-elliptical. step 10600, energy = -0.5001001234273627
  |->  par_lens = 4, 3, 3
[TDSE] Running TDSE-SH-elliptical. step 10800, energy = -0.5001041496146242
  |->  par_lens = 4, 3, 3
[TDSE] Running TDSE-SH-elliptical. step 11000, energy = -0.5001231901853892
  |->  par_lens = 4, 3, 3
[TDSE] Running TDSE-SH-elliptical. step 11200, energy = -0.5001446727939787
  |->  par_lens = 4, 3, 3
[TDSE] Running TDSE-SH-elliptical. step 11400, energy = -0.5001431056754159
  |->  par_lens = 4, 3, 3
[TDSE] Running TDSE-SH-elliptical. step 11600, energy = -0.5001156828934054
  |->  par_lens = 4, 3, 3
[TDSE] Running TDSE-SH-elliptical. step 11800, energy = -0.5000862510616738
  |->  par_lens = 4, 3, 4
[TDSE] Running TDSE-SH-elliptical. step 12000, energy = -0.5000127487241187
  |->  par_lens = 4, 4, 4
[TDSE] Running TDSE-SH-elliptical. step 12200, energy = -0.4997112229498684
  |->  par_lens = 5, 5, 5
[TDSE] Running TDSE-SH-elliptical. step 12400, energy = -0.49902015238461733
  |->  par_lens = 7, 7, 6
[TDSE] Running TDSE-SH-elliptical. step 12600, energy = -0.49815895274972677
  |->  par_lens = 8, 7, 7
[TDSE] Running TDSE-SH-elliptical. step 12800, energy = -0.49778007062049895
  |->  par_lens = 10, 9, 9
[TDSE] Running TDSE-SH-elliptical. step 13000, energy = -0.4983140066132725
  |->  par_lens = 11, 11, 11
[TDSE] Running TDSE-SH-elliptical. step 13200, energy = -0.4991933954279001
  |->  par_lens = 12, 11, 12
[TDSE] Running TDSE-SH-elliptical. step 13400, energy = -0.4991265515430456
  |->  par_lens = 12, 12, 12
[TDSE] Running TDSE-SH-elliptical. step 13600, energy = -0.497606742522058
  |->  par_lens = 12, 12, 12
[TDSE] Running TDSE-SH-elliptical. step 13800, energy = -0.4959721306852905
  |->  par_lens = 12, 12, 12
[TDSE] Running TDSE-SH-elliptical. step 14000, energy = -0.49606968686842373
  |->  par_lens = 12, 10, 12
[TDSE] Running TDSE-SH-elliptical. step 14200, energy = -0.4975132230868041
  |->  par_lens = 11, 11, 12
[TDSE] Running TDSE-SH-elliptical. step 14400, energy = -0.49704587281116874
  |->  par_lens = 11, 11, 12
[TDSE] Running TDSE-SH-elliptical. step 14600, energy = -0.4920667716757854
  |->  par_lens = 11, 11, 12
[TDSE] Running TDSE-SH-elliptical. step 14800, energy = -0.4849205891641191
  |->  par_lens = 14, 14, 13
[TDSE] Running TDSE-SH-elliptical. step 15000, energy = -0.48188573925647826
  |->  par_lens = 19, 19, 19
[TDSE] Running TDSE-SH-elliptical. step 15200, energy = -0.4862769459725375
  |->  par_lens = 25, 24, 24
[TDSE] Running TDSE-SH-elliptical. step 15400, energy = -0.4930695695028536
  |->  par_lens = 28, 27, 28
[TDSE] Running TDSE-SH-elliptical. step 15600, energy = -0.49301875662300315
  |->  par_lens = 28, 28, 28
[TDSE] Running TDSE-SH-elliptical. step 15800, energy = -0.48363812881082724
  |->  par_lens = 28, 27, 27
[TDSE] Running TDSE-SH-elliptical. step 16000, energy = -0.47394842681637156
  |->  par_lens = 26, 24, 24
[TDSE] Running TDSE-SH-elliptical. step 16200, energy = -0.4749714701294003
  |->  par_lens = 25, 25, 23
[TDSE] Running TDSE-SH-elliptical. step 16400, energy = -0.4849738283519278
  |->  par_lens = 27, 23, 28
[TDSE] Running TDSE-SH-elliptical. step 16600, energy = -0.48829044747167855
  |->  par_lens = 25, 26, 26
[TDSE] Running TDSE-SH-elliptical. step 16800, energy = -0.47283326864850916
  |->  par_lens = 22, 24, 26
[TDSE] Running TDSE-SH-elliptical. step 17000, energy = -0.44755922028979883
  |->  par_lens = 27, 29, 28
[TDSE] Running TDSE-SH-elliptical. step 17200, energy = -0.4365322737964395
  |->  par_lens = 34, 35, 37
[TDSE] Running TDSE-SH-elliptical. step 17400, energy = -0.4517731525628324
  |->  par_lens = 46, 48, 45
[TDSE] Running TDSE-SH-elliptical. step 17600, energy = -0.47580357537032275
  |->  par_lens = 56, 53, 56
[TDSE] Running TDSE-SH-elliptical. step 17800, energy = -0.478052822378567
  |->  par_lens = 58, 56, 58
[TDSE] Running TDSE-SH-elliptical. step 18000, energy = -0.45075701292654
  |->  par_lens = 52, 52, 56
[TDSE] Running TDSE-SH-elliptical. step 18200, energy = -0.4220065908165338
  |->  par_lens = 47, 48, 47
[TDSE] Running TDSE-SH-elliptical. step 18400, energy = -0.42465887861766555
  |->  par_lens = 53, 50, 50
[TDSE] Running TDSE-SH-elliptical. step 18600, energy = -0.45494718216183344
  |->  par_lens = 62, 58, 59
[TDSE] Running TDSE-SH-elliptical. step 18800, energy = -0.47074320109580703
  |->  par_lens = 63, 64, 59
[TDSE] Running TDSE-SH-elliptical. step 19000, energy = -0.4394515299523656
  |->  par_lens = 60, 59, 60
[TDSE] Running TDSE-SH-elliptical. step 19200, energy = -0.3819478664235309
  |->  par_lens = 54, 54, 51
[TDSE] Running TDSE-SH-elliptical. step 19400, energy = -0.35562633550126366
  |->  par_lens = 68, 70, 69
[TDSE] Running TDSE-SH-elliptical. step 19600, energy = -0.3892481069469768
  |->  par_lens = 94, 90, 90
[TDSE] Running TDSE-SH-elliptical. step 19800, energy = -0.44461252307639015
  |->  par_lens = 113, 105, 108
[TDSE] Running TDSE-SH-elliptical. step 20000, energy = -0.4544550430032119
  |->  par_lens = 116, 113, 113
[TDSE] Running TDSE-SH-elliptical. step 20200, energy = -0.40112257493622255
  |->  par_lens = 105, 103, 102
[TDSE] Running TDSE-SH-elliptical. step 20400, energy = -0.34287248126006836
  |->  par_lens = 91, 87, 88
[TDSE] Running TDSE-SH-elliptical. step 20600, energy = -0.34650749432643985
  |->  par_lens = 99, 97, 98
[TDSE] Running TDSE-SH-elliptical. step 20800, energy = -0.40760684371491507
  |->  par_lens = 121, 125, 124
[TDSE] Running TDSE-SH-elliptical. step 21000, energy = -0.44578123156780997
  |->  par_lens = 134, 133, 132
[TDSE] Running TDSE-SH-elliptical. step 21200, energy = -0.3982062035907289
  |->  par_lens = 133, 130, 126
[TDSE] Running TDSE-SH-elliptical. step 21400, energy = -0.29993334965193597
  |->  par_lens = 111, 110, 105
[TDSE] Running TDSE-SH-elliptical. step 21600, energy = -0.2531549481005557
  |->  par_lens = 112, 116, 117
[TDSE] Running TDSE-SH-elliptical. step 21800, energy = -0.30779836514497116
  |->  par_lens = 156, 158, 158
[TDSE] Running TDSE-SH-elliptical. step 22000, energy = -0.4038190466339392
  |->  par_lens = 196, 189, 191
[TDSE] Running TDSE-SH-elliptical. step 22200, energy = -0.42767166394664974
  |->  par_lens = 201, 198, 196
[TDSE] Running TDSE-SH-elliptical. step 22400, energy = -0.34824547706597103
  |->  par_lens = 196, 198, 192
[TDSE] Running TDSE-SH-elliptical. step 22600, energy = -0.257447290694474
  |->  par_lens = 168, 166, 169
[TDSE] Running TDSE-SH-elliptical. step 22800, energy = -0.2604493081742798
  |->  par_lens = 166, 161, 167
[TDSE] Running TDSE-SH-elliptical. step 23000, energy = -0.35382846423561043
  |->  par_lens = 210, 209, 208
[TDSE] Running TDSE-SH-elliptical. step 23200, energy = -0.41962527338707917
  |->  par_lens = 223, 228, 222
[TDSE] Running TDSE-SH-elliptical. step 23400, energy = -0.36174528548562795
  |->  par_lens = 220, 223, 219
[TDSE] Running TDSE-SH-elliptical. step 23600, energy = -0.22656064332593454
  |->  par_lens = 196, 192, 197
[TDSE] Running TDSE-SH-elliptical. step 23800, energy = -0.16005752678643836
  |->  par_lens = 190, 193, 179
[TDSE] Running TDSE-SH-elliptical. step 24000, energy = -0.23075475573070084
  |->  par_lens = 237, 238, 239
[TDSE] Running TDSE-SH-elliptical. step 24200, energy = -0.36440422552616397
  |->  par_lens = 287, 289, 285
[TDSE] Running TDSE-SH-elliptical. step 24400, energy = -0.40622529813611846
  |->  par_lens = 301, 301, 297
[TDSE] Running TDSE-SH-elliptical. step 24600, energy = -0.3113405415102821
  |->  par_lens = 295, 289, 293
[TDSE] Running TDSE-SH-elliptical. step 24800, energy = -0.19628340023897234
  |->  par_lens = 255, 270, 260
[TDSE] Running TDSE-SH-elliptical. step 25000, energy = -0.19717611915271496
  |->  par_lens = 253, 254, 247
[TDSE] Running TDSE-SH-elliptical. step 25200, energy = -0.3116565752173607
  |->  par_lens = 296, 294, 292
[TDSE] Running TDSE-SH-elliptical. step 25400, energy = -0.4005927864473099
  |->  par_lens = 318, 318, 318
[TDSE] Running TDSE-SH-elliptical. step 25600, energy = -0.34291619050420225
  |->  par_lens = 321, 313, 309
[TDSE] Running TDSE-SH-elliptical. step 25800, energy = -0.18892909125074048
  |->  par_lens = 290, 287, 289
[TDSE] Running TDSE-SH-elliptical. step 26000, energy = -0.11003652093008401
  |->  par_lens = 287, 283, 280
[TDSE] Running TDSE-SH-elliptical. step 26200, energy = -0.1860462348554235
  |->  par_lens = 317, 318, 324
[TDSE] Running TDSE-SH-elliptical. step 26400, energy = -0.33974072033415953
  |->  par_lens = 364, 363, 362
[TDSE] Running TDSE-SH-elliptical. step 26600, energy = -0.39749597768672235
  |->  par_lens = 372, 371, 373
[TDSE] Running TDSE-SH-elliptical. step 26800, energy = -0.30519056086868107
  |->  par_lens = 365, 366, 364
[TDSE] Running TDSE-SH-elliptical. step 27000, energy = -0.184573552428909
  |->  par_lens = 340, 335, 331
[TDSE] Running TDSE-SH-elliptical. step 27200, energy = -0.1819117629968555
  |->  par_lens = 328, 332, 328
[TDSE] Running TDSE-SH-elliptical. step 27400, energy = -0.2984943844996916
  |->  par_lens = 356, 355, 356
[TDSE] Running TDSE-SH-elliptical. step 27600, energy = -0.3961804385276881
  |->  par_lens = 369, 371, 372
[TDSE] Running TDSE-SH-elliptical. step 27800, energy = -0.3488945394220098
  |->  par_lens = 366, 363, 371
[TDSE] Running TDSE-SH-elliptical. step 28000, energy = -0.20220107854025735
  |->  par_lens = 352, 351, 356
[TDSE] Running TDSE-SH-elliptical. step 28200, energy = -0.12255701386397283
  |->  par_lens = 348, 353, 345
[TDSE] Running TDSE-SH-elliptical. step 28400, energy = -0.19147505898532355
  |->  par_lens = 380, 373, 379
[TDSE] Running TDSE-SH-elliptical. step 28600, energy = -0.339821054167544
  |->  par_lens = 407, 411, 410
[TDSE] Running TDSE-SH-elliptical. step 28800, energy = -0.40509356469899904
  |->  par_lens = 420, 415, 416
[TDSE] Running TDSE-SH-elliptical. step 29000, energy = -0.33270310755422083
  |->  par_lens = 407, 410, 406
[TDSE] Running TDSE-SH-elliptical. step 29200, energy = -0.22767302639241005
  |->  par_lens = 397, 396, 398
[TDSE] Running TDSE-SH-elliptical. step 29400, energy = -0.22154469427296902
  |->  par_lens = 385, 382, 383
[TDSE] Running TDSE-SH-elliptical. step 29600, energy = -0.3210519498009184
  |->  par_lens = 399, 388, 393
[TDSE] Running TDSE-SH-elliptical. step 29800, energy = -0.4087945425536404
  |->  par_lens = 400, 392, 400
[TDSE] Running TDSE-SH-elliptical. step 30000, energy = -0.3767879683998632
  |->  par_lens = 399, 394, 402
[TDSE] Running TDSE-SH-elliptical. step 30200, energy = -0.25984345122159647
  |->  par_lens = 393, 389, 394
[TDSE] Running TDSE-SH-elliptical. step 30400, energy = -0.1922939442646517
  |->  par_lens = 401, 400, 402
[TDSE] Running TDSE-SH-elliptical. step 30600, energy = -0.24493083244138936
  |->  par_lens = 424, 411, 416
[TDSE] Running TDSE-SH-elliptical. step 30800, energy = -0.3654916705156863
  |->  par_lens = 434, 434, 434
[TDSE] Running TDSE-SH-elliptical. step 31000, energy = -0.42583097986749535
  |->  par_lens = 447, 441, 443
[TDSE] Running TDSE-SH-elliptical. step 31200, energy = -0.3815247908985661
  |->  par_lens = 445, 440, 440
[TDSE] Running TDSE-SH-elliptical. step 31400, energy = -0.30696830881418724
  |->  par_lens = 433, 432, 427
[TDSE] Running TDSE-SH-elliptical. step 31600, energy = -0.29946227320313634
  |->  par_lens = 416, 417, 415
[TDSE] Running TDSE-SH-elliptical. step 31800, energy = -0.3698783470670252
  |->  par_lens = 402, 405, 401
[TDSE] Running TDSE-SH-elliptical. step 32000, energy = -0.4333803055753371
  |->  par_lens = 405, 401, 407
[TDSE] Running TDSE-SH-elliptical. step 32200, energy = -0.4159262571799951
  |->  par_lens = 407, 403, 406
[TDSE] Running TDSE-SH-elliptical. step 32400, energy = -0.338745135728119
  |->  par_lens = 408, 411, 418
[TDSE] Running TDSE-SH-elliptical. step 32600, energy = -0.29062087078958065
  |->  par_lens = 422, 423, 427
[TDSE] Running TDSE-SH-elliptical. step 32800, energy = -0.32397032566368744
  |->  par_lens = 440, 442, 436
[TDSE] Running TDSE-SH-elliptical. step 33000, energy = -0.4044796915613309
  |->  par_lens = 450, 458, 454
[TDSE] Running TDSE-SH-elliptical. step 33200, energy = -0.4513434882683396
  |->  par_lens = 456, 459, 460
[TDSE] Running TDSE-SH-elliptical. step 33400, energy = -0.43248712951651286
  |->  par_lens = 458, 459, 461
[TDSE] Running TDSE-SH-elliptical. step 33600, energy = -0.39082399846094074
  |->  par_lens = 457, 457, 454
[TDSE] Running TDSE-SH-elliptical. step 33800, energy = -0.3857176268065449
  |->  par_lens = 443, 451, 453
[TDSE] Running TDSE-SH-elliptical. step 34000, energy = -0.42409694375796636
  |->  par_lens = 441, 435, 434
[TDSE] Running TDSE-SH-elliptical. step 34200, energy = -0.4601403456227315
  |->  par_lens = 423, 424, 431
[TDSE] Running TDSE-SH-elliptical. step 34400, energy = -0.45178265457457356
  |->  par_lens = 422, 427, 433
[TDSE] Running TDSE-SH-elliptical. step 34600, energy = -0.4106799792896052
  |->  par_lens = 437, 435, 437
[TDSE] Running TDSE-SH-elliptical. step 34800, energy = -0.38412694593165836
  |->  par_lens = 445, 444, 449
[TDSE] Running TDSE-SH-elliptical. step 35000, energy = -0.40118102632160313
  |->  par_lens = 457, 461, 455
[TDSE] Running TDSE-SH-elliptical. step 35200, energy = -0.44363955737526534
  |->  par_lens = 466, 466, 465
[TDSE] Running TDSE-SH-elliptical. step 35400, energy = -0.47204867285179036
  |->  par_lens = 471, 470, 468
[TDSE] Running TDSE-SH-elliptical. step 35600, energy = -0.46908196143757414
  |->  par_lens = 471, 470, 467
[TDSE] Running TDSE-SH-elliptical. step 35800, energy = -0.4535835924076576
  |->  par_lens = 471, 471, 467
[TDSE] Running TDSE-SH-elliptical. step 36000, energy = -0.4509145005818221
  |->  par_lens = 469, 466, 464
[TDSE] Running TDSE-SH-elliptical. step 36200, energy = -0.46630852112912674
  |->  par_lens = 464, 462, 461
[TDSE] Running TDSE-SH-elliptical. step 36400, energy = -0.47975841865619223
  |->  par_lens = 458, 459, 460
[TDSE] Running TDSE-SH-elliptical. step 36600, energy = -0.4761046384117075
  |->  par_lens = 458, 459, 461
[TDSE] Running TDSE-SH-elliptical. step 36800, energy = -0.45942330192213726
  |->  par_lens = 463, 459, 462
[TDSE] Running TDSE-SH-elliptical. step 37000, energy = -0.44885184171937836
  |->  par_lens = 466, 465, 467
[TDSE] Running TDSE-SH-elliptical. step 37200, energy = -0.45498925445481386
  |->  par_lens = 469, 468, 469
[TDSE] Running TDSE-SH-elliptical. step 37400, energy = -0.4715551420650919
  |->  par_lens = 474, 474, 475
[TDSE] Running TDSE-SH-elliptical. step 37600, energy = -0.4844343914509931
  |->  par_lens = 476, 476, 477
[TDSE] Running TDSE-SH-elliptical. step 37800, energy = -0.48710423632906863
  |->  par_lens = 476, 476, 477
[TDSE] Running TDSE-SH-elliptical. step 38000, energy = -0.4845883652603043
  |->  par_lens = 476, 476, 476
[TDSE] Running TDSE-SH-elliptical. step 38200, energy = -0.48423573201207715
  |->  par_lens = 476, 475, 477
[TDSE] Running TDSE-SH-elliptical. step 38400, energy = -0.48738490718252614
  |->  par_lens = 476, 475, 475
[TDSE] Running TDSE-SH-elliptical. step 38600, energy = -0.48961506285120615
  |->  par_lens = 475, 475, 474
[TDSE] Running TDSE-SH-elliptical. step 38800, energy = -0.48758736406498554
  |->  par_lens = 473, 474, 473
[TDSE] Running TDSE-SH-elliptical. step 39000, energy = -0.48304858560992475
  |->  par_lens = 475, 473, 473
[TDSE] Running TDSE-SH-elliptical. step 39200, energy = -0.4803499774711588
  |->  par_lens = 474, 474, 477
[TDSE] Running TDSE-SH-elliptical. step 39400, energy = -0.48174393553753037
  |->  par_lens = 478, 476, 482
[TDSE] Running TDSE-SH-elliptical. step 39600, energy = -0.48570915084722016
  |->  par_lens = 486, 481, 485
[TDSE] Running TDSE-SH-elliptical. step 39800, energy = -0.48939599447622384
  |->  par_lens = 486, 481, 486
[TDSE] Running TDSE-SH-elliptical. step 40000, energy = -0.4913670043525026
  |->  par_lens = 486, 481, 486
[TDSE] Running TDSE-SH-elliptical. step 40200, energy = -0.49196923233020523
  |->  par_lens = 486, 481, 486
[TDSE] Running TDSE-SH-elliptical. step 40400, energy = -0.49212520698412826
  |->  par_lens = 486, 481, 486
[TDSE] Running TDSE-SH-elliptical. step 40600, energy = -0.4920876195963348
  |->  par_lens = 485, 480, 485
[TDSE] Running TDSE-SH-elliptical. step 40800, energy = -0.49165781154333393
  |->  par_lens = 485, 481, 485
[TDSE] Running TDSE-SH-elliptical. step 41000, energy = -0.4909715738340893
  |->  par_lens = 485, 480, 485
[TDSE] Running TDSE-SH-elliptical. step 41200, energy = -0.4902138541141589
  |->  par_lens = 485, 480, 485
[TDSE] Running TDSE-SH-elliptical. step 41400, energy = -0.48993957614207106
  |->  par_lens = 486, 486, 488
[TDSE] Running TDSE-SH-elliptical. step 41600, energy = -0.49005631371153335
  |->  par_lens = 488, 490, 491
[TDSE] Running TDSE-SH-elliptical. step 41800, energy = -0.49036056023170993
  |->  par_lens = 492, 492, 493
[TDSE] Running TDSE-SH-elliptical. step 42000, energy = -0.49075757709383044
  |->  par_lens = 492, 492, 493
[TDSE] Running TDSE-SH-elliptical. step 42200, energy = -0.4909202021808201
  |->  par_lens = 493, 493, 493
[TDSE] Running TDSE-SH-elliptical. step 42400, energy = -0.4910550911301597
  |->  par_lens = 495, 497, 494
[TDSE] Running TDSE-SH-elliptical. step 42600, energy = -0.4910683935681997
  |->  par_lens = 497, 498, 496
[TDSE] Running TDSE-SH-elliptical. step 42800, energy = -0.4910371145435774
  |->  par_lens = 499, 500, 498
[TDSE] Running TDSE-SH-elliptical. step 43000, energy = -0.49107536293763876
  |->  par_lens = 501, 502, 500
[TDSE] Running TDSE-SH-elliptical. step 43200, energy = -0.4910268102822077
  |->  par_lens = 503, 503, 503
[TDSE] Running TDSE-SH-elliptical. step 43400, energy = -0.49108801837803406
  |->  par_lens = 505, 505, 505
[TDSE] Running TDSE-SH-elliptical. step 43600, energy = -0.49108063139766384
  |->  par_lens = 507, 507, 508
[TDSE] Running TDSE-SH-elliptical. step 43800, energy = -0.4910577407079596
  |->  par_lens = 509, 508, 509
[TDSE] Running TDSE-SH-elliptical. step 44000, energy = -0.491121574110791
  |->  par_lens = 513, 510, 511
[TDSE] Running TDSE-SH-elliptical. step 44200, energy = -0.49108992942881124
  |->  par_lens = 514, 513, 514
[TDSE] Running TDSE-SH-elliptical. step 44400, energy = -0.49114048205852795
  |->  par_lens = 517, 514, 516
[TDSE] Running TDSE-SH-elliptical. step 44600, energy = -0.49112150524927806
  |->  par_lens = 517, 515, 517
[TDSE] Running TDSE-SH-elliptical. step 44800, energy = -0.4911228252363926
  |->  par_lens = 518, 516, 519
[TDSE] Running TDSE-SH-elliptical. step 45000, energy = -0.4911885825476011
  |->  par_lens = 521, 519, 520
