  Activating project at `~/JuliaProp_v0.1`
[ITP]: 10000.500151030976
[ITP]: 3.0490838964780664e-8
[ITP]: 7.575335692067142e-9
Energy of ground state: -0.5001510690415283
[TDSE] Start TDSE-SH for elliptical polarized laser. It may cost a plenty of time.
[TDSE] Running TDSE-SH-elliptical. step 0, energy = -0.5001510690415277
  |->  par_lens = 2, 2, 2
[TDSE] Running TDSE-SH-elliptical. step 200, energy = -0.5001510690413782
  |->  par_lens = 2, 2, 2
[TDSE] Running TDSE-SH-elliptical. step 400, energy = -0.5001510690407531
  |->  par_lens = 2, 2, 2
[TDSE] Running TDSE-SH-elliptical. step 600, energy = -0.5001510690354886
  |->  par_lens = 2, 2, 2
[TDSE] Running TDSE-SH-elliptical. step 800, energy = -0.5001510690091463
  |->  par_lens = 2, 2, 2
[TDSE] Running TDSE-SH-elliptical. step 1000, energy = -0.5001510689195565
  |->  par_lens = 2, 2, 2
[TDSE] Running TDSE-SH-elliptical. step 1200, energy = -0.5001510686791434
  |->  par_lens = 2, 2, 2
[TDSE] Running TDSE-SH-elliptical. step 1400, energy = -0.5001510681315531
  |->  par_lens = 2, 2, 2
[TDSE] Running TDSE-SH-elliptical. step 1600, energy = -0.500151067023409
  |->  par_lens = 2, 2, 2
[TDSE] Running TDSE-SH-elliptical. step 1800, energy = -0.5001510649691225
  |->  par_lens = 2, 2, 2
[TDSE] Running TDSE-SH-elliptical. step 2000, energy = -0.5001510614282019
  |->  par_lens = 2, 2, 2
[TDSE] Running TDSE-SH-elliptical. step 2200, energy = -0.500151055634743
  |->  par_lens = 2, 2, 2
[TDSE] Running TDSE-SH-elliptical. step 2400, energy = -0.5001510466177271
  |->  par_lens = 2, 2, 2
[TDSE] Running TDSE-SH-elliptical. step 2600, energy = -0.5001510330923419
  |->  par_lens = 2, 2, 2
[TDSE] Running TDSE-SH-elliptical. step 2800, energy = -0.5001510134524636
  |->  par_lens = 2, 2, 2
[TDSE] Running TDSE-SH-elliptical. step 3000, energy = -0.5001509857973729
  |->  par_lens = 2, 2, 2
[TDSE] Running TDSE-SH-elliptical. step 3200, energy = -0.500150947674184
  |->  par_lens = 2, 2, 2
[TDSE] Running TDSE-SH-elliptical. step 3400, energy = -0.5001508965167495
  |->  par_lens = 2, 2, 2
[TDSE] Running TDSE-SH-elliptical. step 3600, energy = -0.5001508288132376
  |->  par_lens = 2, 2, 2
[TDSE] Running TDSE-SH-elliptical. step 3800, energy = -0.5001507410173638
  |->  par_lens = 2, 2, 2
[TDSE] Running TDSE-SH-elliptical. step 4000, energy = -0.5001506292706557
  |->  par_lens = 2, 2, 2
[TDSE] Running TDSE-SH-elliptical. step 4200, energy = -0.5001504879328915
  |->  par_lens = 2, 2, 2
[TDSE] Running TDSE-SH-elliptical. step 4400, energy = -0.5001503129003209
  |->  par_lens = 2, 2, 2
[TDSE] Running TDSE-SH-elliptical. step 4600, energy = -0.5001500977761603
  |->  par_lens = 2, 2, 2
[TDSE] Running TDSE-SH-elliptical. step 4800, energy = -0.5001498366224747
  |->  par_lens = 2, 2, 2
[TDSE] Running TDSE-SH-elliptical. step 5000, energy = -0.5001495228842815
  |->  par_lens = 2, 2, 2
[TDSE] Running TDSE-SH-elliptical. step 5200, energy = -0.5001491480325585
  |->  par_lens = 2, 2, 2
[TDSE] Running TDSE-SH-elliptical. step 5400, energy = -0.5001487087292625
  |->  par_lens = 2, 2, 2
[TDSE] Running TDSE-SH-elliptical. step 5600, energy = -0.5001481915792866
  |->  par_lens = 2, 2, 2
[TDSE] Running TDSE-SH-elliptical. step 5800, energy = -0.5001475910192976
  |->  par_lens = 2, 2, 2
[TDSE] Running TDSE-SH-elliptical. step 6000, energy = -0.5001469022726703
  |->  par_lens = 2, 2, 2
[TDSE] Running TDSE-SH-elliptical. step 6200, energy = -0.5001461096308735
  |->  par_lens = 2, 2, 2
[TDSE] Running TDSE-SH-elliptical. step 6400, energy = -0.5001452116384992
  |->  par_lens = 2, 2, 2
[TDSE] Running TDSE-SH-elliptical. step 6600, energy = -0.5001441925760266
  |->  par_lens = 2, 2, 2
[TDSE] Running TDSE-SH-elliptical. step 6800, energy = -0.500143052677895
  |->  par_lens = 2, 2, 2
[TDSE] Running TDSE-SH-elliptical. step 7000, energy = -0.5001417800479934
  |->  par_lens = 4, 2, 2
[TDSE] Running TDSE-SH-elliptical. step 7200, energy = -0.5001403557629359
  |->  par_lens = 4, 2, 2
[TDSE] Running TDSE-SH-elliptical. step 7400, energy = -0.5001387980492351
  |->  par_lens = 4, 3, 3
[TDSE] Running TDSE-SH-elliptical. step 7600, energy = -0.500137073679688
  |->  par_lens = 4, 3, 3
[TDSE] Running TDSE-SH-elliptical. step 7800, energy = -0.5001351895496495
  |->  par_lens = 4, 3, 3
[TDSE] Running TDSE-SH-elliptical. step 8000, energy = -0.5001331442465835
  |->  par_lens = 4, 3, 3
[TDSE] Running TDSE-SH-elliptical. step 8200, energy = -0.5001309132394136
  |->  par_lens = 4, 3, 3
[TDSE] Running TDSE-SH-elliptical. step 8400, energy = -0.500128525003473
  |->  par_lens = 4, 3, 3
[TDSE] Running TDSE-SH-elliptical. step 8600, energy = -0.500125938405333
  |->  par_lens = 4, 3, 3
[TDSE] Running TDSE-SH-elliptical. step 8800, energy = -0.5001231867759313
  |->  par_lens = 4, 3, 3
[TDSE] Running TDSE-SH-elliptical. step 9000, energy = -0.5001202505313996
  |->  par_lens = 4, 3, 3
[TDSE] Running TDSE-SH-elliptical. step 9200, energy = -0.5001171105994339
  |->  par_lens = 4, 3, 3
[TDSE] Running TDSE-SH-elliptical. step 9400, energy = -0.5001138420825195
  |->  par_lens = 4, 3, 3
[TDSE] Running TDSE-SH-elliptical. step 9600, energy = -0.5001103511811499
  |->  par_lens = 4, 3, 3
[TDSE] Running TDSE-SH-elliptical. step 9800, energy = -0.5001066961317905
  |->  par_lens = 4, 3, 3
[TDSE] Running TDSE-SH-elliptical. step 10000, energy = -0.5001028968741791
  |->  par_lens = 4, 3, 3
[TDSE] Running TDSE-SH-elliptical. step 10200, energy = -0.5000985315602464
  |->  par_lens = 4, 3, 3
[TDSE] Running TDSE-SH-elliptical. step 10400, energy = -0.500091575846699
  |->  par_lens = 4, 3, 3
[TDSE] Running TDSE-SH-elliptical. step 10600, energy = -0.5000851421525692
  |->  par_lens = 4, 4, 4
[TDSE] Running TDSE-SH-elliptical. step 10800, energy = -0.5000891765346301
  |->  par_lens = 4, 4, 4
[TDSE] Running TDSE-SH-elliptical. step 11000, energy = -0.5001114187003799
  |->  par_lens = 4, 4, 4
[TDSE] Running TDSE-SH-elliptical. step 11200, energy = -0.5001400647369788
  |->  par_lens = 4, 4, 4
[TDSE] Running TDSE-SH-elliptical. step 11400, energy = -0.5001478967801994
  |->  par_lens = 4, 4, 4
[TDSE] Running TDSE-SH-elliptical. step 11600, energy = -0.5001271867330905
  |->  par_lens = 4, 4, 4
[TDSE] Running TDSE-SH-elliptical. step 11800, energy = -0.5000946848143832
  |->  par_lens = 4, 4, 4
[TDSE] Running TDSE-SH-elliptical. step 12000, energy = -0.5000022230461615
  |->  par_lens = 4, 5, 5
[TDSE] Running TDSE-SH-elliptical. step 12200, energy = -0.4996645473008906
  |->  par_lens = 5, 5, 5
[TDSE] Running TDSE-SH-elliptical. step 12400, energy = -0.4989270060489703
  |->  par_lens = 7, 7, 7
[TDSE] Running TDSE-SH-elliptical. step 12600, energy = -0.498024128777438
  |->  par_lens = 9, 8, 8
[TDSE] Running TDSE-SH-elliptical. step 12800, energy = -0.4976284812588196
  |->  par_lens = 10, 10, 10
[TDSE] Running TDSE-SH-elliptical. step 13000, energy = -0.49818759600368145
  |->  par_lens = 12, 13, 12
[TDSE] Running TDSE-SH-elliptical. step 13200, energy = -0.4991395826672534
  |->  par_lens = 12, 13, 12
[TDSE] Running TDSE-SH-elliptical. step 13400, energy = -0.4991800718584847
  |->  par_lens = 12, 13, 12
[TDSE] Running TDSE-SH-elliptical. step 13600, energy = -0.4977704857740904
  |->  par_lens = 12, 13, 12
[TDSE] Running TDSE-SH-elliptical. step 13800, energy = -0.4962053498825203
  |->  par_lens = 12, 12, 12
[TDSE] Running TDSE-SH-elliptical. step 14000, energy = -0.4962913620110195
  |->  par_lens = 12, 11, 12
[TDSE] Running TDSE-SH-elliptical. step 14200, energy = -0.49762186840303624
  |->  par_lens = 10, 11, 11
[TDSE] Running TDSE-SH-elliptical. step 14400, energy = -0.4969537975458665
  |->  par_lens = 11, 11, 12
[TDSE] Running TDSE-SH-elliptical. step 14600, energy = -0.4917375512908888
  |->  par_lens = 11, 11, 12
[TDSE] Running TDSE-SH-elliptical. step 14800, energy = -0.4843964366603777
  |->  par_lens = 16, 15, 15
[TDSE] Running TDSE-SH-elliptical. step 15000, energy = -0.4812897958333879
  |->  par_lens = 21, 20, 21
[TDSE] Running TDSE-SH-elliptical. step 15200, energy = -0.485786338761425
  |->  par_lens = 28, 27, 27
[TDSE] Running TDSE-SH-elliptical. step 15400, energy = -0.49286148351059933
  |->  par_lens = 29, 31, 30
[TDSE] Running TDSE-SH-elliptical. step 15600, energy = -0.4932049415601838
  |->  par_lens = 30, 32, 30
[TDSE] Running TDSE-SH-elliptical. step 15800, energy = -0.4842100158713606
  |->  par_lens = 30, 32, 30
[TDSE] Running TDSE-SH-elliptical. step 16000, energy = -0.47475707639939835
  |->  par_lens = 26, 24, 26
[TDSE] Running TDSE-SH-elliptical. step 16200, energy = -0.4757541998387069
  |->  par_lens = 22, 28, 21
[TDSE] Running TDSE-SH-elliptical. step 16400, energy = -0.48542816140812234
  |->  par_lens = 22, 26, 24
[TDSE] Running TDSE-SH-elliptical. step 16600, energy = -0.48817480183068646
  |->  par_lens = 22, 26, 23
[TDSE] Running TDSE-SH-elliptical. step 16800, energy = -0.47206376198007804
  |->  par_lens = 21, 26, 22
[TDSE] Running TDSE-SH-elliptical. step 17000, energy = -0.44626600478594175
  |->  par_lens = 26, 29, 29
[TDSE] Running TDSE-SH-elliptical. step 17200, energy = -0.43504745438724385
  |->  par_lens = 36, 37, 39
[TDSE] Running TDSE-SH-elliptical. step 17400, energy = -0.45054435921967234
  |->  par_lens = 50, 52, 49
[TDSE] Running TDSE-SH-elliptical. step 17600, energy = -0.4752556102179312
  |->  par_lens = 60, 59, 60
[TDSE] Running TDSE-SH-elliptical. step 17800, energy = -0.47843726346211274
  |->  par_lens = 63, 62, 61
[TDSE] Running TDSE-SH-elliptical. step 18000, energy = -0.45203741520181695
  |->  par_lens = 59, 56, 59
[TDSE] Running TDSE-SH-elliptical. step 18200, energy = -0.4238318003773731
  |->  par_lens = 50, 51, 43
[TDSE] Running TDSE-SH-elliptical. step 18400, energy = -0.42644716812733674
  |->  par_lens = 51, 52, 50
[TDSE] Running TDSE-SH-elliptical. step 18600, energy = -0.4560527085598397
  |->  par_lens = 61, 56, 58
[TDSE] Running TDSE-SH-elliptical. step 18800, energy = -0.4706699288565776
  |->  par_lens = 64, 60, 58
[TDSE] Running TDSE-SH-elliptical. step 19000, energy = -0.4380407614873166
  |->  par_lens = 57, 58, 57
[TDSE] Running TDSE-SH-elliptical. step 19200, energy = -0.37947855313149803
  |->  par_lens = 54, 52, 52
[TDSE] Running TDSE-SH-elliptical. step 19400, energy = -0.3527629582673206
  |->  par_lens = 70, 70, 73
[TDSE] Running TDSE-SH-elliptical. step 19600, energy = -0.38685467534801316
  |->  par_lens = 98, 95, 92
[TDSE] Running TDSE-SH-elliptical. step 19800, energy = -0.4434889164517711
  |->  par_lens = 116, 112, 112
[TDSE] Running TDSE-SH-elliptical. step 20000, energy = -0.4550607789883929
  |->  par_lens = 121, 119, 118
[TDSE] Running TDSE-SH-elliptical. step 20200, energy = -0.4033786224151471
  |->  par_lens = 113, 116, 111
[TDSE] Running TDSE-SH-elliptical. step 20400, energy = -0.34612858648445954
  |->  par_lens = 90, 91, 96
[TDSE] Running TDSE-SH-elliptical. step 20600, energy = -0.34973473628343577
  |->  par_lens = 95, 95, 97
[TDSE] Running TDSE-SH-elliptical. step 20800, energy = -0.409679519706348
  |->  par_lens = 118, 118, 123
[TDSE] Running TDSE-SH-elliptical. step 21000, energy = -0.44585787758407425
  |->  par_lens = 134, 131, 132
[TDSE] Running TDSE-SH-elliptical. step 21200, energy = -0.3960225530663541
  |->  par_lens = 132, 128, 130
[TDSE] Running TDSE-SH-elliptical. step 21400, energy = -0.29596650932823
  |->  par_lens = 105, 110, 106
[TDSE] Running TDSE-SH-elliptical. step 21600, energy = -0.2485152604754614
  |->  par_lens = 117, 117, 118
[TDSE] Running TDSE-SH-elliptical. step 21800, energy = -0.30386975325012866
  |->  par_lens = 158, 161, 165
[TDSE] Running TDSE-SH-elliptical. step 22000, energy = -0.40188503156936867
  |->  par_lens = 197, 196, 192
[TDSE] Running TDSE-SH-elliptical. step 22200, energy = -0.4284508398065051
  |->  par_lens = 206, 209, 203
[TDSE] Running TDSE-SH-elliptical. step 22400, energy = -0.35161529584349105
  |->  par_lens = 200, 200, 199
[TDSE] Running TDSE-SH-elliptical. step 22600, energy = -0.2623871075371186
  |->  par_lens = 166, 168, 164
[TDSE] Running TDSE-SH-elliptical. step 22800, energy = -0.26539386986110103
  |->  par_lens = 164, 168, 162
[TDSE] Running TDSE-SH-elliptical. step 23000, energy = -0.3570996723910974
  |->  par_lens = 209, 205, 203
[TDSE] Running TDSE-SH-elliptical. step 23200, energy = -0.419978264850475
  |->  par_lens = 221, 224, 225
[TDSE] Running TDSE-SH-elliptical. step 23400, energy = -0.35878864848850517
  |->  par_lens = 222, 220, 228
[TDSE] Running TDSE-SH-elliptical. step 23600, energy = -0.2209833605370671
  |->  par_lens = 191, 189, 202
[TDSE] Running TDSE-SH-elliptical. step 23800, energy = -0.15347891252298368
  |->  par_lens = 183, 184, 186
[TDSE] Running TDSE-SH-elliptical. step 24000, energy = -0.22510825737783255
  |->  par_lens = 242, 243, 244
[TDSE] Running TDSE-SH-elliptical. step 24200, energy = -0.36150104517771897
  |->  par_lens = 292, 297, 293
[TDSE] Running TDSE-SH-elliptical. step 24400, energy = -0.40705299472818435
  |->  par_lens = 304, 306, 307
[TDSE] Running TDSE-SH-elliptical. step 24600, energy = -0.3157401200408167
  |->  par_lens = 299, 290, 297
[TDSE] Running TDSE-SH-elliptical. step 24800, energy = -0.20286510457533385
  |->  par_lens = 263, 264, 267
[TDSE] Running TDSE-SH-elliptical. step 25000, energy = -0.20382226294291217
  |->  par_lens = 256, 249, 240
[TDSE] Running TDSE-SH-elliptical. step 25200, energy = -0.3161675012089417
  |->  par_lens = 296, 293, 291
[TDSE] Running TDSE-SH-elliptical. step 25400, energy = -0.40132057578975244
  |->  par_lens = 315, 317, 319
[TDSE] Running TDSE-SH-elliptical. step 25600, energy = -0.3393466881772526
  |->  par_lens = 310, 307, 316
[TDSE] Running TDSE-SH-elliptical. step 25800, energy = -0.18194245122349953
  |->  par_lens = 280, 280, 286
[TDSE] Running TDSE-SH-elliptical. step 26000, energy = -0.10171316050986295
  |->  par_lens = 290, 289, 286
[TDSE] Running TDSE-SH-elliptical. step 26200, energy = -0.1788087862806091
  |->  par_lens = 321, 322, 329
[TDSE] Running TDSE-SH-elliptical. step 26400, energy = -0.33586554144696046
  |->  par_lens = 367, 369, 375
[TDSE] Running TDSE-SH-elliptical. step 26600, energy = -0.3981992337452145
  |->  par_lens = 384, 381, 381
[TDSE] Running TDSE-SH-elliptical. step 26800, energy = -0.31028434285069184
  |->  par_lens = 369, 374, 376
[TDSE] Running TDSE-SH-elliptical. step 27000, energy = -0.19237707568332263
  |->  par_lens = 340, 347, 344
[TDSE] Running TDSE-SH-elliptical. step 27200, energy = -0.1898777529431088
  |->  par_lens = 330, 326, 326
[TDSE] Running TDSE-SH-elliptical. step 27400, energy = -0.30401308202022204
  |->  par_lens = 358, 360, 360
[TDSE] Running TDSE-SH-elliptical. step 27600, energy = -0.3972974362163211
  |->  par_lens = 366, 371, 374
[TDSE] Running TDSE-SH-elliptical. step 27800, energy = -0.3450027272181292
  |->  par_lens = 360, 365, 368
[TDSE] Running TDSE-SH-elliptical. step 28000, energy = -0.19431084284534456
  |->  par_lens = 358, 357, 357
[TDSE] Running TDSE-SH-elliptical. step 28200, energy = -0.1130512859624491
  |->  par_lens = 365, 367, 374
[TDSE] Running TDSE-SH-elliptical. step 28400, energy = -0.18310608054188782
  |->  par_lens = 396, 396, 393
[TDSE] Running TDSE-SH-elliptical. step 28600, energy = -0.33515811223923075
  |->  par_lens = 427, 434, 429
[TDSE] Running TDSE-SH-elliptical. step 28800, energy = -0.4055009702902338
  |->  par_lens = 441, 441, 441
[TDSE] Running TDSE-SH-elliptical. step 29000, energy = -0.3379617438249099
  |->  par_lens = 436, 435, 437
[TDSE] Running TDSE-SH-elliptical. step 29200, energy = -0.23596355949342349
  |->  par_lens = 428, 420, 419
[TDSE] Running TDSE-SH-elliptical. step 29400, energy = -0.23011569118171826
  |->  par_lens = 399, 395, 400
[TDSE] Running TDSE-SH-elliptical. step 29600, energy = -0.3270799567514412
  |->  par_lens = 391, 389, 396
[TDSE] Running TDSE-SH-elliptical. step 29800, energy = -0.41020764736001203
  |->  par_lens = 411, 399, 407
[TDSE] Running TDSE-SH-elliptical. step 30000, energy = -0.3729330766881561
  |->  par_lens = 412, 398, 404
[TDSE] Running TDSE-SH-elliptical. step 30200, energy = -0.25178747129244033
  |->  par_lens = 406, 406, 410
[TDSE] Running TDSE-SH-elliptical. step 30400, energy = -0.18246963851491713
  |->  par_lens = 429, 426, 425
[TDSE] Running TDSE-SH-elliptical. step 30600, energy = -0.2361765964565776
  |->  par_lens = 448, 446, 452
[TDSE] Running TDSE-SH-elliptical. step 30800, energy = -0.36040868058467396
  |->  par_lens = 478, 474, 474
[TDSE] Running TDSE-SH-elliptical. step 31000, energy = -0.4257883372041566
  |->  par_lens = 485, 484, 484
[TDSE] Running TDSE-SH-elliptical. step 31200, energy = -0.38634568939856795
  |->  par_lens = 481, 483, 484
[TDSE] Running TDSE-SH-elliptical. step 31400, energy = -0.3148224313822733
  |->  par_lens = 472, 476, 475
[TDSE] Running TDSE-SH-elliptical. step 31600, energy = -0.3076990688266847
  |->  par_lens = 463, 454, 459
[TDSE] Running TDSE-SH-elliptical. step 31800, energy = -0.3757396453910644
  |->  par_lens = 437, 439, 433
[TDSE] Running TDSE-SH-elliptical. step 32000, energy = -0.4348926272460798
  |->  par_lens = 432, 435, 432
[TDSE] Running TDSE-SH-elliptical. step 32200, energy = -0.4124599771812728
  |->  par_lens = 440, 439, 431
[TDSE] Running TDSE-SH-elliptical. step 32400, energy = -0.33130003952441645
  |->  par_lens = 445, 446, 443
[TDSE] Running TDSE-SH-elliptical. step 32600, energy = -0.28142102472457353
  |->  par_lens = 468, 468, 465
[TDSE] Running TDSE-SH-elliptical. step 32800, energy = -0.3156718539508398
  |->  par_lens = 484, 486, 485
[TDSE] Running TDSE-SH-elliptical. step 33000, energy = -0.3994595432797236
  |->  par_lens = 508, 505, 503
[TDSE] Running TDSE-SH-elliptical. step 33200, energy = -0.4508237455143263
  |->  par_lens = 514, 512, 508
[TDSE] Running TDSE-SH-elliptical. step 33400, energy = -0.43622910250653835
  |->  par_lens = 513, 512, 508
[TDSE] Running TDSE-SH-elliptical. step 33600, energy = -0.3973112793374119
  |->  par_lens = 511, 507, 504
[TDSE] Running TDSE-SH-elliptical. step 33800, energy = -0.3926203822199611
  |->  par_lens = 501, 503, 500
[TDSE] Running TDSE-SH-elliptical. step 34000, energy = -0.429048770051572
  |->  par_lens = 498, 491, 491
[TDSE] Running TDSE-SH-elliptical. step 34200, energy = -0.46145430823274997
  |->  par_lens = 494, 483, 486
[TDSE] Running TDSE-SH-elliptical. step 34400, energy = -0.4489574528975381
  |->  par_lens = 493, 487, 486
[TDSE] Running TDSE-SH-elliptical. step 34600, energy = -0.40456454376459694
  |->  par_lens = 503, 496, 494
[TDSE] Running TDSE-SH-elliptical. step 34800, energy = -0.3765262326597524
  |->  par_lens = 510, 507, 505
[TDSE] Running TDSE-SH-elliptical. step 35000, energy = -0.3942375349964901
  |->  par_lens = 510, 513, 511
[TDSE] Running TDSE-SH-elliptical. step 35200, energy = -0.43917825525658144
  |->  par_lens = 527, 526, 525
[TDSE] Running TDSE-SH-elliptical. step 35400, energy = -0.47103189682670055
  |->  par_lens = 527, 528, 530
[TDSE] Running TDSE-SH-elliptical. step 35600, energy = -0.4713621822086687
  |->  par_lens = 527, 528, 530
[TDSE] Running TDSE-SH-elliptical. step 35800, energy = -0.45795608043422315
  |->  par_lens = 526, 528, 528
[TDSE] Running TDSE-SH-elliptical. step 36000, energy = -0.4556723551698236
  |->  par_lens = 526, 526, 530
[TDSE] Running TDSE-SH-elliptical. step 36200, energy = -0.469675142415643
  |->  par_lens = 524, 524, 527
[TDSE] Running TDSE-SH-elliptical. step 36400, energy = -0.4805550690462822
  |->  par_lens = 525, 522, 522
[TDSE] Running TDSE-SH-elliptical. step 36600, energy = -0.4740340455401759
  |->  par_lens = 521, 522, 527
[TDSE] Running TDSE-SH-elliptical. step 36800, energy = -0.45503401295704
  |->  par_lens = 525, 523, 528
[TDSE] Running TDSE-SH-elliptical. step 37000, energy = -0.4434118820948677
  |->  par_lens = 525, 526, 530
[TDSE] Running TDSE-SH-elliptical. step 37200, energy = -0.44992458775055993
  |->  par_lens = 532, 533, 535
[TDSE] Running TDSE-SH-elliptical. step 37400, energy = -0.46805858380567356
  |->  par_lens = 545, 543, 544
[TDSE] Running TDSE-SH-elliptical. step 37600, energy = -0.4830948370670139
  |->  par_lens = 546, 547, 544
[TDSE] Running TDSE-SH-elliptical. step 37800, energy = -0.48777642266106164
  |->  par_lens = 546, 547, 544
[TDSE] Running TDSE-SH-elliptical. step 38000, energy = -0.48655103165416197
  |->  par_lens = 546, 547, 544
[TDSE] Running TDSE-SH-elliptical. step 38200, energy = -0.4864358240328331
  |->  par_lens = 546, 547, 543
[TDSE] Running TDSE-SH-elliptical. step 38400, energy = -0.4888239717932598
  |->  par_lens = 546, 547, 543
[TDSE] Running TDSE-SH-elliptical. step 38600, energy = -0.48967784535975734
  |->  par_lens = 546, 547, 541
[TDSE] Running TDSE-SH-elliptical. step 38800, energy = -0.4860861619508018
  |->  par_lens = 545, 547, 541
[TDSE] Running TDSE-SH-elliptical. step 39000, energy = -0.4803555775794013
  |->  par_lens = 546, 547, 544
[TDSE] Running TDSE-SH-elliptical. step 39200, energy = -0.47711197259799576
  |->  par_lens = 549, 550, 550
[TDSE] Running TDSE-SH-elliptical. step 39400, energy = -0.4786461624799626
  |->  par_lens = 558, 557, 557
[TDSE] Running TDSE-SH-elliptical. step 39600, energy = -0.48329336095974756
  |->  par_lens = 561, 562, 562
[TDSE] Running TDSE-SH-elliptical. step 39800, energy = -0.48789311844762684
  |->  par_lens = 562, 564, 562
[TDSE] Running TDSE-SH-elliptical. step 40000, energy = -0.4907117926907865
  |->  par_lens = 562, 564, 562
[TDSE] Running TDSE-SH-elliptical. step 40200, energy = -0.49179437954582056
  |->  par_lens = 562, 564, 562
[TDSE] Running TDSE-SH-elliptical. step 40400, energy = -0.49204921602137897
  |->  par_lens = 562, 564, 562
[TDSE] Running TDSE-SH-elliptical. step 40600, energy = -0.49175361542113605
  |->  par_lens = 562, 564, 562
[TDSE] Running TDSE-SH-elliptical. step 40800, energy = -0.4908678174898508
  |->  par_lens = 562, 564, 562
[TDSE] Running TDSE-SH-elliptical. step 41000, energy = -0.4897514990474947
  |->  par_lens = 566, 566, 565
[TDSE] Running TDSE-SH-elliptical. step 41200, energy = -0.48863568466418245
  |->  par_lens = 570, 569, 568
[TDSE] Running TDSE-SH-elliptical. step 41400, energy = -0.4882315271937408
  |->  par_lens = 573, 573, 572
[TDSE] Running TDSE-SH-elliptical. step 41600, energy = -0.4883532006184607
  |->  par_lens = 575, 574, 575
[TDSE] Running TDSE-SH-elliptical. step 41800, energy = -0.48875593962129105
  |->  par_lens = 578, 578, 578
[TDSE] Running TDSE-SH-elliptical. step 42000, energy = -0.48929386928371965
  |->  par_lens = 579, 580, 579
[TDSE] Running TDSE-SH-elliptical. step 42200, energy = -0.48949331893684805
  |->  par_lens = 580, 581, 581
[TDSE] Running TDSE-SH-elliptical. step 42400, energy = -0.48967695426406865
  |->  par_lens = 582, 583, 582
[TDSE] Running TDSE-SH-elliptical. step 42600, energy = -0.4896809588200808
  |->  par_lens = 584, 584, 583
[TDSE] Running TDSE-SH-elliptical. step 42800, energy = -0.4896161592160445
  |->  par_lens = 586, 586, 585
[TDSE] Running TDSE-SH-elliptical. step 43000, energy = -0.4896469088235492
  |->  par_lens = 587, 586, 587
[TDSE] Running TDSE-SH-elliptical. step 43200, energy = -0.48955139652519747
  |->  par_lens = 588, 588, 589
[TDSE] Running TDSE-SH-elliptical. step 43400, energy = -0.4896332688121114
  |->  par_lens = 589, 588, 589
[TDSE] Running TDSE-SH-elliptical. step 43600, energy = -0.48959467695538167
  |->  par_lens = 589, 590, 589
[TDSE] Running TDSE-SH-elliptical. step 43800, energy = -0.4895368905363424
  |->  par_lens = 590, 590, 590
[TDSE] Running TDSE-SH-elliptical. step 44000, energy = -0.489607417267374
  |->  par_lens = 590, 590, 590
[TDSE] Running TDSE-SH-elliptical. step 44200, energy = -0.4895297928909523
  |->  par_lens = 590, 590, 590
[TDSE] Running TDSE-SH-elliptical. step 44400, energy = -0.48958964033571517
  |->  par_lens = 590, 590, 590
[TDSE] Running TDSE-SH-elliptical. step 44600, energy = -0.4895404900316988
  |->  par_lens = 590, 590, 590
[TDSE] Running TDSE-SH-elliptical. step 44800, energy = -0.4895261025169305
  |->  par_lens = 590, 590, 590
[TDSE] Running TDSE-SH-elliptical. step 45000, energy = -0.48959564392350846
  |->  par_lens = 590, 590, 590
