  Activating project at `~/JuliaProp_v0.1`
[ITP]: 10000.500151030976
[ITP]: 3.0490838964780664e-8
[ITP]: 7.575335692067142e-9
Energy of ground state: -0.5001510690415283
[TDSE] Start TDSE-SH for elliptical polarized laser. It may cost a plenty of time.
[TDSE] Running TDSE-SH-elliptical. step 0, energy = -0.5001510690415277
  |->  par_lens = 2, 2, 2
[TDSE] Running TDSE-SH-elliptical. step 200, energy = -0.5001510690413828
  |->  par_lens = 2, 2, 2
[TDSE] Running TDSE-SH-elliptical. step 400, energy = -0.5001510690411064
  |->  par_lens = 2, 2, 2
[TDSE] Running TDSE-SH-elliptical. step 600, energy = -0.5001510690395562
  |->  par_lens = 2, 2, 2
[TDSE] Running TDSE-SH-elliptical. step 800, energy = -0.500151069032173
  |->  par_lens = 2, 2, 2
[TDSE] Running TDSE-SH-elliptical. step 1000, energy = -0.5001510690073453
  |->  par_lens = 2, 2, 2
[TDSE] Running TDSE-SH-elliptical. step 1200, energy = -0.500151068941049
  |->  par_lens = 2, 2, 2
[TDSE] Running TDSE-SH-elliptical. step 1400, energy = -0.500151068790507
  |->  par_lens = 2, 2, 2
[TDSE] Running TDSE-SH-elliptical. step 1600, energy = -0.5001510684866272
  |->  par_lens = 2, 2, 2
[TDSE] Running TDSE-SH-elliptical. step 1800, energy = -0.500151067916816
  |->  par_lens = 2, 2, 2
[TDSE] Running TDSE-SH-elliptical. step 2000, energy = -0.5001510669068684
  |->  par_lens = 2, 2, 2
[TDSE] Running TDSE-SH-elliptical. step 2200, energy = -0.5001510652051152
  |->  par_lens = 2, 2, 2
[TDSE] Running TDSE-SH-elliptical. step 2400, energy = -0.5001510624741461
  |->  par_lens = 2, 2, 2
[TDSE] Running TDSE-SH-elliptical. step 2600, energy = -0.5001510582422627
  |->  par_lens = 2, 2, 2
[TDSE] Running TDSE-SH-elliptical. step 2800, energy = -0.500151051903239
  |->  par_lens = 2, 2, 2
[TDSE] Running TDSE-SH-elliptical. step 3000, energy = -0.5001510426815755
  |->  par_lens = 2, 2, 2
[TDSE] Running TDSE-SH-elliptical. step 3200, energy = -0.5001510295660969
  |->  par_lens = 2, 2, 2
[TDSE] Running TDSE-SH-elliptical. step 3400, energy = -0.5001510114079272
  |->  par_lens = 2, 2, 2
[TDSE] Running TDSE-SH-elliptical. step 3600, energy = -0.5001509866212464
  |->  par_lens = 2, 2, 2
[TDSE] Running TDSE-SH-elliptical. step 3800, energy = -0.5001509535072844
  |->  par_lens = 2, 2, 2
[TDSE] Running TDSE-SH-elliptical. step 4000, energy = -0.5001509100647276
  |->  par_lens = 2, 2, 2
[TDSE] Running TDSE-SH-elliptical. step 4200, energy = -0.5001508535269266
  |->  par_lens = 2, 2, 2
[TDSE] Running TDSE-SH-elliptical. step 4400, energy = -0.5001507814709314
  |->  par_lens = 2, 2, 2
[TDSE] Running TDSE-SH-elliptical. step 4600, energy = -0.5001506903920186
  |->  par_lens = 2, 2, 2
[TDSE] Running TDSE-SH-elliptical. step 4800, energy = -0.5001505767912053
  |->  par_lens = 2, 2, 2
[TDSE] Running TDSE-SH-elliptical. step 5000, energy = -0.5001504365845162
  |->  par_lens = 2, 2, 2
[TDSE] Running TDSE-SH-elliptical. step 5200, energy = -0.5001502647133326
  |->  par_lens = 2, 2, 2
[TDSE] Running TDSE-SH-elliptical. step 5400, energy = -0.5001500579401501
  |->  par_lens = 2, 2, 2
[TDSE] Running TDSE-SH-elliptical. step 5600, energy = -0.5001498084966347
  |->  par_lens = 2, 2, 2
[TDSE] Running TDSE-SH-elliptical. step 5800, energy = -0.5001495117503472
  |->  par_lens = 2, 2, 2
[TDSE] Running TDSE-SH-elliptical. step 6000, energy = -0.5001491629871788
  |->  par_lens = 2, 2, 2
[TDSE] Running TDSE-SH-elliptical. step 6200, energy = -0.5001487524630133
  |->  par_lens = 2, 2, 2
[TDSE] Running TDSE-SH-elliptical. step 6400, energy = -0.500148276563756
  |->  par_lens = 2, 2, 2
[TDSE] Running TDSE-SH-elliptical. step 6600, energy = -0.5001477246784499
  |->  par_lens = 2, 2, 2
[TDSE] Running TDSE-SH-elliptical. step 6800, energy = -0.500147093703777
  |->  par_lens = 2, 2, 2
[TDSE] Running TDSE-SH-elliptical. step 7000, energy = -0.5001463742152003
  |->  par_lens = 2, 2, 2
[TDSE] Running TDSE-SH-elliptical. step 7200, energy = -0.5001455532386413
  |->  par_lens = 2, 2, 2
[TDSE] Running TDSE-SH-elliptical. step 7400, energy = -0.5001446362496833
  |->  par_lens = 2, 2, 2
[TDSE] Running TDSE-SH-elliptical. step 7600, energy = -0.5001436020900125
  |->  par_lens = 2, 2, 2
[TDSE] Running TDSE-SH-elliptical. step 7800, energy = -0.5001424506986997
  |->  par_lens = 2, 2, 2
[TDSE] Running TDSE-SH-elliptical. step 8000, energy = -0.500141177253305
  |->  par_lens = 4, 2, 2
[TDSE] Running TDSE-SH-elliptical. step 8200, energy = -0.5001397645369207
  |->  par_lens = 4, 2, 2
[TDSE] Running TDSE-SH-elliptical. step 8400, energy = -0.5001382244245292
  |->  par_lens = 4, 3, 3
[TDSE] Running TDSE-SH-elliptical. step 8600, energy = -0.5001365299685269
  |->  par_lens = 4, 3, 3
[TDSE] Running TDSE-SH-elliptical. step 8800, energy = -0.5001346969391708
  |->  par_lens = 4, 3, 3
[TDSE] Running TDSE-SH-elliptical. step 9000, energy = -0.500132710134767
  |->  par_lens = 4, 3, 3
[TDSE] Running TDSE-SH-elliptical. step 9200, energy = -0.5001305552011067
  |->  par_lens = 4, 3, 3
[TDSE] Running TDSE-SH-elliptical. step 9400, energy = -0.5001282743177563
  |->  par_lens = 4, 3, 3
[TDSE] Running TDSE-SH-elliptical. step 9600, energy = -0.5001258078715435
  |->  par_lens = 4, 3, 3
[TDSE] Running TDSE-SH-elliptical. step 9800, energy = -0.5001231893822641
  |->  par_lens = 4, 3, 3
[TDSE] Running TDSE-SH-elliptical. step 10000, energy = -0.5001204289798415
  |->  par_lens = 4, 3, 3
[TDSE] Running TDSE-SH-elliptical. step 10200, energy = -0.5001171924020568
  |->  par_lens = 4, 3, 3
[TDSE] Running TDSE-SH-elliptical. step 10400, energy = -0.5001118208354228
  |->  par_lens = 4, 3, 3
[TDSE] Running TDSE-SH-elliptical. step 10600, energy = -0.5001067895477784
  |->  par_lens = 4, 3, 3
[TDSE] Running TDSE-SH-elliptical. step 10800, energy = -0.5001100787300482
  |->  par_lens = 4, 3, 3
[TDSE] Running TDSE-SH-elliptical. step 11000, energy = -0.500127173938266
  |->  par_lens = 4, 3, 3
[TDSE] Running TDSE-SH-elliptical. step 11200, energy = -0.5001456873101345
  |->  par_lens = 4, 3, 3
[TDSE] Running TDSE-SH-elliptical. step 11400, energy = -0.5001411544499174
  |->  par_lens = 4, 3, 3
[TDSE] Running TDSE-SH-elliptical. step 11600, energy = -0.5001122702001474
  |->  par_lens = 4, 3, 3
[TDSE] Running TDSE-SH-elliptical. step 11800, energy = -0.50008400834122
  |->  par_lens = 4, 3, 3
[TDSE] Running TDSE-SH-elliptical. step 12000, energy = -0.5000141623167922
  |->  par_lens = 4, 4, 3
[TDSE] Running TDSE-SH-elliptical. step 12200, energy = -0.4997171536372123
  |->  par_lens = 5, 5, 5
[TDSE] Running TDSE-SH-elliptical. step 12400, energy = -0.4990289844179847
  |->  par_lens = 6, 5, 6
[TDSE] Running TDSE-SH-elliptical. step 12600, energy = -0.4981671929880723
  |->  par_lens = 7, 7, 7
[TDSE] Running TDSE-SH-elliptical. step 12800, energy = -0.49778434022899026
  |->  par_lens = 10, 9, 9
[TDSE] Running TDSE-SH-elliptical. step 13000, energy = -0.49831357805420495
  |->  par_lens = 10, 10, 10
[TDSE] Running TDSE-SH-elliptical. step 13200, energy = -0.49919171638679244
  |->  par_lens = 10, 11, 10
[TDSE] Running TDSE-SH-elliptical. step 13400, energy = -0.4991303923872326
  |->  par_lens = 10, 11, 10
[TDSE] Running TDSE-SH-elliptical. step 13600, energy = -0.4976225966510759
  |->  par_lens = 10, 11, 10
[TDSE] Running TDSE-SH-elliptical. step 13800, energy = -0.4960010178205438
  |->  par_lens = 9, 11, 10
[TDSE] Running TDSE-SH-elliptical. step 14000, energy = -0.49610304067348243
  |->  par_lens = 10, 11, 9
[TDSE] Running TDSE-SH-elliptical. step 14200, energy = -0.49753252138390214
  |->  par_lens = 10, 9, 9
[TDSE] Running TDSE-SH-elliptical. step 14400, energy = -0.49702796522531517
  |->  par_lens = 9, 10, 9
[TDSE] Running TDSE-SH-elliptical. step 14600, energy = -0.49199411082908845
  |->  par_lens = 11, 11, 10
[TDSE] Running TDSE-SH-elliptical. step 14800, energy = -0.48479302665059726
  |->  par_lens = 14, 13, 13
[TDSE] Running TDSE-SH-elliptical. step 15000, energy = -0.48172804053112944
  |->  par_lens = 19, 18, 18
[TDSE] Running TDSE-SH-elliptical. step 15200, energy = -0.48613746374206834
  |->  par_lens = 23, 23, 24
[TDSE] Running TDSE-SH-elliptical. step 15400, energy = -0.4930072527954394
  |->  par_lens = 28, 26, 27
[TDSE] Running TDSE-SH-elliptical. step 15600, energy = -0.4930809487005184
  |->  par_lens = 28, 27, 28
[TDSE] Running TDSE-SH-elliptical. step 15800, energy = -0.4838361206943639
  |->  par_lens = 28, 26, 28
[TDSE] Running TDSE-SH-elliptical. step 16000, energy = -0.47424152314876655
  |->  par_lens = 27, 24, 23
[TDSE] Running TDSE-SH-elliptical. step 16200, energy = -0.47526789207749787
  |->  par_lens = 23, 26, 21
[TDSE] Running TDSE-SH-elliptical. step 16400, energy = -0.48515347071298776
  |->  par_lens = 24, 24, 22
[TDSE] Running TDSE-SH-elliptical. step 16600, energy = -0.4882447068831909
  |->  par_lens = 25, 24, 26
[TDSE] Running TDSE-SH-elliptical. step 16800, energy = -0.4725105487660799
  |->  par_lens = 22, 22, 23
[TDSE] Running TDSE-SH-elliptical. step 17000, energy = -0.4469988518048106
  |->  par_lens = 29, 27, 30
[TDSE] Running TDSE-SH-elliptical. step 17200, energy = -0.435870215741018
  |->  par_lens = 34, 35, 37
[TDSE] Running TDSE-SH-elliptical. step 17400, energy = -0.45121130319117386
  |->  par_lens = 46, 48, 46
[TDSE] Running TDSE-SH-elliptical. step 17600, energy = -0.4755485312595684
  |->  par_lens = 56, 53, 55
[TDSE] Running TDSE-SH-elliptical. step 17800, energy = -0.4782408267247894
  |->  par_lens = 58, 56, 58
[TDSE] Running TDSE-SH-elliptical. step 18000, energy = -0.4513890498532444
  |->  par_lens = 53, 52, 56
[TDSE] Running TDSE-SH-elliptical. step 18200, energy = -0.4229233030431702
  |->  par_lens = 45, 47, 46
[TDSE] Running TDSE-SH-elliptical. step 18400, energy = -0.42557266810053657
  |->  par_lens = 49, 52, 48
[TDSE] Running TDSE-SH-elliptical. step 18600, energy = -0.45552206196013584
  |->  par_lens = 62, 58, 58
[TDSE] Running TDSE-SH-elliptical. step 18800, energy = -0.47070730025590823
  |->  par_lens = 61, 62, 60
[TDSE] Running TDSE-SH-elliptical. step 19000, energy = -0.43870315256735404
  |->  par_lens = 59, 61, 58
[TDSE] Running TDSE-SH-elliptical. step 19200, energy = -0.3806201061121211
  |->  par_lens = 53, 55, 53
[TDSE] Running TDSE-SH-elliptical. step 19400, energy = -0.3540694943094843
  |->  par_lens = 70, 67, 72
[TDSE] Running TDSE-SH-elliptical. step 19600, energy = -0.3879345557498495
  |->  par_lens = 94, 91, 91
[TDSE] Running TDSE-SH-elliptical. step 19800, energy = -0.44399269479091596
  |->  par_lens = 114, 104, 108
[TDSE] Running TDSE-SH-elliptical. step 20000, energy = -0.4547985716594963
  |->  par_lens = 116, 115, 113
[TDSE] Running TDSE-SH-elliptical. step 20200, energy = -0.40239919642560784
  |->  par_lens = 107, 107, 108
[TDSE] Running TDSE-SH-elliptical. step 20400, energy = -0.34472436009239066
  |->  par_lens = 86, 87, 89
[TDSE] Running TDSE-SH-elliptical. step 20600, energy = -0.3483528889149179
  |->  par_lens = 95, 97, 97
[TDSE] Running TDSE-SH-elliptical. step 20800, energy = -0.408799075263962
  |->  par_lens = 122, 119, 123
[TDSE] Running TDSE-SH-elliptical. step 21000, energy = -0.4458297933893399
  |->  par_lens = 132, 131, 132
[TDSE] Running TDSE-SH-elliptical. step 21200, energy = -0.39695074296488986
  |->  par_lens = 128, 128, 129
[TDSE] Running TDSE-SH-elliptical. step 21400, energy = -0.297643900961783
  |->  par_lens = 106, 110, 107
[TDSE] Running TDSE-SH-elliptical. step 21600, energy = -0.25047245238182037
  |->  par_lens = 114, 118, 112
[TDSE] Running TDSE-SH-elliptical. step 21800, energy = -0.3055256915663439
  |->  par_lens = 158, 160, 163
[TDSE] Running TDSE-SH-elliptical. step 22000, energy = -0.40270286040960845
  |->  par_lens = 196, 190, 192
[TDSE] Running TDSE-SH-elliptical. step 22200, energy = -0.42812922966805955
  |->  par_lens = 204, 202, 200
[TDSE] Running TDSE-SH-elliptical. step 22400, energy = -0.3502035541499466
  |->  par_lens = 192, 201, 197
[TDSE] Running TDSE-SH-elliptical. step 22600, energy = -0.2603102547168295
  |->  par_lens = 168, 168, 171
[TDSE] Running TDSE-SH-elliptical. step 22800, energy = -0.26330916351321093
  |->  par_lens = 165, 165, 165
[TDSE] Running TDSE-SH-elliptical. step 23000, energy = -0.35571774841300047
  |->  par_lens = 213, 205, 204
[TDSE] Running TDSE-SH-elliptical. step 23200, energy = -0.41983519146975523
  |->  par_lens = 225, 227, 224
[TDSE] Running TDSE-SH-elliptical. step 23400, energy = -0.36006435979488116
  |->  par_lens = 225, 220, 225
[TDSE] Running TDSE-SH-elliptical. step 23600, energy = -0.22339749293005606
  |->  par_lens = 196, 193, 188
[TDSE] Running TDSE-SH-elliptical. step 23800, energy = -0.15634353016161512
  |->  par_lens = 198, 194, 179
[TDSE] Running TDSE-SH-elliptical. step 24000, energy = -0.22758586903430467
  |->  par_lens = 241, 241, 239
[TDSE] Running TDSE-SH-elliptical. step 24200, energy = -0.3627885951864888
  |->  par_lens = 285, 290, 284
[TDSE] Running TDSE-SH-elliptical. step 24400, energy = -0.40669243157791307
  |->  par_lens = 299, 301, 299
[TDSE] Running TDSE-SH-elliptical. step 24600, energy = -0.31377356413251173
  |->  par_lens = 297, 293, 294
[TDSE] Running TDSE-SH-elliptical. step 24800, energy = -0.19989244355135186
  |->  par_lens = 260, 264, 261
[TDSE] Running TDSE-SH-elliptical. step 25000, energy = -0.20079253993172944
  |->  par_lens = 241, 248, 254
[TDSE] Running TDSE-SH-elliptical. step 25200, energy = -0.31409306734427245
  |->  par_lens = 288, 286, 291
[TDSE] Running TDSE-SH-elliptical. step 25400, energy = -0.40099252200134455
  |->  par_lens = 315, 319, 314
[TDSE] Running TDSE-SH-elliptical. step 25600, energy = -0.3410453863136059
  |->  par_lens = 309, 308, 310
[TDSE] Running TDSE-SH-elliptical. step 25800, energy = -0.1852940059482381
  |->  par_lens = 286, 286, 282
[TDSE] Running TDSE-SH-elliptical. step 26000, energy = -0.10574914260321354
  |->  par_lens = 281, 285, 286
[TDSE] Running TDSE-SH-elliptical. step 26200, energy = -0.18236130530368475
  |->  par_lens = 318, 320, 320
[TDSE] Running TDSE-SH-elliptical. step 26400, energy = -0.33779558636280915
  |->  par_lens = 360, 365, 360
[TDSE] Running TDSE-SH-elliptical. step 26600, energy = -0.3978558397892588
  |->  par_lens = 377, 375, 373
[TDSE] Running TDSE-SH-elliptical. step 26800, energy = -0.30770513288055895
  |->  par_lens = 367, 367, 366
[TDSE] Running TDSE-SH-elliptical. step 27000, energy = -0.18837093212051567
  |->  par_lens = 338, 337, 346
[TDSE] Running TDSE-SH-elliptical. step 27200, energy = -0.1857365757403503
  |->  par_lens = 326, 327, 327
[TDSE] Running TDSE-SH-elliptical. step 27400, energy = -0.30110946865780686
  |->  par_lens = 353, 348, 354
[TDSE] Running TDSE-SH-elliptical. step 27600, energy = -0.39671490787627645
  |->  par_lens = 371, 373, 369
[TDSE] Running TDSE-SH-elliptical. step 27800, energy = -0.34713331805112485
  |->  par_lens = 367, 364, 372
[TDSE] Running TDSE-SH-elliptical. step 28000, energy = -0.19867398777832693
  |->  par_lens = 348, 356, 354
[TDSE] Running TDSE-SH-elliptical. step 28200, energy = -0.11837210127497286
  |->  par_lens = 367, 366, 368
[TDSE] Running TDSE-SH-elliptical. step 28400, energy = -0.18785568277468107
  |->  par_lens = 391, 386, 393
[TDSE] Running TDSE-SH-elliptical. step 28600, energy = -0.3378458221868933
  |->  par_lens = 424, 417, 422
[TDSE] Running TDSE-SH-elliptical. step 28800, energy = -0.4052765824386931
  |->  par_lens = 427, 429, 429
[TDSE] Running TDSE-SH-elliptical. step 29000, energy = -0.33487434429621016
  |->  par_lens = 425, 425, 422
[TDSE] Running TDSE-SH-elliptical. step 29200, energy = -0.23102323181318649
  |->  par_lens = 407, 402, 411
[TDSE] Running TDSE-SH-elliptical. step 29400, energy = -0.22493753866601174
  |->  par_lens = 385, 375, 383
[TDSE] Running TDSE-SH-elliptical. step 29600, energy = -0.3233934815913668
  |->  par_lens = 396, 393, 387
[TDSE] Running TDSE-SH-elliptical. step 29800, energy = -0.40934787508218473
  |->  par_lens = 408, 408, 402
[TDSE] Running TDSE-SH-elliptical. step 30000, energy = -0.37538807708954386
  |->  par_lens = 408, 405, 401
[TDSE] Running TDSE-SH-elliptical. step 30200, energy = -0.2569618009440874
  |->  par_lens = 402, 408, 403
[TDSE] Running TDSE-SH-elliptical. step 30400, energy = -0.18886135245316168
  |->  par_lens = 421, 407, 418
[TDSE] Running TDSE-SH-elliptical. step 30600, energy = -0.24195105068132167
  |->  par_lens = 438, 441, 429
[TDSE] Running TDSE-SH-elliptical. step 30800, energy = -0.3638112237440968
  |->  par_lens = 457, 460, 457
[TDSE] Running TDSE-SH-elliptical. step 31000, energy = -0.42583149038228113
  |->  par_lens = 463, 466, 464
[TDSE] Running TDSE-SH-elliptical. step 31200, energy = -0.38305891416791554
  |->  par_lens = 460, 462, 465
[TDSE] Running TDSE-SH-elliptical. step 31400, energy = -0.3093934971031331
  |->  par_lens = 448, 455, 452
[TDSE] Running TDSE-SH-elliptical. step 31600, energy = -0.3019330371665415
  |->  par_lens = 436, 427, 439
[TDSE] Running TDSE-SH-elliptical. step 31800, energy = -0.3715844829974967
  |->  par_lens = 405, 420, 417
[TDSE] Running TDSE-SH-elliptical. step 32000, energy = -0.43382166582119674
  |->  par_lens = 408, 415, 416
[TDSE] Running TDSE-SH-elliptical. step 32200, energy = -0.41501262946880607
  |->  par_lens = 403, 411, 411
[TDSE] Running TDSE-SH-elliptical. step 32400, energy = -0.3368299668412648
  |->  par_lens = 412, 430, 414
[TDSE] Running TDSE-SH-elliptical. step 32600, energy = -0.288333872938913
  |->  par_lens = 438, 440, 437
[TDSE] Running TDSE-SH-elliptical. step 32800, energy = -0.3219842651986142
  |->  par_lens = 458, 457, 458
[TDSE] Running TDSE-SH-elliptical. step 33000, energy = -0.4033237219439711
  |->  par_lens = 473, 479, 473
[TDSE] Running TDSE-SH-elliptical. step 33200, energy = -0.45124045663364415
  |->  par_lens = 482, 483, 483
[TDSE] Running TDSE-SH-elliptical. step 33400, energy = -0.43330704695169314
  |->  par_lens = 480, 482, 484
[TDSE] Running TDSE-SH-elliptical. step 33600, energy = -0.39217426591367954
  |->  par_lens = 474, 478, 477
[TDSE] Running TDSE-SH-elliptical. step 33800, energy = -0.38708252839659996
  |->  par_lens = 469, 471, 469
[TDSE] Running TDSE-SH-elliptical. step 34000, energy = -0.4250363397953182
  |->  par_lens = 458, 462, 454
[TDSE] Running TDSE-SH-elliptical. step 34200, energy = -0.46039197205816756
  |->  par_lens = 451, 454, 454
[TDSE] Running TDSE-SH-elliptical. step 34400, energy = -0.4513262539492662
  |->  par_lens = 450, 457, 452
[TDSE] Running TDSE-SH-elliptical. step 34600, energy = -0.4097308792878326
  |->  par_lens = 459, 458, 459
[TDSE] Running TDSE-SH-elliptical. step 34800, energy = -0.3830019617726458
  |->  par_lens = 472, 472, 470
[TDSE] Running TDSE-SH-elliptical. step 35000, energy = -0.40021861635437644
  |->  par_lens = 479, 479, 484
[TDSE] Running TDSE-SH-elliptical. step 35200, energy = -0.4430681324511912
  |->  par_lens = 488, 487, 491
[TDSE] Running TDSE-SH-elliptical. step 35400, energy = -0.47193757594192837
  |->  par_lens = 491, 490, 494
[TDSE] Running TDSE-SH-elliptical. step 35600, energy = -0.4693509567776484
  |->  par_lens = 492, 491, 494
[TDSE] Running TDSE-SH-elliptical. step 35800, energy = -0.45404888239053115
  |->  par_lens = 491, 490, 491
[TDSE] Running TDSE-SH-elliptical. step 36000, energy = -0.4513754451198854
  |->  par_lens = 488, 487, 494
[TDSE] Running TDSE-SH-elliptical. step 36200, energy = -0.46660970905252686
  |->  par_lens = 485, 482, 488
[TDSE] Running TDSE-SH-elliptical. step 36400, energy = -0.4798305315854734
  |->  par_lens = 484, 484, 490
[TDSE] Running TDSE-SH-elliptical. step 36600, energy = -0.4759720325691346
  |->  par_lens = 481, 479, 489
[TDSE] Running TDSE-SH-elliptical. step 36800, energy = -0.45916667338880895
  |->  par_lens = 487, 484, 488
[TDSE] Running TDSE-SH-elliptical. step 37000, energy = -0.44858469965925263
  |->  par_lens = 486, 486, 491
[TDSE] Running TDSE-SH-elliptical. step 37200, energy = -0.45477589468388685
  |->  par_lens = 490, 489, 493
[TDSE] Running TDSE-SH-elliptical. step 37400, energy = -0.4714394139261786
  |->  par_lens = 495, 498, 501
[TDSE] Running TDSE-SH-elliptical. step 37600, energy = -0.4844020806499379
  |->  par_lens = 495, 498, 501
[TDSE] Running TDSE-SH-elliptical. step 37800, energy = -0.48711549439260177
  |->  par_lens = 495, 498, 501
[TDSE] Running TDSE-SH-elliptical. step 38000, energy = -0.48460496223459154
  |->  par_lens = 495, 497, 501
[TDSE] Running TDSE-SH-elliptical. step 38200, energy = -0.4842359925694415
  |->  par_lens = 493, 497, 497
[TDSE] Running TDSE-SH-elliptical. step 38400, energy = -0.48737446048428446
  |->  par_lens = 494, 496, 499
[TDSE] Running TDSE-SH-elliptical. step 38600, energy = -0.4896086592228049
  |->  par_lens = 494, 490, 499
[TDSE] Running TDSE-SH-elliptical. step 38800, energy = -0.4876161188927291
  |->  par_lens = 491, 494, 497
[TDSE] Running TDSE-SH-elliptical. step 39000, energy = -0.4831265580634843
  |->  par_lens = 493, 493, 498
[TDSE] Running TDSE-SH-elliptical. step 39200, energy = -0.4804587902804158
  |->  par_lens = 495, 496, 501
[TDSE] Running TDSE-SH-elliptical. step 39400, energy = -0.4818765364145772
  |->  par_lens = 502, 500, 503
[TDSE] Running TDSE-SH-elliptical. step 39600, energy = -0.4858257247933469
  |->  par_lens = 504, 505, 504
[TDSE] Running TDSE-SH-elliptical. step 39800, energy = -0.48947163496565615
  |->  par_lens = 504, 505, 504
[TDSE] Running TDSE-SH-elliptical. step 40000, energy = -0.4913929911294911
  |->  par_lens = 504, 505, 504
[TDSE] Running TDSE-SH-elliptical. step 40200, energy = -0.4919624788799123
  |->  par_lens = 504, 505, 504
[TDSE] Running TDSE-SH-elliptical. step 40400, energy = -0.49210909299653044
  |->  par_lens = 504, 505, 504
[TDSE] Running TDSE-SH-elliptical. step 40600, energy = -0.49209309110754523
  |->  par_lens = 504, 505, 504
[TDSE] Running TDSE-SH-elliptical. step 40800, energy = -0.4917073845865394
  |->  par_lens = 504, 505, 504
[TDSE] Running TDSE-SH-elliptical. step 41000, energy = -0.4910686738899443
  |->  par_lens = 504, 505, 504
[TDSE] Running TDSE-SH-elliptical. step 41200, energy = -0.4903550773313631
  |->  par_lens = 504, 505, 504
[TDSE] Running TDSE-SH-elliptical. step 41400, energy = -0.49010561964044624
  |->  par_lens = 505, 505, 505
[TDSE] Running TDSE-SH-elliptical. step 41600, energy = -0.49022921653500967
  |->  par_lens = 507, 508, 509
[TDSE] Running TDSE-SH-elliptical. step 41800, energy = -0.49052783388832766
  |->  par_lens = 508, 509, 510
[TDSE] Running TDSE-SH-elliptical. step 42000, energy = -0.49091374865883264
  |->  par_lens = 509, 510, 510
[TDSE] Running TDSE-SH-elliptical. step 42200, energy = -0.49107757398604607
  |->  par_lens = 509, 510, 510
[TDSE] Running TDSE-SH-elliptical. step 42400, energy = -0.4912112796890809
  |->  par_lens = 509, 510, 510
[TDSE] Running TDSE-SH-elliptical. step 42600, energy = -0.49123006048282297
  |->  par_lens = 511, 511, 510
[TDSE] Running TDSE-SH-elliptical. step 42800, energy = -0.4912096481392334
  |->  par_lens = 512, 514, 511
[TDSE] Running TDSE-SH-elliptical. step 43000, energy = -0.4912548363848442
  |->  par_lens = 516, 515, 513
[TDSE] Running TDSE-SH-elliptical. step 43200, energy = -0.49121820241937453
  |->  par_lens = 516, 516, 515
[TDSE] Running TDSE-SH-elliptical. step 43400, energy = -0.49128098664690384
  |->  par_lens = 516, 517, 516
[TDSE] Running TDSE-SH-elliptical. step 43600, energy = -0.4912823888084226
  |->  par_lens = 518, 518, 517
[TDSE] Running TDSE-SH-elliptical. step 43800, energy = -0.4912711640485291
  |->  par_lens = 520, 519, 519
[TDSE] Running TDSE-SH-elliptical. step 44000, energy = -0.4913390843930385
  |->  par_lens = 522, 521, 520
[TDSE] Running TDSE-SH-elliptical. step 44200, energy = -0.4913195927214442
  |->  par_lens = 524, 522, 523
[TDSE] Running TDSE-SH-elliptical. step 44400, energy = -0.4913727427287689
  |->  par_lens = 524, 522, 523
[TDSE] Running TDSE-SH-elliptical. step 44600, energy = -0.4913624197461526
  |->  par_lens = 524, 523, 523
[TDSE] Running TDSE-SH-elliptical. step 44800, energy = -0.4913711323956281
  |->  par_lens = 525, 524, 524
[TDSE] Running TDSE-SH-elliptical. step 45000, energy = -0.49143877212119025
  |->  par_lens = 527, 528, 527
