  Activating project at `~/JuliaProp_v0.1`
[ITP]: 10000.500151030976
[ITP]: 3.0490838964780664e-8
[ITP]: 7.575335692067142e-9
Energy of ground state: -0.5001510690415283
[TDSE] Start TDSE-SH for elliptical polarized laser. It may cost a plenty of time.
[TDSE] Running TDSE-SH-elliptical. step 0, energy = -0.5001510690415277
  |->  par_lens = 2, 2, 2
[TDSE] Running TDSE-SH-elliptical. step 200, energy = -0.5001510690413813
  |->  par_lens = 2, 2, 2
[TDSE] Running TDSE-SH-elliptical. step 400, energy = -0.5001510690408131
  |->  par_lens = 2, 2, 2
[TDSE] Running TDSE-SH-elliptical. step 600, energy = -0.5001510690362261
  |->  par_lens = 2, 2, 2
[TDSE] Running TDSE-SH-elliptical. step 800, energy = -0.5001510690137257
  |->  par_lens = 2, 2, 2
[TDSE] Running TDSE-SH-elliptical. step 1000, energy = -0.5001510689385316
  |->  par_lens = 2, 2, 2
[TDSE] Running TDSE-SH-elliptical. step 1200, energy = -0.5001510687403087
  |->  par_lens = 2, 2, 2
[TDSE] Running TDSE-SH-elliptical. step 1400, energy = -0.5001510682969192
  |->  par_lens = 2, 2, 2
[TDSE] Running TDSE-SH-elliptical. step 1600, energy = -0.5001510674162232
  |->  par_lens = 2, 2, 2
[TDSE] Running TDSE-SH-elliptical. step 1800, energy = -0.5001510658142463
  |->  par_lens = 2, 2, 2
[TDSE] Running TDSE-SH-elliptical. step 2000, energy = -0.5001510631065128
  |->  par_lens = 2, 2, 2
[TDSE] Running TDSE-SH-elliptical. step 2200, energy = -0.5001510587635253
  |->  par_lens = 2, 2, 2
[TDSE] Running TDSE-SH-elliptical. step 2400, energy = -0.5001510521408883
  |->  par_lens = 2, 2, 2
[TDSE] Running TDSE-SH-elliptical. step 2600, energy = -0.5001510424126843
  |->  par_lens = 2, 2, 2
[TDSE] Running TDSE-SH-elliptical. step 2800, energy = -0.5001510285839758
  |->  par_lens = 2, 2, 2
[TDSE] Running TDSE-SH-elliptical. step 3000, energy = -0.5001510095336945
  |->  par_lens = 2, 2, 2
[TDSE] Running TDSE-SH-elliptical. step 3200, energy = -0.500150983848569
  |->  par_lens = 2, 2, 2
[TDSE] Running TDSE-SH-elliptical. step 3400, energy = -0.5001509501621576
  |->  par_lens = 2, 2, 2
[TDSE] Running TDSE-SH-elliptical. step 3600, energy = -0.5001509065984567
  |->  par_lens = 2, 2, 2
[TDSE] Running TDSE-SH-elliptical. step 3800, energy = -0.5001508514293125
  |->  par_lens = 2, 2, 2
[TDSE] Running TDSE-SH-elliptical. step 4000, energy = -0.5001507829060061
  |->  par_lens = 2, 2, 2
[TDSE] Running TDSE-SH-elliptical. step 4200, energy = -0.5001506983174453
  |->  par_lens = 2, 2, 2
[TDSE] Running TDSE-SH-elliptical. step 4400, energy = -0.5001505961907203
  |->  par_lens = 2, 2, 2
[TDSE] Running TDSE-SH-elliptical. step 4600, energy = -0.5001504738448381
  |->  par_lens = 2, 2, 2
[TDSE] Running TDSE-SH-elliptical. step 4800, energy = -0.5001503291502695
  |->  par_lens = 2, 2, 2
[TDSE] Running TDSE-SH-elliptical. step 5000, energy = -0.5001501598974406
  |->  par_lens = 2, 2, 2
[TDSE] Running TDSE-SH-elliptical. step 5200, energy = -0.5001499630142818
  |->  par_lens = 2, 2, 2
[TDSE] Running TDSE-SH-elliptical. step 5400, energy = -0.5001497387469821
  |->  par_lens = 2, 2, 2
[TDSE] Running TDSE-SH-elliptical. step 5600, energy = -0.5001494818816922
  |->  par_lens = 2, 2, 2
[TDSE] Running TDSE-SH-elliptical. step 5800, energy = -0.500149191985095
  |->  par_lens = 2, 2, 2
[TDSE] Running TDSE-SH-elliptical. step 6000, energy = -0.5001488693216458
  |->  par_lens = 2, 2, 2
[TDSE] Running TDSE-SH-elliptical. step 6200, energy = -0.5001485085631373
  |->  par_lens = 2, 2, 2
[TDSE] Running TDSE-SH-elliptical. step 6400, energy = -0.5001481122060752
  |->  par_lens = 2, 2, 2
[TDSE] Running TDSE-SH-elliptical. step 6600, energy = -0.5001476757225164
  |->  par_lens = 2, 2, 2
[TDSE] Running TDSE-SH-elliptical. step 6800, energy = -0.5001472028508521
  |->  par_lens = 2, 2, 2
[TDSE] Running TDSE-SH-elliptical. step 7000, energy = -0.5001466914785655
  |->  par_lens = 2, 2, 2
[TDSE] Running TDSE-SH-elliptical. step 7200, energy = -0.5001461364908624
  |->  par_lens = 2, 2, 2
[TDSE] Running TDSE-SH-elliptical. step 7400, energy = -0.5001455503505056
  |->  par_lens = 2, 2, 2
[TDSE] Running TDSE-SH-elliptical. step 7600, energy = -0.5001449219397703
  |->  par_lens = 2, 2, 2
[TDSE] Running TDSE-SH-elliptical. step 7800, energy = -0.5001442583286203
  |->  par_lens = 2, 2, 2
[TDSE] Running TDSE-SH-elliptical. step 8000, energy = -0.50014356285508
  |->  par_lens = 2, 2, 2
[TDSE] Running TDSE-SH-elliptical. step 8200, energy = -0.5001428291774452
  |->  par_lens = 2, 2, 2
[TDSE] Running TDSE-SH-elliptical. step 8400, energy = -0.5001420729345819
  |->  par_lens = 2, 2, 2
[TDSE] Running TDSE-SH-elliptical. step 8600, energy = -0.5001412811796575
  |->  par_lens = 4, 2, 2
[TDSE] Running TDSE-SH-elliptical. step 8800, energy = -0.5001404705729232
  |->  par_lens = 4, 2, 2
[TDSE] Running TDSE-SH-elliptical. step 9000, energy = -0.5001396369695298
  |->  par_lens = 4, 3, 3
[TDSE] Running TDSE-SH-elliptical. step 9200, energy = -0.5001387765462589
  |->  par_lens = 4, 3, 3
[TDSE] Running TDSE-SH-elliptical. step 9400, energy = -0.5001379194094565
  |->  par_lens = 4, 3, 3
[TDSE] Running TDSE-SH-elliptical. step 9600, energy = -0.5001370344138607
  |->  par_lens = 4, 3, 3
[TDSE] Running TDSE-SH-elliptical. step 9800, energy = -0.5001361444273418
  |->  par_lens = 4, 3, 3
[TDSE] Running TDSE-SH-elliptical. step 10000, energy = -0.5001352581435707
  |->  par_lens = 4, 3, 3
[TDSE] Running TDSE-SH-elliptical. step 10200, energy = -0.5001341786051151
  |->  par_lens = 4, 3, 3
[TDSE] Running TDSE-SH-elliptical. step 10400, energy = -0.5001319107828042
  |->  par_lens = 4, 3, 3
[TDSE] Running TDSE-SH-elliptical. step 10600, energy = -0.5001296481224322
  |->  par_lens = 4, 3, 3
[TDSE] Running TDSE-SH-elliptical. step 10800, energy = -0.5001308703290486
  |->  par_lens = 4, 3, 3
[TDSE] Running TDSE-SH-elliptical. step 11000, energy = -0.5001374896447461
  |->  par_lens = 4, 3, 3
[TDSE] Running TDSE-SH-elliptical. step 11200, energy = -0.5001429800648253
  |->  par_lens = 4, 3, 3
[TDSE] Running TDSE-SH-elliptical. step 11400, energy = -0.5001325603106782
  |->  par_lens = 4, 3, 3
[TDSE] Running TDSE-SH-elliptical. step 11600, energy = -0.5000932190287782
  |->  par_lens = 4, 3, 3
[TDSE] Running TDSE-SH-elliptical. step 11800, energy = -0.5000188312595376
  |->  par_lens = 4, 4, 3
[TDSE] Running TDSE-SH-elliptical. step 12000, energy = -0.4998897119171683
  |->  par_lens = 4, 4, 4
[TDSE] Running TDSE-SH-elliptical. step 12200, energy = -0.4996577358680582
  |->  par_lens = 5, 5, 5
[TDSE] Running TDSE-SH-elliptical. step 12400, energy = -0.4992910947601021
  |->  par_lens = 5, 5, 6
[TDSE] Running TDSE-SH-elliptical. step 12600, energy = -0.4988661692838403
  |->  par_lens = 7, 7, 7
[TDSE] Running TDSE-SH-elliptical. step 12800, energy = -0.4985757723564937
  |->  par_lens = 7, 7, 7
[TDSE] Running TDSE-SH-elliptical. step 13000, energy = -0.4985391831027782
  |->  par_lens = 9, 7, 7
[TDSE] Running TDSE-SH-elliptical. step 13200, energy = -0.49858870854445886
  |->  par_lens = 9, 7, 8
[TDSE] Running TDSE-SH-elliptical. step 13400, energy = -0.49834320018781814
  |->  par_lens = 9, 7, 9
[TDSE] Running TDSE-SH-elliptical. step 13600, energy = -0.49761275044898456
  |->  par_lens = 9, 8, 9
[TDSE] Running TDSE-SH-elliptical. step 13800, energy = -0.49671222350376526
  |->  par_lens = 9, 8, 10
[TDSE] Running TDSE-SH-elliptical. step 14000, energy = -0.4961015771917786
  |->  par_lens = 9, 9, 10
[TDSE] Running TDSE-SH-elliptical. step 14200, energy = -0.4956812687847856
  |->  par_lens = 9, 9, 10
[TDSE] Running TDSE-SH-elliptical. step 14400, energy = -0.4946141956293705
  |->  par_lens = 10, 10, 10
[TDSE] Running TDSE-SH-elliptical. step 14600, energy = -0.492256069430229
  |->  par_lens = 11, 10, 12
[TDSE] Running TDSE-SH-elliptical. step 14800, energy = -0.4893149590584167
  |->  par_lens = 12, 12, 13
[TDSE] Running TDSE-SH-elliptical. step 15000, energy = -0.4875104590463574
  |->  par_lens = 16, 14, 14
[TDSE] Running TDSE-SH-elliptical. step 15200, energy = -0.48773678088865563
  |->  par_lens = 17, 18, 17
[TDSE] Running TDSE-SH-elliptical. step 15400, energy = -0.4885972207378917
  |->  par_lens = 18, 19, 18
[TDSE] Running TDSE-SH-elliptical. step 15600, energy = -0.48750887685434535
  |->  par_lens = 19, 20, 18
[TDSE] Running TDSE-SH-elliptical. step 15800, energy = -0.4837133595093991
  |->  par_lens = 19, 19, 20
[TDSE] Running TDSE-SH-elliptical. step 16000, energy = -0.4795260363514039
  |->  par_lens = 20, 19, 19
[TDSE] Running TDSE-SH-elliptical. step 16200, energy = -0.477890050648843
  |->  par_lens = 22, 19, 17
[TDSE] Running TDSE-SH-elliptical. step 16400, energy = -0.4783713648566316
  |->  par_lens = 19, 19, 17
[TDSE] Running TDSE-SH-elliptical. step 16600, energy = -0.476851072368432
  |->  par_lens = 19, 19, 19
[TDSE] Running TDSE-SH-elliptical. step 16800, energy = -0.47022623629434956
  |->  par_lens = 21, 20, 20
[TDSE] Running TDSE-SH-elliptical. step 17000, energy = -0.46099718926104016
  |->  par_lens = 23, 25, 23
[TDSE] Running TDSE-SH-elliptical. step 17200, energy = -0.45570629493785453
  |->  par_lens = 30, 29, 28
[TDSE] Running TDSE-SH-elliptical. step 17400, energy = -0.4575538116990662
  |->  par_lens = 34, 34, 35
[TDSE] Running TDSE-SH-elliptical. step 17600, energy = -0.461749239906693
  |->  par_lens = 39, 38, 38
[TDSE] Running TDSE-SH-elliptical. step 17800, energy = -0.4599501364645412
  |->  par_lens = 39, 40, 40
[TDSE] Running TDSE-SH-elliptical. step 18000, energy = -0.44992787822322644
  |->  par_lens = 40, 42, 40
[TDSE] Running TDSE-SH-elliptical. step 18200, energy = -0.4391207764784535
  |->  par_lens = 39, 37, 41
[TDSE] Running TDSE-SH-elliptical. step 18400, energy = -0.4363731825457362
  |->  par_lens = 39, 40, 40
[TDSE] Running TDSE-SH-elliptical. step 18600, energy = -0.4407304966378132
  |->  par_lens = 41, 40, 40
[TDSE] Running TDSE-SH-elliptical. step 18800, energy = -0.44104444954028227
  |->  par_lens = 44, 42, 43
[TDSE] Running TDSE-SH-elliptical. step 19000, energy = -0.4287498367123162
  |->  par_lens = 44, 43, 42
[TDSE] Running TDSE-SH-elliptical. step 19200, energy = -0.4095526972487336
  |->  par_lens = 48, 48, 45
[TDSE] Running TDSE-SH-elliptical. step 19400, energy = -0.39889794587615546
  |->  par_lens = 55, 54, 54
[TDSE] Running TDSE-SH-elliptical. step 19600, energy = -0.404516965974203
  |->  par_lens = 66, 65, 66
[TDSE] Running TDSE-SH-elliptical. step 19800, energy = -0.4159518043916508
  |->  par_lens = 74, 74, 72
[TDSE] Running TDSE-SH-elliptical. step 20000, energy = -0.41500525421419393
  |->  par_lens = 77, 76, 76
[TDSE] Running TDSE-SH-elliptical. step 20200, energy = -0.39687027265604585
  |->  par_lens = 72, 74, 71
[TDSE] Running TDSE-SH-elliptical. step 20400, energy = -0.3769770097883383
  |->  par_lens = 71, 68, 69
[TDSE] Running TDSE-SH-elliptical. step 20600, energy = -0.3735474375804896
  |->  par_lens = 72, 70, 71
[TDSE] Running TDSE-SH-elliptical. step 20800, energy = -0.3853053648544239
  |->  par_lens = 79, 79, 76
[TDSE] Running TDSE-SH-elliptical. step 21000, energy = -0.39099106325064
  |->  par_lens = 85, 83, 84
[TDSE] Running TDSE-SH-elliptical. step 21200, energy = -0.37387114256002685
  |->  par_lens = 83, 88, 88
[TDSE] Running TDSE-SH-elliptical. step 21400, energy = -0.3434453779189535
  |->  par_lens = 89, 86, 90
[TDSE] Running TDSE-SH-elliptical. step 21600, energy = -0.32688675450796917
  |->  par_lens = 96, 97, 98
[TDSE] Running TDSE-SH-elliptical. step 21800, energy = -0.3380553337618066
  |->  par_lens = 109, 110, 107
[TDSE] Running TDSE-SH-elliptical. step 22000, energy = -0.36004994698712917
  |->  par_lens = 124, 125, 121
[TDSE] Running TDSE-SH-elliptical. step 22200, energy = -0.36265058195819944
  |->  par_lens = 128, 127, 129
[TDSE] Running TDSE-SH-elliptical. step 22400, energy = -0.3374654885312681
  |->  par_lens = 122, 125, 123
[TDSE] Running TDSE-SH-elliptical. step 22600, energy = -0.3088158044334828
  |->  par_lens = 116, 117, 118
[TDSE] Running TDSE-SH-elliptical. step 22800, energy = -0.3055301376500645
  |->  par_lens = 123, 119, 121
[TDSE] Running TDSE-SH-elliptical. step 23000, energy = -0.32657690977600445
  |->  par_lens = 129, 126, 127
[TDSE] Running TDSE-SH-elliptical. step 23200, energy = -0.34048836741655797
  |->  par_lens = 136, 131, 129
[TDSE] Running TDSE-SH-elliptical. step 23400, energy = -0.32167531129000226
  |->  par_lens = 137, 137, 138
[TDSE] Running TDSE-SH-elliptical. step 23600, energy = -0.28268390408285493
  |->  par_lens = 142, 143, 140
[TDSE] Running TDSE-SH-elliptical. step 23800, energy = -0.2617272362343885
  |->  par_lens = 152, 148, 153
[TDSE] Running TDSE-SH-elliptical. step 24000, energy = -0.27867695664479275
  |->  par_lens = 168, 164, 165
[TDSE] Running TDSE-SH-elliptical. step 24200, energy = -0.31168059557992583
  |->  par_lens = 181, 180, 179
[TDSE] Running TDSE-SH-elliptical. step 24400, energy = -0.3202215350995635
  |->  par_lens = 186, 185, 186
[TDSE] Running TDSE-SH-elliptical. step 24600, energy = -0.29219993238304803
  |->  par_lens = 182, 184, 183
[TDSE] Running TDSE-SH-elliptical. step 24800, energy = -0.2585078775506234
  |->  par_lens = 179, 176, 176
[TDSE] Running TDSE-SH-elliptical. step 25000, energy = -0.2562663374772432
  |->  par_lens = 177, 181, 177
[TDSE] Running TDSE-SH-elliptical. step 25200, energy = -0.2852782487399131
  |->  par_lens = 181, 182, 180
[TDSE] Running TDSE-SH-elliptical. step 25400, energy = -0.3075884393281705
  |->  par_lens = 188, 190, 185
[TDSE] Running TDSE-SH-elliptical. step 25600, energy = -0.2912186560707653
  |->  par_lens = 194, 195, 186
[TDSE] Running TDSE-SH-elliptical. step 25800, energy = -0.24971972582657137
  |->  par_lens = 195, 194, 195
[TDSE] Running TDSE-SH-elliptical. step 26000, energy = -0.2275635041769951
  |->  par_lens = 202, 202, 201
[TDSE] Running TDSE-SH-elliptical. step 26200, energy = -0.24848952621366507
  |->  par_lens = 214, 214, 214
[TDSE] Running TDSE-SH-elliptical. step 26400, energy = -0.289051310820072
  |->  par_lens = 229, 231, 227
[TDSE] Running TDSE-SH-elliptical. step 26600, energy = -0.30409843615545235
  |->  par_lens = 236, 232, 229
[TDSE] Running TDSE-SH-elliptical. step 26800, energy = -0.27900564292349633
  |->  par_lens = 226, 223, 229
[TDSE] Running TDSE-SH-elliptical. step 27000, energy = -0.24617273478596172
  |->  par_lens = 215, 223, 222
[TDSE] Running TDSE-SH-elliptical. step 27200, energy = -0.2454836259351227
  |->  par_lens = 217, 219, 227
[TDSE] Running TDSE-SH-elliptical. step 27400, energy = -0.27802629038460097
  |->  par_lens = 221, 226, 219
[TDSE] Running TDSE-SH-elliptical. step 27600, energy = -0.3055471232574926
  |->  par_lens = 224, 221, 222
[TDSE] Running TDSE-SH-elliptical. step 27800, energy = -0.29479247570149014
  |->  par_lens = 223, 222, 223
[TDSE] Running TDSE-SH-elliptical. step 28000, energy = -0.25790455542705165
  |->  par_lens = 231, 229, 232
[TDSE] Running TDSE-SH-elliptical. step 28200, energy = -0.23821463835250584
  |->  par_lens = 232, 229, 235
[TDSE] Running TDSE-SH-elliptical. step 28400, energy = -0.2597577301237237
  |->  par_lens = 237, 237, 239
[TDSE] Running TDSE-SH-elliptical. step 28600, energy = -0.30149946527981647
  |->  par_lens = 243, 244, 239
[TDSE] Running TDSE-SH-elliptical. step 28800, energy = -0.32103461435391684
  |->  par_lens = 245, 246, 244
[TDSE] Running TDSE-SH-elliptical. step 29000, energy = -0.3035346690371295
  |->  par_lens = 243, 236, 244
[TDSE] Running TDSE-SH-elliptical. step 29200, energy = -0.2772164652668175
  |->  par_lens = 244, 238, 239
[TDSE] Running TDSE-SH-elliptical. step 29400, energy = -0.2780000259849823
  |->  par_lens = 228, 234, 231
[TDSE] Running TDSE-SH-elliptical. step 29600, energy = -0.3082352538144
  |->  par_lens = 231, 234, 229
[TDSE] Running TDSE-SH-elliptical. step 29800, energy = -0.33551209178821795
  |->  par_lens = 232, 235, 229
[TDSE] Running TDSE-SH-elliptical. step 30000, energy = -0.3310074954386148
  |->  par_lens = 229, 237, 231
[TDSE] Running TDSE-SH-elliptical. step 30200, energy = -0.3038056786440728
  |->  par_lens = 230, 235, 231
[TDSE] Running TDSE-SH-elliptical. step 30400, energy = -0.2892494732691646
  |->  par_lens = 237, 235, 235
[TDSE] Running TDSE-SH-elliptical. step 30600, energy = -0.3079025579497916
  |->  par_lens = 240, 244, 243
[TDSE] Running TDSE-SH-elliptical. step 30800, energy = -0.34395130642326743
  |->  par_lens = 242, 252, 247
[TDSE] Running TDSE-SH-elliptical. step 31000, energy = -0.363976025492641
  |->  par_lens = 252, 254, 250
[TDSE] Running TDSE-SH-elliptical. step 31200, energy = -0.35547806463040166
  |->  par_lens = 247, 253, 248
[TDSE] Running TDSE-SH-elliptical. step 31400, energy = -0.3386803352776974
  |->  par_lens = 245, 244, 243
[TDSE] Running TDSE-SH-elliptical. step 31600, energy = -0.3404575168953257
  |->  par_lens = 237, 240, 232
[TDSE] Running TDSE-SH-elliptical. step 31800, energy = -0.36358193763943786
  |->  par_lens = 237, 235, 234
[TDSE] Running TDSE-SH-elliptical. step 32000, energy = -0.3852665139660149
  |->  par_lens = 234, 233, 230
[TDSE] Running TDSE-SH-elliptical. step 32200, energy = -0.38512173604744543
  |->  par_lens = 231, 237, 230
[TDSE] Running TDSE-SH-elliptical. step 32400, energy = -0.3688224519910872
  |->  par_lens = 233, 244, 231
[TDSE] Running TDSE-SH-elliptical. step 32600, energy = -0.36020485775385014
  |->  par_lens = 240, 239, 237
[TDSE] Running TDSE-SH-elliptical. step 32800, energy = -0.3736988434096522
  |->  par_lens = 245, 250, 245
[TDSE] Running TDSE-SH-elliptical. step 33000, energy = -0.3994190331271112
  |->  par_lens = 251, 251, 247
[TDSE] Running TDSE-SH-elliptical. step 33200, energy = -0.4158533901166741
  |->  par_lens = 250, 251, 249
[TDSE] Running TDSE-SH-elliptical. step 33400, energy = -0.4144040970990568
  |->  par_lens = 247, 249, 252
[TDSE] Running TDSE-SH-elliptical. step 33600, energy = -0.4066777904912451
  |->  par_lens = 244, 245, 238
[TDSE] Running TDSE-SH-elliptical. step 33800, energy = -0.40880014844136825
  |->  par_lens = 236, 238, 232
[TDSE] Running TDSE-SH-elliptical. step 34000, energy = -0.42286463249854517
  |->  par_lens = 229, 233, 229
[TDSE] Running TDSE-SH-elliptical. step 34200, energy = -0.4362119419197324
  |->  par_lens = 230, 234, 225
[TDSE] Running TDSE-SH-elliptical. step 34400, energy = -0.43759733240045184
  |->  par_lens = 224, 235, 224
[TDSE] Running TDSE-SH-elliptical. step 34600, energy = -0.4300125396337125
  |->  par_lens = 227, 233, 230
[TDSE] Running TDSE-SH-elliptical. step 34800, energy = -0.42625950471268387
  |->  par_lens = 234, 236, 239
[TDSE] Running TDSE-SH-elliptical. step 35000, energy = -0.43415269793207056
  |->  par_lens = 239, 245, 247
[TDSE] Running TDSE-SH-elliptical. step 35200, energy = -0.4487945576937954
  |->  par_lens = 244, 246, 241
[TDSE] Running TDSE-SH-elliptical. step 35400, energy = -0.45942469996628205
  |->  par_lens = 241, 245, 246
[TDSE] Running TDSE-SH-elliptical. step 35600, energy = -0.4614056791973912
  |->  par_lens = 241, 240, 238
[TDSE] Running TDSE-SH-elliptical. step 35800, energy = -0.4596865461571046
  |->  par_lens = 238, 238, 236
[TDSE] Running TDSE-SH-elliptical. step 36000, energy = -0.4614310065341067
  |->  par_lens = 231, 229, 226
[TDSE] Running TDSE-SH-elliptical. step 36200, energy = -0.467725582350022
  |->  par_lens = 229, 220, 220
[TDSE] Running TDSE-SH-elliptical. step 36400, energy = -0.4735059511874541
  |->  par_lens = 218, 215, 215
[TDSE] Running TDSE-SH-elliptical. step 36600, energy = -0.4744256268494264
  |->  par_lens = 219, 214, 209
[TDSE] Running TDSE-SH-elliptical. step 36800, energy = -0.47184902449410515
  |->  par_lens = 216, 218, 212
[TDSE] Running TDSE-SH-elliptical. step 37000, energy = -0.4708173871060145
  |->  par_lens = 218, 218, 215
[TDSE] Running TDSE-SH-elliptical. step 37200, energy = -0.47429064798968057
  |->  par_lens = 222, 222, 217
[TDSE] Running TDSE-SH-elliptical. step 37400, energy = -0.48049446236813537
  |->  par_lens = 223, 225, 217
[TDSE] Running TDSE-SH-elliptical. step 37600, energy = -0.4855857084817201
  |->  par_lens = 224, 223, 218
[TDSE] Running TDSE-SH-elliptical. step 37800, energy = -0.4877679788811079
  |->  par_lens = 221, 223, 219
[TDSE] Running TDSE-SH-elliptical. step 38000, energy = -0.488326399611386
  |->  par_lens = 217, 216, 219
[TDSE] Running TDSE-SH-elliptical. step 38200, energy = -0.489270848335691
  |->  par_lens = 212, 207, 205
[TDSE] Running TDSE-SH-elliptical. step 38400, energy = -0.49097496029125776
  |->  par_lens = 196, 199, 196
[TDSE] Running TDSE-SH-elliptical. step 38600, energy = -0.4922891318152687
  |->  par_lens = 189, 186, 183
[TDSE] Running TDSE-SH-elliptical. step 38800, energy = -0.49236122704678803
  |->  par_lens = 183, 185, 175
[TDSE] Running TDSE-SH-elliptical. step 39000, energy = -0.4917131716988462
  |->  par_lens = 175, 180, 172
[TDSE] Running TDSE-SH-elliptical. step 39200, energy = -0.49156600635410574
  |->  par_lens = 177, 173, 177
[TDSE] Running TDSE-SH-elliptical. step 39400, energy = -0.49252836062277955
  |->  par_lens = 176, 178, 178
[TDSE] Running TDSE-SH-elliptical. step 39600, energy = -0.4941741288003135
  |->  par_lens = 178, 178, 180
[TDSE] Running TDSE-SH-elliptical. step 39800, energy = -0.49569072959207444
  |->  par_lens = 175, 174, 174
[TDSE] Running TDSE-SH-elliptical. step 40000, energy = -0.496650962787058
  |->  par_lens = 175, 172, 172
[TDSE] Running TDSE-SH-elliptical. step 40200, energy = -0.49714283382285823
  |->  par_lens = 169, 169, 164
[TDSE] Running TDSE-SH-elliptical. step 40400, energy = -0.4974009045550608
  |->  par_lens = 162, 158, 154
[TDSE] Running TDSE-SH-elliptical. step 40600, energy = -0.4975166082824161
  |->  par_lens = 152, 151, 148
[TDSE] Running TDSE-SH-elliptical. step 40800, energy = -0.4974763240495313
  |->  par_lens = 145, 145, 145
[TDSE] Running TDSE-SH-elliptical. step 41000, energy = -0.4973210220429486
  |->  par_lens = 140, 138, 143
[TDSE] Running TDSE-SH-elliptical. step 41200, energy = -0.4971738812439798
  |->  par_lens = 137, 137, 141
[TDSE] Running TDSE-SH-elliptical. step 41400, energy = -0.49714045345076274
  |->  par_lens = 140, 139, 138
[TDSE] Running TDSE-SH-elliptical. step 41600, energy = -0.4972303033366531
  |->  par_lens = 136, 140, 141
[TDSE] Running TDSE-SH-elliptical. step 41800, energy = -0.497379250578833
  |->  par_lens = 138, 141, 139
[TDSE] Running TDSE-SH-elliptical. step 42000, energy = -0.49751730398607147
  |->  par_lens = 138, 141, 140
[TDSE] Running TDSE-SH-elliptical. step 42200, energy = -0.4976073216387891
  |->  par_lens = 137, 141, 140
[TDSE] Running TDSE-SH-elliptical. step 42400, energy = -0.49764859895913577
  |->  par_lens = 137, 141, 140
[TDSE] Running TDSE-SH-elliptical. step 42600, energy = -0.49765905958134127
  |->  par_lens = 138, 141, 140
[TDSE] Running TDSE-SH-elliptical. step 42800, energy = -0.4976598211786619
  |->  par_lens = 137, 140, 141
[TDSE] Running TDSE-SH-elliptical. step 43000, energy = -0.4976634197085848
  |->  par_lens = 137, 142, 141
[TDSE] Running TDSE-SH-elliptical. step 43200, energy = -0.49767003956488237
  |->  par_lens = 137, 140, 140
[TDSE] Running TDSE-SH-elliptical. step 43400, energy = -0.49767744347712733
  |->  par_lens = 137, 140, 140
[TDSE] Running TDSE-SH-elliptical. step 43600, energy = -0.49768560734437184
  |->  par_lens = 138, 140, 139
[TDSE] Running TDSE-SH-elliptical. step 43800, energy = -0.49769404140034496
  |->  par_lens = 137, 139, 139
[TDSE] Running TDSE-SH-elliptical. step 44000, energy = -0.49770292629853574
  |->  par_lens = 137, 140, 139
[TDSE] Running TDSE-SH-elliptical. step 44200, energy = -0.4977122249920563
  |->  par_lens = 138, 140, 139
[TDSE] Running TDSE-SH-elliptical. step 44400, energy = -0.4977222269088835
  |->  par_lens = 138, 139, 138
[TDSE] Running TDSE-SH-elliptical. step 44600, energy = -0.49773348820604946
  |->  par_lens = 139, 139, 139
[TDSE] Running TDSE-SH-elliptical. step 44800, energy = -0.49774602900261183
  |->  par_lens = 138, 140, 140
[TDSE] Running TDSE-SH-elliptical. step 45000, energy = -0.4977589968745272
  |->  par_lens = 139, 139, 140
