  Activating project at `~/JuliaProp_v0.1`
[ITP]: 10000.500151030976
[ITP]: 3.0490838964780664e-8
[ITP]: 7.575335692067142e-9
Energy of ground state: -0.5001510690415283
[TDSE] Start TDSE-SH for elliptical polarized laser. It may cost a plenty of time.
[TDSE] Running TDSE-SH-elliptical. step 0, energy = -0.5001510690415277
  |->  par_lens = 2, 2, 2
[TDSE] Running TDSE-SH-elliptical. step 200, energy = -0.5001510690413828
  |->  par_lens = 2, 2, 2
[TDSE] Running TDSE-SH-elliptical. step 400, energy = -0.5001510690411064
  |->  par_lens = 2, 2, 2
[TDSE] Running TDSE-SH-elliptical. step 600, energy = -0.5001510690395562
  |->  par_lens = 2, 2, 2
[TDSE] Running TDSE-SH-elliptical. step 800, energy = -0.500151069032173
  |->  par_lens = 2, 2, 2
[TDSE] Running TDSE-SH-elliptical. step 1000, energy = -0.5001510690073453
  |->  par_lens = 2, 2, 2
[TDSE] Running TDSE-SH-elliptical. step 1200, energy = -0.500151068941049
  |->  par_lens = 2, 2, 2
[TDSE] Running TDSE-SH-elliptical. step 1400, energy = -0.500151068790507
  |->  par_lens = 2, 2, 2
[TDSE] Running TDSE-SH-elliptical. step 1600, energy = -0.5001510684866272
  |->  par_lens = 2, 2, 2
[TDSE] Running TDSE-SH-elliptical. step 1800, energy = -0.500151067916816
  |->  par_lens = 2, 2, 2
[TDSE] Running TDSE-SH-elliptical. step 2000, energy = -0.5001510669068684
  |->  par_lens = 2, 2, 2
[TDSE] Running TDSE-SH-elliptical. step 2200, energy = -0.5001510652051152
  |->  par_lens = 2, 2, 2
[TDSE] Running TDSE-SH-elliptical. step 2400, energy = -0.5001510624741461
  |->  par_lens = 2, 2, 2
[TDSE] Running TDSE-SH-elliptical. step 2600, energy = -0.5001510582422627
  |->  par_lens = 2, 2, 2
[TDSE] Running TDSE-SH-elliptical. step 2800, energy = -0.500151051903239
  |->  par_lens = 2, 2, 2
[TDSE] Running TDSE-SH-elliptical. step 3000, energy = -0.5001510426815755
  |->  par_lens = 2, 2, 2
[TDSE] Running TDSE-SH-elliptical. step 3200, energy = -0.5001510295660969
  |->  par_lens = 2, 2, 2
[TDSE] Running TDSE-SH-elliptical. step 3400, energy = -0.5001510114079272
  |->  par_lens = 2, 2, 2
[TDSE] Running TDSE-SH-elliptical. step 3600, energy = -0.5001509866212464
  |->  par_lens = 2, 2, 2
[TDSE] Running TDSE-SH-elliptical. step 3800, energy = -0.5001509535072844
  |->  par_lens = 2, 2, 2
[TDSE] Running TDSE-SH-elliptical. step 4000, energy = -0.5001509100647276
  |->  par_lens = 2, 2, 2
[TDSE] Running TDSE-SH-elliptical. step 4200, energy = -0.5001508535269266
  |->  par_lens = 2, 2, 2
[TDSE] Running TDSE-SH-elliptical. step 4400, energy = -0.5001507814709314
  |->  par_lens = 2, 2, 2
[TDSE] Running TDSE-SH-elliptical. step 4600, energy = -0.5001506903920186
  |->  par_lens = 2, 2, 2
[TDSE] Running TDSE-SH-elliptical. step 4800, energy = -0.5001505767912053
  |->  par_lens = 2, 2, 2
[TDSE] Running TDSE-SH-elliptical. step 5000, energy = -0.5001504365845162
  |->  par_lens = 2, 2, 2
[TDSE] Running TDSE-SH-elliptical. step 5200, energy = -0.5001502647133326
  |->  par_lens = 2, 2, 2
[TDSE] Running TDSE-SH-elliptical. step 5400, energy = -0.5001500579401501
  |->  par_lens = 2, 2, 2
[TDSE] Running TDSE-SH-elliptical. step 5600, energy = -0.5001498084966347
  |->  par_lens = 2, 2, 2
[TDSE] Running TDSE-SH-elliptical. step 5800, energy = -0.5001495117503472
  |->  par_lens = 2, 2, 2
[TDSE] Running TDSE-SH-elliptical. step 6000, energy = -0.5001491629871788
  |->  par_lens = 2, 2, 2
[TDSE] Running TDSE-SH-elliptical. step 6200, energy = -0.5001487524630133
  |->  par_lens = 2, 2, 2
[TDSE] Running TDSE-SH-elliptical. step 6400, energy = -0.500148276563756
  |->  par_lens = 2, 2, 2
[TDSE] Running TDSE-SH-elliptical. step 6600, energy = -0.5001477246784499
  |->  par_lens = 2, 2, 2
[TDSE] Running TDSE-SH-elliptical. step 6800, energy = -0.500147093703777
  |->  par_lens = 2, 2, 2
[TDSE] Running TDSE-SH-elliptical. step 7000, energy = -0.5001463742152003
  |->  par_lens = 2, 2, 2
[TDSE] Running TDSE-SH-elliptical. step 7200, energy = -0.5001455532386413
  |->  par_lens = 2, 2, 2
[TDSE] Running TDSE-SH-elliptical. step 7400, energy = -0.5001446362496833
  |->  par_lens = 2, 2, 2
[TDSE] Running TDSE-SH-elliptical. step 7600, energy = -0.5001436020900125
  |->  par_lens = 2, 2, 2
[TDSE] Running TDSE-SH-elliptical. step 7800, energy = -0.5001424506986997
  |->  par_lens = 2, 2, 2
[TDSE] Running TDSE-SH-elliptical. step 8000, energy = -0.500141177253305
  |->  par_lens = 4, 2, 2
[TDSE] Running TDSE-SH-elliptical. step 8200, energy = -0.5001397645369207
  |->  par_lens = 4, 2, 2
[TDSE] Running TDSE-SH-elliptical. step 8400, energy = -0.5001382244245292
  |->  par_lens = 4, 3, 3
[TDSE] Running TDSE-SH-elliptical. step 8600, energy = -0.5001365299685269
  |->  par_lens = 4, 3, 3
[TDSE] Running TDSE-SH-elliptical. step 8800, energy = -0.5001346969391708
  |->  par_lens = 4, 3, 3
[TDSE] Running TDSE-SH-elliptical. step 9000, energy = -0.500132710134767
  |->  par_lens = 4, 3, 3
[TDSE] Running TDSE-SH-elliptical. step 9200, energy = -0.5001305552011067
  |->  par_lens = 4, 3, 3
[TDSE] Running TDSE-SH-elliptical. step 9400, energy = -0.5001282743177563
  |->  par_lens = 4, 3, 3
[TDSE] Running TDSE-SH-elliptical. step 9600, energy = -0.5001258078715435
  |->  par_lens = 4, 3, 3
[TDSE] Running TDSE-SH-elliptical. step 9800, energy = -0.5001231893822641
  |->  par_lens = 4, 3, 3
[TDSE] Running TDSE-SH-elliptical. step 10000, energy = -0.5001204289798415
  |->  par_lens = 4, 3, 3
[TDSE] Running TDSE-SH-elliptical. step 10200, energy = -0.5001172386788361
  |->  par_lens = 4, 3, 3
[TDSE] Running TDSE-SH-elliptical. step 10400, energy = -0.500112197826197
  |->  par_lens = 4, 3, 3
[TDSE] Running TDSE-SH-elliptical. step 10600, energy = -0.5001071446328713
  |->  par_lens = 4, 3, 3
[TDSE] Running TDSE-SH-elliptical. step 10800, energy = -0.5001080442344513
  |->  par_lens = 4, 3, 3
[TDSE] Running TDSE-SH-elliptical. step 11000, energy = -0.5001203191878018
  |->  par_lens = 4, 3, 3
[TDSE] Running TDSE-SH-elliptical. step 11200, energy = -0.5001393703853053
  |->  par_lens = 4, 3, 3
[TDSE] Running TDSE-SH-elliptical. step 11400, energy = -0.5001475746234362
  |->  par_lens = 4, 3, 3
[TDSE] Running TDSE-SH-elliptical. step 11600, energy = -0.5001223938807983
  |->  par_lens = 4, 3, 3
[TDSE] Running TDSE-SH-elliptical. step 11800, energy = -0.5000428797556598
  |->  par_lens = 4, 4, 3
[TDSE] Running TDSE-SH-elliptical. step 12000, energy = -0.4998754571713972
  |->  par_lens = 5, 5, 5
[TDSE] Running TDSE-SH-elliptical. step 12200, energy = -0.49956740213407835
  |->  par_lens = 5, 5, 5
[TDSE] Running TDSE-SH-elliptical. step 12400, energy = -0.4990998228836906
  |->  par_lens = 6, 6, 6
[TDSE] Running TDSE-SH-elliptical. step 12600, energy = -0.49858122398870264
  |->  par_lens = 7, 7, 7
[TDSE] Running TDSE-SH-elliptical. step 12800, energy = -0.4982498112152022
  |->  par_lens = 10, 9, 9
[TDSE] Running TDSE-SH-elliptical. step 13000, energy = -0.49826594133825797
  |->  par_lens = 10, 9, 10
[TDSE] Running TDSE-SH-elliptical. step 13200, energy = -0.498478518094354
  |->  par_lens = 10, 11, 10
[TDSE] Running TDSE-SH-elliptical. step 13400, energy = -0.4984811943856862
  |->  par_lens = 10, 11, 10
[TDSE] Running TDSE-SH-elliptical. step 13600, energy = -0.4980121098449507
  |->  par_lens = 10, 11, 10
[TDSE] Running TDSE-SH-elliptical. step 13800, energy = -0.4972822908510593
  |->  par_lens = 9, 11, 10
[TDSE] Running TDSE-SH-elliptical. step 14000, energy = -0.4966512850241041
  |->  par_lens = 10, 11, 10
[TDSE] Running TDSE-SH-elliptical. step 14200, energy = -0.49596337319218514
  |->  par_lens = 10, 11, 10
[TDSE] Running TDSE-SH-elliptical. step 14400, energy = -0.4944079517520847
  |->  par_lens = 10, 11, 11
[TDSE] Running TDSE-SH-elliptical. step 14600, energy = -0.49146197034527334
  |->  par_lens = 11, 11, 12
[TDSE] Running TDSE-SH-elliptical. step 14800, energy = -0.48802807514258917
  |->  par_lens = 15, 13, 13
[TDSE] Running TDSE-SH-elliptical. step 15000, energy = -0.48603323719756075
  |->  par_lens = 19, 19, 19
[TDSE] Running TDSE-SH-elliptical. step 15200, energy = -0.4865168537315607
  |->  par_lens = 23, 23, 23
[TDSE] Running TDSE-SH-elliptical. step 15400, energy = -0.48809264377248895
  |->  par_lens = 25, 24, 26
[TDSE] Running TDSE-SH-elliptical. step 15600, energy = -0.48801821486812547
  |->  par_lens = 25, 25, 26
[TDSE] Running TDSE-SH-elliptical. step 15800, energy = -0.48522808293558145
  |->  par_lens = 25, 25, 26
[TDSE] Running TDSE-SH-elliptical. step 16000, energy = -0.48167006716620864
  |->  par_lens = 22, 22, 25
[TDSE] Running TDSE-SH-elliptical. step 16200, energy = -0.47998018630150674
  |->  par_lens = 23, 16, 23
[TDSE] Running TDSE-SH-elliptical. step 16400, energy = -0.4796072380150408
  |->  par_lens = 21, 19, 21
[TDSE] Running TDSE-SH-elliptical. step 16600, energy = -0.4765827084150485
  |->  par_lens = 20, 20, 22
[TDSE] Running TDSE-SH-elliptical. step 16800, energy = -0.46821612564004494
  |->  par_lens = 22, 21, 22
[TDSE] Running TDSE-SH-elliptical. step 17000, energy = -0.4575778920640495
  |->  par_lens = 26, 27, 29
[TDSE] Running TDSE-SH-elliptical. step 17200, energy = -0.45175989684587176
  |->  par_lens = 36, 36, 34
[TDSE] Running TDSE-SH-elliptical. step 17400, energy = -0.4542866871893178
  |->  par_lens = 43, 42, 43
[TDSE] Running TDSE-SH-elliptical. step 17600, energy = -0.4603179380241124
  |->  par_lens = 50, 49, 48
[TDSE] Running TDSE-SH-elliptical. step 17800, energy = -0.46104799479555153
  |->  par_lens = 49, 52, 50
[TDSE] Running TDSE-SH-elliptical. step 18000, energy = -0.4534704168539415
  |->  par_lens = 51, 47, 51
[TDSE] Running TDSE-SH-elliptical. step 18200, energy = -0.44416490873680303
  |->  par_lens = 44, 46, 43
[TDSE] Running TDSE-SH-elliptical. step 18400, energy = -0.4413290378927652
  |->  par_lens = 38, 37, 39
[TDSE] Running TDSE-SH-elliptical. step 18600, energy = -0.44382522364074717
  |->  par_lens = 40, 36, 37
[TDSE] Running TDSE-SH-elliptical. step 18800, energy = -0.4409093757443569
  |->  par_lens = 41, 41, 40
[TDSE] Running TDSE-SH-elliptical. step 19000, energy = -0.4249435565702784
  |->  par_lens = 41, 40, 41
[TDSE] Running TDSE-SH-elliptical. step 19200, energy = -0.4028288481532452
  |->  par_lens = 49, 48, 47
[TDSE] Running TDSE-SH-elliptical. step 19400, energy = -0.39108093391482035
  |->  par_lens = 63, 63, 62
[TDSE] Running TDSE-SH-elliptical. step 19600, energy = -0.39799851615703064
  |->  par_lens = 79, 81, 80
[TDSE] Running TDSE-SH-elliptical. step 19800, energy = -0.41294222245974366
  |->  par_lens = 89, 90, 91
[TDSE] Running TDSE-SH-elliptical. step 20000, energy = -0.4167647982680443
  |->  par_lens = 96, 94, 92
[TDSE] Running TDSE-SH-elliptical. step 20200, energy = -0.403178421702544
  |->  par_lens = 88, 92, 89
[TDSE] Running TDSE-SH-elliptical. step 20400, energy = -0.3860609586700168
  |->  par_lens = 79, 84, 77
[TDSE] Running TDSE-SH-elliptical. step 20600, energy = -0.38254484379677794
  |->  par_lens = 73, 72, 74
[TDSE] Running TDSE-SH-elliptical. step 20800, energy = -0.3911185568188462
  |->  par_lens = 76, 74, 77
[TDSE] Running TDSE-SH-elliptical. step 21000, energy = -0.39130154425431674
  |->  par_lens = 79, 78, 81
[TDSE] Running TDSE-SH-elliptical. step 21200, energy = -0.36798732847704896
  |->  par_lens = 84, 83, 81
[TDSE] Running TDSE-SH-elliptical. step 21400, energy = -0.3326816774558895
  |->  par_lens = 94, 87, 85
[TDSE] Running TDSE-SH-elliptical. step 21600, energy = -0.3142708996413139
  |->  par_lens = 104, 107, 105
[TDSE] Running TDSE-SH-elliptical. step 21800, energy = -0.3274386184464237
  |->  par_lens = 128, 127, 128
[TDSE] Running TDSE-SH-elliptical. step 22000, energy = -0.35491149644364484
  |->  par_lens = 149, 147, 147
[TDSE] Running TDSE-SH-elliptical. step 22200, energy = -0.3649134461387553
  |->  par_lens = 150, 152, 151
[TDSE] Running TDSE-SH-elliptical. step 22400, energy = -0.346738846134443
  |->  par_lens = 149, 147, 148
[TDSE] Running TDSE-SH-elliptical. step 22600, energy = -0.32236184993307326
  |->  par_lens = 131, 131, 129
[TDSE] Running TDSE-SH-elliptical. step 22800, energy = -0.3190587984021109
  |->  par_lens = 121, 121, 123
[TDSE] Running TDSE-SH-elliptical. step 23000, energy = -0.33554850244012957
  |->  par_lens = 121, 121, 123
[TDSE] Running TDSE-SH-elliptical. step 23200, energy = -0.3415712937855455
  |->  par_lens = 129, 126, 124
[TDSE] Running TDSE-SH-elliptical. step 23400, energy = -0.3139212629004028
  |->  par_lens = 131, 129, 127
[TDSE] Running TDSE-SH-elliptical. step 23600, energy = -0.26799538753501634
  |->  par_lens = 142, 138, 137
[TDSE] Running TDSE-SH-elliptical. step 23800, energy = -0.2443589243285054
  |->  par_lens = 164, 157, 161
[TDSE] Running TDSE-SH-elliptical. step 24000, energy = -0.2639149124990619
  |->  par_lens = 188, 189, 189
[TDSE] Running TDSE-SH-elliptical. step 24200, energy = -0.30422129892078614
  |->  par_lens = 211, 210, 212
[TDSE] Running TDSE-SH-elliptical. step 24400, energy = -0.3226077577054196
  |->  par_lens = 218, 221, 217
[TDSE] Running TDSE-SH-elliptical. step 24600, energy = -0.30387813711205625
  |->  par_lens = 209, 213, 209
[TDSE] Running TDSE-SH-elliptical. step 24800, energy = -0.2758619558836409
  |->  par_lens = 194, 193, 195
[TDSE] Running TDSE-SH-elliptical. step 25000, energy = -0.2737485660482815
  |->  par_lens = 182, 176, 178
[TDSE] Running TDSE-SH-elliptical. step 25200, energy = -0.2971262053568634
  |->  par_lens = 172, 183, 178
[TDSE] Running TDSE-SH-elliptical. step 25400, energy = -0.30963330604310624
  |->  par_lens = 185, 178, 176
[TDSE] Running TDSE-SH-elliptical. step 25600, energy = -0.28231100282442734
  |->  par_lens = 184, 186, 180
[TDSE] Running TDSE-SH-elliptical. step 25800, energy = -0.23222953730821747
  |->  par_lens = 195, 196, 189
[TDSE] Running TDSE-SH-elliptical. step 26000, energy = -0.20668570774564954
  |->  par_lens = 207, 212, 213
[TDSE] Running TDSE-SH-elliptical. step 26200, energy = -0.23056148569126997
  |->  par_lens = 243, 239, 238
[TDSE] Running TDSE-SH-elliptical. step 26400, energy = -0.2796236796429151
  |->  par_lens = 264, 261, 261
[TDSE] Running TDSE-SH-elliptical. step 26600, energy = -0.30612745611344205
  |->  par_lens = 266, 270, 268
[TDSE] Running TDSE-SH-elliptical. step 26800, energy = -0.2918225462390696
  |->  par_lens = 262, 257, 258
[TDSE] Running TDSE-SH-elliptical. step 27000, energy = -0.2656076145118136
  |->  par_lens = 240, 240, 241
[TDSE] Running TDSE-SH-elliptical. step 27200, energy = -0.26524124539899063
  |->  par_lens = 226, 221, 217
[TDSE] Running TDSE-SH-elliptical. step 27400, energy = -0.2916650405162842
  |->  par_lens = 216, 213, 209
[TDSE] Running TDSE-SH-elliptical. step 27600, energy = -0.3084695416063373
  |->  par_lens = 212, 217, 214
[TDSE] Running TDSE-SH-elliptical. step 27800, energy = -0.28576766024086114
  |->  par_lens = 216, 220, 217
[TDSE] Running TDSE-SH-elliptical. step 28000, energy = -0.2395233381195595
  |->  par_lens = 230, 235, 234
[TDSE] Running TDSE-SH-elliptical. step 28200, energy = -0.2160528078606407
  |->  par_lens = 255, 256, 255
[TDSE] Running TDSE-SH-elliptical. step 28400, energy = -0.24052602391082867
  |->  par_lens = 281, 275, 274
[TDSE] Running TDSE-SH-elliptical. step 28600, energy = -0.2909995681122223
  |->  par_lens = 293, 299, 292
[TDSE] Running TDSE-SH-elliptical. step 28800, energy = -0.32230305179856356
  |->  par_lens = 304, 303, 299
[TDSE] Running TDSE-SH-elliptical. step 29000, energy = -0.3158585382663489
  |->  par_lens = 293, 296, 294
[TDSE] Running TDSE-SH-elliptical. step 29200, energy = -0.2963577022166045
  |->  par_lens = 274, 279, 280
[TDSE] Running TDSE-SH-elliptical. step 29400, energy = -0.29765069408482264
  |->  par_lens = 259, 252, 260
[TDSE] Running TDSE-SH-elliptical. step 29600, energy = -0.32201467418451896
  |->  par_lens = 243, 238, 242
[TDSE] Running TDSE-SH-elliptical. step 29800, energy = -0.3389373961179957
  |->  par_lens = 239, 234, 238
[TDSE] Running TDSE-SH-elliptical. step 30000, energy = -0.3229173894027642
  |->  par_lens = 238, 240, 237
[TDSE] Running TDSE-SH-elliptical. step 30200, energy = -0.2867041407943289
  |->  par_lens = 252, 255, 253
[TDSE] Running TDSE-SH-elliptical. step 30400, energy = -0.2684179354152133
  |->  par_lens = 272, 269, 272
[TDSE] Running TDSE-SH-elliptical. step 30600, energy = -0.2896297933719864
  |->  par_lens = 293, 290, 290
[TDSE] Running TDSE-SH-elliptical. step 30800, energy = -0.33359702048183004
  |->  par_lens = 303, 308, 307
[TDSE] Running TDSE-SH-elliptical. step 31000, energy = -0.36428699434153083
  |->  par_lens = 316, 313, 313
[TDSE] Running TDSE-SH-elliptical. step 31200, energy = -0.3657784845260067
  |->  par_lens = 312, 313, 310
[TDSE] Running TDSE-SH-elliptical. step 31400, energy = -0.35517318852369106
  |->  par_lens = 302, 297, 303
[TDSE] Running TDSE-SH-elliptical. step 31600, energy = -0.3575678965325028
  |->  par_lens = 285, 285, 288
[TDSE] Running TDSE-SH-elliptical. step 31800, energy = -0.37573722694718503
  |->  par_lens = 272, 271, 273
[TDSE] Running TDSE-SH-elliptical. step 32000, energy = -0.38862957952129895
  |->  par_lens = 268, 268, 267
[TDSE] Running TDSE-SH-elliptical. step 32200, energy = -0.37873944783900615
  |->  par_lens = 265, 259, 264
[TDSE] Running TDSE-SH-elliptical. step 32400, energy = -0.35482560744625524
  |->  par_lens = 275, 276, 276
[TDSE] Running TDSE-SH-elliptical. step 32600, energy = -0.34298581193398325
  |->  par_lens = 286, 291, 290
[TDSE] Running TDSE-SH-elliptical. step 32800, energy = -0.35842612884781494
  |->  par_lens = 300, 305, 305
[TDSE] Running TDSE-SH-elliptical. step 33000, energy = -0.3904144304018209
  |->  par_lens = 313, 312, 315
[TDSE] Running TDSE-SH-elliptical. step 33200, energy = -0.41527612626467547
  |->  par_lens = 320, 321, 318
[TDSE] Running TDSE-SH-elliptical. step 33400, energy = -0.4216842206675846
  |->  par_lens = 323, 323, 320
[TDSE] Running TDSE-SH-elliptical. step 33600, energy = -0.4188459797906663
  |->  par_lens = 314, 316, 314
[TDSE] Running TDSE-SH-elliptical. step 33800, energy = -0.421566841628348
  |->  par_lens = 307, 305, 305
[TDSE] Running TDSE-SH-elliptical. step 34000, energy = -0.43201940067672356
  |->  par_lens = 296, 294, 294
[TDSE] Running TDSE-SH-elliptical. step 34200, energy = -0.4389267802819087
  |->  par_lens = 289, 287, 288
[TDSE] Running TDSE-SH-elliptical. step 34400, energy = -0.4332139189428996
  |->  par_lens = 283, 285, 277
[TDSE] Running TDSE-SH-elliptical. step 34600, energy = -0.42010531553147873
  |->  par_lens = 293, 293, 286
[TDSE] Running TDSE-SH-elliptical. step 34800, energy = -0.41397736717694256
  |->  par_lens = 303, 299, 297
[TDSE] Running TDSE-SH-elliptical. step 35000, energy = -0.423127476952664
  |->  par_lens = 312, 312, 312
[TDSE] Running TDSE-SH-elliptical. step 35200, energy = -0.44198534002375034
  |->  par_lens = 323, 321, 322
[TDSE] Running TDSE-SH-elliptical. step 35400, energy = -0.4582564486140807
  |->  par_lens = 327, 327, 327
[TDSE] Running TDSE-SH-elliptical. step 35600, energy = -0.4654543451892084
  |->  par_lens = 330, 324, 324
[TDSE] Running TDSE-SH-elliptical. step 35800, energy = -0.46697488612135857
  |->  par_lens = 323, 323, 322
[TDSE] Running TDSE-SH-elliptical. step 36000, energy = -0.4691820760142721
  |->  par_lens = 319, 315, 317
[TDSE] Running TDSE-SH-elliptical. step 36200, energy = -0.473291061078301
  |->  par_lens = 312, 306, 306
[TDSE] Running TDSE-SH-elliptical. step 36400, energy = -0.4751663416474054
  |->  par_lens = 302, 302, 299
[TDSE] Running TDSE-SH-elliptical. step 36600, energy = -0.47182579828841514
  |->  par_lens = 299, 302, 294
[TDSE] Running TDSE-SH-elliptical. step 36800, energy = -0.4659634964171559
  |->  par_lens = 300, 301, 298
[TDSE] Running TDSE-SH-elliptical. step 37000, energy = -0.4635060743961786
  |->  par_lens = 305, 307, 305
[TDSE] Running TDSE-SH-elliptical. step 37200, energy = -0.4676275393034513
  |->  par_lens = 313, 307, 316
[TDSE] Running TDSE-SH-elliptical. step 37400, energy = -0.47610801692087856
  |->  par_lens = 319, 317, 317
[TDSE] Running TDSE-SH-elliptical. step 37600, energy = -0.48421424331672835
  |->  par_lens = 323, 328, 324
[TDSE] Running TDSE-SH-elliptical. step 37800, energy = -0.48914517461703166
  |->  par_lens = 325, 323, 325
[TDSE] Running TDSE-SH-elliptical. step 38000, energy = -0.4913959822571657
  |->  par_lens = 320, 322, 322
[TDSE] Running TDSE-SH-elliptical. step 38200, energy = -0.49261775308035444
  |->  par_lens = 318, 320, 316
[TDSE] Running TDSE-SH-elliptical. step 38400, energy = -0.4933095560521151
  |->  par_lens = 312, 315, 313
[TDSE] Running TDSE-SH-elliptical. step 38600, energy = -0.49282349887743665
  |->  par_lens = 305, 309, 307
[TDSE] Running TDSE-SH-elliptical. step 38800, energy = -0.4909731150354034
  |->  par_lens = 297, 300, 301
[TDSE] Running TDSE-SH-elliptical. step 39000, energy = -0.4888768961720683
  |->  par_lens = 296, 299, 303
[TDSE] Running TDSE-SH-elliptical. step 39200, energy = -0.48810620113488495
  |->  par_lens = 302, 303, 304
[TDSE] Running TDSE-SH-elliptical. step 39400, energy = -0.48930534160716377
  |->  par_lens = 308, 307, 306
[TDSE] Running TDSE-SH-elliptical. step 39600, energy = -0.4918132324397565
  |->  par_lens = 308, 310, 309
[TDSE] Running TDSE-SH-elliptical. step 39800, energy = -0.49443433598918235
  |->  par_lens = 311, 310, 306
[TDSE] Running TDSE-SH-elliptical. step 40000, energy = -0.4963615954778287
  |->  par_lens = 311, 309, 307
[TDSE] Running TDSE-SH-elliptical. step 40200, energy = -0.497426222086255
  |->  par_lens = 311, 309, 307
[TDSE] Running TDSE-SH-elliptical. step 40400, energy = -0.4977872097331629
  |->  par_lens = 308, 309, 307
[TDSE] Running TDSE-SH-elliptical. step 40600, energy = -0.49762508458901544
  |->  par_lens = 307, 309, 307
[TDSE] Running TDSE-SH-elliptical. step 40800, energy = -0.4971130638698184
  |->  par_lens = 307, 309, 307
[TDSE] Running TDSE-SH-elliptical. step 41000, energy = -0.49649146000453553
  |->  par_lens = 307, 309, 306
[TDSE] Running TDSE-SH-elliptical. step 41200, energy = -0.49602327169663474
  |->  par_lens = 308, 311, 306
[TDSE] Running TDSE-SH-elliptical. step 41400, energy = -0.49586492028723445
  |->  par_lens = 310, 311, 307
[TDSE] Running TDSE-SH-elliptical. step 41600, energy = -0.4959940664011051
  |->  par_lens = 309, 313, 309
[TDSE] Running TDSE-SH-elliptical. step 41800, energy = -0.496269749956593
  |->  par_lens = 309, 315, 310
[TDSE] Running TDSE-SH-elliptical. step 42000, energy = -0.4965439635302946
  |->  par_lens = 310, 316, 311
[TDSE] Running TDSE-SH-elliptical. step 42200, energy = -0.49672935550627745
  |->  par_lens = 312, 316, 311
[TDSE] Running TDSE-SH-elliptical. step 42400, energy = -0.49681501740208905
  |->  par_lens = 313, 316, 311
[TDSE] Running TDSE-SH-elliptical. step 42600, energy = -0.49683490350248155
  |->  par_lens = 314, 316, 311
[TDSE] Running TDSE-SH-elliptical. step 42800, energy = -0.4968336733333323
  |->  par_lens = 316, 316, 311
[TDSE] Running TDSE-SH-elliptical. step 43000, energy = -0.49683849993316104
  |->  par_lens = 316, 317, 311
[TDSE] Running TDSE-SH-elliptical. step 43200, energy = -0.4968492510992645
  |->  par_lens = 316, 319, 311
[TDSE] Running TDSE-SH-elliptical. step 43400, energy = -0.49686096021146176
  |->  par_lens = 318, 320, 313
[TDSE] Running TDSE-SH-elliptical. step 43600, energy = -0.49687344166712794
  |->  par_lens = 318, 320, 312
[TDSE] Running TDSE-SH-elliptical. step 43800, energy = -0.4968860202264609
  |->  par_lens = 319, 321, 314
[TDSE] Running TDSE-SH-elliptical. step 44000, energy = -0.49689926797198497
  |->  par_lens = 320, 321, 316
[TDSE] Running TDSE-SH-elliptical. step 44200, energy = -0.49691287717114996
  |->  par_lens = 322, 321, 316
[TDSE] Running TDSE-SH-elliptical. step 44400, energy = -0.49692751470071705
  |->  par_lens = 323, 322, 316
[TDSE] Running TDSE-SH-elliptical. step 44600, energy = -0.49694343732625756
  |->  par_lens = 323, 323, 317
[TDSE] Running TDSE-SH-elliptical. step 44800, energy = -0.49696032102401444
  |->  par_lens = 324, 324, 318
[TDSE] Running TDSE-SH-elliptical. step 45000, energy = -0.496977622671558
  |->  par_lens = 323, 325, 320
