  Activating project at `~/JuliaProp_v0.1`
[ITP]: 10000.500151030976
[ITP]: 3.0490838964780664e-8
[ITP]: 7.575335692067142e-9
Energy of ground state: -0.5001510690415283
[TDSE] Start TDSE-SH for elliptical polarized laser. It may cost a plenty of time.
[TDSE] Running TDSE-SH-elliptical. step 0, energy = -0.5001510690415277
  |->  par_lens = 2, 2, 2
[TDSE] Running TDSE-SH-elliptical. step 200, energy = -0.5001510690413833
  |->  par_lens = 2, 2, 2
[TDSE] Running TDSE-SH-elliptical. step 400, energy = -0.50015106904124
  |->  par_lens = 2, 2, 2
[TDSE] Running TDSE-SH-elliptical. step 600, energy = -0.5001510690410975
  |->  par_lens = 2, 2, 2
[TDSE] Running TDSE-SH-elliptical. step 800, energy = -0.5001510690409541
  |->  par_lens = 2, 2, 2
[TDSE] Running TDSE-SH-elliptical. step 1000, energy = -0.5001510690408105
  |->  par_lens = 2, 2, 2
[TDSE] Running TDSE-SH-elliptical. step 1200, energy = -0.5001510690406702
  |->  par_lens = 2, 2, 2
[TDSE] Running TDSE-SH-elliptical. step 1400, energy = -0.5001510690405276
  |->  par_lens = 2, 2, 2
[TDSE] Running TDSE-SH-elliptical. step 1600, energy = -0.5001510690403848
  |->  par_lens = 2, 2, 2
[TDSE] Running TDSE-SH-elliptical. step 1800, energy = -0.5001510690402284
  |->  par_lens = 2, 2, 2
[TDSE] Running TDSE-SH-elliptical. step 2000, energy = -0.5001510690397908
  |->  par_lens = 2, 2, 2
[TDSE] Running TDSE-SH-elliptical. step 2200, energy = -0.5001510690379234
  |->  par_lens = 2, 2, 2
[TDSE] Running TDSE-SH-elliptical. step 2400, energy = -0.5001510690316555
  |->  par_lens = 2, 2, 2
[TDSE] Running TDSE-SH-elliptical. step 2600, energy = -0.5001510690144864
  |->  par_lens = 2, 2, 2
[TDSE] Running TDSE-SH-elliptical. step 2800, energy = -0.5001510689749463
  |->  par_lens = 2, 2, 2
[TDSE] Running TDSE-SH-elliptical. step 3000, energy = -0.5001510688925171
  |->  par_lens = 2, 2, 2
[TDSE] Running TDSE-SH-elliptical. step 3200, energy = -0.5001510687354351
  |->  par_lens = 2, 2, 2
[TDSE] Running TDSE-SH-elliptical. step 3400, energy = -0.5001510684561393
  |->  par_lens = 2, 2, 2
[TDSE] Running TDSE-SH-elliptical. step 3600, energy = -0.5001510679825161
  |->  par_lens = 2, 2, 2
[TDSE] Running TDSE-SH-elliptical. step 3800, energy = -0.5001510672198
  |->  par_lens = 2, 2, 2
[TDSE] Running TDSE-SH-elliptical. step 4000, energy = -0.500151066034509
  |->  par_lens = 2, 2, 2
[TDSE] Running TDSE-SH-elliptical. step 4200, energy = -0.5001510642477924
  |->  par_lens = 2, 2, 2
[TDSE] Running TDSE-SH-elliptical. step 4400, energy = -0.5001510616422701
  |->  par_lens = 2, 2, 2
[TDSE] Running TDSE-SH-elliptical. step 4600, energy = -0.500151057922751
  |->  par_lens = 2, 2, 2
[TDSE] Running TDSE-SH-elliptical. step 4800, energy = -0.5001510527458048
  |->  par_lens = 2, 2, 2
[TDSE] Running TDSE-SH-elliptical. step 5000, energy = -0.5001510456722983
  |->  par_lens = 2, 2, 2
[TDSE] Running TDSE-SH-elliptical. step 5200, energy = -0.5001510361703242
  |->  par_lens = 2, 2, 2
[TDSE] Running TDSE-SH-elliptical. step 5400, energy = -0.5001510236948747
  |->  par_lens = 2, 2, 2
[TDSE] Running TDSE-SH-elliptical. step 5600, energy = -0.500151007424853
  |->  par_lens = 2, 2, 2
[TDSE] Running TDSE-SH-elliptical. step 5800, energy = -0.5001509866050097
  |->  par_lens = 2, 2, 2
[TDSE] Running TDSE-SH-elliptical. step 6000, energy = -0.5001509603605733
  |->  par_lens = 2, 2, 2
[TDSE] Running TDSE-SH-elliptical. step 6200, energy = -0.5001509274820224
  |->  par_lens = 2, 2, 2
[TDSE] Running TDSE-SH-elliptical. step 6400, energy = -0.5001508869964988
  |->  par_lens = 2, 2, 2
[TDSE] Running TDSE-SH-elliptical. step 6600, energy = -0.5001508373931874
  |->  par_lens = 2, 2, 2
[TDSE] Running TDSE-SH-elliptical. step 6800, energy = -0.5001507775885079
  |->  par_lens = 2, 2, 2
[TDSE] Running TDSE-SH-elliptical. step 7000, energy = -0.5001507059333163
  |->  par_lens = 2, 2, 2
[TDSE] Running TDSE-SH-elliptical. step 7200, energy = -0.5001506204596731
  |->  par_lens = 2, 2, 2
[TDSE] Running TDSE-SH-elliptical. step 7400, energy = -0.5001505205214797
  |->  par_lens = 2, 2, 2
[TDSE] Running TDSE-SH-elliptical. step 7600, energy = -0.5001504032303704
  |->  par_lens = 2, 2, 2
[TDSE] Running TDSE-SH-elliptical. step 7800, energy = -0.5001502674752475
  |->  par_lens = 2, 2, 2
[TDSE] Running TDSE-SH-elliptical. step 8000, energy = -0.5001501116164214
  |->  par_lens = 2, 2, 2
[TDSE] Running TDSE-SH-elliptical. step 8200, energy = -0.5001499328563471
  |->  par_lens = 2, 2, 2
[TDSE] Running TDSE-SH-elliptical. step 8400, energy = -0.5001497311535507
  |->  par_lens = 2, 2, 2
[TDSE] Running TDSE-SH-elliptical. step 8600, energy = -0.5001495025836884
  |->  par_lens = 2, 2, 2
[TDSE] Running TDSE-SH-elliptical. step 8800, energy = -0.500149247721633
  |->  par_lens = 2, 2, 2
[TDSE] Running TDSE-SH-elliptical. step 9000, energy = -0.5001489637048437
  |->  par_lens = 2, 2, 2
[TDSE] Running TDSE-SH-elliptical. step 9200, energy = -0.5001486478696373
  |->  par_lens = 2, 2, 2
[TDSE] Running TDSE-SH-elliptical. step 9400, energy = -0.5001483041415908
  |->  par_lens = 2, 2, 2
[TDSE] Running TDSE-SH-elliptical. step 9600, energy = -0.500147924477139
  |->  par_lens = 2, 2, 2
[TDSE] Running TDSE-SH-elliptical. step 9800, energy = -0.5001475121376283
  |->  par_lens = 2, 2, 2
[TDSE] Running TDSE-SH-elliptical. step 10000, energy = -0.5001470675674424
  |->  par_lens = 2, 2, 2
[TDSE] Running TDSE-SH-elliptical. step 10200, energy = -0.5001464724709641
  |->  par_lens = 2, 2, 2
[TDSE] Running TDSE-SH-elliptical. step 10400, energy = -0.5001450680281178
  |->  par_lens = 2, 2, 2
[TDSE] Running TDSE-SH-elliptical. step 10600, energy = -0.5001436633392627
  |->  par_lens = 2, 2, 2
[TDSE] Running TDSE-SH-elliptical. step 10800, energy = -0.5001448371572841
  |->  par_lens = 3, 2, 2
[TDSE] Running TDSE-SH-elliptical. step 11000, energy = -0.5001472772377485
  |->  par_lens = 3, 2, 2
[TDSE] Running TDSE-SH-elliptical. step 11200, energy = -0.5001360187770747
  |->  par_lens = 3, 3, 3
[TDSE] Running TDSE-SH-elliptical. step 11400, energy = -0.5000937947952728
  |->  par_lens = 4, 3, 3
[TDSE] Running TDSE-SH-elliptical. step 11600, energy = -0.5000381835782954
  |->  par_lens = 4, 3, 3
[TDSE] Running TDSE-SH-elliptical. step 11800, energy = -0.5000204482786149
  |->  par_lens = 4, 4, 3
[TDSE] Running TDSE-SH-elliptical. step 12000, energy = -0.5000198131461023
  |->  par_lens = 4, 4, 3
[TDSE] Running TDSE-SH-elliptical. step 12200, energy = -0.4998536299162114
  |->  par_lens = 5, 4, 4
[TDSE] Running TDSE-SH-elliptical. step 12400, energy = -0.49933106776878333
  |->  par_lens = 5, 5, 6
[TDSE] Running TDSE-SH-elliptical. step 12600, energy = -0.49861417635653504
  |->  par_lens = 7, 6, 7
[TDSE] Running TDSE-SH-elliptical. step 12800, energy = -0.4982846284156242
  |->  par_lens = 7, 7, 7
[TDSE] Running TDSE-SH-elliptical. step 13000, energy = -0.498718251443192
  |->  par_lens = 7, 7, 7
[TDSE] Running TDSE-SH-elliptical. step 13200, energy = -0.49933711241331336
  |->  par_lens = 7, 7, 7
[TDSE] Running TDSE-SH-elliptical. step 13400, energy = -0.4989014716012332
  |->  par_lens = 7, 7, 7
[TDSE] Running TDSE-SH-elliptical. step 13600, energy = -0.49701649598952596
  |->  par_lens = 8, 8, 7
[TDSE] Running TDSE-SH-elliptical. step 13800, energy = -0.49516291971161935
  |->  par_lens = 9, 8, 9
[TDSE] Running TDSE-SH-elliptical. step 14000, energy = -0.4953093253659569
  |->  par_lens = 10, 10, 9
[TDSE] Running TDSE-SH-elliptical. step 14200, energy = -0.49712009094383086
  |->  par_lens = 9, 10, 9
[TDSE] Running TDSE-SH-elliptical. step 14400, energy = -0.49727913694165216
  |->  par_lens = 9, 10, 9
[TDSE] Running TDSE-SH-elliptical. step 14600, energy = -0.4930160227311317
  |->  par_lens = 10, 10, 10
[TDSE] Running TDSE-SH-elliptical. step 14800, energy = -0.4864354349716549
  |->  par_lens = 13, 12, 13
[TDSE] Running TDSE-SH-elliptical. step 15000, energy = -0.48358466804489
  |->  par_lens = 14, 13, 13
[TDSE] Running TDSE-SH-elliptical. step 15200, energy = -0.4876407431568307
  |->  par_lens = 17, 17, 15
[TDSE] Running TDSE-SH-elliptical. step 15400, energy = -0.4936038874260924
  |->  par_lens = 18, 17, 17
[TDSE] Running TDSE-SH-elliptical. step 15600, energy = -0.4924362518501919
  |->  par_lens = 18, 19, 18
[TDSE] Running TDSE-SH-elliptical. step 15800, energy = -0.48199721927212663
  |->  par_lens = 18, 19, 18
[TDSE] Running TDSE-SH-elliptical. step 16000, energy = -0.47168636601647884
  |->  par_lens = 18, 19, 21
[TDSE] Running TDSE-SH-elliptical. step 16200, energy = -0.47281000050328015
  |->  par_lens = 20, 22, 20
[TDSE] Running TDSE-SH-elliptical. step 16400, energy = -0.48370731428384617
  |->  par_lens = 23, 24, 26
[TDSE] Running TDSE-SH-elliptical. step 16600, energy = -0.48852002896599916
  |->  par_lens = 24, 24, 25
[TDSE] Running TDSE-SH-elliptical. step 16800, energy = -0.4747304139920552
  |->  par_lens = 24, 25, 24
[TDSE] Running TDSE-SH-elliptical. step 17000, energy = -0.45074815079330127
  |->  par_lens = 25, 25, 26
[TDSE] Running TDSE-SH-elliptical. step 17200, energy = -0.4401508880757702
  |->  par_lens = 30, 30, 32
[TDSE] Running TDSE-SH-elliptical. step 17400, energy = -0.4547116656406147
  |->  par_lens = 39, 41, 35
[TDSE] Running TDSE-SH-elliptical. step 17600, energy = -0.4770523669895208
  |->  par_lens = 43, 43, 46
[TDSE] Running TDSE-SH-elliptical. step 17800, energy = -0.47705601021110244
  |->  par_lens = 44, 45, 48
[TDSE] Running TDSE-SH-elliptical. step 18000, energy = -0.44765878154502525
  |->  par_lens = 44, 44, 41
[TDSE] Running TDSE-SH-elliptical. step 18200, energy = -0.4176771021911634
  |->  par_lens = 43, 44, 42
[TDSE] Running TDSE-SH-elliptical. step 18400, energy = -0.4204646883404285
  |->  par_lens = 49, 51, 51
[TDSE] Running TDSE-SH-elliptical. step 18600, energy = -0.45234962851573973
  |->  par_lens = 62, 59, 58
[TDSE] Running TDSE-SH-elliptical. step 18800, energy = -0.47081519877612293
  |->  par_lens = 62, 66, 62
[TDSE] Running TDSE-SH-elliptical. step 19000, energy = -0.44248117412968613
  |->  par_lens = 60, 61, 61
[TDSE] Running TDSE-SH-elliptical. step 19200, energy = -0.387256634057678
  |->  par_lens = 57, 56, 55
[TDSE] Running TDSE-SH-elliptical. step 19400, energy = -0.3617256147988667
  |->  par_lens = 65, 68, 66
[TDSE] Running TDSE-SH-elliptical. step 19600, energy = -0.39427167680434694
  |->  par_lens = 85, 82, 84
[TDSE] Running TDSE-SH-elliptical. step 19800, energy = -0.4468917653394021
  |->  par_lens = 98, 97, 102
[TDSE] Running TDSE-SH-elliptical. step 20000, energy = -0.4530854123538177
  |->  par_lens = 104, 101, 102
[TDSE] Running TDSE-SH-elliptical. step 20200, energy = -0.39634310497381176
  |->  par_lens = 100, 97, 97
[TDSE] Running TDSE-SH-elliptical. step 20400, energy = -0.3360843779817162
  |->  par_lens = 85, 85, 79
[TDSE] Running TDSE-SH-elliptical. step 20600, energy = -0.33983998444187646
  |->  par_lens = 102, 104, 102
[TDSE] Running TDSE-SH-elliptical. step 20800, energy = -0.4033217602154988
  |->  par_lens = 127, 123, 125
[TDSE] Running TDSE-SH-elliptical. step 21000, energy = -0.44551020729787094
  |->  par_lens = 133, 138, 133
[TDSE] Running TDSE-SH-elliptical. step 21200, energy = -0.4023979160153546
  |->  par_lens = 135, 130, 133
[TDSE] Running TDSE-SH-elliptical. step 21400, energy = -0.3075759326821858
  |->  par_lens = 114, 118, 114
[TDSE] Running TDSE-SH-elliptical. step 21600, energy = -0.2620372753457295
  |->  par_lens = 114, 111, 112
[TDSE] Running TDSE-SH-elliptical. step 21800, energy = -0.315234101452288
  |->  par_lens = 154, 157, 154
[TDSE] Running TDSE-SH-elliptical. step 22000, energy = -0.4073847135721082
  |->  par_lens = 186, 181, 187
[TDSE] Running TDSE-SH-elliptical. step 22200, energy = -0.42606603733164977
  |->  par_lens = 192, 189, 194
[TDSE] Running TDSE-SH-elliptical. step 22400, energy = -0.3417783262089081
  |->  par_lens = 192, 186, 187
[TDSE] Running TDSE-SH-elliptical. step 22600, energy = -0.24809101597173333
  |->  par_lens = 155, 160, 162
[TDSE] Running TDSE-SH-elliptical. step 22800, energy = -0.2511431915137158
  |->  par_lens = 171, 171, 165
[TDSE] Running TDSE-SH-elliptical. step 23000, energy = -0.3476618678642157
  |->  par_lens = 214, 213, 207
[TDSE] Running TDSE-SH-elliptical. step 23200, energy = -0.41882873446876656
  |->  par_lens = 230, 231, 232
[TDSE] Running TDSE-SH-elliptical. step 23400, energy = -0.36696128285501955
  |->  par_lens = 223, 227, 232
[TDSE] Running TDSE-SH-elliptical. step 23600, energy = -0.23647130264180907
  |->  par_lens = 200, 206, 205
[TDSE] Running TDSE-SH-elliptical. step 23800, energy = -0.17170690186213844
  |->  par_lens = 193, 186, 192
[TDSE] Running TDSE-SH-elliptical. step 24000, energy = -0.24067040473286552
  |->  par_lens = 235, 237, 236
[TDSE] Running TDSE-SH-elliptical. step 24200, energy = -0.36939393410460575
  |->  par_lens = 281, 279, 277
[TDSE] Running TDSE-SH-elliptical. step 24400, energy = -0.4045957323117394
  |->  par_lens = 291, 288, 285
[TDSE] Running TDSE-SH-elliptical. step 24600, energy = -0.3034380294255328
  |->  par_lens = 281, 284, 278
[TDSE] Running TDSE-SH-elliptical. step 24800, energy = -0.18459612903612702
  |->  par_lens = 246, 254, 245
[TDSE] Running TDSE-SH-elliptical. step 25000, energy = -0.18541987122330372
  |->  par_lens = 245, 245, 245
[TDSE] Running TDSE-SH-elliptical. step 25200, energy = -0.30364852079860194
  |->  par_lens = 294, 293, 297
[TDSE] Running TDSE-SH-elliptical. step 25400, energy = -0.399142005861694
  |->  par_lens = 317, 317, 321
[TDSE] Running TDSE-SH-elliptical. step 25600, energy = -0.34885623794407034
  |->  par_lens = 315, 316, 314
[TDSE] Running TDSE-SH-elliptical. step 25800, energy = -0.2006980596937456
  |->  par_lens = 290, 293, 294
[TDSE] Running TDSE-SH-elliptical. step 26000, energy = -0.12404423058223167
  |->  par_lens = 279, 276, 280
[TDSE] Running TDSE-SH-elliptical. step 26200, energy = -0.19815461342865331
  |->  par_lens = 311, 313, 307
[TDSE] Running TDSE-SH-elliptical. step 26400, energy = -0.3461038745949574
  |->  par_lens = 351, 346, 349
[TDSE] Running TDSE-SH-elliptical. step 26600, energy = -0.3960878002181151
  |->  par_lens = 360, 360, 358
[TDSE] Running TDSE-SH-elliptical. step 26800, energy = -0.29636887080534546
  |->  par_lens = 351, 349, 352
[TDSE] Running TDSE-SH-elliptical. step 27000, energy = -0.17120617741381566
  |->  par_lens = 314, 324, 319
[TDSE] Running TDSE-SH-elliptical. step 27200, energy = -0.16829485288834325
  |->  par_lens = 323, 329, 316
[TDSE] Running TDSE-SH-elliptical. step 27400, energy = -0.2890022724868917
  |->  par_lens = 354, 345, 349
[TDSE] Running TDSE-SH-elliptical. step 27600, energy = -0.3940614166051064
  |->  par_lens = 375, 372, 371
[TDSE] Running TDSE-SH-elliptical. step 27800, energy = -0.3551342864864837
  |->  par_lens = 372, 367, 373
[TDSE] Running TDSE-SH-elliptical. step 28000, energy = -0.21508805357537442
  |->  par_lens = 351, 347, 350
[TDSE] Running TDSE-SH-elliptical. step 28200, energy = -0.13810836451338634
  |->  par_lens = 352, 348, 347
[TDSE] Running TDSE-SH-elliptical. step 28400, energy = -0.20510838163025905
  |->  par_lens = 369, 366, 365
[TDSE] Running TDSE-SH-elliptical. step 28600, energy = -0.3472830861375582
  |->  par_lens = 383, 389, 385
[TDSE] Running TDSE-SH-elliptical. step 28800, energy = -0.40413204343377307
  |->  par_lens = 392, 393, 395
[TDSE] Running TDSE-SH-elliptical. step 29000, energy = -0.32369144371462333
  |->  par_lens = 384, 379, 386
[TDSE] Running TDSE-SH-elliptical. step 29200, energy = -0.21364181258816167
  |->  par_lens = 358, 359, 367
[TDSE] Running TDSE-SH-elliptical. step 29400, energy = -0.20705035600678345
  |->  par_lens = 351, 347, 360
[TDSE] Running TDSE-SH-elliptical. step 29600, energy = -0.3107638535382089
  |->  par_lens = 373, 372, 377
[TDSE] Running TDSE-SH-elliptical. step 29800, energy = -0.4061334228775432
  |->  par_lens = 383, 385, 387
[TDSE] Running TDSE-SH-elliptical. step 30000, energy = -0.38282609307175974
  |->  par_lens = 380, 394, 389
[TDSE] Running TDSE-SH-elliptical. step 30200, energy = -0.27281652957522295
  |->  par_lens = 379, 378, 371
[TDSE] Running TDSE-SH-elliptical. step 30400, energy = -0.20817956346257258
  |->  par_lens = 368, 376, 368
[TDSE] Running TDSE-SH-elliptical. step 30600, energy = -0.2590412524572367
  |->  par_lens = 384, 379, 383
[TDSE] Running TDSE-SH-elliptical. step 30800, energy = -0.3735230616627355
  |->  par_lens = 396, 393, 397
[TDSE] Running TDSE-SH-elliptical. step 31000, energy = -0.42552248789051583
  |->  par_lens = 401, 401, 403
[TDSE] Running TDSE-SH-elliptical. step 31200, energy = -0.37316652588036753
  |->  par_lens = 393, 397, 402
[TDSE] Running TDSE-SH-elliptical. step 31400, energy = -0.29357343293540433
  |->  par_lens = 385, 388, 386
[TDSE] Running TDSE-SH-elliptical. step 31600, energy = -0.2854153508901789
  |->  par_lens = 375, 377, 372
[TDSE] Running TDSE-SH-elliptical. step 31800, energy = -0.3597506646095559
  |->  par_lens = 373, 380, 371
[TDSE] Running TDSE-SH-elliptical. step 32000, energy = -0.4304480862870082
  |->  par_lens = 384, 387, 383
[TDSE] Running TDSE-SH-elliptical. step 32200, energy = -0.42124237470272335
  |->  par_lens = 384, 378, 383
[TDSE] Running TDSE-SH-elliptical. step 32400, energy = -0.35065733437970265
  |->  par_lens = 380, 378, 376
[TDSE] Running TDSE-SH-elliptical. step 32600, energy = -0.3054513628297442
  |->  par_lens = 379, 389, 387
[TDSE] Running TDSE-SH-elliptical. step 32800, energy = -0.33730880454323847
  |->  par_lens = 399, 395, 396
[TDSE] Running TDSE-SH-elliptical. step 33000, energy = -0.41236770038757176
  |->  par_lens = 403, 408, 399
[TDSE] Running TDSE-SH-elliptical. step 33200, energy = -0.4517198431415612
  |->  par_lens = 407, 403, 393
[TDSE] Running TDSE-SH-elliptical. step 33400, energy = -0.42573412443419406
  |->  par_lens = 402, 405, 395
[TDSE] Running TDSE-SH-elliptical. step 33600, energy = -0.37946674224216914
  |->  par_lens = 393, 400, 389
[TDSE] Running TDSE-SH-elliptical. step 33800, energy = -0.37363381390811523
  |->  par_lens = 379, 388, 378
[TDSE] Running TDSE-SH-elliptical. step 34000, energy = -0.41525816566801527
  |->  par_lens = 374, 375, 371
[TDSE] Running TDSE-SH-elliptical. step 34200, energy = -0.45738237690708305
  |->  par_lens = 370, 378, 367
[TDSE] Running TDSE-SH-elliptical. step 34400, energy = -0.45596238495124125
  |->  par_lens = 369, 383, 362
[TDSE] Running TDSE-SH-elliptical. step 34600, energy = -0.4203896421542175
  |->  par_lens = 372, 376, 368
[TDSE] Running TDSE-SH-elliptical. step 34800, energy = -0.3963469927230043
  |->  par_lens = 379, 387, 373
[TDSE] Running TDSE-SH-elliptical. step 35000, energy = -0.41229323907352733
  |->  par_lens = 386, 397, 388
[TDSE] Running TDSE-SH-elliptical. step 35200, energy = -0.4505524464678676
  |->  par_lens = 392, 399, 389
[TDSE] Running TDSE-SH-elliptical. step 35400, energy = -0.4731329988951861
  |->  par_lens = 398, 401, 397
[TDSE] Running TDSE-SH-elliptical. step 35600, energy = -0.464565768117683
  |->  par_lens = 400, 404, 397
[TDSE] Running TDSE-SH-elliptical. step 35800, energy = -0.4454961038969676
  |->  par_lens = 395, 401, 390
[TDSE] Running TDSE-SH-elliptical. step 36000, energy = -0.4421474110775687
  |->  par_lens = 384, 392, 389
[TDSE] Running TDSE-SH-elliptical. step 36200, energy = -0.45987995351625327
  |->  par_lens = 378, 384, 368
[TDSE] Running TDSE-SH-elliptical. step 36400, energy = -0.4776892447967146
  |->  par_lens = 373, 375, 366
[TDSE] Running TDSE-SH-elliptical. step 36600, energy = -0.4789191480777765
  |->  par_lens = 363, 366, 361
[TDSE] Running TDSE-SH-elliptical. step 36800, energy = -0.4661868812780399
  |->  par_lens = 361, 373, 365
[TDSE] Running TDSE-SH-elliptical. step 37000, energy = -0.4574165790489533
  |->  par_lens = 364, 383, 370
[TDSE] Running TDSE-SH-elliptical. step 37200, energy = -0.46290618111786025
  |->  par_lens = 373, 377, 376
[TDSE] Running TDSE-SH-elliptical. step 37400, energy = -0.47676951138020873
  |->  par_lens = 378, 384, 372
[TDSE] Running TDSE-SH-elliptical. step 37600, energy = -0.48593009386660535
  |->  par_lens = 379, 378, 376
[TDSE] Running TDSE-SH-elliptical. step 37800, energy = -0.48511658542278946
  |->  par_lens = 374, 378, 371
[TDSE] Running TDSE-SH-elliptical. step 38000, energy = -0.48035348608090594
  |->  par_lens = 360, 372, 361
[TDSE] Running TDSE-SH-elliptical. step 38200, energy = -0.4795689543625783
  |->  par_lens = 358, 356, 354
[TDSE] Running TDSE-SH-elliptical. step 38400, energy = -0.4840137951327603
  |->  par_lens = 330, 336, 342
[TDSE] Running TDSE-SH-elliptical. step 38600, energy = -0.48861398060540806
  |->  par_lens = 327, 316, 322
[TDSE] Running TDSE-SH-elliptical. step 38800, energy = -0.4892690775814022
  |->  par_lens = 317, 311, 304
[TDSE] Running TDSE-SH-elliptical. step 39000, energy = -0.4867965057062576
  |->  par_lens = 303, 300, 308
[TDSE] Running TDSE-SH-elliptical. step 39200, energy = -0.4850387305924314
  |->  par_lens = 298, 304, 301
[TDSE] Running TDSE-SH-elliptical. step 39400, energy = -0.4861722578766324
  |->  par_lens = 300, 306, 302
[TDSE] Running TDSE-SH-elliptical. step 39600, energy = -0.48893066877034735
  |->  par_lens = 300, 299, 298
[TDSE] Running TDSE-SH-elliptical. step 39800, energy = -0.49101165288348037
  |->  par_lens = 296, 297, 298
[TDSE] Running TDSE-SH-elliptical. step 40000, energy = -0.4914841389638343
  |->  par_lens = 293, 295, 295
[TDSE] Running TDSE-SH-elliptical. step 40200, energy = -0.4912221861774645
  |->  par_lens = 292, 295, 290
[TDSE] Running TDSE-SH-elliptical. step 40400, energy = -0.49118558836006726
  |->  par_lens = 288, 291, 285
[TDSE] Running TDSE-SH-elliptical. step 40600, energy = -0.49157583515646786
  |->  par_lens = 283, 287, 281
[TDSE] Running TDSE-SH-elliptical. step 40800, energy = -0.4919325928212843
  |->  par_lens = 270, 275, 280
[TDSE] Running TDSE-SH-elliptical. step 41000, energy = -0.4919896309979592
  |->  par_lens = 268, 266, 272
[TDSE] Running TDSE-SH-elliptical. step 41200, energy = -0.4918362423111975
  |->  par_lens = 267, 266, 264
[TDSE] Running TDSE-SH-elliptical. step 41400, energy = -0.49177561654749513
  |->  par_lens = 266, 267, 260
[TDSE] Running TDSE-SH-elliptical. step 41600, energy = -0.4918550214274772
  |->  par_lens = 266, 266, 261
[TDSE] Running TDSE-SH-elliptical. step 41800, energy = -0.4919811130964194
  |->  par_lens = 265, 265, 260
[TDSE] Running TDSE-SH-elliptical. step 42000, energy = -0.49211318153285505
  |->  par_lens = 264, 261, 260
[TDSE] Running TDSE-SH-elliptical. step 42200, energy = -0.4921682040450797
  |->  par_lens = 263, 258, 258
[TDSE] Running TDSE-SH-elliptical. step 42400, energy = -0.4922066176903055
  |->  par_lens = 257, 258, 257
[TDSE] Running TDSE-SH-elliptical. step 42600, energy = -0.49222209051562543
  |->  par_lens = 256, 256, 255
[TDSE] Running TDSE-SH-elliptical. step 42800, energy = -0.49223129364545437
  |->  par_lens = 255, 255, 255
[TDSE] Running TDSE-SH-elliptical. step 43000, energy = -0.49225164615383055
  |->  par_lens = 254, 252, 253
[TDSE] Running TDSE-SH-elliptical. step 43200, energy = -0.4922596875919043
  |->  par_lens = 251, 251, 252
[TDSE] Running TDSE-SH-elliptical. step 43400, energy = -0.4922824299790953
  |->  par_lens = 251, 251, 250
[TDSE] Running TDSE-SH-elliptical. step 43600, energy = -0.4922981954616291
  |->  par_lens = 249, 248, 250
[TDSE] Running TDSE-SH-elliptical. step 43800, energy = -0.4923137476839511
  |->  par_lens = 247, 247, 248
[TDSE] Running TDSE-SH-elliptical. step 44000, energy = -0.4923436793468241
  |->  par_lens = 246, 246, 246
[TDSE] Running TDSE-SH-elliptical. step 44200, energy = -0.4923619148093444
  |->  par_lens = 245, 245, 246
[TDSE] Running TDSE-SH-elliptical. step 44400, energy = -0.4923844749055681
  |->  par_lens = 242, 245, 245
[TDSE] Running TDSE-SH-elliptical. step 44600, energy = -0.49239541373013035
  |->  par_lens = 241, 242, 244
[TDSE] Running TDSE-SH-elliptical. step 44800, energy = -0.4924099764980347
  |->  par_lens = 239, 242, 241
[TDSE] Running TDSE-SH-elliptical. step 45000, energy = -0.4924406460154732
  |->  par_lens = 237, 240, 238
