  Activating project at `~/JuliaProp_v0.1`
[ITP]: 10000.500151030976
[ITP]: 3.0490838964780664e-8
[ITP]: 7.575335692067142e-9
Energy of ground state: -0.5001510690415283
[TDSE] Start TDSE-SH for elliptical polarized laser. It may cost a plenty of time.
[TDSE] Running TDSE-SH-elliptical. step 0, energy = -0.5001510690415277
  |->  par_lens = 2, 2, 2
[TDSE] Running TDSE-SH-elliptical. step 200, energy = -0.5001510690413833
  |->  par_lens = 2, 2, 2
[TDSE] Running TDSE-SH-elliptical. step 400, energy = -0.50015106904124
  |->  par_lens = 2, 2, 2
[TDSE] Running TDSE-SH-elliptical. step 600, energy = -0.5001510690410975
  |->  par_lens = 2, 2, 2
[TDSE] Running TDSE-SH-elliptical. step 800, energy = -0.5001510690409541
  |->  par_lens = 2, 2, 2
[TDSE] Running TDSE-SH-elliptical. step 1000, energy = -0.5001510690408105
  |->  par_lens = 2, 2, 2
[TDSE] Running TDSE-SH-elliptical. step 1200, energy = -0.5001510690406702
  |->  par_lens = 2, 2, 2
[TDSE] Running TDSE-SH-elliptical. step 1400, energy = -0.5001510690405276
  |->  par_lens = 2, 2, 2
[TDSE] Running TDSE-SH-elliptical. step 1600, energy = -0.5001510690403848
  |->  par_lens = 2, 2, 2
[TDSE] Running TDSE-SH-elliptical. step 1800, energy = -0.5001510690402411
  |->  par_lens = 2, 2, 2
[TDSE] Running TDSE-SH-elliptical. step 2000, energy = -0.5001510690400979
  |->  par_lens = 2, 2, 2
[TDSE] Running TDSE-SH-elliptical. step 2200, energy = -0.5001510690399571
  |->  par_lens = 2, 2, 2
[TDSE] Running TDSE-SH-elliptical. step 2400, energy = -0.5001510690398145
  |->  par_lens = 2, 2, 2
[TDSE] Running TDSE-SH-elliptical. step 2600, energy = -0.5001510690396725
  |->  par_lens = 2, 2, 2
[TDSE] Running TDSE-SH-elliptical. step 2800, energy = -0.5001510690395299
  |->  par_lens = 2, 2, 2
[TDSE] Running TDSE-SH-elliptical. step 3000, energy = -0.5001510690393887
  |->  par_lens = 2, 2, 2
[TDSE] Running TDSE-SH-elliptical. step 3200, energy = -0.5001510690392471
  |->  par_lens = 2, 2, 2
[TDSE] Running TDSE-SH-elliptical. step 3400, energy = -0.5001510690391047
  |->  par_lens = 2, 2, 2
[TDSE] Running TDSE-SH-elliptical. step 3600, energy = -0.500151069038963
  |->  par_lens = 2, 2, 2
[TDSE] Running TDSE-SH-elliptical. step 3800, energy = -0.5001510690388206
  |->  par_lens = 2, 2, 2
[TDSE] Running TDSE-SH-elliptical. step 4000, energy = -0.500151069038679
  |->  par_lens = 2, 2, 2
[TDSE] Running TDSE-SH-elliptical. step 4200, energy = -0.5001510690385373
  |->  par_lens = 2, 2, 2
[TDSE] Running TDSE-SH-elliptical. step 4400, energy = -0.5001510690383951
  |->  par_lens = 2, 2, 2
[TDSE] Running TDSE-SH-elliptical. step 4600, energy = -0.5001510690382526
  |->  par_lens = 2, 2, 2
[TDSE] Running TDSE-SH-elliptical. step 4800, energy = -0.5001510690381112
  |->  par_lens = 2, 2, 2
[TDSE] Running TDSE-SH-elliptical. step 5000, energy = -0.5001510690379691
  |->  par_lens = 2, 2, 2
[TDSE] Running TDSE-SH-elliptical. step 5200, energy = -0.5001510690378266
  |->  par_lens = 2, 2, 2
[TDSE] Running TDSE-SH-elliptical. step 5400, energy = -0.5001510690376867
  |->  par_lens = 2, 2, 2
[TDSE] Running TDSE-SH-elliptical. step 5600, energy = -0.500151069037546
  |->  par_lens = 2, 2, 2
[TDSE] Running TDSE-SH-elliptical. step 5800, energy = -0.5001510690374125
  |->  par_lens = 2, 2, 2
[TDSE] Running TDSE-SH-elliptical. step 6000, energy = -0.5001510690372885
  |->  par_lens = 2, 2, 2
[TDSE] Running TDSE-SH-elliptical. step 6200, energy = -0.5001510690371768
  |->  par_lens = 2, 2, 2
[TDSE] Running TDSE-SH-elliptical. step 6400, energy = -0.5001510690370847
  |->  par_lens = 2, 2, 2
[TDSE] Running TDSE-SH-elliptical. step 6600, energy = -0.5001510690370291
  |->  par_lens = 2, 2, 2
[TDSE] Running TDSE-SH-elliptical. step 6800, energy = -0.5001510690370246
  |->  par_lens = 2, 2, 2
[TDSE] Running TDSE-SH-elliptical. step 7000, energy = -0.5001510690370878
  |->  par_lens = 2, 2, 2
[TDSE] Running TDSE-SH-elliptical. step 7200, energy = -0.5001510690372462
  |->  par_lens = 2, 2, 2
[TDSE] Running TDSE-SH-elliptical. step 7400, energy = -0.5001510690375222
  |->  par_lens = 2, 2, 2
[TDSE] Running TDSE-SH-elliptical. step 7600, energy = -0.5001510690379483
  |->  par_lens = 2, 2, 2
[TDSE] Running TDSE-SH-elliptical. step 7800, energy = -0.5001510690385552
  |->  par_lens = 2, 2, 2
[TDSE] Running TDSE-SH-elliptical. step 8000, energy = -0.5001510690393802
  |->  par_lens = 2, 2, 2
[TDSE] Running TDSE-SH-elliptical. step 8200, energy = -0.5001510690404544
  |->  par_lens = 2, 2, 2
[TDSE] Running TDSE-SH-elliptical. step 8400, energy = -0.5001510690418172
  |->  par_lens = 2, 2, 2
[TDSE] Running TDSE-SH-elliptical. step 8600, energy = -0.5001510690435017
  |->  par_lens = 2, 2, 2
[TDSE] Running TDSE-SH-elliptical. step 8800, energy = -0.500151069045542
  |->  par_lens = 2, 2, 2
[TDSE] Running TDSE-SH-elliptical. step 9000, energy = -0.5001510690479667
  |->  par_lens = 2, 2, 2
[TDSE] Running TDSE-SH-elliptical. step 9200, energy = -0.5001510690508044
  |->  par_lens = 2, 2, 2
[TDSE] Running TDSE-SH-elliptical. step 9400, energy = -0.500151069054085
  |->  par_lens = 2, 2, 2
[TDSE] Running TDSE-SH-elliptical. step 9600, energy = -0.5001510690578249
  |->  par_lens = 2, 2, 2
[TDSE] Running TDSE-SH-elliptical. step 9800, energy = -0.5001510690620434
  |->  par_lens = 2, 2, 2
[TDSE] Running TDSE-SH-elliptical. step 10000, energy = -0.5001510690667561
  |->  par_lens = 2, 2, 2
[TDSE] Running TDSE-SH-elliptical. step 10200, energy = -0.5001510679002489
  |->  par_lens = 2, 2, 2
[TDSE] Running TDSE-SH-elliptical. step 10400, energy = -0.5001510084758363
  |->  par_lens = 2, 2, 2
[TDSE] Running TDSE-SH-elliptical. step 10600, energy = -0.50015071913898
  |->  par_lens = 2, 2, 2
[TDSE] Running TDSE-SH-elliptical. step 10800, energy = -0.5001495375453229
  |->  par_lens = 2, 2, 2
[TDSE] Running TDSE-SH-elliptical. step 11000, energy = -0.5001418061876162
  |->  par_lens = 3, 2, 2
[TDSE] Running TDSE-SH-elliptical. step 11200, energy = -0.5001106129397827
  |->  par_lens = 4, 3, 3
[TDSE] Running TDSE-SH-elliptical. step 11400, energy = -0.5000429010962354
  |->  par_lens = 4, 3, 3
[TDSE] Running TDSE-SH-elliptical. step 11600, energy = -0.4999680932333466
  |->  par_lens = 4, 4, 4
[TDSE] Running TDSE-SH-elliptical. step 11800, energy = -0.49995476210590545
  |->  par_lens = 4, 4, 3
[TDSE] Running TDSE-SH-elliptical. step 12000, energy = -0.4999970280293122
  |->  par_lens = 4, 4, 4
[TDSE] Running TDSE-SH-elliptical. step 12200, energy = -0.49991552290405333
  |->  par_lens = 4, 4, 4
[TDSE] Running TDSE-SH-elliptical. step 12400, energy = -0.49950281575214633
  |->  par_lens = 5, 5, 5
[TDSE] Running TDSE-SH-elliptical. step 12600, energy = -0.49888400380510134
  |->  par_lens = 5, 6, 6
[TDSE] Running TDSE-SH-elliptical. step 12800, energy = -0.4985917986708
  |->  par_lens = 6, 6, 7
[TDSE] Running TDSE-SH-elliptical. step 13000, energy = -0.4989604225902196
  |->  par_lens = 7, 7, 6
[TDSE] Running TDSE-SH-elliptical. step 13200, energy = -0.4993986328582671
  |->  par_lens = 7, 6, 6
[TDSE] Running TDSE-SH-elliptical. step 13400, energy = -0.4986978529622032
  |->  par_lens = 7, 7, 7
[TDSE] Running TDSE-SH-elliptical. step 13600, energy = -0.4965408365766411
  |->  par_lens = 8, 8, 7
[TDSE] Running TDSE-SH-elliptical. step 13800, energy = -0.49451463492601566
  |->  par_lens = 10, 10, 9
[TDSE] Running TDSE-SH-elliptical. step 14000, energy = -0.4946854100880008
  |->  par_lens = 10, 10, 9
[TDSE] Running TDSE-SH-elliptical. step 14200, energy = -0.49676653411744903
  |->  par_lens = 10, 10, 9
[TDSE] Running TDSE-SH-elliptical. step 14400, energy = -0.49740751532444877
  |->  par_lens = 10, 10, 9
[TDSE] Running TDSE-SH-elliptical. step 14600, energy = -0.4937126300934701
  |->  par_lens = 10, 10, 10
[TDSE] Running TDSE-SH-elliptical. step 14800, energy = -0.4875963465401552
  |->  par_lens = 13, 12, 13
[TDSE] Running TDSE-SH-elliptical. step 15000, energy = -0.4849111948532888
  |->  par_lens = 14, 13, 13
[TDSE] Running TDSE-SH-elliptical. step 15200, energy = -0.48870627085318086
  |->  par_lens = 14, 15, 14
[TDSE] Running TDSE-SH-elliptical. step 15400, energy = -0.4939845416117466
  |->  par_lens = 15, 16, 15
[TDSE] Running TDSE-SH-elliptical. step 15600, energy = -0.4918677557119325
  |->  par_lens = 15, 17, 14
[TDSE] Running TDSE-SH-elliptical. step 15800, energy = -0.4805049307691656
  |->  par_lens = 16, 17, 16
[TDSE] Running TDSE-SH-elliptical. step 16000, energy = -0.4696295853809962
  |->  par_lens = 20, 19, 19
[TDSE] Running TDSE-SH-elliptical. step 16200, energy = -0.47081503991265516
  |->  par_lens = 20, 22, 20
[TDSE] Running TDSE-SH-elliptical. step 16400, energy = -0.482488860054878
  |->  par_lens = 24, 24, 25
[TDSE] Running TDSE-SH-elliptical. step 16600, energy = -0.4886421297148011
  |->  par_lens = 24, 25, 27
[TDSE] Running TDSE-SH-elliptical. step 16800, energy = -0.4763808066887333
  |->  par_lens = 25, 24, 26
[TDSE] Running TDSE-SH-elliptical. step 17000, energy = -0.4536111384374055
  |->  par_lens = 25, 25, 27
[TDSE] Running TDSE-SH-elliptical. step 17200, energy = -0.4434431664276302
  |->  par_lens = 30, 31, 29
[TDSE] Running TDSE-SH-elliptical. step 17400, energy = -0.45739053678094627
  |->  par_lens = 37, 37, 34
[TDSE] Running TDSE-SH-elliptical. step 17600, energy = -0.47814029152238025
  |->  par_lens = 38, 41, 43
[TDSE] Running TDSE-SH-elliptical. step 17800, energy = -0.47598685569401206
  |->  par_lens = 39, 41, 43
[TDSE] Running TDSE-SH-elliptical. step 18000, energy = -0.44453448391060857
  |->  par_lens = 39, 39, 38
[TDSE] Running TDSE-SH-elliptical. step 18200, energy = -0.4133171993947641
  |->  par_lens = 43, 42, 42
[TDSE] Running TDSE-SH-elliptical. step 18400, energy = -0.416201551003321
  |->  par_lens = 48, 52, 50
[TDSE] Running TDSE-SH-elliptical. step 18600, energy = -0.4496419790471173
  |->  par_lens = 61, 63, 56
[TDSE] Running TDSE-SH-elliptical. step 18800, energy = -0.4707630156284574
  |->  par_lens = 61, 65, 66
[TDSE] Running TDSE-SH-elliptical. step 19000, energy = -0.4454123123779288
  |->  par_lens = 62, 62, 66
[TDSE] Running TDSE-SH-elliptical. step 19200, energy = -0.3925192060605401
  |->  par_lens = 62, 59, 58
[TDSE] Running TDSE-SH-elliptical. step 19400, energy = -0.3678240602334465
  |->  par_lens = 64, 69, 65
[TDSE] Running TDSE-SH-elliptical. step 19600, energy = -0.39929485827953654
  |->  par_lens = 83, 82, 84
[TDSE] Running TDSE-SH-elliptical. step 19800, energy = -0.44910165563610094
  |->  par_lens = 93, 96, 97
[TDSE] Running TDSE-SH-elliptical. step 20000, energy = -0.45151416133792466
  |->  par_lens = 99, 95, 100
[TDSE] Running TDSE-SH-elliptical. step 20200, energy = -0.39120600056464844
  |->  par_lens = 93, 94, 93
[TDSE] Running TDSE-SH-elliptical. step 20400, energy = -0.3288212450561231
  |->  par_lens = 79, 80, 81
[TDSE] Running TDSE-SH-elliptical. step 20600, energy = -0.3326748456324619
  |->  par_lens = 100, 102, 103
[TDSE] Running TDSE-SH-elliptical. step 20800, energy = -0.3986420963736907
  |->  par_lens = 127, 127, 124
[TDSE] Running TDSE-SH-elliptical. step 21000, energy = -0.4450569855130354
  |->  par_lens = 137, 139, 141
[TDSE] Running TDSE-SH-elliptical. step 21200, energy = -0.4066681418246724
  |->  par_lens = 139, 139, 137
[TDSE] Running TDSE-SH-elliptical. step 21400, energy = -0.31551376142677073
  |->  par_lens = 121, 121, 121
[TDSE] Running TDSE-SH-elliptical. step 21600, energy = -0.27130131919731726
  |->  par_lens = 116, 115, 114
[TDSE] Running TDSE-SH-elliptical. step 21800, energy = -0.32296593634880616
  |->  par_lens = 152, 150, 153
[TDSE] Running TDSE-SH-elliptical. step 22000, energy = -0.41099619163032036
  |->  par_lens = 180, 183, 180
[TDSE] Running TDSE-SH-elliptical. step 22200, energy = -0.4241640596615917
  |->  par_lens = 188, 189, 185
[TDSE] Running TDSE-SH-elliptical. step 22400, energy = -0.3346909061723333
  |->  par_lens = 182, 180, 176
[TDSE] Running TDSE-SH-elliptical. step 22600, energy = -0.23792513174687202
  |->  par_lens = 148, 154, 153
[TDSE] Running TDSE-SH-elliptical. step 22800, energy = -0.2410345327966089
  |->  par_lens = 167, 168, 169
[TDSE] Running TDSE-SH-elliptical. step 23000, energy = -0.3408989651082634
  |->  par_lens = 213, 214, 216
[TDSE] Running TDSE-SH-elliptical. step 23200, energy = -0.4177725424530287
  |->  par_lens = 234, 237, 237
[TDSE] Running TDSE-SH-elliptical. step 23400, energy = -0.37227266993105107
  |->  par_lens = 238, 237, 235
[TDSE] Running TDSE-SH-elliptical. step 23600, energy = -0.2467278898878672
  |->  par_lens = 214, 215, 215
[TDSE] Running TDSE-SH-elliptical. step 23800, energy = -0.18376543106824764
  |->  par_lens = 186, 186, 188
[TDSE] Running TDSE-SH-elliptical. step 24000, energy = -0.2508660923865983
  |->  par_lens = 230, 234, 231
[TDSE] Running TDSE-SH-elliptical. step 24200, energy = -0.37439225500208806
  |->  par_lens = 273, 272, 280
[TDSE] Running TDSE-SH-elliptical. step 24400, energy = -0.40266591156504433
  |->  par_lens = 281, 280, 283
[TDSE] Running TDSE-SH-elliptical. step 24600, energy = -0.29499608800653104
  |->  par_lens = 270, 274, 269
[TDSE] Running TDSE-SH-elliptical. step 24800, energy = -0.1722731691157887
  |->  par_lens = 244, 244, 245
[TDSE] Running TDSE-SH-elliptical. step 25000, energy = -0.1730788717324
  |->  par_lens = 250, 247, 252
[TDSE] Running TDSE-SH-elliptical. step 25200, energy = -0.29520509614510043
  |->  par_lens = 302, 296, 296
[TDSE] Running TDSE-SH-elliptical. step 25400, energy = -0.3974126546103674
  |->  par_lens = 325, 325, 322
[TDSE] Running TDSE-SH-elliptical. step 25600, energy = -0.35460806764046676
  |->  par_lens = 322, 323, 322
[TDSE] Running TDSE-SH-elliptical. step 25800, energy = -0.21226596973081654
  |->  par_lens = 296, 298, 293
[TDSE] Running TDSE-SH-elliptical. step 26000, energy = -0.13776784278961657
  |->  par_lens = 279, 282, 284
[TDSE] Running TDSE-SH-elliptical. step 26200, energy = -0.2098960001755396
  |->  par_lens = 311, 311, 306
[TDSE] Running TDSE-SH-elliptical. step 26400, energy = -0.35210277906724485
  |->  par_lens = 342, 346, 347
[TDSE] Running TDSE-SH-elliptical. step 26600, energy = -0.3944501504174954
  |->  par_lens = 350, 351, 352
[TDSE] Running TDSE-SH-elliptical. step 26800, energy = -0.2875614525115884
  |->  par_lens = 345, 338, 338
[TDSE] Running TDSE-SH-elliptical. step 27000, energy = -0.1581001860851115
  |->  par_lens = 320, 317, 321
[TDSE] Running TDSE-SH-elliptical. step 27200, energy = -0.15505611123940088
  |->  par_lens = 321, 329, 324
[TDSE] Running TDSE-SH-elliptical. step 27400, energy = -0.279770631098531
  |->  par_lens = 350, 355, 351
[TDSE] Running TDSE-SH-elliptical. step 27600, energy = -0.3917951879106569
  |->  par_lens = 373, 372, 371
[TDSE] Running TDSE-SH-elliptical. step 27800, energy = -0.3606146208937238
  |->  par_lens = 376, 370, 366
[TDSE] Running TDSE-SH-elliptical. step 28000, energy = -0.22658973359657913
  |->  par_lens = 355, 358, 350
[TDSE] Running TDSE-SH-elliptical. step 28200, energy = -0.1519074822336487
  |->  par_lens = 337, 337, 345
[TDSE] Running TDSE-SH-elliptical. step 28400, energy = -0.21703839291861984
  |->  par_lens = 356, 361, 353
[TDSE] Running TDSE-SH-elliptical. step 28600, energy = -0.35360987276835687
  |->  par_lens = 381, 373, 371
[TDSE] Running TDSE-SH-elliptical. step 28800, energy = -0.40299957972986444
  |->  par_lens = 384, 381, 376
[TDSE] Running TDSE-SH-elliptical. step 29000, energy = -0.31559069609933493
  |->  par_lens = 372, 369, 368
[TDSE] Running TDSE-SH-elliptical. step 29200, energy = -0.20133088482270778
  |->  par_lens = 362, 359, 365
[TDSE] Running TDSE-SH-elliptical. step 29400, energy = -0.1944911620872753
  |->  par_lens = 360, 360, 362
[TDSE] Running TDSE-SH-elliptical. step 29600, energy = -0.301867359416207
  |->  par_lens = 376, 377, 372
[TDSE] Running TDSE-SH-elliptical. step 29800, energy = -0.4036269369619412
  |->  par_lens = 387, 385, 386
[TDSE] Running TDSE-SH-elliptical. step 30000, energy = -0.38742415793251656
  |->  par_lens = 386, 386, 382
[TDSE] Running TDSE-SH-elliptical. step 30200, energy = -0.2829215365644496
  |->  par_lens = 368, 378, 377
[TDSE] Running TDSE-SH-elliptical. step 30400, energy = -0.22044825741125382
  |->  par_lens = 356, 362, 357
[TDSE] Running TDSE-SH-elliptical. step 30600, energy = -0.26974723796188127
  |->  par_lens = 372, 371, 371
[TDSE] Running TDSE-SH-elliptical. step 30800, energy = -0.37939756570960603
  |->  par_lens = 382, 380, 379
[TDSE] Running TDSE-SH-elliptical. step 31000, energy = -0.4249825292267697
  |->  par_lens = 384, 387, 385
[TDSE] Running TDSE-SH-elliptical. step 31200, energy = -0.3666191910591205
  |->  par_lens = 379, 375, 379
[TDSE] Running TDSE-SH-elliptical. step 31400, energy = -0.28340057059773843
  |->  par_lens = 373, 383, 365
[TDSE] Running TDSE-SH-elliptical. step 31600, energy = -0.27491559218825024
  |->  par_lens = 367, 364, 371
[TDSE] Running TDSE-SH-elliptical. step 31800, energy = -0.35221437431760155
  |->  par_lens = 371, 373, 377
[TDSE] Running TDSE-SH-elliptical. step 32000, energy = -0.42807131539006893
  |->  par_lens = 385, 388, 383
[TDSE] Running TDSE-SH-elliptical. step 32200, energy = -0.42458970483945846
  |->  par_lens = 390, 387, 384
[TDSE] Running TDSE-SH-elliptical. step 32400, energy = -0.3584167680223756
  |->  par_lens = 378, 387, 376
[TDSE] Running TDSE-SH-elliptical. step 32600, energy = -0.3150225259666028
  |->  par_lens = 363, 372, 365
[TDSE] Running TDSE-SH-elliptical. step 32800, energy = -0.34573633191284336
  |->  par_lens = 367, 373, 365
[TDSE] Running TDSE-SH-elliptical. step 33000, energy = -0.41715271090851785
  |->  par_lens = 374, 381, 376
[TDSE] Running TDSE-SH-elliptical. step 33200, energy = -0.45165109584409435
  |->  par_lens = 384, 383, 378
[TDSE] Running TDSE-SH-elliptical. step 33400, energy = -0.4212086515106049
  |->  par_lens = 378, 381, 378
[TDSE] Running TDSE-SH-elliptical. step 33600, energy = -0.3721973826748524
  |->  par_lens = 371, 371, 376
[TDSE] Running TDSE-SH-elliptical. step 33800, energy = -0.36606832175261655
  |->  par_lens = 368, 367, 372
[TDSE] Running TDSE-SH-elliptical. step 34000, energy = -0.4097348043938625
  |->  par_lens = 370, 371, 376
[TDSE] Running TDSE-SH-elliptical. step 34200, energy = -0.45546782385794915
  |->  par_lens = 372, 382, 384
[TDSE] Running TDSE-SH-elliptical. step 34400, energy = -0.4580140536366599
  |->  par_lens = 374, 380, 377
[TDSE] Running TDSE-SH-elliptical. step 34600, energy = -0.4254668244426798
  |->  par_lens = 375, 373, 383
[TDSE] Running TDSE-SH-elliptical. step 34800, energy = -0.4027049646580417
  |->  par_lens = 371, 374, 377
[TDSE] Running TDSE-SH-elliptical. step 35000, energy = -0.41792788610821885
  |->  par_lens = 370, 384, 376
[TDSE] Running TDSE-SH-elliptical. step 35200, energy = -0.45386415886662507
  |->  par_lens = 378, 385, 372
[TDSE] Running TDSE-SH-elliptical. step 35400, energy = -0.4733813511159719
  |->  par_lens = 375, 381, 372
[TDSE] Running TDSE-SH-elliptical. step 35600, energy = -0.4619898021737833
  |->  par_lens = 372, 375, 372
[TDSE] Running TDSE-SH-elliptical. step 35800, energy = -0.4412115772185494
  |->  par_lens = 366, 370, 360
[TDSE] Running TDSE-SH-elliptical. step 36000, energy = -0.43762216577055585
  |->  par_lens = 361, 364, 367
[TDSE] Running TDSE-SH-elliptical. step 36200, energy = -0.4565441374802435
  |->  par_lens = 371, 363, 368
[TDSE] Running TDSE-SH-elliptical. step 36400, energy = -0.4764300632272468
  |->  par_lens = 365, 367, 370
[TDSE] Running TDSE-SH-elliptical. step 36600, energy = -0.4798895756263278
  |->  par_lens = 357, 366, 367
[TDSE] Running TDSE-SH-elliptical. step 36800, energy = -0.46887356697096505
  |->  par_lens = 361, 354, 369
[TDSE] Running TDSE-SH-elliptical. step 37000, energy = -0.4608092293538079
  |->  par_lens = 353, 355, 351
[TDSE] Running TDSE-SH-elliptical. step 37200, energy = -0.4659537962980525
  |->  par_lens = 347, 349, 343
[TDSE] Running TDSE-SH-elliptical. step 37400, energy = -0.4786295150172039
  |->  par_lens = 341, 335, 337
[TDSE] Running TDSE-SH-elliptical. step 37600, energy = -0.4862448289490726
  |->  par_lens = 336, 331, 331
[TDSE] Running TDSE-SH-elliptical. step 37800, energy = -0.48405192757538384
  |->  par_lens = 322, 325, 318
[TDSE] Running TDSE-SH-elliptical. step 38000, energy = -0.47844861698549457
  |->  par_lens = 307, 307, 304
[TDSE] Running TDSE-SH-elliptical. step 38200, energy = -0.47754075293332315
  |->  par_lens = 295, 301, 295
[TDSE] Running TDSE-SH-elliptical. step 38400, energy = -0.4824980270866998
  |->  par_lens = 293, 299, 293
[TDSE] Running TDSE-SH-elliptical. step 38600, energy = -0.48798256812472346
  |->  par_lens = 278, 292, 286
[TDSE] Running TDSE-SH-elliptical. step 38800, energy = -0.4895809672272689
  |->  par_lens = 275, 282, 270
[TDSE] Running TDSE-SH-elliptical. step 39000, energy = -0.4877918436265093
  |->  par_lens = 258, 268, 260
[TDSE] Running TDSE-SH-elliptical. step 39200, energy = -0.4863303094691478
  |->  par_lens = 248, 244, 246
[TDSE] Running TDSE-SH-elliptical. step 39400, energy = -0.48733302691097075
  |->  par_lens = 224, 235, 235
[TDSE] Running TDSE-SH-elliptical. step 39600, energy = -0.4896785899213084
  |->  par_lens = 219, 219, 223
[TDSE] Running TDSE-SH-elliptical. step 39800, energy = -0.49124836183729825
  |->  par_lens = 204, 200, 211
[TDSE] Running TDSE-SH-elliptical. step 40000, energy = -0.49126902889226587
  |->  par_lens = 197, 192, 198
[TDSE] Running TDSE-SH-elliptical. step 40200, energy = -0.4907566359521396
  |->  par_lens = 193, 188, 186
[TDSE] Running TDSE-SH-elliptical. step 40400, energy = -0.490678241898234
  |->  par_lens = 182, 174, 172
[TDSE] Running TDSE-SH-elliptical. step 40600, energy = -0.49119550997270917
  |->  par_lens = 169, 169, 167
[TDSE] Running TDSE-SH-elliptical. step 40800, energy = -0.491766919585532
  |->  par_lens = 167, 161, 159
[TDSE] Running TDSE-SH-elliptical. step 41000, energy = -0.4920183037081099
  |->  par_lens = 160, 158, 154
[TDSE] Running TDSE-SH-elliptical. step 41200, energy = -0.4920120429602223
  |->  par_lens = 158, 153, 150
[TDSE] Running TDSE-SH-elliptical. step 41400, energy = -0.4919946662763391
  |->  par_lens = 155, 146, 148
[TDSE] Running TDSE-SH-elliptical. step 41600, energy = -0.4920553519082087
  |->  par_lens = 152, 146, 148
[TDSE] Running TDSE-SH-elliptical. step 41800, energy = -0.4921335178830774
  |->  par_lens = 148, 145, 147
[TDSE] Running TDSE-SH-elliptical. step 42000, energy = -0.4922005427588585
  |->  par_lens = 147, 143, 144
[TDSE] Running TDSE-SH-elliptical. step 42200, energy = -0.4922246676723583
  |->  par_lens = 143, 139, 140
[TDSE] Running TDSE-SH-elliptical. step 42400, energy = -0.4922405968747041
  |->  par_lens = 138, 136, 138
[TDSE] Running TDSE-SH-elliptical. step 42600, energy = -0.4922525869078657
  |->  par_lens = 134, 134, 137
[TDSE] Running TDSE-SH-elliptical. step 42800, energy = -0.49226605880152874
  |->  par_lens = 132, 132, 136
[TDSE] Running TDSE-SH-elliptical. step 43000, energy = -0.4922799306284599
  |->  par_lens = 130, 130, 136
[TDSE] Running TDSE-SH-elliptical. step 43200, energy = -0.4922942892734102
  |->  par_lens = 130, 129, 133
[TDSE] Running TDSE-SH-elliptical. step 43400, energy = -0.4923089612939081
  |->  par_lens = 127, 128, 132
[TDSE] Running TDSE-SH-elliptical. step 43600, energy = -0.4923246214968151
  |->  par_lens = 127, 128, 130
[TDSE] Running TDSE-SH-elliptical. step 43800, energy = -0.4923430526776137
  |->  par_lens = 124, 128, 129
[TDSE] Running TDSE-SH-elliptical. step 44000, energy = -0.4923650088330552
  |->  par_lens = 124, 126, 126
[TDSE] Running TDSE-SH-elliptical. step 44200, energy = -0.4923873768852595
  |->  par_lens = 123, 125, 124
[TDSE] Running TDSE-SH-elliptical. step 44400, energy = -0.4924049781214164
  |->  par_lens = 123, 124, 123
[TDSE] Running TDSE-SH-elliptical. step 44600, energy = -0.4924170413020541
  |->  par_lens = 123, 123, 123
[TDSE] Running TDSE-SH-elliptical. step 44800, energy = -0.49243079646566945
  |->  par_lens = 122, 122, 123
[TDSE] Running TDSE-SH-elliptical. step 45000, energy = -0.4924549689913192
  |->  par_lens = 122, 120, 121
