  Activating project at `~/JuliaProp_v0.1`
[ITP]: 10000.500151030976
[ITP]: 3.0490838964780664e-8
[ITP]: 7.575335692067142e-9
Energy of ground state: -0.5001510690415283
[TDSE] Start TDSE-SH for elliptical polarized laser. It may cost a plenty of time.
[TDSE] Running TDSE-SH-elliptical. step 0, energy = -0.5001510690415277
  |->  par_lens = 2, 2, 2
[TDSE] Running TDSE-SH-elliptical. step 200, energy = -0.5001510690413807
  |->  par_lens = 2, 2, 2
[TDSE] Running TDSE-SH-elliptical. step 400, energy = -0.5001510690407038
  |->  par_lens = 2, 2, 2
[TDSE] Running TDSE-SH-elliptical. step 600, energy = -0.5001510690349072
  |->  par_lens = 2, 2, 2
[TDSE] Running TDSE-SH-elliptical. step 800, energy = -0.5001510690059764
  |->  par_lens = 2, 2, 2
[TDSE] Running TDSE-SH-elliptical. step 1000, energy = -0.5001510689080116
  |->  par_lens = 2, 2, 2
[TDSE] Running TDSE-SH-elliptical. step 1200, energy = -0.5001510686464327
  |->  par_lens = 2, 2, 2
[TDSE] Running TDSE-SH-elliptical. step 1400, energy = -0.5001510680538854
  |->  par_lens = 2, 2, 2
[TDSE] Running TDSE-SH-elliptical. step 1600, energy = -0.500151066861827
  |->  par_lens = 2, 2, 2
[TDSE] Running TDSE-SH-elliptical. step 1800, energy = -0.5001510646658008
  |->  par_lens = 2, 2, 2
[TDSE] Running TDSE-SH-elliptical. step 2000, energy = -0.5001510609058938
  |->  par_lens = 2, 2, 2
[TDSE] Running TDSE-SH-elliptical. step 2200, energy = -0.5001510547973947
  |->  par_lens = 2, 2, 2
[TDSE] Running TDSE-SH-elliptical. step 2400, energy = -0.5001510453609248
  |->  par_lens = 2, 2, 2
[TDSE] Running TDSE-SH-elliptical. step 2600, energy = -0.5001510313173131
  |->  par_lens = 2, 2, 2
[TDSE] Running TDSE-SH-elliptical. step 2800, energy = -0.5001510110920012
  |->  par_lens = 2, 2, 2
[TDSE] Running TDSE-SH-elliptical. step 3000, energy = -0.5001509828585181
  |->  par_lens = 2, 2, 2
[TDSE] Running TDSE-SH-elliptical. step 3200, energy = -0.5001509442863925
  |->  par_lens = 2, 2, 2
[TDSE] Running TDSE-SH-elliptical. step 3400, energy = -0.5001508930147991
  |->  par_lens = 2, 2, 2
[TDSE] Running TDSE-SH-elliptical. step 3600, energy = -0.5001508258190257
  |->  par_lens = 2, 2, 2
[TDSE] Running TDSE-SH-elliptical. step 3800, energy = -0.5001507395658499
  |->  par_lens = 2, 2, 2
[TDSE] Running TDSE-SH-elliptical. step 4000, energy = -0.5001506309506896
  |->  par_lens = 2, 2, 2
[TDSE] Running TDSE-SH-elliptical. step 4200, energy = -0.5001504950532266
  |->  par_lens = 2, 2, 2
[TDSE] Running TDSE-SH-elliptical. step 4400, energy = -0.500150328678753
  |->  par_lens = 2, 2, 2
[TDSE] Running TDSE-SH-elliptical. step 4600, energy = -0.5001501265836711
  |->  par_lens = 2, 2, 2
[TDSE] Running TDSE-SH-elliptical. step 4800, energy = -0.5001498842104353
  |->  par_lens = 2, 2, 2
[TDSE] Running TDSE-SH-elliptical. step 5000, energy = -0.5001495966708778
  |->  par_lens = 2, 2, 2
[TDSE] Running TDSE-SH-elliptical. step 5200, energy = -0.5001492574829948
  |->  par_lens = 2, 2, 2
[TDSE] Running TDSE-SH-elliptical. step 5400, energy = -0.5001488653786967
  |->  par_lens = 2, 2, 2
[TDSE] Running TDSE-SH-elliptical. step 5600, energy = -0.5001484099393795
  |->  par_lens = 2, 2, 2
[TDSE] Running TDSE-SH-elliptical. step 5800, energy = -0.5001478884390079
  |->  par_lens = 2, 2, 2
[TDSE] Running TDSE-SH-elliptical. step 6000, energy = -0.5001472991793782
  |->  par_lens = 2, 2, 2
[TDSE] Running TDSE-SH-elliptical. step 6200, energy = -0.5001466308280248
  |->  par_lens = 2, 2, 2
[TDSE] Running TDSE-SH-elliptical. step 6400, energy = -0.5001458853079312
  |->  par_lens = 2, 2, 2
[TDSE] Running TDSE-SH-elliptical. step 6600, energy = -0.5001450521836815
  |->  par_lens = 2, 2, 2
[TDSE] Running TDSE-SH-elliptical. step 6800, energy = -0.5001441354539736
  |->  par_lens = 2, 2, 2
[TDSE] Running TDSE-SH-elliptical. step 7000, energy = -0.5001431287433348
  |->  par_lens = 2, 2, 2
[TDSE] Running TDSE-SH-elliptical. step 7200, energy = -0.5001420200992684
  |->  par_lens = 2, 2, 2
[TDSE] Running TDSE-SH-elliptical. step 7400, energy = -0.5001408295125763
  |->  par_lens = 4, 2, 2
[TDSE] Running TDSE-SH-elliptical. step 7600, energy = -0.5001395337567599
  |->  par_lens = 4, 3, 3
[TDSE] Running TDSE-SH-elliptical. step 7800, energy = -0.5001381433816626
  |->  par_lens = 4, 3, 3
[TDSE] Running TDSE-SH-elliptical. step 8000, energy = -0.5001366621254907
  |->  par_lens = 4, 3, 3
[TDSE] Running TDSE-SH-elliptical. step 8200, energy = -0.5001350752984149
  |->  par_lens = 4, 3, 3
[TDSE] Running TDSE-SH-elliptical. step 8400, energy = -0.5001334107135504
  |->  par_lens = 4, 3, 3
[TDSE] Running TDSE-SH-elliptical. step 8600, energy = -0.5001316409593739
  |->  par_lens = 4, 3, 3
[TDSE] Running TDSE-SH-elliptical. step 8800, energy = -0.5001297969676107
  |->  par_lens = 4, 3, 3
[TDSE] Running TDSE-SH-elliptical. step 9000, energy = -0.5001278686284792
  |->  par_lens = 4, 3, 3
[TDSE] Running TDSE-SH-elliptical. step 9200, energy = -0.5001258465159061
  |->  par_lens = 4, 3, 3
[TDSE] Running TDSE-SH-elliptical. step 9400, energy = -0.5001237910512015
  |->  par_lens = 4, 3, 3
[TDSE] Running TDSE-SH-elliptical. step 9600, energy = -0.5001216371677676
  |->  par_lens = 4, 3, 3
[TDSE] Running TDSE-SH-elliptical. step 9800, energy = -0.500119431638348
  |->  par_lens = 4, 3, 3
[TDSE] Running TDSE-SH-elliptical. step 10000, energy = -0.5001171924306943
  |->  par_lens = 4, 3, 3
[TDSE] Running TDSE-SH-elliptical. step 10200, energy = -0.5001146236321108
  |->  par_lens = 4, 3, 3
[TDSE] Running TDSE-SH-elliptical. step 10400, energy = -0.5001102881154413
  |->  par_lens = 4, 3, 3
[TDSE] Running TDSE-SH-elliptical. step 10600, energy = -0.5001061148944784
  |->  par_lens = 4, 3, 3
[TDSE] Running TDSE-SH-elliptical. step 10800, energy = -0.5001080492965361
  |->  par_lens = 4, 3, 3
[TDSE] Running TDSE-SH-elliptical. step 11000, energy = -0.500121110597952
  |->  par_lens = 4, 3, 3
[TDSE] Running TDSE-SH-elliptical. step 11200, energy = -0.5001399968158421
  |->  par_lens = 4, 3, 3
[TDSE] Running TDSE-SH-elliptical. step 11400, energy = -0.5001467176443564
  |->  par_lens = 4, 3, 3
[TDSE] Running TDSE-SH-elliptical. step 11600, energy = -0.5001196195136877
  |->  par_lens = 4, 3, 3
[TDSE] Running TDSE-SH-elliptical. step 11800, energy = -0.5000404577627299
  |->  par_lens = 4, 4, 4
[TDSE] Running TDSE-SH-elliptical. step 12000, energy = -0.4998795421503126
  |->  par_lens = 5, 5, 5
[TDSE] Running TDSE-SH-elliptical. step 12200, energy = -0.49958722876461686
  |->  par_lens = 5, 5, 5
[TDSE] Running TDSE-SH-elliptical. step 12400, energy = -0.4991439855104184
  |->  par_lens = 7, 7, 6
[TDSE] Running TDSE-SH-elliptical. step 12600, energy = -0.4986518339155225
  |->  par_lens = 8, 7, 7
[TDSE] Running TDSE-SH-elliptical. step 12800, energy = -0.4983365795037994
  |->  par_lens = 10, 9, 9
[TDSE] Running TDSE-SH-elliptical. step 13000, energy = -0.49834432768623055
  |->  par_lens = 10, 10, 10
[TDSE] Running TDSE-SH-elliptical. step 13200, energy = -0.498514473613398
  |->  par_lens = 10, 11, 10
[TDSE] Running TDSE-SH-elliptical. step 13400, energy = -0.4984434111288725
  |->  par_lens = 10, 12, 10
[TDSE] Running TDSE-SH-elliptical. step 13600, energy = -0.4978890232905658
  |->  par_lens = 10, 12, 10
[TDSE] Running TDSE-SH-elliptical. step 13800, energy = -0.49709711130790507
  |->  par_lens = 10, 12, 10
[TDSE] Running TDSE-SH-elliptical. step 14000, energy = -0.4964663405551376
  |->  par_lens = 10, 12, 10
[TDSE] Running TDSE-SH-elliptical. step 14200, energy = -0.4958688646625617
  |->  par_lens = 10, 12, 10
[TDSE] Running TDSE-SH-elliptical. step 14400, energy = -0.49449314463383276
  |->  par_lens = 10, 12, 10
[TDSE] Running TDSE-SH-elliptical. step 14600, energy = -0.4917767148532762
  |->  par_lens = 11, 12, 12
[TDSE] Running TDSE-SH-elliptical. step 14800, energy = -0.48854769035887685
  |->  par_lens = 15, 13, 13
[TDSE] Running TDSE-SH-elliptical. step 15000, energy = -0.4866448088235195
  |->  par_lens = 18, 17, 18
[TDSE] Running TDSE-SH-elliptical. step 15200, energy = -0.4870369277211678
  |->  par_lens = 21, 22, 21
[TDSE] Running TDSE-SH-elliptical. step 15400, energy = -0.4883198495509077
  |->  par_lens = 25, 23, 24
[TDSE] Running TDSE-SH-elliptical. step 15600, energy = -0.4878081125960911
  |->  par_lens = 24, 25, 25
[TDSE] Running TDSE-SH-elliptical. step 15800, energy = -0.48456577525931105
  |->  par_lens = 24, 25, 25
[TDSE] Running TDSE-SH-elliptical. step 16000, energy = -0.4807091199998594
  |->  par_lens = 24, 24, 24
[TDSE] Running TDSE-SH-elliptical. step 16200, energy = -0.47902714246999384
  |->  par_lens = 20, 19, 24
[TDSE] Running TDSE-SH-elliptical. step 16400, energy = -0.47904136145817566
  |->  par_lens = 19, 22, 23
[TDSE] Running TDSE-SH-elliptical. step 16600, energy = -0.4767302082448137
  |->  par_lens = 19, 23, 23
[TDSE] Running TDSE-SH-elliptical. step 16800, energy = -0.4692164497362832
  |->  par_lens = 21, 23, 22
[TDSE] Running TDSE-SH-elliptical. step 17000, energy = -0.4592923756824725
  |->  par_lens = 25, 27, 27
[TDSE] Running TDSE-SH-elliptical. step 17200, energy = -0.4537651775840321
  |->  par_lens = 33, 32, 32
[TDSE] Running TDSE-SH-elliptical. step 17400, energy = -0.4559745152575429
  |->  par_lens = 42, 40, 41
[TDSE] Running TDSE-SH-elliptical. step 17600, energy = -0.4610806900140127
  |->  par_lens = 46, 45, 45
[TDSE] Running TDSE-SH-elliptical. step 17800, energy = -0.4604977345700216
  |->  par_lens = 47, 47, 49
[TDSE] Running TDSE-SH-elliptical. step 18000, energy = -0.4516188907913756
  |->  par_lens = 46, 47, 47
[TDSE] Running TDSE-SH-elliptical. step 18200, energy = -0.4414872680471461
  |->  par_lens = 40, 42, 45
[TDSE] Running TDSE-SH-elliptical. step 18400, energy = -0.4386699429799137
  |->  par_lens = 41, 40, 42
[TDSE] Running TDSE-SH-elliptical. step 18600, energy = -0.4421589766338351
  |->  par_lens = 42, 42, 39
[TDSE] Running TDSE-SH-elliptical. step 18800, energy = -0.44101731452497633
  |->  par_lens = 41, 43, 41
[TDSE] Running TDSE-SH-elliptical. step 19000, energy = -0.427110259313914
  |->  par_lens = 43, 44, 42
[TDSE] Running TDSE-SH-elliptical. step 19200, energy = -0.40666881311441905
  |->  par_lens = 49, 47, 46
[TDSE] Running TDSE-SH-elliptical. step 19400, energy = -0.3955831210060921
  |->  par_lens = 60, 59, 59
[TDSE] Running TDSE-SH-elliptical. step 19600, energy = -0.40179454546987386
  |->  par_lens = 73, 72, 73
[TDSE] Running TDSE-SH-elliptical. step 19800, energy = -0.414731487621415
  |->  par_lens = 84, 82, 83
[TDSE] Running TDSE-SH-elliptical. step 20000, energy = -0.41577099986298766
  |->  par_lens = 88, 86, 85
[TDSE] Running TDSE-SH-elliptical. step 20200, energy = -0.3994842976930526
  |->  par_lens = 81, 84, 83
[TDSE] Running TDSE-SH-elliptical. step 20400, energy = -0.3806806658320082
  |->  par_lens = 71, 74, 73
[TDSE] Running TDSE-SH-elliptical. step 20600, energy = -0.3771750752765879
  |->  par_lens = 72, 71, 73
[TDSE] Running TDSE-SH-elliptical. step 20800, energy = -0.3876399917742605
  |->  par_lens = 79, 80, 77
[TDSE] Running TDSE-SH-elliptical. step 21000, energy = -0.39116157241934535
  |->  par_lens = 80, 80, 80
[TDSE] Running TDSE-SH-elliptical. step 21200, energy = -0.371662247503452
  |->  par_lens = 84, 83, 85
[TDSE] Running TDSE-SH-elliptical. step 21400, energy = -0.3394111421465391
  |->  par_lens = 90, 89, 87
[TDSE] Running TDSE-SH-elliptical. step 21600, energy = -0.32220526946630595
  |->  par_lens = 102, 102, 98
[TDSE] Running TDSE-SH-elliptical. step 21800, energy = -0.33417052547631154
  |->  par_lens = 119, 119, 121
[TDSE] Running TDSE-SH-elliptical. step 22000, energy = -0.35821973473993707
  |->  par_lens = 131, 133, 133
[TDSE] Running TDSE-SH-elliptical. step 22200, energy = -0.36352578299102944
  |->  par_lens = 139, 139, 138
[TDSE] Running TDSE-SH-elliptical. step 22400, energy = -0.34084521560177533
  |->  par_lens = 130, 129, 131
[TDSE] Running TDSE-SH-elliptical. step 22600, energy = -0.3136740903098148
  |->  par_lens = 125, 123, 122
[TDSE] Running TDSE-SH-elliptical. step 22800, energy = -0.31033094240084685
  |->  par_lens = 122, 118, 121
[TDSE] Running TDSE-SH-elliptical. step 23000, energy = -0.32974850738077616
  |->  par_lens = 126, 129, 126
[TDSE] Running TDSE-SH-elliptical. step 23200, energy = -0.34092585129801845
  |->  par_lens = 132, 131, 129
[TDSE] Running TDSE-SH-elliptical. step 23400, energy = -0.3191180780025246
  |->  par_lens = 134, 134, 132
[TDSE] Running TDSE-SH-elliptical. step 23600, energy = -0.27783511417680334
  |->  par_lens = 141, 143, 137
[TDSE] Running TDSE-SH-elliptical. step 23800, energy = -0.2560458060089403
  |->  par_lens = 155, 151, 152
[TDSE] Running TDSE-SH-elliptical. step 24000, energy = -0.27391263131673005
  |->  par_lens = 179, 178, 173
[TDSE] Running TDSE-SH-elliptical. step 24200, energy = -0.3093344359202778
  |->  par_lens = 195, 193, 193
[TDSE] Running TDSE-SH-elliptical. step 24400, energy = -0.3210549313969298
  |->  par_lens = 197, 202, 198
[TDSE] Running TDSE-SH-elliptical. step 24600, energy = -0.2959680922029557
  |->  par_lens = 193, 193, 189
[TDSE] Running TDSE-SH-elliptical. step 24800, energy = -0.2640143987468523
  |->  par_lens = 184, 184, 184
[TDSE] Running TDSE-SH-elliptical. step 25000, energy = -0.2617551786679345
  |->  par_lens = 176, 177, 178
[TDSE] Running TDSE-SH-elliptical. step 25200, energy = -0.2889842276769172
  |->  par_lens = 184, 179, 179
[TDSE] Running TDSE-SH-elliptical. step 25400, energy = -0.3082881644909593
  |->  par_lens = 187, 182, 187
[TDSE] Running TDSE-SH-elliptical. step 25600, energy = -0.2886339660963919
  |->  par_lens = 192, 187, 191
[TDSE] Running TDSE-SH-elliptical. step 25800, energy = -0.2446245232332038
  |->  par_lens = 201, 199, 195
[TDSE] Running TDSE-SH-elliptical. step 26000, energy = -0.22153351417187273
  |->  par_lens = 204, 207, 205
[TDSE] Running TDSE-SH-elliptical. step 26200, energy = -0.2433808499082912
  |->  par_lens = 224, 225, 225
[TDSE] Running TDSE-SH-elliptical. step 26400, energy = -0.2864333753095568
  |->  par_lens = 236, 238, 240
[TDSE] Running TDSE-SH-elliptical. step 26600, energy = -0.30475299541414763
  |->  par_lens = 241, 243, 239
[TDSE] Running TDSE-SH-elliptical. step 26800, energy = -0.2826730019751459
  |->  par_lens = 235, 237, 234
[TDSE] Running TDSE-SH-elliptical. step 27000, energy = -0.25163215752628126
  |->  par_lens = 226, 225, 225
[TDSE] Running TDSE-SH-elliptical. step 27200, energy = -0.250972806837118
  |->  par_lens = 219, 222, 216
[TDSE] Running TDSE-SH-elliptical. step 27400, energy = -0.28180125469620304
  |->  par_lens = 217, 219, 218
[TDSE] Running TDSE-SH-elliptical. step 27600, energy = -0.3064173826810441
  |->  par_lens = 220, 224, 218
[TDSE] Running TDSE-SH-elliptical. step 27800, energy = -0.29249851895307055
  |->  par_lens = 223, 222, 221
[TDSE] Running TDSE-SH-elliptical. step 28000, energy = -0.25319516845281376
  |->  par_lens = 223, 219, 229
[TDSE] Running TDSE-SH-elliptical. step 28200, energy = -0.23258412786907548
  |->  par_lens = 232, 235, 236
[TDSE] Running TDSE-SH-elliptical. step 28400, energy = -0.25494019184248556
  |->  par_lens = 243, 247, 246
[TDSE] Running TDSE-SH-elliptical. step 28600, energy = -0.2989395315591763
  |->  par_lens = 258, 259, 258
[TDSE] Running TDSE-SH-elliptical. step 28800, energy = -0.3214362940722507
  |->  par_lens = 265, 269, 262
[TDSE] Running TDSE-SH-elliptical. step 29000, energy = -0.3066531164803668
  |->  par_lens = 258, 256, 261
[TDSE] Running TDSE-SH-elliptical. step 29200, energy = -0.2819569513811114
  |->  par_lens = 251, 243, 252
[TDSE] Running TDSE-SH-elliptical. step 29400, energy = -0.28280802985243475
  |->  par_lens = 232, 233, 240
[TDSE] Running TDSE-SH-elliptical. step 29600, energy = -0.3115937549877835
  |->  par_lens = 224, 233, 231
[TDSE] Running TDSE-SH-elliptical. step 29800, energy = -0.336405378018232
  |->  par_lens = 228, 228, 231
[TDSE] Running TDSE-SH-elliptical. step 30000, energy = -0.3292268226772107
  |->  par_lens = 230, 227, 229
[TDSE] Running TDSE-SH-elliptical. step 30200, energy = -0.2999892921265744
  |->  par_lens = 239, 232, 230
[TDSE] Running TDSE-SH-elliptical. step 30400, energy = -0.2846396961399051
  |->  par_lens = 240, 243, 239
[TDSE] Running TDSE-SH-elliptical. step 30600, energy = -0.3039211445806195
  |->  par_lens = 255, 252, 255
[TDSE] Running TDSE-SH-elliptical. step 30800, energy = -0.3417614585729755
  |->  par_lens = 263, 262, 262
[TDSE] Running TDSE-SH-elliptical. step 31000, energy = -0.36412810327674
  |->  par_lens = 266, 270, 266
[TDSE] Running TDSE-SH-elliptical. step 31200, energy = -0.357766612536588
  |->  par_lens = 261, 264, 267
[TDSE] Running TDSE-SH-elliptical. step 31400, energy = -0.34224699969838446
  |->  par_lens = 255, 254, 251
[TDSE] Running TDSE-SH-elliptical. step 31600, energy = -0.3441060921829508
  |->  par_lens = 241, 238, 238
[TDSE] Running TDSE-SH-elliptical. step 31800, energy = -0.36616383016452086
  |->  par_lens = 228, 230, 222
[TDSE] Running TDSE-SH-elliptical. step 32000, energy = -0.38603273177088426
  |->  par_lens = 222, 227, 222
[TDSE] Running TDSE-SH-elliptical. step 32200, energy = -0.3839317856816613
  |->  par_lens = 224, 230, 226
[TDSE] Running TDSE-SH-elliptical. step 32400, energy = -0.366150865709923
  |->  par_lens = 232, 234, 229
[TDSE] Running TDSE-SH-elliptical. step 32600, energy = -0.3569465610631916
  |->  par_lens = 239, 242, 240
[TDSE] Running TDSE-SH-elliptical. step 32800, energy = -0.3708600022698274
  |->  par_lens = 250, 251, 247
[TDSE] Running TDSE-SH-elliptical. step 33000, energy = -0.39780197814146406
  |->  par_lens = 260, 260, 256
[TDSE] Running TDSE-SH-elliptical. step 33200, energy = -0.4158227974376048
  |->  par_lens = 264, 262, 265
[TDSE] Running TDSE-SH-elliptical. step 33400, energy = -0.4158081623395995
  |->  par_lens = 257, 262, 261
[TDSE] Running TDSE-SH-elliptical. step 33600, energy = -0.4089383445095508
  |->  par_lens = 248, 252, 251
[TDSE] Running TDSE-SH-elliptical. step 33800, energy = -0.41113086339531624
  |->  par_lens = 245, 244, 245
[TDSE] Running TDSE-SH-elliptical. step 34000, energy = -0.4245300328811259
  |->  par_lens = 233, 232, 238
[TDSE] Running TDSE-SH-elliptical. step 34200, energy = -0.43674901188810944
  |->  par_lens = 225, 229, 233
[TDSE] Running TDSE-SH-elliptical. step 34400, energy = -0.436932244881237
  |->  par_lens = 233, 240, 224
[TDSE] Running TDSE-SH-elliptical. step 34600, energy = -0.4284463519160658
  |->  par_lens = 238, 241, 236
[TDSE] Running TDSE-SH-elliptical. step 34800, energy = -0.4243349060703928
  |->  par_lens = 238, 246, 244
[TDSE] Running TDSE-SH-elliptical. step 35000, energy = -0.4324623524120654
  |->  par_lens = 247, 247, 248
[TDSE] Running TDSE-SH-elliptical. step 35200, energy = -0.44779396113481007
  |->  par_lens = 254, 256, 256
[TDSE] Running TDSE-SH-elliptical. step 35400, energy = -0.45930805958005005
  |->  par_lens = 258, 260, 259
[TDSE] Running TDSE-SH-elliptical. step 35600, energy = -0.46207608147432716
  |->  par_lens = 253, 258, 261
[TDSE] Running TDSE-SH-elliptical. step 35800, energy = -0.46082154366122763
  |->  par_lens = 249, 253, 259
[TDSE] Running TDSE-SH-elliptical. step 36000, energy = -0.46261065816100105
  |->  par_lens = 236, 249, 246
[TDSE] Running TDSE-SH-elliptical. step 36200, energy = -0.46857257911778777
  |->  par_lens = 230, 235, 239
[TDSE] Running TDSE-SH-elliptical. step 36400, energy = -0.47379341710660144
  |->  par_lens = 219, 227, 228
[TDSE] Running TDSE-SH-elliptical. step 36600, energy = -0.47412553232605537
  |->  par_lens = 219, 225, 227
[TDSE] Running TDSE-SH-elliptical. step 36800, energy = -0.47111289850241955
  |->  par_lens = 226, 224, 227
[TDSE] Running TDSE-SH-elliptical. step 37000, energy = -0.46990538247641844
  |->  par_lens = 230, 230, 233
[TDSE] Running TDSE-SH-elliptical. step 37200, energy = -0.47347709828187623
  |->  par_lens = 235, 235, 240
[TDSE] Running TDSE-SH-elliptical. step 37400, energy = -0.47998380752188735
  |->  par_lens = 237, 241, 240
[TDSE] Running TDSE-SH-elliptical. step 37600, energy = -0.48546126890330765
  |->  par_lens = 239, 241, 245
[TDSE] Running TDSE-SH-elliptical. step 37800, energy = -0.4879854704759779
  |->  par_lens = 239, 243, 244
[TDSE] Running TDSE-SH-elliptical. step 38000, energy = -0.48874750678092244
  |->  par_lens = 239, 235, 230
[TDSE] Running TDSE-SH-elliptical. step 38200, energy = -0.48971985180531985
  |->  par_lens = 225, 223, 227
[TDSE] Running TDSE-SH-elliptical. step 38400, energy = -0.4912977054745303
  |->  par_lens = 212, 213, 212
[TDSE] Running TDSE-SH-elliptical. step 38600, energy = -0.4923954139288518
  |->  par_lens = 213, 207, 204
[TDSE] Running TDSE-SH-elliptical. step 38800, energy = -0.4922411053110836
  |->  par_lens = 203, 200, 202
[TDSE] Running TDSE-SH-elliptical. step 39000, energy = -0.4914254104786353
  |->  par_lens = 202, 197, 199
[TDSE] Running TDSE-SH-elliptical. step 39200, energy = -0.4912077504855832
  |->  par_lens = 202, 195, 203
[TDSE] Running TDSE-SH-elliptical. step 39400, energy = -0.49219865280859487
  |->  par_lens = 205, 194, 202
[TDSE] Running TDSE-SH-elliptical. step 39600, energy = -0.4939437898011453
  |->  par_lens = 204, 197, 204
[TDSE] Running TDSE-SH-elliptical. step 39800, energy = -0.4955862581479529
  |->  par_lens = 203, 197, 202
[TDSE] Running TDSE-SH-elliptical. step 40000, energy = -0.49665610564915275
  |->  par_lens = 198, 194, 196
[TDSE] Running TDSE-SH-elliptical. step 40200, energy = -0.49721262078109263
  |->  par_lens = 193, 193, 191
[TDSE] Running TDSE-SH-elliptical. step 40400, energy = -0.49748202651989726
  |->  par_lens = 186, 187, 184
[TDSE] Running TDSE-SH-elliptical. step 40600, energy = -0.4975656713971752
  |->  par_lens = 177, 177, 180
[TDSE] Running TDSE-SH-elliptical. step 40800, energy = -0.4974708864229723
  |->  par_lens = 176, 175, 175
[TDSE] Running TDSE-SH-elliptical. step 41000, energy = -0.49726103304906677
  |->  par_lens = 176, 175, 176
[TDSE] Running TDSE-SH-elliptical. step 41200, energy = -0.49707545451003377
  |->  par_lens = 175, 174, 174
[TDSE] Running TDSE-SH-elliptical. step 41400, energy = -0.49702608850132207
  |->  par_lens = 174, 174, 173
[TDSE] Running TDSE-SH-elliptical. step 41600, energy = -0.4971192379168586
  |->  par_lens = 174, 175, 173
[TDSE] Running TDSE-SH-elliptical. step 41800, energy = -0.4972818258133559
  |->  par_lens = 176, 176, 173
[TDSE] Running TDSE-SH-elliptical. step 42000, energy = -0.4974348188137776
  |->  par_lens = 176, 177, 175
[TDSE] Running TDSE-SH-elliptical. step 42200, energy = -0.49753514307155555
  |->  par_lens = 176, 177, 174
[TDSE] Running TDSE-SH-elliptical. step 42400, energy = -0.49758081847140606
  |->  par_lens = 176, 177, 174
[TDSE] Running TDSE-SH-elliptical. step 42600, energy = -0.49759138615810794
  |->  par_lens = 177, 176, 173
[TDSE] Running TDSE-SH-elliptical. step 42800, energy = -0.4975906474207871
  |->  par_lens = 177, 176, 173
[TDSE] Running TDSE-SH-elliptical. step 43000, energy = -0.4975932085302336
  |->  par_lens = 177, 175, 173
[TDSE] Running TDSE-SH-elliptical. step 43200, energy = -0.49759928407669496
  |->  par_lens = 178, 176, 172
[TDSE] Running TDSE-SH-elliptical. step 43400, energy = -0.4976061040606322
  |->  par_lens = 177, 175, 172
[TDSE] Running TDSE-SH-elliptical. step 43600, energy = -0.49761356685521
  |->  par_lens = 178, 174, 173
[TDSE] Running TDSE-SH-elliptical. step 43800, energy = -0.49762135593219314
  |->  par_lens = 176, 174, 174
[TDSE] Running TDSE-SH-elliptical. step 44000, energy = -0.49762980237992727
  |->  par_lens = 176, 174, 174
[TDSE] Running TDSE-SH-elliptical. step 44200, energy = -0.4976385748334551
  |->  par_lens = 176, 174, 173
[TDSE] Running TDSE-SH-elliptical. step 44400, energy = -0.4976479006358641
  |->  par_lens = 175, 173, 173
[TDSE] Running TDSE-SH-elliptical. step 44600, energy = -0.49765831810050853
  |->  par_lens = 176, 173, 173
[TDSE] Running TDSE-SH-elliptical. step 44800, energy = -0.4976700302027954
  |->  par_lens = 176, 174, 173
[TDSE] Running TDSE-SH-elliptical. step 45000, energy = -0.49768258994803743
  |->  par_lens = 178, 174, 173
