  Activating project at `~/JuliaProp_v0.1`
[ITP]: 10000.500151030976
[ITP]: 3.0490838964780664e-8
[ITP]: 7.575335692067142e-9
Energy of ground state: -0.5001510690415283
[TDSE] Start TDSE-SH for elliptical polarized laser. It may cost a plenty of time.
[TDSE] Running TDSE-SH-elliptical. step 0, energy = -0.5001510690415277
  |->  par_lens = 2, 2, 2
[TDSE] Running TDSE-SH-elliptical. step 200, energy = -0.5001510690413842
  |->  par_lens = 2, 2, 2
[TDSE] Running TDSE-SH-elliptical. step 400, energy = -0.500151069041239
  |->  par_lens = 2, 2, 2
[TDSE] Running TDSE-SH-elliptical. step 600, energy = -0.5001510690410758
  |->  par_lens = 2, 2, 2
[TDSE] Running TDSE-SH-elliptical. step 800, energy = -0.500151069040817
  |->  par_lens = 2, 2, 2
[TDSE] Running TDSE-SH-elliptical. step 1000, energy = -0.5001510690402465
  |->  par_lens = 2, 2, 2
[TDSE] Running TDSE-SH-elliptical. step 1200, energy = -0.5001510690387525
  |->  par_lens = 2, 2, 2
[TDSE] Running TDSE-SH-elliptical. step 1400, energy = -0.5001510690350347
  |->  par_lens = 2, 2, 2
[TDSE] Running TDSE-SH-elliptical. step 1600, energy = -0.5001510690266225
  |->  par_lens = 2, 2, 2
[TDSE] Running TDSE-SH-elliptical. step 1800, energy = -0.5001510690090705
  |->  par_lens = 2, 2, 2
[TDSE] Running TDSE-SH-elliptical. step 2000, energy = -0.5001510689749792
  |->  par_lens = 2, 2, 2
[TDSE] Running TDSE-SH-elliptical. step 2200, energy = -0.5001510689122866
  |->  par_lens = 2, 2, 2
[TDSE] Running TDSE-SH-elliptical. step 2400, energy = -0.5001510688028926
  |->  par_lens = 2, 2, 2
[TDSE] Running TDSE-SH-elliptical. step 2600, energy = -0.5001510686195372
  |->  par_lens = 2, 2, 2
[TDSE] Running TDSE-SH-elliptical. step 2800, energy = -0.5001510683231432
  |->  par_lens = 2, 2, 2
[TDSE] Running TDSE-SH-elliptical. step 3000, energy = -0.5001510678597212
  |->  par_lens = 2, 2, 2
[TDSE] Running TDSE-SH-elliptical. step 3200, energy = -0.5001510671531338
  |->  par_lens = 2, 2, 2
[TDSE] Running TDSE-SH-elliptical. step 3400, energy = -0.5001510661065803
  |->  par_lens = 2, 2, 2
[TDSE] Running TDSE-SH-elliptical. step 3600, energy = -0.5001510645837663
  |->  par_lens = 2, 2, 2
[TDSE] Running TDSE-SH-elliptical. step 3800, energy = -0.5001510624175921
  |->  par_lens = 2, 2, 2
[TDSE] Running TDSE-SH-elliptical. step 4000, energy = -0.5001510593986573
  |->  par_lens = 2, 2, 2
[TDSE] Running TDSE-SH-elliptical. step 4200, energy = -0.5001510552363606
  |->  par_lens = 2, 2, 2
[TDSE] Running TDSE-SH-elliptical. step 4400, energy = -0.500151049620683
  |->  par_lens = 2, 2, 2
[TDSE] Running TDSE-SH-elliptical. step 4600, energy = -0.5001510421250631
  |->  par_lens = 2, 2, 2
[TDSE] Running TDSE-SH-elliptical. step 4800, energy = -0.5001510322641536
  |->  par_lens = 2, 2, 2
[TDSE] Running TDSE-SH-elliptical. step 5000, energy = -0.5001510194520014
  |->  par_lens = 2, 2, 2
[TDSE] Running TDSE-SH-elliptical. step 5200, energy = -0.5001510029464267
  |->  par_lens = 2, 2, 2
[TDSE] Running TDSE-SH-elliptical. step 5400, energy = -0.5001509820762523
  |->  par_lens = 2, 2, 2
[TDSE] Running TDSE-SH-elliptical. step 5600, energy = -0.5001509557059015
  |->  par_lens = 2, 2, 2
[TDSE] Running TDSE-SH-elliptical. step 5800, energy = -0.5001509228524269
  |->  par_lens = 2, 2, 2
[TDSE] Running TDSE-SH-elliptical. step 6000, energy = -0.5001508824387586
  |->  par_lens = 2, 2, 2
[TDSE] Running TDSE-SH-elliptical. step 6200, energy = -0.5001508327803663
  |->  par_lens = 2, 2, 2
[TDSE] Running TDSE-SH-elliptical. step 6400, energy = -0.5001507726770363
  |->  par_lens = 2, 2, 2
[TDSE] Running TDSE-SH-elliptical. step 6600, energy = -0.5001507000705379
  |->  par_lens = 2, 2, 2
[TDSE] Running TDSE-SH-elliptical. step 6800, energy = -0.5001506135529544
  |->  par_lens = 2, 2, 2
[TDSE] Running TDSE-SH-elliptical. step 7000, energy = -0.5001505109208249
  |->  par_lens = 2, 2, 2
[TDSE] Running TDSE-SH-elliptical. step 7200, energy = -0.5001503893431632
  |->  par_lens = 2, 2, 2
[TDSE] Running TDSE-SH-elliptical. step 7400, energy = -0.5001502480828729
  |->  par_lens = 2, 2, 2
[TDSE] Running TDSE-SH-elliptical. step 7600, energy = -0.5001500829701523
  |->  par_lens = 2, 2, 2
[TDSE] Running TDSE-SH-elliptical. step 7800, energy = -0.5001498923408255
  |->  par_lens = 2, 2, 2
[TDSE] Running TDSE-SH-elliptical. step 8000, energy = -0.5001496738432568
  |->  par_lens = 2, 2, 2
[TDSE] Running TDSE-SH-elliptical. step 8200, energy = -0.5001494231839174
  |->  par_lens = 2, 2, 2
[TDSE] Running TDSE-SH-elliptical. step 8400, energy = -0.5001491401415135
  |->  par_lens = 2, 2, 2
[TDSE] Running TDSE-SH-elliptical. step 8600, energy = -0.5001488187147527
  |->  par_lens = 2, 2, 2
[TDSE] Running TDSE-SH-elliptical. step 8800, energy = -0.5001484591889594
  |->  par_lens = 2, 2, 2
[TDSE] Running TDSE-SH-elliptical. step 9000, energy = -0.5001480570659202
  |->  par_lens = 2, 2, 2
[TDSE] Running TDSE-SH-elliptical. step 9200, energy = -0.5001476077035791
  |->  par_lens = 2, 2, 2
[TDSE] Running TDSE-SH-elliptical. step 9400, energy = -0.5001471160177702
  |->  par_lens = 2, 2, 2
[TDSE] Running TDSE-SH-elliptical. step 9600, energy = -0.5001465696356344
  |->  par_lens = 2, 2, 2
[TDSE] Running TDSE-SH-elliptical. step 9800, energy = -0.5001459721056717
  |->  par_lens = 2, 2, 2
[TDSE] Running TDSE-SH-elliptical. step 10000, energy = -0.5001453231750109
  |->  par_lens = 2, 2, 2
[TDSE] Running TDSE-SH-elliptical. step 10200, energy = -0.5001445067256316
  |->  par_lens = 2, 2, 2
[TDSE] Running TDSE-SH-elliptical. step 10400, energy = -0.5001428606884233
  |->  par_lens = 2, 2, 2
[TDSE] Running TDSE-SH-elliptical. step 10600, energy = -0.5001409763947721
  |->  par_lens = 3, 2, 2
[TDSE] Running TDSE-SH-elliptical. step 10800, energy = -0.5001407507814394
  |->  par_lens = 3, 2, 2
[TDSE] Running TDSE-SH-elliptical. step 11000, energy = -0.5001425201444215
  |->  par_lens = 3, 3, 2
[TDSE] Running TDSE-SH-elliptical. step 11200, energy = -0.5001397510421086
  |->  par_lens = 3, 3, 2
[TDSE] Running TDSE-SH-elliptical. step 11400, energy = -0.5001201798255969
  |->  par_lens = 4, 3, 3
[TDSE] Running TDSE-SH-elliptical. step 11600, energy = -0.5000754435947182
  |->  par_lens = 4, 3, 3
[TDSE] Running TDSE-SH-elliptical. step 11800, energy = -0.5000043709612156
  |->  par_lens = 4, 4, 3
[TDSE] Running TDSE-SH-elliptical. step 12000, energy = -0.4998896310124586
  |->  par_lens = 4, 4, 4
[TDSE] Running TDSE-SH-elliptical. step 12200, energy = -0.49968090838972723
  |->  par_lens = 5, 5, 5
[TDSE] Running TDSE-SH-elliptical. step 12400, energy = -0.49933927572264264
  |->  par_lens = 5, 5, 6
[TDSE] Running TDSE-SH-elliptical. step 12600, energy = -0.4989314282193631
  |->  par_lens = 6, 6, 6
[TDSE] Running TDSE-SH-elliptical. step 12800, energy = -0.49864172829620423
  |->  par_lens = 7, 7, 7
[TDSE] Running TDSE-SH-elliptical. step 13000, energy = -0.498586615395298
  |->  par_lens = 7, 7, 7
[TDSE] Running TDSE-SH-elliptical. step 13200, energy = -0.4986030575448846
  |->  par_lens = 7, 7, 7
[TDSE] Running TDSE-SH-elliptical. step 13400, energy = -0.4983210367008022
  |->  par_lens = 8, 7, 7
[TDSE] Running TDSE-SH-elliptical. step 13600, energy = -0.4975639018758062
  |->  par_lens = 8, 7, 7
[TDSE] Running TDSE-SH-elliptical. step 13800, energy = -0.4966560808870719
  |->  par_lens = 8, 8, 8
[TDSE] Running TDSE-SH-elliptical. step 14000, energy = -0.49605856105515755
  |->  par_lens = 8, 9, 8
[TDSE] Running TDSE-SH-elliptical. step 14200, energy = -0.4956636330243145
  |->  par_lens = 8, 9, 8
[TDSE] Running TDSE-SH-elliptical. step 14400, energy = -0.494620111950464
  |->  par_lens = 9, 9, 8
[TDSE] Running TDSE-SH-elliptical. step 14600, energy = -0.4922709389867967
  |->  par_lens = 11, 10, 11
[TDSE] Running TDSE-SH-elliptical. step 14800, energy = -0.489319925934974
  |->  par_lens = 12, 11, 11
[TDSE] Running TDSE-SH-elliptical. step 15000, energy = -0.48749466355764043
  |->  par_lens = 14, 14, 13
[TDSE] Running TDSE-SH-elliptical. step 15200, energy = -0.4877071336476944
  |->  par_lens = 16, 16, 14
[TDSE] Running TDSE-SH-elliptical. step 15400, energy = -0.48857981001397605
  |->  par_lens = 16, 17, 17
[TDSE] Running TDSE-SH-elliptical. step 15600, energy = -0.4875388172442286
  |->  par_lens = 16, 18, 17
[TDSE] Running TDSE-SH-elliptical. step 15800, energy = -0.4838156377582344
  |->  par_lens = 16, 18, 18
[TDSE] Running TDSE-SH-elliptical. step 16000, energy = -0.4796954172758543
  |->  par_lens = 18, 18, 19
[TDSE] Running TDSE-SH-elliptical. step 16200, energy = -0.47807972084383216
  |->  par_lens = 19, 17, 19
[TDSE] Running TDSE-SH-elliptical. step 16400, energy = -0.47849964580118515
  |->  par_lens = 19, 19, 19
[TDSE] Running TDSE-SH-elliptical. step 16600, energy = -0.47682781211449415
  |->  par_lens = 19, 20, 21
[TDSE] Running TDSE-SH-elliptical. step 16800, energy = -0.4699922920963715
  |->  par_lens = 21, 21, 22
[TDSE] Running TDSE-SH-elliptical. step 17000, energy = -0.4605622792839427
  |->  par_lens = 23, 24, 25
[TDSE] Running TDSE-SH-elliptical. step 17200, energy = -0.45516774866235027
  |->  par_lens = 29, 28, 27
[TDSE] Running TDSE-SH-elliptical. step 17400, energy = -0.4570820721301211
  |->  par_lens = 34, 32, 33
[TDSE] Running TDSE-SH-elliptical. step 17600, energy = -0.46153854652835297
  |->  par_lens = 38, 37, 35
[TDSE] Running TDSE-SH-elliptical. step 17800, energy = -0.4601463978860391
  |->  par_lens = 38, 37, 39
[TDSE] Running TDSE-SH-elliptical. step 18000, energy = -0.45055742022724476
  |->  par_lens = 37, 36, 39
[TDSE] Running TDSE-SH-elliptical. step 18200, energy = -0.440050472757823
  |->  par_lens = 36, 36, 38
[TDSE] Running TDSE-SH-elliptical. step 18400, energy = -0.4373249324473145
  |->  par_lens = 39, 37, 39
[TDSE] Running TDSE-SH-elliptical. step 18600, energy = -0.441354810652984
  |->  par_lens = 40, 41, 39
[TDSE] Running TDSE-SH-elliptical. step 18800, energy = -0.44103665122170504
  |->  par_lens = 41, 44, 41
[TDSE] Running TDSE-SH-elliptical. step 19000, energy = -0.4279729916759175
  |->  par_lens = 43, 44, 42
[TDSE] Running TDSE-SH-elliptical. step 19200, energy = -0.40812161867574376
  |->  par_lens = 47, 46, 46
[TDSE] Running TDSE-SH-elliptical. step 19400, energy = -0.3971825886283558
  |->  par_lens = 53, 55, 55
[TDSE] Running TDSE-SH-elliptical. step 19600, energy = -0.4030526231772629
  |->  par_lens = 66, 64, 65
[TDSE] Running TDSE-SH-elliptical. step 19800, energy = -0.4152748559640751
  |->  par_lens = 74, 72, 72
[TDSE] Running TDSE-SH-elliptical. step 20000, energy = -0.4154614056910629
  |->  par_lens = 76, 73, 75
[TDSE] Running TDSE-SH-elliptical. step 20200, energy = -0.39845978394440845
  |->  par_lens = 73, 70, 73
[TDSE] Running TDSE-SH-elliptical. step 20400, energy = -0.37930279012087864
  |->  par_lens = 70, 69, 68
[TDSE] Running TDSE-SH-elliptical. step 20600, energy = -0.3759010818569439
  |->  par_lens = 71, 72, 72
[TDSE] Running TDSE-SH-elliptical. step 20800, energy = -0.3868703218966673
  |->  par_lens = 79, 79, 77
[TDSE] Running TDSE-SH-elliptical. step 21000, energy = -0.3911121731094688
  |->  par_lens = 80, 82, 82
[TDSE] Running TDSE-SH-elliptical. step 21200, energy = -0.3723039922969393
  |->  par_lens = 85, 86, 86
[TDSE] Running TDSE-SH-elliptical. step 21400, energy = -0.3404952387815776
  |->  par_lens = 88, 88, 87
[TDSE] Running TDSE-SH-elliptical. step 21600, energy = -0.3233644802850044
  |->  par_lens = 98, 99, 96
[TDSE] Running TDSE-SH-elliptical. step 21800, energy = -0.335051819428791
  |->  par_lens = 110, 113, 112
[TDSE] Running TDSE-SH-elliptical. step 22000, energy = -0.35860068448965027
  |->  par_lens = 126, 125, 128
[TDSE] Running TDSE-SH-elliptical. step 22200, energy = -0.36337544549255085
  |->  par_lens = 128, 129, 132
[TDSE] Running TDSE-SH-elliptical. step 22400, energy = -0.34031153749621385
  |->  par_lens = 124, 123, 126
[TDSE] Running TDSE-SH-elliptical. step 22600, energy = -0.313006426832276
  |->  par_lens = 129, 122, 119
[TDSE] Running TDSE-SH-elliptical. step 22800, energy = -0.30977270382681577
  |->  par_lens = 125, 121, 122
[TDSE] Running TDSE-SH-elliptical. step 23000, energy = -0.3294474420821279
  |->  par_lens = 129, 128, 129
[TDSE] Running TDSE-SH-elliptical. step 23200, energy = -0.34089165389726156
  |->  par_lens = 131, 133, 132
[TDSE] Running TDSE-SH-elliptical. step 23400, energy = -0.3192443205349643
  |->  par_lens = 134, 140, 140
[TDSE] Running TDSE-SH-elliptical. step 23600, energy = -0.2779699543949699
  |->  par_lens = 144, 139, 142
[TDSE] Running TDSE-SH-elliptical. step 23800, energy = -0.25607942761694463
  |->  par_lens = 154, 147, 148
[TDSE] Running TDSE-SH-elliptical. step 24000, energy = -0.2738354694899217
  |->  par_lens = 169, 172, 168
[TDSE] Running TDSE-SH-elliptical. step 24200, energy = -0.3092454286926402
  |->  par_lens = 183, 186, 185
[TDSE] Running TDSE-SH-elliptical. step 24400, energy = -0.32111030555107106
  |->  par_lens = 188, 191, 191
[TDSE] Running TDSE-SH-elliptical. step 24600, energy = -0.29629169311687503
  |->  par_lens = 188, 186, 186
[TDSE] Running TDSE-SH-elliptical. step 24800, energy = -0.2646109045841391
  |->  par_lens = 177, 176, 180
[TDSE] Running TDSE-SH-elliptical. step 25000, energy = -0.26247368790479153
  |->  par_lens = 176, 181, 175
[TDSE] Running TDSE-SH-elliptical. step 25200, energy = -0.2895515005918216
  |->  par_lens = 178, 182, 178
[TDSE] Running TDSE-SH-elliptical. step 25400, energy = -0.3084008729378426
  |->  par_lens = 184, 186, 183
[TDSE] Running TDSE-SH-elliptical. step 25600, energy = -0.28809238220757016
  |->  par_lens = 192, 191, 188
[TDSE] Running TDSE-SH-elliptical. step 25800, energy = -0.24344713900433587
  |->  par_lens = 199, 199, 197
[TDSE] Running TDSE-SH-elliptical. step 26000, energy = -0.2199972663010856
  |->  par_lens = 205, 209, 208
[TDSE] Running TDSE-SH-elliptical. step 26200, energy = -0.2419529183220992
  |->  par_lens = 218, 218, 220
[TDSE] Running TDSE-SH-elliptical. step 26400, energy = -0.28563249558240505
  |->  par_lens = 238, 234, 238
[TDSE] Running TDSE-SH-elliptical. step 26600, energy = -0.3049604961847438
  |->  par_lens = 239, 237, 237
[TDSE] Running TDSE-SH-elliptical. step 26800, energy = -0.2839631082554008
  |->  par_lens = 239, 230, 235
[TDSE] Running TDSE-SH-elliptical. step 27000, energy = -0.25369556837211554
  |->  par_lens = 227, 226, 228
[TDSE] Running TDSE-SH-elliptical. step 27200, energy = -0.2531868982162763
  |->  par_lens = 220, 223, 218
[TDSE] Running TDSE-SH-elliptical. step 27400, energy = -0.283415008397902
  |->  par_lens = 216, 223, 215
[TDSE] Running TDSE-SH-elliptical. step 27600, energy = -0.3067910925318102
  |->  par_lens = 217, 219, 218
[TDSE] Running TDSE-SH-elliptical. step 27800, energy = -0.2913479184133729
  |->  par_lens = 221, 223, 217
[TDSE] Running TDSE-SH-elliptical. step 28000, energy = -0.25073210786935324
  |->  par_lens = 225, 225, 220
[TDSE] Running TDSE-SH-elliptical. step 28200, energy = -0.2294877448634328
  |->  par_lens = 235, 230, 231
[TDSE] Running TDSE-SH-elliptical. step 28400, energy = -0.25215011780203883
  |->  par_lens = 244, 241, 241
[TDSE] Running TDSE-SH-elliptical. step 28600, energy = -0.2973713484244244
  |->  par_lens = 253, 259, 253
[TDSE] Running TDSE-SH-elliptical. step 28800, energy = -0.3216673845964095
  |->  par_lens = 259, 259, 256
[TDSE] Running TDSE-SH-elliptical. step 29000, energy = -0.30869762068764506
  |->  par_lens = 257, 255, 254
[TDSE] Running TDSE-SH-elliptical. step 29200, energy = -0.28521990181651347
  |->  par_lens = 247, 248, 247
[TDSE] Running TDSE-SH-elliptical. step 29400, energy = -0.2862633834834498
  |->  par_lens = 229, 234, 238
[TDSE] Running TDSE-SH-elliptical. step 29600, energy = -0.3141001564229653
  |->  par_lens = 232, 232, 231
[TDSE] Running TDSE-SH-elliptical. step 29800, energy = -0.33706774181904287
  |->  par_lens = 225, 226, 231
[TDSE] Running TDSE-SH-elliptical. step 30000, energy = -0.3277123973499866
  |->  par_lens = 230, 229, 227
[TDSE] Running TDSE-SH-elliptical. step 30200, energy = -0.29666644398782976
  |->  par_lens = 233, 230, 234
[TDSE] Running TDSE-SH-elliptical. step 30400, energy = -0.2804778903406209
  |->  par_lens = 237, 243, 246
[TDSE] Running TDSE-SH-elliptical. step 30600, energy = -0.3001809014233674
  |->  par_lens = 255, 259, 251
[TDSE] Running TDSE-SH-elliptical. step 30800, energy = -0.33960632332257096
  |->  par_lens = 261, 262, 264
[TDSE] Running TDSE-SH-elliptical. step 31000, energy = -0.36423825264551857
  |->  par_lens = 266, 264, 269
[TDSE] Running TDSE-SH-elliptical. step 31200, energy = -0.36010283647737584
  |->  par_lens = 262, 261, 264
[TDSE] Running TDSE-SH-elliptical. step 31400, energy = -0.3460474781128198
  |->  par_lens = 253, 254, 253
[TDSE] Running TDSE-SH-elliptical. step 31600, energy = -0.34813528795534904
  |->  par_lens = 247, 249, 241
[TDSE] Running TDSE-SH-elliptical. step 31800, energy = -0.3691010143755754
  |->  par_lens = 236, 236, 235
[TDSE] Running TDSE-SH-elliptical. step 32000, energy = -0.3868927481962742
  |->  par_lens = 234, 235, 233
[TDSE] Running TDSE-SH-elliptical. step 32200, energy = -0.3823877999163338
  |->  par_lens = 233, 234, 231
[TDSE] Running TDSE-SH-elliptical. step 32400, energy = -0.3626441759009707
  |->  par_lens = 234, 245, 236
[TDSE] Running TDSE-SH-elliptical. step 32600, energy = -0.35253672862730506
  |->  par_lens = 249, 251, 248
[TDSE] Running TDSE-SH-elliptical. step 32800, energy = -0.366878148279825
  |->  par_lens = 255, 261, 266
[TDSE] Running TDSE-SH-elliptical. step 33000, energy = -0.39543078566761797
  |->  par_lens = 264, 269, 269
[TDSE] Running TDSE-SH-elliptical. step 33200, energy = -0.4157175683769112
  |->  par_lens = 266, 270, 267
[TDSE] Running TDSE-SH-elliptical. step 33400, energy = -0.41789469169480825
  |->  par_lens = 263, 270, 265
[TDSE] Running TDSE-SH-elliptical. step 33600, energy = -0.4124516779832018
  |->  par_lens = 259, 256, 265
[TDSE] Running TDSE-SH-elliptical. step 33800, energy = -0.41487908055467837
  |->  par_lens = 250, 254, 256
[TDSE] Running TDSE-SH-elliptical. step 34000, energy = -0.4272790137305684
  |->  par_lens = 243, 243, 242
[TDSE] Running TDSE-SH-elliptical. step 34200, energy = -0.4376152469626195
  |->  par_lens = 232, 229, 234
[TDSE] Running TDSE-SH-elliptical. step 34400, energy = -0.43565052152647243
  |->  par_lens = 237, 231, 236
[TDSE] Running TDSE-SH-elliptical. step 34600, energy = -0.4254326177366801
  |->  par_lens = 243, 239, 242
[TDSE] Running TDSE-SH-elliptical. step 34800, energy = -0.4205249281345954
  |->  par_lens = 248, 254, 254
[TDSE] Running TDSE-SH-elliptical. step 35000, energy = -0.42899351442465944
  |->  par_lens = 256, 261, 263
[TDSE] Running TDSE-SH-elliptical. step 35200, energy = -0.4456405957354898
  |->  par_lens = 263, 268, 264
[TDSE] Running TDSE-SH-elliptical. step 35400, energy = -0.45898278800971287
  |->  par_lens = 269, 268, 269
[TDSE] Running TDSE-SH-elliptical. step 35600, energy = -0.46349389399365026
  |->  par_lens = 270, 265, 270
[TDSE] Running TDSE-SH-elliptical. step 35800, energy = -0.4633624807032695
  |->  par_lens = 267, 261, 263
[TDSE] Running TDSE-SH-elliptical. step 36000, energy = -0.46534830584748194
  |->  par_lens = 260, 258, 259
[TDSE] Running TDSE-SH-elliptical. step 36200, energy = -0.470583196609435
  |->  par_lens = 248, 246, 252
[TDSE] Running TDSE-SH-elliptical. step 36400, energy = -0.4744438845390417
  |->  par_lens = 244, 241, 249
[TDSE] Running TDSE-SH-elliptical. step 36600, energy = -0.47324920331453607
  |->  par_lens = 244, 242, 248
[TDSE] Running TDSE-SH-elliptical. step 36800, energy = -0.4690241873092863
  |->  par_lens = 247, 245, 244
[TDSE] Running TDSE-SH-elliptical. step 37000, energy = -0.4672608422029583
  |->  par_lens = 253, 248, 253
[TDSE] Running TDSE-SH-elliptical. step 37200, energy = -0.4710410762309449
  |->  par_lens = 258, 252, 259
[TDSE] Running TDSE-SH-elliptical. step 37400, energy = -0.47838087492237474
  |->  par_lens = 258, 258, 264
[TDSE] Running TDSE-SH-elliptical. step 37600, energy = -0.4849967387065252
  |->  par_lens = 254, 258, 260
[TDSE] Running TDSE-SH-elliptical. step 37800, energy = -0.4885837394374728
  |->  par_lens = 260, 256, 262
[TDSE] Running TDSE-SH-elliptical. step 38000, energy = -0.4900178490483341
  |->  par_lens = 256, 254, 257
[TDSE] Running TDSE-SH-elliptical. step 38200, energy = -0.4911139460649354
  |->  par_lens = 249, 242, 256
[TDSE] Running TDSE-SH-elliptical. step 38400, energy = -0.4922985439244971
  |->  par_lens = 248, 238, 250
[TDSE] Running TDSE-SH-elliptical. step 38600, energy = -0.4926733421048831
  |->  par_lens = 240, 234, 237
[TDSE] Running TDSE-SH-elliptical. step 38800, energy = -0.4917300586550425
  |->  par_lens = 239, 225, 233
[TDSE] Running TDSE-SH-elliptical. step 39000, energy = -0.4903061957993783
  |->  par_lens = 227, 232, 231
[TDSE] Running TDSE-SH-elliptical. step 39200, energy = -0.4898145173211593
  |->  par_lens = 227, 230, 236
[TDSE] Running TDSE-SH-elliptical. step 39400, energy = -0.49089108851202423
  |->  par_lens = 229, 232, 235
[TDSE] Running TDSE-SH-elliptical. step 39600, energy = -0.4929914422881101
  |->  par_lens = 233, 232, 229
[TDSE] Running TDSE-SH-elliptical. step 39800, energy = -0.49510091366448317
  |->  par_lens = 232, 229, 231
[TDSE] Running TDSE-SH-elliptical. step 40000, energy = -0.4965863848055935
  |->  par_lens = 231, 229, 227
[TDSE] Running TDSE-SH-elliptical. step 40200, energy = -0.49739258540805315
  |->  par_lens = 227, 228, 227
[TDSE] Running TDSE-SH-elliptical. step 40400, energy = -0.49770757561130774
  |->  par_lens = 227, 224, 226
[TDSE] Running TDSE-SH-elliptical. step 40600, energy = -0.49766741099661516
  |->  par_lens = 221, 221, 225
[TDSE] Running TDSE-SH-elliptical. step 40800, energy = -0.49735949090198966
  |->  par_lens = 218, 221, 222
[TDSE] Running TDSE-SH-elliptical. step 41000, energy = -0.49693575257614364
  |->  par_lens = 219, 220, 224
[TDSE] Running TDSE-SH-elliptical. step 41200, energy = -0.49659955027897484
  |->  par_lens = 219, 220, 222
[TDSE] Running TDSE-SH-elliptical. step 41400, energy = -0.49648753817666347
  |->  par_lens = 220, 223, 225
[TDSE] Running TDSE-SH-elliptical. step 41600, energy = -0.49659319217873954
  |->  par_lens = 221, 225, 223
[TDSE] Running TDSE-SH-elliptical. step 41800, energy = -0.49680956256719155
  |->  par_lens = 222, 226, 226
[TDSE] Running TDSE-SH-elliptical. step 42000, energy = -0.4970216182018826
  |->  par_lens = 222, 227, 227
[TDSE] Running TDSE-SH-elliptical. step 42200, energy = -0.4971624434527199
  |->  par_lens = 222, 227, 227
[TDSE] Running TDSE-SH-elliptical. step 42400, energy = -0.4972246472602823
  |->  par_lens = 222, 227, 228
[TDSE] Running TDSE-SH-elliptical. step 42600, energy = -0.4972353230577252
  |->  par_lens = 222, 228, 229
[TDSE] Running TDSE-SH-elliptical. step 42800, energy = -0.497229459737903
  |->  par_lens = 223, 228, 229
[TDSE] Running TDSE-SH-elliptical. step 43000, energy = -0.49722818637482125
  |->  par_lens = 224, 230, 230
[TDSE] Running TDSE-SH-elliptical. step 43200, energy = -0.49723163917178015
  |->  par_lens = 225, 230, 231
[TDSE] Running TDSE-SH-elliptical. step 43400, energy = -0.4972360939553875
  |->  par_lens = 225, 230, 232
[TDSE] Running TDSE-SH-elliptical. step 43600, energy = -0.4972413681307857
  |->  par_lens = 226, 230, 233
[TDSE] Running TDSE-SH-elliptical. step 43800, energy = -0.4972465975833722
  |->  par_lens = 229, 233, 233
[TDSE] Running TDSE-SH-elliptical. step 44000, energy = -0.4972521778308935
  |->  par_lens = 229, 233, 233
[TDSE] Running TDSE-SH-elliptical. step 44200, energy = -0.4972582359164905
  |->  par_lens = 229, 234, 235
[TDSE] Running TDSE-SH-elliptical. step 44400, energy = -0.49726551975333927
  |->  par_lens = 230, 235, 236
[TDSE] Running TDSE-SH-elliptical. step 44600, energy = -0.4972744250584404
  |->  par_lens = 230, 235, 236
[TDSE] Running TDSE-SH-elliptical. step 44800, energy = -0.4972842584886555
  |->  par_lens = 233, 235, 237
[TDSE] Running TDSE-SH-elliptical. step 45000, energy = -0.49729377258087937
  |->  par_lens = 232, 236, 237
