  Activating project at `~/JuliaProp_v0.1`
[ITP]: 10000.500151030976
[ITP]: 3.0490838964780664e-8
[ITP]: 7.575335692067142e-9
Energy of ground state: -0.5001510690415283
[TDSE] Start TDSE-SH for elliptical polarized laser. It may cost a plenty of time.
[TDSE] Running TDSE-SH-elliptical. step 0, energy = -0.5001510690415277
  |->  par_lens = 2, 2, 2
[TDSE] Running TDSE-SH-elliptical. step 200, energy = -0.5001510690413844
  |->  par_lens = 2, 2, 2
[TDSE] Running TDSE-SH-elliptical. step 400, energy = -0.5001510690412334
  |->  par_lens = 2, 2, 2
[TDSE] Running TDSE-SH-elliptical. step 600, energy = -0.5001510690409476
  |->  par_lens = 2, 2, 2
[TDSE] Running TDSE-SH-elliptical. step 800, energy = -0.500151069040027
  |->  par_lens = 2, 2, 2
[TDSE] Running TDSE-SH-elliptical. step 1000, energy = -0.500151069036877
  |->  par_lens = 2, 2, 2
[TDSE] Running TDSE-SH-elliptical. step 1200, energy = -0.5001510690277842
  |->  par_lens = 2, 2, 2
[TDSE] Running TDSE-SH-elliptical. step 1400, energy = -0.5001510690052372
  |->  par_lens = 2, 2, 2
[TDSE] Running TDSE-SH-elliptical. step 1600, energy = -0.5001510689555259
  |->  par_lens = 2, 2, 2
[TDSE] Running TDSE-SH-elliptical. step 1800, energy = -0.5001510688554311
  |->  par_lens = 2, 2, 2
[TDSE] Running TDSE-SH-elliptical. step 2000, energy = -0.5001510686685898
  |->  par_lens = 2, 2, 2
[TDSE] Running TDSE-SH-elliptical. step 2200, energy = -0.500151068338938
  |->  par_lens = 2, 2, 2
[TDSE] Running TDSE-SH-elliptical. step 2400, energy = -0.5001510677874753
  |->  par_lens = 2, 2, 2
[TDSE] Running TDSE-SH-elliptical. step 2600, energy = -0.5001510669013769
  |->  par_lens = 2, 2, 2
[TDSE] Running TDSE-SH-elliptical. step 2800, energy = -0.5001510655279663
  |->  par_lens = 2, 2, 2
[TDSE] Running TDSE-SH-elliptical. step 3000, energy = -0.5001510634688617
  |->  par_lens = 2, 2, 2
[TDSE] Running TDSE-SH-elliptical. step 3200, energy = -0.5001510604567636
  |->  par_lens = 2, 2, 2
[TDSE] Running TDSE-SH-elliptical. step 3400, energy = -0.5001510561765287
  |->  par_lens = 2, 2, 2
[TDSE] Running TDSE-SH-elliptical. step 3600, energy = -0.5001510501967802
  |->  par_lens = 2, 2, 2
[TDSE] Running TDSE-SH-elliptical. step 3800, energy = -0.5001510420284815
  |->  par_lens = 2, 2, 2
[TDSE] Running TDSE-SH-elliptical. step 4000, energy = -0.500151031095445
  |->  par_lens = 2, 2, 2
[TDSE] Running TDSE-SH-elliptical. step 4200, energy = -0.5001510166029459
  |->  par_lens = 2, 2, 2
[TDSE] Running TDSE-SH-elliptical. step 4400, energy = -0.5001509978101083
  |->  par_lens = 2, 2, 2
[TDSE] Running TDSE-SH-elliptical. step 4600, energy = -0.5001509736836509
  |->  par_lens = 2, 2, 2
[TDSE] Running TDSE-SH-elliptical. step 4800, energy = -0.5001509431462933
  |->  par_lens = 2, 2, 2
[TDSE] Running TDSE-SH-elliptical. step 5000, energy = -0.5001509049596613
  |->  par_lens = 2, 2, 2
[TDSE] Running TDSE-SH-elliptical. step 5200, energy = -0.5001508575776202
  |->  par_lens = 2, 2, 2
[TDSE] Running TDSE-SH-elliptical. step 5400, energy = -0.500150799915588
  |->  par_lens = 2, 2, 2
[TDSE] Running TDSE-SH-elliptical. step 5600, energy = -0.5001507296720531
  |->  par_lens = 2, 2, 2
[TDSE] Running TDSE-SH-elliptical. step 5800, energy = -0.5001506453227222
  |->  par_lens = 2, 2, 2
[TDSE] Running TDSE-SH-elliptical. step 6000, energy = -0.5001505453466836
  |->  par_lens = 2, 2, 2
[TDSE] Running TDSE-SH-elliptical. step 6200, energy = -0.5001504267973348
  |->  par_lens = 2, 2, 2
[TDSE] Running TDSE-SH-elliptical. step 6400, energy = -0.5001502884280543
  |->  par_lens = 2, 2, 2
[TDSE] Running TDSE-SH-elliptical. step 6600, energy = -0.5001501270403633
  |->  par_lens = 2, 2, 2
[TDSE] Running TDSE-SH-elliptical. step 6800, energy = -0.5001499415082871
  |->  par_lens = 2, 2, 2
[TDSE] Running TDSE-SH-elliptical. step 7000, energy = -0.5001497290079512
  |->  par_lens = 2, 2, 2
[TDSE] Running TDSE-SH-elliptical. step 7200, energy = -0.5001494856314859
  |->  par_lens = 2, 2, 2
[TDSE] Running TDSE-SH-elliptical. step 7400, energy = -0.5001492128245943
  |->  par_lens = 2, 2, 2
[TDSE] Running TDSE-SH-elliptical. step 7600, energy = -0.500148904413242
  |->  par_lens = 2, 2, 2
[TDSE] Running TDSE-SH-elliptical. step 7800, energy = -0.5001485602935012
  |->  par_lens = 2, 2, 2
[TDSE] Running TDSE-SH-elliptical. step 8000, energy = -0.500148179124764
  |->  par_lens = 2, 2, 2
[TDSE] Running TDSE-SH-elliptical. step 8200, energy = -0.5001477558876568
  |->  par_lens = 2, 2, 2
[TDSE] Running TDSE-SH-elliptical. step 8400, energy = -0.5001472942115558
  |->  par_lens = 2, 2, 2
[TDSE] Running TDSE-SH-elliptical. step 8600, energy = -0.5001467863739293
  |->  par_lens = 2, 2, 2
[TDSE] Running TDSE-SH-elliptical. step 8800, energy = -0.5001462372163019
  |->  par_lens = 2, 2, 2
[TDSE] Running TDSE-SH-elliptical. step 9000, energy = -0.500145642642696
  |->  par_lens = 2, 2, 2
[TDSE] Running TDSE-SH-elliptical. step 9200, energy = -0.5001449986976227
  |->  par_lens = 2, 2, 2
[TDSE] Running TDSE-SH-elliptical. step 9400, energy = -0.5001443183431784
  |->  par_lens = 2, 2, 2
[TDSE] Running TDSE-SH-elliptical. step 9600, energy = -0.5001435844193856
  |->  par_lens = 2, 2, 2
[TDSE] Running TDSE-SH-elliptical. step 9800, energy = -0.5001428073381698
  |->  par_lens = 2, 2, 2
[TDSE] Running TDSE-SH-elliptical. step 10000, energy = -0.5001419907777974
  |->  par_lens = 2, 2, 2
[TDSE] Running TDSE-SH-elliptical. step 10200, energy = -0.5001412964987672
  |->  par_lens = 4, 2, 2
[TDSE] Running TDSE-SH-elliptical. step 10400, energy = -0.500141560493803
  |->  par_lens = 4, 2, 2
[TDSE] Running TDSE-SH-elliptical. step 10600, energy = -0.5001411193212235
  |->  par_lens = 4, 2, 2
[TDSE] Running TDSE-SH-elliptical. step 10800, energy = -0.5001346955117963
  |->  par_lens = 4, 3, 3
[TDSE] Running TDSE-SH-elliptical. step 11000, energy = -0.5001105425793908
  |->  par_lens = 4, 3, 3
[TDSE] Running TDSE-SH-elliptical. step 11200, energy = -0.5000492795231444
  |->  par_lens = 4, 3, 3
[TDSE] Running TDSE-SH-elliptical. step 11400, energy = -0.4999441773351023
  |->  par_lens = 4, 4, 5
[TDSE] Running TDSE-SH-elliptical. step 11600, energy = -0.49984124830691057
  |->  par_lens = 5, 5, 5
[TDSE] Running TDSE-SH-elliptical. step 11800, energy = -0.4998326677550663
  |->  par_lens = 5, 5, 5
[TDSE] Running TDSE-SH-elliptical. step 12000, energy = -0.4999320111904516
  |->  par_lens = 5, 5, 5
[TDSE] Running TDSE-SH-elliptical. step 12200, energy = -0.49996305059251195
  |->  par_lens = 5, 5, 5
[TDSE] Running TDSE-SH-elliptical. step 12400, energy = -0.49969477429921244
  |->  par_lens = 5, 5, 5
[TDSE] Running TDSE-SH-elliptical. step 12600, energy = -0.4992022486751375
  |->  par_lens = 5, 5, 6
[TDSE] Running TDSE-SH-elliptical. step 12800, energy = -0.4989540513385362
  |->  par_lens = 6, 5, 6
[TDSE] Running TDSE-SH-elliptical. step 13000, energy = -0.4992317374424268
  |->  par_lens = 6, 6, 6
[TDSE] Running TDSE-SH-elliptical. step 13200, energy = -0.4994297991198217
  |->  par_lens = 6, 5, 6
[TDSE] Running TDSE-SH-elliptical. step 13400, energy = -0.49838326709531106
  |->  par_lens = 6, 6, 7
[TDSE] Running TDSE-SH-elliptical. step 13600, energy = -0.4958765179750953
  |->  par_lens = 9, 8, 8
[TDSE] Running TDSE-SH-elliptical. step 13800, energy = -0.49363200364436527
  |->  par_lens = 10, 10, 9
[TDSE] Running TDSE-SH-elliptical. step 14000, energy = -0.4938363478166161
  |->  par_lens = 10, 11, 11
[TDSE] Running TDSE-SH-elliptical. step 14200, energy = -0.4962591277051898
  |->  par_lens = 12, 13, 13
[TDSE] Running TDSE-SH-elliptical. step 14400, energy = -0.497500713814246
  |->  par_lens = 13, 13, 13
[TDSE] Running TDSE-SH-elliptical. step 14600, energy = -0.4945049758374697
  |->  par_lens = 13, 13, 13
[TDSE] Running TDSE-SH-elliptical. step 14800, energy = -0.4889507793546293
  |->  par_lens = 14, 13, 13
[TDSE] Running TDSE-SH-elliptical. step 15000, energy = -0.486455401422681
  |->  par_lens = 15, 13, 13
[TDSE] Running TDSE-SH-elliptical. step 15200, energy = -0.4899200452214345
  |->  par_lens = 14, 14, 12
[TDSE] Running TDSE-SH-elliptical. step 15400, energy = -0.4943609574071887
  |->  par_lens = 15, 15, 14
[TDSE] Running TDSE-SH-elliptical. step 15600, energy = -0.4911005828727584
  |->  par_lens = 15, 17, 14
[TDSE] Running TDSE-SH-elliptical. step 15800, energy = -0.4786385969980842
  |->  par_lens = 16, 17, 16
[TDSE] Running TDSE-SH-elliptical. step 16000, energy = -0.46710265001424445
  |->  par_lens = 21, 19, 19
[TDSE] Running TDSE-SH-elliptical. step 16200, energy = -0.4683720089760353
  |->  par_lens = 22, 23, 23
[TDSE] Running TDSE-SH-elliptical. step 16400, energy = -0.4809640023646665
  |->  par_lens = 29, 28, 29
[TDSE] Running TDSE-SH-elliptical. step 16600, energy = -0.4886796519882681
  |->  par_lens = 32, 29, 31
[TDSE] Running TDSE-SH-elliptical. step 16800, energy = -0.47817899463219904
  |->  par_lens = 33, 30, 31
[TDSE] Running TDSE-SH-elliptical. step 17000, energy = -0.4567868005134572
  |->  par_lens = 28, 29, 30
[TDSE] Running TDSE-SH-elliptical. step 17200, energy = -0.4470862575780298
  |->  par_lens = 29, 32, 30
[TDSE] Running TDSE-SH-elliptical. step 17400, energy = -0.46031252746023393
  |->  par_lens = 38, 34, 34
[TDSE] Running TDSE-SH-elliptical. step 17600, energy = -0.47924652104536614
  |->  par_lens = 40, 41, 38
[TDSE] Running TDSE-SH-elliptical. step 17800, energy = -0.47466284741891246
  |->  par_lens = 39, 42, 40
[TDSE] Running TDSE-SH-elliptical. step 18000, energy = -0.44092124947964895
  |->  par_lens = 38, 35, 38
[TDSE] Running TDSE-SH-elliptical. step 18200, energy = -0.40834925940292705
  |->  par_lens = 43, 41, 41
[TDSE] Running TDSE-SH-elliptical. step 18400, energy = -0.4113633712712763
  |->  par_lens = 50, 52, 53
[TDSE] Running TDSE-SH-elliptical. step 18600, energy = -0.44653199367462854
  |->  par_lens = 63, 66, 63
[TDSE] Running TDSE-SH-elliptical. step 18800, energy = -0.4705618916597497
  |->  par_lens = 69, 69, 72
[TDSE] Running TDSE-SH-elliptical. step 19000, energy = -0.4484437036852441
  |->  par_lens = 69, 71, 73
[TDSE] Running TDSE-SH-elliptical. step 19200, energy = -0.3980448118684085
  |->  par_lens = 61, 63, 64
[TDSE] Running TDSE-SH-elliptical. step 19400, energy = -0.3742126752310247
  |->  par_lens = 68, 66, 62
[TDSE] Running TDSE-SH-elliptical. step 19600, energy = -0.40449772184602295
  |->  par_lens = 82, 82, 80
[TDSE] Running TDSE-SH-elliptical. step 19800, energy = -0.45128751664312355
  |->  par_lens = 92, 95, 92
[TDSE] Running TDSE-SH-elliptical. step 20000, energy = -0.4496933543349004
  |->  par_lens = 93, 95, 94
[TDSE] Running TDSE-SH-elliptical. step 20200, energy = -0.38564725890618506
  |->  par_lens = 86, 88, 87
[TDSE] Running TDSE-SH-elliptical. step 20400, energy = -0.32106723927266967
  |->  par_lens = 76, 72, 78
[TDSE] Running TDSE-SH-elliptical. step 20600, energy = -0.3250593407273877
  |->  par_lens = 104, 102, 103
[TDSE] Running TDSE-SH-elliptical. step 20800, energy = -0.39363034661203056
  |->  par_lens = 128, 134, 128
[TDSE] Running TDSE-SH-elliptical. step 21000, energy = -0.4444103617161176
  |->  par_lens = 145, 142, 142
[TDSE] Running TDSE-SH-elliptical. step 21200, energy = -0.4108485875599158
  |->  par_lens = 144, 143, 142
[TDSE] Running TDSE-SH-elliptical. step 21400, energy = -0.3233973023296128
  |->  par_lens = 131, 131, 128
[TDSE] Running TDSE-SH-elliptical. step 21600, energy = -0.28048259813952836
  |->  par_lens = 113, 118, 116
[TDSE] Running TDSE-SH-elliptical. step 21800, energy = -0.33055369541619534
  |->  par_lens = 153, 149, 149
[TDSE] Running TDSE-SH-elliptical. step 22000, energy = -0.414418789112515
  |->  par_lens = 178, 180, 175
[TDSE] Running TDSE-SH-elliptical. step 22200, energy = -0.4220774168836442
  |->  par_lens = 183, 184, 179
[TDSE] Running TDSE-SH-elliptical. step 22400, energy = -0.3274781588522822
  |->  par_lens = 171, 167, 173
[TDSE] Running TDSE-SH-elliptical. step 22600, energy = -0.22771363429090263
  |->  par_lens = 141, 142, 140
[TDSE] Running TDSE-SH-elliptical. step 22800, energy = -0.23092750660478897
  |->  par_lens = 165, 164, 170
[TDSE] Running TDSE-SH-elliptical. step 23000, energy = -0.3341031472515176
  |->  par_lens = 214, 215, 215
[TDSE] Running TDSE-SH-elliptical. step 23200, energy = -0.416540089401093
  |->  par_lens = 240, 240, 244
[TDSE] Running TDSE-SH-elliptical. step 23400, energy = -0.37718268993480464
  |->  par_lens = 242, 245, 246
[TDSE] Running TDSE-SH-elliptical. step 23600, energy = -0.25635106799160934
  |->  par_lens = 224, 220, 223
[TDSE] Running TDSE-SH-elliptical. step 23800, energy = -0.19505696576139553
  |->  par_lens = 191, 198, 195
[TDSE] Running TDSE-SH-elliptical. step 24000, energy = -0.26032767170653526
  |->  par_lens = 237, 231, 229
[TDSE] Running TDSE-SH-elliptical. step 24200, energy = -0.3788974621719567
  |->  par_lens = 270, 273, 270
[TDSE] Running TDSE-SH-elliptical. step 24400, energy = -0.40064138427155693
  |->  par_lens = 277, 278, 277
[TDSE] Running TDSE-SH-elliptical. step 24600, energy = -0.28690092920898586
  |->  par_lens = 270, 263, 262
[TDSE] Running TDSE-SH-elliptical. step 24800, energy = -0.16061451646223493
  |->  par_lens = 237, 244, 238
[TDSE] Running TDSE-SH-elliptical. step 25000, energy = -0.1614599022198991
  |->  par_lens = 254, 258, 253
[TDSE] Running TDSE-SH-elliptical. step 25200, energy = -0.28722900147031566
  |->  par_lens = 307, 307, 308
[TDSE] Running TDSE-SH-elliptical. step 25400, energy = -0.39560957970150634
  |->  par_lens = 336, 340, 335
[TDSE] Running TDSE-SH-elliptical. step 25600, energy = -0.3596122442100505
  |->  par_lens = 334, 337, 335
[TDSE] Running TDSE-SH-elliptical. step 25800, energy = -0.2225060137947945
  |->  par_lens = 310, 312, 307
[TDSE] Running TDSE-SH-elliptical. step 26000, energy = -0.1499038833023876
  |->  par_lens = 273, 278, 274
[TDSE] Running TDSE-SH-elliptical. step 26200, energy = -0.22020196046274912
  |->  par_lens = 306, 309, 308
[TDSE] Running TDSE-SH-elliptical. step 26400, energy = -0.3572407478052604
  |->  par_lens = 339, 342, 342
[TDSE] Running TDSE-SH-elliptical. step 26600, energy = -0.392772749610484
  |->  par_lens = 347, 350, 349
[TDSE] Running TDSE-SH-elliptical. step 26800, energy = -0.2795285190586825
  |->  par_lens = 330, 338, 335
[TDSE] Running TDSE-SH-elliptical. step 27000, energy = -0.14629047108093696
  |->  par_lens = 308, 321, 314
[TDSE] Running TDSE-SH-elliptical. step 27200, energy = -0.14316103704226715
  |->  par_lens = 333, 332, 331
[TDSE] Running TDSE-SH-elliptical. step 27400, energy = -0.2714291988326678
  |->  par_lens = 358, 358, 354
[TDSE] Running TDSE-SH-elliptical. step 27600, energy = -0.3895811713767785
  |->  par_lens = 378, 381, 385
[TDSE] Running TDSE-SH-elliptical. step 27800, energy = -0.36518498913994574
  |->  par_lens = 374, 380, 381
[TDSE] Running TDSE-SH-elliptical. step 28000, energy = -0.23641267654643028
  |->  par_lens = 365, 362, 367
[TDSE] Running TDSE-SH-elliptical. step 28200, energy = -0.16372176262283866
  |->  par_lens = 346, 341, 349
[TDSE] Running TDSE-SH-elliptical. step 28400, energy = -0.22720792456474417
  |->  par_lens = 362, 357, 358
[TDSE] Running TDSE-SH-elliptical. step 28600, energy = -0.35889495882022837
  |->  par_lens = 378, 381, 382
[TDSE] Running TDSE-SH-elliptical. step 28800, energy = -0.40179093275279715
  |->  par_lens = 385, 386, 381
[TDSE] Running TDSE-SH-elliptical. step 29000, energy = -0.3083151652719509
  |->  par_lens = 375, 372, 377
[TDSE] Running TDSE-SH-elliptical. step 29200, energy = -0.19039665782193632
  |->  par_lens = 358, 368, 367
[TDSE] Running TDSE-SH-elliptical. step 29400, energy = -0.1833393474115431
  |->  par_lens = 370, 372, 378
[TDSE] Running TDSE-SH-elliptical. step 29600, energy = -0.29389894287792356
  |->  par_lens = 391, 392, 391
[TDSE] Running TDSE-SH-elliptical. step 29800, energy = -0.40122009505646483
  |->  par_lens = 398, 401, 402
[TDSE] Running TDSE-SH-elliptical. step 30000, energy = -0.3912077237153107
  |->  par_lens = 404, 396, 400
[TDSE] Running TDSE-SH-elliptical. step 30200, energy = -0.2915184590173914
  |->  par_lens = 382, 387, 392
[TDSE] Running TDSE-SH-elliptical. step 30400, energy = -0.23095041583391618
  |->  par_lens = 374, 363, 370
[TDSE] Running TDSE-SH-elliptical. step 30600, energy = -0.2788995966903083
  |->  par_lens = 366, 368, 361
[TDSE] Running TDSE-SH-elliptical. step 30800, energy = -0.38432490702097605
  |->  par_lens = 388, 375, 378
[TDSE] Running TDSE-SH-elliptical. step 31000, energy = -0.4242796954678897
  |->  par_lens = 388, 383, 387
[TDSE] Running TDSE-SH-elliptical. step 31200, energy = -0.36062420421082136
  |->  par_lens = 380, 378, 378
[TDSE] Running TDSE-SH-elliptical. step 31400, energy = -0.2741758593707433
  |->  par_lens = 373, 376, 375
[TDSE] Running TDSE-SH-elliptical. step 31600, energy = -0.26537449403663466
  |->  par_lens = 377, 393, 388
[TDSE] Running TDSE-SH-elliptical. step 31800, energy = -0.3452818105543974
  |->  par_lens = 395, 403, 394
[TDSE] Running TDSE-SH-elliptical. step 32000, energy = -0.4257267806773062
  |->  par_lens = 404, 404, 404
[TDSE] Running TDSE-SH-elliptical. step 32200, energy = -0.42737298152739556
  |->  par_lens = 405, 407, 403
[TDSE] Running TDSE-SH-elliptical. step 32400, energy = -0.36518746276851893
  |->  par_lens = 396, 402, 397
[TDSE] Running TDSE-SH-elliptical. step 32600, energy = -0.3234651787172557
  |->  par_lens = 385, 386, 383
[TDSE] Running TDSE-SH-elliptical. step 32800, energy = -0.35317973294781335
  |->  par_lens = 374, 370, 380
[TDSE] Running TDSE-SH-elliptical. step 33000, energy = -0.42131077836497477
  |->  par_lens = 377, 383, 379
[TDSE] Running TDSE-SH-elliptical. step 33200, energy = -0.4513673158411053
  |->  par_lens = 383, 380, 377
[TDSE] Running TDSE-SH-elliptical. step 33400, energy = -0.41680086264413857
  |->  par_lens = 380, 385, 373
[TDSE] Running TDSE-SH-elliptical. step 33600, energy = -0.36521710274404
  |->  par_lens = 373, 378, 379
[TDSE] Running TDSE-SH-elliptical. step 33800, energy = -0.35876478487127783
  |->  par_lens = 387, 383, 394
[TDSE] Running TDSE-SH-elliptical. step 34000, energy = -0.4043127290350942
  |->  par_lens = 400, 394, 395
[TDSE] Running TDSE-SH-elliptical. step 34200, energy = -0.45343858921739766
  |->  par_lens = 406, 399, 402
[TDSE] Running TDSE-SH-elliptical. step 34400, energy = -0.4597603558936033
  |->  par_lens = 405, 400, 401
[TDSE] Running TDSE-SH-elliptical. step 34600, energy = -0.430145649637546
  |->  par_lens = 403, 396, 402
[TDSE] Running TDSE-SH-elliptical. step 34800, energy = -0.4086628146942763
  |->  par_lens = 393, 392, 397
[TDSE] Running TDSE-SH-elliptical. step 35000, energy = -0.42322950063766607
  |->  par_lens = 381, 385, 392
[TDSE] Running TDSE-SH-elliptical. step 35200, energy = -0.45692003289021166
  |->  par_lens = 370, 370, 389
[TDSE] Running TDSE-SH-elliptical. step 35400, energy = -0.47341735594170786
  |->  par_lens = 375, 364, 383
[TDSE] Running TDSE-SH-elliptical. step 35600, energy = -0.4591903897941974
  |->  par_lens = 371, 369, 383
[TDSE] Running TDSE-SH-elliptical. step 35800, energy = -0.4366550527411537
  |->  par_lens = 371, 370, 386
[TDSE] Running TDSE-SH-elliptical. step 36000, energy = -0.4327770637957624
  |->  par_lens = 382, 385, 385
[TDSE] Running TDSE-SH-elliptical. step 36200, energy = -0.45288909195369526
  |->  par_lens = 389, 393, 391
[TDSE] Running TDSE-SH-elliptical. step 36400, energy = -0.4749062929233448
  |->  par_lens = 393, 392, 396
[TDSE] Running TDSE-SH-elliptical. step 36600, energy = -0.48071429823942496
  |->  par_lens = 391, 393, 395
[TDSE] Running TDSE-SH-elliptical. step 36800, energy = -0.4715372169571807
  |->  par_lens = 390, 389, 396
[TDSE] Running TDSE-SH-elliptical. step 37000, energy = -0.4642812108111669
  |->  par_lens = 384, 387, 381
[TDSE] Running TDSE-SH-elliptical. step 37200, energy = -0.4690821772679759
  |->  par_lens = 378, 375, 374
[TDSE] Running TDSE-SH-elliptical. step 37400, energy = -0.4804889933394362
  |->  par_lens = 357, 357, 354
[TDSE] Running TDSE-SH-elliptical. step 37600, energy = -0.48639692460865575
  |->  par_lens = 350, 352, 342
[TDSE] Running TDSE-SH-elliptical. step 37800, energy = -0.48264328326979766
  |->  par_lens = 337, 344, 330
[TDSE] Running TDSE-SH-elliptical. step 38000, energy = -0.47605884457200254
  |->  par_lens = 332, 343, 335
[TDSE] Running TDSE-SH-elliptical. step 38200, energy = -0.47497952812233785
  |->  par_lens = 345, 334, 339
[TDSE] Running TDSE-SH-elliptical. step 38400, energy = -0.48051362738144476
  |->  par_lens = 347, 340, 343
[TDSE] Running TDSE-SH-elliptical. step 38600, energy = -0.48703277292373964
  |->  par_lens = 336, 341, 340
[TDSE] Running TDSE-SH-elliptical. step 38800, energy = -0.489767864916865
  |->  par_lens = 336, 338, 338
[TDSE] Running TDSE-SH-elliptical. step 39000, energy = -0.4888352784485758
  |->  par_lens = 330, 333, 324
[TDSE] Running TDSE-SH-elliptical. step 39200, energy = -0.4877559837336641
  |->  par_lens = 323, 327, 314
[TDSE] Running TDSE-SH-elliptical. step 39400, energy = -0.4886278158928966
  |->  par_lens = 308, 313, 308
[TDSE] Running TDSE-SH-elliptical. step 39600, energy = -0.4904615656241461
  |->  par_lens = 299, 298, 296
[TDSE] Running TDSE-SH-elliptical. step 39800, energy = -0.49137488889920256
  |->  par_lens = 294, 289, 286
[TDSE] Running TDSE-SH-elliptical. step 40000, energy = -0.4907944593933881
  |->  par_lens = 283, 287, 278
[TDSE] Running TDSE-SH-elliptical. step 40200, energy = -0.4899392432118233
  |->  par_lens = 274, 282, 279
[TDSE] Running TDSE-SH-elliptical. step 40400, energy = -0.4897897326265862
  |->  par_lens = 279, 282, 275
[TDSE] Running TDSE-SH-elliptical. step 40600, energy = -0.4904761397810994
  |->  par_lens = 282, 278, 271
[TDSE] Running TDSE-SH-elliptical. step 40800, energy = -0.4913491188487151
  |->  par_lens = 281, 277, 271
[TDSE] Running TDSE-SH-elliptical. step 41000, energy = -0.4918834876726178
  |->  par_lens = 282, 275, 268
[TDSE] Running TDSE-SH-elliptical. step 41200, energy = -0.49209900493677333
  |->  par_lens = 279, 274, 268
[TDSE] Running TDSE-SH-elliptical. step 41400, energy = -0.49215699262613893
  |->  par_lens = 276, 274, 265
[TDSE] Running TDSE-SH-elliptical. step 41600, energy = -0.49219526096798966
  |->  par_lens = 272, 269, 265
[TDSE] Running TDSE-SH-elliptical. step 41800, energy = -0.4922046598436619
  |->  par_lens = 269, 265, 263
[TDSE] Running TDSE-SH-elliptical. step 42000, energy = -0.49217274638986197
  |->  par_lens = 269, 264, 264
[TDSE] Running TDSE-SH-elliptical. step 42200, energy = -0.49214958302031003
  |->  par_lens = 268, 264, 263
[TDSE] Running TDSE-SH-elliptical. step 42400, energy = -0.49213057518087683
  |->  par_lens = 267, 263, 261
[TDSE] Running TDSE-SH-elliptical. step 42600, energy = -0.4921395265406796
  |->  par_lens = 265, 262, 260
[TDSE] Running TDSE-SH-elliptical. step 42800, energy = -0.4921637814721696
  |->  par_lens = 263, 261, 260
[TDSE] Running TDSE-SH-elliptical. step 43000, energy = -0.4921681235497403
  |->  par_lens = 261, 260, 259
[TDSE] Running TDSE-SH-elliptical. step 43200, energy = -0.4921967563263736
  |->  par_lens = 261, 260, 259
[TDSE] Running TDSE-SH-elliptical. step 43400, energy = -0.49219956149155125
  |->  par_lens = 258, 258, 258
[TDSE] Running TDSE-SH-elliptical. step 43600, energy = -0.49221765227167624
  |->  par_lens = 259, 259, 255
[TDSE] Running TDSE-SH-elliptical. step 43800, energy = -0.4922450641849731
  |->  par_lens = 259, 258, 255
[TDSE] Running TDSE-SH-elliptical. step 44000, energy = -0.4922534106547959
  |->  par_lens = 258, 256, 255
[TDSE] Running TDSE-SH-elliptical. step 44200, energy = -0.49228708639683433
  |->  par_lens = 257, 257, 253
[TDSE] Running TDSE-SH-elliptical. step 44400, energy = -0.4922960153906173
  |->  par_lens = 257, 257, 253
[TDSE] Running TDSE-SH-elliptical. step 44600, energy = -0.49231390456857954
  |->  par_lens = 256, 256, 253
[TDSE] Running TDSE-SH-elliptical. step 44800, energy = -0.49233028048991934
  |->  par_lens = 255, 253, 252
[TDSE] Running TDSE-SH-elliptical. step 45000, energy = -0.49234092445945515
  |->  par_lens = 255, 252, 252
