  Activating project at `~/JuliaProp_v0.1`
[ITP]: 10000.500151030976
[ITP]: 3.0490838964780664e-8
[ITP]: 7.575335692067142e-9
Energy of ground state: -0.5001510690415283
[TDSE] Start TDSE-SH for elliptical polarized laser. It may cost a plenty of time.
[TDSE] Running TDSE-SH-elliptical. step 0, energy = -0.5001510690415277
  |->  par_lens = 2, 2, 2
[TDSE] Running TDSE-SH-elliptical. step 200, energy = -0.5001510690413828
  |->  par_lens = 2, 2, 2
[TDSE] Running TDSE-SH-elliptical. step 400, energy = -0.5001510690411064
  |->  par_lens = 2, 2, 2
[TDSE] Running TDSE-SH-elliptical. step 600, energy = -0.5001510690395562
  |->  par_lens = 2, 2, 2
[TDSE] Running TDSE-SH-elliptical. step 800, energy = -0.500151069032173
  |->  par_lens = 2, 2, 2
[TDSE] Running TDSE-SH-elliptical. step 1000, energy = -0.5001510690073453
  |->  par_lens = 2, 2, 2
[TDSE] Running TDSE-SH-elliptical. step 1200, energy = -0.500151068941049
  |->  par_lens = 2, 2, 2
[TDSE] Running TDSE-SH-elliptical. step 1400, energy = -0.500151068790507
  |->  par_lens = 2, 2, 2
[TDSE] Running TDSE-SH-elliptical. step 1600, energy = -0.5001510684866275
  |->  par_lens = 2, 2, 2
[TDSE] Running TDSE-SH-elliptical. step 1800, energy = -0.5001510679245675
  |->  par_lens = 2, 2, 2
[TDSE] Running TDSE-SH-elliptical. step 2000, energy = -0.5001510669578784
  |->  par_lens = 2, 2, 2
[TDSE] Running TDSE-SH-elliptical. step 2200, energy = -0.5001510653795657
  |->  par_lens = 2, 2, 2
[TDSE] Running TDSE-SH-elliptical. step 2400, energy = -0.50015106292815
  |->  par_lens = 2, 2, 2
[TDSE] Running TDSE-SH-elliptical. step 2600, energy = -0.5001510592585474
  |->  par_lens = 2, 2, 2
[TDSE] Running TDSE-SH-elliptical. step 2800, energy = -0.5001510539406233
  |->  par_lens = 2, 2, 2
[TDSE] Running TDSE-SH-elliptical. step 3000, energy = -0.5001510464672182
  |->  par_lens = 2, 2, 2
[TDSE] Running TDSE-SH-elliptical. step 3200, energy = -0.5001510361848355
  |->  par_lens = 2, 2, 2
[TDSE] Running TDSE-SH-elliptical. step 3400, energy = -0.5001510224134369
  |->  par_lens = 2, 2, 2
[TDSE] Running TDSE-SH-elliptical. step 3600, energy = -0.5001510042219868
  |->  par_lens = 2, 2, 2
[TDSE] Running TDSE-SH-elliptical. step 3800, energy = -0.500150980675521
  |->  par_lens = 2, 2, 2
[TDSE] Running TDSE-SH-elliptical. step 4000, energy = -0.5001509507608165
  |->  par_lens = 2, 2, 2
[TDSE] Running TDSE-SH-elliptical. step 4200, energy = -0.500150912991387
  |->  par_lens = 2, 2, 2
[TDSE] Running TDSE-SH-elliptical. step 4400, energy = -0.5001508663012081
  |->  par_lens = 2, 2, 2
[TDSE] Running TDSE-SH-elliptical. step 4600, energy = -0.5001508090161239
  |->  par_lens = 2, 2, 2
[TDSE] Running TDSE-SH-elliptical. step 4800, energy = -0.5001507395926474
  |->  par_lens = 2, 2, 2
[TDSE] Running TDSE-SH-elliptical. step 5000, energy = -0.500150656330882
  |->  par_lens = 2, 2, 2
[TDSE] Running TDSE-SH-elliptical. step 5200, energy = -0.5001505570123953
  |->  par_lens = 2, 2, 2
[TDSE] Running TDSE-SH-elliptical. step 5400, energy = -0.5001504408117909
  |->  par_lens = 2, 2, 2
[TDSE] Running TDSE-SH-elliptical. step 5600, energy = -0.500150304232303
  |->  par_lens = 2, 2, 2
[TDSE] Running TDSE-SH-elliptical. step 5800, energy = -0.5001501458716616
  |->  par_lens = 2, 2, 2
[TDSE] Running TDSE-SH-elliptical. step 6000, energy = -0.5001499645441239
  |->  par_lens = 2, 2, 2
[TDSE] Running TDSE-SH-elliptical. step 6200, energy = -0.5001497561700818
  |->  par_lens = 2, 2, 2
[TDSE] Running TDSE-SH-elliptical. step 6400, energy = -0.5001495204558992
  |->  par_lens = 2, 2, 2
[TDSE] Running TDSE-SH-elliptical. step 6600, energy = -0.5001492533412546
  |->  par_lens = 2, 2, 2
[TDSE] Running TDSE-SH-elliptical. step 6800, energy = -0.5001489549887832
  |->  par_lens = 2, 2, 2
[TDSE] Running TDSE-SH-elliptical. step 7000, energy = -0.5001486223610874
  |->  par_lens = 2, 2, 2
[TDSE] Running TDSE-SH-elliptical. step 7200, energy = -0.5001482505769159
  |->  par_lens = 2, 2, 2
[TDSE] Running TDSE-SH-elliptical. step 7400, energy = -0.500147844542613
  |->  par_lens = 2, 2, 2
[TDSE] Running TDSE-SH-elliptical. step 7600, energy = -0.5001473956300425
  |->  par_lens = 2, 2, 2
[TDSE] Running TDSE-SH-elliptical. step 7800, energy = -0.500146905755719
  |->  par_lens = 2, 2, 2
[TDSE] Running TDSE-SH-elliptical. step 8000, energy = -0.5001463746536849
  |->  par_lens = 2, 2, 2
[TDSE] Running TDSE-SH-elliptical. step 8200, energy = -0.5001457960027019
  |->  par_lens = 2, 2, 2
[TDSE] Running TDSE-SH-elliptical. step 8400, energy = -0.500145177357949
  |->  par_lens = 2, 2, 2
[TDSE] Running TDSE-SH-elliptical. step 8600, energy = -0.5001445080571635
  |->  par_lens = 2, 2, 2
[TDSE] Running TDSE-SH-elliptical. step 8800, energy = -0.5001437968940856
  |->  par_lens = 2, 2, 2
[TDSE] Running TDSE-SH-elliptical. step 9000, energy = -0.5001430388457296
  |->  par_lens = 2, 2, 2
[TDSE] Running TDSE-SH-elliptical. step 9200, energy = -0.5001422290266764
  |->  par_lens = 2, 2, 2
[TDSE] Running TDSE-SH-elliptical. step 9400, energy = -0.5001413870595656
  |->  par_lens = 4, 2, 2
[TDSE] Running TDSE-SH-elliptical. step 9600, energy = -0.5001404885843974
  |->  par_lens = 4, 2, 2
[TDSE] Running TDSE-SH-elliptical. step 9800, energy = -0.5001395488048879
  |->  par_lens = 4, 3, 3
[TDSE] Running TDSE-SH-elliptical. step 10000, energy = -0.5001385729614303
  |->  par_lens = 4, 3, 3
[TDSE] Running TDSE-SH-elliptical. step 10200, energy = -0.5001373836048999
  |->  par_lens = 4, 3, 3
[TDSE] Running TDSE-SH-elliptical. step 10400, energy = -0.5001350607395664
  |->  par_lens = 4, 3, 3
[TDSE] Running TDSE-SH-elliptical. step 10600, energy = -0.5001326372253071
  |->  par_lens = 4, 3, 3
[TDSE] Running TDSE-SH-elliptical. step 10800, energy = -0.5001332709048594
  |->  par_lens = 4, 3, 3
[TDSE] Running TDSE-SH-elliptical. step 11000, energy = -0.500138712098727
  |->  par_lens = 4, 3, 3
[TDSE] Running TDSE-SH-elliptical. step 11200, energy = -0.5001427292769701
  |->  par_lens = 4, 3, 3
[TDSE] Running TDSE-SH-elliptical. step 11400, energy = -0.500131227737978
  |->  par_lens = 4, 3, 3
[TDSE] Running TDSE-SH-elliptical. step 11600, energy = -0.5000918070524347
  |->  par_lens = 4, 3, 3
[TDSE] Running TDSE-SH-elliptical. step 11800, energy = -0.500018236528961
  |->  par_lens = 4, 4, 3
[TDSE] Running TDSE-SH-elliptical. step 12000, energy = -0.49988965850339767
  |->  par_lens = 4, 4, 4
[TDSE] Running TDSE-SH-elliptical. step 12200, energy = -0.499656135118735
  |->  par_lens = 5, 5, 5
[TDSE] Running TDSE-SH-elliptical. step 12400, energy = -0.49928458847757506
  |->  par_lens = 5, 5, 6
[TDSE] Running TDSE-SH-elliptical. step 12600, energy = -0.49885213447260457
  |->  par_lens = 6, 7, 6
[TDSE] Running TDSE-SH-elliptical. step 12800, energy = -0.4985551854137107
  |->  par_lens = 7, 7, 7
[TDSE] Running TDSE-SH-elliptical. step 13000, energy = -0.49851869674707583
  |->  par_lens = 9, 7, 7
[TDSE] Running TDSE-SH-elliptical. step 13200, energy = -0.4985802481564651
  |->  par_lens = 9, 7, 7
[TDSE] Running TDSE-SH-elliptical. step 13400, energy = -0.4983599785005158
  |->  par_lens = 9, 7, 8
[TDSE] Running TDSE-SH-elliptical. step 13600, energy = -0.49766220821223234
  |->  par_lens = 9, 7, 8
[TDSE] Running TDSE-SH-elliptical. step 13800, energy = -0.4967884576061452
  |->  par_lens = 9, 8, 8
[TDSE] Running TDSE-SH-elliptical. step 14000, energy = -0.49618142748959115
  |->  par_lens = 9, 9, 8
[TDSE] Running TDSE-SH-elliptical. step 14200, energy = -0.4957271611056686
  |->  par_lens = 9, 9, 9
[TDSE] Running TDSE-SH-elliptical. step 14400, energy = -0.49458564590659554
  |->  par_lens = 10, 10, 9
[TDSE] Running TDSE-SH-elliptical. step 14600, energy = -0.49212724401232605
  |->  par_lens = 11, 10, 11
[TDSE] Running TDSE-SH-elliptical. step 14800, energy = -0.489092435042398
  |->  par_lens = 13, 12, 13
[TDSE] Running TDSE-SH-elliptical. step 15000, energy = -0.48724240074651637
  |->  par_lens = 15, 14, 13
[TDSE] Running TDSE-SH-elliptical. step 15200, energy = -0.4875074030221019
  |->  par_lens = 17, 17, 17
[TDSE] Running TDSE-SH-elliptical. step 15400, energy = -0.48850354496513726
  |->  par_lens = 18, 20, 18
[TDSE] Running TDSE-SH-elliptical. step 15600, energy = -0.4876246596103413
  |->  par_lens = 19, 20, 19
[TDSE] Running TDSE-SH-elliptical. step 15800, energy = -0.4840516672401492
  |->  par_lens = 19, 20, 19
[TDSE] Running TDSE-SH-elliptical. step 16000, energy = -0.4800166918391514
  |->  par_lens = 19, 20, 19
[TDSE] Running TDSE-SH-elliptical. step 16200, energy = -0.47838358449892077
  |->  par_lens = 22, 18, 20
[TDSE] Running TDSE-SH-elliptical. step 16400, energy = -0.4786766606460548
  |->  par_lens = 23, 21, 19
[TDSE] Running TDSE-SH-elliptical. step 16600, energy = -0.4767984756086533
  |->  par_lens = 21, 21, 20
[TDSE] Running TDSE-SH-elliptical. step 16800, energy = -0.4697376961894819
  |->  par_lens = 24, 20, 21
[TDSE] Running TDSE-SH-elliptical. step 17000, energy = -0.4601371893741299
  |->  par_lens = 25, 24, 24
[TDSE] Running TDSE-SH-elliptical. step 17200, energy = -0.45468987754923934
  |->  par_lens = 30, 29, 28
[TDSE] Running TDSE-SH-elliptical. step 17400, energy = -0.4566982748711518
  |->  par_lens = 35, 36, 35
[TDSE] Running TDSE-SH-elliptical. step 17600, energy = -0.46137798446282785
  |->  par_lens = 42, 38, 40
[TDSE] Running TDSE-SH-elliptical. step 17800, energy = -0.4602776113233538
  |->  par_lens = 41, 42, 41
[TDSE] Running TDSE-SH-elliptical. step 18000, energy = -0.45096013957775516
  |->  par_lens = 40, 42, 39
[TDSE] Running TDSE-SH-elliptical. step 18200, energy = -0.4406131768419968
  |->  par_lens = 37, 41, 38
[TDSE] Running TDSE-SH-elliptical. step 18400, energy = -0.4378717996137031
  |->  par_lens = 38, 39, 40
[TDSE] Running TDSE-SH-elliptical. step 18600, energy = -0.4416961131165323
  |->  par_lens = 40, 40, 37
[TDSE] Running TDSE-SH-elliptical. step 18800, energy = -0.44102898426647086
  |->  par_lens = 40, 41, 42
[TDSE] Running TDSE-SH-elliptical. step 19000, energy = -0.42757186284336063
  |->  par_lens = 42, 44, 42
[TDSE] Running TDSE-SH-elliptical. step 19200, energy = -0.4074079268940173
  |->  par_lens = 48, 47, 46
[TDSE] Running TDSE-SH-elliptical. step 19400, energy = -0.3963499270335986
  |->  par_lens = 57, 56, 56
[TDSE] Running TDSE-SH-elliptical. step 19600, energy = -0.4023564411728508
  |->  par_lens = 68, 68, 67
[TDSE] Running TDSE-SH-elliptical. step 19800, energy = -0.41495543761163173
  |->  par_lens = 76, 75, 76
[TDSE] Running TDSE-SH-elliptical. step 20000, energy = -0.4156620212188067
  |->  par_lens = 78, 79, 79
[TDSE] Running TDSE-SH-elliptical. step 20200, energy = -0.3991662278789196
  |->  par_lens = 75, 75, 78
[TDSE] Running TDSE-SH-elliptical. step 20400, energy = -0.3803287198638777
  |->  par_lens = 70, 68, 73
[TDSE] Running TDSE-SH-elliptical. step 20600, energy = -0.37693079405556895
  |->  par_lens = 72, 69, 73
[TDSE] Running TDSE-SH-elliptical. step 20800, energy = -0.38754799380470667
  |->  par_lens = 76, 79, 78
[TDSE] Running TDSE-SH-elliptical. step 21000, energy = -0.3911560471935358
  |->  par_lens = 83, 82, 80
[TDSE] Running TDSE-SH-elliptical. step 21200, energy = -0.3716107906292177
  |->  par_lens = 84, 86, 87
[TDSE] Running TDSE-SH-elliptical. step 21400, energy = -0.3391981575350136
  |->  par_lens = 89, 88, 88
[TDSE] Running TDSE-SH-elliptical. step 21600, energy = -0.3218148127030879
  |->  par_lens = 97, 98, 101
[TDSE] Running TDSE-SH-elliptical. step 21800, energy = -0.33372424597451034
  |->  par_lens = 114, 118, 118
[TDSE] Running TDSE-SH-elliptical. step 22000, energy = -0.35795060012848057
  |->  par_lens = 127, 129, 129
[TDSE] Running TDSE-SH-elliptical. step 22200, energy = -0.3636824108994625
  |->  par_lens = 132, 130, 136
[TDSE] Running TDSE-SH-elliptical. step 22400, energy = -0.34156301592293475
  |->  par_lens = 128, 127, 127
[TDSE] Running TDSE-SH-elliptical. step 22600, energy = -0.3148678610072857
  |->  par_lens = 122, 121, 121
[TDSE] Running TDSE-SH-elliptical. step 22800, energy = -0.3116708208241664
  |->  par_lens = 121, 122, 120
[TDSE] Running TDSE-SH-elliptical. step 23000, energy = -0.3307357155570686
  |->  par_lens = 127, 127, 125
[TDSE] Running TDSE-SH-elliptical. step 23200, energy = -0.3410568051439882
  |->  par_lens = 128, 133, 132
[TDSE] Running TDSE-SH-elliptical. step 23400, energy = -0.31809511600228935
  |->  par_lens = 138, 139, 136
[TDSE] Running TDSE-SH-elliptical. step 23600, energy = -0.27573844452346336
  |->  par_lens = 141, 142, 138
[TDSE] Running TDSE-SH-elliptical. step 23800, energy = -0.2533816899496046
  |->  par_lens = 152, 155, 152
[TDSE] Running TDSE-SH-elliptical. step 24000, energy = -0.27149372084928375
  |->  par_lens = 174, 174, 173
[TDSE] Running TDSE-SH-elliptical. step 24200, energy = -0.30804144531480077
  |->  par_lens = 190, 188, 188
[TDSE] Running TDSE-SH-elliptical. step 24400, energy = -0.3215189767715418
  |->  par_lens = 195, 195, 193
[TDSE] Running TDSE-SH-elliptical. step 24600, energy = -0.29829046832385203
  |->  par_lens = 189, 188, 190
[TDSE] Running TDSE-SH-elliptical. step 24800, energy = -0.2676397934238739
  |->  par_lens = 182, 180, 181
[TDSE] Running TDSE-SH-elliptical. step 25000, energy = -0.2655896866785236
  |->  par_lens = 177, 177, 174
[TDSE] Running TDSE-SH-elliptical. step 25200, energy = -0.29171003324963546
  |->  par_lens = 184, 185, 182
[TDSE] Running TDSE-SH-elliptical. step 25400, energy = -0.3087842668207151
  |->  par_lens = 187, 189, 185
[TDSE] Running TDSE-SH-elliptical. step 25600, energy = -0.28640481883494256
  |->  par_lens = 193, 192, 192
[TDSE] Running TDSE-SH-elliptical. step 25800, energy = -0.2400594732604167
  |->  par_lens = 198, 195, 191
[TDSE] Running TDSE-SH-elliptical. step 26000, energy = -0.21586790326368602
  |->  par_lens = 202, 202, 203
[TDSE] Running TDSE-SH-elliptical. step 26200, energy = -0.23833366585337587
  |->  par_lens = 219, 220, 221
[TDSE] Running TDSE-SH-elliptical. step 26400, energy = -0.2836927509345665
  |->  par_lens = 237, 234, 239
[TDSE] Running TDSE-SH-elliptical. step 26600, energy = -0.30539564557368154
  |->  par_lens = 247, 237, 242
[TDSE] Running TDSE-SH-elliptical. step 26800, energy = -0.2867281570949403
  |->  par_lens = 236, 233, 240
[TDSE] Running TDSE-SH-elliptical. step 27000, energy = -0.25796888641401083
  |->  par_lens = 228, 227, 222
[TDSE] Running TDSE-SH-elliptical. step 27200, energy = -0.25761632374064053
  |->  par_lens = 216, 214, 224
[TDSE] Running TDSE-SH-elliptical. step 27400, energy = -0.28653207625064603
  |->  par_lens = 215, 213, 224
[TDSE] Running TDSE-SH-elliptical. step 27600, energy = -0.30746771128091716
  |->  par_lens = 213, 218, 223
[TDSE] Running TDSE-SH-elliptical. step 27800, energy = -0.289192564108805
  |->  par_lens = 216, 217, 221
[TDSE] Running TDSE-SH-elliptical. step 28000, energy = -0.2462622519240379
  |->  par_lens = 224, 227, 231
[TDSE] Running TDSE-SH-elliptical. step 28200, energy = -0.223995676470095
  |->  par_lens = 235, 237, 239
[TDSE] Running TDSE-SH-elliptical. step 28400, energy = -0.24729165341307938
  |->  par_lens = 252, 254, 250
[TDSE] Running TDSE-SH-elliptical. step 28600, energy = -0.29466562231411586
  |->  par_lens = 269, 267, 268
[TDSE] Running TDSE-SH-elliptical. step 28800, energy = -0.3219952507932132
  |->  par_lens = 272, 271, 272
[TDSE] Running TDSE-SH-elliptical. step 29000, energy = -0.3119843848557095
  |->  par_lens = 267, 263, 266
[TDSE] Running TDSE-SH-elliptical. step 29200, energy = -0.2904216684467409
  |->  par_lens = 255, 252, 249
[TDSE] Running TDSE-SH-elliptical. step 29400, energy = -0.2916998017461461
  |->  par_lens = 234, 234, 234
[TDSE] Running TDSE-SH-elliptical. step 29600, energy = -0.31797555709803627
  |->  par_lens = 229, 237, 229
[TDSE] Running TDSE-SH-elliptical. step 29800, energy = -0.3380316455329803
  |->  par_lens = 228, 226, 226
[TDSE] Running TDSE-SH-elliptical. step 30000, energy = -0.32531668808072384
  |->  par_lens = 233, 232, 228
[TDSE] Running TDSE-SH-elliptical. step 30200, energy = -0.29153673751102893
  |->  par_lens = 237, 242, 241
[TDSE] Running TDSE-SH-elliptical. step 30400, energy = -0.27412281177945197
  |->  par_lens = 255, 251, 248
[TDSE] Running TDSE-SH-elliptical. step 30600, energy = -0.2945034579289982
  |->  par_lens = 266, 267, 263
[TDSE] Running TDSE-SH-elliptical. step 30800, energy = -0.33632058495143297
  |->  par_lens = 277, 281, 279
[TDSE] Running TDSE-SH-elliptical. step 31000, energy = -0.36431121864131955
  |->  par_lens = 282, 283, 281
[TDSE] Running TDSE-SH-elliptical. step 31200, energy = -0.3634329311067029
  |->  par_lens = 279, 281, 273
[TDSE] Running TDSE-SH-elliptical. step 31400, energy = -0.35148761817775354
  |->  par_lens = 267, 271, 267
[TDSE] Running TDSE-SH-elliptical. step 31600, energy = -0.35387466565673226
  |->  par_lens = 254, 256, 260
[TDSE] Running TDSE-SH-elliptical. step 31800, energy = -0.37323411129489703
  |->  par_lens = 235, 246, 245
[TDSE] Running TDSE-SH-elliptical. step 32000, energy = -0.3880212616488368
  |->  par_lens = 233, 237, 237
[TDSE] Running TDSE-SH-elliptical. step 32200, energy = -0.3800692238356555
  |->  par_lens = 235, 242, 237
[TDSE] Running TDSE-SH-elliptical. step 32400, energy = -0.3575318473954734
  |->  par_lens = 246, 250, 248
[TDSE] Running TDSE-SH-elliptical. step 32600, energy = -0.34615250031066375
  |->  par_lens = 257, 260, 259
[TDSE] Running TDSE-SH-elliptical. step 32800, energy = -0.3611132941947918
  |->  par_lens = 272, 275, 273
[TDSE] Running TDSE-SH-elliptical. step 33000, energy = -0.3919517067772966
  |->  par_lens = 283, 286, 286
[TDSE] Running TDSE-SH-elliptical. step 33200, energy = -0.41543693824590733
  |->  par_lens = 287, 287, 289
[TDSE] Running TDSE-SH-elliptical. step 33400, energy = -0.42069546776980377
  |->  par_lens = 287, 290, 284
[TDSE] Running TDSE-SH-elliptical. step 33600, energy = -0.4172491918007656
  |->  par_lens = 276, 275, 281
[TDSE] Running TDSE-SH-elliptical. step 33800, energy = -0.41999589288126876
  |->  par_lens = 272, 271, 271
[TDSE] Running TDSE-SH-elliptical. step 34000, energy = -0.4309852101036909
  |->  par_lens = 259, 263, 264
[TDSE] Running TDSE-SH-elliptical. step 34200, energy = -0.4386759323645353
  |->  par_lens = 252, 258, 256
[TDSE] Running TDSE-SH-elliptical. step 34400, energy = -0.43369778201264897
  |->  par_lens = 256, 254, 246
[TDSE] Running TDSE-SH-elliptical. step 34600, energy = -0.42105067090745774
  |->  par_lens = 265, 259, 259
[TDSE] Running TDSE-SH-elliptical. step 34800, energy = -0.41502378981307103
  |->  par_lens = 268, 266, 273
[TDSE] Running TDSE-SH-elliptical. step 35000, energy = -0.42396495000862994
  |->  par_lens = 285, 283, 282
[TDSE] Running TDSE-SH-elliptical. step 35200, energy = -0.4424487923696146
  |->  par_lens = 291, 293, 292
[TDSE] Running TDSE-SH-elliptical. step 35400, energy = -0.45834760610239983
  |->  par_lens = 294, 295, 295
[TDSE] Running TDSE-SH-elliptical. step 35600, energy = -0.4652993603851673
  |->  par_lens = 292, 294, 292
[TDSE] Running TDSE-SH-elliptical. step 35800, energy = -0.4667425465811011
  |->  par_lens = 290, 292, 290
[TDSE] Running TDSE-SH-elliptical. step 36000, energy = -0.4690046058595098
  |->  par_lens = 283, 289, 282
[TDSE] Running TDSE-SH-elliptical. step 36200, energy = -0.4732167881778596
  |->  par_lens = 281, 278, 277
[TDSE] Running TDSE-SH-elliptical. step 36400, energy = -0.4751601065778874
  |->  par_lens = 278, 276, 270
[TDSE] Running TDSE-SH-elliptical. step 36600, energy = -0.4718068056678719
  |->  par_lens = 272, 273, 268
[TDSE] Running TDSE-SH-elliptical. step 36800, energy = -0.4658604920079827
  |->  par_lens = 278, 274, 272
[TDSE] Running TDSE-SH-elliptical. step 37000, energy = -0.463299511722666
  |->  par_lens = 280, 276, 280
[TDSE] Running TDSE-SH-elliptical. step 37200, energy = -0.46736419224014847
  |->  par_lens = 285, 286, 277
[TDSE] Running TDSE-SH-elliptical. step 37400, energy = -0.47587817963884066
  |->  par_lens = 291, 289, 283
[TDSE] Running TDSE-SH-elliptical. step 37600, energy = -0.4841091999964946
  |->  par_lens = 294, 291, 286
[TDSE] Running TDSE-SH-elliptical. step 37800, energy = -0.4892110705021805
  |->  par_lens = 292, 290, 285
[TDSE] Running TDSE-SH-elliptical. step 38000, energy = -0.4916076656339825
  |->  par_lens = 291, 287, 285
[TDSE] Running TDSE-SH-elliptical. step 38200, energy = -0.49288317730591374
  |->  par_lens = 282, 283, 277
[TDSE] Running TDSE-SH-elliptical. step 38400, energy = -0.49350262077916185
  |->  par_lens = 281, 284, 272
[TDSE] Running TDSE-SH-elliptical. step 38600, energy = -0.49283216439738736
  |->  par_lens = 275, 275, 272
[TDSE] Running TDSE-SH-elliptical. step 38800, energy = -0.4907412217923762
  |->  par_lens = 268, 270, 270
[TDSE] Running TDSE-SH-elliptical. step 39000, energy = -0.4884256102221559
  |->  par_lens = 270, 271, 273
[TDSE] Running TDSE-SH-elliptical. step 39200, energy = -0.48752453917309685
  |->  par_lens = 270, 271, 271
[TDSE] Running TDSE-SH-elliptical. step 39400, energy = -0.4887164701574818
  |->  par_lens = 273, 275, 271
[TDSE] Running TDSE-SH-elliptical. step 39600, energy = -0.49132970110525814
  |->  par_lens = 272, 276, 275
[TDSE] Running TDSE-SH-elliptical. step 39800, energy = -0.49412125736260304
  |->  par_lens = 273, 276, 277
[TDSE] Running TDSE-SH-elliptical. step 40000, energy = -0.4962179596717734
  |->  par_lens = 271, 277, 277
[TDSE] Running TDSE-SH-elliptical. step 40200, energy = -0.49739311730605457
  |->  par_lens = 270, 275, 277
[TDSE] Running TDSE-SH-elliptical. step 40400, energy = -0.49777488315572177
  |->  par_lens = 269, 273, 276
[TDSE] Running TDSE-SH-elliptical. step 40600, energy = -0.49754761951703497
  |->  par_lens = 269, 271, 276
[TDSE] Running TDSE-SH-elliptical. step 40800, energy = -0.4969162790212977
  |->  par_lens = 269, 271, 276
[TDSE] Running TDSE-SH-elliptical. step 41000, energy = -0.4961650358642454
  |->  par_lens = 270, 272, 276
[TDSE] Running TDSE-SH-elliptical. step 41200, energy = -0.4955948120710299
  |->  par_lens = 272, 272, 276
[TDSE] Running TDSE-SH-elliptical. step 41400, energy = -0.4953817796464839
  |->  par_lens = 273, 276, 276
[TDSE] Running TDSE-SH-elliptical. step 41600, energy = -0.49550156370792997
  |->  par_lens = 276, 279, 277
[TDSE] Running TDSE-SH-elliptical. step 41800, energy = -0.495796213264993
  |->  par_lens = 277, 281, 279
[TDSE] Running TDSE-SH-elliptical. step 42000, energy = -0.4960951231949847
  |->  par_lens = 279, 282, 280
[TDSE] Running TDSE-SH-elliptical. step 42200, energy = -0.4962948634227696
  |->  par_lens = 282, 282, 281
[TDSE] Running TDSE-SH-elliptical. step 42400, energy = -0.4963798752381497
  |->  par_lens = 281, 282, 282
[TDSE] Running TDSE-SH-elliptical. step 42600, energy = -0.49638804610253734
  |->  par_lens = 285, 284, 283
[TDSE] Running TDSE-SH-elliptical. step 42800, energy = -0.49637124527154175
  |->  par_lens = 286, 285, 284
[TDSE] Running TDSE-SH-elliptical. step 43000, energy = -0.49636103381721813
  |->  par_lens = 287, 285, 288
[TDSE] Running TDSE-SH-elliptical. step 43200, energy = -0.49635817316498876
  |->  par_lens = 289, 288, 288
[TDSE] Running TDSE-SH-elliptical. step 43400, energy = -0.4963571962288062
  |->  par_lens = 291, 290, 291
[TDSE] Running TDSE-SH-elliptical. step 43600, energy = -0.49635707756402564
  |->  par_lens = 292, 293, 292
[TDSE] Running TDSE-SH-elliptical. step 43800, energy = -0.4963565772636093
  |->  par_lens = 296, 294, 293
[TDSE] Running TDSE-SH-elliptical. step 44000, energy = -0.49635621124988444
  |->  par_lens = 296, 296, 296
[TDSE] Running TDSE-SH-elliptical. step 44200, energy = -0.49635665600966705
  |->  par_lens = 299, 298, 297
[TDSE] Running TDSE-SH-elliptical. step 44400, energy = -0.49635998131452663
  |->  par_lens = 301, 300, 298
[TDSE] Running TDSE-SH-elliptical. step 44600, energy = -0.49636641351498595
  |->  par_lens = 305, 302, 299
[TDSE] Running TDSE-SH-elliptical. step 44800, energy = -0.49637321899739795
  |->  par_lens = 306, 304, 303
[TDSE] Running TDSE-SH-elliptical. step 45000, energy = -0.4963772977422474
  |->  par_lens = 308, 305, 304
