  Activating project at `~/JuliaProp_v0.1`
[ITP]: 10000.500151030976
[ITP]: 3.0490838964780664e-8
[ITP]: 7.575335692067142e-9
Energy of ground state: -0.5001510690415283
[TDSE] Start TDSE-SH for elliptical polarized laser. It may cost a plenty of time.
[TDSE] Running TDSE-SH-elliptical. step 0, energy = -0.5001510690415277
  |->  par_lens = 2, 2, 2
[TDSE] Running TDSE-SH-elliptical. step 200, energy = -0.5001510690413828
  |->  par_lens = 2, 2, 2
[TDSE] Running TDSE-SH-elliptical. step 400, energy = -0.5001510690411064
  |->  par_lens = 2, 2, 2
[TDSE] Running TDSE-SH-elliptical. step 600, energy = -0.5001510690395562
  |->  par_lens = 2, 2, 2
[TDSE] Running TDSE-SH-elliptical. step 800, energy = -0.500151069032173
  |->  par_lens = 2, 2, 2
[TDSE] Running TDSE-SH-elliptical. step 1000, energy = -0.5001510690073453
  |->  par_lens = 2, 2, 2
[TDSE] Running TDSE-SH-elliptical. step 1200, energy = -0.500151068941049
  |->  par_lens = 2, 2, 2
[TDSE] Running TDSE-SH-elliptical. step 1400, energy = -0.500151068790507
  |->  par_lens = 2, 2, 2
[TDSE] Running TDSE-SH-elliptical. step 1600, energy = -0.5001510684866275
  |->  par_lens = 2, 2, 2
[TDSE] Running TDSE-SH-elliptical. step 1800, energy = -0.5001510679245675
  |->  par_lens = 2, 2, 2
[TDSE] Running TDSE-SH-elliptical. step 2000, energy = -0.5001510669578784
  |->  par_lens = 2, 2, 2
[TDSE] Running TDSE-SH-elliptical. step 2200, energy = -0.5001510653795657
  |->  par_lens = 2, 2, 2
[TDSE] Running TDSE-SH-elliptical. step 2400, energy = -0.50015106292815
  |->  par_lens = 2, 2, 2
[TDSE] Running TDSE-SH-elliptical. step 2600, energy = -0.5001510592585474
  |->  par_lens = 2, 2, 2
[TDSE] Running TDSE-SH-elliptical. step 2800, energy = -0.5001510539406233
  |->  par_lens = 2, 2, 2
[TDSE] Running TDSE-SH-elliptical. step 3000, energy = -0.5001510464672182
  |->  par_lens = 2, 2, 2
[TDSE] Running TDSE-SH-elliptical. step 3200, energy = -0.5001510361848355
  |->  par_lens = 2, 2, 2
[TDSE] Running TDSE-SH-elliptical. step 3400, energy = -0.5001510224134369
  |->  par_lens = 2, 2, 2
[TDSE] Running TDSE-SH-elliptical. step 3600, energy = -0.5001510042219868
  |->  par_lens = 2, 2, 2
[TDSE] Running TDSE-SH-elliptical. step 3800, energy = -0.500150980675521
  |->  par_lens = 2, 2, 2
[TDSE] Running TDSE-SH-elliptical. step 4000, energy = -0.5001509507608165
  |->  par_lens = 2, 2, 2
[TDSE] Running TDSE-SH-elliptical. step 4200, energy = -0.500150912991387
  |->  par_lens = 2, 2, 2
[TDSE] Running TDSE-SH-elliptical. step 4400, energy = -0.5001508663012081
  |->  par_lens = 2, 2, 2
[TDSE] Running TDSE-SH-elliptical. step 4600, energy = -0.5001508090161239
  |->  par_lens = 2, 2, 2
[TDSE] Running TDSE-SH-elliptical. step 4800, energy = -0.5001507395926474
  |->  par_lens = 2, 2, 2
[TDSE] Running TDSE-SH-elliptical. step 5000, energy = -0.500150656330882
  |->  par_lens = 2, 2, 2
[TDSE] Running TDSE-SH-elliptical. step 5200, energy = -0.5001505570123953
  |->  par_lens = 2, 2, 2
[TDSE] Running TDSE-SH-elliptical. step 5400, energy = -0.5001504408117909
  |->  par_lens = 2, 2, 2
[TDSE] Running TDSE-SH-elliptical. step 5600, energy = -0.500150304232303
  |->  par_lens = 2, 2, 2
[TDSE] Running TDSE-SH-elliptical. step 5800, energy = -0.5001501458716616
  |->  par_lens = 2, 2, 2
[TDSE] Running TDSE-SH-elliptical. step 6000, energy = -0.5001499645441239
  |->  par_lens = 2, 2, 2
[TDSE] Running TDSE-SH-elliptical. step 6200, energy = -0.5001497561700818
  |->  par_lens = 2, 2, 2
[TDSE] Running TDSE-SH-elliptical. step 6400, energy = -0.5001495204558992
  |->  par_lens = 2, 2, 2
[TDSE] Running TDSE-SH-elliptical. step 6600, energy = -0.5001492533412546
  |->  par_lens = 2, 2, 2
[TDSE] Running TDSE-SH-elliptical. step 6800, energy = -0.5001489549887832
  |->  par_lens = 2, 2, 2
[TDSE] Running TDSE-SH-elliptical. step 7000, energy = -0.5001486223610874
  |->  par_lens = 2, 2, 2
[TDSE] Running TDSE-SH-elliptical. step 7200, energy = -0.5001482505769159
  |->  par_lens = 2, 2, 2
[TDSE] Running TDSE-SH-elliptical. step 7400, energy = -0.500147844542613
  |->  par_lens = 2, 2, 2
[TDSE] Running TDSE-SH-elliptical. step 7600, energy = -0.5001473956300425
  |->  par_lens = 2, 2, 2
[TDSE] Running TDSE-SH-elliptical. step 7800, energy = -0.500146905755719
  |->  par_lens = 2, 2, 2
[TDSE] Running TDSE-SH-elliptical. step 8000, energy = -0.5001463746536849
  |->  par_lens = 2, 2, 2
[TDSE] Running TDSE-SH-elliptical. step 8200, energy = -0.5001457960027019
  |->  par_lens = 2, 2, 2
[TDSE] Running TDSE-SH-elliptical. step 8400, energy = -0.500145177357949
  |->  par_lens = 2, 2, 2
[TDSE] Running TDSE-SH-elliptical. step 8600, energy = -0.5001445080571635
  |->  par_lens = 2, 2, 2
[TDSE] Running TDSE-SH-elliptical. step 8800, energy = -0.5001437968940856
  |->  par_lens = 2, 2, 2
[TDSE] Running TDSE-SH-elliptical. step 9000, energy = -0.5001430388457296
  |->  par_lens = 2, 2, 2
[TDSE] Running TDSE-SH-elliptical. step 9200, energy = -0.5001422290266764
  |->  par_lens = 2, 2, 2
[TDSE] Running TDSE-SH-elliptical. step 9400, energy = -0.5001413870595656
  |->  par_lens = 4, 2, 2
[TDSE] Running TDSE-SH-elliptical. step 9600, energy = -0.5001404885843974
  |->  par_lens = 4, 2, 2
[TDSE] Running TDSE-SH-elliptical. step 9800, energy = -0.5001395488048879
  |->  par_lens = 4, 3, 3
[TDSE] Running TDSE-SH-elliptical. step 10000, energy = -0.5001385729614303
  |->  par_lens = 4, 3, 3
[TDSE] Running TDSE-SH-elliptical. step 10200, energy = -0.5001373794020167
  |->  par_lens = 4, 3, 3
[TDSE] Running TDSE-SH-elliptical. step 10400, energy = -0.5001350268651067
  |->  par_lens = 4, 3, 3
[TDSE] Running TDSE-SH-elliptical. step 10600, energy = -0.5001326159720993
  |->  par_lens = 4, 3, 3
[TDSE] Running TDSE-SH-elliptical. step 10800, energy = -0.500133516804526
  |->  par_lens = 4, 3, 3
[TDSE] Running TDSE-SH-elliptical. step 11000, energy = -0.5001394121682017
  |->  par_lens = 4, 3, 3
[TDSE] Running TDSE-SH-elliptical. step 11200, energy = -0.5001429992497419
  |->  par_lens = 4, 3, 3
[TDSE] Running TDSE-SH-elliptical. step 11400, energy = -0.5001293456401973
  |->  par_lens = 4, 3, 3
[TDSE] Running TDSE-SH-elliptical. step 11600, energy = -0.5000890825274141
  |->  par_lens = 4, 3, 3
[TDSE] Running TDSE-SH-elliptical. step 11800, energy = -0.500022393799646
  |->  par_lens = 4, 4, 3
[TDSE] Running TDSE-SH-elliptical. step 12000, energy = -0.49990753552015965
  |->  par_lens = 5, 4, 4
[TDSE] Running TDSE-SH-elliptical. step 12200, energy = -0.49967694968587567
  |->  par_lens = 5, 5, 5
[TDSE] Running TDSE-SH-elliptical. step 12400, energy = -0.4992779597018218
  |->  par_lens = 5, 5, 6
[TDSE] Running TDSE-SH-elliptical. step 12600, energy = -0.49880154318807823
  |->  par_lens = 6, 7, 7
[TDSE] Running TDSE-SH-elliptical. step 12800, energy = -0.498498391988558
  |->  par_lens = 7, 7, 7
[TDSE] Running TDSE-SH-elliptical. step 13000, energy = -0.49852890209293543
  |->  par_lens = 9, 7, 7
[TDSE] Running TDSE-SH-elliptical. step 13200, energy = -0.49867581032045843
  |->  par_lens = 9, 7, 7
[TDSE] Running TDSE-SH-elliptical. step 13400, energy = -0.4984430628445117
  |->  par_lens = 9, 7, 8
[TDSE] Running TDSE-SH-elliptical. step 13600, energy = -0.4976041459105908
  |->  par_lens = 9, 7, 8
[TDSE] Running TDSE-SH-elliptical. step 13800, energy = -0.49661128809476546
  |->  par_lens = 9, 8, 9
[TDSE] Running TDSE-SH-elliptical. step 14000, energy = -0.49610380143810306
  |->  par_lens = 9, 9, 9
[TDSE] Running TDSE-SH-elliptical. step 14200, energy = -0.49593394618604136
  |->  par_lens = 9, 9, 9
[TDSE] Running TDSE-SH-elliptical. step 14400, energy = -0.4949325964609005
  |->  par_lens = 10, 9, 9
[TDSE] Running TDSE-SH-elliptical. step 14600, energy = -0.49219217687872874
  |->  par_lens = 11, 10, 11
[TDSE] Running TDSE-SH-elliptical. step 14800, energy = -0.48864763579254494
  |->  par_lens = 13, 12, 12
[TDSE] Running TDSE-SH-elliptical. step 15000, energy = -0.48664668672632183
  |->  par_lens = 15, 14, 13
[TDSE] Running TDSE-SH-elliptical. step 15200, energy = -0.48743244466605834
  |->  par_lens = 17, 18, 17
[TDSE] Running TDSE-SH-elliptical. step 15400, energy = -0.4891446711700999
  |->  par_lens = 18, 20, 18
[TDSE] Running TDSE-SH-elliptical. step 15600, energy = -0.4883125301024163
  |->  par_lens = 19, 20, 18
[TDSE] Running TDSE-SH-elliptical. step 15800, energy = -0.48391752278566136
  |->  par_lens = 19, 20, 19
[TDSE] Running TDSE-SH-elliptical. step 16000, energy = -0.47911128844745315
  |->  par_lens = 19, 20, 19
[TDSE] Running TDSE-SH-elliptical. step 16200, energy = -0.4778482960127081
  |->  par_lens = 21, 18, 19
[TDSE] Running TDSE-SH-elliptical. step 16400, energy = -0.479475290565129
  |->  par_lens = 22, 22, 18
[TDSE] Running TDSE-SH-elliptical. step 16600, energy = -0.47833502293868235
  |->  par_lens = 21, 21, 21
[TDSE] Running TDSE-SH-elliptical. step 16800, energy = -0.47018879976793715
  |->  par_lens = 21, 20, 20
[TDSE] Running TDSE-SH-elliptical. step 17000, energy = -0.45850680668764193
  |->  par_lens = 22, 24, 25
[TDSE] Running TDSE-SH-elliptical. step 17200, energy = -0.4522977196540742
  |->  par_lens = 32, 30, 29
[TDSE] Running TDSE-SH-elliptical. step 17400, energy = -0.4560430324421974
  |->  par_lens = 36, 36, 36
[TDSE] Running TDSE-SH-elliptical. step 17600, energy = -0.4632910919013131
  |->  par_lens = 42, 41, 41
[TDSE] Running TDSE-SH-elliptical. step 17800, energy = -0.4626604989136604
  |->  par_lens = 41, 44, 42
[TDSE] Running TDSE-SH-elliptical. step 18000, energy = -0.4510046594987651
  |->  par_lens = 41, 41, 42
[TDSE] Running TDSE-SH-elliptical. step 18200, energy = -0.4382605359003743
  |->  par_lens = 39, 40, 36
[TDSE] Running TDSE-SH-elliptical. step 18400, energy = -0.43626328818677496
  |->  par_lens = 43, 38, 37
[TDSE] Running TDSE-SH-elliptical. step 18600, energy = -0.4435685630777618
  |->  par_lens = 43, 44, 40
[TDSE] Running TDSE-SH-elliptical. step 18800, energy = -0.44498063982276126
  |->  par_lens = 45, 44, 41
[TDSE] Running TDSE-SH-elliptical. step 19000, energy = -0.42899376076508794
  |->  par_lens = 44, 45, 43
[TDSE] Running TDSE-SH-elliptical. step 19200, energy = -0.4037069493719905
  |->  par_lens = 47, 49, 47
[TDSE] Running TDSE-SH-elliptical. step 19400, energy = -0.3905289718099181
  |->  par_lens = 59, 55, 57
[TDSE] Running TDSE-SH-elliptical. step 19600, energy = -0.4002592430310854
  |->  par_lens = 69, 71, 70
[TDSE] Running TDSE-SH-elliptical. step 19800, energy = -0.41873271074768154
  |->  par_lens = 82, 82, 80
[TDSE] Running TDSE-SH-elliptical. step 20000, energy = -0.4209388342376558
  |->  par_lens = 82, 82, 82
[TDSE] Running TDSE-SH-elliptical. step 20200, energy = -0.399862530869007
  |->  par_lens = 81, 81, 80
[TDSE] Running TDSE-SH-elliptical. step 20400, energy = -0.3759686451613541
  |->  par_lens = 73, 77, 74
[TDSE] Running TDSE-SH-elliptical. step 20600, energy = -0.37354947079558654
  |->  par_lens = 75, 74, 76
[TDSE] Running TDSE-SH-elliptical. step 20800, energy = -0.3906544755920717
  |->  par_lens = 85, 82, 84
[TDSE] Running TDSE-SH-elliptical. step 21000, energy = -0.3984559778693104
  |->  par_lens = 85, 84, 84
[TDSE] Running TDSE-SH-elliptical. step 21200, energy = -0.3746852262058389
  |->  par_lens = 90, 87, 88
[TDSE] Running TDSE-SH-elliptical. step 21400, energy = -0.33311348000658775
  |->  par_lens = 89, 90, 90
[TDSE] Running TDSE-SH-elliptical. step 21600, energy = -0.3115779039419698
  |->  par_lens = 101, 99, 102
[TDSE] Running TDSE-SH-elliptical. step 21800, energy = -0.32938238552600047
  |->  par_lens = 122, 120, 121
[TDSE] Running TDSE-SH-elliptical. step 22000, energy = -0.3635987274355357
  |->  par_lens = 136, 137, 136
[TDSE] Running TDSE-SH-elliptical. step 22200, energy = -0.37241503274116056
  |->  par_lens = 141, 139, 140
[TDSE] Running TDSE-SH-elliptical. step 22400, energy = -0.3433805960592622
  |->  par_lens = 134, 134, 136
[TDSE] Running TDSE-SH-elliptical. step 22600, energy = -0.3085433545230178
  |->  par_lens = 127, 126, 125
[TDSE] Running TDSE-SH-elliptical. step 22800, energy = -0.30621563699535526
  |->  par_lens = 129, 125, 125
[TDSE] Running TDSE-SH-elliptical. step 23000, energy = -0.3347221057755409
  |->  par_lens = 134, 134, 129
[TDSE] Running TDSE-SH-elliptical. step 23200, energy = -0.35164037494815786
  |->  par_lens = 135, 135, 137
[TDSE] Running TDSE-SH-elliptical. step 23400, energy = -0.3231162746278768
  |->  par_lens = 138, 138, 139
[TDSE] Running TDSE-SH-elliptical. step 23600, energy = -0.26775900500865674
  |->  par_lens = 141, 145, 143
[TDSE] Running TDSE-SH-elliptical. step 23800, energy = -0.23907166572940827
  |->  par_lens = 153, 152, 155
[TDSE] Running TDSE-SH-elliptical. step 24000, energy = -0.26461841257456536
  |->  par_lens = 176, 176, 177
[TDSE] Running TDSE-SH-elliptical. step 24200, energy = -0.3147560113517842
  |->  par_lens = 197, 200, 199
[TDSE] Running TDSE-SH-elliptical. step 24400, energy = -0.3330899850580306
  |->  par_lens = 204, 206, 204
[TDSE] Running TDSE-SH-elliptical. step 24600, energy = -0.3014259467875618
  |->  par_lens = 200, 199, 199
[TDSE] Running TDSE-SH-elliptical. step 24800, energy = -0.26016290914493867
  |->  par_lens = 182, 187, 183
[TDSE] Running TDSE-SH-elliptical. step 25000, energy = -0.2585051008066841
  |->  par_lens = 178, 182, 182
[TDSE] Running TDSE-SH-elliptical. step 25200, energy = -0.29582622440412276
  |->  par_lens = 188, 188, 187
[TDSE] Running TDSE-SH-elliptical. step 25400, energy = -0.3213249068800621
  |->  par_lens = 198, 198, 198
[TDSE] Running TDSE-SH-elliptical. step 25600, energy = -0.29294774494580683
  |->  par_lens = 200, 197, 196
[TDSE] Running TDSE-SH-elliptical. step 25800, energy = -0.2313786649274386
  |->  par_lens = 199, 202, 205
[TDSE] Running TDSE-SH-elliptical. step 26000, energy = -0.19925788512337098
  |->  par_lens = 213, 216, 214
[TDSE] Running TDSE-SH-elliptical. step 26200, energy = -0.2294677858415605
  |->  par_lens = 233, 236, 231
[TDSE] Running TDSE-SH-elliptical. step 26400, energy = -0.2901225024313915
  |->  par_lens = 249, 251, 252
[TDSE] Running TDSE-SH-elliptical. step 26600, energy = -0.3180324508782422
  |->  par_lens = 252, 254, 252
[TDSE] Running TDSE-SH-elliptical. step 26800, energy = -0.2909157963894091
  |->  par_lens = 248, 250, 250
[TDSE] Running TDSE-SH-elliptical. step 27000, energy = -0.25068006005697396
  |->  par_lens = 231, 235, 237
[TDSE] Running TDSE-SH-elliptical. step 27200, energy = -0.2500080906503312
  |->  par_lens = 220, 221, 225
[TDSE] Running TDSE-SH-elliptical. step 27400, energy = -0.28999537499063416
  |->  par_lens = 229, 222, 226
[TDSE] Running TDSE-SH-elliptical. step 27600, energy = -0.31982039537344387
  |->  par_lens = 230, 233, 231
[TDSE] Running TDSE-SH-elliptical. step 27800, energy = -0.2961687443813494
  |->  par_lens = 235, 230, 239
[TDSE] Running TDSE-SH-elliptical. step 28000, energy = -0.23832694777275398
  |->  par_lens = 243, 237, 244
[TDSE] Running TDSE-SH-elliptical. step 28200, energy = -0.20772091508600976
  |->  par_lens = 250, 253, 247
[TDSE] Running TDSE-SH-elliptical. step 28400, energy = -0.2377164913585067
  |->  par_lens = 268, 268, 264
[TDSE] Running TDSE-SH-elliptical. step 28600, energy = -0.2995603108139115
  |->  par_lens = 281, 284, 279
[TDSE] Running TDSE-SH-elliptical. step 28800, energy = -0.3334688064143216
  |->  par_lens = 290, 285, 283
[TDSE] Running TDSE-SH-elliptical. step 29000, energy = -0.31652630711954843
  |->  par_lens = 284, 276, 279
[TDSE] Running TDSE-SH-elliptical. step 29200, energy = -0.284620397393485
  |->  par_lens = 265, 268, 262
[TDSE] Running TDSE-SH-elliptical. step 29400, energy = -0.28491876072151306
  |->  par_lens = 252, 253, 256
[TDSE] Running TDSE-SH-elliptical. step 29600, energy = -0.3203426235529186
  |->  par_lens = 245, 243, 242
[TDSE] Running TDSE-SH-elliptical. step 29800, energy = -0.3481667004686486
  |->  par_lens = 246, 244, 241
[TDSE] Running TDSE-SH-elliptical. step 30000, energy = -0.3314247962880921
  |->  par_lens = 255, 252, 252
[TDSE] Running TDSE-SH-elliptical. step 30200, energy = -0.28541221590423566
  |->  par_lens = 258, 261, 256
[TDSE] Running TDSE-SH-elliptical. step 30400, energy = -0.26063412255065305
  |->  par_lens = 268, 274, 267
[TDSE] Running TDSE-SH-elliptical. step 30600, energy = -0.28581717170969184
  |->  par_lens = 286, 287, 287
[TDSE] Running TDSE-SH-elliptical. step 30800, energy = -0.33909965636775874
  |->  par_lens = 301, 301, 299
[TDSE] Running TDSE-SH-elliptical. step 31000, energy = -0.3728698948406711
  |->  par_lens = 305, 302, 304
[TDSE] Running TDSE-SH-elliptical. step 31200, energy = -0.3674392738584184
  |->  par_lens = 302, 300, 297
[TDSE] Running TDSE-SH-elliptical. step 31400, energy = -0.3478052536962285
  |->  par_lens = 289, 291, 288
[TDSE] Running TDSE-SH-elliptical. step 31600, energy = -0.348945450984303
  |->  par_lens = 277, 277, 272
[TDSE] Running TDSE-SH-elliptical. step 31800, energy = -0.3745190833406879
  |->  par_lens = 261, 265, 260
[TDSE] Running TDSE-SH-elliptical. step 32000, energy = -0.39480881979199245
  |->  par_lens = 255, 258, 260
[TDSE] Running TDSE-SH-elliptical. step 32200, energy = -0.384354073968789
  |->  par_lens = 256, 263, 259
[TDSE] Running TDSE-SH-elliptical. step 32400, energy = -0.35352482761891035
  |->  par_lens = 269, 266, 274
[TDSE] Running TDSE-SH-elliptical. step 32600, energy = -0.33680173295654914
  |->  par_lens = 284, 285, 286
[TDSE] Running TDSE-SH-elliptical. step 32800, energy = -0.354550336825678
  |->  par_lens = 296, 298, 296
[TDSE] Running TDSE-SH-elliptical. step 33000, energy = -0.39280831623373763
  |->  par_lens = 312, 312, 308
[TDSE] Running TDSE-SH-elliptical. step 33200, energy = -0.4204521722520995
  |->  par_lens = 313, 316, 312
[TDSE] Running TDSE-SH-elliptical. step 33400, energy = -0.42344032711553137
  |->  par_lens = 314, 316, 308
[TDSE] Running TDSE-SH-elliptical. step 33600, energy = -0.41545252729032733
  |->  par_lens = 303, 311, 305
[TDSE] Running TDSE-SH-elliptical. step 33800, energy = -0.41718082926416145
  |->  par_lens = 298, 292, 292
[TDSE] Running TDSE-SH-elliptical. step 34000, energy = -0.431451138964797
  |->  par_lens = 287, 283, 282
[TDSE] Running TDSE-SH-elliptical. step 34200, energy = -0.4421627494415467
  |->  par_lens = 281, 280, 279
[TDSE] Running TDSE-SH-elliptical. step 34400, energy = -0.4359030524321715
  |->  par_lens = 277, 279, 273
[TDSE] Running TDSE-SH-elliptical. step 34600, energy = -0.41878413286169675
  |->  par_lens = 283, 283, 283
[TDSE] Running TDSE-SH-elliptical. step 34800, energy = -0.4097297123277377
  |->  par_lens = 296, 291, 291
[TDSE] Running TDSE-SH-elliptical. step 35000, energy = -0.41990567987096317
  |->  par_lens = 302, 306, 303
[TDSE] Running TDSE-SH-elliptical. step 35200, energy = -0.44211815375629465
  |->  par_lens = 315, 318, 314
[TDSE] Running TDSE-SH-elliptical. step 35400, energy = -0.460351182369703
  |->  par_lens = 318, 320, 317
[TDSE] Running TDSE-SH-elliptical. step 35600, energy = -0.46658065968930074
  |->  par_lens = 319, 320, 317
[TDSE] Running TDSE-SH-elliptical. step 35800, energy = -0.46607262552900286
  |->  par_lens = 317, 316, 311
[TDSE] Running TDSE-SH-elliptical. step 36000, energy = -0.46775985106148804
  |->  par_lens = 312, 313, 310
[TDSE] Running TDSE-SH-elliptical. step 36200, energy = -0.47319129534207616
  |->  par_lens = 304, 307, 300
[TDSE] Running TDSE-SH-elliptical. step 36400, energy = -0.4762813391102913
  |->  par_lens = 297, 303, 299
[TDSE] Running TDSE-SH-elliptical. step 36600, energy = -0.47240361930968955
  |->  par_lens = 292, 301, 294
[TDSE] Running TDSE-SH-elliptical. step 36800, energy = -0.464690458210441
  |->  par_lens = 296, 304, 294
[TDSE] Running TDSE-SH-elliptical. step 37000, energy = -0.460905244843289
  |->  par_lens = 299, 308, 303
[TDSE] Running TDSE-SH-elliptical. step 37200, energy = -0.4653333312809341
  |->  par_lens = 306, 314, 308
[TDSE] Running TDSE-SH-elliptical. step 37400, energy = -0.4751672752075056
  |->  par_lens = 312, 319, 312
[TDSE] Running TDSE-SH-elliptical. step 37600, energy = -0.48433275877364745
  |->  par_lens = 313, 320, 316
[TDSE] Running TDSE-SH-elliptical. step 37800, energy = -0.4893886557354575
  |->  par_lens = 312, 318, 313
[TDSE] Running TDSE-SH-elliptical. step 38000, energy = -0.4912859092171443
  |->  par_lens = 312, 318, 313
[TDSE] Running TDSE-SH-elliptical. step 38200, energy = -0.4923654751680089
  |->  par_lens = 304, 312, 311
[TDSE] Running TDSE-SH-elliptical. step 38400, energy = -0.4932264394388596
  |->  par_lens = 303, 309, 308
[TDSE] Running TDSE-SH-elliptical. step 38600, energy = -0.4927797486519144
  |->  par_lens = 303, 308, 303
[TDSE] Running TDSE-SH-elliptical. step 38800, energy = -0.4905256243477343
  |->  par_lens = 299, 305, 301
[TDSE] Running TDSE-SH-elliptical. step 39000, energy = -0.487786440986066
  |->  par_lens = 300, 307, 298
[TDSE] Running TDSE-SH-elliptical. step 39200, energy = -0.4865984034994904
  |->  par_lens = 301, 310, 304
[TDSE] Running TDSE-SH-elliptical. step 39400, energy = -0.4878454479467218
  |->  par_lens = 306, 309, 307
[TDSE] Running TDSE-SH-elliptical. step 39600, energy = -0.49072107954259836
  |->  par_lens = 309, 308, 308
[TDSE] Running TDSE-SH-elliptical. step 39800, energy = -0.49372705579117804
  |->  par_lens = 306, 307, 308
[TDSE] Running TDSE-SH-elliptical. step 40000, energy = -0.49588370762514417
  |->  par_lens = 306, 307, 307
[TDSE] Running TDSE-SH-elliptical. step 40200, energy = -0.497028142787551
  |->  par_lens = 306, 307, 306
[TDSE] Running TDSE-SH-elliptical. step 40400, energy = -0.4973873595944975
  |->  par_lens = 306, 306, 305
[TDSE] Running TDSE-SH-elliptical. step 40600, energy = -0.4971659048733482
  |->  par_lens = 305, 304, 304
[TDSE] Running TDSE-SH-elliptical. step 40800, energy = -0.49653388137029947
  |->  par_lens = 304, 304, 304
[TDSE] Running TDSE-SH-elliptical. step 41000, energy = -0.49575812636534305
  |->  par_lens = 303, 304, 304
[TDSE] Running TDSE-SH-elliptical. step 41200, energy = -0.49515375051187915
  |->  par_lens = 304, 305, 305
[TDSE] Running TDSE-SH-elliptical. step 41400, energy = -0.4949250121229861
  |->  par_lens = 305, 307, 306
[TDSE] Running TDSE-SH-elliptical. step 41600, energy = -0.49505146764206254
  |->  par_lens = 307, 309, 307
[TDSE] Running TDSE-SH-elliptical. step 41800, energy = -0.49536294168075445
  |->  par_lens = 307, 312, 307
[TDSE] Running TDSE-SH-elliptical. step 42000, energy = -0.49567998657292467
  |->  par_lens = 308, 313, 307
[TDSE] Running TDSE-SH-elliptical. step 42200, energy = -0.49589040629460707
  |->  par_lens = 308, 313, 310
[TDSE] Running TDSE-SH-elliptical. step 42400, energy = -0.4959833086917322
  |->  par_lens = 308, 314, 311
[TDSE] Running TDSE-SH-elliptical. step 42600, energy = -0.49599681530982515
  |->  par_lens = 309, 315, 312
[TDSE] Running TDSE-SH-elliptical. step 42800, energy = -0.49598461641055014
  |->  par_lens = 311, 315, 312
[TDSE] Running TDSE-SH-elliptical. step 43000, energy = -0.49598073183456337
  |->  par_lens = 313, 315, 314
[TDSE] Running TDSE-SH-elliptical. step 43200, energy = -0.49598209907979346
  |->  par_lens = 315, 316, 314
[TDSE] Running TDSE-SH-elliptical. step 43400, energy = -0.4959870910608304
  |->  par_lens = 317, 317, 318
[TDSE] Running TDSE-SH-elliptical. step 43600, energy = -0.49599235453405843
  |->  par_lens = 320, 318, 319
[TDSE] Running TDSE-SH-elliptical. step 43800, energy = -0.495996812887259
  |->  par_lens = 321, 320, 319
[TDSE] Running TDSE-SH-elliptical. step 44000, energy = -0.49600318830478646
  |->  par_lens = 323, 322, 322
[TDSE] Running TDSE-SH-elliptical. step 44200, energy = -0.4960085825325997
  |->  par_lens = 324, 323, 324
[TDSE] Running TDSE-SH-elliptical. step 44400, energy = -0.49601811572983445
  |->  par_lens = 325, 324, 325
[TDSE] Running TDSE-SH-elliptical. step 44600, energy = -0.49602935062974707
  |->  par_lens = 326, 327, 326
[TDSE] Running TDSE-SH-elliptical. step 44800, energy = -0.4960411948146107
  |->  par_lens = 327, 328, 327
[TDSE] Running TDSE-SH-elliptical. step 45000, energy = -0.49605262502644115
  |->  par_lens = 329, 330, 328
