  Activating project at `~/JuliaProp_v0.1`
[ITP]: 10000.500151030976
[ITP]: 3.0490838964780664e-8
[ITP]: 7.575335692067142e-9
Energy of ground state: -0.5001510690415283
[TDSE] Start TDSE-SH for elliptical polarized laser. It may cost a plenty of time.
[TDSE] Running TDSE-SH-elliptical. step 0, energy = -0.5001510690415277
  |->  par_lens = 2, 2, 2
[TDSE] Running TDSE-SH-elliptical. step 200, energy = -0.5001510690413828
  |->  par_lens = 2, 2, 2
[TDSE] Running TDSE-SH-elliptical. step 400, energy = -0.5001510690411064
  |->  par_lens = 2, 2, 2
[TDSE] Running TDSE-SH-elliptical. step 600, energy = -0.5001510690395562
  |->  par_lens = 2, 2, 2
[TDSE] Running TDSE-SH-elliptical. step 800, energy = -0.500151069032173
  |->  par_lens = 2, 2, 2
[TDSE] Running TDSE-SH-elliptical. step 1000, energy = -0.5001510690073453
  |->  par_lens = 2, 2, 2
[TDSE] Running TDSE-SH-elliptical. step 1200, energy = -0.500151068941049
  |->  par_lens = 2, 2, 2
[TDSE] Running TDSE-SH-elliptical. step 1400, energy = -0.500151068790507
  |->  par_lens = 2, 2, 2
[TDSE] Running TDSE-SH-elliptical. step 1600, energy = -0.5001510684866275
  |->  par_lens = 2, 2, 2
[TDSE] Running TDSE-SH-elliptical. step 1800, energy = -0.5001510679245675
  |->  par_lens = 2, 2, 2
[TDSE] Running TDSE-SH-elliptical. step 2000, energy = -0.5001510669578784
  |->  par_lens = 2, 2, 2
[TDSE] Running TDSE-SH-elliptical. step 2200, energy = -0.5001510653795657
  |->  par_lens = 2, 2, 2
[TDSE] Running TDSE-SH-elliptical. step 2400, energy = -0.50015106292815
  |->  par_lens = 2, 2, 2
[TDSE] Running TDSE-SH-elliptical. step 2600, energy = -0.5001510592585474
  |->  par_lens = 2, 2, 2
[TDSE] Running TDSE-SH-elliptical. step 2800, energy = -0.5001510539406233
  |->  par_lens = 2, 2, 2
[TDSE] Running TDSE-SH-elliptical. step 3000, energy = -0.5001510464672182
  |->  par_lens = 2, 2, 2
[TDSE] Running TDSE-SH-elliptical. step 3200, energy = -0.5001510361848355
  |->  par_lens = 2, 2, 2
[TDSE] Running TDSE-SH-elliptical. step 3400, energy = -0.5001510224134369
  |->  par_lens = 2, 2, 2
[TDSE] Running TDSE-SH-elliptical. step 3600, energy = -0.5001510042219868
  |->  par_lens = 2, 2, 2
[TDSE] Running TDSE-SH-elliptical. step 3800, energy = -0.500150980675521
  |->  par_lens = 2, 2, 2
[TDSE] Running TDSE-SH-elliptical. step 4000, energy = -0.5001509507608165
  |->  par_lens = 2, 2, 2
[TDSE] Running TDSE-SH-elliptical. step 4200, energy = -0.500150912991387
  |->  par_lens = 2, 2, 2
[TDSE] Running TDSE-SH-elliptical. step 4400, energy = -0.5001508663012081
  |->  par_lens = 2, 2, 2
[TDSE] Running TDSE-SH-elliptical. step 4600, energy = -0.5001508090161239
  |->  par_lens = 2, 2, 2
[TDSE] Running TDSE-SH-elliptical. step 4800, energy = -0.5001507395926474
  |->  par_lens = 2, 2, 2
[TDSE] Running TDSE-SH-elliptical. step 5000, energy = -0.500150656330882
  |->  par_lens = 2, 2, 2
[TDSE] Running TDSE-SH-elliptical. step 5200, energy = -0.5001505570123953
  |->  par_lens = 2, 2, 2
[TDSE] Running TDSE-SH-elliptical. step 5400, energy = -0.5001504408117909
  |->  par_lens = 2, 2, 2
[TDSE] Running TDSE-SH-elliptical. step 5600, energy = -0.500150304232303
  |->  par_lens = 2, 2, 2
[TDSE] Running TDSE-SH-elliptical. step 5800, energy = -0.5001501458716616
  |->  par_lens = 2, 2, 2
[TDSE] Running TDSE-SH-elliptical. step 6000, energy = -0.5001499645441239
  |->  par_lens = 2, 2, 2
[TDSE] Running TDSE-SH-elliptical. step 6200, energy = -0.5001497561700818
  |->  par_lens = 2, 2, 2
[TDSE] Running TDSE-SH-elliptical. step 6400, energy = -0.5001495204558992
  |->  par_lens = 2, 2, 2
[TDSE] Running TDSE-SH-elliptical. step 6600, energy = -0.5001492533412546
  |->  par_lens = 2, 2, 2
[TDSE] Running TDSE-SH-elliptical. step 6800, energy = -0.5001489549887832
  |->  par_lens = 2, 2, 2
[TDSE] Running TDSE-SH-elliptical. step 7000, energy = -0.5001486223610874
  |->  par_lens = 2, 2, 2
[TDSE] Running TDSE-SH-elliptical. step 7200, energy = -0.5001482505769159
  |->  par_lens = 2, 2, 2
[TDSE] Running TDSE-SH-elliptical. step 7400, energy = -0.500147844542613
  |->  par_lens = 2, 2, 2
[TDSE] Running TDSE-SH-elliptical. step 7600, energy = -0.5001473956300425
  |->  par_lens = 2, 2, 2
[TDSE] Running TDSE-SH-elliptical. step 7800, energy = -0.500146905755719
  |->  par_lens = 2, 2, 2
[TDSE] Running TDSE-SH-elliptical. step 8000, energy = -0.5001463746536849
  |->  par_lens = 2, 2, 2
[TDSE] Running TDSE-SH-elliptical. step 8200, energy = -0.5001457960027019
  |->  par_lens = 2, 2, 2
[TDSE] Running TDSE-SH-elliptical. step 8400, energy = -0.500145177357949
  |->  par_lens = 2, 2, 2
[TDSE] Running TDSE-SH-elliptical. step 8600, energy = -0.5001445080571635
  |->  par_lens = 2, 2, 2
[TDSE] Running TDSE-SH-elliptical. step 8800, energy = -0.5001437968940856
  |->  par_lens = 2, 2, 2
[TDSE] Running TDSE-SH-elliptical. step 9000, energy = -0.5001430388457296
  |->  par_lens = 2, 2, 2
[TDSE] Running TDSE-SH-elliptical. step 9200, energy = -0.5001422290266764
  |->  par_lens = 2, 2, 2
[TDSE] Running TDSE-SH-elliptical. step 9400, energy = -0.5001413870595656
  |->  par_lens = 4, 2, 2
[TDSE] Running TDSE-SH-elliptical. step 9600, energy = -0.5001404885843974
  |->  par_lens = 4, 2, 2
[TDSE] Running TDSE-SH-elliptical. step 9800, energy = -0.5001395488048879
  |->  par_lens = 4, 3, 3
[TDSE] Running TDSE-SH-elliptical. step 10000, energy = -0.5001385729614303
  |->  par_lens = 4, 3, 3
[TDSE] Running TDSE-SH-elliptical. step 10200, energy = -0.5001373541709939
  |->  par_lens = 4, 3, 3
[TDSE] Running TDSE-SH-elliptical. step 10400, energy = -0.5001348237923977
  |->  par_lens = 4, 3, 3
[TDSE] Running TDSE-SH-elliptical. step 10600, energy = -0.5001325051196918
  |->  par_lens = 4, 3, 3
[TDSE] Running TDSE-SH-elliptical. step 10800, energy = -0.5001350928099413
  |->  par_lens = 4, 3, 3
[TDSE] Running TDSE-SH-elliptical. step 11000, energy = -0.5001437551964747
  |->  par_lens = 4, 3, 3
[TDSE] Running TDSE-SH-elliptical. step 11200, energy = -0.5001441823407665
  |->  par_lens = 4, 3, 3
[TDSE] Running TDSE-SH-elliptical. step 11400, energy = -0.5001160644204277
  |->  par_lens = 4, 3, 3
[TDSE] Running TDSE-SH-elliptical. step 11600, energy = -0.5000699861823505
  |->  par_lens = 4, 3, 3
[TDSE] Running TDSE-SH-elliptical. step 11800, energy = -0.5000482042916904
  |->  par_lens = 4, 3, 3
[TDSE] Running TDSE-SH-elliptical. step 12000, energy = -0.500023434463403
  |->  par_lens = 4, 4, 3
[TDSE] Running TDSE-SH-elliptical. step 12200, energy = -0.4998133640204493
  |->  par_lens = 5, 5, 5
[TDSE] Running TDSE-SH-elliptical. step 12400, energy = -0.4992371613022961
  |->  par_lens = 5, 5, 6
[TDSE] Running TDSE-SH-elliptical. step 12600, energy = -0.49847529260016565
  |->  par_lens = 7, 7, 7
[TDSE] Running TDSE-SH-elliptical. step 12800, energy = -0.4981313459271264
  |->  par_lens = 7, 7, 7
[TDSE] Running TDSE-SH-elliptical. step 13000, energy = -0.49859769578013885
  |->  par_lens = 9, 7, 7
[TDSE] Running TDSE-SH-elliptical. step 13200, energy = -0.49929906584824807
  |->  par_lens = 9, 7, 8
[TDSE] Running TDSE-SH-elliptical. step 13400, energy = -0.49897927468796577
  |->  par_lens = 9, 7, 8
[TDSE] Running TDSE-SH-elliptical. step 13600, energy = -0.4972087761203817
  |->  par_lens = 9, 8, 8
[TDSE] Running TDSE-SH-elliptical. step 13800, energy = -0.4954242161212416
  |->  par_lens = 10, 8, 9
[TDSE] Running TDSE-SH-elliptical. step 14000, energy = -0.4955560955189006
  |->  par_lens = 10, 10, 9
[TDSE] Running TDSE-SH-elliptical. step 14200, energy = -0.4972522180796928
  |->  par_lens = 10, 10, 9
[TDSE] Running TDSE-SH-elliptical. step 14400, energy = -0.4972135676443952
  |->  par_lens = 10, 10, 9
[TDSE] Running TDSE-SH-elliptical. step 14600, energy = -0.49272173533148617
  |->  par_lens = 10, 10, 10
[TDSE] Running TDSE-SH-elliptical. step 14800, energy = -0.48595703470540924
  |->  par_lens = 13, 12, 13
[TDSE] Running TDSE-SH-elliptical. step 15000, energy = -0.48304234647173877
  |->  par_lens = 16, 16, 14
[TDSE] Running TDSE-SH-elliptical. step 15200, energy = -0.48720295126329394
  |->  par_lens = 19, 19, 19
[TDSE] Running TDSE-SH-elliptical. step 15400, energy = -0.49343654063552717
  |->  par_lens = 20, 21, 20
[TDSE] Running TDSE-SH-elliptical. step 15600, energy = -0.49264227368259605
  |->  par_lens = 20, 21, 20
[TDSE] Running TDSE-SH-elliptical. step 15800, energy = -0.4825666635777074
  |->  par_lens = 20, 20, 20
[TDSE] Running TDSE-SH-elliptical. step 16000, energy = -0.47247871302199773
  |->  par_lens = 20, 19, 21
[TDSE] Running TDSE-SH-elliptical. step 16200, energy = -0.47357918562014534
  |->  par_lens = 22, 23, 19
[TDSE] Running TDSE-SH-elliptical. step 16400, energy = -0.48416978459714793
  |->  par_lens = 23, 25, 25
[TDSE] Running TDSE-SH-elliptical. step 16600, energy = -0.48844792242358887
  |->  par_lens = 23, 26, 25
[TDSE] Running TDSE-SH-elliptical. step 16800, energy = -0.4740419916734305
  |->  par_lens = 22, 23, 24
[TDSE] Running TDSE-SH-elliptical. step 17000, energy = -0.44956236347392253
  |->  par_lens = 26, 26, 27
[TDSE] Running TDSE-SH-elliptical. step 17200, energy = -0.43877901620646986
  |->  par_lens = 30, 32, 34
[TDSE] Running TDSE-SH-elliptical. step 17400, energy = -0.4535792133062902
  |->  par_lens = 40, 42, 38
[TDSE] Running TDSE-SH-elliptical. step 17600, energy = -0.47656998570118875
  |->  par_lens = 48, 46, 48
[TDSE] Running TDSE-SH-elliptical. step 17800, energy = -0.4774748665801628
  |->  par_lens = 50, 49, 51
[TDSE] Running TDSE-SH-elliptical. step 18000, energy = -0.448955568667171
  |->  par_lens = 48, 48, 47
[TDSE] Running TDSE-SH-elliptical. step 18200, energy = -0.41952003443782204
  |->  par_lens = 43, 46, 44
[TDSE] Running TDSE-SH-elliptical. step 18400, energy = -0.4222869962640454
  |->  par_lens = 51, 53, 50
[TDSE] Running TDSE-SH-elliptical. step 18600, energy = -0.4535068130185511
  |->  par_lens = 62, 61, 58
[TDSE] Running TDSE-SH-elliptical. step 18800, energy = -0.47079682901334485
  |->  par_lens = 62, 65, 62
[TDSE] Running TDSE-SH-elliptical. step 19000, energy = -0.4411050813126954
  |->  par_lens = 59, 61, 60
[TDSE] Running TDSE-SH-elliptical. step 19200, energy = -0.38478364080701893
  |->  par_lens = 53, 54, 54
[TDSE] Running TDSE-SH-elliptical. step 19400, energy = -0.3588227500593158
  |->  par_lens = 64, 67, 69
[TDSE] Running TDSE-SH-elliptical. step 19600, energy = -0.39183370449255456
  |->  par_lens = 88, 81, 85
[TDSE] Running TDSE-SH-elliptical. step 19800, energy = -0.44577313090750104
  |->  par_lens = 103, 98, 103
[TDSE] Running TDSE-SH-elliptical. step 20000, energy = -0.4538035113381858
  |->  par_lens = 108, 103, 105
[TDSE] Running TDSE-SH-elliptical. step 20200, energy = -0.39885117296134254
  |->  par_lens = 103, 97, 101
[TDSE] Running TDSE-SH-elliptical. step 20400, energy = -0.3397109113795442
  |->  par_lens = 85, 89, 81
[TDSE] Running TDSE-SH-elliptical. step 20600, energy = -0.34347492357663634
  |->  par_lens = 101, 97, 101
[TDSE] Running TDSE-SH-elliptical. step 20800, energy = -0.40571118890109314
  |->  par_lens = 126, 125, 124
[TDSE] Running TDSE-SH-elliptical. step 21000, energy = -0.44567914382248586
  |->  par_lens = 133, 137, 134
[TDSE] Running TDSE-SH-elliptical. step 21200, energy = -0.39999685309640975
  |->  par_lens = 130, 132, 130
[TDSE] Running TDSE-SH-elliptical. step 21400, energy = -0.3030980236362656
  |->  par_lens = 118, 110, 111
[TDSE] Running TDSE-SH-elliptical. step 21600, energy = -0.2567308755525718
  |->  par_lens = 115, 112, 114
[TDSE] Running TDSE-SH-elliptical. step 21800, energy = -0.3107082972849634
  |->  par_lens = 155, 156, 157
[TDSE] Running TDSE-SH-elliptical. step 22000, energy = -0.405186211234341
  |->  par_lens = 194, 183, 189
[TDSE] Running TDSE-SH-elliptical. step 22200, energy = -0.427110249553669
  |->  par_lens = 198, 195, 195
[TDSE] Running TDSE-SH-elliptical. step 22400, energy = -0.3459885224562377
  |->  par_lens = 193, 192, 192
[TDSE] Running TDSE-SH-elliptical. step 22600, energy = -0.2542789652027168
  |->  par_lens = 168, 161, 165
[TDSE] Running TDSE-SH-elliptical. step 22800, energy = -0.2574040471113961
  |->  par_lens = 163, 170, 165
[TDSE] Running TDSE-SH-elliptical. step 23000, energy = -0.35189084008302907
  |->  par_lens = 211, 209, 206
[TDSE] Running TDSE-SH-elliptical. step 23200, energy = -0.41939736300966785
  |->  par_lens = 227, 227, 224
[TDSE] Running TDSE-SH-elliptical. step 23400, energy = -0.3632891064346455
  |->  par_lens = 224, 223, 225
[TDSE] Running TDSE-SH-elliptical. step 23600, energy = -0.22936254146113083
  |->  par_lens = 197, 202, 208
[TDSE] Running TDSE-SH-elliptical. step 23800, energy = -0.16321754539705044
  |->  par_lens = 185, 190, 192
[TDSE] Running TDSE-SH-elliptical. step 24000, energy = -0.23333138710909668
  |->  par_lens = 240, 240, 237
[TDSE] Running TDSE-SH-elliptical. step 24200, energy = -0.36565627180153476
  |->  par_lens = 287, 284, 286
[TDSE] Running TDSE-SH-elliptical. step 24400, energy = -0.40586918117586845
  |->  par_lens = 295, 297, 292
[TDSE] Running TDSE-SH-elliptical. step 24600, energy = -0.30960911987339396
  |->  par_lens = 286, 287, 287
[TDSE] Running TDSE-SH-elliptical. step 24800, energy = -0.19384189564100324
  |->  par_lens = 252, 257, 259
[TDSE] Running TDSE-SH-elliptical. step 25000, energy = -0.19484329935736927
  |->  par_lens = 247, 243, 249
[TDSE] Running TDSE-SH-elliptical. step 25200, energy = -0.3101647452777853
  |->  par_lens = 287, 291, 287
[TDSE] Running TDSE-SH-elliptical. step 25400, energy = -0.4003462958849133
  |->  par_lens = 315, 319, 319
[TDSE] Running TDSE-SH-elliptical. step 25600, energy = -0.3439124917916031
  |->  par_lens = 313, 312, 314
[TDSE] Running TDSE-SH-elliptical. step 25800, energy = -0.19076601874743068
  |->  par_lens = 275, 282, 290
[TDSE] Running TDSE-SH-elliptical. step 26000, energy = -0.11207604911493801
  |->  par_lens = 276, 277, 273
[TDSE] Running TDSE-SH-elliptical. step 26200, energy = -0.1876840544316411
  |->  par_lens = 313, 313, 317
[TDSE] Running TDSE-SH-elliptical. step 26400, energy = -0.34054819898322947
  |->  par_lens = 359, 359, 355
[TDSE] Running TDSE-SH-elliptical. step 26600, energy = -0.397359589683993
  |->  par_lens = 365, 367, 367
[TDSE] Running TDSE-SH-elliptical. step 26800, energy = -0.3043019019425322
  |->  par_lens = 357, 360, 361
[TDSE] Running TDSE-SH-elliptical. step 27000, energy = -0.18334741986203115
  |->  par_lens = 328, 329, 330
[TDSE] Running TDSE-SH-elliptical. step 27200, energy = -0.18078832815621676
  |->  par_lens = 318, 319, 323
[TDSE] Running TDSE-SH-elliptical. step 27400, energy = -0.29780660942256587
  |->  par_lens = 345, 353, 352
[TDSE] Running TDSE-SH-elliptical. step 27600, energy = -0.3960487484867424
  |->  par_lens = 362, 365, 369
[TDSE] Running TDSE-SH-elliptical. step 27800, energy = -0.3492380662452304
  |->  par_lens = 359, 365, 361
[TDSE] Running TDSE-SH-elliptical. step 28000, energy = -0.20278931605938993
  |->  par_lens = 347, 355, 352
[TDSE] Running TDSE-SH-elliptical. step 28200, energy = -0.12313784855992989
  |->  par_lens = 350, 350, 352
[TDSE] Running TDSE-SH-elliptical. step 28400, energy = -0.1918666038675716
  |->  par_lens = 377, 372, 374
[TDSE] Running TDSE-SH-elliptical. step 28600, energy = -0.33998238074712145
  |->  par_lens = 404, 405, 404
[TDSE] Running TDSE-SH-elliptical. step 28800, energy = -0.40509372065371296
  |->  par_lens = 411, 411, 416
[TDSE] Running TDSE-SH-elliptical. step 29000, energy = -0.3326669662322825
  |->  par_lens = 401, 404, 409
[TDSE] Running TDSE-SH-elliptical. step 29200, energy = -0.22772549378938445
  |->  par_lens = 379, 388, 390
[TDSE] Running TDSE-SH-elliptical. step 29400, energy = -0.2217054005823654
  |->  par_lens = 374, 364, 372
[TDSE] Running TDSE-SH-elliptical. step 29600, energy = -0.3212390859492762
  |->  par_lens = 377, 382, 382
[TDSE] Running TDSE-SH-elliptical. step 29800, energy = -0.40885569331829263
  |->  par_lens = 395, 387, 388
[TDSE] Running TDSE-SH-elliptical. step 30000, energy = -0.3765816085703535
  |->  par_lens = 390, 391, 388
[TDSE] Running TDSE-SH-elliptical. step 30200, energy = -0.2593304477071545
  |->  par_lens = 375, 386, 383
[TDSE] Running TDSE-SH-elliptical. step 30400, energy = -0.1915630125446863
  |->  par_lens = 398, 396, 396
[TDSE] Running TDSE-SH-elliptical. step 30600, energy = -0.2441902684077648
  |->  par_lens = 413, 412, 415
[TDSE] Running TDSE-SH-elliptical. step 30800, energy = -0.36501191182732406
  |->  par_lens = 429, 429, 434
[TDSE] Running TDSE-SH-elliptical. step 31000, energy = -0.42583618955402286
  |->  par_lens = 439, 434, 437
[TDSE] Running TDSE-SH-elliptical. step 31200, energy = -0.3821033622386486
  |->  par_lens = 436, 435, 435
[TDSE] Running TDSE-SH-elliptical. step 31400, energy = -0.3079488542958811
  |->  par_lens = 426, 424, 426
[TDSE] Running TDSE-SH-elliptical. step 31600, energy = -0.30056032169988245
  |->  par_lens = 411, 407, 416
[TDSE] Running TDSE-SH-elliptical. step 31800, energy = -0.3707215836883349
  |->  par_lens = 397, 401, 394
[TDSE] Running TDSE-SH-elliptical. step 32000, energy = -0.4336216746774553
  |->  par_lens = 401, 401, 390
[TDSE] Running TDSE-SH-elliptical. step 32200, energy = -0.41539537740788796
  |->  par_lens = 398, 398, 397
[TDSE] Running TDSE-SH-elliptical. step 32400, energy = -0.33752635361120875
  |->  par_lens = 409, 402, 403
[TDSE] Running TDSE-SH-elliptical. step 32600, energy = -0.2890474220725974
  |->  par_lens = 422, 415, 416
[TDSE] Running TDSE-SH-elliptical. step 32800, energy = -0.3224987487728565
  |->  par_lens = 434, 433, 438
[TDSE] Running TDSE-SH-elliptical. step 33000, energy = -0.4035849472248274
  |->  par_lens = 448, 448, 447
[TDSE] Running TDSE-SH-elliptical. step 33200, energy = -0.45126846342362015
  |->  par_lens = 458, 455, 454
[TDSE] Running TDSE-SH-elliptical. step 33400, energy = -0.43323435373611124
  |->  par_lens = 457, 453, 456
[TDSE] Running TDSE-SH-elliptical. step 33600, energy = -0.39215383520497943
  |->  par_lens = 448, 454, 453
[TDSE] Running TDSE-SH-elliptical. step 33800, energy = -0.38717315573236194
  |->  par_lens = 443, 444, 445
[TDSE] Running TDSE-SH-elliptical. step 34000, energy = -0.425174237183532
  |->  par_lens = 432, 431, 431
[TDSE] Running TDSE-SH-elliptical. step 34200, energy = -0.46045066421334113
  |->  par_lens = 427, 427, 425
[TDSE] Running TDSE-SH-elliptical. step 34400, energy = -0.4511755124701413
  |->  par_lens = 423, 424, 429
[TDSE] Running TDSE-SH-elliptical. step 34600, energy = -0.4093157375872945
  |->  par_lens = 429, 435, 434
[TDSE] Running TDSE-SH-elliptical. step 34800, energy = -0.3824074766302348
  |->  par_lens = 444, 442, 445
[TDSE] Running TDSE-SH-elliptical. step 35000, energy = -0.3995857424074921
  |->  par_lens = 456, 453, 453
[TDSE] Running TDSE-SH-elliptical. step 35200, energy = -0.4426033036789076
  |->  par_lens = 466, 463, 465
[TDSE] Running TDSE-SH-elliptical. step 35400, energy = -0.47183159434910177
  |->  par_lens = 472, 465, 468
[TDSE] Running TDSE-SH-elliptical. step 35600, energy = -0.4696666918023237
  |->  par_lens = 472, 466, 469
[TDSE] Running TDSE-SH-elliptical. step 35800, energy = -0.45469108313844564
  |->  par_lens = 471, 466, 468
[TDSE] Running TDSE-SH-elliptical. step 36000, energy = -0.45213195130807027
  |->  par_lens = 471, 462, 465
[TDSE] Running TDSE-SH-elliptical. step 36200, energy = -0.46718883585714055
  |->  par_lens = 470, 460, 461
[TDSE] Running TDSE-SH-elliptical. step 36400, energy = -0.47998684964958105
  |->  par_lens = 465, 454, 461
[TDSE] Running TDSE-SH-elliptical. step 36600, energy = -0.4756130835428024
  |->  par_lens = 463, 453, 463
[TDSE] Running TDSE-SH-elliptical. step 36800, energy = -0.458322758840611
  |->  par_lens = 463, 456, 462
[TDSE] Running TDSE-SH-elliptical. step 37000, energy = -0.44748399743077233
  |->  par_lens = 468, 460, 464
[TDSE] Running TDSE-SH-elliptical. step 37200, energy = -0.45370738720810705
  |->  par_lens = 471, 464, 470
[TDSE] Running TDSE-SH-elliptical. step 37400, energy = -0.4706821877684475
  |->  par_lens = 478, 480, 482
[TDSE] Running TDSE-SH-elliptical. step 37600, energy = -0.484117423437521
  |->  par_lens = 477, 481, 483
[TDSE] Running TDSE-SH-elliptical. step 37800, energy = -0.4873165779161159
  |->  par_lens = 478, 481, 484
[TDSE] Running TDSE-SH-elliptical. step 38000, energy = -0.4851403262606944
  |->  par_lens = 478, 481, 482
[TDSE] Running TDSE-SH-elliptical. step 38200, energy = -0.4848495390806422
  |->  par_lens = 477, 480, 480
[TDSE] Running TDSE-SH-elliptical. step 38400, energy = -0.48779612078431095
  |->  par_lens = 478, 476, 481
[TDSE] Running TDSE-SH-elliptical. step 38600, energy = -0.48967253350363343
  |->  par_lens = 476, 475, 480
[TDSE] Running TDSE-SH-elliptical. step 38800, energy = -0.4872307072739289
  |->  par_lens = 478, 476, 481
[TDSE] Running TDSE-SH-elliptical. step 39000, energy = -0.4823843169989736
  |->  par_lens = 476, 478, 479
[TDSE] Running TDSE-SH-elliptical. step 39200, energy = -0.47954914207207644
  |->  par_lens = 477, 480, 482
[TDSE] Running TDSE-SH-elliptical. step 39400, energy = -0.4809823474721271
  |->  par_lens = 489, 491, 487
[TDSE] Running TDSE-SH-elliptical. step 39600, energy = -0.48512320061501857
  |->  par_lens = 492, 492, 497
[TDSE] Running TDSE-SH-elliptical. step 39800, energy = -0.48905093814787637
  |->  par_lens = 493, 495, 497
[TDSE] Running TDSE-SH-elliptical. step 40000, energy = -0.4912423034398551
  |->  par_lens = 493, 495, 497
[TDSE] Running TDSE-SH-elliptical. step 40200, energy = -0.4919678074703475
  |->  par_lens = 493, 495, 497
[TDSE] Running TDSE-SH-elliptical. step 40400, energy = -0.4921496737028226
  |->  par_lens = 493, 495, 497
[TDSE] Running TDSE-SH-elliptical. step 40600, energy = -0.49204831150634504
  |->  par_lens = 493, 495, 497
[TDSE] Running TDSE-SH-elliptical. step 40800, energy = -0.4915046423687159
  |->  par_lens = 493, 495, 497
[TDSE] Running TDSE-SH-elliptical. step 41000, energy = -0.4907164411434009
  |->  par_lens = 493, 495, 497
[TDSE] Running TDSE-SH-elliptical. step 41200, energy = -0.489870780296121
  |->  par_lens = 498, 499, 499
[TDSE] Running TDSE-SH-elliptical. step 41400, energy = -0.4895716646718076
  |->  par_lens = 502, 502, 503
[TDSE] Running TDSE-SH-elliptical. step 41600, energy = -0.489689634351775
  |->  par_lens = 505, 505, 504
[TDSE] Running TDSE-SH-elliptical. step 41800, energy = -0.49002594293056073
  |->  par_lens = 509, 509, 507
[TDSE] Running TDSE-SH-elliptical. step 42000, energy = -0.4904624551254418
  |->  par_lens = 509, 510, 509
[TDSE] Running TDSE-SH-elliptical. step 42200, energy = -0.4906317075403657
  |->  par_lens = 511, 510, 511
[TDSE] Running TDSE-SH-elliptical. step 42400, energy = -0.4907865414996561
  |->  par_lens = 513, 514, 512
[TDSE] Running TDSE-SH-elliptical. step 42600, energy = -0.49080112821242594
  |->  par_lens = 516, 516, 514
[TDSE] Running TDSE-SH-elliptical. step 42800, energy = -0.4907674045202918
  |->  par_lens = 519, 519, 518
[TDSE] Running TDSE-SH-elliptical. step 43000, energy = -0.4908076400871328
  |->  par_lens = 520, 521, 520
[TDSE] Running TDSE-SH-elliptical. step 43200, energy = -0.4907511525905215
  |->  par_lens = 525, 523, 522
[TDSE] Running TDSE-SH-elliptical. step 43400, energy = -0.490828127402534
  |->  par_lens = 526, 525, 525
[TDSE] Running TDSE-SH-elliptical. step 43600, energy = -0.4908151255708541
  |->  par_lens = 528, 528, 528
[TDSE] Running TDSE-SH-elliptical. step 43800, energy = -0.4907900900644865
  |->  par_lens = 531, 530, 530
[TDSE] Running TDSE-SH-elliptical. step 44000, energy = -0.4908607295183841
  |->  par_lens = 533, 532, 533
[TDSE] Running TDSE-SH-elliptical. step 44200, energy = -0.49082130293977067
  |->  par_lens = 535, 535, 535
[TDSE] Running TDSE-SH-elliptical. step 44400, energy = -0.4908839836284846
  |->  par_lens = 537, 537, 538
[TDSE] Running TDSE-SH-elliptical. step 44600, energy = -0.4908640095659562
  |->  par_lens = 539, 542, 541
[TDSE] Running TDSE-SH-elliptical. step 44800, energy = -0.4908731561351532
  |->  par_lens = 541, 543, 543
[TDSE] Running TDSE-SH-elliptical. step 45000, energy = -0.4909454496463029
  |->  par_lens = 545, 546, 544
