  Activating project at `~/JuliaProp_v0.1`
[ITP]: 10000.471108571397
[ITP]: 0.022107823405609905
[ITP]: 0.004976805475414736
[ITP]: 0.0021058954092971205
[ITP]: 0.001084104546129061
[ITP]: 0.0006160870179273692
[ITP]: 0.0003714642087823128
[ITP]: 0.00023286611963801995
[ITP]: 0.0001500123428329614
[ITP]: 9.857967926441003e-5
[ITP]: 6.57601184761436e-5
[ITP]: 4.43786526744816e-5
[ITP]: 3.022437766897479e-5
[ITP]: 2.0735965556739622e-5
[ITP]: 1.4311264988853267e-5
[ITP]: 9.92563006574354e-6
[ITP]: 6.9119921211058255e-6
[ITP]: 4.82976755122877e-6
[ITP]: 3.384510666504248e-6
[ITP]: 2.3775199649023193e-6
[ITP]: 1.6736194445865493e-6
[ITP]: 1.1802274751948616e-6
[ITP]: 8.335748883370186e-7
[ITP]: 5.895273362810372e-7
[ITP]: 4.174150680658073e-7
[ITP]: 2.958509506267859e-7
[ITP]: 2.098764437796774e-7
[ITP]: 1.4900242706339384e-7
[ITP]: 1.0585745457980522e-7
[ITP]: 7.525113565609587e-8
[ITP]: 5.352267851144177e-8
[ITP]: 3.808635307134267e-8
[ITP]: 2.7113442158110956e-8
[ITP]: 1.9309163601377577e-8
[ITP]: 1.3755872219078924e-8
[ITP]: 9.802639699962867e-9
Energy of ground state: -0.5030607411950042
[TDSE] Start TDSE-SH for elliptical polarized laser. It may cost a plenty of time.
[TDSE] Running TDSE-SH-elliptical. step 0, energy = -0.5030607411950033
  |->  par_lens = 1, 1, 1
[TDSE] Running TDSE-SH-elliptical. step 200, energy = -0.5030607411948621
  |->  par_lens = 1, 1, 1
[TDSE] Running TDSE-SH-elliptical. step 400, energy = -0.5030607411947172
  |->  par_lens = 1, 1, 2
[TDSE] Running TDSE-SH-elliptical. step 600, energy = -0.5030607411944764
  |->  par_lens = 1, 1, 2
[TDSE] Running TDSE-SH-elliptical. step 800, energy = -0.5030607411939122
  |->  par_lens = 1, 1, 2
[TDSE] Running TDSE-SH-elliptical. step 1000, energy = -0.5030607411922318
  |->  par_lens = 1, 1, 2
[TDSE] Running TDSE-SH-elliptical. step 1200, energy = -0.5030607411880177
  |->  par_lens = 1, 1, 2
[TDSE] Running TDSE-SH-elliptical. step 1400, energy = -0.5030607411784208
  |->  par_lens = 1, 1, 2
[TDSE] Running TDSE-SH-elliptical. step 1600, energy = -0.5030607411593959
  |->  par_lens = 1, 1, 2
[TDSE] Running TDSE-SH-elliptical. step 1800, energy = -0.503060741124043
  |->  par_lens = 1, 1, 2
[TDSE] Running TDSE-SH-elliptical. step 2000, energy = -0.5030607410636224
  |->  par_lens = 1, 1, 2
[TDSE] Running TDSE-SH-elliptical. step 2200, energy = -0.5030607409647122
  |->  par_lens = 1, 1, 2
[TDSE] Running TDSE-SH-elliptical. step 2400, energy = -0.503060740811582
  |->  par_lens = 1, 1, 2
[TDSE] Running TDSE-SH-elliptical. step 2600, energy = -0.5030607405815894
  |->  par_lens = 1, 1, 2
[TDSE] Running TDSE-SH-elliptical. step 2800, energy = -0.5030607402498793
  |->  par_lens = 1, 1, 2
[TDSE] Running TDSE-SH-elliptical. step 3000, energy = -0.5030607397809052
  |->  par_lens = 1, 1, 2
[TDSE] Running TDSE-SH-elliptical. step 3200, energy = -0.5030607391405402
  |->  par_lens = 1, 1, 2
[TDSE] Running TDSE-SH-elliptical. step 3400, energy = -0.5030607382755158
  |->  par_lens = 1, 1, 2
[TDSE] Running TDSE-SH-elliptical. step 3600, energy = -0.5030607371416844
  |->  par_lens = 1, 1, 2
[TDSE] Running TDSE-SH-elliptical. step 3800, energy = -0.5030607356669744
  |->  par_lens = 1, 1, 2
[TDSE] Running TDSE-SH-elliptical. step 4000, energy = -0.5030607337967744
  |->  par_lens = 1, 1, 2
[TDSE] Running TDSE-SH-elliptical. step 4200, energy = -0.5030607314323374
  |->  par_lens = 1, 1, 2
[TDSE] Running TDSE-SH-elliptical. step 4400, energy = -0.5030607285189619
  |->  par_lens = 1, 1, 2
[TDSE] Running TDSE-SH-elliptical. step 4600, energy = -0.5030607249285666
  |->  par_lens = 1, 1, 2
[TDSE] Running TDSE-SH-elliptical. step 4800, energy = -0.5030607205916634
  |->  par_lens = 1, 1, 2
[TDSE] Running TDSE-SH-elliptical. step 5000, energy = -0.5030607153761038
  |->  par_lens = 1, 1, 2
[TDSE] Running TDSE-SH-elliptical. step 5200, energy = -0.503060709189023
  |->  par_lens = 1, 2, 2
[TDSE] Running TDSE-SH-elliptical. step 5400, energy = -0.5030607018853721
  |->  par_lens = 2, 2, 2
[TDSE] Running TDSE-SH-elliptical. step 5600, energy = -0.5030606933605094
  |->  par_lens = 2, 2, 2
[TDSE] Running TDSE-SH-elliptical. step 5800, energy = -0.5030606834830383
  |->  par_lens = 2, 2, 2
[TDSE] Running TDSE-SH-elliptical. step 6000, energy = -0.5030606720839417
  |->  par_lens = 2, 2, 2
[TDSE] Running TDSE-SH-elliptical. step 6200, energy = -0.5030606591142615
  |->  par_lens = 2, 2, 2
[TDSE] Running TDSE-SH-elliptical. step 6400, energy = -0.503060644303564
  |->  par_lens = 2, 2, 2
[TDSE] Running TDSE-SH-elliptical. step 6600, energy = -0.5030606276812669
  |->  par_lens = 2, 2, 2
[TDSE] Running TDSE-SH-elliptical. step 6800, energy = -0.5030606089496645
  |->  par_lens = 2, 2, 2
[TDSE] Running TDSE-SH-elliptical. step 7000, energy = -0.5030605881614314
  |->  par_lens = 2, 2, 2
[TDSE] Running TDSE-SH-elliptical. step 7200, energy = -0.5030605649329828
  |->  par_lens = 2, 2, 2
[TDSE] Running TDSE-SH-elliptical. step 7400, energy = -0.5030605395301413
  |->  par_lens = 2, 2, 2
[TDSE] Running TDSE-SH-elliptical. step 7600, energy = -0.5030605114231114
  |->  par_lens = 2, 2, 2
[TDSE] Running TDSE-SH-elliptical. step 7800, energy = -0.5030604808425153
  |->  par_lens = 2, 2, 2
[TDSE] Running TDSE-SH-elliptical. step 8000, energy = -0.5030604475029778
  |->  par_lens = 2, 2, 2
[TDSE] Running TDSE-SH-elliptical. step 8200, energy = -0.5030604115267439
  |->  par_lens = 2, 2, 2
[TDSE] Running TDSE-SH-elliptical. step 8400, energy = -0.5030603725878635
  |->  par_lens = 2, 2, 2
[TDSE] Running TDSE-SH-elliptical. step 8600, energy = -0.5030603309031582
  |->  par_lens = 2, 2, 2
[TDSE] Running TDSE-SH-elliptical. step 8800, energy = -0.5030602863520618
  |->  par_lens = 2, 2, 2
[TDSE] Running TDSE-SH-elliptical. step 9000, energy = -0.5030602388257074
  |->  par_lens = 2, 2, 2
[TDSE] Running TDSE-SH-elliptical. step 9200, energy = -0.5030601886111158
  |->  par_lens = 2, 2, 2
[TDSE] Running TDSE-SH-elliptical. step 9400, energy = -0.503060135305032
  |->  par_lens = 2, 2, 2
[TDSE] Running TDSE-SH-elliptical. step 9600, energy = -0.5030600795086817
  |->  par_lens = 2, 2, 2
[TDSE] Running TDSE-SH-elliptical. step 9800, energy = -0.503060020770963
  |->  par_lens = 2, 2, 2
[TDSE] Running TDSE-SH-elliptical. step 10000, energy = -0.5030599596683712
  |->  par_lens = 2, 2, 2
[TDSE] Running TDSE-SH-elliptical. step 10200, energy = -0.5030598653289626
  |->  par_lens = 2, 2, 2
[TDSE] Running TDSE-SH-elliptical. step 10400, energy = -0.5030594232414033
  |->  par_lens = 2, 2, 2
[TDSE] Running TDSE-SH-elliptical. step 10600, energy = -0.5030585651529926
  |->  par_lens = 2, 2, 2
[TDSE] Running TDSE-SH-elliptical. step 10800, energy = -0.5030572321171008
  |->  par_lens = 2, 2, 2
[TDSE] Running TDSE-SH-elliptical. step 11000, energy = -0.5030524793709911
  |->  par_lens = 3, 2, 2
[TDSE] Running TDSE-SH-elliptical. step 11200, energy = -0.5030352256622401
  |->  par_lens = 4, 3, 3
[TDSE] Running TDSE-SH-elliptical. step 11400, energy = -0.5029948481409586
  |->  par_lens = 4, 3, 3
[TDSE] Running TDSE-SH-elliptical. step 11600, energy = -0.5029336668076605
  |->  par_lens = 4, 4, 3
[TDSE] Running TDSE-SH-elliptical. step 11800, energy = -0.5028702973251549
  |->  par_lens = 4, 4, 4
[TDSE] Running TDSE-SH-elliptical. step 12000, energy = -0.5027955051660022
  |->  par_lens = 5, 4, 4
[TDSE] Running TDSE-SH-elliptical. step 12200, energy = -0.5026448863371199
  |->  par_lens = 5, 5, 5
[TDSE] Running TDSE-SH-elliptical. step 12400, energy = -0.5023432517899603
  |->  par_lens = 5, 5, 6
[TDSE] Running TDSE-SH-elliptical. step 12600, energy = -0.5019486450152981
  |->  par_lens = 6, 6, 6
[TDSE] Running TDSE-SH-elliptical. step 12800, energy = -0.5016625531576814
  |->  par_lens = 6, 6, 6
[TDSE] Running TDSE-SH-elliptical. step 13000, energy = -0.5016192702579608
  |->  par_lens = 6, 6, 7
[TDSE] Running TDSE-SH-elliptical. step 13200, energy = -0.5015830166164544
  |->  par_lens = 7, 6, 7
[TDSE] Running TDSE-SH-elliptical. step 13400, energy = -0.5010853789881612
  |->  par_lens = 8, 7, 7
[TDSE] Running TDSE-SH-elliptical. step 13600, energy = -0.49996678495891717
  |->  par_lens = 8, 8, 8
[TDSE] Running TDSE-SH-elliptical. step 13800, energy = -0.4987742131004338
  |->  par_lens = 9, 9, 8
[TDSE] Running TDSE-SH-elliptical. step 14000, energy = -0.4982655737134051
  |->  par_lens = 9, 9, 9
[TDSE] Running TDSE-SH-elliptical. step 14200, energy = -0.4983111705479763
  |->  par_lens = 9, 9, 10
[TDSE] Running TDSE-SH-elliptical. step 14400, energy = -0.49772036687321786
  |->  par_lens = 10, 10, 10
[TDSE] Running TDSE-SH-elliptical. step 14600, energy = -0.4954160346929532
  |->  par_lens = 12, 10, 11
[TDSE] Running TDSE-SH-elliptical. step 14800, energy = -0.4922118009446295
  |->  par_lens = 13, 11, 11
[TDSE] Running TDSE-SH-elliptical. step 15000, energy = -0.4902547363560004
  |->  par_lens = 14, 15, 14
[TDSE] Running TDSE-SH-elliptical. step 15200, energy = -0.49077996051100586
  |->  par_lens = 13, 15, 17
[TDSE] Running TDSE-SH-elliptical. step 15400, energy = -0.4918335142768759
  |->  par_lens = 15, 14, 16
[TDSE] Running TDSE-SH-elliptical. step 15600, energy = -0.49010180263221237
  |->  par_lens = 17, 15, 16
[TDSE] Running TDSE-SH-elliptical. step 15800, energy = -0.48472714397741046
  |->  par_lens = 18, 15, 17
[TDSE] Running TDSE-SH-elliptical. step 16000, energy = -0.4792933345037668
  |->  par_lens = 19, 20, 17
[TDSE] Running TDSE-SH-elliptical. step 16200, energy = -0.4779550456403097
  |->  par_lens = 20, 21, 22
[TDSE] Running TDSE-SH-elliptical. step 16400, energy = -0.4802346084862045
  |->  par_lens = 24, 21, 23
[TDSE] Running TDSE-SH-elliptical. step 16600, energy = -0.480192261565618
  |->  par_lens = 25, 22, 24
[TDSE] Running TDSE-SH-elliptical. step 16800, energy = -0.47322110267508166
  |->  par_lens = 24, 22, 25
[TDSE] Running TDSE-SH-elliptical. step 17000, energy = -0.46235718209910126
  |->  par_lens = 28, 28, 26
[TDSE] Running TDSE-SH-elliptical. step 17200, energy = -0.45634952732056605
  |->  par_lens = 31, 31, 28
[TDSE] Running TDSE-SH-elliptical. step 17400, energy = -0.45943175780297935
  |->  par_lens = 33, 34, 32
[TDSE] Running TDSE-SH-elliptical. step 17600, energy = -0.4652414596550872
  |->  par_lens = 36, 35, 35
[TDSE] Running TDSE-SH-elliptical. step 17800, energy = -0.46249467275857464
  |->  par_lens = 36, 36, 35
[TDSE] Running TDSE-SH-elliptical. step 18000, energy = -0.4486723777610843
  |->  par_lens = 35, 36, 38
[TDSE] Running TDSE-SH-elliptical. step 18200, energy = -0.4344843289422952
  |->  par_lens = 41, 38, 39
[TDSE] Running TDSE-SH-elliptical. step 18400, energy = -0.43237799523885373
  |->  par_lens = 45, 44, 44
[TDSE] Running TDSE-SH-elliptical. step 18600, energy = -0.440966107851918
  |->  par_lens = 49, 48, 47
[TDSE] Running TDSE-SH-elliptical. step 18800, energy = -0.4446817741448748
  |->  par_lens = 51, 51, 49
[TDSE] Running TDSE-SH-elliptical. step 19000, energy = -0.43101524463232366
  |->  par_lens = 54, 52, 49
[TDSE] Running TDSE-SH-elliptical. step 19200, energy = -0.40743913543482607
  |->  par_lens = 54, 56, 53
[TDSE] Running TDSE-SH-elliptical. step 19400, energy = -0.39486111027593473
  |->  par_lens = 58, 60, 59
[TDSE] Running TDSE-SH-elliptical. step 19600, energy = -0.40337311635073564
  |->  par_lens = 66, 67, 67
[TDSE] Running TDSE-SH-elliptical. step 19800, energy = -0.4191316417829675
  |->  par_lens = 75, 74, 74
[TDSE] Running TDSE-SH-elliptical. step 20000, energy = -0.4175307502455933
  |->  par_lens = 76, 74, 73
[TDSE] Running TDSE-SH-elliptical. step 20200, energy = -0.39241578542315575
  |->  par_lens = 78, 77, 75
[TDSE] Running TDSE-SH-elliptical. step 20400, energy = -0.36623308247446956
  |->  par_lens = 78, 78, 79
[TDSE] Running TDSE-SH-elliptical. step 20600, energy = -0.3638222797794188
  |->  par_lens = 85, 87, 82
[TDSE] Running TDSE-SH-elliptical. step 20800, energy = -0.38278906812208435
  |->  par_lens = 95, 97, 96
[TDSE] Running TDSE-SH-elliptical. step 21000, energy = -0.3944682045933848
  |->  par_lens = 101, 102, 99
[TDSE] Running TDSE-SH-elliptical. step 21200, energy = -0.37450659664824026
  |->  par_lens = 103, 103, 101
[TDSE] Running TDSE-SH-elliptical. step 21400, energy = -0.33580134810211354
  |->  par_lens = 105, 102, 101
[TDSE] Running TDSE-SH-elliptical. step 21600, energy = -0.31607821282623827
  |->  par_lens = 107, 106, 107
[TDSE] Running TDSE-SH-elliptical. step 21800, energy = -0.33212150841154137
  |->  par_lens = 119, 118, 121
[TDSE] Running TDSE-SH-elliptical. step 22000, energy = -0.3615767616560052
  |->  par_lens = 131, 130, 128
[TDSE] Running TDSE-SH-elliptical. step 22200, energy = -0.36442234911209254
  |->  par_lens = 132, 132, 130
[TDSE] Running TDSE-SH-elliptical. step 22400, energy = -0.3288711015648358
  |->  par_lens = 133, 129, 133
[TDSE] Running TDSE-SH-elliptical. step 22600, energy = -0.290747637319004
  |->  par_lens = 133, 135, 137
[TDSE] Running TDSE-SH-elliptical. step 22800, energy = -0.2894275793377618
  |->  par_lens = 140, 142, 141
[TDSE] Running TDSE-SH-elliptical. step 23000, energy = -0.32021776269747626
  |->  par_lens = 154, 154, 149
[TDSE] Running TDSE-SH-elliptical. step 23200, energy = -0.3422527206410961
  |->  par_lens = 159, 160, 157
[TDSE] Running TDSE-SH-elliptical. step 23400, energy = -0.3191549980517115
  |->  par_lens = 160, 162, 159
[TDSE] Running TDSE-SH-elliptical. step 23600, energy = -0.26767971622291675
  |->  par_lens = 160, 166, 166
[TDSE] Running TDSE-SH-elliptical. step 23800, energy = -0.24245354152248574
  |->  par_lens = 168, 171, 168
[TDSE] Running TDSE-SH-elliptical. step 24000, energy = -0.2665919224481836
  |->  par_lens = 178, 180, 179
[TDSE] Running TDSE-SH-elliptical. step 24200, energy = -0.3092967730428945
  |->  par_lens = 194, 194, 194
[TDSE] Running TDSE-SH-elliptical. step 24400, energy = -0.31913292472534643
  |->  par_lens = 194, 196, 197
[TDSE] Running TDSE-SH-elliptical. step 24600, energy = -0.27835786819200725
  |->  par_lens = 194, 195, 192
[TDSE] Running TDSE-SH-elliptical. step 24800, energy = -0.23248408337508963
  |->  par_lens = 196, 197, 197
[TDSE] Running TDSE-SH-elliptical. step 25000, energy = -0.2331290277948379
  |->  par_lens = 197, 204, 202
[TDSE] Running TDSE-SH-elliptical. step 25200, energy = -0.27345809294867657
  |->  par_lens = 212, 212, 215
[TDSE] Running TDSE-SH-elliptical. step 25400, energy = -0.3047651411387181
  |->  par_lens = 226, 225, 224
[TDSE] Running TDSE-SH-elliptical. step 25600, energy = -0.2834854359365917
  |->  par_lens = 225, 228, 225
[TDSE] Running TDSE-SH-elliptical. step 25800, energy = -0.22700934707888962
  |->  par_lens = 228, 229, 231
[TDSE] Running TDSE-SH-elliptical. step 26000, energy = -0.19968577798181458
  |->  par_lens = 234, 232, 227
[TDSE] Running TDSE-SH-elliptical. step 26200, energy = -0.22901143587109157
  |->  par_lens = 237, 230, 238
[TDSE] Running TDSE-SH-elliptical. step 26400, energy = -0.2800583471441425
  |->  par_lens = 244, 244, 247
[TDSE] Running TDSE-SH-elliptical. step 26600, energy = -0.2973940462704121
  |->  par_lens = 255, 248, 248
[TDSE] Running TDSE-SH-elliptical. step 26800, energy = -0.2597493832524008
  |->  par_lens = 252, 252, 249
[TDSE] Running TDSE-SH-elliptical. step 27000, energy = -0.21421933883971553
  |->  par_lens = 243, 251, 251
[TDSE] Running TDSE-SH-elliptical. step 27200, energy = -0.21632483109919406
  |->  par_lens = 249, 252, 251
[TDSE] Running TDSE-SH-elliptical. step 27400, energy = -0.2597648829371433
  |->  par_lens = 257, 254, 247
[TDSE] Running TDSE-SH-elliptical. step 27600, energy = -0.29609902531253973
  |->  par_lens = 255, 257, 254
[TDSE] Running TDSE-SH-elliptical. step 27800, energy = -0.2812993536629763
  |->  par_lens = 259, 261, 256
[TDSE] Running TDSE-SH-elliptical. step 28000, energy = -0.23044701328859069
  |->  par_lens = 258, 261, 260
[TDSE] Running TDSE-SH-elliptical. step 28200, energy = -0.2056935356976651
  |->  par_lens = 260, 263, 263
[TDSE] Running TDSE-SH-elliptical. step 28400, energy = -0.23459636691762276
  |->  par_lens = 265, 266, 268
[TDSE] Running TDSE-SH-elliptical. step 28600, energy = -0.2859802321280226
  |->  par_lens = 269, 269, 265
[TDSE] Running TDSE-SH-elliptical. step 28800, energy = -0.3087513035442076
  |->  par_lens = 271, 273, 269
[TDSE] Running TDSE-SH-elliptical. step 29000, energy = -0.28146847916866113
  |->  par_lens = 271, 270, 271
[TDSE] Running TDSE-SH-elliptical. step 29200, energy = -0.24462347246453447
  |->  par_lens = 266, 268, 257
[TDSE] Running TDSE-SH-elliptical. step 29400, energy = -0.24709013461182272
  |->  par_lens = 269, 263, 256
[TDSE] Running TDSE-SH-elliptical. step 29600, energy = -0.28585731525594393
  |->  par_lens = 262, 266, 265
[TDSE] Running TDSE-SH-elliptical. step 29800, energy = -0.32115111001799085
  |->  par_lens = 270, 263, 271
[TDSE] Running TDSE-SH-elliptical. step 30000, energy = -0.31448442055301784
  |->  par_lens = 269, 267, 268
[TDSE] Running TDSE-SH-elliptical. step 30200, energy = -0.27696858958655446
  |->  par_lens = 267, 271, 266
[TDSE] Running TDSE-SH-elliptical. step 30400, energy = -0.25815762688852556
  |->  par_lens = 271, 266, 262
[TDSE] Running TDSE-SH-elliptical. step 30600, energy = -0.28134712416002067
  |->  par_lens = 275, 265, 268
[TDSE] Running TDSE-SH-elliptical. step 30800, energy = -0.32530198709525443
  |->  par_lens = 274, 273, 276
[TDSE] Running TDSE-SH-elliptical. step 31000, energy = -0.34902921477473814
  |->  par_lens = 278, 272, 268
[TDSE] Running TDSE-SH-elliptical. step 31200, energy = -0.3342346947495189
  |->  par_lens = 279, 272, 272
[TDSE] Running TDSE-SH-elliptical. step 31400, energy = -0.31007495788813955
  |->  par_lens = 271, 275, 271
[TDSE] Running TDSE-SH-elliptical. step 31600, energy = -0.3117489935665524
  |->  par_lens = 270, 266, 262
[TDSE] Running TDSE-SH-elliptical. step 31800, energy = -0.3406176731486945
  |->  par_lens = 264, 263, 256
[TDSE] Running TDSE-SH-elliptical. step 32000, energy = -0.36894568159265484
  |->  par_lens = 265, 271, 266
[TDSE] Running TDSE-SH-elliptical. step 32200, energy = -0.3681909426632563
  |->  par_lens = 263, 267, 266
[TDSE] Running TDSE-SH-elliptical. step 32400, energy = -0.34559539255406235
  |->  par_lens = 263, 263, 260
[TDSE] Running TDSE-SH-elliptical. step 32600, energy = -0.3334390971040154
  |->  par_lens = 265, 271, 262
[TDSE] Running TDSE-SH-elliptical. step 32800, energy = -0.3490558840477838
  |->  par_lens = 267, 264, 262
[TDSE] Running TDSE-SH-elliptical. step 33000, energy = -0.38043791053837217
  |->  par_lens = 270, 268, 268
[TDSE] Running TDSE-SH-elliptical. step 33200, energy = -0.3996283614154007
  |->  par_lens = 268, 273, 274
[TDSE] Running TDSE-SH-elliptical. step 33400, energy = -0.39472012522642025
  |->  par_lens = 272, 276, 269
[TDSE] Running TDSE-SH-elliptical. step 33600, energy = -0.3822250916059855
  |->  par_lens = 270, 270, 267
[TDSE] Running TDSE-SH-elliptical. step 33800, energy = -0.38351300890680357
  |->  par_lens = 263, 263, 256
[TDSE] Running TDSE-SH-elliptical. step 34000, energy = -0.40109831130367674
  |->  par_lens = 250, 258, 249
[TDSE] Running TDSE-SH-elliptical. step 34200, energy = -0.41865965985867254
  |->  par_lens = 245, 254, 250
[TDSE] Running TDSE-SH-elliptical. step 34400, energy = -0.4201792055416436
  |->  par_lens = 251, 252, 246
[TDSE] Running TDSE-SH-elliptical. step 34600, energy = -0.4094982134010451
  |->  par_lens = 251, 261, 252
[TDSE] Running TDSE-SH-elliptical. step 34800, energy = -0.40355685464132846
  |->  par_lens = 256, 267, 258
[TDSE] Running TDSE-SH-elliptical. step 35000, energy = -0.41243113033884027
  |->  par_lens = 263, 266, 262
[TDSE] Running TDSE-SH-elliptical. step 35200, energy = -0.42987967189994175
  |->  par_lens = 262, 272, 262
[TDSE] Running TDSE-SH-elliptical. step 35400, energy = -0.44178591032294534
  |->  par_lens = 264, 270, 266
[TDSE] Running TDSE-SH-elliptical. step 35600, energy = -0.4420658241650125
  |->  par_lens = 264, 268, 263
[TDSE] Running TDSE-SH-elliptical. step 35800, energy = -0.43799283164928293
  |->  par_lens = 258, 266, 257
[TDSE] Running TDSE-SH-elliptical. step 36000, energy = -0.4391074069910264
  |->  par_lens = 258, 264, 255
[TDSE] Running TDSE-SH-elliptical. step 36200, energy = -0.4470599239860454
  |->  par_lens = 249, 254, 249
[TDSE] Running TDSE-SH-elliptical. step 36400, energy = -0.4547590774230779
  |->  par_lens = 247, 248, 245
[TDSE] Running TDSE-SH-elliptical. step 36600, energy = -0.4561298777610761
  |->  par_lens = 244, 244, 243
[TDSE] Running TDSE-SH-elliptical. step 36800, energy = -0.4525862932584301
  |->  par_lens = 243, 254, 243
[TDSE] Running TDSE-SH-elliptical. step 37000, energy = -0.45083299063861726
  |->  par_lens = 250, 255, 246
[TDSE] Running TDSE-SH-elliptical. step 37200, energy = -0.45453289625192356
  |->  par_lens = 248, 261, 249
[TDSE] Running TDSE-SH-elliptical. step 37400, energy = -0.46156922812521567
  |->  par_lens = 251, 263, 253
[TDSE] Running TDSE-SH-elliptical. step 37600, energy = -0.46691221822736684
  |->  par_lens = 249, 259, 247
[TDSE] Running TDSE-SH-elliptical. step 37800, energy = -0.46842260262789615
  |->  par_lens = 243, 251, 242
[TDSE] Running TDSE-SH-elliptical. step 38000, energy = -0.46814788350209935
  |->  par_lens = 229, 248, 237
[TDSE] Running TDSE-SH-elliptical. step 38200, energy = -0.4688619399935148
  |->  par_lens = 224, 237, 228
[TDSE] Running TDSE-SH-elliptical. step 38400, energy = -0.4710303016948285
  |->  par_lens = 216, 228, 210
[TDSE] Running TDSE-SH-elliptical. step 38600, energy = -0.47303602349344365
  |->  par_lens = 210, 215, 203
[TDSE] Running TDSE-SH-elliptical. step 38800, energy = -0.4734124392293258
  |->  par_lens = 203, 212, 201
[TDSE] Running TDSE-SH-elliptical. step 39000, energy = -0.47275804274064415
  |->  par_lens = 205, 206, 189
[TDSE] Running TDSE-SH-elliptical. step 39200, energy = -0.47253510026931467
  |->  par_lens = 202, 204, 196
[TDSE] Running TDSE-SH-elliptical. step 39400, energy = -0.4735050706579861
  |->  par_lens = 201, 200, 197
[TDSE] Running TDSE-SH-elliptical. step 39600, energy = -0.4752301599214434
  |->  par_lens = 199, 202, 193
[TDSE] Running TDSE-SH-elliptical. step 39800, energy = -0.4766620617299575
  |->  par_lens = 196, 201, 192
[TDSE] Running TDSE-SH-elliptical. step 40000, energy = -0.4774442801450369
  |->  par_lens = 193, 199, 189
[TDSE] Running TDSE-SH-elliptical. step 40200, energy = -0.4777690445731779
  |->  par_lens = 189, 187, 185
[TDSE] Running TDSE-SH-elliptical. step 40400, energy = -0.4779882717690566
  |->  par_lens = 182, 178, 182
[TDSE] Running TDSE-SH-elliptical. step 40600, energy = -0.4782156538108701
  |->  par_lens = 174, 171, 171
[TDSE] Running TDSE-SH-elliptical. step 40800, energy = -0.4783293025230575
  |->  par_lens = 162, 167, 163
[TDSE] Running TDSE-SH-elliptical. step 41000, energy = -0.47831300435809126
  |->  par_lens = 158, 159, 157
[TDSE] Running TDSE-SH-elliptical. step 41200, energy = -0.4782741012430775
  |->  par_lens = 153, 156, 155
[TDSE] Running TDSE-SH-elliptical. step 41400, energy = -0.4782959781081015
  |->  par_lens = 151, 153, 155
[TDSE] Running TDSE-SH-elliptical. step 41600, energy = -0.47843374519138654
  |->  par_lens = 150, 152, 154
[TDSE] Running TDSE-SH-elliptical. step 41800, energy = -0.47860371318110057
  |->  par_lens = 149, 150, 153
[TDSE] Running TDSE-SH-elliptical. step 42000, energy = -0.478771848187067
  |->  par_lens = 150, 152, 152
[TDSE] Running TDSE-SH-elliptical. step 42200, energy = -0.47890256161451955
  |->  par_lens = 150, 150, 149
[TDSE] Running TDSE-SH-elliptical. step 42400, energy = -0.47899849430792407
  |->  par_lens = 150, 148, 150
[TDSE] Running TDSE-SH-elliptical. step 42600, energy = -0.4790727009513608
  |->  par_lens = 149, 146, 149
[TDSE] Running TDSE-SH-elliptical. step 42800, energy = -0.47915240047142993
  |->  par_lens = 149, 147, 148
[TDSE] Running TDSE-SH-elliptical. step 43000, energy = -0.4792426241861621
  |->  par_lens = 148, 145, 148
