  Activating project at `~/JuliaProp_v0.1`
[ITP]: 10000.500151030976
[ITP]: 3.0490838964780664e-8
[ITP]: 7.575335692067142e-9
Energy of ground state: -0.5001510690415283
[TDSE] Start TDSE-SH for elliptical polarized laser. It may cost a plenty of time.
[TDSE] Running TDSE-SH-elliptical. step 0, energy = -0.5001510690415277
  |->  par_lens = 2, 2, 2
[TDSE] Running TDSE-SH-elliptical. step 200, energy = -0.5001510690413833
  |->  par_lens = 2, 2, 2
[TDSE] Running TDSE-SH-elliptical. step 400, energy = -0.5001510690412305
  |->  par_lens = 2, 2, 2
[TDSE] Running TDSE-SH-elliptical. step 600, energy = -0.500151069040976
  |->  par_lens = 2, 2, 2
[TDSE] Running TDSE-SH-elliptical. step 800, energy = -0.5001510690403678
  |->  par_lens = 2, 2, 2
[TDSE] Running TDSE-SH-elliptical. step 1000, energy = -0.500151069038841
  |->  par_lens = 2, 2, 2
[TDSE] Running TDSE-SH-elliptical. step 1200, energy = -0.5001510690355333
  |->  par_lens = 2, 2, 2
[TDSE] Running TDSE-SH-elliptical. step 1400, energy = -0.5001510690294169
  |->  par_lens = 2, 2, 2
[TDSE] Running TDSE-SH-elliptical. step 1600, energy = -0.5001510690195002
  |->  par_lens = 2, 2, 2
[TDSE] Running TDSE-SH-elliptical. step 1800, energy = -0.5001510690050791
  |->  par_lens = 2, 2, 2
[TDSE] Running TDSE-SH-elliptical. step 2000, energy = -0.5001510689862808
  |->  par_lens = 2, 2, 2
[TDSE] Running TDSE-SH-elliptical. step 2200, energy = -0.5001510689640707
  |->  par_lens = 2, 2, 2
[TDSE] Running TDSE-SH-elliptical. step 2400, energy = -0.500151068940922
  |->  par_lens = 2, 2, 2
[TDSE] Running TDSE-SH-elliptical. step 2600, energy = -0.5001510689204637
  |->  par_lens = 2, 2, 2
[TDSE] Running TDSE-SH-elliptical. step 2800, energy = -0.5001510689071941
  |->  par_lens = 2, 2, 2
[TDSE] Running TDSE-SH-elliptical. step 3000, energy = -0.5001510689060952
  |->  par_lens = 2, 2, 2
[TDSE] Running TDSE-SH-elliptical. step 3200, energy = -0.5001510689205557
  |->  par_lens = 2, 2, 2
[TDSE] Running TDSE-SH-elliptical. step 3400, energy = -0.5001510689512235
  |->  par_lens = 2, 2, 2
[TDSE] Running TDSE-SH-elliptical. step 3600, energy = -0.5001510689923907
  |->  par_lens = 2, 2, 2
[TDSE] Running TDSE-SH-elliptical. step 3800, energy = -0.5001510690290147
  |->  par_lens = 2, 2, 2
[TDSE] Running TDSE-SH-elliptical. step 4000, energy = -0.5001510690319784
  |->  par_lens = 2, 2, 2
[TDSE] Running TDSE-SH-elliptical. step 4200, energy = -0.500151068952652
  |->  par_lens = 2, 2, 2
[TDSE] Running TDSE-SH-elliptical. step 4400, energy = -0.5001510687171672
  |->  par_lens = 2, 2, 2
[TDSE] Running TDSE-SH-elliptical. step 4600, energy = -0.5001510682185383
  |->  par_lens = 2, 2, 2
[TDSE] Running TDSE-SH-elliptical. step 4800, energy = -0.50015106731058
  |->  par_lens = 2, 2, 2
[TDSE] Running TDSE-SH-elliptical. step 5000, energy = -0.5001510657985201
  |->  par_lens = 2, 2, 2
[TDSE] Running TDSE-SH-elliptical. step 5200, energy = -0.5001510634275267
  |->  par_lens = 2, 2, 2
[TDSE] Running TDSE-SH-elliptical. step 5400, energy = -0.5001510598924177
  |->  par_lens = 2, 2, 2
[TDSE] Running TDSE-SH-elliptical. step 5600, energy = -0.5001510547844638
  |->  par_lens = 2, 2, 2
[TDSE] Running TDSE-SH-elliptical. step 5800, energy = -0.500151047642387
  |->  par_lens = 2, 2, 2
[TDSE] Running TDSE-SH-elliptical. step 6000, energy = -0.5001510379250707
  |->  par_lens = 2, 2, 2
[TDSE] Running TDSE-SH-elliptical. step 6200, energy = -0.5001510249297009
  |->  par_lens = 2, 2, 2
[TDSE] Running TDSE-SH-elliptical. step 6400, energy = -0.5001510079626311
  |->  par_lens = 2, 2, 2
[TDSE] Running TDSE-SH-elliptical. step 6600, energy = -0.5001509860910348
  |->  par_lens = 2, 2, 2
[TDSE] Running TDSE-SH-elliptical. step 6800, energy = -0.5001509584501658
  |->  par_lens = 2, 2, 2
[TDSE] Running TDSE-SH-elliptical. step 7000, energy = -0.5001509239356656
  |->  par_lens = 2, 2, 2
[TDSE] Running TDSE-SH-elliptical. step 7200, energy = -0.500150881215429
  |->  par_lens = 2, 2, 2
[TDSE] Running TDSE-SH-elliptical. step 7400, energy = -0.500150829454639
  |->  par_lens = 2, 2, 2
[TDSE] Running TDSE-SH-elliptical. step 7600, energy = -0.5001507668180467
  |->  par_lens = 2, 2, 2
[TDSE] Running TDSE-SH-elliptical. step 7800, energy = -0.5001506921636375
  |->  par_lens = 2, 2, 2
[TDSE] Running TDSE-SH-elliptical. step 8000, energy = -0.5001506041177773
  |->  par_lens = 2, 2, 2
[TDSE] Running TDSE-SH-elliptical. step 8200, energy = -0.5001505006435376
  |->  par_lens = 2, 2, 2
[TDSE] Running TDSE-SH-elliptical. step 8400, energy = -0.5001503810663038
  |->  par_lens = 2, 2, 2
[TDSE] Running TDSE-SH-elliptical. step 8600, energy = -0.5001502427207616
  |->  par_lens = 2, 2, 2
[TDSE] Running TDSE-SH-elliptical. step 8800, energy = -0.5001500852018973
  |->  par_lens = 2, 2, 2
[TDSE] Running TDSE-SH-elliptical. step 9000, energy = -0.5001499063598479
  |->  par_lens = 2, 2, 2
[TDSE] Running TDSE-SH-elliptical. step 9200, energy = -0.5001497040016812
  |->  par_lens = 2, 2, 2
[TDSE] Running TDSE-SH-elliptical. step 9400, energy = -0.5001494797323847
  |->  par_lens = 2, 2, 2
[TDSE] Running TDSE-SH-elliptical. step 9600, energy = -0.5001492283680417
  |->  par_lens = 2, 2, 2
[TDSE] Running TDSE-SH-elliptical. step 9800, energy = -0.5001489511391566
  |->  par_lens = 2, 2, 2
[TDSE] Running TDSE-SH-elliptical. step 10000, energy = -0.5001486478224685
  |->  par_lens = 2, 2, 2
[TDSE] Running TDSE-SH-elliptical. step 10200, energy = -0.5001484038270869
  |->  par_lens = 2, 2, 2
[TDSE] Running TDSE-SH-elliptical. step 10400, energy = -0.5001486421202465
  |->  par_lens = 2, 2, 2
[TDSE] Running TDSE-SH-elliptical. step 10600, energy = -0.5001484089843019
  |->  par_lens = 2, 2, 2
[TDSE] Running TDSE-SH-elliptical. step 10800, energy = -0.500144461308756
  |->  par_lens = 2, 2, 2
[TDSE] Running TDSE-SH-elliptical. step 11000, energy = -0.5001275784099698
  |->  par_lens = 4, 3, 3
[TDSE] Running TDSE-SH-elliptical. step 11200, energy = -0.5000791491877328
  |->  par_lens = 4, 3, 3
[TDSE] Running TDSE-SH-elliptical. step 11400, energy = -0.4999894415406187
  |->  par_lens = 4, 4, 3
[TDSE] Running TDSE-SH-elliptical. step 11600, energy = -0.499897489082701
  |->  par_lens = 5, 4, 5
[TDSE] Running TDSE-SH-elliptical. step 11800, energy = -0.4998862129562724
  |->  par_lens = 5, 5, 5
[TDSE] Running TDSE-SH-elliptical. step 12000, energy = -0.49996234009243645
  |->  par_lens = 5, 5, 5
[TDSE] Running TDSE-SH-elliptical. step 12200, energy = -0.49994968609756707
  |->  par_lens = 5, 5, 5
[TDSE] Running TDSE-SH-elliptical. step 12400, energy = -0.4996274461839518
  |->  par_lens = 5, 5, 5
[TDSE] Running TDSE-SH-elliptical. step 12600, energy = -0.4990899321185443
  |->  par_lens = 6, 5, 6
[TDSE] Running TDSE-SH-elliptical. step 12800, energy = -0.49882848548879194
  |->  par_lens = 6, 6, 6
[TDSE] Running TDSE-SH-elliptical. step 13000, energy = -0.4991414323913292
  |->  par_lens = 6, 5, 6
[TDSE] Running TDSE-SH-elliptical. step 13200, energy = -0.49942515214284666
  |->  par_lens = 5, 6, 6
[TDSE] Running TDSE-SH-elliptical. step 13400, energy = -0.49849653302770525
  |->  par_lens = 6, 6, 7
[TDSE] Running TDSE-SH-elliptical. step 13600, energy = -0.4961039170872229
  |->  par_lens = 8, 8, 8
[TDSE] Running TDSE-SH-elliptical. step 13800, energy = -0.49392575527127336
  |->  par_lens = 10, 10, 9
[TDSE] Running TDSE-SH-elliptical. step 14000, energy = -0.4941133493600008
  |->  par_lens = 10, 10, 9
[TDSE] Running TDSE-SH-elliptical. step 14200, energy = -0.496424312052207
  |->  par_lens = 10, 10, 11
[TDSE] Running TDSE-SH-elliptical. step 14400, energy = -0.49748049134008976
  |->  par_lens = 10, 11, 11
[TDSE] Running TDSE-SH-elliptical. step 14600, energy = -0.49427870026651655
  |->  par_lens = 10, 11, 12
[TDSE] Running TDSE-SH-elliptical. step 14800, energy = -0.48856783517608365
  |->  par_lens = 13, 12, 13
[TDSE] Running TDSE-SH-elliptical. step 15000, energy = -0.4860285381516055
  |->  par_lens = 14, 12, 13
[TDSE] Running TDSE-SH-elliptical. step 15200, energy = -0.4895948397807232
  |->  par_lens = 14, 14, 14
[TDSE] Running TDSE-SH-elliptical. step 15400, energy = -0.49426863665957993
  |->  par_lens = 15, 15, 14
[TDSE] Running TDSE-SH-elliptical. step 15600, energy = -0.4913095881317723
  |->  par_lens = 15, 16, 14
[TDSE] Running TDSE-SH-elliptical. step 15800, energy = -0.4791220332720421
  |->  par_lens = 15, 16, 16
[TDSE] Running TDSE-SH-elliptical. step 16000, energy = -0.467737119678992
  |->  par_lens = 21, 19, 19
[TDSE] Running TDSE-SH-elliptical. step 16200, energy = -0.4689695362565799
  |->  par_lens = 22, 23, 21
[TDSE] Running TDSE-SH-elliptical. step 16400, energy = -0.4813306630279364
  |->  par_lens = 26, 26, 27
[TDSE] Running TDSE-SH-elliptical. step 16600, energy = -0.48868148854776083
  |->  par_lens = 29, 27, 28
[TDSE] Running TDSE-SH-elliptical. step 16800, energy = -0.47779317474005023
  |->  par_lens = 30, 28, 30
[TDSE] Running TDSE-SH-elliptical. step 17000, energy = -0.45611859630253165
  |->  par_lens = 29, 25, 29
[TDSE] Running TDSE-SH-elliptical. step 17200, energy = -0.4463422303119768
  |->  par_lens = 31, 32, 30
[TDSE] Running TDSE-SH-elliptical. step 17400, energy = -0.459736856019503
  |->  par_lens = 38, 33, 35
[TDSE] Running TDSE-SH-elliptical. step 17600, energy = -0.4790416398744888
  |->  par_lens = 39, 40, 39
[TDSE] Running TDSE-SH-elliptical. step 17800, energy = -0.4749196925947682
  |->  par_lens = 40, 42, 38
[TDSE] Running TDSE-SH-elliptical. step 18000, energy = -0.4415823579972503
  |->  par_lens = 37, 35, 36
[TDSE] Running TDSE-SH-elliptical. step 18200, energy = -0.4092222015572756
  |->  par_lens = 41, 41, 41
[TDSE] Running TDSE-SH-elliptical. step 18400, energy = -0.41218223304834917
  |->  par_lens = 48, 52, 53
[TDSE] Running TDSE-SH-elliptical. step 18600, energy = -0.44704189825690666
  |->  par_lens = 61, 65, 60
[TDSE] Running TDSE-SH-elliptical. step 18800, energy = -0.470603699335247
  |->  par_lens = 67, 67, 71
[TDSE] Running TDSE-SH-elliptical. step 19000, energy = -0.4480079965573613
  |->  par_lens = 68, 68, 70
[TDSE] Running TDSE-SH-elliptical. step 19200, energy = -0.39727778315887424
  |->  par_lens = 59, 61, 59
[TDSE] Running TDSE-SH-elliptical. step 19400, energy = -0.3733655612019251
  |->  par_lens = 67, 67, 65
[TDSE] Running TDSE-SH-elliptical. step 19600, energy = -0.40384324114547754
  |->  par_lens = 82, 81, 83
[TDSE] Running TDSE-SH-elliptical. step 19800, energy = -0.45103088809877345
  |->  par_lens = 91, 96, 92
[TDSE] Running TDSE-SH-elliptical. step 20000, energy = -0.44990799857357977
  |->  par_lens = 91, 95, 94
[TDSE] Running TDSE-SH-elliptical. step 20200, energy = -0.3862511412730924
  |->  par_lens = 87, 85, 93
[TDSE] Running TDSE-SH-elliptical. step 20400, energy = -0.3218559508474608
  |->  par_lens = 79, 77, 79
[TDSE] Running TDSE-SH-elliptical. step 20600, energy = -0.3257837356568773
  |->  par_lens = 103, 102, 105
[TDSE] Running TDSE-SH-elliptical. step 20800, energy = -0.3940765775363937
  |->  par_lens = 127, 134, 130
[TDSE] Running TDSE-SH-elliptical. step 21000, energy = -0.44447123698528174
  |->  par_lens = 143, 141, 142
[TDSE] Running TDSE-SH-elliptical. step 21200, energy = -0.4105485130389162
  |->  par_lens = 140, 138, 144
[TDSE] Running TDSE-SH-elliptical. step 21400, energy = -0.3228763071302501
  |->  par_lens = 129, 132, 128
[TDSE] Running TDSE-SH-elliptical. step 21600, energy = -0.27993422428019904
  |->  par_lens = 115, 121, 121
[TDSE] Running TDSE-SH-elliptical. step 21800, energy = -0.33015269481786436
  |->  par_lens = 151, 149, 150
[TDSE] Running TDSE-SH-elliptical. step 22000, energy = -0.41426148813165214
  |->  par_lens = 179, 182, 176
[TDSE] Running TDSE-SH-elliptical. step 22200, energy = -0.4221610932202296
  |->  par_lens = 185, 181, 182
[TDSE] Running TDSE-SH-elliptical. step 22400, energy = -0.3277132350632281
  |->  par_lens = 163, 172, 172
[TDSE] Running TDSE-SH-elliptical. step 22600, energy = -0.22797685497300577
  |->  par_lens = 143, 141, 138
[TDSE] Running TDSE-SH-elliptical. step 22800, energy = -0.23111966107167434
  |->  par_lens = 168, 172, 166
[TDSE] Running TDSE-SH-elliptical. step 23000, energy = -0.3341843464089343
  |->  par_lens = 215, 216, 218
[TDSE] Running TDSE-SH-elliptical. step 23200, energy = -0.41654919535908846
  |->  par_lens = 240, 241, 244
[TDSE] Running TDSE-SH-elliptical. step 23400, energy = -0.37719947509342017
  |->  par_lens = 244, 247, 243
[TDSE] Running TDSE-SH-elliptical. step 23600, energy = -0.25644964827435324
  |->  par_lens = 227, 221, 225
[TDSE] Running TDSE-SH-elliptical. step 23800, energy = -0.19524887837639945
  |->  par_lens = 183, 194, 187
[TDSE] Running TDSE-SH-elliptical. step 24000, energy = -0.26055583799663595
  |->  par_lens = 225, 228, 226
[TDSE] Running TDSE-SH-elliptical. step 24200, energy = -0.3790344592302192
  |->  par_lens = 271, 275, 266
[TDSE] Running TDSE-SH-elliptical. step 24400, energy = -0.40055375940699794
  |->  par_lens = 276, 279, 271
[TDSE] Running TDSE-SH-elliptical. step 24600, energy = -0.2865112960639518
  |->  par_lens = 265, 261, 264
[TDSE] Running TDSE-SH-elliptical. step 24800, energy = -0.15997004359454384
  |->  par_lens = 241, 244, 227
[TDSE] Running TDSE-SH-elliptical. step 25000, energy = -0.1607349845294683
  |->  par_lens = 259, 248, 255
[TDSE] Running TDSE-SH-elliptical. step 25200, energy = -0.28666588179505736
  |->  par_lens = 305, 307, 306
[TDSE] Running TDSE-SH-elliptical. step 25400, energy = -0.39546587403953215
  |->  par_lens = 331, 336, 333
[TDSE] Running TDSE-SH-elliptical. step 25600, energy = -0.360032546882068
  |->  par_lens = 333, 340, 335
[TDSE] Running TDSE-SH-elliptical. step 25800, energy = -0.22344238437294275
  |->  par_lens = 308, 313, 308
[TDSE] Running TDSE-SH-elliptical. step 26000, energy = -0.15109344255651197
  |->  par_lens = 286, 281, 289
[TDSE] Running TDSE-SH-elliptical. step 26200, energy = -0.22127731927379027
  |->  par_lens = 317, 306, 313
[TDSE] Running TDSE-SH-elliptical. step 26400, energy = -0.357798656377813
  |->  par_lens = 344, 342, 342
[TDSE] Running TDSE-SH-elliptical. step 26600, energy = -0.3925563734366611
  |->  par_lens = 346, 353, 354
[TDSE] Running TDSE-SH-elliptical. step 26800, energy = -0.2785173990465562
  |->  par_lens = 335, 338, 337
[TDSE] Running TDSE-SH-elliptical. step 27000, energy = -0.14474705008647387
  |->  par_lens = 319, 319, 319
[TDSE] Running TDSE-SH-elliptical. step 27200, energy = -0.14154634224497864
  |->  par_lens = 332, 333, 338
[TDSE] Running TDSE-SH-elliptical. step 27400, energy = -0.2702496085960271
  |->  par_lens = 362, 361, 367
[TDSE] Running TDSE-SH-elliptical. step 27600, energy = -0.3892474809257452
  |->  par_lens = 383, 385, 389
[TDSE] Running TDSE-SH-elliptical. step 27800, energy = -0.36584930381068764
  |->  par_lens = 381, 383, 389
[TDSE] Running TDSE-SH-elliptical. step 28000, energy = -0.23789693506132578
  |->  par_lens = 362, 369, 368
[TDSE] Running TDSE-SH-elliptical. step 28200, energy = -0.16554962595354789
  |->  par_lens = 342, 355, 354
[TDSE] Running TDSE-SH-elliptical. step 28400, energy = -0.2288144548149766
  |->  par_lens = 364, 360, 359
[TDSE] Running TDSE-SH-elliptical. step 28600, energy = -0.3597321788105389
  |->  par_lens = 384, 376, 378
[TDSE] Running TDSE-SH-elliptical. step 28800, energy = -0.4015663483001095
  |->  par_lens = 386, 380, 385
[TDSE] Running TDSE-SH-elliptical. step 29000, energy = -0.3070765190177334
  |->  par_lens = 380, 377, 369
[TDSE] Running TDSE-SH-elliptical. step 29200, energy = -0.18851558627820184
  |->  par_lens = 364, 361, 365
[TDSE] Running TDSE-SH-elliptical. step 29400, energy = -0.18140016456343191
  |->  par_lens = 376, 369, 373
[TDSE] Running TDSE-SH-elliptical. step 29600, energy = -0.29249459311072223
  |->  par_lens = 393, 389, 391
[TDSE] Running TDSE-SH-elliptical. step 29800, energy = -0.40077643364119897
  |->  par_lens = 402, 403, 404
[TDSE] Running TDSE-SH-elliptical. step 30000, energy = -0.3918513578933378
  |->  par_lens = 406, 401, 400
[TDSE] Running TDSE-SH-elliptical. step 30200, energy = -0.29301017888509256
  |->  par_lens = 387, 390, 401
[TDSE] Running TDSE-SH-elliptical. step 30400, energy = -0.23278089461103588
  |->  par_lens = 374, 378, 377
[TDSE] Running TDSE-SH-elliptical. step 30600, energy = -0.28049308262520084
  |->  par_lens = 383, 372, 374
[TDSE] Running TDSE-SH-elliptical. step 30800, energy = -0.3851771440177073
  |->  par_lens = 384, 385, 387
[TDSE] Running TDSE-SH-elliptical. step 31000, energy = -0.42413687258805416
  |->  par_lens = 388, 386, 389
[TDSE] Running TDSE-SH-elliptical. step 31200, energy = -0.3595342217969446
  |->  par_lens = 385, 378, 386
[TDSE] Running TDSE-SH-elliptical. step 31400, energy = -0.2725261619437659
  |->  par_lens = 383, 372, 376
[TDSE] Running TDSE-SH-elliptical. step 31600, energy = -0.263667459854306
  |->  par_lens = 398, 392, 394
[TDSE] Running TDSE-SH-elliptical. step 31800, energy = -0.3440316223434635
  |->  par_lens = 408, 403, 403
[TDSE] Running TDSE-SH-elliptical. step 32000, energy = -0.425288000184312
  |->  par_lens = 414, 407, 413
[TDSE] Running TDSE-SH-elliptical. step 32200, energy = -0.42784295572225134
  |->  par_lens = 415, 409, 412
[TDSE] Running TDSE-SH-elliptical. step 32400, energy = -0.36636660708914864
  |->  par_lens = 405, 398, 404
[TDSE] Running TDSE-SH-elliptical. step 32600, energy = -0.3249416591757236
  |->  par_lens = 393, 392, 393
[TDSE] Running TDSE-SH-elliptical. step 32800, energy = -0.3544811108698605
  |->  par_lens = 382, 375, 377
[TDSE] Running TDSE-SH-elliptical. step 33000, energy = -0.4220194856181269
  |->  par_lens = 380, 384, 382
[TDSE] Running TDSE-SH-elliptical. step 33200, energy = -0.4512941465753786
  |->  par_lens = 384, 385, 385
[TDSE] Running TDSE-SH-elliptical. step 33400, energy = -0.4160034729794683
  |->  par_lens = 382, 385, 373
[TDSE] Running TDSE-SH-elliptical. step 33600, energy = -0.36396096199441097
  |->  par_lens = 377, 383, 381
[TDSE] Running TDSE-SH-elliptical. step 33800, energy = -0.35745030271441447
  |->  par_lens = 393, 390, 394
[TDSE] Running TDSE-SH-elliptical. step 34000, energy = -0.40333126549907916
  |->  par_lens = 401, 403, 399
[TDSE] Running TDSE-SH-elliptical. step 34200, energy = -0.453054038187465
  |->  par_lens = 405, 407, 412
[TDSE] Running TDSE-SH-elliptical. step 34400, energy = -0.4600489392458757
  |->  par_lens = 411, 408, 409
[TDSE] Running TDSE-SH-elliptical. step 34600, energy = -0.43095227718999535
  |->  par_lens = 406, 406, 407
[TDSE] Running TDSE-SH-elliptical. step 34800, energy = -0.4096954471672595
  |->  par_lens = 399, 399, 400
[TDSE] Running TDSE-SH-elliptical. step 35000, energy = -0.4241453616568211
  |->  par_lens = 389, 391, 392
[TDSE] Running TDSE-SH-elliptical. step 35200, energy = -0.4574388801126352
  |->  par_lens = 386, 385, 386
[TDSE] Running TDSE-SH-elliptical. step 35400, energy = -0.47340133485639424
  |->  par_lens = 381, 385, 377
[TDSE] Running TDSE-SH-elliptical. step 35600, energy = -0.4586727735236224
  |->  par_lens = 381, 386, 376
[TDSE] Running TDSE-SH-elliptical. step 35800, energy = -0.4358260923725924
  |->  par_lens = 385, 387, 381
[TDSE] Running TDSE-SH-elliptical. step 36000, energy = -0.4318986718273166
  |->  par_lens = 392, 389, 386
[TDSE] Running TDSE-SH-elliptical. step 36200, energy = -0.4522155073466818
  |->  par_lens = 397, 400, 391
[TDSE] Running TDSE-SH-elliptical. step 36400, energy = -0.474618134859161
  |->  par_lens = 393, 404, 401
[TDSE] Running TDSE-SH-elliptical. step 36600, energy = -0.480835093999402
  |->  par_lens = 398, 406, 398
[TDSE] Running TDSE-SH-elliptical. step 36800, energy = -0.4719905333272913
  |->  par_lens = 392, 408, 396
[TDSE] Running TDSE-SH-elliptical. step 37000, energy = -0.4648701779940527
  |->  par_lens = 392, 399, 393
[TDSE] Running TDSE-SH-elliptical. step 37200, energy = -0.4696162237908701
  |->  par_lens = 384, 394, 379
[TDSE] Running TDSE-SH-elliptical. step 37400, energy = -0.48079430050482874
  |->  par_lens = 372, 384, 368
[TDSE] Running TDSE-SH-elliptical. step 37600, energy = -0.48640315959306074
  |->  par_lens = 363, 373, 354
[TDSE] Running TDSE-SH-elliptical. step 37800, energy = -0.4823719465760741
  |->  par_lens = 351, 360, 348
[TDSE] Running TDSE-SH-elliptical. step 38000, energy = -0.4756127414938524
  |->  par_lens = 357, 365, 345
[TDSE] Running TDSE-SH-elliptical. step 38200, energy = -0.47450474497851364
  |->  par_lens = 363, 356, 352
[TDSE] Running TDSE-SH-elliptical. step 38400, energy = -0.4801406985348854
  |->  par_lens = 360, 356, 354
[TDSE] Running TDSE-SH-elliptical. step 38600, energy = -0.48684300831862426
  |->  par_lens = 368, 360, 352
[TDSE] Running TDSE-SH-elliptical. step 38800, energy = -0.4897792226202247
  |->  par_lens = 360, 352, 349
[TDSE] Running TDSE-SH-elliptical. step 39000, energy = -0.48899813138837167
  |->  par_lens = 354, 352, 344
[TDSE] Running TDSE-SH-elliptical. step 39200, energy = -0.48798698272670915
  |->  par_lens = 341, 341, 335
[TDSE] Running TDSE-SH-elliptical. step 39400, energy = -0.48883406916426414
  |->  par_lens = 335, 328, 325
[TDSE] Running TDSE-SH-elliptical. step 39600, energy = -0.49057870695918265
  |->  par_lens = 330, 320, 316
[TDSE] Running TDSE-SH-elliptical. step 39800, energy = -0.49137502300696684
  |->  par_lens = 318, 306, 308
[TDSE] Running TDSE-SH-elliptical. step 40000, energy = -0.49068946259378404
  |->  par_lens = 309, 303, 302
[TDSE] Running TDSE-SH-elliptical. step 40200, energy = -0.4897719675676523
  |->  par_lens = 306, 298, 301
[TDSE] Running TDSE-SH-elliptical. step 40400, energy = -0.4896113727367534
  |->  par_lens = 305, 303, 304
[TDSE] Running TDSE-SH-elliptical. step 40600, energy = -0.4903265604132059
  |->  par_lens = 310, 303, 306
[TDSE] Running TDSE-SH-elliptical. step 40800, energy = -0.49125323822721917
  |->  par_lens = 305, 304, 307
[TDSE] Running TDSE-SH-elliptical. step 41000, energy = -0.4918381862934079
  |->  par_lens = 306, 306, 306
[TDSE] Running TDSE-SH-elliptical. step 41200, energy = -0.49209236545997787
  |->  par_lens = 305, 304, 304
[TDSE] Running TDSE-SH-elliptical. step 41400, energy = -0.492163595743503
  |->  par_lens = 303, 304, 301
[TDSE] Running TDSE-SH-elliptical. step 41600, energy = -0.49219810729772145
  |->  par_lens = 299, 301, 300
[TDSE] Running TDSE-SH-elliptical. step 41800, energy = -0.492195627233897
  |->  par_lens = 297, 298, 297
[TDSE] Running TDSE-SH-elliptical. step 42000, energy = -0.4921465038810213
  |->  par_lens = 296, 295, 296
[TDSE] Running TDSE-SH-elliptical. step 42200, energy = -0.49211390967805174
  |->  par_lens = 295, 295, 295
[TDSE] Running TDSE-SH-elliptical. step 42400, energy = -0.492088951802989
  |->  par_lens = 293, 296, 294
[TDSE] Running TDSE-SH-elliptical. step 42600, energy = -0.49209766783507797
  |->  par_lens = 293, 292, 294
[TDSE] Running TDSE-SH-elliptical. step 42800, energy = -0.4921241150687625
  |->  par_lens = 292, 288, 292
[TDSE] Running TDSE-SH-elliptical. step 43000, energy = -0.49212673558999437
  |->  par_lens = 291, 288, 291
[TDSE] Running TDSE-SH-elliptical. step 43200, energy = -0.49215711772077503
  |->  par_lens = 292, 288, 290
[TDSE] Running TDSE-SH-elliptical. step 43400, energy = -0.4921585494313577
  |->  par_lens = 290, 287, 288
[TDSE] Running TDSE-SH-elliptical. step 43600, energy = -0.4921768288734694
  |->  par_lens = 290, 286, 287
[TDSE] Running TDSE-SH-elliptical. step 43800, energy = -0.4922056823077135
  |->  par_lens = 290, 286, 286
[TDSE] Running TDSE-SH-elliptical. step 44000, energy = -0.4922118889618177
  |->  par_lens = 290, 286, 285
[TDSE] Running TDSE-SH-elliptical. step 44200, energy = -0.49224715847313016
  |->  par_lens = 287, 283, 285
[TDSE] Running TDSE-SH-elliptical. step 44400, energy = -0.49225512511035485
  |->  par_lens = 286, 283, 283
[TDSE] Running TDSE-SH-elliptical. step 44600, energy = -0.4922736987548798
  |->  par_lens = 286, 284, 284
[TDSE] Running TDSE-SH-elliptical. step 44800, energy = -0.4922906842987375
  |->  par_lens = 286, 282, 283
[TDSE] Running TDSE-SH-elliptical. step 45000, energy = -0.49229909279394435
  |->  par_lens = 284, 280, 281
