  Activating project at `~/JuliaProp_v0.1`
[ITP]: 10000.471108571397
[ITP]: 0.022107823405609905
[ITP]: 0.004976805475414736
[ITP]: 0.0021058954092971205
[ITP]: 0.001084104546129061
[ITP]: 0.0006160870179273692
[ITP]: 0.0003714642087823128
[ITP]: 0.00023286611963801995
[ITP]: 0.0001500123428329614
[ITP]: 9.857967926441003e-5
[ITP]: 6.57601184761436e-5
[ITP]: 4.43786526744816e-5
[ITP]: 3.022437766897479e-5
[ITP]: 2.0735965556739622e-5
[ITP]: 1.4311264988853267e-5
[ITP]: 9.92563006574354e-6
[ITP]: 6.9119921211058255e-6
[ITP]: 4.82976755122877e-6
[ITP]: 3.384510666504248e-6
[ITP]: 2.3775199649023193e-6
[ITP]: 1.6736194445865493e-6
[ITP]: 1.1802274751948616e-6
[ITP]: 8.335748883370186e-7
[ITP]: 5.895273362810372e-7
[ITP]: 4.174150680658073e-7
[ITP]: 2.958509506267859e-7
[ITP]: 2.098764437796774e-7
[ITP]: 1.4900242706339384e-7
[ITP]: 1.0585745457980522e-7
[ITP]: 7.525113565609587e-8
[ITP]: 5.352267851144177e-8
[ITP]: 3.808635307134267e-8
[ITP]: 2.7113442158110956e-8
[ITP]: 1.9309163601377577e-8
[ITP]: 1.3755872219078924e-8
[ITP]: 9.802639699962867e-9
Energy of ground state: -0.5030607411950042
[TDSE] Start TDSE-SH for elliptical polarized laser. It may cost a plenty of time.
[TDSE] Running TDSE-SH-elliptical. step 0, energy = -0.503060741194997
  |->  par_lens = 2, 2, 2
[TDSE] Running TDSE-SH-elliptical. step 200, energy = -0.5030600187437568
  |->  par_lens = 2, 2, 2
[TDSE] Running TDSE-SH-elliptical. step 400, energy = -0.503058034545825
  |->  par_lens = 2, 2, 2
[TDSE] Running TDSE-SH-elliptical. step 600, energy = -0.5030544859692034
  |->  par_lens = 2, 2, 2
[TDSE] Running TDSE-SH-elliptical. step 800, energy = -0.5030504726242616
  |->  par_lens = 4, 3, 2
[TDSE] Running TDSE-SH-elliptical. step 1000, energy = -0.5030515992971826
  |->  par_lens = 4, 2, 3
[TDSE] Running TDSE-SH-elliptical. step 1200, energy = -0.5030516207959598
  |->  par_lens = 4, 3, 2
[TDSE] Running TDSE-SH-elliptical. step 1400, energy = -0.503040533922188
  |->  par_lens = 4, 3, 3
[TDSE] Running TDSE-SH-elliptical. step 1600, energy = -0.5030102407923717
  |->  par_lens = 4, 3, 3
[TDSE] Running TDSE-SH-elliptical. step 1800, energy = -0.5029410157024908
  |->  par_lens = 4, 4, 3
[TDSE] Running TDSE-SH-elliptical. step 2000, energy = -0.502801118323963
  |->  par_lens = 5, 5, 4
[TDSE] Running TDSE-SH-elliptical. step 2200, energy = -0.5025051971710778
  |->  par_lens = 5, 5, 5
[TDSE] Running TDSE-SH-elliptical. step 2400, energy = -0.5019753076507888
  |->  par_lens = 6, 6, 6
[TDSE] Running TDSE-SH-elliptical. step 2600, energy = -0.5013873145695013
  |->  par_lens = 7, 7, 7
[TDSE] Running TDSE-SH-elliptical. step 2800, energy = -0.5009683881764102
  |->  par_lens = 8, 7, 7
[TDSE] Running TDSE-SH-elliptical. step 3000, energy = -0.5010396185182463
  |->  par_lens = 8, 8, 8
[TDSE] Running TDSE-SH-elliptical. step 3200, energy = -0.5013555940462298
  |->  par_lens = 9, 9, 8
[TDSE] Running TDSE-SH-elliptical. step 3400, energy = -0.5014242626215034
  |->  par_lens = 9, 9, 8
[TDSE] Running TDSE-SH-elliptical. step 3600, energy = -0.5009534614111891
  |->  par_lens = 9, 9, 9
[TDSE] Running TDSE-SH-elliptical. step 3800, energy = -0.5001575757683882
  |->  par_lens = 9, 9, 9
[TDSE] Running TDSE-SH-elliptical. step 4000, energy = -0.49963332993364207
  |->  par_lens = 10, 9, 10
[TDSE] Running TDSE-SH-elliptical. step 4200, energy = -0.4990301861187481
  |->  par_lens = 11, 9, 11
[TDSE] Running TDSE-SH-elliptical. step 4400, energy = -0.4972123468710337
  |->  par_lens = 11, 10, 11
[TDSE] Running TDSE-SH-elliptical. step 4600, energy = -0.49345936863259193
  |->  par_lens = 13, 11, 11
[TDSE] Running TDSE-SH-elliptical. step 4800, energy = -0.48895544310529315
  |->  par_lens = 14, 16, 14
[TDSE] Running TDSE-SH-elliptical. step 5000, energy = -0.4865125581494546
  |->  par_lens = 18, 17, 19
[TDSE] Running TDSE-SH-elliptical. step 5200, energy = -0.487659869550056
  |->  par_lens = 23, 22, 21
[TDSE] Running TDSE-SH-elliptical. step 5400, energy = -0.4905078004201011
  |->  par_lens = 25, 23, 23
[TDSE] Running TDSE-SH-elliptical. step 5600, energy = -0.49135047663976017
  |->  par_lens = 25, 23, 24
[TDSE] Running TDSE-SH-elliptical. step 5800, energy = -0.488590442565712
  |->  par_lens = 26, 25, 24
[TDSE] Running TDSE-SH-elliptical. step 6000, energy = -0.4847207362218657
  |->  par_lens = 26, 25, 24
[TDSE] Running TDSE-SH-elliptical. step 6200, energy = -0.48330963894848095
  |->  par_lens = 26, 26, 25
[TDSE] Running TDSE-SH-elliptical. step 6400, energy = -0.483357144714202
  |->  par_lens = 28, 26, 28
[TDSE] Running TDSE-SH-elliptical. step 6600, energy = -0.4794156633644458
  |->  par_lens = 28, 26, 28
[TDSE] Running TDSE-SH-elliptical. step 6800, energy = -0.4679600209119093
  |->  par_lens = 28, 29, 28
[TDSE] Running TDSE-SH-elliptical. step 7000, energy = -0.4534071578339855
  |->  par_lens = 31, 34, 32
[TDSE] Running TDSE-SH-elliptical. step 7200, energy = -0.4460086135415137
  |->  par_lens = 43, 39, 42
[TDSE] Running TDSE-SH-elliptical. step 7400, energy = -0.45085160343988984
  |->  par_lens = 54, 51, 54
[TDSE] Running TDSE-SH-elliptical. step 7600, energy = -0.4613371058023174
  |->  par_lens = 62, 62, 58
[TDSE] Running TDSE-SH-elliptical. step 7800, energy = -0.46516866307719174
  |->  par_lens = 64, 62, 62
[TDSE] Running TDSE-SH-elliptical. step 8000, energy = -0.45764243586881864
  |->  par_lens = 65, 65, 63
[TDSE] Running TDSE-SH-elliptical. step 8200, energy = -0.44734014486874774
  |->  par_lens = 67, 65, 64
[TDSE] Running TDSE-SH-elliptical. step 8400, energy = -0.4449809152744606
  |->  par_lens = 67, 66, 64
[TDSE] Running TDSE-SH-elliptical. step 8600, energy = -0.4487674583861136
  |->  par_lens = 69, 67, 68
[TDSE] Running TDSE-SH-elliptical. step 8800, energy = -0.44410587164686466
  |->  par_lens = 69, 67, 66
[TDSE] Running TDSE-SH-elliptical. step 9000, energy = -0.42089510739717195
  |->  par_lens = 68, 67, 66
[TDSE] Running TDSE-SH-elliptical. step 9200, energy = -0.38977285177181054
  |->  par_lens = 72, 71, 71
[TDSE] Running TDSE-SH-elliptical. step 9400, energy = -0.37434273701672
  |->  par_lens = 90, 86, 84
[TDSE] Running TDSE-SH-elliptical. step 9600, energy = -0.38616256235205787
  |->  par_lens = 112, 109, 108
[TDSE] Running TDSE-SH-elliptical. step 9800, energy = -0.41095641997876975
  |->  par_lens = 130, 128, 127
[TDSE] Running TDSE-SH-elliptical. step 10000, energy = -0.421673437432885
  |->  par_lens = 132, 135, 134
[TDSE] Running TDSE-SH-elliptical. step 10200, energy = -0.4083349704823897
  |->  par_lens = 135, 137, 136
[TDSE] Running TDSE-SH-elliptical. step 10400, energy = -0.3892802136393528
  |->  par_lens = 134, 136, 136
[TDSE] Running TDSE-SH-elliptical. step 10600, energy = -0.3866113200779808
  |->  par_lens = 132, 134, 129
[TDSE] Running TDSE-SH-elliptical. step 10800, energy = -0.397403372859281
  |->  par_lens = 135, 129, 130
[TDSE] Running TDSE-SH-elliptical. step 11000, energy = -0.39481276308495417
  |->  par_lens = 128, 124, 126
[TDSE] Running TDSE-SH-elliptical. step 11200, energy = -0.3587379905139033
  |->  par_lens = 121, 129, 127
[TDSE] Running TDSE-SH-elliptical. step 11400, energy = -0.307316036199219
  |->  par_lens = 140, 135, 139
[TDSE] Running TDSE-SH-elliptical. step 11600, energy = -0.28283975321838734
  |->  par_lens = 156, 154, 157
[TDSE] Running TDSE-SH-elliptical. step 11800, energy = -0.3039598960231888
  |->  par_lens = 194, 191, 195
[TDSE] Running TDSE-SH-elliptical. step 12000, energy = -0.3474956440085428
  |->  par_lens = 225, 224, 225
[TDSE] Running TDSE-SH-elliptical. step 12200, energy = -0.3695639724308526
  |->  par_lens = 239, 236, 235
[TDSE] Running TDSE-SH-elliptical. step 12400, energy = -0.3523183875074237
  |->  par_lens = 235, 234, 239
[TDSE] Running TDSE-SH-elliptical. step 12600, energy = -0.3252772807765704
  |->  par_lens = 224, 229, 223
[TDSE] Running TDSE-SH-elliptical. step 12800, energy = -0.3238026314215525
  |->  par_lens = 200, 205, 202
[TDSE] Running TDSE-SH-elliptical. step 13000, energy = -0.3429102993342093
  |->  par_lens = 188, 190, 183
[TDSE] Running TDSE-SH-elliptical. step 13200, energy = -0.3443847347111394
  |->  par_lens = 176, 174, 174
[TDSE] Running TDSE-SH-elliptical. step 13400, energy = -0.29802597841351053
  |->  par_lens = 172, 174, 174
[TDSE] Running TDSE-SH-elliptical. step 13600, energy = -0.22816879051992725
  |->  par_lens = 188, 200, 195
[TDSE] Running TDSE-SH-elliptical. step 13800, energy = -0.19599763320695204
  |->  par_lens = 226, 241, 231
[TDSE] Running TDSE-SH-elliptical. step 14000, energy = -0.2268398897546158
  |->  par_lens = 287, 285, 292
[TDSE] Running TDSE-SH-elliptical. step 14200, energy = -0.2883949223445125
  |->  par_lens = 330, 331, 333
[TDSE] Running TDSE-SH-elliptical. step 14400, energy = -0.3241574998408052
  |->  par_lens = 350, 350, 349
[TDSE] Running TDSE-SH-elliptical. step 14600, energy = -0.3081253883685297
  |->  par_lens = 344, 345, 347
[TDSE] Running TDSE-SH-elliptical. step 14800, energy = -0.2773249202898469
  |->  par_lens = 317, 308, 316
[TDSE] Running TDSE-SH-elliptical. step 15000, energy = -0.27811928376724476
  |->  par_lens = 268, 272, 269
[TDSE] Running TDSE-SH-elliptical. step 15200, energy = -0.30384057368098044
  |->  par_lens = 243, 241, 240
[TDSE] Running TDSE-SH-elliptical. step 15400, energy = -0.30923438769221245
  |->  par_lens = 223, 221, 225
[TDSE] Running TDSE-SH-elliptical. step 15600, energy = -0.25852415201164936
  |->  par_lens = 230, 230, 230
[TDSE] Running TDSE-SH-elliptical. step 15800, energy = -0.17869824662537384
  |->  par_lens = 270, 263, 256
[TDSE] Running TDSE-SH-elliptical. step 16000, energy = -0.14232129798911852
  |->  par_lens = 318, 319, 319
[TDSE] Running TDSE-SH-elliptical. step 16200, energy = -0.17940986768165826
  |->  par_lens = 380, 379, 380
[TDSE] Running TDSE-SH-elliptical. step 16400, energy = -0.25277543529540264
  |->  par_lens = 423, 421, 421
[TDSE] Running TDSE-SH-elliptical. step 16600, energy = -0.3009904038525595
  |->  par_lens = 445, 442, 444
[TDSE] Running TDSE-SH-elliptical. step 16800, energy = -0.2928799840173446
  |->  par_lens = 441, 438, 442
[TDSE] Running TDSE-SH-elliptical. step 17000, energy = -0.2655159731813148
  |->  par_lens = 416, 417, 413
[TDSE] Running TDSE-SH-elliptical. step 17200, energy = -0.26830788530833366
  |->  par_lens = 372, 375, 373
[TDSE] Running TDSE-SH-elliptical. step 17400, energy = -0.2954752839917456
  |->  par_lens = 341, 337, 337
[TDSE] Running TDSE-SH-elliptical. step 17600, energy = -0.30264152425951535
  |->  par_lens = 314, 314, 311
[TDSE] Running TDSE-SH-elliptical. step 17800, energy = -0.254646724171293
  |->  par_lens = 311, 308, 311
[TDSE] Running TDSE-SH-elliptical. step 18000, energy = -0.17739742213881657
  |->  par_lens = 340, 342, 345
[TDSE] Running TDSE-SH-elliptical. step 18200, energy = -0.14210018632886265
  |->  par_lens = 395, 394, 395
[TDSE] Running TDSE-SH-elliptical. step 18400, energy = -0.17893175636007827
  |->  par_lens = 451, 450, 450
[TDSE] Running TDSE-SH-elliptical. step 18600, energy = -0.2540972765884107
  |->  par_lens = 491, 491, 491
[TDSE] Running TDSE-SH-elliptical. step 18800, energy = -0.30994369416681583
  |->  par_lens = 509, 511, 514
[TDSE] Running TDSE-SH-elliptical. step 19000, energy = -0.31427117901015256
  |->  par_lens = 512, 519, 516
[TDSE] Running TDSE-SH-elliptical. step 19200, energy = -0.2969983902688097
  |->  par_lens = 485, 487, 487
[TDSE] Running TDSE-SH-elliptical. step 19400, energy = -0.30080412898583697
  |->  par_lens = 433, 436, 437
[TDSE] Running TDSE-SH-elliptical. step 19600, energy = -0.32323213237994836
  |->  par_lens = 382, 381, 393
[TDSE] Running TDSE-SH-elliptical. step 19800, energy = -0.32876975772317996
  |->  par_lens = 360, 354, 359
[TDSE] Running TDSE-SH-elliptical. step 20000, energy = -0.2882983689611233
  |->  par_lens = 353, 356, 359
[TDSE] Running TDSE-SH-elliptical. step 20200, energy = -0.22393734993747058
  |->  par_lens = 392, 395, 390
[TDSE] Running TDSE-SH-elliptical. step 20400, energy = -0.19404009399574204
  |->  par_lens = 444, 442, 438
[TDSE] Running TDSE-SH-elliptical. step 20600, energy = -0.22437563323446902
  |->  par_lens = 497, 494, 496
[TDSE] Running TDSE-SH-elliptical. step 20800, energy = -0.29137439171407725
  |->  par_lens = 532, 538, 531
[TDSE] Running TDSE-SH-elliptical. step 21000, energy = -0.3471380034742756
  |->  par_lens = 552, 552, 556
[TDSE] Running TDSE-SH-elliptical. step 21200, energy = -0.36281510802664363
  |->  par_lens = 549, 554, 553
[TDSE] Running TDSE-SH-elliptical. step 21400, energy = -0.3576659587257701
  |->  par_lens = 527, 527, 528
[TDSE] Running TDSE-SH-elliptical. step 21600, energy = -0.3613461552816131
  |->  par_lens = 492, 477, 485
[TDSE] Running TDSE-SH-elliptical. step 21800, energy = -0.37535014820640206
  |->  par_lens = 447, 446, 453
[TDSE] Running TDSE-SH-elliptical. step 22000, energy = -0.37625143700587094
  |->  par_lens = 424, 426, 425
[TDSE] Running TDSE-SH-elliptical. step 22200, energy = -0.34456614850345996
  |->  par_lens = 430, 426, 426
[TDSE] Running TDSE-SH-elliptical. step 22400, energy = -0.297406311054241
  |->  par_lens = 454, 459, 458
[TDSE] Running TDSE-SH-elliptical. step 22600, energy = -0.27465732277979277
  |->  par_lens = 497, 496, 495
[TDSE] Running TDSE-SH-elliptical. step 22800, energy = -0.2959915782418688
  |->  par_lens = 538, 538, 540
[TDSE] Running TDSE-SH-elliptical. step 23000, energy = -0.3473765312158257
  |->  par_lens = 568, 570, 570
[TDSE] Running TDSE-SH-elliptical. step 23200, energy = -0.39422511959842027
  |->  par_lens = 581, 579, 579
[TDSE] Running TDSE-SH-elliptical. step 23400, energy = -0.4155316934613756
  |->  par_lens = 576, 581, 579
[TDSE] Running TDSE-SH-elliptical. step 23600, energy = -0.4195794708170532
  |->  par_lens = 569, 567, 571
[TDSE] Running TDSE-SH-elliptical. step 23800, energy = -0.4231628583719262
  |->  par_lens = 543, 542, 546
[TDSE] Running TDSE-SH-elliptical. step 24000, energy = -0.42870868136069523
  |->  par_lens = 521, 523, 523
[TDSE] Running TDSE-SH-elliptical. step 24200, energy = -0.42400148214834393
  |->  par_lens = 512, 510, 509
[TDSE] Running TDSE-SH-elliptical. step 24400, energy = -0.4005453053079697
  |->  par_lens = 511, 506, 507
[TDSE] Running TDSE-SH-elliptical. step 24600, energy = -0.36998550106344325
  |->  par_lens = 526, 530, 527
[TDSE] Running TDSE-SH-elliptical. step 24800, energy = -0.35514027948446997
  |->  par_lens = 556, 556, 555
[TDSE] Running TDSE-SH-elliptical. step 25000, energy = -0.3680178497127483
  |->  par_lens = 581, 580, 582
[TDSE] Running TDSE-SH-elliptical. step 25200, energy = -0.4005148289102794
  |->  par_lens = 590, 590, 590
[TDSE] Running TDSE-SH-elliptical. step 25400, energy = -0.4330846297450637
  |->  par_lens = 590, 590, 590
[TDSE] Running TDSE-SH-elliptical. step 25600, energy = -0.45290824937628177
  |->  par_lens = 590, 590, 590
[TDSE] Running TDSE-SH-elliptical. step 25800, energy = -0.46123201319129203
  |->  par_lens = 590, 590, 589
[TDSE] Running TDSE-SH-elliptical. step 26000, energy = -0.4643555845183178
  |->  par_lens = 589, 590, 589
[TDSE] Running TDSE-SH-elliptical. step 26200, energy = -0.46398632874916834
  |->  par_lens = 586, 587, 586
[TDSE] Running TDSE-SH-elliptical. step 26400, energy = -0.45637070954746894
  |->  par_lens = 586, 587, 586
[TDSE] Running TDSE-SH-elliptical. step 26600, energy = -0.4406450894180299
  |->  par_lens = 587, 587, 588
[TDSE] Running TDSE-SH-elliptical. step 26800, energy = -0.42354035954172836
  |->  par_lens = 590, 590, 590
[TDSE] Running TDSE-SH-elliptical. step 27000, energy = -0.41562200700329843
  |->  par_lens = 590, 590, 590
[TDSE] Running TDSE-SH-elliptical. step 27200, energy = -0.4215610612027225
  |->  par_lens = 590, 590, 590
[TDSE] Running TDSE-SH-elliptical. step 27400, energy = -0.43783977851171796
  |->  par_lens = 590, 590, 590
[TDSE] Running TDSE-SH-elliptical. step 27600, energy = -0.45575049044331034
  |->  par_lens = 590, 590, 590
[TDSE] Running TDSE-SH-elliptical. step 27800, energy = -0.46899668870739597
  |->  par_lens = 590, 590, 590
[TDSE] Running TDSE-SH-elliptical. step 28000, energy = -0.4761044220051338
  |->  par_lens = 590, 590, 590
[TDSE] Running TDSE-SH-elliptical. step 28200, energy = -0.47808085855638743
  |->  par_lens = 590, 590, 590
[TDSE] Running TDSE-SH-elliptical. step 28400, energy = -0.4757584057395585
  |->  par_lens = 590, 590, 590
[TDSE] Running TDSE-SH-elliptical. step 28600, energy = -0.4695519067004165
  |->  par_lens = 590, 590, 590
[TDSE] Running TDSE-SH-elliptical. step 28800, energy = -0.46097448965386906
  |->  par_lens = 590, 590, 590
[TDSE] Running TDSE-SH-elliptical. step 29000, energy = -0.4533572356048859
  |->  par_lens = 590, 590, 590
[TDSE] Running TDSE-SH-elliptical. step 29200, energy = -0.4499466349084562
  |->  par_lens = 590, 590, 590
[TDSE] Running TDSE-SH-elliptical. step 29400, energy = -0.45176020973747877
  |->  par_lens = 590, 590, 590
[TDSE] Running TDSE-SH-elliptical. step 29600, energy = -0.4574431510266693
  |->  par_lens = 590, 590, 590
[TDSE] Running TDSE-SH-elliptical. step 29800, energy = -0.46406992168404015
  |->  par_lens = 590, 590, 590
[TDSE] Running TDSE-SH-elliptical. step 30000, energy = -0.46954817642094915
  |->  par_lens = 590, 590, 590
[TDSE] Running TDSE-SH-elliptical. step 30200, energy = -0.47261239385190995
  |->  par_lens = 590, 590, 590
[TDSE] Running TDSE-SH-elliptical. step 30400, energy = -0.4732755029713584
  |->  par_lens = 590, 590, 590
[TDSE] Running TDSE-SH-elliptical. step 30600, energy = -0.4719199891894417
  |->  par_lens = 590, 590, 590
[TDSE] Running TDSE-SH-elliptical. step 30800, energy = -0.4694567477817086
  |->  par_lens = 590, 590, 590
[TDSE] Running TDSE-SH-elliptical. step 31000, energy = -0.46676327601154255
  |->  par_lens = 590, 590, 590
[TDSE] Running TDSE-SH-elliptical. step 31200, energy = -0.46484794669753315
  |->  par_lens = 590, 590, 590
[TDSE] Running TDSE-SH-elliptical. step 31400, energy = -0.4639606704513636
  |->  par_lens = 590, 590, 590
[TDSE] Running TDSE-SH-elliptical. step 31600, energy = -0.46417055119535466
  |->  par_lens = 590, 590, 590
[TDSE] Running TDSE-SH-elliptical. step 31800, energy = -0.46486212769508695
  |->  par_lens = 590, 590, 590
[TDSE] Running TDSE-SH-elliptical. step 32000, energy = -0.46563845993084246
  |->  par_lens = 590, 590, 590
[TDSE] Running TDSE-SH-elliptical. step 32200, energy = -0.4661004968189736
  |->  par_lens = 590, 590, 590
[TDSE] Running TDSE-SH-elliptical. step 32400, energy = -0.4662821665290336
  |->  par_lens = 590, 590, 590
[TDSE] Running TDSE-SH-elliptical. step 32600, energy = -0.4662267941618467
  |->  par_lens = 590, 590, 590
[TDSE] Running TDSE-SH-elliptical. step 32800, energy = -0.4661220587216679
  |->  par_lens = 590, 590, 590
[TDSE] Running TDSE-SH-elliptical. step 33000, energy = -0.4660198204988629
  |->  par_lens = 590, 590, 590
