[ITP]: 10000.471108571397
[ITP]: 0.022107823405609905
[ITP]: 0.004976805475414736
[ITP]: 0.0021058954092971205
[ITP]: 0.001084104546129061
[ITP]: 0.0006160870179273692
[ITP]: 0.0003714642087823128
[ITP]: 0.00023286611963801995
[ITP]: 0.0001500123428329614
[ITP]: 9.857967926441003e-5
[ITP]: 6.57601184761436e-5
[ITP]: 4.43786526744816e-5
[ITP]: 3.022437766897479e-5
[ITP]: 2.0735965556739622e-5
[ITP]: 1.4311264988853267e-5
[ITP]: 9.92563006574354e-6
[ITP]: 6.9119921211058255e-6
[ITP]: 4.82976755122877e-6
[ITP]: 3.384510666504248e-6
[ITP]: 2.3775199649023193e-6
[ITP]: 1.6736194445865493e-6
[ITP]: 1.1802274751948616e-6
[ITP]: 8.335748883370186e-7
[ITP]: 5.895273362810372e-7
[ITP]: 4.174150680658073e-7
[ITP]: 2.958509506267859e-7
[ITP]: 2.098764437796774e-7
[ITP]: 1.4900242706339384e-7
[ITP]: 1.0585745457980522e-7
[ITP]: 7.525113565609587e-8
[ITP]: 5.352267851144177e-8
[ITP]: 3.808635307134267e-8
[ITP]: 2.7113442158110956e-8
[ITP]: 1.9309163601377577e-8
[ITP]: 1.3755872219078924e-8
[ITP]: 9.802639699962867e-9
Energy of ground state: -0.5030607411950042
[TDSE] Start TDSE-SH for elliptical polarized laser. It may cost a plenty of time.
[TDSE] Running TDSE-SH-elliptical. step 0, energy = -0.5030607411950033
  |->  par_lens = 2, 2, 2
[TDSE] Running TDSE-SH-elliptical. step 200, energy = -0.5030607411948607
  |->  par_lens = 2, 2, 2
[TDSE] Running TDSE-SH-elliptical. step 400, energy = -0.5030607411944988
  |->  par_lens = 2, 2, 2
[TDSE] Running TDSE-SH-elliptical. step 600, energy = -0.5030607411920809
  |->  par_lens = 2, 2, 2
[TDSE] Running TDSE-SH-elliptical. step 800, energy = -0.5030607411805813
  |->  par_lens = 2, 2, 2
[TDSE] Running TDSE-SH-elliptical. step 1000, energy = -0.5030607411426389
  |->  par_lens = 2, 2, 2
[TDSE] Running TDSE-SH-elliptical. step 1200, energy = -0.5030607410443892
  |->  par_lens = 2, 2, 2
[TDSE] Running TDSE-SH-elliptical. step 1400, energy = -0.5030607408278878
  |->  par_lens = 2, 2, 2
[TDSE] Running TDSE-SH-elliptical. step 1600, energy = -0.5030607404046094
  |->  par_lens = 2, 2, 2
[TDSE] Running TDSE-SH-elliptical. step 1800, energy = -0.503060739647768
  |->  par_lens = 2, 2, 2
[TDSE] Running TDSE-SH-elliptical. step 2000, energy = -0.5030607383880679
  |->  par_lens = 2, 2, 2
[TDSE] Running TDSE-SH-elliptical. step 2200, energy = -0.5030607364034231
  |->  par_lens = 2, 2, 2
[TDSE] Running TDSE-SH-elliptical. step 2400, energy = -0.5030607334280479
  |->  par_lens = 2, 2, 2
[TDSE] Running TDSE-SH-elliptical. step 2600, energy = -0.5030607291266842
  |->  par_lens = 2, 2, 2
[TDSE] Running TDSE-SH-elliptical. step 2800, energy = -0.5030607231382184
  |->  par_lens = 2, 2, 2
[TDSE] Running TDSE-SH-elliptical. step 3000, energy = -0.5030607149927085
  |->  par_lens = 2, 2, 2
[TDSE] Running TDSE-SH-elliptical. step 3200, energy = -0.5030607042865334
  |->  par_lens = 2, 2, 2
[TDSE] Running TDSE-SH-elliptical. step 3400, energy = -0.5030606903778254
  |->  par_lens = 2, 2, 2
[TDSE] Running TDSE-SH-elliptical. step 3600, energy = -0.5030606728716879
  |->  par_lens = 2, 2, 2
[TDSE] Running TDSE-SH-elliptical. step 3800, energy = -0.5030606509986828
  |->  par_lens = 2, 2, 2
[TDSE] Running TDSE-SH-elliptical. step 4000, energy = -0.503060624411224
  |->  par_lens = 2, 2, 2
[TDSE] Running TDSE-SH-elliptical. step 4200, energy = -0.5030605921595819
  |->  par_lens = 2, 2, 2
[TDSE] Running TDSE-SH-elliptical. step 4400, energy = -0.5030605541527524
  |->  par_lens = 2, 2, 2
[TDSE] Running TDSE-SH-elliptical. step 4600, energy = -0.5030605092684676
  |->  par_lens = 2, 2, 2
[TDSE] Running TDSE-SH-elliptical. step 4800, energy = -0.5030604575026006
  |->  par_lens = 2, 2, 2
[TDSE] Running TDSE-SH-elliptical. step 5000, energy = -0.5030603979582393
  |->  par_lens = 2, 2, 2
[TDSE] Running TDSE-SH-elliptical. step 5200, energy = -0.5030603306319531
  |->  par_lens = 2, 2, 2
[TDSE] Running TDSE-SH-elliptical. step 5400, energy = -0.5030602547338952
  |->  par_lens = 2, 2, 2
[TDSE] Running TDSE-SH-elliptical. step 5600, energy = -0.5030601704563207
  |->  par_lens = 2, 2, 2
[TDSE] Running TDSE-SH-elliptical. step 5800, energy = -0.5030600773834046
  |->  par_lens = 2, 2, 2
[TDSE] Running TDSE-SH-elliptical. step 6000, energy = -0.5030599753613262
  |->  par_lens = 2, 2, 2
[TDSE] Running TDSE-SH-elliptical. step 6200, energy = -0.5030598649856542
  |->  par_lens = 2, 2, 2
[TDSE] Running TDSE-SH-elliptical. step 6400, energy = -0.5030597454171143
  |->  par_lens = 2, 2, 2
[TDSE] Running TDSE-SH-elliptical. step 6600, energy = -0.5030596181237829
  |->  par_lens = 2, 2, 2
[TDSE] Running TDSE-SH-elliptical. step 6800, energy = -0.5030594823557909
  |->  par_lens = 2, 2, 2
[TDSE] Running TDSE-SH-elliptical. step 7000, energy = -0.5030593396622312
  |->  par_lens = 2, 2, 2
[TDSE] Running TDSE-SH-elliptical. step 7200, energy = -0.5030591889738636
  |->  par_lens = 2, 2, 2
[TDSE] Running TDSE-SH-elliptical. step 7400, energy = -0.5030590335342957
  |->  par_lens = 2, 2, 2
[TDSE] Running TDSE-SH-elliptical. step 7600, energy = -0.5030588711378086
  |->  par_lens = 2, 2, 2
[TDSE] Running TDSE-SH-elliptical. step 7800, energy = -0.5030587047615407
  |->  par_lens = 2, 2, 2
[TDSE] Running TDSE-SH-elliptical. step 8000, energy = -0.5030585341016872
  |->  par_lens = 2, 2, 2
[TDSE] Running TDSE-SH-elliptical. step 8200, energy = -0.5030583611460266
  |->  par_lens = 2, 2, 2
[TDSE] Running TDSE-SH-elliptical. step 8400, energy = -0.5030581851755238
  |->  par_lens = 2, 2, 2
[TDSE] Running TDSE-SH-elliptical. step 8600, energy = -0.5030580088880768
  |->  par_lens = 2, 2, 2
[TDSE] Running TDSE-SH-elliptical. step 8800, energy = -0.5030578322317203
  |->  par_lens = 2, 2, 2
[TDSE] Running TDSE-SH-elliptical. step 9000, energy = -0.5030576563721254
  |->  par_lens = 2, 2, 2
[TDSE] Running TDSE-SH-elliptical. step 9200, energy = -0.5030574826697497
  |->  par_lens = 2, 2, 2
[TDSE] Running TDSE-SH-elliptical. step 9400, energy = -0.5030573108063868
  |->  par_lens = 2, 2, 2
[TDSE] Running TDSE-SH-elliptical. step 9600, energy = -0.5030571434365604
  |->  par_lens = 2, 2, 2
[TDSE] Running TDSE-SH-elliptical. step 9800, energy = -0.5030569799596923
  |->  par_lens = 2, 2, 2
[TDSE] Running TDSE-SH-elliptical. step 10000, energy = -0.5030568216822013
  |->  par_lens = 2, 2, 2
[TDSE] Running TDSE-SH-elliptical. step 10200, energy = -0.5030566030988933
  |->  par_lens = 2, 2, 2
[TDSE] Running TDSE-SH-elliptical. step 10400, energy = -0.5030557209778744
  |->  par_lens = 2, 2, 2
[TDSE] Running TDSE-SH-elliptical. step 10600, energy = -0.503054503255055
  |->  par_lens = 2, 2, 2
[TDSE] Running TDSE-SH-elliptical. step 10800, energy = -0.503054213021173
  |->  par_lens = 3, 2, 2
[TDSE] Running TDSE-SH-elliptical. step 11000, energy = -0.5030532737034525
  |->  par_lens = 3, 2, 2
[TDSE] Running TDSE-SH-elliptical. step 11200, energy = -0.5030429704394398
  |->  par_lens = 4, 3, 3
[TDSE] Running TDSE-SH-elliptical. step 11400, energy = -0.5030107310348626
  |->  par_lens = 4, 3, 3
[TDSE] Running TDSE-SH-elliptical. step 11600, energy = -0.5029549740126021
  |->  par_lens = 4, 4, 3
[TDSE] Running TDSE-SH-elliptical. step 11800, energy = -0.5028893862871371
  |->  par_lens = 4, 4, 4
[TDSE] Running TDSE-SH-elliptical. step 12000, energy = -0.5028017367029919
  |->  par_lens = 5, 5, 4
[TDSE] Running TDSE-SH-elliptical. step 12200, energy = -0.5026282863236248
  |->  par_lens = 5, 5, 5
[TDSE] Running TDSE-SH-elliptical. step 12400, energy = -0.5022998384645735
  |->  par_lens = 5, 5, 6
[TDSE] Running TDSE-SH-elliptical. step 12600, energy = -0.5018842423443818
  |->  par_lens = 6, 5, 6
[TDSE] Running TDSE-SH-elliptical. step 12800, energy = -0.5015931994565601
  |->  par_lens = 6, 6, 7
[TDSE] Running TDSE-SH-elliptical. step 13000, energy = -0.5015675076731184
  |->  par_lens = 7, 7, 7
[TDSE] Running TDSE-SH-elliptical. step 13200, energy = -0.5015699073706823
  |->  par_lens = 8, 7, 7
[TDSE] Running TDSE-SH-elliptical. step 13400, energy = -0.5011220419581811
  |->  par_lens = 8, 7, 7
[TDSE] Running TDSE-SH-elliptical. step 13600, energy = -0.5000480358700389
  |->  par_lens = 8, 8, 8
[TDSE] Running TDSE-SH-elliptical. step 13800, energy = -0.49887794877172376
  |->  par_lens = 8, 9, 8
[TDSE] Running TDSE-SH-elliptical. step 14000, energy = -0.49835862510708934
  |->  par_lens = 9, 9, 9
[TDSE] Running TDSE-SH-elliptical. step 14200, energy = -0.49836060395784965
  |->  par_lens = 9, 9, 10
[TDSE] Running TDSE-SH-elliptical. step 14400, energy = -0.49770534790858934
  |->  par_lens = 10, 10, 10
[TDSE] Running TDSE-SH-elliptical. step 14600, energy = -0.49533665744945726
  |->  par_lens = 12, 10, 11
[TDSE] Running TDSE-SH-elliptical. step 14800, energy = -0.49209050457333253
  |->  par_lens = 13, 11, 12
[TDSE] Running TDSE-SH-elliptical. step 15000, energy = -0.49012869654614893
  |->  par_lens = 14, 15, 13
[TDSE] Running TDSE-SH-elliptical. step 15200, energy = -0.490688669043957
  |->  par_lens = 13, 15, 16
[TDSE] Running TDSE-SH-elliptical. step 15400, energy = -0.4918037849799477
  |->  par_lens = 16, 15, 16
[TDSE] Running TDSE-SH-elliptical. step 15600, energy = -0.49013876797864564
  |->  par_lens = 17, 15, 17
[TDSE] Running TDSE-SH-elliptical. step 15800, energy = -0.484812624285518
  |->  par_lens = 18, 15, 17
[TDSE] Running TDSE-SH-elliptical. step 16000, energy = -0.47939407066586026
  |->  par_lens = 19, 20, 17
[TDSE] Running TDSE-SH-elliptical. step 16200, energy = -0.47803669377030594
  |->  par_lens = 19, 21, 22
[TDSE] Running TDSE-SH-elliptical. step 16400, energy = -0.4802753228553051
  |->  par_lens = 23, 21, 23
[TDSE] Running TDSE-SH-elliptical. step 16600, energy = -0.4801907821929972
  |->  par_lens = 24, 22, 24
[TDSE] Running TDSE-SH-elliptical. step 16800, energy = -0.4731946944060795
  |->  par_lens = 25, 22, 25
[TDSE] Running TDSE-SH-elliptical. step 17000, energy = -0.46233117741194485
  |->  par_lens = 28, 28, 26
[TDSE] Running TDSE-SH-elliptical. step 17200, energy = -0.45634247663483507
  |->  par_lens = 30, 30, 28
[TDSE] Running TDSE-SH-elliptical. step 17400, energy = -0.4594439668028639
  |->  par_lens = 33, 34, 32
[TDSE] Running TDSE-SH-elliptical. step 17600, energy = -0.46525270053157664
  |->  par_lens = 36, 35, 35
[TDSE] Running TDSE-SH-elliptical. step 17800, energy = -0.4624736085737146
  |->  par_lens = 36, 35, 35
[TDSE] Running TDSE-SH-elliptical. step 18000, energy = -0.44859422957850603
  |->  par_lens = 35, 37, 38
[TDSE] Running TDSE-SH-elliptical. step 18200, energy = -0.43434957600168034
  |->  par_lens = 41, 37, 39
[TDSE] Running TDSE-SH-elliptical. step 18400, energy = -0.43222175406291014
  |->  par_lens = 44, 44, 45
[TDSE] Running TDSE-SH-elliptical. step 18600, energy = -0.44085162543852435
  |->  par_lens = 49, 48, 48
[TDSE] Running TDSE-SH-elliptical. step 18800, energy = -0.4446799881707762
  |->  par_lens = 52, 51, 50
[TDSE] Running TDSE-SH-elliptical. step 19000, energy = -0.4311721563922638
  |->  par_lens = 54, 54, 51
[TDSE] Running TDSE-SH-elliptical. step 19200, energy = -0.4077470512500412
  |->  par_lens = 54, 54, 54
[TDSE] Running TDSE-SH-elliptical. step 19400, energy = -0.3952468955737103
  |->  par_lens = 57, 60, 59
[TDSE] Running TDSE-SH-elliptical. step 19600, energy = -0.4037142176759891
  |->  par_lens = 65, 66, 67
[TDSE] Running TDSE-SH-elliptical. step 19800, energy = -0.41929019623420977
  |->  par_lens = 74, 74, 74
[TDSE] Running TDSE-SH-elliptical. step 20000, energy = -0.4174061042895563
  |->  par_lens = 76, 74, 73
[TDSE] Running TDSE-SH-elliptical. step 20200, energy = -0.39199314343971925
  |->  par_lens = 78, 76, 75
[TDSE] Running TDSE-SH-elliptical. step 20400, energy = -0.3656079823839925
  |->  par_lens = 79, 79, 79
[TDSE] Running TDSE-SH-elliptical. step 20600, energy = -0.3631794385120325
  |->  par_lens = 83, 87, 84
[TDSE] Running TDSE-SH-elliptical. step 20800, energy = -0.3823500834952264
  |->  par_lens = 98, 97, 94
[TDSE] Running TDSE-SH-elliptical. step 21000, energy = -0.3944232952523521
  |->  par_lens = 102, 101, 99
[TDSE] Running TDSE-SH-elliptical. step 21200, energy = -0.37493479468103885
  |->  par_lens = 99, 98, 103
[TDSE] Running TDSE-SH-elliptical. step 21400, energy = -0.3366234087835696
  |->  par_lens = 103, 102, 104
[TDSE] Running TDSE-SH-elliptical. step 21600, energy = -0.3170638444001457
  |->  par_lens = 108, 105, 110
[TDSE] Running TDSE-SH-elliptical. step 21800, energy = -0.3329648109620599
  |->  par_lens = 120, 119, 116
[TDSE] Running TDSE-SH-elliptical. step 22000, energy = -0.361980228428162
  |->  par_lens = 129, 130, 128
[TDSE] Running TDSE-SH-elliptical. step 22200, energy = -0.36420033345894004
  |->  par_lens = 133, 134, 132
[TDSE] Running TDSE-SH-elliptical. step 22400, energy = -0.3280349584919867
  |->  par_lens = 135, 130, 135
[TDSE] Running TDSE-SH-elliptical. step 22600, energy = -0.2895265681058435
  |->  par_lens = 133, 133, 137
[TDSE] Running TDSE-SH-elliptical. step 22800, energy = -0.28819802288169455
  |->  par_lens = 136, 140, 139
[TDSE] Running TDSE-SH-elliptical. step 23000, energy = -0.3193765518731675
  |->  par_lens = 151, 150, 153
[TDSE] Running TDSE-SH-elliptical. step 23200, energy = -0.3421153643708489
  |->  par_lens = 157, 158, 158
[TDSE] Running TDSE-SH-elliptical. step 23400, energy = -0.31982574757205745
  |->  par_lens = 164, 164, 160
[TDSE] Running TDSE-SH-elliptical. step 23600, energy = -0.26899422787578553
  |->  par_lens = 167, 166, 165
[TDSE] Running TDSE-SH-elliptical. step 23800, energy = -0.2440134438382356
  |->  par_lens = 166, 164, 164
[TDSE] Running TDSE-SH-elliptical. step 24000, energy = -0.2679164848811134
  |->  par_lens = 176, 178, 179
[TDSE] Running TDSE-SH-elliptical. step 24200, energy = -0.30995688245057856
  |->  par_lens = 194, 191, 190
[TDSE] Running TDSE-SH-elliptical. step 24400, energy = -0.31887926443665254
  |->  par_lens = 195, 198, 196
[TDSE] Running TDSE-SH-elliptical. step 24600, energy = -0.27723554649088655
  |->  par_lens = 199, 202, 195
[TDSE] Running TDSE-SH-elliptical. step 24800, energy = -0.23083778647697942
  |->  par_lens = 196, 196, 200
[TDSE] Running TDSE-SH-elliptical. step 25000, energy = -0.23148364111780267
  |->  par_lens = 202, 203, 204
[TDSE] Running TDSE-SH-elliptical. step 25200, energy = -0.27232442862486145
  |->  par_lens = 215, 214, 216
[TDSE] Running TDSE-SH-elliptical. step 25400, energy = -0.30452470038812
  |->  par_lens = 224, 229, 226
[TDSE] Running TDSE-SH-elliptical. step 25600, energy = -0.28424192483353444
  |->  par_lens = 229, 231, 228
[TDSE] Running TDSE-SH-elliptical. step 25800, energy = -0.22853724555145885
  |->  par_lens = 229, 229, 232
[TDSE] Running TDSE-SH-elliptical. step 26000, energy = -0.20149319660929318
  |->  par_lens = 228, 230, 231
[TDSE] Running TDSE-SH-elliptical. step 26200, energy = -0.23054112360527534
  |->  par_lens = 244, 237, 236
[TDSE] Running TDSE-SH-elliptical. step 26400, energy = -0.28084616472943785
  |->  par_lens = 248, 247, 246
[TDSE] Running TDSE-SH-elliptical. step 26600, energy = -0.29719140643352926
  |->  par_lens = 252, 245, 250
[TDSE] Running TDSE-SH-elliptical. step 26800, energy = -0.25863322861638993
  |->  par_lens = 250, 245, 247
[TDSE] Running TDSE-SH-elliptical. step 27000, energy = -0.21257185621740582
  |->  par_lens = 245, 246, 241
[TDSE] Running TDSE-SH-elliptical. step 27200, energy = -0.2146880364318318
  |->  par_lens = 239, 247, 246
[TDSE] Running TDSE-SH-elliptical. step 27400, energy = -0.25863395279193413
  |->  par_lens = 250, 256, 249
[TDSE] Running TDSE-SH-elliptical. step 27600, energy = -0.2958187656284175
  |->  par_lens = 255, 254, 253
[TDSE] Running TDSE-SH-elliptical. step 27800, energy = -0.28193508285116603
  |->  par_lens = 260, 255, 254
[TDSE] Running TDSE-SH-elliptical. step 28000, energy = -0.2317635498280284
  |->  par_lens = 263, 259, 263
[TDSE] Running TDSE-SH-elliptical. step 28200, energy = -0.20723897658063356
  |->  par_lens = 258, 266, 258
[TDSE] Running TDSE-SH-elliptical. step 28400, energy = -0.23589468952901538
  |->  par_lens = 265, 265, 261
[TDSE] Running TDSE-SH-elliptical. step 28600, energy = -0.28666025957236585
  |->  par_lens = 268, 267, 266
[TDSE] Running TDSE-SH-elliptical. step 28800, energy = -0.30864449576961345
  |->  par_lens = 268, 271, 269
[TDSE] Running TDSE-SH-elliptical. step 29000, energy = -0.2806729755332882
  |->  par_lens = 270, 266, 267
[TDSE] Running TDSE-SH-elliptical. step 29200, energy = -0.24345585697627153
  |->  par_lens = 265, 266, 264
[TDSE] Running TDSE-SH-elliptical. step 29400, energy = -0.24594911561389082
  |->  par_lens = 261, 255, 264
[TDSE] Running TDSE-SH-elliptical. step 29600, energy = -0.2850802501398678
  |->  par_lens = 264, 264, 268
[TDSE] Running TDSE-SH-elliptical. step 29800, energy = -0.32094154409580694
  |->  par_lens = 270, 268, 266
[TDSE] Running TDSE-SH-elliptical. step 30000, energy = -0.3148379604403289
  |->  par_lens = 268, 271, 271
[TDSE] Running TDSE-SH-elliptical. step 30200, energy = -0.2777003289176111
  |->  par_lens = 261, 262, 271
[TDSE] Running TDSE-SH-elliptical. step 30400, energy = -0.25898548760439644
  |->  par_lens = 266, 263, 268
[TDSE] Running TDSE-SH-elliptical. step 30600, energy = -0.2820148116523095
  |->  par_lens = 269, 271, 265
[TDSE] Running TDSE-SH-elliptical. step 30800, energy = -0.32564112857350036
  |->  par_lens = 270, 273, 271
[TDSE] Running TDSE-SH-elliptical. step 31000, energy = -0.34900882542825684
  |->  par_lens = 271, 273, 274
[TDSE] Running TDSE-SH-elliptical. step 31200, energy = -0.33394652753660253
  |->  par_lens = 271, 272, 267
[TDSE] Running TDSE-SH-elliptical. step 31400, energy = -0.30967733446809576
  |->  par_lens = 264, 268, 268
[TDSE] Running TDSE-SH-elliptical. step 31600, energy = -0.31139601288810537
  |->  par_lens = 264, 261, 261
[TDSE] Running TDSE-SH-elliptical. step 31800, energy = -0.3404038436144702
  |->  par_lens = 260, 260, 257
[TDSE] Running TDSE-SH-elliptical. step 32000, energy = -0.36889117406825955
  |->  par_lens = 253, 265, 264
[TDSE] Running TDSE-SH-elliptical. step 32200, energy = -0.3682415609944682
  |->  par_lens = 262, 258, 256
[TDSE] Running TDSE-SH-elliptical. step 32400, energy = -0.3456712755282125
  |->  par_lens = 256, 258, 269
[TDSE] Running TDSE-SH-elliptical. step 32600, energy = -0.3334778261863137
  |->  par_lens = 262, 264, 269
[TDSE] Running TDSE-SH-elliptical. step 32800, energy = -0.3490404940921766
  |->  par_lens = 271, 269, 266
[TDSE] Running TDSE-SH-elliptical. step 33000, energy = -0.3803995648750699
  |->  par_lens = 270, 270, 273
[TDSE] Running TDSE-SH-elliptical. step 33200, energy = -0.3996331252048765
  |->  par_lens = 273, 272, 274
[TDSE] Running TDSE-SH-elliptical. step 33400, energy = -0.39482056650831787
  |->  par_lens = 269, 270, 271
[TDSE] Running TDSE-SH-elliptical. step 33600, energy = -0.38243012264914866
  |->  par_lens = 261, 266, 268
[TDSE] Running TDSE-SH-elliptical. step 33800, energy = -0.38377477551322786
  |->  par_lens = 257, 259, 265
[TDSE] Running TDSE-SH-elliptical. step 34000, energy = -0.40132565107842155
  |->  par_lens = 250, 256, 251
[TDSE] Running TDSE-SH-elliptical. step 34200, energy = -0.4187451408065684
  |->  par_lens = 248, 248, 252
[TDSE] Running TDSE-SH-elliptical. step 34400, energy = -0.4200559002795277
  |->  par_lens = 251, 254, 254
[TDSE] Running TDSE-SH-elliptical. step 34600, energy = -0.4091645406296203
  |->  par_lens = 253, 250, 251
[TDSE] Running TDSE-SH-elliptical. step 34800, energy = -0.40309618297018385
  |->  par_lens = 258, 257, 257
[TDSE] Running TDSE-SH-elliptical. step 35000, energy = -0.41197635562753354
  |->  par_lens = 258, 262, 265
[TDSE] Running TDSE-SH-elliptical. step 35200, energy = -0.4295851104832017
  |->  par_lens = 259, 271, 260
[TDSE] Running TDSE-SH-elliptical. step 35400, energy = -0.4417574871875976
  |->  par_lens = 260, 258, 262
[TDSE] Running TDSE-SH-elliptical. step 35600, energy = -0.44232751372976226
  |->  par_lens = 263, 259, 260
[TDSE] Running TDSE-SH-elliptical. step 35800, energy = -0.4384689366345401
  |->  par_lens = 260, 261, 258
[TDSE] Running TDSE-SH-elliptical. step 36000, energy = -0.43964746166637314
  |->  par_lens = 250, 248, 253
[TDSE] Running TDSE-SH-elliptical. step 36200, energy = -0.44748248920560335
  |->  par_lens = 241, 240, 247
[TDSE] Running TDSE-SH-elliptical. step 36400, energy = -0.4549192491679817
  |->  par_lens = 228, 241, 244
[TDSE] Running TDSE-SH-elliptical. step 36600, energy = -0.4559624603779988
  |->  par_lens = 226, 234, 244
[TDSE] Running TDSE-SH-elliptical. step 36800, energy = -0.45213346354438705
  |->  par_lens = 234, 233, 245
[TDSE] Running TDSE-SH-elliptical. step 37000, energy = -0.4502298474874023
  |->  par_lens = 239, 237, 241
[TDSE] Running TDSE-SH-elliptical. step 37200, energy = -0.4539563475734758
  |->  par_lens = 246, 245, 243
[TDSE] Running TDSE-SH-elliptical. step 37400, energy = -0.46118958290836437
  |->  par_lens = 250, 248, 250
[TDSE] Running TDSE-SH-elliptical. step 37600, energy = -0.46682595783653064
  |->  par_lens = 246, 249, 249
[TDSE] Running TDSE-SH-elliptical. step 37800, energy = -0.4686329384528422
  |->  par_lens = 245, 245, 243
[TDSE] Running TDSE-SH-elliptical. step 38000, energy = -0.468561051577636
  |->  par_lens = 231, 230, 240
[TDSE] Running TDSE-SH-elliptical. step 38200, energy = -0.46932647509807124
  |->  par_lens = 221, 226, 230
[TDSE] Running TDSE-SH-elliptical. step 38400, energy = -0.47138655762998455
  |->  par_lens = 212, 215, 205
[TDSE] Running TDSE-SH-elliptical. step 38600, energy = -0.47316934856625825
  |->  par_lens = 198, 204, 200
[TDSE] Running TDSE-SH-elliptical. step 38800, energy = -0.47328633502902256
  |->  par_lens = 193, 196, 197
[TDSE] Running TDSE-SH-elliptical. step 39000, energy = -0.47241789784409416
  |->  par_lens = 191, 196, 192
[TDSE] Running TDSE-SH-elliptical. step 39200, energy = -0.4720884569479791
  |->  par_lens = 193, 194, 190
[TDSE] Running TDSE-SH-elliptical. step 39400, energy = -0.4730772531237997
  |->  par_lens = 199, 201, 194
[TDSE] Running TDSE-SH-elliptical. step 39600, energy = -0.4749265913178072
  |->  par_lens = 200, 204, 196
[TDSE] Running TDSE-SH-elliptical. step 39800, energy = -0.4765321354810841
  |->  par_lens = 198, 197, 197
[TDSE] Running TDSE-SH-elliptical. step 40000, energy = -0.4774795134874432
  |->  par_lens = 193, 195, 196
[TDSE] Running TDSE-SH-elliptical. step 40200, energy = -0.4779078756153643
  |->  par_lens = 190, 194, 187
[TDSE] Running TDSE-SH-elliptical. step 40400, energy = -0.47815097383771576
  |->  par_lens = 181, 185, 181
[TDSE] Running TDSE-SH-elliptical. step 40600, energy = -0.4783262438628802
  |->  par_lens = 180, 173, 169
[TDSE] Running TDSE-SH-elliptical. step 40800, energy = -0.4783476873175268
  |->  par_lens = 174, 170, 169
[TDSE] Running TDSE-SH-elliptical. step 41000, energy = -0.4782306762163443
  |->  par_lens = 170, 170, 163
[TDSE] Running TDSE-SH-elliptical. step 41200, energy = -0.47812049985752264
  |->  par_lens = 168, 166, 159
[TDSE] Running TDSE-SH-elliptical. step 41400, energy = -0.4781078374569906
  |->  par_lens = 162, 160, 158
[TDSE] Running TDSE-SH-elliptical. step 41600, energy = -0.4782483823167432
  |->  par_lens = 159, 158, 156
[TDSE] Running TDSE-SH-elliptical. step 41800, energy = -0.478439859890347
  |->  par_lens = 158, 155, 157
[TDSE] Running TDSE-SH-elliptical. step 42000, energy = -0.4786378467968077
  |->  par_lens = 158, 156, 156
[TDSE] Running TDSE-SH-elliptical. step 42200, energy = -0.47878948724748643
  |->  par_lens = 157, 156, 156
[TDSE] Running TDSE-SH-elliptical. step 42400, energy = -0.4788920847023132
  |->  par_lens = 156, 156, 156
[TDSE] Running TDSE-SH-elliptical. step 42600, energy = -0.4789601705144226
  |->  par_lens = 156, 156, 156
[TDSE] Running TDSE-SH-elliptical. step 42800, energy = -0.47903522146301875
  |->  par_lens = 156, 156, 156
[TDSE] Running TDSE-SH-elliptical. step 43000, energy = -0.47912365706956545
  |->  par_lens = 156, 156, 156
[TDSE] Running TDSE-SH-elliptical. step 43200, energy = -0.47921446065565765
  |->  par_lens = 156, 156, 156
[TDSE] Running TDSE-SH-elliptical. step 43400, energy = -0.47930821085246567
  |->  par_lens = 157, 156, 156
[TDSE] Running TDSE-SH-elliptical. step 43600, energy = -0.4794081564597602
  |->  par_lens = 156, 157, 156
[TDSE] Running TDSE-SH-elliptical. step 43800, energy = -0.4795214181248075
  |->  par_lens = 155, 157, 155
[TDSE] Running TDSE-SH-elliptical. step 44000, energy = -0.4796345892335222
  |->  par_lens = 156, 156, 156
[TDSE] Running TDSE-SH-elliptical. step 44200, energy = -0.47975565273773435
  |->  par_lens = 157, 159, 157
[TDSE] Running TDSE-SH-elliptical. step 44400, energy = -0.4798671531689615
  |->  par_lens = 157, 158, 158
[TDSE] Running TDSE-SH-elliptical. step 44600, energy = -0.47998843150625253
  |->  par_lens = 158, 158, 157
[TDSE] Running TDSE-SH-elliptical. step 44800, energy = -0.48011439697464237
  |->  par_lens = 158, 158, 157
[TDSE] Running TDSE-SH-elliptical. step 45000, energy = -0.4802753395129679
  |->  par_lens = 157, 158, 157
[TDSE] Running TDSE-SH-elliptical. step 45200, energy = -0.4804327015510378
  |->  par_lens = 157, 159, 159
[TDSE] Running TDSE-SH-elliptical. step 45400, energy = -0.48058199759776354
  |->  par_lens = 157, 160, 160
[TDSE] Running TDSE-SH-elliptical. step 45600, energy = -0.48069774830367834
  |->  par_lens = 158, 160, 160
[TDSE] Running TDSE-SH-elliptical. step 45800, energy = -0.4808247128841658
  |->  par_lens = 160, 161, 160
[TDSE] Running TDSE-SH-elliptical. step 46000, energy = -0.48095622930999826
  |->  par_lens = 161, 160, 160
[TDSE] Running TDSE-SH-elliptical. step 46200, energy = -0.4811203203650056
  |->  par_lens = 161, 162, 163
[TDSE] Running TDSE-SH-elliptical. step 46400, energy = -0.48128094284120876
  |->  par_lens = 163, 164, 162
[TDSE] Running TDSE-SH-elliptical. step 46600, energy = -0.481453543846944
  |->  par_lens = 164, 164, 162
[TDSE] Running TDSE-SH-elliptical. step 46800, energy = -0.48161928189495334
  |->  par_lens = 165, 164, 162
[TDSE] Running TDSE-SH-elliptical. step 47000, energy = -0.4817856727424557
  |->  par_lens = 166, 164, 163
[TDSE] Running TDSE-SH-elliptical. step 47200, energy = -0.4819232933203735
  |->  par_lens = 165, 164, 163
[TDSE] Running TDSE-SH-elliptical. step 47400, energy = -0.48205512964343744
  |->  par_lens = 165, 165, 164
[TDSE] Running TDSE-SH-elliptical. step 47600, energy = -0.4821806692342269
  |->  par_lens = 165, 165, 165
[TDSE] Running TDSE-SH-elliptical. step 47800, energy = -0.4823148990732996
  |->  par_lens = 165, 165, 165
[TDSE] Running TDSE-SH-elliptical. step 48000, energy = -0.48246764197424274
  |->  par_lens = 165, 166, 166
[TDSE] Running TDSE-SH-elliptical. step 48200, energy = -0.4826451453029921
  |->  par_lens = 166, 167, 165
[TDSE] Running TDSE-SH-elliptical. step 48400, energy = -0.48283293180600956
  |->  par_lens = 164, 166, 167
[TDSE] Running TDSE-SH-elliptical. step 48600, energy = -0.4829944827006479
  |->  par_lens = 165, 166, 167
[TDSE] Running TDSE-SH-elliptical. step 48800, energy = -0.48312003420896926
  |->  par_lens = 168, 167, 169
[TDSE] Running TDSE-SH-elliptical. step 49000, energy = -0.4832103943047062
  |->  par_lens = 168, 167, 168
[TDSE] Running TDSE-SH-elliptical. step 49200, energy = -0.48330748043259353
  |->  par_lens = 169, 168, 171
[TDSE] Running TDSE-SH-elliptical. step 49400, energy = -0.4834061212612561
  |->  par_lens = 170, 169, 171
[TDSE] Running TDSE-SH-elliptical. step 49600, energy = -0.4835340505922175
  |->  par_lens = 170, 169, 172
[TDSE] Running TDSE-SH-elliptical. step 49800, energy = -0.4836686354524902
  |->  par_lens = 171, 170, 172
[TDSE] Running TDSE-SH-elliptical. step 50000, energy = -0.48383101613868984
  |->  par_lens = 171, 172, 173
[TDSE] Running TDSE-SH-elliptical. step 50200, energy = -0.4839815497334558
  |->  par_lens = 173, 172, 174
[TDSE] Running TDSE-SH-elliptical. step 50400, energy = -0.48413515669547785
  |->  par_lens = 173, 174, 175
[TDSE] Running TDSE-SH-elliptical. step 50600, energy = -0.48425510342582684
  |->  par_lens = 174, 172, 178
[TDSE] Running TDSE-SH-elliptical. step 50800, energy = -0.48437000001099806
  |->  par_lens = 176, 172, 178
[TDSE] Running TDSE-SH-elliptical. step 51000, energy = -0.48444733982000576
  |->  par_lens = 177, 173, 179
[TDSE] Running TDSE-SH-elliptical. step 51200, energy = -0.4845228560937564
  |->  par_lens = 177, 173, 179
[TDSE] Running TDSE-SH-elliptical. step 51400, energy = -0.48458530382070786
  |->  par_lens = 177, 173, 180
[TDSE] Running TDSE-SH-elliptical. step 51600, energy = -0.4846674528097839
  |->  par_lens = 177, 174, 179
[TDSE] Running TDSE-SH-elliptical. step 51800, energy = -0.4847394217459837
  |->  par_lens = 178, 176, 180
[TDSE] Running TDSE-SH-elliptical. step 52000, energy = -0.4848169314530381
  |->  par_lens = 179, 177, 181
[TDSE] Running TDSE-SH-elliptical. step 52200, energy = -0.48488146332822624
  |->  par_lens = 179, 177, 180
[TDSE] Running TDSE-SH-elliptical. step 52400, energy = -0.48495627383997886
  |->  par_lens = 179, 179, 180
[TDSE] Running TDSE-SH-elliptical. step 52600, energy = -0.48504167349850336
  |->  par_lens = 180, 179, 182
[TDSE] Running TDSE-SH-elliptical. step 52800, energy = -0.4851490643110699
  |->  par_lens = 180, 180, 181
[TDSE] Running TDSE-SH-elliptical. step 53000, energy = -0.4852704465659836
  |->  par_lens = 180, 181, 181
[TDSE] Running TDSE-SH-elliptical. step 53200, energy = -0.48539049713425075
  |->  par_lens = 181, 181, 182
[TDSE] Running TDSE-SH-elliptical. step 53400, energy = -0.48549099347772123
  |->  par_lens = 181, 181, 182
[TDSE] Running TDSE-SH-elliptical. step 53600, energy = -0.48555151717234124
  |->  par_lens = 182, 181, 183
[TDSE] Running TDSE-SH-elliptical. step 53800, energy = -0.4855924629712225
  |->  par_lens = 183, 183, 183
[TDSE] Running TDSE-SH-elliptical. step 54000, energy = -0.4856094273220184
  |->  par_lens = 183, 181, 184
[TDSE] Running TDSE-SH-elliptical. step 54200, energy = -0.4856339684309058
  |->  par_lens = 184, 181, 184
[TDSE] Running TDSE-SH-elliptical. step 54400, energy = -0.48564605661128113
  |->  par_lens = 184, 182, 186
[TDSE] Running TDSE-SH-elliptical. step 54600, energy = -0.48567191959105266
  |->  par_lens = 185, 183, 187
[TDSE] Running TDSE-SH-elliptical. step 54800, energy = -0.4856862235185238
  |->  par_lens = 185, 185, 187
[TDSE] Running TDSE-SH-elliptical. step 55000, energy = -0.48572616128173723
  |->  par_lens = 185, 187, 187
[TDSE] Running TDSE-SH-elliptical. step 55200, energy = -0.48575916806718783
  |->  par_lens = 187, 189, 189
[TDSE] Running TDSE-SH-elliptical. step 55400, energy = -0.4858213229142555
  |->  par_lens = 188, 190, 190
[TDSE] Running TDSE-SH-elliptical. step 55600, energy = -0.48587522729554533
  |->  par_lens = 189, 192, 192
[TDSE] Running TDSE-SH-elliptical. step 55800, energy = -0.4859501190384211
  |->  par_lens = 189, 192, 192
[TDSE] Running TDSE-SH-elliptical. step 56000, energy = -0.4860079866228521
  |->  par_lens = 189, 191, 192
[TDSE] Running TDSE-SH-elliptical. step 56200, energy = -0.4860773727456065
  |->  par_lens = 189, 191, 192
[TDSE] Running TDSE-SH-elliptical. step 56400, energy = -0.4861217725275363
  |->  par_lens = 189, 191, 192
[TDSE] Running TDSE-SH-elliptical. step 56600, energy = -0.486169987565559
  |->  par_lens = 190, 192, 192
[TDSE] Running TDSE-SH-elliptical. step 56800, energy = -0.48619389974395016
  |->  par_lens = 190, 193, 194
[TDSE] Running TDSE-SH-elliptical. step 57000, energy = -0.48621738665729203
  |->  par_lens = 191, 192, 194
[TDSE] Running TDSE-SH-elliptical. step 57200, energy = -0.4862259526738491
  |->  par_lens = 193, 194, 194
[TDSE] Running TDSE-SH-elliptical. step 57400, energy = -0.4862364831323076
  |->  par_lens = 195, 194, 195
[TDSE] Running TDSE-SH-elliptical. step 57600, energy = -0.4862394559675345
  |->  par_lens = 198, 196, 195
[TDSE] Running TDSE-SH-elliptical. step 57800, energy = -0.4862449613430493
  |->  par_lens = 197, 199, 196
[TDSE] Running TDSE-SH-elliptical. step 58000, energy = -0.48625047671513183
  |->  par_lens = 198, 200, 198
[TDSE] Running TDSE-SH-elliptical. step 58200, energy = -0.4862525190822509
  |->  par_lens = 199, 201, 198
[TDSE] Running TDSE-SH-elliptical. step 58400, energy = -0.48626045078037683
  |->  par_lens = 200, 202, 199
[TDSE] Running TDSE-SH-elliptical. step 58600, energy = -0.48625907384048445
  |->  par_lens = 201, 203, 201
[TDSE] Running TDSE-SH-elliptical. step 58800, energy = -0.4862664224463969
  |->  par_lens = 202, 203, 204
[TDSE] Running TDSE-SH-elliptical. step 59000, energy = -0.48626330298030696
  |->  par_lens = 202, 203, 206
[TDSE] Running TDSE-SH-elliptical. step 59200, energy = -0.4862755054568944
  |->  par_lens = 203, 205, 206
  Activating project at `~/JuliaProp_v0.1`
[TDSE] Running TDSE-SH-elliptical. step 59400, energy = -0.4862757804452955
  |->  par_lens = 204, 205, 206
[TDSE] Running TDSE-SH-elliptical. step 59600, energy = -0.486298719142894
  |->  par_lens = 204, 206, 208
[TDSE] Running TDSE-SH-elliptical. step 59800, energy = -0.4863065462022229
  |->  par_lens = 207, 207, 207
[TDSE] Running TDSE-SH-elliptical. step 60000, energy = -0.48633726525086046
  |->  par_lens = 208, 208, 208
[TDSE] Running TDSE-SH-elliptical. step 60200, energy = -0.4863499766048487
  |->  par_lens = 209, 208, 208
[TDSE] Running TDSE-SH-elliptical. step 60400, energy = -0.48638088047169625
  |->  par_lens = 209, 210, 208
[TDSE] Running TDSE-SH-elliptical. step 60600, energy = -0.4863897554649795
  |->  par_lens = 209, 210, 211
[TDSE] Running TDSE-SH-elliptical. step 60800, energy = -0.48641560002582984
  |->  par_lens = 210, 210, 211
[TDSE] Running TDSE-SH-elliptical. step 61000, energy = -0.486417232330741
  |->  par_lens = 211, 210, 213
[TDSE] Running TDSE-SH-elliptical. step 61200, energy = -0.48643458349560753
  |->  par_lens = 212, 210, 211
[TDSE] Running TDSE-SH-elliptical. step 61400, energy = -0.4864328680429926
  |->  par_lens = 214, 212, 212
[TDSE] Running TDSE-SH-elliptical. step 61600, energy = -0.48644310091002324
  |->  par_lens = 217, 211, 213
[TDSE] Running TDSE-SH-elliptical. step 61800, energy = -0.4864398237255152
  |->  par_lens = 216, 211, 215
[TDSE] Running TDSE-SH-elliptical. step 62000, energy = -0.48644695960064394
  |->  par_lens = 218, 213, 216
[TDSE] Running TDSE-SH-elliptical. step 62200, energy = -0.4864434960258648
  |->  par_lens = 219, 214, 218
[TDSE] Running TDSE-SH-elliptical. step 62400, energy = -0.4864465681239363
  |->  par_lens = 222, 216, 219
[TDSE] Running TDSE-SH-elliptical. step 62600, energy = -0.4864451321294524
  |->  par_lens = 223, 219, 219
[TDSE] Running TDSE-SH-elliptical. step 62800, energy = -0.4864433164221328
  |->  par_lens = 224, 218, 221
[TDSE] Running TDSE-SH-elliptical. step 63000, energy = -0.48644370749177046
  |->  par_lens = 223, 221, 221
[TDSE] Running TDSE-SH-elliptical. step 63200, energy = -0.48643797574134445
  |->  par_lens = 223, 223, 223
[TDSE] Running TDSE-SH-elliptical. step 63400, energy = -0.48643884896196976
  |->  par_lens = 225, 224, 223
[TDSE] Running TDSE-SH-elliptical. step 63600, energy = -0.48643073332444636
  |->  par_lens = 224, 223, 223
[TDSE] Running TDSE-SH-elliptical. step 63800, energy = -0.4864333470900947
  |->  par_lens = 225, 223, 225
[TDSE] Running TDSE-SH-elliptical. step 64000, energy = -0.48642066870449774
  |->  par_lens = 225, 226, 228
[TDSE] Running TDSE-SH-elliptical. step 64200, energy = -0.4864262494911644
  |->  par_lens = 226, 226, 227
[TDSE] Running TDSE-SH-elliptical. step 64400, energy = -0.48641181652077864
  |->  par_lens = 227, 229, 228
[TDSE] Running TDSE-SH-elliptical. step 64600, energy = -0.48641700548872335
  |->  par_lens = 227, 228, 229
