[ITP]: 10000.471108571397
[ITP]: 0.022107823405609905
[ITP]: 0.004976805475414736
[ITP]: 0.0021058954092971205
[ITP]: 0.001084104546129061
[ITP]: 0.0006160870179273692
[ITP]: 0.0003714642087823128
[ITP]: 0.00023286611963801995
[ITP]: 0.0001500123428329614
[ITP]: 9.857967926441003e-5
[ITP]: 6.57601184761436e-5
[ITP]: 4.43786526744816e-5
[ITP]: 3.022437766897479e-5
[ITP]: 2.0735965556739622e-5
[ITP]: 1.4311264988853267e-5
[ITP]: 9.92563006574354e-6
[ITP]: 6.9119921211058255e-6
[ITP]: 4.82976755122877e-6
[ITP]: 3.384510666504248e-6
[ITP]: 2.3775199649023193e-6
[ITP]: 1.6736194445865493e-6
[ITP]: 1.1802274751948616e-6
[ITP]: 8.335748883370186e-7
[ITP]: 5.895273362810372e-7
[ITP]: 4.174150680658073e-7
[ITP]: 2.958509506267859e-7
[ITP]: 2.098764437796774e-7
[ITP]: 1.4900242706339384e-7
[ITP]: 1.0585745457980522e-7
[ITP]: 7.525113565609587e-8
[ITP]: 5.352267851144177e-8
[ITP]: 3.808635307134267e-8
[ITP]: 2.7113442158110956e-8
[ITP]: 1.9309163601377577e-8
[ITP]: 1.3755872219078924e-8
[ITP]: 9.802639699962867e-9
Energy of ground state: -0.5030607411950042
[TDSE] Start TDSE-SH for elliptical polarized laser. It may cost a plenty of time.
[TDSE] Running TDSE-SH-elliptical. step 0, energy = -0.5030607411950033
  |->  par_lens = 2, 2, 2
[TDSE] Running TDSE-SH-elliptical. step 200, energy = -0.5030607411948634
  |->  par_lens = 2, 2, 2
[TDSE] Running TDSE-SH-elliptical. step 400, energy = -0.5030607411947244
  |->  par_lens = 2, 2, 2
[TDSE] Running TDSE-SH-elliptical. step 600, energy = -0.5030607411945638
  |->  par_lens = 2, 2, 2
[TDSE] Running TDSE-SH-elliptical. step 800, energy = -0.5030607411943054
  |->  par_lens = 2, 2, 2
[TDSE] Running TDSE-SH-elliptical. step 1000, energy = -0.5030607411937386
  |->  par_lens = 2, 2, 2
[TDSE] Running TDSE-SH-elliptical. step 1200, energy = -0.5030607411922575
  |->  par_lens = 2, 2, 2
[TDSE] Running TDSE-SH-elliptical. step 1400, energy = -0.5030607411885617
  |->  par_lens = 2, 2, 2
[TDSE] Running TDSE-SH-elliptical. step 1600, energy = -0.5030607411801735
  |->  par_lens = 2, 2, 2
[TDSE] Running TDSE-SH-elliptical. step 1800, energy = -0.503060741162672
  |->  par_lens = 2, 2, 2
[TDSE] Running TDSE-SH-elliptical. step 2000, energy = -0.5030607411286027
  |->  par_lens = 2, 2, 2
[TDSE] Running TDSE-SH-elliptical. step 2200, energy = -0.5030607410660327
  |->  par_lens = 2, 2, 2
[TDSE] Running TDSE-SH-elliptical. step 2400, energy = -0.5030607409567289
  |->  par_lens = 2, 2, 2
[TDSE] Running TDSE-SH-elliptical. step 2600, energy = -0.5030607407733805
  |->  par_lens = 2, 2, 2
[TDSE] Running TDSE-SH-elliptical. step 2800, energy = -0.5030607404776056
  |->  par_lens = 2, 2, 2
[TDSE] Running TDSE-SH-elliptical. step 3000, energy = -0.5030607400131915
  |->  par_lens = 2, 2, 2
[TDSE] Running TDSE-SH-elliptical. step 3200, energy = -0.5030607393092004
  |->  par_lens = 2, 2, 2
[TDSE] Running TDSE-SH-elliptical. step 3400, energy = -0.5030607382587556
  |->  par_lens = 2, 2, 2
[TDSE] Running TDSE-SH-elliptical. step 3600, energy = -0.5030607367408755
  |->  par_lens = 2, 2, 2
[TDSE] Running TDSE-SH-elliptical. step 3800, energy = -0.5030607345706299
  |->  par_lens = 2, 2, 2
[TDSE] Running TDSE-SH-elliptical. step 4000, energy = -0.5030607315544607
  |->  par_lens = 2, 2, 2
[TDSE] Running TDSE-SH-elliptical. step 4200, energy = -0.5030607273850993
  |->  par_lens = 2, 2, 2
[TDSE] Running TDSE-SH-elliptical. step 4400, energy = -0.5030607217817621
  |->  par_lens = 2, 2, 2
[TDSE] Running TDSE-SH-elliptical. step 4600, energy = -0.5030607142667239
  |->  par_lens = 2, 2, 2
[TDSE] Running TDSE-SH-elliptical. step 4800, energy = -0.5030607044177653
  |->  par_lens = 2, 2, 2
[TDSE] Running TDSE-SH-elliptical. step 5000, energy = -0.5030606915775696
  |->  par_lens = 2, 2, 2
[TDSE] Running TDSE-SH-elliptical. step 5200, energy = -0.5030606751223514
  |->  par_lens = 2, 2, 2
[TDSE] Running TDSE-SH-elliptical. step 5400, energy = -0.5030606541589165
  |->  par_lens = 2, 2, 2
[TDSE] Running TDSE-SH-elliptical. step 5600, energy = -0.5030606278221517
  |->  par_lens = 2, 2, 2
[TDSE] Running TDSE-SH-elliptical. step 5800, energy = -0.5030605950147192
  |->  par_lens = 2, 2, 2
[TDSE] Running TDSE-SH-elliptical. step 6000, energy = -0.5030605544250341
  |->  par_lens = 2, 2, 2
[TDSE] Running TDSE-SH-elliptical. step 6200, energy = -0.5030605049288024
  |->  par_lens = 2, 2, 2
[TDSE] Running TDSE-SH-elliptical. step 6400, energy = -0.503060444571987
  |->  par_lens = 2, 2, 2
[TDSE] Running TDSE-SH-elliptical. step 6600, energy = -0.5030603722121644
  |->  par_lens = 2, 2, 2
[TDSE] Running TDSE-SH-elliptical. step 6800, energy = -0.503060285364114
  |->  par_lens = 2, 2, 2
[TDSE] Running TDSE-SH-elliptical. step 7000, energy = -0.5030601828010869
  |->  par_lens = 2, 2, 2
[TDSE] Running TDSE-SH-elliptical. step 7200, energy = -0.5030600611541945
  |->  par_lens = 2, 2, 2
[TDSE] Running TDSE-SH-elliptical. step 7400, energy = -0.5030599198402601
  |->  par_lens = 2, 2, 2
[TDSE] Running TDSE-SH-elliptical. step 7600, energy = -0.5030597544576719
  |->  par_lens = 2, 2, 2
[TDSE] Running TDSE-SH-elliptical. step 7800, energy = -0.5030595640145081
  |->  par_lens = 2, 2, 2
[TDSE] Running TDSE-SH-elliptical. step 8000, energy = -0.5030593447369742
  |->  par_lens = 2, 2, 2
[TDSE] Running TDSE-SH-elliptical. step 8200, energy = -0.5030590950216536
  |->  par_lens = 2, 2, 2
[TDSE] Running TDSE-SH-elliptical. step 8400, energy = -0.5030588105065826
  |->  par_lens = 2, 2, 2
[TDSE] Running TDSE-SH-elliptical. step 8600, energy = -0.5030584897778613
  |->  par_lens = 2, 2, 2
[TDSE] Running TDSE-SH-elliptical. step 8800, energy = -0.5030581297444645
  |->  par_lens = 2, 2, 2
[TDSE] Running TDSE-SH-elliptical. step 9000, energy = -0.5030577264016934
  |->  par_lens = 2, 2, 2
[TDSE] Running TDSE-SH-elliptical. step 9200, energy = -0.5030572796817758
  |->  par_lens = 2, 2, 2
[TDSE] Running TDSE-SH-elliptical. step 9400, energy = -0.5030567833127284
  |->  par_lens = 2, 2, 2
[TDSE] Running TDSE-SH-elliptical. step 9600, energy = -0.5030562394538958
  |->  par_lens = 2, 2, 2
[TDSE] Running TDSE-SH-elliptical. step 9800, energy = -0.5030556412700947
  |->  par_lens = 2, 2, 2
[TDSE] Running TDSE-SH-elliptical. step 10000, energy = -0.5030549920861656
  |->  par_lens = 2, 2, 2
[TDSE] Running TDSE-SH-elliptical. step 10200, energy = -0.5030542053757026
  |->  par_lens = 2, 2, 2
[TDSE] Running TDSE-SH-elliptical. step 10400, energy = -0.5030525242155087
  |->  par_lens = 2, 2, 2
[TDSE] Running TDSE-SH-elliptical. step 10600, energy = -0.5030504393836371
  |->  par_lens = 4, 3, 2
[TDSE] Running TDSE-SH-elliptical. step 10800, energy = -0.503050270261645
  |->  par_lens = 4, 3, 3
[TDSE] Running TDSE-SH-elliptical. step 11000, energy = -0.5030520706632384
  |->  par_lens = 3, 3, 2
[TDSE] Running TDSE-SH-elliptical. step 11200, energy = -0.5030484094427814
  |->  par_lens = 3, 3, 2
[TDSE] Running TDSE-SH-elliptical. step 11400, energy = -0.5030256943132514
  |->  par_lens = 4, 3, 3
[TDSE] Running TDSE-SH-elliptical. step 11600, energy = -0.5029780745811908
  |->  par_lens = 4, 3, 3
[TDSE] Running TDSE-SH-elliptical. step 11800, energy = -0.5029116760717942
  |->  par_lens = 4, 4, 4
[TDSE] Running TDSE-SH-elliptical. step 12000, energy = -0.5028068335036753
  |->  par_lens = 5, 5, 4
[TDSE] Running TDSE-SH-elliptical. step 12200, energy = -0.5025963012992273
  |->  par_lens = 5, 5, 5
[TDSE] Running TDSE-SH-elliptical. step 12400, energy = -0.5022166942835178
  |->  par_lens = 6, 5, 6
[TDSE] Running TDSE-SH-elliptical. step 12600, energy = -0.5017523395048149
  |->  par_lens = 6, 6, 6
[TDSE] Running TDSE-SH-elliptical. step 12800, energy = -0.5014387682125053
  |->  par_lens = 7, 6, 7
[TDSE] Running TDSE-SH-elliptical. step 13000, energy = -0.5014403923212811
  |->  par_lens = 6, 6, 7
[TDSE] Running TDSE-SH-elliptical. step 13200, energy = -0.5015300424929274
  |->  par_lens = 7, 6, 7
[TDSE] Running TDSE-SH-elliptical. step 13400, energy = -0.5012174523108334
  |->  par_lens = 8, 7, 7
[TDSE] Running TDSE-SH-elliptical. step 13600, energy = -0.5002882871675162
  |->  par_lens = 8, 8, 7
[TDSE] Running TDSE-SH-elliptical. step 13800, energy = -0.4992157564185953
  |->  par_lens = 8, 9, 8
[TDSE] Running TDSE-SH-elliptical. step 14000, energy = -0.49868942761469404
  |->  par_lens = 9, 9, 9
[TDSE] Running TDSE-SH-elliptical. step 14200, energy = -0.4985474661333376
  |->  par_lens = 9, 9, 10
[TDSE] Running TDSE-SH-elliptical. step 14400, energy = -0.4976236463716956
  |->  par_lens = 9, 9, 10
[TDSE] Running TDSE-SH-elliptical. step 14600, energy = -0.4949280672240101
  |->  par_lens = 12, 10, 11
[TDSE] Running TDSE-SH-elliptical. step 14800, energy = -0.49140608680127523
  |->  par_lens = 14, 12, 12
[TDSE] Running TDSE-SH-elliptical. step 15000, energy = -0.48933573535067554
  |->  par_lens = 14, 15, 12
[TDSE] Running TDSE-SH-elliptical. step 15200, energy = -0.4900400316096411
  |->  par_lens = 15, 15, 17
[TDSE] Running TDSE-SH-elliptical. step 15400, energy = -0.4915580797290855
  |->  par_lens = 16, 14, 17
[TDSE] Running TDSE-SH-elliptical. step 15600, energy = -0.4904679469535512
  |->  par_lens = 17, 15, 17
[TDSE] Running TDSE-SH-elliptical. step 15800, energy = -0.4857146351647069
  |->  par_lens = 18, 16, 17
[TDSE] Running TDSE-SH-elliptical. step 16000, energy = -0.48065664577356093
  |->  par_lens = 19, 20, 18
[TDSE] Running TDSE-SH-elliptical. step 16200, energy = -0.47927459065015054
  |->  par_lens = 19, 21, 21
[TDSE] Running TDSE-SH-elliptical. step 16400, energy = -0.48103312431047524
  |->  par_lens = 22, 21, 24
[TDSE] Running TDSE-SH-elliptical. step 16600, energy = -0.4800984102927713
  |->  par_lens = 23, 22, 24
[TDSE] Running TDSE-SH-elliptical. step 16800, energy = -0.4721145678147975
  |->  par_lens = 24, 22, 25
[TDSE] Running TDSE-SH-elliptical. step 17000, energy = -0.46045160275457553
  |->  par_lens = 28, 26, 25
[TDSE] Running TDSE-SH-elliptical. step 17200, energy = -0.454165067422643
  |->  par_lens = 31, 31, 30
[TDSE] Running TDSE-SH-elliptical. step 17400, energy = -0.4576517241484742
  |->  par_lens = 34, 34, 33
[TDSE] Running TDSE-SH-elliptical. step 17600, energy = -0.46450467304782395
  |->  par_lens = 37, 37, 36
[TDSE] Running TDSE-SH-elliptical. step 17800, energy = -0.463164791016257
  |->  par_lens = 37, 38, 36
[TDSE] Running TDSE-SH-elliptical. step 18000, energy = -0.4506773163975506
  |->  par_lens = 36, 37, 37
[TDSE] Running TDSE-SH-elliptical. step 18200, energy = -0.43728636301348395
  |->  par_lens = 40, 38, 39
[TDSE] Running TDSE-SH-elliptical. step 18400, energy = -0.43511140510804747
  |->  par_lens = 43, 43, 43
[TDSE] Running TDSE-SH-elliptical. step 18600, energy = -0.44269316279511506
  |->  par_lens = 47, 47, 47
[TDSE] Running TDSE-SH-elliptical. step 18800, energy = -0.4446957591671025
  |->  par_lens = 51, 48, 49
[TDSE] Running TDSE-SH-elliptical. step 19000, energy = -0.429111173390263
  |->  par_lens = 52, 49, 51
[TDSE] Running TDSE-SH-elliptical. step 19200, energy = -0.4040415154208465
  |->  par_lens = 53, 52, 55
[TDSE] Running TDSE-SH-elliptical. step 19400, energy = -0.3909343026937181
  |->  par_lens = 59, 60, 60
[TDSE] Running TDSE-SH-elliptical. step 19600, energy = -0.4001330695929486
  |->  par_lens = 68, 66, 68
[TDSE] Running TDSE-SH-elliptical. step 19800, energy = -0.41768692000334556
  |->  par_lens = 75, 74, 74
[TDSE] Running TDSE-SH-elliptical. step 20000, energy = -0.41849338225146115
  |->  par_lens = 78, 75, 76
[TDSE] Running TDSE-SH-elliptical. step 20200, energy = -0.3956457401918734
  |->  par_lens = 79, 75, 77
[TDSE] Running TDSE-SH-elliptical. step 20400, energy = -0.3708098916514534
  |->  par_lens = 79, 76, 76
[TDSE] Running TDSE-SH-elliptical. step 20600, energy = -0.36832715091097473
  |->  par_lens = 84, 83, 84
[TDSE] Running TDSE-SH-elliptical. step 20800, energy = -0.3857289044627003
  |->  par_lens = 91, 94, 94
[TDSE] Running TDSE-SH-elliptical. step 21000, energy = -0.3947260573168071
  |->  par_lens = 97, 99, 98
[TDSE] Running TDSE-SH-elliptical. step 21200, energy = -0.37177206438498533
  |->  par_lens = 99, 98, 99
[TDSE] Running TDSE-SH-elliptical. step 21400, energy = -0.3307421866105634
  |->  par_lens = 101, 98, 102
[TDSE] Running TDSE-SH-elliptical. step 21600, energy = -0.3101841075432259
  |->  par_lens = 107, 107, 107
[TDSE] Running TDSE-SH-elliptical. step 21800, energy = -0.3271941417079998
  |->  par_lens = 120, 120, 121
[TDSE] Running TDSE-SH-elliptical. step 22000, energy = -0.3592392427614175
  |->  par_lens = 132, 135, 133
[TDSE] Running TDSE-SH-elliptical. step 22200, energy = -0.36557212205144557
  |->  par_lens = 134, 134, 136
[TDSE] Running TDSE-SH-elliptical. step 22400, energy = -0.3333058978764563
  |->  par_lens = 133, 138, 138
[TDSE] Running TDSE-SH-elliptical. step 22600, energy = -0.297140694256811
  |->  par_lens = 132, 136, 138
[TDSE] Running TDSE-SH-elliptical. step 22800, energy = -0.2957679418163096
  |->  par_lens = 141, 139, 142
[TDSE] Running TDSE-SH-elliptical. step 23000, energy = -0.3244735749840893
  |->  par_lens = 152, 150, 150
[TDSE] Running TDSE-SH-elliptical. step 23200, energy = -0.34288892811755833
  |->  par_lens = 154, 156, 158
[TDSE] Running TDSE-SH-elliptical. step 23400, energy = -0.3157388044375872
  |->  par_lens = 160, 158, 159
[TDSE] Running TDSE-SH-elliptical. step 23600, energy = -0.26110167907817583
  |->  par_lens = 164, 164, 160
[TDSE] Running TDSE-SH-elliptical. step 23800, energy = -0.2347153388510853
  |->  par_lens = 171, 169, 166
[TDSE] Running TDSE-SH-elliptical. step 24000, energy = -0.26004818638460697
  |->  par_lens = 185, 182, 185
[TDSE] Running TDSE-SH-elliptical. step 24200, energy = -0.30601491898717803
  |->  par_lens = 196, 198, 199
[TDSE] Running TDSE-SH-elliptical. step 24400, energy = -0.3202845975812133
  |->  par_lens = 210, 204, 203
[TDSE] Running TDSE-SH-elliptical. step 24600, energy = -0.2837026647479982
  |->  par_lens = 204, 200, 203
[TDSE] Running TDSE-SH-elliptical. step 24800, energy = -0.24035558407347615
  |->  par_lens = 197, 194, 196
[TDSE] Running TDSE-SH-elliptical. step 25000, energy = -0.2410022504280017
  |->  par_lens = 198, 194, 198
[TDSE] Running TDSE-SH-elliptical. step 25200, energy = -0.2788672079267369
  |->  par_lens = 211, 209, 211
[TDSE] Running TDSE-SH-elliptical. step 25400, energy = -0.3058488104256982
  |->  par_lens = 221, 218, 213
[TDSE] Running TDSE-SH-elliptical. step 25600, energy = -0.27969919239995206
  |->  par_lens = 223, 217, 222
[TDSE] Running TDSE-SH-elliptical. step 25800, energy = -0.21939797940146116
  |->  par_lens = 223, 227, 225
[TDSE] Running TDSE-SH-elliptical. step 26000, energy = -0.19062452265170862
  |->  par_lens = 231, 228, 231
[TDSE] Running TDSE-SH-elliptical. step 26200, energy = -0.22126101419907418
  |->  par_lens = 238, 245, 242
[TDSE] Running TDSE-SH-elliptical. step 26400, energy = -0.27598472022784604
  |->  par_lens = 254, 253, 252
[TDSE] Running TDSE-SH-elliptical. step 26600, energy = -0.2983589664873666
  |->  par_lens = 258, 254, 256
[TDSE] Running TDSE-SH-elliptical. step 26800, energy = -0.2654984178358841
  |->  par_lens = 258, 254, 252
[TDSE] Running TDSE-SH-elliptical. step 27000, energy = -0.22288598647328
  |->  par_lens = 250, 245, 253
[TDSE] Running TDSE-SH-elliptical. step 27200, energy = -0.225083277802755
  |->  par_lens = 251, 251, 247
[TDSE] Running TDSE-SH-elliptical. step 27400, energy = -0.2659000126949015
  |->  par_lens = 244, 244, 248
[TDSE] Running TDSE-SH-elliptical. step 27600, energy = -0.297569594017161
  |->  par_lens = 257, 250, 255
[TDSE] Running TDSE-SH-elliptical. step 27800, energy = -0.2774970167520581
  |->  par_lens = 256, 251, 254
[TDSE] Running TDSE-SH-elliptical. step 28000, energy = -0.22248515291970467
  |->  par_lens = 260, 262, 263
[TDSE] Running TDSE-SH-elliptical. step 28200, energy = -0.19609985683179398
  |->  par_lens = 266, 266, 256
[TDSE] Running TDSE-SH-elliptical. step 28400, energy = -0.22628662778886005
  |->  par_lens = 268, 272, 264
[TDSE] Running TDSE-SH-elliptical. step 28600, energy = -0.28143980573187916
  |->  par_lens = 278, 277, 274
[TDSE] Running TDSE-SH-elliptical. step 28800, energy = -0.30941185831040874
  |->  par_lens = 282, 281, 277
[TDSE] Running TDSE-SH-elliptical. step 29000, energy = -0.2870727565426247
  |->  par_lens = 278, 277, 281
[TDSE] Running TDSE-SH-elliptical. step 29200, energy = -0.2532696839380161
  |->  par_lens = 274, 276, 270
[TDSE] Running TDSE-SH-elliptical. step 29400, energy = -0.25593325557178137
  |->  par_lens = 266, 266, 262
[TDSE] Running TDSE-SH-elliptical. step 29600, energy = -0.2921589364212808
  |->  par_lens = 266, 263, 267
[TDSE] Running TDSE-SH-elliptical. step 29800, energy = -0.32285100134630873
  |->  par_lens = 269, 263, 263
[TDSE] Running TDSE-SH-elliptical. step 30000, energy = -0.3109825692396708
  |->  par_lens = 268, 270, 266
[TDSE] Running TDSE-SH-elliptical. step 30200, energy = -0.26936060301108117
  |->  par_lens = 270, 272, 275
[TDSE] Running TDSE-SH-elliptical. step 30400, energy = -0.24887627985979066
  |->  par_lens = 273, 276, 280
[TDSE] Running TDSE-SH-elliptical. step 30600, energy = -0.2731879673745556
  |->  par_lens = 281, 281, 281
[TDSE] Running TDSE-SH-elliptical. step 30800, energy = -0.3206902549409904
  |->  par_lens = 289, 291, 289
[TDSE] Running TDSE-SH-elliptical. step 31000, energy = -0.3493186243819388
  |->  par_lens = 294, 293, 296
[TDSE] Running TDSE-SH-elliptical. step 31200, energy = -0.3391675711558308
  |->  par_lens = 289, 292, 293
[TDSE] Running TDSE-SH-elliptical. step 31400, energy = -0.3178956186173475
  |->  par_lens = 287, 287, 283
[TDSE] Running TDSE-SH-elliptical. step 31600, energy = -0.31986920191683693
  |->  par_lens = 277, 282, 278
[TDSE] Running TDSE-SH-elliptical. step 31800, energy = -0.34648792418836
  |->  par_lens = 268, 270, 276
[TDSE] Running TDSE-SH-elliptical. step 32000, energy = -0.37067909122094755
  |->  par_lens = 272, 269, 268
[TDSE] Running TDSE-SH-elliptical. step 32200, energy = -0.3652730128070653
  |->  par_lens = 268, 276, 275
[TDSE] Running TDSE-SH-elliptical. step 32400, energy = -0.338999286561287
  |->  par_lens = 275, 278, 272
[TDSE] Running TDSE-SH-elliptical. step 32600, energy = -0.3252731492819769
  |->  par_lens = 286, 284, 279
[TDSE] Running TDSE-SH-elliptical. step 32800, energy = -0.3417697614012434
  |->  par_lens = 286, 290, 289
[TDSE] Running TDSE-SH-elliptical. step 33000, energy = -0.37617060553798065
  |->  par_lens = 289, 296, 297
[TDSE] Running TDSE-SH-elliptical. step 33200, energy = -0.39951327872278275
  |->  par_lens = 294, 298, 299
[TDSE] Running TDSE-SH-elliptical. step 33400, energy = -0.3985329498155353
  |->  par_lens = 293, 298, 299
[TDSE] Running TDSE-SH-elliptical. step 33600, energy = -0.3885135927716673
  |->  par_lens = 289, 291, 289
[TDSE] Running TDSE-SH-elliptical. step 33800, energy = -0.39014889993158824
  |->  par_lens = 285, 284, 285
[TDSE] Running TDSE-SH-elliptical. step 34000, energy = -0.4059468577068306
  |->  par_lens = 274, 277, 275
[TDSE] Running TDSE-SH-elliptical. step 34200, energy = -0.42020582066050693
  |->  par_lens = 268, 276, 261
[TDSE] Running TDSE-SH-elliptical. step 34400, energy = -0.41802624263002774
  |->  par_lens = 264, 280, 266
[TDSE] Running TDSE-SH-elliptical. step 34600, energy = -0.4044100458766671
  |->  par_lens = 271, 277, 278
[TDSE] Running TDSE-SH-elliptical. step 34800, energy = -0.39716472929795177
  |->  par_lens = 289, 283, 286
[TDSE] Running TDSE-SH-elliptical. step 35000, energy = -0.40665065073695494
  |->  par_lens = 292, 291, 297
[TDSE] Running TDSE-SH-elliptical. step 35200, energy = -0.4263427152567954
  |->  par_lens = 301, 297, 298
[TDSE] Running TDSE-SH-elliptical. step 35400, energy = -0.44132295502273666
  |->  par_lens = 301, 298, 302
[TDSE] Running TDSE-SH-elliptical. step 35600, energy = -0.44450616996223713
  |->  par_lens = 296, 300, 298
[TDSE] Running TDSE-SH-elliptical. step 35800, energy = -0.44227748719513904
  |->  par_lens = 295, 296, 296
[TDSE] Running TDSE-SH-elliptical. step 36000, energy = -0.4437001452238012
  |->  par_lens = 291, 287, 291
[TDSE] Running TDSE-SH-elliptical. step 36200, energy = -0.4504357294831896
  |->  par_lens = 285, 277, 281
[TDSE] Running TDSE-SH-elliptical. step 36400, energy = -0.45588613862071226
  |->  par_lens = 274, 272, 282
[TDSE] Running TDSE-SH-elliptical. step 36600, energy = -0.45474776466921374
  |->  par_lens = 271, 271, 276
[TDSE] Running TDSE-SH-elliptical. step 36800, energy = -0.4492177559760539
  |->  par_lens = 274, 278, 286
[TDSE] Running TDSE-SH-elliptical. step 37000, energy = -0.446569012334537
  |->  par_lens = 278, 277, 283
[TDSE] Running TDSE-SH-elliptical. step 37200, energy = -0.45061473886717657
  |->  par_lens = 286, 283, 294
[TDSE] Running TDSE-SH-elliptical. step 37400, energy = -0.4590276590689777
  |->  par_lens = 290, 289, 296
[TDSE] Running TDSE-SH-elliptical. step 37600, energy = -0.46623862762797946
  |->  par_lens = 289, 294, 297
[TDSE] Running TDSE-SH-elliptical. step 37800, energy = -0.46949433668216095
  |->  par_lens = 290, 290, 296
[TDSE] Running TDSE-SH-elliptical. step 38000, energy = -0.47032269301794283
  |->  par_lens = 287, 287, 295
[TDSE] Running TDSE-SH-elliptical. step 38200, energy = -0.47123796754923397
  |->  par_lens = 283, 283, 284
[TDSE] Running TDSE-SH-elliptical. step 38400, energy = -0.47275919678281086
  |->  par_lens = 278, 280, 278
[TDSE] Running TDSE-SH-elliptical. step 38600, energy = -0.4735675734727453
  |->  par_lens = 274, 272, 271
[TDSE] Running TDSE-SH-elliptical. step 38800, energy = -0.472638761043532
  |->  par_lens = 272, 270, 263
[TDSE] Running TDSE-SH-elliptical. step 39000, energy = -0.47097028564918303
  |->  par_lens = 261, 266, 266
[TDSE] Running TDSE-SH-elliptical. step 39200, energy = -0.47029177891626767
  |->  par_lens = 264, 267, 266
[TDSE] Running TDSE-SH-elliptical. step 39400, energy = -0.47140024431729244
  |->  par_lens = 264, 270, 270
[TDSE] Running TDSE-SH-elliptical. step 39600, energy = -0.47372538130999586
  |->  par_lens = 269, 269, 272
[TDSE] Running TDSE-SH-elliptical. step 39800, energy = -0.4759398148351582
  |->  par_lens = 266, 266, 268
[TDSE] Running TDSE-SH-elliptical. step 40000, energy = -0.4774323394631715
  |->  par_lens = 262, 265, 266
[TDSE] Running TDSE-SH-elliptical. step 40200, energy = -0.4781790270325906
  |->  par_lens = 262, 262, 264
[TDSE] Running TDSE-SH-elliptical. step 40400, energy = -0.47848096630799425
  |->  par_lens = 259, 258, 261
[TDSE] Running TDSE-SH-elliptical. step 40600, energy = -0.47848893850060636
  |->  par_lens = 256, 254, 255
[TDSE] Running TDSE-SH-elliptical. step 40800, energy = -0.4782364787018809
  |->  par_lens = 255, 256, 254
[TDSE] Running TDSE-SH-elliptical. step 41000, energy = -0.4778388337774128
  |->  par_lens = 253, 254, 255
[TDSE] Running TDSE-SH-elliptical. step 41200, energy = -0.47753963739978245
  |->  par_lens = 255, 256, 258
[TDSE] Running TDSE-SH-elliptical. step 41400, energy = -0.4774442176943715
  |->  par_lens = 257, 258, 258
[TDSE] Running TDSE-SH-elliptical. step 41600, energy = -0.47760591215246223
  |->  par_lens = 256, 259, 258
[TDSE] Running TDSE-SH-elliptical. step 41800, energy = -0.47786483269018
  |->  par_lens = 257, 259, 258
[TDSE] Running TDSE-SH-elliptical. step 42000, energy = -0.4781421798442619
  |->  par_lens = 258, 260, 259
[TDSE] Running TDSE-SH-elliptical. step 42200, energy = -0.4783447172534701
  |->  par_lens = 259, 261, 259
[TDSE] Running TDSE-SH-elliptical. step 42400, energy = -0.4784697941398857
  |->  par_lens = 260, 261, 259
[TDSE] Running TDSE-SH-elliptical. step 42600, energy = -0.4785348787039087
  |->  par_lens = 260, 261, 260
[TDSE] Running TDSE-SH-elliptical. step 42800, energy = -0.4786034615682978
  |->  par_lens = 260, 263, 262
[TDSE] Running TDSE-SH-elliptical. step 43000, energy = -0.47868731471612774
  |->  par_lens = 260, 264, 262
[TDSE] Running TDSE-SH-elliptical. step 43200, energy = -0.4787753377170362
  |->  par_lens = 261, 264, 262
[TDSE] Running TDSE-SH-elliptical. step 43400, energy = -0.47886677858572624
  |->  par_lens = 263, 266, 262
[TDSE] Running TDSE-SH-elliptical. step 43600, energy = -0.4789626461497078
  |->  par_lens = 264, 265, 262
[TDSE] Running TDSE-SH-elliptical. step 43800, energy = -0.4790736115915418
  |->  par_lens = 265, 266, 263
[TDSE] Running TDSE-SH-elliptical. step 44000, energy = -0.4791804987221599
  |->  par_lens = 266, 268, 262
[TDSE] Running TDSE-SH-elliptical. step 44200, energy = -0.47929988802276885
  |->  par_lens = 267, 269, 264
[TDSE] Running TDSE-SH-elliptical. step 44400, energy = -0.47940648123884205
  |->  par_lens = 266, 270, 265
[TDSE] Running TDSE-SH-elliptical. step 44600, energy = -0.4795310105764477
  |->  par_lens = 266, 271, 268
[TDSE] Running TDSE-SH-elliptical. step 44800, energy = -0.4796525210672477
  |->  par_lens = 267, 272, 266
[TDSE] Running TDSE-SH-elliptical. step 45000, energy = -0.47981353484513023
  |->  par_lens = 270, 272, 267
[TDSE] Running TDSE-SH-elliptical. step 45200, energy = -0.4799604030089562
  |->  par_lens = 273, 272, 269
[TDSE] Running TDSE-SH-elliptical. step 45400, energy = -0.48010713183781173
  |->  par_lens = 275, 274, 271
[TDSE] Running TDSE-SH-elliptical. step 45600, energy = -0.4802159654181051
  |->  par_lens = 275, 275, 273
[TDSE] Running TDSE-SH-elliptical. step 45800, energy = -0.4803463767907441
  |->  par_lens = 277, 275, 273
[TDSE] Running TDSE-SH-elliptical. step 46000, energy = -0.48047230945748376
  |->  par_lens = 277, 279, 275
[TDSE] Running TDSE-SH-elliptical. step 46200, energy = -0.48063815500370993
  |->  par_lens = 277, 282, 277
[TDSE] Running TDSE-SH-elliptical. step 46400, energy = -0.48079300555724264
  |->  par_lens = 278, 282, 278
[TDSE] Running TDSE-SH-elliptical. step 46600, energy = -0.4809663446101653
  |->  par_lens = 278, 283, 277
[TDSE] Running TDSE-SH-elliptical. step 46800, energy = -0.48112575234791216
  |->  par_lens = 280, 283, 281
[TDSE] Running TDSE-SH-elliptical. step 47000, energy = -0.48129009491814534
  |->  par_lens = 283, 285, 284
[TDSE] Running TDSE-SH-elliptical. step 47200, energy = -0.481420447440791
  |->  par_lens = 284, 285, 286
[TDSE] Running TDSE-SH-elliptical. step 47400, energy = -0.4815508664278452
  |->  par_lens = 284, 286, 288
[TDSE] Running TDSE-SH-elliptical. step 47600, energy = -0.48167233902151957
  |->  par_lens = 285, 288, 288
[TDSE] Running TDSE-SH-elliptical. step 47800, energy = -0.48180457192512716
  |->  par_lens = 287, 288, 289
[TDSE] Running TDSE-SH-elliptical. step 48000, energy = -0.4819556682755382
  |->  par_lens = 287, 289, 291
[TDSE] Running TDSE-SH-elliptical. step 48200, energy = -0.48213197042093253
  |->  par_lens = 287, 290, 291
[TDSE] Running TDSE-SH-elliptical. step 48400, energy = -0.48231871887927485
  |->  par_lens = 288, 290, 291
[TDSE] Running TDSE-SH-elliptical. step 48600, energy = -0.48247606598716763
  |->  par_lens = 291, 290, 293
[TDSE] Running TDSE-SH-elliptical. step 48800, energy = -0.48259860609895233
  |->  par_lens = 292, 292, 295
[TDSE] Running TDSE-SH-elliptical. step 49000, energy = -0.4826815034301456
  |->  par_lens = 295, 293, 295
[TDSE] Running TDSE-SH-elliptical. step 49200, energy = -0.4827772370405461
  |->  par_lens = 296, 297, 295
[TDSE] Running TDSE-SH-elliptical. step 49400, energy = -0.48286938871339524
  |->  par_lens = 297, 298, 296
[TDSE] Running TDSE-SH-elliptical. step 49600, energy = -0.48299766981839676
  |->  par_lens = 297, 298, 296
[TDSE] Running TDSE-SH-elliptical. step 49800, energy = -0.4831268264430001
  |->  par_lens = 297, 299, 298
[TDSE] Running TDSE-SH-elliptical. step 50000, energy = -0.48329214131376963
  |->  par_lens = 299, 301, 300
[TDSE] Running TDSE-SH-elliptical. step 50200, energy = -0.48343806298114295
  |->  par_lens = 300, 301, 301
[TDSE] Running TDSE-SH-elliptical. step 50400, energy = -0.4835939223823534
  |->  par_lens = 300, 302, 303
[TDSE] Running TDSE-SH-elliptical. step 50600, energy = -0.483706009270441
  |->  par_lens = 300, 302, 303
[TDSE] Running TDSE-SH-elliptical. step 50800, energy = -0.4838210990846318
  |->  par_lens = 301, 307, 303
[TDSE] Running TDSE-SH-elliptical. step 51000, energy = -0.48389115356270246
  |->  par_lens = 303, 307, 303
[TDSE] Running TDSE-SH-elliptical. step 51200, energy = -0.48396691348576826
  |->  par_lens = 302, 308, 304
[TDSE] Running TDSE-SH-elliptical. step 51400, energy = -0.48402277316428344
  |->  par_lens = 304, 310, 304
[TDSE] Running TDSE-SH-elliptical. step 51600, energy = -0.48410530580157385
  |->  par_lens = 306, 311, 305
[TDSE] Running TDSE-SH-elliptical. step 51800, energy = -0.4841711151907732
  |->  par_lens = 306, 311, 306
[TDSE] Running TDSE-SH-elliptical. step 52000, energy = -0.48424789102474114
  |->  par_lens = 307, 311, 307
[TDSE] Running TDSE-SH-elliptical. step 52200, energy = -0.4843068405738928
  |->  par_lens = 309, 311, 308
[TDSE] Running TDSE-SH-elliptical. step 52400, energy = -0.4843793539770864
  |->  par_lens = 309, 311, 309
[TDSE] Running TDSE-SH-elliptical. step 52600, energy = -0.4844605189492733
  |->  par_lens = 310, 313, 309
[TDSE] Running TDSE-SH-elliptical. step 52800, energy = -0.4845656822887619
  |->  par_lens = 310, 314, 312
[TDSE] Running TDSE-SH-elliptical. step 53000, energy = -0.4846846144546906
  |->  par_lens = 313, 315, 312
[TDSE] Running TDSE-SH-elliptical. step 53200, energy = -0.48480269547351407
  |->  par_lens = 315, 316, 314
[TDSE] Running TDSE-SH-elliptical. step 53400, energy = -0.4849025707538054
  |->  par_lens = 316, 318, 316
[TDSE] Running TDSE-SH-elliptical. step 53600, energy = -0.4849595372768655
  |->  par_lens = 316, 317, 316
[TDSE] Running TDSE-SH-elliptical. step 53800, energy = -0.4850002510685376
  |->  par_lens = 317, 317, 317
[TDSE] Running TDSE-SH-elliptical. step 54000, energy = -0.485011794937905
  |->  par_lens = 321, 320, 317
[TDSE] Running TDSE-SH-elliptical. step 54200, energy = -0.48503604150823837
  |->  par_lens = 321, 322, 317
[TDSE] Running TDSE-SH-elliptical. step 54400, energy = -0.4850422396225738
  |->  par_lens = 322, 323, 318
[TDSE] Running TDSE-SH-elliptical. step 54600, energy = -0.48506838837971544
  |->  par_lens = 323, 324, 319
[TDSE] Running TDSE-SH-elliptical. step 54800, energy = -0.48507587546301284
  |->  par_lens = 324, 325, 321
[TDSE] Running TDSE-SH-elliptical. step 55000, energy = -0.48511693905907005
  |->  par_lens = 326, 327, 323
[TDSE] Running TDSE-SH-elliptical. step 55200, energy = -0.48514223233730586
  |->  par_lens = 328, 329, 327
[TDSE] Running TDSE-SH-elliptical. step 55400, energy = -0.4852045876342249
  |->  par_lens = 330, 330, 330
[TDSE] Running TDSE-SH-elliptical. step 55600, energy = -0.485250910963845
  |->  par_lens = 332, 330, 330
[TDSE] Running TDSE-SH-elliptical. step 55800, energy = -0.48532629786790643
  |->  par_lens = 333, 330, 330
[TDSE] Running TDSE-SH-elliptical. step 56000, energy = -0.48537721561122954
  |->  par_lens = 334, 330, 332
[TDSE] Running TDSE-SH-elliptical. step 56200, energy = -0.4854474523954909
  |->  par_lens = 336, 331, 334
[TDSE] Running TDSE-SH-elliptical. step 56400, energy = -0.48548556949814103
  |->  par_lens = 336, 332, 334
[TDSE] Running TDSE-SH-elliptical. step 56600, energy = -0.48553451826770194
  |->  par_lens = 336, 333, 336
[TDSE] Running TDSE-SH-elliptical. step 56800, energy = -0.4855532782565941
  |->  par_lens = 336, 335, 336
[TDSE] Running TDSE-SH-elliptical. step 57000, energy = -0.4855762140414637
  |->  par_lens = 338, 335, 337
[TDSE] Running TDSE-SH-elliptical. step 57200, energy = -0.4855806716376833
  |->  par_lens = 338, 339, 337
[TDSE] Running TDSE-SH-elliptical. step 57400, energy = -0.4855901156606035
  |->  par_lens = 339, 342, 339
[TDSE] Running TDSE-SH-elliptical. step 57600, energy = -0.4855892987582126
  |->  par_lens = 339, 345, 340
[TDSE] Running TDSE-SH-elliptical. step 57800, energy = -0.4855925347649379
  |->  par_lens = 339, 345, 341
[TDSE] Running TDSE-SH-elliptical. step 58000, energy = -0.48559543337089134
  |->  par_lens = 339, 345, 342
[TDSE] Running TDSE-SH-elliptical. step 58200, energy = -0.48559358379192186
  |->  par_lens = 340, 346, 342
[TDSE] Running TDSE-SH-elliptical. step 58400, energy = -0.48560000166891865
  |->  par_lens = 342, 347, 342
[TDSE] Running TDSE-SH-elliptical. step 58600, energy = -0.48559396273346617
  |->  par_lens = 343, 347, 343
[TDSE] Running TDSE-SH-elliptical. step 58800, energy = -0.4856005259212301
  |->  par_lens = 345, 347, 345
[TDSE] Running TDSE-SH-elliptical. step 59000, energy = -0.4855921897300945
  |->  par_lens = 347, 348, 346
[TDSE] Running TDSE-SH-elliptical. step 59200, energy = -0.4856044103487616
  |->  par_lens = 348, 350, 347
  Activating project at `~/JuliaProp_v0.1`
[TDSE] Running TDSE-SH-elliptical. step 59400, energy = -0.48559820501032797
  |->  par_lens = 349, 351, 348
[TDSE] Running TDSE-SH-elliptical. step 59600, energy = -0.4856216762063592
  |->  par_lens = 351, 351, 349
[TDSE] Running TDSE-SH-elliptical. step 59800, energy = -0.48562202345205335
  |->  par_lens = 351, 352, 349
[TDSE] Running TDSE-SH-elliptical. step 60000, energy = -0.4856532346536443
  |->  par_lens = 352, 352, 352
[TDSE] Running TDSE-SH-elliptical. step 60200, energy = -0.4856586682357427
  |->  par_lens = 352, 355, 353
[TDSE] Running TDSE-SH-elliptical. step 60400, energy = -0.485690166497371
  |->  par_lens = 354, 356, 354
[TDSE] Running TDSE-SH-elliptical. step 60600, energy = -0.4856919318445117
  |->  par_lens = 354, 356, 354
[TDSE] Running TDSE-SH-elliptical. step 60800, energy = -0.4857190661030393
  |->  par_lens = 355, 358, 356
[TDSE] Running TDSE-SH-elliptical. step 61000, energy = -0.48571392867342034
  |->  par_lens = 355, 360, 356
[TDSE] Running TDSE-SH-elliptical. step 61200, energy = -0.48573225914656
  |->  par_lens = 357, 361, 356
[TDSE] Running TDSE-SH-elliptical. step 61400, energy = -0.48572484542593236
  |->  par_lens = 358, 363, 358
[TDSE] Running TDSE-SH-elliptical. step 61600, energy = -0.48573498956446143
  |->  par_lens = 360, 365, 359
[TDSE] Running TDSE-SH-elliptical. step 61800, energy = -0.48572652312803594
  |->  par_lens = 360, 366, 363
[TDSE] Running TDSE-SH-elliptical. step 62000, energy = -0.4857331044230359
  |->  par_lens = 361, 366, 363
[TDSE] Running TDSE-SH-elliptical. step 62200, energy = -0.4857250298350943
  |->  par_lens = 362, 366, 364
[TDSE] Running TDSE-SH-elliptical. step 62400, energy = -0.48572640384077453
  |->  par_lens = 365, 366, 365
[TDSE] Running TDSE-SH-elliptical. step 62600, energy = -0.48572150493699673
  |->  par_lens = 367, 366, 367
[TDSE] Running TDSE-SH-elliptical. step 62800, energy = -0.4857167784040293
  |->  par_lens = 368, 366, 367
[TDSE] Running TDSE-SH-elliptical. step 63000, energy = -0.48571494728147296
  |->  par_lens = 370, 368, 367
[TDSE] Running TDSE-SH-elliptical. step 63200, energy = -0.4857051418457365
  |->  par_lens = 370, 368, 369
[TDSE] Running TDSE-SH-elliptical. step 63400, energy = -0.4857043814137308
  |->  par_lens = 370, 368, 371
[TDSE] Running TDSE-SH-elliptical. step 63600, energy = -0.4856916941717736
  |->  par_lens = 370, 370, 373
[TDSE] Running TDSE-SH-elliptical. step 63800, energy = -0.4856935715863011
  |->  par_lens = 371, 372, 374
[TDSE] Running TDSE-SH-elliptical. step 64000, energy = -0.4856748236803123
  |->  par_lens = 371, 372, 375
[TDSE] Running TDSE-SH-elliptical. step 64200, energy = -0.48568087491722045
  |->  par_lens = 372, 374, 377
[TDSE] Running TDSE-SH-elliptical. step 64400, energy = -0.4856598907664917
  |->  par_lens = 373, 376, 378
[TDSE] Running TDSE-SH-elliptical. step 64600, energy = -0.4856655779691702
  |->  par_lens = 374, 377, 378
