[ITP]: 10000.471108571397
[ITP]: 0.022107823405609905
[ITP]: 0.004976805475414736
[ITP]: 0.0021058954092971205
[ITP]: 0.001084104546129061
[ITP]: 0.0006160870179273692
[ITP]: 0.0003714642087823128
[ITP]: 0.00023286611963801995
[ITP]: 0.0001500123428329614
[ITP]: 9.857967926441003e-5
[ITP]: 6.57601184761436e-5
[ITP]: 4.43786526744816e-5
[ITP]: 3.022437766897479e-5
[ITP]: 2.0735965556739622e-5
[ITP]: 1.4311264988853267e-5
[ITP]: 9.92563006574354e-6
[ITP]: 6.9119921211058255e-6
[ITP]: 4.82976755122877e-6
[ITP]: 3.384510666504248e-6
[ITP]: 2.3775199649023193e-6
[ITP]: 1.6736194445865493e-6
[ITP]: 1.1802274751948616e-6
[ITP]: 8.335748883370186e-7
[ITP]: 5.895273362810372e-7
[ITP]: 4.174150680658073e-7
[ITP]: 2.958509506267859e-7
[ITP]: 2.098764437796774e-7
[ITP]: 1.4900242706339384e-7
[ITP]: 1.0585745457980522e-7
[ITP]: 7.525113565609587e-8
[ITP]: 5.352267851144177e-8
[ITP]: 3.808635307134267e-8
[ITP]: 2.7113442158110956e-8
[ITP]: 1.9309163601377577e-8
[ITP]: 1.3755872219078924e-8
[ITP]: 9.802639699962867e-9
Energy of ground state: -0.5030607411950042
[TDSE] Start TDSE-SH for elliptical polarized laser. It may cost a plenty of time.
[TDSE] Running TDSE-SH-elliptical. step 0, energy = -0.5030607411950033
  |->  par_lens = 2, 2, 2
[TDSE] Running TDSE-SH-elliptical. step 200, energy = -0.5030607411948603
  |->  par_lens = 2, 2, 2
[TDSE] Running TDSE-SH-elliptical. step 400, energy = -0.5030607411942649
  |->  par_lens = 2, 2, 2
[TDSE] Running TDSE-SH-elliptical. step 600, energy = -0.5030607411891836
  |->  par_lens = 2, 2, 2
[TDSE] Running TDSE-SH-elliptical. step 800, energy = -0.5030607411635339
  |->  par_lens = 2, 2, 2
[TDSE] Running TDSE-SH-elliptical. step 1000, energy = -0.5030607410750816
  |->  par_lens = 2, 2, 2
[TDSE] Running TDSE-SH-elliptical. step 1200, energy = -0.5030607408362017
  |->  par_lens = 2, 2, 2
[TDSE] Running TDSE-SH-elliptical. step 1400, energy = -0.5030607402878254
  |->  par_lens = 2, 2, 2
[TDSE] Running TDSE-SH-elliptical. step 1600, energy = -0.5030607391702873
  |->  par_lens = 2, 2, 2
[TDSE] Running TDSE-SH-elliptical. step 1800, energy = -0.5030607370882464
  |->  par_lens = 2, 2, 2
[TDSE] Running TDSE-SH-elliptical. step 2000, energy = -0.503060733474431
  |->  par_lens = 2, 2, 2
[TDSE] Running TDSE-SH-elliptical. step 2200, energy = -0.5030607275393748
  |->  par_lens = 2, 2, 2
[TDSE] Running TDSE-SH-elliptical. step 2400, energy = -0.5030607182555209
  |->  par_lens = 2, 2, 2
[TDSE] Running TDSE-SH-elliptical. step 2600, energy = -0.5030607042559251
  |->  par_lens = 2, 2, 2
[TDSE] Running TDSE-SH-elliptical. step 2800, energy = -0.5030606839097894
  |->  par_lens = 2, 2, 2
[TDSE] Running TDSE-SH-elliptical. step 3000, energy = -0.5030606550245765
  |->  par_lens = 2, 2, 2
[TDSE] Running TDSE-SH-elliptical. step 3200, energy = -0.5030606153627719
  |->  par_lens = 2, 2, 2
[TDSE] Running TDSE-SH-elliptical. step 3400, energy = -0.5030605615542945
  |->  par_lens = 2, 2, 2
[TDSE] Running TDSE-SH-elliptical. step 3600, energy = -0.5030604907577636
  |->  par_lens = 2, 2, 2
[TDSE] Running TDSE-SH-elliptical. step 3800, energy = -0.5030603983005272
  |->  par_lens = 2, 2, 2
[TDSE] Running TDSE-SH-elliptical. step 4000, energy = -0.5030602807439514
  |->  par_lens = 2, 2, 2
[TDSE] Running TDSE-SH-elliptical. step 4200, energy = -0.5030601316102037
  |->  par_lens = 2, 2, 2
[TDSE] Running TDSE-SH-elliptical. step 4400, energy = -0.5030599475714059
  |->  par_lens = 2, 2, 2
[TDSE] Running TDSE-SH-elliptical. step 4600, energy = -0.5030597201116019
  |->  par_lens = 2, 2, 2
[TDSE] Running TDSE-SH-elliptical. step 4800, energy = -0.503059445239611
  |->  par_lens = 2, 2, 2
[TDSE] Running TDSE-SH-elliptical. step 5000, energy = -0.5030591139493329
  |->  par_lens = 2, 2, 2
[TDSE] Running TDSE-SH-elliptical. step 5200, energy = -0.5030587211088782
  |->  par_lens = 2, 2, 2
[TDSE] Running TDSE-SH-elliptical. step 5400, energy = -0.5030582567604466
  |->  par_lens = 2, 2, 2
[TDSE] Running TDSE-SH-elliptical. step 5600, energy = -0.5030577153916526
  |->  par_lens = 2, 2, 2
[TDSE] Running TDSE-SH-elliptical. step 5800, energy = -0.5030570878452486
  |->  par_lens = 2, 2, 2
[TDSE] Running TDSE-SH-elliptical. step 6000, energy = -0.5030563650141264
  |->  par_lens = 2, 2, 2
[TDSE] Running TDSE-SH-elliptical. step 6200, energy = -0.5030555429221547
  |->  par_lens = 2, 2, 2
[TDSE] Running TDSE-SH-elliptical. step 6400, energy = -0.5030546066053329
  |->  par_lens = 2, 2, 2
[TDSE] Running TDSE-SH-elliptical. step 6600, energy = -0.5030535572061771
  |->  par_lens = 2, 2, 2
[TDSE] Running TDSE-SH-elliptical. step 6800, energy = -0.5030523784400065
  |->  par_lens = 2, 2, 2
[TDSE] Running TDSE-SH-elliptical. step 7000, energy = -0.5030510733598808
  |->  par_lens = 4, 3, 3
[TDSE] Running TDSE-SH-elliptical. step 7200, energy = -0.5030496206645627
  |->  par_lens = 4, 3, 3
[TDSE] Running TDSE-SH-elliptical. step 7400, energy = -0.503048037280716
  |->  par_lens = 4, 3, 3
[TDSE] Running TDSE-SH-elliptical. step 7600, energy = -0.5030462931176163
  |->  par_lens = 4, 3, 3
[TDSE] Running TDSE-SH-elliptical. step 7800, energy = -0.5030444035828153
  |->  par_lens = 4, 3, 3
[TDSE] Running TDSE-SH-elliptical. step 8000, energy = -0.5030423539544695
  |->  par_lens = 4, 3, 3
[TDSE] Running TDSE-SH-elliptical. step 8200, energy = -0.5030401539320721
  |->  par_lens = 4, 3, 3
[TDSE] Running TDSE-SH-elliptical. step 8400, energy = -0.5030377859306884
  |->  par_lens = 4, 3, 3
[TDSE] Running TDSE-SH-elliptical. step 8600, energy = -0.5030352668093546
  |->  par_lens = 4, 3, 3
[TDSE] Running TDSE-SH-elliptical. step 8800, energy = -0.5030325911518387
  |->  par_lens = 4, 3, 3
[TDSE] Running TDSE-SH-elliptical. step 9000, energy = -0.5030297570908481
  |->  par_lens = 4, 3, 3
[TDSE] Running TDSE-SH-elliptical. step 9200, energy = -0.503026783187243
  |->  par_lens = 4, 3, 3
[TDSE] Running TDSE-SH-elliptical. step 9400, energy = -0.5030236513182895
  |->  par_lens = 4, 3, 3
[TDSE] Running TDSE-SH-elliptical. step 9600, energy = -0.5030203976538711
  |->  par_lens = 4, 3, 3
[TDSE] Running TDSE-SH-elliptical. step 9800, energy = -0.5030170029119377
  |->  par_lens = 4, 3, 3
[TDSE] Running TDSE-SH-elliptical. step 10000, energy = -0.5030134997828476
  |->  par_lens = 4, 3, 3
[TDSE] Running TDSE-SH-elliptical. step 10200, energy = -0.503009633389846
  |->  par_lens = 4, 3, 3
[TDSE] Running TDSE-SH-elliptical. step 10400, energy = -0.5030034242644149
  |->  par_lens = 4, 3, 3
[TDSE] Running TDSE-SH-elliptical. step 10600, energy = -0.5029969811557551
  |->  par_lens = 4, 3, 3
[TDSE] Running TDSE-SH-elliptical. step 10800, energy = -0.5029986268174663
  |->  par_lens = 4, 3, 3
[TDSE] Running TDSE-SH-elliptical. step 11000, energy = -0.50301526157977
  |->  par_lens = 4, 3, 3
[TDSE] Running TDSE-SH-elliptical. step 11200, energy = -0.5030422986403371
  |->  par_lens = 4, 3, 3
[TDSE] Running TDSE-SH-elliptical. step 11400, energy = -0.5030579588715706
  |->  par_lens = 3, 2, 2
[TDSE] Running TDSE-SH-elliptical. step 11600, energy = -0.5030374044139532
  |->  par_lens = 4, 3, 3
[TDSE] Running TDSE-SH-elliptical. step 11800, energy = -0.5029599927429693
  |->  par_lens = 4, 3, 3
[TDSE] Running TDSE-SH-elliptical. step 12000, energy = -0.5027862998877043
  |->  par_lens = 5, 5, 5
[TDSE] Running TDSE-SH-elliptical. step 12200, energy = -0.502447025383158
  |->  par_lens = 5, 5, 5
[TDSE] Running TDSE-SH-elliptical. step 12400, energy = -0.5019068323249544
  |->  par_lens = 6, 6, 6
[TDSE] Running TDSE-SH-elliptical. step 12600, energy = -0.5013049629882288
  |->  par_lens = 7, 7, 7
[TDSE] Running TDSE-SH-elliptical. step 12800, energy = -0.5009427604519261
  |->  par_lens = 7, 7, 7
[TDSE] Running TDSE-SH-elliptical. step 13000, energy = -0.5010378381631566
  |->  par_lens = 8, 7, 7
[TDSE] Running TDSE-SH-elliptical. step 13200, energy = -0.5013718627195476
  |->  par_lens = 8, 6, 7
[TDSE] Running TDSE-SH-elliptical. step 13400, energy = -0.5014056190443202
  |->  par_lens = 8, 7, 7
[TDSE] Running TDSE-SH-elliptical. step 13600, energy = -0.5008190303797804
  |->  par_lens = 8, 8, 7
[TDSE] Running TDSE-SH-elliptical. step 13800, energy = -0.49995244745994183
  |->  par_lens = 8, 9, 8
[TDSE] Running TDSE-SH-elliptical. step 14000, energy = -0.49938010329029064
  |->  par_lens = 9, 9, 8
[TDSE] Running TDSE-SH-elliptical. step 14200, energy = -0.4988963448868585
  |->  par_lens = 8, 9, 8
[TDSE] Running TDSE-SH-elliptical. step 14400, energy = -0.4973900863460262
  |->  par_lens = 9, 10, 10
[TDSE] Running TDSE-SH-elliptical. step 14600, energy = -0.4940304774400814
  |->  par_lens = 13, 11, 11
[TDSE] Running TDSE-SH-elliptical. step 14800, energy = -0.48998723346672873
  |->  par_lens = 14, 12, 12
[TDSE] Running TDSE-SH-elliptical. step 15000, energy = -0.48774726587732303
  |->  par_lens = 14, 15, 15
[TDSE] Running TDSE-SH-elliptical. step 15200, energy = -0.48876241071358595
  |->  par_lens = 16, 15, 17
[TDSE] Running TDSE-SH-elliptical. step 15400, energy = -0.49103959728096974
  |->  par_lens = 18, 16, 17
[TDSE] Running TDSE-SH-elliptical. step 15600, energy = -0.4909672511261056
  |->  par_lens = 19, 16, 17
[TDSE] Running TDSE-SH-elliptical. step 15800, energy = -0.48717261522053096
  |->  par_lens = 19, 17, 17
[TDSE] Running TDSE-SH-elliptical. step 16000, energy = -0.4826695826990701
  |->  par_lens = 19, 19, 18
[TDSE] Running TDSE-SH-elliptical. step 16200, energy = -0.4811920576608989
  |->  par_lens = 19, 21, 19
[TDSE] Running TDSE-SH-elliptical. step 16400, energy = -0.48214434904608605
  |->  par_lens = 21, 20, 22
[TDSE] Running TDSE-SH-elliptical. step 16600, energy = -0.4798776073100433
  |->  par_lens = 21, 21, 22
[TDSE] Running TDSE-SH-elliptical. step 16800, energy = -0.47042265703310504
  |->  par_lens = 21, 24, 23
[TDSE] Running TDSE-SH-elliptical. step 17000, energy = -0.4576343188486312
  |->  par_lens = 29, 26, 26
[TDSE] Running TDSE-SH-elliptical. step 17200, energy = -0.45098837010216986
  |->  par_lens = 32, 31, 30
[TDSE] Running TDSE-SH-elliptical. step 17400, energy = -0.45507891358058933
  |->  par_lens = 34, 35, 35
[TDSE] Running TDSE-SH-elliptical. step 17600, energy = -0.463398795501507
  |->  par_lens = 39, 36, 36
[TDSE] Running TDSE-SH-elliptical. step 17800, energy = -0.4639798378369457
  |->  par_lens = 38, 39, 37
[TDSE] Running TDSE-SH-elliptical. step 18000, energy = -0.4532649257948675
  |->  par_lens = 38, 39, 39
[TDSE] Running TDSE-SH-elliptical. step 18200, energy = -0.4408884297076376
  |->  par_lens = 40, 37, 40
[TDSE] Running TDSE-SH-elliptical. step 18400, energy = -0.43857363213944367
  |->  par_lens = 43, 42, 41
[TDSE] Running TDSE-SH-elliptical. step 18600, energy = -0.44481592522499097
  |->  par_lens = 48, 46, 47
[TDSE] Running TDSE-SH-elliptical. step 18800, energy = -0.4446228742428469
  |->  par_lens = 49, 47, 47
[TDSE] Running TDSE-SH-elliptical. step 19000, energy = -0.42664885435892025
  |->  par_lens = 50, 47, 51
[TDSE] Running TDSE-SH-elliptical. step 19200, energy = -0.39977926990778284
  |->  par_lens = 55, 51, 53
[TDSE] Running TDSE-SH-elliptical. step 19400, energy = -0.3860904198172508
  |->  par_lens = 60, 59, 60
[TDSE] Running TDSE-SH-elliptical. step 19600, energy = -0.39617521944739165
  |->  par_lens = 71, 70, 70
[TDSE] Running TDSE-SH-elliptical. step 19800, energy = -0.4158911191956856
  |->  par_lens = 78, 78, 79
[TDSE] Running TDSE-SH-elliptical. step 20000, energy = -0.41950272625185697
  |->  par_lens = 79, 80, 79
[TDSE] Running TDSE-SH-elliptical. step 20200, energy = -0.3992166284648252
  |->  par_lens = 81, 79, 83
[TDSE] Running TDSE-SH-elliptical. step 20400, energy = -0.3758334089033283
  |->  par_lens = 82, 81, 78
[TDSE] Running TDSE-SH-elliptical. step 20600, energy = -0.37319407209387195
  |->  par_lens = 83, 85, 83
[TDSE] Running TDSE-SH-elliptical. step 20800, energy = -0.38882251856043987
  |->  par_lens = 88, 91, 93
[TDSE] Running TDSE-SH-elliptical. step 21000, energy = -0.3949117770259842
  |->  par_lens = 97, 94, 95
[TDSE] Running TDSE-SH-elliptical. step 21200, energy = -0.3688192714465034
  |->  par_lens = 96, 97, 94
[TDSE] Running TDSE-SH-elliptical. step 21400, energy = -0.3254423814085538
  |->  par_lens = 98, 96, 97
[TDSE] Running TDSE-SH-elliptical. step 21600, energy = -0.3041241159562798
  |->  par_lens = 105, 107, 107
[TDSE] Running TDSE-SH-elliptical. step 21800, energy = -0.3221949157654851
  |->  par_lens = 124, 124, 121
[TDSE] Running TDSE-SH-elliptical. step 22000, energy = -0.3568549537821611
  |->  par_lens = 136, 138, 134
[TDSE] Running TDSE-SH-elliptical. step 22200, energy = -0.3665699867342873
  |->  par_lens = 143, 142, 142
[TDSE] Running TDSE-SH-elliptical. step 22400, energy = -0.33737385669638514
  |->  par_lens = 144, 139, 139
[TDSE] Running TDSE-SH-elliptical. step 22600, energy = -0.30294118411303994
  |->  par_lens = 139, 139, 137
[TDSE] Running TDSE-SH-elliptical. step 22800, energy = -0.30141768288545523
  |->  par_lens = 144, 141, 141
[TDSE] Running TDSE-SH-elliptical. step 23000, energy = -0.32816641794901236
  |->  par_lens = 152, 146, 150
[TDSE] Running TDSE-SH-elliptical. step 23200, energy = -0.3433627788976813
  |->  par_lens = 156, 149, 150
[TDSE] Running TDSE-SH-elliptical. step 23400, energy = -0.3127553594728848
  |->  par_lens = 152, 153, 153
[TDSE] Running TDSE-SH-elliptical. step 23600, energy = -0.25554394464349134
  |->  par_lens = 155, 156, 156
[TDSE] Running TDSE-SH-elliptical. step 23800, energy = -0.22832150081495292
  |->  par_lens = 165, 166, 161
[TDSE] Running TDSE-SH-elliptical. step 24000, energy = -0.2547340304749072
  |->  par_lens = 182, 187, 185
[TDSE] Running TDSE-SH-elliptical. step 24200, energy = -0.30336093107586204
  |->  par_lens = 200, 204, 204
[TDSE] Running TDSE-SH-elliptical. step 24400, energy = -0.32106522788204167
  |->  par_lens = 209, 209, 211
[TDSE] Running TDSE-SH-elliptical. step 24600, energy = -0.2875825011822833
  |->  par_lens = 208, 207, 210
[TDSE] Running TDSE-SH-elliptical. step 24800, energy = -0.24598024089174264
  |->  par_lens = 205, 200, 204
[TDSE] Running TDSE-SH-elliptical. step 25000, energy = -0.2465037571783435
  |->  par_lens = 200, 199, 201
[TDSE] Running TDSE-SH-elliptical. step 25200, energy = -0.28253700922085184
  |->  par_lens = 208, 215, 207
[TDSE] Running TDSE-SH-elliptical. step 25400, energy = -0.30651393192999205
  |->  par_lens = 216, 216, 218
[TDSE] Running TDSE-SH-elliptical. step 25600, energy = -0.277159412072233
  |->  par_lens = 222, 223, 221
[TDSE] Running TDSE-SH-elliptical. step 25800, energy = -0.21448828834148242
  |->  par_lens = 225, 226, 221
[TDSE] Running TDSE-SH-elliptical. step 26000, energy = -0.18494413296593654
  |->  par_lens = 230, 231, 226
[TDSE] Running TDSE-SH-elliptical. step 26200, energy = -0.2165138397308313
  |->  par_lens = 241, 243, 242
[TDSE] Running TDSE-SH-elliptical. step 26400, energy = -0.2735233890666859
  |->  par_lens = 256, 258, 256
[TDSE] Running TDSE-SH-elliptical. step 26600, energy = -0.29882570118836455
  |->  par_lens = 257, 261, 262
[TDSE] Running TDSE-SH-elliptical. step 26800, energy = -0.26857635397488155
  |->  par_lens = 260, 261, 255
[TDSE] Running TDSE-SH-elliptical. step 27000, energy = -0.2274210383152581
  |->  par_lens = 247, 251, 251
[TDSE] Running TDSE-SH-elliptical. step 27200, energy = -0.2295321802492499
  |->  par_lens = 242, 242, 241
[TDSE] Running TDSE-SH-elliptical. step 27400, energy = -0.26890528799363456
  |->  par_lens = 245, 249, 245
[TDSE] Running TDSE-SH-elliptical. step 27600, energy = -0.2982292183496978
  |->  par_lens = 254, 251, 251
[TDSE] Running TDSE-SH-elliptical. step 27800, energy = -0.2756946848117735
  |->  par_lens = 251, 253, 259
[TDSE] Running TDSE-SH-elliptical. step 28000, energy = -0.21889404378163055
  |->  par_lens = 250, 255, 254
[TDSE] Running TDSE-SH-elliptical. step 28200, energy = -0.19193619232167708
  |->  par_lens = 262, 260, 257
[TDSE] Running TDSE-SH-elliptical. step 28400, energy = -0.22279801814138497
  |->  par_lens = 271, 273, 277
[TDSE] Running TDSE-SH-elliptical. step 28600, energy = -0.27958385170509487
  |->  par_lens = 285, 281, 284
[TDSE] Running TDSE-SH-elliptical. step 28800, energy = -0.30960238016176056
  |->  par_lens = 290, 291, 287
[TDSE] Running TDSE-SH-elliptical. step 29000, energy = -0.28904224851935495
  |->  par_lens = 288, 280, 289
[TDSE] Running TDSE-SH-elliptical. step 29200, energy = -0.2562043391496788
  |->  par_lens = 277, 278, 277
[TDSE] Running TDSE-SH-elliptical. step 29400, energy = -0.25880921069929796
  |->  par_lens = 264, 260, 262
[TDSE] Running TDSE-SH-elliptical. step 29600, energy = -0.2941052758725072
  |->  par_lens = 264, 266, 269
[TDSE] Running TDSE-SH-elliptical. step 29800, energy = -0.32332800432864095
  |->  par_lens = 268, 264, 268
[TDSE] Running TDSE-SH-elliptical. step 30000, energy = -0.3099742980507849
  |->  par_lens = 270, 272, 267
[TDSE] Running TDSE-SH-elliptical. step 30200, energy = -0.2673172561283408
  |->  par_lens = 275, 272, 274
[TDSE] Running TDSE-SH-elliptical. step 30400, energy = -0.24652740909717466
  |->  par_lens = 276, 281, 276
[TDSE] Running TDSE-SH-elliptical. step 30600, energy = -0.2712349487593296
  |->  par_lens = 294, 290, 288
[TDSE] Running TDSE-SH-elliptical. step 30800, energy = -0.3196406137313741
  |->  par_lens = 300, 301, 298
[TDSE] Running TDSE-SH-elliptical. step 31000, energy = -0.34933782887821185
  |->  par_lens = 307, 303, 304
[TDSE] Running TDSE-SH-elliptical. step 31200, energy = -0.34006299998919914
  |->  par_lens = 305, 301, 301
[TDSE] Running TDSE-SH-elliptical. step 31400, energy = -0.31922487329853194
  |->  par_lens = 294, 294, 293
[TDSE] Running TDSE-SH-elliptical. step 31600, energy = -0.3211423588090371
  |->  par_lens = 280, 283, 280
[TDSE] Running TDSE-SH-elliptical. step 31800, energy = -0.34732570433806875
  |->  par_lens = 267, 277, 263
[TDSE] Running TDSE-SH-elliptical. step 32000, energy = -0.37089338278361417
  |->  par_lens = 267, 273, 271
[TDSE] Running TDSE-SH-elliptical. step 32200, energy = -0.36492508283318664
  |->  par_lens = 272, 273, 277
[TDSE] Running TDSE-SH-elliptical. step 32400, energy = -0.33831579181927796
  |->  par_lens = 276, 273, 277
[TDSE] Running TDSE-SH-elliptical. step 32600, energy = -0.32453478352177306
  |->  par_lens = 280, 285, 284
[TDSE] Running TDSE-SH-elliptical. step 32800, energy = -0.34120426866572245
  |->  par_lens = 295, 299, 297
[TDSE] Running TDSE-SH-elliptical. step 33000, energy = -0.37589147542848955
  |->  par_lens = 305, 308, 310
[TDSE] Running TDSE-SH-elliptical. step 33200, energy = -0.3994904040185603
  |->  par_lens = 306, 311, 309
[TDSE] Running TDSE-SH-elliptical. step 33400, energy = -0.3986534651600625
  |->  par_lens = 306, 309, 310
[TDSE] Running TDSE-SH-elliptical. step 33600, energy = -0.38865006534052926
  |->  par_lens = 295, 302, 299
[TDSE] Running TDSE-SH-elliptical. step 33800, energy = -0.3902134883744344
  |->  par_lens = 292, 284, 289
[TDSE] Running TDSE-SH-elliptical. step 34000, energy = -0.40593765897336964
  |->  par_lens = 281, 279, 288
[TDSE] Running TDSE-SH-elliptical. step 34200, energy = -0.4201878338730278
  |->  par_lens = 275, 273, 275
[TDSE] Running TDSE-SH-elliptical. step 34400, energy = -0.41808441286553577
  |->  par_lens = 276, 276, 272
[TDSE] Running TDSE-SH-elliptical. step 34600, energy = -0.4046044267482529
  |->  par_lens = 282, 280, 280
[TDSE] Running TDSE-SH-elliptical. step 34800, energy = -0.39747518871605086
  |->  par_lens = 289, 291, 290
[TDSE] Running TDSE-SH-elliptical. step 35000, energy = -0.40699934952534406
  |->  par_lens = 301, 301, 301
[TDSE] Running TDSE-SH-elliptical. step 35200, energy = -0.42659210220810767
  |->  par_lens = 311, 305, 308
[TDSE] Running TDSE-SH-elliptical. step 35400, energy = -0.4413631180875842
  |->  par_lens = 310, 311, 313
[TDSE] Running TDSE-SH-elliptical. step 35600, energy = -0.44428772806198713
  |->  par_lens = 316, 313, 308
[TDSE] Running TDSE-SH-elliptical. step 35800, energy = -0.4418497271319444
  |->  par_lens = 307, 306, 309
[TDSE] Running TDSE-SH-elliptical. step 36000, energy = -0.44319871453778675
  |->  par_lens = 304, 303, 299
[TDSE] Running TDSE-SH-elliptical. step 36200, energy = -0.45004007836901977
  |->  par_lens = 298, 297, 293
[TDSE] Running TDSE-SH-elliptical. step 36400, energy = -0.45575371523993596
  |->  par_lens = 293, 288, 284
[TDSE] Running TDSE-SH-elliptical. step 36600, energy = -0.45495614238628307
  |->  par_lens = 289, 285, 282
[TDSE] Running TDSE-SH-elliptical. step 36800, energy = -0.4497338880154402
  |->  par_lens = 280, 290, 290
[TDSE] Running TDSE-SH-elliptical. step 37000, energy = -0.44725296922679986
  |->  par_lens = 293, 294, 293
[TDSE] Running TDSE-SH-elliptical. step 37200, energy = -0.4512796404510632
  |->  par_lens = 297, 297, 300
[TDSE] Running TDSE-SH-elliptical. step 37400, energy = -0.45948385831788724
  |->  par_lens = 301, 300, 304
[TDSE] Running TDSE-SH-elliptical. step 37600, energy = -0.46637906245964533
  |->  par_lens = 302, 306, 304
[TDSE] Running TDSE-SH-elliptical. step 37800, energy = -0.4693115907219795
  |->  par_lens = 300, 299, 300
[TDSE] Running TDSE-SH-elliptical. step 38000, energy = -0.4699180664552236
  |->  par_lens = 296, 296, 300
[TDSE] Running TDSE-SH-elliptical. step 38200, energy = -0.47077885492911126
  |->  par_lens = 290, 293, 288
[TDSE] Running TDSE-SH-elliptical. step 38400, energy = -0.4724214256640709
  |->  par_lens = 288, 289, 283
[TDSE] Running TDSE-SH-elliptical. step 38600, energy = -0.47347831490737163
  |->  par_lens = 270, 284, 276
[TDSE] Running TDSE-SH-elliptical. step 38800, energy = -0.472837653208645
  |->  par_lens = 265, 274, 267
[TDSE] Running TDSE-SH-elliptical. step 39000, energy = -0.4714055594977555
  |->  par_lens = 263, 267, 270
[TDSE] Running TDSE-SH-elliptical. step 39200, energy = -0.4708449498609511
  |->  par_lens = 267, 272, 265
[TDSE] Running TDSE-SH-elliptical. step 39400, energy = -0.4719327111942674
  |->  par_lens = 270, 274, 266
[TDSE] Running TDSE-SH-elliptical. step 39600, energy = -0.4741231039608675
  |->  par_lens = 271, 271, 267
[TDSE] Running TDSE-SH-elliptical. step 39800, energy = -0.4761508277854469
  |->  par_lens = 271, 272, 271
[TDSE] Running TDSE-SH-elliptical. step 40000, energy = -0.4774672174812728
  |->  par_lens = 268, 271, 272
[TDSE] Running TDSE-SH-elliptical. step 40200, energy = -0.4781052282114186
  |->  par_lens = 268, 267, 272
[TDSE] Running TDSE-SH-elliptical. step 40400, energy = -0.47838497481668835
  |->  par_lens = 267, 263, 270
[TDSE] Running TDSE-SH-elliptical. step 40600, energy = -0.47845132543322233
  |->  par_lens = 264, 263, 263
[TDSE] Running TDSE-SH-elliptical. step 40800, energy = -0.47829815415439686
  |->  par_lens = 262, 261, 261
[TDSE] Running TDSE-SH-elliptical. step 41000, energy = -0.4780065573296704
  |->  par_lens = 262, 259, 261
[TDSE] Running TDSE-SH-elliptical. step 41200, energy = -0.47778029544179124
  |->  par_lens = 263, 262, 262
[TDSE] Running TDSE-SH-elliptical. step 41400, energy = -0.4777192681388104
  |->  par_lens = 262, 263, 265
[TDSE] Running TDSE-SH-elliptical. step 41600, energy = -0.4778799614542529
  |->  par_lens = 263, 264, 265
[TDSE] Running TDSE-SH-elliptical. step 41800, energy = -0.4781196563897512
  |->  par_lens = 263, 264, 265
[TDSE] Running TDSE-SH-elliptical. step 42000, energy = -0.4783661587544768
  |->  par_lens = 263, 265, 266
[TDSE] Running TDSE-SH-elliptical. step 42200, energy = -0.4785448386656002
  |->  par_lens = 263, 264, 266
[TDSE] Running TDSE-SH-elliptical. step 42400, energy = -0.47866450966512303
  |->  par_lens = 263, 263, 266
[TDSE] Running TDSE-SH-elliptical. step 42600, energy = -0.4787400506428106
  |->  par_lens = 263, 264, 266
[TDSE] Running TDSE-SH-elliptical. step 42800, energy = -0.4788136290140596
  |->  par_lens = 264, 263, 266
[TDSE] Running TDSE-SH-elliptical. step 43000, energy = -0.4788961434390316
  |->  par_lens = 264, 263, 267
[TDSE] Running TDSE-SH-elliptical. step 43200, energy = -0.4789872121038385
  |->  par_lens = 264, 263, 267
[TDSE] Running TDSE-SH-elliptical. step 43400, energy = -0.47908425816712596
  |->  par_lens = 265, 264, 266
[TDSE] Running TDSE-SH-elliptical. step 43600, energy = -0.47918243073928646
  |->  par_lens = 264, 266, 266
[TDSE] Running TDSE-SH-elliptical. step 43800, energy = -0.47929391464120746
  |->  par_lens = 265, 266, 266
[TDSE] Running TDSE-SH-elliptical. step 44000, energy = -0.4794095182468189
  |->  par_lens = 265, 269, 266
[TDSE] Running TDSE-SH-elliptical. step 44200, energy = -0.47953813821435715
  |->  par_lens = 267, 269, 267
[TDSE] Running TDSE-SH-elliptical. step 44400, energy = -0.4796483330560968
  |->  par_lens = 267, 269, 267
[TDSE] Running TDSE-SH-elliptical. step 44600, energy = -0.47976381311841326
  |->  par_lens = 267, 268, 267
[TDSE] Running TDSE-SH-elliptical. step 44800, energy = -0.47987725693408784
  |->  par_lens = 270, 268, 270
[TDSE] Running TDSE-SH-elliptical. step 45000, energy = -0.4800368353051561
  |->  par_lens = 271, 270, 270
[TDSE] Running TDSE-SH-elliptical. step 45200, energy = -0.4802038467545691
  |->  par_lens = 271, 271, 271
[TDSE] Running TDSE-SH-elliptical. step 45400, energy = -0.4803697287763183
  |->  par_lens = 271, 273, 272
[TDSE] Running TDSE-SH-elliptical. step 45600, energy = -0.4804802577388744
  |->  par_lens = 273, 274, 272
[TDSE] Running TDSE-SH-elliptical. step 45800, energy = -0.48059779312531975
  |->  par_lens = 274, 275, 274
[TDSE] Running TDSE-SH-elliptical. step 46000, energy = -0.4807199149210709
  |->  par_lens = 273, 275, 276
[TDSE] Running TDSE-SH-elliptical. step 46200, energy = -0.4808860346028614
  |->  par_lens = 273, 275, 273
[TDSE] Running TDSE-SH-elliptical. step 46400, energy = -0.48104770227206023
  |->  par_lens = 273, 275, 274
[TDSE] Running TDSE-SH-elliptical. step 46600, energy = -0.4812205437855776
  |->  par_lens = 274, 275, 275
[TDSE] Running TDSE-SH-elliptical. step 46800, energy = -0.48137488940803774
  |->  par_lens = 275, 276, 275
[TDSE] Running TDSE-SH-elliptical. step 47000, energy = -0.48153535290395416
  |->  par_lens = 276, 277, 279
[TDSE] Running TDSE-SH-elliptical. step 47200, energy = -0.4816765556674225
  |->  par_lens = 276, 277, 279
[TDSE] Running TDSE-SH-elliptical. step 47400, energy = -0.4818218523435337
  |->  par_lens = 276, 277, 279
[TDSE] Running TDSE-SH-elliptical. step 47600, energy = -0.4819597430840064
  |->  par_lens = 277, 277, 279
[TDSE] Running TDSE-SH-elliptical. step 47800, energy = -0.48210397479217215
  |->  par_lens = 277, 278, 282
[TDSE] Running TDSE-SH-elliptical. step 48000, energy = -0.48224978912553584
  |->  par_lens = 278, 278, 281
[TDSE] Running TDSE-SH-elliptical. step 48200, energy = -0.4823967016593274
  |->  par_lens = 280, 278, 282
[TDSE] Running TDSE-SH-elliptical. step 48400, energy = -0.4825466052616679
  |->  par_lens = 281, 281, 283
[TDSE] Running TDSE-SH-elliptical. step 48600, energy = -0.48268989356679054
  |->  par_lens = 281, 279, 281
[TDSE] Running TDSE-SH-elliptical. step 48800, energy = -0.48283037732692585
  |->  par_lens = 284, 281, 282
[TDSE] Running TDSE-SH-elliptical. step 49000, energy = -0.48295106327929904
  |->  par_lens = 285, 281, 283
[TDSE] Running TDSE-SH-elliptical. step 49200, energy = -0.4830830984777219
  |->  par_lens = 285, 281, 282
[TDSE] Running TDSE-SH-elliptical. step 49400, energy = -0.4832054301945833
  |->  par_lens = 285, 281, 282
[TDSE] Running TDSE-SH-elliptical. step 49600, energy = -0.4833418470987214
  |->  par_lens = 285, 283, 282
[TDSE] Running TDSE-SH-elliptical. step 49800, energy = -0.4834561784667792
  |->  par_lens = 285, 282, 283
[TDSE] Running TDSE-SH-elliptical. step 50000, energy = -0.48358391368093484
  |->  par_lens = 286, 283, 286
[TDSE] Running TDSE-SH-elliptical. step 50200, energy = -0.483695865571723
  |->  par_lens = 285, 284, 286
[TDSE] Running TDSE-SH-elliptical. step 50400, energy = -0.4838312694849514
  |->  par_lens = 285, 285, 286
[TDSE] Running TDSE-SH-elliptical. step 50600, energy = -0.48394402898976685
  |->  par_lens = 286, 286, 287
[TDSE] Running TDSE-SH-elliptical. step 50800, energy = -0.4840681598369408
  |->  par_lens = 287, 288, 287
[TDSE] Running TDSE-SH-elliptical. step 51000, energy = -0.48415980522664015
  |->  par_lens = 287, 289, 288
[TDSE] Running TDSE-SH-elliptical. step 51200, energy = -0.48425526540599395
  |->  par_lens = 289, 289, 289
[TDSE] Running TDSE-SH-elliptical. step 51400, energy = -0.48432623715958506
  |->  par_lens = 289, 290, 288
[TDSE] Running TDSE-SH-elliptical. step 51600, energy = -0.4844122126751681
  |->  par_lens = 290, 291, 290
[TDSE] Running TDSE-SH-elliptical. step 51800, energy = -0.48448030396583724
  |->  par_lens = 292, 291, 290
[TDSE] Running TDSE-SH-elliptical. step 52000, energy = -0.484558396758663
  |->  par_lens = 294, 291, 290
[TDSE] Running TDSE-SH-elliptical. step 52200, energy = -0.4846244876937651
  |->  par_lens = 293, 291, 290
[TDSE] Running TDSE-SH-elliptical. step 52400, energy = -0.4847042455265958
  |->  par_lens = 294, 293, 290
[TDSE] Running TDSE-SH-elliptical. step 52600, energy = -0.4847901970991946
  |->  par_lens = 293, 296, 290
[TDSE] Running TDSE-SH-elliptical. step 52800, energy = -0.48489242142253897
  |->  par_lens = 293, 296, 291
[TDSE] Running TDSE-SH-elliptical. step 53000, energy = -0.4850011210408348
  |->  par_lens = 293, 297, 291
[TDSE] Running TDSE-SH-elliptical. step 53200, energy = -0.48510658678054686
  |->  par_lens = 294, 297, 294
[TDSE] Running TDSE-SH-elliptical. step 53400, energy = -0.4851986108021672
  |->  par_lens = 295, 298, 294
[TDSE] Running TDSE-SH-elliptical. step 53600, energy = -0.48525691579528646
  |->  par_lens = 295, 298, 294
[TDSE] Running TDSE-SH-elliptical. step 53800, energy = -0.4853012070232188
  |->  par_lens = 295, 297, 297
[TDSE] Running TDSE-SH-elliptical. step 54000, energy = -0.4853175849400679
  |->  par_lens = 295, 296, 295
[TDSE] Running TDSE-SH-elliptical. step 54200, energy = -0.4853414851536049
  |->  par_lens = 297, 297, 295
[TDSE] Running TDSE-SH-elliptical. step 54400, energy = -0.48534788983872734
  |->  par_lens = 296, 297, 295
[TDSE] Running TDSE-SH-elliptical. step 54600, energy = -0.4853703366744905
  |->  par_lens = 296, 297, 294
[TDSE] Running TDSE-SH-elliptical. step 54800, energy = -0.48537535864013864
  |->  par_lens = 297, 298, 296
[TDSE] Running TDSE-SH-elliptical. step 55000, energy = -0.4854096976038369
  |->  par_lens = 299, 298, 296
[TDSE] Running TDSE-SH-elliptical. step 55200, energy = -0.48543531908929416
  |->  par_lens = 301, 298, 298
[TDSE] Running TDSE-SH-elliptical. step 55400, energy = -0.48550141917120854
  |->  par_lens = 302, 301, 297
[TDSE] Running TDSE-SH-elliptical. step 55600, energy = -0.4855623168541521
  |->  par_lens = 303, 302, 298
[TDSE] Running TDSE-SH-elliptical. step 55800, energy = -0.48565260145030004
  |->  par_lens = 304, 302, 299
[TDSE] Running TDSE-SH-elliptical. step 56000, energy = -0.48572002885068977
  |->  par_lens = 305, 303, 301
[TDSE] Running TDSE-SH-elliptical. step 56200, energy = -0.48579861681775327
  |->  par_lens = 306, 303, 302
[TDSE] Running TDSE-SH-elliptical. step 56400, energy = -0.485842519098079
  |->  par_lens = 306, 303, 302
[TDSE] Running TDSE-SH-elliptical. step 56600, energy = -0.48588951587625806
  |->  par_lens = 307, 303, 302
[TDSE] Running TDSE-SH-elliptical. step 56800, energy = -0.48590636887362065
  |->  par_lens = 307, 302, 302
[TDSE] Running TDSE-SH-elliptical. step 57000, energy = -0.4859245028793184
  |->  par_lens = 306, 302, 302
[TDSE] Running TDSE-SH-elliptical. step 57200, energy = -0.48592518502468707
  |->  par_lens = 306, 302, 304
[TDSE] Running TDSE-SH-elliptical. step 57400, energy = -0.48593019207625315
  |->  par_lens = 306, 302, 304
[TDSE] Running TDSE-SH-elliptical. step 57600, energy = -0.4859272227488657
  |->  par_lens = 306, 303, 305
[TDSE] Running TDSE-SH-elliptical. step 57800, energy = -0.48592919843202265
  |->  par_lens = 307, 303, 306
[TDSE] Running TDSE-SH-elliptical. step 58000, energy = -0.4859327653039528
  |->  par_lens = 307, 303, 307
[TDSE] Running TDSE-SH-elliptical. step 58200, energy = -0.4859334311323941
  |->  par_lens = 308, 305, 307
[TDSE] Running TDSE-SH-elliptical. step 58400, energy = -0.4859414012857499
  |->  par_lens = 308, 308, 308
[TDSE] Running TDSE-SH-elliptical. step 58600, energy = -0.48593778577416463
  |->  par_lens = 309, 310, 308
[TDSE] Running TDSE-SH-elliptical. step 58800, energy = -0.48594357791324533
  |->  par_lens = 309, 312, 309
[TDSE] Running TDSE-SH-elliptical. step 59000, energy = -0.4859350950698917
  |->  par_lens = 310, 312, 309
[TDSE] Running TDSE-SH-elliptical. step 59200, energy = -0.48594442660257786
  |->  par_lens = 310, 313, 311
  Activating project at `~/JuliaProp_v0.1`
[TDSE] Running TDSE-SH-elliptical. step 59400, energy = -0.48593821216589744
  |->  par_lens = 310, 314, 312
[TDSE] Running TDSE-SH-elliptical. step 59600, energy = -0.48595934663004714
  |->  par_lens = 310, 316, 313
[TDSE] Running TDSE-SH-elliptical. step 59800, energy = -0.4859622107151036
  |->  par_lens = 312, 319, 316
[TDSE] Running TDSE-SH-elliptical. step 60000, energy = -0.48599353833382913
  |->  par_lens = 315, 318, 315
[TDSE] Running TDSE-SH-elliptical. step 60200, energy = -0.4860036103411881
  |->  par_lens = 315, 319, 316
[TDSE] Running TDSE-SH-elliptical. step 60400, energy = -0.48603753317738424
  |->  par_lens = 316, 318, 316
[TDSE] Running TDSE-SH-elliptical. step 60600, energy = -0.4860453764240371
  |->  par_lens = 316, 318, 317
[TDSE] Running TDSE-SH-elliptical. step 60800, energy = -0.48607501262244096
  |->  par_lens = 316, 319, 319
[TDSE] Running TDSE-SH-elliptical. step 61000, energy = -0.4860754824017838
  |->  par_lens = 317, 319, 319
[TDSE] Running TDSE-SH-elliptical. step 61200, energy = -0.486095195147847
  |->  par_lens = 320, 320, 319
[TDSE] Running TDSE-SH-elliptical. step 61400, energy = -0.48609136971399947
  |->  par_lens = 322, 321, 320
[TDSE] Running TDSE-SH-elliptical. step 61600, energy = -0.48610245088698106
  |->  par_lens = 323, 323, 321
[TDSE] Running TDSE-SH-elliptical. step 61800, energy = -0.4860966367736168
  |->  par_lens = 326, 323, 322
[TDSE] Running TDSE-SH-elliptical. step 62000, energy = -0.4861039689569963
  |->  par_lens = 325, 324, 322
[TDSE] Running TDSE-SH-elliptical. step 62200, energy = -0.4860982098602466
  |->  par_lens = 326, 323, 323
[TDSE] Running TDSE-SH-elliptical. step 62400, energy = -0.48610037466364137
  |->  par_lens = 326, 324, 324
[TDSE] Running TDSE-SH-elliptical. step 62600, energy = -0.4860968226723298
  |->  par_lens = 327, 325, 325
[TDSE] Running TDSE-SH-elliptical. step 62800, energy = -0.4860929235471083
  |->  par_lens = 327, 325, 325
[TDSE] Running TDSE-SH-elliptical. step 63000, energy = -0.48609103585542407
  |->  par_lens = 328, 326, 325
[TDSE] Running TDSE-SH-elliptical. step 63200, energy = -0.48608212253487193
  |->  par_lens = 328, 327, 326
[TDSE] Running TDSE-SH-elliptical. step 63400, energy = -0.4860809966947723
  |->  par_lens = 328, 327, 326
[TDSE] Running TDSE-SH-elliptical. step 63600, energy = -0.48606920407260246
  |->  par_lens = 329, 329, 329
[TDSE] Running TDSE-SH-elliptical. step 63800, energy = -0.486070758732689
  |->  par_lens = 328, 330, 328
[TDSE] Running TDSE-SH-elliptical. step 64000, energy = -0.48605426423593534
  |->  par_lens = 330, 330, 328
[TDSE] Running TDSE-SH-elliptical. step 64200, energy = -0.4860598920474938
  |->  par_lens = 330, 332, 328
[TDSE] Running TDSE-SH-elliptical. step 64400, energy = -0.48604216114593485
  |->  par_lens = 330, 333, 328
[TDSE] Running TDSE-SH-elliptical. step 64600, energy = -0.48604833833262095
  |->  par_lens = 330, 332, 329
