[ITP]: 10000.471108571397
[ITP]: 0.022107823405609905
[ITP]: 0.004976805475414736
[ITP]: 0.0021058954092971205
[ITP]: 0.001084104546129061
[ITP]: 0.0006160870179273692
[ITP]: 0.0003714642087823128
[ITP]: 0.00023286611963801995
[ITP]: 0.0001500123428329614
[ITP]: 9.857967926441003e-5
[ITP]: 6.57601184761436e-5
[ITP]: 4.43786526744816e-5
[ITP]: 3.022437766897479e-5
[ITP]: 2.0735965556739622e-5
[ITP]: 1.4311264988853267e-5
[ITP]: 9.92563006574354e-6
[ITP]: 6.9119921211058255e-6
[ITP]: 4.82976755122877e-6
[ITP]: 3.384510666504248e-6
[ITP]: 2.3775199649023193e-6
[ITP]: 1.6736194445865493e-6
[ITP]: 1.1802274751948616e-6
[ITP]: 8.335748883370186e-7
[ITP]: 5.895273362810372e-7
[ITP]: 4.174150680658073e-7
[ITP]: 2.958509506267859e-7
[ITP]: 2.098764437796774e-7
[ITP]: 1.4900242706339384e-7
[ITP]: 1.0585745457980522e-7
[ITP]: 7.525113565609587e-8
[ITP]: 5.352267851144177e-8
[ITP]: 3.808635307134267e-8
[ITP]: 2.7113442158110956e-8
[ITP]: 1.9309163601377577e-8
[ITP]: 1.3755872219078924e-8
[ITP]: 9.802639699962867e-9
Energy of ground state: -0.5030607411950042
[TDSE] Start TDSE-SH for elliptical polarized laser. It may cost a plenty of time.
[TDSE] Running TDSE-SH-elliptical. step 0, energy = -0.5030607411950033
  |->  par_lens = 2, 2, 2
[TDSE] Running TDSE-SH-elliptical. step 200, energy = -0.5030607411948628
  |->  par_lens = 2, 2, 2
[TDSE] Running TDSE-SH-elliptical. step 400, energy = -0.5030607411945898
  |->  par_lens = 2, 2, 2
[TDSE] Running TDSE-SH-elliptical. step 600, energy = -0.5030607411930584
  |->  par_lens = 2, 2, 2
[TDSE] Running TDSE-SH-elliptical. step 800, energy = -0.5030607411857454
  |->  par_lens = 2, 2, 2
[TDSE] Running TDSE-SH-elliptical. step 1000, energy = -0.503060741160975
  |->  par_lens = 2, 2, 2
[TDSE] Running TDSE-SH-elliptical. step 1200, energy = -0.5030607410948642
  |->  par_lens = 2, 2, 2
[TDSE] Running TDSE-SH-elliptical. step 1400, energy = -0.5030607409445274
  |->  par_lens = 2, 2, 2
[TDSE] Running TDSE-SH-elliptical. step 1600, energy = -0.5030607406407843
  |->  par_lens = 2, 2, 2
[TDSE] Running TDSE-SH-elliptical. step 1800, energy = -0.5030607400731292
  |->  par_lens = 2, 2, 2
[TDSE] Running TDSE-SH-elliptical. step 2000, energy = -0.5030607390608931
  |->  par_lens = 2, 2, 2
[TDSE] Running TDSE-SH-elliptical. step 2200, energy = -0.5030607373639963
  |->  par_lens = 2, 2, 2
[TDSE] Running TDSE-SH-elliptical. step 2400, energy = -0.5030607346290058
  |->  par_lens = 2, 2, 2
[TDSE] Running TDSE-SH-elliptical. step 2600, energy = -0.5030607304002248
  |->  par_lens = 2, 2, 2
[TDSE] Running TDSE-SH-elliptical. step 2800, energy = -0.5030607240641126
  |->  par_lens = 2, 2, 2
[TDSE] Running TDSE-SH-elliptical. step 3000, energy = -0.5030607148241277
  |->  par_lens = 2, 2, 2
[TDSE] Running TDSE-SH-elliptical. step 3200, energy = -0.5030607017487432
  |->  par_lens = 2, 2, 2
[TDSE] Running TDSE-SH-elliptical. step 3400, energy = -0.5030606835117716
  |->  par_lens = 2, 2, 2
[TDSE] Running TDSE-SH-elliptical. step 3600, energy = -0.5030606588030264
  |->  par_lens = 2, 2, 2
[TDSE] Running TDSE-SH-elliptical. step 3800, energy = -0.5030606256148171
  |->  par_lens = 2, 2, 2
[TDSE] Running TDSE-SH-elliptical. step 4000, energy = -0.5030605821911999
  |->  par_lens = 2, 2, 2
[TDSE] Running TDSE-SH-elliptical. step 4200, energy = -0.5030605255470437
  |->  par_lens = 2, 2, 2
[TDSE] Running TDSE-SH-elliptical. step 4400, energy = -0.5030604536431839
  |->  par_lens = 2, 2, 2
[TDSE] Running TDSE-SH-elliptical. step 4600, energy = -0.5030603622858633
  |->  par_lens = 2, 2, 2
[TDSE] Running TDSE-SH-elliptical. step 4800, energy = -0.5030602488154436
  |->  par_lens = 2, 2, 2
[TDSE] Running TDSE-SH-elliptical. step 5000, energy = -0.503060108233854
  |->  par_lens = 2, 2, 2
[TDSE] Running TDSE-SH-elliptical. step 5200, energy = -0.5030599369909157
  |->  par_lens = 2, 2, 2
[TDSE] Running TDSE-SH-elliptical. step 5400, energy = -0.503059729032666
  |->  par_lens = 2, 2, 2
[TDSE] Running TDSE-SH-elliptical. step 5600, energy = -0.5030594800574151
  |->  par_lens = 2, 2, 2
[TDSE] Running TDSE-SH-elliptical. step 5800, energy = -0.5030591836534365
  |->  par_lens = 2, 2, 2
[TDSE] Running TDSE-SH-elliptical. step 6000, energy = -0.5030588332654565
  |->  par_lens = 2, 2, 2
[TDSE] Running TDSE-SH-elliptical. step 6200, energy = -0.5030584240664162
  |->  par_lens = 2, 2, 2
[TDSE] Running TDSE-SH-elliptical. step 6400, energy = -0.503057946060591
  |->  par_lens = 2, 2, 2
[TDSE] Running TDSE-SH-elliptical. step 6600, energy = -0.5030573961364441
  |->  par_lens = 2, 2, 2
[TDSE] Running TDSE-SH-elliptical. step 6800, energy = -0.5030567626636635
  |->  par_lens = 2, 2, 2
[TDSE] Running TDSE-SH-elliptical. step 7000, energy = -0.5030560432153397
  |->  par_lens = 2, 2, 2
[TDSE] Running TDSE-SH-elliptical. step 7200, energy = -0.5030552223960932
  |->  par_lens = 2, 2, 2
[TDSE] Running TDSE-SH-elliptical. step 7400, energy = -0.5030543044564341
  |->  par_lens = 2, 2, 2
[TDSE] Running TDSE-SH-elliptical. step 7600, energy = -0.5030532687872135
  |->  par_lens = 2, 2, 2
[TDSE] Running TDSE-SH-elliptical. step 7800, energy = -0.5030521183970895
  |->  par_lens = 2, 2, 2
[TDSE] Running TDSE-SH-elliptical. step 8000, energy = -0.5030508399846337
  |->  par_lens = 4, 2, 2
[TDSE] Running TDSE-SH-elliptical. step 8200, energy = -0.5030494336390485
  |->  par_lens = 4, 3, 3
[TDSE] Running TDSE-SH-elliptical. step 8400, energy = -0.5030478838943759
  |->  par_lens = 4, 3, 3
[TDSE] Running TDSE-SH-elliptical. step 8600, energy = -0.5030461944412968
  |->  par_lens = 4, 3, 3
[TDSE] Running TDSE-SH-elliptical. step 8800, energy = -0.5030443577137993
  |->  par_lens = 4, 3, 3
[TDSE] Running TDSE-SH-elliptical. step 9000, energy = -0.5030423649711665
  |->  par_lens = 4, 3, 3
[TDSE] Running TDSE-SH-elliptical. step 9200, energy = -0.5030402248362114
  |->  par_lens = 4, 3, 3
[TDSE] Running TDSE-SH-elliptical. step 9400, energy = -0.5030379181512641
  |->  par_lens = 4, 3, 3
[TDSE] Running TDSE-SH-elliptical. step 9600, energy = -0.5030354650946147
  |->  par_lens = 4, 3, 3
[TDSE] Running TDSE-SH-elliptical. step 9800, energy = -0.5030328457528496
  |->  par_lens = 4, 3, 3
[TDSE] Running TDSE-SH-elliptical. step 10000, energy = -0.5030300815408555
  |->  par_lens = 4, 3, 3
[TDSE] Running TDSE-SH-elliptical. step 10200, energy = -0.503026958372535
  |->  par_lens = 4, 3, 3
[TDSE] Running TDSE-SH-elliptical. step 10400, energy = -0.5030218308108837
  |->  par_lens = 4, 3, 3
[TDSE] Running TDSE-SH-elliptical. step 10600, energy = -0.5030163321270017
  |->  par_lens = 4, 3, 3
[TDSE] Running TDSE-SH-elliptical. step 10800, energy = -0.5030171796800748
  |->  par_lens = 4, 3, 3
[TDSE] Running TDSE-SH-elliptical. step 11000, energy = -0.5030296629132726
  |->  par_lens = 4, 3, 3
[TDSE] Running TDSE-SH-elliptical. step 11200, energy = -0.5030488204983196
  |->  par_lens = 3, 3, 2
[TDSE] Running TDSE-SH-elliptical. step 11400, energy = -0.5030552710714038
  |->  par_lens = 3, 2, 2
[TDSE] Running TDSE-SH-elliptical. step 11600, energy = -0.5030287945828097
  |->  par_lens = 4, 3, 3
[TDSE] Running TDSE-SH-elliptical. step 11800, energy = -0.502954382813174
  |->  par_lens = 4, 4, 3
[TDSE] Running TDSE-SH-elliptical. step 12000, energy = -0.5027957300324412
  |->  par_lens = 5, 5, 5
[TDSE] Running TDSE-SH-elliptical. step 12200, energy = -0.5024822543887365
  |->  par_lens = 5, 5, 5
[TDSE] Running TDSE-SH-elliptical. step 12400, energy = -0.5019713860553752
  |->  par_lens = 6, 6, 6
[TDSE] Running TDSE-SH-elliptical. step 12600, energy = -0.5013913645524541
  |->  par_lens = 7, 7, 7
[TDSE] Running TDSE-SH-elliptical. step 12800, energy = -0.5010328330683049
  |->  par_lens = 7, 7, 7
[TDSE] Running TDSE-SH-elliptical. step 13000, energy = -0.5011076421261341
  |->  par_lens = 8, 7, 7
[TDSE] Running TDSE-SH-elliptical. step 13200, energy = -0.5014006301490558
  |->  par_lens = 8, 6, 7
[TDSE] Running TDSE-SH-elliptical. step 13400, energy = -0.5013844209792997
  |->  par_lens = 8, 7, 7
[TDSE] Running TDSE-SH-elliptical. step 13600, energy = -0.5007559601735554
  |->  par_lens = 8, 8, 7
[TDSE] Running TDSE-SH-elliptical. step 13800, energy = -0.49987109073122954
  |->  par_lens = 8, 9, 7
[TDSE] Running TDSE-SH-elliptical. step 14000, energy = -0.4993115710311459
  |->  par_lens = 8, 9, 8
[TDSE] Running TDSE-SH-elliptical. step 14200, energy = -0.49886701878585443
  |->  par_lens = 9, 9, 8
[TDSE] Running TDSE-SH-elliptical. step 14400, energy = -0.4974113330716756
  |->  par_lens = 9, 10, 10
[TDSE] Running TDSE-SH-elliptical. step 14600, energy = -0.4940937883265086
  |->  par_lens = 13, 11, 11
[TDSE] Running TDSE-SH-elliptical. step 14800, energy = -0.49006824497698526
  |->  par_lens = 14, 12, 12
[TDSE] Running TDSE-SH-elliptical. step 15000, energy = -0.48781758743386905
  |->  par_lens = 14, 15, 14
[TDSE] Running TDSE-SH-elliptical. step 15200, energy = -0.48880289262922233
  |->  par_lens = 15, 15, 17
[TDSE] Running TDSE-SH-elliptical. step 15400, energy = -0.49105033060447734
  |->  par_lens = 18, 15, 16
[TDSE] Running TDSE-SH-elliptical. step 15600, energy = -0.4909669823648207
  |->  par_lens = 18, 16, 16
[TDSE] Running TDSE-SH-elliptical. step 15800, energy = -0.48718788145759384
  |->  par_lens = 19, 17, 17
[TDSE] Running TDSE-SH-elliptical. step 16000, energy = -0.48271692441467723
  |->  par_lens = 19, 19, 18
[TDSE] Running TDSE-SH-elliptical. step 16200, energy = -0.48126244851137645
  |->  par_lens = 19, 20, 19
[TDSE] Running TDSE-SH-elliptical. step 16400, energy = -0.48219830271261266
  |->  par_lens = 21, 20, 21
[TDSE] Running TDSE-SH-elliptical. step 16600, energy = -0.4798570360294846
  |->  par_lens = 21, 21, 22
[TDSE] Running TDSE-SH-elliptical. step 16800, energy = -0.4702773897461294
  |->  par_lens = 21, 23, 24
[TDSE] Running TDSE-SH-elliptical. step 17000, energy = -0.45735386024675545
  |->  par_lens = 29, 27, 26
[TDSE] Running TDSE-SH-elliptical. step 17200, energy = -0.45062428663063786
  |->  par_lens = 32, 31, 30
[TDSE] Running TDSE-SH-elliptical. step 17400, energy = -0.45474280630649294
  |->  par_lens = 34, 35, 35
[TDSE] Running TDSE-SH-elliptical. step 17600, energy = -0.46323342716582977
  |->  par_lens = 39, 36, 36
[TDSE] Running TDSE-SH-elliptical. step 17800, energy = -0.4641045942793399
  |->  par_lens = 39, 39, 37
[TDSE] Running TDSE-SH-elliptical. step 18000, energy = -0.45371622340619616
  |->  par_lens = 40, 39, 40
[TDSE] Running TDSE-SH-elliptical. step 18200, energy = -0.4415783900706956
  |->  par_lens = 41, 38, 40
[TDSE] Running TDSE-SH-elliptical. step 18400, energy = -0.43929276356594266
  |->  par_lens = 45, 42, 40
[TDSE] Running TDSE-SH-elliptical. step 18600, energy = -0.4452854274760916
  |->  par_lens = 47, 45, 47
[TDSE] Running TDSE-SH-elliptical. step 18800, energy = -0.44458339155883125
  |->  par_lens = 49, 48, 49
[TDSE] Running TDSE-SH-elliptical. step 19000, energy = -0.4259695608192911
  |->  par_lens = 49, 49, 51
[TDSE] Running TDSE-SH-elliptical. step 19200, energy = -0.39853938401091243
  |->  par_lens = 54, 52, 54
[TDSE] Running TDSE-SH-elliptical. step 19400, energy = -0.3845928494286568
  |->  par_lens = 60, 59, 60
[TDSE] Running TDSE-SH-elliptical. step 19600, energy = -0.3948709464986675
  |->  par_lens = 71, 70, 72
[TDSE] Running TDSE-SH-elliptical. step 19800, energy = -0.41525358924244077
  |->  par_lens = 79, 80, 79
[TDSE] Running TDSE-SH-elliptical. step 20000, energy = -0.4198541893726296
  |->  par_lens = 82, 80, 79
[TDSE] Running TDSE-SH-elliptical. step 20200, energy = -0.4005786491079745
  |->  par_lens = 80, 81, 82
[TDSE] Running TDSE-SH-elliptical. step 20400, energy = -0.3778614945600203
  |->  par_lens = 82, 83, 77
[TDSE] Running TDSE-SH-elliptical. step 20600, energy = -0.375259140293696
  |->  par_lens = 84, 84, 83
[TDSE] Running TDSE-SH-elliptical. step 20800, energy = -0.39018791033376665
  |->  par_lens = 89, 92, 92
[TDSE] Running TDSE-SH-elliptical. step 21000, energy = -0.39495511287944124
  |->  par_lens = 97, 98, 95
[TDSE] Running TDSE-SH-elliptical. step 21200, energy = -0.3672875595310444
  |->  par_lens = 93, 96, 95
[TDSE] Running TDSE-SH-elliptical. step 21400, energy = -0.3226012840761733
  |->  par_lens = 101, 98, 101
[TDSE] Running TDSE-SH-elliptical. step 21600, energy = -0.3007342211888316
  |->  par_lens = 108, 109, 108
[TDSE] Running TDSE-SH-elliptical. step 21800, energy = -0.3192666366307318
  |->  par_lens = 125, 124, 120
[TDSE] Running TDSE-SH-elliptical. step 22000, energy = -0.3553768185677277
  |->  par_lens = 139, 140, 135
[TDSE] Running TDSE-SH-elliptical. step 22200, energy = -0.3671708348810743
  |->  par_lens = 144, 144, 144
[TDSE] Running TDSE-SH-elliptical. step 22400, energy = -0.3400349735486534
  |->  par_lens = 146, 141, 142
[TDSE] Running TDSE-SH-elliptical. step 22600, energy = -0.30691338558908976
  |->  par_lens = 138, 142, 139
[TDSE] Running TDSE-SH-elliptical. step 22800, energy = -0.305439843072593
  |->  par_lens = 142, 139, 140
[TDSE] Running TDSE-SH-elliptical. step 23000, energy = -0.3308815060911921
  |->  par_lens = 148, 148, 149
[TDSE] Running TDSE-SH-elliptical. step 23200, energy = -0.34366004985497206
  |->  par_lens = 149, 149, 154
[TDSE] Running TDSE-SH-elliptical. step 23400, energy = -0.3102251219824835
  |->  par_lens = 154, 153, 150
[TDSE] Running TDSE-SH-elliptical. step 23600, energy = -0.25070758956861744
  |->  par_lens = 161, 152, 157
[TDSE] Running TDSE-SH-elliptical. step 23800, energy = -0.22255132632864408
  |->  par_lens = 165, 165, 169
[TDSE] Running TDSE-SH-elliptical. step 24000, energy = -0.24974644289173598
  |->  par_lens = 187, 186, 188
[TDSE] Running TDSE-SH-elliptical. step 24200, energy = -0.30074111497878137
  |->  par_lens = 207, 208, 209
[TDSE] Running TDSE-SH-elliptical. step 24400, energy = -0.3218038841448606
  |->  par_lens = 210, 208, 215
[TDSE] Running TDSE-SH-elliptical. step 24600, energy = -0.29160786198674626
  |->  par_lens = 211, 212, 211
[TDSE] Running TDSE-SH-elliptical. step 24800, energy = -0.2520732316865867
  |->  par_lens = 202, 202, 200
[TDSE] Running TDSE-SH-elliptical. step 25000, energy = -0.25268303050662944
  |->  par_lens = 200, 195, 201
[TDSE] Running TDSE-SH-elliptical. step 25200, energy = -0.28678547822732176
  |->  par_lens = 206, 205, 201
[TDSE] Running TDSE-SH-elliptical. step 25400, energy = -0.3072286956994199
  |->  par_lens = 217, 213, 208
[TDSE] Running TDSE-SH-elliptical. step 25600, energy = -0.2737756041996404
  |->  par_lens = 219, 217, 218
[TDSE] Running TDSE-SH-elliptical. step 25800, energy = -0.20778827508425357
  |->  par_lens = 220, 217, 224
[TDSE] Running TDSE-SH-elliptical. step 26000, energy = -0.1769044424493268
  |->  par_lens = 233, 234, 230
[TDSE] Running TDSE-SH-elliptical. step 26200, energy = -0.209530910260008
  |->  par_lens = 248, 245, 246
[TDSE] Running TDSE-SH-elliptical. step 26400, energy = -0.2697164505756956
  |->  par_lens = 262, 262, 259
[TDSE] Running TDSE-SH-elliptical. step 26600, energy = -0.2994971209053592
  |->  par_lens = 267, 267, 268
[TDSE] Running TDSE-SH-elliptical. step 26800, energy = -0.2735981611910881
  |->  par_lens = 264, 264, 269
[TDSE] Running TDSE-SH-elliptical. step 27000, energy = -0.2351702060333034
  |->  par_lens = 256, 254, 252
[TDSE] Running TDSE-SH-elliptical. step 27200, energy = -0.23743631333742435
  |->  par_lens = 246, 241, 245
[TDSE] Running TDSE-SH-elliptical. step 27400, energy = -0.27442430247418925
  |->  par_lens = 243, 244, 241
[TDSE] Running TDSE-SH-elliptical. step 27600, energy = -0.29939195022264087
  |->  par_lens = 246, 246, 246
[TDSE] Running TDSE-SH-elliptical. step 27800, energy = -0.27183672910157924
  |->  par_lens = 245, 247, 248
[TDSE] Running TDSE-SH-elliptical. step 28000, energy = -0.21100126113369377
  |->  par_lens = 256, 253, 251
[TDSE] Running TDSE-SH-elliptical. step 28200, energy = -0.1823999272689861
  |->  par_lens = 266, 270, 270
[TDSE] Running TDSE-SH-elliptical. step 28400, energy = -0.21444906503863306
  |->  par_lens = 287, 283, 288
[TDSE] Running TDSE-SH-elliptical. step 28600, energy = -0.27488058888075045
  |->  par_lens = 301, 300, 300
[TDSE] Running TDSE-SH-elliptical. step 28800, energy = -0.31002074387701173
  |->  par_lens = 302, 307, 308
[TDSE] Running TDSE-SH-elliptical. step 29000, energy = -0.2943960962970306
  |->  par_lens = 300, 307, 304
[TDSE] Running TDSE-SH-elliptical. step 29200, energy = -0.2646421207233264
  |->  par_lens = 298, 293, 296
[TDSE] Running TDSE-SH-elliptical. step 29400, energy = -0.26748806056132796
  |->  par_lens = 279, 279, 280
[TDSE] Running TDSE-SH-elliptical. step 29600, energy = -0.3002474007762147
  |->  par_lens = 277, 278, 277
[TDSE] Running TDSE-SH-elliptical. step 29800, energy = -0.32480531142846786
  |->  par_lens = 275, 272, 277
[TDSE] Running TDSE-SH-elliptical. step 30000, energy = -0.3061225689321899
  |->  par_lens = 274, 274, 275
[TDSE] Running TDSE-SH-elliptical. step 30200, energy = -0.25921954252028484
  |->  par_lens = 276, 280, 281
[TDSE] Running TDSE-SH-elliptical. step 30400, energy = -0.23666766695222688
  |->  par_lens = 289, 301, 293
[TDSE] Running TDSE-SH-elliptical. step 30600, energy = -0.2625055116758112
  |->  par_lens = 306, 319, 312
[TDSE] Running TDSE-SH-elliptical. step 30800, energy = -0.31457550913097737
  |->  par_lens = 321, 321, 319
[TDSE] Running TDSE-SH-elliptical. step 31000, energy = -0.34937572605401
  |->  par_lens = 328, 330, 328
[TDSE] Running TDSE-SH-elliptical. step 31200, energy = -0.3449613562504372
  |->  par_lens = 325, 324, 327
[TDSE] Running TDSE-SH-elliptical. step 31400, energy = -0.3271659501543607
  |->  par_lens = 319, 318, 317
[TDSE] Running TDSE-SH-elliptical. step 31600, energy = -0.3294115053302292
  |->  par_lens = 311, 309, 311
[TDSE] Running TDSE-SH-elliptical. step 31800, energy = -0.35323611394615123
  |->  par_lens = 300, 294, 287
[TDSE] Running TDSE-SH-elliptical. step 32000, energy = -0.37244748132712974
  |->  par_lens = 293, 290, 291
[TDSE] Running TDSE-SH-elliptical. step 32200, energy = -0.36156783153329314
  |->  par_lens = 295, 295, 286
[TDSE] Running TDSE-SH-elliptical. step 32400, energy = -0.3310676998539752
  |->  par_lens = 299, 296, 302
[TDSE] Running TDSE-SH-elliptical. step 32600, energy = -0.3156246889837057
  |->  par_lens = 319, 316, 319
[TDSE] Running TDSE-SH-elliptical. step 32800, energy = -0.33322291640539314
  |->  par_lens = 332, 333, 329
[TDSE] Running TDSE-SH-elliptical. step 33000, energy = -0.3711017196653971
  |->  par_lens = 341, 341, 342
[TDSE] Running TDSE-SH-elliptical. step 33200, energy = -0.3990893266674382
  |->  par_lens = 346, 342, 343
[TDSE] Running TDSE-SH-elliptical. step 33400, energy = -0.4023988345099961
  |->  par_lens = 343, 343, 341
[TDSE] Running TDSE-SH-elliptical. step 33600, energy = -0.39499909746856304
  |->  par_lens = 340, 341, 343
[TDSE] Running TDSE-SH-elliptical. step 33800, energy = -0.3969207366689471
  |->  par_lens = 327, 332, 336
[TDSE] Running TDSE-SH-elliptical. step 34000, energy = -0.41075281128130087
  |->  par_lens = 322, 318, 326
[TDSE] Running TDSE-SH-elliptical. step 34200, energy = -0.42153041939236335
  |->  par_lens = 306, 315, 322
[TDSE] Running TDSE-SH-elliptical. step 34400, energy = -0.4155541424084145
  |->  par_lens = 307, 319, 324
[TDSE] Running TDSE-SH-elliptical. step 34600, energy = -0.39901700000791157
  |->  par_lens = 316, 326, 324
[TDSE] Running TDSE-SH-elliptical. step 34800, energy = -0.3905484867583863
  |->  par_lens = 330, 334, 330
[TDSE] Running TDSE-SH-elliptical. step 35000, energy = -0.400726915015929
  |->  par_lens = 340, 340, 342
[TDSE] Running TDSE-SH-elliptical. step 35200, energy = -0.4226602215409103
  |->  par_lens = 346, 348, 347
[TDSE] Running TDSE-SH-elliptical. step 35400, energy = -0.4406078333903153
  |->  par_lens = 349, 352, 350
[TDSE] Running TDSE-SH-elliptical. step 35600, energy = -0.44651042557235976
  |->  par_lens = 349, 352, 349
[TDSE] Running TDSE-SH-elliptical. step 35800, energy = -0.4459437873084449
  |->  par_lens = 344, 349, 347
[TDSE] Running TDSE-SH-elliptical. step 36000, energy = -0.4475857283046475
  |->  par_lens = 339, 342, 342
[TDSE] Running TDSE-SH-elliptical. step 36200, energy = -0.45317696737531554
  |->  par_lens = 339, 339, 336
[TDSE] Running TDSE-SH-elliptical. step 36400, energy = -0.45661426223189544
  |->  par_lens = 331, 331, 333
[TDSE] Running TDSE-SH-elliptical. step 36600, energy = -0.45330573279517783
  |->  par_lens = 326, 336, 332
[TDSE] Running TDSE-SH-elliptical. step 36800, energy = -0.4461198628864509
  |->  par_lens = 329, 336, 329
[TDSE] Running TDSE-SH-elliptical. step 37000, energy = -0.44277778254818245
  |->  par_lens = 336, 338, 335
[TDSE] Running TDSE-SH-elliptical. step 37200, energy = -0.4471705048906381
  |->  par_lens = 338, 343, 343
[TDSE] Running TDSE-SH-elliptical. step 37400, energy = -0.45674318958566734
  |->  par_lens = 345, 348, 348
[TDSE] Running TDSE-SH-elliptical. step 37600, energy = -0.4654620088043534
  |->  par_lens = 346, 351, 348
[TDSE] Running TDSE-SH-elliptical. step 37800, energy = -0.4700759524315726
  |->  par_lens = 348, 350, 350
[TDSE] Running TDSE-SH-elliptical. step 38000, energy = -0.4717269973211611
  |->  par_lens = 346, 347, 347
[TDSE] Running TDSE-SH-elliptical. step 38200, energy = -0.4727631535813304
  |->  par_lens = 341, 344, 342
[TDSE] Running TDSE-SH-elliptical. step 38400, energy = -0.4737838197539975
  |->  par_lens = 333, 335, 340
[TDSE] Running TDSE-SH-elliptical. step 38600, energy = -0.4737169466135367
  |->  par_lens = 328, 328, 336
[TDSE] Running TDSE-SH-elliptical. step 38800, energy = -0.4718722012413341
  |->  par_lens = 324, 328, 330
[TDSE] Running TDSE-SH-elliptical. step 39000, energy = -0.46952407013402275
  |->  par_lens = 326, 329, 329
[TDSE] Running TDSE-SH-elliptical. step 39200, energy = -0.4685681994798843
  |->  par_lens = 328, 329, 332
[TDSE] Running TDSE-SH-elliptical. step 39400, energy = -0.46980153852722917
  |->  par_lens = 331, 332, 338
[TDSE] Running TDSE-SH-elliptical. step 39600, energy = -0.4725439282222485
  |->  par_lens = 335, 338, 341
[TDSE] Running TDSE-SH-elliptical. step 39800, energy = -0.47527297160305576
  |->  par_lens = 333, 337, 339
[TDSE] Running TDSE-SH-elliptical. step 40000, energy = -0.4772145384329021
  |->  par_lens = 333, 336, 338
[TDSE] Running TDSE-SH-elliptical. step 40200, energy = -0.4782170940498049
  |->  par_lens = 332, 336, 337
[TDSE] Running TDSE-SH-elliptical. step 40400, energy = -0.47856554332680806
  |->  par_lens = 332, 336, 337
[TDSE] Running TDSE-SH-elliptical. step 40600, energy = -0.4784451987431008
  |->  par_lens = 332, 335, 337
[TDSE] Running TDSE-SH-elliptical. step 40800, energy = -0.47798766655479796
  |->  par_lens = 332, 336, 337
[TDSE] Running TDSE-SH-elliptical. step 41000, energy = -0.47738718246602707
  |->  par_lens = 332, 336, 337
[TDSE] Running TDSE-SH-elliptical. step 41200, energy = -0.476958237460012
  |->  par_lens = 333, 336, 337
[TDSE] Running TDSE-SH-elliptical. step 41400, energy = -0.47681394050949966
  |->  par_lens = 332, 337, 338
[TDSE] Running TDSE-SH-elliptical. step 41600, energy = -0.4770031021462684
  |->  par_lens = 334, 336, 338
[TDSE] Running TDSE-SH-elliptical. step 41800, energy = -0.4773208312278417
  |->  par_lens = 335, 339, 338
[TDSE] Running TDSE-SH-elliptical. step 42000, energy = -0.47766234312488454
  |->  par_lens = 338, 339, 338
[TDSE] Running TDSE-SH-elliptical. step 42200, energy = -0.4779069644011913
  |->  par_lens = 338, 340, 338
[TDSE] Running TDSE-SH-elliptical. step 42400, energy = -0.4780564340860584
  |->  par_lens = 339, 340, 338
[TDSE] Running TDSE-SH-elliptical. step 42600, energy = -0.47813004456868613
  |->  par_lens = 339, 341, 338
[TDSE] Running TDSE-SH-elliptical. step 42800, energy = -0.4782032604751013
  |->  par_lens = 339, 343, 338
[TDSE] Running TDSE-SH-elliptical. step 43000, energy = -0.4782914949025591
  |->  par_lens = 340, 343, 338
[TDSE] Running TDSE-SH-elliptical. step 43200, energy = -0.47838737572052137
  |->  par_lens = 342, 343, 338
[TDSE] Running TDSE-SH-elliptical. step 43400, energy = -0.47848700800476107
  |->  par_lens = 342, 343, 339
[TDSE] Running TDSE-SH-elliptical. step 43600, energy = -0.47858804037137137
  |->  par_lens = 343, 344, 342
[TDSE] Running TDSE-SH-elliptical. step 43800, energy = -0.4787053588795306
  |->  par_lens = 345, 345, 343
[TDSE] Running TDSE-SH-elliptical. step 44000, energy = -0.4788202865104851
  |->  par_lens = 347, 346, 343
[TDSE] Running TDSE-SH-elliptical. step 44200, energy = -0.478951860227028
  |->  par_lens = 350, 346, 344
[TDSE] Running TDSE-SH-elliptical. step 44400, energy = -0.4790658763933709
  |->  par_lens = 353, 347, 346
[TDSE] Running TDSE-SH-elliptical. step 44600, energy = -0.4791954403894412
  |->  par_lens = 355, 348, 348
[TDSE] Running TDSE-SH-elliptical. step 44800, energy = -0.479315982589878
  |->  par_lens = 355, 349, 350
[TDSE] Running TDSE-SH-elliptical. step 45000, energy = -0.4794839590834481
  |->  par_lens = 355, 351, 351
[TDSE] Running TDSE-SH-elliptical. step 45200, energy = -0.4796439027894216
  |->  par_lens = 356, 352, 352
[TDSE] Running TDSE-SH-elliptical. step 45400, energy = -0.4798090147539834
  |->  par_lens = 357, 352, 353
[TDSE] Running TDSE-SH-elliptical. step 45600, energy = -0.479922112718058
  |->  par_lens = 357, 353, 356
[TDSE] Running TDSE-SH-elliptical. step 45800, energy = -0.4800548285183585
  |->  par_lens = 358, 353, 356
[TDSE] Running TDSE-SH-elliptical. step 46000, energy = -0.48018202972410695
  |->  par_lens = 359, 356, 358
[TDSE] Running TDSE-SH-elliptical. step 46200, energy = -0.4803580084659982
  |->  par_lens = 360, 358, 358
[TDSE] Running TDSE-SH-elliptical. step 46400, energy = -0.4805221060599259
  |->  par_lens = 360, 360, 359
[TDSE] Running TDSE-SH-elliptical. step 46600, energy = -0.48070474269937136
  |->  par_lens = 360, 361, 361
[TDSE] Running TDSE-SH-elliptical. step 46800, energy = -0.4808665274762483
  |->  par_lens = 360, 362, 361
[TDSE] Running TDSE-SH-elliptical. step 47000, energy = -0.4810363917531079
  |->  par_lens = 360, 363, 362
[TDSE] Running TDSE-SH-elliptical. step 47200, energy = -0.4811739088563672
  |->  par_lens = 361, 365, 362
[TDSE] Running TDSE-SH-elliptical. step 47400, energy = -0.4813170218801267
  |->  par_lens = 361, 366, 363
[TDSE] Running TDSE-SH-elliptical. step 47600, energy = -0.48145405082201564
  |->  par_lens = 363, 366, 363
[TDSE] Running TDSE-SH-elliptical. step 47800, energy = -0.481603163681228
  |->  par_lens = 363, 367, 363
[TDSE] Running TDSE-SH-elliptical. step 48000, energy = -0.48175955907841994
  |->  par_lens = 365, 366, 363
[TDSE] Running TDSE-SH-elliptical. step 48200, energy = -0.4819253871811313
  |->  par_lens = 366, 366, 364
[TDSE] Running TDSE-SH-elliptical. step 48400, energy = -0.48209593110423155
  |->  par_lens = 366, 366, 365
[TDSE] Running TDSE-SH-elliptical. step 48600, energy = -0.48225063778527194
  |->  par_lens = 366, 367, 365
[TDSE] Running TDSE-SH-elliptical. step 48800, energy = -0.4823907103324614
  |->  par_lens = 366, 368, 366
[TDSE] Running TDSE-SH-elliptical. step 49000, energy = -0.48249892108900955
  |->  par_lens = 369, 368, 366
[TDSE] Running TDSE-SH-elliptical. step 49200, energy = -0.4826203749861568
  |->  par_lens = 370, 368, 367
[TDSE] Running TDSE-SH-elliptical. step 49400, energy = -0.4827332834295297
  |->  par_lens = 373, 368, 368
[TDSE] Running TDSE-SH-elliptical. step 49600, energy = -0.48287372908251847
  |->  par_lens = 375, 369, 369
[TDSE] Running TDSE-SH-elliptical. step 49800, energy = -0.48299786320296784
  |->  par_lens = 375, 371, 369
[TDSE] Running TDSE-SH-elliptical. step 50000, energy = -0.48314723041393237
  |->  par_lens = 375, 371, 370
[TDSE] Running TDSE-SH-elliptical. step 50200, energy = -0.4832769677245772
  |->  par_lens = 375, 373, 372
[TDSE] Running TDSE-SH-elliptical. step 50400, energy = -0.48343016112661225
  |->  par_lens = 375, 373, 372
[TDSE] Running TDSE-SH-elliptical. step 50600, energy = -0.48354787884013767
  |->  par_lens = 376, 373, 372
[TDSE] Running TDSE-SH-elliptical. step 50800, energy = -0.4836757718414334
  |->  par_lens = 376, 373, 373
[TDSE] Running TDSE-SH-elliptical. step 51000, energy = -0.48376173425763985
  |->  par_lens = 377, 373, 373
[TDSE] Running TDSE-SH-elliptical. step 51200, energy = -0.48385517895741526
  |->  par_lens = 378, 373, 377
[TDSE] Running TDSE-SH-elliptical. step 51400, energy = -0.483921780988249
  |->  par_lens = 380, 374, 377
[TDSE] Running TDSE-SH-elliptical. step 51600, energy = -0.484010288575235
  |->  par_lens = 380, 376, 378
[TDSE] Running TDSE-SH-elliptical. step 51800, energy = -0.4840784180514942
  |->  par_lens = 380, 377, 379
[TDSE] Running TDSE-SH-elliptical. step 52000, energy = -0.4841600847490891
  |->  par_lens = 380, 378, 379
[TDSE] Running TDSE-SH-elliptical. step 52200, energy = -0.4842256331849135
  |->  par_lens = 380, 380, 381
[TDSE] Running TDSE-SH-elliptical. step 52400, energy = -0.48430634195402783
  |->  par_lens = 382, 383, 382
[TDSE] Running TDSE-SH-elliptical. step 52600, energy = -0.48439271638814946
  |->  par_lens = 383, 384, 382
[TDSE] Running TDSE-SH-elliptical. step 52800, energy = -0.4844997485769545
  |->  par_lens = 383, 384, 382
[TDSE] Running TDSE-SH-elliptical. step 53000, energy = -0.48461623730729814
  |->  par_lens = 384, 385, 383
[TDSE] Running TDSE-SH-elliptical. step 53200, energy = -0.4847316108725193
  |->  par_lens = 384, 385, 384
[TDSE] Running TDSE-SH-elliptical. step 53400, energy = -0.4848319100746315
  |->  par_lens = 384, 387, 384
[TDSE] Running TDSE-SH-elliptical. step 53600, energy = -0.48489313778877235
  |->  par_lens = 385, 390, 385
[TDSE] Running TDSE-SH-elliptical. step 53800, energy = -0.48493856316557965
  |->  par_lens = 385, 390, 385
[TDSE] Running TDSE-SH-elliptical. step 54000, energy = -0.4849531375361
  |->  par_lens = 386, 390, 385
[TDSE] Running TDSE-SH-elliptical. step 54200, energy = -0.4849786021240923
  |->  par_lens = 386, 390, 388
[TDSE] Running TDSE-SH-elliptical. step 54400, energy = -0.4849849132748299
  |->  par_lens = 386, 390, 387
[TDSE] Running TDSE-SH-elliptical. step 54600, energy = -0.48501064850030723
  |->  par_lens = 386, 391, 387
[TDSE] Running TDSE-SH-elliptical. step 54800, energy = -0.485015481123381
  |->  par_lens = 388, 391, 388
[TDSE] Running TDSE-SH-elliptical. step 55000, energy = -0.48505314257302073
  |->  par_lens = 389, 391, 390
[TDSE] Running TDSE-SH-elliptical. step 55200, energy = -0.4850771054500145
  |->  par_lens = 390, 391, 391
[TDSE] Running TDSE-SH-elliptical. step 55400, energy = -0.48514424345830054
  |->  par_lens = 392, 391, 393
[TDSE] Running TDSE-SH-elliptical. step 55600, energy = -0.4852008354667855
  |->  par_lens = 392, 391, 393
[TDSE] Running TDSE-SH-elliptical. step 55800, energy = -0.48528992809288235
  |->  par_lens = 392, 391, 393
[TDSE] Running TDSE-SH-elliptical. step 56000, energy = -0.48535227783509155
  |->  par_lens = 393, 391, 393
[TDSE] Running TDSE-SH-elliptical. step 56200, energy = -0.4854304384399289
  |->  par_lens = 395, 391, 395
[TDSE] Running TDSE-SH-elliptical. step 56400, energy = -0.4854711098586862
  |->  par_lens = 396, 392, 397
[TDSE] Running TDSE-SH-elliptical. step 56600, energy = -0.48551915561630987
  |->  par_lens = 396, 392, 399
[TDSE] Running TDSE-SH-elliptical. step 56800, energy = -0.4855342183329151
  |->  par_lens = 397, 393, 399
[TDSE] Running TDSE-SH-elliptical. step 57000, energy = -0.4855534431479357
  |->  par_lens = 397, 394, 399
[TDSE] Running TDSE-SH-elliptical. step 57200, energy = -0.4855531373041291
  |->  par_lens = 397, 397, 399
[TDSE] Running TDSE-SH-elliptical. step 57400, energy = -0.4855585276991504
  |->  par_lens = 398, 397, 400
[TDSE] Running TDSE-SH-elliptical. step 57600, energy = -0.4855537719323978
  |->  par_lens = 398, 397, 401
[TDSE] Running TDSE-SH-elliptical. step 57800, energy = -0.4855546709435435
  |->  par_lens = 398, 397, 401
[TDSE] Running TDSE-SH-elliptical. step 58000, energy = -0.48555650957005037
  |->  par_lens = 399, 399, 403
[TDSE] Running TDSE-SH-elliptical. step 58200, energy = -0.4855552372638908
  |->  par_lens = 399, 399, 405
[TDSE] Running TDSE-SH-elliptical. step 58400, energy = -0.4855622890151401
  |->  par_lens = 400, 399, 405
[TDSE] Running TDSE-SH-elliptical. step 58600, energy = -0.4855569970099736
  |->  par_lens = 402, 400, 405
[TDSE] Running TDSE-SH-elliptical. step 58800, energy = -0.48556284564092084
  |->  par_lens = 403, 402, 405
[TDSE] Running TDSE-SH-elliptical. step 59000, energy = -0.4855522353356994
  |->  par_lens = 403, 403, 406
[TDSE] Running TDSE-SH-elliptical. step 59200, energy = -0.48556140379248597
  |->  par_lens = 404, 405, 406
  Activating project at `~/JuliaProp_v0.1`
[TDSE] Running TDSE-SH-elliptical. step 59400, energy = -0.48555206378056676
  |->  par_lens = 404, 405, 406
[TDSE] Running TDSE-SH-elliptical. step 59600, energy = -0.4855732940834771
  |->  par_lens = 405, 406, 407
[TDSE] Running TDSE-SH-elliptical. step 59800, energy = -0.4855724728843858
  |->  par_lens = 408, 407, 408
[TDSE] Running TDSE-SH-elliptical. step 60000, energy = -0.4856036931549121
  |->  par_lens = 410, 408, 409
[TDSE] Running TDSE-SH-elliptical. step 60200, energy = -0.4856098606269539
  |->  par_lens = 410, 410, 409
[TDSE] Running TDSE-SH-elliptical. step 60400, energy = -0.4856437835751508
  |->  par_lens = 410, 410, 410
[TDSE] Running TDSE-SH-elliptical. step 60600, energy = -0.4856479233236666
  |->  par_lens = 411, 411, 410
[TDSE] Running TDSE-SH-elliptical. step 60800, energy = -0.4856780744878117
  |->  par_lens = 412, 412, 412
[TDSE] Running TDSE-SH-elliptical. step 61000, energy = -0.4856753805386172
  |->  par_lens = 413, 413, 413
[TDSE] Running TDSE-SH-elliptical. step 61200, energy = -0.48569619728074914
  |->  par_lens = 414, 414, 413
[TDSE] Running TDSE-SH-elliptical. step 61400, energy = -0.48569015087526074
  |->  par_lens = 417, 415, 413
[TDSE] Running TDSE-SH-elliptical. step 61600, energy = -0.48570189257727014
  |->  par_lens = 417, 415, 413
[TDSE] Running TDSE-SH-elliptical. step 61800, energy = -0.485693780084533
  |->  par_lens = 417, 417, 415
[TDSE] Running TDSE-SH-elliptical. step 62000, energy = -0.4857012062513752
  |->  par_lens = 418, 417, 417
[TDSE] Running TDSE-SH-elliptical. step 62200, energy = -0.4856930480631095
  |->  par_lens = 419, 418, 417
[TDSE] Running TDSE-SH-elliptical. step 62400, energy = -0.4856942472367212
  |->  par_lens = 419, 418, 418
[TDSE] Running TDSE-SH-elliptical. step 62600, energy = -0.4856883557917713
  |->  par_lens = 419, 418, 421
[TDSE] Running TDSE-SH-elliptical. step 62800, energy = -0.4856828386087511
  |->  par_lens = 422, 421, 423
[TDSE] Running TDSE-SH-elliptical. step 63000, energy = -0.48567920999947434
  |->  par_lens = 423, 421, 423
[TDSE] Running TDSE-SH-elliptical. step 63200, energy = -0.4856679981602933
  |->  par_lens = 423, 421, 425
[TDSE] Running TDSE-SH-elliptical. step 63400, energy = -0.4856655051670029
  |->  par_lens = 423, 424, 425
[TDSE] Running TDSE-SH-elliptical. step 63600, energy = -0.48565141755172053
  |->  par_lens = 425, 424, 426
[TDSE] Running TDSE-SH-elliptical. step 63800, energy = -0.4856522722620954
  |->  par_lens = 425, 426, 427
[TDSE] Running TDSE-SH-elliptical. step 64000, energy = -0.4856328413003915
  |->  par_lens = 425, 427, 428
[TDSE] Running TDSE-SH-elliptical. step 64200, energy = -0.4856384474026579
  |->  par_lens = 427, 429, 428
[TDSE] Running TDSE-SH-elliptical. step 64400, energy = -0.4856176949479841
  |->  par_lens = 428, 429, 428
[TDSE] Running TDSE-SH-elliptical. step 64600, energy = -0.485624034349923
  |->  par_lens = 429, 430, 428
