  Activating project at `~/JuliaProp_v0.1`
[ITP]: 10000.500040081823
[ITP]: 3.4096981904596646e-9
Energy of ground state: -0.5000400852322796
[TDSE] Start TDSE-SH for elliptical polarized laser. It may cost a plenty of time.
[TDSE] Running TDSE-SH-elliptical. step 0, energy = -0.5000400852322784
  |->  par_lens = 2, 2, 2
[TDSE] Running TDSE-SH-elliptical. step 200, energy = -0.5000400852321392
  |->  par_lens = 2, 2, 2
[TDSE] Running TDSE-SH-elliptical. step 400, energy = -0.5000400852318668
  |->  par_lens = 2, 2, 2
[TDSE] Running TDSE-SH-elliptical. step 600, energy = -0.5000400852303222
  |->  par_lens = 2, 2, 2
[TDSE] Running TDSE-SH-elliptical. step 800, energy = -0.500040085222945
  |->  par_lens = 2, 2, 2
[TDSE] Running TDSE-SH-elliptical. step 1000, energy = -0.5000400851981179
  |->  par_lens = 2, 2, 2
[TDSE] Running TDSE-SH-elliptical. step 1200, energy = -0.5000400851318476
  |->  par_lens = 2, 2, 2
[TDSE] Running TDSE-SH-elliptical. step 1400, energy = -0.500040084981258
  |->  par_lens = 2, 2, 2
[TDSE] Running TDSE-SH-elliptical. step 1600, energy = -0.50004008467743
  |->  par_lens = 2, 2, 2
[TDSE] Running TDSE-SH-elliptical. step 1800, energy = -0.5000400841155233
  |->  par_lens = 2, 2, 2
[TDSE] Running TDSE-SH-elliptical. step 2000, energy = -0.5000400831481803
  |->  par_lens = 2, 2, 2
[TDSE] Running TDSE-SH-elliptical. step 2200, energy = -0.5000400815710848
  |->  par_lens = 2, 2, 2
[TDSE] Running TDSE-SH-elliptical. step 2400, energy = -0.5000400791185629
  |->  par_lens = 2, 2, 2
[TDSE] Running TDSE-SH-elliptical. step 2600, energy = -0.500040075448928
  |->  par_lens = 2, 2, 2
[TDSE] Running TDSE-SH-elliptical. step 2800, energy = -0.5000400701327247
  |->  par_lens = 2, 2, 2
[TDSE] Running TDSE-SH-elliptical. step 3000, energy = -0.500040062655317
  |->  par_lens = 2, 2, 2
[TDSE] Running TDSE-SH-elliptical. step 3200, energy = -0.500040052381881
  |->  par_lens = 2, 2, 2
[TDSE] Running TDSE-SH-elliptical. step 3400, energy = -0.5000400385945918
  |->  par_lens = 2, 2, 2
[TDSE] Running TDSE-SH-elliptical. step 3600, energy = -0.5000400204168407
  |->  par_lens = 2, 2, 2
[TDSE] Running TDSE-SH-elliptical. step 3800, energy = -0.500039996881466
  |->  par_lens = 2, 2, 2
[TDSE] Running TDSE-SH-elliptical. step 4000, energy = -0.5000399669186708
  |->  par_lens = 2, 2, 2
[TDSE] Running TDSE-SH-elliptical. step 4200, energy = -0.5000399292089288
  |->  par_lens = 2, 2, 2
[TDSE] Running TDSE-SH-elliptical. step 4400, energy = -0.5000398824868857
  |->  par_lens = 2, 2, 2
[TDSE] Running TDSE-SH-elliptical. step 4600, energy = -0.5000398252082322
  |->  par_lens = 2, 2, 2
[TDSE] Running TDSE-SH-elliptical. step 4800, energy = -0.5000397557761923
  |->  par_lens = 2, 2, 2
[TDSE] Running TDSE-SH-elliptical. step 5000, energy = -0.5000396724774833
  |->  par_lens = 2, 2, 2
[TDSE] Running TDSE-SH-elliptical. step 5200, energy = -0.5000395733532461
  |->  par_lens = 2, 2, 2
[TDSE] Running TDSE-SH-elliptical. step 5400, energy = -0.5000394568346275
  |->  par_lens = 2, 2, 2
[TDSE] Running TDSE-SH-elliptical. step 5600, energy = -0.5000393204216778
  |->  par_lens = 2, 2, 2
[TDSE] Running TDSE-SH-elliptical. step 5800, energy = -0.5000391622591954
  |->  par_lens = 2, 2, 2
[TDSE] Running TDSE-SH-elliptical. step 6000, energy = -0.5000389805375585
  |->  par_lens = 2, 2, 2
[TDSE] Running TDSE-SH-elliptical. step 6200, energy = -0.5000387724625474
  |->  par_lens = 2, 2, 2
[TDSE] Running TDSE-SH-elliptical. step 6400, energy = -0.5000385364766858
  |->  par_lens = 2, 2, 2
[TDSE] Running TDSE-SH-elliptical. step 6600, energy = -0.500038269823467
  |->  par_lens = 2, 2, 2
[TDSE] Running TDSE-SH-elliptical. step 6800, energy = -0.5000379711409996
  |->  par_lens = 2, 2, 2
[TDSE] Running TDSE-SH-elliptical. step 7000, energy = -0.5000376380222935
  |->  par_lens = 2, 2, 2
[TDSE] Running TDSE-SH-elliptical. step 7200, energy = -0.5000372675902583
  |->  par_lens = 2, 2, 2
[TDSE] Running TDSE-SH-elliptical. step 7400, energy = -0.5000368602094175
  |->  par_lens = 2, 2, 2
[TDSE] Running TDSE-SH-elliptical. step 7600, energy = -0.5000364118821105
  |->  par_lens = 2, 2, 2
[TDSE] Running TDSE-SH-elliptical. step 7800, energy = -0.5000359222376518
  |->  par_lens = 2, 2, 2
[TDSE] Running TDSE-SH-elliptical. step 8000, energy = -0.500035390236696
  |->  par_lens = 2, 2, 2
[TDSE] Running TDSE-SH-elliptical. step 8200, energy = -0.5000348131028708
  |->  par_lens = 2, 2, 2
[TDSE] Running TDSE-SH-elliptical. step 8400, energy = -0.5000341926542465
  |->  par_lens = 2, 2, 2
[TDSE] Running TDSE-SH-elliptical. step 8600, energy = -0.5000335249822975
  |->  par_lens = 2, 2, 2
[TDSE] Running TDSE-SH-elliptical. step 8800, energy = -0.5000328127619537
  |->  par_lens = 2, 2, 2
[TDSE] Running TDSE-SH-elliptical. step 9000, energy = -0.5000320541257521
  |->  par_lens = 2, 2, 2
[TDSE] Running TDSE-SH-elliptical. step 9200, energy = -0.5000312478796122
  |->  par_lens = 2, 2, 2
[TDSE] Running TDSE-SH-elliptical. step 9400, energy = -0.500030400647127
  |->  par_lens = 4, 2, 2
[TDSE] Running TDSE-SH-elliptical. step 9600, energy = -0.5000295048958968
  |->  par_lens = 4, 2, 2
[TDSE] Running TDSE-SH-elliptical. step 9800, energy = -0.5000285666634017
  |->  par_lens = 4, 3, 3
[TDSE] Running TDSE-SH-elliptical. step 10000, energy = -0.5000275885177604
  |->  par_lens = 4, 3, 3
[TDSE] Running TDSE-SH-elliptical. step 10200, energy = -0.5000263706970289
  |->  par_lens = 4, 3, 3
[TDSE] Running TDSE-SH-elliptical. step 10400, energy = -0.5000238363567507
  |->  par_lens = 4, 3, 3
[TDSE] Running TDSE-SH-elliptical. step 10600, energy = -0.5000215269675184
  |->  par_lens = 4, 3, 3
[TDSE] Running TDSE-SH-elliptical. step 10800, energy = -0.5000241074801922
  |->  par_lens = 4, 3, 3
[TDSE] Running TDSE-SH-elliptical. step 11000, energy = -0.5000327686387365
  |->  par_lens = 4, 3, 3
[TDSE] Running TDSE-SH-elliptical. step 11200, energy = -0.5000331990758045
  |->  par_lens = 4, 3, 3
[TDSE] Running TDSE-SH-elliptical. step 11400, energy = -0.5000050712178283
  |->  par_lens = 4, 3, 3
[TDSE] Running TDSE-SH-elliptical. step 11600, energy = -0.49995901075491606
  |->  par_lens = 4, 3, 3
[TDSE] Running TDSE-SH-elliptical. step 11800, energy = -0.4999372065033648
  |->  par_lens = 4, 3, 3
[TDSE] Running TDSE-SH-elliptical. step 12000, energy = -0.49991244878078755
  |->  par_lens = 4, 4, 3
[TDSE] Running TDSE-SH-elliptical. step 12200, energy = -0.4997024118200614
  |->  par_lens = 5, 5, 5
[TDSE] Running TDSE-SH-elliptical. step 12400, energy = -0.49912618315974705
  |->  par_lens = 5, 5, 6
[TDSE] Running TDSE-SH-elliptical. step 12600, energy = -0.4983654648598098
  |->  par_lens = 7, 7, 7
[TDSE] Running TDSE-SH-elliptical. step 12800, energy = -0.49802185176117214
  |->  par_lens = 7, 7, 7
[TDSE] Running TDSE-SH-elliptical. step 13000, energy = -0.49848876484293353
  |->  par_lens = 7, 7, 7
[TDSE] Running TDSE-SH-elliptical. step 13200, energy = -0.49918931325213584
  |->  par_lens = 7, 7, 7
[TDSE] Running TDSE-SH-elliptical. step 13400, energy = -0.4988651318329658
  |->  par_lens = 8, 7, 7
[TDSE] Running TDSE-SH-elliptical. step 13600, energy = -0.497089076340081
  |->  par_lens = 9, 8, 7
[TDSE] Running TDSE-SH-elliptical. step 13800, energy = -0.4952963912441152
  |->  par_lens = 9, 8, 9
[TDSE] Running TDSE-SH-elliptical. step 14000, energy = -0.49542673573369156
  |->  par_lens = 10, 9, 8
[TDSE] Running TDSE-SH-elliptical. step 14200, energy = -0.4971297802155624
  |->  par_lens = 9, 9, 8
[TDSE] Running TDSE-SH-elliptical. step 14400, energy = -0.4971094204902811
  |->  par_lens = 9, 10, 8
[TDSE] Running TDSE-SH-elliptical. step 14600, energy = -0.4926493497517243
  |->  par_lens = 10, 10, 10
[TDSE] Running TDSE-SH-elliptical. step 14800, energy = -0.48591256077559064
  |->  par_lens = 13, 12, 13
[TDSE] Running TDSE-SH-elliptical. step 15000, energy = -0.4830172706849562
  |->  par_lens = 14, 15, 14
[TDSE] Running TDSE-SH-elliptical. step 15200, energy = -0.4871709229416777
  |->  par_lens = 17, 17, 16
[TDSE] Running TDSE-SH-elliptical. step 15400, energy = -0.49335817963767237
  |->  par_lens = 17, 18, 17
[TDSE] Running TDSE-SH-elliptical. step 15600, energy = -0.4924881255708452
  |->  par_lens = 18, 18, 17
[TDSE] Running TDSE-SH-elliptical. step 15800, energy = -0.4823190897608049
  |->  par_lens = 18, 18, 17
[TDSE] Running TDSE-SH-elliptical. step 16000, energy = -0.47216763264397377
  |->  par_lens = 19, 18, 20
[TDSE] Running TDSE-SH-elliptical. step 16200, energy = -0.4732595989997814
  |->  par_lens = 21, 22, 19
[TDSE] Running TDSE-SH-elliptical. step 16400, energy = -0.4839236025783736
  |->  par_lens = 20, 22, 25
[TDSE] Running TDSE-SH-elliptical. step 16600, energy = -0.48836130627715135
  |->  par_lens = 21, 22, 26
[TDSE] Running TDSE-SH-elliptical. step 16800, energy = -0.4741566486485826
  |->  par_lens = 21, 23, 24
[TDSE] Running TDSE-SH-elliptical. step 17000, energy = -0.44986623446387414
  |->  par_lens = 25, 24, 26
[TDSE] Running TDSE-SH-elliptical. step 17200, energy = -0.43916627201472885
  |->  par_lens = 29, 31, 32
[TDSE] Running TDSE-SH-elliptical. step 17400, energy = -0.45389894608612025
  |->  par_lens = 39, 41, 36
[TDSE] Running TDSE-SH-elliptical. step 17600, energy = -0.4766525725205786
  |->  par_lens = 42, 44, 47
[TDSE] Running TDSE-SH-elliptical. step 17800, energy = -0.4771892851959865
  |->  par_lens = 46, 44, 48
[TDSE] Running TDSE-SH-elliptical. step 18000, energy = -0.4482892876933025
  |->  par_lens = 46, 45, 43
[TDSE] Running TDSE-SH-elliptical. step 18200, energy = -0.4185904266634564
  |->  par_lens = 43, 45, 39
[TDSE] Running TDSE-SH-elliptical. step 18400, energy = -0.42134099207269876
  |->  par_lens = 49, 52, 48
[TDSE] Running TDSE-SH-elliptical. step 18600, energy = -0.4528510309345087
  |->  par_lens = 62, 60, 57
[TDSE] Running TDSE-SH-elliptical. step 18800, energy = -0.4706968349820913
  |->  par_lens = 63, 65, 61
[TDSE] Running TDSE-SH-elliptical. step 19000, energy = -0.441680223711185
  |->  par_lens = 58, 65, 57
[TDSE] Running TDSE-SH-elliptical. step 19200, energy = -0.38593098279847105
  |->  par_lens = 56, 54, 51
[TDSE] Running TDSE-SH-elliptical. step 19400, energy = -0.36022602069269954
  |->  par_lens = 66, 66, 67
[TDSE] Running TDSE-SH-elliptical. step 19600, energy = -0.3930161260614155
  |->  par_lens = 86, 84, 85
[TDSE] Running TDSE-SH-elliptical. step 19800, energy = -0.4462670417124702
  |->  par_lens = 101, 97, 101
[TDSE] Running TDSE-SH-elliptical. step 20000, energy = -0.45329732299165765
  |->  par_lens = 105, 101, 103
[TDSE] Running TDSE-SH-elliptical. step 20200, energy = -0.39733720508460246
  |->  par_lens = 103, 95, 97
[TDSE] Running TDSE-SH-elliptical. step 20400, energy = -0.33753950163554947
  |->  par_lens = 87, 84, 81
[TDSE] Running TDSE-SH-elliptical. step 20600, energy = -0.3412725035266227
  |->  par_lens = 99, 100, 102
[TDSE] Running TDSE-SH-elliptical. step 20800, energy = -0.4042094203126214
  |->  par_lens = 128, 123, 123
[TDSE] Running TDSE-SH-elliptical. step 21000, energy = -0.44547083305348173
  |->  par_lens = 134, 134, 134
[TDSE] Running TDSE-SH-elliptical. step 21200, energy = -0.40131846469010296
  |->  par_lens = 131, 133, 132
[TDSE] Running TDSE-SH-elliptical. step 21400, energy = -0.30568500555888084
  |->  par_lens = 113, 112, 109
[TDSE] Running TDSE-SH-elliptical. step 21600, energy = -0.25984840762005673
  |->  par_lens = 115, 122, 113
[TDSE] Running TDSE-SH-elliptical. step 21800, energy = -0.31337082982124564
  |->  par_lens = 157, 156, 154
[TDSE] Running TDSE-SH-elliptical. step 22000, energy = -0.4064334789220451
  |->  par_lens = 187, 183, 188
[TDSE] Running TDSE-SH-elliptical. step 22200, energy = -0.4263491611986
  |->  par_lens = 197, 190, 193
[TDSE] Running TDSE-SH-elliptical. step 22400, energy = -0.34324421374047664
  |->  par_lens = 187, 190, 190
[TDSE] Running TDSE-SH-elliptical. step 22600, energy = -0.2502778402239945
  |->  par_lens = 154, 160, 164
[TDSE] Running TDSE-SH-elliptical. step 22800, energy = -0.2533415166010641
  |->  par_lens = 163, 172, 165
[TDSE] Running TDSE-SH-elliptical. step 23000, energy = -0.34909795913441166
  |->  par_lens = 211, 214, 210
[TDSE] Running TDSE-SH-elliptical. step 23200, energy = -0.4189266112030066
  |->  par_lens = 232, 228, 231
[TDSE] Running TDSE-SH-elliptical. step 23400, energy = -0.3655255333782258
  |->  par_lens = 226, 226, 228
[TDSE] Running TDSE-SH-elliptical. step 23600, energy = -0.233807665573038
  |->  par_lens = 208, 205, 202
[TDSE] Running TDSE-SH-elliptical. step 23800, energy = -0.16856708140118648
  |->  par_lens = 184, 195, 190
[TDSE] Running TDSE-SH-elliptical. step 24000, energy = -0.23794711166561117
  |->  par_lens = 237, 238, 234
[TDSE] Running TDSE-SH-elliptical. step 24200, energy = -0.36795977727971035
  |->  par_lens = 286, 280, 278
[TDSE] Running TDSE-SH-elliptical. step 24400, energy = -0.4049372207791637
  |->  par_lens = 291, 288, 289
[TDSE] Running TDSE-SH-elliptical. step 24600, energy = -0.3055066140049586
  |->  par_lens = 282, 277, 283
[TDSE] Running TDSE-SH-elliptical. step 24800, energy = -0.18775059109860934
  |->  par_lens = 249, 254, 249
[TDSE] Running TDSE-SH-elliptical. step 25000, energy = -0.18864496455060664
  |->  par_lens = 241, 247, 246
[TDSE] Running TDSE-SH-elliptical. step 25200, energy = -0.30583793570258533
  |->  par_lens = 289, 292, 291
[TDSE] Running TDSE-SH-elliptical. step 25400, energy = -0.39945904929884474
  |->  par_lens = 317, 323, 321
[TDSE] Running TDSE-SH-elliptical. step 25600, energy = -0.3469950716027339
  |->  par_lens = 316, 315, 316
[TDSE] Running TDSE-SH-elliptical. step 25800, energy = -0.19706323058993502
  |->  par_lens = 285, 289, 290
[TDSE] Running TDSE-SH-elliptical. step 26000, energy = -0.11968718486060392
  |->  par_lens = 278, 287, 280
[TDSE] Running TDSE-SH-elliptical. step 26200, energy = -0.1943167700968881
  |->  par_lens = 309, 312, 314
[TDSE] Running TDSE-SH-elliptical. step 26400, energy = -0.34401214308525424
  |->  par_lens = 349, 345, 350
[TDSE] Running TDSE-SH-elliptical. step 26600, energy = -0.3964357816221453
  |->  par_lens = 356, 357, 356
[TDSE] Running TDSE-SH-elliptical. step 26800, energy = -0.29911621924485743
  |->  par_lens = 348, 343, 347
[TDSE] Running TDSE-SH-elliptical. step 27000, energy = -0.1754942827718391
  |->  par_lens = 322, 323, 320
[TDSE] Running TDSE-SH-elliptical. step 27200, energy = -0.172737822439594
  |->  par_lens = 314, 316, 311
[TDSE] Running TDSE-SH-elliptical. step 27400, energy = -0.2921096578616683
  |->  par_lens = 346, 342, 344
[TDSE] Running TDSE-SH-elliptical. step 27600, energy = -0.3946853392878678
  |->  par_lens = 362, 365, 362
[TDSE] Running TDSE-SH-elliptical. step 27800, energy = -0.3528512282903908
  |->  par_lens = 360, 362, 362
[TDSE] Running TDSE-SH-elliptical. step 28000, energy = -0.21041584406123268
  |->  par_lens = 342, 340, 343
[TDSE] Running TDSE-SH-elliptical. step 28200, energy = -0.13242567042253314
  |->  par_lens = 345, 339, 348
[TDSE] Running TDSE-SH-elliptical. step 28400, energy = -0.20003798267195055
  |->  par_lens = 361, 366, 363
[TDSE] Running TDSE-SH-elliptical. step 28600, energy = -0.3444263310993582
  |->  par_lens = 384, 385, 389
[TDSE] Running TDSE-SH-elliptical. step 28800, energy = -0.40439988451611036
  |->  par_lens = 396, 389, 394
[TDSE] Running TDSE-SH-elliptical. step 29000, energy = -0.32702684899757806
  |->  par_lens = 384, 379, 386
[TDSE] Running TDSE-SH-elliptical. step 29200, energy = -0.21898250471707484
  |->  par_lens = 369, 376, 371
[TDSE] Running TDSE-SH-elliptical. step 29400, energy = -0.21265440582453812
  |->  par_lens = 352, 361, 356
[TDSE] Running TDSE-SH-elliptical. step 29600, energy = -0.31476253366333334
  |->  par_lens = 372, 370, 370
[TDSE] Running TDSE-SH-elliptical. step 29800, energy = -0.40710679881231543
  |->  par_lens = 383, 380, 380
[TDSE] Running TDSE-SH-elliptical. step 30000, energy = -0.38025574972528603
  |->  par_lens = 369, 381, 381
[TDSE] Running TDSE-SH-elliptical. step 30200, energy = -0.2673478872893391
  |->  par_lens = 366, 364, 364
[TDSE] Running TDSE-SH-elliptical. step 30400, energy = -0.20142286034498566
  |->  par_lens = 370, 367, 363
[TDSE] Running TDSE-SH-elliptical. step 30600, energy = -0.2529436549828687
  |->  par_lens = 390, 386, 388
[TDSE] Running TDSE-SH-elliptical. step 30800, energy = -0.3699631942326323
  |->  par_lens = 402, 402, 398
[TDSE] Running TDSE-SH-elliptical. step 31000, energy = -0.42556757369862813
  |->  par_lens = 410, 408, 411
[TDSE] Running TDSE-SH-elliptical. step 31200, energy = -0.37680621355134825
  |->  par_lens = 410, 409, 402
[TDSE] Running TDSE-SH-elliptical. step 31400, energy = -0.29950855516659125
  |->  par_lens = 391, 399, 391
[TDSE] Running TDSE-SH-elliptical. step 31600, energy = -0.29173478858000473
  |->  par_lens = 377, 371, 377
[TDSE] Running TDSE-SH-elliptical. step 31800, energy = -0.364339122085169
  |->  par_lens = 363, 377, 369
[TDSE] Running TDSE-SH-elliptical. step 32000, energy = -0.43173403499770635
  |->  par_lens = 375, 378, 373
[TDSE] Running TDSE-SH-elliptical. step 32200, energy = -0.41865569727647933
  |->  par_lens = 375, 379, 378
[TDSE] Running TDSE-SH-elliptical. step 32400, energy = -0.34488693593083886
  |->  par_lens = 366, 368, 381
[TDSE] Running TDSE-SH-elliptical. step 32600, energy = -0.2982014788983796
  |->  par_lens = 387, 386, 381
[TDSE] Running TDSE-SH-elliptical. step 32800, energy = -0.3307088138370926
  |->  par_lens = 398, 400, 397
[TDSE] Running TDSE-SH-elliptical. step 33000, energy = -0.40841394662097846
  |->  par_lens = 409, 409, 404
[TDSE] Running TDSE-SH-elliptical. step 33200, energy = -0.4514693776106923
  |->  par_lens = 413, 415, 410
[TDSE] Running TDSE-SH-elliptical. step 33400, energy = -0.42907404584120795
  |->  par_lens = 412, 414, 407
[TDSE] Running TDSE-SH-elliptical. step 33600, energy = -0.38521374586635954
  |->  par_lens = 404, 410, 404
[TDSE] Running TDSE-SH-elliptical. step 33800, energy = -0.37981423978457607
  |->  par_lens = 396, 395, 392
[TDSE] Running TDSE-SH-elliptical. step 34000, energy = -0.419813847783905
  |->  par_lens = 387, 382, 378
[TDSE] Running TDSE-SH-elliptical. step 34200, energy = -0.4587805028777114
  |->  par_lens = 383, 376, 376
[TDSE] Running TDSE-SH-elliptical. step 34400, energy = -0.45367265094670683
  |->  par_lens = 377, 372, 373
[TDSE] Running TDSE-SH-elliptical. step 34600, energy = -0.41511477612808406
  |->  par_lens = 382, 386, 378
[TDSE] Running TDSE-SH-elliptical. step 34800, energy = -0.389658305903247
  |->  par_lens = 395, 391, 390
[TDSE] Running TDSE-SH-elliptical. step 35000, energy = -0.40615832544381186
  |->  par_lens = 407, 404, 402
[TDSE] Running TDSE-SH-elliptical. step 35200, energy = -0.4466723558977844
  |->  par_lens = 416, 411, 409
[TDSE] Running TDSE-SH-elliptical. step 35400, energy = -0.47248371936773326
  |->  par_lens = 413, 414, 410
[TDSE] Running TDSE-SH-elliptical. step 35600, energy = -0.46707213154891924
  |->  par_lens = 417, 414, 412
[TDSE] Running TDSE-SH-elliptical. step 35800, energy = -0.45005940644509973
  |->  par_lens = 415, 410, 412
[TDSE] Running TDSE-SH-elliptical. step 36000, energy = -0.44714355760191576
  |->  par_lens = 410, 409, 409
[TDSE] Running TDSE-SH-elliptical. step 36200, energy = -0.46356827988658333
  |->  par_lens = 400, 400, 402
[TDSE] Running TDSE-SH-elliptical. step 36400, energy = -0.47885863144196694
  |->  par_lens = 393, 394, 392
[TDSE] Running TDSE-SH-elliptical. step 36600, energy = -0.4772334312939663
  |->  par_lens = 389, 386, 395
[TDSE] Running TDSE-SH-elliptical. step 36800, energy = -0.46213648089931414
  |->  par_lens = 393, 391, 401
[TDSE] Running TDSE-SH-elliptical. step 37000, energy = -0.45226560993952514
  |->  par_lens = 399, 402, 401
[TDSE] Running TDSE-SH-elliptical. step 37200, energy = -0.45810422813131063
  |->  par_lens = 409, 408, 408
[TDSE] Running TDSE-SH-elliptical. step 37400, energy = -0.47358236281771754
  |->  par_lens = 415, 413, 413
[TDSE] Running TDSE-SH-elliptical. step 37600, energy = -0.48499003401819385
  |->  par_lens = 416, 416, 412
[TDSE] Running TDSE-SH-elliptical. step 37800, energy = -0.4863258798134524
  |->  par_lens = 415, 414, 412
[TDSE] Running TDSE-SH-elliptical. step 38000, energy = -0.48297074607161145
  |->  par_lens = 412, 414, 407
[TDSE] Running TDSE-SH-elliptical. step 38200, energy = -0.4824752791390827
  |->  par_lens = 409, 411, 402
[TDSE] Running TDSE-SH-elliptical. step 38400, energy = -0.48612142442137396
  |->  par_lens = 400, 409, 397
[TDSE] Running TDSE-SH-elliptical. step 38600, energy = -0.48923830194266826
  |->  par_lens = 392, 395, 392
[TDSE] Running TDSE-SH-elliptical. step 38800, energy = -0.48818456470439053
  |->  par_lens = 390, 387, 392
[TDSE] Running TDSE-SH-elliptical. step 39000, energy = -0.4843764825333462
  |->  par_lens = 390, 388, 389
[TDSE] Running TDSE-SH-elliptical. step 39200, energy = -0.48199946933224597
  |->  par_lens = 399, 401, 397
[TDSE] Running TDSE-SH-elliptical. step 39400, energy = -0.48328410785187526
  |->  par_lens = 405, 404, 396
[TDSE] Running TDSE-SH-elliptical. step 39600, energy = -0.48681425039524523
  |->  par_lens = 405, 409, 406
[TDSE] Running TDSE-SH-elliptical. step 39800, energy = -0.4899482858186854
  |->  par_lens = 407, 411, 407
[TDSE] Running TDSE-SH-elliptical. step 40000, energy = -0.4914092355324496
  |->  par_lens = 407, 410, 408
[TDSE] Running TDSE-SH-elliptical. step 40200, energy = -0.4917278254637289
  |->  par_lens = 408, 409, 408
[TDSE] Running TDSE-SH-elliptical. step 40400, energy = -0.49182461840420383
  |->  par_lens = 407, 407, 407
[TDSE] Running TDSE-SH-elliptical. step 40600, energy = -0.49193289484890235
  |->  par_lens = 404, 406, 404
[TDSE] Running TDSE-SH-elliptical. step 40800, energy = -0.4917570362655026
  |->  par_lens = 405, 403, 403
[TDSE] Running TDSE-SH-elliptical. step 41000, energy = -0.49130725639537215
  |->  par_lens = 403, 404, 403
[TDSE] Running TDSE-SH-elliptical. step 41200, energy = -0.49073525624341263
  |->  par_lens = 401, 403, 403
[TDSE] Running TDSE-SH-elliptical. step 41400, energy = -0.4905257403464649
  |->  par_lens = 403, 404, 407
[TDSE] Running TDSE-SH-elliptical. step 41600, energy = -0.4906228651388596
  |->  par_lens = 404, 405, 410
[TDSE] Running TDSE-SH-elliptical. step 41800, energy = -0.4908714523531319
  |->  par_lens = 403, 406, 411
[TDSE] Running TDSE-SH-elliptical. step 42000, energy = -0.4911841366169009
  |->  par_lens = 404, 408, 411
[TDSE] Running TDSE-SH-elliptical. step 42200, energy = -0.4913122700512736
  |->  par_lens = 407, 407, 412
[TDSE] Running TDSE-SH-elliptical. step 42400, energy = -0.49141863304809036
  |->  par_lens = 405, 408, 412
[TDSE] Running TDSE-SH-elliptical. step 42600, energy = -0.491427605757208
  |->  par_lens = 406, 410, 412
[TDSE] Running TDSE-SH-elliptical. step 42800, energy = -0.4914069288480938
  |->  par_lens = 412, 408, 411
[TDSE] Running TDSE-SH-elliptical. step 43000, energy = -0.49143715261789267
  |->  par_lens = 413, 408, 409
[TDSE] Running TDSE-SH-elliptical. step 43200, energy = -0.49140279911646423
  |->  par_lens = 414, 409, 411
[TDSE] Running TDSE-SH-elliptical. step 43400, energy = -0.491452055666278
  |->  par_lens = 416, 409, 412
[TDSE] Running TDSE-SH-elliptical. step 43600, energy = -0.49144515103441977
  |->  par_lens = 416, 412, 413
[TDSE] Running TDSE-SH-elliptical. step 43800, energy = -0.4914325650587485
  |->  par_lens = 418, 416, 414
[TDSE] Running TDSE-SH-elliptical. step 44000, energy = -0.4914833758129561
  |->  par_lens = 422, 421, 415
[TDSE] Running TDSE-SH-elliptical. step 44200, energy = -0.49146093277914943
  |->  par_lens = 421, 421, 416
[TDSE] Running TDSE-SH-elliptical. step 44400, energy = -0.49150166101541415
  |->  par_lens = 423, 423, 420
[TDSE] Running TDSE-SH-elliptical. step 44600, energy = -0.49148469369250447
  |->  par_lens = 423, 423, 420
[TDSE] Running TDSE-SH-elliptical. step 44800, energy = -0.49148879317342026
  |->  par_lens = 424, 424, 421
[TDSE] Running TDSE-SH-elliptical. step 45000, energy = -0.49153986997835264
  |->  par_lens = 425, 424, 425
[TDSE] Running TDSE-SH-elliptical. step 45200, energy = -0.4915116024501109
  |->  par_lens = 426, 426, 426
[TDSE] Running TDSE-SH-elliptical. step 45400, energy = -0.4915688023570824
  |->  par_lens = 431, 430, 428
[TDSE] Running TDSE-SH-elliptical. step 45600, energy = -0.4915619596805399
  |->  par_lens = 432, 430, 429
[TDSE] Running TDSE-SH-elliptical. step 45800, energy = -0.49156366469683305
  |->  par_lens = 434, 430, 430
[TDSE] Running TDSE-SH-elliptical. step 46000, energy = -0.49160308625366156
  |->  par_lens = 435, 430, 431
[TDSE] Running TDSE-SH-elliptical. step 46200, energy = -0.49157257593240933
  |->  par_lens = 435, 430, 434
[TDSE] Running TDSE-SH-elliptical. step 46400, energy = -0.49162863291749576
  |->  par_lens = 436, 431, 434
[TDSE] Running TDSE-SH-elliptical. step 46600, energy = -0.49162079110571644
  |->  par_lens = 437, 433, 435
[TDSE] Running TDSE-SH-elliptical. step 46800, energy = -0.4916442065485439
  |->  par_lens = 439, 435, 436
[TDSE] Running TDSE-SH-elliptical. step 47000, energy = -0.49168564596891046
  |->  par_lens = 441, 437, 437
[TDSE] Running TDSE-SH-elliptical. step 47200, energy = -0.49164570087365794
  |->  par_lens = 443, 440, 439
[TDSE] Running TDSE-SH-elliptical. step 47400, energy = -0.49170549017497667
  |->  par_lens = 445, 441, 439
[TDSE] Running TDSE-SH-elliptical. step 47600, energy = -0.4916911198157226
  |->  par_lens = 445, 441, 441
[TDSE] Running TDSE-SH-elliptical. step 47800, energy = -0.4917025871734923
  |->  par_lens = 445, 441, 441
[TDSE] Running TDSE-SH-elliptical. step 48000, energy = -0.49174233190144834
  |->  par_lens = 446, 443, 443
[TDSE] Running TDSE-SH-elliptical. step 48200, energy = -0.4917260914863792
  |->  par_lens = 448, 443, 444
[TDSE] Running TDSE-SH-elliptical. step 48400, energy = -0.4917943391503079
  |->  par_lens = 449, 445, 446
[TDSE] Running TDSE-SH-elliptical. step 48600, energy = -0.49176691512102033
  |->  par_lens = 452, 448, 448
[TDSE] Running TDSE-SH-elliptical. step 48800, energy = -0.49178407698797716
  |->  par_lens = 451, 449, 448
[TDSE] Running TDSE-SH-elliptical. step 49000, energy = -0.49180779578216566
  |->  par_lens = 452, 450, 448
[TDSE] Running TDSE-SH-elliptical. step 49200, energy = -0.4917605803468017
  |->  par_lens = 453, 450, 448
[TDSE] Running TDSE-SH-elliptical. step 49400, energy = -0.4918202471892409
  |->  par_lens = 453, 450, 448
[TDSE] Running TDSE-SH-elliptical. step 49600, energy = -0.49180246464286287
  |->  par_lens = 453, 450, 449
[TDSE] Running TDSE-SH-elliptical. step 49800, energy = -0.4918351517955888
  |->  par_lens = 454, 455, 453
[TDSE] Running TDSE-SH-elliptical. step 50000, energy = -0.49187108267470564
  |->  par_lens = 455, 458, 457
[TDSE] Running TDSE-SH-elliptical. step 50200, energy = -0.4918563595413052
  |->  par_lens = 458, 460, 460
[TDSE] Running TDSE-SH-elliptical. step 50400, energy = -0.49192594820026364
  |->  par_lens = 458, 461, 461
[TDSE] Running TDSE-SH-elliptical. step 50600, energy = -0.4918807806785041
  |->  par_lens = 461, 462, 462
[TDSE] Running TDSE-SH-elliptical. step 50800, energy = -0.4919026007378296
  |->  par_lens = 464, 462, 462
[TDSE] Running TDSE-SH-elliptical. step 51000, energy = -0.49192088948484314
  |->  par_lens = 465, 462, 463
[TDSE] Running TDSE-SH-elliptical. step 51200, energy = -0.49187682016826034
  |->  par_lens = 466, 463, 463
[TDSE] Running TDSE-SH-elliptical. step 51400, energy = -0.4919256758616628
  |->  par_lens = 466, 464, 463
[TDSE] Running TDSE-SH-elliptical. step 51600, energy = -0.4918817323618245
  |->  par_lens = 466, 464, 464
[TDSE] Running TDSE-SH-elliptical. step 51800, energy = -0.4919125774305581
  |->  par_lens = 468, 467, 465
[TDSE] Running TDSE-SH-elliptical. step 52000, energy = -0.49191989115855084
  |->  par_lens = 471, 469, 467
[TDSE] Running TDSE-SH-elliptical. step 52200, energy = -0.4918859132067389
  |->  par_lens = 472, 471, 468
[TDSE] Running TDSE-SH-elliptical. step 52400, energy = -0.49194801464648236
  |->  par_lens = 474, 474, 469
[TDSE] Running TDSE-SH-elliptical. step 52600, energy = -0.4919055519745131
  |->  par_lens = 475, 475, 472
[TDSE] Running TDSE-SH-elliptical. step 52800, energy = -0.49195815959934086
  |->  par_lens = 477, 476, 475
[TDSE] Running TDSE-SH-elliptical. step 53000, energy = -0.4919785618575005
  |->  par_lens = 477, 477, 476
