  Activating project at `~/JuliaProp_v0.1`
[ITP]: 10000.500040081823
[ITP]: 3.4096981904596646e-9
Energy of ground state: -0.5000400852322796
[TDSE] Start TDSE-SH for elliptical polarized laser. It may cost a plenty of time.
[TDSE] Running TDSE-SH-elliptical. step 0, energy = -0.5000400852322784
  |->  par_lens = 2, 2, 2
[TDSE] Running TDSE-SH-elliptical. step 200, energy = -0.5000400852321392
  |->  par_lens = 2, 2, 2
[TDSE] Running TDSE-SH-elliptical. step 400, energy = -0.5000400852318668
  |->  par_lens = 2, 2, 2
[TDSE] Running TDSE-SH-elliptical. step 600, energy = -0.5000400852303222
  |->  par_lens = 2, 2, 2
[TDSE] Running TDSE-SH-elliptical. step 800, energy = -0.500040085222945
  |->  par_lens = 2, 2, 2
[TDSE] Running TDSE-SH-elliptical. step 1000, energy = -0.5000400851981179
  |->  par_lens = 2, 2, 2
[TDSE] Running TDSE-SH-elliptical. step 1200, energy = -0.5000400851318476
  |->  par_lens = 2, 2, 2
[TDSE] Running TDSE-SH-elliptical. step 1400, energy = -0.500040084981258
  |->  par_lens = 2, 2, 2
[TDSE] Running TDSE-SH-elliptical. step 1600, energy = -0.50004008467743
  |->  par_lens = 2, 2, 2
[TDSE] Running TDSE-SH-elliptical. step 1800, energy = -0.5000400841155233
  |->  par_lens = 2, 2, 2
[TDSE] Running TDSE-SH-elliptical. step 2000, energy = -0.5000400831481803
  |->  par_lens = 2, 2, 2
[TDSE] Running TDSE-SH-elliptical. step 2200, energy = -0.5000400815710848
  |->  par_lens = 2, 2, 2
[TDSE] Running TDSE-SH-elliptical. step 2400, energy = -0.5000400791185629
  |->  par_lens = 2, 2, 2
[TDSE] Running TDSE-SH-elliptical. step 2600, energy = -0.500040075448928
  |->  par_lens = 2, 2, 2
[TDSE] Running TDSE-SH-elliptical. step 2800, energy = -0.5000400701327247
  |->  par_lens = 2, 2, 2
[TDSE] Running TDSE-SH-elliptical. step 3000, energy = -0.500040062655317
  |->  par_lens = 2, 2, 2
[TDSE] Running TDSE-SH-elliptical. step 3200, energy = -0.500040052381881
  |->  par_lens = 2, 2, 2
[TDSE] Running TDSE-SH-elliptical. step 3400, energy = -0.5000400385945918
  |->  par_lens = 2, 2, 2
[TDSE] Running TDSE-SH-elliptical. step 3600, energy = -0.5000400204168407
  |->  par_lens = 2, 2, 2
[TDSE] Running TDSE-SH-elliptical. step 3800, energy = -0.500039996881466
  |->  par_lens = 2, 2, 2
[TDSE] Running TDSE-SH-elliptical. step 4000, energy = -0.5000399669186708
  |->  par_lens = 2, 2, 2
[TDSE] Running TDSE-SH-elliptical. step 4200, energy = -0.5000399292089288
  |->  par_lens = 2, 2, 2
[TDSE] Running TDSE-SH-elliptical. step 4400, energy = -0.5000398824868857
  |->  par_lens = 2, 2, 2
[TDSE] Running TDSE-SH-elliptical. step 4600, energy = -0.5000398252082322
  |->  par_lens = 2, 2, 2
[TDSE] Running TDSE-SH-elliptical. step 4800, energy = -0.5000397557761923
  |->  par_lens = 2, 2, 2
[TDSE] Running TDSE-SH-elliptical. step 5000, energy = -0.5000396724774833
  |->  par_lens = 2, 2, 2
[TDSE] Running TDSE-SH-elliptical. step 5200, energy = -0.5000395733532461
  |->  par_lens = 2, 2, 2
[TDSE] Running TDSE-SH-elliptical. step 5400, energy = -0.5000394568346275
  |->  par_lens = 2, 2, 2
[TDSE] Running TDSE-SH-elliptical. step 5600, energy = -0.5000393204216778
  |->  par_lens = 2, 2, 2
[TDSE] Running TDSE-SH-elliptical. step 5800, energy = -0.5000391622591954
  |->  par_lens = 2, 2, 2
[TDSE] Running TDSE-SH-elliptical. step 6000, energy = -0.5000389805375585
  |->  par_lens = 2, 2, 2
[TDSE] Running TDSE-SH-elliptical. step 6200, energy = -0.5000387724625474
  |->  par_lens = 2, 2, 2
[TDSE] Running TDSE-SH-elliptical. step 6400, energy = -0.5000385364766858
  |->  par_lens = 2, 2, 2
[TDSE] Running TDSE-SH-elliptical. step 6600, energy = -0.500038269823467
  |->  par_lens = 2, 2, 2
[TDSE] Running TDSE-SH-elliptical. step 6800, energy = -0.5000379711409996
  |->  par_lens = 2, 2, 2
[TDSE] Running TDSE-SH-elliptical. step 7000, energy = -0.5000376380222935
  |->  par_lens = 2, 2, 2
[TDSE] Running TDSE-SH-elliptical. step 7200, energy = -0.5000372675902583
  |->  par_lens = 2, 2, 2
[TDSE] Running TDSE-SH-elliptical. step 7400, energy = -0.5000368602094175
  |->  par_lens = 2, 2, 2
[TDSE] Running TDSE-SH-elliptical. step 7600, energy = -0.5000364118821105
  |->  par_lens = 2, 2, 2
[TDSE] Running TDSE-SH-elliptical. step 7800, energy = -0.5000359222376518
  |->  par_lens = 2, 2, 2
[TDSE] Running TDSE-SH-elliptical. step 8000, energy = -0.500035390236696
  |->  par_lens = 2, 2, 2
[TDSE] Running TDSE-SH-elliptical. step 8200, energy = -0.5000348131028708
  |->  par_lens = 2, 2, 2
[TDSE] Running TDSE-SH-elliptical. step 8400, energy = -0.5000341926542465
  |->  par_lens = 2, 2, 2
[TDSE] Running TDSE-SH-elliptical. step 8600, energy = -0.5000335249822975
  |->  par_lens = 2, 2, 2
[TDSE] Running TDSE-SH-elliptical. step 8800, energy = -0.5000328127619537
  |->  par_lens = 2, 2, 2
[TDSE] Running TDSE-SH-elliptical. step 9000, energy = -0.5000320541257521
  |->  par_lens = 2, 2, 2
[TDSE] Running TDSE-SH-elliptical. step 9200, energy = -0.5000312478796122
  |->  par_lens = 2, 2, 2
[TDSE] Running TDSE-SH-elliptical. step 9400, energy = -0.500030400647127
  |->  par_lens = 4, 2, 2
[TDSE] Running TDSE-SH-elliptical. step 9600, energy = -0.5000295048958968
  |->  par_lens = 4, 2, 2
[TDSE] Running TDSE-SH-elliptical. step 9800, energy = -0.5000285666634017
  |->  par_lens = 4, 3, 3
[TDSE] Running TDSE-SH-elliptical. step 10000, energy = -0.5000275885177604
  |->  par_lens = 4, 3, 3
[TDSE] Running TDSE-SH-elliptical. step 10200, energy = -0.5000263706970289
  |->  par_lens = 4, 3, 3
[TDSE] Running TDSE-SH-elliptical. step 10400, energy = -0.5000238363567507
  |->  par_lens = 4, 3, 3
[TDSE] Running TDSE-SH-elliptical. step 10600, energy = -0.5000215269675184
  |->  par_lens = 4, 3, 3
[TDSE] Running TDSE-SH-elliptical. step 10800, energy = -0.5000241074801922
  |->  par_lens = 4, 3, 3
[TDSE] Running TDSE-SH-elliptical. step 11000, energy = -0.5000327686387365
  |->  par_lens = 4, 3, 3
[TDSE] Running TDSE-SH-elliptical. step 11200, energy = -0.5000331990758045
  |->  par_lens = 4, 3, 3
[TDSE] Running TDSE-SH-elliptical. step 11400, energy = -0.5000050712178283
  |->  par_lens = 4, 3, 3
[TDSE] Running TDSE-SH-elliptical. step 11600, energy = -0.49995901075491606
  |->  par_lens = 4, 3, 3
[TDSE] Running TDSE-SH-elliptical. step 11800, energy = -0.4999372065033648
  |->  par_lens = 4, 3, 3
[TDSE] Running TDSE-SH-elliptical. step 12000, energy = -0.49991244878078755
  |->  par_lens = 4, 4, 3
[TDSE] Running TDSE-SH-elliptical. step 12200, energy = -0.4997024118200614
  |->  par_lens = 5, 5, 5
[TDSE] Running TDSE-SH-elliptical. step 12400, energy = -0.49912618315974705
  |->  par_lens = 5, 5, 6
[TDSE] Running TDSE-SH-elliptical. step 12600, energy = -0.4983654648598098
  |->  par_lens = 7, 7, 7
[TDSE] Running TDSE-SH-elliptical. step 12800, energy = -0.49802185176117214
  |->  par_lens = 7, 7, 7
[TDSE] Running TDSE-SH-elliptical. step 13000, energy = -0.49848876484293353
  |->  par_lens = 7, 7, 7
[TDSE] Running TDSE-SH-elliptical. step 13200, energy = -0.49918931325213584
  |->  par_lens = 7, 7, 7
[TDSE] Running TDSE-SH-elliptical. step 13400, energy = -0.4988651318329658
  |->  par_lens = 8, 7, 7
[TDSE] Running TDSE-SH-elliptical. step 13600, energy = -0.497089076340081
  |->  par_lens = 9, 8, 7
[TDSE] Running TDSE-SH-elliptical. step 13800, energy = -0.4952963912441152
  |->  par_lens = 9, 8, 9
[TDSE] Running TDSE-SH-elliptical. step 14000, energy = -0.49542673573369156
  |->  par_lens = 10, 9, 8
[TDSE] Running TDSE-SH-elliptical. step 14200, energy = -0.4971297802155624
  |->  par_lens = 9, 9, 8
[TDSE] Running TDSE-SH-elliptical. step 14400, energy = -0.4971094204902811
  |->  par_lens = 9, 10, 8
[TDSE] Running TDSE-SH-elliptical. step 14600, energy = -0.4926493497517243
  |->  par_lens = 10, 10, 10
[TDSE] Running TDSE-SH-elliptical. step 14800, energy = -0.48591256077559064
  |->  par_lens = 13, 12, 13
[TDSE] Running TDSE-SH-elliptical. step 15000, energy = -0.4830172706849562
  |->  par_lens = 14, 15, 14
[TDSE] Running TDSE-SH-elliptical. step 15200, energy = -0.4871709229416777
  |->  par_lens = 17, 17, 16
[TDSE] Running TDSE-SH-elliptical. step 15400, energy = -0.49335817963767237
  |->  par_lens = 17, 18, 17
[TDSE] Running TDSE-SH-elliptical. step 15600, energy = -0.4924881255708452
  |->  par_lens = 18, 18, 17
[TDSE] Running TDSE-SH-elliptical. step 15800, energy = -0.4823190897608049
  |->  par_lens = 18, 18, 17
[TDSE] Running TDSE-SH-elliptical. step 16000, energy = -0.47216763264397377
  |->  par_lens = 19, 18, 20
[TDSE] Running TDSE-SH-elliptical. step 16200, energy = -0.4732595989997814
  |->  par_lens = 21, 22, 19
[TDSE] Running TDSE-SH-elliptical. step 16400, energy = -0.4839236025783736
  |->  par_lens = 20, 22, 25
[TDSE] Running TDSE-SH-elliptical. step 16600, energy = -0.48836130627715135
  |->  par_lens = 21, 22, 26
[TDSE] Running TDSE-SH-elliptical. step 16800, energy = -0.4741566486485826
  |->  par_lens = 21, 23, 24
[TDSE] Running TDSE-SH-elliptical. step 17000, energy = -0.44986623446387414
  |->  par_lens = 25, 24, 26
[TDSE] Running TDSE-SH-elliptical. step 17200, energy = -0.43916627201472885
  |->  par_lens = 29, 31, 32
[TDSE] Running TDSE-SH-elliptical. step 17400, energy = -0.45389894608612025
  |->  par_lens = 39, 41, 36
[TDSE] Running TDSE-SH-elliptical. step 17600, energy = -0.4766525725205786
  |->  par_lens = 42, 44, 47
[TDSE] Running TDSE-SH-elliptical. step 17800, energy = -0.4771892851959865
  |->  par_lens = 46, 44, 48
[TDSE] Running TDSE-SH-elliptical. step 18000, energy = -0.4482892876933025
  |->  par_lens = 46, 45, 43
[TDSE] Running TDSE-SH-elliptical. step 18200, energy = -0.4185904266634564
  |->  par_lens = 43, 45, 39
[TDSE] Running TDSE-SH-elliptical. step 18400, energy = -0.42134099207269876
  |->  par_lens = 49, 52, 48
[TDSE] Running TDSE-SH-elliptical. step 18600, energy = -0.4528510309345087
  |->  par_lens = 62, 60, 57
[TDSE] Running TDSE-SH-elliptical. step 18800, energy = -0.4706968349820913
  |->  par_lens = 63, 65, 61
[TDSE] Running TDSE-SH-elliptical. step 19000, energy = -0.441680223711185
  |->  par_lens = 58, 65, 57
[TDSE] Running TDSE-SH-elliptical. step 19200, energy = -0.38593098279847105
  |->  par_lens = 56, 54, 51
[TDSE] Running TDSE-SH-elliptical. step 19400, energy = -0.36022602069269954
  |->  par_lens = 66, 66, 67
[TDSE] Running TDSE-SH-elliptical. step 19600, energy = -0.3930161260614155
  |->  par_lens = 86, 84, 85
[TDSE] Running TDSE-SH-elliptical. step 19800, energy = -0.4462670417124702
  |->  par_lens = 101, 97, 101
[TDSE] Running TDSE-SH-elliptical. step 20000, energy = -0.45329732299165765
  |->  par_lens = 105, 101, 103
[TDSE] Running TDSE-SH-elliptical. step 20200, energy = -0.39733720508460246
  |->  par_lens = 103, 95, 97
[TDSE] Running TDSE-SH-elliptical. step 20400, energy = -0.33753950163554947
  |->  par_lens = 87, 84, 81
[TDSE] Running TDSE-SH-elliptical. step 20600, energy = -0.3412725035266227
  |->  par_lens = 99, 100, 102
[TDSE] Running TDSE-SH-elliptical. step 20800, energy = -0.4042094203126214
  |->  par_lens = 128, 123, 123
[TDSE] Running TDSE-SH-elliptical. step 21000, energy = -0.44547083305348173
  |->  par_lens = 134, 134, 134
[TDSE] Running TDSE-SH-elliptical. step 21200, energy = -0.40131846469010296
  |->  par_lens = 131, 133, 132
[TDSE] Running TDSE-SH-elliptical. step 21400, energy = -0.30568500555888084
  |->  par_lens = 113, 112, 109
[TDSE] Running TDSE-SH-elliptical. step 21600, energy = -0.25984840762005673
  |->  par_lens = 115, 122, 113
[TDSE] Running TDSE-SH-elliptical. step 21800, energy = -0.31337082982124564
  |->  par_lens = 157, 156, 154
[TDSE] Running TDSE-SH-elliptical. step 22000, energy = -0.4064334789220451
  |->  par_lens = 187, 183, 188
[TDSE] Running TDSE-SH-elliptical. step 22200, energy = -0.4263491611986
  |->  par_lens = 197, 190, 193
[TDSE] Running TDSE-SH-elliptical. step 22400, energy = -0.34324421374047664
  |->  par_lens = 187, 190, 190
[TDSE] Running TDSE-SH-elliptical. step 22600, energy = -0.2502778402239945
  |->  par_lens = 154, 160, 164
[TDSE] Running TDSE-SH-elliptical. step 22800, energy = -0.2533415166010641
  |->  par_lens = 163, 172, 165
[TDSE] Running TDSE-SH-elliptical. step 23000, energy = -0.34909795913441166
  |->  par_lens = 211, 214, 210
[TDSE] Running TDSE-SH-elliptical. step 23200, energy = -0.4189266112030066
  |->  par_lens = 232, 228, 231
[TDSE] Running TDSE-SH-elliptical. step 23400, energy = -0.3655255333782258
  |->  par_lens = 226, 226, 228
[TDSE] Running TDSE-SH-elliptical. step 23600, energy = -0.233807665573038
  |->  par_lens = 208, 205, 202
[TDSE] Running TDSE-SH-elliptical. step 23800, energy = -0.16856708140118648
  |->  par_lens = 184, 195, 190
[TDSE] Running TDSE-SH-elliptical. step 24000, energy = -0.23794711166561117
  |->  par_lens = 237, 238, 234
[TDSE] Running TDSE-SH-elliptical. step 24200, energy = -0.36795977727971035
  |->  par_lens = 286, 280, 278
[TDSE] Running TDSE-SH-elliptical. step 24400, energy = -0.4049372207791637
  |->  par_lens = 291, 288, 289
[TDSE] Running TDSE-SH-elliptical. step 24600, energy = -0.3055066140049586
  |->  par_lens = 282, 277, 283
[TDSE] Running TDSE-SH-elliptical. step 24800, energy = -0.18775059109860934
  |->  par_lens = 249, 254, 249
[TDSE] Running TDSE-SH-elliptical. step 25000, energy = -0.18864496455060664
  |->  par_lens = 241, 247, 246
[TDSE] Running TDSE-SH-elliptical. step 25200, energy = -0.30583793570258533
  |->  par_lens = 289, 292, 291
[TDSE] Running TDSE-SH-elliptical. step 25400, energy = -0.39945904929884474
  |->  par_lens = 317, 323, 321
[TDSE] Running TDSE-SH-elliptical. step 25600, energy = -0.3469950716027339
  |->  par_lens = 316, 315, 316
[TDSE] Running TDSE-SH-elliptical. step 25800, energy = -0.19706323058993502
  |->  par_lens = 285, 289, 290
[TDSE] Running TDSE-SH-elliptical. step 26000, energy = -0.11968718486060392
  |->  par_lens = 278, 287, 280
[TDSE] Running TDSE-SH-elliptical. step 26200, energy = -0.1943167700968881
  |->  par_lens = 309, 312, 314
[TDSE] Running TDSE-SH-elliptical. step 26400, energy = -0.34401214308525424
  |->  par_lens = 349, 345, 350
[TDSE] Running TDSE-SH-elliptical. step 26600, energy = -0.3964357816221453
  |->  par_lens = 356, 357, 356
[TDSE] Running TDSE-SH-elliptical. step 26800, energy = -0.29911621924485743
  |->  par_lens = 348, 343, 347
[TDSE] Running TDSE-SH-elliptical. step 27000, energy = -0.1754942827718391
  |->  par_lens = 322, 323, 320
[TDSE] Running TDSE-SH-elliptical. step 27200, energy = -0.172737822439594
  |->  par_lens = 314, 316, 311
[TDSE] Running TDSE-SH-elliptical. step 27400, energy = -0.2921096578616683
  |->  par_lens = 346, 342, 344
[TDSE] Running TDSE-SH-elliptical. step 27600, energy = -0.3946853392878678
  |->  par_lens = 362, 365, 362
[TDSE] Running TDSE-SH-elliptical. step 27800, energy = -0.3528512282903908
  |->  par_lens = 360, 362, 362
[TDSE] Running TDSE-SH-elliptical. step 28000, energy = -0.210415247125275
  |->  par_lens = 342, 340, 343
[TDSE] Running TDSE-SH-elliptical. step 28200, energy = -0.13241998442449174
  |->  par_lens = 345, 339, 348
[TDSE] Running TDSE-SH-elliptical. step 28400, energy = -0.20002617636824657
  |->  par_lens = 361, 366, 363
[TDSE] Running TDSE-SH-elliptical. step 28600, energy = -0.3444145378331969
  |->  par_lens = 384, 385, 389
[TDSE] Running TDSE-SH-elliptical. step 28800, energy = -0.40440338127284375
  |->  par_lens = 396, 389, 394
[TDSE] Running TDSE-SH-elliptical. step 29000, energy = -0.32706284807030345
  |->  par_lens = 384, 379, 387
[TDSE] Running TDSE-SH-elliptical. step 29200, energy = -0.21905752181325971
  |->  par_lens = 370, 375, 374
[TDSE] Running TDSE-SH-elliptical. step 29400, energy = -0.2127538889312412
  |->  par_lens = 350, 358, 356
[TDSE] Running TDSE-SH-elliptical. step 29600, energy = -0.31485146657890195
  |->  par_lens = 370, 367, 371
[TDSE] Running TDSE-SH-elliptical. step 29800, energy = -0.40713383536609415
  |->  par_lens = 382, 380, 379
[TDSE] Running TDSE-SH-elliptical. step 30000, energy = -0.38017821816982317
  |->  par_lens = 371, 380, 379
[TDSE] Running TDSE-SH-elliptical. step 30200, energy = -0.26715285552494034
  |->  par_lens = 371, 364, 365
[TDSE] Running TDSE-SH-elliptical. step 30400, energy = -0.20114607554303257
  |->  par_lens = 366, 371, 372
[TDSE] Running TDSE-SH-elliptical. step 30600, energy = -0.2526620698529028
  |->  par_lens = 394, 385, 384
[TDSE] Running TDSE-SH-elliptical. step 30800, energy = -0.36978372341798216
  |->  par_lens = 405, 399, 401
[TDSE] Running TDSE-SH-elliptical. step 31000, energy = -0.42557877443455217
  |->  par_lens = 409, 406, 408
[TDSE] Running TDSE-SH-elliptical. step 31200, energy = -0.37704676733092973
  |->  par_lens = 402, 401, 402
[TDSE] Running TDSE-SH-elliptical. step 31400, energy = -0.29993379886698857
  |->  par_lens = 383, 394, 391
[TDSE] Running TDSE-SH-elliptical. step 31600, energy = -0.2922236595609684
  |->  par_lens = 371, 381, 364
[TDSE] Running TDSE-SH-elliptical. step 31800, energy = -0.36472569095841745
  |->  par_lens = 371, 375, 364
[TDSE] Running TDSE-SH-elliptical. step 32000, energy = -0.43185443865160095
  |->  par_lens = 373, 372, 367
[TDSE] Running TDSE-SH-elliptical. step 32200, energy = -0.4184153968522198
  |->  par_lens = 373, 366, 367
[TDSE] Running TDSE-SH-elliptical. step 32400, energy = -0.34430743511083683
  |->  par_lens = 366, 369, 372
[TDSE] Running TDSE-SH-elliptical. step 32600, energy = -0.29742693037234147
  |->  par_lens = 384, 386, 378
[TDSE] Running TDSE-SH-elliptical. step 32800, energy = -0.32996425606931756
  |->  par_lens = 395, 395, 391
[TDSE] Running TDSE-SH-elliptical. step 33000, energy = -0.40794500814692936
  |->  par_lens = 408, 407, 402
[TDSE] Running TDSE-SH-elliptical. step 33200, energy = -0.45144726127921153
  |->  par_lens = 414, 413, 409
[TDSE] Running TDSE-SH-elliptical. step 33400, energy = -0.42952826711748604
  |->  par_lens = 409, 411, 413
[TDSE] Running TDSE-SH-elliptical. step 33600, energy = -0.38601715655550395
  |->  par_lens = 405, 406, 404
[TDSE] Running TDSE-SH-elliptical. step 33800, energy = -0.3807213121177885
  |->  par_lens = 396, 397, 396
[TDSE] Running TDSE-SH-elliptical. step 34000, energy = -0.42050841040861614
  |->  par_lens = 382, 384, 382
[TDSE] Running TDSE-SH-elliptical. step 34200, energy = -0.4590036499652435
  |->  par_lens = 376, 382, 377
[TDSE] Running TDSE-SH-elliptical. step 34400, energy = -0.4533037512574128
  |->  par_lens = 373, 382, 374
[TDSE] Running TDSE-SH-elliptical. step 34600, energy = -0.4142230888669641
  |->  par_lens = 379, 388, 371
[TDSE] Running TDSE-SH-elliptical. step 34800, energy = -0.3884914721688703
  |->  par_lens = 395, 397, 393
[TDSE] Running TDSE-SH-elliptical. step 35000, energy = -0.405050803736979
  |->  par_lens = 407, 406, 406
[TDSE] Running TDSE-SH-elliptical. step 35200, energy = -0.44595143320759817
  |->  par_lens = 414, 413, 414
[TDSE] Running TDSE-SH-elliptical. step 35400, energy = -0.47235868599797365
  |->  par_lens = 417, 417, 414
[TDSE] Running TDSE-SH-elliptical. step 35600, energy = -0.4675660108543427
  |->  par_lens = 417, 415, 415
[TDSE] Running TDSE-SH-elliptical. step 35800, energy = -0.4509838533553302
  |->  par_lens = 418, 414, 411
[TDSE] Running TDSE-SH-elliptical. step 36000, energy = -0.44818081750177036
  |->  par_lens = 410, 407, 413
[TDSE] Running TDSE-SH-elliptical. step 36200, energy = -0.4643475070882225
  |->  par_lens = 403, 408, 403
[TDSE] Running TDSE-SH-elliptical. step 36400, energy = -0.47910690287784635
  |->  par_lens = 396, 396, 401
[TDSE] Running TDSE-SH-elliptical. step 36600, energy = -0.47684266013976073
  |->  par_lens = 393, 394, 397
[TDSE] Running TDSE-SH-elliptical. step 36800, energy = -0.46119977160223835
  |->  par_lens = 397, 398, 398
[TDSE] Running TDSE-SH-elliptical. step 37000, energy = -0.45104152468298575
  |->  par_lens = 404, 406, 405
[TDSE] Running TDSE-SH-elliptical. step 37200, energy = -0.4569441400645065
  |->  par_lens = 412, 410, 413
[TDSE] Running TDSE-SH-elliptical. step 37400, energy = -0.4727847786995458
  |->  par_lens = 415, 416, 415
[TDSE] Running TDSE-SH-elliptical. step 37600, energy = -0.4847352499916703
  |->  par_lens = 422, 418, 418
[TDSE] Running TDSE-SH-elliptical. step 37800, energy = -0.4866054385343426
  |->  par_lens = 422, 417, 418
[TDSE] Running TDSE-SH-elliptical. step 38000, energy = -0.4836129803684593
  |->  par_lens = 418, 414, 417
[TDSE] Running TDSE-SH-elliptical. step 38200, energy = -0.48320082911966283
  |->  par_lens = 412, 411, 415
[TDSE] Running TDSE-SH-elliptical. step 38400, energy = -0.48664420683044035
  |->  par_lens = 408, 407, 414
[TDSE] Running TDSE-SH-elliptical. step 38600, energy = -0.4893677817678277
  |->  par_lens = 403, 401, 412
[TDSE] Running TDSE-SH-elliptical. step 38800, energy = -0.48784527265075567
  |->  par_lens = 399, 399, 405
[TDSE] Running TDSE-SH-elliptical. step 39000, energy = -0.48365778684251765
  |->  par_lens = 403, 402, 407
[TDSE] Running TDSE-SH-elliptical. step 39200, energy = -0.48109972372935433
  |->  par_lens = 407, 405, 412
[TDSE] Running TDSE-SH-elliptical. step 39400, energy = -0.4824053704911675
  |->  par_lens = 413, 416, 417
[TDSE] Running TDSE-SH-elliptical. step 39600, energy = -0.4861463713503878
  |->  par_lens = 421, 419, 415
[TDSE] Running TDSE-SH-elliptical. step 39800, energy = -0.48957535696286353
  |->  par_lens = 421, 421, 417
[TDSE] Running TDSE-SH-elliptical. step 40000, energy = -0.4913207567940198
  |->  par_lens = 421, 421, 417
[TDSE] Running TDSE-SH-elliptical. step 40200, energy = -0.4918062028482941
  |->  par_lens = 420, 421, 415
[TDSE] Running TDSE-SH-elliptical. step 40400, energy = -0.4919409264724033
  |->  par_lens = 420, 420, 415
[TDSE] Running TDSE-SH-elliptical. step 40600, energy = -0.49195863315937244
  |->  par_lens = 419, 420, 415
[TDSE] Running TDSE-SH-elliptical. step 40800, energy = -0.4916164101266177
  |->  par_lens = 419, 420, 413
[TDSE] Running TDSE-SH-elliptical. step 41000, energy = -0.4910028751271313
  |->  par_lens = 418, 419, 413
[TDSE] Running TDSE-SH-elliptical. step 41200, energy = -0.4902929718412783
  |->  par_lens = 420, 421, 413
[TDSE] Running TDSE-SH-elliptical. step 41400, energy = -0.49002526778507893
  |->  par_lens = 421, 423, 415
[TDSE] Running TDSE-SH-elliptical. step 41600, energy = -0.4901202098737624
  |->  par_lens = 421, 422, 423
[TDSE] Running TDSE-SH-elliptical. step 41800, energy = -0.4904005319429501
  |->  par_lens = 424, 426, 427
[TDSE] Running TDSE-SH-elliptical. step 42000, energy = -0.4907628498769221
  |->  par_lens = 425, 427, 427
[TDSE] Running TDSE-SH-elliptical. step 42200, energy = -0.49090445181108544
  |->  par_lens = 426, 427, 429
[TDSE] Running TDSE-SH-elliptical. step 42400, energy = -0.4910248535934723
  |->  par_lens = 433, 428, 430
[TDSE] Running TDSE-SH-elliptical. step 42600, energy = -0.4910262427950967
  |->  par_lens = 435, 430, 431
[TDSE] Running TDSE-SH-elliptical. step 42800, energy = -0.4909867984537209
  |->  par_lens = 437, 431, 432
[TDSE] Running TDSE-SH-elliptical. step 43000, energy = -0.49101004499260903
  |->  par_lens = 438, 436, 432
[TDSE] Running TDSE-SH-elliptical. step 43200, energy = -0.490953406501026
  |->  par_lens = 443, 438, 434
[TDSE] Running TDSE-SH-elliptical. step 43400, energy = -0.491004493615802
  |->  par_lens = 443, 441, 434
[TDSE] Running TDSE-SH-elliptical. step 43600, energy = -0.49098258467679207
  |->  par_lens = 443, 445, 439
[TDSE] Running TDSE-SH-elliptical. step 43800, energy = -0.4909514233735331
  |->  par_lens = 446, 445, 444
[TDSE] Running TDSE-SH-elliptical. step 44000, energy = -0.4910008811859021
  |->  par_lens = 446, 447, 446
[TDSE] Running TDSE-SH-elliptical. step 44200, energy = -0.4909563972967345
  |->  par_lens = 450, 448, 450
[TDSE] Running TDSE-SH-elliptical. step 44400, energy = -0.49099637921795863
  |->  par_lens = 455, 449, 450
[TDSE] Running TDSE-SH-elliptical. step 44600, energy = -0.4909651144209419
  |->  par_lens = 455, 451, 451
[TDSE] Running TDSE-SH-elliptical. step 44800, energy = -0.4909590332474042
  |->  par_lens = 456, 454, 456
[TDSE] Running TDSE-SH-elliptical. step 45000, energy = -0.49100997201305707
  |->  par_lens = 458, 462, 458
[TDSE] Running TDSE-SH-elliptical. step 45200, energy = -0.4909547166277275
  |->  par_lens = 459, 464, 461
[TDSE] Running TDSE-SH-elliptical. step 45400, energy = -0.4910097887892536
  |->  par_lens = 460, 465, 466
[TDSE] Running TDSE-SH-elliptical. step 45600, energy = -0.490985834155944
  |->  par_lens = 463, 468, 469
[TDSE] Running TDSE-SH-elliptical. step 45800, energy = -0.4909795849921279
  |->  par_lens = 465, 469, 470
[TDSE] Running TDSE-SH-elliptical. step 46000, energy = -0.4910242348278492
  |->  par_lens = 473, 471, 470
[TDSE] Running TDSE-SH-elliptical. step 46200, energy = -0.490971650511167
  |->  par_lens = 475, 474, 472
[TDSE] Running TDSE-SH-elliptical. step 46400, energy = -0.4910279906267903
  |->  par_lens = 478, 476, 474
[TDSE] Running TDSE-SH-elliptical. step 46600, energy = -0.49100320583727636
  |->  par_lens = 479, 484, 476
[TDSE] Running TDSE-SH-elliptical. step 46800, energy = -0.49101985347461186
  |->  par_lens = 483, 484, 479
[TDSE] Running TDSE-SH-elliptical. step 47000, energy = -0.49105996444632977
  |->  par_lens = 485, 485, 482
[TDSE] Running TDSE-SH-elliptical. step 47200, energy = -0.4909970092293939
  |->  par_lens = 488, 486, 489
[TDSE] Running TDSE-SH-elliptical. step 47400, energy = -0.49106385234699573
  |->  par_lens = 490, 488, 491
[TDSE] Running TDSE-SH-elliptical. step 47600, energy = -0.4910312602559914
  |->  par_lens = 493, 491, 492
[TDSE] Running TDSE-SH-elliptical. step 47800, energy = -0.4910352936296264
  |->  par_lens = 497, 493, 495
[TDSE] Running TDSE-SH-elliptical. step 48000, energy = -0.4910796312940761
  |->  par_lens = 498, 495, 497
[TDSE] Running TDSE-SH-elliptical. step 48200, energy = -0.4910485361156839
  |->  par_lens = 500, 502, 499
[TDSE] Running TDSE-SH-elliptical. step 48400, energy = -0.49112512575190087
  |->  par_lens = 503, 505, 502
[TDSE] Running TDSE-SH-elliptical. step 48600, energy = -0.4910798268938084
  |->  par_lens = 505, 507, 505
[TDSE] Running TDSE-SH-elliptical. step 48800, energy = -0.49109393798036854
  |->  par_lens = 507, 509, 510
[TDSE] Running TDSE-SH-elliptical. step 49000, energy = -0.49111509730471353
  |->  par_lens = 510, 510, 511
[TDSE] Running TDSE-SH-elliptical. step 49200, energy = -0.49104474373210566
  |->  par_lens = 512, 513, 513
[TDSE] Running TDSE-SH-elliptical. step 49400, energy = -0.4911144486948013
  |->  par_lens = 515, 513, 515
[TDSE] Running TDSE-SH-elliptical. step 49600, energy = -0.49108409403351544
  |->  par_lens = 518, 516, 517
[TDSE] Running TDSE-SH-elliptical. step 49800, energy = -0.49111945785193073
  |->  par_lens = 522, 517, 518
[TDSE] Running TDSE-SH-elliptical. step 50000, energy = -0.4911613093434574
  |->  par_lens = 522, 524, 521
[TDSE] Running TDSE-SH-elliptical. step 50200, energy = -0.49113710460095716
  |->  par_lens = 525, 526, 524
[TDSE] Running TDSE-SH-elliptical. step 50400, energy = -0.4912193191557744
  |->  par_lens = 527, 528, 526
[TDSE] Running TDSE-SH-elliptical. step 50600, energy = -0.4911564909151201
  |->  par_lens = 529, 530, 532
[TDSE] Running TDSE-SH-elliptical. step 50800, energy = -0.4911796484984947
  |->  par_lens = 532, 532, 532
[TDSE] Running TDSE-SH-elliptical. step 51000, energy = -0.4911980688146207
  |->  par_lens = 536, 534, 533
[TDSE] Running TDSE-SH-elliptical. step 51200, energy = -0.4911406432457855
  |->  par_lens = 537, 536, 534
[TDSE] Running TDSE-SH-elliptical. step 51400, energy = -0.4912042775274988
  |->  par_lens = 537, 537, 537
[TDSE] Running TDSE-SH-elliptical. step 51600, energy = -0.49114756055999814
  |->  par_lens = 539, 539, 538
[TDSE] Running TDSE-SH-elliptical. step 51800, energy = -0.491181442096603
  |->  par_lens = 540, 541, 538
[TDSE] Running TDSE-SH-elliptical. step 52000, energy = -0.4911900663011753
  |->  par_lens = 541, 542, 541
[TDSE] Running TDSE-SH-elliptical. step 52200, energy = -0.491150894302522
  |->  par_lens = 543, 543, 541
[TDSE] Running TDSE-SH-elliptical. step 52400, energy = -0.49122973062668984
  |->  par_lens = 545, 546, 547
[TDSE] Running TDSE-SH-elliptical. step 52600, energy = -0.4911769750686375
  |->  par_lens = 546, 549, 549
[TDSE] Running TDSE-SH-elliptical. step 52800, energy = -0.4912424406208499
  |->  par_lens = 550, 551, 551
[TDSE] Running TDSE-SH-elliptical. step 53000, energy = -0.49126729542838593
  |->  par_lens = 552, 552, 553
