  Activating project at `~/JuliaProp_v0.1`
[ITP]: 10000.500040081823
[ITP]: 3.4096981904596646e-9
Energy of ground state: -0.5000400852322796
[TDSE] Start TDSE-SH for elliptical polarized laser. It may cost a plenty of time.
[TDSE] Running TDSE-SH-elliptical. step 0, energy = -0.5000400852322784
  |->  par_lens = 2, 2, 2
[TDSE] Running TDSE-SH-elliptical. step 200, energy = -0.5000400852321353
  |->  par_lens = 2, 2, 2
[TDSE] Running TDSE-SH-elliptical. step 400, energy = -0.5000400852315734
  |->  par_lens = 2, 2, 2
[TDSE] Running TDSE-SH-elliptical. step 600, energy = -0.5000400852269914
  |->  par_lens = 2, 2, 2
[TDSE] Running TDSE-SH-elliptical. step 800, energy = -0.5000400852044959
  |->  par_lens = 2, 2, 2
[TDSE] Running TDSE-SH-elliptical. step 1000, energy = -0.5000400851292913
  |->  par_lens = 2, 2, 2
[TDSE] Running TDSE-SH-elliptical. step 1200, energy = -0.5000400849311414
  |->  par_lens = 2, 2, 2
[TDSE] Running TDSE-SH-elliptical. step 1400, energy = -0.5000400844875922
  |->  par_lens = 2, 2, 2
[TDSE] Running TDSE-SH-elliptical. step 1600, energy = -0.5000400836070438
  |->  par_lens = 2, 2, 2
[TDSE] Running TDSE-SH-elliptical. step 1800, energy = -0.5000400820055046
  |->  par_lens = 2, 2, 2
[TDSE] Running TDSE-SH-elliptical. step 2000, energy = -0.5000400792958847
  |->  par_lens = 2, 2, 2
[TDSE] Running TDSE-SH-elliptical. step 2200, energy = -0.5000400749563372
  |->  par_lens = 2, 2, 2
[TDSE] Running TDSE-SH-elliptical. step 2400, energy = -0.5000400683306045
  |->  par_lens = 2, 2, 2
[TDSE] Running TDSE-SH-elliptical. step 2600, energy = -0.5000400586022754
  |->  par_lens = 2, 2, 2
[TDSE] Running TDSE-SH-elliptical. step 2800, energy = -0.5000400447782334
  |->  par_lens = 2, 2, 2
[TDSE] Running TDSE-SH-elliptical. step 3000, energy = -0.5000400257173284
  |->  par_lens = 2, 2, 2
[TDSE] Running TDSE-SH-elliptical. step 3200, energy = -0.500040000055519
  |->  par_lens = 2, 2, 2
[TDSE] Running TDSE-SH-elliptical. step 3400, energy = -0.5000399663282223
  |->  par_lens = 2, 2, 2
[TDSE] Running TDSE-SH-elliptical. step 3600, energy = -0.5000399227993264
  |->  par_lens = 2, 2, 2
[TDSE] Running TDSE-SH-elliptical. step 3800, energy = -0.5000398676576879
  |->  par_lens = 2, 2, 2
[TDSE] Running TDSE-SH-elliptical. step 4000, energy = -0.5000397990165244
  |->  par_lens = 2, 2, 2
[TDSE] Running TDSE-SH-elliptical. step 4200, energy = -0.5000397145714959
  |->  par_lens = 2, 2, 2
[TDSE] Running TDSE-SH-elliptical. step 4400, energy = -0.5000396123703961
  |->  par_lens = 2, 2, 2
[TDSE] Running TDSE-SH-elliptical. step 4600, energy = -0.500039490038123
  |->  par_lens = 2, 2, 2
[TDSE] Running TDSE-SH-elliptical. step 4800, energy = -0.5000393453236863
  |->  par_lens = 2, 2, 2
[TDSE] Running TDSE-SH-elliptical. step 5000, energy = -0.500039175990712
  |->  par_lens = 2, 2, 2
[TDSE] Running TDSE-SH-elliptical. step 5200, energy = -0.5000389795314093
  |->  par_lens = 2, 2, 2
[TDSE] Running TDSE-SH-elliptical. step 5400, energy = -0.5000387545800833
  |->  par_lens = 2, 2, 2
[TDSE] Running TDSE-SH-elliptical. step 5600, energy = -0.5000384980645777
  |->  par_lens = 2, 2, 2
[TDSE] Running TDSE-SH-elliptical. step 5800, energy = -0.5000382085809614
  |->  par_lens = 2, 2, 2
[TDSE] Running TDSE-SH-elliptical. step 6000, energy = -0.5000378851198081
  |->  par_lens = 2, 2, 2
[TDSE] Running TDSE-SH-elliptical. step 6200, energy = -0.500037524943135
  |->  par_lens = 2, 2, 2
[TDSE] Running TDSE-SH-elliptical. step 6400, energy = -0.5000371280689443
  |->  par_lens = 2, 2, 2
[TDSE] Running TDSE-SH-elliptical. step 6600, energy = -0.5000366924638133
  |->  par_lens = 2, 2, 2
[TDSE] Running TDSE-SH-elliptical. step 6800, energy = -0.5000362189704278
  |->  par_lens = 2, 2, 2
[TDSE] Running TDSE-SH-elliptical. step 7000, energy = -0.5000357066998096
  |->  par_lens = 2, 2, 2
[TDSE] Running TDSE-SH-elliptical. step 7200, energy = -0.500035154121512
  |->  par_lens = 2, 2, 2
[TDSE] Running TDSE-SH-elliptical. step 7400, energy = -0.5000345656575629
  |->  par_lens = 2, 2, 2
[TDSE] Running TDSE-SH-elliptical. step 7600, energy = -0.5000339382136657
  |->  par_lens = 2, 2, 2
[TDSE] Running TDSE-SH-elliptical. step 7800, energy = -0.5000332749780819
  |->  par_lens = 2, 2, 2
[TDSE] Running TDSE-SH-elliptical. step 8000, energy = -0.5000325780720785
  |->  par_lens = 2, 2, 2
[TDSE] Running TDSE-SH-elliptical. step 8200, energy = -0.500031846799344
  |->  par_lens = 2, 2, 2
[TDSE] Running TDSE-SH-elliptical. step 8400, energy = -0.5000310877447461
  |->  par_lens = 2, 2, 2
[TDSE] Running TDSE-SH-elliptical. step 8600, energy = -0.5000302984358449
  |->  par_lens = 4, 2, 2
[TDSE] Running TDSE-SH-elliptical. step 8800, energy = -0.5000294862988814
  |->  par_lens = 4, 2, 2
[TDSE] Running TDSE-SH-elliptical. step 9000, energy = -0.5000286518631948
  |->  par_lens = 4, 3, 3
[TDSE] Running TDSE-SH-elliptical. step 9200, energy = -0.5000277964426738
  |->  par_lens = 4, 3, 3
[TDSE] Running TDSE-SH-elliptical. step 9400, energy = -0.5000269320390394
  |->  par_lens = 4, 3, 3
[TDSE] Running TDSE-SH-elliptical. step 9600, energy = -0.5000260507251483
  |->  par_lens = 4, 3, 3
[TDSE] Running TDSE-SH-elliptical. step 9800, energy = -0.5000251628235554
  |->  par_lens = 4, 3, 3
[TDSE] Running TDSE-SH-elliptical. step 10000, energy = -0.500024273553862
  |->  par_lens = 4, 3, 3
[TDSE] Running TDSE-SH-elliptical. step 10200, energy = -0.5000231625119768
  |->  par_lens = 4, 3, 3
[TDSE] Running TDSE-SH-elliptical. step 10400, energy = -0.5000206622129213
  |->  par_lens = 4, 3, 3
[TDSE] Running TDSE-SH-elliptical. step 10600, energy = -0.5000185066775444
  |->  par_lens = 4, 3, 3
[TDSE] Running TDSE-SH-elliptical. step 10800, energy = -0.5000217315758833
  |->  par_lens = 4, 3, 3
[TDSE] Running TDSE-SH-elliptical. step 11000, energy = -0.5000317217320845
  |->  par_lens = 4, 3, 3
[TDSE] Running TDSE-SH-elliptical. step 11200, energy = -0.5000338206519237
  |->  par_lens = 4, 3, 3
[TDSE] Running TDSE-SH-elliptical. step 11400, energy = -0.5000068920979239
  |->  par_lens = 4, 3, 3
[TDSE] Running TDSE-SH-elliptical. step 11600, energy = -0.4999608449871483
  |->  par_lens = 4, 3, 3
[TDSE] Running TDSE-SH-elliptical. step 11800, energy = -0.4999379931412735
  |->  par_lens = 4, 3, 3
[TDSE] Running TDSE-SH-elliptical. step 12000, energy = -0.4999125014101373
  |->  par_lens = 4, 4, 3
[TDSE] Running TDSE-SH-elliptical. step 12200, energy = -0.4997041732164501
  |->  par_lens = 5, 5, 5
[TDSE] Running TDSE-SH-elliptical. step 12400, energy = -0.49913358751302733
  |->  par_lens = 5, 5, 6
[TDSE] Running TDSE-SH-elliptical. step 12600, energy = -0.49838157294527297
  |->  par_lens = 7, 7, 7
[TDSE] Running TDSE-SH-elliptical. step 12800, energy = -0.4980455187043195
  |->  par_lens = 7, 7, 7
[TDSE] Running TDSE-SH-elliptical. step 13000, energy = -0.498512167643711
  |->  par_lens = 8, 7, 7
[TDSE] Running TDSE-SH-elliptical. step 13200, energy = -0.4991984327423531
  |->  par_lens = 8, 7, 7
[TDSE] Running TDSE-SH-elliptical. step 13400, energy = -0.49884445626097235
  |->  par_lens = 9, 7, 7
[TDSE] Running TDSE-SH-elliptical. step 13600, energy = -0.497029869421388
  |->  par_lens = 9, 8, 7
[TDSE] Running TDSE-SH-elliptical. step 13800, energy = -0.4952055439111017
  |->  par_lens = 10, 8, 8
[TDSE] Running TDSE-SH-elliptical. step 14000, energy = -0.4953314550811411
  |->  par_lens = 10, 10, 8
[TDSE] Running TDSE-SH-elliptical. step 14200, energy = -0.4970741508437468
  |->  par_lens = 10, 9, 8
[TDSE] Running TDSE-SH-elliptical. step 14400, energy = -0.497140948845755
  |->  par_lens = 9, 10, 8
[TDSE] Running TDSE-SH-elliptical. step 14600, energy = -0.49279833473452805
  |->  par_lens = 10, 10, 10
[TDSE] Running TDSE-SH-elliptical. step 14800, energy = -0.48617133826225345
  |->  par_lens = 13, 12, 13
[TDSE] Running TDSE-SH-elliptical. step 15000, energy = -0.4833292339757721
  |->  par_lens = 14, 13, 13
[TDSE] Running TDSE-SH-elliptical. step 15200, energy = -0.48743720333322377
  |->  par_lens = 17, 17, 16
[TDSE] Running TDSE-SH-elliptical. step 15400, energy = -0.493464900886667
  |->  par_lens = 18, 18, 17
[TDSE] Running TDSE-SH-elliptical. step 15600, energy = -0.4923486597233437
  |->  par_lens = 18, 19, 17
[TDSE] Running TDSE-SH-elliptical. step 15800, energy = -0.48191799241664096
  |->  par_lens = 18, 19, 16
[TDSE] Running TDSE-SH-elliptical. step 16000, energy = -0.47158751231206025
  |->  par_lens = 19, 19, 20
[TDSE] Running TDSE-SH-elliptical. step 16200, energy = -0.47267579274356525
  |->  par_lens = 20, 22, 21
[TDSE] Running TDSE-SH-elliptical. step 16400, energy = -0.4835603231018027
  |->  par_lens = 21, 24, 25
[TDSE] Running TDSE-SH-elliptical. step 16600, energy = -0.4884178283590342
  |->  par_lens = 21, 24, 24
[TDSE] Running TDSE-SH-elliptical. step 16800, energy = -0.474724816024908
  |->  par_lens = 20, 23, 23
[TDSE] Running TDSE-SH-elliptical. step 17000, energy = -0.45086992629443484
  |->  par_lens = 25, 25, 26
[TDSE] Running TDSE-SH-elliptical. step 17200, energy = -0.4403530762398793
  |->  par_lens = 28, 30, 30
[TDSE] Running TDSE-SH-elliptical. step 17400, energy = -0.4548967024102216
  |->  par_lens = 39, 40, 36
[TDSE] Running TDSE-SH-elliptical. step 17600, energy = -0.47708132919917207
  |->  par_lens = 41, 44, 46
[TDSE] Running TDSE-SH-elliptical. step 17800, energy = -0.4767984556343531
  |->  par_lens = 43, 45, 48
[TDSE] Running TDSE-SH-elliptical. step 18000, energy = -0.44707610808342985
  |->  par_lens = 44, 41, 40
[TDSE] Running TDSE-SH-elliptical. step 18200, energy = -0.41684694087893887
  |->  par_lens = 45, 42, 43
[TDSE] Running TDSE-SH-elliptical. step 18400, energy = -0.41959682474648863
  |->  par_lens = 49, 52, 52
[TDSE] Running TDSE-SH-elliptical. step 18600, energy = -0.4517284639272592
  |->  par_lens = 63, 59, 58
[TDSE] Running TDSE-SH-elliptical. step 18800, energy = -0.4707037167803487
  |->  par_lens = 60, 65, 63
[TDSE] Running TDSE-SH-elliptical. step 19000, energy = -0.44301235504277836
  |->  par_lens = 60, 62, 60
[TDSE] Running TDSE-SH-elliptical. step 19200, energy = -0.38834818284587075
  |->  par_lens = 55, 57, 54
[TDSE] Running TDSE-SH-elliptical. step 19400, energy = -0.36307886271495826
  |->  par_lens = 65, 65, 63
[TDSE] Running TDSE-SH-elliptical. step 19600, energy = -0.39541813013977173
  |->  par_lens = 83, 84, 84
[TDSE] Running TDSE-SH-elliptical. step 19800, energy = -0.4473619342738056
  |->  par_lens = 97, 97, 100
[TDSE] Running TDSE-SH-elliptical. step 20000, energy = -0.4525606322804655
  |->  par_lens = 103, 98, 101
[TDSE] Running TDSE-SH-elliptical. step 20200, energy = -0.3948089755031468
  |->  par_lens = 97, 94, 97
[TDSE] Running TDSE-SH-elliptical. step 20400, energy = -0.3338890947706259
  |->  par_lens = 81, 85, 78
[TDSE] Running TDSE-SH-elliptical. step 20600, energy = -0.33761151207798085
  |->  par_lens = 102, 102, 102
[TDSE] Running TDSE-SH-elliptical. step 20800, energy = -0.40179355116619164
  |->  par_lens = 129, 126, 124
[TDSE] Running TDSE-SH-elliptical. step 21000, energy = -0.4452729655792191
  |->  par_lens = 135, 136, 136
[TDSE] Running TDSE-SH-elliptical. step 21200, energy = -0.4036806709561273
  |->  par_lens = 134, 135, 134
[TDSE] Running TDSE-SH-elliptical. step 21400, energy = -0.31010509602937925
  |->  par_lens = 113, 118, 113
[TDSE] Running TDSE-SH-elliptical. step 21600, energy = -0.26507616483843344
  |->  par_lens = 112, 115, 113
[TDSE] Running TDSE-SH-elliptical. step 21800, energy = -0.31780785910596576
  |->  par_lens = 155, 154, 151
[TDSE] Running TDSE-SH-elliptical. step 22000, energy = -0.4085601352197784
  |->  par_lens = 181, 182, 186
[TDSE] Running TDSE-SH-elliptical. step 22200, energy = -0.4252838911489762
  |->  par_lens = 189, 190, 192
[TDSE] Running TDSE-SH-elliptical. step 22400, energy = -0.339089438112181
  |->  par_lens = 185, 183, 187
[TDSE] Running TDSE-SH-elliptical. step 22600, energy = -0.24421829136663
  |->  par_lens = 154, 158, 158
[TDSE] Running TDSE-SH-elliptical. step 22800, energy = -0.2472389568761929
  |->  par_lens = 172, 172, 170
[TDSE] Running TDSE-SH-elliptical. step 23000, energy = -0.3449796417315879
  |->  par_lens = 215, 215, 217
[TDSE] Running TDSE-SH-elliptical. step 23200, energy = -0.41832695013047644
  |->  par_lens = 234, 234, 235
[TDSE] Running TDSE-SH-elliptical. step 23400, energy = -0.3689547664849492
  |->  par_lens = 235, 232, 233
[TDSE] Running TDSE-SH-elliptical. step 23600, energy = -0.24045551179657312
  |->  par_lens = 209, 209, 205
[TDSE] Running TDSE-SH-elliptical. step 23800, energy = -0.17646455168654832
  |->  par_lens = 188, 183, 192
[TDSE] Running TDSE-SH-elliptical. step 24000, energy = -0.24471679922127443
  |->  par_lens = 236, 243, 233
[TDSE] Running TDSE-SH-elliptical. step 24200, energy = -0.3713496261676513
  |->  par_lens = 279, 276, 281
[TDSE] Running TDSE-SH-elliptical. step 24400, energy = -0.40370029556480513
  |->  par_lens = 288, 284, 288
[TDSE] Running TDSE-SH-elliptical. step 24600, energy = -0.29981486067741836
  |->  par_lens = 280, 278, 275
[TDSE] Running TDSE-SH-elliptical. step 24800, energy = -0.17931857638818752
  |->  par_lens = 241, 243, 247
[TDSE] Running TDSE-SH-elliptical. step 25000, energy = -0.18011233586516787
  |->  par_lens = 245, 244, 242
[TDSE] Running TDSE-SH-elliptical. step 25200, energy = -0.2999572636612729
  |->  par_lens = 294, 290, 292
[TDSE] Running TDSE-SH-elliptical. step 25400, energy = -0.39830746466150546
  |->  par_lens = 320, 317, 318
[TDSE] Running TDSE-SH-elliptical. step 25600, energy = -0.3512284822556114
  |->  par_lens = 321, 316, 316
[TDSE] Running TDSE-SH-elliptical. step 25800, energy = -0.20558425324331261
  |->  par_lens = 288, 289, 290
[TDSE] Running TDSE-SH-elliptical. step 26000, energy = -0.1298853204700539
  |->  par_lens = 275, 278, 276
[TDSE] Running TDSE-SH-elliptical. step 26200, energy = -0.20314723205448232
  |->  par_lens = 307, 306, 306
[TDSE] Running TDSE-SH-elliptical. step 26400, energy = -0.34860987014798867
  |->  par_lens = 346, 341, 348
[TDSE] Running TDSE-SH-elliptical. step 26600, energy = -0.3952735202479689
  |->  par_lens = 357, 353, 355
[TDSE] Running TDSE-SH-elliptical. step 26800, energy = -0.29243483013965577
  |->  par_lens = 337, 345, 343
[TDSE] Running TDSE-SH-elliptical. step 27000, energy = -0.16540909338353096
  |->  par_lens = 321, 311, 317
[TDSE] Running TDSE-SH-elliptical. step 27200, energy = -0.16245229484753726
  |->  par_lens = 325, 316, 327
[TDSE] Running TDSE-SH-elliptical. step 27400, energy = -0.28489440095282137
  |->  par_lens = 352, 348, 348
[TDSE] Running TDSE-SH-elliptical. step 27600, energy = -0.3929777679248016
  |->  par_lens = 374, 367, 368
[TDSE] Running TDSE-SH-elliptical. step 27800, energy = -0.3573916562607354
  |->  par_lens = 370, 371, 367
[TDSE] Running TDSE-SH-elliptical. step 28000, energy = -0.21992074062007386
  |->  par_lens = 349, 353, 349
[TDSE] Running TDSE-SH-elliptical. step 28200, energy = -0.1439121424990664
  |->  par_lens = 335, 340, 336
[TDSE] Running TDSE-SH-elliptical. step 28400, energy = -0.21008174088099463
  |->  par_lens = 359, 363, 364
[TDSE] Running TDSE-SH-elliptical. step 28600, energy = -0.3498524281657773
  |->  par_lens = 382, 376, 372
[TDSE] Running TDSE-SH-elliptical. step 28800, energy = -0.40355025869975186
  |->  par_lens = 385, 385, 385
[TDSE] Running TDSE-SH-elliptical. step 29000, energy = -0.3202108330417505
  |->  par_lens = 377, 381, 373
[TDSE] Running TDSE-SH-elliptical. step 29200, energy = -0.2084618065584766
  |->  par_lens = 362, 357, 359
[TDSE] Running TDSE-SH-elliptical. step 29400, energy = -0.20182118539785296
  |->  par_lens = 354, 355, 346
[TDSE] Running TDSE-SH-elliptical. step 29600, energy = -0.30705604465434344
  |->  par_lens = 372, 370, 369
[TDSE] Running TDSE-SH-elliptical. step 29800, energy = -0.4050143702370463
  |->  par_lens = 384, 387, 378
[TDSE] Running TDSE-SH-elliptical. step 30000, energy = -0.384523546208116
  |->  par_lens = 381, 386, 373
[TDSE] Running TDSE-SH-elliptical. step 30200, energy = -0.27663892769115106
  |->  par_lens = 370, 377, 361
[TDSE] Running TDSE-SH-elliptical. step 30400, energy = -0.21277901354678075
  |->  par_lens = 357, 364, 357
[TDSE] Running TDSE-SH-elliptical. step 30600, energy = -0.26296621661728986
  |->  par_lens = 366, 385, 370
[TDSE] Running TDSE-SH-elliptical. step 30800, energy = -0.37558371510215394
  |->  par_lens = 385, 392, 382
[TDSE] Running TDSE-SH-elliptical. step 31000, energy = -0.42521239986218023
  |->  par_lens = 389, 399, 387
[TDSE] Running TDSE-SH-elliptical. step 31200, energy = -0.3707403428217031
  |->  par_lens = 383, 391, 389
[TDSE] Running TDSE-SH-elliptical. step 31400, energy = -0.28993662657693325
  |->  par_lens = 373, 380, 375
[TDSE] Running TDSE-SH-elliptical. step 31600, energy = -0.2817630130984515
  |->  par_lens = 360, 367, 369
[TDSE] Running TDSE-SH-elliptical. step 31800, energy = -0.3571568564574335
  |->  par_lens = 375, 372, 374
[TDSE] Running TDSE-SH-elliptical. step 32000, energy = -0.4295669409027719
  |->  par_lens = 381, 381, 376
[TDSE] Running TDSE-SH-elliptical. step 32200, energy = -0.4221585476790027
  |->  par_lens = 379, 380, 375
[TDSE] Running TDSE-SH-elliptical. step 32400, energy = -0.3528529135707677
  |->  par_lens = 374, 373, 374
[TDSE] Running TDSE-SH-elliptical. step 32600, energy = -0.3080777141063573
  |->  par_lens = 369, 375, 370
[TDSE] Running TDSE-SH-elliptical. step 32800, energy = -0.33950805264118716
  |->  par_lens = 380, 385, 386
[TDSE] Running TDSE-SH-elliptical. step 33000, energy = -0.4135181529640039
  |->  par_lens = 387, 395, 392
[TDSE] Running TDSE-SH-elliptical. step 33200, energy = -0.45158726518620657
  |->  par_lens = 394, 400, 394
[TDSE] Running TDSE-SH-elliptical. step 33400, energy = -0.4245366935139654
  |->  par_lens = 391, 395, 395
[TDSE] Running TDSE-SH-elliptical. step 33600, energy = -0.3777308434511497
  |->  par_lens = 379, 387, 382
[TDSE] Running TDSE-SH-elliptical. step 33800, energy = -0.37194060850615535
  |->  par_lens = 369, 371, 376
[TDSE] Running TDSE-SH-elliptical. step 34000, energy = -0.4140716536790699
  |->  par_lens = 360, 369, 367
[TDSE] Running TDSE-SH-elliptical. step 34200, energy = -0.4569156056852426
  |->  par_lens = 376, 367, 374
[TDSE] Running TDSE-SH-elliptical. step 34400, energy = -0.4561520667176627
  |->  par_lens = 371, 367, 373
[TDSE] Running TDSE-SH-elliptical. step 34600, energy = -0.4209741507573654
  |->  par_lens = 370, 361, 369
[TDSE] Running TDSE-SH-elliptical. step 34800, energy = -0.3969962654295312
  |->  par_lens = 366, 368, 377
[TDSE] Running TDSE-SH-elliptical. step 35000, energy = -0.41275033178911946
  |->  par_lens = 375, 377, 379
[TDSE] Running TDSE-SH-elliptical. step 35200, energy = -0.45068853847232526
  |->  par_lens = 378, 385, 386
[TDSE] Running TDSE-SH-elliptical. step 35400, energy = -0.4730129438354407
  |->  par_lens = 384, 385, 387
[TDSE] Running TDSE-SH-elliptical. step 35600, energy = -0.46432740715457993
  |->  par_lens = 381, 390, 385
[TDSE] Running TDSE-SH-elliptical. step 35800, energy = -0.4452868564820122
  |->  par_lens = 371, 385, 381
[TDSE] Running TDSE-SH-elliptical. step 36000, energy = -0.44203900819282804
  |->  par_lens = 364, 374, 371
[TDSE] Running TDSE-SH-elliptical. step 36200, energy = -0.45983778518851665
  |->  par_lens = 352, 360, 360
[TDSE] Running TDSE-SH-elliptical. step 36400, energy = -0.4776086898326913
  |->  par_lens = 344, 347, 358
[TDSE] Running TDSE-SH-elliptical. step 36600, energy = -0.4786860110573737
  |->  par_lens = 338, 346, 348
[TDSE] Running TDSE-SH-elliptical. step 36800, energy = -0.4657369962145142
  |->  par_lens = 337, 345, 348
[TDSE] Running TDSE-SH-elliptical. step 37000, energy = -0.4567851028334773
  |->  par_lens = 341, 346, 356
[TDSE] Running TDSE-SH-elliptical. step 37200, energy = -0.46224375256390526
  |->  par_lens = 348, 359, 356
[TDSE] Running TDSE-SH-elliptical. step 37400, energy = -0.4762473743388237
  |->  par_lens = 356, 360, 351
[TDSE] Running TDSE-SH-elliptical. step 37600, energy = -0.4856929953703461
  |->  par_lens = 352, 362, 349
[TDSE] Running TDSE-SH-elliptical. step 37800, energy = -0.48522577826072255
  |->  par_lens = 346, 355, 352
[TDSE] Running TDSE-SH-elliptical. step 38000, energy = -0.4807379875154458
  |->  par_lens = 337, 347, 341
[TDSE] Running TDSE-SH-elliptical. step 38200, energy = -0.4800497457108621
  |->  par_lens = 319, 332, 323
[TDSE] Running TDSE-SH-elliptical. step 38400, energy = -0.4843690666854339
  |->  par_lens = 296, 305, 310
[TDSE] Running TDSE-SH-elliptical. step 38600, energy = -0.48867886515784426
  |->  par_lens = 288, 297, 296
[TDSE] Running TDSE-SH-elliptical. step 38800, energy = -0.4889484089499157
  |->  par_lens = 278, 286, 280
[TDSE] Running TDSE-SH-elliptical. step 39000, energy = -0.4861296561966778
  |->  par_lens = 271, 279, 276
[TDSE] Running TDSE-SH-elliptical. step 39200, energy = -0.4841971955018321
  |->  par_lens = 271, 274, 272
[TDSE] Running TDSE-SH-elliptical. step 39400, energy = -0.4853303803708298
  |->  par_lens = 271, 283, 274
[TDSE] Running TDSE-SH-elliptical. step 39600, energy = -0.48828012851986263
  |->  par_lens = 271, 280, 275
[TDSE] Running TDSE-SH-elliptical. step 39800, energy = -0.49065510379130123
  |->  par_lens = 276, 278, 274
[TDSE] Running TDSE-SH-elliptical. step 40000, energy = -0.4914244692695625
  |->  par_lens = 273, 272, 274
[TDSE] Running TDSE-SH-elliptical. step 40200, energy = -0.4913505932851195
  |->  par_lens = 267, 270, 272
[TDSE] Running TDSE-SH-elliptical. step 40400, energy = -0.49136893360581807
  |->  par_lens = 265, 267, 268
[TDSE] Running TDSE-SH-elliptical. step 40600, energy = -0.49167525598419276
  |->  par_lens = 262, 266, 263
[TDSE] Running TDSE-SH-elliptical. step 40800, energy = -0.491852537420576
  |->  par_lens = 258, 258, 258
[TDSE] Running TDSE-SH-elliptical. step 41000, energy = -0.4917301146771189
  |->  par_lens = 258, 255, 249
[TDSE] Running TDSE-SH-elliptical. step 41200, energy = -0.4914217450692092
  |->  par_lens = 256, 251, 249
[TDSE] Running TDSE-SH-elliptical. step 41400, energy = -0.4912977491367059
  |->  par_lens = 255, 248, 247
[TDSE] Running TDSE-SH-elliptical. step 41600, energy = -0.49137866462468105
  |->  par_lens = 252, 249, 247
[TDSE] Running TDSE-SH-elliptical. step 41800, energy = -0.4915470330305675
  |->  par_lens = 254, 246, 247
[TDSE] Running TDSE-SH-elliptical. step 42000, energy = -0.49174596919972896
  |->  par_lens = 253, 248, 245
[TDSE] Running TDSE-SH-elliptical. step 42200, energy = -0.4918300186448948
  |->  par_lens = 252, 247, 244
[TDSE] Running TDSE-SH-elliptical. step 42400, energy = -0.4918935412163165
  |->  par_lens = 250, 246, 245
[TDSE] Running TDSE-SH-elliptical. step 42600, energy = -0.491904351205512
  |->  par_lens = 247, 245, 244
[TDSE] Running TDSE-SH-elliptical. step 42800, energy = -0.4918984607968171
  |->  par_lens = 249, 245, 246
[TDSE] Running TDSE-SH-elliptical. step 43000, energy = -0.4919219947782188
  |->  par_lens = 248, 247, 247
[TDSE] Running TDSE-SH-elliptical. step 43200, energy = -0.49191067380233977
  |->  par_lens = 249, 246, 248
[TDSE] Running TDSE-SH-elliptical. step 43400, energy = -0.4919413596789221
  |->  par_lens = 248, 248, 248
[TDSE] Running TDSE-SH-elliptical. step 43600, energy = -0.4919467330022043
  |->  par_lens = 250, 247, 247
[TDSE] Running TDSE-SH-elliptical. step 43800, energy = -0.49194815772747336
  |->  par_lens = 249, 247, 248
[TDSE] Running TDSE-SH-elliptical. step 44000, energy = -0.49198644014364795
  |->  par_lens = 249, 249, 248
[TDSE] Running TDSE-SH-elliptical. step 44200, energy = -0.4919855429732061
  |->  par_lens = 249, 250, 251
[TDSE] Running TDSE-SH-elliptical. step 44400, energy = -0.49201433634335234
  |->  par_lens = 248, 250, 252
[TDSE] Running TDSE-SH-elliptical. step 44600, energy = -0.4920116986654958
  |->  par_lens = 249, 251, 251
[TDSE] Running TDSE-SH-elliptical. step 44800, energy = -0.4920191230945084
  |->  par_lens = 248, 251, 252
[TDSE] Running TDSE-SH-elliptical. step 45000, energy = -0.49205981631174167
  |->  par_lens = 248, 252, 253
[TDSE] Running TDSE-SH-elliptical. step 45200, energy = -0.49206207291197757
  |->  par_lens = 247, 254, 254
[TDSE] Running TDSE-SH-elliptical. step 45400, energy = -0.49210915789714915
  |->  par_lens = 248, 256, 254
[TDSE] Running TDSE-SH-elliptical. step 45600, energy = -0.49211824465036313
  |->  par_lens = 250, 255, 254
[TDSE] Running TDSE-SH-elliptical. step 45800, energy = -0.49212426066257486
  |->  par_lens = 248, 256, 254
[TDSE] Running TDSE-SH-elliptical. step 46000, energy = -0.492154058897156
  |->  par_lens = 251, 257, 255
[TDSE] Running TDSE-SH-elliptical. step 46200, energy = -0.4921489789291631
  |->  par_lens = 252, 256, 256
[TDSE] Running TDSE-SH-elliptical. step 46400, energy = -0.49219322158197715
  |->  par_lens = 253, 257, 255
[TDSE] Running TDSE-SH-elliptical. step 46600, energy = -0.49220509531764745
  |->  par_lens = 255, 256, 255
[TDSE] Running TDSE-SH-elliptical. step 46800, energy = -0.4922316943326254
  |->  par_lens = 255, 257, 255
[TDSE] Running TDSE-SH-elliptical. step 47000, energy = -0.49227129922395335
  |->  par_lens = 255, 259, 256
[TDSE] Running TDSE-SH-elliptical. step 47200, energy = -0.4922620937330441
  |->  par_lens = 256, 257, 256
[TDSE] Running TDSE-SH-elliptical. step 47400, energy = -0.4923063019427557
  |->  par_lens = 258, 258, 257
[TDSE] Running TDSE-SH-elliptical. step 47600, energy = -0.49231386292403306
  |->  par_lens = 258, 260, 257
[TDSE] Running TDSE-SH-elliptical. step 47800, energy = -0.49233223819678035
  |->  par_lens = 260, 260, 258
[TDSE] Running TDSE-SH-elliptical. step 48000, energy = -0.49236818805265764
  |->  par_lens = 261, 261, 260
[TDSE] Running TDSE-SH-elliptical. step 48200, energy = -0.49237381288113025
  |->  par_lens = 260, 262, 260
[TDSE] Running TDSE-SH-elliptical. step 48400, energy = -0.4924286001766752
  |->  par_lens = 260, 263, 260
[TDSE] Running TDSE-SH-elliptical. step 48600, energy = -0.49243059244396964
  |->  par_lens = 261, 263, 262
[TDSE] Running TDSE-SH-elliptical. step 48800, energy = -0.492450607716955
  |->  par_lens = 261, 263, 263
[TDSE] Running TDSE-SH-elliptical. step 49000, energy = -0.49247744766082974
  |->  par_lens = 262, 264, 264
[TDSE] Running TDSE-SH-elliptical. step 49200, energy = -0.4924642133912996
  |->  par_lens = 262, 264, 262
[TDSE] Running TDSE-SH-elliptical. step 49400, energy = -0.4925113689321269
  |->  par_lens = 262, 263, 262
[TDSE] Running TDSE-SH-elliptical. step 49600, energy = -0.49251902157543415
  |->  par_lens = 262, 265, 263
[TDSE] Running TDSE-SH-elliptical. step 49800, energy = -0.49255210659726134
  |->  par_lens = 263, 265, 263
[TDSE] Running TDSE-SH-elliptical. step 50000, energy = -0.49258986159450224
  |->  par_lens = 265, 266, 263
[TDSE] Running TDSE-SH-elliptical. step 50200, energy = -0.49259719131948526
  |->  par_lens = 266, 266, 264
[TDSE] Running TDSE-SH-elliptical. step 50400, energy = -0.4926521168161384
  |->  par_lens = 266, 267, 267
[TDSE] Running TDSE-SH-elliptical. step 50600, energy = -0.4926440707629364
  |->  par_lens = 267, 269, 267
[TDSE] Running TDSE-SH-elliptical. step 50800, energy = -0.49266886232447377
  |->  par_lens = 267, 270, 267
[TDSE] Running TDSE-SH-elliptical. step 51000, energy = -0.4926946785166849
  |->  par_lens = 267, 269, 270
[TDSE] Running TDSE-SH-elliptical. step 51200, energy = -0.4926813974438618
  |->  par_lens = 267, 270, 270
[TDSE] Running TDSE-SH-elliptical. step 51400, energy = -0.4927195866882894
  |->  par_lens = 267, 270, 270
[TDSE] Running TDSE-SH-elliptical. step 51600, energy = -0.49271060257948285
  |->  par_lens = 268, 268, 269
[TDSE] Running TDSE-SH-elliptical. step 51800, energy = -0.492742257116584
  |->  par_lens = 269, 269, 271
[TDSE] Running TDSE-SH-elliptical. step 52000, energy = -0.4927630153424318
  |->  par_lens = 268, 269, 270
[TDSE] Running TDSE-SH-elliptical. step 52200, energy = -0.49275715885413995
  |->  par_lens = 269, 269, 271
[TDSE] Running TDSE-SH-elliptical. step 52400, energy = -0.49280840308586454
  |->  par_lens = 269, 269, 271
[TDSE] Running TDSE-SH-elliptical. step 52600, energy = -0.49280412340238067
  |->  par_lens = 270, 269, 274
[TDSE] Running TDSE-SH-elliptical. step 52800, energy = -0.492848182365168
  |->  par_lens = 270, 270, 274
[TDSE] Running TDSE-SH-elliptical. step 53000, energy = -0.492878789252878
  |->  par_lens = 271, 271, 274
