  Activating project at `~/JuliaProp_v0.1`
[ITP]: 10000.500040081823
[ITP]: 3.4096981904596646e-9
Energy of ground state: -0.5000400852322796
[TDSE] Start TDSE-SH for elliptical polarized laser. It may cost a plenty of time.
[TDSE] Running TDSE-SH-elliptical. step 0, energy = -0.5000400852322784
  |->  par_lens = 2, 2, 2
[TDSE] Running TDSE-SH-elliptical. step 200, energy = -0.5000400852321357
  |->  par_lens = 2, 2, 2
[TDSE] Running TDSE-SH-elliptical. step 400, energy = -0.5000400852317686
  |->  par_lens = 2, 2, 2
[TDSE] Running TDSE-SH-elliptical. step 600, energy = -0.5000400852293326
  |->  par_lens = 2, 2, 2
[TDSE] Running TDSE-SH-elliptical. step 800, energy = -0.5000400852177412
  |->  par_lens = 2, 2, 2
[TDSE] Running TDSE-SH-elliptical. step 1000, energy = -0.500040085179744
  |->  par_lens = 2, 2, 2
[TDSE] Running TDSE-SH-elliptical. step 1200, energy = -0.5000400850813149
  |->  par_lens = 2, 2, 2
[TDSE] Running TDSE-SH-elliptical. step 1400, energy = -0.5000400848645755
  |->  par_lens = 2, 2, 2
[TDSE] Running TDSE-SH-elliptical. step 1600, energy = -0.5000400844413572
  |->  par_lens = 2, 2, 2
[TDSE] Running TDSE-SH-elliptical. step 1800, energy = -0.5000400836842459
  |->  par_lens = 2, 2, 2
[TDSE] Running TDSE-SH-elliptical. step 2000, energy = -0.5000400824247124
  |->  par_lens = 2, 2, 2
[TDSE] Running TDSE-SH-elliptical. step 2200, energy = -0.5000400804415076
  |->  par_lens = 2, 2, 2
[TDSE] Running TDSE-SH-elliptical. step 2400, energy = -0.500040077465167
  |->  par_lens = 2, 2, 2
[TDSE] Running TDSE-SH-elliptical. step 2600, energy = -0.5000400731709193
  |->  par_lens = 2, 2, 2
[TDSE] Running TDSE-SH-elliptical. step 2800, energy = -0.5000400671753883
  |->  par_lens = 2, 2, 2
[TDSE] Running TDSE-SH-elliptical. step 3000, energy = -0.5000400590559081
  |->  par_lens = 2, 2, 2
[TDSE] Running TDSE-SH-elliptical. step 3200, energy = -0.5000400483210963
  |->  par_lens = 2, 2, 2
[TDSE] Running TDSE-SH-elliptical. step 3400, energy = -0.5000400344704395
  |->  par_lens = 2, 2, 2
[TDSE] Running TDSE-SH-elliptical. step 3600, energy = -0.5000400169255531
  |->  par_lens = 2, 2, 2
[TDSE] Running TDSE-SH-elliptical. step 3800, energy = -0.5000399951168604
  |->  par_lens = 2, 2, 2
[TDSE] Running TDSE-SH-elliptical. step 4000, energy = -0.5000399684895181
  |->  par_lens = 2, 2, 2
[TDSE] Running TDSE-SH-elliptical. step 4200, energy = -0.5000399363617617
  |->  par_lens = 2, 2, 2
[TDSE] Running TDSE-SH-elliptical. step 4400, energy = -0.5000398982450527
  |->  par_lens = 2, 2, 2
[TDSE] Running TDSE-SH-elliptical. step 4600, energy = -0.5000398535314958
  |->  par_lens = 2, 2, 2
[TDSE] Running TDSE-SH-elliptical. step 4800, energy = -0.500039801707751
  |->  par_lens = 2, 2, 2
[TDSE] Running TDSE-SH-elliptical. step 5000, energy = -0.5000397423193903
  |->  par_lens = 2, 2, 2
[TDSE] Running TDSE-SH-elliptical. step 5200, energy = -0.5000396748518803
  |->  par_lens = 2, 2, 2
[TDSE] Running TDSE-SH-elliptical. step 5400, energy = -0.5000395992626386
  |->  par_lens = 2, 2, 2
[TDSE] Running TDSE-SH-elliptical. step 5600, energy = -0.5000395149172447
  |->  par_lens = 2, 2, 2
[TDSE] Running TDSE-SH-elliptical. step 5800, energy = -0.5000394218233833
  |->  par_lens = 2, 2, 2
[TDSE] Running TDSE-SH-elliptical. step 6000, energy = -0.5000393201627936
  |->  par_lens = 2, 2, 2
[TDSE] Running TDSE-SH-elliptical. step 6200, energy = -0.5000392095193313
  |->  par_lens = 2, 2, 2
[TDSE] Running TDSE-SH-elliptical. step 6400, energy = -0.5000390904547686
  |->  par_lens = 2, 2, 2
[TDSE] Running TDSE-SH-elliptical. step 6600, energy = -0.5000389628422419
  |->  par_lens = 2, 2, 2
[TDSE] Running TDSE-SH-elliptical. step 6800, energy = -0.5000388275093592
  |->  par_lens = 2, 2, 2
[TDSE] Running TDSE-SH-elliptical. step 7000, energy = -0.5000386847058677
  |->  par_lens = 2, 2, 2
[TDSE] Running TDSE-SH-elliptical. step 7200, energy = -0.5000385344539514
  |->  par_lens = 2, 2, 2
[TDSE] Running TDSE-SH-elliptical. step 7400, energy = -0.5000383786560425
  |->  par_lens = 2, 2, 2
[TDSE] Running TDSE-SH-elliptical. step 7600, energy = -0.5000382168128839
  |->  par_lens = 2, 2, 2
[TDSE] Running TDSE-SH-elliptical. step 7800, energy = -0.5000380503156818
  |->  par_lens = 2, 2, 2
[TDSE] Running TDSE-SH-elliptical. step 8000, energy = -0.500037880191457
  |->  par_lens = 2, 2, 2
[TDSE] Running TDSE-SH-elliptical. step 8200, energy = -0.5000377065635594
  |->  par_lens = 2, 2, 2
[TDSE] Running TDSE-SH-elliptical. step 8400, energy = -0.5000375316322146
  |->  par_lens = 2, 2, 2
[TDSE] Running TDSE-SH-elliptical. step 8600, energy = -0.5000373549059492
  |->  par_lens = 2, 2, 2
[TDSE] Running TDSE-SH-elliptical. step 8800, energy = -0.5000371786214411
  |->  par_lens = 2, 2, 2
[TDSE] Running TDSE-SH-elliptical. step 9000, energy = -0.5000370030400447
  |->  par_lens = 2, 2, 2
[TDSE] Running TDSE-SH-elliptical. step 9200, energy = -0.5000368285482774
  |->  par_lens = 2, 2, 2
[TDSE] Running TDSE-SH-elliptical. step 9400, energy = -0.5000366583122344
  |->  par_lens = 2, 2, 2
[TDSE] Running TDSE-SH-elliptical. step 9600, energy = -0.500036490144986
  |->  par_lens = 2, 2, 2
[TDSE] Running TDSE-SH-elliptical. step 9800, energy = -0.5000363265609508
  |->  par_lens = 2, 2, 2
[TDSE] Running TDSE-SH-elliptical. step 10000, energy = -0.5000361686837317
  |->  par_lens = 2, 2, 2
[TDSE] Running TDSE-SH-elliptical. step 10200, energy = -0.5000359071545006
  |->  par_lens = 2, 2, 2
[TDSE] Running TDSE-SH-elliptical. step 10400, energy = -0.5000349422188587
  |->  par_lens = 2, 2, 2
[TDSE] Running TDSE-SH-elliptical. step 10600, energy = -0.5000340441863524
  |->  par_lens = 2, 2, 2
[TDSE] Running TDSE-SH-elliptical. step 10800, energy = -0.5000352827936263
  |->  par_lens = 2, 2, 2
[TDSE] Running TDSE-SH-elliptical. step 11000, energy = -0.5000362939802054
  |->  par_lens = 2, 2, 2
[TDSE] Running TDSE-SH-elliptical. step 11200, energy = -0.5000210897313931
  |->  par_lens = 4, 3, 3
[TDSE] Running TDSE-SH-elliptical. step 11400, energy = -0.49997261908499285
  |->  par_lens = 4, 3, 3
[TDSE] Running TDSE-SH-elliptical. step 11600, energy = -0.49991117567386045
  |->  par_lens = 4, 3, 3
[TDSE] Running TDSE-SH-elliptical. step 11800, energy = -0.49989324451506884
  |->  par_lens = 4, 4, 3
[TDSE] Running TDSE-SH-elliptical. step 12000, energy = -0.49990427551045186
  |->  par_lens = 4, 4, 3
[TDSE] Running TDSE-SH-elliptical. step 12200, energy = -0.4997650942737441
  |->  par_lens = 5, 4, 4
[TDSE] Running TDSE-SH-elliptical. step 12400, energy = -0.49928144309883826
  |->  par_lens = 5, 5, 5
[TDSE] Running TDSE-SH-elliptical. step 12600, energy = -0.4986041423090945
  |->  par_lens = 7, 5, 7
[TDSE] Running TDSE-SH-elliptical. step 12800, energy = -0.4982936039033177
  |->  par_lens = 7, 7, 7
[TDSE] Running TDSE-SH-elliptical. step 13000, energy = -0.49870719145896414
  |->  par_lens = 7, 7, 7
[TDSE] Running TDSE-SH-elliptical. step 13200, energy = -0.49925564169748626
  |->  par_lens = 7, 7, 7
[TDSE] Running TDSE-SH-elliptical. step 13400, energy = -0.4987061339068093
  |->  par_lens = 7, 7, 7
[TDSE] Running TDSE-SH-elliptical. step 13600, energy = -0.4966971804764978
  |->  par_lens = 8, 8, 7
[TDSE] Running TDSE-SH-elliptical. step 13800, energy = -0.49475513588906245
  |->  par_lens = 9, 9, 8
[TDSE] Running TDSE-SH-elliptical. step 14000, energy = -0.49490516001012835
  |->  par_lens = 9, 10, 8
[TDSE] Running TDSE-SH-elliptical. step 14200, energy = -0.4968409416703843
  |->  par_lens = 8, 9, 8
[TDSE] Running TDSE-SH-elliptical. step 14400, energy = -0.49723867508682834
  |->  par_lens = 8, 9, 8
[TDSE] Running TDSE-SH-elliptical. step 14600, energy = -0.4932746874446013
  |->  par_lens = 10, 10, 10
[TDSE] Running TDSE-SH-elliptical. step 14800, energy = -0.4869466221298546
  |->  par_lens = 13, 12, 13
[TDSE] Running TDSE-SH-elliptical. step 15000, energy = -0.4842004257842439
  |->  par_lens = 14, 13, 13
[TDSE] Running TDSE-SH-elliptical. step 15200, energy = -0.4881285690454911
  |->  par_lens = 14, 15, 14
[TDSE] Running TDSE-SH-elliptical. step 15400, energy = -0.49371474621484923
  |->  par_lens = 15, 15, 14
[TDSE] Running TDSE-SH-elliptical. step 15600, energy = -0.49200603452297753
  |->  par_lens = 15, 15, 14
[TDSE] Running TDSE-SH-elliptical. step 15800, energy = -0.48101557124137867
  |->  par_lens = 16, 16, 14
[TDSE] Running TDSE-SH-elliptical. step 16000, energy = -0.4703583880757907
  |->  par_lens = 19, 18, 19
[TDSE] Running TDSE-SH-elliptical. step 16200, energy = -0.4715010252432416
  |->  par_lens = 20, 22, 19
[TDSE] Running TDSE-SH-elliptical. step 16400, energy = -0.4828561112677374
  |->  par_lens = 21, 22, 24
[TDSE] Running TDSE-SH-elliptical. step 16600, energy = -0.48849536195346155
  |->  par_lens = 21, 22, 24
[TDSE] Running TDSE-SH-elliptical. step 16800, energy = -0.47566781912024647
  |->  par_lens = 21, 22, 24
[TDSE] Running TDSE-SH-elliptical. step 17000, energy = -0.4524764231152276
  |->  par_lens = 24, 24, 25
[TDSE] Running TDSE-SH-elliptical. step 17200, energy = -0.4421723623050141
  |->  par_lens = 29, 30, 30
[TDSE] Running TDSE-SH-elliptical. step 17400, energy = -0.45635652608549154
  |->  par_lens = 37, 37, 34
[TDSE] Running TDSE-SH-elliptical. step 17600, energy = -0.47766929006426373
  |->  par_lens = 39, 41, 42
[TDSE] Running TDSE-SH-elliptical. step 17800, energy = -0.47624190139536665
  |->  par_lens = 38, 42, 45
[TDSE] Running TDSE-SH-elliptical. step 18000, energy = -0.44546150090480524
  |->  par_lens = 36, 38, 38
[TDSE] Running TDSE-SH-elliptical. step 18200, energy = -0.41462423033351287
  |->  par_lens = 41, 43, 41
[TDSE] Running TDSE-SH-elliptical. step 18400, energy = -0.41745506412419014
  |->  par_lens = 48, 50, 49
[TDSE] Running TDSE-SH-elliptical. step 18600, energy = -0.4503889660085904
  |->  par_lens = 60, 62, 56
[TDSE] Running TDSE-SH-elliptical. step 18800, energy = -0.4706803095506659
  |->  par_lens = 61, 65, 63
[TDSE] Running TDSE-SH-elliptical. step 19000, energy = -0.4444234883549322
  |->  par_lens = 59, 62, 63
[TDSE] Running TDSE-SH-elliptical. step 19200, energy = -0.39084206480563344
  |->  par_lens = 59, 53, 57
[TDSE] Running TDSE-SH-elliptical. step 19400, energy = -0.3659250034516826
  |->  par_lens = 65, 65, 64
[TDSE] Running TDSE-SH-elliptical. step 19600, energy = -0.39772703382406366
  |->  par_lens = 83, 82, 83
[TDSE] Running TDSE-SH-elliptical. step 19800, energy = -0.4483635577062841
  |->  par_lens = 93, 96, 100
[TDSE] Running TDSE-SH-elliptical. step 20000, energy = -0.4518633859779015
  |->  par_lens = 101, 96, 101
[TDSE] Running TDSE-SH-elliptical. step 20200, energy = -0.39255974500475393
  |->  par_lens = 92, 91, 96
[TDSE] Running TDSE-SH-elliptical. step 20400, energy = -0.33075701998547136
  |->  par_lens = 80, 81, 75
[TDSE] Running TDSE-SH-elliptical. step 20600, energy = -0.33456941251309413
  |->  par_lens = 98, 100, 102
[TDSE] Running TDSE-SH-elliptical. step 20800, energy = -0.39983689840948966
  |->  par_lens = 128, 125, 124
[TDSE] Running TDSE-SH-elliptical. step 21000, energy = -0.4450833557277211
  |->  par_lens = 137, 134, 138
[TDSE] Running TDSE-SH-elliptical. step 21200, energy = -0.4054026364981614
  |->  par_lens = 135, 135, 134
[TDSE] Running TDSE-SH-elliptical. step 21400, energy = -0.31325683686413214
  |->  par_lens = 119, 124, 121
[TDSE] Running TDSE-SH-elliptical. step 21600, energy = -0.2686959954471268
  |->  par_lens = 115, 121, 117
[TDSE] Running TDSE-SH-elliptical. step 21800, energy = -0.3207776777976021
  |->  par_lens = 154, 154, 155
[TDSE] Running TDSE-SH-elliptical. step 22000, energy = -0.4099239986078191
  |->  par_lens = 181, 181, 184
[TDSE] Running TDSE-SH-elliptical. step 22200, energy = -0.42457681313766504
  |->  par_lens = 186, 188, 189
[TDSE] Running TDSE-SH-elliptical. step 22400, energy = -0.33650289595225613
  |->  par_lens = 182, 181, 181
[TDSE] Running TDSE-SH-elliptical. step 22600, energy = -0.24057150588760914
  |->  par_lens = 151, 150, 140
[TDSE] Running TDSE-SH-elliptical. step 22800, energy = -0.24367410447792837
  |->  par_lens = 169, 170, 167
[TDSE] Running TDSE-SH-elliptical. step 23000, energy = -0.3426360486241025
  |->  par_lens = 213, 212, 212
[TDSE] Running TDSE-SH-elliptical. step 23200, energy = -0.41796128573216385
  |->  par_lens = 234, 237, 230
[TDSE] Running TDSE-SH-elliptical. step 23400, energy = -0.3707161785315237
  |->  par_lens = 233, 234, 233
[TDSE] Running TDSE-SH-elliptical. step 23600, energy = -0.24379926467684515
  |->  par_lens = 211, 211, 209
[TDSE] Running TDSE-SH-elliptical. step 23800, energy = -0.18032561918437384
  |->  par_lens = 189, 187, 191
[TDSE] Running TDSE-SH-elliptical. step 24000, energy = -0.24791772523507655
  |->  par_lens = 235, 230, 232
[TDSE] Running TDSE-SH-elliptical. step 24200, energy = -0.3728877642153004
  |->  par_lens = 272, 272, 276
[TDSE] Running TDSE-SH-elliptical. step 24400, energy = -0.4031165104187441
  |->  par_lens = 284, 280, 283
[TDSE] Running TDSE-SH-elliptical. step 24600, energy = -0.2973190195742487
  |->  par_lens = 273, 269, 274
[TDSE] Running TDSE-SH-elliptical. step 24800, energy = -0.17575039691574007
  |->  par_lens = 242, 239, 241
[TDSE] Running TDSE-SH-elliptical. step 25000, energy = -0.1766092351739543
  |->  par_lens = 240, 240, 246
[TDSE] Running TDSE-SH-elliptical. step 25200, energy = -0.29761190172451774
  |->  par_lens = 296, 292, 297
[TDSE] Running TDSE-SH-elliptical. step 25400, energy = -0.3978304110191699
  |->  par_lens = 323, 320, 324
[TDSE] Running TDSE-SH-elliptical. step 25600, energy = -0.35274311341182235
  |->  par_lens = 319, 318, 319
[TDSE] Running TDSE-SH-elliptical. step 25800, energy = -0.20856891199040406
  |->  par_lens = 293, 297, 299
[TDSE] Running TDSE-SH-elliptical. step 26000, energy = -0.13334733307336358
  |->  par_lens = 274, 276, 266
[TDSE] Running TDSE-SH-elliptical. step 26200, energy = -0.20603778975807688
  |->  par_lens = 306, 305, 299
[TDSE] Running TDSE-SH-elliptical. step 26400, energy = -0.350052164585855
  |->  par_lens = 343, 344, 351
[TDSE] Running TDSE-SH-elliptical. step 26600, energy = -0.394892017229973
  |->  par_lens = 351, 346, 354
[TDSE] Running TDSE-SH-elliptical. step 26800, energy = -0.29042743086320194
  |->  par_lens = 338, 336, 335
[TDSE] Running TDSE-SH-elliptical. step 27000, energy = -0.1625018503020525
  |->  par_lens = 314, 309, 313
[TDSE] Running TDSE-SH-elliptical. step 27200, energy = -0.15959361767622746
  |->  par_lens = 318, 325, 324
[TDSE] Running TDSE-SH-elliptical. step 27400, energy = -0.28295857048116674
  |->  par_lens = 354, 348, 349
[TDSE] Running TDSE-SH-elliptical. step 27600, energy = -0.39251185647792347
  |->  par_lens = 374, 372, 369
[TDSE] Running TDSE-SH-elliptical. step 27800, energy = -0.35846480103726713
  |->  par_lens = 369, 370, 368
[TDSE] Running TDSE-SH-elliptical. step 28000, energy = -0.2221067578776872
  |->  par_lens = 355, 353, 347
[TDSE] Running TDSE-SH-elliptical. step 28200, energy = -0.1464559963885071
  |->  par_lens = 337, 329, 336
[TDSE] Running TDSE-SH-elliptical. step 28400, energy = -0.212206939974072
  |->  par_lens = 353, 357, 356
[TDSE] Running TDSE-SH-elliptical. step 28600, energy = -0.3509448879768147
  |->  par_lens = 368, 375, 372
[TDSE] Running TDSE-SH-elliptical. step 28800, energy = -0.4033681774911093
  |->  par_lens = 381, 382, 380
[TDSE] Running TDSE-SH-elliptical. step 29000, energy = -0.31891880646904724
  |->  par_lens = 369, 377, 368
[TDSE] Running TDSE-SH-elliptical. step 29200, energy = -0.2065780959039293
  |->  par_lens = 355, 358, 354
[TDSE] Running TDSE-SH-elliptical. step 29400, energy = -0.19997849280181015
  |->  par_lens = 355, 356, 351
[TDSE] Running TDSE-SH-elliptical. step 29600, energy = -0.3058076703668583
  |->  par_lens = 369, 374, 371
[TDSE] Running TDSE-SH-elliptical. step 29800, energy = -0.4046775200949877
  |->  par_lens = 384, 393, 384
[TDSE] Running TDSE-SH-elliptical. step 30000, energy = -0.38510822020015295
  |->  par_lens = 389, 380, 379
[TDSE] Running TDSE-SH-elliptical. step 30200, energy = -0.2778657010526215
  |->  par_lens = 374, 380, 374
[TDSE] Running TDSE-SH-elliptical. step 30400, energy = -0.21418858933590573
  |->  par_lens = 359, 362, 364
[TDSE] Running TDSE-SH-elliptical. step 30600, energy = -0.2641258100926094
  |->  par_lens = 377, 385, 376
[TDSE] Running TDSE-SH-elliptical. step 30800, energy = -0.37618308288131025
  |->  par_lens = 388, 388, 384
[TDSE] Running TDSE-SH-elliptical. step 31000, energy = -0.4251645118055982
  |->  par_lens = 390, 390, 391
[TDSE] Running TDSE-SH-elliptical. step 31200, energy = -0.3701680567356853
  |->  par_lens = 386, 391, 390
[TDSE] Running TDSE-SH-elliptical. step 31400, energy = -0.289083930773535
  |->  par_lens = 371, 385, 375
[TDSE] Running TDSE-SH-elliptical. step 31600, energy = -0.2809398863010542
  |->  par_lens = 365, 367, 369
[TDSE] Running TDSE-SH-elliptical. step 31800, energy = -0.35661351137719643
  |->  par_lens = 381, 370, 374
[TDSE] Running TDSE-SH-elliptical. step 32000, energy = -0.4294102470842324
  |->  par_lens = 383, 383, 381
[TDSE] Running TDSE-SH-elliptical. step 32200, energy = -0.42237186712257957
  |->  par_lens = 376, 380, 381
[TDSE] Running TDSE-SH-elliptical. step 32400, energy = -0.35330477563684454
  |->  par_lens = 380, 376, 375
[TDSE] Running TDSE-SH-elliptical. step 32600, energy = -0.30859201191431324
  |->  par_lens = 380, 366, 378
[TDSE] Running TDSE-SH-elliptical. step 32800, energy = -0.3399265983808918
  |->  par_lens = 391, 383, 379
[TDSE] Running TDSE-SH-elliptical. step 33000, energy = -0.4137542278986256
  |->  par_lens = 390, 391, 389
[TDSE] Running TDSE-SH-elliptical. step 33200, energy = -0.4515912181985533
  |->  par_lens = 392, 392, 393
[TDSE] Running TDSE-SH-elliptical. step 33400, energy = -0.42435213945786937
  |->  par_lens = 396, 389, 393
[TDSE] Running TDSE-SH-elliptical. step 33600, energy = -0.377462980475121
  |->  par_lens = 395, 388, 381
[TDSE] Running TDSE-SH-elliptical. step 33800, energy = -0.3716876283734327
  |->  par_lens = 378, 376, 364
[TDSE] Running TDSE-SH-elliptical. step 34000, energy = -0.4139033464812038
  |->  par_lens = 379, 378, 382
[TDSE] Running TDSE-SH-elliptical. step 34200, energy = -0.45686453611926703
  |->  par_lens = 375, 375, 379
[TDSE] Running TDSE-SH-elliptical. step 34400, energy = -0.45620839845095296
  |->  par_lens = 379, 375, 370
[TDSE] Running TDSE-SH-elliptical. step 34600, energy = -0.42110303942068406
  |->  par_lens = 376, 373, 371
[TDSE] Running TDSE-SH-elliptical. step 34800, energy = -0.3971551904773887
  |->  par_lens = 371, 371, 381
[TDSE] Running TDSE-SH-elliptical. step 35000, energy = -0.4128843894557041
  |->  par_lens = 375, 376, 377
[TDSE] Running TDSE-SH-elliptical. step 35200, energy = -0.4507621835516865
  |->  par_lens = 382, 384, 384
[TDSE] Running TDSE-SH-elliptical. step 35400, energy = -0.47302076607108695
  |->  par_lens = 385, 384, 388
[TDSE] Running TDSE-SH-elliptical. step 35600, energy = -0.4642761640876099
  |->  par_lens = 384, 383, 384
[TDSE] Running TDSE-SH-elliptical. step 35800, energy = -0.4451976629254093
  |->  par_lens = 375, 379, 383
[TDSE] Running TDSE-SH-elliptical. step 36000, energy = -0.4419462817105257
  |->  par_lens = 371, 369, 369
[TDSE] Running TDSE-SH-elliptical. step 36200, energy = -0.45977198016733145
  |->  par_lens = 364, 365, 354
[TDSE] Running TDSE-SH-elliptical. step 36400, energy = -0.4775794047294358
  |->  par_lens = 359, 363, 355
[TDSE] Running TDSE-SH-elliptical. step 36600, energy = -0.4787151632979586
  |->  par_lens = 356, 359, 346
[TDSE] Running TDSE-SH-elliptical. step 36800, energy = -0.46579519419324444
  |->  par_lens = 349, 354, 351
[TDSE] Running TDSE-SH-elliptical. step 37000, energy = -0.4568694450503164
  |->  par_lens = 358, 361, 355
[TDSE] Running TDSE-SH-elliptical. step 37200, energy = -0.4623143013686766
  |->  par_lens = 355, 360, 366
[TDSE] Running TDSE-SH-elliptical. step 37400, energy = -0.4762974403878197
  |->  par_lens = 357, 365, 353
[TDSE] Running TDSE-SH-elliptical. step 37600, energy = -0.48570148697747134
  |->  par_lens = 356, 358, 350
[TDSE] Running TDSE-SH-elliptical. step 37800, energy = -0.48520454472340185
  |->  par_lens = 343, 356, 348
[TDSE] Running TDSE-SH-elliptical. step 38000, energy = -0.4806957654412309
  |->  par_lens = 347, 356, 335
[TDSE] Running TDSE-SH-elliptical. step 38200, energy = -0.4800035110109302
  |->  par_lens = 332, 335, 328
[TDSE] Running TDSE-SH-elliptical. step 38400, energy = -0.48433129213521614
  |->  par_lens = 309, 330, 311
[TDSE] Running TDSE-SH-elliptical. step 38600, energy = -0.48866814969043265
  |->  par_lens = 306, 309, 302
[TDSE] Running TDSE-SH-elliptical. step 38800, energy = -0.48895857799717285
  |->  par_lens = 292, 298, 292
[TDSE] Running TDSE-SH-elliptical. step 39000, energy = -0.48616013144315756
  |->  par_lens = 287, 291, 289
[TDSE] Running TDSE-SH-elliptical. step 39200, energy = -0.4842360304743018
  |->  par_lens = 289, 286, 279
[TDSE] Running TDSE-SH-elliptical. step 39400, energy = -0.48536809097030703
  |->  par_lens = 288, 279, 284
[TDSE] Running TDSE-SH-elliptical. step 39600, energy = -0.4883032539339123
  |->  par_lens = 285, 280, 286
[TDSE] Running TDSE-SH-elliptical. step 39800, energy = -0.49066624410149123
  |->  par_lens = 280, 275, 276
[TDSE] Running TDSE-SH-elliptical. step 40000, energy = -0.49142213947139823
  |->  par_lens = 271, 271, 273
[TDSE] Running TDSE-SH-elliptical. step 40200, energy = -0.4913420458688941
  |->  par_lens = 266, 269, 262
[TDSE] Running TDSE-SH-elliptical. step 40400, energy = -0.4913576924015051
  |->  par_lens = 265, 263, 257
[TDSE] Running TDSE-SH-elliptical. step 40600, energy = -0.4916694563468039
  |->  par_lens = 261, 250, 252
[TDSE] Running TDSE-SH-elliptical. step 40800, energy = -0.4918514752726671
  |->  par_lens = 249, 247, 245
[TDSE] Running TDSE-SH-elliptical. step 41000, energy = -0.491736210436138
  |->  par_lens = 241, 238, 241
[TDSE] Running TDSE-SH-elliptical. step 41200, energy = -0.49143168093722933
  |->  par_lens = 241, 235, 241
[TDSE] Running TDSE-SH-elliptical. step 41400, energy = -0.4913111169874458
  |->  par_lens = 235, 236, 240
[TDSE] Running TDSE-SH-elliptical. step 41600, energy = -0.4913892709377184
  |->  par_lens = 238, 237, 239
[TDSE] Running TDSE-SH-elliptical. step 41800, energy = -0.49155731885283727
  |->  par_lens = 238, 238, 238
[TDSE] Running TDSE-SH-elliptical. step 42000, energy = -0.4917550089695465
  |->  par_lens = 239, 238, 238
[TDSE] Running TDSE-SH-elliptical. step 42200, energy = -0.4918365977451785
  |->  par_lens = 237, 237, 238
[TDSE] Running TDSE-SH-elliptical. step 42400, energy = -0.4919011321555429
  |->  par_lens = 236, 236, 240
[TDSE] Running TDSE-SH-elliptical. step 42600, energy = -0.49191077189199256
  |->  par_lens = 236, 237, 238
[TDSE] Running TDSE-SH-elliptical. step 42800, energy = -0.49190523436730715
  |->  par_lens = 235, 236, 238
[TDSE] Running TDSE-SH-elliptical. step 43000, energy = -0.49192890837881625
  |->  par_lens = 237, 236, 238
[TDSE] Running TDSE-SH-elliptical. step 43200, energy = -0.49191717744402924
  |->  par_lens = 236, 237, 241
[TDSE] Running TDSE-SH-elliptical. step 43400, energy = -0.4919497087770795
  |->  par_lens = 238, 237, 240
[TDSE] Running TDSE-SH-elliptical. step 43600, energy = -0.49195376403388896
  |->  par_lens = 239, 236, 240
[TDSE] Running TDSE-SH-elliptical. step 43800, energy = -0.4919556201914748
  |->  par_lens = 239, 235, 240
[TDSE] Running TDSE-SH-elliptical. step 44000, energy = -0.49199363295800724
  |->  par_lens = 241, 236, 241
[TDSE] Running TDSE-SH-elliptical. step 44200, energy = -0.49199118920506585
  |->  par_lens = 240, 237, 240
[TDSE] Running TDSE-SH-elliptical. step 44400, energy = -0.4920216318410071
  |->  par_lens = 239, 237, 240
[TDSE] Running TDSE-SH-elliptical. step 44600, energy = -0.4920191346707178
  |->  par_lens = 239, 237, 241
[TDSE] Running TDSE-SH-elliptical. step 44800, energy = -0.49202877218112984
  |->  par_lens = 238, 237, 240
[TDSE] Running TDSE-SH-elliptical. step 45000, energy = -0.4920696242821688
  |->  par_lens = 239, 237, 242
[TDSE] Running TDSE-SH-elliptical. step 45200, energy = -0.4920692446624292
  |->  par_lens = 240, 239, 243
[TDSE] Running TDSE-SH-elliptical. step 45400, energy = -0.49211537033109365
  |->  par_lens = 240, 241, 245
[TDSE] Running TDSE-SH-elliptical. step 45600, energy = -0.4921229547556808
  |->  par_lens = 240, 241, 243
[TDSE] Running TDSE-SH-elliptical. step 45800, energy = -0.4921317302791802
  |->  par_lens = 242, 242, 244
[TDSE] Running TDSE-SH-elliptical. step 46000, energy = -0.4921631196294237
  |->  par_lens = 242, 242, 244
[TDSE] Running TDSE-SH-elliptical. step 46200, energy = -0.49215764975320203
  |->  par_lens = 244, 242, 244
[TDSE] Running TDSE-SH-elliptical. step 46400, energy = -0.4922027391928049
  |->  par_lens = 245, 244, 245
[TDSE] Running TDSE-SH-elliptical. step 46600, energy = -0.49221300457771777
  |->  par_lens = 245, 245, 246
[TDSE] Running TDSE-SH-elliptical. step 46800, energy = -0.4922409902508544
  |->  par_lens = 246, 246, 249
[TDSE] Running TDSE-SH-elliptical. step 47000, energy = -0.4922797452118975
  |->  par_lens = 247, 247, 249
[TDSE] Running TDSE-SH-elliptical. step 47200, energy = -0.4922691531353595
  |->  par_lens = 248, 249, 249
[TDSE] Running TDSE-SH-elliptical. step 47400, energy = -0.4923142692416474
  |->  par_lens = 249, 249, 250
[TDSE] Running TDSE-SH-elliptical. step 47600, energy = -0.4923193301915037
  |->  par_lens = 250, 250, 250
[TDSE] Running TDSE-SH-elliptical. step 47800, energy = -0.49233908857627817
  |->  par_lens = 251, 250, 249
[TDSE] Running TDSE-SH-elliptical. step 48000, energy = -0.4923768900272747
  |->  par_lens = 249, 250, 250
[TDSE] Running TDSE-SH-elliptical. step 48200, energy = -0.49238431334027405
  |->  par_lens = 250, 250, 252
[TDSE] Running TDSE-SH-elliptical. step 48400, energy = -0.49244097543303045
  |->  par_lens = 250, 251, 252
[TDSE] Running TDSE-SH-elliptical. step 48600, energy = -0.4924408894100994
  |->  par_lens = 251, 251, 253
[TDSE] Running TDSE-SH-elliptical. step 48800, energy = -0.49246143646508866
  |->  par_lens = 251, 251, 252
[TDSE] Running TDSE-SH-elliptical. step 49000, energy = -0.4924852867452941
  |->  par_lens = 253, 252, 254
[TDSE] Running TDSE-SH-elliptical. step 49200, energy = -0.49246891029644096
  |->  par_lens = 253, 252, 254
[TDSE] Running TDSE-SH-elliptical. step 49400, energy = -0.49251617415551313
  |->  par_lens = 253, 252, 255
[TDSE] Running TDSE-SH-elliptical. step 49600, energy = -0.4925225923158758
  |->  par_lens = 254, 254, 255
[TDSE] Running TDSE-SH-elliptical. step 49800, energy = -0.49255954338154234
  |->  par_lens = 255, 254, 253
[TDSE] Running TDSE-SH-elliptical. step 50000, energy = -0.4926002060177471
  |->  par_lens = 257, 255, 255
[TDSE] Running TDSE-SH-elliptical. step 50200, energy = -0.4926104345420834
  |->  par_lens = 259, 256, 256
[TDSE] Running TDSE-SH-elliptical. step 50400, energy = -0.49266749037429536
  |->  par_lens = 259, 257, 256
[TDSE] Running TDSE-SH-elliptical. step 50600, energy = -0.49265669534651446
  |->  par_lens = 260, 260, 256
[TDSE] Running TDSE-SH-elliptical. step 50800, energy = -0.49268143624823857
  |->  par_lens = 260, 260, 257
[TDSE] Running TDSE-SH-elliptical. step 51000, energy = -0.4927042571049096
  |->  par_lens = 262, 260, 257
[TDSE] Running TDSE-SH-elliptical. step 51200, energy = -0.4926900080101916
  |->  par_lens = 262, 260, 257
[TDSE] Running TDSE-SH-elliptical. step 51400, energy = -0.4927295150344563
  |->  par_lens = 262, 260, 258
[TDSE] Running TDSE-SH-elliptical. step 51600, energy = -0.4927178415355846
  |->  par_lens = 262, 261, 258
[TDSE] Running TDSE-SH-elliptical. step 51800, energy = -0.49274953706150687
  |->  par_lens = 262, 264, 259
[TDSE] Running TDSE-SH-elliptical. step 52000, energy = -0.4927682392936162
  |->  par_lens = 262, 264, 260
[TDSE] Running TDSE-SH-elliptical. step 52200, energy = -0.492762440575741
  |->  par_lens = 263, 264, 263
[TDSE] Running TDSE-SH-elliptical. step 52400, energy = -0.4928143722245016
  |->  par_lens = 264, 266, 264
[TDSE] Running TDSE-SH-elliptical. step 52600, energy = -0.49280899440562953
  |->  par_lens = 265, 266, 266
[TDSE] Running TDSE-SH-elliptical. step 52800, energy = -0.4928579011526228
  |->  par_lens = 268, 266, 266
[TDSE] Running TDSE-SH-elliptical. step 53000, energy = -0.4928895199475914
  |->  par_lens = 269, 266, 266
