  Activating project at `~/JuliaProp_v0.1`
[ITP]: 10000.500040081823
[ITP]: 3.4096981904596646e-9
Energy of ground state: -0.5000400852322796
[TDSE] Start TDSE-SH for elliptical polarized laser. It may cost a plenty of time.
[TDSE] Running TDSE-SH-elliptical. step 0, energy = -0.5000400852322784
  |->  par_lens = 2, 2, 2
[TDSE] Running TDSE-SH-elliptical. step 200, energy = -0.5000400852321392
  |->  par_lens = 2, 2, 2
[TDSE] Running TDSE-SH-elliptical. step 400, energy = -0.5000400852318668
  |->  par_lens = 2, 2, 2
[TDSE] Running TDSE-SH-elliptical. step 600, energy = -0.5000400852303222
  |->  par_lens = 2, 2, 2
[TDSE] Running TDSE-SH-elliptical. step 800, energy = -0.500040085222945
  |->  par_lens = 2, 2, 2
[TDSE] Running TDSE-SH-elliptical. step 1000, energy = -0.5000400851981179
  |->  par_lens = 2, 2, 2
[TDSE] Running TDSE-SH-elliptical. step 1200, energy = -0.5000400851318476
  |->  par_lens = 2, 2, 2
[TDSE] Running TDSE-SH-elliptical. step 1400, energy = -0.500040084981258
  |->  par_lens = 2, 2, 2
[TDSE] Running TDSE-SH-elliptical. step 1600, energy = -0.5000400846774298
  |->  par_lens = 2, 2, 2
[TDSE] Running TDSE-SH-elliptical. step 1800, energy = -0.5000400841077712
  |->  par_lens = 2, 2, 2
[TDSE] Running TDSE-SH-elliptical. step 2000, energy = -0.5000400830971587
  |->  par_lens = 2, 2, 2
[TDSE] Running TDSE-SH-elliptical. step 2200, energy = -0.5000400813966634
  |->  par_lens = 2, 2, 2
[TDSE] Running TDSE-SH-elliptical. step 2400, energy = -0.5000400786645235
  |->  par_lens = 2, 2, 2
[TDSE] Running TDSE-SH-elliptical. step 2600, energy = -0.5000400744326124
  |->  par_lens = 2, 2, 2
[TDSE] Running TDSE-SH-elliptical. step 2800, energy = -0.5000400680954994
  |->  par_lens = 2, 2, 2
[TDSE] Running TDSE-SH-elliptical. step 3000, energy = -0.5000400588691946
  |->  par_lens = 2, 2, 2
[TDSE] Running TDSE-SH-elliptical. step 3200, energy = -0.5000400457644116
  |->  par_lens = 2, 2, 2
[TDSE] Running TDSE-SH-elliptical. step 3400, energy = -0.5000400275868389
  |->  par_lens = 2, 2, 2
[TDSE] Running TDSE-SH-elliptical. step 3600, energy = -0.5000400028171998
  |->  par_lens = 2, 2, 2
[TDSE] Running TDSE-SH-elliptical. step 3800, energy = -0.5000399697176168
  |->  par_lens = 2, 2, 2
[TDSE] Running TDSE-SH-elliptical. step 4000, energy = -0.500039926211591
  |->  par_lens = 2, 2, 2
[TDSE] Running TDSE-SH-elliptical. step 4200, energy = -0.500039869754876
  |->  par_lens = 2, 2, 2
[TDSE] Running TDSE-SH-elliptical. step 4400, energy = -0.5000397976535808
  |->  par_lens = 2, 2, 2
[TDSE] Running TDSE-SH-elliptical. step 4600, energy = -0.500039706585058
  |->  par_lens = 2, 2, 2
[TDSE] Running TDSE-SH-elliptical. step 4800, energy = -0.5000395929720248
  |->  par_lens = 2, 2, 2
[TDSE] Running TDSE-SH-elliptical. step 5000, energy = -0.5000394527073472
  |->  par_lens = 2, 2, 2
[TDSE] Running TDSE-SH-elliptical. step 5200, energy = -0.5000392811376577
  |->  par_lens = 2, 2, 2
[TDSE] Running TDSE-SH-elliptical. step 5400, energy = -0.500039073861651
  |->  par_lens = 2, 2, 2
[TDSE] Running TDSE-SH-elliptical. step 5600, energy = -0.50003882468896
  |->  par_lens = 2, 2, 2
[TDSE] Running TDSE-SH-elliptical. step 5800, energy = -0.5000385282670639
  |->  par_lens = 2, 2, 2
[TDSE] Running TDSE-SH-elliptical. step 6000, energy = -0.5000381788343146
  |->  par_lens = 2, 2, 2
[TDSE] Running TDSE-SH-elliptical. step 6200, energy = -0.5000377688394945
  |->  par_lens = 2, 2, 2
[TDSE] Running TDSE-SH-elliptical. step 6400, energy = -0.5000372924470506
  |->  par_lens = 2, 2, 2
[TDSE] Running TDSE-SH-elliptical. step 6600, energy = -0.500036741394882
  |->  par_lens = 2, 2, 2
[TDSE] Running TDSE-SH-elliptical. step 6800, energy = -0.5000361098153969
  |->  par_lens = 2, 2, 2
[TDSE] Running TDSE-SH-elliptical. step 7000, energy = -0.500035389402606
  |->  par_lens = 2, 2, 2
[TDSE] Running TDSE-SH-elliptical. step 7200, energy = -0.5000345710295365
  |->  par_lens = 2, 2, 2
[TDSE] Running TDSE-SH-elliptical. step 7400, energy = -0.5000336513670146
  |->  par_lens = 2, 2, 2
[TDSE] Running TDSE-SH-elliptical. step 7600, energy = -0.5000326184095696
  |->  par_lens = 2, 2, 2
[TDSE] Running TDSE-SH-elliptical. step 7800, energy = -0.500031467494041
  |->  par_lens = 2, 2, 2
[TDSE] Running TDSE-SH-elliptical. step 8000, energy = -0.5000301921442295
  |->  par_lens = 4, 2, 2
[TDSE] Running TDSE-SH-elliptical. step 8200, energy = -0.5000287826438036
  |->  par_lens = 4, 2, 2
[TDSE] Running TDSE-SH-elliptical. step 8400, energy = -0.500027238654177
  |->  par_lens = 4, 3, 3
[TDSE] Running TDSE-SH-elliptical. step 8600, energy = -0.5000255477944262
  |->  par_lens = 4, 3, 3
[TDSE] Running TDSE-SH-elliptical. step 8800, energy = -0.5000237123680517
  |->  par_lens = 4, 3, 3
[TDSE] Running TDSE-SH-elliptical. step 9000, energy = -0.5000217242092517
  |->  par_lens = 4, 3, 3
[TDSE] Running TDSE-SH-elliptical. step 9200, energy = -0.5000195775372652
  |->  par_lens = 4, 3, 3
[TDSE] Running TDSE-SH-elliptical. step 9400, energy = -0.5000172843768284
  |->  par_lens = 4, 3, 3
[TDSE] Running TDSE-SH-elliptical. step 9600, energy = -0.5000148243633948
  |->  par_lens = 4, 3, 3
[TDSE] Running TDSE-SH-elliptical. step 9800, energy = -0.5000122095248226
  |->  par_lens = 4, 3, 3
[TDSE] Running TDSE-SH-elliptical. step 10000, energy = -0.5000094435584865
  |->  par_lens = 4, 3, 3
[TDSE] Running TDSE-SH-elliptical. step 10200, energy = -0.5000061872596966
  |->  par_lens = 4, 3, 3
[TDSE] Running TDSE-SH-elliptical. step 10400, energy = -0.500000647926755
  |->  par_lens = 4, 3, 3
[TDSE] Running TDSE-SH-elliptical. step 10600, energy = -0.4999956632499744
  |->  par_lens = 4, 3, 3
[TDSE] Running TDSE-SH-elliptical. step 10800, energy = -0.50000014876524
  |->  par_lens = 4, 3, 3
[TDSE] Running TDSE-SH-elliptical. step 11000, energy = -0.5000195801510687
  |->  par_lens = 4, 3, 3
[TDSE] Running TDSE-SH-elliptical. step 11200, energy = -0.5000373670975529
  |->  par_lens = 4, 3, 3
[TDSE] Running TDSE-SH-elliptical. step 11400, energy = -0.5000254490960157
  |->  par_lens = 4, 3, 3
[TDSE] Running TDSE-SH-elliptical. step 11600, energy = -0.49999417605406216
  |->  par_lens = 4, 3, 3
[TDSE] Running TDSE-SH-elliptical. step 11800, energy = -0.49999341717146134
  |->  par_lens = 4, 3, 3
[TDSE] Running TDSE-SH-elliptical. step 12000, energy = -0.4999766952701071
  |->  par_lens = 4, 3, 3
[TDSE] Running TDSE-SH-elliptical. step 12200, energy = -0.49968739305238236
  |->  par_lens = 5, 5, 5
[TDSE] Running TDSE-SH-elliptical. step 12400, energy = -0.4988831783793619
  |->  par_lens = 6, 5, 6
[TDSE] Running TDSE-SH-elliptical. step 12600, energy = -0.4978404076011593
  |->  par_lens = 7, 7, 7
[TDSE] Running TDSE-SH-elliptical. step 12800, energy = -0.4974299955294715
  |->  par_lens = 9, 8, 7
[TDSE] Running TDSE-SH-elliptical. step 13000, energy = -0.4982324753933413
  |->  par_lens = 10, 9, 9
[TDSE] Running TDSE-SH-elliptical. step 13200, energy = -0.49946345372384654
  |->  par_lens = 10, 9, 9
[TDSE] Running TDSE-SH-elliptical. step 13400, energy = -0.4993621279733841
  |->  par_lens = 10, 9, 9
[TDSE] Running TDSE-SH-elliptical. step 13600, energy = -0.4972937744542168
  |->  par_lens = 10, 9, 10
[TDSE] Running TDSE-SH-elliptical. step 13800, energy = -0.495190098746175
  |->  par_lens = 10, 9, 10
[TDSE] Running TDSE-SH-elliptical. step 14000, energy = -0.49568582733284805
  |->  par_lens = 10, 9, 10
[TDSE] Running TDSE-SH-elliptical. step 14200, energy = -0.49825372694237957
  |->  par_lens = 10, 9, 10
[TDSE] Running TDSE-SH-elliptical. step 14400, energy = -0.4983207825742878
  |->  par_lens = 10, 9, 10
[TDSE] Running TDSE-SH-elliptical. step 14600, energy = -0.4921824423351536
  |->  par_lens = 10, 10, 11
[TDSE] Running TDSE-SH-elliptical. step 14800, energy = -0.4829708299465796
  |->  par_lens = 13, 14, 14
[TDSE] Running TDSE-SH-elliptical. step 15000, energy = -0.4793371571675602
  |->  par_lens = 17, 16, 15
[TDSE] Running TDSE-SH-elliptical. step 15200, energy = -0.48584369874132205
  |->  par_lens = 22, 23, 22
[TDSE] Running TDSE-SH-elliptical. step 15400, energy = -0.4955320915449075
  |->  par_lens = 23, 23, 24
[TDSE] Running TDSE-SH-elliptical. step 15600, energy = -0.495667944927587
  |->  par_lens = 24, 23, 24
[TDSE] Running TDSE-SH-elliptical. step 15800, energy = -0.48294637950897323
  |->  par_lens = 23, 22, 23
[TDSE] Running TDSE-SH-elliptical. step 16000, energy = -0.470115732561202
  |->  par_lens = 22, 23, 23
[TDSE] Running TDSE-SH-elliptical. step 16200, energy = -0.4725958665312907
  |->  par_lens = 24, 22, 23
[TDSE] Running TDSE-SH-elliptical. step 16400, energy = -0.4879827538219846
  |->  par_lens = 26, 26, 24
[TDSE] Running TDSE-SH-elliptical. step 16600, energy = -0.4943762100959085
  |->  par_lens = 25, 27, 26
[TDSE] Running TDSE-SH-elliptical. step 16800, energy = -0.4747221741156846
  |->  par_lens = 22, 24, 23
[TDSE] Running TDSE-SH-elliptical. step 17000, energy = -0.44127943353340726
  |->  par_lens = 28, 28, 27
[TDSE] Running TDSE-SH-elliptical. step 17200, energy = -0.427313149067656
  |->  par_lens = 36, 35, 35
[TDSE] Running TDSE-SH-elliptical. step 17400, energy = -0.44949955825148186
  |->  par_lens = 48, 47, 46
[TDSE] Running TDSE-SH-elliptical. step 17600, energy = -0.4836014012157231
  |->  par_lens = 54, 55, 54
[TDSE] Running TDSE-SH-elliptical. step 17800, energy = -0.4873077344356921
  |->  par_lens = 56, 57, 56
[TDSE] Running TDSE-SH-elliptical. step 18000, energy = -0.4500865696004358
  |->  par_lens = 53, 54, 55
[TDSE] Running TDSE-SH-elliptical. step 18200, energy = -0.4113727941644864
  |->  par_lens = 50, 45, 46
[TDSE] Running TDSE-SH-elliptical. step 18400, energy = -0.41692585301582885
  |->  par_lens = 59, 58, 57
[TDSE] Running TDSE-SH-elliptical. step 18600, energy = -0.4616099801641403
  |->  par_lens = 68, 68, 69
[TDSE] Running TDSE-SH-elliptical. step 18800, energy = -0.4865375435997174
  |->  par_lens = 74, 74, 72
[TDSE] Running TDSE-SH-elliptical. step 19000, energy = -0.4459828881812235
  |->  par_lens = 74, 69, 68
[TDSE] Running TDSE-SH-elliptical. step 19200, energy = -0.36868399899833443
  |->  par_lens = 54, 54, 51
[TDSE] Running TDSE-SH-elliptical. step 19400, energy = -0.3342886402813053
  |->  par_lens = 76, 77, 74
[TDSE] Running TDSE-SH-elliptical. step 19600, energy = -0.3825141419270822
  |->  par_lens = 101, 102, 103
[TDSE] Running TDSE-SH-elliptical. step 19800, energy = -0.4604625231090043
  |->  par_lens = 125, 125, 126
[TDSE] Running TDSE-SH-elliptical. step 20000, energy = -0.47502450620243647
  |->  par_lens = 132, 130, 130
[TDSE] Running TDSE-SH-elliptical. step 20200, energy = -0.40163304458642896
  |->  par_lens = 128, 130, 130
[TDSE] Running TDSE-SH-elliptical. step 20400, energy = -0.3224255278275401
  |->  par_lens = 100, 112, 101
[TDSE] Running TDSE-SH-elliptical. step 20600, energy = -0.3296835850145445
  |->  par_lens = 118, 116, 115
[TDSE] Running TDSE-SH-elliptical. step 20800, energy = -0.4181509290825855
  |->  par_lens = 151, 148, 152
[TDSE] Running TDSE-SH-elliptical. step 21000, energy = -0.47484583739396463
  |->  par_lens = 162, 160, 161
[TDSE] Running TDSE-SH-elliptical. step 21200, energy = -0.4123891130072347
  |->  par_lens = 163, 160, 161
[TDSE] Running TDSE-SH-elliptical. step 21400, energy = -0.27867433526571084
  |->  par_lens = 143, 140, 132
[TDSE] Running TDSE-SH-elliptical. step 21600, energy = -0.21661164173670083
  |->  par_lens = 135, 144, 140
[TDSE] Running TDSE-SH-elliptical. step 21800, energy = -0.29355846328604307
  |->  par_lens = 197, 196, 196
[TDSE] Running TDSE-SH-elliptical. step 22000, energy = -0.4279734768762908
  |->  par_lens = 251, 250, 249
[TDSE] Running TDSE-SH-elliptical. step 22200, energy = -0.46180363099818655
  |->  par_lens = 264, 263, 263
[TDSE] Running TDSE-SH-elliptical. step 22400, energy = -0.3512815663936967
  |->  par_lens = 265, 259, 261
[TDSE] Running TDSE-SH-elliptical. step 22600, energy = -0.22674616709179085
  |->  par_lens = 210, 224, 224
[TDSE] Running TDSE-SH-elliptical. step 22800, energy = -0.23291398332573526
  |->  par_lens = 218, 212, 221
[TDSE] Running TDSE-SH-elliptical. step 23000, energy = -0.3665473538980461
  |->  par_lens = 273, 270, 271
[TDSE] Running TDSE-SH-elliptical. step 23200, energy = -0.46129236637162996
  |->  par_lens = 300, 297, 297
[TDSE] Running TDSE-SH-elliptical. step 23400, energy = -0.3847085248761475
  |->  par_lens = 300, 293, 296
[TDSE] Running TDSE-SH-elliptical. step 23600, energy = -0.1986393412575039
  |->  par_lens = 260, 265, 248
[TDSE] Running TDSE-SH-elliptical. step 23800, energy = -0.109688612773942
  |->  par_lens = 251, 254, 255
[TDSE] Running TDSE-SH-elliptical. step 24000, energy = -0.2069762332049555
  |->  par_lens = 323, 321, 321
[TDSE] Running TDSE-SH-elliptical. step 24200, energy = -0.3935270303267101
  |->  par_lens = 401, 397, 395
[TDSE] Running TDSE-SH-elliptical. step 24400, energy = -0.4512083971025986
  |->  par_lens = 417, 416, 416
[TDSE] Running TDSE-SH-elliptical. step 24600, energy = -0.31787072583932324
  |->  par_lens = 408, 400, 400
[TDSE] Running TDSE-SH-elliptical. step 24800, energy = -0.15831088344389502
  |->  par_lens = 358, 364, 359
[TDSE] Running TDSE-SH-elliptical. step 25000, energy = -0.16121970076427064
  |->  par_lens = 335, 340, 335
[TDSE] Running TDSE-SH-elliptical. step 25200, energy = -0.3228393566556037
  |->  par_lens = 397, 392, 394
[TDSE] Running TDSE-SH-elliptical. step 25400, energy = -0.44864210048238246
  |->  par_lens = 429, 427, 430
[TDSE] Running TDSE-SH-elliptical. step 25600, energy = -0.3724050223448057
  |->  par_lens = 429, 426, 430
[TDSE] Running TDSE-SH-elliptical. step 25800, energy = -0.15925627622267727
  |->  par_lens = 392, 398, 397
[TDSE] Running TDSE-SH-elliptical. step 26000, energy = -0.052655281176903844
  |->  par_lens = 389, 410, 407
[TDSE] Running TDSE-SH-elliptical. step 26200, energy = -0.15437241036939287
  |->  par_lens = 444, 437, 439
[TDSE] Running TDSE-SH-elliptical. step 26400, energy = -0.36783231971889446
  |->  par_lens = 501, 499, 497
[TDSE] Running TDSE-SH-elliptical. step 26600, energy = -0.4455070652919163
  |->  par_lens = 515, 514, 518
[TDSE] Running TDSE-SH-elliptical. step 26800, energy = -0.31488035785851815
  |->  par_lens = 507, 509, 511
[TDSE] Running TDSE-SH-elliptical. step 27000, energy = -0.14642325535595233
  |->  par_lens = 484, 492, 493
[TDSE] Running TDSE-SH-elliptical. step 27200, energy = -0.1427188998054755
  |->  par_lens = 479, 475, 484
[TDSE] Running TDSE-SH-elliptical. step 27400, energy = -0.305308268708247
  |->  par_lens = 504, 500, 497
[TDSE] Running TDSE-SH-elliptical. step 27600, energy = -0.44184807216283556
  |->  par_lens = 516, 520, 508
[TDSE] Running TDSE-SH-elliptical. step 27800, energy = -0.378736822286937
  |->  par_lens = 516, 516, 513
[TDSE] Running TDSE-SH-elliptical. step 28000, energy = -0.17509619800347048
  |->  par_lens = 508, 505, 497
[TDSE] Running TDSE-SH-elliptical. step 28200, energy = -0.06678365258639427
  |->  par_lens = 508, 505, 497
[TDSE] Running TDSE-SH-elliptical. step 28400, energy = -0.15745851968862581
  |->  par_lens = 528, 529, 535
[TDSE] Running TDSE-SH-elliptical. step 28600, energy = -0.36066292246194936
  |->  par_lens = 557, 558, 558
[TDSE] Running TDSE-SH-elliptical. step 28800, energy = -0.4472785846817473
  |->  par_lens = 568, 568, 569
[TDSE] Running TDSE-SH-elliptical. step 29000, energy = -0.3436267899812941
  |->  par_lens = 568, 564, 569
[TDSE] Running TDSE-SH-elliptical. step 29200, energy = -0.19495948946821437
  |->  par_lens = 557, 556, 556
[TDSE] Running TDSE-SH-elliptical. step 29400, energy = -0.1856690693413511
  |->  par_lens = 543, 541, 535
[TDSE] Running TDSE-SH-elliptical. step 29600, energy = -0.32329405469367645
  |->  par_lens = 551, 541, 547
[TDSE] Running TDSE-SH-elliptical. step 29800, energy = -0.44363594535677187
  |->  par_lens = 554, 540, 557
[TDSE] Running TDSE-SH-elliptical. step 30000, energy = -0.40115215427738166
  |->  par_lens = 553, 548, 552
[TDSE] Running TDSE-SH-elliptical. step 30200, energy = -0.24018734440852438
  |->  par_lens = 547, 545, 556
[TDSE] Running TDSE-SH-elliptical. step 30400, energy = -0.14699265955963012
  |->  par_lens = 562, 555, 571
[TDSE] Running TDSE-SH-elliptical. step 30600, energy = -0.21565192485583531
  |->  par_lens = 574, 573, 578
[TDSE] Running TDSE-SH-elliptical. step 30800, energy = -0.37885379870045577
  |->  par_lens = 585, 584, 585
[TDSE] Running TDSE-SH-elliptical. step 31000, energy = -0.4556834365894087
  |->  par_lens = 586, 586, 587
[TDSE] Running TDSE-SH-elliptical. step 31200, energy = -0.38971385792150837
  |->  par_lens = 586, 585, 587
[TDSE] Running TDSE-SH-elliptical. step 31400, energy = -0.28444885818799204
  |->  par_lens = 585, 581, 579
[TDSE] Running TDSE-SH-elliptical. step 31600, energy = -0.27057039698622815
  |->  par_lens = 571, 575, 578
[TDSE] Running TDSE-SH-elliptical. step 31800, energy = -0.3681482274508255
  |->  par_lens = 558, 566, 565
[TDSE] Running TDSE-SH-elliptical. step 32000, energy = -0.45462608346451827
  |->  par_lens = 562, 562, 565
[TDSE] Running TDSE-SH-elliptical. step 32200, energy = -0.4317081414204078
  |->  par_lens = 561, 557, 558
[TDSE] Running TDSE-SH-elliptical. step 32400, energy = -0.3262411042425807
  |->  par_lens = 567, 563, 566
[TDSE] Running TDSE-SH-elliptical. step 32600, energy = -0.2568635184029485
  |->  par_lens = 579, 580, 581
[TDSE] Running TDSE-SH-elliptical. step 32800, energy = -0.30074522184345104
  |->  par_lens = 585, 586, 586
[TDSE] Running TDSE-SH-elliptical. step 33000, energy = -0.40754448515746666
  |->  par_lens = 589, 589, 590
[TDSE] Running TDSE-SH-elliptical. step 33200, energy = -0.46743419028973127
  |->  par_lens = 590, 590, 590
[TDSE] Running TDSE-SH-elliptical. step 33400, energy = -0.4372422489262115
  |->  par_lens = 590, 590, 590
[TDSE] Running TDSE-SH-elliptical. step 33600, energy = -0.3756144297153566
  |->  par_lens = 590, 590, 590
[TDSE] Running TDSE-SH-elliptical. step 33800, energy = -0.3670107655432738
  |->  par_lens = 589, 589, 589
[TDSE] Running TDSE-SH-elliptical. step 34000, energy = -0.4184622459354598
  |->  par_lens = 588, 589, 586
[TDSE] Running TDSE-SH-elliptical. step 34200, energy = -0.4689069972731328
  |->  par_lens = 586, 585, 585
[TDSE] Running TDSE-SH-elliptical. step 34400, energy = -0.45804661566877397
  |->  par_lens = 588, 587, 585
[TDSE] Running TDSE-SH-elliptical. step 34600, energy = -0.40193233557654057
  |->  par_lens = 589, 587, 587
[TDSE] Running TDSE-SH-elliptical. step 34800, energy = -0.36458247217721296
  |->  par_lens = 590, 589, 590
[TDSE] Running TDSE-SH-elliptical. step 35000, energy = -0.38634412626606573
  |->  par_lens = 590, 590, 590
[TDSE] Running TDSE-SH-elliptical. step 35200, energy = -0.4412945299492716
  |->  par_lens = 590, 590, 590
[TDSE] Running TDSE-SH-elliptical. step 35400, energy = -0.476394703380367
  |->  par_lens = 590, 590, 590
[TDSE] Running TDSE-SH-elliptical. step 35600, energy = -0.4683320540217406
  |->  par_lens = 590, 590, 590
[TDSE] Running TDSE-SH-elliptical. step 35800, energy = -0.44484945454803276
  |->  par_lens = 590, 590, 590
[TDSE] Running TDSE-SH-elliptical. step 36000, energy = -0.4388381589673948
  |->  par_lens = 590, 590, 590
[TDSE] Running TDSE-SH-elliptical. step 36200, energy = -0.4605240264641003
  |->  par_lens = 589, 589, 588
[TDSE] Running TDSE-SH-elliptical. step 36400, energy = -0.4793939758064911
  |->  par_lens = 589, 589, 588
[TDSE] Running TDSE-SH-elliptical. step 36600, energy = -0.4755808259732647
  |->  par_lens = 590, 589, 589
[TDSE] Running TDSE-SH-elliptical. step 36800, energy = -0.4529790831259228
  |->  par_lens = 590, 590, 590
[TDSE] Running TDSE-SH-elliptical. step 37000, energy = -0.4382707964224489
  |->  par_lens = 589, 590, 590
[TDSE] Running TDSE-SH-elliptical. step 37200, energy = -0.4453497737688267
  |->  par_lens = 590, 590, 590
[TDSE] Running TDSE-SH-elliptical. step 37400, energy = -0.46653269102701156
  |->  par_lens = 590, 590, 590
[TDSE] Running TDSE-SH-elliptical. step 37600, energy = -0.48175221558535053
  |->  par_lens = 590, 590, 590
[TDSE] Running TDSE-SH-elliptical. step 37800, energy = -0.4833274430573547
  |->  par_lens = 590, 590, 590
[TDSE] Running TDSE-SH-elliptical. step 38000, energy = -0.4781558222126374
  |->  par_lens = 590, 590, 590
[TDSE] Running TDSE-SH-elliptical. step 38200, energy = -0.4771765167117284
  |->  par_lens = 590, 590, 590
[TDSE] Running TDSE-SH-elliptical. step 38400, energy = -0.4814320055821343
  |->  par_lens = 590, 590, 590
[TDSE] Running TDSE-SH-elliptical. step 38600, energy = -0.4850901514768783
  |->  par_lens = 590, 590, 590
[TDSE] Running TDSE-SH-elliptical. step 38800, energy = -0.48305576665366684
  |->  par_lens = 590, 590, 590
[TDSE] Running TDSE-SH-elliptical. step 39000, energy = -0.4773840821673584
  |->  par_lens = 590, 590, 590
[TDSE] Running TDSE-SH-elliptical. step 39200, energy = -0.47378861586175147
  |->  par_lens = 590, 590, 590
[TDSE] Running TDSE-SH-elliptical. step 39400, energy = -0.4752974933675191
  |->  par_lens = 590, 590, 590
[TDSE] Running TDSE-SH-elliptical. step 39600, energy = -0.47982270899858803
  |->  par_lens = 590, 590, 590
[TDSE] Running TDSE-SH-elliptical. step 39800, energy = -0.48414804391250055
  |->  par_lens = 590, 590, 590
[TDSE] Running TDSE-SH-elliptical. step 40000, energy = -0.4859857998411183
  |->  par_lens = 590, 590, 590
[TDSE] Running TDSE-SH-elliptical. step 40200, energy = -0.48631675239302813
  |->  par_lens = 590, 590, 590
[TDSE] Running TDSE-SH-elliptical. step 40400, energy = -0.48631985734280525
  |->  par_lens = 590, 590, 590
[TDSE] Running TDSE-SH-elliptical. step 40600, energy = -0.4864155936370311
  |->  par_lens = 590, 590, 590
[TDSE] Running TDSE-SH-elliptical. step 40800, energy = -0.4860880775725688
  |->  par_lens = 590, 590, 590
[TDSE] Running TDSE-SH-elliptical. step 41000, energy = -0.48553092441659196
  |->  par_lens = 590, 590, 590
[TDSE] Running TDSE-SH-elliptical. step 41200, energy = -0.4845642817718691
  |->  par_lens = 590, 590, 590
[TDSE] Running TDSE-SH-elliptical. step 41400, energy = -0.48443532938758116
  |->  par_lens = 590, 590, 590
[TDSE] Running TDSE-SH-elliptical. step 41600, energy = -0.48444607564312775
  |->  par_lens = 590, 590, 590
[TDSE] Running TDSE-SH-elliptical. step 41800, energy = -0.48481612093336657
  |->  par_lens = 590, 590, 590
[TDSE] Running TDSE-SH-elliptical. step 42000, energy = -0.4853079432160978
  |->  par_lens = 590, 590, 590
[TDSE] Running TDSE-SH-elliptical. step 42200, energy = -0.48534720576538826
  |->  par_lens = 590, 590, 590
[TDSE] Running TDSE-SH-elliptical. step 42400, energy = -0.48564325776667655
  |->  par_lens = 590, 590, 590
[TDSE] Running TDSE-SH-elliptical. step 42600, energy = -0.4856035470166875
  |->  par_lens = 590, 590, 590
[TDSE] Running TDSE-SH-elliptical. step 42800, energy = -0.4856056781208373
  |->  par_lens = 590, 590, 590
[TDSE] Running TDSE-SH-elliptical. step 43000, energy = -0.48569613391750044
  |->  par_lens = 590, 590, 590
[TDSE] Running TDSE-SH-elliptical. step 43200, energy = -0.4855748867014488
  |->  par_lens = 590, 590, 590
[TDSE] Running TDSE-SH-elliptical. step 43400, energy = -0.48581823132546303
  |->  par_lens = 590, 590, 590
[TDSE] Running TDSE-SH-elliptical. step 43600, energy = -0.4856996773469558
  |->  par_lens = 590, 590, 590
[TDSE] Running TDSE-SH-elliptical. step 43800, energy = -0.4857141329753522
  |->  par_lens = 590, 590, 590
[TDSE] Running TDSE-SH-elliptical. step 44000, energy = -0.48587406397285143
  |->  par_lens = 590, 590, 590
[TDSE] Running TDSE-SH-elliptical. step 44200, energy = -0.48577586119165445
  |->  par_lens = 590, 590, 590
[TDSE] Running TDSE-SH-elliptical. step 44400, energy = -0.4859571756326999
  |->  par_lens = 590, 590, 590
[TDSE] Running TDSE-SH-elliptical. step 44600, energy = -0.485836452109168
  |->  par_lens = 590, 590, 590
[TDSE] Running TDSE-SH-elliptical. step 44800, energy = -0.48592320437303155
  |->  par_lens = 590, 590, 590
[TDSE] Running TDSE-SH-elliptical. step 45000, energy = -0.4860310593889828
  |->  par_lens = 590, 590, 590
[TDSE] Running TDSE-SH-elliptical. step 45200, energy = -0.48590013255716763
  |->  par_lens = 590, 590, 590
[TDSE] Running TDSE-SH-elliptical. step 45400, energy = -0.4861329942830519
  |->  par_lens = 590, 590, 590
[TDSE] Running TDSE-SH-elliptical. step 45600, energy = -0.48603983924316985
  |->  par_lens = 590, 590, 590
[TDSE] Running TDSE-SH-elliptical. step 45800, energy = -0.4861167157428031
  |->  par_lens = 590, 590, 590
[TDSE] Running TDSE-SH-elliptical. step 46000, energy = -0.486191990092772
  |->  par_lens = 590, 590, 590
[TDSE] Running TDSE-SH-elliptical. step 46200, energy = -0.48606921627074406
  |->  par_lens = 590, 590, 590
[TDSE] Running TDSE-SH-elliptical. step 46400, energy = -0.486278726654737
  |->  par_lens = 590, 590, 590
[TDSE] Running TDSE-SH-elliptical. step 46600, energy = -0.48617677905915435
  |->  par_lens = 590, 590, 590
[TDSE] Running TDSE-SH-elliptical. step 46800, energy = -0.4862943394894691
  |->  par_lens = 590, 590, 590
[TDSE] Running TDSE-SH-elliptical. step 47000, energy = -0.4863431631415884
  |->  par_lens = 590, 590, 590
[TDSE] Running TDSE-SH-elliptical. step 47200, energy = -0.48623283731531025
  |->  par_lens = 590, 590, 590
[TDSE] Running TDSE-SH-elliptical. step 47400, energy = -0.4864727776035596
  |->  par_lens = 590, 590, 590
[TDSE] Running TDSE-SH-elliptical. step 47600, energy = -0.4863388299540065
  |->  par_lens = 590, 590, 590
[TDSE] Running TDSE-SH-elliptical. step 47800, energy = -0.4864199083350703
  |->  par_lens = 590, 590, 590
[TDSE] Running TDSE-SH-elliptical. step 48000, energy = -0.4864775054332701
  |->  par_lens = 590, 590, 590
[TDSE] Running TDSE-SH-elliptical. step 48200, energy = -0.4864190221421846
  |->  par_lens = 590, 590, 590
[TDSE] Running TDSE-SH-elliptical. step 48400, energy = -0.48661090767041143
  |->  par_lens = 590, 590, 590
[TDSE] Running TDSE-SH-elliptical. step 48600, energy = -0.4864482414473753
  |->  par_lens = 590, 590, 590
[TDSE] Running TDSE-SH-elliptical. step 48800, energy = -0.48659939761337545
  |->  par_lens = 590, 590, 590
[TDSE] Running TDSE-SH-elliptical. step 49000, energy = -0.48663081338833764
  |->  par_lens = 590, 590, 590
[TDSE] Running TDSE-SH-elliptical. step 49200, energy = -0.4865214057942987
  |->  par_lens = 590, 590, 590
[TDSE] Running TDSE-SH-elliptical. step 49400, energy = -0.4867224093641888
  |->  par_lens = 590, 590, 590
[TDSE] Running TDSE-SH-elliptical. step 49600, energy = -0.4865912458070454
  |->  par_lens = 590, 590, 590
[TDSE] Running TDSE-SH-elliptical. step 49800, energy = -0.4867266246207633
  |->  par_lens = 590, 590, 590
[TDSE] Running TDSE-SH-elliptical. step 50000, energy = -0.4867366473775937
  |->  par_lens = 590, 590, 590
[TDSE] Running TDSE-SH-elliptical. step 50200, energy = -0.4867020433706145
  |->  par_lens = 590, 590, 590
[TDSE] Running TDSE-SH-elliptical. step 50400, energy = -0.48689717538147637
  |->  par_lens = 590, 590, 590
[TDSE] Running TDSE-SH-elliptical. step 50600, energy = -0.48671644136780334
  |->  par_lens = 590, 590, 590
[TDSE] Running TDSE-SH-elliptical. step 50800, energy = -0.48688308295254257
  |->  par_lens = 590, 590, 590
[TDSE] Running TDSE-SH-elliptical. step 51000, energy = -0.4868893441790931
  |->  par_lens = 590, 590, 590
[TDSE] Running TDSE-SH-elliptical. step 51200, energy = -0.48681591538485364
  |->  par_lens = 590, 590, 590
[TDSE] Running TDSE-SH-elliptical. step 51400, energy = -0.4869758046851822
  |->  par_lens = 590, 590, 590
[TDSE] Running TDSE-SH-elliptical. step 51600, energy = -0.48681686404940144
  |->  par_lens = 590, 590, 590
[TDSE] Running TDSE-SH-elliptical. step 51800, energy = -0.486986442778779
  |->  par_lens = 590, 590, 590
[TDSE] Running TDSE-SH-elliptical. step 52000, energy = -0.4869510101557058
  |->  par_lens = 590, 590, 590
[TDSE] Running TDSE-SH-elliptical. step 52200, energy = -0.486916750387473
  |->  par_lens = 590, 590, 590
[TDSE] Running TDSE-SH-elliptical. step 52400, energy = -0.48708283416309067
  |->  par_lens = 590, 590, 590
[TDSE] Running TDSE-SH-elliptical. step 52600, energy = -0.486919428978198
  |->  par_lens = 590, 590, 590
[TDSE] Running TDSE-SH-elliptical. step 52800, energy = -0.4871305790976429
  |->  par_lens = 590, 590, 590
[TDSE] Running TDSE-SH-elliptical. step 53000, energy = -0.48708778786275847
  |->  par_lens = 590, 590, 590
