  Activating project at `~/JuliaProp_v0.1`
[ITP]: 10000.500040081823
[ITP]: 3.4096981904596646e-9
Energy of ground state: -0.5000400852322796
[TDSE] Start TDSE-SH for elliptical polarized laser. It may cost a plenty of time.
[TDSE] Running TDSE-SH-elliptical. step 0, energy = -0.5000400852322784
  |->  par_lens = 2, 2, 2
[TDSE] Running TDSE-SH-elliptical. step 200, energy = -0.5000400852321358
  |->  par_lens = 2, 2, 2
[TDSE] Running TDSE-SH-elliptical. step 400, energy = -0.5000400852315321
  |->  par_lens = 2, 2, 2
[TDSE] Running TDSE-SH-elliptical. step 600, energy = -0.5000400852263995
  |->  par_lens = 2, 2, 2
[TDSE] Running TDSE-SH-elliptical. step 800, energy = -0.5000400852005181
  |->  par_lens = 2, 2, 2
[TDSE] Running TDSE-SH-elliptical. step 1000, energy = -0.5000400851118324
  |->  par_lens = 2, 2, 2
[TDSE] Running TDSE-SH-elliptical. step 1200, energy = -0.5000400848723476
  |->  par_lens = 2, 2, 2
[TDSE] Running TDSE-SH-elliptical. step 1400, energy = -0.500040084322981
  |->  par_lens = 2, 2, 2
[TDSE] Running TDSE-SH-elliptical. step 1600, energy = -0.5000400832050232
  |->  par_lens = 2, 2, 2
[TDSE] Running TDSE-SH-elliptical. step 1800, energy = -0.5000400811210656
  |->  par_lens = 2, 2, 2
[TDSE] Running TDSE-SH-elliptical. step 2000, energy = -0.5000400775065734
  |->  par_lens = 2, 2, 2
[TDSE] Running TDSE-SH-elliptical. step 2200, energy = -0.5000400715724839
  |->  par_lens = 2, 2, 2
[TDSE] Running TDSE-SH-elliptical. step 2400, energy = -0.5000400622839788
  |->  par_lens = 2, 2, 2
[TDSE] Running TDSE-SH-elliptical. step 2600, energy = -0.5000400483004404
  |->  par_lens = 2, 2, 2
[TDSE] Running TDSE-SH-elliptical. step 2800, energy = -0.5000400279275528
  |->  par_lens = 2, 2, 2
[TDSE] Running TDSE-SH-elliptical. step 3000, energy = -0.5000399991209629
  |->  par_lens = 2, 2, 2
[TDSE] Running TDSE-SH-elliptical. step 3200, energy = -0.5000399593514839
  |->  par_lens = 2, 2, 2
[TDSE] Running TDSE-SH-elliptical. step 3400, energy = -0.5000399057433647
  |->  par_lens = 2, 2, 2
[TDSE] Running TDSE-SH-elliptical. step 3600, energy = -0.5000398347815014
  |->  par_lens = 2, 2, 2
[TDSE] Running TDSE-SH-elliptical. step 3800, energy = -0.5000397425771284
  |->  par_lens = 2, 2, 2
[TDSE] Running TDSE-SH-elliptical. step 4000, energy = -0.5000396248186743
  |->  par_lens = 2, 2, 2
[TDSE] Running TDSE-SH-elliptical. step 4200, energy = -0.5000394762103907
  |->  par_lens = 2, 2, 2
[TDSE] Running TDSE-SH-elliptical. step 4400, energy = -0.5000392916564814
  |->  par_lens = 2, 2, 2
[TDSE] Running TDSE-SH-elliptical. step 4600, energy = -0.5000390649699455
  |->  par_lens = 2, 2, 2
[TDSE] Running TDSE-SH-elliptical. step 4800, energy = -0.5000387897755689
  |->  par_lens = 2, 2, 2
[TDSE] Running TDSE-SH-elliptical. step 5000, energy = -0.5000384592594321
  |->  par_lens = 2, 2, 2
[TDSE] Running TDSE-SH-elliptical. step 5200, energy = -0.5000380656884005
  |->  par_lens = 2, 2, 2
[TDSE] Running TDSE-SH-elliptical. step 5400, energy = -0.5000376029226076
  |->  par_lens = 2, 2, 2
[TDSE] Running TDSE-SH-elliptical. step 5600, energy = -0.500037061222722
  |->  par_lens = 2, 2, 2
[TDSE] Running TDSE-SH-elliptical. step 5800, energy = -0.5000364335013483
  |->  par_lens = 2, 2, 2
[TDSE] Running TDSE-SH-elliptical. step 6000, energy = -0.5000357129540489
  |->  par_lens = 2, 2, 2
[TDSE] Running TDSE-SH-elliptical. step 6200, energy = -0.5000348890306002
  |->  par_lens = 2, 2, 2
[TDSE] Running TDSE-SH-elliptical. step 6400, energy = -0.5000339562264886
  |->  par_lens = 2, 2, 2
[TDSE] Running TDSE-SH-elliptical. step 6600, energy = -0.5000329044621552
  |->  par_lens = 2, 2, 2
[TDSE] Running TDSE-SH-elliptical. step 6800, energy = -0.500031729380223
  |->  par_lens = 2, 2, 2
[TDSE] Running TDSE-SH-elliptical. step 7000, energy = -0.5000304226744989
  |->  par_lens = 2, 2, 2
[TDSE] Running TDSE-SH-elliptical. step 7200, energy = -0.500028974430232
  |->  par_lens = 4, 2, 2
[TDSE] Running TDSE-SH-elliptical. step 7400, energy = -0.5000273877358994
  |->  par_lens = 4, 3, 3
[TDSE] Running TDSE-SH-elliptical. step 7600, energy = -0.5000256487088347
  |->  par_lens = 4, 3, 3
[TDSE] Running TDSE-SH-elliptical. step 7800, energy = -0.5000237580088637
  |->  par_lens = 4, 3, 3
[TDSE] Running TDSE-SH-elliptical. step 8000, energy = -0.5000217138561278
  |->  par_lens = 4, 3, 3
[TDSE] Running TDSE-SH-elliptical. step 8200, energy = -0.5000195079251065
  |->  par_lens = 4, 3, 3
[TDSE] Running TDSE-SH-elliptical. step 8400, energy = -0.5000171500393912
  |->  par_lens = 4, 3, 3
[TDSE] Running TDSE-SH-elliptical. step 8600, energy = -0.5000146278705186
  |->  par_lens = 4, 3, 3
[TDSE] Running TDSE-SH-elliptical. step 8800, energy = -0.500011954900221
  |->  par_lens = 4, 3, 3
[TDSE] Running TDSE-SH-elliptical. step 9000, energy = -0.5000091270701595
  |->  par_lens = 4, 3, 3
[TDSE] Running TDSE-SH-elliptical. step 9200, energy = -0.5000061431222736
  |->  par_lens = 4, 3, 3
[TDSE] Running TDSE-SH-elliptical. step 9400, energy = -0.5000030318707068
  |->  par_lens = 4, 3, 3
[TDSE] Running TDSE-SH-elliptical. step 9600, energy = -0.49999976783686445
  |->  par_lens = 4, 3, 3
[TDSE] Running TDSE-SH-elliptical. step 9800, energy = -0.4999963775352684
  |->  par_lens = 4, 3, 3
[TDSE] Running TDSE-SH-elliptical. step 10000, energy = -0.49999287402193865
  |->  par_lens = 4, 3, 3
[TDSE] Running TDSE-SH-elliptical. step 10200, energy = -0.49998884412926065
  |->  par_lens = 4, 3, 3
[TDSE] Running TDSE-SH-elliptical. step 10400, energy = -0.49998213175907746
  |->  par_lens = 4, 3, 3
[TDSE] Running TDSE-SH-elliptical. step 10600, energy = -0.4999762410935357
  |->  par_lens = 4, 3, 3
[TDSE] Running TDSE-SH-elliptical. step 10800, energy = -0.4999819104534467
  |->  par_lens = 4, 3, 3
[TDSE] Running TDSE-SH-elliptical. step 11000, energy = -0.5000066057524774
  |->  par_lens = 4, 3, 3
[TDSE] Running TDSE-SH-elliptical. step 11200, energy = -0.5000339908906052
  |->  par_lens = 4, 3, 3
[TDSE] Running TDSE-SH-elliptical. step 11400, energy = -0.5000331941038153
  |->  par_lens = 4, 3, 3
[TDSE] Running TDSE-SH-elliptical. step 11600, energy = -0.5000088503352433
  |->  par_lens = 4, 3, 3
[TDSE] Running TDSE-SH-elliptical. step 11800, energy = -0.5000042469141305
  |->  par_lens = 4, 3, 3
[TDSE] Running TDSE-SH-elliptical. step 12000, energy = -0.49996905311509116
  |->  par_lens = 4, 3, 3
[TDSE] Running TDSE-SH-elliptical. step 12200, energy = -0.4996484987719257
  |->  par_lens = 5, 5, 5
[TDSE] Running TDSE-SH-elliptical. step 12400, energy = -0.4988089314344379
  |->  par_lens = 6, 7, 6
[TDSE] Running TDSE-SH-elliptical. step 12600, energy = -0.49773998871360636
  |->  par_lens = 7, 7, 7
[TDSE] Running TDSE-SH-elliptical. step 12800, energy = -0.4973255476936737
  |->  par_lens = 10, 9, 9
[TDSE] Running TDSE-SH-elliptical. step 13000, energy = -0.4981527850670266
  |->  par_lens = 10, 11, 10
[TDSE] Running TDSE-SH-elliptical. step 13200, energy = -0.49943346430084795
  |->  par_lens = 10, 11, 10
[TDSE] Running TDSE-SH-elliptical. step 13400, energy = -0.4993923319784859
  |->  par_lens = 10, 11, 10
[TDSE] Running TDSE-SH-elliptical. step 13600, energy = -0.49737411912298896
  |->  par_lens = 11, 11, 10
[TDSE] Running TDSE-SH-elliptical. step 13800, energy = -0.49529180158131486
  |->  par_lens = 11, 11, 10
[TDSE] Running TDSE-SH-elliptical. step 14000, energy = -0.4957713819728014
  |->  par_lens = 11, 11, 9
[TDSE] Running TDSE-SH-elliptical. step 14200, energy = -0.49829120653294207
  |->  par_lens = 10, 10, 10
[TDSE] Running TDSE-SH-elliptical. step 14400, energy = -0.4982967707532689
  |->  par_lens = 10, 10, 10
[TDSE] Running TDSE-SH-elliptical. step 14600, energy = -0.4921074968167954
  |->  par_lens = 11, 10, 11
[TDSE] Running TDSE-SH-elliptical. step 14800, energy = -0.4828744764958993
  |->  par_lens = 13, 13, 14
[TDSE] Running TDSE-SH-elliptical. step 15000, energy = -0.4792539377666893
  |->  par_lens = 19, 18, 18
[TDSE] Running TDSE-SH-elliptical. step 15200, energy = -0.4857964568709773
  |->  par_lens = 24, 23, 24
[TDSE] Running TDSE-SH-elliptical. step 15400, energy = -0.49552061301150935
  |->  par_lens = 27, 26, 27
[TDSE] Running TDSE-SH-elliptical. step 15600, energy = -0.49566923497378407
  |->  par_lens = 27, 26, 27
[TDSE] Running TDSE-SH-elliptical. step 15800, energy = -0.48292812780454547
  |->  par_lens = 26, 25, 25
[TDSE] Running TDSE-SH-elliptical. step 16000, energy = -0.4700577253673785
  |->  par_lens = 24, 22, 24
[TDSE] Running TDSE-SH-elliptical. step 16200, energy = -0.47250904725714
  |->  par_lens = 23, 23, 24
[TDSE] Running TDSE-SH-elliptical. step 16400, energy = -0.4879148251398268
  |->  par_lens = 25, 27, 26
[TDSE] Running TDSE-SH-elliptical. step 16600, energy = -0.4943974615079317
  |->  par_lens = 25, 25, 26
[TDSE] Running TDSE-SH-elliptical. step 16800, energy = -0.47489343498520875
  |->  par_lens = 23, 23, 23
[TDSE] Running TDSE-SH-elliptical. step 17000, energy = -0.44161337741303275
  |->  par_lens = 28, 27, 28
[TDSE] Running TDSE-SH-elliptical. step 17200, energy = -0.4277477682784955
  |->  par_lens = 36, 36, 35
[TDSE] Running TDSE-SH-elliptical. step 17400, energy = -0.44989969052202144
  |->  par_lens = 48, 47, 47
[TDSE] Running TDSE-SH-elliptical. step 17600, energy = -0.48379497992771475
  |->  par_lens = 55, 56, 56
[TDSE] Running TDSE-SH-elliptical. step 17800, energy = -0.4871500488126728
  |->  par_lens = 57, 57, 57
[TDSE] Running TDSE-SH-elliptical. step 18000, energy = -0.44953359904130014
  |->  par_lens = 56, 56, 57
[TDSE] Running TDSE-SH-elliptical. step 18200, energy = -0.41053090659905883
  |->  par_lens = 44, 45, 43
[TDSE] Running TDSE-SH-elliptical. step 18400, energy = -0.4160466527985736
  |->  par_lens = 59, 57, 57
[TDSE] Running TDSE-SH-elliptical. step 18600, energy = -0.46103199919262833
  |->  par_lens = 69, 69, 72
[TDSE] Running TDSE-SH-elliptical. step 18800, energy = -0.48657215485715
  |->  par_lens = 73, 73, 74
[TDSE] Running TDSE-SH-elliptical. step 19000, energy = -0.44678861269974424
  |->  par_lens = 74, 71, 69
[TDSE] Running TDSE-SH-elliptical. step 19200, energy = -0.3701646057528003
  |->  par_lens = 55, 55, 57
[TDSE] Running TDSE-SH-elliptical. step 19400, energy = -0.33608036183185214
  |->  par_lens = 77, 73, 78
[TDSE] Running TDSE-SH-elliptical. step 19600, energy = -0.38407157492340843
  |->  par_lens = 101, 103, 103
[TDSE] Running TDSE-SH-elliptical. step 19800, energy = -0.4612147962973357
  |->  par_lens = 124, 124, 125
[TDSE] Running TDSE-SH-elliptical. step 20000, energy = -0.47458214914041347
  |->  par_lens = 129, 129, 130
[TDSE] Running TDSE-SH-elliptical. step 20200, energy = -0.3999688808700998
  |->  par_lens = 123, 130, 132
[TDSE] Running TDSE-SH-elliptical. step 20400, energy = -0.31996016545972417
  |->  par_lens = 96, 103, 100
[TDSE] Running TDSE-SH-elliptical. step 20600, energy = -0.3271644310338549
  |->  par_lens = 117, 114, 116
[TDSE] Running TDSE-SH-elliptical. step 20800, energy = -0.41648366998824404
  |->  par_lens = 150, 151, 151
[TDSE] Running TDSE-SH-elliptical. step 21000, energy = -0.47476682858933
  |->  par_lens = 165, 161, 164
[TDSE] Running TDSE-SH-elliptical. step 21200, energy = -0.4142059065046452
  |->  par_lens = 163, 161, 162
[TDSE] Running TDSE-SH-elliptical. step 21400, energy = -0.2820680490844387
  |->  par_lens = 139, 141, 138
[TDSE] Running TDSE-SH-elliptical. step 21600, energy = -0.22066245530931689
  |->  par_lens = 131, 136, 143
[TDSE] Running TDSE-SH-elliptical. step 21800, energy = -0.2970682123014489
  |->  par_lens = 196, 193, 194
[TDSE] Running TDSE-SH-elliptical. step 22000, energy = -0.42972271953971825
  |->  par_lens = 247, 244, 246
[TDSE] Running TDSE-SH-elliptical. step 22200, energy = -0.46104563586606384
  |->  par_lens = 258, 260, 258
[TDSE] Running TDSE-SH-elliptical. step 22400, energy = -0.3480319454025963
  |->  par_lens = 263, 255, 253
[TDSE] Running TDSE-SH-elliptical. step 22600, energy = -0.22193385581429617
  |->  par_lens = 210, 213, 214
[TDSE] Running TDSE-SH-elliptical. step 22800, energy = -0.2280162759812015
  |->  par_lens = 210, 216, 217
[TDSE] Running TDSE-SH-elliptical. step 23000, energy = -0.3632464097017533
  |->  par_lens = 272, 276, 273
[TDSE] Running TDSE-SH-elliptical. step 23200, energy = -0.46089691957363194
  |->  par_lens = 299, 301, 299
[TDSE] Running TDSE-SH-elliptical. step 23400, energy = -0.3877082457481574
  |->  par_lens = 296, 304, 300
[TDSE] Running TDSE-SH-elliptical. step 23600, energy = -0.20441608200160913
  |->  par_lens = 264, 264, 264
[TDSE] Running TDSE-SH-elliptical. step 23800, energy = -0.11657580142714154
  |->  par_lens = 258, 254, 250
[TDSE] Running TDSE-SH-elliptical. step 24000, energy = -0.21298143448479326
  |->  par_lens = 322, 319, 317
[TDSE] Running TDSE-SH-elliptical. step 24200, energy = -0.3966218904868679
  |->  par_lens = 389, 390, 391
[TDSE] Running TDSE-SH-elliptical. step 24400, energy = -0.4502518348022199
  |->  par_lens = 406, 406, 406
[TDSE] Running TDSE-SH-elliptical. step 24600, energy = -0.31294671541467645
  |->  par_lens = 397, 393, 391
[TDSE] Running TDSE-SH-elliptical. step 24800, energy = -0.15092225491672742
  |->  par_lens = 353, 346, 344
[TDSE] Running TDSE-SH-elliptical. step 25000, energy = -0.15369576801637716
  |->  par_lens = 333, 354, 328
[TDSE] Running TDSE-SH-elliptical. step 25200, energy = -0.3176684432989887
  |->  par_lens = 397, 394, 391
[TDSE] Running TDSE-SH-elliptical. step 25400, energy = -0.4477367483943926
  |->  par_lens = 425, 430, 426
[TDSE] Running TDSE-SH-elliptical. step 25600, energy = -0.37642396234057335
  |->  par_lens = 426, 430, 425
[TDSE] Running TDSE-SH-elliptical. step 25800, energy = -0.16726134522696084
  |->  par_lens = 398, 405, 398
[TDSE] Running TDSE-SH-elliptical. step 26000, energy = -0.062262473813903305
  |->  par_lens = 401, 392, 382
[TDSE] Running TDSE-SH-elliptical. step 26200, energy = -0.16279616785841214
  |->  par_lens = 432, 427, 424
[TDSE] Running TDSE-SH-elliptical. step 26400, energy = -0.3723010792501768
  |->  par_lens = 484, 482, 485
[TDSE] Running TDSE-SH-elliptical. step 26600, energy = -0.4445989586804442
  |->  par_lens = 499, 497, 497
[TDSE] Running TDSE-SH-elliptical. step 26800, energy = -0.3087483596746575
  |->  par_lens = 496, 494, 493
[TDSE] Running TDSE-SH-elliptical. step 27000, energy = -0.136988788172158
  |->  par_lens = 470, 476, 472
[TDSE] Running TDSE-SH-elliptical. step 27200, energy = -0.13306445860174465
  |->  par_lens = 468, 468, 476
[TDSE] Running TDSE-SH-elliptical. step 27400, energy = -0.29855914751983853
  |->  par_lens = 496, 494, 496
[TDSE] Running TDSE-SH-elliptical. step 27600, energy = -0.4403689207418622
  |->  par_lens = 503, 505, 509
[TDSE] Running TDSE-SH-elliptical. step 27800, energy = -0.3833235140541554
  |->  par_lens = 505, 503, 509
[TDSE] Running TDSE-SH-elliptical. step 28000, energy = -0.18456414357823842
  |->  par_lens = 495, 485, 493
[TDSE] Running TDSE-SH-elliptical. step 28200, energy = -0.07820861648002604
  |->  par_lens = 490, 489, 491
[TDSE] Running TDSE-SH-elliptical. step 28400, energy = -0.1676034311837527
  |->  par_lens = 512, 514, 507
[TDSE] Running TDSE-SH-elliptical. step 28600, energy = -0.3662219699363603
  |->  par_lens = 541, 538, 537
[TDSE] Running TDSE-SH-elliptical. step 28800, energy = -0.4466630534229014
  |->  par_lens = 547, 546, 545
[TDSE] Running TDSE-SH-elliptical. step 29000, energy = -0.33708452391899235
  |->  par_lens = 547, 544, 543
[TDSE] Running TDSE-SH-elliptical. step 29200, energy = -0.18458127423110957
  |->  par_lens = 530, 528, 526
[TDSE] Running TDSE-SH-elliptical. step 29400, energy = -0.17501471752591224
  |->  par_lens = 516, 513, 510
[TDSE] Running TDSE-SH-elliptical. step 29600, energy = -0.3157659586857262
  |->  par_lens = 525, 520, 526
[TDSE] Running TDSE-SH-elliptical. step 29800, energy = -0.4416867833472905
  |->  par_lens = 531, 529, 534
[TDSE] Running TDSE-SH-elliptical. step 30000, energy = -0.4057114235732856
  |->  par_lens = 536, 531, 536
[TDSE] Running TDSE-SH-elliptical. step 30200, energy = -0.24989210249089108
  |->  par_lens = 531, 523, 526
[TDSE] Running TDSE-SH-elliptical. step 30400, energy = -0.15888237480845901
  |->  par_lens = 532, 533, 526
[TDSE] Running TDSE-SH-elliptical. step 30600, energy = -0.22614394945763802
  |->  par_lens = 544, 543, 542
[TDSE] Running TDSE-SH-elliptical. step 30800, energy = -0.38484618011535304
  |->  par_lens = 556, 555, 556
[TDSE] Running TDSE-SH-elliptical. step 31000, energy = -0.45554245428830625
  |->  par_lens = 562, 560, 562
[TDSE] Running TDSE-SH-elliptical. step 31200, energy = -0.3835734696911118
  |->  par_lens = 562, 561, 562
[TDSE] Running TDSE-SH-elliptical. step 31400, energy = -0.27477069250908104
  |->  par_lens = 555, 557, 556
[TDSE] Running TDSE-SH-elliptical. step 31600, energy = -0.26030788469674615
  |->  par_lens = 545, 542, 539
[TDSE] Running TDSE-SH-elliptical. step 31800, energy = -0.3608509403173155
  |->  par_lens = 537, 538, 539
[TDSE] Running TDSE-SH-elliptical. step 32000, energy = -0.4525188181188388
  |->  par_lens = 534, 541, 545
[TDSE] Running TDSE-SH-elliptical. step 32200, energy = -0.4356486738418935
  |->  par_lens = 539, 537, 542
[TDSE] Running TDSE-SH-elliptical. step 32400, energy = -0.3349761793899351
  |->  par_lens = 541, 538, 543
[TDSE] Running TDSE-SH-elliptical. step 32600, energy = -0.2676639129551913
  |->  par_lens = 550, 542, 549
[TDSE] Running TDSE-SH-elliptical. step 32800, energy = -0.31038125972966346
  |->  par_lens = 559, 559, 560
[TDSE] Running TDSE-SH-elliptical. step 33000, energy = -0.4131922553856586
  |->  par_lens = 563, 561, 564
[TDSE] Running TDSE-SH-elliptical. step 33200, energy = -0.46775167696244674
  |->  par_lens = 563, 562, 564
[TDSE] Running TDSE-SH-elliptical. step 33400, energy = -0.4326203570478093
  |->  par_lens = 563, 562, 563
[TDSE] Running TDSE-SH-elliptical. step 33600, energy = -0.36775173999003385
  |->  par_lens = 562, 561, 561
[TDSE] Running TDSE-SH-elliptical. step 33800, energy = -0.3586468694089779
  |->  par_lens = 558, 557, 560
[TDSE] Running TDSE-SH-elliptical. step 34000, energy = -0.4123511974519046
  |->  par_lens = 550, 548, 555
[TDSE] Running TDSE-SH-elliptical. step 34200, energy = -0.4670560654123954
  |->  par_lens = 540, 538, 548
[TDSE] Running TDSE-SH-elliptical. step 34400, energy = -0.4610042150711533
  |->  par_lens = 541, 535, 546
[TDSE] Running TDSE-SH-elliptical. step 34600, energy = -0.408599189723411
  |->  par_lens = 546, 548, 554
[TDSE] Running TDSE-SH-elliptical. step 34800, energy = -0.3728813286469227
  |->  par_lens = 556, 554, 555
[TDSE] Running TDSE-SH-elliptical. step 35000, energy = -0.3937922370879248
  |->  par_lens = 560, 556, 560
[TDSE] Running TDSE-SH-elliptical. step 35200, energy = -0.44597989495374535
  |->  par_lens = 560, 562, 561
[TDSE] Running TDSE-SH-elliptical. step 35400, energy = -0.47720353211372246
  |->  par_lens = 562, 561, 561
[TDSE] Running TDSE-SH-elliptical. step 35600, energy = -0.4654226960447521
  |->  par_lens = 561, 560, 560
[TDSE] Running TDSE-SH-elliptical. step 35800, energy = -0.43968443587029704
  |->  par_lens = 551, 556, 555
[TDSE] Running TDSE-SH-elliptical. step 36000, energy = -0.43323666413013584
  |->  par_lens = 546, 535, 546
[TDSE] Running TDSE-SH-elliptical. step 36200, energy = -0.45651846179345
  |->  par_lens = 534, 525, 529
[TDSE] Running TDSE-SH-elliptical. step 36400, energy = -0.4781728637202701
  |->  par_lens = 512, 507, 507
[TDSE] Running TDSE-SH-elliptical. step 36600, energy = -0.477395813937959
  |->  par_lens = 501, 500, 495
[TDSE] Running TDSE-SH-elliptical. step 36800, energy = -0.45726162282420196
  |->  par_lens = 504, 498, 497
[TDSE] Running TDSE-SH-elliptical. step 37000, energy = -0.4435670700371491
  |->  par_lens = 509, 513, 509
[TDSE] Running TDSE-SH-elliptical. step 37200, energy = -0.4502485115308343
  |->  par_lens = 522, 525, 529
[TDSE] Running TDSE-SH-elliptical. step 37400, energy = -0.4696941585755911
  |->  par_lens = 534, 537, 540
[TDSE] Running TDSE-SH-elliptical. step 37600, energy = -0.48271335750389466
  |->  par_lens = 543, 540, 545
[TDSE] Running TDSE-SH-elliptical. step 37800, energy = -0.4822656103907926
  |->  par_lens = 542, 538, 545
[TDSE] Running TDSE-SH-elliptical. step 38000, energy = -0.4757693189466395
  |->  par_lens = 535, 533, 539
[TDSE] Running TDSE-SH-elliptical. step 38200, energy = -0.47460877202935814
  |->  par_lens = 519, 521, 525
[TDSE] Running TDSE-SH-elliptical. step 38400, energy = -0.47963655742850964
  |->  par_lens = 491, 498, 507
[TDSE] Running TDSE-SH-elliptical. step 38600, energy = -0.4845774678708731
  |->  par_lens = 484, 481, 486
[TDSE] Running TDSE-SH-elliptical. step 38800, energy = -0.4840939243737957
  |->  par_lens = 469, 474, 469
[TDSE] Running TDSE-SH-elliptical. step 39000, energy = -0.47949741839725
  |->  par_lens = 471, 470, 469
[TDSE] Running TDSE-SH-elliptical. step 39200, energy = -0.47638923187533894
  |->  par_lens = 476, 479, 482
[TDSE] Running TDSE-SH-elliptical. step 39400, energy = -0.4777072753321216
  |->  par_lens = 492, 499, 497
[TDSE] Running TDSE-SH-elliptical. step 39600, energy = -0.4816325945885489
  |->  par_lens = 510, 510, 504
[TDSE] Running TDSE-SH-elliptical. step 39800, energy = -0.4850732534954967
  |->  par_lens = 513, 514, 509
[TDSE] Running TDSE-SH-elliptical. step 40000, energy = -0.4861080159536591
  |->  par_lens = 513, 514, 508
[TDSE] Running TDSE-SH-elliptical. step 40200, energy = -0.48604524679983896
  |->  par_lens = 512, 514, 508
[TDSE] Running TDSE-SH-elliptical. step 40400, energy = -0.48592504107917656
  |->  par_lens = 507, 508, 505
[TDSE] Running TDSE-SH-elliptical. step 40600, energy = -0.48625642231236116
  |->  par_lens = 502, 502, 500
[TDSE] Running TDSE-SH-elliptical. step 40800, energy = -0.48631622236266026
  |->  par_lens = 496, 498, 496
[TDSE] Running TDSE-SH-elliptical. step 41000, energy = -0.48607338475748574
  |->  par_lens = 497, 498, 498
[TDSE] Running TDSE-SH-elliptical. step 41200, energy = -0.48545035424817534
  |->  par_lens = 497, 498, 499
[TDSE] Running TDSE-SH-elliptical. step 41400, energy = -0.48535037475746995
  |->  par_lens = 499, 500, 499
[TDSE] Running TDSE-SH-elliptical. step 41600, energy = -0.48538175491334484
  |->  par_lens = 499, 502, 499
[TDSE] Running TDSE-SH-elliptical. step 41800, energy = -0.48562925168882665
  |->  par_lens = 500, 501, 499
[TDSE] Running TDSE-SH-elliptical. step 42000, energy = -0.48597063718978495
  |->  par_lens = 501, 502, 500
[TDSE] Running TDSE-SH-elliptical. step 42200, energy = -0.4860298782585056
  |->  par_lens = 500, 501, 500
[TDSE] Running TDSE-SH-elliptical. step 42400, energy = -0.4862027915215299
  |->  par_lens = 500, 501, 500
[TDSE] Running TDSE-SH-elliptical. step 42600, energy = -0.4861895638153602
  |->  par_lens = 501, 501, 501
[TDSE] Running TDSE-SH-elliptical. step 42800, energy = -0.48619513775030976
  |->  par_lens = 500, 502, 501
[TDSE] Running TDSE-SH-elliptical. step 43000, energy = -0.4862649556450254
  |->  par_lens = 500, 501, 501
[TDSE] Running TDSE-SH-elliptical. step 43200, energy = -0.486201472219099
  |->  par_lens = 500, 501, 501
[TDSE] Running TDSE-SH-elliptical. step 43400, energy = -0.48634020415249984
  |->  par_lens = 500, 501, 501
[TDSE] Running TDSE-SH-elliptical. step 43600, energy = -0.48628911905758515
  |->  par_lens = 500, 501, 501
[TDSE] Running TDSE-SH-elliptical. step 43800, energy = -0.4863009668791465
  |->  par_lens = 500, 501, 501
[TDSE] Running TDSE-SH-elliptical. step 44000, energy = -0.48641228789541846
  |->  par_lens = 500, 501, 501
[TDSE] Running TDSE-SH-elliptical. step 44200, energy = -0.4863691362906389
  |->  par_lens = 500, 501, 501
[TDSE] Running TDSE-SH-elliptical. step 44400, energy = -0.4864776795038396
  |->  par_lens = 500, 501, 501
[TDSE] Running TDSE-SH-elliptical. step 44600, energy = -0.4864155685948522
  |->  par_lens = 500, 501, 501
[TDSE] Running TDSE-SH-elliptical. step 44800, energy = -0.4864632997296281
  |->  par_lens = 500, 501, 501
[TDSE] Running TDSE-SH-elliptical. step 45000, energy = -0.4865403090894009
  |->  par_lens = 499, 501, 501
[TDSE] Running TDSE-SH-elliptical. step 45200, energy = -0.48647352862958515
  |->  par_lens = 499, 501, 501
[TDSE] Running TDSE-SH-elliptical. step 45400, energy = -0.48663177718795103
  |->  par_lens = 499, 501, 501
[TDSE] Running TDSE-SH-elliptical. step 45600, energy = -0.48659710430667474
  |->  par_lens = 499, 501, 501
[TDSE] Running TDSE-SH-elliptical. step 45800, energy = -0.4866338588990768
  |->  par_lens = 499, 501, 501
[TDSE] Running TDSE-SH-elliptical. step 46000, energy = -0.4866841930840899
  |->  par_lens = 498, 501, 500
[TDSE] Running TDSE-SH-elliptical. step 46200, energy = -0.4866121083183592
  |->  par_lens = 498, 501, 500
[TDSE] Running TDSE-SH-elliptical. step 46400, energy = -0.48674606424380845
  |->  par_lens = 498, 501, 500
[TDSE] Running TDSE-SH-elliptical. step 46600, energy = -0.48669832581616096
  |->  par_lens = 498, 500, 500
[TDSE] Running TDSE-SH-elliptical. step 46800, energy = -0.4867736339093117
  |->  par_lens = 498, 500, 500
[TDSE] Running TDSE-SH-elliptical. step 47000, energy = -0.48681750425060405
  |->  par_lens = 496, 499, 500
[TDSE] Running TDSE-SH-elliptical. step 47200, energy = -0.4867457281050208
  |->  par_lens = 496, 499, 500
[TDSE] Running TDSE-SH-elliptical. step 47400, energy = -0.48690566798326357
  |->  par_lens = 496, 499, 499
[TDSE] Running TDSE-SH-elliptical. step 47600, energy = -0.4868425721919558
  |->  par_lens = 496, 499, 498
[TDSE] Running TDSE-SH-elliptical. step 47800, energy = -0.48688657409405584
  |->  par_lens = 496, 495, 494
[TDSE] Running TDSE-SH-elliptical. step 48000, energy = -0.48692502079739103
  |->  par_lens = 493, 492, 494
[TDSE] Running TDSE-SH-elliptical. step 48200, energy = -0.4868900085006609
  |->  par_lens = 492, 491, 493
[TDSE] Running TDSE-SH-elliptical. step 48400, energy = -0.4870261644804583
  |->  par_lens = 492, 491, 493
[TDSE] Running TDSE-SH-elliptical. step 48600, energy = -0.48692671640561036
  |->  par_lens = 492, 491, 493
[TDSE] Running TDSE-SH-elliptical. step 48800, energy = -0.4870133309805074
  |->  par_lens = 492, 491, 493
[TDSE] Running TDSE-SH-elliptical. step 49000, energy = -0.48705110185166206
  |->  par_lens = 492, 491, 493
[TDSE] Running TDSE-SH-elliptical. step 49200, energy = -0.4869868684174086
  |->  par_lens = 490, 489, 493
[TDSE] Running TDSE-SH-elliptical. step 49400, energy = -0.48712617687211257
  |->  par_lens = 489, 488, 490
[TDSE] Running TDSE-SH-elliptical. step 49600, energy = -0.4870453489906166
  |->  par_lens = 487, 486, 489
[TDSE] Running TDSE-SH-elliptical. step 49800, energy = -0.4871284790509699
  |->  par_lens = 486, 486, 488
[TDSE] Running TDSE-SH-elliptical. step 50000, energy = -0.48714999230039063
  |->  par_lens = 486, 486, 488
[TDSE] Running TDSE-SH-elliptical. step 50200, energy = -0.48712578832471803
  |->  par_lens = 486, 486, 488
[TDSE] Running TDSE-SH-elliptical. step 50400, energy = -0.48725536191245805
  |->  par_lens = 486, 486, 488
[TDSE] Running TDSE-SH-elliptical. step 50600, energy = -0.48713398997778407
  |->  par_lens = 486, 486, 488
[TDSE] Running TDSE-SH-elliptical. step 50800, energy = -0.48724975648991287
  |->  par_lens = 486, 486, 488
[TDSE] Running TDSE-SH-elliptical. step 51000, energy = -0.48727984225694054
  |->  par_lens = 486, 486, 488
[TDSE] Running TDSE-SH-elliptical. step 51200, energy = -0.4872232075561835
  |->  par_lens = 486, 486, 488
[TDSE] Running TDSE-SH-elliptical. step 51400, energy = -0.48733017825597774
  |->  par_lens = 485, 485, 486
[TDSE] Running TDSE-SH-elliptical. step 51600, energy = -0.48723439710122923
  |->  par_lens = 485, 486, 486
[TDSE] Running TDSE-SH-elliptical. step 51800, energy = -0.48735629650466494
  |->  par_lens = 485, 485, 486
[TDSE] Running TDSE-SH-elliptical. step 52000, energy = -0.4873427774962589
  |->  par_lens = 486, 485, 486
[TDSE] Running TDSE-SH-elliptical. step 52200, energy = -0.48731222954951914
  |->  par_lens = 485, 485, 486
[TDSE] Running TDSE-SH-elliptical. step 52400, energy = -0.48743984821797814
  |->  par_lens = 485, 485, 486
[TDSE] Running TDSE-SH-elliptical. step 52600, energy = -0.4873335995034329
  |->  par_lens = 485, 485, 486
[TDSE] Running TDSE-SH-elliptical. step 52800, energy = -0.4874726131508666
  |->  par_lens = 485, 485, 486
[TDSE] Running TDSE-SH-elliptical. step 53000, energy = -0.48745368856241744
  |->  par_lens = 485, 485, 486
