  Activating project at `~/JuliaProp_v0.1`
[ITP]: 10000.500040081823
[ITP]: 3.4096981904596646e-9
Energy of ground state: -0.5000400852322796
[TDSE] Start TDSE-SH for elliptical polarized laser. It may cost a plenty of time.
[TDSE] Running TDSE-SH-elliptical. step 0, energy = -0.5000400852322784
  |->  par_lens = 2, 2, 2
[TDSE] Running TDSE-SH-elliptical. step 200, energy = -0.5000400852321392
  |->  par_lens = 2, 2, 2
[TDSE] Running TDSE-SH-elliptical. step 400, energy = -0.5000400852318668
  |->  par_lens = 2, 2, 2
[TDSE] Running TDSE-SH-elliptical. step 600, energy = -0.5000400852303222
  |->  par_lens = 2, 2, 2
[TDSE] Running TDSE-SH-elliptical. step 800, energy = -0.500040085222945
  |->  par_lens = 2, 2, 2
[TDSE] Running TDSE-SH-elliptical. step 1000, energy = -0.5000400851981179
  |->  par_lens = 2, 2, 2
[TDSE] Running TDSE-SH-elliptical. step 1200, energy = -0.5000400851318476
  |->  par_lens = 2, 2, 2
[TDSE] Running TDSE-SH-elliptical. step 1400, energy = -0.500040084981258
  |->  par_lens = 2, 2, 2
[TDSE] Running TDSE-SH-elliptical. step 1600, energy = -0.50004008467743
  |->  par_lens = 2, 2, 2
[TDSE] Running TDSE-SH-elliptical. step 1800, energy = -0.5000400841155233
  |->  par_lens = 2, 2, 2
[TDSE] Running TDSE-SH-elliptical. step 2000, energy = -0.5000400831481803
  |->  par_lens = 2, 2, 2
[TDSE] Running TDSE-SH-elliptical. step 2200, energy = -0.5000400815710848
  |->  par_lens = 2, 2, 2
[TDSE] Running TDSE-SH-elliptical. step 2400, energy = -0.5000400791185629
  |->  par_lens = 2, 2, 2
[TDSE] Running TDSE-SH-elliptical. step 2600, energy = -0.500040075448928
  |->  par_lens = 2, 2, 2
[TDSE] Running TDSE-SH-elliptical. step 2800, energy = -0.5000400701327247
  |->  par_lens = 2, 2, 2
[TDSE] Running TDSE-SH-elliptical. step 3000, energy = -0.500040062655317
  |->  par_lens = 2, 2, 2
[TDSE] Running TDSE-SH-elliptical. step 3200, energy = -0.500040052381881
  |->  par_lens = 2, 2, 2
[TDSE] Running TDSE-SH-elliptical. step 3400, energy = -0.5000400385945918
  |->  par_lens = 2, 2, 2
[TDSE] Running TDSE-SH-elliptical. step 3600, energy = -0.5000400204168407
  |->  par_lens = 2, 2, 2
[TDSE] Running TDSE-SH-elliptical. step 3800, energy = -0.500039996881466
  |->  par_lens = 2, 2, 2
[TDSE] Running TDSE-SH-elliptical. step 4000, energy = -0.5000399669186708
  |->  par_lens = 2, 2, 2
[TDSE] Running TDSE-SH-elliptical. step 4200, energy = -0.5000399292089288
  |->  par_lens = 2, 2, 2
[TDSE] Running TDSE-SH-elliptical. step 4400, energy = -0.5000398824868857
  |->  par_lens = 2, 2, 2
[TDSE] Running TDSE-SH-elliptical. step 4600, energy = -0.5000398252082322
  |->  par_lens = 2, 2, 2
[TDSE] Running TDSE-SH-elliptical. step 4800, energy = -0.5000397557761923
  |->  par_lens = 2, 2, 2
[TDSE] Running TDSE-SH-elliptical. step 5000, energy = -0.5000396724774833
  |->  par_lens = 2, 2, 2
[TDSE] Running TDSE-SH-elliptical. step 5200, energy = -0.5000395733532461
  |->  par_lens = 2, 2, 2
[TDSE] Running TDSE-SH-elliptical. step 5400, energy = -0.5000394568346275
  |->  par_lens = 2, 2, 2
[TDSE] Running TDSE-SH-elliptical. step 5600, energy = -0.5000393204216778
  |->  par_lens = 2, 2, 2
[TDSE] Running TDSE-SH-elliptical. step 5800, energy = -0.5000391622591954
  |->  par_lens = 2, 2, 2
[TDSE] Running TDSE-SH-elliptical. step 6000, energy = -0.5000389805375585
  |->  par_lens = 2, 2, 2
[TDSE] Running TDSE-SH-elliptical. step 6200, energy = -0.5000387724625474
  |->  par_lens = 2, 2, 2
[TDSE] Running TDSE-SH-elliptical. step 6400, energy = -0.5000385364766858
  |->  par_lens = 2, 2, 2
[TDSE] Running TDSE-SH-elliptical. step 6600, energy = -0.500038269823467
  |->  par_lens = 2, 2, 2
[TDSE] Running TDSE-SH-elliptical. step 6800, energy = -0.5000379711409996
  |->  par_lens = 2, 2, 2
[TDSE] Running TDSE-SH-elliptical. step 7000, energy = -0.5000376380222935
  |->  par_lens = 2, 2, 2
[TDSE] Running TDSE-SH-elliptical. step 7200, energy = -0.5000372675902583
  |->  par_lens = 2, 2, 2
[TDSE] Running TDSE-SH-elliptical. step 7400, energy = -0.5000368602094175
  |->  par_lens = 2, 2, 2
[TDSE] Running TDSE-SH-elliptical. step 7600, energy = -0.5000364118821105
  |->  par_lens = 2, 2, 2
[TDSE] Running TDSE-SH-elliptical. step 7800, energy = -0.5000359222376518
  |->  par_lens = 2, 2, 2
[TDSE] Running TDSE-SH-elliptical. step 8000, energy = -0.500035390236696
  |->  par_lens = 2, 2, 2
[TDSE] Running TDSE-SH-elliptical. step 8200, energy = -0.5000348131028708
  |->  par_lens = 2, 2, 2
[TDSE] Running TDSE-SH-elliptical. step 8400, energy = -0.5000341926542465
  |->  par_lens = 2, 2, 2
[TDSE] Running TDSE-SH-elliptical. step 8600, energy = -0.5000335249822975
  |->  par_lens = 2, 2, 2
[TDSE] Running TDSE-SH-elliptical. step 8800, energy = -0.5000328127619537
  |->  par_lens = 2, 2, 2
[TDSE] Running TDSE-SH-elliptical. step 9000, energy = -0.5000320541257521
  |->  par_lens = 2, 2, 2
[TDSE] Running TDSE-SH-elliptical. step 9200, energy = -0.5000312478796122
  |->  par_lens = 2, 2, 2
[TDSE] Running TDSE-SH-elliptical. step 9400, energy = -0.500030400647127
  |->  par_lens = 4, 2, 2
[TDSE] Running TDSE-SH-elliptical. step 9600, energy = -0.5000295048958968
  |->  par_lens = 4, 2, 2
[TDSE] Running TDSE-SH-elliptical. step 9800, energy = -0.5000285666634017
  |->  par_lens = 4, 3, 3
[TDSE] Running TDSE-SH-elliptical. step 10000, energy = -0.5000275885177604
  |->  par_lens = 4, 3, 3
[TDSE] Running TDSE-SH-elliptical. step 10200, energy = -0.5000263566021551
  |->  par_lens = 4, 3, 3
[TDSE] Running TDSE-SH-elliptical. step 10400, energy = -0.5000237230642185
  |->  par_lens = 4, 3, 3
[TDSE] Running TDSE-SH-elliptical. step 10600, energy = -0.5000214775162755
  |->  par_lens = 4, 3, 3
[TDSE] Running TDSE-SH-elliptical. step 10800, energy = -0.5000250625556913
  |->  par_lens = 4, 3, 3
[TDSE] Running TDSE-SH-elliptical. step 11000, energy = -0.5000353006662502
  |->  par_lens = 4, 3, 3
[TDSE] Running TDSE-SH-elliptical. step 11200, energy = -0.5000335337282256
  |->  par_lens = 4, 3, 3
[TDSE] Running TDSE-SH-elliptical. step 11400, energy = -0.49999617046866734
  |->  par_lens = 4, 3, 3
[TDSE] Running TDSE-SH-elliptical. step 11600, energy = -0.499946298571575
  |->  par_lens = 4, 3, 3
[TDSE] Running TDSE-SH-elliptical. step 11800, energy = -0.49995226682697813
  |->  par_lens = 4, 3, 3
[TDSE] Running TDSE-SH-elliptical. step 12000, energy = -0.49998360802920017
  |->  par_lens = 4, 3, 3
[TDSE] Running TDSE-SH-elliptical. step 12200, energy = -0.49978717622999297
  |->  par_lens = 5, 4, 4
[TDSE] Running TDSE-SH-elliptical. step 12400, energy = -0.4991029207237069
  |->  par_lens = 5, 5, 6
[TDSE] Running TDSE-SH-elliptical. step 12600, energy = -0.4981674617053718
  |->  par_lens = 7, 7, 7
[TDSE] Running TDSE-SH-elliptical. step 12800, energy = -0.497799556738304
  |->  par_lens = 7, 7, 7
[TDSE] Running TDSE-SH-elliptical. step 13000, energy = -0.49853496242365236
  |->  par_lens = 7, 7, 7
[TDSE] Running TDSE-SH-elliptical. step 13200, energy = -0.4995750326469501
  |->  par_lens = 7, 7, 7
[TDSE] Running TDSE-SH-elliptical. step 13400, energy = -0.4991924651625555
  |->  par_lens = 7, 7, 7
[TDSE] Running TDSE-SH-elliptical. step 13600, energy = -0.49683566349099956
  |->  par_lens = 8, 8, 7
[TDSE] Running TDSE-SH-elliptical. step 13800, energy = -0.4945498682042299
  |->  par_lens = 10, 9, 9
[TDSE] Running TDSE-SH-elliptical. step 14000, energy = -0.49507472782471157
  |->  par_lens = 10, 9, 9
[TDSE] Running TDSE-SH-elliptical. step 14200, energy = -0.4979351805429363
  |->  par_lens = 10, 8, 8
[TDSE] Running TDSE-SH-elliptical. step 14400, energy = -0.4985213725365246
  |->  par_lens = 10, 8, 8
[TDSE] Running TDSE-SH-elliptical. step 14600, energy = -0.49299464721246794
  |->  par_lens = 10, 10, 10
[TDSE] Running TDSE-SH-elliptical. step 14800, energy = -0.4842837230059571
  |->  par_lens = 13, 13, 13
[TDSE] Running TDSE-SH-elliptical. step 15000, energy = -0.4808307362400229
  |->  par_lens = 15, 15, 14
[TDSE] Running TDSE-SH-elliptical. step 15200, energy = -0.4870611673523027
  |->  par_lens = 17, 16, 16
[TDSE] Running TDSE-SH-elliptical. step 15400, energy = -0.49601968669314234
  |->  par_lens = 19, 19, 19
[TDSE] Running TDSE-SH-elliptical. step 15600, energy = -0.49514272094323497
  |->  par_lens = 19, 19, 19
[TDSE] Running TDSE-SH-elliptical. step 15800, energy = -0.4814351632362959
  |->  par_lens = 18, 19, 19
[TDSE] Running TDSE-SH-elliptical. step 16000, energy = -0.4680040789705007
  |->  par_lens = 20, 20, 21
[TDSE] Running TDSE-SH-elliptical. step 16200, energy = -0.4705541913964223
  |->  par_lens = 22, 22, 21
[TDSE] Running TDSE-SH-elliptical. step 16400, energy = -0.4867762742084104
  |->  par_lens = 24, 24, 24
[TDSE] Running TDSE-SH-elliptical. step 16600, energy = -0.4946093691282058
  |->  par_lens = 26, 25, 25
[TDSE] Running TDSE-SH-elliptical. step 16800, energy = -0.4765964999669794
  |->  par_lens = 24, 23, 23
[TDSE] Running TDSE-SH-elliptical. step 17000, energy = -0.4444560560879071
  |->  par_lens = 26, 26, 28
[TDSE] Running TDSE-SH-elliptical. step 17200, energy = -0.4309535976206489
  |->  par_lens = 34, 35, 33
[TDSE] Running TDSE-SH-elliptical. step 17400, energy = -0.45248748417751916
  |->  par_lens = 43, 42, 42
[TDSE] Running TDSE-SH-elliptical. step 17600, energy = -0.4848899950649892
  |->  par_lens = 50, 50, 50
[TDSE] Running TDSE-SH-elliptical. step 17800, energy = -0.48629163323657454
  |->  par_lens = 50, 51, 51
[TDSE] Running TDSE-SH-elliptical. step 18000, energy = -0.44687959703826785
  |->  par_lens = 47, 46, 47
[TDSE] Running TDSE-SH-elliptical. step 18200, energy = -0.40685877850358826
  |->  par_lens = 47, 42, 41
[TDSE] Running TDSE-SH-elliptical. step 18400, energy = -0.41252686127542415
  |->  par_lens = 58, 58, 57
[TDSE] Running TDSE-SH-elliptical. step 18600, energy = -0.45887803802502863
  |->  par_lens = 71, 69, 69
[TDSE] Running TDSE-SH-elliptical. step 18800, energy = -0.48663088827803724
  |->  par_lens = 75, 73, 73
[TDSE] Running TDSE-SH-elliptical. step 19000, energy = -0.449233879425573
  |->  par_lens = 76, 73, 73
[TDSE] Running TDSE-SH-elliptical. step 19200, energy = -0.3743837919369992
  |->  par_lens = 62, 58, 60
[TDSE] Running TDSE-SH-elliptical. step 19400, energy = -0.3408484804725951
  |->  par_lens = 76, 75, 75
[TDSE] Running TDSE-SH-elliptical. step 19600, energy = -0.3879323074220987
  |->  par_lens = 101, 101, 102
[TDSE] Running TDSE-SH-elliptical. step 19800, energy = -0.4629397920453707
  |->  par_lens = 121, 122, 123
[TDSE] Running TDSE-SH-elliptical. step 20000, energy = -0.47357390130400134
  |->  par_lens = 125, 126, 128
[TDSE] Running TDSE-SH-elliptical. step 20200, energy = -0.39650985880122314
  |->  par_lens = 122, 127, 123
[TDSE] Running TDSE-SH-elliptical. step 20400, energy = -0.31515908819424737
  |->  par_lens = 94, 95, 96
[TDSE] Running TDSE-SH-elliptical. step 20600, energy = -0.32255284939602846
  |->  par_lens = 115, 116, 112
[TDSE] Running TDSE-SH-elliptical. step 20800, energy = -0.41359352948470357
  |->  par_lens = 150, 154, 153
[TDSE] Running TDSE-SH-elliptical. step 21000, energy = -0.4745821494934578
  |->  par_lens = 166, 166, 167
[TDSE] Running TDSE-SH-elliptical. step 21200, energy = -0.4168752667675433
  |->  par_lens = 170, 172, 165
[TDSE] Running TDSE-SH-elliptical. step 21400, energy = -0.28680251599064893
  |->  par_lens = 148, 144, 143
[TDSE] Running TDSE-SH-elliptical. step 21600, energy = -0.22599591090969243
  |->  par_lens = 138, 139, 139
[TDSE] Running TDSE-SH-elliptical. step 21800, energy = -0.3013936458918504
  |->  par_lens = 195, 194, 192
[TDSE] Running TDSE-SH-elliptical. step 22000, energy = -0.43173806906837864
  |->  par_lens = 242, 240, 243
[TDSE] Running TDSE-SH-elliptical. step 22200, energy = -0.46018509733172447
  |->  par_lens = 256, 253, 253
[TDSE] Running TDSE-SH-elliptical. step 22400, energy = -0.34466441937092535
  |->  par_lens = 249, 249, 251
[TDSE] Running TDSE-SH-elliptical. step 22600, energy = -0.21725714599620397
  |->  par_lens = 209, 213, 213
[TDSE] Running TDSE-SH-elliptical. step 22800, energy = -0.2235485073281409
  |->  par_lens = 221, 218, 221
[TDSE] Running TDSE-SH-elliptical. step 23000, energy = -0.36042567376767565
  |->  par_lens = 274, 277, 276
[TDSE] Running TDSE-SH-elliptical. step 23200, energy = -0.46053703282086544
  |->  par_lens = 300, 303, 303
[TDSE] Running TDSE-SH-elliptical. step 23400, energy = -0.3898546090021553
  |->  par_lens = 299, 303, 303
[TDSE] Running TDSE-SH-elliptical. step 23600, energy = -0.20830507146839958
  |->  par_lens = 274, 266, 271
[TDSE] Running TDSE-SH-elliptical. step 23800, energy = -0.12088375989939502
  |->  par_lens = 245, 244, 244
[TDSE] Running TDSE-SH-elliptical. step 24000, energy = -0.21643554556122044
  |->  par_lens = 312, 316, 318
[TDSE] Running TDSE-SH-elliptical. step 24200, energy = -0.39826121634546113
  |->  par_lens = 386, 388, 388
[TDSE] Running TDSE-SH-elliptical. step 24400, energy = -0.449773895722389
  |->  par_lens = 404, 406, 404
[TDSE] Running TDSE-SH-elliptical. step 24600, energy = -0.310748219395057
  |->  par_lens = 391, 391, 390
[TDSE] Running TDSE-SH-elliptical. step 24800, energy = -0.14791579733143242
  |->  par_lens = 335, 345, 338
[TDSE] Running TDSE-SH-elliptical. step 25000, energy = -0.15092712209979406
  |->  par_lens = 326, 331, 322
[TDSE] Running TDSE-SH-elliptical. step 25200, energy = -0.31596902919139436
  |->  par_lens = 392, 396, 388
[TDSE] Running TDSE-SH-elliptical. step 25400, energy = -0.4474379977365002
  |->  par_lens = 427, 429, 426
[TDSE] Running TDSE-SH-elliptical. step 25600, energy = -0.3774026151625335
  |->  par_lens = 427, 432, 427
[TDSE] Running TDSE-SH-elliptical. step 25800, energy = -0.16899012554214693
  |->  par_lens = 394, 401, 399
[TDSE] Running TDSE-SH-elliptical. step 26000, energy = -0.06397819972705804
  |->  par_lens = 378, 391, 387
[TDSE] Running TDSE-SH-elliptical. step 26200, energy = -0.1640412504929578
  |->  par_lens = 425, 422, 421
[TDSE] Running TDSE-SH-elliptical. step 26400, energy = -0.3728498152827755
  |->  par_lens = 480, 483, 480
[TDSE] Running TDSE-SH-elliptical. step 26600, energy = -0.44453695501261065
  |->  par_lens = 493, 498, 497
[TDSE] Running TDSE-SH-elliptical. step 26800, energy = -0.3084192210213116
  |->  par_lens = 487, 499, 496
[TDSE] Running TDSE-SH-elliptical. step 27000, energy = -0.13682170464533044
  |->  par_lens = 478, 475, 474
[TDSE] Running TDSE-SH-elliptical. step 27200, energy = -0.13315840909651458
  |->  par_lens = 460, 472, 476
[TDSE] Running TDSE-SH-elliptical. step 27400, energy = -0.29883817071784985
  |->  par_lens = 491, 491, 497
[TDSE] Running TDSE-SH-elliptical. step 27600, energy = -0.4404758042834498
  |->  par_lens = 505, 505, 509
[TDSE] Running TDSE-SH-elliptical. step 27800, energy = -0.3828810359805568
  |->  par_lens = 503, 508, 514
[TDSE] Running TDSE-SH-elliptical. step 28000, energy = -0.18341455869108736
  |->  par_lens = 499, 499, 501
[TDSE] Running TDSE-SH-elliptical. step 28200, energy = -0.07652129142612642
  |->  par_lens = 486, 492, 491
[TDSE] Running TDSE-SH-elliptical. step 28400, energy = -0.16580265833320212
  |->  par_lens = 512, 510, 514
[TDSE] Running TDSE-SH-elliptical. step 28600, energy = -0.36517035155871336
  |->  par_lens = 541, 539, 540
[TDSE] Running TDSE-SH-elliptical. step 28800, energy = -0.4468300363840894
  |->  par_lens = 548, 546, 551
[TDSE] Running TDSE-SH-elliptical. step 29000, energy = -0.3387209605381171
  |->  par_lens = 545, 543, 549
[TDSE] Running TDSE-SH-elliptical. step 29200, energy = -0.18755103772714982
  |->  par_lens = 531, 526, 528
[TDSE] Running TDSE-SH-elliptical. step 29400, energy = -0.1782436139508052
  |->  par_lens = 521, 510, 522
[TDSE] Running TDSE-SH-elliptical. step 29600, energy = -0.31822501431435196
  |->  par_lens = 527, 522, 537
[TDSE] Running TDSE-SH-elliptical. step 29800, energy = -0.44239597192697394
  |->  par_lens = 535, 526, 536
[TDSE] Running TDSE-SH-elliptical. step 30000, energy = -0.4040391531920037
  |->  par_lens = 531, 529, 537
[TDSE] Running TDSE-SH-elliptical. step 30200, energy = -0.2461333424067218
  |->  par_lens = 529, 526, 528
[TDSE] Running TDSE-SH-elliptical. step 30400, energy = -0.15390952342839007
  |->  par_lens = 540, 533, 536
[TDSE] Running TDSE-SH-elliptical. step 30600, energy = -0.22165636564649574
  |->  par_lens = 550, 548, 550
[TDSE] Running TDSE-SH-elliptical. step 30800, energy = -0.38214895376188335
  |->  par_lens = 558, 557, 560
[TDSE] Running TDSE-SH-elliptical. step 31000, energy = -0.4556733860964812
  |->  par_lens = 565, 565, 565
[TDSE] Running TDSE-SH-elliptical. step 31200, energy = -0.3867782536953409
  |->  par_lens = 565, 563, 565
[TDSE] Running TDSE-SH-elliptical. step 31400, energy = -0.27980887913313945
  |->  par_lens = 565, 560, 561
[TDSE] Running TDSE-SH-elliptical. step 31600, energy = -0.2659745067091212
  |->  par_lens = 555, 551, 549
[TDSE] Running TDSE-SH-elliptical. step 31800, energy = -0.3650413189554787
  |->  par_lens = 547, 540, 548
[TDSE] Running TDSE-SH-elliptical. step 32000, energy = -0.45381510140230785
  |->  par_lens = 549, 543, 551
[TDSE] Running TDSE-SH-elliptical. step 32200, energy = -0.4332814484601789
  |->  par_lens = 549, 548, 551
[TDSE] Running TDSE-SH-elliptical. step 32400, energy = -0.3294531002637788
  |->  par_lens = 556, 547, 557
[TDSE] Running TDSE-SH-elliptical. step 32600, energy = -0.26070083691469664
  |->  par_lens = 560, 560, 562
[TDSE] Running TDSE-SH-elliptical. step 32800, energy = -0.3040174338044755
  |->  par_lens = 566, 567, 566
[TDSE] Running TDSE-SH-elliptical. step 33000, energy = -0.4094507707870157
  |->  par_lens = 568, 569, 570
[TDSE] Running TDSE-SH-elliptical. step 33200, energy = -0.467594942934626
  |->  par_lens = 572, 572, 572
[TDSE] Running TDSE-SH-elliptical. step 33400, energy = -0.43594467206936166
  |->  par_lens = 572, 572, 571
[TDSE] Running TDSE-SH-elliptical. step 33600, energy = -0.3735734474560306
  |->  par_lens = 571, 572, 571
[TDSE] Running TDSE-SH-elliptical. step 33800, energy = -0.3651020119453923
  |->  par_lens = 569, 571, 569
[TDSE] Running TDSE-SH-elliptical. step 34000, energy = -0.41720626539478295
  |->  par_lens = 567, 568, 565
[TDSE] Running TDSE-SH-elliptical. step 34200, energy = -0.46857788244190574
  |->  par_lens = 563, 561, 562
[TDSE] Running TDSE-SH-elliptical. step 34400, energy = -0.458628429542826
  |->  par_lens = 562, 560, 558
[TDSE] Running TDSE-SH-elliptical. step 34600, energy = -0.4030534012157013
  |->  par_lens = 565, 563, 570
[TDSE] Running TDSE-SH-elliptical. step 34800, energy = -0.36589402877085786
  |->  par_lens = 566, 568, 570
[TDSE] Running TDSE-SH-elliptical. step 35000, energy = -0.3874000932600904
  |->  par_lens = 570, 569, 571
[TDSE] Running TDSE-SH-elliptical. step 35200, energy = -0.4418045252789523
  |->  par_lens = 573, 572, 574
[TDSE] Running TDSE-SH-elliptical. step 35400, energy = -0.47650071638640956
  |->  par_lens = 577, 575, 577
[TDSE] Running TDSE-SH-elliptical. step 35600, energy = -0.4681560777788108
  |->  par_lens = 577, 576, 577
[TDSE] Running TDSE-SH-elliptical. step 35800, energy = -0.444626423900424
  |->  par_lens = 575, 573, 574
[TDSE] Running TDSE-SH-elliptical. step 36000, energy = -0.43868563573127217
  |->  par_lens = 570, 567, 570
[TDSE] Running TDSE-SH-elliptical. step 36200, energy = -0.46045419625276823
  |->  par_lens = 561, 558, 563
[TDSE] Running TDSE-SH-elliptical. step 36400, energy = -0.4794105409341148
  |->  par_lens = 552, 550, 552
[TDSE] Running TDSE-SH-elliptical. step 36600, energy = -0.47557961876331106
  |->  par_lens = 545, 547, 546
[TDSE] Running TDSE-SH-elliptical. step 36800, energy = -0.45286049880658796
  |->  par_lens = 552, 550, 555
[TDSE] Running TDSE-SH-elliptical. step 37000, energy = -0.4379613213233725
  |->  par_lens = 559, 562, 557
[TDSE] Running TDSE-SH-elliptical. step 37200, energy = -0.44504890360911664
  |->  par_lens = 570, 567, 569
[TDSE] Running TDSE-SH-elliptical. step 37400, energy = -0.4662662478539485
  |->  par_lens = 579, 577, 577
[TDSE] Running TDSE-SH-elliptical. step 37600, energy = -0.48164421009243896
  |->  par_lens = 581, 584, 581
[TDSE] Running TDSE-SH-elliptical. step 37800, energy = -0.48345891204848185
  |->  par_lens = 581, 584, 581
[TDSE] Running TDSE-SH-elliptical. step 38000, energy = -0.47848392202818013
  |->  par_lens = 580, 582, 581
[TDSE] Running TDSE-SH-elliptical. step 38200, energy = -0.4775366223710878
  |->  par_lens = 579, 581, 578
[TDSE] Running TDSE-SH-elliptical. step 38400, energy = -0.48166609989708326
  |->  par_lens = 575, 575, 572
[TDSE] Running TDSE-SH-elliptical. step 38600, energy = -0.48518374749222676
  |->  par_lens = 567, 568, 569
[TDSE] Running TDSE-SH-elliptical. step 38800, energy = -0.4827859147505352
  |->  par_lens = 567, 568, 563
[TDSE] Running TDSE-SH-elliptical. step 39000, energy = -0.47689138953574783
  |->  par_lens = 572, 568, 567
[TDSE] Running TDSE-SH-elliptical. step 39200, energy = -0.47321547332937536
  |->  par_lens = 574, 575, 576
[TDSE] Running TDSE-SH-elliptical. step 39400, energy = -0.4746323740629756
  |->  par_lens = 584, 584, 581
[TDSE] Running TDSE-SH-elliptical. step 39600, energy = -0.4792661799243881
  |->  par_lens = 588, 587, 586
[TDSE] Running TDSE-SH-elliptical. step 39800, energy = -0.48384157722639265
  |->  par_lens = 589, 588, 587
[TDSE] Running TDSE-SH-elliptical. step 40000, energy = -0.48590948940779555
  |->  par_lens = 589, 588, 587
[TDSE] Running TDSE-SH-elliptical. step 40200, energy = -0.486351829807253
  |->  par_lens = 589, 588, 587
[TDSE] Running TDSE-SH-elliptical. step 40400, energy = -0.4864036068453247
  |->  par_lens = 589, 588, 587
[TDSE] Running TDSE-SH-elliptical. step 40600, energy = -0.4864087108273399
  |->  par_lens = 589, 588, 587
[TDSE] Running TDSE-SH-elliptical. step 40800, energy = -0.4859413801251632
  |->  par_lens = 589, 588, 587
[TDSE] Running TDSE-SH-elliptical. step 41000, energy = -0.4852554326723069
  |->  par_lens = 589, 588, 587
[TDSE] Running TDSE-SH-elliptical. step 41200, energy = -0.48412674340467693
  |->  par_lens = 589, 588, 587
[TDSE] Running TDSE-SH-elliptical. step 41400, energy = -0.4839398970987733
  |->  par_lens = 590, 590, 588
[TDSE] Running TDSE-SH-elliptical. step 41600, energy = -0.48392592265504086
  |->  par_lens = 590, 590, 590
[TDSE] Running TDSE-SH-elliptical. step 41800, energy = -0.4843805720283374
  |->  par_lens = 590, 590, 590
[TDSE] Running TDSE-SH-elliptical. step 42000, energy = -0.4848997540004354
  |->  par_lens = 590, 590, 590
[TDSE] Running TDSE-SH-elliptical. step 42200, energy = -0.4848761086164153
  |->  par_lens = 590, 590, 590
[TDSE] Running TDSE-SH-elliptical. step 42400, energy = -0.48524501971326006
  |->  par_lens = 590, 590, 590
[TDSE] Running TDSE-SH-elliptical. step 42600, energy = -0.48520479423014445
  |->  par_lens = 590, 590, 590
[TDSE] Running TDSE-SH-elliptical. step 42800, energy = -0.4851733834536144
  |->  par_lens = 590, 590, 590
[TDSE] Running TDSE-SH-elliptical. step 43000, energy = -0.4852220148095072
  |->  par_lens = 590, 590, 590
[TDSE] Running TDSE-SH-elliptical. step 43200, energy = -0.48508026853455244
  |->  par_lens = 590, 590, 590
[TDSE] Running TDSE-SH-elliptical. step 43400, energy = -0.4853943496829512
  |->  par_lens = 590, 590, 590
[TDSE] Running TDSE-SH-elliptical. step 43600, energy = -0.4851961651129099
  |->  par_lens = 590, 590, 590
[TDSE] Running TDSE-SH-elliptical. step 43800, energy = -0.48519306171303994
  |->  par_lens = 590, 590, 590
[TDSE] Running TDSE-SH-elliptical. step 44000, energy = -0.4853701173239258
  |->  par_lens = 590, 590, 590
[TDSE] Running TDSE-SH-elliptical. step 44200, energy = -0.48522375113715266
  |->  par_lens = 590, 590, 590
[TDSE] Running TDSE-SH-elliptical. step 44400, energy = -0.4854328087849126
  |->  par_lens = 590, 590, 590
[TDSE] Running TDSE-SH-elliptical. step 44600, energy = -0.4852602696461889
  |->  par_lens = 590, 590, 590
[TDSE] Running TDSE-SH-elliptical. step 44800, energy = -0.48537188352131994
  |->  par_lens = 590, 590, 590
[TDSE] Running TDSE-SH-elliptical. step 45000, energy = -0.4854848735166835
  |->  par_lens = 590, 590, 590
[TDSE] Running TDSE-SH-elliptical. step 45200, energy = -0.4853034620984233
  |->  par_lens = 590, 590, 590
[TDSE] Running TDSE-SH-elliptical. step 45400, energy = -0.4855563062107715
  |->  par_lens = 590, 590, 590
[TDSE] Running TDSE-SH-elliptical. step 45600, energy = -0.4853712114965681
  |->  par_lens = 590, 590, 590
[TDSE] Running TDSE-SH-elliptical. step 45800, energy = -0.48548907253039736
  |->  par_lens = 590, 590, 590
[TDSE] Running TDSE-SH-elliptical. step 46000, energy = -0.48560164825933066
  |->  par_lens = 590, 590, 590
[TDSE] Running TDSE-SH-elliptical. step 46200, energy = -0.48542125865307084
  |->  par_lens = 590, 590, 590
[TDSE] Running TDSE-SH-elliptical. step 46400, energy = -0.4856530454848342
  |->  par_lens = 590, 590, 590
[TDSE] Running TDSE-SH-elliptical. step 46600, energy = -0.4854992632382154
  |->  par_lens = 590, 590, 590
[TDSE] Running TDSE-SH-elliptical. step 46800, energy = -0.4856541358880479
  |->  par_lens = 590, 590, 590
[TDSE] Running TDSE-SH-elliptical. step 47000, energy = -0.48567526648809894
  |->  par_lens = 590, 590, 590
[TDSE] Running TDSE-SH-elliptical. step 47200, energy = -0.48552545632393324
  |->  par_lens = 590, 590, 590
[TDSE] Running TDSE-SH-elliptical. step 47400, energy = -0.4858292617748875
  |->  par_lens = 590, 590, 590
[TDSE] Running TDSE-SH-elliptical. step 47600, energy = -0.48560239670839206
  |->  par_lens = 590, 590, 590
[TDSE] Running TDSE-SH-elliptical. step 47800, energy = -0.48571035384239764
  |->  par_lens = 590, 590, 590
[TDSE] Running TDSE-SH-elliptical. step 48000, energy = -0.48578668914862166
  |->  par_lens = 590, 590, 590
[TDSE] Running TDSE-SH-elliptical. step 48200, energy = -0.48568879101213486
  |->  par_lens = 590, 590, 590
[TDSE] Running TDSE-SH-elliptical. step 48400, energy = -0.4859101588288283
  |->  par_lens = 590, 590, 590
[TDSE] Running TDSE-SH-elliptical. step 48600, energy = -0.4857069303346359
  |->  par_lens = 590, 590, 590
[TDSE] Running TDSE-SH-elliptical. step 48800, energy = -0.4859276282221091
  |->  par_lens = 590, 590, 590
[TDSE] Running TDSE-SH-elliptical. step 49000, energy = -0.4858958237338437
  |->  par_lens = 590, 590, 590
[TDSE] Running TDSE-SH-elliptical. step 49200, energy = -0.48572124116501525
  |->  par_lens = 590, 590, 590
[TDSE] Running TDSE-SH-elliptical. step 49400, energy = -0.48601039143721764
  |->  par_lens = 590, 590, 590
[TDSE] Running TDSE-SH-elliptical. step 49600, energy = -0.4858244896970582
  |->  par_lens = 590, 590, 590
[TDSE] Running TDSE-SH-elliptical. step 49800, energy = -0.4859762272652866
  |->  par_lens = 590, 590, 590
[TDSE] Running TDSE-SH-elliptical. step 50000, energy = -0.48596837248847413
  |->  par_lens = 590, 590, 590
[TDSE] Running TDSE-SH-elliptical. step 50200, energy = -0.48594917893663847
  |->  par_lens = 590, 590, 590
[TDSE] Running TDSE-SH-elliptical. step 50400, energy = -0.48620029249394114
  |->  par_lens = 590, 590, 590
[TDSE] Running TDSE-SH-elliptical. step 50600, energy = -0.4859362816617067
  |->  par_lens = 590, 590, 590
[TDSE] Running TDSE-SH-elliptical. step 50800, energy = -0.48615440246121494
  |->  par_lens = 590, 590, 590
[TDSE] Running TDSE-SH-elliptical. step 51000, energy = -0.48612762357133227
  |->  par_lens = 590, 590, 590
[TDSE] Running TDSE-SH-elliptical. step 51200, energy = -0.4860398172624447
  |->  par_lens = 590, 590, 590
[TDSE] Running TDSE-SH-elliptical. step 51400, energy = -0.48625590786958367
  |->  par_lens = 590, 590, 590
[TDSE] Running TDSE-SH-elliptical. step 51600, energy = -0.4860120601679494
  |->  par_lens = 590, 590, 590
[TDSE] Running TDSE-SH-elliptical. step 51800, energy = -0.486222092024388
  |->  par_lens = 590, 590, 590
[TDSE] Running TDSE-SH-elliptical. step 52000, energy = -0.4861751230164249
  |->  par_lens = 590, 590, 590
[TDSE] Running TDSE-SH-elliptical. step 52200, energy = -0.486137387110072
  |->  par_lens = 590, 590, 590
[TDSE] Running TDSE-SH-elliptical. step 52400, energy = -0.486307641101297
  |->  par_lens = 590, 590, 590
[TDSE] Running TDSE-SH-elliptical. step 52600, energy = -0.4860874263031329
  |->  par_lens = 590, 590, 590
[TDSE] Running TDSE-SH-elliptical. step 52800, energy = -0.486416770277331
  |->  par_lens = 590, 590, 590
[TDSE] Running TDSE-SH-elliptical. step 53000, energy = -0.48633339053505464
  |->  par_lens = 590, 590, 590
