  Activating project at `~/JuliaProp_v0.1`
[ITP]: 10000.500040081823
[ITP]: 3.4096981904596646e-9
Energy of ground state: -0.5000400852322796
[TDSE] Start TDSE-SH for elliptical polarized laser. It may cost a plenty of time.
[TDSE] Running TDSE-SH-elliptical. step 0, energy = -0.5000400852322784
  |->  par_lens = 2, 2, 2
[TDSE] Running TDSE-SH-elliptical. step 200, energy = -0.5000400852321369
  |->  par_lens = 2, 2, 2
[TDSE] Running TDSE-SH-elliptical. step 400, energy = -0.5000400852319276
  |->  par_lens = 2, 2, 2
[TDSE] Running TDSE-SH-elliptical. step 600, energy = -0.5000400852311302
  |->  par_lens = 2, 2, 2
[TDSE] Running TDSE-SH-elliptical. step 800, energy = -0.5000400852277643
  |->  par_lens = 2, 2, 2
[TDSE] Running TDSE-SH-elliptical. step 1000, energy = -0.5000400852171859
  |->  par_lens = 2, 2, 2
[TDSE] Running TDSE-SH-elliptical. step 1200, energy = -0.5000400851906487
  |->  par_lens = 2, 2, 2
[TDSE] Running TDSE-SH-elliptical. step 1400, energy = -0.5000400851338757
  |->  par_lens = 2, 2, 2
[TDSE] Running TDSE-SH-elliptical. step 1600, energy = -0.5000400850261263
  |->  par_lens = 2, 2, 2
[TDSE] Running TDSE-SH-elliptical. step 1800, energy = -0.500040084838767
  |->  par_lens = 2, 2, 2
[TDSE] Running TDSE-SH-elliptical. step 2000, energy = -0.5000400845360226
  |->  par_lens = 2, 2, 2
[TDSE] Running TDSE-SH-elliptical. step 2200, energy = -0.5000400840732562
  |->  par_lens = 2, 2, 2
[TDSE] Running TDSE-SH-elliptical. step 2400, energy = -0.5000400833995106
  |->  par_lens = 2, 2, 2
[TDSE] Running TDSE-SH-elliptical. step 2600, energy = -0.5000400824573066
  |->  par_lens = 2, 2, 2
[TDSE] Running TDSE-SH-elliptical. step 2800, energy = -0.5000400811830055
  |->  par_lens = 2, 2, 2
[TDSE] Running TDSE-SH-elliptical. step 3000, energy = -0.5000400795130775
  |->  par_lens = 2, 2, 2
[TDSE] Running TDSE-SH-elliptical. step 3200, energy = -0.5000400773781478
  |->  par_lens = 2, 2, 2
[TDSE] Running TDSE-SH-elliptical. step 3400, energy = -0.5000400747173133
  |->  par_lens = 2, 2, 2
[TDSE] Running TDSE-SH-elliptical. step 3600, energy = -0.5000400714644638
  |->  par_lens = 2, 2, 2
[TDSE] Running TDSE-SH-elliptical. step 3800, energy = -0.5000400675659956
  |->  par_lens = 2, 2, 2
[TDSE] Running TDSE-SH-elliptical. step 4000, energy = -0.5000400629831575
  |->  par_lens = 2, 2, 2
[TDSE] Running TDSE-SH-elliptical. step 4200, energy = -0.500040057662696
  |->  par_lens = 2, 2, 2
[TDSE] Running TDSE-SH-elliptical. step 4400, energy = -0.5000400515988422
  |->  par_lens = 2, 2, 2
[TDSE] Running TDSE-SH-elliptical. step 4600, energy = -0.5000400447735158
  |->  par_lens = 2, 2, 2
[TDSE] Running TDSE-SH-elliptical. step 4800, energy = -0.500040037192394
  |->  par_lens = 2, 2, 2
[TDSE] Running TDSE-SH-elliptical. step 5000, energy = -0.5000400288800706
  |->  par_lens = 2, 2, 2
[TDSE] Running TDSE-SH-elliptical. step 5200, energy = -0.5000400198549441
  |->  par_lens = 2, 2, 2
[TDSE] Running TDSE-SH-elliptical. step 5400, energy = -0.5000400102156537
  |->  par_lens = 2, 2, 2
[TDSE] Running TDSE-SH-elliptical. step 5600, energy = -0.5000399999683041
  |->  par_lens = 2, 2, 2
[TDSE] Running TDSE-SH-elliptical. step 5800, energy = -0.5000399892161765
  |->  par_lens = 2, 2, 2
[TDSE] Running TDSE-SH-elliptical. step 6000, energy = -0.500039978086907
  |->  par_lens = 2, 2, 2
[TDSE] Running TDSE-SH-elliptical. step 6200, energy = -0.5000399666126654
  |->  par_lens = 2, 2, 2
[TDSE] Running TDSE-SH-elliptical. step 6400, energy = -0.5000399549565442
  |->  par_lens = 2, 2, 2
[TDSE] Running TDSE-SH-elliptical. step 6600, energy = -0.500039943180104
  |->  par_lens = 2, 2, 2
[TDSE] Running TDSE-SH-elliptical. step 6800, energy = -0.5000399314543772
  |->  par_lens = 2, 2, 2
[TDSE] Running TDSE-SH-elliptical. step 7000, energy = -0.5000399198659607
  |->  par_lens = 2, 2, 2
[TDSE] Running TDSE-SH-elliptical. step 7200, energy = -0.5000399084572299
  |->  par_lens = 2, 2, 2
[TDSE] Running TDSE-SH-elliptical. step 7400, energy = -0.500039897478447
  |->  par_lens = 2, 2, 2
[TDSE] Running TDSE-SH-elliptical. step 7600, energy = -0.5000398868882802
  |->  par_lens = 2, 2, 2
[TDSE] Running TDSE-SH-elliptical. step 7800, energy = -0.5000398768329543
  |->  par_lens = 2, 2, 2
[TDSE] Running TDSE-SH-elliptical. step 8000, energy = -0.5000398674069464
  |->  par_lens = 2, 2, 2
[TDSE] Running TDSE-SH-elliptical. step 8200, energy = -0.5000398585919956
  |->  par_lens = 2, 2, 2
[TDSE] Running TDSE-SH-elliptical. step 8400, energy = -0.5000398505602025
  |->  par_lens = 2, 2, 2
[TDSE] Running TDSE-SH-elliptical. step 8600, energy = -0.5000398432090257
  |->  par_lens = 2, 2, 2
[TDSE] Running TDSE-SH-elliptical. step 8800, energy = -0.5000398366696587
  |->  par_lens = 2, 2, 2
[TDSE] Running TDSE-SH-elliptical. step 9000, energy = -0.5000398308921573
  |->  par_lens = 2, 2, 2
[TDSE] Running TDSE-SH-elliptical. step 9200, energy = -0.5000398258196698
  |->  par_lens = 2, 2, 2
[TDSE] Running TDSE-SH-elliptical. step 9400, energy = -0.5000398216138712
  |->  par_lens = 2, 2, 2
[TDSE] Running TDSE-SH-elliptical. step 9600, energy = -0.500039818002271
  |->  par_lens = 2, 2, 2
[TDSE] Running TDSE-SH-elliptical. step 9800, energy = -0.5000398150701526
  |->  par_lens = 2, 2, 2
[TDSE] Running TDSE-SH-elliptical. step 10000, energy = -0.5000398127972053
  |->  par_lens = 2, 2, 2
[TDSE] Running TDSE-SH-elliptical. step 10200, energy = -0.5000397798551938
  |->  par_lens = 2, 2, 2
[TDSE] Running TDSE-SH-elliptical. step 10400, energy = -0.500039513075355
  |->  par_lens = 2, 2, 2
[TDSE] Running TDSE-SH-elliptical. step 10600, energy = -0.5000392288325445
  |->  par_lens = 2, 2, 2
[TDSE] Running TDSE-SH-elliptical. step 10800, energy = -0.5000393872308733
  |->  par_lens = 2, 2, 2
[TDSE] Running TDSE-SH-elliptical. step 11000, energy = -0.5000343086353174
  |->  par_lens = 2, 2, 2
[TDSE] Running TDSE-SH-elliptical. step 11200, energy = -0.5000027356360338
  |->  par_lens = 4, 3, 3
[TDSE] Running TDSE-SH-elliptical. step 11400, energy = -0.49992775059262456
  |->  par_lens = 4, 3, 3
[TDSE] Running TDSE-SH-elliptical. step 11600, energy = -0.4998503164077605
  |->  par_lens = 4, 4, 4
[TDSE] Running TDSE-SH-elliptical. step 11800, energy = -0.4998639553340919
  |->  par_lens = 4, 4, 3
[TDSE] Running TDSE-SH-elliptical. step 12000, energy = -0.49995913273622566
  |->  par_lens = 4, 4, 3
[TDSE] Running TDSE-SH-elliptical. step 12200, energy = -0.49988600309729275
  |->  par_lens = 4, 4, 4
[TDSE] Running TDSE-SH-elliptical. step 12400, energy = -0.49935930453294053
  |->  par_lens = 5, 5, 5
[TDSE] Running TDSE-SH-elliptical. step 12600, energy = -0.4985619264396302
  |->  par_lens = 7, 6, 7
[TDSE] Running TDSE-SH-elliptical. step 12800, energy = -0.49824424801963235
  |->  par_lens = 7, 7, 7
[TDSE] Running TDSE-SH-elliptical. step 13000, energy = -0.4988853597125977
  |->  par_lens = 7, 6, 7
[TDSE] Running TDSE-SH-elliptical. step 13200, energy = -0.49967135209514285
  |->  par_lens = 7, 6, 6
[TDSE] Running TDSE-SH-elliptical. step 13400, energy = -0.4989217308544304
  |->  par_lens = 7, 6, 6
[TDSE] Running TDSE-SH-elliptical. step 13600, energy = -0.4961938502261769
  |->  par_lens = 8, 8, 8
[TDSE] Running TDSE-SH-elliptical. step 13800, energy = -0.4936774888917665
  |->  par_lens = 10, 10, 9
[TDSE] Running TDSE-SH-elliptical. step 14000, energy = -0.49424185713009305
  |->  par_lens = 10, 10, 9
[TDSE] Running TDSE-SH-elliptical. step 14200, energy = -0.49747170911711297
  |->  par_lens = 10, 10, 9
[TDSE] Running TDSE-SH-elliptical. step 14400, energy = -0.4987045401382358
  |->  par_lens = 10, 10, 9
[TDSE] Running TDSE-SH-elliptical. step 14600, energy = -0.4939300944985932
  |->  par_lens = 10, 10, 9
[TDSE] Running TDSE-SH-elliptical. step 14800, energy = -0.4858250330904481
  |->  par_lens = 13, 12, 13
[TDSE] Running TDSE-SH-elliptical. step 15000, energy = -0.4825790116167202
  |->  par_lens = 14, 13, 14
[TDSE] Running TDSE-SH-elliptical. step 15200, energy = -0.48845935898178544
  |->  par_lens = 14, 13, 14
[TDSE] Running TDSE-SH-elliptical. step 15400, energy = -0.49652506841447874
  |->  par_lens = 15, 14, 14
[TDSE] Running TDSE-SH-elliptical. step 15600, energy = -0.4944274419650268
  |->  par_lens = 15, 15, 15
[TDSE] Running TDSE-SH-elliptical. step 15800, energy = -0.4795463126006132
  |->  par_lens = 16, 16, 16
[TDSE] Running TDSE-SH-elliptical. step 16000, energy = -0.46541222358403767
  |->  par_lens = 20, 20, 20
[TDSE] Running TDSE-SH-elliptical. step 16200, energy = -0.46805621268023967
  |->  par_lens = 23, 22, 22
[TDSE] Running TDSE-SH-elliptical. step 16400, energy = -0.4852653742116682
  |->  par_lens = 25, 25, 25
[TDSE] Running TDSE-SH-elliptical. step 16600, energy = -0.4947759026233316
  |->  par_lens = 26, 26, 27
[TDSE] Running TDSE-SH-elliptical. step 16800, energy = -0.47865326366844074
  |->  par_lens = 25, 26, 25
[TDSE] Running TDSE-SH-elliptical. step 17000, energy = -0.4479917633410144
  |->  par_lens = 28, 27, 26
[TDSE] Running TDSE-SH-elliptical. step 17200, energy = -0.43499408569033854
  |->  par_lens = 32, 32, 33
[TDSE] Running TDSE-SH-elliptical. step 17400, energy = -0.4557602140784422
  |->  par_lens = 42, 40, 40
[TDSE] Running TDSE-SH-elliptical. step 17600, energy = -0.4862234224049407
  |->  par_lens = 47, 46, 46
[TDSE] Running TDSE-SH-elliptical. step 17800, energy = -0.4850244635214744
  |->  par_lens = 47, 47, 47
[TDSE] Running TDSE-SH-elliptical. step 18000, energy = -0.44315811784248665
  |->  par_lens = 44, 45, 41
[TDSE] Running TDSE-SH-elliptical. step 18200, energy = -0.40168252370779045
  |->  par_lens = 45, 42, 45
[TDSE] Running TDSE-SH-elliptical. step 18400, energy = -0.40748467263201416
  |->  par_lens = 59, 57, 57
[TDSE] Running TDSE-SH-elliptical. step 18600, energy = -0.4556945282129443
  |->  par_lens = 72, 70, 71
[TDSE] Running TDSE-SH-elliptical. step 18800, energy = -0.48659011365159843
  |->  par_lens = 78, 77, 76
[TDSE] Running TDSE-SH-elliptical. step 19000, energy = -0.452704500968846
  |->  par_lens = 77, 78, 76
[TDSE] Running TDSE-SH-elliptical. step 19200, energy = -0.380581405528621
  |->  par_lens = 62, 60, 66
[TDSE] Running TDSE-SH-elliptical. step 19400, energy = -0.34801001436598333
  |->  par_lens = 74, 70, 73
[TDSE] Running TDSE-SH-elliptical. step 19600, energy = -0.39382762910203223
  |->  par_lens = 100, 98, 98
[TDSE] Running TDSE-SH-elliptical. step 19800, energy = -0.46555048065660526
  |->  par_lens = 117, 117, 117
[TDSE] Running TDSE-SH-elliptical. step 20000, energy = -0.47177379435836425
  |->  par_lens = 121, 122, 121
[TDSE] Running TDSE-SH-elliptical. step 20200, energy = -0.39055648380876423
  |->  par_lens = 121, 116, 117
[TDSE] Running TDSE-SH-elliptical. step 20400, energy = -0.30675074553417436
  |->  par_lens = 91, 88, 90
[TDSE] Running TDSE-SH-elliptical. step 20600, energy = -0.3142580151257224
  |->  par_lens = 118, 115, 119
[TDSE] Running TDSE-SH-elliptical. step 20800, energy = -0.40819740860303594
  |->  par_lens = 157, 155, 157
[TDSE] Running TDSE-SH-elliptical. step 21000, energy = -0.47409160521377475
  |->  par_lens = 171, 174, 173
[TDSE] Running TDSE-SH-elliptical. step 21200, energy = -0.4218742909755798
  |->  par_lens = 176, 177, 173
[TDSE] Running TDSE-SH-elliptical. step 21400, energy = -0.29607196806856556
  |->  par_lens = 154, 149, 155
[TDSE] Running TDSE-SH-elliptical. step 21600, energy = -0.2367960998848211
  |->  par_lens = 138, 139, 137
[TDSE] Running TDSE-SH-elliptical. step 21800, energy = -0.31044219120796546
  |->  par_lens = 187, 192, 193
[TDSE] Running TDSE-SH-elliptical. step 22000, energy = -0.4360055499690811
  |->  par_lens = 233, 234, 233
[TDSE] Running TDSE-SH-elliptical. step 22200, energy = -0.4580249905134141
  |->  par_lens = 243, 242, 245
[TDSE] Running TDSE-SH-elliptical. step 22400, energy = -0.3364322009487754
  |->  par_lens = 233, 236, 240
[TDSE] Running TDSE-SH-elliptical. step 22600, energy = -0.20544388960641236
  |->  par_lens = 197, 203, 193
[TDSE] Running TDSE-SH-elliptical. step 22800, energy = -0.21178103922676333
  |->  par_lens = 218, 223, 213
[TDSE] Running TDSE-SH-elliptical. step 23000, energy = -0.352575501052418
  |->  par_lens = 278, 277, 279
[TDSE] Running TDSE-SH-elliptical. step 23200, energy = -0.4593589169008075
  |->  par_lens = 313, 311, 311
[TDSE] Running TDSE-SH-elliptical. step 23400, energy = -0.39616421970961657
  |->  par_lens = 311, 310, 312
[TDSE] Running TDSE-SH-elliptical. step 23600, energy = -0.22048592843158418
  |->  par_lens = 276, 275, 284
[TDSE] Running TDSE-SH-elliptical. step 23800, energy = -0.13518576395322138
  |->  par_lens = 238, 240, 245
[TDSE] Running TDSE-SH-elliptical. step 24000, energy = -0.22862633484809447
  |->  par_lens = 305, 305, 311
[TDSE] Running TDSE-SH-elliptical. step 24200, energy = -0.4043040226820981
  |->  par_lens = 371, 375, 372
[TDSE] Running TDSE-SH-elliptical. step 24400, energy = -0.4475756346210438
  |->  par_lens = 383, 384, 388
[TDSE] Running TDSE-SH-elliptical. step 24600, energy = -0.3007494175602503
  |->  par_lens = 369, 371, 371
[TDSE] Running TDSE-SH-elliptical. step 24800, energy = -0.13326823631574417
  |->  par_lens = 325, 315, 320
[TDSE] Running TDSE-SH-elliptical. step 25000, energy = -0.1362300269254916
  |->  par_lens = 336, 314, 331
[TDSE] Running TDSE-SH-elliptical. step 25200, energy = -0.3059270358298648
  |->  par_lens = 393, 396, 394
[TDSE] Running TDSE-SH-elliptical. step 25400, energy = -0.44544329879352335
  |->  par_lens = 430, 432, 432
[TDSE] Running TDSE-SH-elliptical. step 25600, energy = -0.38446023502602966
  |->  par_lens = 430, 432, 432
[TDSE] Running TDSE-SH-elliptical. step 25800, energy = -0.1831903562804314
  |->  par_lens = 400, 401, 396
[TDSE] Running TDSE-SH-elliptical. step 26000, energy = -0.0808392155530113
  |->  par_lens = 384, 379, 374
[TDSE] Running TDSE-SH-elliptical. step 26200, energy = -0.17862758406721177
  |->  par_lens = 404, 410, 422
[TDSE] Running TDSE-SH-elliptical. step 26400, energy = -0.38038985883426857
  |->  par_lens = 464, 464, 463
[TDSE] Running TDSE-SH-elliptical. step 26600, energy = -0.4426797501392217
  |->  par_lens = 474, 473, 474
[TDSE] Running TDSE-SH-elliptical. step 26800, energy = -0.29761332312830596
  |->  par_lens = 465, 463, 467
[TDSE] Running TDSE-SH-elliptical. step 27000, energy = -0.12055845456398942
  |->  par_lens = 442, 455, 436
[TDSE] Running TDSE-SH-elliptical. step 27200, energy = -0.1166553959506358
  |->  par_lens = 448, 453, 450
[TDSE] Running TDSE-SH-elliptical. step 27400, energy = -0.2873115270706306
  |->  par_lens = 474, 472, 470
[TDSE] Running TDSE-SH-elliptical. step 27600, energy = -0.43773733172361057
  |->  par_lens = 488, 491, 485
[TDSE] Running TDSE-SH-elliptical. step 27800, energy = -0.3900931427448203
  |->  par_lens = 488, 490, 487
[TDSE] Running TDSE-SH-elliptical. step 28000, energy = -0.1985302730446009
  |->  par_lens = 479, 476, 478
[TDSE] Running TDSE-SH-elliptical. step 28200, energy = -0.0946923349566998
  |->  par_lens = 473, 460, 468
[TDSE] Running TDSE-SH-elliptical. step 28400, energy = -0.18177293334340716
  |->  par_lens = 482, 481, 480
[TDSE] Running TDSE-SH-elliptical. step 28600, energy = -0.37378486785401294
  |->  par_lens = 495, 502, 501
[TDSE] Running TDSE-SH-elliptical. step 28800, energy = -0.44556500766876633
  |->  par_lens = 502, 505, 507
[TDSE] Running TDSE-SH-elliptical. step 29000, energy = -0.32806193271151163
  |->  par_lens = 499, 505, 505
[TDSE] Running TDSE-SH-elliptical. step 29200, energy = -0.17099809330680962
  |->  par_lens = 491, 486, 489
[TDSE] Running TDSE-SH-elliptical. step 29400, energy = -0.16128056120994325
  |->  par_lens = 482, 482, 489
[TDSE] Running TDSE-SH-elliptical. step 29600, energy = -0.3062023225537039
  |->  par_lens = 503, 502, 498
[TDSE] Running TDSE-SH-elliptical. step 29800, energy = -0.4390972476893269
  |->  par_lens = 507, 511, 508
[TDSE] Running TDSE-SH-elliptical. step 30000, energy = -0.41080832115829535
  |->  par_lens = 510, 508, 507
[TDSE] Running TDSE-SH-elliptical. step 30200, energy = -0.2608388925344212
  |->  par_lens = 498, 503, 502
[TDSE] Running TDSE-SH-elliptical. step 30400, energy = -0.17190330279308094
  |->  par_lens = 490, 495, 493
[TDSE] Running TDSE-SH-elliptical. step 30600, energy = -0.23752268425203968
  |->  par_lens = 508, 503, 507
[TDSE] Running TDSE-SH-elliptical. step 30800, energy = -0.3910484923622447
  |->  par_lens = 513, 514, 514
[TDSE] Running TDSE-SH-elliptical. step 31000, energy = -0.4551986644076986
  |->  par_lens = 516, 516, 513
[TDSE] Running TDSE-SH-elliptical. step 31200, energy = -0.3771992683911826
  |->  par_lens = 517, 516, 509
[TDSE] Running TDSE-SH-elliptical. step 31400, energy = -0.26475129564847427
  |->  par_lens = 506, 502, 510
[TDSE] Running TDSE-SH-elliptical. step 31600, energy = -0.25011405002325143
  |->  par_lens = 491, 502, 501
[TDSE] Running TDSE-SH-elliptical. step 31800, energy = -0.35369386911668177
  |->  par_lens = 510, 508, 507
[TDSE] Running TDSE-SH-elliptical. step 32000, energy = -0.4503701131000136
  |->  par_lens = 507, 517, 510
[TDSE] Running TDSE-SH-elliptical. step 32200, energy = -0.4390255195251854
  |->  par_lens = 511, 518, 511
[TDSE] Running TDSE-SH-elliptical. step 32400, energy = -0.3424555943314298
  |->  par_lens = 506, 511, 509
[TDSE] Running TDSE-SH-elliptical. step 32600, energy = -0.276851492334056
  |->  par_lens = 507, 513, 506
[TDSE] Running TDSE-SH-elliptical. step 32800, energy = -0.31843681480634156
  |->  par_lens = 514, 519, 514
[TDSE] Running TDSE-SH-elliptical. step 33000, energy = -0.4178883947759699
  |->  par_lens = 518, 523, 518
[TDSE] Running TDSE-SH-elliptical. step 33200, energy = -0.467853051053744
  |->  par_lens = 520, 524, 514
[TDSE] Running TDSE-SH-elliptical. step 33400, energy = -0.4286340478229454
  |->  par_lens = 519, 519, 518
[TDSE] Running TDSE-SH-elliptical. step 33600, energy = -0.36134251586281646
  |->  par_lens = 509, 513, 516
[TDSE] Running TDSE-SH-elliptical. step 33800, energy = -0.35213088191168684
  |->  par_lens = 510, 512, 508
[TDSE] Running TDSE-SH-elliptical. step 34000, energy = -0.40767120238689414
  |->  par_lens = 506, 511, 506
[TDSE] Running TDSE-SH-elliptical. step 34200, energy = -0.46555290944260785
  |->  par_lens = 508, 509, 506
[TDSE] Running TDSE-SH-elliptical. step 34400, energy = -0.4629802757075611
  |->  par_lens = 506, 505, 498
[TDSE] Running TDSE-SH-elliptical. step 34600, energy = -0.4131491493331708
  |->  par_lens = 501, 510, 499
[TDSE] Running TDSE-SH-elliptical. step 34800, energy = -0.3785203551591366
  |->  par_lens = 501, 506, 499
[TDSE] Running TDSE-SH-elliptical. step 35000, energy = -0.39879163509995386
  |->  par_lens = 505, 511, 507
[TDSE] Running TDSE-SH-elliptical. step 35200, energy = -0.4488955173209952
  |->  par_lens = 507, 517, 506
[TDSE] Running TDSE-SH-elliptical. step 35400, energy = -0.477607256765598
  |->  par_lens = 509, 514, 508
[TDSE] Running TDSE-SH-elliptical. step 35600, energy = -0.4634527804321786
  |->  par_lens = 508, 510, 512
[TDSE] Running TDSE-SH-elliptical. step 35800, energy = -0.43638476386018515
  |->  par_lens = 495, 499, 495
[TDSE] Running TDSE-SH-elliptical. step 36000, energy = -0.4297276085345568
  |->  par_lens = 481, 481, 482
[TDSE] Running TDSE-SH-elliptical. step 36200, energy = -0.45400428565239553
  |->  par_lens = 453, 448, 460
[TDSE] Running TDSE-SH-elliptical. step 36400, energy = -0.47732931650084315
  |->  par_lens = 432, 429, 443
[TDSE] Running TDSE-SH-elliptical. step 36600, energy = -0.47835354989071827
  |->  par_lens = 422, 426, 425
[TDSE] Running TDSE-SH-elliptical. step 36800, energy = -0.45955243479600466
  |->  par_lens = 409, 423, 419
[TDSE] Running TDSE-SH-elliptical. step 37000, energy = -0.4463983495638583
  |->  par_lens = 408, 412, 414
[TDSE] Running TDSE-SH-elliptical. step 37200, energy = -0.4528081175726409
  |->  par_lens = 417, 414, 415
[TDSE] Running TDSE-SH-elliptical. step 37400, energy = -0.4713281681593434
  |->  par_lens = 416, 415, 419
[TDSE] Running TDSE-SH-elliptical. step 37600, energy = -0.4831066434051507
  |->  par_lens = 414, 417, 415
[TDSE] Running TDSE-SH-elliptical. step 37800, energy = -0.48163919395612054
  |->  par_lens = 412, 411, 415
[TDSE] Running TDSE-SH-elliptical. step 38000, energy = -0.4744797904488288
  |->  par_lens = 399, 396, 398
[TDSE] Running TDSE-SH-elliptical. step 38200, energy = -0.47321961125328743
  |->  par_lens = 363, 363, 373
[TDSE] Running TDSE-SH-elliptical. step 38400, energy = -0.47859569311622185
  |->  par_lens = 351, 352, 349
[TDSE] Running TDSE-SH-elliptical. step 38600, energy = -0.4842598218828311
  |->  par_lens = 326, 324, 325
[TDSE] Running TDSE-SH-elliptical. step 38800, energy = -0.48448252631849625
  |->  par_lens = 307, 302, 302
[TDSE] Running TDSE-SH-elliptical. step 39000, energy = -0.480425236418362
  |->  par_lens = 300, 301, 302
[TDSE] Running TDSE-SH-elliptical. step 39200, energy = -0.47756719610046633
  |->  par_lens = 307, 311, 301
[TDSE] Running TDSE-SH-elliptical. step 39400, energy = -0.47876378450951806
  |->  par_lens = 326, 316, 318
[TDSE] Running TDSE-SH-elliptical. step 39600, energy = -0.4823475076826982
  |->  par_lens = 336, 327, 331
[TDSE] Running TDSE-SH-elliptical. step 39800, energy = -0.48541476134377715
  |->  par_lens = 337, 328, 334
[TDSE] Running TDSE-SH-elliptical. step 40000, energy = -0.4860949596084278
  |->  par_lens = 336, 328, 334
[TDSE] Running TDSE-SH-elliptical. step 40200, energy = -0.4858615144930864
  |->  par_lens = 333, 327, 332
[TDSE] Running TDSE-SH-elliptical. step 40400, energy = -0.48569147344711994
  |->  par_lens = 331, 327, 329
[TDSE] Running TDSE-SH-elliptical. step 40600, energy = -0.4861401680254548
  |->  par_lens = 327, 323, 322
[TDSE] Running TDSE-SH-elliptical. step 40800, energy = -0.4863468806727594
  |->  par_lens = 321, 317, 319
[TDSE] Running TDSE-SH-elliptical. step 41000, energy = -0.4862513252717535
  |->  par_lens = 321, 319, 315
[TDSE] Running TDSE-SH-elliptical. step 41200, energy = -0.4857508712413565
  |->  par_lens = 321, 315, 314
[TDSE] Running TDSE-SH-elliptical. step 41400, energy = -0.48566990719319264
  |->  par_lens = 322, 319, 318
[TDSE] Running TDSE-SH-elliptical. step 41600, energy = -0.4856871530706246
  |->  par_lens = 322, 318, 318
[TDSE] Running TDSE-SH-elliptical. step 41800, energy = -0.4859200449747025
  |->  par_lens = 322, 318, 317
[TDSE] Running TDSE-SH-elliptical. step 42000, energy = -0.4861941782165403
  |->  par_lens = 322, 318, 319
[TDSE] Running TDSE-SH-elliptical. step 42200, energy = -0.48622616807172847
  |->  par_lens = 322, 318, 320
[TDSE] Running TDSE-SH-elliptical. step 42400, energy = -0.4863855103397037
  |->  par_lens = 322, 318, 321
[TDSE] Running TDSE-SH-elliptical. step 42600, energy = -0.4863774782860004
  |->  par_lens = 323, 318, 320
[TDSE] Running TDSE-SH-elliptical. step 42800, energy = -0.4863815631428741
  |->  par_lens = 324, 319, 320
[TDSE] Running TDSE-SH-elliptical. step 43000, energy = -0.4864334510131603
  |->  par_lens = 325, 319, 323
[TDSE] Running TDSE-SH-elliptical. step 43200, energy = -0.48638912809049495
  |->  par_lens = 324, 319, 323
[TDSE] Running TDSE-SH-elliptical. step 43400, energy = -0.48652293093280735
  |->  par_lens = 324, 320, 323
[TDSE] Running TDSE-SH-elliptical. step 43600, energy = -0.48647038005957693
  |->  par_lens = 325, 320, 323
[TDSE] Running TDSE-SH-elliptical. step 43800, energy = -0.486485366514106
  |->  par_lens = 325, 320, 323
[TDSE] Running TDSE-SH-elliptical. step 44000, energy = -0.4865828440576484
  |->  par_lens = 325, 321, 323
[TDSE] Running TDSE-SH-elliptical. step 44200, energy = -0.48654691110805515
  |->  par_lens = 325, 321, 323
[TDSE] Running TDSE-SH-elliptical. step 44400, energy = -0.48665111925681875
  |->  par_lens = 325, 321, 323
[TDSE] Running TDSE-SH-elliptical. step 44600, energy = -0.48659667249732497
  |->  par_lens = 325, 322, 323
[TDSE] Running TDSE-SH-elliptical. step 44800, energy = -0.48664747888285276
  |->  par_lens = 326, 322, 323
[TDSE] Running TDSE-SH-elliptical. step 45000, energy = -0.4867172132661518
  |->  par_lens = 325, 322, 323
[TDSE] Running TDSE-SH-elliptical. step 45200, energy = -0.4866655601927477
  |->  par_lens = 325, 322, 323
[TDSE] Running TDSE-SH-elliptical. step 45400, energy = -0.4868032461845573
  |->  par_lens = 325, 322, 323
[TDSE] Running TDSE-SH-elliptical. step 45600, energy = -0.48676072292005773
  |->  par_lens = 325, 321, 323
[TDSE] Running TDSE-SH-elliptical. step 45800, energy = -0.48681119448758253
  |->  par_lens = 327, 321, 323
[TDSE] Running TDSE-SH-elliptical. step 46000, energy = -0.4868660309640703
  |->  par_lens = 328, 321, 323
[TDSE] Running TDSE-SH-elliptical. step 46200, energy = -0.486805107660324
  |->  par_lens = 328, 321, 324
[TDSE] Running TDSE-SH-elliptical. step 46400, energy = -0.4869254474946675
  |->  par_lens = 328, 321, 324
[TDSE] Running TDSE-SH-elliptical. step 46600, energy = -0.4868807590943203
  |->  par_lens = 328, 322, 325
[TDSE] Running TDSE-SH-elliptical. step 46800, energy = -0.4869615471511837
  |->  par_lens = 329, 323, 325
[TDSE] Running TDSE-SH-elliptical. step 47000, energy = -0.4870013111492233
  |->  par_lens = 328, 323, 325
[TDSE] Running TDSE-SH-elliptical. step 47200, energy = -0.486945530691445
  |->  par_lens = 329, 325, 327
[TDSE] Running TDSE-SH-elliptical. step 47400, energy = -0.48709004015548046
  |->  par_lens = 329, 325, 327
[TDSE] Running TDSE-SH-elliptical. step 47600, energy = -0.48701815769832646
  |->  par_lens = 329, 325, 327
[TDSE] Running TDSE-SH-elliptical. step 47800, energy = -0.48707039679134345
  |->  par_lens = 329, 325, 327
[TDSE] Running TDSE-SH-elliptical. step 48000, energy = -0.4871152883603702
  |->  par_lens = 329, 325, 327
[TDSE] Running TDSE-SH-elliptical. step 48200, energy = -0.4870890908140552
  |->  par_lens = 329, 325, 327
[TDSE] Running TDSE-SH-elliptical. step 48400, energy = -0.4872133104096985
  |->  par_lens = 330, 325, 327
[TDSE] Running TDSE-SH-elliptical. step 48600, energy = -0.4871343582607226
  |->  par_lens = 330, 325, 327
[TDSE] Running TDSE-SH-elliptical. step 48800, energy = -0.4872327202408804
  |->  par_lens = 330, 325, 328
[TDSE] Running TDSE-SH-elliptical. step 49000, energy = -0.48724500173247515
  |->  par_lens = 330, 325, 328
[TDSE] Running TDSE-SH-elliptical. step 49200, energy = -0.48717348811243366
  |->  par_lens = 330, 325, 327
[TDSE] Running TDSE-SH-elliptical. step 49400, energy = -0.4873058033354534
  |->  par_lens = 329, 325, 327
[TDSE] Running TDSE-SH-elliptical. step 49600, energy = -0.4872339502304697
  |->  par_lens = 328, 325, 327
[TDSE] Running TDSE-SH-elliptical. step 49800, energy = -0.48731899536407186
  |->  par_lens = 329, 325, 327
[TDSE] Running TDSE-SH-elliptical. step 50000, energy = -0.48734198586914323
  |->  par_lens = 329, 326, 328
[TDSE] Running TDSE-SH-elliptical. step 50200, energy = -0.48734340104338086
  |->  par_lens = 329, 327, 328
[TDSE] Running TDSE-SH-elliptical. step 50400, energy = -0.4874777672357899
  |->  par_lens = 329, 328, 328
[TDSE] Running TDSE-SH-elliptical. step 50600, energy = -0.48736838263523374
  |->  par_lens = 329, 328, 328
[TDSE] Running TDSE-SH-elliptical. step 50800, energy = -0.4874779382881105
  |->  par_lens = 329, 328, 328
[TDSE] Running TDSE-SH-elliptical. step 51000, energy = -0.4874869151479182
  |->  par_lens = 328, 328, 328
[TDSE] Running TDSE-SH-elliptical. step 51200, energy = -0.48743888094212384
  |->  par_lens = 329, 328, 328
[TDSE] Running TDSE-SH-elliptical. step 51400, energy = -0.48754140433345855
  |->  par_lens = 328, 328, 328
[TDSE] Running TDSE-SH-elliptical. step 51600, energy = -0.4874391534520801
  |->  par_lens = 328, 328, 327
[TDSE] Running TDSE-SH-elliptical. step 51800, energy = -0.48754794631359893
  |->  par_lens = 328, 328, 327
[TDSE] Running TDSE-SH-elliptical. step 52000, energy = -0.48753239572149015
  |->  par_lens = 328, 329, 327
[TDSE] Running TDSE-SH-elliptical. step 52200, energy = -0.4875125255895428
  |->  par_lens = 329, 330, 327
[TDSE] Running TDSE-SH-elliptical. step 52400, energy = -0.4876194043655297
  |->  par_lens = 331, 330, 328
[TDSE] Running TDSE-SH-elliptical. step 52600, energy = -0.4875220424434572
  |->  par_lens = 331, 331, 329
[TDSE] Running TDSE-SH-elliptical. step 52800, energy = -0.48768154074703657
  |->  par_lens = 331, 332, 329
[TDSE] Running TDSE-SH-elliptical. step 53000, energy = -0.48766853860240333
  |->  par_lens = 331, 332, 329
