Nc = 1.0, CEP = 0.0: 
	cutoff_freq(-3 dB) = Any[], 
	FR_angle_RSS = 0.15639802365850486,
	Group Delay = 13.555342323202371
Nc = 1.0, CEP = 0.39269908169872414: 
	cutoff_freq(-3 dB) = Any[], 
	FR_angle_RSS = 0.17386990774950273,
	Group Delay = -10.876954426219136
Nc = 1.0, CEP = 0.7853981633974483: 
	cutoff_freq(-3 dB) = Any[], 
	FR_angle_RSS = 0.10051781761659194,
	Group Delay = -7.333954936623269
Nc = 1.0, CEP = 1.1780972450961724: 
	cutoff_freq(-3 dB) = Any[], 
	FR_angle_RSS = 0.04951490321692425,
	Group Delay = -3.7322171209359243
Nc = 1.0, CEP = 1.5707963267948966: 
	cutoff_freq(-3 dB) = Any[], 
	FR_angle_RSS = 0.021061558300846814,
	Group Delay = -0.08964238758755545
Nc = 1.0, CEP = 1.9634954084936207: 
	cutoff_freq(-3 dB) = Any[], 
	FR_angle_RSS = 0.01754503290170175,
	Group Delay = 3.5760187071225094
Nc = 1.0, CEP = 2.356194490192345: 
	cutoff_freq(-3 dB) = Any[], 
	FR_angle_RSS = 0.04257809663849304,
	Group Delay = 7.241966387136701
Nc = 1.0, CEP = 2.748893571891069: 
	cutoff_freq(-3 dB) = Any[], 
	FR_angle_RSS = 0.10044005661068217,
	Group Delay = 10.877724233487552
Nc = 1.0, CEP = 3.141592653589793: 
	cutoff_freq(-3 dB) = Any[], 
	FR_angle_RSS = 0.24260883640014488,
	Group Delay = 13.426966823301925
Nc = 1.0, CEP = 3.5342917352885173: 
	cutoff_freq(-3 dB) = Any[], 
	FR_angle_RSS = 0.17757643698543518,
	Group Delay = -11.031723463966948
Nc = 1.0, CEP = 3.9269908169872414: 
	cutoff_freq(-3 dB) = Any[], 
	FR_angle_RSS = 0.10254210860159618,
	Group Delay = -7.457231666007612
Nc = 1.0, CEP = 4.319689898685965: 
	cutoff_freq(-3 dB) = Any[], 
	FR_angle_RSS = 0.050392888654449096,
	Group Delay = -3.8395875937253297
Nc = 1.0, CEP = 4.71238898038469: 
	cutoff_freq(-3 dB) = Any[], 
	FR_angle_RSS = 0.021015654583521053,
	Group Delay = -0.19157514447645077
Nc = 1.0, CEP = 5.105088062083414: 
	cutoff_freq(-3 dB) = Any[], 
	FR_angle_RSS = 0.01654064649716469,
	Group Delay = 3.4707587942626223
Nc = 1.0, CEP = 5.497787143782138: 
	cutoff_freq(-3 dB) = Any[], 
	FR_angle_RSS = 0.04033289258333755,
	Group Delay = 7.123525254150023
Nc = 1.0, CEP = 5.890486225480862: 
	cutoff_freq(-3 dB) = Any[], 
	FR_angle_RSS = 0.09632125265696441,
	Group Delay = 10.732175538564606
Nc = 1.0, CEP = 6.283185307179586: 
	cutoff_freq(-3 dB) = Any[], 
	FR_angle_RSS = 0.15639802365848127,
	Group Delay = 13.555342323202234
Nc = 1.5, CEP = 0.0: 
	cutoff_freq(-3 dB) = [856.4851407469774], 
	FR_angle_RSS = 0.31486100604377054,
	Group Delay = 16.411850830471934
Nc = 1.5, CEP = 0.39269908169872414: 
	cutoff_freq(-3 dB) = Any[], 
	FR_angle_RSS = 0.259102003872906,
	Group Delay = -14.555087788972548
Nc = 1.5, CEP = 0.7853981633974483: 
	cutoff_freq(-3 dB) = Any[], 
	FR_angle_RSS = 0.16025911820710992,
	Group Delay = -10.013951916022828
Nc = 1.5, CEP = 1.1780972450961724: 
	cutoff_freq(-3 dB) = Any[], 
	FR_angle_RSS = 0.06956486305951812,
	Group Delay = -5.163450066951426
Nc = 1.5, CEP = 1.5707963267948966: 
	cutoff_freq(-3 dB) = [895.9545020717228], 
	FR_angle_RSS = 0.02141557297789044,
	Group Delay = -0.26744666423286156
Nc = 1.5, CEP = 1.9634954084936207: 
	cutoff_freq(-3 dB) = [888.0606298067737], 
	FR_angle_RSS = 0.019338780976487887,
	Group Delay = 4.657051977013233
Nc = 1.5, CEP = 2.356194490192345: 
	cutoff_freq(-3 dB) = [892.0075659392483], 
	FR_angle_RSS = 0.06821623540559597,
	Group Delay = 9.593802027092615
Nc = 1.5, CEP = 2.748893571891069: 
	cutoff_freq(-3 dB) = Any[], 
	FR_angle_RSS = 0.17073752640501788,
	Group Delay = 14.485026222875625
Nc = 1.5, CEP = 3.141592653589793: 
	cutoff_freq(-3 dB) = [856.4851407469774], 
	FR_angle_RSS = 0.38588714812390446,
	Group Delay = 16.012918876324996
Nc = 1.5, CEP = 3.5342917352885173: 
	cutoff_freq(-3 dB) = Any[], 
	FR_angle_RSS = 0.2665718129091574,
	Group Delay = -14.735975108440396
Nc = 1.5, CEP = 3.9269908169872414: 
	cutoff_freq(-3 dB) = Any[], 
	FR_angle_RSS = 0.1625208228618167,
	Group Delay = -10.131267116858718
Nc = 1.5, CEP = 4.319689898685965: 
	cutoff_freq(-3 dB) = Any[], 
	FR_angle_RSS = 0.07058743699823608,
	Group Delay = -5.270161854996558
Nc = 1.5, CEP = 4.71238898038469: 
	cutoff_freq(-3 dB) = [895.9545020717228], 
	FR_angle_RSS = 0.021397477778417075,
	Group Delay = -0.3703956600034547
Nc = 1.5, CEP = 5.105088062083414: 
	cutoff_freq(-3 dB) = [888.0606298067737], 
	FR_angle_RSS = 0.018222319226031753,
	Group Delay = 4.552647100529191
Nc = 1.5, CEP = 5.497787143782138: 
	cutoff_freq(-3 dB) = [892.0075659392483], 
	FR_angle_RSS = 0.0657944330375068,
	Group Delay = 9.48247989361058
Nc = 1.5, CEP = 5.890486225480862: 
	cutoff_freq(-3 dB) = Any[], 
	FR_angle_RSS = 0.16707213626005687,
	Group Delay = 14.363027327684744
Nc = 1.5, CEP = 6.283185307179586: 
	cutoff_freq(-3 dB) = [856.4851407469774], 
	FR_angle_RSS = 0.3148610060437599,
	Group Delay = 16.41185083047207
Nc = 2.0, CEP = 0.0: 
	cutoff_freq(-3 dB) = [213.72455338397393, 581.1808030616834, 873.645981376595], 
	FR_angle_RSS = 0.0015254385127883095,
	Group Delay = -0.2831897330725786
Nc = 2.0, CEP = 0.39269908169872414: 
	cutoff_freq(-3 dB) = Any[], 
	FR_angle_RSS = 0.768843223085808,
	Group Delay = -19.231121703117342
Nc = 2.0, CEP = 0.7853981633974483: 
	cutoff_freq(-3 dB) = Any[], 
	FR_angle_RSS = 0.4236230292153813,
	Group Delay = -12.829926437655631
Nc = 2.0, CEP = 1.1780972450961724: 
	cutoff_freq(-3 dB) = [896.1433027854345], 
	FR_angle_RSS = 0.2965541298484585,
	Group Delay = -7.249355678544982
Nc = 2.0, CEP = 1.5707963267948966: 
	cutoff_freq(-3 dB) = [888.6441956491547], 
	FR_angle_RSS = 0.21457087663627436,
	Group Delay = -1.7610450502167856
Nc = 2.0, CEP = 1.9634954084936207: 
	cutoff_freq(-3 dB) = [881.1450885128748], 
	FR_angle_RSS = 0.18475396869221672,
	Group Delay = 3.7543254190248856
Nc = 2.0, CEP = 2.356194490192345: 
	cutoff_freq(-3 dB) = [877.395534944735], 
	FR_angle_RSS = 0.23596836942177493,
	Group Delay = 9.395731995224955
Nc = 2.0, CEP = 2.748893571891069: 
	cutoff_freq(-3 dB) = [881.1450885128748], 
	FR_angle_RSS = 0.7732661682730091,
	Group Delay = 15.7584400048767
Nc = 2.0, CEP = 3.141592653589793: 
	cutoff_freq(-3 dB) = [213.72455338397393, 569.9321423572637], 
	FR_angle_RSS = 0.0005660761622919356,
	Group Delay = -0.11968499271440776
Nc = 2.0, CEP = 3.5342917352885173: 
	cutoff_freq(-3 dB) = Any[], 
	FR_angle_RSS = 0.7479313926762355,
	Group Delay = -19.231884159480078
Nc = 2.0, CEP = 3.9269908169872414: 
	cutoff_freq(-3 dB) = Any[], 
	FR_angle_RSS = 0.4296366069153859,
	Group Delay = -12.93807409350308
Nc = 2.0, CEP = 4.319689898685965: 
	cutoff_freq(-3 dB) = [896.1433027854345], 
	FR_angle_RSS = 0.30028593307072143,
	Group Delay = -7.370653148395651
Nc = 2.0, CEP = 4.71238898038469: 
	cutoff_freq(-3 dB) = [888.6441956491547], 
	FR_angle_RSS = 0.217022191569168,
	Group Delay = -1.8836798415380787
Nc = 2.0, CEP = 5.105088062083414: 
	cutoff_freq(-3 dB) = [881.1450885128748], 
	FR_angle_RSS = 0.18581773349918942,
	Group Delay = 3.627592185206856
Nc = 2.0, CEP = 5.497787143782138: 
	cutoff_freq(-3 dB) = [877.395534944735], 
	FR_angle_RSS = 0.2323478429057941,
	Group Delay = 9.25492505096173
Nc = 2.0, CEP = 5.890486225480862: 
	cutoff_freq(-3 dB) = [881.1450885128748], 
	FR_angle_RSS = 0.706879608187587,
	Group Delay = 15.564366522466171
Nc = 2.0, CEP = 6.283185307179586: 
	cutoff_freq(-3 dB) = [213.72455338397393, 581.1808030616834, 873.645981376595], 
	FR_angle_RSS = 0.0015254385127808922,
	Group Delay = -0.2831897330720969
Nc = 2.5, CEP = 0.0: 
	cutoff_freq(-3 dB) = [692.7686819080982, 864.1753660915451], 
	FR_angle_RSS = 0.9013546770952737,
	Group Delay = 12.924565265977709
Nc = 2.5, CEP = 0.39269908169872414: 
	cutoff_freq(-3 dB) = [807.0398046970629], 
	FR_angle_RSS = 0.531254221577686,
	Group Delay = -19.469326882773156
Nc = 2.5, CEP = 0.7853981633974483: 
	cutoff_freq(-3 dB) = [764.1881336512012], 
	FR_angle_RSS = 0.3424073591305968,
	Group Delay = -13.348241195693271
Nc = 2.5, CEP = 1.1780972450961724: 
	cutoff_freq(-3 dB) = [739.1913255411151], 
	FR_angle_RSS = 0.20390644911113637,
	Group Delay = -7.063785160609199
Nc = 2.5, CEP = 1.5707963267948966: 
	cutoff_freq(-3 dB) = [728.4784077796497], 
	FR_angle_RSS = 0.16893182887485458,
	Group Delay = -0.8357313505923648
Nc = 2.5, CEP = 1.9634954084936207: 
	cutoff_freq(-3 dB) = [717.7654900181842], 
	FR_angle_RSS = 0.22281665090325237,
	Group Delay = 5.4002596894283155
Nc = 2.5, CEP = 2.356194490192345: 
	cutoff_freq(-3 dB) = [707.0525722567188], 
	FR_angle_RSS = 0.34340832513190944,
	Group Delay = 11.688512718552145
Nc = 2.5, CEP = 2.748893571891069: 
	cutoff_freq(-3 dB) = [689.1977093209431], 
	FR_angle_RSS = 0.5786967390561479,
	Group Delay = 17.938243431477254
Nc = 2.5, CEP = 3.141592653589793: 
	cutoff_freq(-3 dB) = [710.6235448438739, 835.6075853943041], 
	FR_angle_RSS = 226.3367666313185,
	Group Delay = 98.41826753343874
Nc = 2.5, CEP = 3.5342917352885173: 
	cutoff_freq(-3 dB) = [803.4688321099078], 
	FR_angle_RSS = 0.5499382481816172,
	Group Delay = -19.644335091454906
Nc = 2.5, CEP = 3.9269908169872414: 
	cutoff_freq(-3 dB) = [760.6171610640461], 
	FR_angle_RSS = 0.34429398403555495,
	Group Delay = -13.44796822781219
Nc = 2.5, CEP = 4.319689898685965: 
	cutoff_freq(-3 dB) = [739.1913255411151], 
	FR_angle_RSS = 0.20645415929690908,
	Group Delay = -7.171292881171528
Nc = 2.5, CEP = 4.71238898038469: 
	cutoff_freq(-3 dB) = [724.9074351924945], 
	FR_angle_RSS = 0.17187682983577035,
	Group Delay = -0.9462344009143494
Nc = 2.5, CEP = 5.105088062083414: 
	cutoff_freq(-3 dB) = [714.1945174310291], 
	FR_angle_RSS = 0.22653885328047718,
	Group Delay = 5.287467227516725
Nc = 2.5, CEP = 5.497787143782138: 
	cutoff_freq(-3 dB) = [707.0525722567188], 
	FR_angle_RSS = 0.3482323304279378,
	Group Delay = 11.571132077338548
Nc = 2.5, CEP = 5.890486225480862: 
	cutoff_freq(-3 dB) = [692.7686819080982], 
	FR_angle_RSS = 0.5696905591291709,
	Group Delay = 17.832498340079688
Nc = 2.5, CEP = 6.283185307179586: 
	cutoff_freq(-3 dB) = [692.7686819080982, 864.1753660915451], 
	FR_angle_RSS = 0.9013546770952061,
	Group Delay = 12.924565265977813
Nc = 3.0, CEP = 0.0: 
	cutoff_freq(-3 dB) = [409.0354697920751, 504.47707941022605, 896.4694046276314], 
	FR_angle_RSS = 10.385475619121598,
	Group Delay = 24.99651755680752
Nc = 3.0, CEP = 0.39269908169872414: 
	cutoff_freq(-3 dB) = [218.1522505557734, 487.4339348355562, 773.7587636900088], 
	FR_angle_RSS = 1.992490830764492,
	Group Delay = -25.159744956515958
Nc = 3.0, CEP = 0.7853981633974483: 
	cutoff_freq(-3 dB) = [780.5760215198768], 
	FR_angle_RSS = 0.8679766215079463,
	Group Delay = -16.35284235524004
Nc = 3.0, CEP = 1.1780972450961724: 
	cutoff_freq(-3 dB) = [783.9846504348106], 
	FR_angle_RSS = 0.5881819790266632,
	Group Delay = -9.130503443422526
Nc = 3.0, CEP = 1.5707963267948966: 
	cutoff_freq(-3 dB) = [783.9846504348106], 
	FR_angle_RSS = 0.5940601885963874,
	Group Delay = -2.223759583712197
Nc = 3.0, CEP = 1.9634954084936207: 
	cutoff_freq(-3 dB) = [787.3932793497446], 
	FR_angle_RSS = 0.7722820325968484,
	Group Delay = 4.650763634360745
Nc = 3.0, CEP = 2.356194490192345: 
	cutoff_freq(-3 dB) = [790.8019082646787], 
	FR_angle_RSS = 1.3956293406697868,
	Group Delay = 11.727098105682073
Nc = 3.0, CEP = 2.748893571891069: 
	cutoff_freq(-3 dB) = [218.1522505557734, 490.8425637504902, 804.4364239244145], 
	FR_angle_RSS = 3.6470011346698765,
	Group Delay = 19.67764182639972
Nc = 3.0, CEP = 3.141592653589793: 
	cutoff_freq(-3 dB) = [419.26135653687703, 497.6598215803581, 872.6090022230936], 
	FR_angle_RSS = 11.258404611801822,
	Group Delay = -38.517060426864276
Nc = 3.0, CEP = 3.5342917352885173: 
	cutoff_freq(-3 dB) = [224.96950838564132, 484.02530592062226, 773.7587636900088], 
	FR_angle_RSS = 2.232236846723975,
	Group Delay = -24.202680619303163
Nc = 3.0, CEP = 3.9269908169872414: 
	cutoff_freq(-3 dB) = [780.5760215198768], 
	FR_angle_RSS = 0.8391297224358025,
	Group Delay = -16.365455542641417
Nc = 3.0, CEP = 4.319689898685965: 
	cutoff_freq(-3 dB) = [783.9846504348106], 
	FR_angle_RSS = 0.5971008808836408,
	Group Delay = -9.214861481430573
Nc = 3.0, CEP = 4.71238898038469: 
	cutoff_freq(-3 dB) = [783.9846504348106], 
	FR_angle_RSS = 0.6015640096685496,
	Group Delay = -2.346950873992216
Nc = 3.0, CEP = 5.105088062083414: 
	cutoff_freq(-3 dB) = [783.9846504348106], 
	FR_angle_RSS = 0.7632678424321895,
	Group Delay = 4.503820092322929
Nc = 3.0, CEP = 5.497787143782138: 
	cutoff_freq(-3 dB) = [790.8019082646787], 
	FR_angle_RSS = 1.3155282683248493,
	Group Delay = 11.559172833971607
Nc = 3.0, CEP = 5.890486225480862: 
	cutoff_freq(-3 dB) = [221.5608794707074, 484.02530592062226, 801.0277950094805], 
	FR_angle_RSS = 3.3029548229497707,
	Group Delay = 19.373300514683937
Nc = 3.0, CEP = 6.283185307179586: 
	cutoff_freq(-3 dB) = [409.0354697920751, 504.47707941022605, 896.4694046276314], 
	FR_angle_RSS = 10.385475619121014,
	Group Delay = 24.996517556805234
Nc = 3.5, CEP = 0.0: 
	cutoff_freq(-3 dB) = Any[], 
	FR_angle_RSS = 30.75719853141213,
	Group Delay = -10.184953819913563
Nc = 3.5, CEP = 0.39269908169872414: 
	cutoff_freq(-3 dB) = [198.8846627850021, 427.11296434156185, 714.0285434412369], 
	FR_angle_RSS = 2.606222216866617,
	Group Delay = -22.472102530896517
Nc = 3.5, CEP = 0.7853981633974483: 
	cutoff_freq(-3 dB) = [241.26991878836316, 401.029729877955, 691.2057132855809], 
	FR_angle_RSS = 1.5074642582682962,
	Group Delay = -15.581439733892998
Nc = 3.5, CEP = 1.1780972450961724: 
	cutoff_freq(-3 dB) = [674.9036917458267], 
	FR_angle_RSS = 0.8307664910722272,
	Group Delay = -8.388109092102741
Nc = 3.5, CEP = 1.5707963267948966: 
	cutoff_freq(-3 dB) = [668.3828831299251], 
	FR_angle_RSS = 0.571545834535501,
	Group Delay = -1.179397712085612
Nc = 3.5, CEP = 1.9634954084936207: 
	cutoff_freq(-3 dB) = [661.8620745140233], 
	FR_angle_RSS = 0.5563702358049054,
	Group Delay = 6.008220687880833
Nc = 3.5, CEP = 2.356194490192345: 
	cutoff_freq(-3 dB) = [241.26991878836316, 401.029729877955, 652.0808615901708], 
	FR_angle_RSS = 0.8576329467722534,
	Group Delay = 13.126816968899966
Nc = 3.5, CEP = 2.748893571891069: 
	cutoff_freq(-3 dB) = [198.8846627850021, 423.852560033611, 632.5184357424656], 
	FR_angle_RSS = 1.7015171628509476,
	Group Delay = 19.792640879479972
Nc = 3.5, CEP = 3.141592653589793: 
	cutoff_freq(-3 dB) = [798.7990554479592, 896.6111846864848], 
	FR_angle_RSS = 2.171543347318184,
	Group Delay = -27.71404151238307
Nc = 3.5, CEP = 3.5342917352885173: 
	cutoff_freq(-3 dB) = [202.14506709295293, 427.11296434156185, 710.7681391332861], 
	FR_angle_RSS = 317.38304103700125,
	Group Delay = 44.20566825068058
Nc = 3.5, CEP = 3.9269908169872414: 
	cutoff_freq(-3 dB) = [254.31153602016659, 391.24851695410246, 687.9453089776301], 
	FR_angle_RSS = 1.4129656012117795,
	Group Delay = -15.634340799537227
Nc = 3.5, CEP = 4.319689898685965: 
	cutoff_freq(-3 dB) = [674.9036917458267], 
	FR_angle_RSS = 0.8062089341117674,
	Group Delay = -8.456759083149873
Nc = 3.5, CEP = 4.71238898038469: 
	cutoff_freq(-3 dB) = [665.1224788219741], 
	FR_angle_RSS = 0.5772213969191479,
	Group Delay = -1.2729125688688352
Nc = 3.5, CEP = 5.105088062083414: 
	cutoff_freq(-3 dB) = [661.8620745140233], 
	FR_angle_RSS = 0.5628261636271443,
	Group Delay = 5.898908289963037
Nc = 3.5, CEP = 5.497787143782138: 
	cutoff_freq(-3 dB) = [254.31153602016659, 391.24851695410246, 652.0808615901708], 
	FR_angle_RSS = 0.8220089392465817,
	Group Delay = 13.024884043603809
Nc = 3.5, CEP = 5.890486225480862: 
	cutoff_freq(-3 dB) = [202.14506709295293, 423.852560033611, 635.7788400504164], 
	FR_angle_RSS = 1.614178939082621,
	Group Delay = 19.76722817363855
Nc = 3.5, CEP = 6.283185307179586: 
	cutoff_freq(-3 dB) = Any[], 
	FR_angle_RSS = 30.75719853140572,
	Group Delay = -10.184953819917038
Nc = 4.0, CEP = 0.0: 
	cutoff_freq(-3 dB) = [365.57043313906024, 484.30271056884044, 793.6315386095838, 881.1184798736325], 
	FR_angle_RSS = 12.556288328433213,
	Group Delay = 25.696663619188456
Nc = 4.0, CEP = 0.39269908169872414: 
	cutoff_freq(-3 dB) = [196.84561784410937, 465.55550886940154, 709.2691309621083], 
	FR_angle_RSS = 3.265462336748418,
	Group Delay = -29.60151142086114
Nc = 4.0, CEP = 0.7853981633974483: 
	cutoff_freq(-3 dB) = [209.34375231040204, 449.9328407865357, 718.6427318118278], 
	FR_angle_RSS = 1.4459684788775895,
	Group Delay = -19.963404289964767
Nc = 4.0, CEP = 1.1780972450961724: 
	cutoff_freq(-3 dB) = [231.21548762641416, 428.0611054705235, 721.7672654284011], 
	FR_angle_RSS = 1.811116921034475,
	Group Delay = -9.479371488069297
Nc = 4.0, CEP = 1.5707963267948966: 
	cutoff_freq(-3 dB) = [246.83815570928002, 412.43843738765764, 724.8917990449742], 
	FR_angle_RSS = 1.4618393986546956,
	Group Delay = -1.771778310121726
Nc = 4.0, CEP = 1.9634954084936207: 
	cutoff_freq(-3 dB) = [231.21548762641416, 428.0611054705235, 731.1408662781205], 
	FR_angle_RSS = 1.8710285637241162,
	Group Delay = 5.895966785541187
Nc = 4.0, CEP = 2.356194490192345: 
	cutoff_freq(-3 dB) = [209.34375231040204, 449.9328407865357, 737.3899335112669], 
	FR_angle_RSS = 3.0595382439535093,
	Group Delay = 13.183487664756735
Nc = 4.0, CEP = 2.748893571891069: 
	cutoff_freq(-3 dB) = [199.97015146068253, 465.55550886940154, 756.1371352107058], 
	FR_angle_RSS = 5.849206717511796,
	Group Delay = 21.873226117724485
Nc = 4.0, CEP = 3.141592653589793: 
	cutoff_freq(-3 dB) = [378.0685676053529, 478.0536433356942, 784.2579377598643, 862.3712781741933], 
	FR_angle_RSS = 13.882493802900228,
	Group Delay = -39.78337155532661
Nc = 4.0, CEP = 3.5342917352885173: 
	cutoff_freq(-3 dB) = [199.97015146068253, 462.4309752528283, 709.2691309621083], 
	FR_angle_RSS = 3.01290633315167,
	Group Delay = -29.004232318270496
Nc = 4.0, CEP = 3.9269908169872414: 
	cutoff_freq(-3 dB) = [215.59281954354833, 446.8083071699625, 718.6427318118278], 
	FR_angle_RSS = 1.3906543157140467,
	Group Delay = -19.713748142824883
Nc = 4.0, CEP = 4.319689898685965: 
	cutoff_freq(-3 dB) = [243.71362209270686, 415.5629710042309, 721.7672654284011], 
	FR_angle_RSS = 1.742546902074752,
	Group Delay = -9.496712160413585
Nc = 4.0, CEP = 4.71238898038469: 
	cutoff_freq(-3 dB) = [262.46082379214585, 393.69123568821874, 724.8917990449742], 
	FR_angle_RSS = 1.4582351886528995,
	Group Delay = -1.8453139682069344
Nc = 4.0, CEP = 5.105088062083414: 
	cutoff_freq(-3 dB) = [243.71362209270686, 412.43843738765764, 731.1408662781205], 
	FR_angle_RSS = 1.8253371627052253,
	Group Delay = 5.774501365902881
Nc = 4.0, CEP = 5.497787143782138: 
	cutoff_freq(-3 dB) = [215.59281954354833, 443.68377355338936, 737.3899335112669], 
	FR_angle_RSS = 2.832593289843299,
	Group Delay = 12.919173541139187
Nc = 4.0, CEP = 5.890486225480862: 
	cutoff_freq(-3 dB) = [199.97015146068253, 462.4309752528283, 749.8880679775594], 
	FR_angle_RSS = 5.4350746758686,
	Group Delay = 21.45977998905915
Nc = 4.0, CEP = 6.283185307179586: 
	cutoff_freq(-3 dB) = [365.57043313906024, 484.30271056884044, 793.6315386095838, 881.1184798736325], 
	FR_angle_RSS = 12.556288328434537,
	Group Delay = 25.696663619185276
Nc = 4.5, CEP = 0.0: 
	cutoff_freq(-3 dB) = [191.99801581967242, 308.99680670978535, 665.9931173744887], 
	FR_angle_RSS = 53.368319705282964,
	Group Delay = -1.5146315575340168
Nc = 4.5, CEP = 0.39269908169872414: 
	cutoff_freq(-3 dB) = [170.99823283939577, 425.9955975998982, 677.9929933632183], 
	FR_angle_RSS = 0.03291569507742802,
	Group Delay = -4.293295576613095
Nc = 4.5, CEP = 0.7853981633974483: 
	cutoff_freq(-3 dB) = [173.99820183657815, 428.99556659708054, 659.993179380124], 
	FR_angle_RSS = 2.758941111411447,
	Group Delay = -17.23443830308439
Nc = 4.5, CEP = 1.1780972450961724: 
	cutoff_freq(-3 dB) = [179.9981398309429, 425.9955975998982, 650.9932723885769], 
	FR_angle_RSS = 1.3762487832343033,
	Group Delay = -9.517549167729962
Nc = 4.5, CEP = 1.5707963267948966: 
	cutoff_freq(-3 dB) = [182.99810882812528, 422.99562860271584, 644.9933343942121], 
	FR_angle_RSS = 0.8072913807786771,
	Group Delay = -1.6882623211796133
Nc = 4.5, CEP = 1.9634954084936207: 
	cutoff_freq(-3 dB) = [182.99810882812528, 425.9955975998982, 638.9933963998474], 
	FR_angle_RSS = 1.0025802729608184,
	Group Delay = 6.126223420803585
Nc = 4.5, CEP = 2.356194490192345: 
	cutoff_freq(-3 dB) = [176.99817083376053, 428.99556659708054, 629.9934894083002], 
	FR_angle_RSS = 2.0509429587033168,
	Group Delay = 13.800800140142885
Nc = 4.5, CEP = 2.748893571891069: 
	cutoff_freq(-3 dB) = [170.99823283939577, 425.9955975998982, 614.9936444223882], 
	FR_angle_RSS = 0.03627183881020499,
	Group Delay = 4.477333245555902
Nc = 4.5, CEP = 3.141592653589793: 
	cutoff_freq(-3 dB) = [731.9924353125011], 
	FR_angle_RSS = 2.882351133650859,
	Group Delay = -28.79065581077227
Nc = 4.5, CEP = 3.5342917352885173: 
	cutoff_freq(-3 dB) = [173.99820183657815, 428.99556659708054, 671.9930553688536], 
	FR_angle_RSS = 0.0395209951834874,
	Group Delay = -4.869552221255829
Nc = 4.5, CEP = 3.9269908169872414: 
	cutoff_freq(-3 dB) = [179.9981398309429, 425.9955975998982, 656.9932103829416], 
	FR_angle_RSS = 2.5828214775970313,
	Group Delay = -17.23812582704036
Nc = 4.5, CEP = 4.319689898685965: 
	cutoff_freq(-3 dB) = [185.99807782530766, 422.99562860271584, 647.9933033913944], 
	FR_angle_RSS = 1.3315278209104455,
	Group Delay = -9.52487307495095
Nc = 4.5, CEP = 4.71238898038469: 
	cutoff_freq(-3 dB) = [191.99801581967242, 416.995690608351, 641.9933653970297], 
	FR_angle_RSS = 0.8705974880941543,
	Group Delay = -1.5430270888857387
Nc = 4.5, CEP = 5.105088062083414: 
	cutoff_freq(-3 dB) = [185.99807782530766, 419.9956596055334, 635.9934274026649], 
	FR_angle_RSS = 0.9698283293854252,
	Group Delay = 6.043650387130333
Nc = 4.5, CEP = 5.497787143782138: 
	cutoff_freq(-3 dB) = [179.9981398309429, 425.9955975998982, 629.9934894083002], 
	FR_angle_RSS = 1.875178189066138,
	Group Delay = 13.719859111182814
Nc = 4.5, CEP = 5.890486225480862: 
	cutoff_freq(-3 dB) = [173.99820183657815, 428.99556659708054, 617.9936134195707], 
	FR_angle_RSS = 0.04115401668953314,
	Group Delay = 5.090967259991377
Nc = 4.5, CEP = 6.283185307179586: 
	cutoff_freq(-3 dB) = [191.99801581967242, 308.99680670978535, 665.9931173744887], 
	FR_angle_RSS = 53.368319705281806,
	Group Delay = -1.5146315575351523
Nc = 5.0, CEP = 0.0: 
	cutoff_freq(-3 dB) = [308.6472145601275, 470.18220535795126, 732.6765654044149], 
	FR_angle_RSS = 11.323601771967436,
	Group Delay = 26.958080364731025
Nc = 5.0, CEP = 0.39269908169872414: 
	cutoff_freq(-3 dB) = [173.07320442623973, 461.5285451366393, 677.870050669439], 
	FR_angle_RSS = 0.1063224032263044,
	Group Delay = -9.860048811018848
Nc = 5.0, CEP = 0.7853981633974483: 
	cutoff_freq(-3 dB) = [164.41954420492775, 458.6439917295353, 672.100943855231], 
	FR_angle_RSS = 0.01906414214105298,
	Group Delay = -4.145789165723423
Nc = 5.0, CEP = 1.1780972450961724: 
	cutoff_freq(-3 dB) = [164.41954420492775, 455.7594383224313, 677.870050669439], 
	FR_angle_RSS = 1.021093882095837,
	Group Delay = -12.159709193402778
Nc = 5.0, CEP = 1.5707963267948966: 
	cutoff_freq(-3 dB) = [164.41954420492775, 455.7594383224313, 683.639157483647], 
	FR_angle_RSS = 1.1833507180725722,
	Group Delay = -3.3926326863806913
Nc = 5.0, CEP = 1.9634954084936207: 
	cutoff_freq(-3 dB) = [164.41954420492775, 455.7594383224313, 689.4082642978549], 
	FR_angle_RSS = 1.9396898610273459,
	Group Delay = 5.881324480621551
Nc = 5.0, CEP = 2.356194490192345: 
	cutoff_freq(-3 dB) = [164.41954420492775, 458.6439917295353, 698.061924519167], 
	FR_angle_RSS = 0.019500118418765262,
	Group Delay = 3.9874386838601756
Nc = 5.0, CEP = 2.748893571891069: 
	cutoff_freq(-3 dB) = [173.07320442623973, 458.6439917295353, 715.3692449617909], 
	FR_angle_RSS = 0.123169663049772,
	Group Delay = 10.069570171860247
Nc = 5.0, CEP = 3.141592653589793: 
	cutoff_freq(-3 dB) = [323.0699815956475, 467.2976519508473, 724.0229051831029, 784.5985267322868, 807.6749539891188], 
	FR_angle_RSS = 14.288779796312927,
	Group Delay = -41.37073784437968
Nc = 5.0, CEP = 3.5342917352885173: 
	cutoff_freq(-3 dB) = [170.18865101913573, 458.6439917295353, 669.216390448127], 
	FR_angle_RSS = 0.11937696463967701,
	Group Delay = -9.514151211806594
Nc = 5.0, CEP = 3.9269908169872414: 
	cutoff_freq(-3 dB) = [167.30409761203174, 455.7594383224313, 672.100943855231], 
	FR_angle_RSS = 1.954832805992866,
	Group Delay = -21.51202471469177
Nc = 5.0, CEP = 4.319689898685965: 
	cutoff_freq(-3 dB) = [170.18865101913573, 452.87488491532736, 677.870050669439], 
	FR_angle_RSS = 1.2571381296308102,
	Group Delay = -12.57547134907908
Nc = 5.0, CEP = 4.71238898038469: 
	cutoff_freq(-3 dB) = [170.18865101913573, 452.87488491532736, 683.639157483647], 
	FR_angle_RSS = 1.2080560768163329,
	Group Delay = -3.393974034539578
Nc = 5.0, CEP = 5.105088062083414: 
	cutoff_freq(-3 dB) = [167.30409761203174, 452.87488491532736, 689.4082642978549], 
	FR_angle_RSS = 1.8883026588018563,
	Group Delay = 5.7314631011525305
Nc = 5.0, CEP = 5.497787143782138: 
	cutoff_freq(-3 dB) = [167.30409761203174, 452.87488491532736, 695.1773711120629], 
	FR_angle_RSS = 3.2882940477202682,
	Group Delay = 14.904415408718764
Nc = 5.0, CEP = 5.890486225480862: 
	cutoff_freq(-3 dB) = [170.18865101913573, 455.7594383224313, 709.6001381475829], 
	FR_angle_RSS = 0.1142347249838707,
	Group Delay = 9.546540441108256
Nc = 5.0, CEP = 6.283185307179586: 
	cutoff_freq(-3 dB) = [308.6472145601275, 470.18220535795126, 732.6765654044149], 
	FR_angle_RSS = 11.32360177196692,
	Group Delay = 26.958080364733895
Nc = 5.5, CEP = 0.0: 
	cutoff_freq(-3 dB) = [149.99522841590058, 380.54344986997, 627.7578078146951], 
	FR_angle_RSS = 0.01427383558338737,
	Group Delay = 4.271057283883842
Nc = 5.5, CEP = 0.39269908169872414: 
	cutoff_freq(-3 dB) = [144.43984958568208, 427.7641699268276, 647.20163372046], 
	FR_angle_RSS = 0.0005269630796079687,
	Group Delay = -0.7822959418754245
Nc = 5.5, CEP = 0.7853981633974483: 
	cutoff_freq(-3 dB) = [144.43984958568208, 436.09723817215547, 630.5354972298044], 
	FR_angle_RSS = 0.0001682476757554417,
	Group Delay = -0.27144036095172164
Nc = 5.5, CEP = 1.1780972450961724: 
	cutoff_freq(-3 dB) = [144.43984958568208, 436.09723817215547, 622.2024289844766], 
	FR_angle_RSS = 8.80655799266736e-5,
	Group Delay = -0.1400826991710024
Nc = 5.5, CEP = 1.5707963267948966: 
	cutoff_freq(-3 dB) = [144.43984958568208, 436.09723817215547, 616.6470501542581], 
	FR_angle_RSS = 2.2183619832625853e-5,
	Group Delay = -0.01107277492329457
Nc = 5.5, CEP = 1.9634954084936207: 
	cutoff_freq(-3 dB) = [144.43984958568208, 436.09723817215547, 611.0916713240395], 
	FR_angle_RSS = 8.235542363654017e-5,
	Group Delay = 0.12782463630743507
Nc = 5.5, CEP = 2.356194490192345: 
	cutoff_freq(-3 dB) = [144.43984958568208, 433.31954875704616, 602.7586030787116], 
	FR_angle_RSS = 0.0003283088106373831,
	Group Delay = 0.30509836601683815
Nc = 5.5, CEP = 2.748893571891069: 
	cutoff_freq(-3 dB) = [144.43984958568208, 427.7641699268276, 588.8701560031653], 
	FR_angle_RSS = 0.00353098409868831,
	Group Delay = 1.0466894813007852
Nc = 5.5, CEP = 3.141592653589793: 
	cutoff_freq(-3 dB) = [147.21753900079133, 374.9880710397515, 672.2008384564434], 
	FR_angle_RSS = 0.06472776377303813,
	Group Delay = -5.544936182652694
Nc = 5.5, CEP = 3.5342917352885173: 
	cutoff_freq(-3 dB) = [147.21753900079133, 430.5418593419369, 636.0908760600229], 
	FR_angle_RSS = 0.003007767003305534,
	Group Delay = -1.5701162694394593
Nc = 5.5, CEP = 3.9269908169872414: 
	cutoff_freq(-3 dB) = [147.21753900079133, 433.31954875704616, 624.9801183995858], 
	FR_angle_RSS = 0.0012442378818880743,
	Group Delay = -0.974837662866923
Nc = 5.5, CEP = 4.319689898685965: 
	cutoff_freq(-3 dB) = [147.21753900079133, 433.31954875704616, 619.4247395693674], 
	FR_angle_RSS = 0.00032159876359717473,
	Group Delay = -0.43594536068455214
Nc = 5.5, CEP = 4.71238898038469: 
	cutoff_freq(-3 dB) = [147.21753900079133, 433.31954875704616, 616.6470501542581], 
	FR_angle_RSS = 1.4528512304335309e-5,
	Group Delay = 0.15404911707390678
Nc = 5.5, CEP = 5.105088062083414: 
	cutoff_freq(-3 dB) = [147.21753900079133, 433.31954875704616, 611.0916713240395], 
	FR_angle_RSS = 0.0005101075781469011,
	Group Delay = 0.7180349356400048
Nc = 5.5, CEP = 5.497787143782138: 
	cutoff_freq(-3 dB) = [147.21753900079133, 433.31954875704616, 605.536292493821], 
	FR_angle_RSS = 0.0014055656030221905,
	Group Delay = 1.1787252244548978
Nc = 5.5, CEP = 5.890486225480862: 
	cutoff_freq(-3 dB) = [147.21753900079133, 430.5418593419369, 594.4255348333838], 
	FR_angle_RSS = 0.0022759799401332837,
	Group Delay = 1.6168679116055975
Nc = 5.5, CEP = 6.283185307179586: 
	cutoff_freq(-3 dB) = [149.99522841590058, 380.54344986997, 627.7578078146951], 
	FR_angle_RSS = 0.014273835583561732,
	Group Delay = 4.271057283884558
Nc = 6.0, CEP = 0.0: 
	cutoff_freq(-3 dB) = [198.20608006080002, 466.0521341970162, 688.3643591300756], 
	FR_angle_RSS = 0.17177995088574646,
	Group Delay = 13.636657996927772
Nc = 6.0, CEP = 0.39269908169872414: 
	cutoff_freq(-3 dB) = [158.02917194036758, 460.69521311429185, 658.901293175092], 
	FR_angle_RSS = 0.08373321403280495,
	Group Delay = -10.28388936561956
Nc = 6.0, CEP = 0.7853981633974483: 
	cutoff_freq(-3 dB) = [139.27994815083244, 455.33829203156756, 640.1520693855567], 
	FR_angle_RSS = 0.014802715585966717,
	Group Delay = -4.210581079236693
Nc = 6.0, CEP = 1.1780972450961724: 
	cutoff_freq(-3 dB) = [136.60148760947027, 455.33829203156756, 642.8305299269189], 
	FR_angle_RSS = 0.00256667179846838,
	Group Delay = -1.7928338628601699
Nc = 6.0, CEP = 1.5707963267948966: 
	cutoff_freq(-3 dB) = [136.60148760947027, 455.33829203156756, 650.8659115510054], 
	FR_angle_RSS = 3.587270309229733e-5,
	Group Delay = -0.1620705122149588
Nc = 6.0, CEP = 1.9634954084936207: 
	cutoff_freq(-3 dB) = [136.60148760947027, 455.33829203156756, 656.2228326337298], 
	FR_angle_RSS = 0.003004923522478845,
	Group Delay = 1.5046407573745963
Nc = 6.0, CEP = 2.356194490192345: 
	cutoff_freq(-3 dB) = [139.27994815083244, 455.33829203156756, 666.9366747991784], 
	FR_angle_RSS = 0.020568337968504175,
	Group Delay = 4.086371806504676
Nc = 6.0, CEP = 2.748893571891069: 
	cutoff_freq(-3 dB) = [158.02917194036758, 458.0167525729297, 683.0074380473513], 
	FR_angle_RSS = 0.1661914467617862,
	Group Delay = 11.243209928409716
Nc = 6.0, CEP = 3.141592653589793: 
	cutoff_freq(-3 dB) = [208.91992222624864, 466.0521341970162, 677.6505169646271], 
	FR_angle_RSS = 12.620490690435895,
	Group Delay = -42.45392972870863
Nc = 6.0, CEP = 3.5342917352885173: 
	cutoff_freq(-3 dB) = [144.63686923355675, 455.33829203156756, 642.8305299269189], 
	FR_angle_RSS = 0.05722470949013605,
	Group Delay = -6.690954158931618
Nc = 6.0, CEP = 3.9269908169872414: 
	cutoff_freq(-3 dB) = [141.9584086921946, 452.65983149020536, 640.1520693855567], 
	FR_angle_RSS = 0.014450110361281836,
	Group Delay = -3.498820558572428
Nc = 6.0, CEP = 4.319689898685965: 
	cutoff_freq(-3 dB) = [139.27994815083244, 452.65983149020536, 645.5089904682811], 
	FR_angle_RSS = 0.0030068167879912155,
	Group Delay = -1.5375372730331354
Nc = 6.0, CEP = 4.71238898038469: 
	cutoff_freq(-3 dB) = [139.27994815083244, 452.65983149020536, 648.1874510096433], 
	FR_angle_RSS = 6.219745661294104e-5,
	Group Delay = 0.057842903486833235
Nc = 6.0, CEP = 5.105088062083414: 
	cutoff_freq(-3 dB) = [139.27994815083244, 452.65983149020536, 653.5443720923676], 
	FR_angle_RSS = 0.002169485023982747,
	Group Delay = 1.6445802067144195
Nc = 6.0, CEP = 5.497787143782138: 
	cutoff_freq(-3 dB) = [139.27994815083244, 452.65983149020536, 661.5797537164541], 
	FR_angle_RSS = 0.011155729486403329,
	Group Delay = 3.580564719395023
Nc = 6.0, CEP = 5.890486225480862: 
	cutoff_freq(-3 dB) = [144.63686923355675, 452.65983149020536, 672.2935958819027], 
	FR_angle_RSS = 0.039869676632266676,
	Group Delay = 6.7117858260020755
Nc = 6.0, CEP = 6.283185307179586: 
	cutoff_freq(-3 dB) = [198.20608006080002, 466.0521341970162, 688.3643591300756], 
	FR_angle_RSS = 0.17177995088782683,
	Group Delay = 13.636657996935517
Nc = 6.5, CEP = 0.0: 
	cutoff_freq(-3 dB) = [126.71776068303414, 424.11658677586934, 574.1090381966036], 
	FR_angle_RSS = 0.006333346857811131,
	Group Delay = 1.5764308632155053
Nc = 6.5, CEP = 0.39269908169872414: 
	cutoff_freq(-3 dB) = [124.13168393440078, 416.35835652996934, 636.1748801638041], 
	FR_angle_RSS = 0.013208071710957442,
	Group Delay = -1.0399686999597209
Nc = 6.5, CEP = 0.7853981633974483: 
	cutoff_freq(-3 dB) = [124.13168393440078, 434.4608937704028, 610.3141126774706], 
	FR_angle_RSS = 0.00025024326596160266,
	Group Delay = 0.0419197882309009
Nc = 6.5, CEP = 1.1780972450961724: 
	cutoff_freq(-3 dB) = [124.13168393440078, 434.4608937704028, 599.9698056829371], 
	FR_angle_RSS = 0.00014290342173515152,
	Group Delay = 0.08385225094838755
Nc = 6.5, CEP = 1.5707963267948966: 
	cutoff_freq(-3 dB) = [124.13168393440078, 434.4608937704028, 594.7976521856704], 
	FR_angle_RSS = 0.00016720845060729555,
	Group Delay = 0.0022103608199190525
  Activating project at `~/JuliaProp_v0.1`
Nc = 6.5, CEP = 1.9634954084936207: 
	cutoff_freq(-3 dB) = [124.13168393440078, 434.4608937704028, 589.6254986884037], 
	FR_angle_RSS = 0.000353885158188611,
	Group Delay = -0.05746219930272946
Nc = 6.5, CEP = 2.356194490192345: 
	cutoff_freq(-3 dB) = [124.13168393440078, 431.87481702176945, 579.2811916938704], 
	FR_angle_RSS = 0.0016085004135623518,
	Group Delay = 0.04738412358989049
Nc = 6.5, CEP = 2.748893571891069: 
	cutoff_freq(-3 dB) = [124.13168393440078, 413.77227978133595, 579.2811916938704], 
	FR_angle_RSS = 0.042630807098195854,
	Group Delay = 1.139001670509016
Nc = 6.5, CEP = 3.141592653589793: 
	cutoff_freq(-3 dB) = [124.13168393440078, 418.9444332786027, 628.416649917904], 
	FR_angle_RSS = 0.01858488291122045,
	Group Delay = -1.8487276133614445
Nc = 6.5, CEP = 3.5342917352885173: 
	cutoff_freq(-3 dB) = [124.13168393440078, 431.87481702176945, 610.3141126774706], 
	FR_angle_RSS = 0.0012898616962804016,
	Group Delay = -0.7782253328951451
Nc = 6.5, CEP = 3.9269908169872414: 
	cutoff_freq(-3 dB) = [126.71776068303414, 434.4608937704028, 602.5558824315705], 
	FR_angle_RSS = 0.00036552638515884543,
	Group Delay = -0.40756361919343936
Nc = 6.5, CEP = 4.319689898685965: 
	cutoff_freq(-3 dB) = [126.71776068303414, 434.4608937704028, 597.3837289343038], 
	FR_angle_RSS = 0.0001132673599332738,
	Group Delay = -0.1342784325388563
Nc = 6.5, CEP = 4.71238898038469: 
	cutoff_freq(-3 dB) = [126.71776068303414, 434.4608937704028, 594.7976521856704], 
	FR_angle_RSS = 4.104256605826867e-5,
	Group Delay = 0.1082172142472535
Nc = 6.5, CEP = 5.105088062083414: 
	cutoff_freq(-3 dB) = [126.71776068303414, 434.4608937704028, 589.6254986884037], 
	FR_angle_RSS = 6.887611655940378e-5,
	Group Delay = 0.3404204908509127
Nc = 6.5, CEP = 5.497787143782138: 
	cutoff_freq(-3 dB) = [126.71776068303414, 434.4608937704028, 587.0394219397704], 
	FR_angle_RSS = 0.0001786442160658459,
	Group Delay = 0.5787693107028578
Nc = 6.5, CEP = 5.890486225480862: 
	cutoff_freq(-3 dB) = [126.71776068303414, 431.87481702176945, 579.2811916938704], 
	FR_angle_RSS = 0.0004635241630106554,
	Group Delay = 0.8682802395982533
Nc = 6.5, CEP = 6.283185307179586: 
	cutoff_freq(-3 dB) = [126.71776068303414, 424.11658677586934, 574.1090381966036], 
	FR_angle_RSS = 0.006333346857818984,
	Group Delay = 1.5764308632148063
Nc = 7.0, CEP = 0.0: 
	cutoff_freq(-3 dB) = [139.9917883526924, 454.9733121462503, 652.4617278580843, 912.4464776559416], 
	FR_angle_RSS = 0.09342577046616257,
	Group Delay = 11.278357386747869
Nc = 7.0, CEP = 0.39269908169872414: 
	cutoff_freq(-3 dB) = [177.48958880430644, 469.9724323268959, 654.9615812215252, 902.4470642021778], 
	FR_angle_RSS = 0.013534062389670743,
	Group Delay = -4.458297298585409
Nc = 7.0, CEP = 0.7853981633974483: 
	cutoff_freq(-3 dB) = [127.49252153548774, 454.9733121462503, 624.963340860234], 
	FR_angle_RSS = 0.030654266066405342,
	Group Delay = -6.919360108128706
Nc = 7.0, CEP = 1.1780972450961724: 
	cutoff_freq(-3 dB) = [122.49281480860586, 449.9736054193685, 619.9636341333521], 
	FR_angle_RSS = 0.005373278226336112,
	Group Delay = -3.0773534387781876
Nc = 7.0, CEP = 1.5707963267948966: 
	cutoff_freq(-3 dB) = [119.99296144516494, 449.9736054193685, 622.463487496793], 
	FR_angle_RSS = 0.0004935841226305167,
	Group Delay = -0.2701031923634168
Nc = 7.0, CEP = 1.9634954084936207: 
	cutoff_freq(-3 dB) = [122.49281480860586, 449.9736054193685, 632.4629009505568], 
	FR_angle_RSS = 0.013512876135643472,
	Group Delay = 2.610658232473119
Nc = 7.0, CEP = 2.356194490192345: 
	cutoff_freq(-3 dB) = [127.49252153548774, 449.9736054193685, 644.9621677677615], 
	FR_angle_RSS = 0.10297616748315525,
	Group Delay = 6.989759124202065
Nc = 7.0, CEP = 2.748893571891069: 
	cutoff_freq(-3 dB) = [9.999413453763744, 44.99736054193685, 189.98885562151114, 467.4725789634551, 654.9615812215252, 902.4470642021778], 
	FR_angle_RSS = 0.9228685346327257,
	Group Delay = 8.234343313772772
Nc = 7.0, CEP = 3.141592653589793: 
	cutoff_freq(-3 dB) = [144.9914950795743, 457.4731655096912, 637.4626076774387, 912.4464776559416], 
	FR_angle_RSS = 0.30243579921577274,
	Group Delay = -11.609815236514008
Nc = 7.0, CEP = 3.5342917352885173: 
	cutoff_freq(-3 dB) = [124.99266817204679, 449.9736054193685, 622.463487496793], 
	FR_angle_RSS = 0.06527924023927384,
	Group Delay = -5.789126155223736
Nc = 7.0, CEP = 3.9269908169872414: 
	cutoff_freq(-3 dB) = [122.49281480860586, 449.9736054193685, 619.9636341333521], 
	FR_angle_RSS = 0.01967006177883725,
	Group Delay = -3.330642146294024
Nc = 7.0, CEP = 4.319689898685965: 
	cutoff_freq(-3 dB) = [122.49281480860586, 447.47375205592755, 619.9636341333521], 
	FR_angle_RSS = 0.004881537079809442,
	Group Delay = -1.5462481434827542
Nc = 7.0, CEP = 4.71238898038469: 
	cutoff_freq(-3 dB) = [119.99296144516494, 447.47375205592755, 622.463487496793], 
	FR_angle_RSS = 0.0003064114351645956,
	Group Delay = -0.00795366848829237
Nc = 7.0, CEP = 5.105088062083414: 
	cutoff_freq(-3 dB) = [119.99296144516494, 447.47375205592755, 627.4631942236749], 
	FR_angle_RSS = 0.001575525003903714,
	Group Delay = 1.532532260142016
Nc = 7.0, CEP = 5.497787143782138: 
	cutoff_freq(-3 dB) = [122.49281480860586, 447.47375205592755, 632.4629009505568], 
	FR_angle_RSS = 0.009210299003643152,
	Group Delay = 3.3251623738803966
Nc = 7.0, CEP = 5.890486225480862: 
	cutoff_freq(-3 dB) = [124.99266817204679, 449.9736054193685, 639.9624610408796], 
	FR_angle_RSS = 0.029055704422755752,
	Group Delay = 5.79396875471267
Nc = 7.0, CEP = 6.283185307179586: 
	cutoff_freq(-3 dB) = [139.9917883526924, 454.9733121462503, 652.4617278580843, 912.4464776559416], 
	FR_angle_RSS = 0.09342577046536794,
	Group Delay = 11.278357386739565
Nc = 7.5, CEP = 0.0: 
	cutoff_freq(-3 dB) = [111.28292758451568, 430.6165458705172, 561.253026078427, 895.101808831974], 
	FR_angle_RSS = 0.004309628672544812,
	Group Delay = 0.7414549475938469
Nc = 7.5, CEP = 0.39269908169872414: 
	cutoff_freq(-3 dB) = [108.86373350659143, 430.6165458705172, 558.8338320005026, 885.4250325202769], 
	FR_angle_RSS = 0.03304363332076075,
	Group Delay = 1.3494928450435664
Nc = 7.5, CEP = 0.7853981633974483: 
	cutoff_freq(-3 dB) = [101.60615127281866, 416.10138140297164, 609.6369076369119, 873.3290621306558], 
	FR_angle_RSS = 0.15713401861592127,
	Group Delay = 2.341717697444522
Nc = 7.5, CEP = 1.1780972450961724: 
	cutoff_freq(-3 dB) = [111.28292758451568, 430.6165458705172, 590.283355013518, 885.4250325202769], 
	FR_angle_RSS = 0.04279667679076383,
	Group Delay = -0.3448957230985003
Nc = 7.5, CEP = 1.5707963267948966: 
	cutoff_freq(-3 dB) = [111.28292758451568, 428.19735179259294, 568.5106083121997, 885.4250325202769], 
	FR_angle_RSS = 0.043758309444869456,
	Group Delay = -0.20402984419202524
Nc = 7.5, CEP = 1.9634954084936207: 
	cutoff_freq(-3 dB) = [108.86373350659143, 416.10138140297164, 558.8338320005026, 878.1674502865042], 
	FR_angle_RSS = 0.24538116297002222,
	Group Delay = -0.6773771147417118
Nc = 7.5, CEP = 2.356194490192345: 
	cutoff_freq(-3 dB) = [99.18695719489442, 355.6215294548653, 631.4096543382303, 870.9098680527314], 
	FR_angle_RSS = 0.6243531649313458,
	Group Delay = -3.1590224751600022
Nc = 7.5, CEP = 2.748893571891069: 
	cutoff_freq(-3 dB) = [108.86373350659143, 425.7781577146687, 597.5409372472907, 885.4250325202769], 
	FR_angle_RSS = 0.023083634222061042,
	Group Delay = -0.5399977448331574
Nc = 7.5, CEP = 3.141592653589793: 
	cutoff_freq(-3 dB) = [108.86373350659143, 430.6165458705172, 587.8641609355938, 895.101808831974], 
	FR_angle_RSS = 0.0036558957166402855,
	Group Delay = -0.4254891721356407
Nc = 7.5, CEP = 3.5342917352885173: 
	cutoff_freq(-3 dB) = [111.28292758451568, 430.6165458705172, 583.0257727797452], 
	FR_angle_RSS = 0.0013997307476955676,
	Group Delay = -0.2955318417204947
Nc = 7.5, CEP = 3.9269908169872414: 
	cutoff_freq(-3 dB) = [111.28292758451568, 430.6165458705172, 580.6065787018209], 
	FR_angle_RSS = 0.0007494945011792105,
	Group Delay = -0.166261868944661
Nc = 7.5, CEP = 4.319689898685965: 
	cutoff_freq(-3 dB) = [111.28292758451568, 430.6165458705172, 575.7681905459725], 
	FR_angle_RSS = 0.0004807611647368317,
	Group Delay = -0.030495780474657282
Nc = 7.5, CEP = 4.71238898038469: 
	cutoff_freq(-3 dB) = [111.28292758451568, 430.6165458705172, 573.3489964680482], 
	FR_angle_RSS = 0.00037605634775427876,
	Group Delay = 0.10996302311394714
Nc = 7.5, CEP = 5.105088062083414: 
	cutoff_freq(-3 dB) = [111.28292758451568, 430.6165458705172, 570.9298023901239], 
	FR_angle_RSS = 0.00039114708156216425,
	Group Delay = 0.2493758262834917
Nc = 7.5, CEP = 5.497787143782138: 
	cutoff_freq(-3 dB) = [111.28292758451568, 430.6165458705172, 568.5106083121997], 
	FR_angle_RSS = 0.0005728024925951769,
	Group Delay = 0.3848965646676474
Nc = 7.5, CEP = 5.890486225480862: 
	cutoff_freq(-3 dB) = [111.28292758451568, 430.6165458705172, 566.0914142342755, 907.1977792215952], 
	FR_angle_RSS = 0.0012274909711560507,
	Group Delay = 0.5281189791137606
Nc = 7.5, CEP = 6.283185307179586: 
	cutoff_freq(-3 dB) = [111.28292758451568, 430.6165458705172, 561.253026078427, 895.101808831974], 
	FR_angle_RSS = 0.004309628672649392,
	Group Delay = 0.7414549476014118
Nc = 8.0, CEP = 0.0: 
	cutoff_freq(-3 dB) = [124.20958839817617, 431.2181936842342, 616.3607877117043, 890.5593130435273], 
	FR_angle_RSS = 0.04379816700915921,
	Group Delay = 2.4436462870722107
Nc = 8.0, CEP = 0.39269908169872414: 
	cutoff_freq(-3 dB) = [126.55316553776441, 433.5617708238224, 621.0479419908809, 885.8721587643508], 
	FR_angle_RSS = 0.06726254826412253,
	Group Delay = 3.089207217503465
Nc = 8.0, CEP = 0.7853981633974483: 
	cutoff_freq(-3 dB) = [131.24031981694085, 442.9360793821754, 625.7350962700574, 878.8414273455861], 
	FR_angle_RSS = 0.0746966482695851,
	Group Delay = 3.6249690331395508
Nc = 8.0, CEP = 1.1780972450961724: 
	cutoff_freq(-3 dB) = [135.92747409611732, 456.9975422197048, 628.0786734096456, 871.8106959268215], 
	FR_angle_RSS = 0.06522150930990733,
	Group Delay = 5.738379464430646
Nc = 8.0, CEP = 1.5707963267948966: 
	cutoff_freq(-3 dB) = [110.14812556064679, 428.8746165446461, 632.765827688822, 855.4056559497038], 
	FR_angle_RSS = 0.07223128389115484,
	Group Delay = 6.050165945866859
Nc = 8.0, CEP = 1.9634954084936207: 
	cutoff_freq(-3 dB) = [147.64535979405846, 452.3103879405283, 621.0479419908809, 864.7799645080568], 
	FR_angle_RSS = 4.116914793771514,
	Group Delay = -2.6193096449596815
Nc = 8.0, CEP = 2.356194490192345: 
	cutoff_freq(-3 dB) = [133.5838969565291, 440.59250224258716, 614.0172105721161, 876.4978502059979], 
	FR_angle_RSS = 1.209202764065278,
	Group Delay = -4.535431341094222
Nc = 8.0, CEP = 2.748893571891069: 
	cutoff_freq(-3 dB) = [126.55316553776441, 435.90534796341075, 606.9864791533515, 883.5285816247625], 
	FR_angle_RSS = 0.3929316385664934,
	Group Delay = -1.008087086836464
Nc = 8.0, CEP = 3.141592653589793: 
	cutoff_freq(-3 dB) = [124.20958839817617, 431.2181936842342, 602.299324874175, 888.2157359039389], 
	FR_angle_RSS = 0.168520205330508,
	Group Delay = -1.1648233751979886
Nc = 8.0, CEP = 3.5342917352885173: 
	cutoff_freq(-3 dB) = [124.20958839817617, 428.8746165446461, 599.9557477345868, 890.5593130435273], 
	FR_angle_RSS = 0.07683823022791436,
	Group Delay = -0.9472991067460653
Nc = 8.0, CEP = 3.9269908169872414: 
	cutoff_freq(-3 dB) = [124.20958839817617, 428.8746165446461, 599.9557477345868, 895.2464673227037], 
	FR_angle_RSS = 0.03290575634763121,
	Group Delay = -0.5923926561715673
Nc = 8.0, CEP = 4.319689898685965: 
	cutoff_freq(-3 dB) = [124.20958839817617, 428.8746165446461, 602.299324874175, 895.2464673227037], 
	FR_angle_RSS = 0.01104141603036622,
	Group Delay = -0.1757518892205642
Nc = 8.0, CEP = 4.71238898038469: 
	cutoff_freq(-3 dB) = [121.86601125858795, 428.8746165446461, 604.6429020137633, 897.590044462292], 
	FR_angle_RSS = 0.001770981762033682,
	Group Delay = 0.277251261593822
Nc = 8.0, CEP = 5.105088062083414: 
	cutoff_freq(-3 dB) = [121.86601125858795, 428.8746165446461, 609.3300562929397, 895.2464673227037], 
	FR_angle_RSS = 0.001307225505588762,
	Group Delay = 0.7599319861405036
Nc = 8.0, CEP = 5.497787143782138: 
	cutoff_freq(-3 dB) = [124.20958839817617, 428.8746165446461, 611.6736334325279, 895.2464673227037], 
	FR_angle_RSS = 0.008311359103745457,
	Group Delay = 1.2752729585086933
Nc = 8.0, CEP = 5.890486225480862: 
	cutoff_freq(-3 dB) = [124.20958839817617, 428.8746165446461, 614.0172105721161, 892.9028901831156], 
	FR_angle_RSS = 0.022600376478807412,
	Group Delay = 1.8330878920931404
Nc = 8.0, CEP = 6.283185307179586: 
	cutoff_freq(-3 dB) = [124.20958839817617, 431.2181936842342, 616.3607877117043, 890.5593130435273], 
	FR_angle_RSS = 0.04379816700889179,
	Group Delay = 2.4436462870693467
Nc = 8.5, CEP = 0.0: 
	cutoff_freq(-3 dB) = [113.62720262774032, 415.8755616175296, 561.3183809810372, 893.109812654039], 
	FR_angle_RSS = 0.003214184731709765,
	Group Delay = 0.603529995273501
Nc = 8.5, CEP = 0.39269908169872414: 
	cutoff_freq(-3 dB) = [113.62720262774032, 415.8755616175296, 561.3183809810372, 890.8372686014841], 
	FR_angle_RSS = 0.003930599544856,
	Group Delay = 0.6465710087642429
Nc = 8.5, CEP = 0.7853981633974483: 
	cutoff_freq(-3 dB) = [113.62720262774032, 415.8755616175296, 561.3183809810372, 886.2921804963745], 
	FR_angle_RSS = 0.004704713265814022,
	Group Delay = 0.6731745493757086
Nc = 8.5, CEP = 1.1780972450961724: 
	cutoff_freq(-3 dB) = [113.62720262774032, 415.8755616175296, 563.590925033592, 884.0196364438198], 
	FR_angle_RSS = 0.005334380831598076,
	Group Delay = 0.6738982713882113
Nc = 8.5, CEP = 1.5707963267948966: 
	cutoff_freq(-3 dB) = [113.62720262774032, 415.8755616175296, 565.8634690861469, 884.0196364438198], 
	FR_angle_RSS = 0.005640944159035731,
	Group Delay = 0.646849578427949
Nc = 8.5, CEP = 1.9634954084936207: 
	cutoff_freq(-3 dB) = [113.62720262774032, 415.8755616175296, 568.1360131387016, 884.0196364438198], 
	FR_angle_RSS = 0.005568603700477984,
	Group Delay = 0.6001148254401991
Nc = 8.5, CEP = 2.356194490192345: 
	cutoff_freq(-3 dB) = [113.62720262774032, 415.8755616175296, 568.1360131387016, 886.2921804963745], 
	FR_angle_RSS = 0.0051631064914304465,
	Group Delay = 0.5451638025820151
Nc = 8.5, CEP = 2.748893571891069: 
	cutoff_freq(-3 dB) = [113.62720262774032, 415.8755616175296, 568.1360131387016, 888.5647245489293], 
	FR_angle_RSS = 0.004542851360365462,
	Group Delay = 0.492293055510733
Nc = 8.5, CEP = 3.141592653589793: 
	cutoff_freq(-3 dB) = [113.62720262774032, 413.60301756497483, 568.1360131387016, 890.8372686014841], 
	FR_angle_RSS = 0.003863193476894357,
	Group Delay = 0.44965699124775577
Nc = 8.5, CEP = 3.5342917352885173: 
	cutoff_freq(-3 dB) = [113.62720262774032, 413.60301756497483, 568.1360131387016, 895.3823567065937], 
	FR_angle_RSS = 0.003245308241180065,
	Group Delay = 0.4219602662952596
Nc = 8.5, CEP = 3.9269908169872414: 
	cutoff_freq(-3 dB) = [113.62720262774032, 413.60301756497483, 568.1360131387016, 897.6549007591486], 
	FR_angle_RSS = 0.002752251194358045,
	Group Delay = 0.4107567038263839
Nc = 8.5, CEP = 4.319689898685965: 
	cutoff_freq(-3 dB) = [115.89974668029514, 413.60301756497483, 565.8634690861469, 897.6549007591486], 
	FR_angle_RSS = 0.0024078168517469045,
	Group Delay = 0.4154885728885421
Nc = 8.5, CEP = 4.71238898038469: 
	cutoff_freq(-3 dB) = [115.89974668029514, 413.60301756497483, 563.590925033592, 899.9274448117034], 
	FR_angle_RSS = 0.002218904338870874,
	Group Delay = 0.43449486562604195
Nc = 8.5, CEP = 5.105088062083414: 
	cutoff_freq(-3 dB) = [115.89974668029514, 413.60301756497483, 563.590925033592, 897.6549007591486], 
	FR_angle_RSS = 0.002191409660706581,
	Group Delay = 0.46576313109945944
Nc = 8.5, CEP = 5.497787143782138: 
	cutoff_freq(-3 dB) = [113.62720262774032, 413.60301756497483, 561.3183809810372, 897.6549007591486], 
	FR_angle_RSS = 0.0023369190964800954,
	Group Delay = 0.5068183329629354
Nc = 8.5, CEP = 5.890486225480862: 
	cutoff_freq(-3 dB) = [113.62720262774032, 415.8755616175296, 561.3183809810372, 895.3823567065937], 
	FR_angle_RSS = 0.002673437811078742,
	Group Delay = 0.5543682519011319
Nc = 8.5, CEP = 6.283185307179586: 
	cutoff_freq(-3 dB) = [113.62720262774032, 415.8755616175296, 561.3183809810372, 893.109812654039], 
	FR_angle_RSS = 0.0032141847315601893,
	Group Delay = 0.6035299952698968
Nc = 9.0, CEP = 0.0: 
	cutoff_freq(-3 dB) = [112.49020392994751, 423.4925324421553, 588.9193029273722, 855.8078259768555, 882.2761092544902, 897.7159411664437], 
	FR_angle_RSS = 0.0015663192759660135,
	Group Delay = 0.3234320407094278
Nc = 9.0, CEP = 0.39269908169872414: 
	cutoff_freq(-3 dB) = [112.49020392994751, 423.4925324421553, 588.9193029273722, 855.8078259768555, 882.2761092544902, 893.3045606201714], 
	FR_angle_RSS = 0.0016815256193538977,
	Group Delay = 0.3551408906131708
Nc = 9.0, CEP = 0.7853981633974483: 
	cutoff_freq(-3 dB) = [112.49020392994751, 423.4925324421553, 588.9193029273722, 858.0135162499917, 877.8647287082177, 897.7159411664437], 
	FR_angle_RSS = 0.001724137647495268,
	Group Delay = 0.4533540674121521
Nc = 9.0, CEP = 1.1780972450961724: 
	cutoff_freq(-3 dB) = [110.28451365681127, 423.4925324421553, 586.713612654236, 858.0135162499917, 877.8647287082177, 899.9216314395801], 
	FR_angle_RSS = 0.0028789376888665634,
	Group Delay = 0.6179681726251621
Nc = 9.0, CEP = 1.5707963267948966: 
	cutoff_freq(-3 dB) = [110.28451365681127, 423.4925324421553, 584.5079223810998, 860.2192065231278, 869.0419676156729, 906.5387022589888], 
	FR_angle_RSS = 0.007004848090510458,
	Group Delay = 0.8346095182863355
Nc = 9.0, CEP = 1.9634954084936207: 
	cutoff_freq(-3 dB) = [112.49020392994751, 423.4925324421553, 582.3022321079636], 
	FR_angle_RSS = 0.01461839516069266,
	Group Delay = 1.0634312350666997
Nc = 9.0, CEP = 2.356194490192345: 
	cutoff_freq(-3 dB) = [112.49020392994751, 423.4925324421553, 582.3022321079636], 
	FR_angle_RSS = 0.022832420606976104,
	Group Delay = 1.2410320582428287
Nc = 9.0, CEP = 2.748893571891069: 
	cutoff_freq(-3 dB) = [112.49020392994751, 423.4925324421553, 582.3022321079636, 860.2192065231278, 875.6590384350816, 906.5387022589888], 
	FR_angle_RSS = 0.027431116060093994,
	Group Delay = 1.320407839352905
Nc = 9.0, CEP = 3.141592653589793: 
	cutoff_freq(-3 dB) = [112.49020392994751, 423.4925324421553, 582.3022321079636, 858.0135162499917, 880.070418981354, 906.5387022589888], 
	FR_angle_RSS = 0.026725015501120337,
	Group Delay = 1.2968287268094798
Nc = 9.0, CEP = 3.5342917352885173: 
	cutoff_freq(-3 dB) = [112.49020392994751, 423.4925324421553, 582.3022321079636, 858.0135162499917, 882.2761092544902, 904.3330119858524], 
	FR_angle_RSS = 0.024841575719471896,
	Group Delay = -0.15465842682193534
Nc = 9.0, CEP = 3.9269908169872414: 
	cutoff_freq(-3 dB) = [112.49020392994751, 423.4925324421553, 582.3022321079636, 858.0135162499917, 880.070418981354, 910.9500828052611], 
	FR_angle_RSS = 0.017276669904092705,
	Group Delay = 0.02081912217431993
Nc = 9.0, CEP = 4.319689898685965: 
	cutoff_freq(-3 dB) = [112.49020392994751, 423.4925324421553, 582.3022321079636, 855.8078259768555, 880.070418981354], 
	FR_angle_RSS = 0.010197421729089311,
	Group Delay = 0.2602610242994245
Nc = 9.0, CEP = 4.71238898038469: 
	cutoff_freq(-3 dB) = [112.49020392994751, 423.4925324421553, 584.5079223810998, 855.8078259768555, 880.070418981354, 910.9500828052611], 
	FR_angle_RSS = 0.005093801564145604,
	Group Delay = 0.5369650515844938
Nc = 9.0, CEP = 5.105088062083414: 
	cutoff_freq(-3 dB) = [112.49020392994751, 423.4925324421553, 586.713612654236, 855.8078259768555, 880.070418981354, 908.744392532125], 
	FR_angle_RSS = 0.002454661654073887,
	Group Delay = 0.8250806691421237
Nc = 9.0, CEP = 5.497787143782138: 
	cutoff_freq(-3 dB) = [112.49020392994751, 423.4925324421553, 586.713612654236, 855.8078259768555, 882.2761092544902, 902.1273217127163], 
	FR_angle_RSS = 0.0012712672053547022,
	Group Delay = 0.43338483952524876
Nc = 9.0, CEP = 5.890486225480862: 
	cutoff_freq(-3 dB) = [112.49020392994751, 423.4925324421553, 588.9193029273722, 855.8078259768555, 882.2761092544902, 897.7159411664437], 
	FR_angle_RSS = 0.001253380604576595,
	Group Delay = 0.3525772616029268
Nc = 9.0, CEP = 6.283185307179586: 
	cutoff_freq(-3 dB) = [112.49020392994751, 423.4925324421553, 588.9193029273722, 855.8078259768555, 882.2761092544902, 897.7159411664437], 
	FR_angle_RSS = 0.0015663192759463116,
	Group Delay = 0.3234320407039964
Nc = 9.5, CEP = 0.0: 
	cutoff_freq(-3 dB) = [104.99021753837638, 411.3902401503728, 548.520320200497, 861.348315314843], 
	FR_angle_RSS = 0.004210368642754577,
	Group Delay = 0.6699455564252478
Nc = 9.5, CEP = 0.39269908169872414: 
	cutoff_freq(-3 dB) = [104.99021753837638, 411.3902401503728, 550.6629777012803, 861.348315314843], 
	FR_angle_RSS = 0.004138614724570036,
	Group Delay = 0.6552396623352711
Nc = 9.5, CEP = 0.7853981633974483: 
	cutoff_freq(-3 dB) = [104.99021753837638, 411.3902401503728, 550.6629777012803, 859.2056578140598], 
	FR_angle_RSS = 0.00409261669356946,
	Group Delay = 0.6335179700181726
Nc = 9.5, CEP = 1.1780972450961724: 
	cutoff_freq(-3 dB) = [104.99021753837638, 411.3902401503728, 550.6629777012803, 859.2056578140598], 
	FR_angle_RSS = 0.004079095053564433,
	Group Delay = 0.6073700327371931
Nc = 9.5, CEP = 1.5707963267948966: 
	cutoff_freq(-3 dB) = [104.99021753837638, 411.3902401503728, 550.6629777012803, 859.2056578140598], 
	FR_angle_RSS = 0.004100950751894071,
	Group Delay = 0.5803527240827595
Nc = 9.5, CEP = 1.9634954084936207: 
	cutoff_freq(-3 dB) = [104.99021753837638, 411.3902401503728, 550.6629777012803, 859.2056578140598], 
	FR_angle_RSS = 0.004152346164830266,
	Group Delay = 0.5565926594782182
Nc = 9.5, CEP = 2.356194490192345: 
	cutoff_freq(-3 dB) = [104.99021753837638, 411.3902401503728, 550.6629777012803, 859.2056578140598], 
	FR_angle_RSS = 0.004223457975039213,
	Group Delay = 0.5402626921277258
Nc = 9.5, CEP = 2.748893571891069: 
	cutoff_freq(-3 dB) = [104.99021753837638, 411.3902401503728, 550.6629777012803, 861.348315314843], 
	FR_angle_RSS = 0.0043038636083790075,
	Group Delay = 0.5345537233275326
Nc = 9.5, CEP = 3.141592653589793: 
	cutoff_freq(-3 dB) = [104.99021753837638, 411.3902401503728, 550.6629777012803, 861.348315314843], 
	FR_angle_RSS = 0.004380774488080143,
	Group Delay = 0.5407450648540816
Nc = 9.5, CEP = 3.5342917352885173: 
	cutoff_freq(-3 dB) = [104.99021753837638, 411.3902401503728, 550.6629777012803, 861.348315314843], 
	FR_angle_RSS = 0.004445344991531205,
	Group Delay = 0.557883770843594
Nc = 9.5, CEP = 3.9269908169872414: 
	cutoff_freq(-3 dB) = [104.99021753837638, 411.3902401503728, 548.520320200497, 861.348315314843], 
	FR_angle_RSS = 0.004489520605160703,
	Group Delay = 0.5828134665283594
Nc = 9.5, CEP = 4.319689898685965: 
	cutoff_freq(-3 dB) = [104.99021753837638, 411.3902401503728, 548.520320200497, 863.4909728156263], 
	FR_angle_RSS = 0.00450560567204722,
	Group Delay = 0.6110444654343823
Nc = 9.5, CEP = 4.71238898038469: 
	cutoff_freq(-3 dB) = [104.99021753837638, 411.3902401503728, 548.520320200497, 863.4909728156263], 
	FR_angle_RSS = 0.004491863267397164,
	Group Delay = 0.6378695341131174
Nc = 9.5, CEP = 5.105088062083414: 
	cutoff_freq(-3 dB) = [104.99021753837638, 411.3902401503728, 548.520320200497, 863.4909728156263], 
	FR_angle_RSS = 0.004447595909659318,
	Group Delay = 0.6591966637116162
Nc = 9.5, CEP = 5.497787143782138: 
	cutoff_freq(-3 dB) = [104.99021753837638, 411.3902401503728, 548.520320200497, 861.348315314843], 
	FR_angle_RSS = 0.004378361503792724,
	Group Delay = 0.672325178376303
Nc = 9.5, CEP = 5.890486225480862: 
	cutoff_freq(-3 dB) = [104.99021753837638, 411.3902401503728, 548.520320200497, 861.348315314843], 
	FR_angle_RSS = 0.004295438401595236,
	Group Delay = 0.6759499032127445
Nc = 9.5, CEP = 6.283185307179586: 
	cutoff_freq(-3 dB) = [104.99021753837638, 411.3902401503728, 548.520320200497, 861.348315314843], 
	FR_angle_RSS = 0.004210368642572311,
	Group Delay = 0.6699455564238824
Nc = 10.0, CEP = 0.0: 
	cutoff_freq(-3 dB) = [102.07323545255076, 418.7085780808716, 568.6937403784971, 874.9134467361494], 
	FR_angle_RSS = 0.0062043109924466945,
	Group Delay = 0.8806823728327344
Nc = 10.0, CEP = 0.39269908169872414: 
	cutoff_freq(-3 dB) = [102.07323545255076, 418.7085780808716, 568.6937403784971, 881.1628284985505], 
	FR_angle_RSS = 0.0061267396621481895,
	Group Delay = 0.8694865043030252
Nc = 10.0, CEP = 0.7853981633974483: 
	cutoff_freq(-3 dB) = [102.07323545255076, 418.7085780808716, 568.6937403784971, 876.9965739902832], 
	FR_angle_RSS = 0.006148043768616851,
	Group Delay = 0.8575860729383352
Nc = 10.0, CEP = 1.1780972450961724: 
	cutoff_freq(-3 dB) = [102.07323545255076, 418.7085780808716, 568.6937403784971, 879.0797012444168], 
	FR_angle_RSS = 0.006268288869254913,
	Group Delay = 0.8461497075743074
Nc = 10.0, CEP = 1.5707963267948966: 
	cutoff_freq(-3 dB) = [102.07323545255076, 418.7085780808716, 568.6937403784971, 883.2459557526842, 914.4928645646894], 
	FR_angle_RSS = 0.006472624673228591,
	Group Delay = 0.8364276238357421
Nc = 10.0, CEP = 1.9634954084936207: 
	cutoff_freq(-3 dB) = [102.07323545255076, 418.7085780808716, 568.6937403784971, 879.0797012444168], 
	FR_angle_RSS = 0.0067368203227495226,
	Group Delay = 0.8299413579888143
Nc = 10.0, CEP = 2.356194490192345: 
	cutoff_freq(-3 dB) = [102.07323545255076, 418.7085780808716, 568.6937403784971, 883.2459557526842], 
	FR_angle_RSS = 0.007030083014653639,
	Group Delay = 0.8282653799377563
Nc = 10.0, CEP = 2.748893571891069: 
	cutoff_freq(-3 dB) = [102.07323545255076, 418.7085780808716, 568.6937403784971, 885.3290830068179], 
	FR_angle_RSS = 0.00730285292279373,
	Group Delay = 0.8322253349585953
Nc = 10.0, CEP = 3.141592653589793: 
	cutoff_freq(-3 dB) = [102.07323545255076, 418.7085780808716, 568.6937403784971, 879.0797012444168], 
	FR_angle_RSS = 0.0075083044541139005,
	Group Delay = 0.8415973002832111
Nc = 10.0, CEP = 3.5342917352885173: 
	cutoff_freq(-3 dB) = [104.15636270668445, 418.7085780808716, 568.6937403784971, 881.1628284985505, 910.3266100564222], 
	FR_angle_RSS = 0.007606756276142375,
	Group Delay = 0.8548890415957974
Nc = 10.0, CEP = 3.9269908169872414: 
	cutoff_freq(-3 dB) = [104.15636270668445, 418.7085780808716, 568.6937403784971, 879.0797012444168], 
	FR_angle_RSS = 0.007575905204212727,
	Group Delay = 0.8695528168676097
Nc = 10.0, CEP = 4.319689898685965: 
	cutoff_freq(-3 dB) = [104.15636270668445, 418.7085780808716, 568.6937403784971, 874.9134467361494], 
	FR_angle_RSS = 0.0074278462244304596,
	Group Delay = 0.882943311102558
Nc = 10.0, CEP = 4.71238898038469: 
	cutoff_freq(-3 dB) = [104.15636270668445, 418.7085780808716, 568.6937403784971, 881.1628284985505, 910.3266100564222], 
	FR_angle_RSS = 0.007190473912626834,
	Group Delay = 0.8925833354259098
Nc = 10.0, CEP = 5.105088062083414: 
	cutoff_freq(-3 dB) = [104.15636270668445, 418.7085780808716, 568.6937403784971, 874.9134467361494], 
	FR_angle_RSS = 0.006905163111791479,
	Group Delay = 0.8969852395463392
Nc = 10.0, CEP = 5.497787143782138: 
	cutoff_freq(-3 dB) = [104.15636270668445, 418.7085780808716, 568.6937403784971, 876.9965739902832], 
	FR_angle_RSS = 0.006621348285263882,
	Group Delay = 0.8958858197905664
Nc = 10.0, CEP = 5.890486225480862: 
	cutoff_freq(-3 dB) = [102.07323545255076, 418.7085780808716, 568.6937403784971, 876.9965739902832], 
	FR_angle_RSS = 0.006376143987880742,
	Group Delay = 0.8899676227564899
Nc = 10.0, CEP = 6.283185307179586: 
	cutoff_freq(-3 dB) = [102.07323545255076, 418.7085780808716, 568.6937403784971, 874.9134467361494], 
	FR_angle_RSS = 0.006204310992192609,
	Group Delay = 0.8806823728203017
