Number of Threads: 1
[ITP_1d]: energy_diff = -0.8235418994179267
[ITP_1d]: energy_diff = 0.6101586088220032
[ITP_1d]: energy_diff = -0.043637670161714326
[ITP_1d]: energy_diff = -0.03923094901434315
[ITP_1d]: energy_diff = -0.03532067194532168
[ITP_1d]: energy_diff = -0.0318320112462806
[ITP_1d]: energy_diff = -0.02871092515944601
[ITP_1d]: energy_diff = -0.02591360293145506
[ITP_1d]: energy_diff = -0.023402890155304
[ITP_1d]: energy_diff = -0.021146726075742417
[ITP_1d]: energy_diff = -0.019117228973792644
[ITP_1d]: energy_diff = -0.017290032807882383
[ITP_1d]: energy_diff = -0.015643755303610618
[ITP_1d]: energy_diff = -0.014159557644229492
[ITP_1d]: energy_diff = -0.012820778088549312
[ITP_1d]: energy_diff = -0.011612627628189043
[ITP_1d]: energy_diff = -0.010521937505728496
[ITP_1d]: energy_diff = -0.00953694946494632
[ITP_1d]: energy_diff = -0.008647140737993886
[ITP_1d]: energy_diff = -0.007843077009331512
[ITP_1d]: energy_diff = -0.0071162878158915754
[ITP_1d]: energy_diff = -0.006459159951272331
[ITP_1d]: energy_diff = -0.005864845390636253
[ITP_1d]: energy_diff = -0.005327181030646888
[ITP_1d]: energy_diff = -0.0048406181558656725
[ITP_1d]: energy_diff = -0.0044001600210181735
[ITP_1d]: energy_diff = -0.004001306301973595
[ITP_1d]: energy_diff = -0.003640003440905093
[ITP_1d]: energy_diff = -0.003312600113852926
[ITP_1d]: energy_diff = -0.0030158071990251667
[ITP_1d]: energy_diff = -0.0027466617351504796
[ITP_1d]: energy_diff = -0.002502494442198633
[ITP_1d]: energy_diff = -0.0022809004390088594
[ITP_1d]: energy_diff = -0.0020797128403974297
[ITP_1d]: energy_diff = -0.0018969789538544335
[ITP_1d]: energy_diff = -0.0017309388263302417
[ITP_1d]: energy_diff = -0.0015800059167799807
[ITP_1d]: energy_diff = -0.0014427496916313842
[ITP_1d]: energy_diff = -0.0013178799590302104
[ITP_1d]: energy_diff = -0.0012042327744963277
[ITP_1d]: energy_diff = -0.0011007577655265388
[ITP_1d]: energy_diff = -0.00100650673654068
[ITP_1d]: energy_diff = -0.0009206234280028092
[ITP_1d]: energy_diff = -0.0008423343151896523
[ITP_1d]: energy_diff = -0.0007709403426480188
[ITP_1d]: energy_diff = -0.000705809500176735
[ITP_1d]: energy_diff = -0.0006463701551554513
[ITP_1d]: energy_diff = -0.000592105064251891
[ITP_1d]: energy_diff = -0.0005425459950723077
[ITP_1d]: energy_diff = -0.0004972688952099569
[ITP_1d]: energy_diff = -0.00045588955234143747
[ITP_1d]: energy_diff = -0.000418059694807682
[ITP_1d]: energy_diff = -0.0003834634871179299
[ITP_1d]: energy_diff = -0.00035181437961451234
[ITP_1d]: energy_diff = -0.0003228522756439922
[ITP_1d]: energy_diff = -0.00029634098343955806
[ITP_1d]: energy_diff = -0.0002720659232466893
[ITP_1d]: energy_diff = -0.000249832063425548
[ITP_1d]: energy_diff = -0.00022946206182772322
[ITP_1d]: energy_diff = -0.0002107945914359144
[ITP_1d]: energy_diff = -0.00019368283129361785
[ITP_1d]: energy_diff = -0.00017799310580579597
[ITP_1d]: energy_diff = -0.00016360365728362858
[ITP_1d]: energy_diff = -0.00015040353815787277
[ITP_1d]: energy_diff = -0.000138291610733976
[ITP_1d]: energy_diff = -0.0001271756436009852
[ITP_1d]: energy_diff = -0.00011697149496048276
[ITP_1d]: energy_diff = -0.0001076023741868326
[ITP_1d]: energy_diff = -9.899817375846887e-5
[ITP_1d]: energy_diff = -9.109486458636074e-5
[ITP_1d]: energy_diff = -8.38339484477979e-5
[ITP_1d]: energy_diff = -7.71619618972208e-5
[ITP_1d]: energy_diff = -7.103002659258895e-5
[ITP_1d]: energy_diff = -6.539344149791848e-5
[ITP_1d]: energy_diff = -6.021131290856463e-5
[ITP_1d]: energy_diff = -5.544621859632226e-5
[ITP_1d]: energy_diff = -5.106390281839346e-5
[ITP_1d]: energy_diff = -4.7032999212714977e-5
[ITP_1d]: energy_diff = -4.332477892377007e-5
[ITP_1d]: energy_diff = -3.991292155036685e-5
[ITP_1d]: energy_diff = -3.6773306763659974e-5
[ITP_1d]: energy_diff = -3.388382464419859e-5
[ITP_1d]: energy_diff = -3.122420300449846e-5
[ITP_1d]: energy_diff = -2.8775850061668606e-5
[ITP_1d]: energy_diff = -2.652171109229773e-5
[ITP_1d]: energy_diff = -2.44461377441052e-5
[ITP_1d]: energy_diff = -2.2534768858717413e-5
[ITP_1d]: energy_diff = -2.077442171799504e-5
[ITP_1d]: energy_diff = -1.915299280574878e-5
[ITP_1d]: energy_diff = -1.7659367193223474e-5
[ITP_1d]: energy_diff = -1.6283335780520325e-5
[ITP_1d]: energy_diff = -1.5015519683747591e-5
[ITP_1d]: energy_diff = -1.3847301126523881e-5
[ITP_1d]: energy_diff = -1.277076024752688e-5
[ITP_1d]: energy_diff = -1.1778617330593377e-5
[ITP_1d]: energy_diff = -1.0864179925240691e-5
[ITP_1d]: energy_diff = -1.0021294484352516e-5
[ITP_1d]: energy_diff = -9.244302069499888e-6
[ITP_1d]: energy_diff = -8.527997815588328e-6
[ITP_1d]: energy_diff = -7.86759376947277e-6
[ITP_1d]: energy_diff = -7.258684895594669e-6
[ITP_1d]: energy_diff = -6.697217865614391e-6
[ITP_1d]: energy_diff = -6.1794625069167e-6
[ITP_1d]: energy_diff = -5.701985570816248e-6
[ITP_1d]: energy_diff = -5.261626727315338e-6
[ITP_1d]: energy_diff = -4.855476497755973e-6
[ITP_1d]: energy_diff = -4.4808560444309364e-6
[ITP_1d]: energy_diff = -4.135298605656423e-6
[ITP_1d]: energy_diff = -3.816532453182475e-6
[ITP_1d]: energy_diff = -3.522465258809504e-6
[ITP_1d]: energy_diff = -3.251169728657466e-6
[ITP_1d]: energy_diff = -3.000870408276235e-6
[ITP_1d]: energy_diff = -2.769931560564487e-6
[ITP_1d]: energy_diff = -2.5568460454428177e-6
[ITP_1d]: energy_diff = -2.3602250661669544e-6
[ITP_1d]: energy_diff = -2.1787887856117294e-6
[ITP_1d]: energy_diff = -2.0113576663094435e-6
[ITP_1d]: energy_diff = -1.8568445298017267e-6
[ITP_1d]: energy_diff = -1.714247237272204e-6
[ITP_1d]: energy_diff = -1.5826419825781812e-6
[ITP_1d]: energy_diff = -1.4611770932093648e-6
[ITP_1d]: energy_diff = -1.3490673478333548e-6
[ITP_1d]: energy_diff = -1.2455887477003103e-6
[ITP_1d]: energy_diff = -1.1500736847303017e-6
[ITP_1d]: energy_diff = -1.0619065283767881e-6
[ITP_1d]: energy_diff = -9.805195240186748e-7
[ITP_1d]: energy_diff = -9.053890563937017e-7
[ITP_1d]: energy_diff = -8.360321828160266e-7
[ITP_1d]: energy_diff = -7.720034412850296e-7
[ITP_1d]: energy_diff = -7.128919314869364e-7
[ITP_1d]: energy_diff = -6.583186112907313e-7
[ITP_1d]: energy_diff = -6.079337988573741e-7
[ITP_1d]: energy_diff = -5.614148929078411e-7
[ITP_1d]: energy_diff = -5.184642632993786e-7
[ITP_1d]: energy_diff = -4.788072923700426e-7
[ITP_1d]: energy_diff = -4.421905980267482e-7
[ITP_1d]: energy_diff = -4.0838037407286976e-7
[ITP_1d]: energy_diff = -3.77160872755411e-7
[ITP_1d]: energy_diff = -3.4833299678016516e-7
[ITP_1d]: energy_diff = -3.2171301067585034e-7
[ITP_1d]: energy_diff = -2.971313532995623e-7
[ITP_1d]: energy_diff = -2.74431527280683e-7
[ITP_1d]: energy_diff = -2.534691041500281e-7
[ITP_1d]: energy_diff = -2.3411076377488627e-7
[ITP_1d]: energy_diff = -2.1623346946331168e-7
[ITP_1d]: energy_diff = -1.9972363518583336e-7
[ITP_1d]: energy_diff = -1.8447643057584173e-7
[ITP_1d]: energy_diff = -1.703950720521874e-7
[ITP_1d]: energy_diff = -1.5739022751759535e-7
[ITP_1d]: energy_diff = -1.4537942505388202e-7
[ITP_1d]: energy_diff = -1.3428652700930854e-7
[ITP_1d]: energy_diff = -1.2404125060427873e-7
[ITP_1d]: energy_diff = -1.1457870052744568e-7
[ITP_1d]: energy_diff = -1.0583896958848982e-7
[ITP_1d]: energy_diff = -9.776674170236532e-8
[ITP_1d]: energy_diff = -9.031094871936318e-8
[ITP_1d]: energy_diff = -8.342443569286928e-8
[ITP_1d]: energy_diff = -7.706366711435209e-8
[ITP_1d]: energy_diff = -7.118843481368486e-8
[ITP_1d]: energy_diff = -6.576162825400189e-8
[ITP_1d]: energy_diff = -6.074896108376748e-8
[ITP_1d]: energy_diff = -5.611878817202154e-8
[ITP_1d]: energy_diff = -5.1841880344127844e-8
[ITP_1d]: energy_diff = -4.789124796733546e-8
[ITP_1d]: energy_diff = -4.4241963981228594e-8
[ITP_1d]: energy_diff = -4.087101668215354e-8
[ITP_1d]: energy_diff = -3.775714607634484e-8
[ITP_1d]: energy_diff = -3.488072752855231e-8
[ITP_1d]: energy_diff = -3.2223626655891735e-8
[ITP_1d]: energy_diff = -2.976910640217767e-8
[ITP_1d]: energy_diff = -2.7501702137833206e-8
[ITP_1d]: energy_diff = -2.5407134618404825e-8
[ITP_1d]: energy_diff = -2.3472213173114653e-8
[ITP_1d]: energy_diff = -2.168476131991781e-8
[ITP_1d]: energy_diff = -2.0033524283924464e-8
[ITP_1d]: energy_diff = -1.8508114152382404e-8
[ITP_1d]: energy_diff = -1.7098933935422167e-8
[ITP_1d]: energy_diff = -1.579711628174607e-8
[ITP_1d]: energy_diff = -1.4594475961082765e-8
[ITP_1d]: energy_diff = -1.348345324281297e-8
[ITP_1d]: energy_diff = -1.2457058606862859e-8
[ITP_1d]: energy_diff = -1.1508842767682381e-8
[ITP_1d]: energy_diff = -1.0632844271718511e-8
[ITP_1d]: energy_diff = -9.823563407174163e-9
[ITP_1d]: energy_diff = -9.075908691258405e-9
[ITP_1d]: energy_diff = -8.38518776635766e-9
[ITP_1d]: energy_diff = -7.747063435203927e-9
[ITP_1d]: energy_diff = -7.1575224636077905e-9
[ITP_1d]: energy_diff = -6.612868475031064e-9
[ITP_1d]: energy_diff = -6.109681316424087e-9
[ITP_1d]: energy_diff = -5.644796852166678e-9
[ITP_1d]: energy_diff = -5.215305076688992e-9
[ITP_1d]: energy_diff = -4.818504484305208e-9
[ITP_1d]: energy_diff = -4.451906843172537e-9
[ITP_1d]: energy_diff = -4.113210660960931e-9
[ITP_1d]: energy_diff = -3.800294634537238e-9
[ITP_1d]: energy_diff = -3.511193003014057e-9
[ITP_1d]: energy_diff = -3.244091995036058e-9
[ITP_1d]: energy_diff = -2.9973179493936186e-9
[ITP_1d]: energy_diff = -2.7693211057666645e-9
[ITP_1d]: energy_diff = -2.5586747165462498e-9
[ITP_1d]: energy_diff = -2.364056284065441e-9
[ITP_1d]: energy_diff = -2.184245784242478e-9
[ITP_1d]: energy_diff = -2.018116007640458e-9
[ITP_1d]: energy_diff = -1.8646267863076105e-9
[ITP_1d]: energy_diff = -1.722812892346326e-9
[ITP_1d]: energy_diff = -1.5917895890282807e-9
[ITP_1d]: energy_diff = -1.4707322026907832e-9
[ITP_1d]: energy_diff = -1.3588853375878784e-9
[ITP_1d]: energy_diff = -1.255546999701096e-9
[ITP_1d]: energy_diff = -1.1600673754941226e-9
[ITP_1d]: energy_diff = -1.0718522736041791e-9
[ITP_1d]: energy_diff = -9.90345694340533e-10
[ITP_1d]: energy_diff = -9.15040043736326e-10
[ITP_1d]: energy_diff = -8.454604794039255e-10
[ITP_1d]: energy_diff = -7.811741253860305e-10
[ITP_1d]: energy_diff = -7.2177608334556e-10
[ITP_1d]: energy_diff = -6.668960939038016e-10
[ITP_1d]: energy_diff = -6.161906540569362e-10
[ITP_1d]: energy_diff = -5.693399085515694e-10
[ITP_1d]: energy_diff = -5.260515356653173e-10
[ITP_1d]: energy_diff = -4.860570834708255e-10
[ITP_1d]: energy_diff = -4.491029770292698e-10
[ITP_1d]: energy_diff = -4.1495862301843545e-10
[ITP_1d]: energy_diff = -3.834117467960141e-10
[ITP_1d]: energy_diff = -3.542622861729683e-10
[ITP_1d]: energy_diff = -3.2733016297470385e-10
[ITP_1d]: energy_diff = -3.0244551307845313e-10
[ITP_1d]: energy_diff = -2.794526832161637e-10
[ITP_1d]: energy_diff = -2.5820845461765884e-10
[ITP_1d]: energy_diff = -2.3857893438616884e-10
[ITP_1d]: energy_diff = -2.2044455150194153e-10
[ITP_1d]: energy_diff = -2.0368606801213218e-10
[ITP_1d]: energy_diff = -1.8820178748768512e-10
[ITP_1d]: energy_diff = -1.7389456541394566e-10
[ITP_1d]: energy_diff = -1.6067769337269056e-10
[ITP_1d]: energy_diff = -1.484635747672769e-10
[ITP_1d]: energy_diff = -1.3717760261044987e-10
[ITP_1d]: energy_diff = -1.2675116511928763e-10
[ITP_1d]: energy_diff = -1.1711609460007821e-10
[ITP_1d]: energy_diff = -1.0821310514330662e-10
[ITP_1d]: energy_diff = -9.998923911069824e-11
mid_Et = -0.002430408231037894, tau = 100
[TDSE_1d]: tdse process starts. 1d with laser in dipole approximation.
[FD_1d]:step 200, energy = -0.6697806643782316, norm = 1.0000000000000058 + 0.0im
[FD_1d]:step 400, energy = -0.6697806643782345, norm = 1.0000000000000102 + 0.0im
[FD_1d]:step 600, energy = -0.6697806643782401, norm = 1.000000000000017 + 0.0im
[FD_1d]:step 800, energy = -0.6697806643782418, norm = 1.0000000000000213 + 0.0im
[FD_1d]:step 1000, energy = -0.6697806643782456, norm = 1.0000000000000266 + 0.0im
[FD_1d]:step 1200, energy = -0.6697806643782483, norm = 1.0000000000000309 + 0.0im
[FD_1d]:step 1400, energy = -0.6697806643782502, norm = 1.0000000000000338 + 0.0im
[FD_1d]:step 1600, energy = -0.6697806643782549, norm = 1.000000000000039 + 0.0im
[FD_1d]:step 1800, energy = -0.6697806643782558, norm = 1.000000000000043 + 0.0im
[FD_1d]:step 2000, energy = -0.6697806643782606, norm = 1.0000000000000488 + 0.0im
[FD_1d]:step 2200, energy = -0.6697806643782648, norm = 1.0000000000000548 + 0.0im
[FD_1d]:step 2400, energy = -0.6697806643782667, norm = 1.0000000000000582 + 0.0im
[FD_1d]:step 2600, energy = -0.6697806643782694, norm = 1.0000000000000622 + 0.0im
[FD_1d]:step 2800, energy = -0.6697806643782722, norm = 1.0000000000000657 + 0.0im
[FD_1d]:step 3000, energy = -0.6697806643782727, norm = 1.000000000000067 + 0.0im
[FD_1d]:step 3200, energy = -0.6697806643782758, norm = 1.0000000000000724 + 0.0im
[FD_1d]:step 3400, energy = -0.6697806643782791, norm = 1.0000000000000766 + 0.0im
[FD_1d]:step 3600, energy = -0.6697806643782822, norm = 1.0000000000000813 + 0.0im
[FD_1d]:step 3800, energy = -0.6697806643782849, norm = 1.0000000000000857 + 0.0im
[FD_1d]:step 4000, energy = -0.6697806643782879, norm = 1.0000000000000902 + 0.0im
[FD_1d]:step 4200, energy = -0.6697806643782898, norm = 1.0000000000000924 + 0.0im
[FD_1d]:step 4400, energy = -0.669780664378292, norm = 1.0000000000000968 + 0.0im
[FD_1d]:step 4600, energy = -0.6697806643782968, norm = 1.0000000000001021 + 0.0im
[FD_1d]:step 4800, energy = -0.6697806643782989, norm = 1.0000000000001048 + 0.0im
[FD_1d]:step 5000, energy = -0.6697806643783013, norm = 1.0000000000001092 + 0.0im
[FD_1d]:step 5200, energy = -0.6697806643783047, norm = 1.0000000000001144 + 0.0im
[FD_1d]:step 5400, energy = -0.6697806643783071, norm = 1.0000000000001183 + 0.0im
[FD_1d]:step 5600, energy = -0.6697806643783104, norm = 1.000000000000123 + 0.0im
[FD_1d]:step 5800, energy = -0.6697806643783135, norm = 1.0000000000001266 + 0.0im
[FD_1d]:step 6000, energy = -0.6697806643783182, norm = 1.000000000000133 + 0.0im
[FD_1d]:step 6200, energy = -0.6697806643783202, norm = 1.0000000000001388 + 0.0im
[FD_1d]:step 6400, energy = -0.669780664378324, norm = 1.0000000000001426 + 0.0im
[FD_1d]:step 6600, energy = -0.6697806643783257, norm = 1.0000000000001452 + 0.0im
[FD_1d]:step 6800, energy = -0.6697806643783284, norm = 1.0000000000001492 + 0.0im
[FD_1d]:step 7000, energy = -0.6697806643783315, norm = 1.0000000000001539 + 0.0im
[FD_1d]:step 7200, energy = -0.6697806643783338, norm = 1.000000000000158 + 0.0im
[FD_1d]:step 7400, energy = -0.6697806643783374, norm = 1.0000000000001639 + 0.0im
[FD_1d]:step 7600, energy = -0.6697806643783409, norm = 1.000000000000168 + 0.0im
[FD_1d]:step 7800, energy = -0.6697806643783428, norm = 1.0000000000001716 + 0.0im
[FD_1d]:step 8000, energy = -0.6697806643783473, norm = 1.000000000000177 + 0.0im
[FD_1d]:step 8200, energy = -0.6697806643783506, norm = 1.0000000000001823 + 0.0im
[FD_1d]:step 8400, energy = -0.6697806643783516, norm = 1.0000000000001839 + 0.0im
[FD_1d]:step 8600, energy = -0.6697806643783548, norm = 1.0000000000001887 + 0.0im
[FD_1d]:step 8800, energy = -0.6697806643783574, norm = 1.0000000000001918 + 0.0im
[FD_1d]:step 9000, energy = -0.6697806643783603, norm = 1.0000000000001974 + 0.0im
[FD_1d]:step 9200, energy = -0.6697806643783635, norm = 1.0000000000002016 + 0.0im
[FD_1d]:step 9400, energy = -0.6697806643783664, norm = 1.0000000000002058 + 0.0im
[FD_1d]:step 9600, energy = -0.6697806643783684, norm = 1.0000000000002087 + 0.0im
[FD_1d]:step 9800, energy = -0.6697806643783728, norm = 1.0000000000002138 + 0.0im
[FD_1d]:step 10000, energy = -0.669780664378374, norm = 1.0000000000002174 + 0.0im
[FD_1d]:step 10200, energy = -0.6697806643783748, norm = 1.000000000000219 + 0.0im
[FD_1d]:step 10400, energy = -0.6697806643783789, norm = 1.000000000000225 + 0.0im
[FD_1d]:step 10600, energy = -0.6697806643783835, norm = 1.000000000000231 + 0.0im
[FD_1d]:step 10800, energy = -0.6697806643783857, norm = 1.0000000000002338 + 0.0im
[FD_1d]:step 11000, energy = -0.6697806643783873, norm = 1.0000000000002376 + 0.0im
[FD_1d]:step 11200, energy = -0.6697806643783899, norm = 1.000000000000242 + 0.0im
[FD_1d]:step 11400, energy = -0.6697806643783933, norm = 1.0000000000002471 + 0.0im
[FD_1d]:step 11600, energy = -0.6697806643783972, norm = 1.0000000000002516 + 0.0im
[FD_1d]:step 11800, energy = -0.6697806643783983, norm = 1.0000000000002545 + 0.0im
[FD_1d]:step 12000, energy = -0.669780664378402, norm = 1.0000000000002598 + 0.0im
[FD_1d]:step 12200, energy = -0.6697806643784057, norm = 1.0000000000002651 + 0.0im
[FD_1d]:step 12400, energy = -0.6697806643784082, norm = 1.0000000000002687 + 0.0im
[FD_1d]:step 12600, energy = -0.6697806643784102, norm = 1.0000000000002718 + 0.0im
[FD_1d]:step 12800, energy = -0.6697806643784135, norm = 1.0000000000002776 + 0.0im
[FD_1d]:step 13000, energy = -0.6697806643784161, norm = 1.0000000000002807 + 0.0im
[FD_1d]:step 13200, energy = -0.6697806643784191, norm = 1.0000000000002855 + 0.0im
[FD_1d]:step 13400, energy = -0.669780664378423, norm = 1.00000000000029 + 0.0im
[FD_1d]:step 13600, energy = -0.6697806643784248, norm = 1.000000000000294 + 0.0im
[FD_1d]:step 13800, energy = -0.6697806643784272, norm = 1.0000000000002973 + 0.0im
[FD_1d]:step 14000, energy = -0.6697806643784301, norm = 1.000000000000302 + 0.0im
[FD_1d]:step 14200, energy = -0.669780661460419, norm = 1.0000000000003024 + 0.0im
[FD_1d]:step 14400, energy = -0.6697806642121639, norm = 1.0000000000003009 + 0.0im
[FD_1d]:step 14600, energy = -0.6697806604418919, norm = 1.0000000000003006 + 0.0im
[FD_1d]:step 14800, energy = -0.6697805314538752, norm = 1.0000000000002989 + 0.0im
[FD_1d]:step 15000, energy = -0.6697798959122213, norm = 1.000000000000298 + 0.0im
[FD_1d]:step 15200, energy = -0.6697792053306522, norm = 1.0000000000002982 + 0.0im
[FD_1d]:step 15400, energy = -0.669779194909405, norm = 1.0000000000002998 + 0.0im
[FD_1d]:step 15600, energy = -0.6697804473220909, norm = 1.0000000000003002 + 0.0im
[FD_1d]:step 15800, energy = -0.669779145573891, norm = 1.0000000000002973 + 0.0im
[FD_1d]:step 16000, energy = -0.6697721239863202, norm = 1.0000000000002984 + 0.0im
[FD_1d]:step 16200, energy = -0.6697621661740548, norm = 1.0000000000002967 + 0.0im
[FD_1d]:step 16400, energy = -0.6697617714712999, norm = 1.0000000000002984 + 0.0im
[FD_1d]:step 16600, energy = -0.6697734768887756, norm = 1.0000000000002969 + 0.0im
[FD_1d]:step 16800, energy = -0.669779100717286, norm = 1.000000000000298 + 0.0im
[FD_1d]:step 17000, energy = -0.6697547374354795, norm = 1.0000000000003006 + 0.0im
[FD_1d]:step 17200, energy = -0.6697084157575277, norm = 1.0000000000002989 + 0.0im
[FD_1d]:step 17400, energy = -0.6696871743370297, norm = 1.0000000000003004 + 0.0im
[FD_1d]:step 17600, energy = -0.6697217817653589, norm = 1.0000000000003009 + 0.0im
[FD_1d]:step 17800, energy = -0.6697733857552706, norm = 1.000000000000302 + 0.0im
[FD_1d]:step 18000, energy = -0.6697489699866814, norm = 1.000000000000302 + 0.0im
[FD_1d]:step 18200, energy = -0.6696264475494242, norm = 1.0000000000003042 + 0.0im
[FD_1d]:step 18400, energy = -0.6695103384871043, norm = 1.0000000000003015 + 0.0im
[FD_1d]:step 18600, energy = -0.669545289345763, norm = 1.000000000000302 + 0.0im
[FD_1d]:step 18800, energy = -0.6697007833032642, norm = 1.000000000000301 + 0.0im
[FD_1d]:step 19000, energy = -0.6697671866877262, norm = 1.0000000000003002 + 0.0im
[FD_1d]:step 19200, energy = -0.6695762478329768, norm = 1.000000000000302 + 0.0im
[FD_1d]:step 19400, energy = -0.6692601074529914, norm = 1.0000000000003015 + 0.0im
[FD_1d]:step 19600, energy = -0.6691584512067534, norm = 1.0000000000003013 + 0.0im
[FD_1d]:step 19800, energy = -0.6694235443285327, norm = 1.0000000000003022 + 0.0im
[FD_1d]:step 20000, energy = -0.6697370545614262, norm = 1.0000000000003038 + 0.0im
[FD_1d]:step 20200, energy = -0.6696302405640424, norm = 1.0000000000003029 + 0.0im
[FD_1d]:step 20400, energy = -0.6690621942990547, norm = 1.0000000000003049 + 0.0im
[FD_1d]:step 20600, energy = -0.6685878246143764, norm = 1.0000000000003042 + 0.0im
[FD_1d]:step 20800, energy = -0.6687899544490206, norm = 1.0000000000003029 + 0.0im
[FD_1d]:step 21000, energy = -0.6694581304796, norm = 1.000000000000301 + 0.0im
[FD_1d]:step 21200, energy = -0.6697347158746262, norm = 1.0000000000003018 + 0.0im
[FD_1d]:step 21400, energy = -0.6690938950034178, norm = 1.0000000000003026 + 0.0im
[FD_1d]:step 21600, energy = -0.6680480920406306, norm = 1.000000000000302 + 0.0im
[FD_1d]:step 21800, energy = -0.6677697922259913, norm = 1.0000000000003015 + 0.0im
[FD_1d]:step 22000, energy = -0.668675004689379, norm = 1.0000000000003006 + 0.0im
[FD_1d]:step 22200, energy = -0.6696437087344301, norm = 1.0000000000002998 + 0.0im
[FD_1d]:step 22400, energy = -0.6693859614669894, norm = 1.0000000000002993 + 0.0im
[FD_1d]:step 22600, energy = -0.6678751149070612, norm = 1.0000000000002975 + 0.0im
[FD_1d]:step 22800, energy = -0.6666317805117817, norm = 1.0000000000002975 + 0.0im
[FD_1d]:step 23000, energy = -0.6672309558094971, norm = 1.0000000000002958 + 0.0im
[FD_1d]:step 23200, energy = -0.6689799120732995, norm = 1.000000000000294 + 0.0im
[FD_1d]:step 23400, energy = -0.6696823067745458, norm = 1.000000000000293 + 0.0im
[FD_1d]:step 23600, energy = -0.668283127459827, norm = 1.000000000000293 + 0.0im
[FD_1d]:step 23800, energy = -0.6659181889384048, norm = 1.0000000000002944 + 0.0im
[FD_1d]:step 24000, energy = -0.6653170748003454, norm = 1.0000000000002929 + 0.0im
[FD_1d]:step 24200, energy = -0.6674191547950684, norm = 1.0000000000002935 + 0.0im
[FD_1d]:step 24400, energy = -0.6694846055281736, norm = 1.000000000000295 + 0.0im
[FD_1d]:step 24600, energy = -0.6690413535631985, norm = 1.000000000000294 + 0.0im
[FD_1d]:step 24800, energy = -0.666171062869518, norm = 1.000000000000295 + 0.0im
[FD_1d]:step 25000, energy = -0.6636382643431464, norm = 1.0000000000002933 + 0.0im
[FD_1d]:step 25200, energy = -0.664894358598457, norm = 1.000000000000293 + 0.0im
[FD_1d]:step 25400, energy = -0.6683300582676883, norm = 1.0000000000002933 + 0.0im
[FD_1d]:step 25600, energy = -0.6695993783284987, norm = 1.000000000000294 + 0.0im
[FD_1d]:step 25800, energy = -0.6672518871707886, norm = 1.000000000000289 + 0.0im
[FD_1d]:step 26000, energy = -0.6631057914177699, norm = 1.0000000000002742 + 0.0im
[FD_1d]:step 26200, energy = -0.6617621966950268, norm = 1.0000000000002334 + 0.0im
[FD_1d]:step 26400, energy = -0.6656366084518843, norm = 1.0000000000001712 + 0.0im
[FD_1d]:step 26600, energy = -0.6691565478526743, norm = 1.000000000000084 + 0.0im
[FD_1d]:step 26800, energy = -0.6686496872606892, norm = 0.999999999999815 + 0.0im
[FD_1d]:step 27000, energy = -0.6646388503266398, norm = 0.9999999999990727 + 0.0im
[FD_1d]:step 27200, energy = -0.6606147098743392, norm = 0.9999999999976763 + 0.0im
[FD_1d]:step 27400, energy = -0.6622789909487655, norm = 0.9999999999932231 + 0.0im
[FD_1d]:step 27600, energy = -0.6676126043642538, norm = 0.9999999999810663 + 0.0im
[FD_1d]:step 27800, energy = -0.6692085824660688, norm = 0.9999999999534088 + 0.0im
[FD_1d]:step 28000, energy = -0.6658904685977467, norm = 0.9999999999044574 + 0.0im
[FD_1d]:step 28200, energy = -0.6600200087296404, norm = 0.9999999998102995 + 0.0im
[FD_1d]:step 28400, energy = -0.6572167279202906, norm = 0.9999999995492995 + 0.0im
[FD_1d]:step 28600, energy = -0.6629012275998136, norm = 0.9999999988597399 + 0.0im
[FD_1d]:step 28800, energy = -0.6678231735193032, norm = 0.9999999973181408 + 0.0im
[FD_1d]:step 29000, energy = -0.6674534985386327, norm = 0.9999999933148194 + 0.0im
[FD_1d]:step 29200, energy = -0.6630550975715854, norm = 0.9999999821448874 + 0.0im
[FD_1d]:step 29400, energy = -0.657772054734328, norm = 0.9999999404727437 + 0.0im
[FD_1d]:step 29600, energy = -0.6601833158777427, norm = 0.9999998344980859 + 0.0im
[FD_1d]:step 29800, energy = -0.6658448651241489, norm = 0.9999996834729177 + 0.0im
[FD_1d]:step 30000, energy = -0.6676227899373657, norm = 0.9999995273547142 + 0.0im
[FD_1d]:step 30200, energy = -0.6637204541707906, norm = 0.9999993600902852 + 0.0im
[FD_1d]:step 30400, energy = -0.6577126015164209, norm = 0.9999991333746281 + 0.0im
[FD_1d]:step 30600, energy = -0.6538437748182331, norm = 0.9999987373282571 + 0.0im
[FD_1d]:step 30800, energy = -0.6603944162712154, norm = 0.9999980114550617 + 0.0im
[FD_1d]:step 31000, energy = -0.6654980439408005, norm = 0.9999969878388998 + 0.0im
[FD_1d]:step 31200, energy = -0.6653718350528831, norm = 0.9999958395929222 + 0.0im
[FD_1d]:step 31400, energy = -0.6615375539338224, norm = 0.9999928108595751 + 0.0im
[FD_1d]:step 31600, energy = -0.6572237326502681, norm = 0.9999852113434649 + 0.0im
[FD_1d]:step 31800, energy = -0.6581964927937762, norm = 0.9999762875244719 + 0.0im
[FD_1d]:step 32000, energy = -0.6643767428141079, norm = 0.9999698047205863 + 0.0im
[FD_1d]:step 32200, energy = -0.6658408068591334, norm = 0.9999656887190924 + 0.0im
[FD_1d]:step 32400, energy = -0.6629748464458741, norm = 0.999962088045203 + 0.0im
[FD_1d]:step 32600, energy = -0.6583570309602772, norm = 0.9999581647433154 + 0.0im
[FD_1d]:step 32800, energy = -0.652581189788344, norm = 0.9999535382545218 + 0.0im
[FD_1d]:step 33000, energy = -0.6603810740542317, norm = 0.9999464749671724 + 0.0im
[FD_1d]:step 33200, energy = -0.6634293699617424, norm = 0.9999381735258922 + 0.0im
[FD_1d]:step 33400, energy = -0.6634868516852194, norm = 0.9999226498885532 + 0.0im
[FD_1d]:step 33600, energy = -0.6603121895260349, norm = 0.9998861022623777 + 0.0im
[FD_1d]:step 33800, energy = -0.656502428361024, norm = 0.9998493199286154 + 0.0im
[FD_1d]:step 34000, energy = -0.6594874811411806, norm = 0.9998291405953998 + 0.0im
[FD_1d]:step 34200, energy = -0.6635541483489721, norm = 0.9998185578568426 + 0.0im
[FD_1d]:step 34400, energy = -0.6650594684406521, norm = 0.9998088088272739 + 0.0im
[FD_1d]:step 34600, energy = -0.6626828344898076, norm = 0.9997965907846506 + 0.0im
[FD_1d]:step 34800, energy = -0.659773536829376, norm = 0.9997805443242832 + 0.0im
[FD_1d]:step 35000, energy = -0.6584497661031099, norm = 0.9997586497584474 + 0.0im
[FD_1d]:step 35200, energy = -0.6615481676424486, norm = 0.9997310851662298 + 0.0im
[FD_1d]:step 35400, energy = -0.6637251508361979, norm = 0.9997006769011123 + 0.0im
[FD_1d]:step 35600, energy = -0.6636106712764732, norm = 0.9996761953196397 + 0.0im
[FD_1d]:step 35800, energy = -0.6618989397932419, norm = 0.9996301631727146 + 0.0im
[FD_1d]:step 36000, energy = -0.6600752559769714, norm = 0.9995763377305372 + 0.0im
[FD_1d]:step 36200, energy = -0.6609594346632159, norm = 0.9995270385798054 + 0.0im
[FD_1d]:step 36400, energy = -0.6643246415567073, norm = 0.9994712612776683 + 0.0im
[FD_1d]:step 36600, energy = -0.6653118484517279, norm = 0.9994215150754365 + 0.0im
[FD_1d]:step 36800, energy = -0.6645277880831054, norm = 0.9993723522488981 + 0.0im
[FD_1d]:step 37000, energy = -0.6618806029797466, norm = 0.999323812710179 + 0.0im
[FD_1d]:step 37200, energy = -0.6618458672486756, norm = 0.9992850752871392 + 0.0im
[FD_1d]:step 37400, energy = -0.663699733203334, norm = 0.9992521191852591 + 0.0im
[FD_1d]:step 37600, energy = -0.6650268600627287, norm = 0.9992202509077115 + 0.0im
[FD_1d]:step 37800, energy = -0.6651969747003628, norm = 0.9991845656274068 + 0.0im
[FD_1d]:step 38000, energy = -0.6635709466117717, norm = 0.9991289001996921 + 0.0im
[FD_1d]:step 38200, energy = -0.663030370081068, norm = 0.999046623364276 + 0.0im
[FD_1d]:step 38400, energy = -0.6641653443551317, norm = 0.9989341444363731 + 0.0im
[FD_1d]:step 38600, energy = -0.6653396920124397, norm = 0.9988156929221239 + 0.0im
[FD_1d]:step 38800, energy = -0.665997963388173, norm = 0.9987269541028451 + 0.0im
[FD_1d]:step 39000, energy = -0.6652927846789268, norm = 0.9986634406258472 + 0.0im
[FD_1d]:step 39200, energy = -0.6646090325005641, norm = 0.9986078313125255 + 0.0im
[FD_1d]:step 39400, energy = -0.6643729159771959, norm = 0.9985579488716231 + 0.0im
[FD_1d]:step 39600, energy = -0.6653858161580458, norm = 0.9985130964883467 + 0.0im
[FD_1d]:step 39800, energy = -0.6661324163557819, norm = 0.9984532564144696 + 0.0im
[FD_1d]:step 40000, energy = -0.6661681654667753, norm = 0.9984020785102345 + 0.0im
[FD_1d]:step 40200, energy = -0.6654797831326271, norm = 0.9983704083965705 + 0.0im
[FD_1d]:step 40400, energy = -0.6652798781779445, norm = 0.9983435319493694 + 0.0im
[FD_1d]:step 40600, energy = -0.6656686003634074, norm = 0.9983205168580407 + 0.0im
[FD_1d]:step 40800, energy = -0.6660248638790243, norm = 0.9982952672836694 + 0.0im
[FD_1d]:step 41000, energy = -0.6664161177271766, norm = 0.9982603360965283 + 0.0im
[FD_1d]:step 41200, energy = -0.6662124660287645, norm = 0.9982243952585054 + 0.0im
[FD_1d]:step 41400, energy = -0.6660178981459606, norm = 0.9981825363627717 + 0.0im
[FD_1d]:step 41600, energy = -0.6659369415043939, norm = 0.9981367864438178 + 0.0im
[FD_1d]:step 41800, energy = -0.666373984470374, norm = 0.9980821903993368 + 0.0im
[FD_1d]:step 42000, energy = -0.6664178162674467, norm = 0.9980126015247174 + 0.0im
[FD_1d]:step 42200, energy = -0.6665628162132903, norm = 0.9979454834250082 + 0.0im
[FD_1d]:step 42400, energy = -0.6663126143667626, norm = 0.9979001603276251 + 0.0im
[FD_1d]:step 42600, energy = -0.6665400217391116, norm = 0.9978734666311613 + 0.0im
[FD_1d]:step 42800, energy = -0.6663374446671435, norm = 0.9978529343668006 + 0.0im
[FD_1d]:step 43000, energy = -0.6665505732870632, norm = 0.997826539704217 + 0.0im
[FD_1d]:step 43200, energy = -0.6666037283984614, norm = 0.9977889827655793 + 0.0im
[FD_1d]:step 43400, energy = -0.6666629726763038, norm = 0.9977425250031953 + 0.0im
[FD_1d]:step 43600, energy = -0.6665223892068278, norm = 0.9976972593429445 + 0.0im
[FD_1d]:step 43800, energy = -0.6665712748776131, norm = 0.9976589798352284 + 0.0im
[FD_1d]:step 44000, energy = -0.6666656726655987, norm = 0.9976259861645725 + 0.0im
[FD_1d]:step 44200, energy = -0.6666221510794955, norm = 0.9975955438446348 + 0.0im
[FD_1d]:step 44400, energy = -0.6666405919453338, norm = 0.9975690146893086 + 0.0im
[FD_1d]:step 44600, energy = -0.6666292915122174, norm = 0.9975509053919791 + 0.0im
[FD_1d]:step 44800, energy = -0.6666803402192996, norm = 0.9975410722598181 + 0.0im
[FD_1d]:step 45000, energy = -0.6666275167008997, norm = 0.9975342825334661 + 0.0im
[FD_1d]:step 45200, energy = -0.6666815928496349, norm = 0.997526681773051 + 0.0im
[FD_1d]:step 45400, energy = -0.6666645296123013, norm = 0.9975174774141073 + 0.0im
[FD_1d]:step 45600, energy = -0.6666752115532812, norm = 0.9975068502726283 + 0.0im
[FD_1d]:step 45800, energy = -0.6666556385261788, norm = 0.9974950443176227 + 0.0im
[FD_1d]:step 46000, energy = -0.6666741284817254, norm = 0.9974818578597231 + 0.0im
[FD_1d]:step 46200, energy = -0.6666733303111783, norm = 0.9974665647710449 + 0.0im
[FD_1d]:step 46400, energy = -0.6666725393661249, norm = 0.9974482651432899 + 0.0im
[FD_1d]:step 46600, energy = -0.6666743869200219, norm = 0.9974272507756664 + 0.0im
[FD_1d]:step 46800, energy = -0.6666778995512814, norm = 0.9974059360284583 + 0.0im
[FD_1d]:step 47000, energy = -0.6666778778595739, norm = 0.9973864595575531 + 0.0im
[TDSE_1d]: tdse process end.
