task id = 2
[(-1950, 1), (-1000, 1)]
[ITP]: 10000.471108571397
[ITP]: 0.022107823405609905
[ITP]: 0.004976805475414736
[ITP]: 0.0021058954092971205
[ITP]: 0.001084104546129061
[ITP]: 0.0006160870179273692
[ITP]: 0.0003714642087823128
[ITP]: 0.00023286611963801995
[ITP]: 0.0001500123428329614
[ITP]: 9.857967926441003e-5
[ITP]: 6.57601184761436e-5
[ITP]: 4.43786526744816e-5
[ITP]: 3.022437766897479e-5
[ITP]: 2.0735965556739622e-5
[ITP]: 1.4311264988853267e-5
[ITP]: 9.92563006574354e-6
[ITP]: 6.9119921211058255e-6
[ITP]: 4.82976755122877e-6
[ITP]: 3.384510666504248e-6
[ITP]: 2.3775199649023193e-6
[ITP]: 1.6736194445865493e-6
[ITP]: 1.1802274751948616e-6
[ITP]: 8.335748883370186e-7
[ITP]: 5.895273362810372e-7
[ITP]: 4.174150680658073e-7
[ITP]: 2.958509506267859e-7
[ITP]: 2.098764437796774e-7
[ITP]: 1.4900242706339384e-7
[ITP]: 1.0585745457980522e-7
[ITP]: 7.525113565609587e-8
[ITP]: 5.352267851144177e-8
[ITP]: 3.808635307134267e-8
[ITP]: 2.7113442158110956e-8
[ITP]: 1.9309163601377577e-8
[ITP]: 1.3755872219078924e-8
[ITP]: 9.802639699962867e-9
Energy of ground state: -0.5030607411950042
[TDSE] Start TDSE-SH for elliptical polarized laser. It may cost a plenty of time.
[TDSE] Running TDSE-SH-elliptical. step 0, energy = -0.5030607411950042
par_lens = 0, 0, 0
[TDSE] Running TDSE-SH-elliptical. step 200, energy = -0.503060741194856
par_lens = 1, 1, 1
[TDSE] Running TDSE-SH-elliptical. step 400, energy = -0.5030607411939606
par_lens = 1, 1, 2
[TDSE] Running TDSE-SH-elliptical. step 600, energy = -0.503060741185581
par_lens = 1, 1, 2
[TDSE] Running TDSE-SH-elliptical. step 800, energy = -0.5030607411427618
par_lens = 1, 1, 2
[TDSE] Running TDSE-SH-elliptical. step 1000, energy = -0.503060740993217
par_lens = 1, 1, 2
[TDSE] Running TDSE-SH-elliptical. step 1200, energy = -0.5030607405879196
par_lens = 1, 1, 2
[TDSE] Running TDSE-SH-elliptical. step 1400, energy = -0.5030607396487451
par_lens = 1, 1, 2
[TDSE] Running TDSE-SH-elliptical. step 1600, energy = -0.5030607377269299
par_lens = 1, 1, 2
[TDSE] Running TDSE-SH-elliptical. step 1800, energy = -0.5030607341179965
par_lens = 1, 1, 2
[TDSE] Running TDSE-SH-elliptical. step 2000, energy = -0.5030607278235916
par_lens = 1, 1, 2
[TDSE] Running TDSE-SH-elliptical. step 2200, energy = -0.5030607174111557
par_lens = 1, 1, 2
[TDSE] Running TDSE-SH-elliptical. step 2400, energy = -0.5030607010387088
par_lens = 1, 1, 2
[TDSE] Running TDSE-SH-elliptical. step 2600, energy = -0.5030606761782537
par_lens = 1, 1, 2
[TDSE] Running TDSE-SH-elliptical. step 2800, energy = -0.5030606398487275
par_lens = 1, 2, 2
[TDSE] Running TDSE-SH-elliptical. step 3000, energy = -0.503060587929248
par_lens = 2, 2, 2
[TDSE] Running TDSE-SH-elliptical. step 3200, energy = -0.5030605162232502
par_lens = 2, 2, 2
[TDSE] Running TDSE-SH-elliptical. step 3400, energy = -0.5030604183137306
par_lens = 2, 2, 2
[TDSE] Running TDSE-SH-elliptical. step 3600, energy = -0.5030602887216823
par_lens = 2, 2, 2
[TDSE] Running TDSE-SH-elliptical. step 3800, energy = -0.5030601183947992
par_lens = 2, 2, 2
[TDSE] Running TDSE-SH-elliptical. step 4000, energy = -0.5030599005059335
par_lens = 2, 2, 2
[TDSE] Running TDSE-SH-elliptical. step 4200, energy = -0.5030596223458441
par_lens = 2, 2, 2
[TDSE] Running TDSE-SH-elliptical. step 4400, energy = -0.5030592769325535
par_lens = 2, 2, 2
[TDSE] Running TDSE-SH-elliptical. step 4600, energy = -0.5030588473393562
par_lens = 2, 2, 2
[TDSE] Running TDSE-SH-elliptical. step 4800, energy = -0.5030583249400947
par_lens = 2, 2, 2
[TDSE] Running TDSE-SH-elliptical. step 5000, energy = -0.5030576913430874
par_lens = 2, 2, 2
[TDSE] Running TDSE-SH-elliptical. step 5200, energy = -0.5030569352560864
par_lens = 2, 2, 2
[TDSE] Running TDSE-SH-elliptical. step 5400, energy = -0.5030560359324062
par_lens = 2, 2, 2
[TDSE] Running TDSE-SH-elliptical. step 5600, energy = -0.5030549807271579
par_lens = 2, 2, 2
[TDSE] Running TDSE-SH-elliptical. step 5800, energy = -0.50305374985325
par_lens = 2, 2, 2
[TDSE] Running TDSE-SH-elliptical. step 6000, energy = -0.5030523229972599
par_lens = 2, 2, 2
[TDSE] Running TDSE-SH-elliptical. step 6200, energy = -0.5030506899503714
par_lens = 2, 2, 2
[TDSE] Running TDSE-SH-elliptical. step 6400, energy = -0.5030488180811523
par_lens = 2, 2, 2
[TDSE] Running TDSE-SH-elliptical. step 6600, energy = -0.5030467069354794
par_lens = 2, 2, 2
[TDSE] Running TDSE-SH-elliptical. step 6800, energy = -0.5030443201274162
par_lens = 2, 2, 2
[TDSE] Running TDSE-SH-elliptical. step 7000, energy = -0.5030416610560473
par_lens = 2, 2, 2
[TDSE] Running TDSE-SH-elliptical. step 7200, energy = -0.5030386821969922
par_lens = 4, 2, 2
[TDSE] Running TDSE-SH-elliptical. step 7400, energy = -0.5030354147295353
par_lens = 4, 3, 3
[TDSE] Running TDSE-SH-elliptical. step 7600, energy = -0.5030317923492678
par_lens = 4, 3, 3
[TDSE] Running TDSE-SH-elliptical. step 7800, energy = -0.5030278437408505
par_lens = 4, 3, 3
[TDSE] Running TDSE-SH-elliptical. step 8000, energy = -0.5030235327349332
par_lens = 4, 3, 3
[TDSE] Running TDSE-SH-elliptical. step 8200, energy = -0.503018876451861
par_lens = 4, 3, 3
[TDSE] Running TDSE-SH-elliptical. step 8400, energy = -0.5030138328006412
par_lens = 4, 3, 3
[TDSE] Running TDSE-SH-elliptical. step 8600, energy = -0.5030084338190906
par_lens = 4, 3, 3
[TDSE] Running TDSE-SH-elliptical. step 8800, energy = -0.503002662813523
par_lens = 4, 3, 3
[TDSE] Running TDSE-SH-elliptical. step 9000, energy = -0.5029965120878036
par_lens = 4, 3, 3
[TDSE] Running TDSE-SH-elliptical. step 9200, energy = -0.5029900172715849
par_lens = 4, 3, 3
[TDSE] Running TDSE-SH-elliptical. step 9400, energy = -0.5029831355867255
par_lens = 4, 3, 3
[TDSE] Running TDSE-SH-elliptical. step 9600, energy = -0.5029759413652178
par_lens = 4, 3, 3
[TDSE] Running TDSE-SH-elliptical. step 9800, energy = -0.5029683884278627
par_lens = 4, 3, 3
[TDSE] Running TDSE-SH-elliptical. step 10000, energy = -0.5029605476539318
par_lens = 4, 3, 3
[TDSE] Running TDSE-SH-elliptical. step 10200, energy = -0.502952098088138
par_lens = 4, 3, 3
[TDSE] Running TDSE-SH-elliptical. step 10400, energy = -0.502939767588362
par_lens = 4, 3, 3
[TDSE] Running TDSE-SH-elliptical. step 10600, energy = -0.5029262715868229
par_lens = 4, 3, 3
[TDSE] Running TDSE-SH-elliptical. step 10800, energy = -0.5029282601201994
par_lens = 4, 3, 3
[TDSE] Running TDSE-SH-elliptical. step 11000, energy = -0.5029608641133145
par_lens = 4, 3, 3
[TDSE] Running TDSE-SH-elliptical. step 11200, energy = -0.5030158288591029
par_lens = 4, 3, 3
[TDSE] Running TDSE-SH-elliptical. step 11400, energy = -0.5030542176963019
par_lens = 2, 2, 2
[TDSE] Running TDSE-SH-elliptical. step 11600, energy = -0.5030569826892074
par_lens = 2, 2, 2
[TDSE] Running TDSE-SH-elliptical. step 11800, energy = -0.5030416040205221
par_lens = 3, 2, 2
[TDSE] Running TDSE-SH-elliptical. step 12000, energy = -0.5029531739906964
par_lens = 4, 3, 3
[TDSE] Running TDSE-SH-elliptical. step 12200, energy = -0.5025450476178509
par_lens = 5, 5, 5
[TDSE] Running TDSE-SH-elliptical. step 12400, energy = -0.5015749057274989
par_lens = 5, 5, 6
[TDSE] Running TDSE-SH-elliptical. step 12600, energy = -0.5003129316969421
par_lens = 7, 7, 7
[TDSE] Running TDSE-SH-elliptical. step 12800, energy = -0.4996844141265479
par_lens = 7, 7, 7
[TDSE] Running TDSE-SH-elliptical. step 13000, energy = -0.5004615244069249
par_lens = 7, 7, 7
[TDSE] Running TDSE-SH-elliptical. step 13200, energy = -0.5020272354659169
par_lens = 6, 5, 6
[TDSE] Running TDSE-SH-elliptical. step 13400, energy = -0.5025679497788447
par_lens = 6, 5, 6
[TDSE] Running TDSE-SH-elliptical. step 13600, energy = -0.5010662256319107
par_lens = 6, 7, 6
[TDSE] Running TDSE-SH-elliptical. step 13800, energy = -0.49904501105373644
par_lens = 8, 8, 7
[TDSE] Running TDSE-SH-elliptical. step 14000, energy = -0.49916282514269145
par_lens = 8, 8, 7
[TDSE] Running TDSE-SH-elliptical. step 14200, energy = -0.5012873357661889
par_lens = 8, 8, 8
[TDSE] Running TDSE-SH-elliptical. step 14400, energy = -0.5011447123822698
par_lens = 8, 8, 8
[TDSE] Running TDSE-SH-elliptical. step 14600, energy = -0.49469241920320045
par_lens = 10, 10, 9
[TDSE] Running TDSE-SH-elliptical. step 14800, energy = -0.484563923246471
par_lens = 13, 13, 13
[TDSE] Running TDSE-SH-elliptical. step 15000, energy = -0.4795142447299613
par_lens = 15, 16, 15
[TDSE] Running TDSE-SH-elliptical. step 15200, energy = -0.4854377432561927
par_lens = 17, 18, 17
[TDSE] Running TDSE-SH-elliptical. step 15400, energy = -0.49641284430716626
par_lens = 20, 20, 21
[TDSE] Running TDSE-SH-elliptical. step 15600, energy = -0.4992805332248087
par_lens = 20, 20, 21
[TDSE] Running TDSE-SH-elliptical. step 15800, energy = -0.48855440739292244
par_lens = 21, 19, 19
[TDSE] Running TDSE-SH-elliptical. step 16000, energy = -0.4753882167027454
par_lens = 21, 19, 20
[TDSE] Running TDSE-SH-elliptical. step 16200, energy = -0.47577094787075197
par_lens = 22, 22, 22
[TDSE] Running TDSE-SH-elliptical. step 16400, energy = -0.4898299671228062
par_lens = 24, 24, 24
[TDSE] Running TDSE-SH-elliptical. step 16600, energy = -0.4967666513210721
par_lens = 26, 25, 25
[TDSE] Running TDSE-SH-elliptical. step 16800, energy = -0.477640753042184
par_lens = 25, 25, 25
[TDSE] Running TDSE-SH-elliptical. step 17000, energy = -0.4420730910333355
par_lens = 26, 27, 27
[TDSE] Running TDSE-SH-elliptical. step 17200, energy = -0.4238700746631417
par_lens = 35, 35, 35
[TDSE] Running TDSE-SH-elliptical. step 17400, energy = -0.44316907238462666
par_lens = 46, 46, 46
[TDSE] Running TDSE-SH-elliptical. step 17600, energy = -0.48034219619126145
par_lens = 53, 53, 54
[TDSE] Running TDSE-SH-elliptical. step 17800, energy = -0.49104183596360523
par_lens = 58, 56, 56
[TDSE] Running TDSE-SH-elliptical. step 18000, energy = -0.458451415430248
par_lens = 56, 51, 54
[TDSE] Running TDSE-SH-elliptical. step 18200, energy = -0.41820554583022995
par_lens = 40, 44, 39
[TDSE] Running TDSE-SH-elliptical. step 18400, energy = -0.41810014100900705
par_lens = 56, 54, 56
[TDSE] Running TDSE-SH-elliptical. step 18600, energy = -0.45927253826189585
par_lens = 66, 68, 69
[TDSE] Running TDSE-SH-elliptical. step 18800, energy = -0.48730644156335223
par_lens = 73, 72, 73
[TDSE] Running TDSE-SH-elliptical. step 19000, energy = -0.4497295854768846
par_lens = 73, 72, 71
[TDSE] Running TDSE-SH-elliptical. step 19200, energy = -0.36884595446144613
par_lens = 56, 55, 53
[TDSE] Running TDSE-SH-elliptical. step 19400, energy = -0.32682444034503494
par_lens = 77, 74, 76
[TDSE] Running TDSE-SH-elliptical. step 19600, energy = -0.36659188947783516
par_lens = 106, 105, 106
[TDSE] Running TDSE-SH-elliptical. step 19800, energy = -0.4500149290026862
par_lens = 136, 133, 133
[TDSE] Running TDSE-SH-elliptical. step 20000, energy = -0.4776647816222777
par_lens = 141, 140, 140
[TDSE] Running TDSE-SH-elliptical. step 20200, energy = -0.4120006054584485
par_lens = 140, 138, 140
[TDSE] Running TDSE-SH-elliptical. step 20400, energy = -0.3290339778064268
par_lens = 107, 105, 107
[TDSE] Running TDSE-SH-elliptical. step 20600, energy = -0.32865415919556207
par_lens = 114, 113, 112
[TDSE] Running TDSE-SH-elliptical. step 20800, energy = -0.4062064505692932
par_lens = 148, 155, 152
[TDSE] Running TDSE-SH-elliptical. step 21000, energy = -0.47172047909705517
par_lens = 166, 162, 167
[TDSE] Running TDSE-SH-elliptical. step 21200, energy = -0.41617775908456534
par_lens = 163, 162, 163
[TDSE] Running TDSE-SH-elliptical. step 21400, energy = -0.27666333480899963
par_lens = 133, 134, 134
[TDSE] Running TDSE-SH-elliptical. step 21600, energy = -0.20413459943050805
par_lens = 133, 132, 134
[TDSE] Running TDSE-SH-elliptical. step 21800, energy = -0.26827423194654093
par_lens = 201, 200, 201
[TDSE] Running TDSE-SH-elliptical. step 22000, energy = -0.405387226264102
par_lens = 262, 262, 263
[TDSE] Running TDSE-SH-elliptical. step 22200, energy = -0.4599018139496356
par_lens = 280, 276, 278
[TDSE] Running TDSE-SH-elliptical. step 22400, energy = -0.3597240135950274
par_lens = 272, 270, 272
[TDSE] Running TDSE-SH-elliptical. step 22600, energy = -0.22715102933779632
par_lens = 208, 203, 204
[TDSE] Running TDSE-SH-elliptical. step 22800, energy = -0.2295124024167209
par_lens = 192, 186, 191
[TDSE] Running TDSE-SH-elliptical. step 23000, energy = -0.3386596728726722
par_lens = 265, 267, 265
[TDSE] Running TDSE-SH-elliptical. step 23200, energy = -0.44732279328817387
par_lens = 297, 296, 295
[TDSE] Running TDSE-SH-elliptical. step 23400, energy = -0.38432215974084094
par_lens = 287, 289, 292
[TDSE] Running TDSE-SH-elliptical. step 23600, energy = -0.19196308172671953
par_lens = 255, 252, 245
[TDSE] Running TDSE-SH-elliptical. step 23800, energy = -0.08833022395629005
par_lens = 238, 238, 230
[TDSE] Running TDSE-SH-elliptical. step 24000, energy = -0.17745366784223726
par_lens = 318, 314, 315
[TDSE] Running TDSE-SH-elliptical. step 24200, energy = -0.3508405241238569
par_lens = 376, 375, 377
[TDSE] Running TDSE-SH-elliptical. step 24400, energy = -0.4340929122695097
par_lens = 389, 386, 386
[TDSE] Running TDSE-SH-elliptical. step 24600, energy = -0.3163536837769998
par_lens = 385, 381, 379
[TDSE] Running TDSE-SH-elliptical. step 24800, energy = -0.14512202272661368
par_lens = 344, 332, 328
[TDSE] Running TDSE-SH-elliptical. step 25000, energy = -0.1486110466398107
par_lens = 329, 311, 312
[TDSE] Running TDSE-SH-elliptical. step 25200, energy = -0.27525469976777633
par_lens = 369, 357, 367
[TDSE] Running TDSE-SH-elliptical. step 25400, energy = -0.41230470425987426
par_lens = 392, 390, 392
[TDSE] Running TDSE-SH-elliptical. step 25600, energy = -0.35595623911169516
par_lens = 389, 390, 388
[TDSE] Running TDSE-SH-elliptical. step 25800, energy = -0.14422755041864552
par_lens = 342, 348, 345
[TDSE] Running TDSE-SH-elliptical. step 26000, energy = -0.02034578520373404
par_lens = 335, 338, 332
[TDSE] Running TDSE-SH-elliptical. step 26200, energy = -0.1213650140398447
par_lens = 398, 399, 394
[TDSE] Running TDSE-SH-elliptical. step 26400, energy = -0.3008479595472028
par_lens = 409, 408, 408
[TDSE] Running TDSE-SH-elliptical. step 26600, energy = -0.4028260772150599
par_lens = 409, 408, 408
[TDSE] Running TDSE-SH-elliptical. step 26800, energy = -0.29280341846451263
par_lens = 406, 407, 406
[TDSE] Running TDSE-SH-elliptical. step 27000, energy = -0.11425889204761124
par_lens = 402, 399, 400
[TDSE] Running TDSE-SH-elliptical. step 27200, energy = -0.11574700093142018
par_lens = 389, 390, 390
[TDSE] Running TDSE-SH-elliptical. step 27400, energy = -0.2365510384398291
par_lens = 401, 397, 398
[TDSE] Running TDSE-SH-elliptical. step 27600, energy = -0.3776569135637868
par_lens = 406, 406, 405
[TDSE] Running TDSE-SH-elliptical. step 27800, energy = -0.33898809154271975
par_lens = 406, 407, 403
[TDSE] Running TDSE-SH-elliptical. step 28000, energy = -0.14654958518340302
par_lens = 400, 402, 401
[TDSE] Running TDSE-SH-elliptical. step 28200, energy = -0.02892891042023238
par_lens = 409, 408, 408
[TDSE] Running TDSE-SH-elliptical. step 28400, energy = -0.11459448967218258
par_lens = 409, 408, 408
[TDSE] Running TDSE-SH-elliptical. step 28600, energy = -0.27736609440496346
par_lens = 409, 408, 408
[TDSE] Running TDSE-SH-elliptical. step 28800, energy = -0.37782630451909155
par_lens = 409, 408, 408
[TDSE] Running TDSE-SH-elliptical. step 29000, energy = -0.29273222053794656
par_lens = 409, 408, 408
[TDSE] Running TDSE-SH-elliptical. step 29200, energy = -0.14545412690752996
par_lens = 409, 408, 408
[TDSE] Running TDSE-SH-elliptical. step 29400, energy = -0.13952678917279748
par_lens = 409, 408, 408
[TDSE] Running TDSE-SH-elliptical. step 29600, energy = -0.2354638824611276
par_lens = 409, 408, 408
[TDSE] Running TDSE-SH-elliptical. step 29800, energy = -0.3612296663906043
par_lens = 409, 408, 408
[TDSE] Running TDSE-SH-elliptical. step 30000, energy = -0.3399061135037144
par_lens = 409, 408, 408
[TDSE] Running TDSE-SH-elliptical. step 30200, energy = -0.19105315423542046
par_lens = 409, 408, 408
[TDSE] Running TDSE-SH-elliptical. step 30400, energy = -0.10004705241209029
par_lens = 409, 408, 408
[TDSE] Running TDSE-SH-elliptical. step 30600, energy = -0.15477399121926072
par_lens = 409, 408, 408
[TDSE] Running TDSE-SH-elliptical. step 30800, energy = -0.28525007504112115
par_lens = 409, 408, 408
[TDSE] Running TDSE-SH-elliptical. step 31000, energy = -0.37236328690363707
par_lens = 409, 408, 408
[TDSE] Running TDSE-SH-elliptical. step 31200, energy = -0.31938156954800395
par_lens = 409, 408, 408
[TDSE] Running TDSE-SH-elliptical. step 31400, energy = -0.2211948857840371
par_lens = 409, 408, 408
[TDSE] Running TDSE-SH-elliptical. step 31600, energy = -0.20472546754775633
par_lens = 409, 408, 408
[TDSE] Running TDSE-SH-elliptical. step 31800, energy = -0.2774205573886861
par_lens = 409, 408, 408
[TDSE] Running TDSE-SH-elliptical. step 32000, energy = -0.36771545527973076
par_lens = 409, 408, 408
[TDSE] Running TDSE-SH-elliptical. step 32200, energy = -0.35969319349089196
par_lens = 409, 408, 408
[TDSE] Running TDSE-SH-elliptical. step 32400, energy = -0.26458477103327577
par_lens = 409, 408, 408
[TDSE] Running TDSE-SH-elliptical. step 32600, energy = -0.20409867710359267
par_lens = 409, 408, 408
[TDSE] Running TDSE-SH-elliptical. step 32800, energy = -0.23547919131910103
par_lens = 409, 408, 408
[TDSE] Running TDSE-SH-elliptical. step 33000, energy = -0.3188597122569545
par_lens = 409, 408, 408
[TDSE] Running TDSE-SH-elliptical. step 33200, energy = -0.38161004487340955
par_lens = 409, 408, 408
[TDSE] Running TDSE-SH-elliptical. step 33400, energy = -0.35761578996364224
par_lens = 409, 408, 408
[TDSE] Running TDSE-SH-elliptical. step 33600, energy = -0.2995537165890289
par_lens = 409, 408, 408
[TDSE] Running TDSE-SH-elliptical. step 33800, energy = -0.29169921910985824
par_lens = 409, 408, 408
[TDSE] Running TDSE-SH-elliptical. step 34000, energy = -0.3273730695667035
par_lens = 409, 408, 408
[TDSE] Running TDSE-SH-elliptical. step 34200, energy = -0.38001555656487174
par_lens = 409, 408, 408
[TDSE] Running TDSE-SH-elliptical. step 34400, energy = -0.37987242588061754
par_lens = 409, 408, 408
[TDSE] Running TDSE-SH-elliptical. step 34600, energy = -0.33529369242176266
par_lens = 409, 408, 408
[TDSE] Running TDSE-SH-elliptical. step 34800, energy = -0.29603373626061175
par_lens = 409, 408, 408
[TDSE] Running TDSE-SH-elliptical. step 35000, energy = -0.31277921408162457
par_lens = 409, 408, 408
[TDSE] Running TDSE-SH-elliptical. step 35200, energy = -0.3567170174141282
par_lens = 409, 408, 408
[TDSE] Running TDSE-SH-elliptical. step 35400, energy = -0.39018663913859475
par_lens = 409, 408, 408
[TDSE] Running TDSE-SH-elliptical. step 35600, energy = -0.3838773478380614
par_lens = 409, 408, 408
[TDSE] Running TDSE-SH-elliptical. step 35800, energy = -0.36294103372776965
par_lens = 409, 408, 408
[TDSE] Running TDSE-SH-elliptical. step 36000, energy = -0.34966846952301567
par_lens = 409, 408, 408
[TDSE] Running TDSE-SH-elliptical. step 36200, energy = -0.3749185731893911
par_lens = 409, 408, 408
[TDSE] Running TDSE-SH-elliptical. step 36400, energy = -0.39051882372724267
par_lens = 409, 408, 408
[TDSE] Running TDSE-SH-elliptical. step 36600, energy = -0.3935843752490481
par_lens = 409, 408, 408
[TDSE] Running TDSE-SH-elliptical. step 36800, energy = -0.37552347371147304
par_lens = 409, 408, 408
[TDSE] Running TDSE-SH-elliptical. step 37000, energy = -0.3630307085093385
par_lens = 409, 408, 408
[TDSE] Running TDSE-SH-elliptical. step 37200, energy = -0.3673604208232317
par_lens = 409, 408, 408
[TDSE] Running TDSE-SH-elliptical. step 37400, energy = -0.3831117678144598
par_lens = 409, 408, 408
[TDSE] Running TDSE-SH-elliptical. step 37600, energy = -0.39768004081303443
par_lens = 409, 408, 408
[TDSE] Running TDSE-SH-elliptical. step 37800, energy = -0.39748793463690035
par_lens = 409, 408, 408
[TDSE] Running TDSE-SH-elliptical. step 38000, energy = -0.39070133544140606
par_lens = 409, 408, 408
[TDSE] Running TDSE-SH-elliptical. step 38200, energy = -0.39105367031247723
par_lens = 409, 408, 408
[TDSE] Running TDSE-SH-elliptical. step 38400, energy = -0.3926179869936191
par_lens = 409, 408, 408
[TDSE] Running TDSE-SH-elliptical. step 38600, energy = -0.3998064190804017
par_lens = 409, 408, 408
[TDSE] Running TDSE-SH-elliptical. step 38800, energy = -0.3991417523487901
par_lens = 409, 408, 408
[TDSE] Running TDSE-SH-elliptical. step 39000, energy = -0.3958486184690967
par_lens = 409, 408, 408
[TDSE] Running TDSE-SH-elliptical. step 39200, energy = -0.39325332078052677
par_lens = 409, 408, 408
[TDSE] Running TDSE-SH-elliptical. step 39400, energy = -0.3933083824163871
par_lens = 409, 408, 408
[TDSE] Running TDSE-SH-elliptical. step 39600, energy = -0.3980854444575561
par_lens = 409, 408, 408
[TDSE] Running TDSE-SH-elliptical. step 39800, energy = -0.3998337255835381
par_lens = 409, 408, 408
[TDSE] Running TDSE-SH-elliptical. step 40000, energy = -0.40142583822826317
par_lens = 409, 408, 408
[TDSE] Running TDSE-SH-elliptical. step 40200, energy = -0.40129342862020595
par_lens = 409, 408, 408
[TDSE] Running TDSE-SH-elliptical. step 40400, energy = -0.40096734795753447
par_lens = 409, 408, 408
[TDSE] Running TDSE-SH-elliptical. step 40600, energy = -0.40172128912348054
par_lens = 409, 408, 408
[TDSE] Running TDSE-SH-elliptical. step 40800, energy = -0.40206560604721686
par_lens = 409, 408, 408
[TDSE] Running TDSE-SH-elliptical. step 41000, energy = -0.4020735886810073
par_lens = 409, 408, 408
[TDSE] Running TDSE-SH-elliptical. step 41200, energy = -0.4023185812471247
par_lens = 409, 408, 408
[TDSE] Running TDSE-SH-elliptical. step 41400, energy = -0.4020028281511548
par_lens = 409, 408, 408
[TDSE] Running TDSE-SH-elliptical. step 41600, energy = -0.40248702139404735
par_lens = 409, 408, 408
[TDSE] Running TDSE-SH-elliptical. step 41800, energy = -0.4028525100362064
par_lens = 409, 408, 408
[TDSE] Running TDSE-SH-elliptical. step 42000, energy = -0.4033368105931001
par_lens = 409, 408, 408
[TDSE] Running TDSE-SH-elliptical. step 42200, energy = -0.40366182112265714
par_lens = 409, 408, 408
[TDSE] Running TDSE-SH-elliptical. step 42400, energy = -0.4039422128150793
par_lens = 409, 408, 408
[TDSE] Running TDSE-SH-elliptical. step 42600, energy = -0.40422481135211813
par_lens = 409, 408, 408
[TDSE] Running TDSE-SH-elliptical. step 42800, energy = -0.4045696313129776
par_lens = 409, 408, 408
[TDSE] Running TDSE-SH-elliptical. step 43000, energy = -0.4049896714226669
par_lens = 409, 408, 408
[TDSE] Running TDSE-SH-elliptical. step 43200, energy = -0.40515450779309875
par_lens = 409, 408, 408
[TDSE] Running TDSE-SH-elliptical. step 43400, energy = -0.405567810445935
par_lens = 409, 408, 408
[TDSE] Running TDSE-SH-elliptical. step 43600, energy = -0.4058544740926359
par_lens = 409, 408, 408
[TDSE] Running TDSE-SH-elliptical. step 43800, energy = -0.4062840132389309
par_lens = 409, 408, 408
[TDSE] Running TDSE-SH-elliptical. step 44000, energy = -0.4065435914051583
par_lens = 409, 408, 408
[TDSE] Running TDSE-SH-elliptical. step 44200, energy = -0.4070646535358792
par_lens = 409, 408, 408
[TDSE] Running TDSE-SH-elliptical. step 44400, energy = -0.4073312681580876
par_lens = 409, 408, 408
[TDSE] Running TDSE-SH-elliptical. step 44600, energy = -0.4077831836140375
par_lens = 409, 408, 408
[TDSE] Running TDSE-SH-elliptical. step 44800, energy = -0.4079616426213757
par_lens = 409, 408, 408
[TDSE] Running TDSE-SH-elliptical. step 45000, energy = -0.40831271216211773
par_lens = 409, 408, 408
[ITP]: 10000.471108571397
[ITP]: 0.022107823405609905
[ITP]: 0.004976805475414736
[ITP]: 0.0021058954092971205
[ITP]: 0.001084104546129061
[ITP]: 0.0006160870179273692
[ITP]: 0.0003714642087823128
[ITP]: 0.00023286611963801995
[ITP]: 0.0001500123428329614
[ITP]: 9.857967926441003e-5
[ITP]: 6.57601184761436e-5
[ITP]: 4.43786526744816e-5
[ITP]: 3.022437766897479e-5
[ITP]: 2.0735965556739622e-5
[ITP]: 1.4311264988853267e-5
[ITP]: 9.92563006574354e-6
[ITP]: 6.9119921211058255e-6
[ITP]: 4.82976755122877e-6
[ITP]: 3.384510666504248e-6
[ITP]: 2.3775199649023193e-6
[ITP]: 1.6736194445865493e-6
[ITP]: 1.1802274751948616e-6
[ITP]: 8.335748883370186e-7
[ITP]: 5.895273362810372e-7
[ITP]: 4.174150680658073e-7
[ITP]: 2.958509506267859e-7
[ITP]: 2.098764437796774e-7
[ITP]: 1.4900242706339384e-7
[ITP]: 1.0585745457980522e-7
[ITP]: 7.525113565609587e-8
[ITP]: 5.352267851144177e-8
[ITP]: 3.808635307134267e-8
[ITP]: 2.7113442158110956e-8
[ITP]: 1.9309163601377577e-8
[ITP]: 1.3755872219078924e-8
[ITP]: 9.802639699962867e-9
Energy of ground state: -0.5030607411950042
[TDSE] Start TDSE-SH for elliptical polarized laser. It may cost a plenty of time.
[TDSE] Running TDSE-SH-elliptical. step 0, energy = -0.5030607411950042
par_lens = 0, 0, 0
[TDSE] Running TDSE-SH-elliptical. step 200, energy = -0.503060741194864
par_lens = 1, 1, 1
[TDSE] Running TDSE-SH-elliptical. step 400, energy = -0.5030607411947229
par_lens = 1, 1, 1
[TDSE] Running TDSE-SH-elliptical. step 600, energy = -0.5030607411945058
par_lens = 1, 1, 2
[TDSE] Running TDSE-SH-elliptical. step 800, energy = -0.5030607411940302
par_lens = 1, 1, 2
[TDSE] Running TDSE-SH-elliptical. step 1000, energy = -0.5030607411925972
par_lens = 1, 1, 2
[TDSE] Running TDSE-SH-elliptical. step 1200, energy = -0.5030607411885419
par_lens = 1, 1, 2
[TDSE] Running TDSE-SH-elliptical. step 1400, energy = -0.5030607411788746
par_lens = 1, 1, 2
[TDSE] Running TDSE-SH-elliptical. step 1600, energy = -0.5030607411572252
par_lens = 1, 1, 2
[TDSE] Running TDSE-SH-elliptical. step 1800, energy = -0.5030607411146073
par_lens = 1, 1, 2
[TDSE] Running TDSE-SH-elliptical. step 2000, energy = -0.5030607410335324
par_lens = 1, 1, 2
[TDSE] Running TDSE-SH-elliptical. step 2200, energy = -0.5030607408919808
par_lens = 1, 1, 2
[TDSE] Running TDSE-SH-elliptical. step 2400, energy = -0.5030607406506058
par_lens = 1, 1, 2
[TDSE] Running TDSE-SH-elliptical. step 2600, energy = -0.5030607402629791
par_lens = 1, 1, 2
[TDSE] Running TDSE-SH-elliptical. step 2800, energy = -0.5030607396515672
par_lens = 1, 1, 2
[TDSE] Running TDSE-SH-elliptical. step 3000, energy = -0.5030607387264586
par_lens = 1, 1, 2
[TDSE] Running TDSE-SH-elliptical. step 3200, energy = -0.5030607373537983
par_lens = 1, 1, 2
[TDSE] Running TDSE-SH-elliptical. step 3400, energy = -0.5030607353675537
par_lens = 1, 1, 2
[TDSE] Running TDSE-SH-elliptical. step 3600, energy = -0.5030607325548972
par_lens = 1, 1, 2
[TDSE] Running TDSE-SH-elliptical. step 3800, energy = -0.5030607286364414
par_lens = 1, 1, 2
[TDSE] Running TDSE-SH-elliptical. step 4000, energy = -0.5030607232897356
par_lens = 1, 1, 2
[TDSE] Running TDSE-SH-elliptical. step 4200, energy = -0.5030607160598558
par_lens = 1, 1, 2
[TDSE] Running TDSE-SH-elliptical. step 4400, energy = -0.5030607065068137
par_lens = 1, 1, 2
[TDSE] Running TDSE-SH-elliptical. step 4600, energy = -0.5030606939276153
par_lens = 1, 1, 2
[TDSE] Running TDSE-SH-elliptical. step 4800, energy = -0.503060677696432
par_lens = 1, 1, 2
[TDSE] Running TDSE-SH-elliptical. step 5000, energy = -0.503060656861495
par_lens = 1, 2, 2
[TDSE] Running TDSE-SH-elliptical. step 5200, energy = -0.5030606305318552
par_lens = 2, 2, 2
[TDSE] Running TDSE-SH-elliptical. step 5400, energy = -0.503060597425894
par_lens = 2, 2, 2
[TDSE] Running TDSE-SH-elliptical. step 5600, energy = -0.5030605563547158
par_lens = 2, 2, 2
[TDSE] Running TDSE-SH-elliptical. step 5800, energy = -0.5030605057525974
par_lens = 2, 2, 2
[TDSE] Running TDSE-SH-elliptical. step 6000, energy = -0.5030604438488121
par_lens = 2, 2, 2
[TDSE] Running TDSE-SH-elliptical. step 6200, energy = -0.503060369057032
par_lens = 2, 2, 2
[TDSE] Running TDSE-SH-elliptical. step 6400, energy = -0.5030602787497879
par_lens = 2, 2, 2
[TDSE] Running TDSE-SH-elliptical. step 6600, energy = -0.5030601713333682
par_lens = 2, 2, 2
[TDSE] Running TDSE-SH-elliptical. step 6800, energy = -0.5030600435136658
par_lens = 2, 2, 2
[TDSE] Running TDSE-SH-elliptical. step 7000, energy = -0.503059893547632
par_lens = 2, 2, 2
[TDSE] Running TDSE-SH-elliptical. step 7200, energy = -0.5030597169988417
par_lens = 2, 2, 2
[TDSE] Running TDSE-SH-elliptical. step 7400, energy = -0.5030595130410406
par_lens = 2, 2, 2
[TDSE] Running TDSE-SH-elliptical. step 7600, energy = -0.5030592758208211
par_lens = 2, 2, 2
[TDSE] Running TDSE-SH-elliptical. step 7800, energy = -0.5030590039157842
par_lens = 2, 2, 2
[TDSE] Running TDSE-SH-elliptical. step 8000, energy = -0.5030586924819616
par_lens = 2, 2, 2
[TDSE] Running TDSE-SH-elliptical. step 8200, energy = -0.5030583391486106
par_lens = 2, 2, 2
[TDSE] Running TDSE-SH-elliptical. step 8400, energy = -0.503057938278296
par_lens = 2, 2, 2
[TDSE] Running TDSE-SH-elliptical. step 8600, energy = -0.5030574877841398
par_lens = 2, 2, 2
[TDSE] Running TDSE-SH-elliptical. step 8800, energy = -0.5030569837680287
par_lens = 2, 2, 2
[TDSE] Running TDSE-SH-elliptical. step 9000, energy = -0.5030564205024933
par_lens = 2, 2, 2
[TDSE] Running TDSE-SH-elliptical. step 9200, energy = -0.5030557982454706
par_lens = 2, 2, 2
[TDSE] Running TDSE-SH-elliptical. step 9400, energy = -0.5030551080863576
par_lens = 2, 2, 2
[TDSE] Running TDSE-SH-elliptical. step 9600, energy = -0.5030543533120424
par_lens = 2, 2, 2
[TDSE] Running TDSE-SH-elliptical. step 9800, energy = -0.5030535242154235
par_lens = 2, 2, 2
[TDSE] Running TDSE-SH-elliptical. step 10000, energy = -0.5030526254413603
par_lens = 2, 2, 2
[TDSE] Running TDSE-SH-elliptical. step 10200, energy = -0.5030515678730904
par_lens = 2, 2, 2
[TDSE] Running TDSE-SH-elliptical. step 10400, energy = -0.5030493212814577
par_lens = 2, 2, 2
[TDSE] Running TDSE-SH-elliptical. step 10600, energy = -0.5030466093660141
par_lens = 2, 2, 2
[TDSE] Running TDSE-SH-elliptical. step 10800, energy = -0.5030484278364983
par_lens = 2, 2, 2
[TDSE] Running TDSE-SH-elliptical. step 11000, energy = -0.5030560441564865
par_lens = 2, 2, 2
[TDSE] Running TDSE-SH-elliptical. step 11200, energy = -0.5030533476404672
par_lens = 2, 2, 2
[TDSE] Running TDSE-SH-elliptical. step 11400, energy = -0.5030154561763411
par_lens = 4, 3, 3
[TDSE] Running TDSE-SH-elliptical. step 11600, energy = -0.5029594402922996
par_lens = 4, 3, 3
[TDSE] Running TDSE-SH-elliptical. step 11800, energy = -0.5029572783627048
par_lens = 4, 3, 3
[TDSE] Running TDSE-SH-elliptical. step 12000, energy = -0.5029973339549694
par_lens = 3, 3, 3
[TDSE] Running TDSE-SH-elliptical. step 12200, energy = -0.5028431709409455
par_lens = 4, 4, 3
[TDSE] Running TDSE-SH-elliptical. step 12400, energy = -0.5022017259945
par_lens = 5, 5, 5
[TDSE] Running TDSE-SH-elliptical. step 12600, energy = -0.5012355186950831
par_lens = 7, 7, 7
[TDSE] Running TDSE-SH-elliptical. step 12800, energy = -0.5007345358045358
par_lens = 7, 7, 7
[TDSE] Running TDSE-SH-elliptical. step 13000, energy = -0.5013552892571879
par_lens = 6, 6, 6
[TDSE] Running TDSE-SH-elliptical. step 13200, energy = -0.5024513340647485
par_lens = 5, 5, 6
[TDSE] Running TDSE-SH-elliptical. step 13400, energy = -0.5022958995007548
par_lens = 5, 5, 6
[TDSE] Running TDSE-SH-elliptical. step 13600, energy = -0.5000794472542744
par_lens = 8, 7, 7
[TDSE] Running TDSE-SH-elliptical. step 13800, energy = -0.4975963219509931
par_lens = 10, 9, 8
[TDSE] Running TDSE-SH-elliptical. step 14000, energy = -0.4977501693907662
par_lens = 9, 9, 8
[TDSE] Running TDSE-SH-elliptical. step 14200, energy = -0.5005158954121435
par_lens = 9, 10, 8
[TDSE] Running TDSE-SH-elliptical. step 14400, energy = -0.5015285587737515
par_lens = 9, 10, 9
[TDSE] Running TDSE-SH-elliptical. step 14600, energy = -0.4964375552312007
par_lens = 10, 10, 9
[TDSE] Running TDSE-SH-elliptical. step 14800, energy = -0.4874237383508737
par_lens = 13, 12, 13
[TDSE] Running TDSE-SH-elliptical. step 15000, energy = -0.4828070715560987
par_lens = 14, 13, 14
[TDSE] Running TDSE-SH-elliptical. step 15200, energy = -0.48820080783755215
par_lens = 17, 16, 16
[TDSE] Running TDSE-SH-elliptical. step 15400, energy = -0.49771832398835775
par_lens = 18, 18, 18
[TDSE] Running TDSE-SH-elliptical. step 15600, energy = -0.4985554711157083
par_lens = 18, 19, 18
[TDSE] Running TDSE-SH-elliptical. step 15800, energy = -0.4858552615849005
par_lens = 18, 19, 18
[TDSE] Running TDSE-SH-elliptical. step 16000, energy = -0.4714747541943992
par_lens = 20, 20, 21
[TDSE] Running TDSE-SH-elliptical. step 16200, energy = -0.47191386737067237
par_lens = 23, 23, 22
[TDSE] Running TDSE-SH-elliptical. step 16400, energy = -0.4874546649431237
par_lens = 26, 26, 27
[TDSE] Running TDSE-SH-elliptical. step 16600, energy = -0.496966638140069
par_lens = 26, 27, 28
[TDSE] Running TDSE-SH-elliptical. step 16800, energy = -0.48077399472616317
par_lens = 26, 26, 28
  Activating project at `~/JuliaProp_v0.1`
[TDSE] Running TDSE-SH-elliptical. step 17000, energy = -0.44752527325519287
par_lens = 28, 28, 27
[TDSE] Running TDSE-SH-elliptical. step 17200, energy = -0.43017983357087153
par_lens = 35, 35, 34
[TDSE] Running TDSE-SH-elliptical. step 17400, energy = -0.44848258093158233
par_lens = 45, 43, 43
[TDSE] Running TDSE-SH-elliptical. step 17600, energy = -0.4829350714591532
par_lens = 51, 51, 52
[TDSE] Running TDSE-SH-elliptical. step 17800, energy = -0.489959540870289
par_lens = 52, 53, 53
[TDSE] Running TDSE-SH-elliptical. step 18000, energy = -0.4538771774118054
par_lens = 51, 49, 49
[TDSE] Running TDSE-SH-elliptical. step 18200, energy = -0.4115523265291872
par_lens = 41, 40, 38
[TDSE] Running TDSE-SH-elliptical. step 18400, energy = -0.4115143724548928
par_lens = 57, 57, 57
[TDSE] Running TDSE-SH-elliptical. step 18600, energy = -0.4550136043588783
par_lens = 70, 70, 70
[TDSE] Running TDSE-SH-elliptical. step 18800, energy = -0.487044877559268
par_lens = 77, 76, 76
[TDSE] Running TDSE-SH-elliptical. step 19000, energy = -0.45394860041997875
par_lens = 77, 75, 76
[TDSE] Running TDSE-SH-elliptical. step 19200, energy = -0.37651945054575603
par_lens = 61, 61, 56
[TDSE] Running TDSE-SH-elliptical. step 19400, energy = -0.3357075886329707
par_lens = 77, 75, 75
[TDSE] Running TDSE-SH-elliptical. step 19600, energy = -0.37413142299724167
par_lens = 103, 104, 104
[TDSE] Running TDSE-SH-elliptical. step 19800, energy = -0.4538093789673328
par_lens = 128, 128, 129
[TDSE] Running TDSE-SH-elliptical. step 20000, energy = -0.4765518244019678
par_lens = 135, 134, 135
[TDSE] Running TDSE-SH-elliptical. step 20200, energy = -0.4062543717322096
par_lens = 135, 129, 131
[TDSE] Running TDSE-SH-elliptical. step 20400, energy = -0.3206264857422373
par_lens = 99, 97, 98
[TDSE] Running TDSE-SH-elliptical. step 20600, energy = -0.3203656390787466
par_lens = 112, 114, 111
[TDSE] Running TDSE-SH-elliptical. step 20800, energy = -0.40063924103841053
par_lens = 159, 158, 161
[TDSE] Running TDSE-SH-elliptical. step 21000, energy = -0.47091169956711343
par_lens = 174, 170, 172
[TDSE] Running TDSE-SH-elliptical. step 21200, energy = -0.42057550799081395
par_lens = 168, 163, 172
[TDSE] Running TDSE-SH-elliptical. step 21400, energy = -0.28500948457725717
par_lens = 137, 133, 137
[TDSE] Running TDSE-SH-elliptical. step 21600, energy = -0.21375281053637263
par_lens = 124, 123, 128
[TDSE] Running TDSE-SH-elliptical. step 21800, energy = -0.27645340328912016
par_lens = 196, 196, 194
[TDSE] Running TDSE-SH-elliptical. step 22000, energy = -0.40963815474183723
par_lens = 255, 254, 253
[TDSE] Running TDSE-SH-elliptical. step 22200, energy = -0.459153882786341
par_lens = 266, 268, 269
[TDSE] Running TDSE-SH-elliptical. step 22400, energy = -0.35430371158861795
par_lens = 258, 260, 262
[TDSE] Running TDSE-SH-elliptical. step 22600, energy = -0.21919456929379394
par_lens = 198, 201, 199
[TDSE] Running TDSE-SH-elliptical. step 22800, energy = -0.2217556892169292
par_lens = 187, 186, 188
[TDSE] Running TDSE-SH-elliptical. step 23000, energy = -0.33332164311083856
par_lens = 266, 268, 268
[TDSE] Running TDSE-SH-elliptical. step 23200, energy = -0.44622548811991786
par_lens = 297, 299, 300
[TDSE] Running TDSE-SH-elliptical. step 23400, energy = -0.38767132820832956
par_lens = 296, 293, 296
[TDSE] Running TDSE-SH-elliptical. step 23600, energy = -0.19855692944181444
par_lens = 248, 249, 255
[TDSE] Running TDSE-SH-elliptical. step 23800, energy = -0.09581704158288959
par_lens = 226, 223, 222
[TDSE] Running TDSE-SH-elliptical. step 24000, energy = -0.1837472311744146
par_lens = 308, 308, 310
[TDSE] Running TDSE-SH-elliptical. step 24200, energy = -0.35417104835440316
par_lens = 371, 369, 371
[TDSE] Running TDSE-SH-elliptical. step 24400, energy = -0.4338870401467409
par_lens = 385, 384, 382
[TDSE] Running TDSE-SH-elliptical. step 24600, energy = -0.31300384287309624
par_lens = 382, 379, 368
[TDSE] Running TDSE-SH-elliptical. step 24800, energy = -0.14030920384404505
par_lens = 337, 328, 339
[TDSE] Running TDSE-SH-elliptical. step 25000, energy = -0.1440685556835824
par_lens = 314, 308, 313
[TDSE] Running TDSE-SH-elliptical. step 25200, energy = -0.2722256883870992
par_lens = 361, 359, 366
[TDSE] Running TDSE-SH-elliptical. step 25400, energy = -0.4116216316844633
par_lens = 395, 396, 393
[TDSE] Running TDSE-SH-elliptical. step 25600, energy = -0.3573741113260177
par_lens = 391, 393, 394
[TDSE] Running TDSE-SH-elliptical. step 25800, energy = -0.14677463234934623
par_lens = 355, 355, 348
[TDSE] Running TDSE-SH-elliptical. step 26000, energy = -0.02303057390894098
par_lens = 332, 337, 341
[TDSE] Running TDSE-SH-elliptical. step 26200, energy = -0.12329057407920604
par_lens = 395, 389, 390
[TDSE] Running TDSE-SH-elliptical. step 26400, energy = -0.3016879630302282
par_lens = 409, 407, 408
[TDSE] Running TDSE-SH-elliptical. step 26600, energy = -0.40285130377009
par_lens = 408, 407, 408
[TDSE] Running TDSE-SH-elliptical. step 26800, energy = -0.2926301401183699
par_lens = 407, 403, 405
[TDSE] Running TDSE-SH-elliptical. step 27000, energy = -0.11426628334001228
par_lens = 394, 394, 391
[TDSE] Running TDSE-SH-elliptical. step 27200, energy = -0.11633699924465572
par_lens = 382, 379, 377
[TDSE] Running TDSE-SH-elliptical. step 27400, energy = -0.23717512299955054
par_lens = 398, 392, 398
[TDSE] Running TDSE-SH-elliptical. step 27600, energy = -0.37793993170723605
par_lens = 407, 404, 404
[TDSE] Running TDSE-SH-elliptical. step 27800, energy = -0.3381628163948029
par_lens = 407, 405, 403
[TDSE] Running TDSE-SH-elliptical. step 28000, energy = -0.1442520371076151
par_lens = 395, 394, 393
[TDSE] Running TDSE-SH-elliptical. step 28200, energy = -0.025538959211303565
par_lens = 408, 405, 405
[TDSE] Running TDSE-SH-elliptical. step 28400, energy = -0.1113436188544688
par_lens = 409, 408, 408
[TDSE] Running TDSE-SH-elliptical. step 28600, energy = -0.2748201631294647
par_lens = 409, 408, 408
[TDSE] Running TDSE-SH-elliptical. step 28800, energy = -0.37770117638656203
par_lens = 409, 408, 408
[TDSE] Running TDSE-SH-elliptical. step 29000, energy = -0.29550468389048634
par_lens = 409, 408, 408
[TDSE] Running TDSE-SH-elliptical. step 29200, energy = -0.1500409238561135
par_lens = 409, 408, 408
[TDSE] Running TDSE-SH-elliptical. step 29400, energy = -0.14531393831810535
par_lens = 409, 408, 408
[TDSE] Running TDSE-SH-elliptical. step 29600, energy = -0.2397131211653245
par_lens = 409, 408, 408
[TDSE] Running TDSE-SH-elliptical. step 29800, energy = -0.36272513608918916
par_lens = 409, 408, 408
[TDSE] Running TDSE-SH-elliptical. step 30000, energy = -0.3372637312179803
par_lens = 409, 408, 408
[TDSE] Running TDSE-SH-elliptical. step 30200, energy = -0.18433211436087102
par_lens = 409, 408, 408
[TDSE] Running TDSE-SH-elliptical. step 30400, energy = -0.09171957529204815
par_lens = 409, 408, 408
[TDSE] Running TDSE-SH-elliptical. step 30600, energy = -0.14638617552225866
par_lens = 409, 408, 408
[TDSE] Running TDSE-SH-elliptical. step 30800, energy = -0.28001016917982086
par_lens = 409, 408, 408
[TDSE] Running TDSE-SH-elliptical. step 31000, energy = -0.3714793277071666
par_lens = 409, 408, 408
[TDSE] Running TDSE-SH-elliptical. step 31200, energy = -0.32395706889037207
par_lens = 409, 408, 408
[TDSE] Running TDSE-SH-elliptical. step 31400, energy = -0.2300075274596263
par_lens = 409, 408, 408
[TDSE] Running TDSE-SH-elliptical. step 31600, energy = -0.21338145111251183
par_lens = 409, 408, 408
[TDSE] Running TDSE-SH-elliptical. step 31800, energy = -0.2846782914385518
par_lens = 409, 408, 408
[TDSE] Running TDSE-SH-elliptical. step 32000, energy = -0.3699406465836855
par_lens = 409, 408, 408
[TDSE] Running TDSE-SH-elliptical. step 32200, energy = -0.35602131269741677
par_lens = 409, 408, 408
[TDSE] Running TDSE-SH-elliptical. step 32400, energy = -0.25476343157332154
par_lens = 409, 408, 408
[TDSE] Running TDSE-SH-elliptical. step 32600, energy = -0.19254039860858477
par_lens = 409, 408, 408
[TDSE] Running TDSE-SH-elliptical. step 32800, energy = -0.22314990525200518
par_lens = 409, 408, 408
[TDSE] Running TDSE-SH-elliptical. step 33000, energy = -0.3109934228865107
par_lens = 409, 408, 408
[TDSE] Running TDSE-SH-elliptical. step 33200, energy = -0.37990160208104673
par_lens = 409, 408, 408
[TDSE] Running TDSE-SH-elliptical. step 33400, energy = -0.36266459156257663
par_lens = 409, 408, 408
[TDSE] Running TDSE-SH-elliptical. step 33600, energy = -0.30975706568035766
par_lens = 409, 408, 408
[TDSE] Running TDSE-SH-elliptical. step 33800, energy = -0.30172977857035266
par_lens = 409, 408, 408
[TDSE] Running TDSE-SH-elliptical. step 34000, energy = -0.3357623558768095
par_lens = 409, 408, 408
[TDSE] Running TDSE-SH-elliptical. step 34200, energy = -0.38273193829939184
par_lens = 409, 408, 408
[TDSE] Running TDSE-SH-elliptical. step 34400, energy = -0.3759992518304453
par_lens = 409, 408, 408
[TDSE] Running TDSE-SH-elliptical. step 34600, energy = -0.32482459990385404
par_lens = 409, 408, 408
[TDSE] Running TDSE-SH-elliptical. step 34800, energy = -0.282899232956151
par_lens = 409, 408, 408
[TDSE] Running TDSE-SH-elliptical. step 35000, energy = -0.3008647126838472
par_lens = 409, 408, 408
[TDSE] Running TDSE-SH-elliptical. step 35200, energy = -0.3488900900993919
par_lens = 409, 408, 408
[TDSE] Running TDSE-SH-elliptical. step 35400, energy = -0.38811953197447907
par_lens = 409, 408, 408
[TDSE] Running TDSE-SH-elliptical. step 35600, energy = -0.3876411873399276
par_lens = 409, 408, 408
[TDSE] Running TDSE-SH-elliptical. step 35800, energy = -0.3710507169216737
par_lens = 409, 408, 408
[TDSE] Running TDSE-SH-elliptical. step 36000, energy = -0.359364682060795
par_lens = 409, 408, 408
[TDSE] Running TDSE-SH-elliptical. step 36200, energy = -0.3809146946518679
par_lens = 409, 408, 408
[TDSE] Running TDSE-SH-elliptical. step 36400, energy = -0.3935264705144465
par_lens = 409, 408, 408
[TDSE] Running TDSE-SH-elliptical. step 36600, energy = -0.3904097694748853
par_lens = 409, 408, 408
[TDSE] Running TDSE-SH-elliptical. step 36800, energy = -0.3666423172745663
par_lens = 409, 408, 408
[TDSE] Running TDSE-SH-elliptical. step 37000, energy = -0.3539987374932545
par_lens = 409, 408, 408
[TDSE] Running TDSE-SH-elliptical. step 37200, energy = -0.3557189023632576
par_lens = 409, 408, 408
[TDSE] Running TDSE-SH-elliptical. step 37400, energy = -0.37673291191953956
par_lens = 409, 408, 408
[TDSE] Running TDSE-SH-elliptical. step 37600, energy = -0.39475065297038037
par_lens = 409, 408, 408
[TDSE] Running TDSE-SH-elliptical. step 37800, energy = -0.3985324816200438
par_lens = 409, 408, 408
[TDSE] Running TDSE-SH-elliptical. step 38000, energy = -0.39549862773948347
par_lens = 409, 408, 408
[TDSE] Running TDSE-SH-elliptical. step 38200, energy = -0.3961778143511868
par_lens = 409, 408, 408
[TDSE] Running TDSE-SH-elliptical. step 38400, energy = -0.3965916324145034
par_lens = 409, 408, 408
[TDSE] Running TDSE-SH-elliptical. step 38600, energy = -0.40039266407568236
par_lens = 409, 408, 408
[TDSE] Running TDSE-SH-elliptical. step 38800, energy = -0.39684832507902906
par_lens = 409, 408, 408
[TDSE] Running TDSE-SH-elliptical. step 39000, energy = -0.3904924960555102
par_lens = 409, 408, 408
[TDSE] Running TDSE-SH-elliptical. step 39200, energy = -0.3864342794200815
par_lens = 409, 408, 408
[TDSE] Running TDSE-SH-elliptical. step 39400, energy = -0.3871636028030021
par_lens = 409, 408, 408
[TDSE] Running TDSE-SH-elliptical. step 39600, energy = -0.39312160770196736
par_lens = 409, 408, 408
[TDSE] Running TDSE-SH-elliptical. step 39800, energy = -0.39638751717333665
par_lens = 409, 408, 408
[TDSE] Running TDSE-SH-elliptical. step 40000, energy = -0.40075829313098943
par_lens = 409, 408, 408
[TDSE] Running TDSE-SH-elliptical. step 40200, energy = -0.4013447652126871
par_lens = 409, 408, 408
[TDSE] Running TDSE-SH-elliptical. step 40400, energy = -0.40177866193050377
par_lens = 409, 408, 408
[TDSE] Running TDSE-SH-elliptical. step 40600, energy = -0.4015232292869588
par_lens = 409, 408, 408
[TDSE] Running TDSE-SH-elliptical. step 40800, energy = -0.40149378992872536
par_lens = 409, 408, 408
[TDSE] Running TDSE-SH-elliptical. step 41000, energy = -0.39966514330122027
par_lens = 409, 408, 408
[TDSE] Running TDSE-SH-elliptical. step 41200, energy = -0.39989120959836955
par_lens = 409, 408, 408
[TDSE] Running TDSE-SH-elliptical. step 41400, energy = -0.3983385199633765
par_lens = 409, 408, 408
[TDSE] Running TDSE-SH-elliptical. step 41600, energy = -0.3997974709014024
par_lens = 409, 408, 408
[TDSE] Running TDSE-SH-elliptical. step 41800, energy = -0.39987526179745864
par_lens = 409, 408, 408
[TDSE] Running TDSE-SH-elliptical. step 42000, energy = -0.40068962592294105
par_lens = 409, 408, 408
[TDSE] Running TDSE-SH-elliptical. step 42200, energy = -0.40102390280132844
par_lens = 409, 408, 408
[TDSE] Running TDSE-SH-elliptical. step 42400, energy = -0.40206952175841043
par_lens = 409, 408, 408
[TDSE] Running TDSE-SH-elliptical. step 42600, energy = -0.4018873997460824
par_lens = 409, 408, 408
[TDSE] Running TDSE-SH-elliptical. step 42800, energy = -0.4020595954003386
par_lens = 409, 408, 408
[TDSE] Running TDSE-SH-elliptical. step 43000, energy = -0.40286312515778766
par_lens = 409, 408, 408
[TDSE] Running TDSE-SH-elliptical. step 43200, energy = -0.40269081460125905
par_lens = 409, 408, 408
[TDSE] Running TDSE-SH-elliptical. step 43400, energy = -0.4033422271665642
par_lens = 409, 408, 408
[TDSE] Running TDSE-SH-elliptical. step 43600, energy = -0.4033231096607579
par_lens = 409, 408, 408
[TDSE] Running TDSE-SH-elliptical. step 43800, energy = -0.404190670539441
par_lens = 409, 408, 408
[TDSE] Running TDSE-SH-elliptical. step 44000, energy = -0.4038272662974867
par_lens = 409, 408, 408
[TDSE] Running TDSE-SH-elliptical. step 44200, energy = -0.4049366836561105
par_lens = 409, 408, 408
[TDSE] Running TDSE-SH-elliptical. step 44400, energy = -0.40420655861665433
par_lens = 409, 408, 408
[TDSE] Running TDSE-SH-elliptical. step 44600, energy = -0.40577215840457087
par_lens = 409, 408, 408
[TDSE] Running TDSE-SH-elliptical. step 44800, energy = -0.40510254426970965
par_lens = 409, 408, 408
[TDSE] Running TDSE-SH-elliptical. step 45000, energy = -0.40636610039942384
par_lens = 409, 408, 408
