[ITP]: 10000.471108571397
[ITP]: 0.022107823405609905
[ITP]: 0.004976805475414736
[ITP]: 0.0021058954092971205
[ITP]: 0.001084104546129061
[ITP]: 0.0006160870179273692
[ITP]: 0.0003714642087823128
[ITP]: 0.00023286611963801995
[ITP]: 0.0001500123428329614
[ITP]: 9.857967926441003e-5
[ITP]: 6.57601184761436e-5
[ITP]: 4.43786526744816e-5
[ITP]: 3.022437766897479e-5
[ITP]: 2.0735965556739622e-5
[ITP]: 1.4311264988853267e-5
[ITP]: 9.92563006574354e-6
[ITP]: 6.9119921211058255e-6
[ITP]: 4.82976755122877e-6
[ITP]: 3.384510666504248e-6
[ITP]: 2.3775199649023193e-6
[ITP]: 1.6736194445865493e-6
[ITP]: 1.1802274751948616e-6
[ITP]: 8.335748883370186e-7
[ITP]: 5.895273362810372e-7
[ITP]: 4.174150680658073e-7
[ITP]: 2.958509506267859e-7
[ITP]: 2.098764437796774e-7
[ITP]: 1.4900242706339384e-7
[ITP]: 1.0585745457980522e-7
[ITP]: 7.525113565609587e-8
[ITP]: 5.352267851144177e-8
[ITP]: 3.808635307134267e-8
[ITP]: 2.7113442158110956e-8
[ITP]: 1.9309163601377577e-8
[ITP]: 1.3755872219078924e-8
[ITP]: 9.802639699962867e-9
Energy of ground state: -0.5030607411950042
[TDSE] Start TDSE-SH for elliptical polarized laser. It may cost a plenty of time.
[TDSE] Running TDSE-SH-elliptical. step 0, energy = -0.5030607411950033
  |->  par_lens = 1, 1, 1
[TDSE] Running TDSE-SH-elliptical. step 200, energy = -0.50306074119486
  |->  par_lens = 1, 1, 1
[TDSE] Running TDSE-SH-elliptical. step 400, energy = -0.5030607411947183
  |->  par_lens = 1, 1, 1
[TDSE] Running TDSE-SH-elliptical. step 600, energy = -0.5030607411945779
  |->  par_lens = 1, 1, 2
[TDSE] Running TDSE-SH-elliptical. step 800, energy = -0.5030607411944137
  |->  par_lens = 1, 1, 2
[TDSE] Running TDSE-SH-elliptical. step 1000, energy = -0.5030607411942138
  |->  par_lens = 1, 1, 2
[TDSE] Running TDSE-SH-elliptical. step 1200, energy = -0.5030607411939552
  |->  par_lens = 1, 1, 2
[TDSE] Running TDSE-SH-elliptical. step 1400, energy = -0.5030607411936001
  |->  par_lens = 1, 1, 2
[TDSE] Running TDSE-SH-elliptical. step 1600, energy = -0.50306074119302
  |->  par_lens = 1, 1, 2
[TDSE] Running TDSE-SH-elliptical. step 1800, energy = -0.5030607411922386
  |->  par_lens = 1, 1, 2
[TDSE] Running TDSE-SH-elliptical. step 2000, energy = -0.5030607411910538
  |->  par_lens = 1, 1, 2
[TDSE] Running TDSE-SH-elliptical. step 2200, energy = -0.5030607411895195
  |->  par_lens = 1, 1, 2
[TDSE] Running TDSE-SH-elliptical. step 2400, energy = -0.5030607411874235
  |->  par_lens = 1, 1, 2
[TDSE] Running TDSE-SH-elliptical. step 2600, energy = -0.5030607411849208
  |->  par_lens = 1, 1, 2
[TDSE] Running TDSE-SH-elliptical. step 2800, energy = -0.5030607411817729
  |->  par_lens = 1, 1, 2
[TDSE] Running TDSE-SH-elliptical. step 3000, energy = -0.5030607411782488
  |->  par_lens = 1, 1, 2
[TDSE] Running TDSE-SH-elliptical. step 3200, energy = -0.5030607411741302
  |->  par_lens = 1, 1, 2
[TDSE] Running TDSE-SH-elliptical. step 3400, energy = -0.503060741169755
  |->  par_lens = 1, 1, 2
[TDSE] Running TDSE-SH-elliptical. step 3600, energy = -0.5030607411650085
  |->  par_lens = 1, 1, 2
[TDSE] Running TDSE-SH-elliptical. step 3800, energy = -0.5030607411602067
  |->  par_lens = 1, 1, 2
[TDSE] Running TDSE-SH-elliptical. step 4000, energy = -0.5030607411553372
  |->  par_lens = 1, 1, 2
[TDSE] Running TDSE-SH-elliptical. step 4200, energy = -0.5030607411506545
  |->  par_lens = 1, 1, 2
[TDSE] Running TDSE-SH-elliptical. step 4400, energy = -0.5030607411462535
  |->  par_lens = 1, 1, 2
[TDSE] Running TDSE-SH-elliptical. step 4600, energy = -0.5030607411422342
  |->  par_lens = 1, 1, 2
[TDSE] Running TDSE-SH-elliptical. step 4800, energy = -0.5030607411387793
  |->  par_lens = 1, 1, 2
[TDSE] Running TDSE-SH-elliptical. step 5000, energy = -0.5030607411358148
  |->  par_lens = 1, 1, 2
[TDSE] Running TDSE-SH-elliptical. step 5200, energy = -0.5030607411335963
  |->  par_lens = 1, 1, 2
[TDSE] Running TDSE-SH-elliptical. step 5400, energy = -0.5030607411318118
  |->  par_lens = 1, 1, 2
[TDSE] Running TDSE-SH-elliptical. step 5600, energy = -0.503060741130769
  |->  par_lens = 1, 1, 2
[TDSE] Running TDSE-SH-elliptical. step 5800, energy = -0.5030607411299581
  |->  par_lens = 1, 1, 2
[TDSE] Running TDSE-SH-elliptical. step 6000, energy = -0.5030607411297495
  |->  par_lens = 1, 1, 2
[TDSE] Running TDSE-SH-elliptical. step 6200, energy = -0.5030607411294293
  |->  par_lens = 1, 1, 2
[TDSE] Running TDSE-SH-elliptical. step 6400, energy = -0.5030607411294205
  |->  par_lens = 1, 1, 2
[TDSE] Running TDSE-SH-elliptical. step 6600, energy = -0.5030607411288996
  |->  par_lens = 1, 1, 2
[TDSE] Running TDSE-SH-elliptical. step 6800, energy = -0.5030607411282706
  |->  par_lens = 1, 1, 2
[TDSE] Running TDSE-SH-elliptical. step 7000, energy = -0.5030607411265797
  |->  par_lens = 1, 1, 2
[TDSE] Running TDSE-SH-elliptical. step 7200, energy = -0.5030607411242192
  |->  par_lens = 1, 1, 2
[TDSE] Running TDSE-SH-elliptical. step 7400, energy = -0.5030607411201667
  |->  par_lens = 1, 1, 2
[TDSE] Running TDSE-SH-elliptical. step 7600, energy = -0.5030607411146143
  |->  par_lens = 1, 1, 2
[TDSE] Running TDSE-SH-elliptical. step 7800, energy = -0.5030607411063464
  |->  par_lens = 1, 1, 2
[TDSE] Running TDSE-SH-elliptical. step 8000, energy = -0.5030607410952883
  |->  par_lens = 1, 1, 2
[TDSE] Running TDSE-SH-elliptical. step 8200, energy = -0.5030607410798695
  |->  par_lens = 1, 1, 2
[TDSE] Running TDSE-SH-elliptical. step 8400, energy = -0.5030607410594983
  |->  par_lens = 1, 1, 2
[TDSE] Running TDSE-SH-elliptical. step 8600, energy = -0.503060741032004
  |->  par_lens = 1, 1, 2
[TDSE] Running TDSE-SH-elliptical. step 8800, energy = -0.5030607409960859
  |->  par_lens = 1, 1, 2
[TDSE] Running TDSE-SH-elliptical. step 9000, energy = -0.50306074094858
  |->  par_lens = 1, 1, 2
[TDSE] Running TDSE-SH-elliptical. step 9200, energy = -0.5030607408872482
  |->  par_lens = 1, 1, 2
[TDSE] Running TDSE-SH-elliptical. step 9400, energy = -0.5030607408076132
  |->  par_lens = 1, 1, 2
[TDSE] Running TDSE-SH-elliptical. step 9600, energy = -0.503060740706197
  |->  par_lens = 1, 1, 2
[TDSE] Running TDSE-SH-elliptical. step 9800, energy = -0.5030607405769572
  |->  par_lens = 1, 1, 2
[TDSE] Running TDSE-SH-elliptical. step 10000, energy = -0.5030607404150331
  |->  par_lens = 1, 1, 2
[TDSE] Running TDSE-SH-elliptical. step 10200, energy = -0.5030607380074843
  |->  par_lens = 1, 1, 2
[TDSE] Running TDSE-SH-elliptical. step 10400, energy = -0.503060662408497
  |->  par_lens = 2, 2, 2
[TDSE] Running TDSE-SH-elliptical. step 10600, energy = -0.5030604607254594
  |->  par_lens = 2, 2, 2
[TDSE] Running TDSE-SH-elliptical. step 10800, energy = -0.5030599825346489
  |->  par_lens = 2, 2, 2
[TDSE] Running TDSE-SH-elliptical. step 11000, energy = -0.5030527715136891
  |->  par_lens = 3, 2, 2
[TDSE] Running TDSE-SH-elliptical. step 11200, energy = -0.5030169396888365
  |->  par_lens = 4, 3, 3
[TDSE] Running TDSE-SH-elliptical. step 11400, energy = -0.50293588166838
  |->  par_lens = 4, 3, 3
[TDSE] Running TDSE-SH-elliptical. step 11600, energy = -0.5028517332501987
  |->  par_lens = 5, 4, 4
[TDSE] Running TDSE-SH-elliptical. step 11800, energy = -0.5028641453947855
  |->  par_lens = 5, 5, 5
[TDSE] Running TDSE-SH-elliptical. step 12000, energy = -0.5029648800523495
  |->  par_lens = 4, 4, 3
[TDSE] Running TDSE-SH-elliptical. step 12200, energy = -0.5029021684372601
  |->  par_lens = 4, 4, 3
[TDSE] Running TDSE-SH-elliptical. step 12400, energy = -0.5023792466328486
  |->  par_lens = 5, 5, 6
[TDSE] Running TDSE-SH-elliptical. step 12600, energy = -0.5015734083881672
  |->  par_lens = 7, 7, 7
[TDSE] Running TDSE-SH-elliptical. step 12800, energy = -0.5012364028078145
  |->  par_lens = 7, 7, 7
[TDSE] Running TDSE-SH-elliptical. step 13000, energy = -0.5018663767814355
  |->  par_lens = 6, 6, 7
[TDSE] Running TDSE-SH-elliptical. step 13200, energy = -0.502635728262261
  |->  par_lens = 6, 5, 6
[TDSE] Running TDSE-SH-elliptical. step 13400, energy = -0.5018439495502981
  |->  par_lens = 6, 6, 7
[TDSE] Running TDSE-SH-elliptical. step 13600, energy = -0.49903694672104343
  |->  par_lens = 9, 9, 8
[TDSE] Running TDSE-SH-elliptical. step 13800, energy = -0.49643033469858217
  |->  par_lens = 10, 10, 10
[TDSE] Running TDSE-SH-elliptical. step 14000, energy = -0.4969757452584016
  |->  par_lens = 11, 10, 10
[TDSE] Running TDSE-SH-elliptical. step 14200, energy = -0.5002479005638008
  |->  par_lens = 11, 11, 12
[TDSE] Running TDSE-SH-elliptical. step 14400, energy = -0.5015320957158066
  |->  par_lens = 12, 11, 12
[TDSE] Running TDSE-SH-elliptical. step 14600, energy = -0.4967020143531596
  |->  par_lens = 12, 12, 12
[TDSE] Running TDSE-SH-elliptical. step 14800, energy = -0.48848078943805495
  |->  par_lens = 14, 13, 14
[TDSE] Running TDSE-SH-elliptical. step 15000, energy = -0.485090105469416
  |->  par_lens = 16, 17, 16
[TDSE] Running TDSE-SH-elliptical. step 15200, energy = -0.49099030055203974
  |->  par_lens = 18, 18, 18
[TDSE] Running TDSE-SH-elliptical. step 15400, energy = -0.4990836200570932
  |->  par_lens = 20, 20, 21
[TDSE] Running TDSE-SH-elliptical. step 15600, energy = -0.49687830870925287
  |->  par_lens = 21, 20, 21
[TDSE] Running TDSE-SH-elliptical. step 15800, energy = -0.48164379615073755
  |->  par_lens = 19, 19, 19
[TDSE] Running TDSE-SH-elliptical. step 16000, energy = -0.4672190503821261
  |->  par_lens = 25, 23, 23
[TDSE] Running TDSE-SH-elliptical. step 16200, energy = -0.4697328342024552
  |->  par_lens = 28, 28, 28
[TDSE] Running TDSE-SH-elliptical. step 16400, energy = -0.4871690191282367
  |->  par_lens = 32, 32, 32
[TDSE] Running TDSE-SH-elliptical. step 16600, energy = -0.4968525192750975
  |->  par_lens = 34, 35, 33
[TDSE] Running TDSE-SH-elliptical. step 16800, energy = -0.48047814363322877
  |->  par_lens = 35, 34, 34
[TDSE] Running TDSE-SH-elliptical. step 17000, energy = -0.4493240962291988
  |->  par_lens = 32, 29, 33
[TDSE] Running TDSE-SH-elliptical. step 17200, energy = -0.43614949183401164
  |->  par_lens = 40, 39, 41
[TDSE] Running TDSE-SH-elliptical. step 17400, energy = -0.4567774035826109
  |->  par_lens = 49, 51, 49
[TDSE] Running TDSE-SH-elliptical. step 17600, energy = -0.4876023906188566
  |->  par_lens = 58, 56, 56
[TDSE] Running TDSE-SH-elliptical. step 17800, energy = -0.48615277058800727
  |->  par_lens = 59, 57, 58
[TDSE] Running TDSE-SH-elliptical. step 18000, energy = -0.4432573688514236
  |->  par_lens = 52, 52, 55
[TDSE] Running TDSE-SH-elliptical. step 18200, energy = -0.40134242242897267
  |->  par_lens = 50, 54, 49
[TDSE] Running TDSE-SH-elliptical. step 18400, energy = -0.4069919893009383
  |->  par_lens = 68, 69, 69
[TDSE] Running TDSE-SH-elliptical. step 18600, energy = -0.45540069043579595
  |->  par_lens = 84, 85, 85
[TDSE] Running TDSE-SH-elliptical. step 18800, energy = -0.4869716758663856
  |->  par_lens = 92, 91, 92
[TDSE] Running TDSE-SH-elliptical. step 19000, energy = -0.45217204592077304
  |->  par_lens = 93, 92, 95
[TDSE] Running TDSE-SH-elliptical. step 19200, energy = -0.37887139757805094
  |->  par_lens = 76, 80, 73
[TDSE] Running TDSE-SH-elliptical. step 19400, energy = -0.3474619112581629
  |->  par_lens = 83, 85, 81
[TDSE] Running TDSE-SH-elliptical. step 19600, energy = -0.39143916987879385
  |->  par_lens = 116, 114, 114
[TDSE] Running TDSE-SH-elliptical. step 19800, energy = -0.4646663325717951
  |->  par_lens = 137, 135, 135
[TDSE] Running TDSE-SH-elliptical. step 20000, energy = -0.4702757920267754
  |->  par_lens = 141, 140, 142
[TDSE] Running TDSE-SH-elliptical. step 20200, energy = -0.3861885757144784
  |->  par_lens = 139, 140, 140
[TDSE] Running TDSE-SH-elliptical. step 20400, energy = -0.30180894715856305
  |->  par_lens = 106, 107, 106
[TDSE] Running TDSE-SH-elliptical. step 20600, energy = -0.3122413160434608
  |->  par_lens = 134, 140, 136
[TDSE] Running TDSE-SH-elliptical. step 20800, energy = -0.40216392674150964
  |->  par_lens = 181, 179, 181
[TDSE] Running TDSE-SH-elliptical. step 21000, energy = -0.4712314771235211
  |->  par_lens = 201, 199, 197
[TDSE] Running TDSE-SH-elliptical. step 21200, energy = -0.41668545261579776
  |->  par_lens = 204, 205, 199
[TDSE] Running TDSE-SH-elliptical. step 21400, energy = -0.28795385108606725
  |->  par_lens = 179, 180, 178
[TDSE] Running TDSE-SH-elliptical. step 21600, energy = -0.23358239700871064
  |->  par_lens = 160, 162, 159
[TDSE] Running TDSE-SH-elliptical. step 21800, energy = -0.3041892833993256
  |->  par_lens = 220, 217, 219
[TDSE] Running TDSE-SH-elliptical. step 22000, energy = -0.42935839260362174
  |->  par_lens = 265, 266, 264
[TDSE] Running TDSE-SH-elliptical. step 22200, energy = -0.45134737487920795
  |->  par_lens = 274, 274, 276
[TDSE] Running TDSE-SH-elliptical. step 22400, energy = -0.3235234099244691
  |->  par_lens = 271, 266, 269
[TDSE] Running TDSE-SH-elliptical. step 22600, energy = -0.1903717985861117
  |->  par_lens = 218, 215, 223
[TDSE] Running TDSE-SH-elliptical. step 22800, energy = -0.20964212487929917
  |->  par_lens = 243, 238, 234
[TDSE] Running TDSE-SH-elliptical. step 23000, energy = -0.33466609165794553
  |->  par_lens = 310, 309, 311
[TDSE] Running TDSE-SH-elliptical. step 23200, energy = -0.4470965953600089
  |->  par_lens = 341, 343, 344
[TDSE] Running TDSE-SH-elliptical. step 23400, energy = -0.38215896730139653
  |->  par_lens = 345, 345, 344
[TDSE] Running TDSE-SH-elliptical. step 23600, energy = -0.2017350233543141
  |->  par_lens = 314, 305, 308
[TDSE] Running TDSE-SH-elliptical. step 23800, energy = -0.12413366322170129
  |->  par_lens = 269, 275, 275
[TDSE] Running TDSE-SH-elliptical. step 24000, energy = -0.22055406257318563
  |->  par_lens = 348, 341, 340
[TDSE] Running TDSE-SH-elliptical. step 24200, energy = -0.38348416585249845
  |->  par_lens = 410, 409, 406
[TDSE] Running TDSE-SH-elliptical. step 24400, energy = -0.42673042168187864
  |->  par_lens = 419, 421, 420
[TDSE] Running TDSE-SH-elliptical. step 24600, energy = -0.2739845059137443
  |->  par_lens = 403, 405, 408
[TDSE] Running TDSE-SH-elliptical. step 24800, energy = -0.10214867645103247
  |->  par_lens = 345, 354, 356
[TDSE] Running TDSE-SH-elliptical. step 25000, energy = -0.1275409599185049
  |->  par_lens = 361, 360, 363
[TDSE] Running TDSE-SH-elliptical. step 25200, energy = -0.2702666813434799
  |->  par_lens = 432, 430, 426
[TDSE] Running TDSE-SH-elliptical. step 25400, energy = -0.41265580181560885
  |->  par_lens = 470, 471, 470
[TDSE] Running TDSE-SH-elliptical. step 25600, energy = -0.3521135175708264
  |->  par_lens = 470, 472, 472
[TDSE] Running TDSE-SH-elliptical. step 25800, energy = -0.15224621565581875
  |->  par_lens = 446, 443, 436
[TDSE] Running TDSE-SH-elliptical. step 26000, energy = -0.057289793432373684
  |->  par_lens = 420, 423, 416
[TDSE] Running TDSE-SH-elliptical. step 26200, energy = -0.16551135570301403
  |->  par_lens = 454, 447, 451
[TDSE] Running TDSE-SH-elliptical. step 26400, energy = -0.3371726277726964
  |->  par_lens = 499, 495, 498
[TDSE] Running TDSE-SH-elliptical. step 26600, energy = -0.3981502006739354
  |->  par_lens = 509, 510, 506
[TDSE] Running TDSE-SH-elliptical. step 26800, energy = -0.2523547168247296
  |->  par_lens = 504, 505, 503
[TDSE] Running TDSE-SH-elliptical. step 27000, energy = -0.07263932850753711
  |->  par_lens = 484, 490, 489
[TDSE] Running TDSE-SH-elliptical. step 27200, energy = -0.09690689249401498
  |->  par_lens = 487, 490, 483
[TDSE] Running TDSE-SH-elliptical. step 27400, energy = -0.23132376597759335
  |->  par_lens = 504, 501, 504
[TDSE] Running TDSE-SH-elliptical. step 27600, energy = -0.3781405311404238
  |->  par_lens = 519, 518, 516
[TDSE] Running TDSE-SH-elliptical. step 27800, energy = -0.33494359312295874
  |->  par_lens = 520, 518, 519
[TDSE] Running TDSE-SH-elliptical. step 28000, energy = -0.152067739289217
  |->  par_lens = 507, 499, 507
[TDSE] Running TDSE-SH-elliptical. step 28200, energy = -0.06126235410044435
  |->  par_lens = 495, 497, 501
[TDSE] Running TDSE-SH-elliptical. step 28400, energy = -0.15422441739283096
  |->  par_lens = 508, 517, 514
[TDSE] Running TDSE-SH-elliptical. step 28600, energy = -0.31104037108713206
  |->  par_lens = 529, 527, 531
[TDSE] Running TDSE-SH-elliptical. step 28800, energy = -0.3764381271160231
  |->  par_lens = 533, 533, 533
[TDSE] Running TDSE-SH-elliptical. step 29000, energy = -0.2589364657503451
  |->  par_lens = 526, 530, 530
[TDSE] Running TDSE-SH-elliptical. step 29200, energy = -0.10945049225650175
  |->  par_lens = 514, 520, 519
[TDSE] Running TDSE-SH-elliptical. step 29400, energy = -0.1221443173374338
  |->  par_lens = 521, 521, 508
[TDSE] Running TDSE-SH-elliptical. step 29600, energy = -0.2299914120565613
  |->  par_lens = 525, 531, 528
[TDSE] Running TDSE-SH-elliptical. step 29800, energy = -0.36158439582681845
  |->  par_lens = 537, 535, 535
[TDSE] Running TDSE-SH-elliptical. step 30000, energy = -0.33774753729298757
  |->  par_lens = 538, 536, 537
[TDSE] Running TDSE-SH-elliptical. step 30200, energy = -0.19800711308789604
  |->  par_lens = 533, 530, 533
[TDSE] Running TDSE-SH-elliptical. step 30400, energy = -0.12598349516720803
  |->  par_lens = 525, 522, 524
[TDSE] Running TDSE-SH-elliptical. step 30600, energy = -0.1871227099119494
  |->  par_lens = 535, 534, 534
[TDSE] Running TDSE-SH-elliptical. step 30800, energy = -0.3118260817699911
  |->  par_lens = 540, 540, 544
[TDSE] Running TDSE-SH-elliptical. step 31000, energy = -0.37246482605920256
  |->  par_lens = 539, 545, 547
[TDSE] Running TDSE-SH-elliptical. step 31200, energy = -0.2968209732322301
  |->  par_lens = 540, 543, 546
[TDSE] Running TDSE-SH-elliptical. step 31400, energy = -0.1944402971298321
  |->  par_lens = 533, 537, 531
[TDSE] Running TDSE-SH-elliptical. step 31600, energy = -0.18883657298422754
  |->  par_lens = 529, 534, 529
[TDSE] Running TDSE-SH-elliptical. step 31800, energy = -0.27210786085437083
  |->  par_lens = 538, 537, 541
[TDSE] Running TDSE-SH-elliptical. step 32000, energy = -0.3684875630595559
  |->  par_lens = 539, 542, 543
[TDSE] Running TDSE-SH-elliptical. step 32200, energy = -0.3591128382673505
  |->  par_lens = 542, 543, 542
[TDSE] Running TDSE-SH-elliptical. step 32400, energy = -0.26913612341020454
  |->  par_lens = 542, 538, 538
[TDSE] Running TDSE-SH-elliptical. step 32600, energy = -0.22213905196877354
  |->  par_lens = 532, 536, 538
[TDSE] Running TDSE-SH-elliptical. step 32800, energy = -0.2576951691713451
  |->  par_lens = 539, 543, 541
[TDSE] Running TDSE-SH-elliptical. step 33000, energy = -0.3393590072559969
  |->  par_lens = 543, 540, 544
[TDSE] Running TDSE-SH-elliptical. step 33200, energy = -0.3831806665596531
  |->  par_lens = 541, 544, 544
[TDSE] Running TDSE-SH-elliptical. step 33400, energy = -0.3430114306721674
  |->  par_lens = 545, 544, 543
[TDSE] Running TDSE-SH-elliptical. step 33600, energy = -0.28311098480070235
  |->  par_lens = 546, 541, 536
[TDSE] Running TDSE-SH-elliptical. step 33800, energy = -0.27915774414258093
  |->  par_lens = 534, 531, 533
[TDSE] Running TDSE-SH-elliptical. step 34000, energy = -0.3244781098394541
  |->  par_lens = 533, 532, 535
[TDSE] Running TDSE-SH-elliptical. step 34200, energy = -0.379811178218603
  |->  par_lens = 540, 538, 543
[TDSE] Running TDSE-SH-elliptical. step 34400, energy = -0.38061103130986895
  |->  par_lens = 537, 538, 541
[TDSE] Running TDSE-SH-elliptical. step 34600, energy = -0.3388186378492571
  |->  par_lens = 534, 530, 540
[TDSE] Running TDSE-SH-elliptical. step 34800, energy = -0.3071522491674643
  |->  par_lens = 533, 522, 531
[TDSE] Running TDSE-SH-elliptical. step 35000, energy = -0.3268405941527773
  |->  par_lens = 530, 521, 537
[TDSE] Running TDSE-SH-elliptical. step 35200, energy = -0.36763931625931184
  |->  par_lens = 530, 527, 536
[TDSE] Running TDSE-SH-elliptical. step 35400, energy = -0.39188036496310963
  |->  par_lens = 528, 529, 531
[TDSE] Running TDSE-SH-elliptical. step 35600, energy = -0.37790390616883657
  |->  par_lens = 526, 522, 528
[TDSE] Running TDSE-SH-elliptical. step 35800, energy = -0.3541205503808913
  |->  par_lens = 515, 509, 514
[TDSE] Running TDSE-SH-elliptical. step 36000, energy = -0.34330617057592494
  |->  par_lens = 490, 484, 491
[TDSE] Running TDSE-SH-elliptical. step 36200, energy = -0.3721622807873232
  |->  par_lens = 476, 473, 477
[TDSE] Running TDSE-SH-elliptical. step 36400, energy = -0.3898850728675348
  |->  par_lens = 468, 456, 467
[TDSE] Running TDSE-SH-elliptical. step 36600, energy = -0.39465903577090944
  |->  par_lens = 452, 447, 459
[TDSE] Running TDSE-SH-elliptical. step 36800, energy = -0.37777533629732835
  |->  par_lens = 430, 420, 441
[TDSE] Running TDSE-SH-elliptical. step 37000, energy = -0.36898523079250095
  |->  par_lens = 408, 406, 410
[TDSE] Running TDSE-SH-elliptical. step 37200, energy = -0.3731818163660311
  |->  par_lens = 393, 394, 401
[TDSE] Running TDSE-SH-elliptical. step 37400, energy = -0.388330069174838
  |->  par_lens = 393, 384, 399
[TDSE] Running TDSE-SH-elliptical. step 37600, energy = -0.3988325483965612
  |->  par_lens = 388, 380, 386
[TDSE] Running TDSE-SH-elliptical. step 37800, energy = -0.39558321441526384
  |->  par_lens = 376, 370, 376
[TDSE] Running TDSE-SH-elliptical. step 38000, energy = -0.3876696147793151
  |->  par_lens = 359, 351, 359
[TDSE] Running TDSE-SH-elliptical. step 38200, energy = -0.388666957092729
  |->  par_lens = 323, 322, 330
[TDSE] Running TDSE-SH-elliptical. step 38400, energy = -0.39103587668273754
  |->  par_lens = 296, 304, 303
[TDSE] Running TDSE-SH-elliptical. step 38600, energy = -0.39955629607927995
  |->  par_lens = 283, 283, 285
[TDSE] Running TDSE-SH-elliptical. step 38800, energy = -0.39943244545468687
  |->  par_lens = 273, 275, 278
[TDSE] Running TDSE-SH-elliptical. step 39000, energy = -0.3969965986418117
  |->  par_lens = 267, 265, 273
[TDSE] Running TDSE-SH-elliptical. step 39200, energy = -0.39517555055811976
  |->  par_lens = 266, 268, 267
[TDSE] Running TDSE-SH-elliptical. step 39400, energy = -0.39538535521252016
  |->  par_lens = 267, 268, 272
[TDSE] Running TDSE-SH-elliptical. step 39600, energy = -0.39957170717863194
  |->  par_lens = 268, 274, 270
[TDSE] Running TDSE-SH-elliptical. step 39800, energy = -0.4005806353008266
  |->  par_lens = 269, 268, 265
[TDSE] Running TDSE-SH-elliptical. step 40000, energy = -0.40132418357602184
  |->  par_lens = 265, 266, 264
[TDSE] Running TDSE-SH-elliptical. step 40200, energy = -0.4008201536539635
  |->  par_lens = 261, 264, 260
[TDSE] Running TDSE-SH-elliptical. step 40400, energy = -0.400502618648613
  |->  par_lens = 258, 258, 255
[TDSE] Running TDSE-SH-elliptical. step 40600, energy = -0.40164201529097987
  |->  par_lens = 249, 252, 248
[TDSE] Running TDSE-SH-elliptical. step 40800, energy = -0.4019408161366917
  |->  par_lens = 245, 242, 244
[TDSE] Running TDSE-SH-elliptical. step 41000, energy = -0.40232083488389875
  |->  par_lens = 237, 238, 239
[TDSE] Running TDSE-SH-elliptical. step 41200, energy = -0.40255891103697783
  |->  par_lens = 232, 236, 238
[TDSE] Running TDSE-SH-elliptical. step 41400, energy = -0.40237360169573416
  |->  par_lens = 231, 233, 233
[TDSE] Running TDSE-SH-elliptical. step 41600, energy = -0.40292291411671255
  |->  par_lens = 230, 232, 233
[TDSE] Running TDSE-SH-elliptical. step 41800, energy = -0.4031528826214001
  |->  par_lens = 229, 232, 233
[TDSE] Running TDSE-SH-elliptical. step 42000, energy = -0.4035346998950073
  |->  par_lens = 229, 232, 233
[TDSE] Running TDSE-SH-elliptical. step 42200, energy = -0.4037843506236179
  |->  par_lens = 228, 231, 232
[TDSE] Running TDSE-SH-elliptical. step 42400, energy = -0.40417387923661846
  |->  par_lens = 228, 230, 232
[TDSE] Running TDSE-SH-elliptical. step 42600, energy = -0.404439996625917
  |->  par_lens = 227, 227, 232
[TDSE] Running TDSE-SH-elliptical. step 42800, energy = -0.40471310873393346
  |->  par_lens = 225, 226, 232
[TDSE] Running TDSE-SH-elliptical. step 43000, energy = -0.40504580885340785
  |->  par_lens = 224, 225, 231
[TDSE] Running TDSE-SH-elliptical. step 43200, energy = -0.40536291469429553
  |->  par_lens = 224, 223, 229
[TDSE] Running TDSE-SH-elliptical. step 43400, energy = -0.4056940465532713
  |->  par_lens = 224, 222, 229
[TDSE] Running TDSE-SH-elliptical. step 43600, energy = -0.4060039183232712
  |->  par_lens = 222, 221, 227
[TDSE] Running TDSE-SH-elliptical. step 43800, energy = -0.4063634355210641
  |->  par_lens = 221, 220, 225
[TDSE] Running TDSE-SH-elliptical. step 44000, energy = -0.4066536378092609
  |->  par_lens = 220, 220, 224
[TDSE] Running TDSE-SH-elliptical. step 44200, energy = -0.4071494766932923
  |->  par_lens = 219, 219, 222
[TDSE] Running TDSE-SH-elliptical. step 44400, energy = -0.40751222190919517
  |->  par_lens = 219, 219, 220
[TDSE] Running TDSE-SH-elliptical. step 44600, energy = -0.40796173994623086
  |->  par_lens = 217, 217, 219
[TDSE] Running TDSE-SH-elliptical. step 44800, energy = -0.4080668017314459
  |->  par_lens = 216, 217, 218
[TDSE] Running TDSE-SH-elliptical. step 45000, energy = -0.408298525682764
  |->  par_lens = 216, 217, 215
[TDSE] Running TDSE-SH-elliptical. step 45200, energy = -0.40854555466798703
  |->  par_lens = 215, 215, 214
[TDSE] Running TDSE-SH-elliptical. step 45400, energy = -0.4092315400163054
  |->  par_lens = 214, 215, 214
[TDSE] Running TDSE-SH-elliptical. step 45600, energy = -0.4096826242360108
  |->  par_lens = 213, 213, 213
[TDSE] Running TDSE-SH-elliptical. step 45800, energy = -0.41015370701833315
  |->  par_lens = 209, 208, 211
[TDSE] Running TDSE-SH-elliptical. step 46000, energy = -0.41027329242998184
  |->  par_lens = 209, 208, 210
[TDSE] Running TDSE-SH-elliptical. step 46200, energy = -0.410578998080732
  |->  par_lens = 209, 208, 208
[TDSE] Running TDSE-SH-elliptical. step 46400, energy = -0.4108200183317479
  |->  par_lens = 209, 206, 207
[TDSE] Running TDSE-SH-elliptical. step 46600, energy = -0.4112419180598986
  |->  par_lens = 206, 205, 205
[TDSE] Running TDSE-SH-elliptical. step 46800, energy = -0.4114663554848648
  |->  par_lens = 204, 204, 203
[TDSE] Running TDSE-SH-elliptical. step 47000, energy = -0.41188963384920263
  |->  par_lens = 204, 203, 203
[TDSE] Running TDSE-SH-elliptical. step 47200, energy = -0.41221054458251405
  |->  par_lens = 202, 200, 203
[TDSE] Running TDSE-SH-elliptical. step 47400, energy = -0.412578157502578
  |->  par_lens = 201, 200, 200
[TDSE] Running TDSE-SH-elliptical. step 47600, energy = -0.4128765486652761
  |->  par_lens = 199, 200, 199
[TDSE] Running TDSE-SH-elliptical. step 47800, energy = -0.4131627089936874
  |->  par_lens = 197, 198, 197
[TDSE] Running TDSE-SH-elliptical. step 48000, energy = -0.4134494136451259
  |->  par_lens = 196, 196, 196
[TDSE] Running TDSE-SH-elliptical. step 48200, energy = -0.41374133256769247
  |->  par_lens = 194, 195, 193
[TDSE] Running TDSE-SH-elliptical. step 48400, energy = -0.4140353382314149
  |->  par_lens = 194, 194, 193
[TDSE] Running TDSE-SH-elliptical. step 48600, energy = -0.4142830366215904
  |->  par_lens = 194, 193, 193
[TDSE] Running TDSE-SH-elliptical. step 48800, energy = -0.4146667001105292
  |->  par_lens = 194, 193, 193
[TDSE] Running TDSE-SH-elliptical. step 49000, energy = -0.41481774261981724
  |->  par_lens = 193, 192, 191
[TDSE] Running TDSE-SH-elliptical. step 49200, energy = -0.4151176680522921
  |->  par_lens = 190, 189, 190
[TDSE] Running TDSE-SH-elliptical. step 49400, energy = -0.41528000213837457
  |->  par_lens = 189, 188, 187
[TDSE] Running TDSE-SH-elliptical. step 49600, energy = -0.4156098861657526
  |->  par_lens = 189, 185, 186
[TDSE] Running TDSE-SH-elliptical. step 49800, energy = -0.41576888332688894
  |->  par_lens = 188, 183, 186
[TDSE] Running TDSE-SH-elliptical. step 50000, energy = -0.4161865842255911
  |->  par_lens = 186, 183, 186
[TDSE] Running TDSE-SH-elliptical. step 50200, energy = -0.41630899849206915
  |->  par_lens = 186, 183, 186
[TDSE] Running TDSE-SH-elliptical. step 50400, energy = -0.41666030918152613
  |->  par_lens = 186, 183, 185
[TDSE] Running TDSE-SH-elliptical. step 50600, energy = -0.4167700586942983
  |->  par_lens = 186, 183, 185
[TDSE] Running TDSE-SH-elliptical. step 50800, energy = -0.41713040052286077
  |->  par_lens = 183, 183, 185
[TDSE] Running TDSE-SH-elliptical. step 51000, energy = -0.4173139241348776
  |->  par_lens = 182, 183, 182
[TDSE] Running TDSE-SH-elliptical. step 51200, energy = -0.4176541549113616
  |->  par_lens = 180, 180, 180
[TDSE] Running TDSE-SH-elliptical. step 51400, energy = -0.41771071093446777
  |->  par_lens = 178, 180, 178
[TDSE] Running TDSE-SH-elliptical. step 51600, energy = -0.4179920092212504
  |->  par_lens = 177, 176, 178
[TDSE] Running TDSE-SH-elliptical. step 51800, energy = -0.418067795505808
  |->  par_lens = 177, 176, 177
[TDSE] Running TDSE-SH-elliptical. step 52000, energy = -0.4182631610451127
  |->  par_lens = 177, 176, 177
[TDSE] Running TDSE-SH-elliptical. step 52200, energy = -0.41842041898177806
  |->  par_lens = 177, 176, 177
[TDSE] Running TDSE-SH-elliptical. step 52400, energy = -0.41865082169193807
  |->  par_lens = 177, 175, 177
[TDSE] Running TDSE-SH-elliptical. step 52600, energy = -0.41882529989094724
  |->  par_lens = 177, 175, 177
[TDSE] Running TDSE-SH-elliptical. step 52800, energy = -0.41908580677624846
  |->  par_lens = 177, 174, 176
[TDSE] Running TDSE-SH-elliptical. step 53000, energy = -0.4193044168108979
  |->  par_lens = 176, 174, 174
[TDSE] Running TDSE-SH-elliptical. step 53200, energy = -0.41945967871712125
  |->  par_lens = 176, 173, 172
[TDSE] Running TDSE-SH-elliptical. step 53400, energy = -0.4197394724098
  |->  par_lens = 173, 171, 172
[TDSE] Running TDSE-SH-elliptical. step 53600, energy = -0.41987693819072214
  |->  par_lens = 173, 171, 171
[TDSE] Running TDSE-SH-elliptical. step 53800, energy = -0.4201381610329119
  |->  par_lens = 169, 169, 168
[TDSE] Running TDSE-SH-elliptical. step 54000, energy = -0.4202220514066296
  |->  par_lens = 169, 169, 165
[TDSE] Running TDSE-SH-elliptical. step 54200, energy = -0.42043376754027323
  |->  par_lens = 169, 167, 165
[TDSE] Running TDSE-SH-elliptical. step 54400, energy = -0.42045203536816045
  |->  par_lens = 169, 167, 165
[TDSE] Running TDSE-SH-elliptical. step 54600, energy = -0.42070006242526675
  |->  par_lens = 168, 167, 165
[TDSE] Running TDSE-SH-elliptical. step 54800, energy = -0.4206447252367064
  |->  par_lens = 168, 166, 165
[TDSE] Running TDSE-SH-elliptical. step 55000, energy = -0.4209329581820298
  |->  par_lens = 168, 166, 165
[TDSE] Running TDSE-SH-elliptical. step 55200, energy = -0.4209717208578508
  |->  par_lens = 168, 166, 165
[TDSE] Running TDSE-SH-elliptical. step 55400, energy = -0.421220059171012
  |->  par_lens = 167, 166, 164
[TDSE] Running TDSE-SH-elliptical. step 55600, energy = -0.4212584458982198
  |->  par_lens = 167, 166, 164
[TDSE] Running TDSE-SH-elliptical. step 55800, energy = -0.42158060455674706
  |->  par_lens = 167, 165, 164
[TDSE] Running TDSE-SH-elliptical. step 56000, energy = -0.4215875057485341
  |->  par_lens = 166, 164, 164
[TDSE] Running TDSE-SH-elliptical. step 56200, energy = -0.4218915730852173
  |->  par_lens = 163, 163, 163
[TDSE] Running TDSE-SH-elliptical. step 56400, energy = -0.42197872783011353
  |->  par_lens = 163, 162, 162
[TDSE] Running TDSE-SH-elliptical. step 56600, energy = -0.4222347665451949
  |->  par_lens = 161, 161, 161
[TDSE] Running TDSE-SH-elliptical. step 56800, energy = -0.42234599570888354
  |->  par_lens = 160, 161, 159
[TDSE] Running TDSE-SH-elliptical. step 57000, energy = -0.42256724738971774
  |->  par_lens = 159, 158, 159
[TDSE] Running TDSE-SH-elliptical. step 57200, energy = -0.4226408244011421
  |->  par_lens = 159, 157, 158
[TDSE] Running TDSE-SH-elliptical. step 57400, energy = -0.42279997555235566
  |->  par_lens = 158, 157, 158
[TDSE] Running TDSE-SH-elliptical. step 57600, energy = -0.42283125605052785
  |->  par_lens = 156, 157, 157
[TDSE] Running TDSE-SH-elliptical. step 57800, energy = -0.42287316260065105
  |->  par_lens = 156, 157, 157
[TDSE] Running TDSE-SH-elliptical. step 58000, energy = -0.4229924786622023
  |->  par_lens = 157, 157, 157
[TDSE] Running TDSE-SH-elliptical. step 58200, energy = -0.42296127560764146
  |->  par_lens = 156, 156, 157
[TDSE] Running TDSE-SH-elliptical. step 58400, energy = -0.4230492321842696
  |->  par_lens = 156, 157, 157
[TDSE] Running TDSE-SH-elliptical. step 58600, energy = -0.42307772859406567
  |->  par_lens = 156, 156, 157
[TDSE] Running TDSE-SH-elliptical. step 58800, energy = -0.42321552989991873
  |->  par_lens = 155, 156, 157
[TDSE] Running TDSE-SH-elliptical. step 59000, energy = -0.42316090543121676
  |->  par_lens = 155, 155, 157
[TDSE] Running TDSE-SH-elliptical. step 59200, energy = -0.4233909082336102
  |->  par_lens = 155, 155, 157
  Activating project at `~/JuliaProp_v0.1`
[TDSE] Running TDSE-SH-elliptical. step 59400, energy = -0.4233223614465871
  |->  par_lens = 155, 155, 157
[TDSE] Running TDSE-SH-elliptical. step 59600, energy = -0.4235562786915602
  |->  par_lens = 155, 155, 157
[TDSE] Running TDSE-SH-elliptical. step 59800, energy = -0.4235256687840034
  |->  par_lens = 155, 155, 157
[TDSE] Running TDSE-SH-elliptical. step 60000, energy = -0.4237595414836519
  |->  par_lens = 155, 155, 157
[TDSE] Running TDSE-SH-elliptical. step 60200, energy = -0.4237447267654661
  |->  par_lens = 155, 155, 157
[TDSE] Running TDSE-SH-elliptical. step 60400, energy = -0.42405051320414855
  |->  par_lens = 155, 155, 157
[TDSE] Running TDSE-SH-elliptical. step 60600, energy = -0.4240129955334394
  |->  par_lens = 155, 155, 157
[TDSE] Running TDSE-SH-elliptical. step 60800, energy = -0.4243268341788202
  |->  par_lens = 155, 155, 156
[TDSE] Running TDSE-SH-elliptical. step 61000, energy = -0.424335804573971
  |->  par_lens = 155, 154, 156
[TDSE] Running TDSE-SH-elliptical. step 61200, energy = -0.4245707722741471
  |->  par_lens = 154, 154, 156
[TDSE] Running TDSE-SH-elliptical. step 61400, energy = -0.424623870543678
  |->  par_lens = 153, 153, 153
[TDSE] Running TDSE-SH-elliptical. step 61600, energy = -0.42481995624470337
  |->  par_lens = 151, 152, 153
[TDSE] Running TDSE-SH-elliptical. step 61800, energy = -0.4247827344788909
  |->  par_lens = 151, 152, 153
[TDSE] Running TDSE-SH-elliptical. step 62000, energy = -0.4249717916027354
  |->  par_lens = 151, 152, 151
[TDSE] Running TDSE-SH-elliptical. step 62200, energy = -0.4249871197961474
  |->  par_lens = 151, 152, 150
[TDSE] Running TDSE-SH-elliptical. step 62400, energy = -0.42501063405343437
  |->  par_lens = 150, 149, 149
[TDSE] Running TDSE-SH-elliptical. step 62600, energy = -0.42508185859887715
  |->  par_lens = 149, 148, 149
[TDSE] Running TDSE-SH-elliptical. step 62800, energy = -0.4251202423000563
  |->  par_lens = 147, 148, 148
[TDSE] Running TDSE-SH-elliptical. step 63000, energy = -0.4251817594021712
  |->  par_lens = 146, 148, 146
[TDSE] Running TDSE-SH-elliptical. step 63200, energy = -0.42517401449259384
  |->  par_lens = 146, 148, 146
[TDSE] Running TDSE-SH-elliptical. step 63400, energy = -0.4252756125949929
  |->  par_lens = 145, 147, 143
[TDSE] Running TDSE-SH-elliptical. step 63600, energy = -0.42524361571288855
  |->  par_lens = 144, 144, 143
[TDSE] Running TDSE-SH-elliptical. step 63800, energy = -0.4254257619046578
  |->  par_lens = 144, 144, 143
[TDSE] Running TDSE-SH-elliptical. step 64000, energy = -0.4252833689962527
  |->  par_lens = 144, 144, 143
[TDSE] Running TDSE-SH-elliptical. step 64200, energy = -0.4254775134903768
  |->  par_lens = 144, 144, 143
[TDSE] Running TDSE-SH-elliptical. step 64400, energy = -0.4254120025644674
  |->  par_lens = 144, 144, 143
[TDSE] Running TDSE-SH-elliptical. step 64600, energy = -0.42555778426956803
  |->  par_lens = 144, 144, 143
[TDSE] Running TDSE-SH-elliptical. step 64800, energy = -0.425421547950125
  |->  par_lens = 144, 144, 143
[TDSE] Running TDSE-SH-elliptical. step 65000, energy = -0.42565889254802003
  |->  par_lens = 144, 144, 143
[TDSE] Running TDSE-SH-elliptical. step 65200, energy = -0.42548328504626
  |->  par_lens = 144, 144, 143
[TDSE] Running TDSE-SH-elliptical. step 65400, energy = -0.4256959180797284
  |->  par_lens = 144, 144, 143
[TDSE] Running TDSE-SH-elliptical. step 65600, energy = -0.4255792970842651
  |->  par_lens = 144, 144, 143
[TDSE] Running TDSE-SH-elliptical. step 65800, energy = -0.4257221587109617
  |->  par_lens = 144, 144, 143
[TDSE] Running TDSE-SH-elliptical. step 66000, energy = -0.42562619969806725
  |->  par_lens = 144, 144, 143
[TDSE] Running TDSE-SH-elliptical. step 66200, energy = -0.4258011584946567
  |->  par_lens = 144, 144, 143
[TDSE] Running TDSE-SH-elliptical. step 66400, energy = -0.42567718308605107
  |->  par_lens = 144, 144, 143
[TDSE] Running TDSE-SH-elliptical. step 66600, energy = -0.4258193116008221
  |->  par_lens = 144, 144, 143
[TDSE] Running TDSE-SH-elliptical. step 66800, energy = -0.42575344685605737
  |->  par_lens = 144, 144, 143
[TDSE] Running TDSE-SH-elliptical. step 67000, energy = -0.42582495839106393
  |->  par_lens = 144, 144, 143
[TDSE] Running TDSE-SH-elliptical. step 67200, energy = -0.42584846014952105
  |->  par_lens = 144, 144, 143
[TDSE] Running TDSE-SH-elliptical. step 67400, energy = -0.4258500669574327
  |->  par_lens = 144, 144, 143
[TDSE] Running TDSE-SH-elliptical. step 67600, energy = -0.42585566037343225
  |->  par_lens = 144, 144, 143
[TDSE] Running TDSE-SH-elliptical. step 67800, energy = -0.4259131431982464
  |->  par_lens = 144, 144, 143
[TDSE] Running TDSE-SH-elliptical. step 68000, energy = -0.42596367290682363
  |->  par_lens = 144, 144, 143
[TDSE] Running TDSE-SH-elliptical. step 68200, energy = -0.4258883419556741
  |->  par_lens = 144, 144, 143
[TDSE] Running TDSE-SH-elliptical. step 68400, energy = -0.42607003443268
  |->  par_lens = 144, 144, 143
[TDSE] Running TDSE-SH-elliptical. step 68600, energy = -0.4259694530512385
  |->  par_lens = 144, 144, 144
[TDSE] Running TDSE-SH-elliptical. step 68800, energy = -0.42612166719855754
  |->  par_lens = 144, 144, 143
[TDSE] Running TDSE-SH-elliptical. step 69000, energy = -0.4260549417284073
  |->  par_lens = 144, 144, 143
[TDSE] Running TDSE-SH-elliptical. step 69200, energy = -0.4262380078465952
  |->  par_lens = 144, 144, 143
[TDSE] Running TDSE-SH-elliptical. step 69400, energy = -0.42610632830890527
  |->  par_lens = 144, 144, 143
[TDSE] Running TDSE-SH-elliptical. step 69600, energy = -0.4263565608227027
  |->  par_lens = 144, 144, 143
[TDSE] Running TDSE-SH-elliptical. step 69800, energy = -0.4261967648181055
  |->  par_lens = 144, 144, 143
[TDSE] Running TDSE-SH-elliptical. step 70000, energy = -0.42645454266930855
  |->  par_lens = 144, 144, 143
[TDSE] Running TDSE-SH-elliptical. step 70200, energy = -0.4263142976614079
  |->  par_lens = 144, 144, 143
[TDSE] Running TDSE-SH-elliptical. step 70400, energy = -0.42650076875126164
  |->  par_lens = 144, 144, 143
[TDSE] Running TDSE-SH-elliptical. step 70600, energy = -0.4264240350853178
  |->  par_lens = 144, 144, 143
[TDSE] Running TDSE-SH-elliptical. step 70800, energy = -0.42664193702123954
  |->  par_lens = 144, 144, 143
[TDSE] Running TDSE-SH-elliptical. step 71000, energy = -0.42646214796961646
  |->  par_lens = 144, 144, 143
[TDSE] Running TDSE-SH-elliptical. step 71200, energy = -0.4266913781708989
  |->  par_lens = 144, 144, 143
[TDSE] Running TDSE-SH-elliptical. step 71400, energy = -0.42664647854436727
  |->  par_lens = 144, 144, 143
[TDSE] Running TDSE-SH-elliptical. step 71600, energy = -0.4267383253243456
  |->  par_lens = 144, 144, 143
[TDSE] Running TDSE-SH-elliptical. step 71800, energy = -0.42673180303266134
  |->  par_lens = 144, 144, 143
[TDSE] Running TDSE-SH-elliptical. step 72000, energy = -0.42684543765679267
  |->  par_lens = 144, 144, 143
[TDSE] Running TDSE-SH-elliptical. step 72200, energy = -0.4268371282886827
  |->  par_lens = 144, 144, 143
[TDSE] Running TDSE-SH-elliptical. step 72400, energy = -0.42691298500661007
  |->  par_lens = 144, 144, 143
[TDSE] Running TDSE-SH-elliptical. step 72600, energy = -0.4269547856359275
  |->  par_lens = 144, 144, 143
[TDSE] Running TDSE-SH-elliptical. step 72800, energy = -0.4269406956901469
  |->  par_lens = 143, 144, 142
[TDSE] Running TDSE-SH-elliptical. step 73000, energy = -0.42709109778374676
  |->  par_lens = 144, 143, 143
[TDSE] Running TDSE-SH-elliptical. step 73200, energy = -0.42699774660969525
  |->  par_lens = 143, 143, 142
[TDSE] Running TDSE-SH-elliptical. step 73400, energy = -0.4271370696986882
  |->  par_lens = 142, 142, 141
[TDSE] Running TDSE-SH-elliptical. step 73600, energy = -0.4270774891101721
  |->  par_lens = 143, 140, 141
[TDSE] Running TDSE-SH-elliptical. step 73800, energy = -0.42722060607627316
  |->  par_lens = 140, 141, 140
[TDSE] Running TDSE-SH-elliptical. step 74000, energy = -0.42708082395504743
  |->  par_lens = 138, 141, 139
[TDSE] Running TDSE-SH-elliptical. step 74200, energy = -0.42732294664176534
  |->  par_lens = 139, 139, 140
[TDSE] Running TDSE-SH-elliptical. step 74400, energy = -0.42709491252772613
  |->  par_lens = 138, 139, 139
[TDSE] Running TDSE-SH-elliptical. step 74600, energy = -0.4273352670072537
  |->  par_lens = 138, 138, 137
[TDSE] Running TDSE-SH-elliptical. step 74800, energy = -0.4271978161005677
  |->  par_lens = 137, 136, 136
[TDSE] Running TDSE-SH-elliptical. step 75000, energy = -0.4273525313413334
  |->  par_lens = 138, 136, 136
[TDSE] Running TDSE-SH-elliptical. step 75200, energy = -0.42716905369124847
  |->  par_lens = 136, 137, 135
[TDSE] Running TDSE-SH-elliptical. step 75400, energy = -0.4274298424683852
  |->  par_lens = 136, 135, 135
[TDSE] Running TDSE-SH-elliptical. step 75600, energy = -0.42722283312294296
  |->  par_lens = 136, 136, 134
[TDSE] Running TDSE-SH-elliptical. step 75800, energy = -0.42739927487551677
  |->  par_lens = 134, 135, 135
[TDSE] Running TDSE-SH-elliptical. step 76000, energy = -0.4272464455395576
  |->  par_lens = 135, 135, 135
[TDSE] Running TDSE-SH-elliptical. step 76200, energy = -0.4273885821150443
  |->  par_lens = 136, 135, 135
[TDSE] Running TDSE-SH-elliptical. step 76400, energy = -0.4273234178222056
  |->  par_lens = 135, 135, 135
[TDSE] Running TDSE-SH-elliptical. step 76600, energy = -0.4273846620828779
  |->  par_lens = 136, 136, 135
[TDSE] Running TDSE-SH-elliptical. step 76800, energy = -0.4272767336599934
  |->  par_lens = 135, 135, 135
[TDSE] Running TDSE-SH-elliptical. step 77000, energy = -0.42741093283799136
  |->  par_lens = 135, 135, 135
[TDSE] Running TDSE-SH-elliptical. step 77200, energy = -0.42738129303952727
  |->  par_lens = 135, 135, 135
[TDSE] Running TDSE-SH-elliptical. step 77400, energy = -0.4273185193347922
  |->  par_lens = 135, 135, 136
[TDSE] Running TDSE-SH-elliptical. step 77600, energy = -0.42741460861215674
  |->  par_lens = 135, 135, 136
[TDSE] Running TDSE-SH-elliptical. step 77800, energy = -0.4273502590652356
  |->  par_lens = 135, 135, 135
[TDSE] Running TDSE-SH-elliptical. step 78000, energy = -0.4274144121954807
  |->  par_lens = 135, 135, 135
[TDSE] Running TDSE-SH-elliptical. step 78200, energy = -0.42735174454870595
  |->  par_lens = 135, 137, 135
[TDSE] Running TDSE-SH-elliptical. step 78400, energy = -0.4274678791282178
  |->  par_lens = 136, 136, 135
[TDSE] Running TDSE-SH-elliptical. step 78600, energy = -0.4273028969427281
  |->  par_lens = 136, 136, 135
[TDSE] Running TDSE-SH-elliptical. step 78800, energy = -0.4275264155209016
  |->  par_lens = 136, 136, 136
[TDSE] Running TDSE-SH-elliptical. step 79000, energy = -0.4273139548600002
  |->  par_lens = 136, 135, 135
[TDSE] Running TDSE-SH-elliptical. step 79200, energy = -0.4275296966516559
  |->  par_lens = 136, 135, 135
[TDSE] Running TDSE-SH-elliptical. step 79400, energy = -0.42734412886361967
  |->  par_lens = 135, 135, 135
[TDSE] Running TDSE-SH-elliptical. step 79600, energy = -0.4275248134087087
  |->  par_lens = 137, 135, 135
[TDSE] Running TDSE-SH-elliptical. step 79800, energy = -0.427346488207824
  |->  par_lens = 136, 135, 135
[TDSE] Running TDSE-SH-elliptical. step 80000, energy = -0.42759761174464994
  |->  par_lens = 136, 135, 135
[TDSE] Running TDSE-SH-elliptical. step 80200, energy = -0.4273239148448079
  |->  par_lens = 136, 135, 135
[TDSE] Running TDSE-SH-elliptical. step 80400, energy = -0.4275779986664277
  |->  par_lens = 136, 135, 136
[TDSE] Running TDSE-SH-elliptical. step 80600, energy = -0.4274171091223633
  |->  par_lens = 137, 135, 135
[TDSE] Running TDSE-SH-elliptical. step 80800, energy = -0.4275384868103277
  |->  par_lens = 136, 135, 135
[TDSE] Running TDSE-SH-elliptical. step 81000, energy = -0.4274243083977589
  |->  par_lens = 136, 134, 135
[TDSE] Running TDSE-SH-elliptical. step 81200, energy = -0.4275910313888943
  |->  par_lens = 136, 134, 135
[TDSE] Running TDSE-SH-elliptical. step 81400, energy = -0.42742302381816843
  |->  par_lens = 136, 134, 135
[TDSE] Running TDSE-SH-elliptical. step 81600, energy = -0.4275601939090634
  |->  par_lens = 136, 134, 135
[TDSE] Running TDSE-SH-elliptical. step 81800, energy = -0.42751749366389574
  |->  par_lens = 136, 134, 135
[TDSE] Running TDSE-SH-elliptical. step 82000, energy = -0.42752170599846
  |->  par_lens = 136, 134, 135
[TDSE] Running TDSE-SH-elliptical. step 82200, energy = -0.4275489853853509
  |->  par_lens = 136, 134, 135
[TDSE] Running TDSE-SH-elliptical. step 82400, energy = -0.42751981968054636
  |->  par_lens = 136, 134, 135
[TDSE] Running TDSE-SH-elliptical. step 82600, energy = -0.42757406540693504
  |->  par_lens = 136, 134, 135
[TDSE] Running TDSE-SH-elliptical. step 82800, energy = -0.4275376464947622
  |->  par_lens = 136, 134, 135
[TDSE] Running TDSE-SH-elliptical. step 83000, energy = -0.42759767095577866
  |->  par_lens = 136, 134, 135
[TDSE] Running TDSE-SH-elliptical. step 83200, energy = -0.42747192581723475
  |->  par_lens = 136, 134, 135
[TDSE] Running TDSE-SH-elliptical. step 83400, energy = -0.4277009638872005
  |->  par_lens = 136, 134, 135
[TDSE] Running TDSE-SH-elliptical. step 83600, energy = -0.42745880787386753
  |->  par_lens = 136, 134, 135
[TDSE] Running TDSE-SH-elliptical. step 83800, energy = -0.4276540230462952
  |->  par_lens = 136, 134, 135
[TDSE] Running TDSE-SH-elliptical. step 84000, energy = -0.42752183428310603
  |->  par_lens = 136, 134, 135
[TDSE] Running TDSE-SH-elliptical. step 84200, energy = -0.4276907563186009
  |->  par_lens = 136, 134, 135
[TDSE] Running TDSE-SH-elliptical. step 84400, energy = -0.42743934433586633
  |->  par_lens = 136, 134, 135
[TDSE] Running TDSE-SH-elliptical. step 84600, energy = -0.42773871005508657
  |->  par_lens = 136, 134, 135
[TDSE] Running TDSE-SH-elliptical. step 84800, energy = -0.4274778720338436
  |->  par_lens = 136, 134, 135
[TDSE] Running TDSE-SH-elliptical. step 85000, energy = -0.4277128432469862
  |->  par_lens = 136, 134, 135
[TDSE] Running TDSE-SH-elliptical. step 85200, energy = -0.42749365775269105
  |->  par_lens = 136, 134, 135
[TDSE] Running TDSE-SH-elliptical. step 85400, energy = -0.42768596055871855
  |->  par_lens = 136, 134, 135
[TDSE] Running TDSE-SH-elliptical. step 85600, energy = -0.4275399975223771
  |->  par_lens = 136, 135, 135
[TDSE] Running TDSE-SH-elliptical. step 85800, energy = -0.427717740895421
  |->  par_lens = 136, 134, 135
[TDSE] Running TDSE-SH-elliptical. step 86000, energy = -0.4274933684271569
  |->  par_lens = 136, 134, 135
[TDSE] Running TDSE-SH-elliptical. step 86200, energy = -0.42769778762734295
  |->  par_lens = 136, 134, 135
