[ITP]: 10000.471108571397
[ITP]: 0.022107823405609905
[ITP]: 0.004976805475414736
[ITP]: 0.0021058954092971205
[ITP]: 0.001084104546129061
[ITP]: 0.0006160870179273692
[ITP]: 0.0003714642087823128
[ITP]: 0.00023286611963801995
[ITP]: 0.0001500123428329614
[ITP]: 9.857967926441003e-5
[ITP]: 6.57601184761436e-5
[ITP]: 4.43786526744816e-5
[ITP]: 3.022437766897479e-5
[ITP]: 2.0735965556739622e-5
[ITP]: 1.4311264988853267e-5
[ITP]: 9.92563006574354e-6
[ITP]: 6.9119921211058255e-6
[ITP]: 4.82976755122877e-6
[ITP]: 3.384510666504248e-6
[ITP]: 2.3775199649023193e-6
[ITP]: 1.6736194445865493e-6
[ITP]: 1.1802274751948616e-6
[ITP]: 8.335748883370186e-7
[ITP]: 5.895273362810372e-7
[ITP]: 4.174150680658073e-7
[ITP]: 2.958509506267859e-7
[ITP]: 2.098764437796774e-7
[ITP]: 1.4900242706339384e-7
[ITP]: 1.0585745457980522e-7
[ITP]: 7.525113565609587e-8
[ITP]: 5.352267851144177e-8
[ITP]: 3.808635307134267e-8
[ITP]: 2.7113442158110956e-8
[ITP]: 1.9309163601377577e-8
[ITP]: 1.3755872219078924e-8
[ITP]: 9.802639699962867e-9
Energy of ground state: -0.5030607411950042
[TDSE] Start TDSE-SH for elliptical polarized laser. It may cost a plenty of time.
[TDSE] Running TDSE-SH-elliptical. step 0, energy = -0.5030607411950033
  |->  par_lens = 1, 1, 1
[TDSE] Running TDSE-SH-elliptical. step 200, energy = -0.5030607411948614
  |->  par_lens = 1, 1, 1
[TDSE] Running TDSE-SH-elliptical. step 400, energy = -0.503060741194693
  |->  par_lens = 1, 1, 2
[TDSE] Running TDSE-SH-elliptical. step 600, energy = -0.5030607411942769
  |->  par_lens = 1, 1, 2
[TDSE] Running TDSE-SH-elliptical. step 800, energy = -0.5030607411927847
  |->  par_lens = 1, 1, 2
[TDSE] Running TDSE-SH-elliptical. step 1000, energy = -0.5030607411879343
  |->  par_lens = 1, 1, 2
[TDSE] Running TDSE-SH-elliptical. step 1200, energy = -0.503060741175511
  |->  par_lens = 1, 1, 2
[TDSE] Running TDSE-SH-elliptical. step 1400, energy = -0.5030607411475703
  |->  par_lens = 1, 1, 2
[TDSE] Running TDSE-SH-elliptical. step 1600, energy = -0.5030607410925885
  |->  par_lens = 1, 1, 2
[TDSE] Running TDSE-SH-elliptical. step 1800, energy = -0.5030607409921666
  |->  par_lens = 1, 1, 2
[TDSE] Running TDSE-SH-elliptical. step 2000, energy = -0.5030607408230128
  |->  par_lens = 1, 1, 2
[TDSE] Running TDSE-SH-elliptical. step 2200, energy = -0.5030607405511104
  |->  par_lens = 1, 1, 2
[TDSE] Running TDSE-SH-elliptical. step 2400, energy = -0.5030607401375616
  |->  par_lens = 1, 1, 2
[TDSE] Running TDSE-SH-elliptical. step 2600, energy = -0.5030607395278884
  |->  par_lens = 1, 1, 2
[TDSE] Running TDSE-SH-elliptical. step 2800, energy = -0.5030607386655532
  |->  par_lens = 1, 1, 2
[TDSE] Running TDSE-SH-elliptical. step 3000, energy = -0.5030607374697942
  |->  par_lens = 1, 1, 2
[TDSE] Running TDSE-SH-elliptical. step 3200, energy = -0.5030607358707491
  |->  par_lens = 1, 1, 2
[TDSE] Running TDSE-SH-elliptical. step 3400, energy = -0.5030607337537121
  |->  par_lens = 1, 1, 2
[TDSE] Running TDSE-SH-elliptical. step 3600, energy = -0.5030607310395891
  |->  par_lens = 1, 1, 2
[TDSE] Running TDSE-SH-elliptical. step 3800, energy = -0.5030607275829007
  |->  par_lens = 1, 1, 2
[TDSE] Running TDSE-SH-elliptical. step 4000, energy = -0.5030607232996488
  |->  par_lens = 1, 1, 2
[TDSE] Running TDSE-SH-elliptical. step 4200, energy = -0.5030607180023905
  |->  par_lens = 1, 1, 2
[TDSE] Running TDSE-SH-elliptical. step 4400, energy = -0.5030607116318281
  |->  par_lens = 1, 2, 2
[TDSE] Running TDSE-SH-elliptical. step 4600, energy = -0.5030607039598207
  |->  par_lens = 2, 2, 2
[TDSE] Running TDSE-SH-elliptical. step 4800, energy = -0.5030606949229541
  |->  par_lens = 2, 2, 2
[TDSE] Running TDSE-SH-elliptical. step 5000, energy = -0.5030606843160057
  |->  par_lens = 2, 2, 2
[TDSE] Running TDSE-SH-elliptical. step 5200, energy = -0.5030606720578388
  |->  par_lens = 2, 2, 2
[TDSE] Running TDSE-SH-elliptical. step 5400, energy = -0.5030606579495278
  |->  par_lens = 2, 2, 2
[TDSE] Running TDSE-SH-elliptical. step 5600, energy = -0.5030606419231859
  |->  par_lens = 2, 2, 2
[TDSE] Running TDSE-SH-elliptical. step 5800, energy = -0.5030606238412053
  |->  par_lens = 2, 2, 2
[TDSE] Running TDSE-SH-elliptical. step 6000, energy = -0.5030606035490005
  |->  par_lens = 2, 2, 2
[TDSE] Running TDSE-SH-elliptical. step 6200, energy = -0.5030605810982914
  |->  par_lens = 2, 2, 2
[TDSE] Running TDSE-SH-elliptical. step 6400, energy = -0.5030605561856833
  |->  par_lens = 2, 2, 2
[TDSE] Running TDSE-SH-elliptical. step 6600, energy = -0.5030605290332484
  |->  par_lens = 2, 2, 2
[TDSE] Running TDSE-SH-elliptical. step 6800, energy = -0.5030604993365618
  |->  par_lens = 2, 2, 2
[TDSE] Running TDSE-SH-elliptical. step 7000, energy = -0.5030604673619347
  |->  par_lens = 2, 2, 2
[TDSE] Running TDSE-SH-elliptical. step 7200, energy = -0.5030604327114128
  |->  par_lens = 2, 2, 2
[TDSE] Running TDSE-SH-elliptical. step 7400, energy = -0.5030603960227008
  |->  par_lens = 2, 2, 2
[TDSE] Running TDSE-SH-elliptical. step 7600, energy = -0.5030603566738977
  |->  par_lens = 2, 2, 2
[TDSE] Running TDSE-SH-elliptical. step 7800, energy = -0.5030603152565076
  |->  par_lens = 2, 2, 2
[TDSE] Running TDSE-SH-elliptical. step 8000, energy = -0.5030602715670384
  |->  par_lens = 2, 2, 2
[TDSE] Running TDSE-SH-elliptical. step 8200, energy = -0.5030602260146207
  |->  par_lens = 2, 2, 2
[TDSE] Running TDSE-SH-elliptical. step 8400, energy = -0.5030601783305172
  |->  par_lens = 2, 2, 2
[TDSE] Running TDSE-SH-elliptical. step 8600, energy = -0.5030601290886149
  |->  par_lens = 2, 2, 2
[TDSE] Running TDSE-SH-elliptical. step 8800, energy = -0.5030600782536628
  |->  par_lens = 2, 2, 2
[TDSE] Running TDSE-SH-elliptical. step 9000, energy = -0.5030600259976084
  |->  par_lens = 2, 2, 2
[TDSE] Running TDSE-SH-elliptical. step 9200, energy = -0.5030599727439432
  |->  par_lens = 2, 2, 2
[TDSE] Running TDSE-SH-elliptical. step 9400, energy = -0.5030599182891644
  |->  par_lens = 2, 2, 2
[TDSE] Running TDSE-SH-elliptical. step 9600, energy = -0.5030598634243737
  |->  par_lens = 2, 2, 2
[TDSE] Running TDSE-SH-elliptical. step 9800, energy = -0.5030598078897157
  |->  par_lens = 2, 2, 2
[TDSE] Running TDSE-SH-elliptical. step 10000, energy = -0.5030597522735626
  |->  par_lens = 2, 2, 2
[TDSE] Running TDSE-SH-elliptical. step 10200, energy = -0.503059655113839
  |->  par_lens = 2, 2, 2
[TDSE] Running TDSE-SH-elliptical. step 10400, energy = -0.5030591150341772
  |->  par_lens = 2, 2, 2
[TDSE] Running TDSE-SH-elliptical. step 10600, energy = -0.5030585165602173
  |->  par_lens = 2, 2, 2
[TDSE] Running TDSE-SH-elliptical. step 10800, energy = -0.5030592797900846
  |->  par_lens = 2, 2, 2
[TDSE] Running TDSE-SH-elliptical. step 11000, energy = -0.5030567243936478
  |->  par_lens = 2, 2, 2
[TDSE] Running TDSE-SH-elliptical. step 11200, energy = -0.5030296578423685
  |->  par_lens = 4, 3, 3
[TDSE] Running TDSE-SH-elliptical. step 11400, energy = -0.5029592923606986
  |->  par_lens = 4, 3, 3
[TDSE] Running TDSE-SH-elliptical. step 11600, energy = -0.5028828077927175
  |->  par_lens = 5, 4, 5
[TDSE] Running TDSE-SH-elliptical. step 11800, energy = -0.5028930271811376
  |->  par_lens = 4, 4, 4
[TDSE] Running TDSE-SH-elliptical. step 12000, energy = -0.5029768302218935
  |->  par_lens = 4, 4, 3
[TDSE] Running TDSE-SH-elliptical. step 12200, energy = -0.5028822090689165
  |->  par_lens = 4, 4, 4
[TDSE] Running TDSE-SH-elliptical. step 12400, energy = -0.5023198035064655
  |->  par_lens = 5, 5, 6
[TDSE] Running TDSE-SH-elliptical. step 12600, energy = -0.5014808280942268
  |->  par_lens = 7, 7, 7
[TDSE] Running TDSE-SH-elliptical. step 12800, energy = -0.5011332786646744
  |->  par_lens = 7, 7, 7
[TDSE] Running TDSE-SH-elliptical. step 13000, energy = -0.5017878538180344
  |->  par_lens = 6, 6, 7
[TDSE] Running TDSE-SH-elliptical. step 13200, energy = -0.5026182269721795
  |->  par_lens = 6, 5, 6
[TDSE] Running TDSE-SH-elliptical. step 13400, energy = -0.5019110530530091
  |->  par_lens = 6, 6, 7
[TDSE] Running TDSE-SH-elliptical. step 13600, energy = -0.49918617967245554
  |->  par_lens = 9, 9, 8
[TDSE] Running TDSE-SH-elliptical. step 13800, energy = -0.4966276380160154
  |->  par_lens = 10, 10, 10
[TDSE] Running TDSE-SH-elliptical. step 14000, energy = -0.49716103609174306
  |->  par_lens = 10, 10, 10
[TDSE] Running TDSE-SH-elliptical. step 14200, energy = -0.5003527761918042
  |->  par_lens = 11, 11, 12
[TDSE] Running TDSE-SH-elliptical. step 14400, energy = -0.5015031001477401
  |->  par_lens = 12, 11, 12
[TDSE] Running TDSE-SH-elliptical. step 14600, energy = -0.496523659683614
  |->  par_lens = 11, 12, 11
[TDSE] Running TDSE-SH-elliptical. step 14800, energy = -0.4881887746173913
  |->  par_lens = 15, 13, 14
[TDSE] Running TDSE-SH-elliptical. step 15000, energy = -0.4847650933370274
  |->  par_lens = 17, 17, 16
[TDSE] Running TDSE-SH-elliptical. step 15200, energy = -0.4907377953415092
  |->  par_lens = 18, 18, 18
[TDSE] Running TDSE-SH-elliptical. step 15400, energy = -0.4989980736546231
  |->  par_lens = 20, 20, 21
[TDSE] Running TDSE-SH-elliptical. step 15600, energy = -0.4970100826140782
  |->  par_lens = 21, 20, 21
[TDSE] Running TDSE-SH-elliptical. step 15800, energy = -0.48197410933914564
  |->  par_lens = 19, 19, 19
[TDSE] Running TDSE-SH-elliptical. step 16000, energy = -0.46765838086410527
  |->  par_lens = 25, 23, 23
[TDSE] Running TDSE-SH-elliptical. step 16200, energy = -0.47014653526484357
  |->  par_lens = 28, 28, 27
[TDSE] Running TDSE-SH-elliptical. step 16400, energy = -0.4874168290036284
  |->  par_lens = 32, 32, 32
[TDSE] Running TDSE-SH-elliptical. step 16600, energy = -0.4968374920441318
  |->  par_lens = 34, 33, 33
[TDSE] Running TDSE-SH-elliptical. step 16800, energy = -0.4801823131624719
  |->  par_lens = 35, 35, 34
[TDSE] Running TDSE-SH-elliptical. step 17000, energy = -0.448823976200489
  |->  par_lens = 34, 30, 32
[TDSE] Running TDSE-SH-elliptical. step 17200, energy = -0.43559450551709306
  |->  par_lens = 40, 41, 40
[TDSE] Running TDSE-SH-elliptical. step 17400, energy = -0.45634180044151385
  |->  par_lens = 49, 50, 49
[TDSE] Running TDSE-SH-elliptical. step 17600, energy = -0.4874337724738275
  |->  par_lens = 59, 56, 56
[TDSE] Running TDSE-SH-elliptical. step 17800, energy = -0.4863178756871217
  |->  par_lens = 59, 57, 58
[TDSE] Running TDSE-SH-elliptical. step 18000, energy = -0.44371618404705104
  |->  par_lens = 54, 51, 54
[TDSE] Running TDSE-SH-elliptical. step 18200, energy = -0.40195331061900713
  |->  par_lens = 50, 53, 49
[TDSE] Running TDSE-SH-elliptical. step 18400, energy = -0.4075656006689645
  |->  par_lens = 68, 69, 70
[TDSE] Running TDSE-SH-elliptical. step 18600, energy = -0.4557533193433788
  |->  par_lens = 84, 85, 85
[TDSE] Running TDSE-SH-elliptical. step 18800, energy = -0.4869882969140633
  |->  par_lens = 90, 91, 91
[TDSE] Running TDSE-SH-elliptical. step 19000, energy = -0.451841162526523
  |->  par_lens = 93, 90, 91
[TDSE] Running TDSE-SH-elliptical. step 19200, energy = -0.3783010031762178
  |->  par_lens = 74, 74, 74
[TDSE] Running TDSE-SH-elliptical. step 19400, energy = -0.3468362927415173
  |->  par_lens = 84, 85, 82
[TDSE] Running TDSE-SH-elliptical. step 19600, energy = -0.3909473426632527
  |->  par_lens = 116, 114, 114
[TDSE] Running TDSE-SH-elliptical. step 19800, energy = -0.4644631206664897
  |->  par_lens = 138, 135, 136
[TDSE] Running TDSE-SH-elliptical. step 20000, energy = -0.4704121648028747
  |->  par_lens = 142, 141, 141
[TDSE] Running TDSE-SH-elliptical. step 20200, energy = -0.38661124783486134
  |->  par_lens = 138, 139, 140
[TDSE] Running TDSE-SH-elliptical. step 20400, energy = -0.30236376412932375
  |->  par_lens = 104, 110, 105
[TDSE] Running TDSE-SH-elliptical. step 20600, energy = -0.31275428891216955
  |->  par_lens = 136, 137, 138
[TDSE] Running TDSE-SH-elliptical. step 20800, energy = -0.40248073862502276
  |->  par_lens = 180, 181, 181
[TDSE] Running TDSE-SH-elliptical. step 21000, energy = -0.47127010363763133
  |->  par_lens = 199, 198, 197
[TDSE] Running TDSE-SH-elliptical. step 21200, energy = -0.41645284262688853
  |->  par_lens = 204, 204, 197
[TDSE] Running TDSE-SH-elliptical. step 21400, energy = -0.2875514742340708
  |->  par_lens = 180, 171, 176
[TDSE] Running TDSE-SH-elliptical. step 21600, energy = -0.23315542925723956
  |->  par_lens = 161, 159, 157
[TDSE] Running TDSE-SH-elliptical. step 21800, energy = -0.30385958581496814
  |->  par_lens = 216, 218, 214
[TDSE] Running TDSE-SH-elliptical. step 22000, energy = -0.42921969055384834
  |->  par_lens = 266, 267, 263
[TDSE] Running TDSE-SH-elliptical. step 22200, energy = -0.4514070461363085
  |->  par_lens = 276, 275, 277
[TDSE] Running TDSE-SH-elliptical. step 22400, energy = -0.32373492792353875
  |->  par_lens = 267, 263, 264
[TDSE] Running TDSE-SH-elliptical. step 22600, energy = -0.19062200785535605
  |->  par_lens = 214, 218, 223
[TDSE] Running TDSE-SH-elliptical. step 22800, energy = -0.20986425503009357
  |->  par_lens = 240, 233, 236
[TDSE] Running TDSE-SH-elliptical. step 23000, energy = -0.33478494525470504
  |->  par_lens = 306, 310, 305
[TDSE] Running TDSE-SH-elliptical. step 23200, energy = -0.44711847342186417
  |->  par_lens = 342, 343, 346
[TDSE] Running TDSE-SH-elliptical. step 23400, energy = -0.3821105262804642
  |->  par_lens = 345, 343, 344
[TDSE] Running TDSE-SH-elliptical. step 23600, energy = -0.2016729536503413
  |->  par_lens = 304, 304, 301
[TDSE] Running TDSE-SH-elliptical. step 23800, energy = -0.12410733621216385
  |->  par_lens = 266, 270, 267
[TDSE] Running TDSE-SH-elliptical. step 24000, energy = -0.2205498053051335
  |->  par_lens = 335, 337, 334
[TDSE] Running TDSE-SH-elliptical. step 24200, energy = -0.38350438650172897
  |->  par_lens = 402, 402, 403
[TDSE] Running TDSE-SH-elliptical. step 24400, energy = -0.4267125547471147
  |->  par_lens = 420, 418, 417
[TDSE] Running TDSE-SH-elliptical. step 24600, energy = -0.2738951750661358
  |->  par_lens = 404, 406, 411
[TDSE] Running TDSE-SH-elliptical. step 24800, energy = -0.10196692663610599
  |->  par_lens = 350, 353, 358
[TDSE] Running TDSE-SH-elliptical. step 25000, energy = -0.12734285027673953
  |->  par_lens = 372, 366, 370
[TDSE] Running TDSE-SH-elliptical. step 25200, energy = -0.2700885758040657
  |->  par_lens = 430, 430, 436
[TDSE] Running TDSE-SH-elliptical. step 25400, energy = -0.4126058795129455
  |->  par_lens = 469, 470, 469
[TDSE] Running TDSE-SH-elliptical. step 25600, energy = -0.35224732411690524
  |->  par_lens = 468, 469, 469
[TDSE] Running TDSE-SH-elliptical. step 25800, energy = -0.15257737847172761
  |->  par_lens = 444, 442, 437
[TDSE] Running TDSE-SH-elliptical. step 26000, energy = -0.05770606868706167
  |->  par_lens = 430, 432, 426
[TDSE] Running TDSE-SH-elliptical. step 26200, energy = -0.1658935748648893
  |->  par_lens = 453, 458, 456
[TDSE] Running TDSE-SH-elliptical. step 26400, energy = -0.33739345130511733
  |->  par_lens = 500, 500, 495
[TDSE] Running TDSE-SH-elliptical. step 26600, energy = -0.39809450507325883
  |->  par_lens = 508, 511, 506
[TDSE] Running TDSE-SH-elliptical. step 26800, energy = -0.25198322031831505
  |->  par_lens = 503, 505, 499
[TDSE] Running TDSE-SH-elliptical. step 27000, energy = -0.07206104132294054
  |->  par_lens = 485, 482, 490
[TDSE] Running TDSE-SH-elliptical. step 27200, energy = -0.09631495095729381
  |->  par_lens = 484, 485, 488
[TDSE] Running TDSE-SH-elliptical. step 27400, energy = -0.23086375240135168
  |->  par_lens = 506, 502, 501
[TDSE] Running TDSE-SH-elliptical. step 27600, energy = -0.37800796699665246
  |->  par_lens = 518, 517, 517
[TDSE] Running TDSE-SH-elliptical. step 27800, energy = -0.3352117635972476
  |->  par_lens = 523, 518, 522
[TDSE] Running TDSE-SH-elliptical. step 28000, energy = -0.15268980954572503
  |->  par_lens = 513, 510, 516
[TDSE] Running TDSE-SH-elliptical. step 28200, energy = -0.06202611700137899
  |->  par_lens = 498, 497, 509
[TDSE] Running TDSE-SH-elliptical. step 28400, energy = -0.15488874756255436
  |->  par_lens = 512, 515, 512
[TDSE] Running TDSE-SH-elliptical. step 28600, energy = -0.3114304276543918
  |->  par_lens = 528, 532, 528
[TDSE] Running TDSE-SH-elliptical. step 28800, energy = -0.37637577354177815
  |->  par_lens = 531, 532, 532
[TDSE] Running TDSE-SH-elliptical. step 29000, energy = -0.2583926788694222
  |->  par_lens = 532, 529, 529
[TDSE] Running TDSE-SH-elliptical. step 29200, energy = -0.10865999861273663
  |->  par_lens = 523, 519, 514
[TDSE] Running TDSE-SH-elliptical. step 29400, energy = -0.12129641187195035
  |->  par_lens = 521, 515, 520
[TDSE] Running TDSE-SH-elliptical. step 29600, energy = -0.22936797045946333
  |->  par_lens = 535, 536, 531
[TDSE] Running TDSE-SH-elliptical. step 29800, energy = -0.36139124467823064
  |->  par_lens = 540, 536, 538
[TDSE] Running TDSE-SH-elliptical. step 30000, energy = -0.3380640793238933
  |->  par_lens = 544, 540, 538
[TDSE] Running TDSE-SH-elliptical. step 30200, energy = -0.1987720574893369
  |->  par_lens = 540, 532, 538
[TDSE] Running TDSE-SH-elliptical. step 30400, energy = -0.12687156052021548
  |->  par_lens = 528, 529, 526
[TDSE] Running TDSE-SH-elliptical. step 30600, energy = -0.18795983121940027
  |->  par_lens = 536, 534, 532
[TDSE] Running TDSE-SH-elliptical. step 30800, energy = -0.3122614476217126
  |->  par_lens = 545, 547, 541
[TDSE] Running TDSE-SH-elliptical. step 31000, energy = -0.37242980413178706
  |->  par_lens = 543, 546, 544
[TDSE] Running TDSE-SH-elliptical. step 31200, energy = -0.29630809299680305
  |->  par_lens = 542, 543, 544
[TDSE] Running TDSE-SH-elliptical. step 31400, energy = -0.1935329861140288
  |->  par_lens = 544, 534, 539
[TDSE] Running TDSE-SH-elliptical. step 31600, energy = -0.18800557252304387
  |->  par_lens = 530, 537, 537
[TDSE] Running TDSE-SH-elliptical. step 31800, energy = -0.27143631815923486
  |->  par_lens = 543, 543, 541
[TDSE] Running TDSE-SH-elliptical. step 32000, energy = -0.36829013735838795
  |->  par_lens = 548, 547, 546
[TDSE] Running TDSE-SH-elliptical. step 32200, energy = -0.35939725809149325
  |->  par_lens = 547, 546, 546
[TDSE] Running TDSE-SH-elliptical. step 32400, energy = -0.2698708405762591
  |->  par_lens = 543, 541, 539
[TDSE] Running TDSE-SH-elliptical. step 32600, energy = -0.22294026227231964
  |->  par_lens = 537, 538, 531
[TDSE] Running TDSE-SH-elliptical. step 32800, energy = -0.2585137763232512
  |->  par_lens = 540, 537, 542
[TDSE] Running TDSE-SH-elliptical. step 33000, energy = -0.33981547504501325
  |->  par_lens = 542, 543, 541
[TDSE] Running TDSE-SH-elliptical. step 33200, energy = -0.3831874206638901
  |->  par_lens = 545, 545, 543
[TDSE] Running TDSE-SH-elliptical. step 33400, energy = -0.34253843181498955
  |->  par_lens = 540, 542, 544
[TDSE] Running TDSE-SH-elliptical. step 33600, energy = -0.2823862628862966
  |->  par_lens = 539, 541, 540
[TDSE] Running TDSE-SH-elliptical. step 33800, energy = -0.2784093220484109
  |->  par_lens = 531, 533, 538
[TDSE] Running TDSE-SH-elliptical. step 34000, energy = -0.32393627732703767
  |->  par_lens = 536, 535, 542
[TDSE] Running TDSE-SH-elliptical. step 34200, energy = -0.3796132649287839
  |->  par_lens = 538, 538, 539
[TDSE] Running TDSE-SH-elliptical. step 34400, energy = -0.38081525223191387
  |->  par_lens = 536, 540, 540
[TDSE] Running TDSE-SH-elliptical. step 34600, energy = -0.3393863011327108
  |->  par_lens = 537, 542, 531
[TDSE] Running TDSE-SH-elliptical. step 34800, energy = -0.30781191946592573
  |->  par_lens = 527, 530, 522
[TDSE] Running TDSE-SH-elliptical. step 35000, energy = -0.3274728401118613
  |->  par_lens = 529, 524, 527
[TDSE] Running TDSE-SH-elliptical. step 35200, energy = -0.3679670773442667
  |->  par_lens = 531, 536, 521
[TDSE] Running TDSE-SH-elliptical. step 35400, energy = -0.3918961938680645
  |->  par_lens = 532, 529, 520
[TDSE] Running TDSE-SH-elliptical. step 35600, energy = -0.37763303871887266
  |->  par_lens = 522, 521, 511
[TDSE] Running TDSE-SH-elliptical. step 35800, energy = -0.3536298829074858
  |->  par_lens = 502, 507, 498
[TDSE] Running TDSE-SH-elliptical. step 36000, energy = -0.34278902109883136
  |->  par_lens = 483, 482, 479
[TDSE] Running TDSE-SH-elliptical. step 36200, energy = -0.3718072365102849
  |->  par_lens = 473, 467, 470
[TDSE] Running TDSE-SH-elliptical. step 36400, energy = -0.3897173067988575
  |->  par_lens = 454, 451, 455
[TDSE] Running TDSE-SH-elliptical. step 36600, energy = -0.3947700085281946
  |->  par_lens = 445, 443, 447
[TDSE] Running TDSE-SH-elliptical. step 36800, energy = -0.37811813464861943
  |->  par_lens = 420, 418, 425
[TDSE] Running TDSE-SH-elliptical. step 37000, energy = -0.36932746644549064
  |->  par_lens = 398, 398, 399
[TDSE] Running TDSE-SH-elliptical. step 37200, energy = -0.3735998486216586
  |->  par_lens = 380, 376, 386
[TDSE] Running TDSE-SH-elliptical. step 37400, energy = -0.3885263425983684
  |->  par_lens = 370, 373, 379
[TDSE] Running TDSE-SH-elliptical. step 37600, energy = -0.3988678853070402
  |->  par_lens = 370, 368, 372
[TDSE] Running TDSE-SH-elliptical. step 37800, energy = -0.395463384094739
  |->  par_lens = 355, 357, 363
[TDSE] Running TDSE-SH-elliptical. step 38000, energy = -0.3874162450493343
  |->  par_lens = 337, 339, 348
[TDSE] Running TDSE-SH-elliptical. step 38200, energy = -0.3884128528067172
  |->  par_lens = 316, 306, 315
[TDSE] Running TDSE-SH-elliptical. step 38400, energy = -0.39082552428019657
  |->  par_lens = 281, 297, 289
[TDSE] Running TDSE-SH-elliptical. step 38600, energy = -0.3994870496961618
  |->  par_lens = 276, 279, 277
[TDSE] Running TDSE-SH-elliptical. step 38800, energy = -0.3994762354188174
  |->  par_lens = 272, 273, 267
[TDSE] Running TDSE-SH-elliptical. step 39000, energy = -0.397125845203058
  |->  par_lens = 262, 264, 262
[TDSE] Running TDSE-SH-elliptical. step 39200, energy = -0.39536359171282404
  |->  par_lens = 259, 258, 254
[TDSE] Running TDSE-SH-elliptical. step 39400, energy = -0.3955442234769873
  |->  par_lens = 254, 263, 256
[TDSE] Running TDSE-SH-elliptical. step 39600, energy = -0.3996660581554064
  |->  par_lens = 259, 259, 262
[TDSE] Running TDSE-SH-elliptical. step 39800, energy = -0.40062989287817785
  |->  par_lens = 259, 257, 257
[TDSE] Running TDSE-SH-elliptical. step 40000, energy = -0.40128432457428365
  |->  par_lens = 254, 255, 250
[TDSE] Running TDSE-SH-elliptical. step 40200, energy = -0.40075675532877764
  |->  par_lens = 253, 251, 246
[TDSE] Running TDSE-SH-elliptical. step 40400, energy = -0.40041942571295724
  |->  par_lens = 251, 244, 243
[TDSE] Running TDSE-SH-elliptical. step 40600, energy = -0.40158766064910356
  |->  par_lens = 242, 240, 238
[TDSE] Running TDSE-SH-elliptical. step 40800, energy = -0.4019066708380432
  |->  par_lens = 229, 232, 233
[TDSE] Running TDSE-SH-elliptical. step 41000, energy = -0.40234292571927055
  |->  par_lens = 224, 226, 227
[TDSE] Running TDSE-SH-elliptical. step 41200, energy = -0.4025809391481627
  |->  par_lens = 221, 222, 225
[TDSE] Running TDSE-SH-elliptical. step 41400, energy = -0.4024222740040031
  |->  par_lens = 219, 221, 223
[TDSE] Running TDSE-SH-elliptical. step 41600, energy = -0.40294117285542697
  |->  par_lens = 218, 221, 220
[TDSE] Running TDSE-SH-elliptical. step 41800, energy = -0.4031853673232691
  |->  par_lens = 217, 219, 217
[TDSE] Running TDSE-SH-elliptical. step 42000, energy = -0.40355402294556814
  |->  par_lens = 217, 218, 217
[TDSE] Running TDSE-SH-elliptical. step 42200, energy = -0.4038122372672765
  |->  par_lens = 216, 218, 217
[TDSE] Running TDSE-SH-elliptical. step 42400, energy = -0.4041669895017438
  |->  par_lens = 215, 215, 217
[TDSE] Running TDSE-SH-elliptical. step 42600, energy = -0.4044432837347812
  |->  par_lens = 214, 213, 217
[TDSE] Running TDSE-SH-elliptical. step 42800, energy = -0.4047286327973841
  |->  par_lens = 213, 213, 216
[TDSE] Running TDSE-SH-elliptical. step 43000, energy = -0.4050561406176303
  |->  par_lens = 211, 212, 212
[TDSE] Running TDSE-SH-elliptical. step 43200, energy = -0.4053260717883022
  |->  par_lens = 211, 209, 210
[TDSE] Running TDSE-SH-elliptical. step 43400, energy = -0.40565288192528115
  |->  par_lens = 208, 209, 208
[TDSE] Running TDSE-SH-elliptical. step 43600, energy = -0.40597898442142705
  |->  par_lens = 206, 206, 208
[TDSE] Running TDSE-SH-elliptical. step 43800, energy = -0.40630321250202867
  |->  par_lens = 205, 205, 206
[TDSE] Running TDSE-SH-elliptical. step 44000, energy = -0.40665446298465907
  |->  par_lens = 204, 204, 203
[TDSE] Running TDSE-SH-elliptical. step 44200, energy = -0.4070725272106594
  |->  par_lens = 202, 200, 200
[TDSE] Running TDSE-SH-elliptical. step 44400, energy = -0.4075292562968768
  |->  par_lens = 198, 198, 198
[TDSE] Running TDSE-SH-elliptical. step 44600, energy = -0.40788441653392926
  |->  par_lens = 196, 196, 197
[TDSE] Running TDSE-SH-elliptical. step 44800, energy = -0.40807137641980756
  |->  par_lens = 194, 193, 195
[TDSE] Running TDSE-SH-elliptical. step 45000, energy = -0.4082297621138323
  |->  par_lens = 192, 193, 192
[TDSE] Running TDSE-SH-elliptical. step 45200, energy = -0.4085560009483039
  |->  par_lens = 190, 190, 189
[TDSE] Running TDSE-SH-elliptical. step 45400, energy = -0.4091280721107365
  |->  par_lens = 187, 189, 187
[TDSE] Running TDSE-SH-elliptical. step 45600, energy = -0.4097296895956944
  |->  par_lens = 187, 187, 185
[TDSE] Running TDSE-SH-elliptical. step 45800, energy = -0.4100816352775926
  |->  par_lens = 185, 185, 183
[TDSE] Running TDSE-SH-elliptical. step 46000, energy = -0.4102778941944323
  |->  par_lens = 182, 182, 181
[TDSE] Running TDSE-SH-elliptical. step 46200, energy = -0.41051398261576605
  |->  par_lens = 182, 179, 180
[TDSE] Running TDSE-SH-elliptical. step 46400, energy = -0.4108314909436412
  |->  par_lens = 180, 179, 179
[TDSE] Running TDSE-SH-elliptical. step 46600, energy = -0.4111675229035052
  |->  par_lens = 178, 176, 178
[TDSE] Running TDSE-SH-elliptical. step 46800, energy = -0.41149039266104215
  |->  par_lens = 175, 173, 175
[TDSE] Running TDSE-SH-elliptical. step 47000, energy = -0.4118264685326879
  |->  par_lens = 173, 173, 172
[TDSE] Running TDSE-SH-elliptical. step 47200, energy = -0.4121841048825403
  |->  par_lens = 172, 172, 170
[TDSE] Running TDSE-SH-elliptical. step 47400, energy = -0.4125363028370978
  |->  par_lens = 171, 168, 170
[TDSE] Running TDSE-SH-elliptical. step 47600, energy = -0.41286059353522797
  |->  par_lens = 170, 166, 170
[TDSE] Running TDSE-SH-elliptical. step 47800, energy = -0.41315656644384563
  |->  par_lens = 166, 165, 167
[TDSE] Running TDSE-SH-elliptical. step 48000, energy = -0.4134484124909006
  |->  par_lens = 165, 164, 165
[TDSE] Running TDSE-SH-elliptical. step 48200, energy = -0.41373335949991613
  |->  par_lens = 160, 161, 163
[TDSE] Running TDSE-SH-elliptical. step 48400, energy = -0.4139981186158039
  |->  par_lens = 160, 161, 163
[TDSE] Running TDSE-SH-elliptical. step 48600, energy = -0.4142635490247093
  |->  par_lens = 160, 161, 160
[TDSE] Running TDSE-SH-elliptical. step 48800, energy = -0.41454211108831446
  |->  par_lens = 159, 160, 159
[TDSE] Running TDSE-SH-elliptical. step 49000, energy = -0.41481515416722214
  |->  par_lens = 157, 159, 157
[TDSE] Running TDSE-SH-elliptical. step 49200, energy = -0.4150641202828662
  |->  par_lens = 156, 157, 153
[TDSE] Running TDSE-SH-elliptical. step 49400, energy = -0.41531062141533287
  |->  par_lens = 153, 153, 151
[TDSE] Running TDSE-SH-elliptical. step 49600, energy = -0.4155860650135885
  |->  par_lens = 152, 152, 151
[TDSE] Running TDSE-SH-elliptical. step 49800, energy = -0.41587316996503637
  |->  par_lens = 151, 150, 150
[TDSE] Running TDSE-SH-elliptical. step 50000, energy = -0.4161338753735692
  |->  par_lens = 150, 149, 150
[TDSE] Running TDSE-SH-elliptical. step 50200, energy = -0.41635460043080347
  |->  par_lens = 150, 147, 148
[TDSE] Running TDSE-SH-elliptical. step 50400, energy = -0.41655057050921623
  |->  par_lens = 149, 146, 147
[TDSE] Running TDSE-SH-elliptical. step 50600, energy = -0.41676021987318923
  |->  par_lens = 147, 145, 147
[TDSE] Running TDSE-SH-elliptical. step 50800, energy = -0.417006072308006
  |->  par_lens = 147, 145, 147
[TDSE] Running TDSE-SH-elliptical. step 51000, energy = -0.41727389905545254
  |->  par_lens = 146, 143, 146
[TDSE] Running TDSE-SH-elliptical. step 51200, energy = -0.4175290507498526
  |->  par_lens = 143, 142, 143
[TDSE] Running TDSE-SH-elliptical. step 51400, energy = -0.41774590891994
  |->  par_lens = 141, 140, 141
[TDSE] Running TDSE-SH-elliptical. step 51600, energy = -0.4179277069782459
  |->  par_lens = 138, 139, 141
[TDSE] Running TDSE-SH-elliptical. step 51800, energy = -0.4180972134527558
  |->  par_lens = 137, 138, 141
[TDSE] Running TDSE-SH-elliptical. step 52000, energy = -0.41827525491597084
  |->  par_lens = 137, 138, 140
[TDSE] Running TDSE-SH-elliptical. step 52200, energy = -0.41846793849871833
  |->  par_lens = 136, 138, 139
[TDSE] Running TDSE-SH-elliptical. step 52400, energy = -0.4186731487654742
  |->  par_lens = 135, 138, 139
[TDSE] Running TDSE-SH-elliptical. step 52600, energy = -0.41888697999771984
  |->  par_lens = 135, 136, 135
[TDSE] Running TDSE-SH-elliptical. step 52800, energy = -0.41910023456030954
  |->  par_lens = 135, 135, 133
[TDSE] Running TDSE-SH-elliptical. step 53000, energy = -0.4193019180065215
  |->  par_lens = 134, 133, 132
[TDSE] Running TDSE-SH-elliptical. step 53200, energy = -0.4194906931420589
  |->  par_lens = 130, 132, 131
[TDSE] Running TDSE-SH-elliptical. step 53400, energy = -0.4196750713851904
  |->  par_lens = 130, 130, 127
[TDSE] Running TDSE-SH-elliptical. step 53600, energy = -0.41986033444560883
  |->  par_lens = 130, 129, 126
[TDSE] Running TDSE-SH-elliptical. step 53800, energy = -0.42003962834204633
  |->  par_lens = 129, 127, 125
[TDSE] Running TDSE-SH-elliptical. step 54000, energy = -0.42020139171888926
  |->  par_lens = 126, 127, 125
[TDSE] Running TDSE-SH-elliptical. step 54200, energy = -0.42034178039878617
  |->  par_lens = 126, 126, 125
[TDSE] Running TDSE-SH-elliptical. step 54400, energy = -0.4204652376388973
  |->  par_lens = 125, 126, 125
[TDSE] Running TDSE-SH-elliptical. step 54600, energy = -0.4205787802431378
  |->  par_lens = 125, 124, 125
[TDSE] Running TDSE-SH-elliptical. step 54800, energy = -0.4206913376365978
  |->  par_lens = 125, 124, 124
[TDSE] Running TDSE-SH-elliptical. step 55000, energy = -0.42081498358942343
  |->  par_lens = 124, 123, 124
[TDSE] Running TDSE-SH-elliptical. step 55200, energy = -0.4209580718621461
  |->  par_lens = 124, 123, 124
[TDSE] Running TDSE-SH-elliptical. step 55400, energy = -0.4211171515517041
  |->  par_lens = 123, 122, 123
[TDSE] Running TDSE-SH-elliptical. step 55600, energy = -0.42128360523418074
  |->  par_lens = 121, 121, 121
[TDSE] Running TDSE-SH-elliptical. step 55800, energy = -0.421457078147617
  |->  par_lens = 118, 119, 120
[TDSE] Running TDSE-SH-elliptical. step 56000, energy = -0.4216448573301105
  |->  par_lens = 117, 119, 120
[TDSE] Running TDSE-SH-elliptical. step 56200, energy = -0.4218492771988708
  |->  par_lens = 116, 117, 117
[TDSE] Running TDSE-SH-elliptical. step 56400, energy = -0.42206098392755875
  |->  par_lens = 115, 116, 114
[TDSE] Running TDSE-SH-elliptical. step 56600, energy = -0.4222633703464437
  |->  par_lens = 112, 113, 114
[TDSE] Running TDSE-SH-elliptical. step 56800, energy = -0.42244076191458374
  |->  par_lens = 111, 113, 112
[TDSE] Running TDSE-SH-elliptical. step 57000, energy = -0.4225843847630311
  |->  par_lens = 110, 112, 110
[TDSE] Running TDSE-SH-elliptical. step 57200, energy = -0.42269441842713507
  |->  par_lens = 110, 110, 109
[TDSE] Running TDSE-SH-elliptical. step 57400, energy = -0.4227780850353726
  |->  par_lens = 110, 109, 108
[TDSE] Running TDSE-SH-elliptical. step 57600, energy = -0.4228446776411007
  |->  par_lens = 109, 107, 108
[TDSE] Running TDSE-SH-elliptical. step 57800, energy = -0.42290057638975376
  |->  par_lens = 108, 107, 108
[TDSE] Running TDSE-SH-elliptical. step 58000, energy = -0.422948708393081
  |->  par_lens = 108, 107, 108
[TDSE] Running TDSE-SH-elliptical. step 58200, energy = -0.4229923269717483
  |->  par_lens = 108, 107, 108
[TDSE] Running TDSE-SH-elliptical. step 58400, energy = -0.42303741145245516
  |->  par_lens = 108, 107, 107
[TDSE] Running TDSE-SH-elliptical. step 58600, energy = -0.42309031618704745
  |->  par_lens = 108, 107, 107
[TDSE] Running TDSE-SH-elliptical. step 58800, energy = -0.42315373141476903
  |->  par_lens = 108, 107, 107
[TDSE] Running TDSE-SH-elliptical. step 59000, energy = -0.4232258198388473
  |->  par_lens = 108, 107, 106
[TDSE] Running TDSE-SH-elliptical. step 59200, energy = -0.42330344203607634
  |->  par_lens = 108, 107, 105
  Activating project at `~/JuliaProp_v0.1`
[TDSE] Running TDSE-SH-elliptical. step 59400, energy = -0.42338579826040956
  |->  par_lens = 108, 107, 104
[TDSE] Running TDSE-SH-elliptical. step 59600, energy = -0.42347489119949544
  |->  par_lens = 108, 106, 104
[TDSE] Running TDSE-SH-elliptical. step 59800, energy = -0.42357332004236375
  |->  par_lens = 108, 105, 104
[TDSE] Running TDSE-SH-elliptical. step 60000, energy = -0.42368239387730683
  |->  par_lens = 105, 105, 104
[TDSE] Running TDSE-SH-elliptical. step 60200, energy = -0.42380188420893494
  |->  par_lens = 105, 104, 104
[TDSE] Running TDSE-SH-elliptical. step 60400, energy = -0.4239304582312812
  |->  par_lens = 104, 103, 104
[TDSE] Running TDSE-SH-elliptical. step 60600, energy = -0.4240659012767584
  |->  par_lens = 104, 103, 103
[TDSE] Running TDSE-SH-elliptical. step 60800, energy = -0.4242052827800163
  |->  par_lens = 103, 103, 103
[TDSE] Running TDSE-SH-elliptical. step 61000, energy = -0.42434531688228533
  |->  par_lens = 100, 102, 100
[TDSE] Running TDSE-SH-elliptical. step 61200, energy = -0.4244825565829584
  |->  par_lens = 99, 101, 98
[TDSE] Running TDSE-SH-elliptical. step 61400, energy = -0.42461310412075254
  |->  par_lens = 99, 100, 96
[TDSE] Running TDSE-SH-elliptical. step 61600, energy = -0.42473252118511706
  |->  par_lens = 97, 97, 96
[TDSE] Running TDSE-SH-elliptical. step 61800, energy = -0.42483676065651843
  |->  par_lens = 97, 95, 96
[TDSE] Running TDSE-SH-elliptical. step 62000, energy = -0.42492382658283034
  |->  par_lens = 95, 94, 96
[TDSE] Running TDSE-SH-elliptical. step 62200, energy = -0.42499472056495463
  |->  par_lens = 94, 94, 95
[TDSE] Running TDSE-SH-elliptical. step 62400, energy = -0.425052791250744
  |->  par_lens = 94, 93, 94
[TDSE] Running TDSE-SH-elliptical. step 62600, energy = -0.4251021181534163
  |->  par_lens = 93, 92, 92
[TDSE] Running TDSE-SH-elliptical. step 62800, energy = -0.42514608035646384
  |->  par_lens = 90, 90, 91
[TDSE] Running TDSE-SH-elliptical. step 63000, energy = -0.4251869363913552
  |->  par_lens = 87, 89, 90
[TDSE] Running TDSE-SH-elliptical. step 63200, energy = -0.42522611954251005
  |->  par_lens = 87, 88, 89
[TDSE] Running TDSE-SH-elliptical. step 63400, energy = -0.4252645616655941
  |->  par_lens = 87, 88, 87
[TDSE] Running TDSE-SH-elliptical. step 63600, energy = -0.42530281017033333
  |->  par_lens = 87, 88, 87
[TDSE] Running TDSE-SH-elliptical. step 63800, energy = -0.4253410055948159
  |->  par_lens = 87, 85, 87
[TDSE] Running TDSE-SH-elliptical. step 64000, energy = -0.42537895290875416
  |->  par_lens = 86, 85, 87
[TDSE] Running TDSE-SH-elliptical. step 64200, energy = -0.4254164090032428
  |->  par_lens = 86, 85, 87
[TDSE] Running TDSE-SH-elliptical. step 64400, energy = -0.425453362090885
  |->  par_lens = 86, 85, 87
[TDSE] Running TDSE-SH-elliptical. step 64600, energy = -0.4254900440834327
  |->  par_lens = 86, 85, 87
[TDSE] Running TDSE-SH-elliptical. step 64800, energy = -0.42552668365586366
  |->  par_lens = 86, 85, 86
[TDSE] Running TDSE-SH-elliptical. step 65000, energy = -0.425563220721467
  |->  par_lens = 86, 84, 86
[TDSE] Running TDSE-SH-elliptical. step 65200, energy = -0.42559923111489395
  |->  par_lens = 85, 84, 85
[TDSE] Running TDSE-SH-elliptical. step 65400, energy = -0.4256340836423743
  |->  par_lens = 85, 84, 85
[TDSE] Running TDSE-SH-elliptical. step 65600, energy = -0.42566713855961574
  |->  par_lens = 83, 84, 85
[TDSE] Running TDSE-SH-elliptical. step 65800, energy = -0.4256978403416626
  |->  par_lens = 83, 84, 85
[TDSE] Running TDSE-SH-elliptical. step 66000, energy = -0.42572574155505544
  |->  par_lens = 83, 84, 85
[TDSE] Running TDSE-SH-elliptical. step 66200, energy = -0.4257505831219497
  |->  par_lens = 83, 84, 85
[TDSE] Running TDSE-SH-elliptical. step 66400, energy = -0.425772451648579
  |->  par_lens = 83, 84, 85
[TDSE] Running TDSE-SH-elliptical. step 66600, energy = -0.42579190155066166
  |->  par_lens = 83, 84, 85
[TDSE] Running TDSE-SH-elliptical. step 66800, energy = -0.4258099317807817
  |->  par_lens = 83, 84, 85
[TDSE] Running TDSE-SH-elliptical. step 67000, energy = -0.42582780339160337
  |->  par_lens = 83, 84, 85
[TDSE] Running TDSE-SH-elliptical. step 67200, energy = -0.4258467806567388
  |->  par_lens = 83, 84, 85
[TDSE] Running TDSE-SH-elliptical. step 67400, energy = -0.42586791618650055
  |->  par_lens = 83, 84, 84
[TDSE] Running TDSE-SH-elliptical. step 67600, energy = -0.4258919562684621
  |->  par_lens = 83, 84, 84
[TDSE] Running TDSE-SH-elliptical. step 67800, energy = -0.42591936151832605
  |->  par_lens = 83, 84, 84
[TDSE] Running TDSE-SH-elliptical. step 68000, energy = -0.4259503844672532
  |->  par_lens = 83, 84, 84
[TDSE] Running TDSE-SH-elliptical. step 68200, energy = -0.42598513287815254
  |->  par_lens = 83, 84, 83
[TDSE] Running TDSE-SH-elliptical. step 68400, energy = -0.4260235681710191
  |->  par_lens = 83, 84, 82
[TDSE] Running TDSE-SH-elliptical. step 68600, energy = -0.42606544562347815
  |->  par_lens = 83, 84, 82
[TDSE] Running TDSE-SH-elliptical. step 68800, energy = -0.42611026317480205
  |->  par_lens = 83, 83, 81
[TDSE] Running TDSE-SH-elliptical. step 69000, energy = -0.4261572842223276
  |->  par_lens = 83, 83, 81
[TDSE] Running TDSE-SH-elliptical. step 69200, energy = -0.42620563722037735
  |->  par_lens = 83, 81, 81
[TDSE] Running TDSE-SH-elliptical. step 69400, energy = -0.42625444732257145
  |->  par_lens = 83, 80, 81
[TDSE] Running TDSE-SH-elliptical. step 69600, energy = -0.42630296277036384
  |->  par_lens = 83, 79, 81
[TDSE] Running TDSE-SH-elliptical. step 69800, energy = -0.4263506594999424
  |->  par_lens = 82, 78, 80
[TDSE] Running TDSE-SH-elliptical. step 70000, energy = -0.4263973040525003
  |->  par_lens = 82, 78, 79
[TDSE] Running TDSE-SH-elliptical. step 70200, energy = -0.42644295077076105
  |->  par_lens = 81, 78, 79
[TDSE] Running TDSE-SH-elliptical. step 70400, energy = -0.42648787266076843
  |->  par_lens = 80, 78, 79
[TDSE] Running TDSE-SH-elliptical. step 70600, energy = -0.42653245585618976
  |->  par_lens = 79, 78, 79
[TDSE] Running TDSE-SH-elliptical. step 70800, energy = -0.42657709189352294
  |->  par_lens = 79, 78, 79
[TDSE] Running TDSE-SH-elliptical. step 71000, energy = -0.4266220847214143
  |->  par_lens = 77, 78, 78
[TDSE] Running TDSE-SH-elliptical. step 71200, energy = -0.4266675790427158
  |->  par_lens = 77, 78, 77
[TDSE] Running TDSE-SH-elliptical. step 71400, energy = -0.4267135206450402
  |->  par_lens = 77, 78, 76
[TDSE] Running TDSE-SH-elliptical. step 71600, energy = -0.42675965985410297
  |->  par_lens = 77, 78, 76
[TDSE] Running TDSE-SH-elliptical. step 71800, energy = -0.4268055953039458
  |->  par_lens = 77, 78, 76
[TDSE] Running TDSE-SH-elliptical. step 72000, energy = -0.42685083891194037
  |->  par_lens = 77, 75, 76
[TDSE] Running TDSE-SH-elliptical. step 72200, energy = -0.42689488072602516
  |->  par_lens = 77, 75, 76
[TDSE] Running TDSE-SH-elliptical. step 72400, energy = -0.4269372437812451
  |->  par_lens = 77, 74, 76
[TDSE] Running TDSE-SH-elliptical. step 72600, energy = -0.42697753003101235
  |->  par_lens = 76, 74, 75
[TDSE] Running TDSE-SH-elliptical. step 72800, energy = -0.4270154588403014
  |->  par_lens = 74, 74, 74
[TDSE] Running TDSE-SH-elliptical. step 73000, energy = -0.4270508929424671
  |->  par_lens = 74, 73, 73
[TDSE] Running TDSE-SH-elliptical. step 73200, energy = -0.4270838430923519
  |->  par_lens = 72, 73, 73
[TDSE] Running TDSE-SH-elliptical. step 73400, energy = -0.42711444686538286
  |->  par_lens = 72, 73, 72
[TDSE] Running TDSE-SH-elliptical. step 73600, energy = -0.4271429258567135
  |->  par_lens = 72, 72, 70
[TDSE] Running TDSE-SH-elliptical. step 73800, energy = -0.4271695325060059
  |->  par_lens = 72, 72, 70
[TDSE] Running TDSE-SH-elliptical. step 74000, energy = -0.42719449940173176
  |->  par_lens = 72, 71, 70
[TDSE] Running TDSE-SH-elliptical. step 74200, energy = -0.42721800105593505
  |->  par_lens = 71, 70, 70
[TDSE] Running TDSE-SH-elliptical. step 74400, energy = -0.4272401335612452
  |->  par_lens = 71, 69, 70
[TDSE] Running TDSE-SH-elliptical. step 74600, energy = -0.4272609132768916
  |->  par_lens = 71, 69, 70
[TDSE] Running TDSE-SH-elliptical. step 74800, energy = -0.4272802923188219
  |->  par_lens = 68, 69, 70
[TDSE] Running TDSE-SH-elliptical. step 75000, energy = -0.4272981860797132
  |->  par_lens = 68, 69, 70
[TDSE] Running TDSE-SH-elliptical. step 75200, energy = -0.42731450637112994
  |->  par_lens = 68, 69, 70
[TDSE] Running TDSE-SH-elliptical. step 75400, energy = -0.42732919338815284
  |->  par_lens = 68, 69, 69
[TDSE] Running TDSE-SH-elliptical. step 75600, energy = -0.42734224069637744
  |->  par_lens = 68, 69, 67
[TDSE] Running TDSE-SH-elliptical. step 75800, energy = -0.42735370952518886
  |->  par_lens = 68, 69, 66
[TDSE] Running TDSE-SH-elliptical. step 76000, energy = -0.4273637311646845
  |->  par_lens = 68, 68, 66
[TDSE] Running TDSE-SH-elliptical. step 76200, energy = -0.42737249853422393
  |->  par_lens = 68, 68, 66
[TDSE] Running TDSE-SH-elliptical. step 76400, energy = -0.42738024959036
  |->  par_lens = 68, 67, 66
[TDSE] Running TDSE-SH-elliptical. step 76600, energy = -0.42738724604619255
  |->  par_lens = 68, 67, 66
[TDSE] Running TDSE-SH-elliptical. step 76800, energy = -0.42739375096846627
  |->  par_lens = 67, 67, 66
[TDSE] Running TDSE-SH-elliptical. step 77000, energy = -0.4274000083768412
  |->  par_lens = 67, 66, 66
[TDSE] Running TDSE-SH-elliptical. step 77200, energy = -0.4274062271813898
  |->  par_lens = 67, 65, 66
[TDSE] Running TDSE-SH-elliptical. step 77400, energy = -0.42741257083955414
  |->  par_lens = 67, 65, 66
[TDSE] Running TDSE-SH-elliptical. step 77600, energy = -0.42741915315273676
  |->  par_lens = 66, 65, 66
[TDSE] Running TDSE-SH-elliptical. step 77800, energy = -0.4274260397829135
  |->  par_lens = 66, 65, 66
[TDSE] Running TDSE-SH-elliptical. step 78000, energy = -0.427433254430584
  |->  par_lens = 66, 65, 66
[TDSE] Running TDSE-SH-elliptical. step 78200, energy = -0.4274407882066981
  |->  par_lens = 66, 65, 66
[TDSE] Running TDSE-SH-elliptical. step 78400, energy = -0.4274486105481213
  |->  par_lens = 66, 65, 65
[TDSE] Running TDSE-SH-elliptical. step 78600, energy = -0.4274566800492646
  |->  par_lens = 65, 65, 65
[TDSE] Running TDSE-SH-elliptical. step 78800, energy = -0.4274649537915333
  |->  par_lens = 64, 65, 65
[TDSE] Running TDSE-SH-elliptical. step 79000, energy = -0.4274733941225784
  |->  par_lens = 64, 65, 65
[TDSE] Running TDSE-SH-elliptical. step 79200, energy = -0.4274819723281366
  |->  par_lens = 64, 64, 65
[TDSE] Running TDSE-SH-elliptical. step 79400, energy = -0.42749066918513845
  |->  par_lens = 64, 64, 65
[TDSE] Running TDSE-SH-elliptical. step 79600, energy = -0.42749947289673984
  |->  par_lens = 63, 63, 64
[TDSE] Running TDSE-SH-elliptical. step 79800, energy = -0.42750837529615027
  |->  par_lens = 63, 63, 64
[TDSE] Running TDSE-SH-elliptical. step 80000, energy = -0.4275173673971691
  |->  par_lens = 63, 63, 63
[TDSE] Running TDSE-SH-elliptical. step 80200, energy = -0.4275264353380959
  |->  par_lens = 62, 63, 62
[TDSE] Running TDSE-SH-elliptical. step 80400, energy = -0.4275355575375897
  |->  par_lens = 62, 63, 62
[TDSE] Running TDSE-SH-elliptical. step 80600, energy = -0.4275447035245926
  |->  par_lens = 62, 63, 62
[TDSE] Running TDSE-SH-elliptical. step 80800, energy = -0.4275538345105477
  |->  par_lens = 62, 62, 62
[TDSE] Running TDSE-SH-elliptical. step 81000, energy = -0.42756290542731956
  |->  par_lens = 62, 62, 62
[TDSE] Running TDSE-SH-elliptical. step 81200, energy = -0.4275718679212447
  |->  par_lens = 62, 61, 62
[TDSE] Running TDSE-SH-elliptical. step 81400, energy = -0.4275806737006775
  |->  par_lens = 62, 60, 62
[TDSE] Running TDSE-SH-elliptical. step 81600, energy = -0.4275892776719681
  |->  par_lens = 62, 60, 62
[TDSE] Running TDSE-SH-elliptical. step 81800, energy = -0.42759764043295073
  |->  par_lens = 62, 60, 62
[TDSE] Running TDSE-SH-elliptical. step 82000, energy = -0.42760572987713324
  |->  par_lens = 61, 60, 62
[TDSE] Running TDSE-SH-elliptical. step 82200, energy = -0.4276135218499298
  |->  par_lens = 61, 60, 61
[TDSE] Running TDSE-SH-elliptical. step 82400, energy = -0.4276209999548982
  |->  par_lens = 61, 60, 61
[TDSE] Running TDSE-SH-elliptical. step 82600, energy = -0.4276281547128539
  |->  par_lens = 59, 60, 61
[TDSE] Running TDSE-SH-elliptical. step 82800, energy = -0.4276349823246619
  |->  par_lens = 59, 60, 61
[TDSE] Running TDSE-SH-elliptical. step 83000, energy = -0.4276414832868509
  |->  par_lens = 59, 60, 60
[TDSE] Running TDSE-SH-elliptical. step 83200, energy = -0.4276476610702791
  |->  par_lens = 59, 60, 60
[TDSE] Running TDSE-SH-elliptical. step 83400, energy = -0.4276535210121944
  |->  par_lens = 59, 60, 60
[TDSE] Running TDSE-SH-elliptical. step 83600, energy = -0.4276590695057148
  |->  par_lens = 59, 60, 60
[TDSE] Running TDSE-SH-elliptical. step 83800, energy = -0.4276643135090095
  |->  par_lens = 59, 60, 58
[TDSE] Running TDSE-SH-elliptical. step 84000, energy = -0.4276692603465947
  |->  par_lens = 59, 59, 58
[TDSE] Running TDSE-SH-elliptical. step 84200, energy = -0.42767391774037905
  |->  par_lens = 59, 59, 58
[TDSE] Running TDSE-SH-elliptical. step 84400, energy = -0.4276782939895875
  |->  par_lens = 59, 59, 58
[TDSE] Running TDSE-SH-elliptical. step 84600, energy = -0.4276823982143189
  |->  par_lens = 59, 59, 58
[TDSE] Running TDSE-SH-elliptical. step 84800, energy = -0.42768624058551996
  |->  par_lens = 59, 59, 58
[TDSE] Running TDSE-SH-elliptical. step 85000, energy = -0.4276898324801141
  |->  par_lens = 58, 57, 58
[TDSE] Running TDSE-SH-elliptical. step 85200, energy = -0.4276931865210336
  |->  par_lens = 58, 56, 57
[TDSE] Running TDSE-SH-elliptical. step 85400, energy = -0.4276963164853057
  |->  par_lens = 58, 56, 57
[TDSE] Running TDSE-SH-elliptical. step 85600, energy = -0.4276992370847365
  |->  par_lens = 58, 56, 57
[TDSE] Running TDSE-SH-elliptical. step 85800, energy = -0.4277019636415909
  |->  par_lens = 58, 56, 57
[TDSE] Running TDSE-SH-elliptical. step 86000, energy = -0.42770451169469115
  |->  par_lens = 58, 56, 57
[TDSE] Running TDSE-SH-elliptical. step 86200, energy = -0.42770689657811695
  |->  par_lens = 58, 56, 57
