[ITP]: 10000.471108571397
[ITP]: 0.022107823405609905
[ITP]: 0.004976805475414736
[ITP]: 0.0021058954092971205
[ITP]: 0.001084104546129061
[ITP]: 0.0006160870179273692
[ITP]: 0.0003714642087823128
[ITP]: 0.00023286611963801995
[ITP]: 0.0001500123428329614
[ITP]: 9.857967926441003e-5
[ITP]: 6.57601184761436e-5
[ITP]: 4.43786526744816e-5
[ITP]: 3.022437766897479e-5
[ITP]: 2.0735965556739622e-5
[ITP]: 1.4311264988853267e-5
[ITP]: 9.92563006574354e-6
[ITP]: 6.9119921211058255e-6
[ITP]: 4.82976755122877e-6
[ITP]: 3.384510666504248e-6
[ITP]: 2.3775199649023193e-6
[ITP]: 1.6736194445865493e-6
[ITP]: 1.1802274751948616e-6
[ITP]: 8.335748883370186e-7
[ITP]: 5.895273362810372e-7
[ITP]: 4.174150680658073e-7
[ITP]: 2.958509506267859e-7
[ITP]: 2.098764437796774e-7
[ITP]: 1.4900242706339384e-7
[ITP]: 1.0585745457980522e-7
[ITP]: 7.525113565609587e-8
[ITP]: 5.352267851144177e-8
[ITP]: 3.808635307134267e-8
[ITP]: 2.7113442158110956e-8
[ITP]: 1.9309163601377577e-8
[ITP]: 1.3755872219078924e-8
[ITP]: 9.802639699962867e-9
Energy of ground state: -0.5030607411950042
[TDSE] Start TDSE-SH for elliptical polarized laser. It may cost a plenty of time.
[TDSE] Running TDSE-SH-elliptical. step 0, energy = -0.5030607411950033
  |->  par_lens = 1, 1, 1
[TDSE] Running TDSE-SH-elliptical. step 200, energy = -0.5030607411948621
  |->  par_lens = 1, 1, 1
[TDSE] Running TDSE-SH-elliptical. step 400, energy = -0.5030607411947172
  |->  par_lens = 1, 1, 2
[TDSE] Running TDSE-SH-elliptical. step 600, energy = -0.5030607411944764
  |->  par_lens = 1, 1, 2
[TDSE] Running TDSE-SH-elliptical. step 800, energy = -0.5030607411939122
  |->  par_lens = 1, 1, 2
[TDSE] Running TDSE-SH-elliptical. step 1000, energy = -0.5030607411922318
  |->  par_lens = 1, 1, 2
[TDSE] Running TDSE-SH-elliptical. step 1200, energy = -0.5030607411880177
  |->  par_lens = 1, 1, 2
[TDSE] Running TDSE-SH-elliptical. step 1400, energy = -0.5030607411784208
  |->  par_lens = 1, 1, 2
[TDSE] Running TDSE-SH-elliptical. step 1600, energy = -0.5030607411593959
  |->  par_lens = 1, 1, 2
[TDSE] Running TDSE-SH-elliptical. step 1800, energy = -0.503060741124043
  |->  par_lens = 1, 1, 2
[TDSE] Running TDSE-SH-elliptical. step 2000, energy = -0.5030607410636224
  |->  par_lens = 1, 1, 2
[TDSE] Running TDSE-SH-elliptical. step 2200, energy = -0.5030607409647122
  |->  par_lens = 1, 1, 2
[TDSE] Running TDSE-SH-elliptical. step 2400, energy = -0.503060740811582
  |->  par_lens = 1, 1, 2
[TDSE] Running TDSE-SH-elliptical. step 2600, energy = -0.5030607405815894
  |->  par_lens = 1, 1, 2
[TDSE] Running TDSE-SH-elliptical. step 2800, energy = -0.5030607402498793
  |->  par_lens = 1, 1, 2
[TDSE] Running TDSE-SH-elliptical. step 3000, energy = -0.5030607397809052
  |->  par_lens = 1, 1, 2
[TDSE] Running TDSE-SH-elliptical. step 3200, energy = -0.5030607391405402
  |->  par_lens = 1, 1, 2
[TDSE] Running TDSE-SH-elliptical. step 3400, energy = -0.5030607382755158
  |->  par_lens = 1, 1, 2
[TDSE] Running TDSE-SH-elliptical. step 3600, energy = -0.5030607371416844
  |->  par_lens = 1, 1, 2
[TDSE] Running TDSE-SH-elliptical. step 3800, energy = -0.5030607356669744
  |->  par_lens = 1, 1, 2
[TDSE] Running TDSE-SH-elliptical. step 4000, energy = -0.5030607337967744
  |->  par_lens = 1, 1, 2
[TDSE] Running TDSE-SH-elliptical. step 4200, energy = -0.5030607314323374
  |->  par_lens = 1, 1, 2
[TDSE] Running TDSE-SH-elliptical. step 4400, energy = -0.5030607285189619
  |->  par_lens = 1, 1, 2
[TDSE] Running TDSE-SH-elliptical. step 4600, energy = -0.5030607249285666
  |->  par_lens = 1, 1, 2
[TDSE] Running TDSE-SH-elliptical. step 4800, energy = -0.5030607205916634
  |->  par_lens = 1, 1, 2
[TDSE] Running TDSE-SH-elliptical. step 5000, energy = -0.5030607153761038
  |->  par_lens = 1, 1, 2
[TDSE] Running TDSE-SH-elliptical. step 5200, energy = -0.503060709189023
  |->  par_lens = 1, 2, 2
[TDSE] Running TDSE-SH-elliptical. step 5400, energy = -0.5030607018853721
  |->  par_lens = 2, 2, 2
[TDSE] Running TDSE-SH-elliptical. step 5600, energy = -0.5030606933605094
  |->  par_lens = 2, 2, 2
[TDSE] Running TDSE-SH-elliptical. step 5800, energy = -0.5030606834830383
  |->  par_lens = 2, 2, 2
[TDSE] Running TDSE-SH-elliptical. step 6000, energy = -0.5030606720839417
  |->  par_lens = 2, 2, 2
[TDSE] Running TDSE-SH-elliptical. step 6200, energy = -0.5030606591142615
  |->  par_lens = 2, 2, 2
[TDSE] Running TDSE-SH-elliptical. step 6400, energy = -0.503060644303564
  |->  par_lens = 2, 2, 2
[TDSE] Running TDSE-SH-elliptical. step 6600, energy = -0.5030606276812669
  |->  par_lens = 2, 2, 2
[TDSE] Running TDSE-SH-elliptical. step 6800, energy = -0.5030606089496645
  |->  par_lens = 2, 2, 2
[TDSE] Running TDSE-SH-elliptical. step 7000, energy = -0.5030605881614314
  |->  par_lens = 2, 2, 2
[TDSE] Running TDSE-SH-elliptical. step 7200, energy = -0.5030605649329828
  |->  par_lens = 2, 2, 2
[TDSE] Running TDSE-SH-elliptical. step 7400, energy = -0.5030605395301413
  |->  par_lens = 2, 2, 2
[TDSE] Running TDSE-SH-elliptical. step 7600, energy = -0.5030605114231114
  |->  par_lens = 2, 2, 2
[TDSE] Running TDSE-SH-elliptical. step 7800, energy = -0.5030604808425153
  |->  par_lens = 2, 2, 2
[TDSE] Running TDSE-SH-elliptical. step 8000, energy = -0.5030604475029778
  |->  par_lens = 2, 2, 2
[TDSE] Running TDSE-SH-elliptical. step 8200, energy = -0.5030604115267439
  |->  par_lens = 2, 2, 2
[TDSE] Running TDSE-SH-elliptical. step 8400, energy = -0.5030603725878635
  |->  par_lens = 2, 2, 2
[TDSE] Running TDSE-SH-elliptical. step 8600, energy = -0.5030603309031582
  |->  par_lens = 2, 2, 2
[TDSE] Running TDSE-SH-elliptical. step 8800, energy = -0.5030602863520618
  |->  par_lens = 2, 2, 2
[TDSE] Running TDSE-SH-elliptical. step 9000, energy = -0.5030602388257074
  |->  par_lens = 2, 2, 2
[TDSE] Running TDSE-SH-elliptical. step 9200, energy = -0.5030601886111158
  |->  par_lens = 2, 2, 2
[TDSE] Running TDSE-SH-elliptical. step 9400, energy = -0.503060135305032
  |->  par_lens = 2, 2, 2
[TDSE] Running TDSE-SH-elliptical. step 9600, energy = -0.5030600795086817
  |->  par_lens = 2, 2, 2
[TDSE] Running TDSE-SH-elliptical. step 9800, energy = -0.503060020770963
  |->  par_lens = 2, 2, 2
[TDSE] Running TDSE-SH-elliptical. step 10000, energy = -0.5030599596683712
  |->  par_lens = 2, 2, 2
[TDSE] Running TDSE-SH-elliptical. step 10200, energy = -0.5030598583491723
  |->  par_lens = 2, 2, 2
[TDSE] Running TDSE-SH-elliptical. step 10400, energy = -0.5030593447931194
  |->  par_lens = 2, 2, 2
[TDSE] Running TDSE-SH-elliptical. step 10600, energy = -0.5030587568171165
  |->  par_lens = 2, 2, 2
[TDSE] Running TDSE-SH-elliptical. step 10800, energy = -0.503059405729626
  |->  par_lens = 2, 2, 2
[TDSE] Running TDSE-SH-elliptical. step 11000, energy = -0.503056561018349
  |->  par_lens = 2, 2, 2
[TDSE] Running TDSE-SH-elliptical. step 11200, energy = -0.503029113725984
  |->  par_lens = 4, 3, 3
[TDSE] Running TDSE-SH-elliptical. step 11400, energy = -0.5029585017202343
  |->  par_lens = 4, 3, 3
[TDSE] Running TDSE-SH-elliptical. step 11600, energy = -0.5028820975284959
  |->  par_lens = 5, 4, 4
[TDSE] Running TDSE-SH-elliptical. step 11800, energy = -0.5028926980219653
  |->  par_lens = 4, 5, 4
[TDSE] Running TDSE-SH-elliptical. step 12000, energy = -0.5029768137973782
  |->  par_lens = 4, 4, 3
[TDSE] Running TDSE-SH-elliptical. step 12200, energy = -0.5028818590955982
  |->  par_lens = 4, 4, 4
[TDSE] Running TDSE-SH-elliptical. step 12400, energy = -0.5023180652599196
  |->  par_lens = 5, 5, 6
[TDSE] Running TDSE-SH-elliptical. step 12600, energy = -0.50147688692916
  |->  par_lens = 7, 7, 7
[TDSE] Running TDSE-SH-elliptical. step 12800, energy = -0.5011274401198411
  |->  par_lens = 7, 7, 7
[TDSE] Running TDSE-SH-elliptical. step 13000, energy = -0.5017822661727315
  |->  par_lens = 6, 6, 7
[TDSE] Running TDSE-SH-elliptical. step 13200, energy = -0.5026166965120208
  |->  par_lens = 6, 5, 6
[TDSE] Running TDSE-SH-elliptical. step 13400, energy = -0.5019178206289016
  |->  par_lens = 6, 6, 7
[TDSE] Running TDSE-SH-elliptical. step 13600, energy = -0.49920364552222624
  |->  par_lens = 9, 9, 8
[TDSE] Running TDSE-SH-elliptical. step 13800, energy = -0.4966539657030961
  |->  par_lens = 10, 10, 10
[TDSE] Running TDSE-SH-elliptical. step 14000, energy = -0.49718883907552347
  |->  par_lens = 10, 10, 10
[TDSE] Running TDSE-SH-elliptical. step 14200, energy = -0.5003701041649953
  |->  par_lens = 11, 11, 12
[TDSE] Running TDSE-SH-elliptical. step 14400, energy = -0.5014970296754547
  |->  par_lens = 12, 11, 12
[TDSE] Running TDSE-SH-elliptical. step 14600, energy = -0.49648588027949053
  |->  par_lens = 11, 12, 11
[TDSE] Running TDSE-SH-elliptical. step 14800, energy = -0.4881214465156868
  |->  par_lens = 15, 13, 14
[TDSE] Running TDSE-SH-elliptical. step 15000, energy = -0.4846834880567988
  |->  par_lens = 17, 17, 16
[TDSE] Running TDSE-SH-elliptical. step 15200, energy = -0.49066888481757215
  |->  par_lens = 18, 18, 18
[TDSE] Running TDSE-SH-elliptical. step 15400, energy = -0.49897273248121976
  |->  par_lens = 20, 20, 21
[TDSE] Running TDSE-SH-elliptical. step 15600, energy = -0.4970520977318948
  |->  par_lens = 21, 20, 21
[TDSE] Running TDSE-SH-elliptical. step 15800, energy = -0.4820878053736284
  |->  par_lens = 19, 19, 20
[TDSE] Running TDSE-SH-elliptical. step 16000, energy = -0.46782105491419046
  |->  par_lens = 25, 23, 23
[TDSE] Running TDSE-SH-elliptical. step 16200, energy = -0.470310869418354
  |->  par_lens = 28, 28, 27
[TDSE] Running TDSE-SH-elliptical. step 16400, energy = -0.48752173982467495
  |->  par_lens = 32, 32, 32
[TDSE] Running TDSE-SH-elliptical. step 16600, energy = -0.49682879164586896
  |->  par_lens = 34, 33, 33
[TDSE] Running TDSE-SH-elliptical. step 16800, energy = -0.4800344609320721
  |->  par_lens = 34, 35, 34
[TDSE] Running TDSE-SH-elliptical. step 17000, energy = -0.44855801338780044
  |->  par_lens = 34, 29, 32
[TDSE] Running TDSE-SH-elliptical. step 17200, energy = -0.43527960784873543
  |->  par_lens = 40, 41, 40
[TDSE] Running TDSE-SH-elliptical. step 17400, energy = -0.4560777963453461
  |->  par_lens = 49, 50, 49
[TDSE] Running TDSE-SH-elliptical. step 17600, energy = -0.4873249372126443
  |->  par_lens = 59, 56, 56
[TDSE] Running TDSE-SH-elliptical. step 17800, energy = -0.4864327781717221
  |->  par_lens = 60, 57, 58
[TDSE] Running TDSE-SH-elliptical. step 18000, energy = -0.4440565078634221
  |->  par_lens = 53, 52, 55
[TDSE] Running TDSE-SH-elliptical. step 18200, energy = -0.4024371576687916
  |->  par_lens = 50, 51, 51
[TDSE] Running TDSE-SH-elliptical. step 18400, energy = -0.4080501584703347
  |->  par_lens = 68, 69, 70
[TDSE] Running TDSE-SH-elliptical. step 18600, energy = -0.45607103710989333
  |->  par_lens = 84, 85, 83
[TDSE] Running TDSE-SH-elliptical. step 18800, energy = -0.4869999875778052
  |->  par_lens = 90, 91, 91
[TDSE] Running TDSE-SH-elliptical. step 19000, energy = -0.4514896353248702
  |->  par_lens = 93, 91, 90
[TDSE] Running TDSE-SH-elliptical. step 19200, energy = -0.37765358125086107
  |->  par_lens = 76, 76, 71
[TDSE] Running TDSE-SH-elliptical. step 19400, energy = -0.3460772190723314
  |->  par_lens = 85, 86, 85
[TDSE] Running TDSE-SH-elliptical. step 19600, energy = -0.3903041050891326
  |->  par_lens = 117, 114, 113
[TDSE] Running TDSE-SH-elliptical. step 19800, energy = -0.4641788341895186
  |->  par_lens = 139, 136, 136
[TDSE] Running TDSE-SH-elliptical. step 20000, energy = -0.4706252808137691
  |->  par_lens = 143, 142, 142
[TDSE] Running TDSE-SH-elliptical. step 20200, energy = -0.3873197364924533
  |->  par_lens = 140, 137, 138
[TDSE] Running TDSE-SH-elliptical. step 20400, energy = -0.30337652456970826
  |->  par_lens = 112, 107, 108
[TDSE] Running TDSE-SH-elliptical. step 20600, energy = -0.3137587808074669
  |->  par_lens = 139, 132, 135
[TDSE] Running TDSE-SH-elliptical. step 20800, energy = -0.4031651845381638
  |->  par_lens = 177, 179, 178
[TDSE] Running TDSE-SH-elliptical. step 21000, energy = -0.47134960449101243
  |->  par_lens = 197, 195, 198
[TDSE] Running TDSE-SH-elliptical. step 21200, energy = -0.4158281226245563
  |->  par_lens = 201, 202, 202
[TDSE] Running TDSE-SH-elliptical. step 21400, energy = -0.2863586020878289
  |->  par_lens = 179, 178, 175
[TDSE] Running TDSE-SH-elliptical. step 21600, energy = -0.23176304646631263
  |->  par_lens = 164, 156, 157
[TDSE] Running TDSE-SH-elliptical. step 21800, energy = -0.30267030527684136
  |->  par_lens = 221, 218, 218
[TDSE] Running TDSE-SH-elliptical. step 22000, energy = -0.42865917464984027
  |->  par_lens = 265, 269, 266
[TDSE] Running TDSE-SH-elliptical. step 22200, energy = -0.45170322953584974
  |->  par_lens = 276, 276, 280
[TDSE] Running TDSE-SH-elliptical. step 22400, energy = -0.3248881007955039
  |->  par_lens = 273, 275, 267
[TDSE] Running TDSE-SH-elliptical. step 22600, energy = -0.19230444160234994
  |->  par_lens = 225, 220, 228
[TDSE] Running TDSE-SH-elliptical. step 22800, energy = -0.21150777525973807
  |->  par_lens = 251, 244, 241
[TDSE] Running TDSE-SH-elliptical. step 23000, energy = -0.33595855196687335
  |->  par_lens = 309, 312, 308
[TDSE] Running TDSE-SH-elliptical. step 23200, energy = -0.44733043037991327
  |->  par_lens = 341, 343, 345
[TDSE] Running TDSE-SH-elliptical. step 23400, energy = -0.3812285616836196
  |->  par_lens = 343, 339, 343
[TDSE] Running TDSE-SH-elliptical. step 23600, energy = -0.19990302733565912
  |->  par_lens = 311, 302, 309
[TDSE] Running TDSE-SH-elliptical. step 23800, energy = -0.12202292726972973
  |->  par_lens = 262, 272, 267
[TDSE] Running TDSE-SH-elliptical. step 24000, energy = -0.21878107378508851
  |->  par_lens = 343, 335, 335
[TDSE] Running TDSE-SH-elliptical. step 24200, energy = -0.3826078212339519
  |->  par_lens = 411, 408, 409
[TDSE] Running TDSE-SH-elliptical. step 24400, energy = -0.4270271539095554
  |->  par_lens = 425, 425, 424
[TDSE] Running TDSE-SH-elliptical. step 24600, energy = -0.2754248423158031
  |->  par_lens = 412, 414, 407
[TDSE] Running TDSE-SH-elliptical. step 24800, energy = -0.10425289101797176
  |->  par_lens = 345, 355, 349
[TDSE] Running TDSE-SH-elliptical. step 25000, energy = -0.12957192862152686
  |->  par_lens = 353, 359, 360
[TDSE] Running TDSE-SH-elliptical. step 25200, energy = -0.27172762266099365
  |->  par_lens = 427, 429, 427
[TDSE] Running TDSE-SH-elliptical. step 25400, energy = -0.4129919832927265
  |->  par_lens = 466, 465, 463
[TDSE] Running TDSE-SH-elliptical. step 25600, energy = -0.35122180269578823
  |->  par_lens = 467, 466, 467
[TDSE] Running TDSE-SH-elliptical. step 25800, energy = -0.15039366089222664
  |->  par_lens = 443, 440, 438
[TDSE] Running TDSE-SH-elliptical. step 26000, energy = -0.055114999657744995
  |->  par_lens = 424, 420, 420
[TDSE] Running TDSE-SH-elliptical. step 26200, energy = -0.16368245805156786
  |->  par_lens = 449, 451, 455
[TDSE] Running TDSE-SH-elliptical. step 26400, energy = -0.3362097049973438
  |->  par_lens = 501, 501, 501
[TDSE] Running TDSE-SH-elliptical. step 26600, energy = -0.3983614961772047
  |->  par_lens = 511, 512, 511
[TDSE] Running TDSE-SH-elliptical. step 26800, energy = -0.25370491189247507
  |->  par_lens = 501, 506, 506
[TDSE] Running TDSE-SH-elliptical. step 27000, energy = -0.0746795851642477
  |->  par_lens = 484, 478, 488
[TDSE] Running TDSE-SH-elliptical. step 27200, energy = -0.0988826052113144
  |->  par_lens = 490, 483, 491
[TDSE] Running TDSE-SH-elliptical. step 27400, energy = -0.23278542470792246
  |->  par_lens = 509, 512, 514
[TDSE] Running TDSE-SH-elliptical. step 27600, energy = -0.37853281893358476
  |->  par_lens = 518, 523, 521
[TDSE] Running TDSE-SH-elliptical. step 27800, energy = -0.33417361239912335
  |->  par_lens = 520, 523, 524
[TDSE] Running TDSE-SH-elliptical. step 28000, energy = -0.1503721918098748
  |->  par_lens = 512, 509, 516
[TDSE] Running TDSE-SH-elliptical. step 28200, energy = -0.05924738731698224
  |->  par_lens = 500, 503, 495
[TDSE] Running TDSE-SH-elliptical. step 28400, energy = -0.15250851774123034
  |->  par_lens = 512, 511, 515
[TDSE] Running TDSE-SH-elliptical. step 28600, energy = -0.3101084806716937
  |->  par_lens = 529, 530, 529
[TDSE] Running TDSE-SH-elliptical. step 28800, energy = -0.3765686716481019
  |->  par_lens = 532, 533, 531
[TDSE] Running TDSE-SH-elliptical. step 29000, energy = -0.26011110854692465
  |->  par_lens = 530, 535, 525
[TDSE] Running TDSE-SH-elliptical. step 29200, energy = -0.11125590146661561
  |->  par_lens = 518, 516, 522
[TDSE] Running TDSE-SH-elliptical. step 29400, energy = -0.12391897275874039
  |->  par_lens = 513, 511, 517
[TDSE] Running TDSE-SH-elliptical. step 29600, energy = -0.2313313095538181
  |->  par_lens = 530, 531, 534
[TDSE] Running TDSE-SH-elliptical. step 29800, energy = -0.36197155079275284
  |->  par_lens = 538, 533, 540
[TDSE] Running TDSE-SH-elliptical. step 30000, energy = -0.3371203574336723
  |->  par_lens = 540, 536, 541
[TDSE] Running TDSE-SH-elliptical. step 30200, energy = -0.1965685320861307
  |->  par_lens = 534, 528, 534
[TDSE] Running TDSE-SH-elliptical. step 30400, energy = -0.1242568386642005
  |->  par_lens = 516, 516, 526
[TDSE] Running TDSE-SH-elliptical. step 30600, energy = -0.18561485642722306
  |->  par_lens = 535, 528, 525
[TDSE] Running TDSE-SH-elliptical. step 30800, energy = -0.310982098513518
  |->  par_lens = 542, 532, 545
[TDSE] Running TDSE-SH-elliptical. step 31000, energy = -0.37255556080677227
  |->  par_lens = 542, 535, 545
[TDSE] Running TDSE-SH-elliptical. step 31200, energy = -0.2977782200381391
  |->  par_lens = 543, 538, 545
[TDSE] Running TDSE-SH-elliptical. step 31400, energy = -0.19591486997241425
  |->  par_lens = 537, 535, 537
[TDSE] Running TDSE-SH-elliptical. step 31600, energy = -0.19034048773404832
  |->  par_lens = 531, 527, 534
[TDSE] Running TDSE-SH-elliptical. step 31800, energy = -0.27322739711383975
  |->  par_lens = 541, 537, 540
[TDSE] Running TDSE-SH-elliptical. step 32000, energy = -0.3688232343995036
  |->  par_lens = 544, 538, 541
[TDSE] Running TDSE-SH-elliptical. step 32200, energy = -0.358645425323732
  |->  par_lens = 541, 532, 541
[TDSE] Running TDSE-SH-elliptical. step 32400, energy = -0.26799669818704497
  |->  par_lens = 539, 536, 545
[TDSE] Running TDSE-SH-elliptical. step 32600, energy = -0.2207626160409628
  |->  par_lens = 533, 535, 537
[TDSE] Running TDSE-SH-elliptical. step 32800, energy = -0.2564766176859187
  |->  par_lens = 546, 540, 543
[TDSE] Running TDSE-SH-elliptical. step 33000, energy = -0.3386621440047313
  |->  par_lens = 548, 543, 546
[TDSE] Running TDSE-SH-elliptical. step 33200, energy = -0.38318097857481254
  |->  par_lens = 550, 544, 547
[TDSE] Running TDSE-SH-elliptical. step 33400, energy = -0.3436983123328685
  |->  par_lens = 547, 542, 545
[TDSE] Running TDSE-SH-elliptical. step 33600, energy = -0.28421452407274084
  |->  par_lens = 541, 534, 538
[TDSE] Running TDSE-SH-elliptical. step 33800, energy = -0.2802913473397611
  |->  par_lens = 537, 532, 535
[TDSE] Running TDSE-SH-elliptical. step 34000, energy = -0.3253354226749306
  |->  par_lens = 545, 535, 541
[TDSE] Running TDSE-SH-elliptical. step 34200, energy = -0.3801028177333456
  |->  par_lens = 535, 535, 539
[TDSE] Running TDSE-SH-elliptical. step 34400, energy = -0.38029543539111565
  |->  par_lens = 537, 530, 540
[TDSE] Running TDSE-SH-elliptical. step 34600, energy = -0.33803535373170873
  |->  par_lens = 540, 530, 528
[TDSE] Running TDSE-SH-elliptical. step 34800, energy = -0.30614217595274906
  |->  par_lens = 525, 526, 535
[TDSE] Running TDSE-SH-elliptical. step 35000, energy = -0.32594649602547293
  |->  par_lens = 529, 529, 531
[TDSE] Running TDSE-SH-elliptical. step 35200, energy = -0.3670980556898433
  |->  par_lens = 531, 534, 528
[TDSE] Running TDSE-SH-elliptical. step 35400, energy = -0.3918450874368452
  |->  par_lens = 529, 534, 527
[TDSE] Running TDSE-SH-elliptical. step 35600, energy = -0.3783614254973567
  |->  par_lens = 528, 530, 529
[TDSE] Running TDSE-SH-elliptical. step 35800, energy = -0.3548370263299709
  |->  par_lens = 515, 515, 516
[TDSE] Running TDSE-SH-elliptical. step 36000, energy = -0.3441207736211904
  |->  par_lens = 489, 490, 486
[TDSE] Running TDSE-SH-elliptical. step 36200, energy = -0.3727207240370567
  |->  par_lens = 479, 470, 474
[TDSE] Running TDSE-SH-elliptical. step 36400, energy = -0.39013687824969023
  |->  par_lens = 463, 456, 462
[TDSE] Running TDSE-SH-elliptical. step 36600, energy = -0.39448319821187755
  |->  par_lens = 445, 434, 451
[TDSE] Running TDSE-SH-elliptical. step 36800, energy = -0.377272977598567
  |->  par_lens = 429, 420, 430
[TDSE] Running TDSE-SH-elliptical. step 37000, energy = -0.3683562554084545
  |->  par_lens = 409, 407, 403
[TDSE] Running TDSE-SH-elliptical. step 37200, energy = -0.37259591166093714
  |->  par_lens = 406, 405, 401
[TDSE] Running TDSE-SH-elliptical. step 37400, energy = -0.3879654171464627
  |->  par_lens = 398, 401, 400
[TDSE] Running TDSE-SH-elliptical. step 37600, energy = -0.39878947628982797
  |->  par_lens = 391, 393, 392
[TDSE] Running TDSE-SH-elliptical. step 37800, energy = -0.3957879010181643
  |->  par_lens = 381, 390, 386
[TDSE] Running TDSE-SH-elliptical. step 38000, energy = -0.3880909055652293
  |->  par_lens = 367, 371, 375
[TDSE] Running TDSE-SH-elliptical. step 38200, energy = -0.3890810308177192
  |->  par_lens = 342, 351, 340
[TDSE] Running TDSE-SH-elliptical. step 38400, energy = -0.3913941212023948
  |->  par_lens = 321, 322, 310
[TDSE] Running TDSE-SH-elliptical. step 38600, energy = -0.3996746907822916
  |->  par_lens = 304, 296, 293
[TDSE] Running TDSE-SH-elliptical. step 38800, energy = -0.39936756378108423
  |->  par_lens = 296, 284, 282
[TDSE] Running TDSE-SH-elliptical. step 39000, energy = -0.39675532495200955
  |->  par_lens = 289, 281, 278
[TDSE] Running TDSE-SH-elliptical. step 39200, energy = -0.3948678724323803
  |->  par_lens = 282, 276, 288
[TDSE] Running TDSE-SH-elliptical. step 39400, energy = -0.39508343388474126
  |->  par_lens = 291, 283, 282
[TDSE] Running TDSE-SH-elliptical. step 39600, energy = -0.39940199777044894
  |->  par_lens = 291, 289, 291
[TDSE] Running TDSE-SH-elliptical. step 39800, energy = -0.4004964678825515
  |->  par_lens = 289, 288, 290
[TDSE] Running TDSE-SH-elliptical. step 40000, energy = -0.40139237540413436
  |->  par_lens = 288, 286, 288
[TDSE] Running TDSE-SH-elliptical. step 40200, energy = -0.40093947947960734
  |->  par_lens = 285, 284, 283
[TDSE] Running TDSE-SH-elliptical. step 40400, energy = -0.40065895625001774
  |->  par_lens = 280, 278, 279
[TDSE] Running TDSE-SH-elliptical. step 40600, energy = -0.4017317091193377
  |->  par_lens = 274, 275, 274
[TDSE] Running TDSE-SH-elliptical. step 40800, energy = -0.40200989201786885
  |->  par_lens = 270, 267, 273
[TDSE] Running TDSE-SH-elliptical. step 41000, energy = -0.40228173824535257
  |->  par_lens = 264, 261, 267
[TDSE] Running TDSE-SH-elliptical. step 41200, energy = -0.4025199234732477
  |->  par_lens = 261, 259, 259
[TDSE] Running TDSE-SH-elliptical. step 41400, energy = -0.40227186165849743
  |->  par_lens = 261, 261, 260
[TDSE] Running TDSE-SH-elliptical. step 41600, energy = -0.4028624347018027
  |->  par_lens = 262, 261, 260
[TDSE] Running TDSE-SH-elliptical. step 41800, energy = -0.4030857490921464
  |->  par_lens = 261, 260, 259
[TDSE] Running TDSE-SH-elliptical. step 42000, energy = -0.4035063886509977
  |->  par_lens = 261, 259, 258
[TDSE] Running TDSE-SH-elliptical. step 42200, energy = -0.40373497652871465
  |->  par_lens = 260, 259, 257
[TDSE] Running TDSE-SH-elliptical. step 42400, energy = -0.4041697020830235
  |->  par_lens = 259, 259, 257
[TDSE] Running TDSE-SH-elliptical. step 42600, energy = -0.4044169469927146
  |->  par_lens = 259, 258, 255
[TDSE] Running TDSE-SH-elliptical. step 42800, energy = -0.40468088235356237
  |->  par_lens = 258, 258, 254
[TDSE] Running TDSE-SH-elliptical. step 43000, energy = -0.405026541164307
  |->  par_lens = 256, 257, 253
[TDSE] Running TDSE-SH-elliptical. step 43200, energy = -0.4052459942708832
  |->  par_lens = 253, 255, 252
[TDSE] Running TDSE-SH-elliptical. step 43400, energy = -0.4055720752361712
  |->  par_lens = 252, 255, 251
[TDSE] Running TDSE-SH-elliptical. step 43600, energy = -0.40589792487752
  |->  par_lens = 251, 251, 251
[TDSE] Running TDSE-SH-elliptical. step 43800, energy = -0.4062197617759489
  |->  par_lens = 250, 250, 246
[TDSE] Running TDSE-SH-elliptical. step 44000, energy = -0.40657232301335944
  |->  par_lens = 248, 247, 246
[TDSE] Running TDSE-SH-elliptical. step 44200, energy = -0.40698955958691696
  |->  par_lens = 244, 242, 244
[TDSE] Running TDSE-SH-elliptical. step 44400, energy = -0.4074444792526781
  |->  par_lens = 242, 241, 242
[TDSE] Running TDSE-SH-elliptical. step 44600, energy = -0.40780063705770114
  |->  par_lens = 239, 239, 239
[TDSE] Running TDSE-SH-elliptical. step 44800, energy = -0.40798907215848884
  |->  par_lens = 236, 235, 237
[TDSE] Running TDSE-SH-elliptical. step 45000, energy = -0.40814870520570784
  |->  par_lens = 233, 232, 232
[TDSE] Running TDSE-SH-elliptical. step 45200, energy = -0.4084756240544647
  |->  par_lens = 230, 228, 231
[TDSE] Running TDSE-SH-elliptical. step 45400, energy = -0.4090461025372066
  |->  par_lens = 226, 228, 228
[TDSE] Running TDSE-SH-elliptical. step 45600, energy = -0.4096447169859227
  |->  par_lens = 225, 226, 224
[TDSE] Running TDSE-SH-elliptical. step 45800, energy = -0.4099966621222489
  |->  par_lens = 222, 223, 221
[TDSE] Running TDSE-SH-elliptical. step 46000, energy = -0.41019390256920196
  |->  par_lens = 218, 220, 219
[TDSE] Running TDSE-SH-elliptical. step 46200, energy = -0.4104304757717129
  |->  par_lens = 215, 218, 216
[TDSE] Running TDSE-SH-elliptical. step 46400, energy = -0.4107487777410592
  |->  par_lens = 215, 214, 215
[TDSE] Running TDSE-SH-elliptical. step 46600, energy = -0.41108399057702827
  |->  par_lens = 213, 212, 211
[TDSE] Running TDSE-SH-elliptical. step 46800, energy = -0.41140713415260377
  |->  par_lens = 210, 211, 210
[TDSE] Running TDSE-SH-elliptical. step 47000, energy = -0.41174548772197905
  |->  par_lens = 209, 207, 208
[TDSE] Running TDSE-SH-elliptical. step 47200, energy = -0.41210347918234014
  |->  par_lens = 206, 204, 207
[TDSE] Running TDSE-SH-elliptical. step 47400, energy = -0.412451590227819
  |->  par_lens = 204, 203, 203
[TDSE] Running TDSE-SH-elliptical. step 47600, energy = -0.41277140842206667
  |->  par_lens = 202, 201, 201
[TDSE] Running TDSE-SH-elliptical. step 47800, energy = -0.413068856182088
  |->  par_lens = 198, 199, 198
[TDSE] Running TDSE-SH-elliptical. step 48000, energy = -0.4133673324738023
  |->  par_lens = 195, 197, 194
[TDSE] Running TDSE-SH-elliptical. step 48200, energy = -0.41365690020856166
  |->  par_lens = 194, 193, 193
[TDSE] Running TDSE-SH-elliptical. step 48400, energy = -0.41391985672927045
  |->  par_lens = 193, 191, 192
[TDSE] Running TDSE-SH-elliptical. step 48600, energy = -0.4141793052040215
  |->  par_lens = 192, 191, 192
[TDSE] Running TDSE-SH-elliptical. step 48800, energy = -0.4144529866173779
  |->  par_lens = 191, 191, 190
[TDSE] Running TDSE-SH-elliptical. step 49000, energy = -0.41472578832741425
  |->  par_lens = 190, 188, 188
[TDSE] Running TDSE-SH-elliptical. step 49200, energy = -0.4149784126401114
  |->  par_lens = 187, 185, 186
[TDSE] Running TDSE-SH-elliptical. step 49400, energy = -0.41522896991943126
  |->  par_lens = 180, 181, 183
[TDSE] Running TDSE-SH-elliptical. step 49600, energy = -0.4155065726697618
  |->  par_lens = 178, 180, 180
[TDSE] Running TDSE-SH-elliptical. step 49800, energy = -0.4157932274018765
  |->  par_lens = 178, 177, 180
[TDSE] Running TDSE-SH-elliptical. step 50000, energy = -0.41605217418514656
  |->  par_lens = 177, 177, 177
[TDSE] Running TDSE-SH-elliptical. step 50200, energy = -0.4162716673558517
  |->  par_lens = 176, 176, 177
[TDSE] Running TDSE-SH-elliptical. step 50400, energy = -0.4164678727482577
  |->  par_lens = 175, 176, 176
[TDSE] Running TDSE-SH-elliptical. step 50600, energy = -0.41667816331765695
  |->  par_lens = 174, 176, 173
[TDSE] Running TDSE-SH-elliptical. step 50800, energy = -0.4169229338592813
  |->  par_lens = 173, 175, 172
[TDSE] Running TDSE-SH-elliptical. step 51000, energy = -0.417188356260225
  |->  par_lens = 171, 169, 168
[TDSE] Running TDSE-SH-elliptical. step 51200, energy = -0.4174424978867707
  |->  par_lens = 168, 168, 168
[TDSE] Running TDSE-SH-elliptical. step 51400, energy = -0.41766111120729077
  |->  par_lens = 166, 166, 165
[TDSE] Running TDSE-SH-elliptical. step 51600, energy = -0.41784579068001304
  |->  par_lens = 166, 163, 165
[TDSE] Running TDSE-SH-elliptical. step 51800, energy = -0.4180170650172294
  |->  par_lens = 165, 161, 163
[TDSE] Running TDSE-SH-elliptical. step 52000, energy = -0.4181951350269443
  |->  par_lens = 164, 161, 163
[TDSE] Running TDSE-SH-elliptical. step 52200, energy = -0.4183869840953974
  |->  par_lens = 162, 160, 162
[TDSE] Running TDSE-SH-elliptical. step 52400, energy = -0.41859207035741164
  |->  par_lens = 161, 159, 160
[TDSE] Running TDSE-SH-elliptical. step 52600, energy = -0.41880668979489805
  |->  par_lens = 160, 159, 158
[TDSE] Running TDSE-SH-elliptical. step 52800, energy = -0.4190204299868586
  |->  par_lens = 158, 158, 157
[TDSE] Running TDSE-SH-elliptical. step 53000, energy = -0.4192218898907867
  |->  par_lens = 156, 155, 157
[TDSE] Running TDSE-SH-elliptical. step 53200, energy = -0.41940981235384367
  |->  par_lens = 154, 154, 156
[TDSE] Running TDSE-SH-elliptical. step 53400, energy = -0.41959224500927567
  |->  par_lens = 153, 154, 153
[TDSE] Running TDSE-SH-elliptical. step 53600, energy = -0.4197746937274305
  |->  par_lens = 151, 153, 151
[TDSE] Running TDSE-SH-elliptical. step 53800, energy = -0.41995232789854986
  |->  par_lens = 148, 151, 150
[TDSE] Running TDSE-SH-elliptical. step 54000, energy = -0.42011540964430677
  |->  par_lens = 147, 148, 148
[TDSE] Running TDSE-SH-elliptical. step 54200, energy = -0.4202586794377485
  |->  par_lens = 147, 147, 145
[TDSE] Running TDSE-SH-elliptical. step 54400, energy = -0.42038369823422433
  |->  par_lens = 147, 146, 144
[TDSE] Running TDSE-SH-elliptical. step 54600, energy = -0.4204970982959691
  |->  par_lens = 146, 145, 144
[TDSE] Running TDSE-SH-elliptical. step 54800, energy = -0.42060895534519266
  |->  par_lens = 146, 145, 144
[TDSE] Running TDSE-SH-elliptical. step 55000, energy = -0.4207314511169283
  |->  par_lens = 145, 145, 144
[TDSE] Running TDSE-SH-elliptical. step 55200, energy = -0.42087291939544896
  |->  par_lens = 144, 142, 144
[TDSE] Running TDSE-SH-elliptical. step 55400, energy = -0.42103058870925936
  |->  par_lens = 144, 142, 144
[TDSE] Running TDSE-SH-elliptical. step 55600, energy = -0.4211960971961672
  |->  par_lens = 143, 141, 143
[TDSE] Running TDSE-SH-elliptical. step 55800, energy = -0.4213691187098795
  |->  par_lens = 141, 140, 142
[TDSE] Running TDSE-SH-elliptical. step 56000, energy = -0.4215581851845644
  |->  par_lens = 139, 137, 139
[TDSE] Running TDSE-SH-elliptical. step 56200, energy = -0.42176681598217214
  |->  par_lens = 138, 135, 137
[TDSE] Running TDSE-SH-elliptical. step 56400, energy = -0.4219840688715308
  |->  par_lens = 135, 134, 136
[TDSE] Running TDSE-SH-elliptical. step 56600, energy = -0.4221898783298793
  |->  par_lens = 132, 133, 134
[TDSE] Running TDSE-SH-elliptical. step 56800, energy = -0.42236656596691113
  |->  par_lens = 131, 132, 131
[TDSE] Running TDSE-SH-elliptical. step 57000, energy = -0.4225061026368567
  |->  par_lens = 128, 131, 131
[TDSE] Running TDSE-SH-elliptical. step 57200, energy = -0.42261118933668823
  |->  par_lens = 128, 129, 129
[TDSE] Running TDSE-SH-elliptical. step 57400, energy = -0.42269160534390177
  |->  par_lens = 128, 129, 128
[TDSE] Running TDSE-SH-elliptical. step 57600, energy = -0.4227575660239212
  |->  par_lens = 128, 127, 126
[TDSE] Running TDSE-SH-elliptical. step 57800, energy = -0.42281448731683646
  |->  par_lens = 128, 127, 125
[TDSE] Running TDSE-SH-elliptical. step 58000, energy = -0.4228637540189334
  |->  par_lens = 127, 127, 125
[TDSE] Running TDSE-SH-elliptical. step 58200, energy = -0.422907743622815
  |->  par_lens = 127, 125, 125
[TDSE] Running TDSE-SH-elliptical. step 58400, energy = -0.4229523597064806
  |->  par_lens = 126, 125, 124
[TDSE] Running TDSE-SH-elliptical. step 58600, energy = -0.42300410892670764
  |->  par_lens = 126, 125, 124
[TDSE] Running TDSE-SH-elliptical. step 58800, energy = -0.42306581875074983
  |->  par_lens = 126, 124, 124
[TDSE] Running TDSE-SH-elliptical. step 59000, energy = -0.42313614511341285
  |->  par_lens = 125, 124, 124
[TDSE] Running TDSE-SH-elliptical. step 59200, energy = -0.42321283672247495
  |->  par_lens = 125, 124, 124
  Activating project at `~/JuliaProp_v0.1`
[TDSE] Running TDSE-SH-elliptical. step 59400, energy = -0.42329566279244124
  |->  par_lens = 124, 124, 124
[TDSE] Running TDSE-SH-elliptical. step 59600, energy = -0.42338636571781163
  |->  par_lens = 123, 123, 124
[TDSE] Running TDSE-SH-elliptical. step 59800, energy = -0.42348677944809043
  |->  par_lens = 122, 123, 124
[TDSE] Running TDSE-SH-elliptical. step 60000, energy = -0.4235975033271504
  |->  par_lens = 122, 123, 123
[TDSE] Running TDSE-SH-elliptical. step 60200, energy = -0.4237177952004802
  |->  par_lens = 122, 123, 121
[TDSE] Running TDSE-SH-elliptical. step 60400, energy = -0.42384601498885005
  |->  par_lens = 122, 122, 119
[TDSE] Running TDSE-SH-elliptical. step 60600, energy = -0.423979907044424
  |->  par_lens = 122, 121, 119
[TDSE] Running TDSE-SH-elliptical. step 60800, energy = -0.42411673177282466
  |->  par_lens = 121, 121, 119
[TDSE] Running TDSE-SH-elliptical. step 61000, energy = -0.4242535611619974
  |->  par_lens = 119, 117, 118
[TDSE] Running TDSE-SH-elliptical. step 61200, energy = -0.4243875623790718
  |->  par_lens = 118, 116, 118
[TDSE] Running TDSE-SH-elliptical. step 61400, energy = -0.4245159247075934
  |->  par_lens = 115, 115, 117
[TDSE] Running TDSE-SH-elliptical. step 61600, energy = -0.4246354448654342
  |->  par_lens = 114, 114, 113
[TDSE] Running TDSE-SH-elliptical. step 61800, energy = -0.4247425943782895
  |->  par_lens = 114, 113, 112
[TDSE] Running TDSE-SH-elliptical. step 62000, energy = -0.42483464814650307
  |->  par_lens = 112, 111, 112
[TDSE] Running TDSE-SH-elliptical. step 62200, energy = -0.4249109303985223
  |->  par_lens = 110, 110, 112
[TDSE] Running TDSE-SH-elliptical. step 62400, energy = -0.42497315735253594
  |->  par_lens = 109, 110, 111
[TDSE] Running TDSE-SH-elliptical. step 62600, energy = -0.4250246217847141
  |->  par_lens = 109, 108, 106
[TDSE] Running TDSE-SH-elliptical. step 62800, energy = -0.42506880545256703
  |->  par_lens = 109, 105, 106
[TDSE] Running TDSE-SH-elliptical. step 63000, energy = -0.4251085149421424
  |->  par_lens = 106, 104, 105
[TDSE] Running TDSE-SH-elliptical. step 63200, energy = -0.42514571636885096
  |->  par_lens = 104, 104, 105
[TDSE] Running TDSE-SH-elliptical. step 63400, energy = -0.4251816640134525
  |->  par_lens = 104, 104, 101
[TDSE] Running TDSE-SH-elliptical. step 63600, energy = -0.42521714954654966
  |->  par_lens = 104, 102, 101
[TDSE] Running TDSE-SH-elliptical. step 63800, energy = -0.4252526502127279
  |->  par_lens = 104, 102, 101
[TDSE] Running TDSE-SH-elliptical. step 64000, energy = -0.42528838115372325
  |->  par_lens = 103, 100, 101
[TDSE] Running TDSE-SH-elliptical. step 64200, energy = -0.42532443942235676
  |->  par_lens = 102, 100, 101
[TDSE] Running TDSE-SH-elliptical. step 64400, energy = -0.4253609642714779
  |->  par_lens = 101, 99, 101
[TDSE] Running TDSE-SH-elliptical. step 64600, energy = -0.4253981012353031
  |->  par_lens = 101, 99, 101
[TDSE] Running TDSE-SH-elliptical. step 64800, energy = -0.4254358234626907
  |->  par_lens = 100, 99, 101
[TDSE] Running TDSE-SH-elliptical. step 65000, energy = -0.42547380045368155
  |->  par_lens = 100, 99, 100
[TDSE] Running TDSE-SH-elliptical. step 65200, energy = -0.4255113821475388
  |->  par_lens = 98, 99, 100
[TDSE] Running TDSE-SH-elliptical. step 65400, energy = -0.4255477487242416
  |->  par_lens = 98, 99, 100
[TDSE] Running TDSE-SH-elliptical. step 65600, energy = -0.42558209781567835
  |->  par_lens = 98, 99, 99
[TDSE] Running TDSE-SH-elliptical. step 65800, energy = -0.42561369540139277
  |->  par_lens = 98, 99, 99
[TDSE] Running TDSE-SH-elliptical. step 66000, energy = -0.4256419414181659
  |->  par_lens = 98, 98, 99
[TDSE] Running TDSE-SH-elliptical. step 66200, energy = -0.4256665741663832
  |->  par_lens = 98, 98, 98
[TDSE] Running TDSE-SH-elliptical. step 66400, energy = -0.4256878376172182
  |->  par_lens = 98, 98, 98
[TDSE] Running TDSE-SH-elliptical. step 66600, energy = -0.4257064964192095
  |->  par_lens = 98, 98, 98
[TDSE] Running TDSE-SH-elliptical. step 66800, energy = -0.4257237529343712
  |->  par_lens = 98, 98, 98
[TDSE] Running TDSE-SH-elliptical. step 67000, energy = -0.42574105926610756
  |->  par_lens = 98, 98, 98
[TDSE] Running TDSE-SH-elliptical. step 67200, energy = -0.4257598098860127
  |->  par_lens = 98, 98, 98
[TDSE] Running TDSE-SH-elliptical. step 67400, energy = -0.42578106418041645
  |->  par_lens = 98, 98, 98
[TDSE] Running TDSE-SH-elliptical. step 67600, energy = -0.4258054737421968
  |->  par_lens = 98, 98, 98
[TDSE] Running TDSE-SH-elliptical. step 67800, energy = -0.4258333959977749
  |->  par_lens = 98, 98, 97
[TDSE] Running TDSE-SH-elliptical. step 68000, energy = -0.42586503014511906
  |->  par_lens = 98, 98, 96
[TDSE] Running TDSE-SH-elliptical. step 68200, energy = -0.42590045400919363
  |->  par_lens = 98, 97, 96
[TDSE] Running TDSE-SH-elliptical. step 68400, energy = -0.42593956611492806
  |->  par_lens = 98, 96, 96
[TDSE] Running TDSE-SH-elliptical. step 68600, energy = -0.425982019075135
  |->  par_lens = 98, 96, 96
[TDSE] Running TDSE-SH-elliptical. step 68800, energy = -0.42602721899718143
  |->  par_lens = 97, 96, 96
[TDSE] Running TDSE-SH-elliptical. step 69000, energy = -0.42607439265535035
  |->  par_lens = 95, 95, 95
[TDSE] Running TDSE-SH-elliptical. step 69200, energy = -0.4261226823560973
  |->  par_lens = 95, 93, 95
[TDSE] Running TDSE-SH-elliptical. step 69400, energy = -0.42617125440118253
  |->  par_lens = 95, 93, 93
[TDSE] Running TDSE-SH-elliptical. step 69600, energy = -0.42621942667425283
  |->  par_lens = 95, 93, 93
[TDSE] Running TDSE-SH-elliptical. step 69800, energy = -0.426266784028382
  |->  par_lens = 94, 93, 93
[TDSE] Running TDSE-SH-elliptical. step 70000, energy = -0.4263132207164987
  |->  par_lens = 92, 93, 93
[TDSE] Running TDSE-SH-elliptical. step 70200, energy = -0.42635888870681143
  |->  par_lens = 92, 93, 93
[TDSE] Running TDSE-SH-elliptical. step 70400, energy = -0.42640409271909063
  |->  par_lens = 92, 92, 93
[TDSE] Running TDSE-SH-elliptical. step 70600, energy = -0.42644918273327126
  |->  par_lens = 92, 92, 92
[TDSE] Running TDSE-SH-elliptical. step 70800, energy = -0.42649446122295676
  |->  par_lens = 92, 92, 90
[TDSE] Running TDSE-SH-elliptical. step 71000, energy = -0.42654010450738944
  |->  par_lens = 92, 92, 90
[TDSE] Running TDSE-SH-elliptical. step 71200, energy = -0.42658611001653446
  |->  par_lens = 92, 91, 90
[TDSE] Running TDSE-SH-elliptical. step 71400, energy = -0.42663228834074146
  |->  par_lens = 92, 90, 90
[TDSE] Running TDSE-SH-elliptical. step 71600, energy = -0.4266783007099487
  |->  par_lens = 90, 89, 90
[TDSE] Running TDSE-SH-elliptical. step 71800, energy = -0.4267237201937904
  |->  par_lens = 89, 89, 90
[TDSE] Running TDSE-SH-elliptical. step 72000, energy = -0.4267680929451616
  |->  par_lens = 89, 88, 89
[TDSE] Running TDSE-SH-elliptical. step 72200, energy = -0.4268109896999365
  |->  par_lens = 86, 88, 88
[TDSE] Running TDSE-SH-elliptical. step 72400, energy = -0.4268520474334302
  |->  par_lens = 86, 87, 88
[TDSE] Running TDSE-SH-elliptical. step 72600, energy = -0.42689099945661146
  |->  par_lens = 86, 86, 87
[TDSE] Running TDSE-SH-elliptical. step 72800, energy = -0.4269276889136426
  |->  par_lens = 86, 86, 85
[TDSE] Running TDSE-SH-elliptical. step 73000, energy = -0.42696206429318384
  |->  par_lens = 86, 86, 85
[TDSE] Running TDSE-SH-elliptical. step 73200, energy = -0.4269941629086499
  |->  par_lens = 85, 85, 85
[TDSE] Running TDSE-SH-elliptical. step 73400, energy = -0.42702409086329984
  |->  par_lens = 85, 83, 85
[TDSE] Running TDSE-SH-elliptical. step 73600, energy = -0.4270520035984346
  |->  par_lens = 85, 83, 85
[TDSE] Running TDSE-SH-elliptical. step 73800, energy = -0.4270780854371706
  |->  par_lens = 85, 83, 85
[TDSE] Running TDSE-SH-elliptical. step 74000, energy = -0.427102525654467
  |->  par_lens = 83, 83, 85
[TDSE] Running TDSE-SH-elliptical. step 74200, energy = -0.4271254926429198
  |->  par_lens = 82, 83, 84
[TDSE] Running TDSE-SH-elliptical. step 74400, energy = -0.427147111969876
  |->  par_lens = 82, 83, 84
[TDSE] Running TDSE-SH-elliptical. step 74600, energy = -0.4271674544450521
  |->  par_lens = 82, 83, 83
[TDSE] Running TDSE-SH-elliptical. step 74800, energy = -0.42718653679767443
  |->  par_lens = 82, 82, 81
[TDSE] Running TDSE-SH-elliptical. step 75000, energy = -0.42720433329249413
  |->  par_lens = 82, 82, 81
[TDSE] Running TDSE-SH-elliptical. step 75200, energy = -0.42722079433844395
  |->  par_lens = 81, 81, 80
[TDSE] Running TDSE-SH-elliptical. step 75400, energy = -0.4272358682065843
  |->  par_lens = 81, 81, 80
[TDSE] Running TDSE-SH-elliptical. step 75600, energy = -0.4272495229010684
  |->  par_lens = 81, 81, 80
[TDSE] Running TDSE-SH-elliptical. step 75800, energy = -0.42726176561498713
  |->  par_lens = 80, 79, 80
[TDSE] Running TDSE-SH-elliptical. step 76000, energy = -0.427272656934719
  |->  par_lens = 80, 79, 80
[TDSE] Running TDSE-SH-elliptical. step 76200, energy = -0.4272823169417466
  |->  par_lens = 80, 79, 80
[TDSE] Running TDSE-SH-elliptical. step 76400, energy = -0.4272909214494132
  |->  par_lens = 80, 79, 79
[TDSE] Running TDSE-SH-elliptical. step 76600, energy = -0.42729868877041977
  |->  par_lens = 79, 78, 79
[TDSE] Running TDSE-SH-elliptical. step 76800, energy = -0.42730585975903984
  |->  par_lens = 79, 78, 78
[TDSE] Running TDSE-SH-elliptical. step 77000, energy = -0.4273126753500624
  |->  par_lens = 78, 78, 78
[TDSE] Running TDSE-SH-elliptical. step 77200, energy = -0.42731935587555503
  |->  par_lens = 78, 77, 78
[TDSE] Running TDSE-SH-elliptical. step 77400, energy = -0.4273260852841077
  |->  par_lens = 78, 77, 78
[TDSE] Running TDSE-SH-elliptical. step 77600, energy = -0.4273330017137637
  |->  par_lens = 77, 77, 77
[TDSE] Running TDSE-SH-elliptical. step 77800, energy = -0.4273401944009086
  |->  par_lens = 77, 77, 77
[TDSE] Running TDSE-SH-elliptical. step 78000, energy = -0.42734770602559685
  |->  par_lens = 77, 77, 77
[TDSE] Running TDSE-SH-elliptical. step 78200, energy = -0.42735553927027015
  |->  par_lens = 76, 77, 76
[TDSE] Running TDSE-SH-elliptical. step 78400, energy = -0.42736366633164674
  |->  par_lens = 76, 77, 76
[TDSE] Running TDSE-SH-elliptical. step 78600, energy = -0.4273720401059249
  |->  par_lens = 76, 76, 75
[TDSE] Running TDSE-SH-elliptical. step 78800, energy = -0.42738060566577335
  |->  par_lens = 76, 76, 75
[TDSE] Running TDSE-SH-elliptical. step 79000, energy = -0.42738931054994894
  |->  par_lens = 76, 76, 75
[TDSE] Running TDSE-SH-elliptical. step 79200, energy = -0.4273981124621177
  |->  par_lens = 76, 76, 74
[TDSE] Running TDSE-SH-elliptical. step 79400, energy = -0.4274069833478672
  |->  par_lens = 76, 75, 74
[TDSE] Running TDSE-SH-elliptical. step 79600, energy = -0.4274159094767335
  |->  par_lens = 75, 74, 74
[TDSE] Running TDSE-SH-elliptical. step 79800, energy = -0.42742488795073763
  |->  par_lens = 75, 74, 74
[TDSE] Running TDSE-SH-elliptical. step 80000, energy = -0.42743392077344944
  |->  par_lens = 75, 74, 74
[TDSE] Running TDSE-SH-elliptical. step 80200, energy = -0.4274430080442484
  |->  par_lens = 75, 74, 74
[TDSE] Running TDSE-SH-elliptical. step 80400, energy = -0.42745214188455904
  |->  par_lens = 74, 74, 73
[TDSE] Running TDSE-SH-elliptical. step 80600, energy = -0.42746130237480806
  |->  par_lens = 73, 74, 73
[TDSE] Running TDSE-SH-elliptical. step 80800, energy = -0.4274704562010941
  |->  par_lens = 73, 73, 73
[TDSE] Running TDSE-SH-elliptical. step 81000, energy = -0.4274795580524562
  |->  par_lens = 73, 73, 73
[TDSE] Running TDSE-SH-elliptical. step 81200, energy = -0.427488554239741
  |->  par_lens = 73, 73, 72
[TDSE] Running TDSE-SH-elliptical. step 81400, energy = -0.42749738764045264
  |->  par_lens = 73, 72, 72
[TDSE] Running TDSE-SH-elliptical. step 81600, energy = -0.42750600295587243
  |->  par_lens = 73, 72, 71
[TDSE] Running TDSE-SH-elliptical. step 81800, energy = -0.42751435137274074
  |->  par_lens = 73, 72, 71
[TDSE] Running TDSE-SH-elliptical. step 82000, energy = -0.42752239398260855
  |->  par_lens = 72, 72, 71
[TDSE] Running TDSE-SH-elliptical. step 82200, energy = -0.42753010363938143
  |->  par_lens = 72, 71, 71
[TDSE] Running TDSE-SH-elliptical. step 82400, energy = -0.4275374652502398
  |->  par_lens = 72, 70, 70
[TDSE] Running TDSE-SH-elliptical. step 82600, energy = -0.4275444747384722
  |->  par_lens = 71, 70, 69
[TDSE] Running TDSE-SH-elliptical. step 82800, energy = -0.42755113706322206
  |->  par_lens = 71, 69, 69
[TDSE] Running TDSE-SH-elliptical. step 83000, energy = -0.4275574637305756
  |->  par_lens = 70, 69, 69
[TDSE] Running TDSE-SH-elliptical. step 83200, energy = -0.42756347020065355
  |->  par_lens = 70, 69, 69
[TDSE] Running TDSE-SH-elliptical. step 83400, energy = -0.4275691735145364
  |->  par_lens = 69, 68, 69
[TDSE] Running TDSE-SH-elliptical. step 83600, energy = -0.427574590361424
  |->  par_lens = 68, 68, 68
[TDSE] Running TDSE-SH-elliptical. step 83800, energy = -0.4275797357016827
  |->  par_lens = 68, 68, 68
[TDSE] Running TDSE-SH-elliptical. step 84000, energy = -0.4275846219708114
  |->  par_lens = 68, 68, 68
[TDSE] Running TDSE-SH-elliptical. step 84200, energy = -0.42758925882075344
  |->  par_lens = 68, 68, 67
[TDSE] Running TDSE-SH-elliptical. step 84400, energy = -0.4275936533082861
  |->  par_lens = 68, 67, 67
[TDSE] Running TDSE-SH-elliptical. step 84600, energy = -0.42759781041467293
  |->  par_lens = 68, 67, 66
[TDSE] Running TDSE-SH-elliptical. step 84800, energy = -0.42760173377186156
  |->  par_lens = 67, 67, 66
[TDSE] Running TDSE-SH-elliptical. step 85000, energy = -0.42760542647436023
  |->  par_lens = 67, 67, 66
[TDSE] Running TDSE-SH-elliptical. step 85200, energy = -0.42760889186963896
  |->  par_lens = 67, 66, 66
[TDSE] Running TDSE-SH-elliptical. step 85400, energy = -0.42761213423974304
  |->  par_lens = 66, 66, 66
[TDSE] Running TDSE-SH-elliptical. step 85600, energy = -0.42761515931143956
  |->  par_lens = 66, 65, 66
[TDSE] Running TDSE-SH-elliptical. step 85800, energy = -0.4276179745585153
  |->  par_lens = 66, 65, 66
[TDSE] Running TDSE-SH-elliptical. step 86000, energy = -0.4276205892859489
  |->  par_lens = 66, 65, 66
[TDSE] Running TDSE-SH-elliptical. step 86200, energy = -0.4276230145100176
  |->  par_lens = 66, 65, 66
