[ITP]: 10000.471108571397
[ITP]: 0.022107823405609905
[ITP]: 0.004976805475414736
[ITP]: 0.0021058954092971205
[ITP]: 0.001084104546129061
[ITP]: 0.0006160870179273692
[ITP]: 0.0003714642087823128
[ITP]: 0.00023286611963801995
[ITP]: 0.0001500123428329614
[ITP]: 9.857967926441003e-5
[ITP]: 6.57601184761436e-5
[ITP]: 4.43786526744816e-5
[ITP]: 3.022437766897479e-5
[ITP]: 2.0735965556739622e-5
[ITP]: 1.4311264988853267e-5
[ITP]: 9.92563006574354e-6
[ITP]: 6.9119921211058255e-6
[ITP]: 4.82976755122877e-6
[ITP]: 3.384510666504248e-6
[ITP]: 2.3775199649023193e-6
[ITP]: 1.6736194445865493e-6
[ITP]: 1.1802274751948616e-6
[ITP]: 8.335748883370186e-7
[ITP]: 5.895273362810372e-7
[ITP]: 4.174150680658073e-7
[ITP]: 2.958509506267859e-7
[ITP]: 2.098764437796774e-7
[ITP]: 1.4900242706339384e-7
[ITP]: 1.0585745457980522e-7
[ITP]: 7.525113565609587e-8
[ITP]: 5.352267851144177e-8
[ITP]: 3.808635307134267e-8
[ITP]: 2.7113442158110956e-8
[ITP]: 1.9309163601377577e-8
[ITP]: 1.3755872219078924e-8
[ITP]: 9.802639699962867e-9
Energy of ground state: -0.5030607411950042
[TDSE] Start TDSE-SH for elliptical polarized laser. It may cost a plenty of time.
[TDSE] Running TDSE-SH-elliptical. step 0, energy = -0.5030607411950033
  |->  par_lens = 1, 1, 1
[TDSE] Running TDSE-SH-elliptical. step 200, energy = -0.5030607411948621
  |->  par_lens = 1, 1, 1
[TDSE] Running TDSE-SH-elliptical. step 400, energy = -0.5030607411947172
  |->  par_lens = 1, 1, 2
[TDSE] Running TDSE-SH-elliptical. step 600, energy = -0.5030607411944764
  |->  par_lens = 1, 1, 2
[TDSE] Running TDSE-SH-elliptical. step 800, energy = -0.5030607411939122
  |->  par_lens = 1, 1, 2
[TDSE] Running TDSE-SH-elliptical. step 1000, energy = -0.5030607411922318
  |->  par_lens = 1, 1, 2
[TDSE] Running TDSE-SH-elliptical. step 1200, energy = -0.5030607411880177
  |->  par_lens = 1, 1, 2
[TDSE] Running TDSE-SH-elliptical. step 1400, energy = -0.5030607411784208
  |->  par_lens = 1, 1, 2
[TDSE] Running TDSE-SH-elliptical. step 1600, energy = -0.5030607411593957
  |->  par_lens = 1, 1, 2
[TDSE] Running TDSE-SH-elliptical. step 1800, energy = -0.503060741123654
  |->  par_lens = 1, 1, 2
[TDSE] Running TDSE-SH-elliptical. step 2000, energy = -0.503060741060421
  |->  par_lens = 1, 1, 2
[TDSE] Running TDSE-SH-elliptical. step 2200, energy = -0.5030607409540466
  |->  par_lens = 1, 1, 2
[TDSE] Running TDSE-SH-elliptical. step 2400, energy = -0.5030607407831922
  |->  par_lens = 1, 1, 2
[TDSE] Running TDSE-SH-elliptical. step 2600, energy = -0.5030607405185197
  |->  par_lens = 1, 1, 2
[TDSE] Running TDSE-SH-elliptical. step 2800, energy = -0.5030607401226423
  |->  par_lens = 1, 1, 2
[TDSE] Running TDSE-SH-elliptical. step 3000, energy = -0.503060739544785
  |->  par_lens = 1, 1, 2
[TDSE] Running TDSE-SH-elliptical. step 3200, energy = -0.5030607387275634
  |->  par_lens = 1, 1, 2
[TDSE] Running TDSE-SH-elliptical. step 3400, energy = -0.5030607375876838
  |->  par_lens = 1, 1, 2
[TDSE] Running TDSE-SH-elliptical. step 3600, energy = -0.5030607360429912
  |->  par_lens = 1, 1, 2
[TDSE] Running TDSE-SH-elliptical. step 3800, energy = -0.50306073396906
  |->  par_lens = 1, 1, 2
[TDSE] Running TDSE-SH-elliptical. step 4000, energy = -0.5030607312542679
  |->  par_lens = 1, 1, 2
[TDSE] Running TDSE-SH-elliptical. step 4200, energy = -0.5030607277149047
  |->  par_lens = 1, 1, 2
[TDSE] Running TDSE-SH-elliptical. step 4400, energy = -0.5030607232192209
  |->  par_lens = 1, 1, 2
[TDSE] Running TDSE-SH-elliptical. step 4600, energy = -0.5030607175114788
  |->  par_lens = 1, 1, 2
[TDSE] Running TDSE-SH-elliptical. step 4800, energy = -0.5030607104165501
  |->  par_lens = 2, 2, 2
[TDSE] Running TDSE-SH-elliptical. step 5000, energy = -0.5030607016335791
  |->  par_lens = 2, 2, 2
[TDSE] Running TDSE-SH-elliptical. step 5200, energy = -0.5030606909266975
  |->  par_lens = 2, 2, 2
[TDSE] Running TDSE-SH-elliptical. step 5400, energy = -0.503060677933805
  |->  par_lens = 2, 2, 2
[TDSE] Running TDSE-SH-elliptical. step 5600, energy = -0.5030606623674362
  |->  par_lens = 2, 2, 2
[TDSE] Running TDSE-SH-elliptical. step 5800, energy = -0.5030606438481622
  |->  par_lens = 2, 2, 2
[TDSE] Running TDSE-SH-elliptical. step 6000, energy = -0.5030606219417662
  |->  par_lens = 2, 2, 2
[TDSE] Running TDSE-SH-elliptical. step 6200, energy = -0.5030605963744321
  |->  par_lens = 2, 2, 2
[TDSE] Running TDSE-SH-elliptical. step 6400, energy = -0.5030605664909992
  |->  par_lens = 2, 2, 2
[TDSE] Running TDSE-SH-elliptical. step 6600, energy = -0.5030605321282736
  |->  par_lens = 2, 2, 2
[TDSE] Running TDSE-SH-elliptical. step 6800, energy = -0.5030604925287332
  |->  par_lens = 2, 2, 2
[TDSE] Running TDSE-SH-elliptical. step 7000, energy = -0.5030604475704956
  |->  par_lens = 2, 2, 2
[TDSE] Running TDSE-SH-elliptical. step 7200, energy = -0.5030603962615909
  |->  par_lens = 2, 2, 2
[TDSE] Running TDSE-SH-elliptical. step 7400, energy = -0.5030603388974033
  |->  par_lens = 2, 2, 2
[TDSE] Running TDSE-SH-elliptical. step 7600, energy = -0.5030602741621116
  |->  par_lens = 2, 2, 2
[TDSE] Running TDSE-SH-elliptical. step 7800, energy = -0.5030602022664615
  |->  par_lens = 2, 2, 2
[TDSE] Running TDSE-SH-elliptical. step 8000, energy = -0.5030601223637952
  |->  par_lens = 2, 2, 2
[TDSE] Running TDSE-SH-elliptical. step 8200, energy = -0.5030600344668145
  |->  par_lens = 2, 2, 2
[TDSE] Running TDSE-SH-elliptical. step 8400, energy = -0.5030599376098385
  |->  par_lens = 2, 2, 2
[TDSE] Running TDSE-SH-elliptical. step 8600, energy = -0.5030598320147175
  |->  par_lens = 2, 2, 2
[TDSE] Running TDSE-SH-elliptical. step 8800, energy = -0.5030597172255756
  |->  par_lens = 2, 2, 2
[TDSE] Running TDSE-SH-elliptical. step 9000, energy = -0.5030595926694051
  |->  par_lens = 2, 2, 2
[TDSE] Running TDSE-SH-elliptical. step 9200, energy = -0.5030594589247119
  |->  par_lens = 2, 2, 2
[TDSE] Running TDSE-SH-elliptical. step 9400, energy = -0.503059314738623
  |->  par_lens = 2, 2, 2
[TDSE] Running TDSE-SH-elliptical. step 9600, energy = -0.5030591614433777
  |->  par_lens = 2, 2, 2
[TDSE] Running TDSE-SH-elliptical. step 9800, energy = -0.5030589977121909
  |->  par_lens = 2, 2, 2
[TDSE] Running TDSE-SH-elliptical. step 10000, energy = -0.5030588249727418
  |->  par_lens = 2, 2, 2
[TDSE] Running TDSE-SH-elliptical. step 10200, energy = -0.5030585831564824
  |->  par_lens = 2, 2, 2
[TDSE] Running TDSE-SH-elliptical. step 10400, energy = -0.5030577168937157
  |->  par_lens = 2, 2, 2
[TDSE] Running TDSE-SH-elliptical. step 10600, energy = -0.503056794444527
  |->  par_lens = 2, 2, 2
[TDSE] Running TDSE-SH-elliptical. step 10800, energy = -0.5030580523717154
  |->  par_lens = 2, 2, 2
[TDSE] Running TDSE-SH-elliptical. step 11000, energy = -0.5030579208357854
  |->  par_lens = 2, 2, 2
[TDSE] Running TDSE-SH-elliptical. step 11200, energy = -0.5030359096075894
  |->  par_lens = 4, 3, 3
[TDSE] Running TDSE-SH-elliptical. step 11400, energy = -0.5029722886438011
  |->  par_lens = 4, 3, 3
[TDSE] Running TDSE-SH-elliptical. step 11600, energy = -0.5029012758480161
  |->  par_lens = 4, 4, 4
[TDSE] Running TDSE-SH-elliptical. step 11800, energy = -0.5029108550461109
  |->  par_lens = 4, 4, 3
[TDSE] Running TDSE-SH-elliptical. step 12000, energy = -0.5029835428732936
  |->  par_lens = 4, 4, 3
[TDSE] Running TDSE-SH-elliptical. step 12200, energy = -0.502865669913392
  |->  par_lens = 4, 4, 4
[TDSE] Running TDSE-SH-elliptical. step 12400, energy = -0.5022719906264432
  |->  par_lens = 5, 5, 6
[TDSE] Running TDSE-SH-elliptical. step 12600, energy = -0.5014040666931454
  |->  par_lens = 7, 7, 7
[TDSE] Running TDSE-SH-elliptical. step 12800, energy = -0.5010441356553136
  |->  par_lens = 7, 7, 7
[TDSE] Running TDSE-SH-elliptical. step 13000, energy = -0.5017164317231377
  |->  par_lens = 6, 6, 7
[TDSE] Running TDSE-SH-elliptical. step 13200, energy = -0.5025998025771217
  |->  par_lens = 6, 6, 6
[TDSE] Running TDSE-SH-elliptical. step 13400, energy = -0.5019730619534403
  |->  par_lens = 6, 6, 6
[TDSE] Running TDSE-SH-elliptical. step 13600, energy = -0.4993330946896624
  |->  par_lens = 9, 8, 8
[TDSE] Running TDSE-SH-elliptical. step 13800, energy = -0.49683091758112224
  |->  par_lens = 10, 10, 10
[TDSE] Running TDSE-SH-elliptical. step 14000, energy = -0.49735960845146754
  |->  par_lens = 10, 10, 10
[TDSE] Running TDSE-SH-elliptical. step 14200, energy = -0.5004679617417129
  |->  par_lens = 11, 11, 11
[TDSE] Running TDSE-SH-elliptical. step 14400, energy = -0.5014641396640075
  |->  par_lens = 12, 11, 12
[TDSE] Running TDSE-SH-elliptical. step 14600, energy = -0.4962982444293817
  |->  par_lens = 12, 10, 10
[TDSE] Running TDSE-SH-elliptical. step 14800, energy = -0.487807424859049
  |->  par_lens = 15, 13, 14
[TDSE] Running TDSE-SH-elliptical. step 15000, energy = -0.48432363196993855
  |->  par_lens = 17, 17, 16
[TDSE] Running TDSE-SH-elliptical. step 15200, energy = -0.4903796585072952
  |->  par_lens = 18, 18, 19
[TDSE] Running TDSE-SH-elliptical. step 15400, energy = -0.4988690572605654
  |->  par_lens = 21, 20, 21
[TDSE] Running TDSE-SH-elliptical. step 15600, energy = -0.49720686676024395
  |->  par_lens = 21, 20, 21
[TDSE] Running TDSE-SH-elliptical. step 15800, energy = -0.48249475662150315
  |->  par_lens = 19, 19, 21
[TDSE] Running TDSE-SH-elliptical. step 16000, energy = -0.46838165077210886
  |->  par_lens = 25, 22, 23
[TDSE] Running TDSE-SH-elliptical. step 16200, energy = -0.47085603748263394
  |->  par_lens = 28, 28, 26
[TDSE] Running TDSE-SH-elliptical. step 16400, energy = -0.48785664096536463
  |->  par_lens = 32, 32, 32
[TDSE] Running TDSE-SH-elliptical. step 16600, energy = -0.49679978943252595
  |->  par_lens = 34, 33, 33
[TDSE] Running TDSE-SH-elliptical. step 16800, energy = -0.4795885055433371
  |->  par_lens = 35, 33, 33
[TDSE] Running TDSE-SH-elliptical. step 17000, energy = -0.4477819048727272
  |->  par_lens = 31, 31, 32
[TDSE] Running TDSE-SH-elliptical. step 17200, energy = -0.43438741206894943
  |->  par_lens = 39, 41, 41
[TDSE] Running TDSE-SH-elliptical. step 17400, energy = -0.45534950595557466
  |->  par_lens = 50, 51, 50
[TDSE] Running TDSE-SH-elliptical. step 17600, energy = -0.48702899911925407
  |->  par_lens = 59, 56, 57
[TDSE] Running TDSE-SH-elliptical. step 17800, energy = -0.48672452526249177
  |->  par_lens = 61, 57, 58
[TDSE] Running TDSE-SH-elliptical. step 18000, energy = -0.44491065841795713
  |->  par_lens = 56, 51, 56
[TDSE] Running TDSE-SH-elliptical. step 18200, energy = -0.40362492512713766
  |->  par_lens = 49, 50, 50
[TDSE] Running TDSE-SH-elliptical. step 18400, energy = -0.4092128293067406
  |->  par_lens = 67, 68, 70
[TDSE] Running TDSE-SH-elliptical. step 18600, energy = -0.45681461348445235
  |->  par_lens = 82, 84, 82
[TDSE] Running TDSE-SH-elliptical. step 18800, energy = -0.4870234251664971
  |->  par_lens = 89, 90, 90
[TDSE] Running TDSE-SH-elliptical. step 19000, energy = -0.4506942084494778
  |->  par_lens = 92, 90, 90
[TDSE] Running TDSE-SH-elliptical. step 19200, energy = -0.37622146988381877
  |->  par_lens = 74, 72, 76
[TDSE] Running TDSE-SH-elliptical. step 19400, energy = -0.344429314263758
  |->  par_lens = 83, 86, 87
[TDSE] Running TDSE-SH-elliptical. step 19600, energy = -0.38893311948716525
  |->  par_lens = 116, 113, 115
[TDSE] Running TDSE-SH-elliptical. step 19800, energy = -0.4635784361591113
  |->  par_lens = 139, 136, 137
[TDSE] Running TDSE-SH-elliptical. step 20000, energy = -0.471050582253546
  |->  par_lens = 143, 143, 143
[TDSE] Running TDSE-SH-elliptical. step 20200, energy = -0.3887301752831031
  |->  par_lens = 141, 141, 141
[TDSE] Running TDSE-SH-elliptical. step 20400, energy = -0.3053606394220983
  |->  par_lens = 115, 109, 114
[TDSE] Running TDSE-SH-elliptical. step 20600, energy = -0.31569932875760887
  |->  par_lens = 137, 137, 138
[TDSE] Running TDSE-SH-elliptical. step 20800, energy = -0.40446066110001444
  |->  par_lens = 176, 178, 180
[TDSE] Running TDSE-SH-elliptical. step 21000, energy = -0.47149354993145026
  |->  par_lens = 196, 196, 196
[TDSE] Running TDSE-SH-elliptical. step 21200, energy = -0.4146711588668978
  |->  par_lens = 199, 198, 198
[TDSE] Running TDSE-SH-elliptical. step 21400, energy = -0.2841895374898551
  |->  par_lens = 176, 177, 174
[TDSE] Running TDSE-SH-elliptical. step 21600, energy = -0.22926615596217992
  |->  par_lens = 155, 164, 164
[TDSE] Running TDSE-SH-elliptical. step 21800, energy = -0.3005635349872122
  |->  par_lens = 218, 218, 222
[TDSE] Running TDSE-SH-elliptical. step 22000, energy = -0.4276743790745043
  |->  par_lens = 266, 267, 266
[TDSE] Running TDSE-SH-elliptical. step 22200, energy = -0.45219703515769377
  |->  par_lens = 279, 278, 280
[TDSE] Running TDSE-SH-elliptical. step 22400, energy = -0.32682238585594264
  |->  par_lens = 274, 275, 271
[TDSE] Running TDSE-SH-elliptical. step 22600, energy = -0.1950830059001427
  |->  par_lens = 228, 223, 229
[TDSE] Running TDSE-SH-elliptical. step 22800, energy = -0.21420136145251562
  |->  par_lens = 243, 236, 243
[TDSE] Running TDSE-SH-elliptical. step 23000, energy = -0.3378453800332618
  |->  par_lens = 306, 308, 311
[TDSE] Running TDSE-SH-elliptical. step 23200, energy = -0.4476622317682644
  |->  par_lens = 339, 340, 340
[TDSE] Running TDSE-SH-elliptical. step 23400, energy = -0.3798280440365247
  |->  par_lens = 339, 342, 341
[TDSE] Running TDSE-SH-elliptical. step 23600, energy = -0.1971362375540037
  |->  par_lens = 308, 306, 301
[TDSE] Running TDSE-SH-elliptical. step 23800, energy = -0.11880946422642233
  |->  par_lens = 268, 281, 274
[TDSE] Running TDSE-SH-elliptical. step 24000, energy = -0.21607019698737145
  |->  par_lens = 344, 342, 344
[TDSE] Running TDSE-SH-elliptical. step 24200, energy = -0.38124820627247596
  |->  par_lens = 412, 410, 412
[TDSE] Running TDSE-SH-elliptical. step 24400, energy = -0.4274774573022372
  |->  par_lens = 426, 427, 427
[TDSE] Running TDSE-SH-elliptical. step 24600, energy = -0.2776570752068667
  |->  par_lens = 414, 411, 412
[TDSE] Running TDSE-SH-elliptical. step 24800, energy = -0.10754523791619319
  |->  par_lens = 365, 372, 358
[TDSE] Running TDSE-SH-elliptical. step 25000, energy = -0.13275916642122246
  |->  par_lens = 358, 363, 354
[TDSE] Running TDSE-SH-elliptical. step 25200, energy = -0.27403522643838907
  |->  par_lens = 434, 428, 431
[TDSE] Running TDSE-SH-elliptical. step 25400, energy = -0.4135188584842716
  |->  par_lens = 467, 467, 470
[TDSE] Running TDSE-SH-elliptical. step 25600, energy = -0.3497838849070968
  |->  par_lens = 468, 465, 471
[TDSE] Running TDSE-SH-elliptical. step 25800, energy = -0.14739151741729864
  |->  par_lens = 435, 440, 440
[TDSE] Running TDSE-SH-elliptical. step 26000, energy = -0.05158529477384254
  |->  par_lens = 430, 429, 414
[TDSE] Running TDSE-SH-elliptical. step 26200, energy = -0.16069748546687856
  |->  par_lens = 461, 450, 455
[TDSE] Running TDSE-SH-elliptical. step 26400, energy = -0.33462445839131355
  |->  par_lens = 500, 502, 503
[TDSE] Running TDSE-SH-elliptical. step 26600, energy = -0.3986963281705467
  |->  par_lens = 514, 509, 515
[TDSE] Running TDSE-SH-elliptical. step 26800, energy = -0.25592068459225165
  |->  par_lens = 506, 507, 511
[TDSE] Running TDSE-SH-elliptical. step 27000, energy = -0.07803094792723274
  |->  par_lens = 488, 483, 489
[TDSE] Running TDSE-SH-elliptical. step 27200, energy = -0.10213703473572992
  |->  par_lens = 489, 487, 478
[TDSE] Running TDSE-SH-elliptical. step 27400, energy = -0.23519680426746933
  |->  par_lens = 503, 502, 504
[TDSE] Running TDSE-SH-elliptical. step 27600, energy = -0.37917545775268796
  |->  par_lens = 517, 513, 518
[TDSE] Running TDSE-SH-elliptical. step 27800, energy = -0.33287927432042874
  |->  par_lens = 519, 516, 522
[TDSE] Running TDSE-SH-elliptical. step 28000, energy = -0.14752546304750083
  |->  par_lens = 513, 513, 511
[TDSE] Running TDSE-SH-elliptical. step 28200, energy = -0.05586918383908344
  |->  par_lens = 498, 501, 503
[TDSE] Running TDSE-SH-elliptical. step 28400, energy = -0.14962727699264444
  |->  par_lens = 515, 516, 520
[TDSE] Running TDSE-SH-elliptical. step 28600, energy = -0.30853106574704947
  |->  par_lens = 534, 532, 534
[TDSE] Running TDSE-SH-elliptical. step 28800, energy = -0.3767784599773487
  |->  par_lens = 541, 537, 538
[TDSE] Running TDSE-SH-elliptical. step 29000, energy = -0.26208334338502026
  |->  par_lens = 535, 538, 535
[TDSE] Running TDSE-SH-elliptical. step 29200, energy = -0.11425494093978811
  |->  par_lens = 516, 513, 525
[TDSE] Running TDSE-SH-elliptical. step 29400, energy = -0.12689009232857795
  |->  par_lens = 520, 514, 513
[TDSE] Running TDSE-SH-elliptical. step 29600, energy = -0.23355928564126896
  |->  par_lens = 526, 530, 520
[TDSE] Running TDSE-SH-elliptical. step 29800, energy = -0.36260998604715905
  |->  par_lens = 532, 536, 538
[TDSE] Running TDSE-SH-elliptical. step 30000, energy = -0.3360607260486647
  |->  par_lens = 531, 535, 537
[TDSE] Running TDSE-SH-elliptical. step 30200, energy = -0.19414817084710145
  |->  par_lens = 534, 538, 533
[TDSE] Running TDSE-SH-elliptical. step 30400, energy = -0.12137322053771946
  |->  par_lens = 525, 525, 525
[TDSE] Running TDSE-SH-elliptical. step 30600, energy = -0.18308489804309727
  |->  par_lens = 536, 538, 532
[TDSE] Running TDSE-SH-elliptical. step 30800, energy = -0.3095822823457277
  |->  par_lens = 545, 550, 551
[TDSE] Running TDSE-SH-elliptical. step 31000, energy = -0.3726868553061301
  |->  par_lens = 547, 551, 553
[TDSE] Running TDSE-SH-elliptical. step 31200, energy = -0.29933138491940614
  |->  par_lens = 548, 549, 553
[TDSE] Running TDSE-SH-elliptical. step 31400, energy = -0.19834955112813482
  |->  par_lens = 538, 539, 547
[TDSE] Running TDSE-SH-elliptical. step 31600, energy = -0.19278176635377325
  |->  par_lens = 533, 534, 532
[TDSE] Running TDSE-SH-elliptical. step 31800, energy = -0.27505011655649914
  |->  par_lens = 539, 540, 539
[TDSE] Running TDSE-SH-elliptical. step 32000, energy = -0.3693579576995869
  |->  par_lens = 544, 541, 544
[TDSE] Running TDSE-SH-elliptical. step 32200, energy = -0.3578764353399936
  |->  par_lens = 543, 545, 546
[TDSE] Running TDSE-SH-elliptical. step 32400, energy = -0.26613563042469546
  |->  par_lens = 546, 539, 541
[TDSE] Running TDSE-SH-elliptical. step 32600, energy = -0.21855008614258625
  |->  par_lens = 538, 542, 544
[TDSE] Running TDSE-SH-elliptical. step 32800, energy = -0.25450298762174917
  |->  par_lens = 550, 549, 550
[TDSE] Running TDSE-SH-elliptical. step 33000, energy = -0.33753330170760576
  |->  par_lens = 552, 557, 554
[TDSE] Running TDSE-SH-elliptical. step 33200, energy = -0.3831706381456133
  |->  par_lens = 551, 556, 554
[TDSE] Running TDSE-SH-elliptical. step 33400, energy = -0.3447744644247381
  |->  par_lens = 552, 555, 554
[TDSE] Running TDSE-SH-elliptical. step 33600, energy = -0.28590712297865545
  |->  par_lens = 552, 554, 549
[TDSE] Running TDSE-SH-elliptical. step 33800, energy = -0.28205521394265654
  |->  par_lens = 547, 544, 548
[TDSE] Running TDSE-SH-elliptical. step 34000, energy = -0.3266291566703687
  |->  par_lens = 536, 541, 540
[TDSE] Running TDSE-SH-elliptical. step 34200, energy = -0.38053841603696803
  |->  par_lens = 538, 537, 541
[TDSE] Running TDSE-SH-elliptical. step 34400, energy = -0.3798114960152839
  |->  par_lens = 537, 533, 539
[TDSE] Running TDSE-SH-elliptical. step 34600, energy = -0.3368529320937571
  |->  par_lens = 531, 533, 532
[TDSE] Running TDSE-SH-elliptical. step 34800, energy = -0.30465848117230027
  |->  par_lens = 525, 535, 542
[TDSE] Running TDSE-SH-elliptical. step 35000, energy = -0.3246435633585802
  |->  par_lens = 538, 536, 543
[TDSE] Running TDSE-SH-elliptical. step 35200, energy = -0.3663205182129459
  |->  par_lens = 540, 542, 543
[TDSE] Running TDSE-SH-elliptical. step 35400, energy = -0.39178114139735365
  |->  par_lens = 539, 539, 541
[TDSE] Running TDSE-SH-elliptical. step 35600, energy = -0.37896631143148457
  |->  par_lens = 532, 539, 535
[TDSE] Running TDSE-SH-elliptical. step 35800, energy = -0.35580312877202636
  |->  par_lens = 521, 522, 520
[TDSE] Running TDSE-SH-elliptical. step 36000, energy = -0.34516542822946356
  |->  par_lens = 497, 500, 497
[TDSE] Running TDSE-SH-elliptical. step 36200, energy = -0.37344503226024
  |->  par_lens = 466, 467, 480
[TDSE] Running TDSE-SH-elliptical. step 36400, energy = -0.3904404078087775
  |->  par_lens = 449, 450, 457
[TDSE] Running TDSE-SH-elliptical. step 36600, energy = -0.39425273952842826
  |->  par_lens = 440, 437, 442
[TDSE] Running TDSE-SH-elliptical. step 36800, energy = -0.3766636122804627
  |->  par_lens = 414, 418, 415
[TDSE] Running TDSE-SH-elliptical. step 37000, energy = -0.3676064991870405
  |->  par_lens = 401, 412, 416
[TDSE] Running TDSE-SH-elliptical. step 37200, energy = -0.37192042771481326
  |->  par_lens = 410, 424, 418
[TDSE] Running TDSE-SH-elliptical. step 37400, energy = -0.3875548748378722
  |->  par_lens = 416, 425, 426
[TDSE] Running TDSE-SH-elliptical. step 37600, energy = -0.3987298924749459
  |->  par_lens = 415, 421, 423
[TDSE] Running TDSE-SH-elliptical. step 37800, energy = -0.39599021207854107
  |->  par_lens = 409, 414, 415
[TDSE] Running TDSE-SH-elliptical. step 38000, energy = -0.38850175091909916
  |->  par_lens = 394, 402, 398
[TDSE] Running TDSE-SH-elliptical. step 38200, energy = -0.3894552204633965
  |->  par_lens = 380, 378, 376
[TDSE] Running TDSE-SH-elliptical. step 38400, energy = -0.3917272927316229
  |->  par_lens = 360, 346, 352
[TDSE] Running TDSE-SH-elliptical. step 38600, energy = -0.39977214382418674
  |->  par_lens = 332, 329, 333
[TDSE] Running TDSE-SH-elliptical. step 38800, energy = -0.3993007260640003
  |->  par_lens = 320, 320, 324
[TDSE] Running TDSE-SH-elliptical. step 39000, energy = -0.3965535223608542
  |->  par_lens = 316, 320, 312
[TDSE] Running TDSE-SH-elliptical. step 39200, energy = -0.39462214961985925
  |->  par_lens = 313, 321, 317
[TDSE] Running TDSE-SH-elliptical. step 39400, energy = -0.39483390840435945
  |->  par_lens = 326, 323, 321
[TDSE] Running TDSE-SH-elliptical. step 39600, energy = -0.3992761958449674
  |->  par_lens = 331, 328, 331
[TDSE] Running TDSE-SH-elliptical. step 39800, energy = -0.40043036051248937
  |->  par_lens = 330, 329, 331
[TDSE] Running TDSE-SH-elliptical. step 40000, energy = -0.4014296281911821
  |->  par_lens = 326, 327, 327
[TDSE] Running TDSE-SH-elliptical. step 40200, energy = -0.4010143921458398
  |->  par_lens = 324, 326, 326
[TDSE] Running TDSE-SH-elliptical. step 40400, energy = -0.40074341073777625
  |->  par_lens = 320, 318, 316
[TDSE] Running TDSE-SH-elliptical. step 40600, energy = -0.40177380546812513
  |->  par_lens = 312, 307, 314
[TDSE] Running TDSE-SH-elliptical. step 40800, energy = -0.40204008832174726
  |->  par_lens = 304, 303, 309
[TDSE] Running TDSE-SH-elliptical. step 41000, energy = -0.40225727747317636
  |->  par_lens = 295, 300, 305
[TDSE] Running TDSE-SH-elliptical. step 41200, energy = -0.40249754889296496
  |->  par_lens = 298, 298, 303
[TDSE] Running TDSE-SH-elliptical. step 41400, energy = -0.4022268826011543
  |->  par_lens = 299, 297, 300
[TDSE] Running TDSE-SH-elliptical. step 41600, energy = -0.40283084688537846
  |->  par_lens = 299, 297, 300
[TDSE] Running TDSE-SH-elliptical. step 41800, energy = -0.4030535631720687
  |->  par_lens = 298, 296, 299
[TDSE] Running TDSE-SH-elliptical. step 42000, energy = -0.40349807519667025
  |->  par_lens = 297, 296, 298
[TDSE] Running TDSE-SH-elliptical. step 42200, energy = -0.40371837519304943
  |->  par_lens = 297, 295, 298
[TDSE] Running TDSE-SH-elliptical. step 42400, energy = -0.40415946898178146
  |->  par_lens = 297, 295, 297
[TDSE] Running TDSE-SH-elliptical. step 42600, energy = -0.40440386504464204
  |->  par_lens = 296, 293, 296
[TDSE] Running TDSE-SH-elliptical. step 42800, energy = -0.40467563617854724
  |->  par_lens = 297, 293, 296
[TDSE] Running TDSE-SH-elliptical. step 43000, energy = -0.4050228036443639
  |->  par_lens = 297, 291, 295
[TDSE] Running TDSE-SH-elliptical. step 43200, energy = -0.4053276134917944
  |->  par_lens = 295, 291, 293
[TDSE] Running TDSE-SH-elliptical. step 43400, energy = -0.40566287343926816
  |->  par_lens = 294, 291, 292
[TDSE] Running TDSE-SH-elliptical. step 43600, energy = -0.40596540061043196
  |->  par_lens = 294, 291, 291
[TDSE] Running TDSE-SH-elliptical. step 43800, energy = -0.40634675205817944
  |->  par_lens = 292, 290, 290
[TDSE] Running TDSE-SH-elliptical. step 44000, energy = -0.406598846834677
  |->  par_lens = 292, 288, 288
[TDSE] Running TDSE-SH-elliptical. step 44200, energy = -0.40714143901054883
  |->  par_lens = 292, 287, 288
[TDSE] Running TDSE-SH-elliptical. step 44400, energy = -0.40745518170988354
  |->  par_lens = 285, 285, 287
[TDSE] Running TDSE-SH-elliptical. step 44600, energy = -0.4079567196732229
  |->  par_lens = 285, 284, 286
[TDSE] Running TDSE-SH-elliptical. step 44800, energy = -0.4080160846255477
  |->  par_lens = 285, 283, 286
[TDSE] Running TDSE-SH-elliptical. step 45000, energy = -0.40828282017916867
  |->  par_lens = 282, 280, 282
[TDSE] Running TDSE-SH-elliptical. step 45200, energy = -0.4084851593101571
  |->  par_lens = 281, 279, 279
[TDSE] Running TDSE-SH-elliptical. step 45400, energy = -0.4092345637715571
  |->  par_lens = 280, 278, 278
[TDSE] Running TDSE-SH-elliptical. step 45600, energy = -0.40961970868155145
  |->  par_lens = 280, 278, 277
[TDSE] Running TDSE-SH-elliptical. step 45800, energy = -0.410147822491876
  |->  par_lens = 275, 275, 275
[TDSE] Running TDSE-SH-elliptical. step 46000, energy = -0.41022546525014875
  |->  par_lens = 274, 272, 274
[TDSE] Running TDSE-SH-elliptical. step 46200, energy = -0.41056395504660786
  |->  par_lens = 272, 272, 272
[TDSE] Running TDSE-SH-elliptical. step 46400, energy = -0.41076714840830225
  |->  par_lens = 272, 271, 271
[TDSE] Running TDSE-SH-elliptical. step 46600, energy = -0.41123182426638766
  |->  par_lens = 271, 270, 270
[TDSE] Running TDSE-SH-elliptical. step 46800, energy = -0.4114204279950897
  |->  par_lens = 267, 267, 267
[TDSE] Running TDSE-SH-elliptical. step 47000, energy = -0.41187785333862736
  |->  par_lens = 266, 266, 266
[TDSE] Running TDSE-SH-elliptical. step 47200, energy = -0.412163467574311
  |->  par_lens = 264, 264, 264
[TDSE] Running TDSE-SH-elliptical. step 47400, energy = -0.4125376319011006
  |->  par_lens = 264, 264, 263
[TDSE] Running TDSE-SH-elliptical. step 47600, energy = -0.41284372770920447
  |->  par_lens = 263, 261, 262
[TDSE] Running TDSE-SH-elliptical. step 47800, energy = -0.4131424030062955
  |->  par_lens = 260, 258, 258
[TDSE] Running TDSE-SH-elliptical. step 48000, energy = -0.41343410150962395
  |->  par_lens = 256, 256, 258
[TDSE] Running TDSE-SH-elliptical. step 48200, energy = -0.4137257458167026
  |->  par_lens = 254, 254, 256
[TDSE] Running TDSE-SH-elliptical. step 48400, energy = -0.41401153658431167
  |->  par_lens = 253, 254, 255
[TDSE] Running TDSE-SH-elliptical. step 48600, energy = -0.41422760980771134
  |->  par_lens = 253, 254, 255
[TDSE] Running TDSE-SH-elliptical. step 48800, energy = -0.41463469379343765
  |->  par_lens = 253, 254, 255
[TDSE] Running TDSE-SH-elliptical. step 49000, energy = -0.4147491647315128
  |->  par_lens = 251, 254, 254
[TDSE] Running TDSE-SH-elliptical. step 49200, energy = -0.4150916701361999
  |->  par_lens = 251, 251, 250
[TDSE] Running TDSE-SH-elliptical. step 49400, energy = -0.4152563831204966
  |->  par_lens = 247, 246, 247
[TDSE] Running TDSE-SH-elliptical. step 49600, energy = -0.4156288931727291
  |->  par_lens = 244, 244, 245
[TDSE] Running TDSE-SH-elliptical. step 49800, energy = -0.41574717570438763
  |->  par_lens = 244, 243, 243
[TDSE] Running TDSE-SH-elliptical. step 50000, energy = -0.41620236503672087
  |->  par_lens = 244, 243, 243
[TDSE] Running TDSE-SH-elliptical. step 50200, energy = -0.416271787662758
  |->  par_lens = 244, 243, 243
[TDSE] Running TDSE-SH-elliptical. step 50400, energy = -0.4166508317920988
  |->  par_lens = 244, 243, 243
[TDSE] Running TDSE-SH-elliptical. step 50600, energy = -0.4167089390951312
  |->  par_lens = 244, 243, 242
[TDSE] Running TDSE-SH-elliptical. step 50800, energy = -0.41709132439862273
  |->  par_lens = 243, 241, 242
[TDSE] Running TDSE-SH-elliptical. step 51000, energy = -0.4172485515938292
  |->  par_lens = 240, 240, 240
[TDSE] Running TDSE-SH-elliptical. step 51200, energy = -0.41762923163711035
  |->  par_lens = 236, 237, 237
[TDSE] Running TDSE-SH-elliptical. step 51400, energy = -0.4176569857220994
  |->  par_lens = 236, 235, 233
[TDSE] Running TDSE-SH-elliptical. step 51600, energy = -0.4179835279247803
  |->  par_lens = 234, 233, 233
[TDSE] Running TDSE-SH-elliptical. step 51800, energy = -0.41804541670796835
  |->  par_lens = 234, 231, 233
[TDSE] Running TDSE-SH-elliptical. step 52000, energy = -0.4182584073678734
  |->  par_lens = 234, 231, 233
[TDSE] Running TDSE-SH-elliptical. step 52200, energy = -0.41841396418604904
  |->  par_lens = 234, 231, 233
[TDSE] Running TDSE-SH-elliptical. step 52400, energy = -0.41865654967812044
  |->  par_lens = 234, 231, 233
[TDSE] Running TDSE-SH-elliptical. step 52600, energy = -0.4188193271078626
  |->  par_lens = 233, 231, 233
[TDSE] Running TDSE-SH-elliptical. step 52800, energy = -0.4190883610437793
  |->  par_lens = 231, 230, 231
[TDSE] Running TDSE-SH-elliptical. step 53000, energy = -0.4193032489979215
  |->  par_lens = 229, 229, 229
[TDSE] Running TDSE-SH-elliptical. step 53200, energy = -0.41943873534759746
  |->  par_lens = 229, 227, 226
[TDSE] Running TDSE-SH-elliptical. step 53400, energy = -0.41972591884519045
  |->  par_lens = 228, 225, 225
[TDSE] Running TDSE-SH-elliptical. step 53600, energy = -0.41983614375983336
  |->  par_lens = 222, 222, 224
[TDSE] Running TDSE-SH-elliptical. step 53800, energy = -0.42010903170495323
  |->  par_lens = 220, 220, 221
[TDSE] Running TDSE-SH-elliptical. step 54000, energy = -0.4201761882173579
  |->  par_lens = 219, 220, 219
[TDSE] Running TDSE-SH-elliptical. step 54200, energy = -0.420410251519836
  |->  par_lens = 219, 220, 218
[TDSE] Running TDSE-SH-elliptical. step 54400, energy = -0.42040710920578267
  |->  par_lens = 219, 220, 219
[TDSE] Running TDSE-SH-elliptical. step 54600, energy = -0.42068857604484844
  |->  par_lens = 219, 220, 219
[TDSE] Running TDSE-SH-elliptical. step 54800, energy = -0.4205914465705606
  |->  par_lens = 219, 220, 219
[TDSE] Running TDSE-SH-elliptical. step 55000, energy = -0.4209104264002851
  |->  par_lens = 219, 220, 219
[TDSE] Running TDSE-SH-elliptical. step 55200, energy = -0.42092009567370314
  |->  par_lens = 219, 220, 219
[TDSE] Running TDSE-SH-elliptical. step 55400, energy = -0.42118882807900265
  |->  par_lens = 219, 220, 219
[TDSE] Running TDSE-SH-elliptical. step 55600, energy = -0.42119931254325077
  |->  par_lens = 219, 220, 219
[TDSE] Running TDSE-SH-elliptical. step 55800, energy = -0.42155891421865216
  |->  par_lens = 219, 220, 219
[TDSE] Running TDSE-SH-elliptical. step 56000, energy = -0.4215362206750929
  |->  par_lens = 219, 219, 217
[TDSE] Running TDSE-SH-elliptical. step 56200, energy = -0.42188328904578165
  |->  par_lens = 215, 215, 216
[TDSE] Running TDSE-SH-elliptical. step 56400, energy = -0.421966127717684
  |->  par_lens = 212, 213, 212
[TDSE] Running TDSE-SH-elliptical. step 56600, energy = -0.42224985231093776
  |->  par_lens = 209, 209, 211
[TDSE] Running TDSE-SH-elliptical. step 56800, energy = -0.42234760563720236
  |->  par_lens = 208, 206, 207
[TDSE] Running TDSE-SH-elliptical. step 57000, energy = -0.42257722259978353
  |->  par_lens = 205, 206, 205
[TDSE] Running TDSE-SH-elliptical. step 57200, energy = -0.42262771580062
  |->  par_lens = 204, 205, 204
[TDSE] Running TDSE-SH-elliptical. step 57400, energy = -0.4227917606257099
  |->  par_lens = 204, 204, 202
[TDSE] Running TDSE-SH-elliptical. step 57600, energy = -0.422808878958339
  |->  par_lens = 202, 203, 201
[TDSE] Running TDSE-SH-elliptical. step 57800, energy = -0.42284732366022326
  |->  par_lens = 202, 204, 201
[TDSE] Running TDSE-SH-elliptical. step 58000, energy = -0.4229809814191373
  |->  par_lens = 202, 203, 201
[TDSE] Running TDSE-SH-elliptical. step 58200, energy = -0.42293258727286265
  |->  par_lens = 202, 203, 201
[TDSE] Running TDSE-SH-elliptical. step 58400, energy = -0.42302360644784787
  |->  par_lens = 202, 203, 201
[TDSE] Running TDSE-SH-elliptical. step 58600, energy = -0.4230451732611985
  |->  par_lens = 202, 203, 201
[TDSE] Running TDSE-SH-elliptical. step 58800, energy = -0.4231979885613151
  |->  par_lens = 202, 203, 201
[TDSE] Running TDSE-SH-elliptical. step 59000, energy = -0.4231155327371338
  |->  par_lens = 202, 203, 201
[TDSE] Running TDSE-SH-elliptical. step 59200, energy = -0.4233735185109395
  Activating project at `~/JuliaProp_v0.1`
  |->  par_lens = 202, 203, 201
[TDSE] Running TDSE-SH-elliptical. step 59400, energy = -0.42327430106291136
  |->  par_lens = 202, 203, 201
[TDSE] Running TDSE-SH-elliptical. step 59600, energy = -0.4235377392642741
  |->  par_lens = 203, 203, 201
[TDSE] Running TDSE-SH-elliptical. step 59800, energy = -0.42347895749811826
  |->  par_lens = 202, 203, 201
[TDSE] Running TDSE-SH-elliptical. step 60000, energy = -0.42373419299471604
  |->  par_lens = 202, 203, 201
[TDSE] Running TDSE-SH-elliptical. step 60200, energy = -0.4236896381545185
  |->  par_lens = 202, 203, 201
[TDSE] Running TDSE-SH-elliptical. step 60400, energy = -0.42402907559786324
  |->  par_lens = 202, 203, 201
[TDSE] Running TDSE-SH-elliptical. step 60600, energy = -0.4239511901473268
  |->  par_lens = 202, 203, 201
[TDSE] Running TDSE-SH-elliptical. step 60800, energy = -0.42429303961641746
  |->  par_lens = 202, 203, 201
[TDSE] Running TDSE-SH-elliptical. step 61000, energy = -0.4242728445748235
  |->  par_lens = 202, 203, 201
[TDSE] Running TDSE-SH-elliptical. step 61200, energy = -0.42452873614491465
  |->  par_lens = 202, 203, 201
[TDSE] Running TDSE-SH-elliptical. step 61400, energy = -0.4245697000676512
  |->  par_lens = 202, 203, 200
[TDSE] Running TDSE-SH-elliptical. step 61600, energy = -0.42478855547774447
  |->  par_lens = 202, 202, 200
[TDSE] Running TDSE-SH-elliptical. step 61800, energy = -0.42473166914346366
  |->  par_lens = 200, 199, 200
[TDSE] Running TDSE-SH-elliptical. step 62000, energy = -0.42495126472709605
  |->  par_lens = 199, 198, 197
[TDSE] Running TDSE-SH-elliptical. step 62200, energy = -0.4249648961547024
  |->  par_lens = 196, 196, 197
[TDSE] Running TDSE-SH-elliptical. step 62400, energy = -0.4249874656462677
  |->  par_lens = 195, 196, 195
[TDSE] Running TDSE-SH-elliptical. step 62600, energy = -0.42506184935327423
  |->  par_lens = 195, 193, 192
[TDSE] Running TDSE-SH-elliptical. step 62800, energy = -0.4251003238844432
  |->  par_lens = 194, 190, 192
[TDSE] Running TDSE-SH-elliptical. step 63000, energy = -0.4251658164092051
  |->  par_lens = 190, 189, 190
[TDSE] Running TDSE-SH-elliptical. step 63200, energy = -0.4251485238716254
  |->  par_lens = 189, 188, 188
[TDSE] Running TDSE-SH-elliptical. step 63400, energy = -0.4252555045105739
  |->  par_lens = 187, 187, 188
[TDSE] Running TDSE-SH-elliptical. step 63600, energy = -0.42520496786416934
  |->  par_lens = 187, 186, 187
[TDSE] Running TDSE-SH-elliptical. step 63800, energy = -0.4254111756786451
  |->  par_lens = 187, 186, 186
[TDSE] Running TDSE-SH-elliptical. step 64000, energy = -0.42523424764750534
  |->  par_lens = 187, 186, 186
[TDSE] Running TDSE-SH-elliptical. step 64200, energy = -0.42545242809016887
  |->  par_lens = 186, 186, 186
[TDSE] Running TDSE-SH-elliptical. step 64400, energy = -0.4253659526849307
  |->  par_lens = 186, 186, 186
[TDSE] Running TDSE-SH-elliptical. step 64600, energy = -0.4255332815459144
  |->  par_lens = 186, 186, 186
[TDSE] Running TDSE-SH-elliptical. step 64800, energy = -0.4253689484468769
  |->  par_lens = 186, 186, 186
[TDSE] Running TDSE-SH-elliptical. step 65000, energy = -0.42564654213851916
  |->  par_lens = 186, 186, 186
[TDSE] Running TDSE-SH-elliptical. step 65200, energy = -0.4254347394838427
  |->  par_lens = 186, 186, 186
[TDSE] Running TDSE-SH-elliptical. step 65400, energy = -0.42568152076780236
  |->  par_lens = 186, 186, 186
[TDSE] Running TDSE-SH-elliptical. step 65600, energy = -0.4255421811777385
  |->  par_lens = 186, 186, 186
[TDSE] Running TDSE-SH-elliptical. step 65800, energy = -0.42570981532923946
  |->  par_lens = 186, 186, 186
[TDSE] Running TDSE-SH-elliptical. step 66000, energy = -0.42559089301053316
  |->  par_lens = 186, 186, 186
[TDSE] Running TDSE-SH-elliptical. step 66200, energy = -0.4257911723337147
  |->  par_lens = 186, 186, 186
[TDSE] Running TDSE-SH-elliptical. step 66400, energy = -0.4256398736575859
  |->  par_lens = 186, 186, 186
[TDSE] Running TDSE-SH-elliptical. step 66600, energy = -0.42580426818941514
  |->  par_lens = 186, 186, 186
[TDSE] Running TDSE-SH-elliptical. step 66800, energy = -0.42571957435626345
  |->  par_lens = 186, 186, 186
[TDSE] Running TDSE-SH-elliptical. step 67000, energy = -0.425795514278534
  |->  par_lens = 186, 186, 186
[TDSE] Running TDSE-SH-elliptical. step 67200, energy = -0.42581612982078043
  |->  par_lens = 186, 186, 186
[TDSE] Running TDSE-SH-elliptical. step 67400, energy = -0.42581610438892964
  |->  par_lens = 186, 186, 186
[TDSE] Running TDSE-SH-elliptical. step 67600, energy = -0.42581617804211513
  |->  par_lens = 186, 186, 186
[TDSE] Running TDSE-SH-elliptical. step 67800, energy = -0.42587883348457267
  |->  par_lens = 186, 186, 186
[TDSE] Running TDSE-SH-elliptical. step 68000, energy = -0.4259339687867928
  |->  par_lens = 186, 187, 186
[TDSE] Running TDSE-SH-elliptical. step 68200, energy = -0.4258426159716216
  |->  par_lens = 186, 186, 186
[TDSE] Running TDSE-SH-elliptical. step 68400, energy = -0.42604942809497937
  |->  par_lens = 186, 186, 186
[TDSE] Running TDSE-SH-elliptical. step 68600, energy = -0.42592852915559853
  |->  par_lens = 186, 186, 187
[TDSE] Running TDSE-SH-elliptical. step 68800, energy = -0.42610090144448304
  |->  par_lens = 186, 186, 186
[TDSE] Running TDSE-SH-elliptical. step 69000, energy = -0.42601697460356397
  |->  par_lens = 186, 186, 186
[TDSE] Running TDSE-SH-elliptical. step 69200, energy = -0.42622296669646964
  |->  par_lens = 186, 186, 186
[TDSE] Running TDSE-SH-elliptical. step 69400, energy = -0.4260624001018507
  |->  par_lens = 187, 186, 186
[TDSE] Running TDSE-SH-elliptical. step 69600, energy = -0.42634747885127483
  |->  par_lens = 186, 186, 186
[TDSE] Running TDSE-SH-elliptical. step 69800, energy = -0.42615216788538735
  |->  par_lens = 186, 186, 186
[TDSE] Running TDSE-SH-elliptical. step 70000, energy = -0.4264416797116798
  |->  par_lens = 186, 186, 186
[TDSE] Running TDSE-SH-elliptical. step 70200, energy = -0.4262696058925816
  |->  par_lens = 186, 186, 186
[TDSE] Running TDSE-SH-elliptical. step 70400, energy = -0.42648026832494934
  |->  par_lens = 186, 186, 186
[TDSE] Running TDSE-SH-elliptical. step 70600, energy = -0.4263827647588347
  |->  par_lens = 186, 186, 186
[TDSE] Running TDSE-SH-elliptical. step 70800, energy = -0.4266279950932677
  |->  par_lens = 186, 186, 186
[TDSE] Running TDSE-SH-elliptical. step 71000, energy = -0.42640872439439464
  |->  par_lens = 186, 186, 186
[TDSE] Running TDSE-SH-elliptical. step 71200, energy = -0.4266692294033277
  |->  par_lens = 186, 186, 186
[TDSE] Running TDSE-SH-elliptical. step 71400, energy = -0.4266125042466768
  |->  par_lens = 186, 186, 186
[TDSE] Running TDSE-SH-elliptical. step 71600, energy = -0.4267118116611925
  |->  par_lens = 186, 186, 186
[TDSE] Running TDSE-SH-elliptical. step 71800, energy = -0.4266912144402993
  |->  par_lens = 186, 186, 185
[TDSE] Running TDSE-SH-elliptical. step 72000, energy = -0.4268170448335274
  |->  par_lens = 185, 186, 186
[TDSE] Running TDSE-SH-elliptical. step 72200, energy = -0.426802843447056
  |->  par_lens = 185, 185, 185
[TDSE] Running TDSE-SH-elliptical. step 72400, energy = -0.42688453502335316
  |->  par_lens = 184, 186, 185
[TDSE] Running TDSE-SH-elliptical. step 72600, energy = -0.4269202983467251
  |->  par_lens = 183, 185, 184
[TDSE] Running TDSE-SH-elliptical. step 72800, energy = -0.42689595145723924
  |->  par_lens = 183, 184, 184
[TDSE] Running TDSE-SH-elliptical. step 73000, energy = -0.42706590538644823
  |->  par_lens = 183, 184, 183
[TDSE] Running TDSE-SH-elliptical. step 73200, energy = -0.42695479557569055
  |->  par_lens = 182, 182, 182
[TDSE] Running TDSE-SH-elliptical. step 73400, energy = -0.42710475502745293
  |->  par_lens = 180, 182, 183
[TDSE] Running TDSE-SH-elliptical. step 73600, energy = -0.427028059738757
  |->  par_lens = 182, 181, 181
[TDSE] Running TDSE-SH-elliptical. step 73800, energy = -0.4271896728802504
  |->  par_lens = 181, 180, 182
[TDSE] Running TDSE-SH-elliptical. step 74000, energy = -0.42702654015085895
  |->  par_lens = 179, 180, 178
[TDSE] Running TDSE-SH-elliptical. step 74200, energy = -0.4273011871876091
  |->  par_lens = 180, 180, 179
[TDSE] Running TDSE-SH-elliptical. step 74400, energy = -0.4270325088872633
  |->  par_lens = 179, 179, 178
[TDSE] Running TDSE-SH-elliptical. step 74600, energy = -0.427305001845857
  |->  par_lens = 178, 178, 177
[TDSE] Running TDSE-SH-elliptical. step 74800, energy = -0.42714765641808333
  |->  par_lens = 177, 177, 177
[TDSE] Running TDSE-SH-elliptical. step 75000, energy = -0.42732722845076154
  |->  par_lens = 177, 177, 177
[TDSE] Running TDSE-SH-elliptical. step 75200, energy = -0.4271115368743767
  |->  par_lens = 176, 177, 174
[TDSE] Running TDSE-SH-elliptical. step 75400, energy = -0.4274078525120923
  |->  par_lens = 175, 176, 175
[TDSE] Running TDSE-SH-elliptical. step 75600, energy = -0.42716992788711156
  |->  par_lens = 175, 176, 173
[TDSE] Running TDSE-SH-elliptical. step 75800, energy = -0.4273761415892319
  |->  par_lens = 175, 177, 174
[TDSE] Running TDSE-SH-elliptical. step 76000, energy = -0.4271983658222776
  |->  par_lens = 175, 176, 175
[TDSE] Running TDSE-SH-elliptical. step 76200, energy = -0.42735735228961086
  |->  par_lens = 175, 176, 174
[TDSE] Running TDSE-SH-elliptical. step 76400, energy = -0.4272801230690216
  |->  par_lens = 175, 176, 174
[TDSE] Running TDSE-SH-elliptical. step 76600, energy = -0.4273547419127868
  |->  par_lens = 175, 176, 174
[TDSE] Running TDSE-SH-elliptical. step 76800, energy = -0.42722907534713916
  |->  par_lens = 175, 176, 174
[TDSE] Running TDSE-SH-elliptical. step 77000, energy = -0.4273799244025086
  |->  par_lens = 175, 176, 174
[TDSE] Running TDSE-SH-elliptical. step 77200, energy = -0.4273430714713983
  |->  par_lens = 175, 176, 174
[TDSE] Running TDSE-SH-elliptical. step 77400, energy = -0.42727264755911676
  |->  par_lens = 175, 176, 176
[TDSE] Running TDSE-SH-elliptical. step 77600, energy = -0.42738232148161753
  |->  par_lens = 175, 176, 175
[TDSE] Running TDSE-SH-elliptical. step 77800, energy = -0.42730945770941553
  |->  par_lens = 176, 176, 176
[TDSE] Running TDSE-SH-elliptical. step 78000, energy = -0.4273787955792337
  |->  par_lens = 175, 176, 175
[TDSE] Running TDSE-SH-elliptical. step 78200, energy = -0.427306693631677
  |->  par_lens = 175, 177, 176
[TDSE] Running TDSE-SH-elliptical. step 78400, energy = -0.42744042944598404
  |->  par_lens = 175, 176, 175
[TDSE] Running TDSE-SH-elliptical. step 78600, energy = -0.4272526706851103
  |->  par_lens = 176, 176, 176
[TDSE] Running TDSE-SH-elliptical. step 78800, energy = -0.42750499571715833
  |->  par_lens = 175, 176, 175
[TDSE] Running TDSE-SH-elliptical. step 79000, energy = -0.42726082898793427
  |->  par_lens = 175, 176, 176
[TDSE] Running TDSE-SH-elliptical. step 79200, energy = -0.4275065496130311
  |->  par_lens = 175, 176, 176
[TDSE] Running TDSE-SH-elliptical. step 79400, energy = -0.427295438681424
  |->  par_lens = 176, 176, 175
[TDSE] Running TDSE-SH-elliptical. step 79600, energy = -0.4274997357076198
  |->  par_lens = 175, 176, 175
[TDSE] Running TDSE-SH-elliptical. step 79800, energy = -0.4272939312588796
  |->  par_lens = 175, 176, 175
[TDSE] Running TDSE-SH-elliptical. step 80000, energy = -0.4275805548548404
  |->  par_lens = 175, 176, 175
[TDSE] Running TDSE-SH-elliptical. step 80200, energy = -0.427267076476218
  |->  par_lens = 175, 176, 175
[TDSE] Running TDSE-SH-elliptical. step 80400, energy = -0.42755503283109964
  |->  par_lens = 175, 176, 175
[TDSE] Running TDSE-SH-elliptical. step 80600, energy = -0.42737203114152755
  |->  par_lens = 175, 176, 175
[TDSE] Running TDSE-SH-elliptical. step 80800, energy = -0.427510502556639
  |->  par_lens = 175, 176, 175
[TDSE] Running TDSE-SH-elliptical. step 81000, energy = -0.4273760539218249
  |->  par_lens = 175, 176, 175
[TDSE] Running TDSE-SH-elliptical. step 81200, energy = -0.427566314388608
  |->  par_lens = 175, 176, 175
[TDSE] Running TDSE-SH-elliptical. step 81400, energy = -0.4273761616684564
  |->  par_lens = 175, 176, 175
[TDSE] Running TDSE-SH-elliptical. step 81600, energy = -0.4275326462344704
  |->  par_lens = 175, 176, 175
[TDSE] Running TDSE-SH-elliptical. step 81800, energy = -0.4274795156191795
  |->  par_lens = 175, 176, 175
[TDSE] Running TDSE-SH-elliptical. step 82000, energy = -0.42748340562055115
  |->  par_lens = 175, 176, 175
[TDSE] Running TDSE-SH-elliptical. step 82200, energy = -0.4275150496978478
  |->  par_lens = 175, 176, 175
[TDSE] Running TDSE-SH-elliptical. step 82400, energy = -0.42748472634683654
  |->  par_lens = 175, 176, 175
[TDSE] Running TDSE-SH-elliptical. step 82600, energy = -0.42754132856741217
  |->  par_lens = 175, 176, 175
[TDSE] Running TDSE-SH-elliptical. step 82800, energy = -0.42749803777671
  |->  par_lens = 175, 176, 174
[TDSE] Running TDSE-SH-elliptical. step 83000, energy = -0.42756629698952847
  |->  par_lens = 175, 176, 174
[TDSE] Running TDSE-SH-elliptical. step 83200, energy = -0.4274259659107997
  |->  par_lens = 175, 176, 175
[TDSE] Running TDSE-SH-elliptical. step 83400, energy = -0.42768345825733994
  |->  par_lens = 175, 176, 175
[TDSE] Running TDSE-SH-elliptical. step 83600, energy = -0.4274068963715058
  |->  par_lens = 175, 175, 175
[TDSE] Running TDSE-SH-elliptical. step 83800, energy = -0.4276252120673391
  |->  par_lens = 175, 176, 174
[TDSE] Running TDSE-SH-elliptical. step 84000, energy = -0.42747863340227704
  |->  par_lens = 174, 175, 175
[TDSE] Running TDSE-SH-elliptical. step 84200, energy = -0.4276712051026221
  |->  par_lens = 174, 176, 174
[TDSE] Running TDSE-SH-elliptical. step 84400, energy = -0.4273827339610913
  |->  par_lens = 175, 175, 173
[TDSE] Running TDSE-SH-elliptical. step 84600, energy = -0.42771840882355344
  |->  par_lens = 175, 176, 173
[TDSE] Running TDSE-SH-elliptical. step 84800, energy = -0.42742597230575363
  |->  par_lens = 175, 176, 174
[TDSE] Running TDSE-SH-elliptical. step 85000, energy = -0.427693935423204
  |->  par_lens = 174, 176, 173
[TDSE] Running TDSE-SH-elliptical. step 85200, energy = -0.42744340060131314
  |->  par_lens = 174, 175, 173
[TDSE] Running TDSE-SH-elliptical. step 85400, energy = -0.4276577247606354
  |->  par_lens = 174, 175, 173
[TDSE] Running TDSE-SH-elliptical. step 85600, energy = -0.4274931211334871
  |->  par_lens = 173, 175, 174
[TDSE] Running TDSE-SH-elliptical. step 85800, energy = -0.42769793265950945
  |->  par_lens = 174, 175, 173
[TDSE] Running TDSE-SH-elliptical. step 86000, energy = -0.4274419446797378
  |->  par_lens = 174, 174, 173
[TDSE] Running TDSE-SH-elliptical. step 86200, energy = -0.42767041849369725
  |->  par_lens = 174, 175, 173
