  Activating project at `~/JuliaProp_v0.1`
[ITP]: 10000.471108571397
[ITP]: 0.022107823405609905
[ITP]: 0.004976805475414736
[ITP]: 0.0021058954092971205
[ITP]: 0.001084104546129061
[ITP]: 0.0006160870179273692
[ITP]: 0.0003714642087823128
[ITP]: 0.00023286611963801995
[ITP]: 0.0001500123428329614
[ITP]: 9.857967926441003e-5
[ITP]: 6.57601184761436e-5
[ITP]: 4.43786526744816e-5
[ITP]: 3.022437766897479e-5
[ITP]: 2.0735965556739622e-5
[ITP]: 1.4311264988853267e-5
[ITP]: 9.92563006574354e-6
[ITP]: 6.9119921211058255e-6
[ITP]: 4.82976755122877e-6
[ITP]: 3.384510666504248e-6
[ITP]: 2.3775199649023193e-6
[ITP]: 1.6736194445865493e-6
[ITP]: 1.1802274751948616e-6
[ITP]: 8.335748883370186e-7
[ITP]: 5.895273362810372e-7
[ITP]: 4.174150680658073e-7
[ITP]: 2.958509506267859e-7
[ITP]: 2.098764437796774e-7
[ITP]: 1.4900242706339384e-7
[ITP]: 1.0585745457980522e-7
[ITP]: 7.525113565609587e-8
[ITP]: 5.352267851144177e-8
[ITP]: 3.808635307134267e-8
[ITP]: 2.7113442158110956e-8
[ITP]: 1.9309163601377577e-8
[ITP]: 1.3755872219078924e-8
[ITP]: 9.802639699962867e-9
Energy of ground state: -0.5030607411950042
[TDSE] Start TDSE-SH for elliptical polarized laser. It may cost a plenty of time.
[TDSE] Running TDSE-SH-elliptical. step 0, energy = -0.5030607411950033
  |->  par_lens = 1, 1, 1
[TDSE] Running TDSE-SH-elliptical. step 200, energy = -0.5030607411948621
  |->  par_lens = 1, 1, 1
[TDSE] Running TDSE-SH-elliptical. step 400, energy = -0.5030607411947172
  |->  par_lens = 1, 1, 2
[TDSE] Running TDSE-SH-elliptical. step 600, energy = -0.5030607411944764
  |->  par_lens = 1, 1, 2
[TDSE] Running TDSE-SH-elliptical. step 800, energy = -0.5030607411939122
  |->  par_lens = 1, 1, 2
[TDSE] Running TDSE-SH-elliptical. step 1000, energy = -0.5030607411922318
  |->  par_lens = 1, 1, 2
[TDSE] Running TDSE-SH-elliptical. step 1200, energy = -0.5030607411880177
  |->  par_lens = 1, 1, 2
[TDSE] Running TDSE-SH-elliptical. step 1400, energy = -0.5030607411784208
  |->  par_lens = 1, 1, 2
[TDSE] Running TDSE-SH-elliptical. step 1600, energy = -0.5030607411593959
  |->  par_lens = 1, 1, 2
[TDSE] Running TDSE-SH-elliptical. step 1800, energy = -0.503060741124043
  |->  par_lens = 1, 1, 2
[TDSE] Running TDSE-SH-elliptical. step 2000, energy = -0.5030607410636224
  |->  par_lens = 1, 1, 2
[TDSE] Running TDSE-SH-elliptical. step 2200, energy = -0.5030607409647122
  |->  par_lens = 1, 1, 2
[TDSE] Running TDSE-SH-elliptical. step 2400, energy = -0.503060740811582
  |->  par_lens = 1, 1, 2
[TDSE] Running TDSE-SH-elliptical. step 2600, energy = -0.5030607405815894
  |->  par_lens = 1, 1, 2
[TDSE] Running TDSE-SH-elliptical. step 2800, energy = -0.5030607402498793
  |->  par_lens = 1, 1, 2
[TDSE] Running TDSE-SH-elliptical. step 3000, energy = -0.5030607397809052
  |->  par_lens = 1, 1, 2
[TDSE] Running TDSE-SH-elliptical. step 3200, energy = -0.5030607391405402
  |->  par_lens = 1, 1, 2
[TDSE] Running TDSE-SH-elliptical. step 3400, energy = -0.5030607382755158
  |->  par_lens = 1, 1, 2
[TDSE] Running TDSE-SH-elliptical. step 3600, energy = -0.5030607371416844
  |->  par_lens = 1, 1, 2
[TDSE] Running TDSE-SH-elliptical. step 3800, energy = -0.5030607356669744
  |->  par_lens = 1, 1, 2
[TDSE] Running TDSE-SH-elliptical. step 4000, energy = -0.5030607337967744
  |->  par_lens = 1, 1, 2
[TDSE] Running TDSE-SH-elliptical. step 4200, energy = -0.5030607314323374
  |->  par_lens = 1, 1, 2
[TDSE] Running TDSE-SH-elliptical. step 4400, energy = -0.5030607285189619
  |->  par_lens = 1, 1, 2
[TDSE] Running TDSE-SH-elliptical. step 4600, energy = -0.5030607249285666
  |->  par_lens = 1, 1, 2
[TDSE] Running TDSE-SH-elliptical. step 4800, energy = -0.5030607205916634
  |->  par_lens = 1, 1, 2
[TDSE] Running TDSE-SH-elliptical. step 5000, energy = -0.5030607153761038
  |->  par_lens = 1, 1, 2
[TDSE] Running TDSE-SH-elliptical. step 5200, energy = -0.503060709189023
  |->  par_lens = 1, 2, 2
[TDSE] Running TDSE-SH-elliptical. step 5400, energy = -0.5030607018853721
  |->  par_lens = 2, 2, 2
[TDSE] Running TDSE-SH-elliptical. step 5600, energy = -0.5030606933605094
  |->  par_lens = 2, 2, 2
[TDSE] Running TDSE-SH-elliptical. step 5800, energy = -0.5030606834830383
  |->  par_lens = 2, 2, 2
[TDSE] Running TDSE-SH-elliptical. step 6000, energy = -0.5030606720839417
  |->  par_lens = 2, 2, 2
[TDSE] Running TDSE-SH-elliptical. step 6200, energy = -0.5030606591142615
  |->  par_lens = 2, 2, 2
[TDSE] Running TDSE-SH-elliptical. step 6400, energy = -0.503060644303564
  |->  par_lens = 2, 2, 2
[TDSE] Running TDSE-SH-elliptical. step 6600, energy = -0.5030606276812669
  |->  par_lens = 2, 2, 2
[TDSE] Running TDSE-SH-elliptical. step 6800, energy = -0.5030606089496645
  |->  par_lens = 2, 2, 2
[TDSE] Running TDSE-SH-elliptical. step 7000, energy = -0.5030605881614314
  |->  par_lens = 2, 2, 2
[TDSE] Running TDSE-SH-elliptical. step 7200, energy = -0.5030605649329828
  |->  par_lens = 2, 2, 2
[TDSE] Running TDSE-SH-elliptical. step 7400, energy = -0.5030605395301413
  |->  par_lens = 2, 2, 2
[TDSE] Running TDSE-SH-elliptical. step 7600, energy = -0.5030605114231114
  |->  par_lens = 2, 2, 2
[TDSE] Running TDSE-SH-elliptical. step 7800, energy = -0.5030604808425153
  |->  par_lens = 2, 2, 2
[TDSE] Running TDSE-SH-elliptical. step 8000, energy = -0.5030604475029778
  |->  par_lens = 2, 2, 2
[TDSE] Running TDSE-SH-elliptical. step 8200, energy = -0.5030604115267439
  |->  par_lens = 2, 2, 2
[TDSE] Running TDSE-SH-elliptical. step 8400, energy = -0.5030603725878635
  |->  par_lens = 2, 2, 2
[TDSE] Running TDSE-SH-elliptical. step 8600, energy = -0.5030603309031582
  |->  par_lens = 2, 2, 2
[TDSE] Running TDSE-SH-elliptical. step 8800, energy = -0.5030602863520618
  |->  par_lens = 2, 2, 2
[TDSE] Running TDSE-SH-elliptical. step 9000, energy = -0.5030602388257074
  |->  par_lens = 2, 2, 2
[TDSE] Running TDSE-SH-elliptical. step 9200, energy = -0.5030601886111158
  |->  par_lens = 2, 2, 2
[TDSE] Running TDSE-SH-elliptical. step 9400, energy = -0.503060135305032
  |->  par_lens = 2, 2, 2
[TDSE] Running TDSE-SH-elliptical. step 9600, energy = -0.5030600795086817
  |->  par_lens = 2, 2, 2
[TDSE] Running TDSE-SH-elliptical. step 9800, energy = -0.503060020770963
  |->  par_lens = 2, 2, 2
[TDSE] Running TDSE-SH-elliptical. step 10000, energy = -0.5030599596683712
  |->  par_lens = 2, 2, 2
[TDSE] Running TDSE-SH-elliptical. step 10200, energy = -0.5030598568745664
  |->  par_lens = 2, 2, 2
[TDSE] Running TDSE-SH-elliptical. step 10400, energy = -0.5030593282893083
  |->  par_lens = 2, 2, 2
[TDSE] Running TDSE-SH-elliptical. step 10600, energy = -0.5030588056964171
  |->  par_lens = 2, 2, 2
[TDSE] Running TDSE-SH-elliptical. step 10800, energy = -0.5030599167341695
  |->  par_lens = 2, 2, 2
[TDSE] Running TDSE-SH-elliptical. step 11000, energy = -0.5030575003894826
  |->  par_lens = 2, 2, 2
[TDSE] Running TDSE-SH-elliptical. step 11200, energy = -0.5030276028683235
  |->  par_lens = 4, 3, 3
[TDSE] Running TDSE-SH-elliptical. step 11400, energy = -0.5029497965140874
  |->  par_lens = 4, 3, 3
[TDSE] Running TDSE-SH-elliptical. step 11600, energy = -0.502869756838523
  |->  par_lens = 4, 4, 4
[TDSE] Running TDSE-SH-elliptical. step 11800, energy = -0.5028978359839427
  |->  par_lens = 4, 5, 3
[TDSE] Running TDSE-SH-elliptical. step 12000, energy = -0.50301956649863
  |->  par_lens = 4, 3, 3
[TDSE] Running TDSE-SH-elliptical. step 12200, energy = -0.5029379235104127
  |->  par_lens = 4, 4, 4
[TDSE] Running TDSE-SH-elliptical. step 12400, energy = -0.5023123626208684
  |->  par_lens = 5, 5, 5
[TDSE] Running TDSE-SH-elliptical. step 12600, energy = -0.5013657050705552
  |->  par_lens = 7, 7, 7
[TDSE] Running TDSE-SH-elliptical. step 12800, energy = -0.5010010928494371
  |->  par_lens = 7, 7, 7
[TDSE] Running TDSE-SH-elliptical. step 13000, energy = -0.501820523813772
  |->  par_lens = 7, 7, 7
[TDSE] Running TDSE-SH-elliptical. step 13200, energy = -0.5028607112395111
  |->  par_lens = 6, 7, 6
[TDSE] Running TDSE-SH-elliptical. step 13400, energy = -0.5021152077978782
  |->  par_lens = 7, 7, 7
[TDSE] Running TDSE-SH-elliptical. step 13600, energy = -0.49902582392302786
  |->  par_lens = 10, 9, 9
[TDSE] Running TDSE-SH-elliptical. step 13800, energy = -0.49615774613354785
  |->  par_lens = 10, 10, 10
[TDSE] Running TDSE-SH-elliptical. step 14000, energy = -0.49693994541305114
  |->  par_lens = 10, 10, 10
[TDSE] Running TDSE-SH-elliptical. step 14200, energy = -0.5008600254957071
  |->  par_lens = 12, 12, 12
[TDSE] Running TDSE-SH-elliptical. step 14400, energy = -0.5023874062134926
  |->  par_lens = 12, 12, 12
[TDSE] Running TDSE-SH-elliptical. step 14600, energy = -0.49672789808586215
  |->  par_lens = 12, 12, 13
[TDSE] Running TDSE-SH-elliptical. step 14800, energy = -0.48713515379422295
  |->  par_lens = 15, 15, 15
[TDSE] Running TDSE-SH-elliptical. step 15000, energy = -0.4833422286408549
  |->  par_lens = 17, 17, 16
[TDSE] Running TDSE-SH-elliptical. step 15200, energy = -0.4906189050061571
  |->  par_lens = 20, 19, 19
[TDSE] Running TDSE-SH-elliptical. step 15400, energy = -0.5006493053119707
  |->  par_lens = 22, 22, 23
[TDSE] Running TDSE-SH-elliptical. step 15600, energy = -0.49870946446999537
  |->  par_lens = 22, 22, 22
[TDSE] Running TDSE-SH-elliptical. step 15800, energy = -0.4815051484042452
  |->  par_lens = 22, 20, 22
[TDSE] Running TDSE-SH-elliptical. step 16000, energy = -0.46517896776810214
  |->  par_lens = 24, 25, 25
[TDSE] Running TDSE-SH-elliptical. step 16200, energy = -0.4685712991380021
  |->  par_lens = 29, 29, 29
[TDSE] Running TDSE-SH-elliptical. step 16400, energy = -0.4892874846233041
  |->  par_lens = 34, 33, 34
[TDSE] Running TDSE-SH-elliptical. step 16600, energy = -0.5007533502501447
  |->  par_lens = 36, 36, 36
[TDSE] Running TDSE-SH-elliptical. step 16800, energy = -0.48156999477022744
  |->  par_lens = 33, 33, 35
[TDSE] Running TDSE-SH-elliptical. step 17000, energy = -0.4451567674107617
  |->  par_lens = 32, 33, 32
[TDSE] Running TDSE-SH-elliptical. step 17200, energy = -0.4301607418222453
  |->  par_lens = 42, 43, 42
[TDSE] Running TDSE-SH-elliptical. step 17400, energy = -0.4551304111098502
  |->  par_lens = 54, 53, 54
[TDSE] Running TDSE-SH-elliptical. step 17600, energy = -0.49246704391362683
  |->  par_lens = 62, 61, 61
[TDSE] Running TDSE-SH-elliptical. step 17800, energy = -0.492151535003878
  |->  par_lens = 63, 65, 63
[TDSE] Running TDSE-SH-elliptical. step 18000, energy = -0.44311551097142265
  |->  par_lens = 59, 58, 60
[TDSE] Running TDSE-SH-elliptical. step 18200, energy = -0.39512485340341763
  |->  par_lens = 55, 57, 53
[TDSE] Running TDSE-SH-elliptical. step 18400, energy = -0.40258234081570204
  |->  par_lens = 76, 73, 74
[TDSE] Running TDSE-SH-elliptical. step 18600, energy = -0.4598836423973377
  |->  par_lens = 93, 93, 92
[TDSE] Running TDSE-SH-elliptical. step 18800, energy = -0.4969177698391648
  |->  par_lens = 100, 99, 98
[TDSE] Running TDSE-SH-elliptical. step 19000, energy = -0.4561140135347419
  |->  par_lens = 99, 99, 97
[TDSE] Running TDSE-SH-elliptical. step 19200, energy = -0.3700314268380867
  |->  par_lens = 82, 84, 84
[TDSE] Running TDSE-SH-elliptical. step 19400, energy = -0.334209471307021
  |->  par_lens = 94, 95, 96
[TDSE] Running TDSE-SH-elliptical. step 19600, energy = -0.38654280350304693
  |->  par_lens = 129, 132, 128
[TDSE] Running TDSE-SH-elliptical. step 19800, energy = -0.4746736089128716
  |->  par_lens = 156, 156, 158
[TDSE] Running TDSE-SH-elliptical. step 20000, energy = -0.4831737481270407
  |->  par_lens = 161, 162, 161
[TDSE] Running TDSE-SH-elliptical. step 20200, energy = -0.3866165420614521
  |->  par_lens = 149, 154, 150
[TDSE] Running TDSE-SH-elliptical. step 20400, energy = -0.2885279342519943
  |->  par_lens = 126, 121, 124
[TDSE] Running TDSE-SH-elliptical. step 20600, energy = -0.3030446921142533
  |->  par_lens = 152, 151, 157
[TDSE] Running TDSE-SH-elliptical. step 20800, energy = -0.4086510553029846
  |->  par_lens = 205, 202, 204
[TDSE] Running TDSE-SH-elliptical. step 21000, energy = -0.4888857147385962
  |->  par_lens = 225, 225, 226
[TDSE] Running TDSE-SH-elliptical. step 21200, energy = -0.42489867288110666
  |->  par_lens = 225, 224, 227
[TDSE] Running TDSE-SH-elliptical. step 21400, energy = -0.27357390208226157
  |->  par_lens = 199, 199, 191
[TDSE] Running TDSE-SH-elliptical. step 21600, energy = -0.2104745250745629
  |->  par_lens = 175, 186, 179
[TDSE] Running TDSE-SH-elliptical. step 21800, energy = -0.29357476646120867
  |->  par_lens = 245, 243, 245
[TDSE] Running TDSE-SH-elliptical. step 22000, energy = -0.4455051260594108
  |->  par_lens = 307, 307, 308
[TDSE] Running TDSE-SH-elliptical. step 22200, energy = -0.47160242787963963
  |->  par_lens = 319, 318, 317
[TDSE] Running TDSE-SH-elliptical. step 22400, energy = -0.32509543993693024
  |->  par_lens = 300, 298, 303
[TDSE] Running TDSE-SH-elliptical. step 22600, energy = -0.16864924079952073
  |->  par_lens = 273, 269, 266
[TDSE] Running TDSE-SH-elliptical. step 22800, energy = -0.19629185316387485
  |->  par_lens = 281, 275, 278
[TDSE] Running TDSE-SH-elliptical. step 23000, energy = -0.338895465981288
  |->  par_lens = 356, 352, 355
[TDSE] Running TDSE-SH-elliptical. step 23200, energy = -0.47070448775570084
  |->  par_lens = 396, 395, 395
[TDSE] Running TDSE-SH-elliptical. step 23400, energy = -0.3940093669884407
  |->  par_lens = 390, 388, 392
[TDSE] Running TDSE-SH-elliptical. step 23600, energy = -0.18370715554734168
  |->  par_lens = 358, 359, 353
[TDSE] Running TDSE-SH-elliptical. step 23800, energy = -0.09094505710397725
  |->  par_lens = 329, 333, 330
[TDSE] Running TDSE-SH-elliptical. step 24000, energy = -0.20486806273279456
  |->  par_lens = 399, 395, 388
[TDSE] Running TDSE-SH-elliptical. step 24200, energy = -0.4023472418942962
  |->  par_lens = 476, 475, 474
[TDSE] Running TDSE-SH-elliptical. step 24400, energy = -0.4510500563529729
  |->  par_lens = 490, 490, 492
[TDSE] Running TDSE-SH-elliptical. step 24600, energy = -0.27678940155979304
  |->  par_lens = 465, 477, 467
[TDSE] Running TDSE-SH-elliptical. step 24800, energy = -0.07514638832637305
  |->  par_lens = 441, 452, 455
[TDSE] Running TDSE-SH-elliptical. step 25000, energy = -0.1107225299591452
  |->  par_lens = 455, 439, 440
[TDSE] Running TDSE-SH-elliptical. step 25200, energy = -0.2669724743266345
  |->  par_lens = 507, 506, 506
[TDSE] Running TDSE-SH-elliptical. step 25400, energy = -0.43454794174312456
  |->  par_lens = 545, 544, 545
[TDSE] Running TDSE-SH-elliptical. step 25600, energy = -0.3626235616328515
  |->  par_lens = 542, 541, 542
[TDSE] Running TDSE-SH-elliptical. step 25800, energy = -0.133888415970557
  |->  par_lens = 529, 523, 526
[TDSE] Running TDSE-SH-elliptical. step 26000, energy = -0.018922567773173193
  |->  par_lens = 514, 503, 516
[TDSE] Running TDSE-SH-elliptical. step 26200, energy = -0.145608100450326
  |->  par_lens = 544, 536, 538
[TDSE] Running TDSE-SH-elliptical. step 26400, energy = -0.3516599310400543
  |->  par_lens = 577, 576, 578
[TDSE] Running TDSE-SH-elliptical. step 26600, energy = -0.420084725109787
  |->  par_lens = 586, 585, 586
[TDSE] Running TDSE-SH-elliptical. step 26800, energy = -0.2529640345541356
  |->  par_lens = 580, 581, 581
[TDSE] Running TDSE-SH-elliptical. step 27000, energy = -0.042727170340071445
  |->  par_lens = 563, 563, 566
[TDSE] Running TDSE-SH-elliptical. step 27200, energy = -0.07917787002007613
  |->  par_lens = 565, 570, 564
[TDSE] Running TDSE-SH-elliptical. step 27400, energy = -0.22305451421670108
  |->  par_lens = 586, 585, 587
[TDSE] Running TDSE-SH-elliptical. step 27600, energy = -0.3946515944943435
  |->  par_lens = 589, 587, 588
[TDSE] Running TDSE-SH-elliptical. step 27800, energy = -0.3420531637664229
  |->  par_lens = 589, 587, 588
[TDSE] Running TDSE-SH-elliptical. step 28000, energy = -0.1315253578339357
  |->  par_lens = 582, 581, 586
[TDSE] Running TDSE-SH-elliptical. step 28200, energy = -0.023390269619538474
  |->  par_lens = 571, 572, 569
[TDSE] Running TDSE-SH-elliptical. step 28400, energy = -0.13121011054520987
  |->  par_lens = 581, 585, 585
[TDSE] Running TDSE-SH-elliptical. step 28600, energy = -0.3149245978393238
  |->  par_lens = 589, 590, 590
[TDSE] Running TDSE-SH-elliptical. step 28800, energy = -0.384954100819836
  |->  par_lens = 590, 590, 590
[TDSE] Running TDSE-SH-elliptical. step 29000, energy = -0.2527911703437682
  |->  par_lens = 590, 590, 590
[TDSE] Running TDSE-SH-elliptical. step 29200, energy = -0.08464907588643972
  |->  par_lens = 583, 589, 586
[TDSE] Running TDSE-SH-elliptical. step 29400, energy = -0.09754573794328196
  |->  par_lens = 581, 586, 583
[TDSE] Running TDSE-SH-elliptical. step 29600, energy = -0.21430150375643542
  |->  par_lens = 589, 589, 589
[TDSE] Running TDSE-SH-elliptical. step 29800, energy = -0.3658172452468631
  |->  par_lens = 590, 590, 590
[TDSE] Running TDSE-SH-elliptical. step 30000, energy = -0.3329019816217101
  |->  par_lens = 590, 590, 590
[TDSE] Running TDSE-SH-elliptical. step 30200, energy = -0.17282130602561224
  |->  par_lens = 586, 587, 588
[TDSE] Running TDSE-SH-elliptical. step 30400, energy = -0.09120984846365354
  |->  par_lens = 585, 587, 586
[TDSE] Running TDSE-SH-elliptical. step 30600, energy = -0.1559951794115268
  |->  par_lens = 589, 584, 588
[TDSE] Running TDSE-SH-elliptical. step 30800, energy = -0.30297702917250185
  |->  par_lens = 590, 590, 590
[TDSE] Running TDSE-SH-elliptical. step 31000, energy = -0.36878371752362776
  |->  par_lens = 590, 590, 590
[TDSE] Running TDSE-SH-elliptical. step 31200, energy = -0.28661688773318206
  |->  par_lens = 590, 590, 590
[TDSE] Running TDSE-SH-elliptical. step 31400, energy = -0.16604848528215616
  |->  par_lens = 590, 590, 589
[TDSE] Running TDSE-SH-elliptical. step 31600, energy = -0.16655050132921262
  |->  par_lens = 588, 587, 588
[TDSE] Running TDSE-SH-elliptical. step 31800, energy = -0.25349530974278484
  |->  par_lens = 582, 588, 584
[TDSE] Running TDSE-SH-elliptical. step 32000, energy = -0.36045679308415646
  |->  par_lens = 585, 589, 587
[TDSE] Running TDSE-SH-elliptical. step 32200, energy = -0.34772519507282457
  |->  par_lens = 584, 589, 587
[TDSE] Running TDSE-SH-elliptical. step 32400, energy = -0.24419766617160468
  |->  par_lens = 584, 589, 583
[TDSE] Running TDSE-SH-elliptical. step 32600, energy = -0.1941422995316914
  |->  par_lens = 587, 589, 588
[TDSE] Running TDSE-SH-elliptical. step 32800, energy = -0.2286262291871482
  |->  par_lens = 588, 589, 590
[TDSE] Running TDSE-SH-elliptical. step 33000, energy = -0.32095801684550546
  |->  par_lens = 590, 589, 590
[TDSE] Running TDSE-SH-elliptical. step 33200, energy = -0.3710785999663247
  |->  par_lens = 590, 589, 590
[TDSE] Running TDSE-SH-elliptical. step 33400, energy = -0.3235231651087622
  |->  par_lens = 590, 589, 590
[TDSE] Running TDSE-SH-elliptical. step 33600, energy = -0.2577212698954231
  |->  par_lens = 589, 589, 590
[TDSE] Running TDSE-SH-elliptical. step 33800, energy = -0.2559382580927516
  |->  par_lens = 586, 586, 588
[TDSE] Running TDSE-SH-elliptical. step 34000, energy = -0.30372536612600304
  |->  par_lens = 586, 585, 586
[TDSE] Running TDSE-SH-elliptical. step 34200, energy = -0.36303982354255204
  |->  par_lens = 587, 581, 584
[TDSE] Running TDSE-SH-elliptical. step 34400, energy = -0.36244281273966267
  |->  par_lens = 585, 579, 583
[TDSE] Running TDSE-SH-elliptical. step 34600, energy = -0.3115743419585535
  |->  par_lens = 584, 576, 583
[TDSE] Running TDSE-SH-elliptical. step 34800, energy = -0.27486669233476957
  |->  par_lens = 582, 577, 578
[TDSE] Running TDSE-SH-elliptical. step 35000, energy = -0.29797597447249907
  |->  par_lens = 580, 583, 583
[TDSE] Running TDSE-SH-elliptical. step 35200, energy = -0.3451566906161976
  |->  par_lens = 583, 582, 583
[TDSE] Running TDSE-SH-elliptical. step 35400, energy = -0.37139943707164985
  |->  par_lens = 583, 581, 583
[TDSE] Running TDSE-SH-elliptical. step 35600, energy = -0.3550132533131738
  |->  par_lens = 577, 578, 579
[TDSE] Running TDSE-SH-elliptical. step 35800, energy = -0.3309786658163288
  |->  par_lens = 561, 556, 557
[TDSE] Running TDSE-SH-elliptical. step 36000, energy = -0.3157457094753797
  |->  par_lens = 515, 519, 514
[TDSE] Running TDSE-SH-elliptical. step 36200, energy = -0.35070900507254305
  |->  par_lens = 479, 476, 470
[TDSE] Running TDSE-SH-elliptical. step 36400, energy = -0.3667185250888398
  |->  par_lens = 452, 451, 452
[TDSE] Running TDSE-SH-elliptical. step 36600, energy = -0.3703128721082606
  |->  par_lens = 444, 442, 438
[TDSE] Running TDSE-SH-elliptical. step 36800, energy = -0.3528369209951437
  |->  par_lens = 436, 427, 425
[TDSE] Running TDSE-SH-elliptical. step 37000, energy = -0.34003333029847005
  |->  par_lens = 435, 430, 427
[TDSE] Running TDSE-SH-elliptical. step 37200, energy = -0.3464590467018112
  |->  par_lens = 444, 445, 440
[TDSE] Running TDSE-SH-elliptical. step 37400, energy = -0.36187053380830225
  |->  par_lens = 459, 462, 457
[TDSE] Running TDSE-SH-elliptical. step 37600, energy = -0.3740851572471587
  |->  par_lens = 463, 467, 461
[TDSE] Running TDSE-SH-elliptical. step 37800, energy = -0.37145554728006597
  |->  par_lens = 463, 461, 461
[TDSE] Running TDSE-SH-elliptical. step 38000, energy = -0.36227644981952795
  |->  par_lens = 448, 450, 449
[TDSE] Running TDSE-SH-elliptical. step 38200, energy = -0.36369771350776453
  |->  par_lens = 428, 434, 429
[TDSE] Running TDSE-SH-elliptical. step 38400, energy = -0.3652716046592501
  |->  par_lens = 412, 407, 412
[TDSE] Running TDSE-SH-elliptical. step 38600, energy = -0.3745592693870122
  |->  par_lens = 389, 391, 395
[TDSE] Running TDSE-SH-elliptical. step 38800, energy = -0.3739180121798652
  |->  par_lens = 384, 388, 391
[TDSE] Running TDSE-SH-elliptical. step 39000, energy = -0.37110920628606964
  |->  par_lens = 385, 389, 387
[TDSE] Running TDSE-SH-elliptical. step 39200, energy = -0.36810167541008376
  |->  par_lens = 393, 389, 391
[TDSE] Running TDSE-SH-elliptical. step 39400, energy = -0.36865359348249765
  |->  par_lens = 398, 394, 398
[TDSE] Running TDSE-SH-elliptical. step 39600, energy = -0.3734785897582519
  |->  par_lens = 401, 403, 404
[TDSE] Running TDSE-SH-elliptical. step 39800, energy = -0.3743873823933986
  |->  par_lens = 405, 400, 404
[TDSE] Running TDSE-SH-elliptical. step 40000, energy = -0.37543507514346947
  |->  par_lens = 403, 398, 401
[TDSE] Running TDSE-SH-elliptical. step 40200, energy = -0.37504431891499873
  |->  par_lens = 395, 393, 397
[TDSE] Running TDSE-SH-elliptical. step 40400, energy = -0.37435920607851
  |->  par_lens = 388, 385, 386
[TDSE] Running TDSE-SH-elliptical. step 40600, energy = -0.37597977079239897
  |->  par_lens = 382, 375, 371
[TDSE] Running TDSE-SH-elliptical. step 40800, energy = -0.375898075223672
  |->  par_lens = 373, 367, 371
[TDSE] Running TDSE-SH-elliptical. step 41000, energy = -0.3760477600920383
  |->  par_lens = 362, 361, 360
[TDSE] Running TDSE-SH-elliptical. step 41200, energy = -0.37646761411968216
  |->  par_lens = 360, 357, 355
[TDSE] Running TDSE-SH-elliptical. step 41400, energy = -0.37600393503733454
  |->  par_lens = 358, 356, 356
[TDSE] Running TDSE-SH-elliptical. step 41600, energy = -0.3766955908853427
  |->  par_lens = 358, 355, 356
[TDSE] Running TDSE-SH-elliptical. step 41800, energy = -0.3769324491930367
  |->  par_lens = 355, 355, 356
[TDSE] Running TDSE-SH-elliptical. step 42000, energy = -0.37747162692565495
  |->  par_lens = 353, 355, 355
[TDSE] Running TDSE-SH-elliptical. step 42200, energy = -0.3775843289958512
  |->  par_lens = 351, 355, 355
[TDSE] Running TDSE-SH-elliptical. step 42400, energy = -0.37821403061994685
  |->  par_lens = 351, 353, 354
[TDSE] Running TDSE-SH-elliptical. step 42600, energy = -0.37853866062831737
  |->  par_lens = 351, 353, 353
[TDSE] Running TDSE-SH-elliptical. step 42800, energy = -0.3787322126402233
  |->  par_lens = 350, 353, 353
[TDSE] Running TDSE-SH-elliptical. step 43000, energy = -0.37925372622653514
  |->  par_lens = 349, 351, 352
