  Activating project at `~/JuliaProp_v0.1`
[ITP]: 10000.471108571397
[ITP]: 0.022107823405609905
[ITP]: 0.004976805475414736
[ITP]: 0.0021058954092971205
[ITP]: 0.001084104546129061
[ITP]: 0.0006160870179273692
[ITP]: 0.0003714642087823128
[ITP]: 0.00023286611963801995
[ITP]: 0.0001500123428329614
[ITP]: 9.857967926441003e-5
[ITP]: 6.57601184761436e-5
[ITP]: 4.43786526744816e-5
[ITP]: 3.022437766897479e-5
[ITP]: 2.0735965556739622e-5
[ITP]: 1.4311264988853267e-5
[ITP]: 9.92563006574354e-6
[ITP]: 6.9119921211058255e-6
[ITP]: 4.82976755122877e-6
[ITP]: 3.384510666504248e-6
[ITP]: 2.3775199649023193e-6
[ITP]: 1.6736194445865493e-6
[ITP]: 1.1802274751948616e-6
[ITP]: 8.335748883370186e-7
[ITP]: 5.895273362810372e-7
[ITP]: 4.174150680658073e-7
[ITP]: 2.958509506267859e-7
[ITP]: 2.098764437796774e-7
[ITP]: 1.4900242706339384e-7
[ITP]: 1.0585745457980522e-7
[ITP]: 7.525113565609587e-8
[ITP]: 5.352267851144177e-8
[ITP]: 3.808635307134267e-8
[ITP]: 2.7113442158110956e-8
[ITP]: 1.9309163601377577e-8
[ITP]: 1.3755872219078924e-8
[ITP]: 9.802639699962867e-9
Energy of ground state: -0.5030607411950042
[TDSE] Start TDSE-SH for elliptical polarized laser. It may cost a plenty of time.
[TDSE] Running TDSE-SH-elliptical. step 0, energy = -0.5030607411950033
  |->  par_lens = 1, 1, 1
[TDSE] Running TDSE-SH-elliptical. step 200, energy = -0.5030607411948621
  |->  par_lens = 1, 1, 1
[TDSE] Running TDSE-SH-elliptical. step 400, energy = -0.5030607411947172
  |->  par_lens = 1, 1, 2
[TDSE] Running TDSE-SH-elliptical. step 600, energy = -0.5030607411944764
  |->  par_lens = 1, 1, 2
[TDSE] Running TDSE-SH-elliptical. step 800, energy = -0.5030607411939122
  |->  par_lens = 1, 1, 2
[TDSE] Running TDSE-SH-elliptical. step 1000, energy = -0.5030607411922318
  |->  par_lens = 1, 1, 2
[TDSE] Running TDSE-SH-elliptical. step 1200, energy = -0.5030607411880177
  |->  par_lens = 1, 1, 2
[TDSE] Running TDSE-SH-elliptical. step 1400, energy = -0.5030607411784208
  |->  par_lens = 1, 1, 2
[TDSE] Running TDSE-SH-elliptical. step 1600, energy = -0.5030607411593959
  |->  par_lens = 1, 1, 2
[TDSE] Running TDSE-SH-elliptical. step 1800, energy = -0.503060741124043
  |->  par_lens = 1, 1, 2
[TDSE] Running TDSE-SH-elliptical. step 2000, energy = -0.5030607410636224
  |->  par_lens = 1, 1, 2
[TDSE] Running TDSE-SH-elliptical. step 2200, energy = -0.5030607409647122
  |->  par_lens = 1, 1, 2
[TDSE] Running TDSE-SH-elliptical. step 2400, energy = -0.503060740811582
  |->  par_lens = 1, 1, 2
[TDSE] Running TDSE-SH-elliptical. step 2600, energy = -0.5030607405815894
  |->  par_lens = 1, 1, 2
[TDSE] Running TDSE-SH-elliptical. step 2800, energy = -0.5030607402498793
  |->  par_lens = 1, 1, 2
[TDSE] Running TDSE-SH-elliptical. step 3000, energy = -0.5030607397809052
  |->  par_lens = 1, 1, 2
[TDSE] Running TDSE-SH-elliptical. step 3200, energy = -0.5030607391405402
  |->  par_lens = 1, 1, 2
[TDSE] Running TDSE-SH-elliptical. step 3400, energy = -0.5030607382755158
  |->  par_lens = 1, 1, 2
[TDSE] Running TDSE-SH-elliptical. step 3600, energy = -0.5030607371416844
  |->  par_lens = 1, 1, 2
[TDSE] Running TDSE-SH-elliptical. step 3800, energy = -0.5030607356669744
  |->  par_lens = 1, 1, 2
[TDSE] Running TDSE-SH-elliptical. step 4000, energy = -0.5030607337967744
  |->  par_lens = 1, 1, 2
[TDSE] Running TDSE-SH-elliptical. step 4200, energy = -0.5030607314323374
  |->  par_lens = 1, 1, 2
[TDSE] Running TDSE-SH-elliptical. step 4400, energy = -0.5030607285189619
  |->  par_lens = 1, 1, 2
[TDSE] Running TDSE-SH-elliptical. step 4600, energy = -0.5030607249285666
  |->  par_lens = 1, 1, 2
[TDSE] Running TDSE-SH-elliptical. step 4800, energy = -0.5030607205916634
  |->  par_lens = 1, 1, 2
[TDSE] Running TDSE-SH-elliptical. step 5000, energy = -0.5030607153761038
  |->  par_lens = 1, 1, 2
[TDSE] Running TDSE-SH-elliptical. step 5200, energy = -0.503060709189023
  |->  par_lens = 1, 2, 2
[TDSE] Running TDSE-SH-elliptical. step 5400, energy = -0.5030607018853721
  |->  par_lens = 2, 2, 2
[TDSE] Running TDSE-SH-elliptical. step 5600, energy = -0.5030606933605094
  |->  par_lens = 2, 2, 2
[TDSE] Running TDSE-SH-elliptical. step 5800, energy = -0.5030606834830383
  |->  par_lens = 2, 2, 2
[TDSE] Running TDSE-SH-elliptical. step 6000, energy = -0.5030606720839417
  |->  par_lens = 2, 2, 2
[TDSE] Running TDSE-SH-elliptical. step 6200, energy = -0.5030606591142615
  |->  par_lens = 2, 2, 2
[TDSE] Running TDSE-SH-elliptical. step 6400, energy = -0.503060644303564
  |->  par_lens = 2, 2, 2
[TDSE] Running TDSE-SH-elliptical. step 6600, energy = -0.5030606276812669
  |->  par_lens = 2, 2, 2
[TDSE] Running TDSE-SH-elliptical. step 6800, energy = -0.5030606089496645
  |->  par_lens = 2, 2, 2
[TDSE] Running TDSE-SH-elliptical. step 7000, energy = -0.5030605881614314
  |->  par_lens = 2, 2, 2
[TDSE] Running TDSE-SH-elliptical. step 7200, energy = -0.5030605649329828
  |->  par_lens = 2, 2, 2
[TDSE] Running TDSE-SH-elliptical. step 7400, energy = -0.5030605395301413
  |->  par_lens = 2, 2, 2
[TDSE] Running TDSE-SH-elliptical. step 7600, energy = -0.5030605114231114
  |->  par_lens = 2, 2, 2
[TDSE] Running TDSE-SH-elliptical. step 7800, energy = -0.5030604808425153
  |->  par_lens = 2, 2, 2
[TDSE] Running TDSE-SH-elliptical. step 8000, energy = -0.5030604475029778
  |->  par_lens = 2, 2, 2
[TDSE] Running TDSE-SH-elliptical. step 8200, energy = -0.5030604115267439
  |->  par_lens = 2, 2, 2
[TDSE] Running TDSE-SH-elliptical. step 8400, energy = -0.5030603725878635
  |->  par_lens = 2, 2, 2
[TDSE] Running TDSE-SH-elliptical. step 8600, energy = -0.5030603309031582
  |->  par_lens = 2, 2, 2
[TDSE] Running TDSE-SH-elliptical. step 8800, energy = -0.5030602863520618
  |->  par_lens = 2, 2, 2
[TDSE] Running TDSE-SH-elliptical. step 9000, energy = -0.5030602388257074
  |->  par_lens = 2, 2, 2
[TDSE] Running TDSE-SH-elliptical. step 9200, energy = -0.5030601886111158
  |->  par_lens = 2, 2, 2
[TDSE] Running TDSE-SH-elliptical. step 9400, energy = -0.503060135305032
  |->  par_lens = 2, 2, 2
[TDSE] Running TDSE-SH-elliptical. step 9600, energy = -0.5030600795086817
  |->  par_lens = 2, 2, 2
[TDSE] Running TDSE-SH-elliptical. step 9800, energy = -0.503060020770963
  |->  par_lens = 2, 2, 2
[TDSE] Running TDSE-SH-elliptical. step 10000, energy = -0.5030599596683712
  |->  par_lens = 2, 2, 2
[TDSE] Running TDSE-SH-elliptical. step 10200, energy = -0.5030598568745664
  |->  par_lens = 2, 2, 2
[TDSE] Running TDSE-SH-elliptical. step 10400, energy = -0.5030593282893083
  |->  par_lens = 2, 2, 2
[TDSE] Running TDSE-SH-elliptical. step 10600, energy = -0.5030588056964171
  |->  par_lens = 2, 2, 2
[TDSE] Running TDSE-SH-elliptical. step 10800, energy = -0.5030599167341695
  |->  par_lens = 2, 2, 2
[TDSE] Running TDSE-SH-elliptical. step 11000, energy = -0.5030575003894826
  |->  par_lens = 2, 2, 2
[TDSE] Running TDSE-SH-elliptical. step 11200, energy = -0.5030276028683235
  |->  par_lens = 4, 3, 3
[TDSE] Running TDSE-SH-elliptical. step 11400, energy = -0.5029497965140874
  |->  par_lens = 4, 3, 3
[TDSE] Running TDSE-SH-elliptical. step 11600, energy = -0.502869756838523
  |->  par_lens = 4, 4, 4
[TDSE] Running TDSE-SH-elliptical. step 11800, energy = -0.5028978359839427
  |->  par_lens = 4, 5, 3
[TDSE] Running TDSE-SH-elliptical. step 12000, energy = -0.50301956649863
  |->  par_lens = 4, 3, 3
[TDSE] Running TDSE-SH-elliptical. step 12200, energy = -0.5029379246143345
  |->  par_lens = 4, 4, 4
[TDSE] Running TDSE-SH-elliptical. step 12400, energy = -0.502312412870076
  |->  par_lens = 5, 5, 5
[TDSE] Running TDSE-SH-elliptical. step 12600, energy = -0.5013659137788872
  |->  par_lens = 7, 7, 7
[TDSE] Running TDSE-SH-elliptical. step 12800, energy = -0.5010015349294185
  |->  par_lens = 7, 7, 7
[TDSE] Running TDSE-SH-elliptical. step 13000, energy = -0.5018210764848969
  |->  par_lens = 7, 7, 7
[TDSE] Running TDSE-SH-elliptical. step 13200, energy = -0.5028608829354396
  |->  par_lens = 6, 7, 6
[TDSE] Running TDSE-SH-elliptical. step 13400, energy = -0.5021142202953655
  |->  par_lens = 7, 7, 7
[TDSE] Running TDSE-SH-elliptical. step 13600, energy = -0.4990229529983874
  |->  par_lens = 10, 9, 9
[TDSE] Running TDSE-SH-elliptical. step 13800, energy = -0.49615289975691707
  |->  par_lens = 10, 10, 10
[TDSE] Running TDSE-SH-elliptical. step 14000, energy = -0.49693433305558055
  |->  par_lens = 10, 10, 10
[TDSE] Running TDSE-SH-elliptical. step 14200, energy = -0.5008562249221769
  |->  par_lens = 12, 12, 12
[TDSE] Running TDSE-SH-elliptical. step 14400, energy = -0.5023889087887569
  |->  par_lens = 12, 12, 12
[TDSE] Running TDSE-SH-elliptical. step 14600, energy = -0.4967376401852015
  |->  par_lens = 12, 12, 13
[TDSE] Running TDSE-SH-elliptical. step 14800, energy = -0.4871535413434474
  |->  par_lens = 15, 15, 15
[TDSE] Running TDSE-SH-elliptical. step 15000, energy = -0.48336580800192586
  |->  par_lens = 17, 17, 16
[TDSE] Running TDSE-SH-elliptical. step 15200, energy = -0.49063983076253187
  |->  par_lens = 20, 19, 19
[TDSE] Running TDSE-SH-elliptical. step 15400, energy = -0.5006573497608885
  |->  par_lens = 22, 22, 23
[TDSE] Running TDSE-SH-elliptical. step 15600, energy = -0.4986954024712653
  |->  par_lens = 22, 22, 22
[TDSE] Running TDSE-SH-elliptical. step 15800, energy = -0.48146556240643096
  |->  par_lens = 21, 21, 22
[TDSE] Running TDSE-SH-elliptical. step 16000, energy = -0.4651202291868545
  |->  par_lens = 24, 25, 24
[TDSE] Running TDSE-SH-elliptical. step 16200, energy = -0.4685098318625318
  |->  par_lens = 29, 29, 29
[TDSE] Running TDSE-SH-elliptical. step 16400, energy = -0.489247030913511
  |->  par_lens = 34, 33, 34
[TDSE] Running TDSE-SH-elliptical. step 16600, energy = -0.5007571016692901
  |->  par_lens = 36, 36, 36
[TDSE] Running TDSE-SH-elliptical. step 16800, energy = -0.4816313008575314
  |->  par_lens = 35, 33, 35
[TDSE] Running TDSE-SH-elliptical. step 17000, energy = -0.4452699399680913
  |->  par_lens = 32, 33, 31
[TDSE] Running TDSE-SH-elliptical. step 17200, energy = -0.4302981537330268
  |->  par_lens = 42, 42, 42
[TDSE] Running TDSE-SH-elliptical. step 17400, energy = -0.4552486413983206
  |->  par_lens = 54, 53, 54
[TDSE] Running TDSE-SH-elliptical. step 17600, energy = -0.49251695915137417
  |->  par_lens = 62, 61, 61
[TDSE] Running TDSE-SH-elliptical. step 17800, energy = -0.49209760825395543
  |->  par_lens = 63, 64, 63
[TDSE] Running TDSE-SH-elliptical. step 18000, energy = -0.4429522168329566
  |->  par_lens = 59, 58, 61
[TDSE] Running TDSE-SH-elliptical. step 18200, energy = -0.3948880579427957
  |->  par_lens = 54, 58, 56
[TDSE] Running TDSE-SH-elliptical. step 18400, energy = -0.402340705233688
  |->  par_lens = 77, 73, 74
[TDSE] Running TDSE-SH-elliptical. step 18600, energy = -0.4597223426412399
  |->  par_lens = 94, 93, 93
[TDSE] Running TDSE-SH-elliptical. step 18800, energy = -0.496912204124747
  |->  par_lens = 99, 99, 98
[TDSE] Running TDSE-SH-elliptical. step 19000, energy = -0.4563011718183815
  |->  par_lens = 99, 99, 99
[TDSE] Running TDSE-SH-elliptical. step 19200, energy = -0.37038130960078836
  |->  par_lens = 86, 82, 83
[TDSE] Running TDSE-SH-elliptical. step 19400, energy = -0.33462458248642596
  |->  par_lens = 89, 99, 97
[TDSE] Running TDSE-SH-elliptical. step 19600, energy = -0.3869017855399802
  |->  par_lens = 129, 128, 127
[TDSE] Running TDSE-SH-elliptical. step 19800, energy = -0.4748339180987618
  |->  par_lens = 155, 156, 156
[TDSE] Running TDSE-SH-elliptical. step 20000, energy = -0.48305196013672125
  |->  par_lens = 160, 161, 162
[TDSE] Running TDSE-SH-elliptical. step 20200, energy = -0.386204645603916
  |->  par_lens = 154, 148, 151
[TDSE] Running TDSE-SH-elliptical. step 20400, energy = -0.2879295105763232
  |->  par_lens = 128, 126, 117
[TDSE] Running TDSE-SH-elliptical. step 20600, energy = -0.30244843101485475
  |->  par_lens = 156, 152, 153
[TDSE] Running TDSE-SH-elliptical. step 20800, energy = -0.40823644292404954
  |->  par_lens = 205, 206, 204
[TDSE] Running TDSE-SH-elliptical. step 21000, energy = -0.4888354618819001
  |->  par_lens = 224, 226, 228
[TDSE] Running TDSE-SH-elliptical. step 21200, energy = -0.42529082337198887
  |->  par_lens = 225, 228, 230
[TDSE] Running TDSE-SH-elliptical. step 21400, energy = -0.27432912712740054
  |->  par_lens = 198, 192, 197
[TDSE] Running TDSE-SH-elliptical. step 21600, energy = -0.21135933566888607
  |->  par_lens = 182, 178, 178
[TDSE] Running TDSE-SH-elliptical. step 21800, energy = -0.2943441076523991
  |->  par_lens = 248, 246, 248
[TDSE] Running TDSE-SH-elliptical. step 22000, energy = -0.44586520329774915
  |->  par_lens = 308, 306, 307
[TDSE] Running TDSE-SH-elliptical. step 22200, energy = -0.4714143457667219
  |->  par_lens = 319, 316, 319
[TDSE] Running TDSE-SH-elliptical. step 22400, energy = -0.32433231194671364
  |->  par_lens = 293, 300, 301
[TDSE] Running TDSE-SH-elliptical. step 22600, energy = -0.16750825832811697
  |->  par_lens = 266, 270, 261
[TDSE] Running TDSE-SH-elliptical. step 22800, energy = -0.19519612665104183
  |->  par_lens = 276, 280, 287
[TDSE] Running TDSE-SH-elliptical. step 23000, energy = -0.3380839545551671
  |->  par_lens = 358, 356, 357
[TDSE] Running TDSE-SH-elliptical. step 23200, energy = -0.4705510167767422
  |->  par_lens = 396, 394, 394
[TDSE] Running TDSE-SH-elliptical. step 23400, energy = -0.3946233036941773
  |->  par_lens = 392, 389, 387
[TDSE] Running TDSE-SH-elliptical. step 23600, energy = -0.18494503435042736
  |->  par_lens = 352, 359, 354
[TDSE] Running TDSE-SH-elliptical. step 23800, energy = -0.09240388466972657
  |->  par_lens = 327, 317, 332
[TDSE] Running TDSE-SH-elliptical. step 24000, energy = -0.20611070926699793
  |->  par_lens = 388, 394, 393
[TDSE] Running TDSE-SH-elliptical. step 24200, energy = -0.40296277224881605
  |->  par_lens = 472, 473, 471
[TDSE] Running TDSE-SH-elliptical. step 24400, energy = -0.45084640384078234
  |->  par_lens = 488, 489, 489
[TDSE] Running TDSE-SH-elliptical. step 24600, energy = -0.2757124183254237
  |->  par_lens = 469, 475, 465
[TDSE] Running TDSE-SH-elliptical. step 24800, energy = -0.07350383645289862
  |->  par_lens = 445, 451, 446
[TDSE] Running TDSE-SH-elliptical. step 25000, energy = -0.10917473260486128
  |->  par_lens = 445, 445, 442
[TDSE] Running TDSE-SH-elliptical. step 25200, energy = -0.2657801671615328
  |->  par_lens = 508, 506, 508
[TDSE] Running TDSE-SH-elliptical. step 25400, energy = -0.4342471891903281
  |->  par_lens = 552, 551, 549
[TDSE] Running TDSE-SH-elliptical. step 25600, energy = -0.36335497342099854
  |->  par_lens = 548, 543, 547
[TDSE] Running TDSE-SH-elliptical. step 25800, energy = -0.13545715688651416
  |->  par_lens = 527, 526, 529
[TDSE] Running TDSE-SH-elliptical. step 26000, energy = -0.020741570400366324
  |->  par_lens = 512, 510, 503
[TDSE] Running TDSE-SH-elliptical. step 26200, energy = -0.14718819945134326
  |->  par_lens = 545, 543, 541
[TDSE] Running TDSE-SH-elliptical. step 26400, energy = -0.3524797946065982
  |->  par_lens = 579, 579, 579
[TDSE] Running TDSE-SH-elliptical. step 26600, energy = -0.41989348980153157
  |->  par_lens = 585, 585, 585
[TDSE] Running TDSE-SH-elliptical. step 26800, energy = -0.2517419268690352
  |->  par_lens = 582, 581, 576
[TDSE] Running TDSE-SH-elliptical. step 27000, energy = -0.04087580581775996
  |->  par_lens = 566, 570, 561
[TDSE] Running TDSE-SH-elliptical. step 27200, energy = -0.07738035398194205
  |->  par_lens = 568, 563, 565
[TDSE] Running TDSE-SH-elliptical. step 27400, energy = -0.22169402462047041
  |->  par_lens = 583, 581, 579
[TDSE] Running TDSE-SH-elliptical. step 27600, energy = -0.39427169993251326
  |->  par_lens = 588, 585, 589
[TDSE] Running TDSE-SH-elliptical. step 27800, energy = -0.34276155479548664
  |->  par_lens = 588, 585, 588
[TDSE] Running TDSE-SH-elliptical. step 28000, energy = -0.13313476086441842
  |->  par_lens = 583, 581, 584
[TDSE] Running TDSE-SH-elliptical. step 28200, energy = -0.025304419342974237
  |->  par_lens = 569, 572, 571
[TDSE] Running TDSE-SH-elliptical. step 28400, energy = -0.132850075157066
  |->  par_lens = 584, 585, 584
[TDSE] Running TDSE-SH-elliptical. step 28600, energy = -0.31581453621074973
  |->  par_lens = 590, 589, 590
[TDSE] Running TDSE-SH-elliptical. step 28800, energy = -0.38483259339666986
  |->  par_lens = 590, 590, 590
[TDSE] Running TDSE-SH-elliptical. step 29000, energy = -0.25165175304280063
  |->  par_lens = 590, 589, 590
[TDSE] Running TDSE-SH-elliptical. step 29200, energy = -0.08296228705013341
  |->  par_lens = 583, 588, 588
[TDSE] Running TDSE-SH-elliptical. step 29400, energy = -0.09580946096186764
  |->  par_lens = 579, 582, 579
[TDSE] Running TDSE-SH-elliptical. step 29600, energy = -0.2129969158343428
  |->  par_lens = 589, 587, 589
[TDSE] Running TDSE-SH-elliptical. step 29800, energy = -0.3654350516480092
  |->  par_lens = 590, 589, 590
[TDSE] Running TDSE-SH-elliptical. step 30000, energy = -0.3335224142781769
  |->  par_lens = 590, 589, 590
[TDSE] Running TDSE-SH-elliptical. step 30200, energy = -0.1742737719972627
  |->  par_lens = 586, 590, 585
[TDSE] Running TDSE-SH-elliptical. step 30400, energy = -0.09286481941423934
  |->  par_lens = 582, 582, 581
[TDSE] Running TDSE-SH-elliptical. step 30600, energy = -0.15751001525071562
  |->  par_lens = 585, 584, 590
[TDSE] Running TDSE-SH-elliptical. step 30800, energy = -0.30379958032992455
  |->  par_lens = 590, 590, 590
[TDSE] Running TDSE-SH-elliptical. step 31000, energy = -0.3687413987537559
  |->  par_lens = 590, 590, 590
[TDSE] Running TDSE-SH-elliptical. step 31200, energy = -0.2857450925098205
  |->  par_lens = 590, 590, 590
[TDSE] Running TDSE-SH-elliptical. step 31400, energy = -0.16454152625360585
  |->  par_lens = 589, 589, 588
[TDSE] Running TDSE-SH-elliptical. step 31600, energy = -0.16515607297972051
  |->  par_lens = 582, 590, 586
[TDSE] Running TDSE-SH-elliptical. step 31800, energy = -0.2524049657456613
  |->  par_lens = 589, 588, 589
[TDSE] Running TDSE-SH-elliptical. step 32000, energy = -0.3601453919777587
  |->  par_lens = 589, 590, 589
[TDSE] Running TDSE-SH-elliptical. step 32200, energy = -0.34818559184828873
  |->  par_lens = 589, 588, 589
[TDSE] Running TDSE-SH-elliptical. step 32400, energy = -0.2453410995531196
  |->  par_lens = 587, 587, 587
[TDSE] Running TDSE-SH-elliptical. step 32600, energy = -0.19548268839551175
  |->  par_lens = 586, 586, 587
[TDSE] Running TDSE-SH-elliptical. step 32800, energy = -0.2298472976233714
  |->  par_lens = 587, 590, 589
[TDSE] Running TDSE-SH-elliptical. step 33000, energy = -0.3216763075976301
  |->  par_lens = 589, 589, 590
[TDSE] Running TDSE-SH-elliptical. step 33200, energy = -0.37113125090265486
  |->  par_lens = 589, 588, 590
[TDSE] Running TDSE-SH-elliptical. step 33400, energy = -0.3228482786379122
  |->  par_lens = 589, 590, 588
[TDSE] Running TDSE-SH-elliptical. step 33600, energy = -0.256677566030092
  |->  par_lens = 588, 589, 590
[TDSE] Running TDSE-SH-elliptical. step 33800, energy = -0.2549193587856691
  |->  par_lens = 585, 586, 584
[TDSE] Running TDSE-SH-elliptical. step 34000, energy = -0.30297557372533435
  |->  par_lens = 586, 586, 588
[TDSE] Running TDSE-SH-elliptical. step 34200, energy = -0.3627922830398339
  |->  par_lens = 587, 585, 589
[TDSE] Running TDSE-SH-elliptical. step 34400, energy = -0.3627425808586042
  |->  par_lens = 584, 582, 589
[TDSE] Running TDSE-SH-elliptical. step 34600, energy = -0.3123608762617226
  |->  par_lens = 574, 582, 586
[TDSE] Running TDSE-SH-elliptical. step 34800, energy = -0.27579845932782143
  |->  par_lens = 570, 580, 577
[TDSE] Running TDSE-SH-elliptical. step 35000, energy = -0.2987783183574011
  |->  par_lens = 567, 574, 578
[TDSE] Running TDSE-SH-elliptical. step 35200, energy = -0.34562292032921166
  |->  par_lens = 576, 574, 579
[TDSE] Running TDSE-SH-elliptical. step 35400, energy = -0.37147105109938433
  |->  par_lens = 566, 575, 579
[TDSE] Running TDSE-SH-elliptical. step 35600, energy = -0.3546686962559426
  |->  par_lens = 562, 568, 572
[TDSE] Running TDSE-SH-elliptical. step 35800, energy = -0.3303954389039067
  |->  par_lens = 533, 537, 552
[TDSE] Running TDSE-SH-elliptical. step 36000, energy = -0.3151085505821209
  |->  par_lens = 486, 506, 500
[TDSE] Running TDSE-SH-elliptical. step 36200, energy = -0.35031574055318204
  |->  par_lens = 451, 465, 459
[TDSE] Running TDSE-SH-elliptical. step 36400, energy = -0.3665350678932678
  |->  par_lens = 434, 443, 444
[TDSE] Running TDSE-SH-elliptical. step 36600, energy = -0.370492319320845
  |->  par_lens = 424, 422, 432
[TDSE] Running TDSE-SH-elliptical. step 36800, energy = -0.35323197000324147
  |->  par_lens = 403, 406, 418
[TDSE] Running TDSE-SH-elliptical. step 37000, energy = -0.34049366740003395
  |->  par_lens = 400, 404, 417
[TDSE] Running TDSE-SH-elliptical. step 37200, energy = -0.3468987731996679
  |->  par_lens = 418, 419, 425
[TDSE] Running TDSE-SH-elliptical. step 37400, energy = -0.36215116104977374
  |->  par_lens = 436, 434, 436
[TDSE] Running TDSE-SH-elliptical. step 37600, energy = -0.3741408407681937
  |->  par_lens = 439, 436, 437
[TDSE] Running TDSE-SH-elliptical. step 37800, energy = -0.37136380135597635
  |->  par_lens = 437, 436, 434
[TDSE] Running TDSE-SH-elliptical. step 38000, energy = -0.36204935280617495
  |->  par_lens = 433, 427, 430
[TDSE] Running TDSE-SH-elliptical. step 38200, energy = -0.36349700405889046
  |->  par_lens = 409, 412, 409
[TDSE] Running TDSE-SH-elliptical. step 38400, energy = -0.3650708850696179
  |->  par_lens = 391, 392, 393
[TDSE] Running TDSE-SH-elliptical. step 38600, energy = -0.3745336161882012
  |->  par_lens = 383, 374, 375
[TDSE] Running TDSE-SH-elliptical. step 38800, energy = -0.3739928871616326
  |->  par_lens = 375, 369, 369
[TDSE] Running TDSE-SH-elliptical. step 39000, energy = -0.3712373023724181
  |->  par_lens = 371, 372, 373
[TDSE] Running TDSE-SH-elliptical. step 39200, energy = -0.368289880154515
  |->  par_lens = 378, 371, 376
[TDSE] Running TDSE-SH-elliptical. step 39400, energy = -0.3688356879989541
  |->  par_lens = 380, 384, 380
[TDSE] Running TDSE-SH-elliptical. step 39600, energy = -0.3735713442800335
  |->  par_lens = 387, 381, 382
[TDSE] Running TDSE-SH-elliptical. step 39800, energy = -0.3744601107217849
  |->  par_lens = 385, 377, 380
[TDSE] Running TDSE-SH-elliptical. step 40000, energy = -0.37543153827583164
  |->  par_lens = 382, 371, 378
[TDSE] Running TDSE-SH-elliptical. step 40200, energy = -0.3750193184086569
  |->  par_lens = 377, 366, 373
[TDSE] Running TDSE-SH-elliptical. step 40400, energy = -0.3743236771624386
  |->  par_lens = 366, 362, 364
[TDSE] Running TDSE-SH-elliptical. step 40600, energy = -0.37598471746488316
  |->  par_lens = 353, 350, 356
[TDSE] Running TDSE-SH-elliptical. step 40800, energy = -0.3758932449842595
  |->  par_lens = 344, 344, 344
[TDSE] Running TDSE-SH-elliptical. step 41000, energy = -0.3760935201528048
  |->  par_lens = 336, 339, 338
[TDSE] Running TDSE-SH-elliptical. step 41200, energy = -0.3765042341226242
  |->  par_lens = 336, 342, 332
[TDSE] Running TDSE-SH-elliptical. step 41400, energy = -0.3760533580756262
  |->  par_lens = 336, 337, 334
[TDSE] Running TDSE-SH-elliptical. step 41600, energy = -0.3767370383320074
  |->  par_lens = 336, 335, 333
[TDSE] Running TDSE-SH-elliptical. step 41800, energy = -0.3769788687244739
  |->  par_lens = 335, 335, 330
[TDSE] Running TDSE-SH-elliptical. step 42000, energy = -0.3775005035564773
  |->  par_lens = 333, 335, 329
[TDSE] Running TDSE-SH-elliptical. step 42200, energy = -0.37762583495206653
  |->  par_lens = 333, 335, 329
[TDSE] Running TDSE-SH-elliptical. step 42400, energy = -0.3782411544410709
  |->  par_lens = 333, 332, 329
[TDSE] Running TDSE-SH-elliptical. step 42600, energy = -0.37856551986751147
  |->  par_lens = 332, 332, 328
[TDSE] Running TDSE-SH-elliptical. step 42800, energy = -0.37876482806259953
  |->  par_lens = 331, 331, 327
[TDSE] Running TDSE-SH-elliptical. step 43000, energy = -0.37928060474519126
  |->  par_lens = 331, 330, 326
