  Activating project at `~/JuliaProp_v0.1`
[ITP]: 10000.471108571397
[ITP]: 0.022107823405609905
[ITP]: 0.004976805475414736
[ITP]: 0.0021058954092971205
[ITP]: 0.001084104546129061
[ITP]: 0.0006160870179273692
[ITP]: 0.0003714642087823128
[ITP]: 0.00023286611963801995
[ITP]: 0.0001500123428329614
[ITP]: 9.857967926441003e-5
[ITP]: 6.57601184761436e-5
[ITP]: 4.43786526744816e-5
[ITP]: 3.022437766897479e-5
[ITP]: 2.0735965556739622e-5
[ITP]: 1.4311264988853267e-5
[ITP]: 9.92563006574354e-6
[ITP]: 6.9119921211058255e-6
[ITP]: 4.82976755122877e-6
[ITP]: 3.384510666504248e-6
[ITP]: 2.3775199649023193e-6
[ITP]: 1.6736194445865493e-6
[ITP]: 1.1802274751948616e-6
[ITP]: 8.335748883370186e-7
[ITP]: 5.895273362810372e-7
[ITP]: 4.174150680658073e-7
[ITP]: 2.958509506267859e-7
[ITP]: 2.098764437796774e-7
[ITP]: 1.4900242706339384e-7
[ITP]: 1.0585745457980522e-7
[ITP]: 7.525113565609587e-8
[ITP]: 5.352267851144177e-8
[ITP]: 3.808635307134267e-8
[ITP]: 2.7113442158110956e-8
[ITP]: 1.9309163601377577e-8
[ITP]: 1.3755872219078924e-8
[ITP]: 9.802639699962867e-9
Energy of ground state: -0.5030607411950042
[TDSE] Start TDSE-SH for elliptical polarized laser. It may cost a plenty of time.
[TDSE] Running TDSE-SH-elliptical. step 0, energy = -0.5030607411950033
  |->  par_lens = 1, 1, 1
[TDSE] Running TDSE-SH-elliptical. step 200, energy = -0.5030607411948621
  |->  par_lens = 1, 1, 1
[TDSE] Running TDSE-SH-elliptical. step 400, energy = -0.5030607411947172
  |->  par_lens = 1, 1, 2
[TDSE] Running TDSE-SH-elliptical. step 600, energy = -0.5030607411944764
  |->  par_lens = 1, 1, 2
[TDSE] Running TDSE-SH-elliptical. step 800, energy = -0.5030607411939122
  |->  par_lens = 1, 1, 2
[TDSE] Running TDSE-SH-elliptical. step 1000, energy = -0.5030607411922318
  |->  par_lens = 1, 1, 2
[TDSE] Running TDSE-SH-elliptical. step 1200, energy = -0.5030607411880177
  |->  par_lens = 1, 1, 2
[TDSE] Running TDSE-SH-elliptical. step 1400, energy = -0.5030607411784208
  |->  par_lens = 1, 1, 2
[TDSE] Running TDSE-SH-elliptical. step 1600, energy = -0.5030607411593959
  |->  par_lens = 1, 1, 2
[TDSE] Running TDSE-SH-elliptical. step 1800, energy = -0.503060741124043
  |->  par_lens = 1, 1, 2
[TDSE] Running TDSE-SH-elliptical. step 2000, energy = -0.5030607410636224
  |->  par_lens = 1, 1, 2
[TDSE] Running TDSE-SH-elliptical. step 2200, energy = -0.5030607409647122
  |->  par_lens = 1, 1, 2
[TDSE] Running TDSE-SH-elliptical. step 2400, energy = -0.503060740811582
  |->  par_lens = 1, 1, 2
[TDSE] Running TDSE-SH-elliptical. step 2600, energy = -0.5030607405815894
  |->  par_lens = 1, 1, 2
[TDSE] Running TDSE-SH-elliptical. step 2800, energy = -0.5030607402498793
  |->  par_lens = 1, 1, 2
[TDSE] Running TDSE-SH-elliptical. step 3000, energy = -0.5030607397809052
  |->  par_lens = 1, 1, 2
[TDSE] Running TDSE-SH-elliptical. step 3200, energy = -0.5030607391405402
  |->  par_lens = 1, 1, 2
[TDSE] Running TDSE-SH-elliptical. step 3400, energy = -0.5030607382755158
  |->  par_lens = 1, 1, 2
[TDSE] Running TDSE-SH-elliptical. step 3600, energy = -0.5030607371416844
  |->  par_lens = 1, 1, 2
[TDSE] Running TDSE-SH-elliptical. step 3800, energy = -0.5030607356669745
  |->  par_lens = 1, 1, 2
[TDSE] Running TDSE-SH-elliptical. step 4000, energy = -0.5030607337967744
  |->  par_lens = 1, 1, 2
[TDSE] Running TDSE-SH-elliptical. step 4200, energy = -0.5030607314323375
  |->  par_lens = 1, 1, 2
[TDSE] Running TDSE-SH-elliptical. step 4400, energy = -0.503060728518962
  |->  par_lens = 1, 1, 2
[TDSE] Running TDSE-SH-elliptical. step 4600, energy = -0.5030607249285666
  |->  par_lens = 1, 1, 2
[TDSE] Running TDSE-SH-elliptical. step 4800, energy = -0.5030607205916634
  |->  par_lens = 1, 1, 2
[TDSE] Running TDSE-SH-elliptical. step 5000, energy = -0.5030607153761038
  |->  par_lens = 1, 1, 2
[TDSE] Running TDSE-SH-elliptical. step 5200, energy = -0.5030607091890229
  |->  par_lens = 1, 2, 2
[TDSE] Running TDSE-SH-elliptical. step 5400, energy = -0.5030607018853721
  |->  par_lens = 2, 2, 2
[TDSE] Running TDSE-SH-elliptical. step 5600, energy = -0.5030606933605095
  |->  par_lens = 2, 2, 2
[TDSE] Running TDSE-SH-elliptical. step 5800, energy = -0.5030606834830383
  |->  par_lens = 2, 2, 2
[TDSE] Running TDSE-SH-elliptical. step 6000, energy = -0.5030606720839417
  |->  par_lens = 2, 2, 2
[TDSE] Running TDSE-SH-elliptical. step 6200, energy = -0.5030606589966071
  |->  par_lens = 2, 2, 2
[TDSE] Running TDSE-SH-elliptical. step 6400, energy = -0.5030606429596707
  |->  par_lens = 2, 2, 2
[TDSE] Running TDSE-SH-elliptical. step 6600, energy = -0.5030606240380275
  |->  par_lens = 2, 2, 2
[TDSE] Running TDSE-SH-elliptical. step 6800, energy = -0.5030606012744255
  |->  par_lens = 2, 2, 2
[TDSE] Running TDSE-SH-elliptical. step 7000, energy = -0.5030605745731898
  |->  par_lens = 2, 2, 2
[TDSE] Running TDSE-SH-elliptical. step 7200, energy = -0.5030605428757199
  |->  par_lens = 2, 2, 2
[TDSE] Running TDSE-SH-elliptical. step 7400, energy = -0.5030605061572925
  |->  par_lens = 2, 2, 2
[TDSE] Running TDSE-SH-elliptical. step 7600, energy = -0.5030604632064709
  |->  par_lens = 2, 2, 2
[TDSE] Running TDSE-SH-elliptical. step 7800, energy = -0.5030604137563914
  |->  par_lens = 2, 2, 2
[TDSE] Running TDSE-SH-elliptical. step 8000, energy = -0.5030603570417758
  |->  par_lens = 2, 2, 2
[TDSE] Running TDSE-SH-elliptical. step 8200, energy = -0.5030602923354216
  |->  par_lens = 2, 2, 2
[TDSE] Running TDSE-SH-elliptical. step 8400, energy = -0.5030602191655752
  |->  par_lens = 2, 2, 2
[TDSE] Running TDSE-SH-elliptical. step 8600, energy = -0.5030601365524946
  |->  par_lens = 2, 2, 2
[TDSE] Running TDSE-SH-elliptical. step 8800, energy = -0.503060044726371
  |->  par_lens = 2, 2, 2
[TDSE] Running TDSE-SH-elliptical. step 9000, energy = -0.503059941884489
  |->  par_lens = 2, 2, 2
[TDSE] Running TDSE-SH-elliptical. step 9200, energy = -0.5030598294378146
  |->  par_lens = 2, 2, 2
[TDSE] Running TDSE-SH-elliptical. step 9400, energy = -0.5030597046705751
  |->  par_lens = 2, 2, 2
[TDSE] Running TDSE-SH-elliptical. step 9600, energy = -0.5030595702104786
  |->  par_lens = 2, 2, 2
[TDSE] Running TDSE-SH-elliptical. step 9800, energy = -0.5030594228739527
  |->  par_lens = 2, 2, 2
[TDSE] Running TDSE-SH-elliptical. step 10000, energy = -0.50305926592661
  |->  par_lens = 2, 2, 2
[TDSE] Running TDSE-SH-elliptical. step 10200, energy = -0.5030590438215706
  |->  par_lens = 2, 2, 2
[TDSE] Running TDSE-SH-elliptical. step 10400, energy = -0.5030582553941397
  |->  par_lens = 2, 2, 2
[TDSE] Running TDSE-SH-elliptical. step 10600, energy = -0.503057392900292
  |->  par_lens = 2, 2, 2
[TDSE] Running TDSE-SH-elliptical. step 10800, energy = -0.5030584665206062
  |->  par_lens = 2, 2, 2
[TDSE] Running TDSE-SH-elliptical. step 11000, energy = -0.5030576862334453
  |->  par_lens = 2, 2, 2
[TDSE] Running TDSE-SH-elliptical. step 11200, energy = -0.50303452428823
  |->  par_lens = 4, 3, 3
[TDSE] Running TDSE-SH-elliptical. step 11400, energy = -0.5029695968002271
  |->  par_lens = 4, 3, 3
[TDSE] Running TDSE-SH-elliptical. step 11600, energy = -0.5028977447303278
  |->  par_lens = 4, 4, 4
[TDSE] Running TDSE-SH-elliptical. step 11800, energy = -0.5029077249762851
  |->  par_lens = 4, 4, 3
[TDSE] Running TDSE-SH-elliptical. step 12000, energy = -0.5029824983503407
  |->  par_lens = 4, 4, 3
[TDSE] Running TDSE-SH-elliptical. step 12200, energy = -0.5028682949929028
  |->  par_lens = 4, 4, 4
[TDSE] Running TDSE-SH-elliptical. step 12400, energy = -0.5022789862867377
  |->  par_lens = 5, 5, 6
[TDSE] Running TDSE-SH-elliptical. step 12600, energy = -0.5014146371891204
  |->  par_lens = 7, 7, 7
[TDSE] Running TDSE-SH-elliptical. step 12800, energy = -0.5010558118159532
  |->  par_lens = 7, 7, 7
[TDSE] Running TDSE-SH-elliptical. step 13000, energy = -0.5017254618625628
  |->  par_lens = 6, 6, 7
[TDSE] Running TDSE-SH-elliptical. step 13200, energy = -0.5026021712791271
  |->  par_lens = 6, 6, 6
[TDSE] Running TDSE-SH-elliptical. step 13400, energy = -0.5019659248778293
  |->  par_lens = 6, 6, 7
[TDSE] Running TDSE-SH-elliptical. step 13600, energy = -0.4993162229365283
  |->  par_lens = 9, 8, 8
[TDSE] Running TDSE-SH-elliptical. step 13800, energy = -0.4968076146375716
  |->  par_lens = 10, 10, 10
[TDSE] Running TDSE-SH-elliptical. step 14000, energy = -0.4973368168211251
  |->  par_lens = 10, 10, 10
[TDSE] Running TDSE-SH-elliptical. step 14200, energy = -0.5004546840893743
  |->  par_lens = 11, 11, 11
[TDSE] Running TDSE-SH-elliptical. step 14400, energy = -0.5014690476263458
  |->  par_lens = 12, 11, 12
[TDSE] Running TDSE-SH-elliptical. step 14600, energy = -0.496326116266128
  |->  par_lens = 12, 10, 10
[TDSE] Running TDSE-SH-elliptical. step 14800, energy = -0.487855757225937
  |->  par_lens = 15, 13, 14
[TDSE] Running TDSE-SH-elliptical. step 15000, energy = -0.48438150962458065
  |->  par_lens = 17, 17, 16
[TDSE] Running TDSE-SH-elliptical. step 15200, energy = -0.4904283994034947
  |->  par_lens = 18, 18, 19
[TDSE] Running TDSE-SH-elliptical. step 15400, energy = -0.4988874721204597
  |->  par_lens = 21, 20, 21
[TDSE] Running TDSE-SH-elliptical. step 15600, energy = -0.49717808880641673
  |->  par_lens = 21, 20, 21
[TDSE] Running TDSE-SH-elliptical. step 15800, energy = -0.48241477473111893
  |->  par_lens = 19, 19, 21
[TDSE] Running TDSE-SH-elliptical. step 16000, energy = -0.4682654394467084
  |->  par_lens = 25, 22, 23
[TDSE] Running TDSE-SH-elliptical. step 16200, energy = -0.47073681223728586
  |->  par_lens = 28, 28, 26
[TDSE] Running TDSE-SH-elliptical. step 16400, energy = -0.4877797188563967
  |->  par_lens = 32, 32, 32
[TDSE] Running TDSE-SH-elliptical. step 16600, energy = -0.49680794216770374
  |->  par_lens = 34, 33, 33
[TDSE] Running TDSE-SH-elliptical. step 16800, energy = -0.479705088061731
  |->  par_lens = 34, 33, 33
[TDSE] Running TDSE-SH-elliptical. step 17000, energy = -0.44799497522424453
  |->  par_lens = 33, 31, 33
[TDSE] Running TDSE-SH-elliptical. step 17200, energy = -0.4346450056814271
  |->  par_lens = 40, 41, 41
[TDSE] Running TDSE-SH-elliptical. step 17400, energy = -0.45557066624474063
  |->  par_lens = 49, 51, 50
[TDSE] Running TDSE-SH-elliptical. step 17600, energy = -0.48712321844213424
  |->  par_lens = 59, 56, 56
[TDSE] Running TDSE-SH-elliptical. step 17800, energy = -0.4866263061055113
  |->  par_lens = 61, 57, 58
[TDSE] Running TDSE-SH-elliptical. step 18000, energy = -0.4446097584367405
  |->  par_lens = 56, 52, 55
[TDSE] Running TDSE-SH-elliptical. step 18200, energy = -0.40318703703222425
  |->  par_lens = 48, 54, 49
[TDSE] Running TDSE-SH-elliptical. step 18400, energy = -0.40876527545433394
  |->  par_lens = 67, 69, 69
[TDSE] Running TDSE-SH-elliptical. step 18600, energy = -0.4565162699404972
  |->  par_lens = 83, 84, 84
[TDSE] Running TDSE-SH-elliptical. step 18800, energy = -0.487016267409192
  |->  par_lens = 89, 90, 91
[TDSE] Running TDSE-SH-elliptical. step 19000, energy = -0.4510468138800436
  |->  par_lens = 92, 90, 90
[TDSE] Running TDSE-SH-elliptical. step 19200, energy = -0.3768801164108359
  |->  par_lens = 73, 74, 74
[TDSE] Running TDSE-SH-elliptical. step 19400, energy = -0.3452145498257905
  |->  par_lens = 83, 84, 83
[TDSE] Running TDSE-SH-elliptical. step 19600, energy = -0.3896114664195185
  |->  par_lens = 116, 112, 114
[TDSE] Running TDSE-SH-elliptical. step 19800, energy = -0.4638853261752186
  |->  par_lens = 138, 136, 136
[TDSE] Running TDSE-SH-elliptical. step 20000, energy = -0.47082282794089486
  |->  par_lens = 143, 141, 143
[TDSE] Running TDSE-SH-elliptical. step 20200, energy = -0.3879523086029695
  |->  par_lens = 140, 138, 140
[TDSE] Running TDSE-SH-elliptical. step 20400, energy = -0.3042294539213685
  |->  par_lens = 112, 107, 109
[TDSE] Running TDSE-SH-elliptical. step 20600, energy = -0.31456392105269937
  |->  par_lens = 133, 138, 140
[TDSE] Running TDSE-SH-elliptical. step 20800, energy = -0.40367709519308903
  |->  par_lens = 178, 179, 177
[TDSE] Running TDSE-SH-elliptical. step 21000, energy = -0.47140860808151464
  |->  par_lens = 197, 196, 196
[TDSE] Running TDSE-SH-elliptical. step 21200, energy = -0.4154196962694128
  |->  par_lens = 199, 199, 200
[TDSE] Running TDSE-SH-elliptical. step 21400, energy = -0.28562936486919754
  |->  par_lens = 173, 177, 177
[TDSE] Running TDSE-SH-elliptical. step 21600, energy = -0.23096270846903802
  |->  par_lens = 154, 164, 156
[TDSE] Running TDSE-SH-elliptical. step 21800, energy = -0.3020274580936998
  |->  par_lens = 218, 217, 215
[TDSE] Running TDSE-SH-elliptical. step 22000, energy = -0.4283751928883527
  |->  par_lens = 267, 267, 265
[TDSE] Running TDSE-SH-elliptical. step 22200, energy = -0.4518338048890726
  |->  par_lens = 274, 276, 279
[TDSE] Running TDSE-SH-elliptical. step 22400, energy = -0.32537709575004453
  |->  par_lens = 270, 269, 270
[TDSE] Running TDSE-SH-elliptical. step 22600, energy = -0.19294985130831277
  |->  par_lens = 217, 222, 227
[TDSE] Running TDSE-SH-elliptical. step 22800, energy = -0.21211041907934255
  |->  par_lens = 242, 244, 236
[TDSE] Running TDSE-SH-elliptical. step 23000, energy = -0.3363414368786918
  |->  par_lens = 307, 307, 311
[TDSE] Running TDSE-SH-elliptical. step 23200, energy = -0.4473987824245034
  |->  par_lens = 337, 337, 337
[TDSE] Running TDSE-SH-elliptical. step 23400, energy = -0.3809878476927505
  |->  par_lens = 339, 335, 337
[TDSE] Running TDSE-SH-elliptical. step 23600, energy = -0.1994633433347976
  |->  par_lens = 316, 314, 311
[TDSE] Running TDSE-SH-elliptical. step 23800, energy = -0.12156036331184047
  |->  par_lens = 297, 275, 292
[TDSE] Running TDSE-SH-elliptical. step 24000, energy = -0.2184092638977547
  |->  par_lens = 338, 332, 338
[TDSE] Running TDSE-SH-elliptical. step 24200, energy = -0.3824450671732876
  |->  par_lens = 382, 379, 383
[TDSE] Running TDSE-SH-elliptical. step 24400, energy = -0.42707164827411465
  |->  par_lens = 390, 389, 390
[TDSE] Running TDSE-SH-elliptical. step 24600, energy = -0.2756408753080745
  |->  par_lens = 386, 386, 384
[TDSE] Running TDSE-SH-elliptical. step 24800, energy = -0.10452321878906484
  |->  par_lens = 366, 366, 371
[TDSE] Running TDSE-SH-elliptical. step 25000, energy = -0.12981552207292943
  |->  par_lens = 372, 367, 363
[TDSE] Running TDSE-SH-elliptical. step 25200, energy = -0.27187268961492456
  |->  par_lens = 398, 394, 395
[TDSE] Running TDSE-SH-elliptical. step 25400, energy = -0.4130172136253578
  |->  par_lens = 408, 406, 406
[TDSE] Running TDSE-SH-elliptical. step 25600, energy = -0.35114997382790125
  |->  par_lens = 408, 406, 406
[TDSE] Running TDSE-SH-elliptical. step 25800, energy = -0.15028712224579724
  |->  par_lens = 394, 399, 397
[TDSE] Running TDSE-SH-elliptical. step 26000, energy = -0.05500397071985519
  |->  par_lens = 383, 379, 382
[TDSE] Running TDSE-SH-elliptical. step 26200, energy = -0.16361112737464356
  |->  par_lens = 401, 400, 402
[TDSE] Running TDSE-SH-elliptical. step 26400, energy = -0.3361842007404539
  |->  par_lens = 409, 408, 408
[TDSE] Running TDSE-SH-elliptical. step 26600, energy = -0.39836363456550355
  |->  par_lens = 409, 408, 408
[TDSE] Running TDSE-SH-elliptical. step 26800, energy = -0.25370581871352826
  |->  par_lens = 409, 408, 408
[TDSE] Running TDSE-SH-elliptical. step 27000, energy = -0.07468700424074873
  |->  par_lens = 402, 403, 404
[TDSE] Running TDSE-SH-elliptical. step 27200, energy = -0.09887810100281647
  |->  par_lens = 400, 401, 403
[TDSE] Running TDSE-SH-elliptical. step 27400, energy = -0.23277442961997963
  |->  par_lens = 409, 407, 408
[TDSE] Running TDSE-SH-elliptical. step 27600, energy = -0.37852330954389285
  |->  par_lens = 409, 408, 408
[TDSE] Running TDSE-SH-elliptical. step 27800, energy = -0.3341820974018171
  |->  par_lens = 409, 408, 408
[TDSE] Running TDSE-SH-elliptical. step 28000, energy = -0.1504024992150141
  |->  par_lens = 409, 408, 408
[TDSE] Running TDSE-SH-elliptical. step 28200, energy = -0.05927170105686484
  |->  par_lens = 408, 408, 406
[TDSE] Running TDSE-SH-elliptical. step 28400, energy = -0.1525289591911148
  |->  par_lens = 409, 407, 407
[TDSE] Running TDSE-SH-elliptical. step 28600, energy = -0.31012662158825083
  |->  par_lens = 409, 408, 408
[TDSE] Running TDSE-SH-elliptical. step 28800, energy = -0.3765603500969482
  |->  par_lens = 409, 408, 408
[TDSE] Running TDSE-SH-elliptical. step 29000, energy = -0.26006794579732234
  |->  par_lens = 409, 408, 407
[TDSE] Running TDSE-SH-elliptical. step 29200, energy = -0.111252500780405
  |->  par_lens = 409, 407, 407
[TDSE] Running TDSE-SH-elliptical. step 29400, energy = -0.12387900054448522
  |->  par_lens = 409, 408, 408
[TDSE] Running TDSE-SH-elliptical. step 29600, energy = -0.23131675944006977
  |->  par_lens = 409, 408, 408
[TDSE] Running TDSE-SH-elliptical. step 29800, energy = -0.3619604557275893
  |->  par_lens = 409, 408, 408
[TDSE] Running TDSE-SH-elliptical. step 30000, energy = -0.33712576014270046
  |->  par_lens = 409, 408, 408
[TDSE] Running TDSE-SH-elliptical. step 30200, energy = -0.19659499871090677
  |->  par_lens = 409, 407, 407
[TDSE] Running TDSE-SH-elliptical. step 30400, energy = -0.1242681311989148
  |->  par_lens = 409, 408, 408
[TDSE] Running TDSE-SH-elliptical. step 30600, energy = -0.18564198757550596
  |->  par_lens = 409, 408, 408
[TDSE] Running TDSE-SH-elliptical. step 30800, energy = -0.3109722806719413
  |->  par_lens = 409, 408, 408
[TDSE] Running TDSE-SH-elliptical. step 31000, energy = -0.3725619500703079
  |->  par_lens = 409, 408, 408
[TDSE] Running TDSE-SH-elliptical. step 31200, energy = -0.2977855645180913
  |->  par_lens = 409, 408, 408
[TDSE] Running TDSE-SH-elliptical. step 31400, energy = -0.19586791932528802
  |->  par_lens = 409, 408, 408
[TDSE] Running TDSE-SH-elliptical. step 31600, energy = -0.1903443558207127
  |->  par_lens = 409, 408, 407
[TDSE] Running TDSE-SH-elliptical. step 31800, energy = -0.2732054575448344
  |->  par_lens = 409, 408, 408
[TDSE] Running TDSE-SH-elliptical. step 32000, energy = -0.36881961947762704
  |->  par_lens = 408, 408, 408
[TDSE] Running TDSE-SH-elliptical. step 32200, energy = -0.35864830609340714
  |->  par_lens = 409, 408, 408
[TDSE] Running TDSE-SH-elliptical. step 32400, energy = -0.2680144610571597
  |->  par_lens = 409, 408, 408
[TDSE] Running TDSE-SH-elliptical. step 32600, energy = -0.2207612606003653
  |->  par_lens = 409, 408, 408
[TDSE] Running TDSE-SH-elliptical. step 32800, energy = -0.25649831669395234
  |->  par_lens = 409, 408, 408
[TDSE] Running TDSE-SH-elliptical. step 33000, energy = -0.3386769527343146
  |->  par_lens = 409, 407, 408
[TDSE] Running TDSE-SH-elliptical. step 33200, energy = -0.38317872379115747
  |->  par_lens = 409, 408, 408
[TDSE] Running TDSE-SH-elliptical. step 33400, energy = -0.34368075766180206
  |->  par_lens = 409, 407, 408
[TDSE] Running TDSE-SH-elliptical. step 33600, energy = -0.2842111622637402
  |->  par_lens = 409, 408, 408
[TDSE] Running TDSE-SH-elliptical. step 33800, energy = -0.2802580894656798
  |->  par_lens = 409, 407, 408
[TDSE] Running TDSE-SH-elliptical. step 34000, energy = -0.3253321089952023
  |->  par_lens = 408, 408, 408
[TDSE] Running TDSE-SH-elliptical. step 34200, energy = -0.38009619280173035
  |->  par_lens = 408, 407, 408
[TDSE] Running TDSE-SH-elliptical. step 34400, energy = -0.3803028655703275
  |->  par_lens = 409, 407, 408
[TDSE] Running TDSE-SH-elliptical. step 34600, energy = -0.3380622022986012
  |->  par_lens = 409, 407, 408
[TDSE] Running TDSE-SH-elliptical. step 34800, energy = -0.3061748012729841
  |->  par_lens = 408, 407, 407
[TDSE] Running TDSE-SH-elliptical. step 35000, energy = -0.3259824439952605
  |->  par_lens = 408, 407, 405
[TDSE] Running TDSE-SH-elliptical. step 35200, energy = -0.3671099689193436
  |->  par_lens = 406, 407, 407
[TDSE] Running TDSE-SH-elliptical. step 35400, energy = -0.3918473752794379
  |->  par_lens = 405, 406, 406
[TDSE] Running TDSE-SH-elliptical. step 35600, energy = -0.3783488767782487
  |->  par_lens = 401, 405, 405
[TDSE] Running TDSE-SH-elliptical. step 35800, energy = -0.354793050128419
  |->  par_lens = 399, 400, 398
[TDSE] Running TDSE-SH-elliptical. step 36000, energy = -0.3440892197550772
  |->  par_lens = 389, 399, 391
[TDSE] Running TDSE-SH-elliptical. step 36200, energy = -0.3726750689712384
  |->  par_lens = 385, 388, 385
[TDSE] Running TDSE-SH-elliptical. step 36400, energy = -0.3901261740473272
  |->  par_lens = 382, 384, 385
[TDSE] Running TDSE-SH-elliptical. step 36600, energy = -0.39449773492593615
  |->  par_lens = 380, 383, 384
[TDSE] Running TDSE-SH-elliptical. step 36800, energy = -0.3773170793409669
  |->  par_lens = 380, 382, 381
[TDSE] Running TDSE-SH-elliptical. step 37000, energy = -0.368407651938206
  |->  par_lens = 382, 383, 380
[TDSE] Running TDSE-SH-elliptical. step 37200, energy = -0.37266158893090795
  |->  par_lens = 386, 383, 377
[TDSE] Running TDSE-SH-elliptical. step 37400, energy = -0.3880020367368166
  |->  par_lens = 384, 380, 379
[TDSE] Running TDSE-SH-elliptical. step 37600, energy = -0.3987975538740085
  |->  par_lens = 385, 375, 377
[TDSE] Running TDSE-SH-elliptical. step 37800, energy = -0.39576532116369795
  |->  par_lens = 382, 376, 377
[TDSE] Running TDSE-SH-elliptical. step 38000, energy = -0.38803831082250156
  |->  par_lens = 373, 369, 367
[TDSE] Running TDSE-SH-elliptical. step 38200, energy = -0.38902736978235136
  |->  par_lens = 368, 363, 368
[TDSE] Running TDSE-SH-elliptical. step 38400, energy = -0.3913412747998526
  |->  par_lens = 357, 355, 360
[TDSE] Running TDSE-SH-elliptical. step 38600, energy = -0.39966127274530616
  |->  par_lens = 351, 349, 349
[TDSE] Running TDSE-SH-elliptical. step 38800, energy = -0.39938164046228236
  |->  par_lens = 348, 344, 350
[TDSE] Running TDSE-SH-elliptical. step 39000, energy = -0.3967961203266004
  |->  par_lens = 346, 343, 344
[TDSE] Running TDSE-SH-elliptical. step 39200, energy = -0.39493229420576653
  |->  par_lens = 346, 341, 346
[TDSE] Running TDSE-SH-elliptical. step 39400, energy = -0.39513668120719403
  |->  par_lens = 348, 345, 347
[TDSE] Running TDSE-SH-elliptical. step 39600, energy = -0.3994395083766213
  |->  par_lens = 345, 344, 349
[TDSE] Running TDSE-SH-elliptical. step 39800, energy = -0.40051709715664513
  |->  par_lens = 344, 342, 345
[TDSE] Running TDSE-SH-elliptical. step 40000, energy = -0.40137975708454987
  |->  par_lens = 344, 342, 345
[TDSE] Running TDSE-SH-elliptical. step 40200, energy = -0.4009173233882974
  |->  par_lens = 343, 340, 343
[TDSE] Running TDSE-SH-elliptical. step 40400, energy = -0.4006249081721957
  |->  par_lens = 336, 336, 341
[TDSE] Running TDSE-SH-elliptical. step 40600, energy = -0.40170951139421446
  |->  par_lens = 332, 332, 334
[TDSE] Running TDSE-SH-elliptical. step 40800, energy = -0.4019966179535445
  |->  par_lens = 327, 327, 327
[TDSE] Running TDSE-SH-elliptical. step 41000, energy = -0.40229641034357405
  |->  par_lens = 321, 322, 322
[TDSE] Running TDSE-SH-elliptical. step 41200, energy = -0.4025358205779996
  |->  par_lens = 319, 317, 316
[TDSE] Running TDSE-SH-elliptical. step 41400, energy = -0.4023028200935114
  |->  par_lens = 313, 313, 312
[TDSE] Running TDSE-SH-elliptical. step 41600, energy = -0.4028779340483464
  |->  par_lens = 306, 305, 305
[TDSE] Running TDSE-SH-elliptical. step 41800, energy = -0.403108420151764
  |->  par_lens = 295, 295, 299
[TDSE] Running TDSE-SH-elliptical. step 42000, energy = -0.40352169404235355
  |->  par_lens = 288, 290, 287
[TDSE] Running TDSE-SH-elliptical. step 42200, energy = -0.4037571692549303
  |->  par_lens = 286, 288, 283
[TDSE] Running TDSE-SH-elliptical. step 42400, energy = -0.4041717233451703
  |->  par_lens = 284, 284, 281
[TDSE] Running TDSE-SH-elliptical. step 42600, energy = -0.40442546926987094
  |->  par_lens = 282, 283, 277
[TDSE] Running TDSE-SH-elliptical. step 42800, energy = -0.4046955981948711
  |->  par_lens = 278, 281, 273
[TDSE] Running TDSE-SH-elliptical. step 43000, energy = -0.40503836273148974
  |->  par_lens = 277, 278, 271
[TDSE] Running TDSE-SH-elliptical. step 43200, energy = -0.40534981307163453
  |->  par_lens = 275, 271, 270
[TDSE] Running TDSE-SH-elliptical. step 43400, energy = -0.4056824910099917
  |->  par_lens = 274, 270, 270
[TDSE] Running TDSE-SH-elliptical. step 43600, energy = -0.40598492819459137
  |->  par_lens = 270, 270, 269
[TDSE] Running TDSE-SH-elliptical. step 43800, energy = -0.406358698939988
  |->  par_lens = 265, 266, 267
[TDSE] Running TDSE-SH-elliptical. step 44000, energy = -0.4066277050485687
  |->  par_lens = 265, 265, 260
[TDSE] Running TDSE-SH-elliptical. step 44200, energy = -0.40715077058788074
  |->  par_lens = 264, 263, 260
[TDSE] Running TDSE-SH-elliptical. step 44400, energy = -0.40748248702988044
  |->  par_lens = 262, 261, 258
[TDSE] Running TDSE-SH-elliptical. step 44600, energy = -0.40796294039334385
  |->  par_lens = 261, 261, 258
[TDSE] Running TDSE-SH-elliptical. step 44800, energy = -0.40803925301791505
  |->  par_lens = 258, 259, 257
[TDSE] Running TDSE-SH-elliptical. step 45000, energy = -0.4082936746636421
  |->  par_lens = 256, 256, 253
