  Activating project at `~/JuliaProp_v0.1`
[ITP]: 10000.471108571397
[ITP]: 0.022107823405609905
[ITP]: 0.004976805475414736
[ITP]: 0.0021058954092971205
[ITP]: 0.001084104546129061
[ITP]: 0.0006160870179273692
[ITP]: 0.0003714642087823128
[ITP]: 0.00023286611963801995
[ITP]: 0.0001500123428329614
[ITP]: 9.857967926441003e-5
[ITP]: 6.57601184761436e-5
[ITP]: 4.43786526744816e-5
[ITP]: 3.022437766897479e-5
[ITP]: 2.0735965556739622e-5
[ITP]: 1.4311264988853267e-5
[ITP]: 9.92563006574354e-6
[ITP]: 6.9119921211058255e-6
[ITP]: 4.82976755122877e-6
[ITP]: 3.384510666504248e-6
[ITP]: 2.3775199649023193e-6
[ITP]: 1.6736194445865493e-6
[ITP]: 1.1802274751948616e-6
[ITP]: 8.335748883370186e-7
[ITP]: 5.895273362810372e-7
[ITP]: 4.174150680658073e-7
[ITP]: 2.958509506267859e-7
[ITP]: 2.098764437796774e-7
[ITP]: 1.4900242706339384e-7
[ITP]: 1.0585745457980522e-7
[ITP]: 7.525113565609587e-8
[ITP]: 5.352267851144177e-8
[ITP]: 3.808635307134267e-8
[ITP]: 2.7113442158110956e-8
[ITP]: 1.9309163601377577e-8
[ITP]: 1.3755872219078924e-8
[ITP]: 9.802639699962867e-9
Energy of ground state: -0.5030607411950042
[TDSE] Start TDSE-SH for elliptical polarized laser. It may cost a plenty of time.
[TDSE] Running TDSE-SH-elliptical. step 0, energy = -0.5030607411950033
  |->  par_lens = 1, 1, 1
[TDSE] Running TDSE-SH-elliptical. step 200, energy = -0.5030607411948621
  |->  par_lens = 1, 1, 1
[TDSE] Running TDSE-SH-elliptical. step 400, energy = -0.5030607411947172
  |->  par_lens = 1, 1, 2
[TDSE] Running TDSE-SH-elliptical. step 600, energy = -0.5030607411944764
  |->  par_lens = 1, 1, 2
[TDSE] Running TDSE-SH-elliptical. step 800, energy = -0.5030607411939122
  |->  par_lens = 1, 1, 2
[TDSE] Running TDSE-SH-elliptical. step 1000, energy = -0.5030607411922318
  |->  par_lens = 1, 1, 2
[TDSE] Running TDSE-SH-elliptical. step 1200, energy = -0.5030607411880177
  |->  par_lens = 1, 1, 2
[TDSE] Running TDSE-SH-elliptical. step 1400, energy = -0.5030607411784208
  |->  par_lens = 1, 1, 2
[TDSE] Running TDSE-SH-elliptical. step 1600, energy = -0.5030607411593959
  |->  par_lens = 1, 1, 2
[TDSE] Running TDSE-SH-elliptical. step 1800, energy = -0.503060741124043
  |->  par_lens = 1, 1, 2
[TDSE] Running TDSE-SH-elliptical. step 2000, energy = -0.5030607410636224
  |->  par_lens = 1, 1, 2
[TDSE] Running TDSE-SH-elliptical. step 2200, energy = -0.5030607409647122
  |->  par_lens = 1, 1, 2
[TDSE] Running TDSE-SH-elliptical. step 2400, energy = -0.503060740811582
  |->  par_lens = 1, 1, 2
[TDSE] Running TDSE-SH-elliptical. step 2600, energy = -0.5030607405815894
  |->  par_lens = 1, 1, 2
[TDSE] Running TDSE-SH-elliptical. step 2800, energy = -0.5030607402498793
  |->  par_lens = 1, 1, 2
[TDSE] Running TDSE-SH-elliptical. step 3000, energy = -0.5030607397809052
  |->  par_lens = 1, 1, 2
[TDSE] Running TDSE-SH-elliptical. step 3200, energy = -0.5030607391405402
  |->  par_lens = 1, 1, 2
[TDSE] Running TDSE-SH-elliptical. step 3400, energy = -0.5030607382755158
  |->  par_lens = 1, 1, 2
[TDSE] Running TDSE-SH-elliptical. step 3600, energy = -0.5030607371416844
  |->  par_lens = 1, 1, 2
[TDSE] Running TDSE-SH-elliptical. step 3800, energy = -0.5030607356669745
  |->  par_lens = 1, 1, 2
[TDSE] Running TDSE-SH-elliptical. step 4000, energy = -0.5030607337967744
  |->  par_lens = 1, 1, 2
[TDSE] Running TDSE-SH-elliptical. step 4200, energy = -0.5030607314323375
  |->  par_lens = 1, 1, 2
[TDSE] Running TDSE-SH-elliptical. step 4400, energy = -0.503060728518962
  |->  par_lens = 1, 1, 2
[TDSE] Running TDSE-SH-elliptical. step 4600, energy = -0.5030607249285666
  |->  par_lens = 1, 1, 2
[TDSE] Running TDSE-SH-elliptical. step 4800, energy = -0.5030607205916634
  |->  par_lens = 1, 1, 2
[TDSE] Running TDSE-SH-elliptical. step 5000, energy = -0.5030607153761038
  |->  par_lens = 1, 1, 2
[TDSE] Running TDSE-SH-elliptical. step 5200, energy = -0.5030607091890229
  |->  par_lens = 1, 2, 2
[TDSE] Running TDSE-SH-elliptical. step 5400, energy = -0.5030607018853721
  |->  par_lens = 2, 2, 2
[TDSE] Running TDSE-SH-elliptical. step 5600, energy = -0.5030606933605095
  |->  par_lens = 2, 2, 2
[TDSE] Running TDSE-SH-elliptical. step 5800, energy = -0.5030606834830383
  |->  par_lens = 2, 2, 2
[TDSE] Running TDSE-SH-elliptical. step 6000, energy = -0.5030606720839417
  |->  par_lens = 2, 2, 2
[TDSE] Running TDSE-SH-elliptical. step 6200, energy = -0.5030606591142615
  |->  par_lens = 2, 2, 2
[TDSE] Running TDSE-SH-elliptical. step 6400, energy = -0.5030606443035641
  |->  par_lens = 2, 2, 2
[TDSE] Running TDSE-SH-elliptical. step 6600, energy = -0.5030606276812669
  |->  par_lens = 2, 2, 2
[TDSE] Running TDSE-SH-elliptical. step 6800, energy = -0.5030606089496645
  |->  par_lens = 2, 2, 2
[TDSE] Running TDSE-SH-elliptical. step 7000, energy = -0.5030605881614315
  |->  par_lens = 2, 2, 2
[TDSE] Running TDSE-SH-elliptical. step 7200, energy = -0.5030605649329829
  |->  par_lens = 2, 2, 2
[TDSE] Running TDSE-SH-elliptical. step 7400, energy = -0.5030605395301413
  |->  par_lens = 2, 2, 2
[TDSE] Running TDSE-SH-elliptical. step 7600, energy = -0.5030605114231114
  |->  par_lens = 2, 2, 2
[TDSE] Running TDSE-SH-elliptical. step 7800, energy = -0.5030604808425154
  |->  par_lens = 2, 2, 2
[TDSE] Running TDSE-SH-elliptical. step 8000, energy = -0.5030604475029778
  |->  par_lens = 2, 2, 2
[TDSE] Running TDSE-SH-elliptical. step 8200, energy = -0.5030604115267439
  |->  par_lens = 2, 2, 2
[TDSE] Running TDSE-SH-elliptical. step 8400, energy = -0.5030603725878635
  |->  par_lens = 2, 2, 2
[TDSE] Running TDSE-SH-elliptical. step 8600, energy = -0.5030603309031582
  |->  par_lens = 2, 2, 2
[TDSE] Running TDSE-SH-elliptical. step 8800, energy = -0.5030602863520618
  |->  par_lens = 2, 2, 2
[TDSE] Running TDSE-SH-elliptical. step 9000, energy = -0.5030602388257074
  |->  par_lens = 2, 2, 2
[TDSE] Running TDSE-SH-elliptical. step 9200, energy = -0.5030601886111158
  |->  par_lens = 2, 2, 2
[TDSE] Running TDSE-SH-elliptical. step 9400, energy = -0.5030601353050321
  |->  par_lens = 2, 2, 2
[TDSE] Running TDSE-SH-elliptical. step 9600, energy = -0.5030600795086817
  |->  par_lens = 2, 2, 2
[TDSE] Running TDSE-SH-elliptical. step 9800, energy = -0.503060020770963
  |->  par_lens = 2, 2, 2
[TDSE] Running TDSE-SH-elliptical. step 10000, energy = -0.5030599596683712
  |->  par_lens = 2, 2, 2
[TDSE] Running TDSE-SH-elliptical. step 10200, energy = -0.5030598772258368
  |->  par_lens = 2, 2, 2
[TDSE] Running TDSE-SH-elliptical. step 10400, energy = -0.503059602724869
  |->  par_lens = 2, 2, 2
[TDSE] Running TDSE-SH-elliptical. step 10600, energy = -0.503059321057748
  |->  par_lens = 2, 2, 2
[TDSE] Running TDSE-SH-elliptical. step 10800, energy = -0.5030597422800195
  |->  par_lens = 2, 2, 2
[TDSE] Running TDSE-SH-elliptical. step 11000, energy = -0.5030601396927198
  |->  par_lens = 2, 2, 2
[TDSE] Running TDSE-SH-elliptical. step 11200, energy = -0.5030554502494995
  |->  par_lens = 2, 2, 2
[TDSE] Running TDSE-SH-elliptical. step 11400, energy = -0.5030405291488982
  |->  par_lens = 4, 3, 3
[TDSE] Running TDSE-SH-elliptical. step 11600, energy = -0.5030234651372878
  |->  par_lens = 4, 3, 3
[TDSE] Running TDSE-SH-elliptical. step 11800, energy = -0.5030256260512926
  |->  par_lens = 4, 3, 3
[TDSE] Running TDSE-SH-elliptical. step 12000, energy = -0.503042205199768
  |->  par_lens = 3, 3, 2
[TDSE] Running TDSE-SH-elliptical. step 12200, energy = -0.5030097829285679
  |->  par_lens = 4, 3, 3
[TDSE] Running TDSE-SH-elliptical. step 12400, energy = -0.5028577472282943
  |->  par_lens = 5, 4, 5
[TDSE] Running TDSE-SH-elliptical. step 12600, energy = -0.5026377584027236
  |->  par_lens = 5, 5, 5
[TDSE] Running TDSE-SH-elliptical. step 12800, energy = -0.5025468040976085
  |->  par_lens = 5, 5, 5
[TDSE] Running TDSE-SH-elliptical. step 13000, energy = -0.5027171590857799
  |->  par_lens = 5, 5, 5
[TDSE] Running TDSE-SH-elliptical. step 13200, energy = -0.502943552983505
  |->  par_lens = 4, 4, 3
[TDSE] Running TDSE-SH-elliptical. step 13400, energy = -0.5027945306343877
  |->  par_lens = 5, 5, 4
[TDSE] Running TDSE-SH-elliptical. step 13600, energy = -0.502142048835436
  |->  par_lens = 6, 5, 6
[TDSE] Running TDSE-SH-elliptical. step 13800, energy = -0.5015204305461778
  |->  par_lens = 7, 7, 7
[TDSE] Running TDSE-SH-elliptical. step 14000, energy = -0.5016520268423076
  |->  par_lens = 7, 7, 7
[TDSE] Running TDSE-SH-elliptical. step 14200, energy = -0.5024217699673846
  |->  par_lens = 6, 6, 6
[TDSE] Running TDSE-SH-elliptical. step 14400, energy = -0.5026591512036359
  |->  par_lens = 6, 6, 6
[TDSE] Running TDSE-SH-elliptical. step 14600, energy = -0.501354386190383
  |->  par_lens = 8, 7, 7
[TDSE] Running TDSE-SH-elliptical. step 14800, energy = -0.49922317181455284
  |->  par_lens = 10, 9, 9
[TDSE] Running TDSE-SH-elliptical. step 15000, energy = -0.49834260700589206
  |->  par_lens = 10, 10, 9
[TDSE] Running TDSE-SH-elliptical. step 15200, energy = -0.4998703155180358
  |->  par_lens = 10, 10, 9
[TDSE] Running TDSE-SH-elliptical. step 15400, energy = -0.5020074787315816
  |->  par_lens = 10, 10, 10
[TDSE] Running TDSE-SH-elliptical. step 15600, energy = -0.5016137388875658
  |->  par_lens = 10, 10, 10
[TDSE] Running TDSE-SH-elliptical. step 15800, energy = -0.49795801648328575
  |->  par_lens = 11, 10, 9
[TDSE] Running TDSE-SH-elliptical. step 16000, energy = -0.4944289665383207
  |->  par_lens = 12, 12, 13
[TDSE] Running TDSE-SH-elliptical. step 16200, energy = -0.4950521589510188
  |->  par_lens = 13, 12, 13
[TDSE] Running TDSE-SH-elliptical. step 16400, energy = -0.49929371904916336
  |->  par_lens = 15, 13, 14
[TDSE] Running TDSE-SH-elliptical. step 16600, energy = -0.501507178788559
  |->  par_lens = 15, 14, 15
[TDSE] Running TDSE-SH-elliptical. step 16800, energy = -0.4971864653972966
  |->  par_lens = 16, 15, 15
[TDSE] Running TDSE-SH-elliptical. step 17000, energy = -0.4892163873459375
  |->  par_lens = 16, 15, 14
[TDSE] Running TDSE-SH-elliptical. step 17200, energy = -0.48580271631467614
  |->  par_lens = 16, 17, 16
[TDSE] Running TDSE-SH-elliptical. step 17400, energy = -0.4911295307597387
  |->  par_lens = 19, 19, 19
[TDSE] Running TDSE-SH-elliptical. step 17600, energy = -0.49906836296458396
  |->  par_lens = 21, 20, 21
[TDSE] Running TDSE-SH-elliptical. step 17800, energy = -0.49905086841415525
  |->  par_lens = 21, 21, 21
[TDSE] Running TDSE-SH-elliptical. step 18000, energy = -0.4886709972954429
  |->  par_lens = 22, 20, 21
[TDSE] Running TDSE-SH-elliptical. step 18200, energy = -0.47825964814231475
  |->  par_lens = 21, 21, 21
[TDSE] Running TDSE-SH-elliptical. step 18400, energy = -0.4796518226479721
  |->  par_lens = 23, 24, 22
[TDSE] Running TDSE-SH-elliptical. step 18600, energy = -0.49165274284339755
  |->  par_lens = 27, 27, 27
[TDSE] Running TDSE-SH-elliptical. step 18800, energy = -0.49914343197268984
  |->  par_lens = 27, 28, 28
[TDSE] Running TDSE-SH-elliptical. step 19000, energy = -0.49015521542258783
  |->  par_lens = 28, 28, 29
[TDSE] Running TDSE-SH-elliptical. step 19200, energy = -0.4714954306727294
  |->  par_lens = 27, 27, 24
[TDSE] Running TDSE-SH-elliptical. step 19400, energy = -0.46306158405740105
  |->  par_lens = 29, 30, 29
[TDSE] Running TDSE-SH-elliptical. step 19600, energy = -0.47475671993598806
  |->  par_lens = 35, 36, 34
[TDSE] Running TDSE-SH-elliptical. step 19800, energy = -0.4933440443005693
  |->  par_lens = 38, 39, 38
[TDSE] Running TDSE-SH-elliptical. step 20000, energy = -0.49535285843276045
  |->  par_lens = 40, 40, 40
[TDSE] Running TDSE-SH-elliptical. step 20200, energy = -0.47520057128467086
  |->  par_lens = 36, 39, 39
[TDSE] Running TDSE-SH-elliptical. step 20400, energy = -0.4539761846574216
  |->  par_lens = 33, 36, 34
[TDSE] Running TDSE-SH-elliptical. step 20600, energy = -0.45588870495623696
  |->  par_lens = 42, 41, 43
[TDSE] Running TDSE-SH-elliptical. step 20800, energy = -0.47929746027661746
  |->  par_lens = 47, 45, 47
[TDSE] Running TDSE-SH-elliptical. step 21000, energy = -0.49564214666893175
  |->  par_lens = 49, 50, 49
[TDSE] Running TDSE-SH-elliptical. step 21200, energy = -0.48182192695009574
  |->  par_lens = 48, 49, 48
[TDSE] Running TDSE-SH-elliptical. step 21400, energy = -0.44957654764608823
  |->  par_lens = 47, 42, 44
[TDSE] Running TDSE-SH-elliptical. step 21600, energy = -0.4340169949871285
  |->  par_lens = 48, 46, 46
[TDSE] Running TDSE-SH-elliptical. step 21800, energy = -0.453050288761322
  |->  par_lens = 54, 55, 56
[TDSE] Running TDSE-SH-elliptical. step 22000, energy = -0.485381425289223
  |->  par_lens = 64, 63, 62
[TDSE] Running TDSE-SH-elliptical. step 22200, energy = -0.491528188608024
  |->  par_lens = 65, 66, 64
[TDSE] Running TDSE-SH-elliptical. step 22400, energy = -0.46139148126191676
  |->  par_lens = 59, 65, 64
[TDSE] Running TDSE-SH-elliptical. step 22600, energy = -0.4281430638348388
  |->  par_lens = 51, 54, 54
[TDSE] Running TDSE-SH-elliptical. step 22800, energy = -0.4296369366789942
  |->  par_lens = 62, 62, 62
[TDSE] Running TDSE-SH-elliptical. step 23000, energy = -0.4648933281186722
  |->  par_lens = 71, 70, 72
[TDSE] Running TDSE-SH-elliptical. step 23200, energy = -0.4917884990696818
  |->  par_lens = 76, 74, 75
[TDSE] Running TDSE-SH-elliptical. step 23400, energy = -0.4750122696385205
  |->  par_lens = 76, 76, 77
[TDSE] Running TDSE-SH-elliptical. step 23600, energy = -0.4305162044166655
  |->  par_lens = 72, 68, 68
[TDSE] Running TDSE-SH-elliptical. step 23800, energy = -0.4078169839727769
  |->  par_lens = 68, 64, 67
[TDSE] Running TDSE-SH-elliptical. step 24000, energy = -0.43223445709044955
  |->  par_lens = 80, 79, 78
[TDSE] Running TDSE-SH-elliptical. step 24200, energy = -0.47734051738474165
  |->  par_lens = 88, 91, 90
[TDSE] Running TDSE-SH-elliptical. step 24400, energy = -0.4889100122467787
  |->  par_lens = 92, 91, 92
[TDSE] Running TDSE-SH-elliptical. step 24600, energy = -0.4524202023803916
  |->  par_lens = 93, 91, 90
[TDSE] Running TDSE-SH-elliptical. step 24800, energy = -0.410076768347705
  |->  par_lens = 78, 79, 79
[TDSE] Running TDSE-SH-elliptical. step 25000, energy = -0.41016247363427866
  |->  par_lens = 83, 82, 84
[TDSE] Running TDSE-SH-elliptical. step 25200, energy = -0.45325997184532607
  |->  par_lens = 96, 96, 96
[TDSE] Running TDSE-SH-elliptical. step 25400, energy = -0.4888365923088992
  |->  par_lens = 100, 99, 99
[TDSE] Running TDSE-SH-elliptical. step 25600, energy = -0.4723901320135566
  |->  par_lens = 100, 99, 101
[TDSE] Running TDSE-SH-elliptical. step 25800, energy = -0.4216612844397233
  |->  par_lens = 90, 93, 91
[TDSE] Running TDSE-SH-elliptical. step 26000, energy = -0.39411758166143696
  |->  par_lens = 87, 90, 91
[TDSE] Running TDSE-SH-elliptical. step 26200, energy = -0.4202553150533493
  |->  par_lens = 100, 98, 97
[TDSE] Running TDSE-SH-elliptical. step 26400, energy = -0.4719863672701711
  |->  par_lens = 107, 110, 106
[TDSE] Running TDSE-SH-elliptical. step 26600, energy = -0.48852651195546126
  |->  par_lens = 107, 111, 109
[TDSE] Running TDSE-SH-elliptical. step 26800, energy = -0.4520381947466103
  |->  par_lens = 107, 110, 108
[TDSE] Running TDSE-SH-elliptical. step 27000, energy = -0.406974597752045
  |->  par_lens = 102, 100, 103
[TDSE] Running TDSE-SH-elliptical. step 27200, energy = -0.4053883404127722
  |->  par_lens = 95, 95, 99
[TDSE] Running TDSE-SH-elliptical. step 27400, energy = -0.4490506630110111
  |->  par_lens = 107, 107, 105
[TDSE] Running TDSE-SH-elliptical. step 27600, energy = -0.4879590046547886
  |->  par_lens = 111, 111, 111
[TDSE] Running TDSE-SH-elliptical. step 27800, energy = -0.47505944796856525
  |->  par_lens = 112, 112, 111
[TDSE] Running TDSE-SH-elliptical. step 28000, energy = -0.42652106132027157
  |->  par_lens = 111, 107, 106
[TDSE] Running TDSE-SH-elliptical. step 28200, energy = -0.39849927449076417
  |->  par_lens = 102, 103, 102
[TDSE] Running TDSE-SH-elliptical. step 28400, energy = -0.4220370767635628
  |->  par_lens = 109, 109, 109
[TDSE] Running TDSE-SH-elliptical. step 28600, energy = -0.4716069816743612
  |->  par_lens = 115, 113, 116
[TDSE] Running TDSE-SH-elliptical. step 28800, energy = -0.490463240789973
  |->  par_lens = 118, 114, 116
[TDSE] Running TDSE-SH-elliptical. step 29000, energy = -0.4603480354506661
  |->  par_lens = 116, 113, 112
[TDSE] Running TDSE-SH-elliptical. step 29200, energy = -0.42016572939190416
  |->  par_lens = 111, 108, 110
[TDSE] Running TDSE-SH-elliptical. step 29400, energy = -0.41716793575424094
  |->  par_lens = 110, 107, 109
[TDSE] Running TDSE-SH-elliptical. step 29600, energy = -0.45436325295462676
  |->  par_lens = 111, 109, 109
[TDSE] Running TDSE-SH-elliptical. step 29800, energy = -0.489556081683142
  |->  par_lens = 116, 112, 114
[TDSE] Running TDSE-SH-elliptical. step 30000, energy = -0.4816862512697653
  |->  par_lens = 119, 112, 115
[TDSE] Running TDSE-SH-elliptical. step 30200, energy = -0.4430299173556283
  |->  par_lens = 117, 111, 114
[TDSE] Running TDSE-SH-elliptical. step 30400, energy = -0.419113132164755
  |->  par_lens = 116, 106, 111
[TDSE] Running TDSE-SH-elliptical. step 30600, energy = -0.436994202062186
  |->  par_lens = 116, 112, 114
[TDSE] Running TDSE-SH-elliptical. step 30800, energy = -0.47641527490025015
  |->  par_lens = 118, 113, 117
[TDSE] Running TDSE-SH-elliptical. step 31000, energy = -0.49382806257235096
  |->  par_lens = 118, 115, 119
[TDSE] Running TDSE-SH-elliptical. step 31200, energy = -0.4737870893899752
  |->  par_lens = 118, 115, 117
[TDSE] Running TDSE-SH-elliptical. step 31400, energy = -0.4442556975915704
  |->  par_lens = 115, 112, 114
[TDSE] Running TDSE-SH-elliptical. step 31600, energy = -0.44066491563072
  |->  par_lens = 109, 112, 112
[TDSE] Running TDSE-SH-elliptical. step 31800, energy = -0.46728758257853337
  |->  par_lens = 109, 111, 115
[TDSE] Running TDSE-SH-elliptical. step 32000, energy = -0.49304973994576773
  |->  par_lens = 111, 113, 115
[TDSE] Running TDSE-SH-elliptical. step 32200, energy = -0.489575901334655
  |->  par_lens = 113, 112, 114
[TDSE] Running TDSE-SH-elliptical. step 32400, energy = -0.4646366323482116
  |->  par_lens = 113, 112, 106
[TDSE] Running TDSE-SH-elliptical. step 32600, energy = -0.4477866821042456
  |->  par_lens = 109, 113, 112
[TDSE] Running TDSE-SH-elliptical. step 32800, energy = -0.4587249528418598
  |->  par_lens = 116, 113, 117
[TDSE] Running TDSE-SH-elliptical. step 33000, energy = -0.4845821820938471
  |->  par_lens = 117, 115, 119
[TDSE] Running TDSE-SH-elliptical. step 33200, energy = -0.4974875538928252
  |->  par_lens = 116, 114, 120
[TDSE] Running TDSE-SH-elliptical. step 33400, energy = -0.48701979531244155
  |->  par_lens = 117, 115, 119
[TDSE] Running TDSE-SH-elliptical. step 33600, energy = -0.47019310059362246
  |->  par_lens = 116, 112, 119
[TDSE] Running TDSE-SH-elliptical. step 33800, energy = -0.46709346870403523
  |->  par_lens = 113, 115, 115
[TDSE] Running TDSE-SH-elliptical. step 34000, energy = -0.48229229034646026
  |->  par_lens = 110, 113, 115
[TDSE] Running TDSE-SH-elliptical. step 34200, energy = -0.49706252032723325
  |->  par_lens = 110, 111, 114
[TDSE] Running TDSE-SH-elliptical. step 34400, energy = -0.49645503068560326
  |->  par_lens = 111, 112, 114
[TDSE] Running TDSE-SH-elliptical. step 34600, energy = -0.4834931625094681
  |->  par_lens = 109, 111, 114
[TDSE] Running TDSE-SH-elliptical. step 34800, energy = -0.4747732039468973
  |->  par_lens = 111, 112, 118
[TDSE] Running TDSE-SH-elliptical. step 35000, energy = -0.47957720954355226
  |->  par_lens = 113, 113, 119
[TDSE] Running TDSE-SH-elliptical. step 35200, energy = -0.49306904403111573
  |->  par_lens = 114, 115, 120
[TDSE] Running TDSE-SH-elliptical. step 35400, energy = -0.5002724131900793
  |->  par_lens = 114, 116, 121
[TDSE] Running TDSE-SH-elliptical. step 35600, energy = -0.49685267370361225
  |->  par_lens = 115, 116, 121
[TDSE] Running TDSE-SH-elliptical. step 35800, energy = -0.48948751774710275
  |->  par_lens = 114, 115, 120
[TDSE] Running TDSE-SH-elliptical. step 36000, energy = -0.4881757287717603
  |->  par_lens = 113, 115, 121
[TDSE] Running TDSE-SH-elliptical. step 36200, energy = -0.494195699424258
  |->  par_lens = 112, 112, 121
[TDSE] Running TDSE-SH-elliptical. step 36400, energy = -0.5004545156714347
  |->  par_lens = 113, 113, 118
[TDSE] Running TDSE-SH-elliptical. step 36600, energy = -0.5006316327114966
  |->  par_lens = 113, 111, 120
[TDSE] Running TDSE-SH-elliptical. step 36800, energy = -0.49595405530270975
  |->  par_lens = 113, 109, 120
[TDSE] Running TDSE-SH-elliptical. step 37000, energy = -0.49250145308650667
  |->  par_lens = 111, 113, 118
[TDSE] Running TDSE-SH-elliptical. step 37200, energy = -0.49430656982836124
  |->  par_lens = 113, 114, 120
[TDSE] Running TDSE-SH-elliptical. step 37400, energy = -0.4989359713358999
  |->  par_lens = 114, 113, 118
[TDSE] Running TDSE-SH-elliptical. step 37600, energy = -0.5020189915141582
  |->  par_lens = 114, 114, 119
[TDSE] Running TDSE-SH-elliptical. step 37800, energy = -0.5016107920219574
  |->  par_lens = 113, 114, 120
[TDSE] Running TDSE-SH-elliptical. step 38000, energy = -0.4997351510345836
  |->  par_lens = 114, 115, 117
[TDSE] Running TDSE-SH-elliptical. step 38200, energy = -0.4994179709799344
  |->  par_lens = 114, 113, 119
[TDSE] Running TDSE-SH-elliptical. step 38400, energy = -0.5008542665201466
  |->  par_lens = 112, 113, 119
[TDSE] Running TDSE-SH-elliptical. step 38600, energy = -0.5023533127782321
  |->  par_lens = 112, 113, 119
[TDSE] Running TDSE-SH-elliptical. step 38800, energy = -0.5024764766318853
  |->  par_lens = 112, 113, 120
[TDSE] Running TDSE-SH-elliptical. step 39000, energy = -0.5014110301508486
  |->  par_lens = 112, 112, 119
[TDSE] Running TDSE-SH-elliptical. step 39200, energy = -0.5006867799160857
  |->  par_lens = 112, 113, 120
[TDSE] Running TDSE-SH-elliptical. step 39400, energy = -0.5010592660407217
  |->  par_lens = 113, 114, 120
[TDSE] Running TDSE-SH-elliptical. step 39600, energy = -0.5019467310386394
  |->  par_lens = 113, 113, 120
[TDSE] Running TDSE-SH-elliptical. step 39800, energy = -0.5027221332228664
  |->  par_lens = 113, 113, 119
[TDSE] Running TDSE-SH-elliptical. step 40000, energy = -0.5028850053287117
  |->  par_lens = 113, 113, 119
[TDSE] Running TDSE-SH-elliptical. step 40200, energy = -0.5027870735368792
  |->  par_lens = 113, 113, 119
[TDSE] Running TDSE-SH-elliptical. step 40400, energy = -0.5027795035525785
  |->  par_lens = 113, 113, 119
[TDSE] Running TDSE-SH-elliptical. step 40600, energy = -0.5028644101798815
  |->  par_lens = 112, 113, 117
[TDSE] Running TDSE-SH-elliptical. step 40800, energy = -0.5029497410695387
  |->  par_lens = 112, 113, 117
[TDSE] Running TDSE-SH-elliptical. step 41000, energy = -0.5029141629591719
  |->  par_lens = 112, 113, 117
[TDSE] Running TDSE-SH-elliptical. step 41200, energy = -0.5028075464265113
  |->  par_lens = 112, 113, 117
[TDSE] Running TDSE-SH-elliptical. step 41400, energy = -0.502773858889524
  |->  par_lens = 112, 113, 117
[TDSE] Running TDSE-SH-elliptical. step 41600, energy = -0.5027763999104716
  |->  par_lens = 112, 112, 117
[TDSE] Running TDSE-SH-elliptical. step 41800, energy = -0.5028422632195697
  |->  par_lens = 112, 113, 117
[TDSE] Running TDSE-SH-elliptical. step 42000, energy = -0.5028777504179226
  |->  par_lens = 111, 113, 117
[TDSE] Running TDSE-SH-elliptical. step 42200, energy = -0.5029134185947626
  |->  par_lens = 111, 112, 117
[TDSE] Running TDSE-SH-elliptical. step 42400, energy = -0.5029169770181366
  |->  par_lens = 111, 110, 116
[TDSE] Running TDSE-SH-elliptical. step 42600, energy = -0.5029232272392021
  |->  par_lens = 111, 111, 115
[TDSE] Running TDSE-SH-elliptical. step 42800, energy = -0.5029148208524543
  |->  par_lens = 111, 109, 115
[TDSE] Running TDSE-SH-elliptical. step 43000, energy = -0.5029166744885781
  |->  par_lens = 111, 109, 114
[TDSE] Running TDSE-SH-elliptical. step 43200, energy = -0.5029133089007426
  |->  par_lens = 110, 108, 113
[TDSE] Running TDSE-SH-elliptical. step 43400, energy = -0.5029149384134064
  |->  par_lens = 107, 107, 113
[TDSE] Running TDSE-SH-elliptical. step 43600, energy = -0.502911944626375
  |->  par_lens = 106, 106, 113
[TDSE] Running TDSE-SH-elliptical. step 43800, energy = -0.5029097965840009
  |->  par_lens = 105, 106, 114
[TDSE] Running TDSE-SH-elliptical. step 44000, energy = -0.502911849088263
  |->  par_lens = 105, 106, 112
[TDSE] Running TDSE-SH-elliptical. step 44200, energy = -0.502908466502991
  |->  par_lens = 105, 107, 112
[TDSE] Running TDSE-SH-elliptical. step 44400, energy = -0.5029094955736675
  |->  par_lens = 104, 106, 112
[TDSE] Running TDSE-SH-elliptical. step 44600, energy = -0.5029026489865149
  |->  par_lens = 104, 105, 111
[TDSE] Running TDSE-SH-elliptical. step 44800, energy = -0.5029106050549041
  |->  par_lens = 104, 105, 110
[TDSE] Running TDSE-SH-elliptical. step 45000, energy = -0.5029018112593134
  |->  par_lens = 104, 105, 109
