  Activating project at `~/JuliaProp_v0.1`
[ITP]: 10000.471108571397
[ITP]: 0.022107823405609905
[ITP]: 0.004976805475414736
[ITP]: 0.0021058954092971205
[ITP]: 0.001084104546129061
[ITP]: 0.0006160870179273692
[ITP]: 0.0003714642087823128
[ITP]: 0.00023286611963801995
[ITP]: 0.0001500123428329614
[ITP]: 9.857967926441003e-5
[ITP]: 6.57601184761436e-5
[ITP]: 4.43786526744816e-5
[ITP]: 3.022437766897479e-5
[ITP]: 2.0735965556739622e-5
[ITP]: 1.4311264988853267e-5
[ITP]: 9.92563006574354e-6
[ITP]: 6.9119921211058255e-6
[ITP]: 4.82976755122877e-6
[ITP]: 3.384510666504248e-6
[ITP]: 2.3775199649023193e-6
[ITP]: 1.6736194445865493e-6
[ITP]: 1.1802274751948616e-6
[ITP]: 8.335748883370186e-7
[ITP]: 5.895273362810372e-7
[ITP]: 4.174150680658073e-7
[ITP]: 2.958509506267859e-7
[ITP]: 2.098764437796774e-7
[ITP]: 1.4900242706339384e-7
[ITP]: 1.0585745457980522e-7
[ITP]: 7.525113565609587e-8
[ITP]: 5.352267851144177e-8
[ITP]: 3.808635307134267e-8
[ITP]: 2.7113442158110956e-8
[ITP]: 1.9309163601377577e-8
[ITP]: 1.3755872219078924e-8
[ITP]: 9.802639699962867e-9
Energy of ground state: -0.5030607411950042
[TDSE] Start TDSE-SH for elliptical polarized laser. It may cost a plenty of time.
[TDSE] Running TDSE-SH-elliptical. step 0, energy = -0.5030607411950033
  |->  par_lens = 1, 1, 1
[TDSE] Running TDSE-SH-elliptical. step 200, energy = -0.5030607411948621
  |->  par_lens = 1, 1, 1
[TDSE] Running TDSE-SH-elliptical. step 400, energy = -0.5030607411947172
  |->  par_lens = 1, 1, 2
[TDSE] Running TDSE-SH-elliptical. step 600, energy = -0.5030607411944764
  |->  par_lens = 1, 1, 2
[TDSE] Running TDSE-SH-elliptical. step 800, energy = -0.5030607411939122
  |->  par_lens = 1, 1, 2
[TDSE] Running TDSE-SH-elliptical. step 1000, energy = -0.5030607411922318
  |->  par_lens = 1, 1, 2
[TDSE] Running TDSE-SH-elliptical. step 1200, energy = -0.5030607411880177
  |->  par_lens = 1, 1, 2
[TDSE] Running TDSE-SH-elliptical. step 1400, energy = -0.5030607411784208
  |->  par_lens = 1, 1, 2
[TDSE] Running TDSE-SH-elliptical. step 1600, energy = -0.5030607411593959
  |->  par_lens = 1, 1, 2
[TDSE] Running TDSE-SH-elliptical. step 1800, energy = -0.503060741124043
  |->  par_lens = 1, 1, 2
[TDSE] Running TDSE-SH-elliptical. step 2000, energy = -0.5030607410636224
  |->  par_lens = 1, 1, 2
[TDSE] Running TDSE-SH-elliptical. step 2200, energy = -0.5030607409647122
  |->  par_lens = 1, 1, 2
[TDSE] Running TDSE-SH-elliptical. step 2400, energy = -0.503060740811582
  |->  par_lens = 1, 1, 2
[TDSE] Running TDSE-SH-elliptical. step 2600, energy = -0.5030607405815894
  |->  par_lens = 1, 1, 2
[TDSE] Running TDSE-SH-elliptical. step 2800, energy = -0.5030607402498793
  |->  par_lens = 1, 1, 2
[TDSE] Running TDSE-SH-elliptical. step 3000, energy = -0.5030607397809052
  |->  par_lens = 1, 1, 2
[TDSE] Running TDSE-SH-elliptical. step 3200, energy = -0.5030607391405402
  |->  par_lens = 1, 1, 2
[TDSE] Running TDSE-SH-elliptical. step 3400, energy = -0.5030607382755158
  |->  par_lens = 1, 1, 2
[TDSE] Running TDSE-SH-elliptical. step 3600, energy = -0.5030607371416844
  |->  par_lens = 1, 1, 2
[TDSE] Running TDSE-SH-elliptical. step 3800, energy = -0.5030607356669745
  |->  par_lens = 1, 1, 2
[TDSE] Running TDSE-SH-elliptical. step 4000, energy = -0.5030607337967744
  |->  par_lens = 1, 1, 2
[TDSE] Running TDSE-SH-elliptical. step 4200, energy = -0.5030607314323375
  |->  par_lens = 1, 1, 2
[TDSE] Running TDSE-SH-elliptical. step 4400, energy = -0.503060728518962
  |->  par_lens = 1, 1, 2
[TDSE] Running TDSE-SH-elliptical. step 4600, energy = -0.5030607249285666
  |->  par_lens = 1, 1, 2
[TDSE] Running TDSE-SH-elliptical. step 4800, energy = -0.5030607205916634
  |->  par_lens = 1, 1, 2
[TDSE] Running TDSE-SH-elliptical. step 5000, energy = -0.5030607153761038
  |->  par_lens = 1, 1, 2
[TDSE] Running TDSE-SH-elliptical. step 5200, energy = -0.5030607091890229
  |->  par_lens = 1, 2, 2
[TDSE] Running TDSE-SH-elliptical. step 5400, energy = -0.5030607018853721
  |->  par_lens = 2, 2, 2
[TDSE] Running TDSE-SH-elliptical. step 5600, energy = -0.5030606933605095
  |->  par_lens = 2, 2, 2
[TDSE] Running TDSE-SH-elliptical. step 5800, energy = -0.5030606834830383
  |->  par_lens = 2, 2, 2
[TDSE] Running TDSE-SH-elliptical. step 6000, energy = -0.5030606720839417
  |->  par_lens = 2, 2, 2
[TDSE] Running TDSE-SH-elliptical. step 6200, energy = -0.5030606591142615
  |->  par_lens = 2, 2, 2
[TDSE] Running TDSE-SH-elliptical. step 6400, energy = -0.5030606443035641
  |->  par_lens = 2, 2, 2
[TDSE] Running TDSE-SH-elliptical. step 6600, energy = -0.5030606276812669
  |->  par_lens = 2, 2, 2
[TDSE] Running TDSE-SH-elliptical. step 6800, energy = -0.5030606089496645
  |->  par_lens = 2, 2, 2
[TDSE] Running TDSE-SH-elliptical. step 7000, energy = -0.5030605881614315
  |->  par_lens = 2, 2, 2
[TDSE] Running TDSE-SH-elliptical. step 7200, energy = -0.5030605649329829
  |->  par_lens = 2, 2, 2
[TDSE] Running TDSE-SH-elliptical. step 7400, energy = -0.5030605395301413
  |->  par_lens = 2, 2, 2
[TDSE] Running TDSE-SH-elliptical. step 7600, energy = -0.5030605114231114
  |->  par_lens = 2, 2, 2
[TDSE] Running TDSE-SH-elliptical. step 7800, energy = -0.5030604808425154
  |->  par_lens = 2, 2, 2
[TDSE] Running TDSE-SH-elliptical. step 8000, energy = -0.5030604475029778
  |->  par_lens = 2, 2, 2
[TDSE] Running TDSE-SH-elliptical. step 8200, energy = -0.5030604115267439
  |->  par_lens = 2, 2, 2
[TDSE] Running TDSE-SH-elliptical. step 8400, energy = -0.5030603725878635
  |->  par_lens = 2, 2, 2
[TDSE] Running TDSE-SH-elliptical. step 8600, energy = -0.5030603309031582
  |->  par_lens = 2, 2, 2
[TDSE] Running TDSE-SH-elliptical. step 8800, energy = -0.5030602863520618
  |->  par_lens = 2, 2, 2
[TDSE] Running TDSE-SH-elliptical. step 9000, energy = -0.5030602388257074
  |->  par_lens = 2, 2, 2
[TDSE] Running TDSE-SH-elliptical. step 9200, energy = -0.5030601886111158
  |->  par_lens = 2, 2, 2
[TDSE] Running TDSE-SH-elliptical. step 9400, energy = -0.5030601353050321
  |->  par_lens = 2, 2, 2
[TDSE] Running TDSE-SH-elliptical. step 9600, energy = -0.5030600795086817
  |->  par_lens = 2, 2, 2
[TDSE] Running TDSE-SH-elliptical. step 9800, energy = -0.503060020770963
  |->  par_lens = 2, 2, 2
[TDSE] Running TDSE-SH-elliptical. step 10000, energy = -0.5030599596683712
  |->  par_lens = 2, 2, 2
[TDSE] Running TDSE-SH-elliptical. step 10200, energy = -0.5030598583491723
  |->  par_lens = 2, 2, 2
[TDSE] Running TDSE-SH-elliptical. step 10400, energy = -0.5030593447931194
  |->  par_lens = 2, 2, 2
[TDSE] Running TDSE-SH-elliptical. step 10600, energy = -0.5030587568171166
  |->  par_lens = 2, 2, 2
[TDSE] Running TDSE-SH-elliptical. step 10800, energy = -0.5030594057296259
  |->  par_lens = 2, 2, 2
[TDSE] Running TDSE-SH-elliptical. step 11000, energy = -0.503056561018349
  |->  par_lens = 2, 2, 2
[TDSE] Running TDSE-SH-elliptical. step 11200, energy = -0.5030291137259839
  |->  par_lens = 4, 3, 3
[TDSE] Running TDSE-SH-elliptical. step 11400, energy = -0.5029585017202343
  |->  par_lens = 4, 3, 3
[TDSE] Running TDSE-SH-elliptical. step 11600, energy = -0.5028820975284959
  |->  par_lens = 5, 4, 4
[TDSE] Running TDSE-SH-elliptical. step 11800, energy = -0.5028926980219653
  |->  par_lens = 4, 5, 4
[TDSE] Running TDSE-SH-elliptical. step 12000, energy = -0.5029768137973782
  |->  par_lens = 4, 4, 3
[TDSE] Running TDSE-SH-elliptical. step 12200, energy = -0.5028818590955982
  |->  par_lens = 4, 4, 4
[TDSE] Running TDSE-SH-elliptical. step 12400, energy = -0.5023180652599195
  |->  par_lens = 5, 5, 6
[TDSE] Running TDSE-SH-elliptical. step 12600, energy = -0.5014768869291599
  |->  par_lens = 7, 7, 7
[TDSE] Running TDSE-SH-elliptical. step 12800, energy = -0.501127440119841
  |->  par_lens = 7, 7, 7
[TDSE] Running TDSE-SH-elliptical. step 13000, energy = -0.5017822661727315
  |->  par_lens = 6, 6, 7
[TDSE] Running TDSE-SH-elliptical. step 13200, energy = -0.5026166965120208
  |->  par_lens = 6, 5, 6
[TDSE] Running TDSE-SH-elliptical. step 13400, energy = -0.5019178206289017
  |->  par_lens = 6, 6, 7
[TDSE] Running TDSE-SH-elliptical. step 13600, energy = -0.49920364552222624
  |->  par_lens = 9, 9, 8
[TDSE] Running TDSE-SH-elliptical. step 13800, energy = -0.49665396570309617
  |->  par_lens = 10, 10, 10
[TDSE] Running TDSE-SH-elliptical. step 14000, energy = -0.49718883907552347
  |->  par_lens = 10, 10, 10
[TDSE] Running TDSE-SH-elliptical. step 14200, energy = -0.5003701041649953
  |->  par_lens = 11, 11, 12
[TDSE] Running TDSE-SH-elliptical. step 14400, energy = -0.5014970296754547
  |->  par_lens = 12, 11, 12
[TDSE] Running TDSE-SH-elliptical. step 14600, energy = -0.4964858802794904
  |->  par_lens = 11, 12, 11
[TDSE] Running TDSE-SH-elliptical. step 14800, energy = -0.4881214465156869
  |->  par_lens = 15, 13, 14
[TDSE] Running TDSE-SH-elliptical. step 15000, energy = -0.48468348805679884
  |->  par_lens = 17, 17, 16
[TDSE] Running TDSE-SH-elliptical. step 15200, energy = -0.49066888481757215
  |->  par_lens = 18, 18, 18
[TDSE] Running TDSE-SH-elliptical. step 15400, energy = -0.49897273248121976
  |->  par_lens = 20, 20, 21
[TDSE] Running TDSE-SH-elliptical. step 15600, energy = -0.4970520977318948
  |->  par_lens = 21, 20, 21
[TDSE] Running TDSE-SH-elliptical. step 15800, energy = -0.48208780537362833
  |->  par_lens = 19, 19, 20
[TDSE] Running TDSE-SH-elliptical. step 16000, energy = -0.4678210549141903
  |->  par_lens = 25, 23, 23
[TDSE] Running TDSE-SH-elliptical. step 16200, energy = -0.470310869418354
  |->  par_lens = 28, 28, 27
[TDSE] Running TDSE-SH-elliptical. step 16400, energy = -0.4875217398246749
  |->  par_lens = 32, 32, 32
[TDSE] Running TDSE-SH-elliptical. step 16600, energy = -0.496828791645869
  |->  par_lens = 34, 33, 33
[TDSE] Running TDSE-SH-elliptical. step 16800, energy = -0.4800344609320721
  |->  par_lens = 34, 35, 34
[TDSE] Running TDSE-SH-elliptical. step 17000, energy = -0.4485580133878005
  |->  par_lens = 34, 29, 32
[TDSE] Running TDSE-SH-elliptical. step 17200, energy = -0.4352796078487354
  |->  par_lens = 40, 41, 40
[TDSE] Running TDSE-SH-elliptical. step 17400, energy = -0.4560777963453462
  |->  par_lens = 49, 50, 49
[TDSE] Running TDSE-SH-elliptical. step 17600, energy = -0.4873249372126443
  |->  par_lens = 59, 56, 56
[TDSE] Running TDSE-SH-elliptical. step 17800, energy = -0.48643277817172204
  |->  par_lens = 60, 57, 58
[TDSE] Running TDSE-SH-elliptical. step 18000, energy = -0.4440565078634221
  |->  par_lens = 53, 52, 55
[TDSE] Running TDSE-SH-elliptical. step 18200, energy = -0.4024371576687917
  |->  par_lens = 50, 51, 51
[TDSE] Running TDSE-SH-elliptical. step 18400, energy = -0.4080501584703347
  |->  par_lens = 68, 69, 70
[TDSE] Running TDSE-SH-elliptical. step 18600, energy = -0.45607103710989355
  |->  par_lens = 84, 85, 83
[TDSE] Running TDSE-SH-elliptical. step 18800, energy = -0.48699998757780527
  |->  par_lens = 90, 91, 91
[TDSE] Running TDSE-SH-elliptical. step 19000, energy = -0.4514896353248702
  |->  par_lens = 93, 91, 90
[TDSE] Running TDSE-SH-elliptical. step 19200, energy = -0.3776535812508611
  |->  par_lens = 76, 76, 71
[TDSE] Running TDSE-SH-elliptical. step 19400, energy = -0.34607721907233147
  |->  par_lens = 85, 86, 85
[TDSE] Running TDSE-SH-elliptical. step 19600, energy = -0.3903041050891323
  |->  par_lens = 117, 114, 113
[TDSE] Running TDSE-SH-elliptical. step 19800, energy = -0.4641788341895186
  |->  par_lens = 139, 136, 136
[TDSE] Running TDSE-SH-elliptical. step 20000, energy = -0.47062528081376925
  |->  par_lens = 143, 142, 142
[TDSE] Running TDSE-SH-elliptical. step 20200, energy = -0.3873197364924536
  |->  par_lens = 140, 137, 138
[TDSE] Running TDSE-SH-elliptical. step 20400, energy = -0.30337652456970826
  |->  par_lens = 112, 107, 108
[TDSE] Running TDSE-SH-elliptical. step 20600, energy = -0.31375878080746694
  |->  par_lens = 139, 132, 135
[TDSE] Running TDSE-SH-elliptical. step 20800, energy = -0.40316518453816375
  |->  par_lens = 177, 179, 178
[TDSE] Running TDSE-SH-elliptical. step 21000, energy = -0.4713496044910124
  |->  par_lens = 197, 195, 198
[TDSE] Running TDSE-SH-elliptical. step 21200, energy = -0.4158281226245562
  |->  par_lens = 201, 202, 202
[TDSE] Running TDSE-SH-elliptical. step 21400, energy = -0.286358602087829
  |->  par_lens = 179, 178, 175
[TDSE] Running TDSE-SH-elliptical. step 21600, energy = -0.23176304646631254
  |->  par_lens = 164, 156, 157
[TDSE] Running TDSE-SH-elliptical. step 21800, energy = -0.30267030527684147
  |->  par_lens = 221, 218, 218
[TDSE] Running TDSE-SH-elliptical. step 22000, energy = -0.4286591746498402
  |->  par_lens = 265, 269, 266
[TDSE] Running TDSE-SH-elliptical. step 22200, energy = -0.45170322953584996
  |->  par_lens = 276, 276, 280
[TDSE] Running TDSE-SH-elliptical. step 22400, energy = -0.32488810079550406
  |->  par_lens = 273, 275, 267
[TDSE] Running TDSE-SH-elliptical. step 22600, energy = -0.19230444160234983
  |->  par_lens = 225, 220, 228
[TDSE] Running TDSE-SH-elliptical. step 22800, energy = -0.211507775259738
  |->  par_lens = 251, 244, 241
[TDSE] Running TDSE-SH-elliptical. step 23000, energy = -0.33595855196687363
  |->  par_lens = 309, 311, 308
[TDSE] Running TDSE-SH-elliptical. step 23200, energy = -0.4473304303799118
  |->  par_lens = 337, 338, 338
[TDSE] Running TDSE-SH-elliptical. step 23400, energy = -0.3812285616836368
  |->  par_lens = 338, 334, 337
[TDSE] Running TDSE-SH-elliptical. step 23600, energy = -0.19990302733575546
  |->  par_lens = 315, 306, 315
[TDSE] Running TDSE-SH-elliptical. step 23800, energy = -0.12202292726976771
  |->  par_lens = 277, 290, 281
[TDSE] Running TDSE-SH-elliptical. step 24000, energy = -0.21878107378512243
  |->  par_lens = 339, 332, 334
[TDSE] Running TDSE-SH-elliptical. step 24200, energy = -0.3826078212340357
  |->  par_lens = 385, 383, 384
[TDSE] Running TDSE-SH-elliptical. step 24400, energy = -0.42702715390979495
  |->  par_lens = 392, 392, 392
[TDSE] Running TDSE-SH-elliptical. step 24600, energy = -0.27542484231645514
  |->  par_lens = 388, 389, 387
[TDSE] Running TDSE-SH-elliptical. step 24800, energy = -0.10425289101908895
  |->  par_lens = 360, 363, 361
[TDSE] Running TDSE-SH-elliptical. step 25000, energy = -0.12957192862291453
  |->  par_lens = 364, 373, 365
[TDSE] Running TDSE-SH-elliptical. step 25200, energy = -0.2717276226629342
  |->  par_lens = 393, 395, 395
[TDSE] Running TDSE-SH-elliptical. step 25400, energy = -0.41299198329539105
  |->  par_lens = 406, 406, 405
[TDSE] Running TDSE-SH-elliptical. step 25600, energy = -0.35122180270066516
  |->  par_lens = 407, 405, 406
[TDSE] Running TDSE-SH-elliptical. step 25800, energy = -0.1503936609004355
  |->  par_lens = 400, 398, 399
[TDSE] Running TDSE-SH-elliptical. step 26000, energy = -0.05511499966963484
  |->  par_lens = 383, 384, 381
[TDSE] Running TDSE-SH-elliptical. step 26200, energy = -0.1636824580663971
  |->  par_lens = 401, 399, 399
[TDSE] Running TDSE-SH-elliptical. step 26400, energy = -0.33620970501501474
  |->  par_lens = 409, 408, 408
[TDSE] Running TDSE-SH-elliptical. step 26600, energy = -0.3983614962035392
  |->  par_lens = 409, 408, 408
[TDSE] Running TDSE-SH-elliptical. step 26800, energy = -0.2537049119327899
  |->  par_lens = 409, 408, 406
[TDSE] Running TDSE-SH-elliptical. step 27000, energy = -0.07467958522182178
  |->  par_lens = 409, 407, 407
[TDSE] Running TDSE-SH-elliptical. step 27200, energy = -0.09888260528693284
  |->  par_lens = 405, 407, 406
[TDSE] Running TDSE-SH-elliptical. step 27400, energy = -0.23278542479767175
  |->  par_lens = 408, 407, 408
[TDSE] Running TDSE-SH-elliptical. step 27600, energy = -0.3785328190313534
  |->  par_lens = 409, 408, 408
[TDSE] Running TDSE-SH-elliptical. step 27800, energy = -0.33417361250263783
  |->  par_lens = 409, 408, 408
[TDSE] Running TDSE-SH-elliptical. step 28000, energy = -0.15037219191962878
  |->  par_lens = 409, 408, 406
[TDSE] Running TDSE-SH-elliptical. step 28200, energy = -0.05924738743561257
  |->  par_lens = 408, 407, 407
[TDSE] Running TDSE-SH-elliptical. step 28400, energy = -0.15250851786943756
  |->  par_lens = 409, 408, 408
[TDSE] Running TDSE-SH-elliptical. step 28600, energy = -0.31010848080764336
  |->  par_lens = 409, 408, 408
[TDSE] Running TDSE-SH-elliptical. step 28800, energy = -0.37656867179338654
  |->  par_lens = 409, 408, 408
[TDSE] Running TDSE-SH-elliptical. step 29000, energy = -0.26011110870369575
  |->  par_lens = 409, 407, 408
[TDSE] Running TDSE-SH-elliptical. step 29200, energy = -0.11125590163768877
  |->  par_lens = 409, 408, 407
[TDSE] Running TDSE-SH-elliptical. step 29400, energy = -0.12391897294495864
  |->  par_lens = 409, 408, 407
[TDSE] Running TDSE-SH-elliptical. step 29600, energy = -0.23133130975252109
  |->  par_lens = 409, 408, 408
[TDSE] Running TDSE-SH-elliptical. step 29800, energy = -0.36197155099720585
  |->  par_lens = 409, 408, 408
[TDSE] Running TDSE-SH-elliptical. step 30000, energy = -0.3371203576369407
  |->  par_lens = 408, 408, 408
[TDSE] Running TDSE-SH-elliptical. step 30200, energy = -0.19656853228529217
  |->  par_lens = 409, 408, 408
[TDSE] Running TDSE-SH-elliptical. step 30400, energy = -0.12425683886099546
  |->  par_lens = 409, 408, 408
[TDSE] Running TDSE-SH-elliptical. step 30600, energy = -0.18561437097710173
  |->  par_lens = 409, 408, 408
[TDSE] Running TDSE-SH-elliptical. step 30800, energy = -0.3109805253116286
  |->  par_lens = 409, 408, 408
[TDSE] Running TDSE-SH-elliptical. step 31000, energy = -0.3725566215357379
  |->  par_lens = 409, 408, 408
[TDSE] Running TDSE-SH-elliptical. step 31200, energy = -0.29778744859186507
  |->  par_lens = 409, 408, 408
[TDSE] Running TDSE-SH-elliptical. step 31400, energy = -0.19593648136891714
  |->  par_lens = 409, 408, 408
[TDSE] Running TDSE-SH-elliptical. step 31600, energy = -0.19037018473930054
  |->  par_lens = 409, 408, 408
[TDSE] Running TDSE-SH-elliptical. step 31800, energy = -0.2732593108103288
  |->  par_lens = 409, 408, 408
[TDSE] Running TDSE-SH-elliptical. step 32000, energy = -0.368833999793572
  |->  par_lens = 409, 408, 408
[TDSE] Running TDSE-SH-elliptical. step 32200, energy = -0.3586228193965068
  |->  par_lens = 409, 408, 408
[TDSE] Running TDSE-SH-elliptical. step 32400, energy = -0.26793666886510814
  |->  par_lens = 409, 408, 408
[TDSE] Running TDSE-SH-elliptical. step 32600, energy = -0.22066690118661503
  |->  par_lens = 409, 408, 407
[TDSE] Running TDSE-SH-elliptical. step 32800, energy = -0.2563845831213442
  |->  par_lens = 409, 408, 408
[TDSE] Running TDSE-SH-elliptical. step 33000, energy = -0.3386007451978335
  |->  par_lens = 409, 408, 408
[TDSE] Running TDSE-SH-elliptical. step 33200, energy = -0.3831804025161078
  |->  par_lens = 409, 408, 408
[TDSE] Running TDSE-SH-elliptical. step 33400, energy = -0.3437768531529812
  |->  par_lens = 409, 408, 408
[TDSE] Running TDSE-SH-elliptical. step 33600, energy = -0.28437952895384966
  |->  par_lens = 409, 408, 408
[TDSE] Running TDSE-SH-elliptical. step 33800, energy = -0.2804469075956573
  |->  par_lens = 409, 408, 406
[TDSE] Running TDSE-SH-elliptical. step 34000, energy = -0.32548051541714423
  |->  par_lens = 409, 407, 408
[TDSE] Running TDSE-SH-elliptical. step 34200, energy = -0.380149543077813
  |->  par_lens = 408, 406, 406
[TDSE] Running TDSE-SH-elliptical. step 34400, energy = -0.3802321821523296
  |->  par_lens = 409, 406, 407
[TDSE] Running TDSE-SH-elliptical. step 34600, energy = -0.3378796805392199
  |->  par_lens = 409, 406, 408
[TDSE] Running TDSE-SH-elliptical. step 34800, energy = -0.3059090657712739
  |->  par_lens = 408, 407, 406
[TDSE] Running TDSE-SH-elliptical. step 35000, energy = -0.32573415005300654
  |->  par_lens = 407, 405, 406
[TDSE] Running TDSE-SH-elliptical. step 35200, energy = -0.366968524914703
  |->  par_lens = 406, 406, 407
[TDSE] Running TDSE-SH-elliptical. step 35400, energy = -0.3918382003054435
  |->  par_lens = 408, 406, 405
[TDSE] Running TDSE-SH-elliptical. step 35600, energy = -0.3784862726361009
  |->  par_lens = 406, 407, 405
[TDSE] Running TDSE-SH-elliptical. step 35800, energy = -0.3550358164108852
  |->  par_lens = 401, 401, 400
[TDSE] Running TDSE-SH-elliptical. step 36000, energy = -0.344367176183678
  |->  par_lens = 392, 394, 395
[TDSE] Running TDSE-SH-elliptical. step 36200, energy = -0.3728835567378138
  |->  par_lens = 392, 388, 391
[TDSE] Running TDSE-SH-elliptical. step 36400, energy = -0.39021845434911473
  |->  par_lens = 388, 392, 387
[TDSE] Running TDSE-SH-elliptical. step 36600, energy = -0.3944291966470676
  |->  par_lens = 387, 386, 381
[TDSE] Running TDSE-SH-elliptical. step 36800, energy = -0.3770956023116128
  |->  par_lens = 381, 381, 383
[TDSE] Running TDSE-SH-elliptical. step 37000, energy = -0.3681564265998924
  |->  par_lens = 380, 383, 379
[TDSE] Running TDSE-SH-elliptical. step 37200, energy = -0.3723769769791739
  |->  par_lens = 381, 383, 386
[TDSE] Running TDSE-SH-elliptical. step 37400, energy = -0.3878415793939134
  |->  par_lens = 380, 385, 382
[TDSE] Running TDSE-SH-elliptical. step 37600, energy = -0.39877301621766137
  |->  par_lens = 383, 383, 379
[TDSE] Running TDSE-SH-elliptical. step 37800, energy = -0.39586383463730834
  |->  par_lens = 378, 377, 376
[TDSE] Running TDSE-SH-elliptical. step 38000, energy = -0.3882408253593023
  |->  par_lens = 369, 372, 366
[TDSE] Running TDSE-SH-elliptical. step 38200, energy = -0.3892512875380741
  |->  par_lens = 370, 364, 364
[TDSE] Running TDSE-SH-elliptical. step 38400, energy = -0.39151607800921734
  |->  par_lens = 358, 361, 354
[TDSE] Running TDSE-SH-elliptical. step 38600, energy = -0.3997199252482071
  |->  par_lens = 353, 352, 349
[TDSE] Running TDSE-SH-elliptical. step 38800, energy = -0.3993444747896686
  |->  par_lens = 345, 348, 346
[TDSE] Running TDSE-SH-elliptical. step 39000, energy = -0.39666449590890207
  |->  par_lens = 347, 345, 342
[TDSE] Running TDSE-SH-elliptical. step 39200, energy = -0.3947524611309616
  |->  par_lens = 347, 345, 348
[TDSE] Running TDSE-SH-elliptical. step 39400, energy = -0.3949838631996132
  |->  par_lens = 347, 348, 350
[TDSE] Running TDSE-SH-elliptical. step 39600, energy = -0.39933817808391997
  |->  par_lens = 348, 348, 351
[TDSE] Running TDSE-SH-elliptical. step 39800, energy = -0.40046819176069043
  |->  par_lens = 347, 349, 350
[TDSE] Running TDSE-SH-elliptical. step 40000, energy = -0.40141389703787594
  |->  par_lens = 347, 347, 348
[TDSE] Running TDSE-SH-elliptical. step 40200, energy = -0.4009750364304375
  |->  par_lens = 345, 343, 346
[TDSE] Running TDSE-SH-elliptical. step 40400, energy = -0.4007091347299234
  |->  par_lens = 340, 342, 343
[TDSE] Running TDSE-SH-elliptical. step 40600, energy = -0.4017594428982533
  |->  par_lens = 337, 338, 337
[TDSE] Running TDSE-SH-elliptical. step 40800, energy = -0.4020305264214947
  |->  par_lens = 331, 331, 330
[TDSE] Running TDSE-SH-elliptical. step 41000, energy = -0.4022696730839275
  |->  par_lens = 327, 330, 323
[TDSE] Running TDSE-SH-elliptical. step 41200, energy = -0.40250879367191367
  |->  par_lens = 324, 323, 321
[TDSE] Running TDSE-SH-elliptical. step 41400, energy = -0.4022465796069372
  |->  par_lens = 319, 316, 315
[TDSE] Running TDSE-SH-elliptical. step 41600, energy = -0.40285135467602917
  |->  par_lens = 312, 308, 314
[TDSE] Running TDSE-SH-elliptical. step 41800, energy = -0.40307265094041134
  |->  par_lens = 300, 300, 307
[TDSE] Running TDSE-SH-elliptical. step 42000, energy = -0.4034975074453224
  |->  par_lens = 296, 294, 297
[TDSE] Running TDSE-SH-elliptical. step 42200, energy = -0.4037256594829547
  |->  par_lens = 295, 291, 294
[TDSE] Running TDSE-SH-elliptical. step 42400, energy = -0.4041730049841968
  |->  par_lens = 290, 288, 294
[TDSE] Running TDSE-SH-elliptical. step 42600, energy = -0.4044174045141227
  |->  par_lens = 287, 287, 291
[TDSE] Running TDSE-SH-elliptical. step 42800, energy = -0.40467558555220584
  |->  par_lens = 285, 287, 286
[TDSE] Running TDSE-SH-elliptical. step 43000, energy = -0.4050250556748953
  |->  par_lens = 283, 285, 284
[TDSE] Running TDSE-SH-elliptical. step 43200, energy = -0.40533869647870174
  |->  par_lens = 281, 281, 280
[TDSE] Running TDSE-SH-elliptical. step 43400, energy = -0.4056712571677301
  |->  par_lens = 281, 281, 280
[TDSE] Running TDSE-SH-elliptical. step 43600, energy = -0.4059698885130248
  |->  par_lens = 279, 279, 278
[TDSE] Running TDSE-SH-elliptical. step 43800, energy = -0.40635175505320265
  |->  par_lens = 279, 276, 276
[TDSE] Running TDSE-SH-elliptical. step 44000, energy = -0.4066087884143051
  |->  par_lens = 275, 276, 275
[TDSE] Running TDSE-SH-elliptical. step 44200, energy = -0.40714620196337553
  |->  par_lens = 273, 270, 274
[TDSE] Running TDSE-SH-elliptical. step 44400, energy = -0.4074577523026001
  |->  par_lens = 272, 270, 273
[TDSE] Running TDSE-SH-elliptical. step 44600, energy = -0.40795782645592354
  |->  par_lens = 270, 269, 271
[TDSE] Running TDSE-SH-elliptical. step 44800, energy = -0.4080209500189748
  |->  par_lens = 269, 269, 269
[TDSE] Running TDSE-SH-elliptical. step 45000, energy = -0.40829279081560693
  |->  par_lens = 265, 265, 265
