  Activating project at `~/JuliaProp_v0.1`
[ITP]: 10000.471108571397
[ITP]: 0.022107823405609905
[ITP]: 0.004976805475414736
[ITP]: 0.0021058954092971205
[ITP]: 0.001084104546129061
[ITP]: 0.0006160870179273692
[ITP]: 0.0003714642087823128
[ITP]: 0.00023286611963801995
[ITP]: 0.0001500123428329614
[ITP]: 9.857967926441003e-5
[ITP]: 6.57601184761436e-5
[ITP]: 4.43786526744816e-5
[ITP]: 3.022437766897479e-5
[ITP]: 2.0735965556739622e-5
[ITP]: 1.4311264988853267e-5
[ITP]: 9.92563006574354e-6
[ITP]: 6.9119921211058255e-6
[ITP]: 4.82976755122877e-6
[ITP]: 3.384510666504248e-6
[ITP]: 2.3775199649023193e-6
[ITP]: 1.6736194445865493e-6
[ITP]: 1.1802274751948616e-6
[ITP]: 8.335748883370186e-7
[ITP]: 5.895273362810372e-7
[ITP]: 4.174150680658073e-7
[ITP]: 2.958509506267859e-7
[ITP]: 2.098764437796774e-7
[ITP]: 1.4900242706339384e-7
[ITP]: 1.0585745457980522e-7
[ITP]: 7.525113565609587e-8
[ITP]: 5.352267851144177e-8
[ITP]: 3.808635307134267e-8
[ITP]: 2.7113442158110956e-8
[ITP]: 1.9309163601377577e-8
[ITP]: 1.3755872219078924e-8
[ITP]: 9.802639699962867e-9
Energy of ground state: -0.5030607411950042
[TDSE] Start TDSE-SH for elliptical polarized laser. It may cost a plenty of time.
[TDSE] Running TDSE-SH-elliptical. step 0, energy = -0.5030607411950033
  |->  par_lens = 1, 1, 1
[TDSE] Running TDSE-SH-elliptical. step 200, energy = -0.503060741194862
  |->  par_lens = 1, 1, 1
[TDSE] Running TDSE-SH-elliptical. step 400, energy = -0.5030607411947134
  |->  par_lens = 1, 1, 2
[TDSE] Running TDSE-SH-elliptical. step 600, energy = -0.5030607411944212
  |->  par_lens = 1, 1, 2
[TDSE] Running TDSE-SH-elliptical. step 800, energy = -0.5030607411935902
  |->  par_lens = 1, 1, 2
[TDSE] Running TDSE-SH-elliptical. step 1000, energy = -0.5030607411910225
  |->  par_lens = 1, 1, 2
[TDSE] Running TDSE-SH-elliptical. step 1200, energy = -0.5030607411845501
  |->  par_lens = 1, 1, 2
[TDSE] Running TDSE-SH-elliptical. step 1400, energy = -0.5030607411700009
  |->  par_lens = 1, 1, 2
[TDSE] Running TDSE-SH-elliptical. step 1600, energy = -0.5030607411415035
  |->  par_lens = 1, 1, 2
[TDSE] Running TDSE-SH-elliptical. step 1800, energy = -0.5030607410893596
  |->  par_lens = 1, 1, 2
[TDSE] Running TDSE-SH-elliptical. step 2000, energy = -0.503060741001563
  |->  par_lens = 1, 1, 2
[TDSE] Running TDSE-SH-elliptical. step 2200, energy = -0.5030607408601221
  |->  par_lens = 1, 1, 2
[TDSE] Running TDSE-SH-elliptical. step 2400, energy = -0.5030607406447043
  |->  par_lens = 1, 1, 2
[TDSE] Running TDSE-SH-elliptical. step 2600, energy = -0.5030607403263228
  |->  par_lens = 1, 1, 2
[TDSE] Running TDSE-SH-elliptical. step 2800, energy = -0.5030607398749003
  |->  par_lens = 1, 1, 2
[TDSE] Running TDSE-SH-elliptical. step 3000, energy = -0.5030607392470529
  |->  par_lens = 1, 1, 2
[TDSE] Running TDSE-SH-elliptical. step 3200, energy = -0.5030607384046277
  |->  par_lens = 1, 1, 2
[TDSE] Running TDSE-SH-elliptical. step 3400, energy = -0.5030607372854359
  |->  par_lens = 1, 1, 2
[TDSE] Running TDSE-SH-elliptical. step 3600, energy = -0.5030607358444551
  |->  par_lens = 1, 1, 2
[TDSE] Running TDSE-SH-elliptical. step 3800, energy = -0.5030607340018393
  |->  par_lens = 1, 1, 2
[TDSE] Running TDSE-SH-elliptical. step 4000, energy = -0.5030607317071223
  |->  par_lens = 1, 1, 2
[TDSE] Running TDSE-SH-elliptical. step 4200, energy = -0.5030607288558301
  |->  par_lens = 1, 1, 2
[TDSE] Running TDSE-SH-elliptical. step 4400, energy = -0.5030607254069608
  |->  par_lens = 1, 1, 2
[TDSE] Running TDSE-SH-elliptical. step 4600, energy = -0.5030607212312389
  |->  par_lens = 1, 1, 2
[TDSE] Running TDSE-SH-elliptical. step 4800, energy = -0.503060716280546
  |->  par_lens = 1, 2, 2
[TDSE] Running TDSE-SH-elliptical. step 5000, energy = -0.5030607104342295
  |->  par_lens = 1, 2, 2
[TDSE] Running TDSE-SH-elliptical. step 5200, energy = -0.5030607036287984
  |->  par_lens = 2, 2, 2
[TDSE] Running TDSE-SH-elliptical. step 5400, energy = -0.5030606957425371
  |->  par_lens = 2, 2, 2
[TDSE] Running TDSE-SH-elliptical. step 5600, energy = -0.5030606867126692
  |->  par_lens = 2, 2, 2
[TDSE] Running TDSE-SH-elliptical. step 5800, energy = -0.5030606764464273
  |->  par_lens = 2, 2, 2
[TDSE] Running TDSE-SH-elliptical. step 6000, energy = -0.5030606648255079
  |->  par_lens = 2, 2, 2
[TDSE] Running TDSE-SH-elliptical. step 6200, energy = -0.5030606518585801
  |->  par_lens = 2, 2, 2
[TDSE] Running TDSE-SH-elliptical. step 6400, energy = -0.5030606373355405
  |->  par_lens = 2, 2, 2
[TDSE] Running TDSE-SH-elliptical. step 6600, energy = -0.5030606213575042
  |->  par_lens = 2, 2, 2
[TDSE] Running TDSE-SH-elliptical. step 6800, energy = -0.5030606037053884
  |->  par_lens = 2, 2, 2
[TDSE] Running TDSE-SH-elliptical. step 7000, energy = -0.5030605845046411
  |->  par_lens = 2, 2, 2
[TDSE] Running TDSE-SH-elliptical. step 7200, energy = -0.5030605634728406
  |->  par_lens = 2, 2, 2
[TDSE] Running TDSE-SH-elliptical. step 7400, energy = -0.5030605409496196
  |->  par_lens = 2, 2, 2
[TDSE] Running TDSE-SH-elliptical. step 7600, energy = -0.5030605165184744
  |->  par_lens = 2, 2, 2
[TDSE] Running TDSE-SH-elliptical. step 7800, energy = -0.5030604904897351
  |->  par_lens = 2, 2, 2
[TDSE] Running TDSE-SH-elliptical. step 8000, energy = -0.5030604626916276
  |->  par_lens = 2, 2, 2
[TDSE] Running TDSE-SH-elliptical. step 8200, energy = -0.5030604333270924
  |->  par_lens = 2, 2, 2
[TDSE] Running TDSE-SH-elliptical. step 8400, energy = -0.5030604021892316
  |->  par_lens = 2, 2, 2
[TDSE] Running TDSE-SH-elliptical. step 8600, energy = -0.5030603695751742
  |->  par_lens = 2, 2, 2
[TDSE] Running TDSE-SH-elliptical. step 8800, energy = -0.503060335437974
  |->  par_lens = 2, 2, 2
[TDSE] Running TDSE-SH-elliptical. step 9000, energy = -0.5030602998135919
  |->  par_lens = 2, 2, 2
[TDSE] Running TDSE-SH-elliptical. step 9200, energy = -0.5030602629680273
  |->  par_lens = 2, 2, 2
[TDSE] Running TDSE-SH-elliptical. step 9400, energy = -0.5030602246949535
  |->  par_lens = 2, 2, 2
[TDSE] Running TDSE-SH-elliptical. step 9600, energy = -0.5030601855097625
  |->  par_lens = 2, 2, 2
[TDSE] Running TDSE-SH-elliptical. step 9800, energy = -0.5030601451674725
  |->  par_lens = 2, 2, 2
[TDSE] Running TDSE-SH-elliptical. step 10000, energy = -0.5030601040978189
  |->  par_lens = 2, 2, 2
[TDSE] Running TDSE-SH-elliptical. step 10200, energy = -0.5030600285807753
  |->  par_lens = 2, 2, 2
[TDSE] Running TDSE-SH-elliptical. step 10400, energy = -0.5030595817474011
  |->  par_lens = 2, 2, 2
[TDSE] Running TDSE-SH-elliptical. step 10600, energy = -0.5030590604198075
  |->  par_lens = 2, 2, 2
[TDSE] Running TDSE-SH-elliptical. step 10800, energy = -0.5030595863976877
  |->  par_lens = 2, 2, 2
[TDSE] Running TDSE-SH-elliptical. step 11000, energy = -0.5030561629582195
  |->  par_lens = 2, 2, 2
[TDSE] Running TDSE-SH-elliptical. step 11200, energy = -0.5030275025486266
  |->  par_lens = 4, 3, 3
[TDSE] Running TDSE-SH-elliptical. step 11400, energy = -0.5029552521510721
  |->  par_lens = 4, 3, 3
[TDSE] Running TDSE-SH-elliptical. step 11600, energy = -0.5028774888790706
  |->  par_lens = 5, 4, 4
[TDSE] Running TDSE-SH-elliptical. step 11800, energy = -0.5028881927954904
  |->  par_lens = 4, 4, 4
[TDSE] Running TDSE-SH-elliptical. step 12000, energy = -0.5029749758147452
  |->  par_lens = 4, 4, 3
[TDSE] Running TDSE-SH-elliptical. step 12200, energy = -0.5028857169976259
  |->  par_lens = 4, 4, 4
[TDSE] Running TDSE-SH-elliptical. step 12400, energy = -0.5023296874599221
  |->  par_lens = 5, 5, 6
[TDSE] Running TDSE-SH-elliptical. step 12600, energy = -0.5014957944485787
  |->  par_lens = 7, 7, 7
[TDSE] Running TDSE-SH-elliptical. step 12800, energy = -0.5011495594422437
  |->  par_lens = 7, 7, 7
[TDSE] Running TDSE-SH-elliptical. step 13000, energy = -0.5018000163647748
  |->  par_lens = 6, 6, 7
[TDSE] Running TDSE-SH-elliptical. step 13200, energy = -0.5026210383326715
  |->  par_lens = 6, 5, 6
[TDSE] Running TDSE-SH-elliptical. step 13400, energy = -0.5019015611143195
  |->  par_lens = 6, 6, 7
[TDSE] Running TDSE-SH-elliptical. step 13600, energy = -0.4991653868003049
  |->  par_lens = 9, 9, 8
[TDSE] Running TDSE-SH-elliptical. step 13800, energy = -0.49660085157635686
  |->  par_lens = 10, 10, 10
[TDSE] Running TDSE-SH-elliptical. step 14000, energy = -0.4971366231817858
  |->  par_lens = 10, 10, 10
[TDSE] Running TDSE-SH-elliptical. step 14200, energy = -0.5003394321406139
  |->  par_lens = 11, 11, 12
[TDSE] Running TDSE-SH-elliptical. step 14400, energy = -0.5015068020926906
  |->  par_lens = 12, 11, 12
[TDSE] Running TDSE-SH-elliptical. step 14600, energy = -0.4965451145552706
  |->  par_lens = 11, 12, 11
[TDSE] Running TDSE-SH-elliptical. step 14800, energy = -0.4882225459746253
  |->  par_lens = 15, 13, 14
[TDSE] Running TDSE-SH-elliptical. step 15000, energy = -0.4848012109560733
  |->  par_lens = 17, 17, 16
[TDSE] Running TDSE-SH-elliptical. step 15200, energy = -0.49076473645257296
  |->  par_lens = 18, 18, 18
[TDSE] Running TDSE-SH-elliptical. step 15400, energy = -0.4990069453297273
  |->  par_lens = 20, 20, 21
[TDSE] Running TDSE-SH-elliptical. step 15600, energy = -0.4969976493034273
  |->  par_lens = 21, 20, 21
[TDSE] Running TDSE-SH-elliptical. step 15800, energy = -0.4819442666232866
  |->  par_lens = 19, 19, 19
[TDSE] Running TDSE-SH-elliptical. step 16000, energy = -0.4676208794509739
  |->  par_lens = 25, 23, 23
[TDSE] Running TDSE-SH-elliptical. step 16200, energy = -0.47011340453792955
  |->  par_lens = 28, 28, 27
[TDSE] Running TDSE-SH-elliptical. step 16400, energy = -0.4873983181878129
  |->  par_lens = 32, 32, 32
[TDSE] Running TDSE-SH-elliptical. step 16600, energy = -0.49683843337967004
  |->  par_lens = 34, 33, 33
[TDSE] Running TDSE-SH-elliptical. step 16800, energy = -0.48020074784223926
  |->  par_lens = 35, 35, 34
[TDSE] Running TDSE-SH-elliptical. step 17000, energy = -0.4488521067081834
  |->  par_lens = 34, 30, 32
[TDSE] Running TDSE-SH-elliptical. step 17200, energy = -0.4356222175496493
  |->  par_lens = 40, 41, 40
[TDSE] Running TDSE-SH-elliptical. step 17400, energy = -0.4563606925824181
  |->  par_lens = 49, 50, 49
[TDSE] Running TDSE-SH-elliptical. step 17600, energy = -0.4874400999797843
  |->  par_lens = 59, 56, 56
[TDSE] Running TDSE-SH-elliptical. step 17800, energy = -0.48631350818674274
  |->  par_lens = 59, 57, 58
[TDSE] Running TDSE-SH-elliptical. step 18000, energy = -0.4437070524923713
  |->  par_lens = 52, 51, 54
[TDSE] Running TDSE-SH-elliptical. step 18200, energy = -0.4019459574584702
  |->  par_lens = 51, 51, 49
[TDSE] Running TDSE-SH-elliptical. step 18400, energy = -0.40756341566208004
  |->  par_lens = 68, 69, 69
[TDSE] Running TDSE-SH-elliptical. step 18600, energy = -0.4557550920059753
  |->  par_lens = 84, 85, 84
[TDSE] Running TDSE-SH-elliptical. step 18800, energy = -0.4869880951108311
  |->  par_lens = 90, 91, 92
[TDSE] Running TDSE-SH-elliptical. step 19000, energy = -0.45183202230913666
  |->  par_lens = 93, 90, 91
[TDSE] Running TDSE-SH-elliptical. step 19200, energy = -0.37827918211848993
  |->  par_lens = 78, 75, 71
[TDSE] Running TDSE-SH-elliptical. step 19400, energy = -0.34680549752203255
  |->  par_lens = 89, 87, 82
[TDSE] Running TDSE-SH-elliptical. step 19600, energy = -0.3909167616206078
  |->  par_lens = 116, 114, 113
[TDSE] Running TDSE-SH-elliptical. step 19800, energy = -0.4644481091374968
  |->  par_lens = 138, 134, 135
[TDSE] Running TDSE-SH-elliptical. step 20000, energy = -0.47042552027384416
  |->  par_lens = 141, 140, 141
[TDSE] Running TDSE-SH-elliptical. step 20200, energy = -0.386658445043777
  |->  par_lens = 143, 139, 141
[TDSE] Running TDSE-SH-elliptical. step 20400, energy = -0.3024363142412993
  |->  par_lens = 109, 112, 113
[TDSE] Running TDSE-SH-elliptical. step 20600, energy = -0.3128299695947332
  |->  par_lens = 140, 138, 138
[TDSE] Running TDSE-SH-elliptical. step 20800, energy = -0.4025356412757823
  |->  par_lens = 178, 180, 180
[TDSE] Running TDSE-SH-elliptical. step 21000, energy = -0.47127649260154225
  |->  par_lens = 200, 198, 196
[TDSE] Running TDSE-SH-elliptical. step 21200, energy = -0.41639789666964716
  |->  par_lens = 201, 202, 200
[TDSE] Running TDSE-SH-elliptical. step 21400, energy = -0.2874426932940788
  |->  par_lens = 177, 176, 175
[TDSE] Running TDSE-SH-elliptical. step 21600, energy = -0.23302498327458285
  |->  par_lens = 164, 158, 162
[TDSE] Running TDSE-SH-elliptical. step 21800, energy = -0.30374541000432737
  |->  par_lens = 220, 214, 214
[TDSE] Running TDSE-SH-elliptical. step 22000, energy = -0.4291648071163783
  |->  par_lens = 265, 265, 262
[TDSE] Running TDSE-SH-elliptical. step 22200, energy = -0.4514373027428719
  |->  par_lens = 275, 274, 276
[TDSE] Running TDSE-SH-elliptical. step 22400, energy = -0.3238532297596376
  |->  par_lens = 268, 264, 266
[TDSE] Running TDSE-SH-elliptical. step 22600, energy = -0.1907982809898551
  |->  par_lens = 225, 223, 228
[TDSE] Running TDSE-SH-elliptical. step 22800, energy = -0.21003697518550757
  |->  par_lens = 248, 246, 241
[TDSE] Running TDSE-SH-elliptical. step 23000, energy = -0.3349106205655415
  |->  par_lens = 310, 311, 307
[TDSE] Running TDSE-SH-elliptical. step 23200, energy = -0.44714129079950443
  |->  par_lens = 341, 341, 346
[TDSE] Running TDSE-SH-elliptical. step 23400, energy = -0.3820156463464286
  |->  par_lens = 344, 344, 343
[TDSE] Running TDSE-SH-elliptical. step 23600, energy = -0.20148185746574246
  |->  par_lens = 303, 304, 312
[TDSE] Running TDSE-SH-elliptical. step 23800, energy = -0.1238816477647984
  |->  par_lens = 278, 281, 279
[TDSE] Running TDSE-SH-elliptical. step 24000, energy = -0.22035882478274882
  |->  par_lens = 337, 340, 340
[TDSE] Running TDSE-SH-elliptical. step 24200, energy = -0.38340750765598486
  |->  par_lens = 406, 404, 406
[TDSE] Running TDSE-SH-elliptical. step 24400, energy = -0.42674679430713697
  |->  par_lens = 422, 419, 420
[TDSE] Running TDSE-SH-elliptical. step 24600, energy = -0.2740594321909743
  |->  par_lens = 410, 403, 408
[TDSE] Running TDSE-SH-elliptical. step 24800, energy = -0.10220987591531841
  |->  par_lens = 366, 351, 358
[TDSE] Running TDSE-SH-elliptical. step 25000, energy = -0.1275775374308023
  |->  par_lens = 365, 365, 359
[TDSE] Running TDSE-SH-elliptical. step 25200, energy = -0.27025992096680107
  |->  par_lens = 430, 429, 431
[TDSE] Running TDSE-SH-elliptical. step 25400, energy = -0.41264690566527723
  |->  par_lens = 470, 472, 470
[TDSE] Running TDSE-SH-elliptical. step 25600, energy = -0.3521448550620712
  |->  par_lens = 470, 472, 472
[TDSE] Running TDSE-SH-elliptical. step 25800, energy = -0.1523604574729265
  |->  par_lens = 443, 442, 441
[TDSE] Running TDSE-SH-elliptical. step 26000, energy = -0.05745433272260275
  |->  par_lens = 433, 431, 424
[TDSE] Running TDSE-SH-elliptical. step 26200, energy = -0.16568187685347638
  |->  par_lens = 452, 455, 450
[TDSE] Running TDSE-SH-elliptical. step 26400, energy = -0.337283223720965
  |->  par_lens = 499, 496, 497
[TDSE] Running TDSE-SH-elliptical. step 26600, energy = -0.3981194529329732
  |->  par_lens = 510, 509, 507
[TDSE] Running TDSE-SH-elliptical. step 26800, energy = -0.25213734627759726
  |->  par_lens = 507, 502, 505
[TDSE] Running TDSE-SH-elliptical. step 27000, energy = -0.07228517193298693
  |->  par_lens = 491, 495, 483
[TDSE] Running TDSE-SH-elliptical. step 27200, energy = -0.0965281627023448
  |->  par_lens = 487, 496, 494
[TDSE] Running TDSE-SH-elliptical. step 27400, energy = -0.23101926767632072
  |->  par_lens = 506, 508, 509
[TDSE] Running TDSE-SH-elliptical. step 27600, energy = -0.3780511460546757
  |->  par_lens = 520, 523, 522
[TDSE] Running TDSE-SH-elliptical. step 27800, energy = -0.3351378413493059
  |->  par_lens = 522, 525, 521
[TDSE] Running TDSE-SH-elliptical. step 28000, energy = -0.15252830602404302
  |->  par_lens = 515, 510, 515
[TDSE] Running TDSE-SH-elliptical. step 28200, energy = -0.06184524068249951
  |->  par_lens = 499, 490, 492
[TDSE] Running TDSE-SH-elliptical. step 28400, energy = -0.15473889399929347
  |->  par_lens = 508, 512, 514
[TDSE] Running TDSE-SH-elliptical. step 28600, energy = -0.3113554395489917
  |->  par_lens = 532, 528, 528
[TDSE] Running TDSE-SH-elliptical. step 28800, energy = -0.3763877925592111
  |->  par_lens = 535, 531, 534
[TDSE] Running TDSE-SH-elliptical. step 29000, energy = -0.25848080974384496
  |->  par_lens = 533, 532, 531
[TDSE] Running TDSE-SH-elliptical. step 29200, energy = -0.10877715524740357
  |->  par_lens = 523, 523, 526
[TDSE] Running TDSE-SH-elliptical. step 29400, energy = -0.12140335197796479
  |->  par_lens = 525, 520, 524
[TDSE] Running TDSE-SH-elliptical. step 29600, energy = -0.22944388490280596
  |->  par_lens = 542, 535, 536
[TDSE] Running TDSE-SH-elliptical. step 29800, energy = -0.361411967322985
  |->  par_lens = 541, 541, 544
[TDSE] Running TDSE-SH-elliptical. step 30000, energy = -0.33804360696735913
  |->  par_lens = 543, 541, 546
[TDSE] Running TDSE-SH-elliptical. step 30200, energy = -0.19873431826865537
  |->  par_lens = 540, 541, 541
[TDSE] Running TDSE-SH-elliptical. step 30400, energy = -0.12683337429491603
  |->  par_lens = 530, 532, 531
[TDSE] Running TDSE-SH-elliptical. step 30600, energy = -0.18794289700689168
  |->  par_lens = 547, 539, 537
[TDSE] Running TDSE-SH-elliptical. step 30800, energy = -0.3122606170820996
  |->  par_lens = 551, 546, 547
[TDSE] Running TDSE-SH-elliptical. step 31000, energy = -0.37243108904968225
  |->  par_lens = 550, 547, 548
[TDSE] Running TDSE-SH-elliptical. step 31200, energy = -0.29629287811995214
  |->  par_lens = 549, 546, 549
[TDSE] Running TDSE-SH-elliptical. step 31400, energy = -0.19349186620412073
  |->  par_lens = 543, 537, 534
[TDSE] Running TDSE-SH-elliptical. step 31600, energy = -0.18796107541926046
  |->  par_lens = 530, 533, 529
[TDSE] Running TDSE-SH-elliptical. step 31800, energy = -0.27138614819885853
  |->  par_lens = 542, 545, 541
[TDSE] Running TDSE-SH-elliptical. step 32000, energy = -0.36827416518373524
  |->  par_lens = 548, 546, 546
[TDSE] Running TDSE-SH-elliptical. step 32200, energy = -0.35943206786930587
  |->  par_lens = 547, 543, 547
[TDSE] Running TDSE-SH-elliptical. step 32400, energy = -0.2699688767785871
  |->  par_lens = 547, 543, 545
[TDSE] Running TDSE-SH-elliptical. step 32600, energy = -0.2230600760429707
  |->  par_lens = 546, 534, 537
[TDSE] Running TDSE-SH-elliptical. step 32800, energy = -0.2586539249687129
  |->  par_lens = 545, 544, 543
[TDSE] Running TDSE-SH-elliptical. step 33000, energy = -0.33989822328020913
  |->  par_lens = 550, 547, 544
[TDSE] Running TDSE-SH-elliptical. step 33200, energy = -0.38319144191024107
  |->  par_lens = 554, 548, 547
[TDSE] Running TDSE-SH-elliptical. step 33400, energy = -0.34243193466331884
  |->  par_lens = 552, 546, 546
[TDSE] Running TDSE-SH-elliptical. step 33600, energy = -0.28218105125154985
  |->  par_lens = 548, 540, 539
[TDSE] Running TDSE-SH-elliptical. step 33800, energy = -0.27822746124191433
  |->  par_lens = 537, 541, 538
[TDSE] Running TDSE-SH-elliptical. step 34000, energy = -0.3237686207201386
  |->  par_lens = 545, 543, 541
[TDSE] Running TDSE-SH-elliptical. step 34200, energy = -0.3795544515154355
  |->  par_lens = 546, 545, 544
[TDSE] Running TDSE-SH-elliptical. step 34400, energy = -0.380883895000857
  |->  par_lens = 545, 544, 544
[TDSE] Running TDSE-SH-elliptical. step 34600, energy = -0.33958377841647286
  |->  par_lens = 537, 539, 533
[TDSE] Running TDSE-SH-elliptical. step 34800, energy = -0.3080713485850012
  |->  par_lens = 533, 533, 535
[TDSE] Running TDSE-SH-elliptical. step 35000, energy = -0.3277293507087241
  |->  par_lens = 532, 529, 529
[TDSE] Running TDSE-SH-elliptical. step 35200, energy = -0.3681088784574975
  |->  par_lens = 532, 524, 532
[TDSE] Running TDSE-SH-elliptical. step 35400, energy = -0.39189811846832673
  |->  par_lens = 535, 525, 531
[TDSE] Running TDSE-SH-elliptical. step 35600, energy = -0.3774884770449583
  |->  par_lens = 531, 522, 522
[TDSE] Running TDSE-SH-elliptical. step 35800, energy = -0.35338584995961503
  |->  par_lens = 516, 506, 507
[TDSE] Running TDSE-SH-elliptical. step 36000, energy = -0.34248508180591497
  |->  par_lens = 490, 479, 489
[TDSE] Running TDSE-SH-elliptical. step 36200, energy = -0.37161424240806307
  |->  par_lens = 480, 471, 466
[TDSE] Running TDSE-SH-elliptical. step 36400, energy = -0.3896085797711611
  |->  par_lens = 471, 461, 454
[TDSE] Running TDSE-SH-elliptical. step 36600, energy = -0.39483272288246446
  |->  par_lens = 461, 448, 438
[TDSE] Running TDSE-SH-elliptical. step 36800, energy = -0.37834256315484954
  |->  par_lens = 439, 430, 414
[TDSE] Running TDSE-SH-elliptical. step 37000, energy = -0.36956477516036046
  |->  par_lens = 414, 398, 402
[TDSE] Running TDSE-SH-elliptical. step 37200, energy = -0.3738865282630535
  |->  par_lens = 394, 395, 384
[TDSE] Running TDSE-SH-elliptical. step 37400, energy = -0.3886773879683497
  |->  par_lens = 383, 375, 377
[TDSE] Running TDSE-SH-elliptical. step 37600, energy = -0.3988845586663196
  |->  par_lens = 374, 369, 372
[TDSE] Running TDSE-SH-elliptical. step 37800, energy = -0.39535797792938776
  |->  par_lens = 354, 362, 361
[TDSE] Running TDSE-SH-elliptical. step 38000, energy = -0.38720062142787637
  |->  par_lens = 337, 340, 339
[TDSE] Running TDSE-SH-elliptical. step 38200, energy = -0.38816904794071105
  |->  par_lens = 301, 316, 307
[TDSE] Running TDSE-SH-elliptical. step 38400, energy = -0.39064231396673743
  |->  par_lens = 284, 289, 280
[TDSE] Running TDSE-SH-elliptical. step 38600, energy = -0.3994136826890031
  |->  par_lens = 270, 282, 276
[TDSE] Running TDSE-SH-elliptical. step 38800, energy = -0.39950595460519145
  |->  par_lens = 267, 272, 268
[TDSE] Running TDSE-SH-elliptical. step 39000, energy = -0.39725570797054754
  |->  par_lens = 259, 264, 257
[TDSE] Running TDSE-SH-elliptical. step 39200, energy = -0.39553993512436797
  |->  par_lens = 254, 249, 247
[TDSE] Running TDSE-SH-elliptical. step 39400, energy = -0.3957005294105521
  |->  par_lens = 252, 252, 251
[TDSE] Running TDSE-SH-elliptical. step 39600, energy = -0.399761909934883
  |->  par_lens = 253, 252, 255
[TDSE] Running TDSE-SH-elliptical. step 39800, energy = -0.40067265649300976
  |->  par_lens = 250, 250, 252
[TDSE] Running TDSE-SH-elliptical. step 40000, energy = -0.40123341581938216
  |->  par_lens = 248, 249, 245
[TDSE] Running TDSE-SH-elliptical. step 40200, energy = -0.4006808636133038
  |->  par_lens = 245, 242, 246
[TDSE] Running TDSE-SH-elliptical. step 40400, energy = -0.4003126714683438
  |->  par_lens = 239, 241, 239
[TDSE] Running TDSE-SH-elliptical. step 40600, energy = -0.4015177707143778
  |->  par_lens = 232, 237, 235
[TDSE] Running TDSE-SH-elliptical. step 40800, energy = -0.401854119086323
  |->  par_lens = 230, 227, 224
[TDSE] Running TDSE-SH-elliptical. step 41000, energy = -0.4023607344069369
  |->  par_lens = 220, 220, 219
[TDSE] Running TDSE-SH-elliptical. step 41200, energy = -0.4025978092560076
  |->  par_lens = 220, 216, 218
[TDSE] Running TDSE-SH-elliptical. step 41400, energy = -0.40247932111021606
  |->  par_lens = 213, 216, 216
[TDSE] Running TDSE-SH-elliptical. step 41600, energy = -0.4029649657682296
  |->  par_lens = 214, 216, 214
[TDSE] Running TDSE-SH-elliptical. step 41800, energy = -0.40321760307773696
  |->  par_lens = 212, 214, 211
[TDSE] Running TDSE-SH-elliptical. step 42000, energy = -0.40356831464312365
  |->  par_lens = 211, 213, 211
[TDSE] Running TDSE-SH-elliptical. step 42200, energy = -0.40383733716222353
  |->  par_lens = 209, 212, 210
[TDSE] Running TDSE-SH-elliptical. step 42400, energy = -0.4041521894574424
  |->  par_lens = 209, 212, 208
[TDSE] Running TDSE-SH-elliptical. step 42600, energy = -0.40444148482996545
  |->  par_lens = 208, 209, 206
[TDSE] Running TDSE-SH-elliptical. step 42800, energy = -0.40474302540221424
  |->  par_lens = 205, 207, 205
[TDSE] Running TDSE-SH-elliptical. step 43000, energy = -0.4050597996926555
  |->  par_lens = 203, 205, 203
[TDSE] Running TDSE-SH-elliptical. step 43200, energy = -0.4053720341928939
  |->  par_lens = 202, 203, 203
[TDSE] Running TDSE-SH-elliptical. step 43400, energy = -0.40570372913789254
  |->  par_lens = 201, 202, 203
[TDSE] Running TDSE-SH-elliptical. step 43600, energy = -0.4060247819437263
  |->  par_lens = 200, 199, 201
[TDSE] Running TDSE-SH-elliptical. step 43800, energy = -0.4063647571671727
  |->  par_lens = 197, 198, 197
[TDSE] Running TDSE-SH-elliptical. step 44000, energy = -0.40668929620870486
  |->  par_lens = 196, 197, 196
[TDSE] Running TDSE-SH-elliptical. step 44200, energy = -0.40713927296858027
  |->  par_lens = 194, 193, 195
[TDSE] Running TDSE-SH-elliptical. step 44400, energy = -0.40756143902465863
  |->  par_lens = 192, 193, 192
[TDSE] Running TDSE-SH-elliptical. step 44600, energy = -0.4079520595941377
  |->  par_lens = 191, 192, 190
[TDSE] Running TDSE-SH-elliptical. step 44800, energy = -0.4081072827348113
  |->  par_lens = 188, 190, 189
[TDSE] Running TDSE-SH-elliptical. step 45000, energy = -0.4082918813239901
  |->  par_lens = 186, 187, 187
