  Activating project at `~/JuliaProp_v0.1`
[ITP]: 10000.471108571397
[ITP]: 0.022107823405609905
[ITP]: 0.004976805475414736
[ITP]: 0.0021058954092971205
[ITP]: 0.001084104546129061
[ITP]: 0.0006160870179273692
[ITP]: 0.0003714642087823128
[ITP]: 0.00023286611963801995
[ITP]: 0.0001500123428329614
[ITP]: 9.857967926441003e-5
[ITP]: 6.57601184761436e-5
[ITP]: 4.43786526744816e-5
[ITP]: 3.022437766897479e-5
[ITP]: 2.0735965556739622e-5
[ITP]: 1.4311264988853267e-5
[ITP]: 9.92563006574354e-6
[ITP]: 6.9119921211058255e-6
[ITP]: 4.82976755122877e-6
[ITP]: 3.384510666504248e-6
[ITP]: 2.3775199649023193e-6
[ITP]: 1.6736194445865493e-6
[ITP]: 1.1802274751948616e-6
[ITP]: 8.335748883370186e-7
[ITP]: 5.895273362810372e-7
[ITP]: 4.174150680658073e-7
[ITP]: 2.958509506267859e-7
[ITP]: 2.098764437796774e-7
[ITP]: 1.4900242706339384e-7
[ITP]: 1.0585745457980522e-7
[ITP]: 7.525113565609587e-8
[ITP]: 5.352267851144177e-8
[ITP]: 3.808635307134267e-8
[ITP]: 2.7113442158110956e-8
[ITP]: 1.9309163601377577e-8
[ITP]: 1.3755872219078924e-8
[ITP]: 9.802639699962867e-9
Energy of ground state: -0.5030607411950042
[TDSE] Start TDSE-SH for elliptical polarized laser. It may cost a plenty of time.
[TDSE] Running TDSE-SH-elliptical. step 0, energy = -0.5030607411950033
  |->  par_lens = 1, 1, 1
[TDSE] Running TDSE-SH-elliptical. step 200, energy = -0.5030607411948642
  |->  par_lens = 1, 1, 1
[TDSE] Running TDSE-SH-elliptical. step 400, energy = -0.5030607411946946
  |->  par_lens = 1, 1, 2
[TDSE] Running TDSE-SH-elliptical. step 600, energy = -0.5030607411942698
  |->  par_lens = 1, 1, 2
[TDSE] Running TDSE-SH-elliptical. step 800, energy = -0.5030607411926967
  |->  par_lens = 1, 1, 2
[TDSE] Running TDSE-SH-elliptical. step 1000, energy = -0.503060741187464
  |->  par_lens = 1, 1, 2
[TDSE] Running TDSE-SH-elliptical. step 1200, energy = -0.5030607411737595
  |->  par_lens = 1, 1, 2
[TDSE] Running TDSE-SH-elliptical. step 1400, energy = -0.5030607411422459
  |->  par_lens = 1, 1, 2
[TDSE] Running TDSE-SH-elliptical. step 1600, energy = -0.5030607410787609
  |->  par_lens = 1, 1, 2
[TDSE] Running TDSE-SH-elliptical. step 1800, energy = -0.5030607409601824
  |->  par_lens = 1, 1, 2
[TDSE] Running TDSE-SH-elliptical. step 2000, energy = -0.5030607407556078
  |->  par_lens = 1, 1, 2
[TDSE] Running TDSE-SH-elliptical. step 2200, energy = -0.5030607404190784
  |->  par_lens = 1, 1, 2
[TDSE] Running TDSE-SH-elliptical. step 2400, energy = -0.5030607398945259
  |->  par_lens = 1, 1, 2
[TDSE] Running TDSE-SH-elliptical. step 2600, energy = -0.50306073910245
  |->  par_lens = 1, 1, 2
[TDSE] Running TDSE-SH-elliptical. step 2800, energy = -0.5030607379535756
  |->  par_lens = 1, 1, 2
[TDSE] Running TDSE-SH-elliptical. step 3000, energy = -0.5030607363205122
  |->  par_lens = 1, 1, 2
[TDSE] Running TDSE-SH-elliptical. step 3200, energy = -0.5030607340794138
  |->  par_lens = 1, 1, 2
[TDSE] Running TDSE-SH-elliptical. step 3400, energy = -0.5030607310354033
  |->  par_lens = 1, 1, 2
[TDSE] Running TDSE-SH-elliptical. step 3600, energy = -0.5030607270279273
  |->  par_lens = 1, 1, 2
[TDSE] Running TDSE-SH-elliptical. step 3800, energy = -0.5030607217867713
  |->  par_lens = 1, 1, 2
[TDSE] Running TDSE-SH-elliptical. step 4000, energy = -0.5030607151130909
  |->  par_lens = 1, 1, 2
[TDSE] Running TDSE-SH-elliptical. step 4200, energy = -0.50306070663138
  |->  par_lens = 2, 2, 2
[TDSE] Running TDSE-SH-elliptical. step 4400, energy = -0.5030606961399847
  |->  par_lens = 2, 2, 2
[TDSE] Running TDSE-SH-elliptical. step 4600, energy = -0.5030606831453686
  |->  par_lens = 2, 2, 2
[TDSE] Running TDSE-SH-elliptical. step 4800, energy = -0.503060667392827
  |->  par_lens = 2, 2, 2
[TDSE] Running TDSE-SH-elliptical. step 5000, energy = -0.5030606483567561
  |->  par_lens = 2, 2, 2
[TDSE] Running TDSE-SH-elliptical. step 5200, energy = -0.5030606256982508
  |->  par_lens = 2, 2, 2
[TDSE] Running TDSE-SH-elliptical. step 5400, energy = -0.5030605988297995
  |->  par_lens = 2, 2, 2
[TDSE] Running TDSE-SH-elliptical. step 5600, energy = -0.5030605673654501
  |->  par_lens = 2, 2, 2
[TDSE] Running TDSE-SH-elliptical. step 5800, energy = -0.5030605307562983
  |->  par_lens = 2, 2, 2
[TDSE] Running TDSE-SH-elliptical. step 6000, energy = -0.5030604883748856
  |->  par_lens = 2, 2, 2
[TDSE] Running TDSE-SH-elliptical. step 6200, energy = -0.5030604399647904
  |->  par_lens = 2, 2, 2
[TDSE] Running TDSE-SH-elliptical. step 6400, energy = -0.5030603845202161
  |->  par_lens = 2, 2, 2
[TDSE] Running TDSE-SH-elliptical. step 6600, energy = -0.5030603220691616
  |->  par_lens = 2, 2, 2
[TDSE] Running TDSE-SH-elliptical. step 6800, energy = -0.5030602514891725
  |->  par_lens = 2, 2, 2
[TDSE] Running TDSE-SH-elliptical. step 7000, energy = -0.503060172909415
  |->  par_lens = 2, 2, 2
[TDSE] Running TDSE-SH-elliptical. step 7200, energy = -0.5030600848622806
  |->  par_lens = 2, 2, 2
[TDSE] Running TDSE-SH-elliptical. step 7400, energy = -0.5030599882856474
  |->  par_lens = 2, 2, 2
[TDSE] Running TDSE-SH-elliptical. step 7600, energy = -0.5030598811537584
  |->  par_lens = 2, 2, 2
[TDSE] Running TDSE-SH-elliptical. step 7800, energy = -0.5030597642868369
  |->  par_lens = 2, 2, 2
[TDSE] Running TDSE-SH-elliptical. step 8000, energy = -0.5030596365531429
  |->  par_lens = 2, 2, 2
[TDSE] Running TDSE-SH-elliptical. step 8200, energy = -0.503059498402162
  |->  par_lens = 2, 2, 2
[TDSE] Running TDSE-SH-elliptical. step 8400, energy = -0.5030593485191064
  |->  par_lens = 2, 2, 2
[TDSE] Running TDSE-SH-elliptical. step 8600, energy = -0.5030591877420995
  |->  par_lens = 2, 2, 2
[TDSE] Running TDSE-SH-elliptical. step 8800, energy = -0.5030590155289266
  |->  par_lens = 2, 2, 2
[TDSE] Running TDSE-SH-elliptical. step 9000, energy = -0.5030588314900291
  |->  par_lens = 2, 2, 2
[TDSE] Running TDSE-SH-elliptical. step 9200, energy = -0.5030586366397672
  |->  par_lens = 2, 2, 2
[TDSE] Running TDSE-SH-elliptical. step 9400, energy = -0.5030584294982693
  |->  par_lens = 2, 2, 2
[TDSE] Running TDSE-SH-elliptical. step 9600, energy = -0.5030582122502878
  |->  par_lens = 2, 2, 2
[TDSE] Running TDSE-SH-elliptical. step 9800, energy = -0.503057983275319
  |->  par_lens = 2, 2, 2
[TDSE] Running TDSE-SH-elliptical. step 10000, energy = -0.5030577446788317
  |->  par_lens = 2, 2, 2
[TDSE] Running TDSE-SH-elliptical. step 10200, energy = -0.5030574221965937
  |->  par_lens = 2, 2, 2
[TDSE] Running TDSE-SH-elliptical. step 10400, energy = -0.5030563448006595
  |->  par_lens = 2, 2, 2
[TDSE] Running TDSE-SH-elliptical. step 10600, energy = -0.5030552358702987
  |->  par_lens = 2, 2, 2
[TDSE] Running TDSE-SH-elliptical. step 10800, energy = -0.5030568799240817
  |->  par_lens = 2, 2, 2
[TDSE] Running TDSE-SH-elliptical. step 11000, energy = -0.5030583115630283
  |->  par_lens = 2, 2, 2
[TDSE] Running TDSE-SH-elliptical. step 11200, energy = -0.5030392602158618
  |->  par_lens = 4, 3, 3
[TDSE] Running TDSE-SH-elliptical. step 11400, energy = -0.5029792255321973
  |->  par_lens = 4, 3, 3
[TDSE] Running TDSE-SH-elliptical. step 11600, energy = -0.5029107301296615
  |->  par_lens = 4, 4, 3
[TDSE] Running TDSE-SH-elliptical. step 11800, energy = -0.5029194625580916
  |->  par_lens = 4, 4, 3
[TDSE] Running TDSE-SH-elliptical. step 12000, energy = -0.5029863417434185
  |->  par_lens = 4, 4, 3
[TDSE] Running TDSE-SH-elliptical. step 12200, energy = -0.5028576827752197
  |->  par_lens = 4, 4, 4
[TDSE] Running TDSE-SH-elliptical. step 12400, energy = -0.5022507709365871
  |->  par_lens = 5, 5, 6
[TDSE] Running TDSE-SH-elliptical. step 12600, energy = -0.5013718220563543
  |->  par_lens = 7, 7, 7
[TDSE] Running TDSE-SH-elliptical. step 12800, energy = -0.5010084361476757
  |->  par_lens = 7, 7, 7
[TDSE] Running TDSE-SH-elliptical. step 13000, energy = -0.5016889262073184
  |->  par_lens = 7, 6, 7
[TDSE] Running TDSE-SH-elliptical. step 13200, energy = -0.502592474639835
  |->  par_lens = 6, 6, 6
[TDSE] Running TDSE-SH-elliptical. step 13400, energy = -0.5019936023611236
  |->  par_lens = 6, 6, 6
[TDSE] Running TDSE-SH-elliptical. step 13600, energy = -0.49938060524554195
  |->  par_lens = 9, 8, 8
[TDSE] Running TDSE-SH-elliptical. step 13800, energy = -0.4968941551342762
  |->  par_lens = 10, 10, 10
[TDSE] Running TDSE-SH-elliptical. step 14000, energy = -0.497418823794489
  |->  par_lens = 10, 10, 10
[TDSE] Running TDSE-SH-elliptical. step 14200, energy = -0.5005006866568911
  |->  par_lens = 11, 11, 10
[TDSE] Running TDSE-SH-elliptical. step 14400, energy = -0.5014527651588274
  |->  par_lens = 11, 11, 12
[TDSE] Running TDSE-SH-elliptical. step 14600, energy = -0.4962375560812678
  |->  par_lens = 12, 10, 10
[TDSE] Running TDSE-SH-elliptical. step 14800, energy = -0.4877090040518391
  |->  par_lens = 15, 13, 14
[TDSE] Running TDSE-SH-elliptical. step 15000, energy = -0.4842139581889833
  |->  par_lens = 17, 17, 16
[TDSE] Running TDSE-SH-elliptical. step 15200, energy = -0.49029367870424595
  |->  par_lens = 18, 18, 19
[TDSE] Running TDSE-SH-elliptical. step 15400, energy = -0.49883846323627756
  |->  par_lens = 21, 20, 21
[TDSE] Running TDSE-SH-elliptical. step 15600, energy = -0.4972491017753433
  |->  par_lens = 21, 20, 21
[TDSE] Running TDSE-SH-elliptical. step 15800, energy = -0.482604358232865
  |->  par_lens = 18, 20, 21
[TDSE] Running TDSE-SH-elliptical. step 16000, energy = -0.46852913779184646
  |->  par_lens = 25, 22, 23
[TDSE] Running TDSE-SH-elliptical. step 16200, energy = -0.47099590008951536
  |->  par_lens = 28, 28, 26
[TDSE] Running TDSE-SH-elliptical. step 16400, energy = -0.4879402489426901
  |->  par_lens = 32, 32, 32
[TDSE] Running TDSE-SH-elliptical. step 16600, energy = -0.49679213374273584
  |->  par_lens = 34, 33, 33
[TDSE] Running TDSE-SH-elliptical. step 16800, energy = -0.4794811533493519
  |->  par_lens = 34, 33, 33
[TDSE] Running TDSE-SH-elliptical. step 17000, energy = -0.44759972915449203
  |->  par_lens = 33, 29, 33
[TDSE] Running TDSE-SH-elliptical. step 17200, energy = -0.4341826349088016
  |->  par_lens = 40, 41, 41
[TDSE] Running TDSE-SH-elliptical. step 17400, energy = -0.45518573571778037
  |->  par_lens = 51, 51, 50
[TDSE] Running TDSE-SH-elliptical. step 17600, energy = -0.4869631524798686
  |->  par_lens = 59, 56, 58
[TDSE] Running TDSE-SH-elliptical. step 17800, energy = -0.4867858481359541
  |->  par_lens = 61, 57, 59
[TDSE] Running TDSE-SH-elliptical. step 18000, energy = -0.4450887637821662
  |->  par_lens = 58, 51, 53
[TDSE] Running TDSE-SH-elliptical. step 18200, energy = -0.403868310943239
  |->  par_lens = 49, 50, 50
[TDSE] Running TDSE-SH-elliptical. step 18400, energy = -0.40944680219294216
  |->  par_lens = 67, 70, 68
[TDSE] Running TDSE-SH-elliptical. step 18600, energy = -0.4569613014990091
  |->  par_lens = 83, 83, 83
[TDSE] Running TDSE-SH-elliptical. step 18800, energy = -0.48702740732911504
  |->  par_lens = 89, 89, 90
[TDSE] Running TDSE-SH-elliptical. step 19000, energy = -0.45054122294842797
  |->  par_lens = 92, 90, 89
[TDSE] Running TDSE-SH-elliptical. step 19200, energy = -0.3759507634205383
  |->  par_lens = 75, 74, 72
[TDSE] Running TDSE-SH-elliptical. step 19400, energy = -0.34412206749893004
  |->  par_lens = 87, 85, 85
[TDSE] Running TDSE-SH-elliptical. step 19600, energy = -0.388680874364588
  |->  par_lens = 117, 114, 114
[TDSE] Running TDSE-SH-elliptical. step 19800, energy = -0.4634685961419054
  |->  par_lens = 139, 136, 138
[TDSE] Running TDSE-SH-elliptical. step 20000, energy = -0.4711252410784217
  |->  par_lens = 144, 144, 142
[TDSE] Running TDSE-SH-elliptical. step 20200, energy = -0.38897797012292235
  |->  par_lens = 139, 138, 140
[TDSE] Running TDSE-SH-elliptical. step 20400, energy = -0.30570605713840243
  |->  par_lens = 108, 113, 105
[TDSE] Running TDSE-SH-elliptical. step 20600, energy = -0.316034729816365
  |->  par_lens = 138, 139, 137
[TDSE] Running TDSE-SH-elliptical. step 20800, energy = -0.40468205582277134
  |->  par_lens = 177, 182, 177
[TDSE] Running TDSE-SH-elliptical. step 21000, energy = -0.4715172525932997
  |->  par_lens = 196, 196, 196
[TDSE] Running TDSE-SH-elliptical. step 21200, energy = -0.41447423353297713
  |->  par_lens = 201, 198, 198
[TDSE] Running TDSE-SH-elliptical. step 21400, energy = -0.28382322755006595
  |->  par_lens = 171, 173, 176
[TDSE] Running TDSE-SH-elliptical. step 21600, energy = -0.2288459667705353
  |->  par_lens = 166, 162, 159
[TDSE] Running TDSE-SH-elliptical. step 21800, energy = -0.3002098968204979
  |->  par_lens = 220, 219, 223
[TDSE] Running TDSE-SH-elliptical. step 22000, energy = -0.42750868226673794
  |->  par_lens = 271, 268, 266
[TDSE] Running TDSE-SH-elliptical. step 22200, energy = -0.45227821421837944
  |->  par_lens = 280, 278, 281
[TDSE] Running TDSE-SH-elliptical. step 22400, energy = -0.3271441267910237
  |->  par_lens = 274, 270, 272
[TDSE] Running TDSE-SH-elliptical. step 22600, energy = -0.19554539291597853
  |->  par_lens = 226, 220, 226
[TDSE] Running TDSE-SH-elliptical. step 22800, energy = -0.2146510691990374
  |->  par_lens = 238, 243, 246
[TDSE] Running TDSE-SH-elliptical. step 23000, energy = -0.33816031621253706
  |->  par_lens = 306, 313, 308
[TDSE] Running TDSE-SH-elliptical. step 23200, energy = -0.4477166410313338
  |->  par_lens = 336, 340, 338
[TDSE] Running TDSE-SH-elliptical. step 23400, energy = -0.3795891842052957
  |->  par_lens = 339, 342, 339
[TDSE] Running TDSE-SH-elliptical. step 23600, energy = -0.19666264607966621
  |->  par_lens = 308, 298, 311
[TDSE] Running TDSE-SH-elliptical. step 23800, energy = -0.11825568893582515
  |->  par_lens = 278, 279, 283
[TDSE] Running TDSE-SH-elliptical. step 24000, energy = -0.21560012692780534
  |->  par_lens = 340, 341, 342
[TDSE] Running TDSE-SH-elliptical. step 24200, energy = -0.38100968754029435
  |->  par_lens = 413, 411, 412
[TDSE] Running TDSE-SH-elliptical. step 24400, energy = -0.42755579124245335
  |->  par_lens = 427, 425, 429
[TDSE] Running TDSE-SH-elliptical. step 24600, energy = -0.278053268372649
  |->  par_lens = 413, 409, 412
[TDSE] Running TDSE-SH-elliptical. step 24800, energy = -0.10813922808604899
  |->  par_lens = 363, 370, 362
[TDSE] Running TDSE-SH-elliptical. step 25000, energy = -0.13333975867549158
  |->  par_lens = 371, 368, 363
[TDSE] Running TDSE-SH-elliptical. step 25200, energy = -0.27446063295674084
  |->  par_lens = 432, 429, 429
[TDSE] Running TDSE-SH-elliptical. step 25400, energy = -0.41361486089804245
  |->  par_lens = 468, 468, 464
[TDSE] Running TDSE-SH-elliptical. step 25600, energy = -0.34950698427500027
  |->  par_lens = 467, 466, 465
[TDSE] Running TDSE-SH-elliptical. step 25800, energy = -0.14680748197185517
  |->  par_lens = 433, 437, 441
[TDSE] Running TDSE-SH-elliptical. step 26000, energy = -0.050887536005003065
  |->  par_lens = 423, 415, 419
[TDSE] Running TDSE-SH-elliptical. step 26200, energy = -0.16009922415263264
  |->  par_lens = 450, 447, 446
[TDSE] Running TDSE-SH-elliptical. step 26400, energy = -0.33429931265116647
  |->  par_lens = 499, 500, 500
[TDSE] Running TDSE-SH-elliptical. step 26600, energy = -0.39876353679133336
  |->  par_lens = 511, 513, 514
[TDSE] Running TDSE-SH-elliptical. step 26800, energy = -0.25638660724230344
  |->  par_lens = 513, 508, 501
[TDSE] Running TDSE-SH-elliptical. step 27000, energy = -0.07875335302106264
  |->  par_lens = 488, 481, 483
[TDSE] Running TDSE-SH-elliptical. step 27200, energy = -0.10285119129843369
  |->  par_lens = 477, 477, 483
[TDSE] Running TDSE-SH-elliptical. step 27400, energy = -0.23573354847965727
  |->  par_lens = 502, 505, 505
[TDSE] Running TDSE-SH-elliptical. step 27600, energy = -0.37931682798091776
  |->  par_lens = 515, 520, 517
[TDSE] Running TDSE-SH-elliptical. step 27800, energy = -0.33257055948749087
  |->  par_lens = 519, 521, 520
[TDSE] Running TDSE-SH-elliptical. step 28000, energy = -0.14684052807120376
  |->  par_lens = 514, 514, 507
[TDSE] Running TDSE-SH-elliptical. step 28200, energy = -0.05503562321372554
  |->  par_lens = 501, 499, 498
[TDSE] Running TDSE-SH-elliptical. step 28400, energy = -0.1489072768212244
  |->  par_lens = 515, 514, 514
[TDSE] Running TDSE-SH-elliptical. step 28600, energy = -0.30812022866148003
  |->  par_lens = 527, 529, 531
[TDSE] Running TDSE-SH-elliptical. step 28800, energy = -0.37682923000593294
  |->  par_lens = 536, 530, 533
[TDSE] Running TDSE-SH-elliptical. step 29000, energy = -0.26261013960032215
  |->  par_lens = 534, 532, 535
[TDSE] Running TDSE-SH-elliptical. step 29200, energy = -0.11507388516002436
  |->  par_lens = 513, 524, 521
[TDSE] Running TDSE-SH-elliptical. step 29400, energy = -0.12772658095970332
  |->  par_lens = 516, 517, 513
[TDSE] Running TDSE-SH-elliptical. step 29600, energy = -0.2341885111015118
  |->  par_lens = 534, 529, 528
[TDSE] Running TDSE-SH-elliptical. step 29800, energy = -0.36279156772007515
  |->  par_lens = 543, 537, 537
[TDSE] Running TDSE-SH-elliptical. step 30000, energy = -0.335730594160915
  |->  par_lens = 545, 537, 538
[TDSE] Running TDSE-SH-elliptical. step 30200, energy = -0.1933785200032909
  |->  par_lens = 532, 530, 530
[TDSE] Running TDSE-SH-elliptical. step 30400, energy = -0.12045373133027883
  |->  par_lens = 523, 524, 520
[TDSE] Running TDSE-SH-elliptical. step 30600, energy = -0.1822426096429646
  |->  par_lens = 542, 529, 539
[TDSE] Running TDSE-SH-elliptical. step 30800, energy = -0.30910902104510596
  |->  par_lens = 545, 547, 545
[TDSE] Running TDSE-SH-elliptical. step 31000, energy = -0.37272197994677664
  |->  par_lens = 547, 550, 546
[TDSE] Running TDSE-SH-elliptical. step 31200, energy = -0.2998715743062153
  |->  par_lens = 548, 547, 547
[TDSE] Running TDSE-SH-elliptical. step 31400, energy = -0.1992430192741349
  |->  par_lens = 541, 540, 532
[TDSE] Running TDSE-SH-elliptical. step 31600, energy = -0.19366404528960665
  |->  par_lens = 529, 524, 526
[TDSE] Running TDSE-SH-elliptical. step 31800, energy = -0.2757381759779731
  |->  par_lens = 536, 535, 536
[TDSE] Running TDSE-SH-elliptical. step 32000, energy = -0.3695561480003901
  |->  par_lens = 541, 532, 541
[TDSE] Running TDSE-SH-elliptical. step 32200, energy = -0.3575586015200034
  |->  par_lens = 541, 534, 538
[TDSE] Running TDSE-SH-elliptical. step 32400, energy = -0.2653487530617877
  |->  par_lens = 532, 534, 534
[TDSE] Running TDSE-SH-elliptical. step 32600, energy = -0.217629807565432
  |->  par_lens = 536, 535, 534
[TDSE] Running TDSE-SH-elliptical. step 32800, energy = -0.2536150836488975
  |->  par_lens = 542, 543, 546
[TDSE] Running TDSE-SH-elliptical. step 33000, energy = -0.3370222856579546
  |->  par_lens = 548, 546, 548
[TDSE] Running TDSE-SH-elliptical. step 33200, energy = -0.3831515499172465
  |->  par_lens = 546, 547, 549
[TDSE] Running TDSE-SH-elliptical. step 33400, energy = -0.345284434328171
  |->  par_lens = 547, 547, 548
[TDSE] Running TDSE-SH-elliptical. step 33600, energy = -0.28675584819313316
  |->  par_lens = 544, 545, 548
[TDSE] Running TDSE-SH-elliptical. step 33800, energy = -0.28289911346183255
  |->  par_lens = 537, 542, 539
[TDSE] Running TDSE-SH-elliptical. step 34000, energy = -0.32728280590387376
  |->  par_lens = 537, 536, 536
[TDSE] Running TDSE-SH-elliptical. step 34200, energy = -0.3807575052223301
  |->  par_lens = 531, 531, 534
[TDSE] Running TDSE-SH-elliptical. step 34400, energy = -0.37954395088092374
  |->  par_lens = 525, 532, 534
[TDSE] Running TDSE-SH-elliptical. step 34600, energy = -0.3361619064842263
  |->  par_lens = 521, 530, 535
[TDSE] Running TDSE-SH-elliptical. step 34800, energy = -0.30379559356073066
  |->  par_lens = 537, 533, 534
[TDSE] Running TDSE-SH-elliptical. step 35000, energy = -0.3238375655391667
  |->  par_lens = 538, 541, 536
[TDSE] Running TDSE-SH-elliptical. step 35200, energy = -0.3658607694999374
  |->  par_lens = 540, 538, 538
[TDSE] Running TDSE-SH-elliptical. step 35400, energy = -0.39174580177444823
  |->  par_lens = 539, 540, 539
[TDSE] Running TDSE-SH-elliptical. step 35600, energy = -0.3793439508595862
  |->  par_lens = 538, 535, 539
[TDSE] Running TDSE-SH-elliptical. step 35800, energy = -0.3564442293195538
  |->  par_lens = 525, 520, 526
[TDSE] Running TDSE-SH-elliptical. step 36000, energy = -0.3459040812961325
  |->  par_lens = 502, 497, 503
[TDSE] Running TDSE-SH-elliptical. step 36200, energy = -0.3739278691018865
  |->  par_lens = 472, 465, 469
[TDSE] Running TDSE-SH-elliptical. step 36400, energy = -0.3906726391841272
  |->  par_lens = 451, 447, 452
[TDSE] Running TDSE-SH-elliptical. step 36600, energy = -0.3940767118046657
  |->  par_lens = 439, 430, 438
[TDSE] Running TDSE-SH-elliptical. step 36800, energy = -0.3761398616180557
  |->  par_lens = 428, 425, 428
[TDSE] Running TDSE-SH-elliptical. step 37000, energy = -0.3670358614384972
  |->  par_lens = 429, 425, 431
[TDSE] Running TDSE-SH-elliptical. step 37200, energy = -0.37128324941073343
  |->  par_lens = 435, 429, 437
[TDSE] Running TDSE-SH-elliptical. step 37400, energy = -0.3872069390482589
  |->  par_lens = 444, 433, 441
[TDSE] Running TDSE-SH-elliptical. step 37600, energy = -0.39866579288307163
  |->  par_lens = 438, 431, 446
[TDSE] Running TDSE-SH-elliptical. step 37800, energy = -0.3961786047749468
  |->  par_lens = 427, 436, 437
[TDSE] Running TDSE-SH-elliptical. step 38000, energy = -0.38891048546153084
  |->  par_lens = 421, 418, 422
[TDSE] Running TDSE-SH-elliptical. step 38200, energy = -0.3898841839252624
  |->  par_lens = 402, 406, 410
[TDSE] Running TDSE-SH-elliptical. step 38400, energy = -0.39206773631888664
  |->  par_lens = 387, 381, 376
[TDSE] Running TDSE-SH-elliptical. step 38600, energy = -0.39988160745327034
  |->  par_lens = 365, 359, 357
[TDSE] Running TDSE-SH-elliptical. step 38800, energy = -0.399214384845709
  |->  par_lens = 350, 346, 347
[TDSE] Running TDSE-SH-elliptical. step 39000, energy = -0.3962894787743334
  |->  par_lens = 340, 342, 338
[TDSE] Running TDSE-SH-elliptical. step 39200, energy = -0.3942706880591053
  |->  par_lens = 343, 341, 332
[TDSE] Running TDSE-SH-elliptical. step 39400, energy = -0.39451719028444304
  |->  par_lens = 352, 344, 338
[TDSE] Running TDSE-SH-elliptical. step 39600, energy = -0.39907797745451395
  |->  par_lens = 351, 349, 348
[TDSE] Running TDSE-SH-elliptical. step 39800, energy = -0.40032383056994236
  |->  par_lens = 354, 350, 350
[TDSE] Running TDSE-SH-elliptical. step 40000, energy = -0.4014870248396238
  |->  par_lens = 350, 348, 349
[TDSE] Running TDSE-SH-elliptical. step 40200, energy = -0.40112087535552765
  |->  par_lens = 350, 347, 347
[TDSE] Running TDSE-SH-elliptical. step 40400, energy = -0.40089463912659207
  |->  par_lens = 347, 342, 344
[TDSE] Running TDSE-SH-elliptical. step 40600, energy = -0.4018576570031043
  |->  par_lens = 340, 338, 340
[TDSE] Running TDSE-SH-elliptical. step 40800, energy = -0.40209696132629136
  |->  par_lens = 330, 329, 327
[TDSE] Running TDSE-SH-elliptical. step 41000, energy = -0.4021966674135986
  |->  par_lens = 328, 325, 325
[TDSE] Running TDSE-SH-elliptical. step 41200, energy = -0.40243835848512843
  |->  par_lens = 325, 323, 323
[TDSE] Running TDSE-SH-elliptical. step 41400, energy = -0.4021007843495602
  |->  par_lens = 324, 323, 326
[TDSE] Running TDSE-SH-elliptical. step 41600, energy = -0.40276009993166123
  |->  par_lens = 326, 326, 327
[TDSE] Running TDSE-SH-elliptical. step 41800, energy = -0.40296608065743356
  |->  par_lens = 327, 325, 326
[TDSE] Running TDSE-SH-elliptical. step 42000, energy = -0.40344460686440714
  |->  par_lens = 325, 325, 326
[TDSE] Running TDSE-SH-elliptical. step 42200, energy = -0.40364454248524156
  |->  par_lens = 324, 324, 326
[TDSE] Running TDSE-SH-elliptical. step 42400, energy = -0.4041486588616058
  |->  par_lens = 323, 323, 324
[TDSE] Running TDSE-SH-elliptical. step 42600, energy = -0.4043689543244733
  |->  par_lens = 323, 324, 324
[TDSE] Running TDSE-SH-elliptical. step 42800, energy = -0.40462140208739705
  |->  par_lens = 324, 322, 323
[TDSE] Running TDSE-SH-elliptical. step 43000, energy = -0.4049826043342182
  |->  par_lens = 323, 321, 322
[TDSE] Running TDSE-SH-elliptical. step 43200, energy = -0.4052901843405034
  |->  par_lens = 323, 321, 322
[TDSE] Running TDSE-SH-elliptical. step 43400, energy = -0.40562294301559915
  |->  par_lens = 323, 321, 322
[TDSE] Running TDSE-SH-elliptical. step 43600, energy = -0.4059153964183868
  |->  par_lens = 322, 319, 322
[TDSE] Running TDSE-SH-elliptical. step 43800, energy = -0.4063163402843416
  |->  par_lens = 322, 319, 321
[TDSE] Running TDSE-SH-elliptical. step 44000, energy = -0.4065362577640869
  |->  par_lens = 321, 319, 319
[TDSE] Running TDSE-SH-elliptical. step 44200, energy = -0.40711846991923295
  |->  par_lens = 320, 316, 319
[TDSE] Running TDSE-SH-elliptical. step 44400, energy = -0.4073766412712011
  |->  par_lens = 319, 316, 318
[TDSE] Running TDSE-SH-elliptical. step 44600, energy = -0.40793326194819507
  |->  par_lens = 318, 315, 317
[TDSE] Running TDSE-SH-elliptical. step 44800, energy = -0.4079479236812054
  |->  par_lens = 318, 314, 317
[TDSE] Running TDSE-SH-elliptical. step 45000, energy = -0.4082597888877588
  |->  par_lens = 318, 312, 314
