  Activating project at `~/JuliaProp_v0.1`
[ITP]: 10000.471108571397
[ITP]: 0.022107823405609905
[ITP]: 0.004976805475414736
[ITP]: 0.0021058954092971205
[ITP]: 0.001084104546129061
[ITP]: 0.0006160870179273692
[ITP]: 0.0003714642087823128
[ITP]: 0.00023286611963801995
[ITP]: 0.0001500123428329614
[ITP]: 9.857967926441003e-5
[ITP]: 6.57601184761436e-5
[ITP]: 4.43786526744816e-5
[ITP]: 3.022437766897479e-5
[ITP]: 2.0735965556739622e-5
[ITP]: 1.4311264988853267e-5
[ITP]: 9.92563006574354e-6
[ITP]: 6.9119921211058255e-6
[ITP]: 4.82976755122877e-6
[ITP]: 3.384510666504248e-6
[ITP]: 2.3775199649023193e-6
[ITP]: 1.6736194445865493e-6
[ITP]: 1.1802274751948616e-6
[ITP]: 8.335748883370186e-7
[ITP]: 5.895273362810372e-7
[ITP]: 4.174150680658073e-7
[ITP]: 2.958509506267859e-7
[ITP]: 2.098764437796774e-7
[ITP]: 1.4900242706339384e-7
[ITP]: 1.0585745457980522e-7
[ITP]: 7.525113565609587e-8
[ITP]: 5.352267851144177e-8
[ITP]: 3.808635307134267e-8
[ITP]: 2.7113442158110956e-8
[ITP]: 1.9309163601377577e-8
[ITP]: 1.3755872219078924e-8
[ITP]: 9.802639699962867e-9
Energy of ground state: -0.5030607411950042
[TDSE] Start TDSE-SH for elliptical polarized laser. It may cost a plenty of time.
[TDSE] Running TDSE-SH-elliptical. step 0, energy = -0.5030607411950033
  |->  par_lens = 1, 1, 1
[TDSE] Running TDSE-SH-elliptical. step 200, energy = -0.5030607411948607
  |->  par_lens = 1, 1, 1
[TDSE] Running TDSE-SH-elliptical. step 400, energy = -0.5030607411946879
  |->  par_lens = 1, 1, 2
[TDSE] Running TDSE-SH-elliptical. step 600, energy = -0.5030607411942243
  |->  par_lens = 1, 1, 2
[TDSE] Running TDSE-SH-elliptical. step 800, energy = -0.5030607411924417
  |->  par_lens = 1, 1, 2
[TDSE] Running TDSE-SH-elliptical. step 1000, energy = -0.5030607411866054
  |->  par_lens = 1, 1, 2
[TDSE] Running TDSE-SH-elliptical. step 1200, energy = -0.503060741171441
  |->  par_lens = 1, 1, 2
[TDSE] Running TDSE-SH-elliptical. step 1400, energy = -0.5030607411371695
  |->  par_lens = 1, 1, 2
[TDSE] Running TDSE-SH-elliptical. step 1600, energy = -0.5030607410690374
  |->  par_lens = 1, 1, 2
[TDSE] Running TDSE-SH-elliptical. step 1800, energy = -0.5030607409438971
  |->  par_lens = 1, 1, 2
[TDSE] Running TDSE-SH-elliptical. step 2000, energy = -0.5030607407312379
  |->  par_lens = 1, 1, 2
[TDSE] Running TDSE-SH-elliptical. step 2200, energy = -0.5030607403872057
  |->  par_lens = 1, 1, 2
[TDSE] Running TDSE-SH-elliptical. step 2400, energy = -0.503060739859642
  |->  par_lens = 1, 1, 2
[TDSE] Running TDSE-SH-elliptical. step 2600, energy = -0.5030607390764903
  |->  par_lens = 1, 1, 2
[TDSE] Running TDSE-SH-elliptical. step 2800, energy = -0.5030607379599034
  |->  par_lens = 1, 1, 2
[TDSE] Running TDSE-SH-elliptical. step 3000, energy = -0.5030607364003323
  |->  par_lens = 1, 1, 2
[TDSE] Running TDSE-SH-elliptical. step 3200, energy = -0.5030607342983108
  |->  par_lens = 1, 1, 2
[TDSE] Running TDSE-SH-elliptical. step 3400, energy = -0.5030607314941634
  |->  par_lens = 1, 1, 2
[TDSE] Running TDSE-SH-elliptical. step 3600, energy = -0.5030607278711821
  |->  par_lens = 1, 1, 2
[TDSE] Running TDSE-SH-elliptical. step 3800, energy = -0.5030607232204727
  |->  par_lens = 1, 1, 2
[TDSE] Running TDSE-SH-elliptical. step 4000, energy = -0.5030607174126864
  |->  par_lens = 1, 1, 2
[TDSE] Running TDSE-SH-elliptical. step 4200, energy = -0.5030607101720938
  |->  par_lens = 1, 2, 2
[TDSE] Running TDSE-SH-elliptical. step 4400, energy = -0.503060701395448
  |->  par_lens = 2, 2, 2
[TDSE] Running TDSE-SH-elliptical. step 4600, energy = -0.5030606907384275
  |->  par_lens = 2, 2, 2
[TDSE] Running TDSE-SH-elliptical. step 4800, energy = -0.503060678085923
  |->  par_lens = 2, 2, 2
[TDSE] Running TDSE-SH-elliptical. step 5000, energy = -0.5030606631086663
  |->  par_lens = 2, 2, 2
[TDSE] Running TDSE-SH-elliptical. step 5200, energy = -0.5030606456603259
  |->  par_lens = 2, 2, 2
[TDSE] Running TDSE-SH-elliptical. step 5400, energy = -0.5030606254053401
  |->  par_lens = 2, 2, 2
[TDSE] Running TDSE-SH-elliptical. step 5600, energy = -0.5030606022067542
  |->  par_lens = 2, 2, 2
[TDSE] Running TDSE-SH-elliptical. step 5800, energy = -0.5030605758024222
  |->  par_lens = 2, 2, 2
[TDSE] Running TDSE-SH-elliptical. step 6000, energy = -0.5030605459227367
  |->  par_lens = 2, 2, 2
[TDSE] Running TDSE-SH-elliptical. step 6200, energy = -0.5030605125655936
  |->  par_lens = 2, 2, 2
[TDSE] Running TDSE-SH-elliptical. step 6400, energy = -0.5030604752377148
  |->  par_lens = 2, 2, 2
[TDSE] Running TDSE-SH-elliptical. step 6600, energy = -0.5030604341783673
  |->  par_lens = 2, 2, 2
[TDSE] Running TDSE-SH-elliptical. step 6800, energy = -0.5030603888774381
  |->  par_lens = 2, 2, 2
[TDSE] Running TDSE-SH-elliptical. step 7000, energy = -0.5030603396498465
  |->  par_lens = 2, 2, 2
[TDSE] Running TDSE-SH-elliptical. step 7200, energy = -0.5030602858266571
  |->  par_lens = 2, 2, 2
[TDSE] Running TDSE-SH-elliptical. step 7400, energy = -0.5030602282832516
  |->  par_lens = 2, 2, 2
[TDSE] Running TDSE-SH-elliptical. step 7600, energy = -0.503060166013443
  |->  par_lens = 2, 2, 2
[TDSE] Running TDSE-SH-elliptical. step 7800, energy = -0.5030600998315671
  |->  par_lens = 2, 2, 2
[TDSE] Running TDSE-SH-elliptical. step 8000, energy = -0.5030600293541988
  |->  par_lens = 2, 2, 2
[TDSE] Running TDSE-SH-elliptical. step 8200, energy = -0.5030599551449093
  |->  par_lens = 2, 2, 2
[TDSE] Running TDSE-SH-elliptical. step 8400, energy = -0.5030598767165413
  |->  par_lens = 2, 2, 2
[TDSE] Running TDSE-SH-elliptical. step 8600, energy = -0.503059794898627
  |->  par_lens = 2, 2, 2
[TDSE] Running TDSE-SH-elliptical. step 8800, energy = -0.5030597095955178
  |->  par_lens = 2, 2, 2
[TDSE] Running TDSE-SH-elliptical. step 9000, energy = -0.5030596209956201
  |->  par_lens = 2, 2, 2
[TDSE] Running TDSE-SH-elliptical. step 9200, energy = -0.5030595297713779
  |->  par_lens = 2, 2, 2
[TDSE] Running TDSE-SH-elliptical. step 9400, energy = -0.5030594355293871
  |->  par_lens = 2, 2, 2
[TDSE] Running TDSE-SH-elliptical. step 9600, energy = -0.5030593395336291
  |->  par_lens = 2, 2, 2
[TDSE] Running TDSE-SH-elliptical. step 9800, energy = -0.5030592413243784
  |->  par_lens = 2, 2, 2
[TDSE] Running TDSE-SH-elliptical. step 10000, energy = -0.5030591419060003
  |->  par_lens = 2, 2, 2
[TDSE] Running TDSE-SH-elliptical. step 10200, energy = -0.5030589884073501
  |->  par_lens = 2, 2, 2
[TDSE] Running TDSE-SH-elliptical. step 10400, energy = -0.503058283648467
  |->  par_lens = 2, 2, 2
[TDSE] Running TDSE-SH-elliptical. step 10600, energy = -0.5030575356183655
  |->  par_lens = 2, 2, 2
[TDSE] Running TDSE-SH-elliptical. step 10800, energy = -0.5030586361502123
  |->  par_lens = 2, 2, 2
[TDSE] Running TDSE-SH-elliptical. step 11000, energy = -0.503057471423836
  |->  par_lens = 2, 2, 2
[TDSE] Running TDSE-SH-elliptical. step 11200, energy = -0.503033118439652
  |->  par_lens = 4, 3, 3
[TDSE] Running TDSE-SH-elliptical. step 11400, energy = -0.502966168233165
  |->  par_lens = 4, 3, 3
[TDSE] Running TDSE-SH-elliptical. step 11600, energy = -0.502892244713622
  |->  par_lens = 4, 4, 4
[TDSE] Running TDSE-SH-elliptical. step 11800, energy = -0.5029018912911215
  |->  par_lens = 5, 4, 4
[TDSE] Running TDSE-SH-elliptical. step 12000, energy = -0.5029801982154157
  |->  par_lens = 4, 4, 3
[TDSE] Running TDSE-SH-elliptical. step 12200, energy = -0.5028748123259781
  |->  par_lens = 5, 4, 4
[TDSE] Running TDSE-SH-elliptical. step 12400, energy = -0.5022986436541061
  |->  par_lens = 5, 5, 6
[TDSE] Running TDSE-SH-elliptical. step 12600, energy = -0.5014476391678868
  |->  par_lens = 7, 7, 7
[TDSE] Running TDSE-SH-elliptical. step 12800, energy = -0.5010957021981893
  |->  par_lens = 7, 7, 7
[TDSE] Running TDSE-SH-elliptical. step 13000, energy = -0.501758545997075
  |->  par_lens = 6, 6, 7
[TDSE] Running TDSE-SH-elliptical. step 13200, energy = -0.5026110283325785
  |->  par_lens = 6, 6, 6
[TDSE] Running TDSE-SH-elliptical. step 13400, energy = -0.5019357427906034
  |->  par_lens = 6, 6, 7
[TDSE] Running TDSE-SH-elliptical. step 13600, energy = -0.4992430398514893
  |->  par_lens = 9, 8, 8
[TDSE] Running TDSE-SH-elliptical. step 13800, energy = -0.4967045196921317
  |->  par_lens = 10, 10, 10
[TDSE] Running TDSE-SH-elliptical. step 14000, energy = -0.4972345999174049
  |->  par_lens = 10, 10, 10
[TDSE] Running TDSE-SH-elliptical. step 14200, energy = -0.5003948250755927
  |->  par_lens = 11, 11, 12
[TDSE] Running TDSE-SH-elliptical. step 14400, energy = -0.5014899512567643
  |->  par_lens = 12, 11, 12
[TDSE] Running TDSE-SH-elliptical. step 14600, energy = -0.4964463541617302
  |->  par_lens = 11, 12, 11
[TDSE] Running TDSE-SH-elliptical. step 14800, energy = -0.48806015918280055
  |->  par_lens = 15, 13, 14
[TDSE] Running TDSE-SH-elliptical. step 15000, energy = -0.4846189630030273
  |->  par_lens = 17, 17, 16
[TDSE] Running TDSE-SH-elliptical. step 15200, energy = -0.49062157200466533
  |->  par_lens = 18, 18, 18
[TDSE] Running TDSE-SH-elliptical. step 15400, energy = -0.498957298861481
  |->  par_lens = 20, 20, 21
[TDSE] Running TDSE-SH-elliptical. step 15600, energy = -0.4970724068272233
  |->  par_lens = 21, 20, 21
[TDSE] Running TDSE-SH-elliptical. step 15800, energy = -0.4821352877492751
  |->  par_lens = 19, 19, 20
[TDSE] Running TDSE-SH-elliptical. step 16000, energy = -0.46787826155643697
  |->  par_lens = 25, 23, 23
[TDSE] Running TDSE-SH-elliptical. step 16200, energy = -0.47035868331451225
  |->  par_lens = 28, 28, 26
[TDSE] Running TDSE-SH-elliptical. step 16400, energy = -0.4875466126075018
  |->  par_lens = 32, 32, 32
[TDSE] Running TDSE-SH-elliptical. step 16600, energy = -0.49682783467375097
  |->  par_lens = 34, 32, 33
[TDSE] Running TDSE-SH-elliptical. step 16800, energy = -0.4800155174399967
  |->  par_lens = 34, 35, 34
[TDSE] Running TDSE-SH-elliptical. step 17000, energy = -0.4485351101524299
  |->  par_lens = 34, 29, 32
[TDSE] Running TDSE-SH-elliptical. step 17200, energy = -0.4352649633518618
  |->  par_lens = 40, 40, 40
[TDSE] Running TDSE-SH-elliptical. step 17400, energy = -0.4560752948201079
  |->  par_lens = 49, 50, 49
[TDSE] Running TDSE-SH-elliptical. step 17600, energy = -0.48732721873721374
  |->  par_lens = 59, 56, 56
[TDSE] Running TDSE-SH-elliptical. step 17800, energy = -0.4864249353042614
  |->  par_lens = 60, 57, 58
[TDSE] Running TDSE-SH-elliptical. step 18000, energy = -0.44402434767855065
  |->  par_lens = 53, 51, 55
[TDSE] Running TDSE-SH-elliptical. step 18200, energy = -0.40237793243780784
  |->  par_lens = 49, 51, 51
[TDSE] Running TDSE-SH-elliptical. step 18400, energy = -0.40797820257884704
  |->  par_lens = 68, 69, 70
[TDSE] Running TDSE-SH-elliptical. step 18600, energy = -0.45601593697913406
  |->  par_lens = 84, 85, 83
[TDSE] Running TDSE-SH-elliptical. step 18800, energy = -0.4869987936261506
  |->  par_lens = 90, 91, 91
[TDSE] Running TDSE-SH-elliptical. step 19000, energy = -0.45156944771620966
  |->  par_lens = 93, 89, 91
[TDSE] Running TDSE-SH-elliptical. step 19200, energy = -0.3778138633952291
  |->  par_lens = 76, 76, 72
[TDSE] Running TDSE-SH-elliptical. step 19400, energy = -0.34627955650033365
  |->  par_lens = 84, 85, 85
[TDSE] Running TDSE-SH-elliptical. step 19600, energy = -0.3904882856053397
  |->  par_lens = 115, 115, 113
[TDSE] Running TDSE-SH-elliptical. step 19800, energy = -0.4642648390300086
  |->  par_lens = 137, 135, 136
[TDSE] Running TDSE-SH-elliptical. step 20000, energy = -0.4705551979111606
  |->  par_lens = 142, 141, 141
[TDSE] Running TDSE-SH-elliptical. step 20200, energy = -0.38707690968143366
  |->  par_lens = 141, 137, 138
[TDSE] Running TDSE-SH-elliptical. step 20400, energy = -0.30301271971738
  |->  par_lens = 108, 108, 107
[TDSE] Running TDSE-SH-elliptical. step 20600, energy = -0.31338508563601214
  |->  par_lens = 136, 137, 140
[TDSE] Running TDSE-SH-elliptical. step 20800, energy = -0.402899262529318
  |->  par_lens = 179, 180, 180
[TDSE] Running TDSE-SH-elliptical. step 21000, energy = -0.4713194107291108
  |->  par_lens = 197, 196, 199
[TDSE] Running TDSE-SH-elliptical. step 21200, energy = -0.41609118188450206
  |->  par_lens = 202, 200, 200
[TDSE] Running TDSE-SH-elliptical. step 21400, energy = -0.2868760904542077
  |->  par_lens = 175, 177, 171
[TDSE] Running TDSE-SH-elliptical. step 21600, energy = -0.23238304292289072
  |->  par_lens = 158, 151, 157
[TDSE] Running TDSE-SH-elliptical. step 21800, energy = -0.3032130222264971
  |->  par_lens = 214, 217, 216
[TDSE] Running TDSE-SH-elliptical. step 22000, energy = -0.42892153659432286
  |->  par_lens = 264, 266, 263
[TDSE] Running TDSE-SH-elliptical. step 22200, energy = -0.4515597570565186
  |->  par_lens = 275, 275, 278
[TDSE] Running TDSE-SH-elliptical. step 22400, energy = -0.32432028102837845
  |->  par_lens = 272, 266, 271
[TDSE] Running TDSE-SH-elliptical. step 22600, energy = -0.19145314153022688
  |->  par_lens = 218, 216, 213
[TDSE] Running TDSE-SH-elliptical. step 22800, energy = -0.21066650499857517
  |->  par_lens = 243, 241, 238
[TDSE] Running TDSE-SH-elliptical. step 23000, energy = -0.3353422263247373
  |->  par_lens = 310, 309, 308
[TDSE] Running TDSE-SH-elliptical. step 23200, energy = -0.4472196551542764
  |->  par_lens = 343, 342, 347
[TDSE] Running TDSE-SH-elliptical. step 23400, energy = -0.381710388404938
  |->  par_lens = 345, 345, 346
[TDSE] Running TDSE-SH-elliptical. step 23600, energy = -0.20088484132768972
  |->  par_lens = 304, 310, 312
[TDSE] Running TDSE-SH-elliptical. step 23800, energy = -0.12319957704939896
  |->  par_lens = 282, 277, 274
[TDSE] Running TDSE-SH-elliptical. step 24000, energy = -0.21978815729200657
  |->  par_lens = 337, 338, 342
[TDSE] Running TDSE-SH-elliptical. step 24200, energy = -0.3831285449523208
  |->  par_lens = 408, 406, 408
[TDSE] Running TDSE-SH-elliptical. step 24400, energy = -0.42684066854555447
  |->  par_lens = 420, 420, 422
[TDSE] Running TDSE-SH-elliptical. step 24600, energy = -0.2745128502327041
  |->  par_lens = 403, 408, 404
[TDSE] Running TDSE-SH-elliptical. step 24800, energy = -0.1028661697939592
  |->  par_lens = 363, 368, 364
[TDSE] Running TDSE-SH-elliptical. step 25000, energy = -0.12820886963133638
  |->  par_lens = 368, 366, 365
[TDSE] Running TDSE-SH-elliptical. step 25200, energy = -0.27071034414559536
  |->  par_lens = 431, 428, 435
[TDSE] Running TDSE-SH-elliptical. step 25400, energy = -0.4127500169892961
  |->  par_lens = 468, 472, 468
[TDSE] Running TDSE-SH-elliptical. step 25600, energy = -0.3518730810191924
  |->  par_lens = 469, 470, 469
[TDSE] Running TDSE-SH-elliptical. step 25800, energy = -0.1518005799984449
  |->  par_lens = 437, 450, 441
[TDSE] Running TDSE-SH-elliptical. step 26000, energy = -0.05679849302094486
  |->  par_lens = 432, 418, 423
[TDSE] Running TDSE-SH-elliptical. step 26200, energy = -0.165133198534073
  |->  par_lens = 453, 449, 456
[TDSE] Running TDSE-SH-elliptical. step 26400, energy = -0.33699617821707
  |->  par_lens = 499, 498, 496
[TDSE] Running TDSE-SH-elliptical. step 26600, energy = -0.3981830922056029
  |->  par_lens = 510, 507, 511
[TDSE] Running TDSE-SH-elliptical. step 26800, energy = -0.25253790187232455
  |->  par_lens = 503, 508, 504
[TDSE] Running TDSE-SH-elliptical. step 27000, energy = -0.07289158894238555
  |->  par_lens = 484, 483, 481
[TDSE] Running TDSE-SH-elliptical. step 27200, energy = -0.09711449440591173
  |->  par_lens = 486, 485, 482
[TDSE] Running TDSE-SH-elliptical. step 27400, energy = -0.23145272132421452
  |->  par_lens = 510, 513, 505
[TDSE] Running TDSE-SH-elliptical. step 27600, energy = -0.3781673728845326
  |->  par_lens = 518, 519, 519
[TDSE] Running TDSE-SH-elliptical. step 27800, energy = -0.3349105113372066
  |->  par_lens = 519, 522, 522
[TDSE] Running TDSE-SH-elliptical. step 28000, energy = -0.15202732432674143
  |->  par_lens = 515, 507, 518
[TDSE] Running TDSE-SH-elliptical. step 28200, energy = -0.0612467251983062
  |->  par_lens = 506, 498, 496
[TDSE] Running TDSE-SH-elliptical. step 28400, energy = -0.154228375819056
  |->  par_lens = 515, 517, 513
[TDSE] Running TDSE-SH-elliptical. step 28600, energy = -0.3110784466207756
  |->  par_lens = 537, 533, 531
[TDSE] Running TDSE-SH-elliptical. step 28800, energy = -0.37642749076514553
  |->  par_lens = 544, 542, 537
[TDSE] Running TDSE-SH-elliptical. step 29000, energy = -0.2588333922703957
  |->  par_lens = 543, 542, 536
[TDSE] Running TDSE-SH-elliptical. step 29200, energy = -0.10933031209114176
  |->  par_lens = 525, 526, 519
[TDSE] Running TDSE-SH-elliptical. step 29400, energy = -0.12194581780080072
  |->  par_lens = 520, 520, 522
[TDSE] Running TDSE-SH-elliptical. step 29600, energy = -0.2298580595628136
  |->  par_lens = 532, 540, 530
[TDSE] Running TDSE-SH-elliptical. step 29800, energy = -0.3615329045643502
  |->  par_lens = 544, 545, 541
[TDSE] Running TDSE-SH-elliptical. step 30000, energy = -0.3378470274943102
  |->  par_lens = 545, 543, 540
[TDSE] Running TDSE-SH-elliptical. step 30200, energy = -0.19827896894595215
  |->  par_lens = 539, 541, 534
[TDSE] Running TDSE-SH-elliptical. step 30400, energy = -0.12627931432735237
  |->  par_lens = 529, 534, 519
[TDSE] Running TDSE-SH-elliptical. step 30600, energy = -0.18745630868406876
  |->  par_lens = 539, 539, 539
[TDSE] Running TDSE-SH-elliptical. step 30800, energy = -0.31198140631480625
  |->  par_lens = 545, 551, 547
[TDSE] Running TDSE-SH-elliptical. step 31000, energy = -0.37246428611239446
  |->  par_lens = 548, 553, 549
[TDSE] Running TDSE-SH-elliptical. step 31200, energy = -0.29662244925517484
  |->  par_lens = 546, 550, 550
[TDSE] Running TDSE-SH-elliptical. step 31400, energy = -0.19399849703393343
  |->  par_lens = 542, 545, 541
[TDSE] Running TDSE-SH-elliptical. step 31600, energy = -0.18848752599890042
  |->  par_lens = 536, 535, 533
[TDSE] Running TDSE-SH-elliptical. step 31800, energy = -0.27178464602878527
  |->  par_lens = 539, 540, 543
[TDSE] Running TDSE-SH-elliptical. step 32000, energy = -0.36839624440671187
  |->  par_lens = 545, 548, 548
[TDSE] Running TDSE-SH-elliptical. step 32200, energy = -0.35926183809691425
  |->  par_lens = 544, 547, 549
[TDSE] Running TDSE-SH-elliptical. step 32400, energy = -0.26954672775027216
  |->  par_lens = 544, 544, 545
[TDSE] Running TDSE-SH-elliptical. step 32600, energy = -0.2225379705290578
  |->  par_lens = 533, 541, 533
[TDSE] Running TDSE-SH-elliptical. step 32800, energy = -0.2581841406108525
  |->  par_lens = 546, 542, 536
[TDSE] Running TDSE-SH-elliptical. step 33000, energy = -0.33962712754640917
  |->  par_lens = 544, 548, 545
[TDSE] Running TDSE-SH-elliptical. step 33200, energy = -0.3831929329515335
  |->  par_lens = 544, 546, 545
[TDSE] Running TDSE-SH-elliptical. step 33400, energy = -0.34271751093070246
  |->  par_lens = 547, 544, 545
[TDSE] Running TDSE-SH-elliptical. step 33600, energy = -0.2826623445775375
  |->  par_lens = 546, 543, 549
[TDSE] Running TDSE-SH-elliptical. step 33800, energy = -0.27870502117406987
  |->  par_lens = 537, 543, 543
[TDSE] Running TDSE-SH-elliptical. step 34000, energy = -0.32415035536616577
  |->  par_lens = 541, 545, 543
[TDSE] Running TDSE-SH-elliptical. step 34200, energy = -0.37968592548026536
  |->  par_lens = 538, 539, 542
[TDSE] Running TDSE-SH-elliptical. step 34400, energy = -0.38074371344657126
  |->  par_lens = 538, 542, 539
[TDSE] Running TDSE-SH-elliptical. step 34600, energy = -0.33922297633833165
  |->  par_lens = 533, 541, 533
[TDSE] Running TDSE-SH-elliptical. step 34800, energy = -0.3075932167404888
  |->  par_lens = 532, 532, 523
[TDSE] Running TDSE-SH-elliptical. step 35000, energy = -0.3272972403427611
  |->  par_lens = 533, 533, 517
[TDSE] Running TDSE-SH-elliptical. step 35200, energy = -0.36785069829150313
  |->  par_lens = 530, 537, 518
[TDSE] Running TDSE-SH-elliptical. step 35400, energy = -0.39188802288611607
  |->  par_lens = 531, 533, 525
[TDSE] Running TDSE-SH-elliptical. step 35600, energy = -0.3777265797896874
  |->  par_lens = 527, 526, 523
[TDSE] Running TDSE-SH-elliptical. step 35800, energy = -0.3537614675360797
  |->  par_lens = 514, 510, 512
[TDSE] Running TDSE-SH-elliptical. step 36000, energy = -0.34292988082712134
  |->  par_lens = 489, 482, 487
[TDSE] Running TDSE-SH-elliptical. step 36200, energy = -0.37191196198022275
  |->  par_lens = 473, 472, 475
[TDSE] Running TDSE-SH-elliptical. step 36400, energy = -0.3897563198810678
  |->  par_lens = 473, 456, 461
[TDSE] Running TDSE-SH-elliptical. step 36600, energy = -0.3947422981019251
  |->  par_lens = 453, 437, 455
[TDSE] Running TDSE-SH-elliptical. step 36800, energy = -0.3780535734494633
  |->  par_lens = 434, 428, 424
[TDSE] Running TDSE-SH-elliptical. step 37000, energy = -0.3692188287434796
  |->  par_lens = 405, 401, 407
[TDSE] Running TDSE-SH-elliptical. step 37200, energy = -0.37353520914713423
  |->  par_lens = 387, 393, 390
[TDSE] Running TDSE-SH-elliptical. step 37400, energy = -0.3884694778700679
  |->  par_lens = 382, 379, 375
[TDSE] Running TDSE-SH-elliptical. step 37600, energy = -0.3988653319801694
  |->  par_lens = 374, 369, 372
[TDSE] Running TDSE-SH-elliptical. step 37800, energy = -0.39549231696791476
  |->  par_lens = 361, 363, 362
[TDSE] Running TDSE-SH-elliptical. step 38000, energy = -0.3874724594221551
  |->  par_lens = 346, 349, 349
[TDSE] Running TDSE-SH-elliptical. step 38200, energy = -0.38845578089949895
  |->  par_lens = 323, 327, 317
[TDSE] Running TDSE-SH-elliptical. step 38400, energy = -0.39087611460323674
  |->  par_lens = 298, 300, 295
[TDSE] Running TDSE-SH-elliptical. step 38600, energy = -0.3995016137730427
  |->  par_lens = 285, 288, 287
[TDSE] Running TDSE-SH-elliptical. step 38800, energy = -0.3994707931650722
  |->  par_lens = 271, 277, 274
[TDSE] Running TDSE-SH-elliptical. step 39000, energy = -0.3970984635492607
  |->  par_lens = 260, 266, 265
[TDSE] Running TDSE-SH-elliptical. step 39200, energy = -0.3953335223290502
  |->  par_lens = 261, 260, 259
[TDSE] Running TDSE-SH-elliptical. step 39400, energy = -0.3955048088311017
  |->  par_lens = 261, 266, 262
[TDSE] Running TDSE-SH-elliptical. step 39600, energy = -0.39964962164161916
  |->  par_lens = 264, 262, 263
[TDSE] Running TDSE-SH-elliptical. step 39800, energy = -0.40062219314148695
  |->  par_lens = 262, 260, 259
[TDSE] Running TDSE-SH-elliptical. step 40000, energy = -0.40129280887801444
  |->  par_lens = 257, 256, 256
[TDSE] Running TDSE-SH-elliptical. step 40200, energy = -0.4007734446456563
  |->  par_lens = 252, 254, 255
[TDSE] Running TDSE-SH-elliptical. step 40400, energy = -0.400437536609979
  |->  par_lens = 247, 248, 248
[TDSE] Running TDSE-SH-elliptical. step 40600, energy = -0.40159673580016747
  |->  par_lens = 242, 243, 243
[TDSE] Running TDSE-SH-elliptical. step 40800, energy = -0.4019156695491466
  |->  par_lens = 237, 237, 241
[TDSE] Running TDSE-SH-elliptical. step 41000, energy = -0.4023412763468053
  |->  par_lens = 233, 231, 234
[TDSE] Running TDSE-SH-elliptical. step 41200, energy = -0.40257893608041534
  |->  par_lens = 229, 231, 230
[TDSE] Running TDSE-SH-elliptical. step 41400, energy = -0.40241345663231126
  |->  par_lens = 226, 227, 227
[TDSE] Running TDSE-SH-elliptical. step 41600, energy = -0.40293290518168423
  |->  par_lens = 225, 227, 225
[TDSE] Running TDSE-SH-elliptical. step 41800, energy = -0.4031794818779016
  |->  par_lens = 224, 225, 223
[TDSE] Running TDSE-SH-elliptical. step 42000, energy = -0.4035556084766284
  |->  par_lens = 224, 225, 222
[TDSE] Running TDSE-SH-elliptical. step 42200, energy = -0.40381056391193876
  |->  par_lens = 223, 223, 222
[TDSE] Running TDSE-SH-elliptical. step 42400, energy = -0.4041643433475267
  |->  par_lens = 223, 221, 222
[TDSE] Running TDSE-SH-elliptical. step 42600, energy = -0.40443974674280225
  |->  par_lens = 220, 219, 222
[TDSE] Running TDSE-SH-elliptical. step 42800, energy = -0.4047287568743173
  |->  par_lens = 220, 219, 222
[TDSE] Running TDSE-SH-elliptical. step 43000, energy = -0.405057132874911
  |->  par_lens = 219, 218, 220
[TDSE] Running TDSE-SH-elliptical. step 43200, energy = -0.40536778487954606
  |->  par_lens = 217, 216, 218
[TDSE] Running TDSE-SH-elliptical. step 43400, energy = -0.4057003209825222
  |->  par_lens = 216, 216, 216
[TDSE] Running TDSE-SH-elliptical. step 43600, energy = -0.40601239323708777
  |->  par_lens = 214, 214, 214
[TDSE] Running TDSE-SH-elliptical. step 43800, energy = -0.4063682232260442
  |->  par_lens = 212, 214, 213
[TDSE] Running TDSE-SH-elliptical. step 44000, energy = -0.4066671037751518
  |->  par_lens = 211, 212, 213
[TDSE] Running TDSE-SH-elliptical. step 44200, energy = -0.40715069315361013
  |->  par_lens = 210, 211, 209
[TDSE] Running TDSE-SH-elliptical. step 44400, energy = -0.40753236631541534
  |->  par_lens = 209, 208, 207
[TDSE] Running TDSE-SH-elliptical. step 44600, energy = -0.40796387109383875
  |->  par_lens = 207, 207, 206
[TDSE] Running TDSE-SH-elliptical. step 44800, energy = -0.40808180019975515
  |->  par_lens = 207, 206, 206
[TDSE] Running TDSE-SH-elliptical. step 45000, energy = -0.40829796960239756
  |->  par_lens = 206, 204, 204
