  Activating project at `~/JuliaProp_v0.1`
[ITP]: 10000.471108571397
[ITP]: 0.022107823405609905
[ITP]: 0.004976805475414736
[ITP]: 0.0021058954092971205
[ITP]: 0.001084104546129061
[ITP]: 0.0006160870179273692
[ITP]: 0.0003714642087823128
[ITP]: 0.00023286611963801995
[ITP]: 0.0001500123428329614
[ITP]: 9.857967926441003e-5
[ITP]: 6.57601184761436e-5
[ITP]: 4.43786526744816e-5
[ITP]: 3.022437766897479e-5
[ITP]: 2.0735965556739622e-5
[ITP]: 1.4311264988853267e-5
[ITP]: 9.92563006574354e-6
[ITP]: 6.9119921211058255e-6
[ITP]: 4.82976755122877e-6
[ITP]: 3.384510666504248e-6
[ITP]: 2.3775199649023193e-6
[ITP]: 1.6736194445865493e-6
[ITP]: 1.1802274751948616e-6
[ITP]: 8.335748883370186e-7
[ITP]: 5.895273362810372e-7
[ITP]: 4.174150680658073e-7
[ITP]: 2.958509506267859e-7
[ITP]: 2.098764437796774e-7
[ITP]: 1.4900242706339384e-7
[ITP]: 1.0585745457980522e-7
[ITP]: 7.525113565609587e-8
[ITP]: 5.352267851144177e-8
[ITP]: 3.808635307134267e-8
[ITP]: 2.7113442158110956e-8
[ITP]: 1.9309163601377577e-8
[ITP]: 1.3755872219078924e-8
[ITP]: 9.802639699962867e-9
Energy of ground state: -0.5030607411950042
[TDSE] Start TDSE-SH for elliptical polarized laser. It may cost a plenty of time.
[TDSE] Running TDSE-SH-elliptical. step 0, energy = -0.5030607411950033
  |->  par_lens = 1, 1, 1
[TDSE] Running TDSE-SH-elliptical. step 200, energy = -0.5030607411948611
  |->  par_lens = 1, 1, 1
[TDSE] Running TDSE-SH-elliptical. step 400, energy = -0.5030607411947183
  |->  par_lens = 1, 1, 2
[TDSE] Running TDSE-SH-elliptical. step 600, energy = -0.5030607411945089
  |->  par_lens = 1, 1, 2
[TDSE] Running TDSE-SH-elliptical. step 800, energy = -0.5030607411941139
  |->  par_lens = 1, 1, 2
[TDSE] Running TDSE-SH-elliptical. step 1000, energy = -0.5030607411930494
  |->  par_lens = 1, 1, 2
[TDSE] Running TDSE-SH-elliptical. step 1200, energy = -0.503060741190538
  |->  par_lens = 1, 1, 2
[TDSE] Running TDSE-SH-elliptical. step 1400, energy = -0.5030607411849869
  |->  par_lens = 1, 1, 2
[TDSE] Running TDSE-SH-elliptical. step 1600, energy = -0.5030607411743486
  |->  par_lens = 1, 1, 2
[TDSE] Running TDSE-SH-elliptical. step 1800, energy = -0.5030607411550806
  |->  par_lens = 1, 1, 2
[TDSE] Running TDSE-SH-elliptical. step 2000, energy = -0.5030607411230972
  |->  par_lens = 1, 1, 2
[TDSE] Running TDSE-SH-elliptical. step 2200, energy = -0.503060741072093
  |->  par_lens = 1, 1, 2
[TDSE] Running TDSE-SH-elliptical. step 2400, energy = -0.5030607409952781
  |->  par_lens = 1, 1, 2
[TDSE] Running TDSE-SH-elliptical. step 2600, energy = -0.5030607408829939
  |->  par_lens = 1, 1, 2
[TDSE] Running TDSE-SH-elliptical. step 2800, energy = -0.5030607407254026
  |->  par_lens = 1, 1, 2
[TDSE] Running TDSE-SH-elliptical. step 3000, energy = -0.5030607405087191
  |->  par_lens = 1, 1, 2
[TDSE] Running TDSE-SH-elliptical. step 3200, energy = -0.5030607402208825
  |->  par_lens = 1, 1, 2
[TDSE] Running TDSE-SH-elliptical. step 3400, energy = -0.5030607398430214
  |->  par_lens = 1, 1, 2
[TDSE] Running TDSE-SH-elliptical. step 3600, energy = -0.503060739361244
  |->  par_lens = 1, 1, 2
[TDSE] Running TDSE-SH-elliptical. step 3800, energy = -0.5030607387528558
  |->  par_lens = 1, 1, 2
[TDSE] Running TDSE-SH-elliptical. step 4000, energy = -0.503060738002602
  |->  par_lens = 1, 1, 2
[TDSE] Running TDSE-SH-elliptical. step 4200, energy = -0.5030607370820703
  |->  par_lens = 1, 1, 2
[TDSE] Running TDSE-SH-elliptical. step 4400, energy = -0.5030607359799883
  |->  par_lens = 1, 1, 2
[TDSE] Running TDSE-SH-elliptical. step 4600, energy = -0.5030607346625856
  |->  par_lens = 1, 1, 2
[TDSE] Running TDSE-SH-elliptical. step 4800, energy = -0.50306073311687
  |->  par_lens = 1, 1, 2
[TDSE] Running TDSE-SH-elliptical. step 5000, energy = -0.5030607313153224
  |->  par_lens = 1, 1, 2
[TDSE] Running TDSE-SH-elliptical. step 5200, energy = -0.5030607292406039
  |->  par_lens = 1, 1, 2
[TDSE] Running TDSE-SH-elliptical. step 5400, energy = -0.5030607268677831
  |->  par_lens = 1, 1, 2
[TDSE] Running TDSE-SH-elliptical. step 5600, energy = -0.5030607241813321
  |->  par_lens = 1, 1, 2
[TDSE] Running TDSE-SH-elliptical. step 5800, energy = -0.5030607211670426
  |->  par_lens = 1, 1, 2
[TDSE] Running TDSE-SH-elliptical. step 6000, energy = -0.5030607177946127
  |->  par_lens = 1, 1, 2
[TDSE] Running TDSE-SH-elliptical. step 6200, energy = -0.5030607140817797
  |->  par_lens = 1, 2, 2
[TDSE] Running TDSE-SH-elliptical. step 6400, energy = -0.5030607099726974
  |->  par_lens = 1, 2, 2
[TDSE] Running TDSE-SH-elliptical. step 6600, energy = -0.503060705512945
  |->  par_lens = 2, 2, 2
[TDSE] Running TDSE-SH-elliptical. step 6800, energy = -0.5030607006478016
  |->  par_lens = 2, 2, 2
[TDSE] Running TDSE-SH-elliptical. step 7000, energy = -0.5030606954261527
  |->  par_lens = 2, 2, 2
[TDSE] Running TDSE-SH-elliptical. step 7200, energy = -0.5030606897809471
  |->  par_lens = 2, 2, 2
[TDSE] Running TDSE-SH-elliptical. step 7400, energy = -0.5030606838189448
  |->  par_lens = 2, 2, 2
[TDSE] Running TDSE-SH-elliptical. step 7600, energy = -0.5030606774371905
  |->  par_lens = 2, 2, 2
[TDSE] Running TDSE-SH-elliptical. step 7800, energy = -0.503060670731484
  |->  par_lens = 2, 2, 2
[TDSE] Running TDSE-SH-elliptical. step 8000, energy = -0.5030606636710988
  |->  par_lens = 2, 2, 2
[TDSE] Running TDSE-SH-elliptical. step 8200, energy = -0.5030606563153097
  |->  par_lens = 2, 2, 2
[TDSE] Running TDSE-SH-elliptical. step 8400, energy = -0.5030606486277689
  |->  par_lens = 2, 2, 2
[TDSE] Running TDSE-SH-elliptical. step 8600, energy = -0.5030606406888379
  |->  par_lens = 2, 2, 2
[TDSE] Running TDSE-SH-elliptical. step 8800, energy = -0.5030606325031757
  |->  par_lens = 2, 2, 2
[TDSE] Running TDSE-SH-elliptical. step 9000, energy = -0.5030606240826545
  |->  par_lens = 2, 2, 2
[TDSE] Running TDSE-SH-elliptical. step 9200, energy = -0.5030606155084415
  |->  par_lens = 2, 2, 2
[TDSE] Running TDSE-SH-elliptical. step 9400, energy = -0.5030606067265309
  |->  par_lens = 2, 2, 2
[TDSE] Running TDSE-SH-elliptical. step 9600, energy = -0.5030605978838397
  |->  par_lens = 2, 2, 2
[TDSE] Running TDSE-SH-elliptical. step 9800, energy = -0.5030605889113411
  |->  par_lens = 2, 2, 2
[TDSE] Running TDSE-SH-elliptical. step 10000, energy = -0.5030605799251693
  |->  par_lens = 2, 2, 2
[TDSE] Running TDSE-SH-elliptical. step 10200, energy = -0.50306055366744
  |->  par_lens = 2, 2, 2
[TDSE] Running TDSE-SH-elliptical. step 10400, energy = -0.5030603126385758
  |->  par_lens = 2, 2, 2
[TDSE] Running TDSE-SH-elliptical. step 10600, energy = -0.5030599727869148
  |->  par_lens = 2, 2, 2
[TDSE] Running TDSE-SH-elliptical. step 10800, energy = -0.5030599784355309
  |->  par_lens = 2, 2, 2
[TDSE] Running TDSE-SH-elliptical. step 11000, energy = -0.5030545315366521
  |->  par_lens = 3, 2, 2
[TDSE] Running TDSE-SH-elliptical. step 11200, energy = -0.503021979565597
  |->  par_lens = 4, 3, 3
[TDSE] Running TDSE-SH-elliptical. step 11400, energy = -0.5029448729358497
  |->  par_lens = 4, 3, 3
[TDSE] Running TDSE-SH-elliptical. step 11600, energy = -0.5028634979328319
  |->  par_lens = 4, 4, 4
[TDSE] Running TDSE-SH-elliptical. step 11800, energy = -0.5028750275108866
  |->  par_lens = 5, 5, 4
[TDSE] Running TDSE-SH-elliptical. step 12000, energy = -0.5029695355109004
  |->  par_lens = 4, 4, 3
[TDSE] Running TDSE-SH-elliptical. step 12200, energy = -0.5028953129119268
  |->  par_lens = 4, 4, 3
[TDSE] Running TDSE-SH-elliptical. step 12400, energy = -0.5023583987685988
  |->  par_lens = 5, 5, 6
[TDSE] Running TDSE-SH-elliptical. step 12600, energy = -0.5015410964414201
  |->  par_lens = 7, 7, 7
[TDSE] Running TDSE-SH-elliptical. step 12800, energy = -0.5012007745092119
  |->  par_lens = 7, 7, 7
[TDSE] Running TDSE-SH-elliptical. step 13000, energy = -0.5018396408446746
  |->  par_lens = 6, 6, 7
[TDSE] Running TDSE-SH-elliptical. step 13200, energy = -0.502630076139528
  |->  par_lens = 6, 5, 6
[TDSE] Running TDSE-SH-elliptical. step 13400, energy = -0.5018667352509983
  |->  par_lens = 6, 6, 7
[TDSE] Running TDSE-SH-elliptical. step 13600, energy = -0.4990865178696996
  |->  par_lens = 9, 9, 8
[TDSE] Running TDSE-SH-elliptical. step 13800, energy = -0.49649474264649723
  |->  par_lens = 10, 10, 10
[TDSE] Running TDSE-SH-elliptical. step 14000, energy = -0.49703522797484684
  |->  par_lens = 11, 10, 10
[TDSE] Running TDSE-SH-elliptical. step 14200, energy = -0.50028112303007
  |->  par_lens = 11, 11, 12
[TDSE] Running TDSE-SH-elliptical. step 14400, energy = -0.5015236135667854
  |->  par_lens = 12, 11, 12
[TDSE] Running TDSE-SH-elliptical. step 14600, energy = -0.4966489531546676
  |->  par_lens = 11, 12, 13
[TDSE] Running TDSE-SH-elliptical. step 14800, energy = -0.48839574288928345
  |->  par_lens = 14, 13, 14
[TDSE] Running TDSE-SH-elliptical. step 15000, energy = -0.4849978542456424
  |->  par_lens = 17, 17, 16
[TDSE] Running TDSE-SH-elliptical. step 15200, energy = -0.4909206902833435
  |->  par_lens = 18, 18, 18
[TDSE] Running TDSE-SH-elliptical. step 15400, energy = -0.4990608348627716
  |->  par_lens = 20, 20, 21
[TDSE] Running TDSE-SH-elliptical. step 15600, energy = -0.49691239369003737
  |->  par_lens = 21, 20, 21
[TDSE] Running TDSE-SH-elliptical. step 15800, energy = -0.4817258250240824
  |->  par_lens = 19, 19, 19
[TDSE] Running TDSE-SH-elliptical. step 16000, energy = -0.4673235021576521
  |->  par_lens = 24, 23, 23
[TDSE] Running TDSE-SH-elliptical. step 16200, energy = -0.46982657851334525
  |->  par_lens = 28, 28, 27
[TDSE] Running TDSE-SH-elliptical. step 16400, energy = -0.4872224092468263
  |->  par_lens = 32, 32, 32
[TDSE] Running TDSE-SH-elliptical. step 16600, energy = -0.49685011025693715
  |->  par_lens = 34, 34, 33
[TDSE] Running TDSE-SH-elliptical. step 16800, energy = -0.4804237260989515
  |->  par_lens = 35, 34, 34
[TDSE] Running TDSE-SH-elliptical. step 17000, energy = -0.4492392134658401
  |->  par_lens = 34, 30, 32
[TDSE] Running TDSE-SH-elliptical. step 17200, energy = -0.4360640491177088
  |->  par_lens = 40, 41, 41
[TDSE] Running TDSE-SH-elliptical. step 17400, energy = -0.45671780677752183
  |->  par_lens = 49, 51, 49
[TDSE] Running TDSE-SH-elliptical. step 17600, energy = -0.48758207727049213
  |->  par_lens = 59, 56, 56
[TDSE] Running TDSE-SH-elliptical. step 17800, energy = -0.4861679381785964
  |->  par_lens = 59, 57, 58
[TDSE] Running TDSE-SH-elliptical. step 18000, energy = -0.44329045043132986
  |->  par_lens = 52, 52, 54
[TDSE] Running TDSE-SH-elliptical. step 18200, energy = -0.40137202471038347
  |->  par_lens = 51, 52, 50
[TDSE] Running TDSE-SH-elliptical. step 18400, energy = -0.40700520292984194
  |->  par_lens = 68, 68, 68
[TDSE] Running TDSE-SH-elliptical. step 18600, energy = -0.45539890853642345
  |->  par_lens = 84, 84, 84
[TDSE] Running TDSE-SH-elliptical. step 18800, energy = -0.4869724724274197
  |->  par_lens = 90, 91, 92
[TDSE] Running TDSE-SH-elliptical. step 19000, energy = -0.45219852555043116
  |->  par_lens = 94, 91, 92
[TDSE] Running TDSE-SH-elliptical. step 19200, energy = -0.37893833488966755
  |->  par_lens = 77, 77, 73
[TDSE] Running TDSE-SH-elliptical. step 19400, energy = -0.3475601145451195
  |->  par_lens = 84, 87, 81
[TDSE] Running TDSE-SH-elliptical. step 19600, energy = -0.3915397331118133
  |->  par_lens = 117, 114, 114
[TDSE] Running TDSE-SH-elliptical. step 19800, energy = -0.46471672094936395
  |->  par_lens = 137, 135, 136
[TDSE] Running TDSE-SH-elliptical. step 20000, energy = -0.4702284996536593
  |->  par_lens = 142, 141, 141
[TDSE] Running TDSE-SH-elliptical. step 20200, energy = -0.38601945510295715
  |->  par_lens = 138, 136, 134
[TDSE] Running TDSE-SH-elliptical. step 20400, energy = -0.30154442713208746
  |->  par_lens = 106, 106, 104
[TDSE] Running TDSE-SH-elliptical. step 20600, energy = -0.31196127610126756
  |->  par_lens = 135, 136, 137
[TDSE] Running TDSE-SH-elliptical. step 20800, energy = -0.4019571914930637
  |->  par_lens = 180, 179, 181
[TDSE] Running TDSE-SH-elliptical. step 21000, energy = -0.47120700505208485
  |->  par_lens = 200, 199, 197
[TDSE] Running TDSE-SH-elliptical. step 21200, energy = -0.4168978444646218
  |->  par_lens = 203, 204, 200
[TDSE] Running TDSE-SH-elliptical. step 21400, energy = -0.2883803421125422
  |->  par_lens = 177, 184, 177
[TDSE] Running TDSE-SH-elliptical. step 21600, energy = -0.23410054117229476
  |->  par_lens = 163, 163, 159
[TDSE] Running TDSE-SH-elliptical. step 21800, energy = -0.30464800624653965
  |->  par_lens = 214, 217, 218
[TDSE] Running TDSE-SH-elliptical. step 22000, energy = -0.4295814859495828
  |->  par_lens = 266, 266, 264
[TDSE] Running TDSE-SH-elliptical. step 22200, energy = -0.451220210618233
  |->  par_lens = 275, 275, 278
[TDSE] Running TDSE-SH-elliptical. step 22400, energy = -0.3230237438003321
  |->  par_lens = 260, 262, 265
[TDSE] Running TDSE-SH-elliptical. step 22600, energy = -0.18961587447822886
  |->  par_lens = 215, 224, 218
[TDSE] Running TDSE-SH-elliptical. step 22800, energy = -0.20889276777424312
  |->  par_lens = 244, 243, 245
[TDSE] Running TDSE-SH-elliptical. step 23000, energy = -0.3341112824446751
  |->  par_lens = 309, 311, 311
[TDSE] Running TDSE-SH-elliptical. step 23200, energy = -0.44699478347549554
  |->  par_lens = 344, 348, 348
[TDSE] Running TDSE-SH-elliptical. step 23400, energy = -0.38259205029432314
  |->  par_lens = 346, 345, 346
[TDSE] Running TDSE-SH-elliptical. step 23600, energy = -0.20262374696223528
  |->  par_lens = 306, 308, 309
[TDSE] Running TDSE-SH-elliptical. step 23800, energy = -0.1252038561555617
  |->  par_lens = 277, 267, 272
[TDSE] Running TDSE-SH-elliptical. step 24000, energy = -0.22147108608909383
  |->  par_lens = 339, 327, 335
[TDSE] Running TDSE-SH-elliptical. step 24200, energy = -0.3839588688937956
  |->  par_lens = 404, 402, 403
[TDSE] Running TDSE-SH-elliptical. step 24400, energy = -0.42655483648030146
  |->  par_lens = 420, 419, 420
[TDSE] Running TDSE-SH-elliptical. step 24600, energy = -0.2731389745196245
  |->  par_lens = 402, 403, 408
[TDSE] Running TDSE-SH-elliptical. step 24800, energy = -0.10086081573877581
  |->  par_lens = 359, 350, 358
[TDSE] Running TDSE-SH-elliptical. step 25000, energy = -0.12627324857311592
  |->  par_lens = 360, 351, 368
[TDSE] Running TDSE-SH-elliptical. step 25200, energy = -0.2693165493116317
  |->  par_lens = 425, 429, 428
[TDSE] Running TDSE-SH-elliptical. step 25400, energy = -0.4124258744168471
  |->  par_lens = 469, 468, 468
[TDSE] Running TDSE-SH-elliptical. step 25600, energy = -0.35271683623773886
  |->  par_lens = 468, 471, 470
[TDSE] Running TDSE-SH-elliptical. step 25800, energy = -0.15355884261452912
  |->  par_lens = 441, 443, 430
[TDSE] Running TDSE-SH-elliptical. step 26000, energy = -0.0588629371010059
  |->  par_lens = 422, 420, 415
[TDSE] Running TDSE-SH-elliptical. step 26200, energy = -0.16686891083622205
  |->  par_lens = 448, 452, 440
[TDSE] Running TDSE-SH-elliptical. step 26400, energy = -0.33790780438408125
  |->  par_lens = 491, 493, 491
[TDSE] Running TDSE-SH-elliptical. step 26600, energy = -0.3979769456380218
  |->  par_lens = 505, 503, 505
[TDSE] Running TDSE-SH-elliptical. step 26800, energy = -0.25124702753436906
  |->  par_lens = 499, 500, 498
[TDSE] Running TDSE-SH-elliptical. step 27000, energy = -0.07094337200384349
  |->  par_lens = 482, 481, 488
[TDSE] Running TDSE-SH-elliptical. step 27200, energy = -0.09522679801557063
  |->  par_lens = 492, 489, 483
[TDSE] Running TDSE-SH-elliptical. step 27400, energy = -0.2300539477745792
  |->  par_lens = 504, 507, 504
[TDSE] Running TDSE-SH-elliptical. step 27600, energy = -0.37778763703836266
  |->  par_lens = 517, 519, 514
[TDSE] Running TDSE-SH-elliptical. step 27800, energy = -0.33563998862891387
  |->  par_lens = 519, 519, 514
[TDSE] Running TDSE-SH-elliptical. step 28000, energy = -0.153641972383956
  |->  par_lens = 510, 509, 503
[TDSE] Running TDSE-SH-elliptical. step 28200, energy = -0.0631683212971268
  |->  par_lens = 497, 505, 496
[TDSE] Running TDSE-SH-elliptical. step 28400, energy = -0.15586519892627054
  |->  par_lens = 504, 503, 513
[TDSE] Running TDSE-SH-elliptical. step 28600, energy = -0.3119658905305478
  |->  par_lens = 525, 520, 524
[TDSE] Running TDSE-SH-elliptical. step 28800, energy = -0.3762957643862032
  |->  par_lens = 530, 526, 528
[TDSE] Running TDSE-SH-elliptical. step 29000, energy = -0.257697472781603
  |->  par_lens = 524, 524, 528
[TDSE] Running TDSE-SH-elliptical. step 29200, energy = -0.10758558770927296
  |->  par_lens = 517, 514, 522
[TDSE] Running TDSE-SH-elliptical. step 29400, energy = -0.12022710591403896
  |->  par_lens = 528, 518, 512
[TDSE] Running TDSE-SH-elliptical. step 29600, energy = -0.2285573427085059
  |->  par_lens = 535, 532, 535
[TDSE] Running TDSE-SH-elliptical. step 29800, energy = -0.3611511475734739
  |->  par_lens = 538, 537, 540
[TDSE] Running TDSE-SH-elliptical. step 30000, energy = -0.338449655432988
  |->  par_lens = 538, 536, 539
[TDSE] Running TDSE-SH-elliptical. step 30200, energy = -0.19967349115033825
  |->  par_lens = 536, 532, 535
[TDSE] Running TDSE-SH-elliptical. step 30400, energy = -0.12795742242264765
  |->  par_lens = 525, 529, 529
[TDSE] Running TDSE-SH-elliptical. step 30600, energy = -0.18892503664283747
  |->  par_lens = 533, 534, 538
[TDSE] Running TDSE-SH-elliptical. step 30800, energy = -0.31280294686207216
  |->  par_lens = 541, 541, 547
[TDSE] Running TDSE-SH-elliptical. step 31000, energy = -0.37236737581651946
  |->  par_lens = 538, 539, 546
[TDSE] Running TDSE-SH-elliptical. step 31200, energy = -0.2956681727136563
  |->  par_lens = 541, 540, 548
[TDSE] Running TDSE-SH-elliptical. step 31400, energy = -0.1925253055048796
  |->  par_lens = 532, 536, 538
[TDSE] Running TDSE-SH-elliptical. step 31600, energy = -0.18698482911653
  |->  par_lens = 533, 526, 530
[TDSE] Running TDSE-SH-elliptical. step 31800, energy = -0.2706563565423207
  |->  par_lens = 538, 540, 543
[TDSE] Running TDSE-SH-elliptical. step 32000, energy = -0.36805189354103435
  |->  par_lens = 539, 543, 543
[TDSE] Running TDSE-SH-elliptical. step 32200, energy = -0.3597255433171904
  |->  par_lens = 540, 542, 543
[TDSE] Running TDSE-SH-elliptical. step 32400, energy = -0.27069305021293766
  |->  par_lens = 535, 541, 535
[TDSE] Running TDSE-SH-elliptical. step 32600, energy = -0.22392962645709463
  |->  par_lens = 525, 535, 525
[TDSE] Running TDSE-SH-elliptical. step 32800, energy = -0.2594237670950109
  |->  par_lens = 537, 537, 534
[TDSE] Running TDSE-SH-elliptical. step 33000, energy = -0.3403347651562013
  |->  par_lens = 537, 541, 541
[TDSE] Running TDSE-SH-elliptical. step 33200, energy = -0.3831845209926124
  |->  par_lens = 540, 540, 541
[TDSE] Running TDSE-SH-elliptical. step 33400, energy = -0.3419926233089942
  |->  par_lens = 541, 542, 539
[TDSE] Running TDSE-SH-elliptical. step 33600, energy = -0.2814901471776495
  |->  par_lens = 536, 535, 537
[TDSE] Running TDSE-SH-elliptical. step 33800, energy = -0.2775112440780945
  |->  par_lens = 529, 534, 527
[TDSE] Running TDSE-SH-elliptical. step 34000, energy = -0.323235044584868
  |->  par_lens = 533, 535, 539
[TDSE] Running TDSE-SH-elliptical. step 34200, energy = -0.37936782974413324
  |->  par_lens = 537, 534, 540
[TDSE] Running TDSE-SH-elliptical. step 34400, energy = -0.38106938192775586
  |->  par_lens = 535, 535, 538
[TDSE] Running TDSE-SH-elliptical. step 34600, energy = -0.34005147255118023
  |->  par_lens = 530, 532, 533
[TDSE] Running TDSE-SH-elliptical. step 34800, energy = -0.30866868015688514
  |->  par_lens = 529, 529, 526
[TDSE] Running TDSE-SH-elliptical. step 35000, energy = -0.32825288822450277
  |->  par_lens = 522, 524, 526
[TDSE] Running TDSE-SH-elliptical. step 35200, energy = -0.36842093533381165
  |->  par_lens = 532, 525, 529
[TDSE] Running TDSE-SH-elliptical. step 35400, energy = -0.3919130828617424
  |->  par_lens = 525, 523, 527
[TDSE] Running TDSE-SH-elliptical. step 35600, energy = -0.37722126274653534
  |->  par_lens = 522, 514, 525
[TDSE] Running TDSE-SH-elliptical. step 35800, energy = -0.35296902653926954
  |->  par_lens = 505, 503, 503
[TDSE] Running TDSE-SH-elliptical. step 36000, energy = -0.3420258909692801
  |->  par_lens = 490, 488, 491
[TDSE] Running TDSE-SH-elliptical. step 36200, energy = -0.3712942776994098
  |->  par_lens = 481, 482, 487
[TDSE] Running TDSE-SH-elliptical. step 36400, energy = -0.3894653725993973
  |->  par_lens = 479, 472, 480
[TDSE] Running TDSE-SH-elliptical. step 36600, energy = -0.3949219631170752
  |->  par_lens = 475, 458, 470
[TDSE] Running TDSE-SH-elliptical. step 36800, energy = -0.378600583299673
  |->  par_lens = 451, 440, 449
[TDSE] Running TDSE-SH-elliptical. step 37000, energy = -0.36988940949503524
  |->  par_lens = 411, 419, 421
[TDSE] Running TDSE-SH-elliptical. step 37200, energy = -0.3741794763466282
  |->  par_lens = 385, 396, 390
[TDSE] Running TDSE-SH-elliptical. step 37400, energy = -0.3888554032487752
  |->  par_lens = 374, 382, 384
[TDSE] Running TDSE-SH-elliptical. step 37600, energy = -0.39889989547437466
  |->  par_lens = 370, 376, 371
[TDSE] Running TDSE-SH-elliptical. step 37800, energy = -0.3952515968260411
  |->  par_lens = 357, 363, 354
[TDSE] Running TDSE-SH-elliptical. step 38000, energy = -0.38699250063633023
  |->  par_lens = 332, 346, 334
[TDSE] Running TDSE-SH-elliptical. step 38200, energy = -0.38797255182864554
  |->  par_lens = 301, 306, 301
[TDSE] Running TDSE-SH-elliptical. step 38400, energy = -0.39046819104442554
  |->  par_lens = 288, 297, 284
[TDSE] Running TDSE-SH-elliptical. step 38600, energy = -0.3993537339048394
  |->  par_lens = 283, 292, 278
[TDSE] Running TDSE-SH-elliptical. step 38800, energy = -0.39952825820508925
  |->  par_lens = 275, 286, 272
[TDSE] Running TDSE-SH-elliptical. step 39000, energy = -0.39735230045438225
  |->  par_lens = 269, 268, 265
[TDSE] Running TDSE-SH-elliptical. step 39200, energy = -0.39566178770407906
  |->  par_lens = 255, 250, 250
[TDSE] Running TDSE-SH-elliptical. step 39400, energy = -0.3958227737755626
  |->  par_lens = 248, 250, 244
[TDSE] Running TDSE-SH-elliptical. step 39600, energy = -0.39982296131764844
  |->  par_lens = 245, 247, 242
[TDSE] Running TDSE-SH-elliptical. step 39800, energy = -0.40069951629867173
  |->  par_lens = 240, 243, 239
[TDSE] Running TDSE-SH-elliptical. step 40000, energy = -0.40120044514400316
  |->  par_lens = 238, 239, 236
[TDSE] Running TDSE-SH-elliptical. step 40200, energy = -0.4006269008590004
  |->  par_lens = 237, 236, 234
[TDSE] Running TDSE-SH-elliptical. step 40400, energy = -0.4002484207671607
  |->  par_lens = 228, 229, 229
[TDSE] Running TDSE-SH-elliptical. step 40600, energy = -0.4014793024149952
  |->  par_lens = 224, 225, 216
[TDSE] Running TDSE-SH-elliptical. step 40800, energy = -0.40182311800803433
  |->  par_lens = 212, 219, 209
[TDSE] Running TDSE-SH-elliptical. step 41000, energy = -0.4023670916099518
  |->  par_lens = 209, 217, 206
[TDSE] Running TDSE-SH-elliptical. step 41200, energy = -0.4026040672441237
  |->  par_lens = 207, 212, 203
[TDSE] Running TDSE-SH-elliptical. step 41400, energy = -0.4025048655055883
  |->  par_lens = 204, 209, 204
[TDSE] Running TDSE-SH-elliptical. step 41600, energy = -0.40297862408349844
  |->  par_lens = 204, 205, 201
[TDSE] Running TDSE-SH-elliptical. step 41800, energy = -0.40323227161546266
  |->  par_lens = 203, 202, 199
[TDSE] Running TDSE-SH-elliptical. step 42000, energy = -0.40356886876407205
  |->  par_lens = 201, 200, 198
[TDSE] Running TDSE-SH-elliptical. step 42200, energy = -0.4038442441832357
  |->  par_lens = 200, 197, 196
[TDSE] Running TDSE-SH-elliptical. step 42400, energy = -0.40414853175296694
  |->  par_lens = 199, 196, 194
[TDSE] Running TDSE-SH-elliptical. step 42600, energy = -0.404442259062633
  |->  par_lens = 199, 195, 194
[TDSE] Running TDSE-SH-elliptical. step 42800, energy = -0.4047439964580497
  |->  par_lens = 196, 193, 194
[TDSE] Running TDSE-SH-elliptical. step 43000, energy = -0.4050573488520823
  |->  par_lens = 192, 192, 193
[TDSE] Running TDSE-SH-elliptical. step 43200, energy = -0.40537311928434683
  |->  par_lens = 190, 189, 193
[TDSE] Running TDSE-SH-elliptical. step 43400, energy = -0.40570341966982376
  |->  par_lens = 188, 188, 192
[TDSE] Running TDSE-SH-elliptical. step 43600, energy = -0.4060263438166931
  |->  par_lens = 187, 187, 188
[TDSE] Running TDSE-SH-elliptical. step 43800, energy = -0.406361345728883
  |->  par_lens = 184, 185, 183
[TDSE] Running TDSE-SH-elliptical. step 44000, energy = -0.4066942483828722
  |->  par_lens = 184, 183, 182
[TDSE] Running TDSE-SH-elliptical. step 44200, energy = -0.40713424311055296
  |->  par_lens = 182, 182, 181
[TDSE] Running TDSE-SH-elliptical. step 44400, energy = -0.40756716069888327
  |->  par_lens = 178, 181, 180
[TDSE] Running TDSE-SH-elliptical. step 44600, energy = -0.4079472005585535
  |->  par_lens = 178, 179, 178
[TDSE] Running TDSE-SH-elliptical. step 44800, energy = -0.40811151329036016
  |->  par_lens = 177, 177, 177
[TDSE] Running TDSE-SH-elliptical. step 45000, energy = -0.40828862295777063
  |->  par_lens = 176, 175, 174
