  Activating project at `~/JuliaProp_v0.1`
[ITP]: 10000.500151030976
[ITP]: 3.0490838964780664e-8
[ITP]: 7.575335692067142e-9
Energy of ground state: -0.5001510690415283
[TDSE] Runing TDSE-SH-linear. step 0 energy = -0.5001510690415288 
     | block_size = 3 
[TDSE] Runing TDSE-SH-linear. step 200 energy = -0.5001510690414543 
     | block_size = 3 
[TDSE] Runing TDSE-SH-linear. step 400 energy = -0.5001510690412488 
     | block_size = 3 
[TDSE] Runing TDSE-SH-linear. step 600 energy = -0.5001510690397578 
     | block_size = 3 
[TDSE] Runing TDSE-SH-linear. step 800 energy = -0.5001510690324179 
     | block_size = 3 
[TDSE] Runing TDSE-SH-linear. step 1000 energy = -0.5001510690076049 
     | block_size = 3 
[TDSE] Runing TDSE-SH-linear. step 1200 energy = -0.5001510689412489 
     | block_size = 3 
[TDSE] Runing TDSE-SH-linear. step 1400 energy = -0.5001510687905257 
     | block_size = 3 
[TDSE] Runing TDSE-SH-linear. step 1600 energy = -0.5001510684862789 
     | block_size = 3 
[TDSE] Runing TDSE-SH-linear. step 1800 energy = -0.5001510679235965 
     | block_size = 3 
[TDSE] Runing TDSE-SH-linear. step 2000 energy = -0.5001510669559299 
     | block_size = 3 
[TDSE] Runing TDSE-SH-linear. step 2200 energy = -0.500151065376192 
     | block_size = 3 
[TDSE] Runing TDSE-SH-linear. step 2400 energy = -0.5001510629227666 
     | block_size = 3 
[TDSE] Runing TDSE-SH-linear. step 2600 energy = -0.5001510592504599 
     | block_size = 3 
[TDSE] Runing TDSE-SH-linear. step 2800 energy = -0.5001510539289904 
     | block_size = 3 
[TDSE] Runing TDSE-SH-linear. step 3000 energy = -0.5001510464510552 
     | block_size = 4 
[TDSE] Runing TDSE-SH-linear. step 3200 energy = -0.5001510361630315 
     | block_size = 4 
[TDSE] Runing TDSE-SH-linear. step 3400 energy = -0.5001510223847384 
     | block_size = 4 
[TDSE] Runing TDSE-SH-linear. step 3600 energy = -0.5001510041850183 
     | block_size = 4 
[TDSE] Runing TDSE-SH-linear. step 3800 energy = -0.5001509806287696 
     | block_size = 4 
[TDSE] Runing TDSE-SH-linear. step 4000 energy = -0.500150950702748 
     | block_size = 4 
[TDSE] Runing TDSE-SH-linear. step 4200 energy = -0.5001509129203208 
     | block_size = 4 
[TDSE] Runing TDSE-SH-linear. step 4400 energy = -0.5001508662154269 
     | block_size = 4 
[TDSE] Runing TDSE-SH-linear. step 4600 energy = -0.5001508089140386 
     | block_size = 4 
[TDSE] Runing TDSE-SH-linear. step 4800 energy = -0.5001507394725022 
     | block_size = 4 
[TDSE] Runing TDSE-SH-linear. step 5000 energy = -0.5001506561911917 
     | block_size = 4 
[TDSE] Runing TDSE-SH-linear. step 5200 energy = -0.5001505568516057 
     | block_size = 4 
[TDSE] Runing TDSE-SH-linear. step 5400 energy = -0.5001504406287092 
     | block_size = 4 
[TDSE] Runing TDSE-SH-linear. step 5600 energy = -0.5001503040260779 
     | block_size = 4 
[TDSE] Runing TDSE-SH-linear. step 5800 energy = -0.5001501456409906 
     | block_size = 4 
[TDSE] Runing TDSE-SH-linear. step 6000 energy = -0.5001499642892446 
     | block_size = 4 
[TDSE] Runing TDSE-SH-linear. step 6200 energy = -0.5001497558906994 
     | block_size = 4 
[TDSE] Runing TDSE-SH-linear. step 6400 energy = -0.500149520152271 
     | block_size = 4 
[TDSE] Runing TDSE-SH-linear. step 6600 energy = -0.5001492530149205 
     | block_size = 4 
[TDSE] Runing TDSE-SH-linear. step 6800 energy = -0.5001489546402603 
     | block_size = 4 
[TDSE] Runing TDSE-SH-linear. step 7000 energy = -0.5001486219940352 
     | block_size = 4 
[TDSE] Runing TDSE-SH-linear. step 7200 energy = -0.5001482501927281 
     | block_size = 4 
[TDSE] Runing TDSE-SH-linear. step 7400 energy = -0.50014784414493 
     | block_size = 4 
[TDSE] Runing TDSE-SH-linear. step 7600 energy = -0.5001473952248956 
     | block_size = 5 
[TDSE] Runing TDSE-SH-linear. step 7800 energy = -0.5001469053449448 
     | block_size = 5 
[TDSE] Runing TDSE-SH-linear. step 8000 energy = -0.5001463742464366 
     | block_size = 5 
[TDSE] Runing TDSE-SH-linear. step 8200 energy = -0.5001457956031563 
     | block_size = 5 
[TDSE] Runing TDSE-SH-linear. step 8400 energy = -0.5001451769738174 
     | block_size = 5 
[TDSE] Runing TDSE-SH-linear. step 8600 energy = -0.5001445076992741 
     | block_size = 5 
[TDSE] Runing TDSE-SH-linear. step 8800 energy = -0.5001437965657004 
     | block_size = 5 
[TDSE] Runing TDSE-SH-linear. step 9000 energy = -0.5001430385640243 
     | block_size = 5 
[TDSE] Runing TDSE-SH-linear. step 9200 energy = -0.5001422287956714 
     | block_size = 5 
[TDSE] Runing TDSE-SH-linear. step 9400 energy = -0.50014138689192 
     | block_size = 5 
[TDSE] Runing TDSE-SH-linear. step 9600 energy = -0.5001404884976985 
     | block_size = 6 
[TDSE] Runing TDSE-SH-linear. step 9800 energy = -0.5001395487998144 
     | block_size = 6 
[TDSE] Runing TDSE-SH-linear. step 10000 energy = -0.5001385730633685 
     | block_size = 6 
[TDSE] Runing TDSE-SH-linear. step 10200 energy = -0.5001374410766989 
     | block_size = 6 
[TDSE] Runing TDSE-SH-linear. step 10400 energy = -0.5001355792043747 
     | block_size = 6 
[TDSE] Runing TDSE-SH-linear. step 10600 energy = -0.5001339409830747 
     | block_size = 6 
[TDSE] Runing TDSE-SH-linear. step 10800 energy = -0.5001355459354484 
     | block_size = 6 
[TDSE] Runing TDSE-SH-linear. step 11000 energy = -0.5001424106914572 
     | block_size = 6 
[TDSE] Runing TDSE-SH-linear. step 11200 energy = -0.500149805752372 
     | block_size = 6 
[TDSE] Runing TDSE-SH-linear. step 11400 energy = -0.5001492715323633 
     | block_size = 6 
[TDSE] Runing TDSE-SH-linear. step 11600 energy = -0.5001435315484735 
     | block_size = 6 
[TDSE] Runing TDSE-SH-linear. step 11800 energy = -0.500146954720366 
     | block_size = 6 
[TDSE] Runing TDSE-SH-linear. step 12000 energy = -0.5001452195832612 
     | block_size = 6 
[TDSE] Runing TDSE-SH-linear. step 12200 energy = -0.5000616742130308 
     | block_size = 6 
[TDSE] Runing TDSE-SH-linear. step 12400 energy = -0.4998251434092755 
     | block_size = 7 
[TDSE] Runing TDSE-SH-linear. step 12600 energy = -0.49952015882556716 
     | block_size = 7 
[TDSE] Runing TDSE-SH-linear. step 12800 energy = -0.49941005038986974 
     | block_size = 8 
[TDSE] Runing TDSE-SH-linear. step 13000 energy = -0.49966850891427433 
     | block_size = 8 
[TDSE] Runing TDSE-SH-linear. step 13200 energy = -0.5000600247175004 
     | block_size = 9 
[TDSE] Runing TDSE-SH-linear. step 13400 energy = -0.5000570400684083 
     | block_size = 9 
[TDSE] Runing TDSE-SH-linear. step 13600 energy = -0.4994698011760064 
     | block_size = 8 
[TDSE] Runing TDSE-SH-linear. step 13800 energy = -0.49887805771570687 
     | block_size = 8 
[TDSE] Runing TDSE-SH-linear. step 14000 energy = -0.4990682567002077 
     | block_size = 7 
[TDSE] Runing TDSE-SH-linear. step 14200 energy = -0.4998806364389203 
     | block_size = 6 
[TDSE] Runing TDSE-SH-linear. step 14400 energy = -0.49994502093201115 
     | block_size = 6 
[TDSE] Runing TDSE-SH-linear. step 14600 energy = -0.498156832274745 
     | block_size = 7 
[TDSE] Runing TDSE-SH-linear. step 14800 energy = -0.49546152826403517 
     | block_size = 8 
[TDSE] Runing TDSE-SH-linear. step 15000 energy = -0.49444728025084816 
     | block_size = 9 
[TDSE] Runing TDSE-SH-linear. step 15200 energy = -0.49647368754140275 
     | block_size = 11 
[TDSE] Runing TDSE-SH-linear. step 15400 energy = -0.49945193588529135 
     | block_size = 11 
[TDSE] Runing TDSE-SH-linear. step 15600 energy = -0.49956683393421697 
     | block_size = 11 
[TDSE] Runing TDSE-SH-linear. step 15800 energy = -0.49584785826691996 
     | block_size = 11 
[TDSE] Runing TDSE-SH-linear. step 16000 energy = -0.4921162157919289 
     | block_size = 9 
[TDSE] Runing TDSE-SH-linear. step 16200 energy = -0.4929968960675635 
     | block_size = 9 
[TDSE] Runing TDSE-SH-linear. step 16400 energy = -0.4977554902660357 
     | block_size = 9 
[TDSE] Runing TDSE-SH-linear. step 16600 energy = -0.49981337953475746 
     | block_size = 10 
[TDSE] Runing TDSE-SH-linear. step 16800 energy = -0.4940876416858372 
     | block_size = 9 
[TDSE] Runing TDSE-SH-linear. step 17000 energy = -0.48424275065696654 
     | block_size = 10 
[TDSE] Runing TDSE-SH-linear. step 17200 energy = -0.48024830377253513 
     | block_size = 11 
[TDSE] Runing TDSE-SH-linear. step 17400 energy = -0.48707542433175854 
     | block_size = 13 
[TDSE] Runing TDSE-SH-linear. step 17600 energy = -0.4974272155658472 
     | block_size = 14 
[TDSE] Runing TDSE-SH-linear. step 17800 energy = -0.49864550970606364 
     | block_size = 14 
[TDSE] Runing TDSE-SH-linear. step 18000 energy = -0.4876422466984849 
     | block_size = 13 
[TDSE] Runing TDSE-SH-linear. step 18200 energy = -0.4762249347018019 
     | block_size = 11 
[TDSE] Runing TDSE-SH-linear. step 18400 energy = -0.47818555958894754 
     | block_size = 12 
[TDSE] Runing TDSE-SH-linear. step 18600 energy = -0.4918519345893858 
     | block_size = 13 
[TDSE] Runing TDSE-SH-linear. step 18800 energy = -0.4996055344976441 
     | block_size = 13 
[TDSE] Runing TDSE-SH-linear. step 19000 energy = -0.4877605356467263 
     | block_size = 13 
[TDSE] Runing TDSE-SH-linear. step 19200 energy = -0.4649014729587244 
     | block_size = 12 
[TDSE] Runing TDSE-SH-linear. step 19400 energy = -0.4548584029222276 
     | block_size = 14 
[TDSE] Runing TDSE-SH-linear. step 19600 energy = -0.4696328185088032 
     | block_size = 15 
[TDSE] Runing TDSE-SH-linear. step 19800 energy = -0.493178838740315 
     | block_size = 17 
[TDSE] Runing TDSE-SH-linear. step 20000 energy = -0.4976203973198749 
     | block_size = 17 
[TDSE] Runing TDSE-SH-linear. step 20200 energy = -0.47586331572059076 
     | block_size = 16 
[TDSE] Runing TDSE-SH-linear. step 20400 energy = -0.4521653897690425 
     | block_size = 14 
[TDSE] Runing TDSE-SH-linear. step 20600 energy = -0.4548776958105482 
     | block_size = 16 
[TDSE] Runing TDSE-SH-linear. step 20800 energy = -0.4817052612012386 
     | block_size = 17 
[TDSE] Runing TDSE-SH-linear. step 21000 energy = -0.4991743197463174 
     | block_size = 18 
[TDSE] Runing TDSE-SH-linear. step 21200 energy = -0.4808746708294161 
     | block_size = 17 
[TDSE] Runing TDSE-SH-linear. step 21400 energy = -0.4412772188260806 
     | block_size = 16 
[TDSE] Runing TDSE-SH-linear. step 21600 energy = -0.4225360225578398 
     | block_size = 17 
[TDSE] Runing TDSE-SH-linear. step 21800 energy = -0.4464627370915112 
     | block_size = 19 
[TDSE] Runing TDSE-SH-linear. step 22000 energy = -0.4867453042233073 
     | block_size = 21 
[TDSE] Runing TDSE-SH-linear. step 22200 energy = -0.4969670761178142 
     | block_size = 22 
[TDSE] Runing TDSE-SH-linear. step 22400 energy = -0.4642532139427978 
     | block_size = 20 
[TDSE] Runing TDSE-SH-linear. step 22600 energy = -0.4266309159140713 
     | block_size = 18 
[TDSE] Runing TDSE-SH-linear. step 22800 energy = -0.42892777807362376 
     | block_size = 19 
[TDSE] Runing TDSE-SH-linear. step 23000 energy = -0.4694298899083725 
     | block_size = 22 
[TDSE] Runing TDSE-SH-linear. step 23200 energy = -0.49842694631642226 
     | block_size = 23 
[TDSE] Runing TDSE-SH-linear. step 23400 energy = -0.47588005959206764 
     | block_size = 22 
[TDSE] Runing TDSE-SH-linear. step 23600 energy = -0.42094808910321385 
     | block_size = 19 
[TDSE] Runing TDSE-SH-linear. step 23800 energy = -0.39307568381193275 
     | block_size = 19 
[TDSE] Runing TDSE-SH-linear. step 24000 energy = -0.4240590154478318 
     | block_size = 23 
[TDSE] Runing TDSE-SH-linear. step 24200 energy = -0.47949670409694006 
     | block_size = 26 
[TDSE] Runing TDSE-SH-linear. step 24400 energy = -0.49697253249749956 
     | block_size = 27 
[TDSE] Runing TDSE-SH-linear. step 24600 energy = -0.4574612797433829 
     | block_size = 25 
[TDSE] Runing TDSE-SH-linear. step 24800 energy = -0.40915440461371694 
     | block_size = 21 
[TDSE] Runing TDSE-SH-linear. step 25000 energy = -0.4096627612171864 
     | block_size = 21 
[TDSE] Runing TDSE-SH-linear. step 25200 energy = -0.4592968456000824 
     | block_size = 24 
[TDSE] Runing TDSE-SH-linear. step 25400 energy = -0.49750534054747986 
     | block_size = 26 
[TDSE] Runing TDSE-SH-linear. step 25600 energy = -0.47467234277636716 
     | block_size = 25 
[TDSE] Runing TDSE-SH-linear. step 25800 energy = -0.41150620055262194 
     | block_size = 22 
[TDSE] Runing TDSE-SH-linear. step 26000 energy = -0.3773343616905744 
     | block_size = 21 
[TDSE] Runing TDSE-SH-linear. step 26200 energy = -0.41043206590238857 
     | block_size = 25 
[TDSE] Runing TDSE-SH-linear. step 26400 energy = -0.47379282736337724 
     | block_size = 29 
[TDSE] Runing TDSE-SH-linear. step 26600 energy = -0.4975529339881829 
     | block_size = 30 
[TDSE] Runing TDSE-SH-linear. step 26800 energy = -0.458454346357346 
     | block_size = 28 
[TDSE] Runing TDSE-SH-linear. step 27000 energy = -0.407049251775247 
     | block_size = 24 
[TDSE] Runing TDSE-SH-linear. step 27200 energy = -0.4051442306191798 
     | block_size = 22 
[TDSE] Runing TDSE-SH-linear. step 27400 energy = -0.45557979709745827 
     | block_size = 25 
[TDSE] Runing TDSE-SH-linear. step 27600 energy = -0.49679865826708286 
     | block_size = 27 
[TDSE] Runing TDSE-SH-linear. step 27800 energy = -0.4775531957437164 
     | block_size = 27 
[TDSE] Runing TDSE-SH-linear. step 28000 energy = -0.4165211351204874 
     | block_size = 23 
[TDSE] Runing TDSE-SH-linear. step 28200 energy = -0.3813542094993161 
     | block_size = 23 
[TDSE] Runing TDSE-SH-linear. step 28400 energy = -0.41096783709986734 
     | block_size = 27 
[TDSE] Runing TDSE-SH-linear. step 28600 energy = -0.4718722673639785 
     | block_size = 31 
[TDSE] Runing TDSE-SH-linear. step 28800 energy = -0.49833770479808137 
     | block_size = 32 
[TDSE] Runing TDSE-SH-linear. step 29000 energy = -0.466777545594035 
     | block_size = 30 
[TDSE] Runing TDSE-SH-linear. step 29200 energy = -0.4212425087936149 
     | block_size = 27 
[TDSE] Runing TDSE-SH-linear. step 29400 energy = -0.4176648219463997 
     | block_size = 23 
[TDSE] Runing TDSE-SH-linear. step 29600 energy = -0.4600705255668112 
     | block_size = 24 
[TDSE] Runing TDSE-SH-linear. step 29800 energy = -0.49673357551865643 
     | block_size = 26 
[TDSE] Runing TDSE-SH-linear. step 30000 energy = -0.48321835863303253 
     | block_size = 25 
[TDSE] Runing TDSE-SH-linear. step 30200 energy = -0.4336564762261914 
     | block_size = 23 
[TDSE] Runing TDSE-SH-linear. step 30400 energy = -0.40335313990433075 
     | block_size = 25 
[TDSE] Runing TDSE-SH-linear. step 30600 energy = -0.42549735870910643 
     | block_size = 29 
[TDSE] Runing TDSE-SH-linear. step 30800 energy = -0.47462629990329774 
     | block_size = 33 
[TDSE] Runing TDSE-SH-linear. step 31000 energy = -0.49894359042311726 
     | block_size = 34 
[TDSE] Runing TDSE-SH-linear. step 31200 energy = -0.4787867648462163 
     | block_size = 33 
[TDSE] Runing TDSE-SH-linear. step 31400 energy = -0.44580694754834854 
     | block_size = 30 
[TDSE] Runing TDSE-SH-linear. step 31600 energy = -0.4418632980862127 
     | block_size = 26 
[TDSE] Runing TDSE-SH-linear. step 31800 energy = -0.47097725945258023 
     | block_size = 24 
[TDSE] Runing TDSE-SH-linear. step 32000 energy = -0.49744481277502456 
     | block_size = 23 
[TDSE] Runing TDSE-SH-linear. step 32200 energy = -0.48949805129425916 
     | block_size = 23 
[TDSE] Runing TDSE-SH-linear. step 32400 energy = -0.45621200897962794 
     | block_size = 25 
[TDSE] Runing TDSE-SH-linear. step 32600 energy = -0.4348700298518088 
     | block_size = 28 
[TDSE] Runing TDSE-SH-linear. step 32800 energy = -0.44837486781565666 
     | block_size = 31 
[TDSE] Runing TDSE-SH-linear. step 33000 energy = -0.48081040342855924 
     | block_size = 34 
[TDSE] Runing TDSE-SH-linear. step 33200 energy = -0.49919713899925455 
     | block_size = 35 
[TDSE] Runing TDSE-SH-linear. step 33400 energy = -0.4899355253831357 
     | block_size = 35 
[TDSE] Runing TDSE-SH-linear. step 33600 energy = -0.4713178556173929 
     | block_size = 33 
[TDSE] Runing TDSE-SH-linear. step 33800 energy = -0.46830277872328885 
     | block_size = 30 
[TDSE] Runing TDSE-SH-linear. step 34000 energy = -0.4840578417105723 
     | block_size = 28 
[TDSE] Runing TDSE-SH-linear. step 34200 energy = -0.49860067117136064 
     | block_size = 27 
[TDSE] Runing TDSE-SH-linear. step 34400 energy = -0.49457125289748305 
     | block_size = 27 
[TDSE] Runing TDSE-SH-linear. step 34600 energy = -0.4764983828572692 
     | block_size = 29 
[TDSE] Runing TDSE-SH-linear. step 34800 energy = -0.46466607549599803 
     | block_size = 31 
[TDSE] Runing TDSE-SH-linear. step 35000 energy = -0.470996971617556 
     | block_size = 34 
[TDSE] Runing TDSE-SH-linear. step 35200 energy = -0.48812871699123683 
     | block_size = 36 
[TDSE] Runing TDSE-SH-linear. step 35400 energy = -0.49917234276996303 
     | block_size = 37 
[TDSE] Runing TDSE-SH-linear. step 35600 energy = -0.4971955922152687 
     | block_size = 37 
[TDSE] Runing TDSE-SH-linear. step 35800 energy = -0.48979397564553434 
     | block_size = 36 
[TDSE] Runing TDSE-SH-linear. step 36000 energy = -0.4883409088978267 
     | block_size = 34 
[TDSE] Runing TDSE-SH-linear. step 36200 energy = -0.49424523122874914 
     | block_size = 33 
[TDSE] Runing TDSE-SH-linear. step 36400 energy = -0.49966827407746295 
     | block_size = 32 
[TDSE] Runing TDSE-SH-linear. step 36600 energy = -0.4976161303982944 
     | block_size = 32 
[TDSE] Runing TDSE-SH-linear. step 36800 energy = -0.4903639994487095 
     | block_size = 33 
[TDSE] Runing TDSE-SH-linear. step 37000 energy = -0.4853417829126388 
     | block_size = 35 
[TDSE] Runing TDSE-SH-linear. step 37200 energy = -0.48760559297214146 
     | block_size = 37 
[TDSE] Runing TDSE-SH-linear. step 37400 energy = -0.4941219891950454 
     | block_size = 38 
[TDSE] Runing TDSE-SH-linear. step 37600 energy = -0.49912653998484435 
     | block_size = 39 
[TDSE] Runing TDSE-SH-linear. step 37800 energy = -0.49990118955368706 
     | block_size = 39 
[TDSE] Runing TDSE-SH-linear. step 38000 energy = -0.4985650095280616 
     | block_size = 39 
[TDSE] Runing TDSE-SH-linear. step 38200 energy = -0.4981382536960674 
     | block_size = 38 
[TDSE] Runing TDSE-SH-linear. step 38400 energy = -0.49932336307220343 
     | block_size = 37 
[TDSE] Runing TDSE-SH-linear. step 38600 energy = -0.5000845279225388 
     | block_size = 37 
[TDSE] Runing TDSE-SH-linear. step 38800 energy = -0.4990966568296679 
     | block_size = 37 
[TDSE] Runing TDSE-SH-linear. step 39000 energy = -0.49698951011736975 
     | block_size = 38 
[TDSE] Runing TDSE-SH-linear. step 39200 energy = -0.4957465772783298 
     | block_size = 39 
[TDSE] Runing TDSE-SH-linear. step 39400 energy = -0.49614367636803614 
     | block_size = 40 
[TDSE] Runing TDSE-SH-linear. step 39600 energy = -0.49774805258124544 
     | block_size = 41 
[TDSE] Runing TDSE-SH-linear. step 39800 energy = -0.49917583301146184 
     | block_size = 42 
[TDSE] Runing TDSE-SH-linear. step 40000 energy = -0.4999038120516048 
     | block_size = 42 
[TDSE] Runing TDSE-SH-linear. step 40200 energy = -0.5001129408564292 
     | block_size = 42 
[TDSE] Runing TDSE-SH-linear. step 40400 energy = -0.5001243604036198 
     | block_size = 42 
[TDSE] Runing TDSE-SH-linear. step 40600 energy = -0.5000653329860684 
     | block_size = 42 
[TDSE] Runing TDSE-SH-linear. step 40800 energy = -0.4998604991629269 
     | block_size = 42 
[TDSE] Runing TDSE-SH-linear. step 41000 energy = -0.49951196620021276 
     | block_size = 43 
[TDSE] Runing TDSE-SH-linear. step 41200 energy = -0.49920934350546203 
     | block_size = 43 
[TDSE] Runing TDSE-SH-linear. step 41400 energy = -0.4990137371062663 
     | block_size = 43 
[TDSE] Runing TDSE-SH-linear. step 41600 energy = -0.4990802554156636 
     | block_size = 44 
[TDSE] Runing TDSE-SH-linear. step 41800 energy = -0.49919957856029346 
     | block_size = 44 
[TDSE] Runing TDSE-SH-linear. step 42000 energy = -0.4993103395556362 
     | block_size = 45 
[TDSE] Runing TDSE-SH-linear. step 42200 energy = -0.49942509700218635 
     | block_size = 45 
[TDSE] Runing TDSE-SH-linear. step 42400 energy = -0.4994330086285213 
     | block_size = 45 
[TDSE] Runing TDSE-SH-linear. step 42600 energy = -0.4994448860289761 
     | block_size = 46 
[TDSE] Runing TDSE-SH-linear. step 42800 energy = -0.4994236112030736 
     | block_size = 46 
[TDSE] Runing TDSE-SH-linear. step 43000 energy = -0.4994122716961409 
     | block_size = 46 
[TDSE] Runing TDSE-SH-linear. step 43200 energy = -0.4994217670293534 
     | block_size = 46 
[TDSE] Runing TDSE-SH-linear. step 43400 energy = -0.4993792549361683 
     | block_size = 47 
[TDSE] Runing TDSE-SH-linear. step 43600 energy = -0.4994058243431859 
     | block_size = 47 
[TDSE] Runing TDSE-SH-linear. step 43800 energy = -0.4993871725148507 
     | block_size = 47 
[TDSE] Runing TDSE-SH-linear. step 44000 energy = -0.49936055470813967 
     | block_size = 47 
[TDSE] Runing TDSE-SH-linear. step 44200 energy = -0.4993787459779162 
     | block_size = 48 
[TDSE] Runing TDSE-SH-linear. step 44400 energy = -0.49935057111346765 
     | block_size = 48 
[TDSE] Runing TDSE-SH-linear. step 44600 energy = -0.4993581342551134 
     | block_size = 48 
[TDSE] Runing TDSE-SH-linear. step 44800 energy = -0.49932816785561907 
     | block_size = 48 
[TDSE] Runing TDSE-SH-linear. step 45000 energy = -0.4993276427724712 
     | block_size = 49 
[TDSE] Runing TDSE-SH-linear. step 45200 energy = -0.4993393749559377 
     | block_size = 49 
[TDSE] Runing TDSE-SH-linear. step 45400 energy = -0.4992862978597006 
     | block_size = 49 
[TDSE] Runing TDSE-SH-linear. step 45600 energy = -0.4993092017659163 
     | block_size = 49 
[TDSE] Runing TDSE-SH-linear. step 45800 energy = -0.49929147631987875 
     | block_size = 49 
[TDSE] Runing TDSE-SH-linear. step 46000 energy = -0.4992711264875207 
     | block_size = 49 
[TDSE] Runing TDSE-SH-linear. step 46200 energy = -0.49927437308802275 
     | block_size = 50 
[TDSE] Runing TDSE-SH-linear. step 46400 energy = -0.4992425823038622 
     | block_size = 50 
[TDSE] Runing TDSE-SH-linear. step 46600 energy = -0.4992601730548137 
     | block_size = 50 
[TDSE] Runing TDSE-SH-linear. step 46800 energy = -0.4992204250787244 
     | block_size = 50 
[TDSE] Runing TDSE-SH-linear. step 47000 energy = -0.49921707021321676 
     | block_size = 50 
[TDSE] Runing TDSE-SH-linear. step 47200 energy = -0.49922501318940327 
     | block_size = 50 
[TDSE] Runing TDSE-SH-linear. step 47400 energy = -0.49917256770111446 
     | block_size = 50 
[TDSE] Runing TDSE-SH-linear. step 47600 energy = -0.4991950280680387 
     | block_size = 51 
[TDSE] Runing TDSE-SH-linear. step 47800 energy = -0.49916826385228263 
     | block_size = 51 
[TDSE] Runing TDSE-SH-linear. step 48000 energy = -0.4991512535720294 
     | block_size = 51 
[TDSE] Runing TDSE-SH-linear. step 48200 energy = -0.49914640874616234 
     | block_size = 51 
[TDSE] Runing TDSE-SH-linear. step 48400 energy = -0.4991155257703927 
     | block_size = 51 
[TDSE] Runing TDSE-SH-linear. step 48600 energy = -0.49913584195262434 
     | block_size = 51 
[TDSE] Runing TDSE-SH-linear. step 48800 energy = -0.4990815017130682 
     | block_size = 52 
[TDSE] Runing TDSE-SH-linear. step 49000 energy = -0.4990811915989376 
     | block_size = 52 
[TDSE] Runing TDSE-SH-linear. step 49200 energy = -0.49908978935642334 
     | block_size = 52 
[TDSE] Runing TDSE-SH-linear. step 49400 energy = -0.49903439396664595 
     | block_size = 52 
[TDSE] Runing TDSE-SH-linear. step 49600 energy = -0.4990486250997605 
     | block_size = 51 
[TDSE] Runing TDSE-SH-linear. step 49800 energy = -0.4990171449946967 
     | block_size = 51 
[TDSE] Runing TDSE-SH-linear. step 50000 energy = -0.49901192868374566 
     | block_size = 52 
[TDSE] Runing TDSE-SH-linear. step 50200 energy = -0.49899278487528465 
     | block_size = 52 
[TDSE] Runing TDSE-SH-linear. step 50400 energy = -0.49895590034369336 
     | block_size = 52 
[TDSE] Runing TDSE-SH-linear. step 50600 energy = -0.4989837619126815 
     | block_size = 52 
[TDSE] Runing TDSE-SH-linear. step 50800 energy = -0.4989222293771307 
     | block_size = 53 
[TDSE] Runing TDSE-SH-linear. step 51000 energy = -0.49891910123227445 
     | block_size = 53 
[TDSE] Runing TDSE-SH-linear. step 51200 energy = -0.49892132233078923 
     | block_size = 53 
[TDSE] Runing TDSE-SH-linear. step 51400 energy = -0.49887108600147834 
     | block_size = 53 
[TDSE] Runing TDSE-SH-linear. step 51600 energy = -0.4988797160614027 
     | block_size = 53 
[TDSE] Runing TDSE-SH-linear. step 51800 energy = -0.4988372769935425 
     | block_size = 53 
[TDSE] Runing TDSE-SH-linear. step 52000 energy = -0.4988432133619799 
     | block_size = 53 
[TDSE] Runing TDSE-SH-linear. step 52200 energy = -0.4988141141249114 
     | block_size = 53 
[TDSE] Runing TDSE-SH-linear. step 52400 energy = -0.49877170660917336 
     | block_size = 53 
[TDSE] Runing TDSE-SH-linear. step 52600 energy = -0.49880200251227425 
     | block_size = 54 
[TDSE] Runing TDSE-SH-linear. step 52800 energy = -0.49873640529706226 
     | block_size = 54 
[TDSE] Runing TDSE-SH-linear. step 53000 energy = -0.4987333467360338 
     | block_size = 54 
