  Activating project at `~/JuliaProp_v0.1`
[ITP]: 10000.500151030976
[ITP]: 3.0490838964780664e-8
[ITP]: 7.575335692067142e-9
Energy of ground state: -0.5001510690415283
[TDSE] Runing TDSE-SH-linear. step 0 energy = -0.5001510690415291 
     | block_size = 3 
[TDSE] Runing TDSE-SH-linear. step 200 energy = -0.5001510690414498 
     | block_size = 3 
[TDSE] Runing TDSE-SH-linear. step 400 energy = -0.5001510690408436 
     | block_size = 3 
[TDSE] Runing TDSE-SH-linear. step 600 energy = -0.5001510690351427 
     | block_size = 3 
[TDSE] Runing TDSE-SH-linear. step 800 energy = -0.5001510690065224 
     | block_size = 3 
[TDSE] Runing TDSE-SH-linear. step 1000 energy = -0.5001510689096432 
     | block_size = 3 
[TDSE] Runing TDSE-SH-linear. step 1200 energy = -0.500151068651369 
     | block_size = 3 
[TDSE] Runing TDSE-SH-linear. step 1400 energy = -0.500151068067295 
     | block_size = 3 
[TDSE] Runing TDSE-SH-linear. step 1600 energy = -0.5001510668942957 
     | block_size = 3 
[TDSE] Runing TDSE-SH-linear. step 1800 energy = -0.5001510647370131 
     | block_size = 3 
[TDSE] Runing TDSE-SH-linear. step 2000 energy = -0.500151061049581 
     | block_size = 3 
[TDSE] Runing TDSE-SH-linear. step 2200 energy = -0.5001510550686766 
     | block_size = 3 
[TDSE] Runing TDSE-SH-linear. step 2400 energy = -0.5001510458443487 
     | block_size = 4 
[TDSE] Runing TDSE-SH-linear. step 2600 energy = -0.5001510321387417 
     | block_size = 4 
[TDSE] Runing TDSE-SH-linear. step 2800 energy = -0.5001510124319136 
     | block_size = 4 
[TDSE] Runing TDSE-SH-linear. step 3000 energy = -0.5001509849665584 
     | block_size = 4 
[TDSE] Runing TDSE-SH-linear. step 3200 energy = -0.5001509475038051 
     | block_size = 4 
[TDSE] Runing TDSE-SH-linear. step 3400 energy = -0.5001508977869891 
     | block_size = 4 
[TDSE] Runing TDSE-SH-linear. step 3600 energy = -0.5001508327327847 
     | block_size = 4 
[TDSE] Runing TDSE-SH-linear. step 3800 energy = -0.5001507493621753 
     | block_size = 4 
[TDSE] Runing TDSE-SH-linear. step 4000 energy = -0.5001506445472195 
     | block_size = 4 
[TDSE] Runing TDSE-SH-linear. step 4200 energy = -0.5001505136120301 
     | block_size = 4 
[TDSE] Runing TDSE-SH-linear. step 4400 energy = -0.5001503535729979 
     | block_size = 4 
[TDSE] Runing TDSE-SH-linear. step 4600 energy = -0.5001501594872503 
     | block_size = 4 
[TDSE] Runing TDSE-SH-linear. step 4800 energy = -0.5001499270954834 
     | block_size = 4 
[TDSE] Runing TDSE-SH-linear. step 5000 energy = -0.5001496518460288 
     | block_size = 4 
[TDSE] Runing TDSE-SH-linear. step 5200 energy = -0.5001493276767054 
     | block_size = 4 
[TDSE] Runing TDSE-SH-linear. step 5400 energy = -0.5001489535641757 
     | block_size = 4 
[TDSE] Runing TDSE-SH-linear. step 5600 energy = -0.5001485197180389 
     | block_size = 4 
[TDSE] Runing TDSE-SH-linear. step 5800 energy = -0.5001480237560091 
     | block_size = 4 
[TDSE] Runing TDSE-SH-linear. step 6000 energy = -0.5001474643067877 
     | block_size = 4 
[TDSE] Runing TDSE-SH-linear. step 6200 energy = -0.5001468307914214 
     | block_size = 4 
[TDSE] Runing TDSE-SH-linear. step 6400 energy = -0.5001461253271865 
     | block_size = 5 
[TDSE] Runing TDSE-SH-linear. step 6600 energy = -0.5001453382590845 
     | block_size = 5 
[TDSE] Runing TDSE-SH-linear. step 6800 energy = -0.5001444736983467 
     | block_size = 5 
[TDSE] Runing TDSE-SH-linear. step 7000 energy = -0.5001435258951125 
     | block_size = 5 
[TDSE] Runing TDSE-SH-linear. step 7200 energy = -0.50014248380391 
     | block_size = 5 
[TDSE] Runing TDSE-SH-linear. step 7400 energy = -0.5001413667323877 
     | block_size = 5 
[TDSE] Runing TDSE-SH-linear. step 7600 energy = -0.5001401529924568 
     | block_size = 5 
[TDSE] Runing TDSE-SH-linear. step 7800 energy = -0.5001388528772556 
     | block_size = 5 
[TDSE] Runing TDSE-SH-linear. step 8000 energy = -0.5001374702541358 
     | block_size = 6 
[TDSE] Runing TDSE-SH-linear. step 8200 energy = -0.5001359915491491 
     | block_size = 6 
[TDSE] Runing TDSE-SH-linear. step 8400 energy = -0.5001344432998919 
     | block_size = 6 
[TDSE] Runing TDSE-SH-linear. step 8600 energy = -0.5001327999629852 
     | block_size = 6 
[TDSE] Runing TDSE-SH-linear. step 8800 energy = -0.5001310908707113 
     | block_size = 6 
[TDSE] Runing TDSE-SH-linear. step 9000 energy = -0.5001293068033319 
     | block_size = 6 
[TDSE] Runing TDSE-SH-linear. step 9200 energy = -0.500127439104778 
     | block_size = 6 
[TDSE] Runing TDSE-SH-linear. step 9400 energy = -0.50012554459501 
     | block_size = 7 
[TDSE] Runing TDSE-SH-linear. step 9600 energy = -0.5001235625041148 
     | block_size = 7 
[TDSE] Runing TDSE-SH-linear. step 9800 energy = -0.5001215366718681 
     | block_size = 7 
[TDSE] Runing TDSE-SH-linear. step 10000 energy = -0.5001194840380485 
     | block_size = 7 
[TDSE] Runing TDSE-SH-linear. step 10200 energy = -0.5001172096424444 
     | block_size = 7 
[TDSE] Runing TDSE-SH-linear. step 10400 energy = -0.5001138395230919 
     | block_size = 7 
[TDSE] Runing TDSE-SH-linear. step 10600 energy = -0.5001108554606344 
     | block_size = 8 
[TDSE] Runing TDSE-SH-linear. step 10800 energy = -0.5001129484799505 
     | block_size = 8 
[TDSE] Runing TDSE-SH-linear. step 11000 energy = -0.500124039822026 
     | block_size = 8 
[TDSE] Runing TDSE-SH-linear. step 11200 energy = -0.5001399014966252 
     | block_size = 8 
[TDSE] Runing TDSE-SH-linear. step 11400 energy = -0.5001497607106785 
     | block_size = 8 
[TDSE] Runing TDSE-SH-linear. step 11600 energy = -0.5001508846469614 
     | block_size = 8 
[TDSE] Runing TDSE-SH-linear. step 11800 energy = -0.5001506732219136 
     | block_size = 8 
[TDSE] Runing TDSE-SH-linear. step 12000 energy = -0.5001297723346787 
     | block_size = 8 
[TDSE] Runing TDSE-SH-linear. step 12200 energy = -0.5000118815430039 
     | block_size = 8 
[TDSE] Runing TDSE-SH-linear. step 12400 energy = -0.49973384917638086 
     | block_size = 8 
[TDSE] Runing TDSE-SH-linear. step 12600 energy = -0.4993946174564606 
     | block_size = 9 
[TDSE] Runing TDSE-SH-linear. step 12800 energy = -0.49927431843663644 
     | block_size = 10 
[TDSE] Runing TDSE-SH-linear. step 13000 energy = -0.49955841350464775 
     | block_size = 10 
[TDSE] Runing TDSE-SH-linear. step 13200 energy = -0.500011949412665 
     | block_size = 10 
[TDSE] Runing TDSE-SH-linear. step 13400 energy = -0.5000934310370361 
     | block_size = 10 
[TDSE] Runing TDSE-SH-linear. step 13600 energy = -0.4995865470141481 
     | block_size = 10 
[TDSE] Runing TDSE-SH-linear. step 13800 energy = -0.49903982814562436 
     | block_size = 9 
[TDSE] Runing TDSE-SH-linear. step 14000 energy = -0.4992156549691837 
     | block_size = 9 
[TDSE] Runing TDSE-SH-linear. step 14200 energy = -0.49994751342658444 
     | block_size = 8 
[TDSE] Runing TDSE-SH-linear. step 14400 energy = -0.49988209661845 
     | block_size = 8 
[TDSE] Runing TDSE-SH-linear. step 14600 energy = -0.4979526470629639 
     | block_size = 9 
[TDSE] Runing TDSE-SH-linear. step 14800 energy = -0.4951527989734717 
     | block_size = 10 
[TDSE] Runing TDSE-SH-linear. step 15000 energy = -0.4941121324667192 
     | block_size = 11 
[TDSE] Runing TDSE-SH-linear. step 15200 energy = -0.4962093158144075 
     | block_size = 13 
[TDSE] Runing TDSE-SH-linear. step 15400 energy = -0.499342768062195 
     | block_size = 13 
[TDSE] Runing TDSE-SH-linear. step 15600 energy = -0.49965298134144287 
     | block_size = 13 
[TDSE] Runing TDSE-SH-linear. step 15800 energy = -0.4961067378879627 
     | block_size = 12 
[TDSE] Runing TDSE-SH-linear. step 16000 energy = -0.4924653920606607 
     | block_size = 11 
[TDSE] Runing TDSE-SH-linear. step 16200 energy = -0.49331730972649906 
     | block_size = 9 
[TDSE] Runing TDSE-SH-linear. step 16400 energy = -0.4979301130192901 
     | block_size = 9 
[TDSE] Runing TDSE-SH-linear. step 16600 energy = -0.49976784933295104 
     | block_size = 9 
[TDSE] Runing TDSE-SH-linear. step 16800 energy = -0.493817373883422 
     | block_size = 9 
[TDSE] Runing TDSE-SH-linear. step 17000 energy = -0.4838174449531695 
     | block_size = 10 
[TDSE] Runing TDSE-SH-linear. step 17200 energy = -0.47979102023165093 
     | block_size = 13 
[TDSE] Runing TDSE-SH-linear. step 17400 energy = -0.4867216454970863 
     | block_size = 15 
[TDSE] Runing TDSE-SH-linear. step 17600 energy = -0.49727926840743536 
     | block_size = 16 
[TDSE] Runing TDSE-SH-linear. step 17800 energy = -0.4987384428979532 
     | block_size = 16 
[TDSE] Runing TDSE-SH-linear. step 18000 energy = -0.48793202577433276 
     | block_size = 15 
[TDSE] Runing TDSE-SH-linear. step 18200 energy = -0.47660500623210633 
     | block_size = 13 
[TDSE] Runing TDSE-SH-linear. step 18400 energy = -0.4785253214642332 
     | block_size = 12 
[TDSE] Runing TDSE-SH-linear. step 18600 energy = -0.492041977941368 
     | block_size = 13 
[TDSE] Runing TDSE-SH-linear. step 18800 energy = -0.49959386996644184 
     | block_size = 13 
[TDSE] Runing TDSE-SH-linear. step 19000 energy = -0.48756687228637346 
     | block_size = 13 
[TDSE] Runing TDSE-SH-linear. step 19200 energy = -0.46460445665798517 
     | block_size = 12 
[TDSE] Runing TDSE-SH-linear. step 19400 energy = -0.454561444809953 
     | block_size = 14 
[TDSE] Runing TDSE-SH-linear. step 19600 energy = -0.46942353109297624 
     | block_size = 16 
[TDSE] Runing TDSE-SH-linear. step 19800 energy = -0.4930980481916384 
     | block_size = 18 
[TDSE] Runing TDSE-SH-linear. step 20000 energy = -0.497652636971812 
     | block_size = 18 
[TDSE] Runing TDSE-SH-linear. step 20200 energy = -0.4759519337820112 
     | block_size = 17 
[TDSE] Runing TDSE-SH-linear. step 20400 energy = -0.4522452491126289 
     | block_size = 15 
[TDSE] Runing TDSE-SH-linear. step 20600 energy = -0.4549096419284054 
     | block_size = 16 
[TDSE] Runing TDSE-SH-linear. step 20800 energy = -0.481696599963403 
     | block_size = 17 
[TDSE] Runing TDSE-SH-linear. step 21000 energy = -0.49917454346680734 
     | block_size = 18 
[TDSE] Runing TDSE-SH-linear. step 21200 energy = -0.480948236990222 
     | block_size = 17 
[TDSE] Runing TDSE-SH-linear. step 21400 energy = -0.4414629230742123 
     | block_size = 16 
[TDSE] Runing TDSE-SH-linear. step 21600 energy = -0.42281458658110715 
     | block_size = 17 
[TDSE] Runing TDSE-SH-linear. step 21800 energy = -0.44674804783463434 
     | block_size = 19 
[TDSE] Runing TDSE-SH-linear. step 22000 energy = -0.48690851615429936 
     | block_size = 21 
[TDSE] Runing TDSE-SH-linear. step 22200 energy = -0.4968869649420208 
     | block_size = 22 
[TDSE] Runing TDSE-SH-linear. step 22400 energy = -0.4638784845167171 
     | block_size = 20 
[TDSE] Runing TDSE-SH-linear. step 22600 energy = -0.42602297616673457 
     | block_size = 18 
[TDSE] Runing TDSE-SH-linear. step 22800 energy = -0.42826219690413586 
     | block_size = 19 
[TDSE] Runing TDSE-SH-linear. step 23000 energy = -0.4689539400583197 
     | block_size = 22 
[TDSE] Runing TDSE-SH-linear. step 23200 energy = -0.49837457650050254 
     | block_size = 23 
[TDSE] Runing TDSE-SH-linear. step 23400 energy = -0.4763773036728683 
     | block_size = 22 
[TDSE] Runing TDSE-SH-linear. step 23600 energy = -0.42194054086996957 
     | block_size = 20 
[TDSE] Runing TDSE-SH-linear. step 23800 energy = -0.39431846934364434 
     | block_size = 19 
[TDSE] Runing TDSE-SH-linear. step 24000 energy = -0.4251751048183314 
     | block_size = 23 
[TDSE] Runing TDSE-SH-linear. step 24200 energy = -0.4800946216994399 
     | block_size = 26 
[TDSE] Runing TDSE-SH-linear. step 24400 energy = -0.4967802735543874 
     | block_size = 26 
[TDSE] Runing TDSE-SH-linear. step 24600 energy = -0.45645182667367407 
     | block_size = 25 
[TDSE] Runing TDSE-SH-linear. step 24800 energy = -0.40758635689343153 
     | block_size = 21 
[TDSE] Runing TDSE-SH-linear. step 25000 energy = -0.4080170262873948 
     | block_size = 21 
[TDSE] Runing TDSE-SH-linear. step 25200 energy = -0.4581447625404811 
     | block_size = 25 
[TDSE] Runing TDSE-SH-linear. step 25400 energy = -0.4973168975966565 
     | block_size = 26 
[TDSE] Runing TDSE-SH-linear. step 25600 energy = -0.47564036694411543 
     | block_size = 25 
[TDSE] Runing TDSE-SH-linear. step 25800 energy = -0.41344927049904984 
     | block_size = 22 
[TDSE] Runing TDSE-SH-linear. step 26000 energy = -0.37972630317466416 
     | block_size = 21 
[TDSE] Runing TDSE-SH-linear. step 26200 energy = -0.4125506169685924 
     | block_size = 25 
[TDSE] Runing TDSE-SH-linear. step 26400 energy = -0.4749470721832619 
     | block_size = 28 
[TDSE] Runing TDSE-SH-linear. step 26600 energy = -0.4973118751252547 
     | block_size = 29 
[TDSE] Runing TDSE-SH-linear. step 26800 energy = -0.4568253825942773 
     | block_size = 28 
[TDSE] Runing TDSE-SH-linear. step 27000 energy = -0.40450938127621905 
     | block_size = 24 
[TDSE] Runing TDSE-SH-linear. step 27200 energy = -0.402494809533505 
     | block_size = 22 
[TDSE] Runing TDSE-SH-linear. step 27400 energy = -0.4537158153262761 
     | block_size = 26 
[TDSE] Runing TDSE-SH-linear. step 27600 energy = -0.4964143923613231 
     | block_size = 28 
[TDSE] Runing TDSE-SH-linear. step 27800 energy = -0.478899006284297 
     | block_size = 27 
[TDSE] Runing TDSE-SH-linear. step 28000 energy = -0.4192897525294204 
     | block_size = 24 
[TDSE] Runing TDSE-SH-linear. step 28200 energy = -0.38476162249718276 
     | block_size = 22 
[TDSE] Runing TDSE-SH-linear. step 28400 energy = -0.4139897849081923 
     | block_size = 26 
[TDSE] Runing TDSE-SH-linear. step 28600 energy = -0.4735653545679843 
     | block_size = 30 
[TDSE] Runing TDSE-SH-linear. step 28800 energy = -0.4981507897343991 
     | block_size = 31 
[TDSE] Runing TDSE-SH-linear. step 29000 energy = -0.46475539861280823 
     | block_size = 29 
[TDSE] Runing TDSE-SH-linear. step 29200 energy = -0.4180331498956618 
     | block_size = 26 
[TDSE] Runing TDSE-SH-linear. step 29400 energy = -0.4143104021995031 
     | block_size = 22 
[TDSE] Runing TDSE-SH-linear. step 29600 energy = -0.4576841812434554 
     | block_size = 25 
[TDSE] Runing TDSE-SH-linear. step 29800 energy = -0.4961596102565999 
     | block_size = 27 
[TDSE] Runing TDSE-SH-linear. step 30000 energy = -0.4847342406993736 
     | block_size = 26 
[TDSE] Runing TDSE-SH-linear. step 30200 energy = -0.4368726761481024 
     | block_size = 23 
[TDSE] Runing TDSE-SH-linear. step 30400 energy = -0.40733262125837977 
     | block_size = 24 
[TDSE] Runing TDSE-SH-linear. step 30600 energy = -0.4290434561917344 
     | block_size = 27 
[TDSE] Runing TDSE-SH-linear. step 30800 energy = -0.4766777373893112 
     | block_size = 30 
[TDSE] Runing TDSE-SH-linear. step 31000 energy = -0.49891118776214494 
     | block_size = 32 
[TDSE] Runing TDSE-SH-linear. step 31200 energy = -0.47674335407874313 
     | block_size = 30 
[TDSE] Runing TDSE-SH-linear. step 31400 energy = -0.442466457169568 
     | block_size = 28 
[TDSE] Runing TDSE-SH-linear. step 31600 energy = -0.43834710967387763 
     | block_size = 24 
[TDSE] Runing TDSE-SH-linear. step 31800 energy = -0.468447185123298 
     | block_size = 22 
[TDSE] Runing TDSE-SH-linear. step 32000 energy = -0.49677179518040726 
     | block_size = 24 
[TDSE] Runing TDSE-SH-linear. step 32200 energy = -0.49093936007565875 
     | block_size = 23 
[TDSE] Runing TDSE-SH-linear. step 32400 energy = -0.45935156979083097 
     | block_size = 22 
[TDSE] Runing TDSE-SH-linear. step 32600 energy = -0.43878039803717883 
     | block_size = 25 
[TDSE] Runing TDSE-SH-linear. step 32800 energy = -0.4518838671426155 
     | block_size = 28 
[TDSE] Runing TDSE-SH-linear. step 33000 energy = -0.4829292713670798 
     | block_size = 31 
[TDSE] Runing TDSE-SH-linear. step 33200 energy = -0.4993727553209116 
     | block_size = 32 
[TDSE] Runing TDSE-SH-linear. step 33400 energy = -0.48824871639739703 
     | block_size = 31 
[TDSE] Runing TDSE-SH-linear. step 33600 energy = -0.46843907321088146 
     | block_size = 29 
[TDSE] Runing TDSE-SH-linear. step 33800 energy = -0.4652416625774796 
     | block_size = 26 
[TDSE] Runing TDSE-SH-linear. step 34000 energy = -0.4818548005211222 
     | block_size = 24 
[TDSE] Runing TDSE-SH-linear. step 34200 energy = -0.49798124949176664 
     | block_size = 23 
[TDSE] Runing TDSE-SH-linear. step 34400 energy = -0.4957353920606859 
     | block_size = 23 
[TDSE] Runing TDSE-SH-linear. step 34600 energy = -0.47910234226515913 
     | block_size = 25 
[TDSE] Runing TDSE-SH-linear. step 34800 energy = -0.4679138280521596 
     | block_size = 27 
[TDSE] Runing TDSE-SH-linear. step 35000 energy = -0.4739531699105257 
     | block_size = 29 
[TDSE] Runing TDSE-SH-linear. step 35200 energy = -0.48999787486349783 
     | block_size = 31 
[TDSE] Runing TDSE-SH-linear. step 35400 energy = -0.4995409471029294 
     | block_size = 32 
[TDSE] Runing TDSE-SH-linear. step 35600 energy = -0.4961564514345322 
     | block_size = 32 
[TDSE] Runing TDSE-SH-linear. step 35800 energy = -0.4878373535952842 
     | block_size = 31 
[TDSE] Runing TDSE-SH-linear. step 36000 energy = -0.48623904836479265 
     | block_size = 29 
[TDSE] Runing TDSE-SH-linear. step 36200 energy = -0.4927389446699946 
     | block_size = 27 
[TDSE] Runing TDSE-SH-linear. step 36400 energy = -0.4992643328448156 
     | block_size = 27 
[TDSE] Runing TDSE-SH-linear. step 36600 energy = -0.49844418918549116 
     | block_size = 27 
[TDSE] Runing TDSE-SH-linear. step 36800 energy = -0.492147124764152 
     | block_size = 28 
[TDSE] Runing TDSE-SH-linear. step 37000 energy = -0.4875829335968247 
     | block_size = 29 
[TDSE] Runing TDSE-SH-linear. step 37200 energy = -0.48966675643451185 
     | block_size = 31 
[TDSE] Runing TDSE-SH-linear. step 37400 energy = -0.4955170913908436 
     | block_size = 32 
[TDSE] Runing TDSE-SH-linear. step 37600 energy = -0.4996198385766596 
     | block_size = 33 
[TDSE] Runing TDSE-SH-linear. step 37800 energy = -0.4995500703180001 
     | block_size = 33 
[TDSE] Runing TDSE-SH-linear. step 38000 energy = -0.49769489182739723 
     | block_size = 32 
[TDSE] Runing TDSE-SH-linear. step 38200 energy = -0.49716158908626285 
     | block_size = 31 
[TDSE] Runing TDSE-SH-linear. step 38400 energy = -0.49867075324538795 
     | block_size = 31 
[TDSE] Runing TDSE-SH-linear. step 38600 energy = -0.5000022293659999 
     | block_size = 30 
[TDSE] Runing TDSE-SH-linear. step 38800 energy = -0.4996275402254438 
     | block_size = 30 
[TDSE] Runing TDSE-SH-linear. step 39000 energy = -0.4980049392843671 
     | block_size = 31 
[TDSE] Runing TDSE-SH-linear. step 39200 energy = -0.4969693013566815 
     | block_size = 32 
[TDSE] Runing TDSE-SH-linear. step 39400 energy = -0.49730437514003584 
     | block_size = 32 
[TDSE] Runing TDSE-SH-linear. step 39600 energy = -0.4986240412219444 
     | block_size = 33 
[TDSE] Runing TDSE-SH-linear. step 39800 energy = -0.4996905829169577 
     | block_size = 34 
[TDSE] Runing TDSE-SH-linear. step 40000 energy = -0.5001049955605609 
     | block_size = 34 
[TDSE] Runing TDSE-SH-linear. step 40200 energy = -0.5001078901626601 
     | block_size = 34 
[TDSE] Runing TDSE-SH-linear. step 40400 energy = -0.5000950684679982 
     | block_size = 34 
[TDSE] Runing TDSE-SH-linear. step 40600 energy = -0.500130665947116 
     | block_size = 34 
[TDSE] Runing TDSE-SH-linear. step 40800 energy = -0.5000917547533656 
     | block_size = 34 
[TDSE] Runing TDSE-SH-linear. step 41000 energy = -0.4999113386942023 
     | block_size = 34 
[TDSE] Runing TDSE-SH-linear. step 41200 energy = -0.49971946169965153 
     | block_size = 34 
[TDSE] Runing TDSE-SH-linear. step 41400 energy = -0.4995851050683296 
     | block_size = 34 
[TDSE] Runing TDSE-SH-linear. step 41600 energy = -0.49963169648131395 
     | block_size = 35 
[TDSE] Runing TDSE-SH-linear. step 41800 energy = -0.49971290686207437 
     | block_size = 35 
[TDSE] Runing TDSE-SH-linear. step 42000 energy = -0.49978610047778493 
     | block_size = 35 
[TDSE] Runing TDSE-SH-linear. step 42200 energy = -0.49985965747066585 
     | block_size = 35 
[TDSE] Runing TDSE-SH-linear. step 42400 energy = -0.4998645180843116 
     | block_size = 35 
[TDSE] Runing TDSE-SH-linear. step 42600 energy = -0.4998718152190433 
     | block_size = 36 
[TDSE] Runing TDSE-SH-linear. step 42800 energy = -0.49985868700287583 
     | block_size = 36 
[TDSE] Runing TDSE-SH-linear. step 43000 energy = -0.4998514089203312 
     | block_size = 36 
[TDSE] Runing TDSE-SH-linear. step 43200 energy = -0.4998576261422018 
     | block_size = 36 
[TDSE] Runing TDSE-SH-linear. step 43400 energy = -0.4998307608961225 
     | block_size = 36 
[TDSE] Runing TDSE-SH-linear. step 43600 energy = -0.49984784640151375 
     | block_size = 36 
[TDSE] Runing TDSE-SH-linear. step 43800 energy = -0.49983647427222166 
     | block_size = 37 
[TDSE] Runing TDSE-SH-linear. step 44000 energy = -0.49981968024615053 
     | block_size = 37 
[TDSE] Runing TDSE-SH-linear. step 44200 energy = -0.49983216977999717 
     | block_size = 37 
[TDSE] Runing TDSE-SH-linear. step 44400 energy = -0.49981479850411786 
     | block_size = 37 
[TDSE] Runing TDSE-SH-linear. step 44600 energy = -0.49982035557530835 
     | block_size = 37 
[TDSE] Runing TDSE-SH-linear. step 44800 energy = -0.4998020780411576 
     | block_size = 37 
[TDSE] Runing TDSE-SH-linear. step 45000 energy = -0.49980271642360424 
     | block_size = 37 
[TDSE] Runing TDSE-SH-linear. step 45200 energy = -0.49981178704553064 
     | block_size = 38 
[TDSE] Runing TDSE-SH-linear. step 45400 energy = -0.4997785349741731 
     | block_size = 38 
[TDSE] Runing TDSE-SH-linear. step 45600 energy = -0.4997947308392955 
     | block_size = 38 
[TDSE] Runing TDSE-SH-linear. step 45800 energy = -0.49978503131280305 
     | block_size = 38 
[TDSE] Runing TDSE-SH-linear. step 46000 energy = -0.4997733986454193 
     | block_size = 38 
[TDSE] Runing TDSE-SH-linear. step 46200 energy = -0.4997775044308846 
     | block_size = 38 
[TDSE] Runing TDSE-SH-linear. step 46400 energy = -0.4997585484330255 
     | block_size = 38 
[TDSE] Runing TDSE-SH-linear. step 46600 energy = -0.49977211396775073 
     | block_size = 38 
[TDSE] Runing TDSE-SH-linear. step 46800 energy = -0.49974865447516603 
     | block_size = 39 
[TDSE] Runing TDSE-SH-linear. step 47000 energy = -0.4997486917339925 
     | block_size = 39 
[TDSE] Runing TDSE-SH-linear. step 47200 energy = -0.49975643577291434 
     | block_size = 39 
[TDSE] Runing TDSE-SH-linear. step 47400 energy = -0.49972455895107615 
     | block_size = 39 
[TDSE] Runing TDSE-SH-linear. step 47600 energy = -0.4997421946200726 
     | block_size = 39 
[TDSE] Runing TDSE-SH-linear. step 47800 energy = -0.4997278420047238 
     | block_size = 39 
[TDSE] Runing TDSE-SH-linear. step 48000 energy = -0.499719374631804 
     | block_size = 39 
[TDSE] Runing TDSE-SH-linear. step 48200 energy = -0.49971939941922866 
     | block_size = 39 
[TDSE] Runing TDSE-SH-linear. step 48400 energy = -0.4997025673416794 
     | block_size = 39 
[TDSE] Runing TDSE-SH-linear. step 48600 energy = -0.49971949513977715 
     | block_size = 39 
[TDSE] Runing TDSE-SH-linear. step 48800 energy = -0.4996874220400463 
     | block_size = 40 
[TDSE] Runing TDSE-SH-linear. step 49000 energy = -0.49969058700802216 
     | block_size = 40 
[TDSE] Runing TDSE-SH-linear. step 49200 energy = -0.49970039759324264 
     | block_size = 40 
[TDSE] Runing TDSE-SH-linear. step 49400 energy = -0.499668181311876 
     | block_size = 39 
[TDSE] Runing TDSE-SH-linear. step 49600 energy = -0.49968149718942123 
     | block_size = 39 
[TDSE] Runing TDSE-SH-linear. step 49800 energy = -0.4996651336513326 
     | block_size = 39 
[TDSE] Runing TDSE-SH-linear. step 50000 energy = -0.4996659855740681 
     | block_size = 40 
[TDSE] Runing TDSE-SH-linear. step 50200 energy = -0.4996582679794237 
     | block_size = 40 
[TDSE] Runing TDSE-SH-linear. step 50400 energy = -0.49963875186966883 
     | block_size = 40 
[TDSE] Runing TDSE-SH-linear. step 50600 energy = -0.499661604523807 
     | block_size = 40 
[TDSE] Runing TDSE-SH-linear. step 50800 energy = -0.4996263895913384 
     | block_size = 40 
[TDSE] Runing TDSE-SH-linear. step 51000 energy = -0.4996292828000364 
     | block_size = 40 
[TDSE] Runing TDSE-SH-linear. step 51200 energy = -0.4996362084327801 
     | block_size = 40 
[TDSE] Runing TDSE-SH-linear. step 51400 energy = -0.499608654893854 
     | block_size = 40 
[TDSE] Runing TDSE-SH-linear. step 51600 energy = -0.499619408463958 
     | block_size = 40 
[TDSE] Runing TDSE-SH-linear. step 51800 energy = -0.4995975314579572 
     | block_size = 40 
[TDSE] Runing TDSE-SH-linear. step 52000 energy = -0.49960712746694164 
     | block_size = 40 
[TDSE] Runing TDSE-SH-linear. step 52200 energy = -0.4995941231034565 
     | block_size = 40 
[TDSE] Runing TDSE-SH-linear. step 52400 energy = -0.49957216867581683 
     | block_size = 41 
[TDSE] Runing TDSE-SH-linear. step 52600 energy = -0.49959773616977066 
     | block_size = 41 
[TDSE] Runing TDSE-SH-linear. step 52800 energy = -0.4995618353917265 
     | block_size = 41 
[TDSE] Runing TDSE-SH-linear. step 53000 energy = -0.4995659166971746 
     | block_size = 41 
