  Activating project at `~/JuliaProp_v0.1`
[ITP]: 10000.471108571397
[ITP]: 0.022107823405609905
[ITP]: 0.004976805475414736
[ITP]: 0.0021058954092971205
[ITP]: 0.001084104546129061
[ITP]: 0.0006160870179273692
[ITP]: 0.0003714642087823128
[ITP]: 0.00023286611963801995
[ITP]: 0.0001500123428329614
[ITP]: 9.857967926441003e-5
[ITP]: 6.57601184761436e-5
[ITP]: 4.43786526744816e-5
[ITP]: 3.022437766897479e-5
[ITP]: 2.0735965556739622e-5
[ITP]: 1.4311264988853267e-5
[ITP]: 9.92563006574354e-6
[ITP]: 6.9119921211058255e-6
[ITP]: 4.82976755122877e-6
[ITP]: 3.384510666504248e-6
[ITP]: 2.3775199649023193e-6
[ITP]: 1.6736194445865493e-6
[ITP]: 1.1802274751948616e-6
[ITP]: 8.335748883370186e-7
[ITP]: 5.895273362810372e-7
[ITP]: 4.174150680658073e-7
[ITP]: 2.958509506267859e-7
[ITP]: 2.098764437796774e-7
[ITP]: 1.4900242706339384e-7
[ITP]: 1.0585745457980522e-7
[ITP]: 7.525113565609587e-8
[ITP]: 5.352267851144177e-8
[ITP]: 3.808635307134267e-8
[ITP]: 2.7113442158110956e-8
[ITP]: 1.9309163601377577e-8
[ITP]: 1.3755872219078924e-8
[ITP]: 9.802639699962867e-9
Energy of ground state: -0.5030607411950042
[TDSE] Start TDSE-SH for elliptical polarized laser. It may cost a plenty of time.
[TDSE] Running TDSE-SH-elliptical. step 0, energy = -0.5030607411950033
  |->  par_lens = 1, 1, 1
[TDSE] Running TDSE-SH-elliptical. step 200, energy = -0.5030607411948614
  |->  par_lens = 1, 1, 1
[TDSE] Running TDSE-SH-elliptical. step 400, energy = -0.503060741194693
  |->  par_lens = 1, 1, 2
[TDSE] Running TDSE-SH-elliptical. step 600, energy = -0.5030607411942769
  |->  par_lens = 1, 1, 2
[TDSE] Running TDSE-SH-elliptical. step 800, energy = -0.5030607411927847
  |->  par_lens = 1, 1, 2
[TDSE] Running TDSE-SH-elliptical. step 1000, energy = -0.5030607411879343
  |->  par_lens = 1, 1, 2
[TDSE] Running TDSE-SH-elliptical. step 1200, energy = -0.503060741175511
  |->  par_lens = 1, 1, 2
[TDSE] Running TDSE-SH-elliptical. step 1400, energy = -0.5030607411475703
  |->  par_lens = 1, 1, 2
[TDSE] Running TDSE-SH-elliptical. step 1600, energy = -0.5030607410925885
  |->  par_lens = 1, 1, 2
[TDSE] Running TDSE-SH-elliptical. step 1800, energy = -0.5030607409921666
  |->  par_lens = 1, 1, 2
[TDSE] Running TDSE-SH-elliptical. step 2000, energy = -0.5030607408230128
  |->  par_lens = 1, 1, 2
[TDSE] Running TDSE-SH-elliptical. step 2200, energy = -0.5030607405511104
  |->  par_lens = 1, 1, 2
[TDSE] Running TDSE-SH-elliptical. step 2400, energy = -0.5030607401375616
  |->  par_lens = 1, 1, 2
[TDSE] Running TDSE-SH-elliptical. step 2600, energy = -0.5030607395278884
  |->  par_lens = 1, 1, 2
[TDSE] Running TDSE-SH-elliptical. step 2800, energy = -0.5030607386655532
  |->  par_lens = 1, 1, 2
[TDSE] Running TDSE-SH-elliptical. step 3000, energy = -0.5030607374697942
  |->  par_lens = 1, 1, 2
[TDSE] Running TDSE-SH-elliptical. step 3200, energy = -0.5030607358707491
  |->  par_lens = 1, 1, 2
[TDSE] Running TDSE-SH-elliptical. step 3400, energy = -0.5030607337537121
  |->  par_lens = 1, 1, 2
[TDSE] Running TDSE-SH-elliptical. step 3600, energy = -0.5030607310395891
  |->  par_lens = 1, 1, 2
[TDSE] Running TDSE-SH-elliptical. step 3800, energy = -0.5030607275829007
  |->  par_lens = 1, 1, 2
[TDSE] Running TDSE-SH-elliptical. step 4000, energy = -0.5030607232996488
  |->  par_lens = 1, 1, 2
[TDSE] Running TDSE-SH-elliptical. step 4200, energy = -0.5030607180023905
  |->  par_lens = 1, 1, 2
[TDSE] Running TDSE-SH-elliptical. step 4400, energy = -0.5030607116318281
  |->  par_lens = 1, 2, 2
[TDSE] Running TDSE-SH-elliptical. step 4600, energy = -0.5030607039598207
  |->  par_lens = 2, 2, 2
[TDSE] Running TDSE-SH-elliptical. step 4800, energy = -0.5030606949229541
  |->  par_lens = 2, 2, 2
[TDSE] Running TDSE-SH-elliptical. step 5000, energy = -0.5030606843160057
  |->  par_lens = 2, 2, 2
[TDSE] Running TDSE-SH-elliptical. step 5200, energy = -0.5030606720578388
  |->  par_lens = 2, 2, 2
[TDSE] Running TDSE-SH-elliptical. step 5400, energy = -0.5030606579495278
  |->  par_lens = 2, 2, 2
[TDSE] Running TDSE-SH-elliptical. step 5600, energy = -0.5030606419231859
  |->  par_lens = 2, 2, 2
[TDSE] Running TDSE-SH-elliptical. step 5800, energy = -0.5030606238412053
  |->  par_lens = 2, 2, 2
[TDSE] Running TDSE-SH-elliptical. step 6000, energy = -0.5030606035490005
  |->  par_lens = 2, 2, 2
[TDSE] Running TDSE-SH-elliptical. step 6200, energy = -0.5030605810982914
  |->  par_lens = 2, 2, 2
[TDSE] Running TDSE-SH-elliptical. step 6400, energy = -0.5030605561856833
  |->  par_lens = 2, 2, 2
[TDSE] Running TDSE-SH-elliptical. step 6600, energy = -0.5030605290332484
  |->  par_lens = 2, 2, 2
[TDSE] Running TDSE-SH-elliptical. step 6800, energy = -0.5030604993365618
  |->  par_lens = 2, 2, 2
[TDSE] Running TDSE-SH-elliptical. step 7000, energy = -0.5030604673619347
  |->  par_lens = 2, 2, 2
[TDSE] Running TDSE-SH-elliptical. step 7200, energy = -0.5030604327114128
  |->  par_lens = 2, 2, 2
[TDSE] Running TDSE-SH-elliptical. step 7400, energy = -0.5030603960227008
  |->  par_lens = 2, 2, 2
[TDSE] Running TDSE-SH-elliptical. step 7600, energy = -0.5030603566738977
  |->  par_lens = 2, 2, 2
[TDSE] Running TDSE-SH-elliptical. step 7800, energy = -0.5030603152565076
  |->  par_lens = 2, 2, 2
[TDSE] Running TDSE-SH-elliptical. step 8000, energy = -0.5030602715670384
  |->  par_lens = 2, 2, 2
[TDSE] Running TDSE-SH-elliptical. step 8200, energy = -0.5030602260146207
  |->  par_lens = 2, 2, 2
[TDSE] Running TDSE-SH-elliptical. step 8400, energy = -0.5030601783305172
  |->  par_lens = 2, 2, 2
[TDSE] Running TDSE-SH-elliptical. step 8600, energy = -0.5030601290886149
  |->  par_lens = 2, 2, 2
[TDSE] Running TDSE-SH-elliptical. step 8800, energy = -0.5030600782536628
  |->  par_lens = 2, 2, 2
[TDSE] Running TDSE-SH-elliptical. step 9000, energy = -0.5030600259976084
  |->  par_lens = 2, 2, 2
[TDSE] Running TDSE-SH-elliptical. step 9200, energy = -0.5030599727439432
  |->  par_lens = 2, 2, 2
[TDSE] Running TDSE-SH-elliptical. step 9400, energy = -0.5030599182891644
  |->  par_lens = 2, 2, 2
[TDSE] Running TDSE-SH-elliptical. step 9600, energy = -0.5030598634243737
  |->  par_lens = 2, 2, 2
[TDSE] Running TDSE-SH-elliptical. step 9800, energy = -0.5030598078897157
  |->  par_lens = 2, 2, 2
[TDSE] Running TDSE-SH-elliptical. step 10000, energy = -0.5030597522735626
  |->  par_lens = 2, 2, 2
[TDSE] Running TDSE-SH-elliptical. step 10200, energy = -0.5030596578788645
  |->  par_lens = 2, 2, 2
[TDSE] Running TDSE-SH-elliptical. step 10400, energy = -0.5030591458651485
  |->  par_lens = 2, 2, 2
[TDSE] Running TDSE-SH-elliptical. step 10600, energy = -0.5030584444443709
  |->  par_lens = 2, 2, 2
[TDSE] Running TDSE-SH-elliptical. step 10800, energy = -0.5030584501238335
  |->  par_lens = 2, 2, 2
[TDSE] Running TDSE-SH-elliptical. step 11000, energy = -0.5030551687362619
  |->  par_lens = 3, 2, 2
[TDSE] Running TDSE-SH-elliptical. step 11200, energy = -0.5030320076074442
  |->  par_lens = 4, 3, 3
[TDSE] Running TDSE-SH-elliptical. step 11400, energy = -0.5029732154634969
  |->  par_lens = 4, 3, 3
[TDSE] Running TDSE-SH-elliptical. step 11600, energy = -0.5029025844921415
  |->  par_lens = 4, 4, 4
[TDSE] Running TDSE-SH-elliptical. step 11800, energy = -0.5028845915000961
  |->  par_lens = 4, 4, 4
[TDSE] Running TDSE-SH-elliptical. step 12000, energy = -0.5029076915005681
  |->  par_lens = 4, 4, 4
[TDSE] Running TDSE-SH-elliptical. step 12200, energy = -0.502791655711603
  |->  par_lens = 4, 4, 4
[TDSE] Running TDSE-SH-elliptical. step 12400, energy = -0.5023290460200447
  |->  par_lens = 5, 5, 6
[TDSE] Running TDSE-SH-elliptical. step 12600, energy = -0.5016602553744952
  |->  par_lens = 7, 7, 7
[TDSE] Running TDSE-SH-elliptical. step 12800, energy = -0.5013367680801128
  |->  par_lens = 7, 7, 7
[TDSE] Running TDSE-SH-elliptical. step 13000, energy = -0.5017250779124413
  |->  par_lens = 6, 7, 6
[TDSE] Running TDSE-SH-elliptical. step 13200, energy = -0.5022235970030872
  |->  par_lens = 6, 5, 6
[TDSE] Running TDSE-SH-elliptical. step 13400, energy = -0.501593866033476
  |->  par_lens = 7, 6, 7
[TDSE] Running TDSE-SH-elliptical. step 13600, energy = -0.4994786569444879
  |->  par_lens = 8, 8, 8
[TDSE] Running TDSE-SH-elliptical. step 13800, energy = -0.4974382880000908
  |->  par_lens = 10, 10, 10
[TDSE] Running TDSE-SH-elliptical. step 14000, energy = -0.4975733085032458
  |->  par_lens = 10, 10, 10
[TDSE] Running TDSE-SH-elliptical. step 14200, energy = -0.4995677672772871
  |->  par_lens = 10, 10, 11
[TDSE] Running TDSE-SH-elliptical. step 14400, energy = -0.5000615937022057
  |->  par_lens = 10, 11, 11
[TDSE] Running TDSE-SH-elliptical. step 14600, energy = -0.49611497802759297
  |->  par_lens = 11, 11, 11
[TDSE] Running TDSE-SH-elliptical. step 14800, energy = -0.4897495988603595
  |->  par_lens = 14, 13, 13
[TDSE] Running TDSE-SH-elliptical. step 15000, energy = -0.4868909725814892
  |->  par_lens = 15, 15, 15
[TDSE] Running TDSE-SH-elliptical. step 15200, energy = -0.4907809998930977
  |->  par_lens = 16, 16, 18
[TDSE] Running TDSE-SH-elliptical. step 15400, energy = -0.4962739481177665
  |->  par_lens = 18, 18, 19
[TDSE] Running TDSE-SH-elliptical. step 15600, energy = -0.4943568198167445
  |->  par_lens = 19, 19, 19
[TDSE] Running TDSE-SH-elliptical. step 15800, energy = -0.4829825118122502
  |->  par_lens = 16, 19, 20
[TDSE] Running TDSE-SH-elliptical. step 16000, energy = -0.4720324164245281
  |->  par_lens = 22, 23, 20
[TDSE] Running TDSE-SH-elliptical. step 16200, energy = -0.47306248921631555
  |->  par_lens = 25, 24, 25
[TDSE] Running TDSE-SH-elliptical. step 16400, energy = -0.48463421415116925
  |->  par_lens = 29, 28, 28
[TDSE] Running TDSE-SH-elliptical. step 16600, energy = -0.4904880414045503
  |->  par_lens = 31, 31, 28
[TDSE] Running TDSE-SH-elliptical. step 16800, energy = -0.4775921336695716
  |->  par_lens = 30, 31, 30
[TDSE] Running TDSE-SH-elliptical. step 17000, energy = -0.4541119571278325
  |->  par_lens = 31, 31, 29
[TDSE] Running TDSE-SH-elliptical. step 17200, energy = -0.4436414104476917
  |->  par_lens = 37, 35, 36
[TDSE] Running TDSE-SH-elliptical. step 17400, energy = -0.4576536992749652
  |->  par_lens = 43, 41, 44
[TDSE] Running TDSE-SH-elliptical. step 17600, energy = -0.47901638200112806
  |->  par_lens = 49, 48, 49
[TDSE] Running TDSE-SH-elliptical. step 17800, energy = -0.47717310490366815
  |->  par_lens = 50, 49, 49
[TDSE] Running TDSE-SH-elliptical. step 18000, energy = -0.44549218887099656
  |->  par_lens = 46, 44, 46
[TDSE] Running TDSE-SH-elliptical. step 18200, energy = -0.4141547413886447
  |->  par_lens = 46, 49, 46
[TDSE] Running TDSE-SH-elliptical. step 18400, energy = -0.41682570405095043
  |->  par_lens = 62, 59, 58
[TDSE] Running TDSE-SH-elliptical. step 18600, energy = -0.44995694166371336
  |->  par_lens = 72, 70, 70
[TDSE] Running TDSE-SH-elliptical. step 18800, energy = -0.47086290728922936
  |->  par_lens = 77, 76, 75
[TDSE] Running TDSE-SH-elliptical. step 19000, energy = -0.4440764267116664
  |->  par_lens = 75, 75, 73
[TDSE] Running TDSE-SH-elliptical. step 19200, energy = -0.3898461014869974
  |->  par_lens = 68, 64, 66
[TDSE] Running TDSE-SH-elliptical. step 19400, energy = -0.36542265974136157
  |->  par_lens = 77, 74, 77
[TDSE] Running TDSE-SH-elliptical. step 19600, energy = -0.39620351780284974
  |->  par_lens = 93, 96, 95
[TDSE] Running TDSE-SH-elliptical. step 19800, energy = -0.44722603962191226
  |->  par_lens = 111, 111, 110
[TDSE] Running TDSE-SH-elliptical. step 20000, energy = -0.45016933944630966
  |->  par_lens = 112, 116, 112
[TDSE] Running TDSE-SH-elliptical. step 20200, energy = -0.3885888064789023
  |->  par_lens = 108, 107, 108
[TDSE] Running TDSE-SH-elliptical. step 20400, energy = -0.32657605751260604
  |->  par_lens = 94, 87, 91
[TDSE] Running TDSE-SH-elliptical. step 20600, energy = -0.33156393332016487
  |->  par_lens = 116, 117, 115
[TDSE] Running TDSE-SH-elliptical. step 20800, energy = -0.39483087796396904
  |->  par_lens = 142, 143, 146
[TDSE] Running TDSE-SH-elliptical. step 21000, energy = -0.44205883736195906
  |->  par_lens = 157, 159, 155
[TDSE] Running TDSE-SH-elliptical. step 21200, energy = -0.40093098156040413
  |->  par_lens = 156, 154, 158
[TDSE] Running TDSE-SH-elliptical. step 21400, energy = -0.3068457952530206
  |->  par_lens = 141, 139, 144
[TDSE] Running TDSE-SH-elliptical. step 21600, energy = -0.26561965256600967
  |->  par_lens = 133, 132, 135
[TDSE] Running TDSE-SH-elliptical. step 21800, energy = -0.31600906896621395
  |->  par_lens = 175, 175, 172
[TDSE] Running TDSE-SH-elliptical. step 22000, energy = -0.4034117810613181
  |->  par_lens = 204, 206, 204
[TDSE] Running TDSE-SH-elliptical. step 22200, energy = -0.41838070523853643
  |->  par_lens = 213, 211, 210
[TDSE] Running TDSE-SH-elliptical. step 22400, energy = -0.32536447387014433
  |->  par_lens = 204, 202, 205
[TDSE] Running TDSE-SH-elliptical. step 22600, energy = -0.22884594742183184
  |->  par_lens = 172, 174, 171
[TDSE] Running TDSE-SH-elliptical. step 22800, energy = -0.23868546205092642
  |->  par_lens = 187, 188, 186
[TDSE] Running TDSE-SH-elliptical. step 23000, energy = -0.33023869263751693
  |->  par_lens = 236, 240, 232
[TDSE] Running TDSE-SH-elliptical. step 23200, energy = -0.40767962963867255
  |->  par_lens = 255, 256, 258
[TDSE] Running TDSE-SH-elliptical. step 23400, energy = -0.3592634744547773
  |->  par_lens = 254, 255, 256
[TDSE] Running TDSE-SH-elliptical. step 23600, energy = -0.227955721685251
  |->  par_lens = 234, 236, 235
[TDSE] Running TDSE-SH-elliptical. step 23800, energy = -0.17094170459093222
  |->  par_lens = 221, 212, 214
[TDSE] Running TDSE-SH-elliptical. step 24000, energy = -0.24021840739426942
  |->  par_lens = 265, 258, 261
[TDSE] Running TDSE-SH-elliptical. step 24200, energy = -0.3561689601240372
  |->  par_lens = 303, 305, 303
[TDSE] Running TDSE-SH-elliptical. step 24400, energy = -0.3869950844381005
  |->  par_lens = 310, 311, 317
[TDSE] Running TDSE-SH-elliptical. step 24600, energy = -0.27539240810761517
  |->  par_lens = 305, 297, 304
[TDSE] Running TDSE-SH-elliptical. step 24800, energy = -0.15154161156965057
  |->  par_lens = 261, 268, 262
[TDSE] Running TDSE-SH-elliptical. step 25000, energy = -0.16533012196056873
  |->  par_lens = 269, 269, 272
[TDSE] Running TDSE-SH-elliptical. step 25200, energy = -0.2746862603623211
  |->  par_lens = 323, 319, 318
[TDSE] Running TDSE-SH-elliptical. step 25400, energy = -0.3739722619835009
  |->  par_lens = 351, 350, 353
[TDSE] Running TDSE-SH-elliptical. step 25600, energy = -0.32922653551355047
  |->  par_lens = 348, 346, 349
[TDSE] Running TDSE-SH-elliptical. step 25800, energy = -0.18166453312272324
  |->  par_lens = 321, 325, 322
[TDSE] Running TDSE-SH-elliptical. step 26000, energy = -0.11406131273518205
  |->  par_lens = 306, 309, 299
[TDSE] Running TDSE-SH-elliptical. step 26200, energy = -0.192049449979851
  |->  par_lens = 339, 339, 345
[TDSE] Running TDSE-SH-elliptical. step 26400, energy = -0.3187596772601032
  |->  par_lens = 367, 374, 371
[TDSE] Running TDSE-SH-elliptical. step 26600, energy = -0.3629989097912334
  |->  par_lens = 376, 378, 380
[TDSE] Running TDSE-SH-elliptical. step 26800, energy = -0.255349377241231
  |->  par_lens = 368, 377, 369
[TDSE] Running TDSE-SH-elliptical. step 27000, energy = -0.12593346621647875
  |->  par_lens = 349, 357, 353
[TDSE] Running TDSE-SH-elliptical. step 27200, energy = -0.1382944550193858
  |->  par_lens = 353, 359, 356
[TDSE] Running TDSE-SH-elliptical. step 27400, energy = -0.24674119458555213
  |->  par_lens = 376, 376, 374
[TDSE] Running TDSE-SH-elliptical. step 27600, energy = -0.3516068236892113
  |->  par_lens = 400, 387, 393
[TDSE] Running TDSE-SH-elliptical. step 27800, energy = -0.31995862163994976
  |->  par_lens = 398, 392, 398
[TDSE] Running TDSE-SH-elliptical. step 28000, energy = -0.1842937320164051
  |->  par_lens = 384, 383, 387
[TDSE] Running TDSE-SH-elliptical. step 28200, energy = -0.11873880674867947
  |->  par_lens = 383, 377, 375
[TDSE] Running TDSE-SH-elliptical. step 28400, energy = -0.18799606524971416
  |->  par_lens = 395, 399, 396
[TDSE] Running TDSE-SH-elliptical. step 28600, energy = -0.3068200582132758
  |->  par_lens = 411, 413, 409
[TDSE] Running TDSE-SH-elliptical. step 28800, energy = -0.356869955522964
  |->  par_lens = 417, 414, 415
[TDSE] Running TDSE-SH-elliptical. step 29000, energy = -0.27092355928647616
  |->  par_lens = 410, 410, 406
[TDSE] Running TDSE-SH-elliptical. step 29200, energy = -0.16070951461636002
  |->  par_lens = 400, 389, 403
[TDSE] Running TDSE-SH-elliptical. step 29400, energy = -0.16716441609430824
  |->  par_lens = 396, 389, 395
[TDSE] Running TDSE-SH-elliptical. step 29600, energy = -0.25710749535645055
  |->  par_lens = 410, 402, 406
[TDSE] Running TDSE-SH-elliptical. step 29800, energy = -0.35299362585633626
  |->  par_lens = 416, 415, 414
[TDSE] Running TDSE-SH-elliptical. step 30000, energy = -0.3368481339442212
  |->  par_lens = 417, 418, 416
[TDSE] Running TDSE-SH-elliptical. step 30200, energy = -0.23388339806142766
  |->  par_lens = 405, 401, 401
[TDSE] Running TDSE-SH-elliptical. step 30400, energy = -0.18032632117613112
  |->  par_lens = 404, 403, 391
[TDSE] Running TDSE-SH-elliptical. step 30600, energy = -0.22875172272003466
  |->  par_lens = 406, 408, 410
[TDSE] Running TDSE-SH-elliptical. step 30800, energy = -0.32506183796701493
  |->  par_lens = 418, 417, 417
[TDSE] Running TDSE-SH-elliptical. step 31000, energy = -0.37277600295911456
  |->  par_lens = 426, 413, 420
[TDSE] Running TDSE-SH-elliptical. step 31200, energy = -0.3156465803223884
  |->  par_lens = 417, 409, 416
[TDSE] Running TDSE-SH-elliptical. step 31400, energy = -0.24044569557369022
  |->  par_lens = 408, 405, 406
[TDSE] Running TDSE-SH-elliptical. step 31600, energy = -0.23635632368663345
  |->  par_lens = 400, 400, 399
[TDSE] Running TDSE-SH-elliptical. step 31800, energy = -0.3028890979750368
  |->  par_lens = 413, 407, 398
[TDSE] Running TDSE-SH-elliptical. step 32000, energy = -0.37586215849148874
  |->  par_lens = 414, 416, 412
[TDSE] Running TDSE-SH-elliptical. step 32200, energy = -0.3710699003887662
  |->  par_lens = 413, 415, 413
[TDSE] Running TDSE-SH-elliptical. step 32400, energy = -0.3067192239591831
  |->  par_lens = 410, 410, 400
[TDSE] Running TDSE-SH-elliptical. step 32600, energy = -0.2697273506085066
  |->  par_lens = 408, 397, 407
[TDSE] Running TDSE-SH-elliptical. step 32800, energy = -0.2984654341370222
  |->  par_lens = 410, 415, 415
[TDSE] Running TDSE-SH-elliptical. step 33000, energy = -0.3639777528494269
  |->  par_lens = 420, 419, 421
[TDSE] Running TDSE-SH-elliptical. step 33200, energy = -0.3981243808293273
  |->  par_lens = 415, 419, 422
[TDSE] Running TDSE-SH-elliptical. step 33400, energy = -0.36971714154106455
  |->  par_lens = 421, 417, 422
[TDSE] Running TDSE-SH-elliptical. step 33600, energy = -0.3251266398516593
  |->  par_lens = 413, 399, 410
[TDSE] Running TDSE-SH-elliptical. step 33800, energy = -0.32146778695929956
  |->  par_lens = 408, 397, 407
[TDSE] Running TDSE-SH-elliptical. step 34000, energy = -0.35957941753194733
  |->  par_lens = 408, 404, 414
[TDSE] Running TDSE-SH-elliptical. step 34200, energy = -0.40299894413230447
  |->  par_lens = 415, 408, 415
[TDSE] Running TDSE-SH-elliptical. step 34400, energy = -0.4045364009551245
  |->  par_lens = 414, 408, 412
[TDSE] Running TDSE-SH-elliptical. step 34600, energy = -0.3738374474165632
  |->  par_lens = 415, 411, 414
[TDSE] Running TDSE-SH-elliptical. step 34800, energy = -0.352081115084199
  |->  par_lens = 403, 411, 404
[TDSE] Running TDSE-SH-elliptical. step 35000, energy = -0.36741902788536024
  |->  par_lens = 413, 412, 413
[TDSE] Running TDSE-SH-elliptical. step 35200, energy = -0.400255282036369
  |->  par_lens = 413, 421, 410
[TDSE] Running TDSE-SH-elliptical. step 35400, energy = -0.4201587120808131
  |->  par_lens = 412, 417, 409
[TDSE] Running TDSE-SH-elliptical. step 35600, energy = -0.4097651203277225
  |->  par_lens = 411, 409, 408
[TDSE] Running TDSE-SH-elliptical. step 35800, energy = -0.3918898168752867
  |->  par_lens = 398, 405, 395
[TDSE] Running TDSE-SH-elliptical. step 36000, energy = -0.38704362121167696
  |->  par_lens = 395, 404, 387
[TDSE] Running TDSE-SH-elliptical. step 36200, energy = -0.4063954898667308
  |->  par_lens = 380, 391, 386
[TDSE] Running TDSE-SH-elliptical. step 36400, energy = -0.42329297735479043
  |->  par_lens = 377, 386, 388
[TDSE] Running TDSE-SH-elliptical. step 36600, energy = -0.4268599971118157
  |->  par_lens = 366, 381, 376
[TDSE] Running TDSE-SH-elliptical. step 36800, energy = -0.41520850512002555
  |->  par_lens = 356, 379, 369
[TDSE] Running TDSE-SH-elliptical. step 37000, energy = -0.4087312535725031
  |->  par_lens = 350, 370, 359
[TDSE] Running TDSE-SH-elliptical. step 37200, energy = -0.4127747348007255
  |->  par_lens = 352, 372, 349
[TDSE] Running TDSE-SH-elliptical. step 37400, energy = -0.42527559153566824
  |->  par_lens = 351, 362, 349
[TDSE] Running TDSE-SH-elliptical. step 37600, energy = -0.4332244961601186
  |->  par_lens = 340, 354, 340
[TDSE] Running TDSE-SH-elliptical. step 37800, energy = -0.4312122210494799
  |->  par_lens = 335, 334, 327
[TDSE] Running TDSE-SH-elliptical. step 38000, energy = -0.4262297660609226
  |->  par_lens = 320, 315, 321
[TDSE] Running TDSE-SH-elliptical. step 38200, energy = -0.42615513297862295
  |->  par_lens = 303, 296, 304
[TDSE] Running TDSE-SH-elliptical. step 38400, energy = -0.4296490449430242
  |->  par_lens = 289, 282, 283
[TDSE] Running TDSE-SH-elliptical. step 38600, energy = -0.43559689404165647
  |->  par_lens = 272, 268, 268
[TDSE] Running TDSE-SH-elliptical. step 38800, energy = -0.43614427619448126
  |->  par_lens = 256, 257, 260
[TDSE] Running TDSE-SH-elliptical. step 39000, energy = -0.434460335189117
  |->  par_lens = 249, 245, 246
[TDSE] Running TDSE-SH-elliptical. step 39200, energy = -0.43326569904888723
  |->  par_lens = 244, 237, 239
[TDSE] Running TDSE-SH-elliptical. step 39400, energy = -0.4337990597175244
  |->  par_lens = 240, 233, 243
[TDSE] Running TDSE-SH-elliptical. step 39600, energy = -0.43678779140417057
  |->  par_lens = 230, 224, 233
[TDSE] Running TDSE-SH-elliptical. step 39800, energy = -0.43800548422920055
  |->  par_lens = 219, 217, 228
[TDSE] Running TDSE-SH-elliptical. step 40000, energy = -0.4384825183954101
  |->  par_lens = 218, 213, 219
[TDSE] Running TDSE-SH-elliptical. step 40200, energy = -0.4381796349820985
  |->  par_lens = 212, 210, 215
[TDSE] Running TDSE-SH-elliptical. step 40400, energy = -0.43803483461533194
  |->  par_lens = 205, 200, 204
[TDSE] Running TDSE-SH-elliptical. step 40600, energy = -0.43877030690726554
  |->  par_lens = 201, 194, 198
[TDSE] Running TDSE-SH-elliptical. step 40800, energy = -0.43911770724277904
  |->  par_lens = 198, 189, 189
[TDSE] Running TDSE-SH-elliptical. step 41000, energy = -0.439382372053475
  |->  par_lens = 194, 181, 188
[TDSE] Running TDSE-SH-elliptical. step 41200, energy = -0.43949053012846095
  |->  par_lens = 190, 180, 183
[TDSE] Running TDSE-SH-elliptical. step 41400, energy = -0.4393914998874631
  |->  par_lens = 183, 181, 182
[TDSE] Running TDSE-SH-elliptical. step 41600, energy = -0.4396894245876322
  |->  par_lens = 180, 176, 179
[TDSE] Running TDSE-SH-elliptical. step 41800, energy = -0.4398323478465695
  |->  par_lens = 179, 176, 175
[TDSE] Running TDSE-SH-elliptical. step 42000, energy = -0.44005299363045897
  |->  par_lens = 178, 174, 172
[TDSE] Running TDSE-SH-elliptical. step 42200, energy = -0.44021124399325706
  |->  par_lens = 176, 173, 171
[TDSE] Running TDSE-SH-elliptical. step 42400, energy = -0.4403808936180666
  |->  par_lens = 174, 173, 169
[TDSE] Running TDSE-SH-elliptical. step 42600, energy = -0.44051696452202765
  |->  par_lens = 173, 173, 169
[TDSE] Running TDSE-SH-elliptical. step 42800, energy = -0.4406682355244418
  |->  par_lens = 172, 171, 168
[TDSE] Running TDSE-SH-elliptical. step 43000, energy = -0.44083443815780754
  |->  par_lens = 172, 167, 166
