  Activating project at `~/JuliaProp_v0.1`
[ITP]: 10000.500151030976
[ITP]: 3.0490838964780664e-8
[ITP]: 7.575335692067142e-9
Energy of ground state: -0.5001510690415283
[TDSE] Start TDSE-SH for elliptical polarized laser. It may cost a plenty of time.
[TDSE] Running TDSE-SH-elliptical. step 0, energy = -0.5001510690415277
  |->  par_lens = 2, 2, 2
[TDSE] Running TDSE-SH-elliptical. step 200, energy = -0.5001510690413828
  |->  par_lens = 2, 2, 2
[TDSE] Running TDSE-SH-elliptical. step 400, energy = -0.5001510690411064
  |->  par_lens = 2, 2, 2
[TDSE] Running TDSE-SH-elliptical. step 600, energy = -0.5001510690395562
  |->  par_lens = 2, 2, 2
[TDSE] Running TDSE-SH-elliptical. step 800, energy = -0.500151069032173
  |->  par_lens = 2, 2, 2
[TDSE] Running TDSE-SH-elliptical. step 1000, energy = -0.5001510690073453
  |->  par_lens = 2, 2, 2
[TDSE] Running TDSE-SH-elliptical. step 1200, energy = -0.500151068941049
  |->  par_lens = 2, 2, 2
[TDSE] Running TDSE-SH-elliptical. step 1400, energy = -0.500151068790507
  |->  par_lens = 2, 2, 2
[TDSE] Running TDSE-SH-elliptical. step 1600, energy = -0.5001510684866275
  |->  par_lens = 2, 2, 2
[TDSE] Running TDSE-SH-elliptical. step 1800, energy = -0.5001510679245675
  |->  par_lens = 2, 2, 2
[TDSE] Running TDSE-SH-elliptical. step 2000, energy = -0.5001510669578784
  |->  par_lens = 2, 2, 2
[TDSE] Running TDSE-SH-elliptical. step 2200, energy = -0.5001510653795657
  |->  par_lens = 2, 2, 2
[TDSE] Running TDSE-SH-elliptical. step 2400, energy = -0.50015106292815
  |->  par_lens = 2, 2, 2
[TDSE] Running TDSE-SH-elliptical. step 2600, energy = -0.5001510592585474
  |->  par_lens = 2, 2, 2
[TDSE] Running TDSE-SH-elliptical. step 2800, energy = -0.5001510539406233
  |->  par_lens = 2, 2, 2
[TDSE] Running TDSE-SH-elliptical. step 3000, energy = -0.5001510464672182
  |->  par_lens = 2, 2, 2
[TDSE] Running TDSE-SH-elliptical. step 3200, energy = -0.5001510361848355
  |->  par_lens = 2, 2, 2
[TDSE] Running TDSE-SH-elliptical. step 3400, energy = -0.5001510224134369
  |->  par_lens = 2, 2, 2
[TDSE] Running TDSE-SH-elliptical. step 3600, energy = -0.5001510042219868
  |->  par_lens = 2, 2, 2
[TDSE] Running TDSE-SH-elliptical. step 3800, energy = -0.500150980675521
  |->  par_lens = 2, 2, 2
[TDSE] Running TDSE-SH-elliptical. step 4000, energy = -0.5001509507608165
  |->  par_lens = 2, 2, 2
[TDSE] Running TDSE-SH-elliptical. step 4200, energy = -0.500150912991387
  |->  par_lens = 2, 2, 2
[TDSE] Running TDSE-SH-elliptical. step 4400, energy = -0.5001508663012081
  |->  par_lens = 2, 2, 2
[TDSE] Running TDSE-SH-elliptical. step 4600, energy = -0.5001508090161239
  |->  par_lens = 2, 2, 2
[TDSE] Running TDSE-SH-elliptical. step 4800, energy = -0.5001507395926474
  |->  par_lens = 2, 2, 2
[TDSE] Running TDSE-SH-elliptical. step 5000, energy = -0.500150656330882
  |->  par_lens = 2, 2, 2
[TDSE] Running TDSE-SH-elliptical. step 5200, energy = -0.5001505570123953
  |->  par_lens = 2, 2, 2
[TDSE] Running TDSE-SH-elliptical. step 5400, energy = -0.5001504408117909
  |->  par_lens = 2, 2, 2
[TDSE] Running TDSE-SH-elliptical. step 5600, energy = -0.500150304232303
  |->  par_lens = 2, 2, 2
[TDSE] Running TDSE-SH-elliptical. step 5800, energy = -0.5001501458716616
  |->  par_lens = 2, 2, 2
[TDSE] Running TDSE-SH-elliptical. step 6000, energy = -0.5001499645441239
  |->  par_lens = 2, 2, 2
[TDSE] Running TDSE-SH-elliptical. step 6200, energy = -0.5001497561700818
  |->  par_lens = 2, 2, 2
[TDSE] Running TDSE-SH-elliptical. step 6400, energy = -0.5001495204558992
  |->  par_lens = 2, 2, 2
[TDSE] Running TDSE-SH-elliptical. step 6600, energy = -0.5001492533412546
  |->  par_lens = 2, 2, 2
[TDSE] Running TDSE-SH-elliptical. step 6800, energy = -0.5001489549887832
  |->  par_lens = 2, 2, 2
[TDSE] Running TDSE-SH-elliptical. step 7000, energy = -0.5001486223610874
  |->  par_lens = 2, 2, 2
[TDSE] Running TDSE-SH-elliptical. step 7200, energy = -0.5001482505769159
  |->  par_lens = 2, 2, 2
[TDSE] Running TDSE-SH-elliptical. step 7400, energy = -0.500147844542613
  |->  par_lens = 2, 2, 2
[TDSE] Running TDSE-SH-elliptical. step 7600, energy = -0.5001473956300425
  |->  par_lens = 2, 2, 2
[TDSE] Running TDSE-SH-elliptical. step 7800, energy = -0.500146905755719
  |->  par_lens = 2, 2, 2
[TDSE] Running TDSE-SH-elliptical. step 8000, energy = -0.5001463746536849
  |->  par_lens = 2, 2, 2
[TDSE] Running TDSE-SH-elliptical. step 8200, energy = -0.5001457960027019
  |->  par_lens = 2, 2, 2
[TDSE] Running TDSE-SH-elliptical. step 8400, energy = -0.500145177357949
  |->  par_lens = 2, 2, 2
[TDSE] Running TDSE-SH-elliptical. step 8600, energy = -0.5001445080571635
  |->  par_lens = 2, 2, 2
[TDSE] Running TDSE-SH-elliptical. step 8800, energy = -0.5001437968940856
  |->  par_lens = 2, 2, 2
[TDSE] Running TDSE-SH-elliptical. step 9000, energy = -0.5001430388457296
  |->  par_lens = 2, 2, 2
[TDSE] Running TDSE-SH-elliptical. step 9200, energy = -0.5001422290266764
  |->  par_lens = 2, 2, 2
[TDSE] Running TDSE-SH-elliptical. step 9400, energy = -0.5001413870595656
  |->  par_lens = 4, 2, 2
[TDSE] Running TDSE-SH-elliptical. step 9600, energy = -0.5001404885843974
  |->  par_lens = 4, 2, 2
[TDSE] Running TDSE-SH-elliptical. step 9800, energy = -0.5001395488048879
  |->  par_lens = 4, 3, 3
[TDSE] Running TDSE-SH-elliptical. step 10000, energy = -0.5001385729614303
  |->  par_lens = 4, 3, 3
[TDSE] Running TDSE-SH-elliptical. step 10200, energy = -0.5001373541709939
  |->  par_lens = 4, 3, 3
[TDSE] Running TDSE-SH-elliptical. step 10400, energy = -0.5001348237923977
  |->  par_lens = 4, 3, 3
[TDSE] Running TDSE-SH-elliptical. step 10600, energy = -0.5001325051196918
  |->  par_lens = 4, 3, 3
[TDSE] Running TDSE-SH-elliptical. step 10800, energy = -0.5001350928099413
  |->  par_lens = 4, 3, 3
[TDSE] Running TDSE-SH-elliptical. step 11000, energy = -0.5001437551964747
  |->  par_lens = 4, 3, 3
[TDSE] Running TDSE-SH-elliptical. step 11200, energy = -0.5001441823407665
  |->  par_lens = 4, 3, 3
[TDSE] Running TDSE-SH-elliptical. step 11400, energy = -0.5001160644204277
  |->  par_lens = 4, 3, 3
[TDSE] Running TDSE-SH-elliptical. step 11600, energy = -0.5000699861823505
  |->  par_lens = 4, 3, 3
[TDSE] Running TDSE-SH-elliptical. step 11800, energy = -0.5000482042916904
  |->  par_lens = 4, 3, 3
[TDSE] Running TDSE-SH-elliptical. step 12000, energy = -0.500023434463403
  |->  par_lens = 4, 4, 3
[TDSE] Running TDSE-SH-elliptical. step 12200, energy = -0.4998133710268885
  |->  par_lens = 5, 5, 5
[TDSE] Running TDSE-SH-elliptical. step 12400, energy = -0.49923737356878106
  |->  par_lens = 5, 5, 6
[TDSE] Running TDSE-SH-elliptical. step 12600, energy = -0.4984761126663198
  |->  par_lens = 7, 7, 7
[TDSE] Running TDSE-SH-elliptical. step 12800, energy = -0.4981331065510086
  |->  par_lens = 7, 7, 7
[TDSE] Running TDSE-SH-elliptical. step 13000, energy = -0.49859994465044527
  |->  par_lens = 9, 7, 7
[TDSE] Running TDSE-SH-elliptical. step 13200, energy = -0.49930013939948137
  |->  par_lens = 9, 7, 8
[TDSE] Running TDSE-SH-elliptical. step 13400, energy = -0.49897642319845475
  |->  par_lens = 9, 7, 8
[TDSE] Running TDSE-SH-elliptical. step 13600, energy = -0.4971994672061901
  |->  par_lens = 9, 8, 8
[TDSE] Running TDSE-SH-elliptical. step 13800, energy = -0.4954082101365335
  |->  par_lens = 10, 8, 9
[TDSE] Running TDSE-SH-elliptical. step 14000, energy = -0.4955376380197842
  |->  par_lens = 10, 10, 9
[TDSE] Running TDSE-SH-elliptical. step 14200, energy = -0.49724060001868065
  |->  par_lens = 10, 10, 9
[TDSE] Running TDSE-SH-elliptical. step 14400, energy = -0.4972211473655089
  |->  par_lens = 10, 10, 9
[TDSE] Running TDSE-SH-elliptical. step 14600, energy = -0.49275886647879735
  |->  par_lens = 10, 10, 10
[TDSE] Running TDSE-SH-elliptical. step 14800, energy = -0.4860254332030156
  |->  par_lens = 13, 12, 13
[TDSE] Running TDSE-SH-elliptical. step 15000, energy = -0.4831295408279399
  |->  par_lens = 16, 15, 14
[TDSE] Running TDSE-SH-elliptical. step 15200, energy = -0.48728149142300775
  |->  par_lens = 19, 19, 19
[TDSE] Running TDSE-SH-elliptical. step 15400, energy = -0.4934699866201852
  |->  par_lens = 20, 21, 20
[TDSE] Running TDSE-SH-elliptical. step 15600, energy = -0.4925982814615466
  |->  par_lens = 20, 21, 20
[TDSE] Running TDSE-SH-elliptical. step 15800, energy = -0.4824334195522514
  |->  par_lens = 20, 20, 20
[TDSE] Running TDSE-SH-elliptical. step 16000, energy = -0.472278200750032
  |->  par_lens = 19, 21, 20
[TDSE] Running TDSE-SH-elliptical. step 16200, energy = -0.4733702999767096
  |->  par_lens = 22, 24, 19
[TDSE] Running TDSE-SH-elliptical. step 16400, energy = -0.4840363708681211
  |->  par_lens = 24, 25, 25
[TDSE] Running TDSE-SH-elliptical. step 16600, energy = -0.4884722731708283
  |->  par_lens = 24, 26, 26
[TDSE] Running TDSE-SH-elliptical. step 16800, energy = -0.4742705450364017
  |->  par_lens = 22, 24, 25
[TDSE] Running TDSE-SH-elliptical. step 17000, energy = -0.4499757062163841
  |->  par_lens = 26, 25, 25
[TDSE] Running TDSE-SH-elliptical. step 17200, energy = -0.4392806769135366
  |->  par_lens = 30, 31, 33
[TDSE] Running TDSE-SH-elliptical. step 17400, energy = -0.45401266659024847
  |->  par_lens = 40, 42, 38
[TDSE] Running TDSE-SH-elliptical. step 17600, energy = -0.47676335313614526
  |->  par_lens = 46, 46, 48
[TDSE] Running TDSE-SH-elliptical. step 17800, energy = -0.4773030459724992
  |->  par_lens = 49, 48, 51
[TDSE] Running TDSE-SH-elliptical. step 18000, energy = -0.4484007410995634
  |->  par_lens = 46, 48, 44
[TDSE] Running TDSE-SH-elliptical. step 18200, energy = -0.41870400116796136
  |->  par_lens = 43, 47, 41
[TDSE] Running TDSE-SH-elliptical. step 18400, energy = -0.42145482266328316
  |->  par_lens = 49, 55, 50
[TDSE] Running TDSE-SH-elliptical. step 18600, energy = -0.4529643256071956
  |->  par_lens = 62, 60, 56
[TDSE] Running TDSE-SH-elliptical. step 18800, energy = -0.470809780224147
  |->  par_lens = 61, 66, 61
[TDSE] Running TDSE-SH-elliptical. step 19000, energy = -0.4417938347721939
  |->  par_lens = 60, 61, 61
[TDSE] Running TDSE-SH-elliptical. step 19200, energy = -0.3860471532029218
  |->  par_lens = 55, 56, 52
[TDSE] Running TDSE-SH-elliptical. step 19400, energy = -0.36033735867838346
  |->  par_lens = 64, 65, 68
[TDSE] Running TDSE-SH-elliptical. step 19600, energy = -0.3931321085684214
  |->  par_lens = 85, 82, 86
[TDSE] Running TDSE-SH-elliptical. step 19800, energy = -0.44638178867277434
  |->  par_lens = 101, 97, 103
[TDSE] Running TDSE-SH-elliptical. step 20000, energy = -0.45341154724032795
  |->  par_lens = 107, 101, 102
[TDSE] Running TDSE-SH-elliptical. step 20200, energy = -0.3974515262745631
  |->  par_lens = 100, 97, 97
[TDSE] Running TDSE-SH-elliptical. step 20400, energy = -0.33765595711328006
  |->  par_lens = 87, 90, 78
[TDSE] Running TDSE-SH-elliptical. step 20600, energy = -0.3413874946394051
  |->  par_lens = 99, 104, 103
[TDSE] Running TDSE-SH-elliptical. step 20800, energy = -0.40432410522180057
  |->  par_lens = 130, 125, 126
[TDSE] Running TDSE-SH-elliptical. step 21000, energy = -0.445586448356345
  |->  par_lens = 135, 137, 134
[TDSE] Running TDSE-SH-elliptical. step 21200, energy = -0.4014362089066866
  |->  par_lens = 131, 132, 130
[TDSE] Running TDSE-SH-elliptical. step 21400, energy = -0.30580238440416463
  |->  par_lens = 114, 114, 107
[TDSE] Running TDSE-SH-elliptical. step 21600, energy = -0.25996230615817173
  |->  par_lens = 115, 112, 111
[TDSE] Running TDSE-SH-elliptical. step 21800, energy = -0.31348857255336476
  |->  par_lens = 156, 155, 153
[TDSE] Running TDSE-SH-elliptical. step 22000, energy = -0.4065503517090593
  |->  par_lens = 186, 182, 187
[TDSE] Running TDSE-SH-elliptical. step 22200, energy = -0.4264685382530348
  |->  par_lens = 196, 188, 193
[TDSE] Running TDSE-SH-elliptical. step 22400, energy = -0.343363054156404
  |->  par_lens = 190, 190, 188
[TDSE] Running TDSE-SH-elliptical. step 22600, energy = -0.2503966472288644
  |->  par_lens = 161, 163, 163
[TDSE] Running TDSE-SH-elliptical. step 22800, energy = -0.2534578963946364
  |->  par_lens = 168, 167, 165
[TDSE] Running TDSE-SH-elliptical. step 23000, energy = -0.3492172795824847
  |->  par_lens = 213, 209, 207
[TDSE] Running TDSE-SH-elliptical. step 23200, energy = -0.4190464825232902
  |->  par_lens = 234, 225, 228
[TDSE] Running TDSE-SH-elliptical. step 23400, energy = -0.36564861166543017
  |->  par_lens = 230, 228, 231
[TDSE] Running TDSE-SH-elliptical. step 23600, energy = -0.23393267970332016
  |->  par_lens = 205, 195, 200
[TDSE] Running TDSE-SH-elliptical. step 23800, energy = -0.168685643113466
  |->  par_lens = 185, 183, 183
[TDSE] Running TDSE-SH-elliptical. step 24000, energy = -0.23807045643214717
  |->  par_lens = 235, 236, 229
[TDSE] Running TDSE-SH-elliptical. step 24200, energy = -0.36808039024928685
  |->  par_lens = 283, 279, 279
[TDSE] Running TDSE-SH-elliptical. step 24400, energy = -0.4050611946969508
  |->  par_lens = 294, 287, 288
[TDSE] Running TDSE-SH-elliptical. step 24600, energy = -0.30563580508514004
  |->  par_lens = 285, 279, 279
[TDSE] Running TDSE-SH-elliptical. step 24800, energy = -0.18787900737096352
  |->  par_lens = 246, 248, 248
[TDSE] Running TDSE-SH-elliptical. step 25000, energy = -0.18876571894918023
  |->  par_lens = 248, 245, 250
[TDSE] Running TDSE-SH-elliptical. step 25200, energy = -0.30596855835685816
  |->  par_lens = 299, 296, 294
[TDSE] Running TDSE-SH-elliptical. step 25400, energy = -0.39958646998498243
  |->  par_lens = 317, 321, 321
[TDSE] Running TDSE-SH-elliptical. step 25600, energy = -0.3471254034942808
  |->  par_lens = 309, 318, 319
[TDSE] Running TDSE-SH-elliptical. step 25800, energy = -0.1971954283446896
  |->  par_lens = 290, 293, 282
[TDSE] Running TDSE-SH-elliptical. step 26000, energy = -0.11981113742216505
  |->  par_lens = 276, 282, 278
[TDSE] Running TDSE-SH-elliptical. step 26200, energy = -0.19444559325604208
  |->  par_lens = 314, 314, 315
[TDSE] Running TDSE-SH-elliptical. step 26400, energy = -0.3441413093811652
  |->  par_lens = 354, 348, 349
[TDSE] Running TDSE-SH-elliptical. step 26600, energy = -0.39656975682352535
  |->  par_lens = 360, 363, 358
[TDSE] Running TDSE-SH-elliptical. step 26800, energy = -0.2992540478405674
  |->  par_lens = 350, 348, 353
[TDSE] Running TDSE-SH-elliptical. step 27000, energy = -0.17562612621706128
  |->  par_lens = 319, 333, 318
[TDSE] Running TDSE-SH-elliptical. step 27200, energy = -0.17286307813833746
  |->  par_lens = 326, 317, 317
[TDSE] Running TDSE-SH-elliptical. step 27400, energy = -0.29224714872205537
  |->  par_lens = 347, 346, 347
[TDSE] Running TDSE-SH-elliptical. step 27600, energy = -0.39482175336757747
  |->  par_lens = 369, 370, 365
[TDSE] Running TDSE-SH-elliptical. step 27800, energy = -0.3529909134564058
  |->  par_lens = 368, 372, 362
[TDSE] Running TDSE-SH-elliptical. step 28000, energy = -0.21055709024664193
  |->  par_lens = 344, 358, 355
[TDSE] Running TDSE-SH-elliptical. step 28200, energy = -0.13255667594261347
  |->  par_lens = 343, 336, 341
[TDSE] Running TDSE-SH-elliptical. step 28400, energy = -0.20017491094660467
  |->  par_lens = 361, 365, 354
[TDSE] Running TDSE-SH-elliptical. step 28600, energy = -0.34456462788760983
  |->  par_lens = 386, 385, 385
[TDSE] Running TDSE-SH-elliptical. step 28800, energy = -0.40453998670814645
  |->  par_lens = 397, 396, 390
[TDSE] Running TDSE-SH-elliptical. step 29000, energy = -0.327173082654566
  |->  par_lens = 383, 380, 386
[TDSE] Running TDSE-SH-elliptical. step 29200, energy = -0.21911569515102342
  |->  par_lens = 366, 370, 367
[TDSE] Running TDSE-SH-elliptical. step 29400, energy = -0.21278492169043053
  |->  par_lens = 366, 346, 348
[TDSE] Running TDSE-SH-elliptical. step 29600, energy = -0.31490621317359085
  |->  par_lens = 369, 364, 363
[TDSE] Running TDSE-SH-elliptical. step 29800, energy = -0.4072534303740606
  |->  par_lens = 377, 378, 380
[TDSE] Running TDSE-SH-elliptical. step 30000, energy = -0.3804013493484491
  |->  par_lens = 382, 376, 379
[TDSE] Running TDSE-SH-elliptical. step 30200, energy = -0.267485116554578
  |->  par_lens = 379, 370, 365
[TDSE] Running TDSE-SH-elliptical. step 30400, energy = -0.2015515055179703
  |->  par_lens = 374, 374, 372
[TDSE] Running TDSE-SH-elliptical. step 30600, energy = -0.25308068151706825
  |->  par_lens = 399, 386, 391
[TDSE] Running TDSE-SH-elliptical. step 30800, energy = -0.37011192267235477
  |->  par_lens = 405, 403, 398
[TDSE] Running TDSE-SH-elliptical. step 31000, energy = -0.4257191663105266
  |->  par_lens = 410, 412, 410
[TDSE] Running TDSE-SH-elliptical. step 31200, energy = -0.3769419949924453
  |->  par_lens = 405, 404, 405
[TDSE] Running TDSE-SH-elliptical. step 31400, energy = -0.29965250917204483
  |->  par_lens = 392, 399, 392
[TDSE] Running TDSE-SH-elliptical. step 31600, energy = -0.2918670894562972
  |->  par_lens = 379, 373, 378
[TDSE] Running TDSE-SH-elliptical. step 31800, energy = -0.3644843995989255
  |->  par_lens = 367, 374, 369
[TDSE] Running TDSE-SH-elliptical. step 32000, energy = -0.4318822188379675
  |->  par_lens = 376, 368, 374
[TDSE] Running TDSE-SH-elliptical. step 32200, energy = -0.41879850561794396
  |->  par_lens = 376, 369, 367
[TDSE] Running TDSE-SH-elliptical. step 32400, energy = -0.3450305526112285
  |->  par_lens = 381, 373, 372
[TDSE] Running TDSE-SH-elliptical. step 32600, energy = -0.29834741619735294
  |->  par_lens = 388, 381, 377
[TDSE] Running TDSE-SH-elliptical. step 32800, energy = -0.33085447495703607
  |->  par_lens = 395, 398, 392
[TDSE] Running TDSE-SH-elliptical. step 33000, energy = -0.4085498485111473
  |->  par_lens = 408, 409, 406
[TDSE] Running TDSE-SH-elliptical. step 33200, energy = -0.45161442362248344
  |->  par_lens = 413, 415, 411
[TDSE] Running TDSE-SH-elliptical. step 33400, energy = -0.42922599274022694
  |->  par_lens = 411, 413, 410
[TDSE] Running TDSE-SH-elliptical. step 33600, energy = -0.38535046499273945
  |->  par_lens = 401, 409, 406
[TDSE] Running TDSE-SH-elliptical. step 33800, energy = -0.3799657775079135
  |->  par_lens = 395, 400, 398
[TDSE] Running TDSE-SH-elliptical. step 34000, energy = -0.41996184605663844
  |->  par_lens = 382, 384, 384
[TDSE] Running TDSE-SH-elliptical. step 34200, energy = -0.4589248565071766
  |->  par_lens = 382, 383, 380
[TDSE] Running TDSE-SH-elliptical. step 34400, energy = -0.453819332924875
  |->  par_lens = 380, 379, 372
[TDSE] Running TDSE-SH-elliptical. step 34600, energy = -0.4152409187416628
  |->  par_lens = 388, 383, 377
[TDSE] Running TDSE-SH-elliptical. step 34800, energy = -0.38978610482261655
  |->  par_lens = 402, 402, 384
[TDSE] Running TDSE-SH-elliptical. step 35000, energy = -0.40627594445901194
  |->  par_lens = 403, 407, 399
[TDSE] Running TDSE-SH-elliptical. step 35200, energy = -0.446807952962413
  |->  par_lens = 410, 412, 408
[TDSE] Running TDSE-SH-elliptical. step 35400, energy = -0.4726246520891364
  |->  par_lens = 413, 416, 410
[TDSE] Running TDSE-SH-elliptical. step 35600, energy = -0.4672298648079426
  |->  par_lens = 415, 418, 414
[TDSE] Running TDSE-SH-elliptical. step 35800, energy = -0.45023198721122504
  |->  par_lens = 413, 417, 410
[TDSE] Running TDSE-SH-elliptical. step 36000, energy = -0.4473232098009853
  |->  par_lens = 407, 409, 405
[TDSE] Running TDSE-SH-elliptical. step 36200, energy = -0.4637400887318415
  |->  par_lens = 402, 404, 395
[TDSE] Running TDSE-SH-elliptical. step 36400, energy = -0.4790153396304413
  |->  par_lens = 393, 401, 392
[TDSE] Running TDSE-SH-elliptical. step 36600, energy = -0.47735756779188265
  |->  par_lens = 387, 400, 393
[TDSE] Running TDSE-SH-elliptical. step 36800, energy = -0.4622423288801699
  |->  par_lens = 394, 400, 389
[TDSE] Running TDSE-SH-elliptical. step 37000, energy = -0.45234473595526764
  |->  par_lens = 397, 411, 396
[TDSE] Running TDSE-SH-elliptical. step 37200, energy = -0.4581899218583937
  |->  par_lens = 403, 412, 403
[TDSE] Running TDSE-SH-elliptical. step 37400, energy = -0.47367871888795593
  |->  par_lens = 410, 416, 408
[TDSE] Running TDSE-SH-elliptical. step 37600, energy = -0.48512249507741434
  |->  par_lens = 412, 416, 409
[TDSE] Running TDSE-SH-elliptical. step 37800, energy = -0.4864878296213217
  |->  par_lens = 413, 415, 408
[TDSE] Running TDSE-SH-elliptical. step 38000, energy = -0.48315731890792823
  |->  par_lens = 410, 415, 407
[TDSE] Running TDSE-SH-elliptical. step 38200, energy = -0.48266983092992893
  |->  par_lens = 408, 411, 405
[TDSE] Running TDSE-SH-elliptical. step 38400, energy = -0.4863054351600524
  |->  par_lens = 398, 403, 400
[TDSE] Running TDSE-SH-elliptical. step 38600, energy = -0.4893931527922876
  |->  par_lens = 392, 395, 392
[TDSE] Running TDSE-SH-elliptical. step 38800, energy = -0.48830534786217594
  |->  par_lens = 394, 385, 389
[TDSE] Running TDSE-SH-elliptical. step 39000, energy = -0.48446362325440273
  |->  par_lens = 388, 389, 392
[TDSE] Running TDSE-SH-elliptical. step 39200, energy = -0.4820725231651849
  |->  par_lens = 391, 397, 399
[TDSE] Running TDSE-SH-elliptical. step 39400, energy = -0.4833530464325903
  |->  par_lens = 401, 399, 397
[TDSE] Running TDSE-SH-elliptical. step 39600, energy = -0.48690318932907356
  |->  par_lens = 403, 405, 406
[TDSE] Running TDSE-SH-elliptical. step 39800, energy = -0.49005931621577253
  |->  par_lens = 404, 408, 405
[TDSE] Running TDSE-SH-elliptical. step 40000, energy = -0.49154865598997605
  |->  par_lens = 403, 408, 403
[TDSE] Running TDSE-SH-elliptical. step 40200, energy = -0.49188155343892026
  |->  par_lens = 403, 407, 404
[TDSE] Running TDSE-SH-elliptical. step 40400, energy = -0.491983888088128
  |->  par_lens = 403, 406, 403
[TDSE] Running TDSE-SH-elliptical. step 40600, energy = -0.492082414250991
  |->  par_lens = 401, 404, 403
[TDSE] Running TDSE-SH-elliptical. step 40800, energy = -0.49188988376236814
  |->  par_lens = 399, 404, 401
[TDSE] Running TDSE-SH-elliptical. step 41000, energy = -0.4914210139633003
  |->  par_lens = 400, 404, 400
[TDSE] Running TDSE-SH-elliptical. step 41200, energy = -0.49083562098060496
  |->  par_lens = 402, 402, 401
[TDSE] Running TDSE-SH-elliptical. step 41400, energy = -0.4906143547844321
  |->  par_lens = 401, 403, 403
[TDSE] Running TDSE-SH-elliptical. step 41600, energy = -0.4907142821229084
  |->  par_lens = 403, 405, 404
[TDSE] Running TDSE-SH-elliptical. step 41800, energy = -0.4909623201073336
  |->  par_lens = 403, 406, 406
[TDSE] Running TDSE-SH-elliptical. step 42000, energy = -0.49128107337510596
  |->  par_lens = 407, 405, 407
[TDSE] Running TDSE-SH-elliptical. step 42200, energy = -0.491411415711287
  |->  par_lens = 406, 407, 407
[TDSE] Running TDSE-SH-elliptical. step 42400, energy = -0.49151579757288316
  |->  par_lens = 411, 407, 406
[TDSE] Running TDSE-SH-elliptical. step 42600, energy = -0.49152550951222956
  |->  par_lens = 415, 408, 410
[TDSE] Running TDSE-SH-elliptical. step 42800, energy = -0.49149969484602385
  |->  par_lens = 418, 408, 410
[TDSE] Running TDSE-SH-elliptical. step 43000, energy = -0.49152929733060424
  |->  par_lens = 419, 409, 410
[TDSE] Running TDSE-SH-elliptical. step 43200, energy = -0.49149104653673714
  |->  par_lens = 421, 411, 410
[TDSE] Running TDSE-SH-elliptical. step 43400, energy = -0.49153686552374787
  |->  par_lens = 422, 416, 412
[TDSE] Running TDSE-SH-elliptical. step 43600, energy = -0.49153148106401523
  |->  par_lens = 422, 421, 414
[TDSE] Running TDSE-SH-elliptical. step 43800, energy = -0.49151254520139775
  |->  par_lens = 422, 422, 416
[TDSE] Running TDSE-SH-elliptical. step 44000, energy = -0.4915630518156509
  |->  par_lens = 422, 422, 415
[TDSE] Running TDSE-SH-elliptical. step 44200, energy = -0.4915381647205595
  |->  par_lens = 423, 425, 419
[TDSE] Running TDSE-SH-elliptical. step 44400, energy = -0.49157663078755504
  |->  par_lens = 424, 425, 425
[TDSE] Running TDSE-SH-elliptical. step 44600, energy = -0.49156035440777546
  |->  par_lens = 425, 426, 427
[TDSE] Running TDSE-SH-elliptical. step 44800, energy = -0.4915586552396977
  |->  par_lens = 425, 429, 429
[TDSE] Running TDSE-SH-elliptical. step 45000, energy = -0.4916120135229225
  |->  par_lens = 426, 429, 429
