  Activating project at `~/JuliaProp_v0.1`
[ITP]: 10000.500151030976
[ITP]: 3.0490838964780664e-8
[ITP]: 7.575335692067142e-9
Energy of ground state: -0.5001510690415283
[TDSE] Start TDSE-SH for elliptical polarized laser. It may cost a plenty of time.
[TDSE] Running TDSE-SH-elliptical. step 0, energy = -0.5001510690415277
  |->  par_lens = 2, 2, 2
[TDSE] Running TDSE-SH-elliptical. step 200, energy = -0.5001510690413852
  |->  par_lens = 2, 2, 2
[TDSE] Running TDSE-SH-elliptical. step 400, energy = -0.5001510690412401
  |->  par_lens = 2, 2, 2
[TDSE] Running TDSE-SH-elliptical. step 600, energy = -0.5001510690410742
  |->  par_lens = 2, 2, 2
[TDSE] Running TDSE-SH-elliptical. step 800, energy = -0.5001510690408141
  |->  par_lens = 2, 2, 2
[TDSE] Running TDSE-SH-elliptical. step 1000, energy = -0.5001510690402794
  |->  par_lens = 2, 2, 2
[TDSE] Running TDSE-SH-elliptical. step 1200, energy = -0.5001510690390225
  |->  par_lens = 2, 2, 2
[TDSE] Running TDSE-SH-elliptical. step 1400, energy = -0.5001510690362163
  |->  par_lens = 2, 2, 2
[TDSE] Running TDSE-SH-elliptical. step 1600, energy = -0.5001510690304799
  |->  par_lens = 2, 2, 2
[TDSE] Running TDSE-SH-elliptical. step 1800, energy = -0.5001510690196023
  |->  par_lens = 2, 2, 2
[TDSE] Running TDSE-SH-elliptical. step 2000, energy = -0.5001510690003129
  |->  par_lens = 2, 2, 2
[TDSE] Running TDSE-SH-elliptical. step 2200, energy = -0.5001510689677758
  |->  par_lens = 2, 2, 2
[TDSE] Running TDSE-SH-elliptical. step 2400, energy = -0.5001510689155031
  |->  par_lens = 2, 2, 2
[TDSE] Running TDSE-SH-elliptical. step 2600, energy = -0.500151068834526
  |->  par_lens = 2, 2, 2
[TDSE] Running TDSE-SH-elliptical. step 2800, energy = -0.5001510687131059
  |->  par_lens = 2, 2, 2
[TDSE] Running TDSE-SH-elliptical. step 3000, energy = -0.500151068536532
  |->  par_lens = 2, 2, 2
[TDSE] Running TDSE-SH-elliptical. step 3200, energy = -0.5001510682852617
  |->  par_lens = 2, 2, 2
[TDSE] Running TDSE-SH-elliptical. step 3400, energy = -0.5001510679371549
  |->  par_lens = 2, 2, 2
[TDSE] Running TDSE-SH-elliptical. step 3600, energy = -0.5001510674618272
  |->  par_lens = 2, 2, 2
[TDSE] Running TDSE-SH-elliptical. step 3800, energy = -0.5001510668259319
  |->  par_lens = 2, 2, 2
[TDSE] Running TDSE-SH-elliptical. step 4000, energy = -0.5001510659909078
  |->  par_lens = 2, 2, 2
[TDSE] Running TDSE-SH-elliptical. step 4200, energy = -0.5001510649024277
  |->  par_lens = 2, 2, 2
[TDSE] Running TDSE-SH-elliptical. step 4400, energy = -0.5001510635125639
  |->  par_lens = 2, 2, 2
[TDSE] Running TDSE-SH-elliptical. step 4600, energy = -0.5001510617523384
  |->  par_lens = 2, 2, 2
[TDSE] Running TDSE-SH-elliptical. step 4800, energy = -0.5001510595509903
  |->  par_lens = 2, 2, 2
[TDSE] Running TDSE-SH-elliptical. step 5000, energy = -0.5001510568271583
  |->  par_lens = 2, 2, 2
[TDSE] Running TDSE-SH-elliptical. step 5200, energy = -0.5001510534775865
  |->  par_lens = 2, 2, 2
[TDSE] Running TDSE-SH-elliptical. step 5400, energy = -0.5001510494338776
  |->  par_lens = 2, 2, 2
[TDSE] Running TDSE-SH-elliptical. step 5600, energy = -0.5001510445385413
  |->  par_lens = 2, 2, 2
[TDSE] Running TDSE-SH-elliptical. step 5800, energy = -0.5001510386905558
  |->  par_lens = 2, 2, 2
[TDSE] Running TDSE-SH-elliptical. step 6000, energy = -0.5001510317882553
  |->  par_lens = 2, 2, 2
[TDSE] Running TDSE-SH-elliptical. step 6200, energy = -0.5001510236260351
  |->  par_lens = 2, 2, 2
[TDSE] Running TDSE-SH-elliptical. step 6400, energy = -0.5001510141169219
  |->  par_lens = 2, 2, 2
[TDSE] Running TDSE-SH-elliptical. step 6600, energy = -0.5001510030331938
  |->  par_lens = 2, 2, 2
[TDSE] Running TDSE-SH-elliptical. step 6800, energy = -0.5001509902886071
  |->  par_lens = 2, 2, 2
[TDSE] Running TDSE-SH-elliptical. step 7000, energy = -0.5001509756733487
  |->  par_lens = 2, 2, 2
[TDSE] Running TDSE-SH-elliptical. step 7200, energy = -0.5001509588960317
  |->  par_lens = 2, 2, 2
[TDSE] Running TDSE-SH-elliptical. step 7400, energy = -0.5001509400323647
  |->  par_lens = 2, 2, 2
[TDSE] Running TDSE-SH-elliptical. step 7600, energy = -0.5001509186211112
  |->  par_lens = 2, 2, 2
[TDSE] Running TDSE-SH-elliptical. step 7800, energy = -0.5001508946141876
  |->  par_lens = 2, 2, 2
[TDSE] Running TDSE-SH-elliptical. step 8000, energy = -0.5001508678703985
  |->  par_lens = 2, 2, 2
[TDSE] Running TDSE-SH-elliptical. step 8200, energy = -0.5001508379830765
  |->  par_lens = 2, 2, 2
[TDSE] Running TDSE-SH-elliptical. step 8400, energy = -0.5001508051395869
  |->  par_lens = 2, 2, 2
[TDSE] Running TDSE-SH-elliptical. step 8600, energy = -0.5001507687258007
  |->  par_lens = 2, 2, 2
[TDSE] Running TDSE-SH-elliptical. step 8800, energy = -0.5001507289961811
  |->  par_lens = 2, 2, 2
[TDSE] Running TDSE-SH-elliptical. step 9000, energy = -0.500150685571827
  |->  par_lens = 2, 2, 2
[TDSE] Running TDSE-SH-elliptical. step 9200, energy = -0.5001506380705907
  |->  par_lens = 2, 2, 2
[TDSE] Running TDSE-SH-elliptical. step 9400, energy = -0.5001505873038378
  |->  par_lens = 2, 2, 2
[TDSE] Running TDSE-SH-elliptical. step 9600, energy = -0.5001505319356446
  |->  par_lens = 2, 2, 2
[TDSE] Running TDSE-SH-elliptical. step 9800, energy = -0.5001504725855417
  |->  par_lens = 2, 2, 2
[TDSE] Running TDSE-SH-elliptical. step 10000, energy = -0.5001504093930775
  |->  par_lens = 2, 2, 2
[TDSE] Running TDSE-SH-elliptical. step 10200, energy = -0.5001502948581932
  |->  par_lens = 2, 2, 2
[TDSE] Running TDSE-SH-elliptical. step 10400, energy = -0.5001498316416476
  |->  par_lens = 2, 2, 2
[TDSE] Running TDSE-SH-elliptical. step 10600, energy = -0.5001492452507097
  |->  par_lens = 2, 2, 2
[TDSE] Running TDSE-SH-elliptical. step 10800, energy = -0.5001491472354274
  |->  par_lens = 2, 2, 2
[TDSE] Running TDSE-SH-elliptical. step 11000, energy = -0.5001455641697324
  |->  par_lens = 3, 2, 2
[TDSE] Running TDSE-SH-elliptical. step 11200, energy = -0.5001223001188148
  |->  par_lens = 4, 3, 3
[TDSE] Running TDSE-SH-elliptical. step 11400, energy = -0.5000646098212758
  |->  par_lens = 4, 3, 3
[TDSE] Running TDSE-SH-elliptical. step 11600, energy = -0.49999731852722773
  |->  par_lens = 4, 3, 3
[TDSE] Running TDSE-SH-elliptical. step 11800, energy = -0.49998236714764455
  |->  par_lens = 4, 4, 3
[TDSE] Running TDSE-SH-elliptical. step 12000, energy = -0.5000082631815348
  |->  par_lens = 4, 4, 3
[TDSE] Running TDSE-SH-elliptical. step 12200, energy = -0.49989452166777254
  |->  par_lens = 5, 4, 4
[TDSE] Running TDSE-SH-elliptical. step 12400, energy = -0.49944016266855085
  |->  par_lens = 5, 5, 5
[TDSE] Running TDSE-SH-elliptical. step 12600, energy = -0.49878439779575423
  |->  par_lens = 6, 6, 7
[TDSE] Running TDSE-SH-elliptical. step 12800, energy = -0.4984784602918388
  |->  par_lens = 7, 7, 7
[TDSE] Running TDSE-SH-elliptical. step 13000, energy = -0.498872188786657
  |->  par_lens = 7, 7, 7
[TDSE] Running TDSE-SH-elliptical. step 13200, energy = -0.49937918595462827
  |->  par_lens = 7, 7, 7
[TDSE] Running TDSE-SH-elliptical. step 13400, energy = -0.4987789447492871
  |->  par_lens = 7, 7, 7
[TDSE] Running TDSE-SH-elliptical. step 13600, energy = -0.4967248860719041
  |->  par_lens = 8, 8, 7
[TDSE] Running TDSE-SH-elliptical. step 13800, energy = -0.4947640048705942
  |->  par_lens = 9, 10, 8
[TDSE] Running TDSE-SH-elliptical. step 14000, energy = -0.49492577805431925
  |->  par_lens = 10, 10, 9
[TDSE] Running TDSE-SH-elliptical. step 14200, energy = -0.49690518249563786
  |->  par_lens = 10, 9, 8
[TDSE] Running TDSE-SH-elliptical. step 14400, energy = -0.4973646675195057
  |->  par_lens = 10, 10, 9
[TDSE] Running TDSE-SH-elliptical. step 14600, energy = -0.4934556414764259
  |->  par_lens = 10, 10, 10
[TDSE] Running TDSE-SH-elliptical. step 14800, energy = -0.48716419618367174
  |->  par_lens = 13, 12, 13
[TDSE] Running TDSE-SH-elliptical. step 15000, energy = -0.4844164320391435
  |->  par_lens = 14, 13, 13
[TDSE] Running TDSE-SH-elliptical. step 15200, energy = -0.48831008366643164
  |->  par_lens = 14, 15, 14
[TDSE] Running TDSE-SH-elliptical. step 15400, energy = -0.4938476786391702
  |->  par_lens = 16, 17, 16
[TDSE] Running TDSE-SH-elliptical. step 15600, energy = -0.4920912279651318
  |->  par_lens = 16, 17, 16
[TDSE] Running TDSE-SH-elliptical. step 15800, energy = -0.4810803449531316
  |->  par_lens = 16, 18, 15
[TDSE] Running TDSE-SH-elliptical. step 16000, energy = -0.47042154171163986
  |->  par_lens = 18, 19, 19
[TDSE] Running TDSE-SH-elliptical. step 16200, energy = -0.4715855200575213
  |->  par_lens = 20, 22, 20
[TDSE] Running TDSE-SH-elliptical. step 16400, energy = -0.4829644307289465
  |->  par_lens = 24, 23, 24
[TDSE] Running TDSE-SH-elliptical. step 16600, energy = -0.4886049798642034
  |->  par_lens = 24, 25, 25
[TDSE] Running TDSE-SH-elliptical. step 16800, energy = -0.4757558761376015
  |->  par_lens = 23, 24, 26
[TDSE] Running TDSE-SH-elliptical. step 17000, energy = -0.452516702076034
  |->  par_lens = 24, 25, 27
[TDSE] Running TDSE-SH-elliptical. step 17200, energy = -0.44217939233020753
  |->  par_lens = 30, 31, 31
[TDSE] Running TDSE-SH-elliptical. step 17400, energy = -0.45636123251533994
  |->  par_lens = 37, 38, 34
[TDSE] Running TDSE-SH-elliptical. step 17600, energy = -0.4777281968615195
  |->  par_lens = 39, 41, 44
[TDSE] Running TDSE-SH-elliptical. step 17800, energy = -0.47641818570669814
  |->  par_lens = 40, 42, 45
[TDSE] Running TDSE-SH-elliptical. step 18000, energy = -0.44577591110284853
  |->  par_lens = 40, 40, 38
[TDSE] Running TDSE-SH-elliptical. step 18200, energy = -0.41505207411684797
  |->  par_lens = 42, 42, 41
[TDSE] Running TDSE-SH-elliptical. step 18400, energy = -0.41790608612255215
  |->  par_lens = 50, 51, 50
[TDSE] Running TDSE-SH-elliptical. step 18600, energy = -0.4507350229507023
  |->  par_lens = 61, 63, 57
[TDSE] Running TDSE-SH-elliptical. step 18800, energy = -0.4707986823425697
  |->  par_lens = 62, 65, 64
[TDSE] Running TDSE-SH-elliptical. step 19000, energy = -0.44424834668069896
  |->  par_lens = 59, 62, 64
[TDSE] Running TDSE-SH-elliptical. step 19200, energy = -0.39040689853295946
  |->  par_lens = 57, 57, 57
[TDSE] Running TDSE-SH-elliptical. step 19400, energy = -0.3653612382181701
  |->  par_lens = 67, 67, 65
[TDSE] Running TDSE-SH-elliptical. step 19600, energy = -0.39725860690443426
  |->  par_lens = 84, 82, 84
[TDSE] Running TDSE-SH-elliptical. step 19800, energy = -0.4482112117828541
  |->  par_lens = 94, 96, 101
[TDSE] Running TDSE-SH-elliptical. step 20000, energy = -0.45218293876682314
  |->  par_lens = 100, 95, 100
[TDSE] Running TDSE-SH-elliptical. step 20200, energy = -0.3933632137895218
  |->  par_lens = 94, 96, 97
[TDSE] Running TDSE-SH-elliptical. step 20400, energy = -0.33188235852329195
  |->  par_lens = 79, 79, 79
[TDSE] Running TDSE-SH-elliptical. step 20600, energy = -0.3357143973541153
  |->  par_lens = 100, 100, 103
[TDSE] Running TDSE-SH-elliptical. step 20800, energy = -0.4006473849152207
  |->  par_lens = 129, 126, 125
[TDSE] Running TDSE-SH-elliptical. step 21000, energy = -0.4452707742161907
  |->  par_lens = 137, 136, 137
[TDSE] Running TDSE-SH-elliptical. step 21200, energy = -0.404852115328658
  |->  par_lens = 136, 138, 134
[TDSE] Running TDSE-SH-elliptical. step 21400, energy = -0.31209661339491934
  |->  par_lens = 117, 120, 125
[TDSE] Running TDSE-SH-elliptical. step 21600, energy = -0.2672819017837263
  |->  par_lens = 121, 116, 115
[TDSE] Running TDSE-SH-elliptical. step 21800, energy = -0.31959048920574545
  |->  par_lens = 154, 158, 154
[TDSE] Running TDSE-SH-elliptical. step 22000, energy = -0.40942135095498977
  |->  par_lens = 181, 181, 186
[TDSE] Running TDSE-SH-elliptical. step 22200, energy = -0.42503892752051975
  |->  par_lens = 188, 186, 190
[TDSE] Running TDSE-SH-elliptical. step 22400, energy = -0.3379070921237695
  |->  par_lens = 185, 179, 185
[TDSE] Running TDSE-SH-elliptical. step 22600, energy = -0.2425636697439429
  |->  par_lens = 152, 156, 153
[TDSE] Running TDSE-SH-elliptical. step 22800, energy = -0.2456840799441146
  |->  par_lens = 167, 168, 165
[TDSE] Running TDSE-SH-elliptical. step 23000, energy = -0.3440448509305138
  |->  par_lens = 210, 210, 210
[TDSE] Running TDSE-SH-elliptical. step 23200, energy = -0.4182891230704945
  |->  par_lens = 235, 232, 230
[TDSE] Running TDSE-SH-elliptical. step 23400, energy = -0.3698041120872315
  |->  par_lens = 237, 226, 234
[TDSE] Running TDSE-SH-elliptical. step 23600, energy = -0.2418944508797357
  |->  par_lens = 211, 212, 212
[TDSE] Running TDSE-SH-elliptical. step 23800, energy = -0.17802896333870633
  |->  par_lens = 197, 189, 192
[TDSE] Running TDSE-SH-elliptical. step 24000, energy = -0.24597573974727283
  |->  par_lens = 240, 236, 238
[TDSE] Running TDSE-SH-elliptical. step 24200, energy = -0.37198862883096556
  |->  par_lens = 277, 279, 278
[TDSE] Running TDSE-SH-elliptical. step 24400, energy = -0.40364732139321347
  |->  par_lens = 287, 287, 284
[TDSE] Running TDSE-SH-elliptical. step 24600, energy = -0.29922308890784866
  |->  par_lens = 275, 273, 271
[TDSE] Running TDSE-SH-elliptical. step 24800, energy = -0.17848871574163205
  |->  par_lens = 234, 240, 241
[TDSE] Running TDSE-SH-elliptical. step 25000, energy = -0.17936228687252972
  |->  par_lens = 248, 240, 245
[TDSE] Running TDSE-SH-elliptical. step 25200, energy = -0.29955880707138627
  |->  par_lens = 299, 295, 299
[TDSE] Running TDSE-SH-elliptical. step 25400, energy = -0.39833533062068777
  |->  par_lens = 322, 324, 318
[TDSE] Running TDSE-SH-elliptical. step 25600, energy = -0.351627739327381
  |->  par_lens = 321, 319, 320
[TDSE] Running TDSE-SH-elliptical. step 25800, energy = -0.2061787787855647
  |->  par_lens = 295, 294, 285
[TDSE] Running TDSE-SH-elliptical. step 26000, energy = -0.13046469824902346
  |->  par_lens = 272, 275, 278
[TDSE] Running TDSE-SH-elliptical. step 26200, energy = -0.20358376512955456
  |->  par_lens = 311, 302, 304
[TDSE] Running TDSE-SH-elliptical. step 26400, energy = -0.3488599934450193
  |->  par_lens = 346, 343, 349
[TDSE] Running TDSE-SH-elliptical. step 26600, energy = -0.3953932478702496
  |->  par_lens = 357, 355, 354
[TDSE] Running TDSE-SH-elliptical. step 26800, energy = -0.29252561785984005
  |->  par_lens = 340, 345, 348
[TDSE] Running TDSE-SH-elliptical. step 27000, energy = -0.16555475088569668
  |->  par_lens = 319, 323, 322
[TDSE] Running TDSE-SH-elliptical. step 27200, energy = -0.1626720169299565
  |->  par_lens = 322, 326, 316
[TDSE] Running TDSE-SH-elliptical. step 27400, energy = -0.28515720471406486
  |->  par_lens = 347, 354, 353
[TDSE] Running TDSE-SH-elliptical. step 27600, energy = -0.3931551952832718
  |->  par_lens = 376, 371, 368
[TDSE] Running TDSE-SH-elliptical. step 27800, energy = -0.35738405482797697
  |->  par_lens = 370, 367, 363
[TDSE] Running TDSE-SH-elliptical. step 28000, energy = -0.2196887050798415
  |->  par_lens = 353, 349, 342
[TDSE] Running TDSE-SH-elliptical. step 28200, energy = -0.14352164513729274
  |->  par_lens = 346, 341, 341
[TDSE] Running TDSE-SH-elliptical. step 28400, energy = -0.20969871830520498
  |->  par_lens = 361, 359, 366
[TDSE] Running TDSE-SH-elliptical. step 28600, energy = -0.34968533979226124
  |->  par_lens = 376, 380, 376
[TDSE] Running TDSE-SH-elliptical. step 28800, energy = -0.4037565125265285
  |->  par_lens = 382, 390, 388
[TDSE] Running TDSE-SH-elliptical. step 29000, energy = -0.3208356404605412
  |->  par_lens = 379, 379, 374
[TDSE] Running TDSE-SH-elliptical. step 29200, energy = -0.2093923376246379
  |->  par_lens = 354, 360, 360
[TDSE] Running TDSE-SH-elliptical. step 29400, energy = -0.2028275692746449
  |->  par_lens = 354, 357, 352
[TDSE] Running TDSE-SH-elliptical. step 29600, energy = -0.3078638266891581
  |->  par_lens = 368, 380, 367
[TDSE] Running TDSE-SH-elliptical. step 29800, energy = -0.40535760794729186
  |->  par_lens = 377, 384, 378
[TDSE] Running TDSE-SH-elliptical. step 30000, energy = -0.38427489941082144
  |->  par_lens = 381, 385, 375
[TDSE] Running TDSE-SH-elliptical. step 30200, energy = -0.27587401402627093
  |->  par_lens = 366, 384, 365
[TDSE] Running TDSE-SH-elliptical. step 30400, energy = -0.21175746755238206
  |->  par_lens = 366, 357, 368
[TDSE] Running TDSE-SH-elliptical. step 30600, energy = -0.26205045462609683
  |->  par_lens = 374, 379, 371
[TDSE] Running TDSE-SH-elliptical. step 30800, energy = -0.3751235986633581
  |->  par_lens = 382, 388, 386
[TDSE] Running TDSE-SH-elliptical. step 31000, energy = -0.4254154374143157
  |->  par_lens = 388, 397, 392
[TDSE] Running TDSE-SH-elliptical. step 31200, energy = -0.37160730601031
  |->  par_lens = 383, 389, 386
[TDSE] Running TDSE-SH-elliptical. step 31400, energy = -0.29123762462942016
  |->  par_lens = 373, 370, 375
[TDSE] Running TDSE-SH-elliptical. step 31600, energy = -0.2831302104708912
  |->  par_lens = 361, 358, 359
[TDSE] Running TDSE-SH-elliptical. step 31800, energy = -0.35822088741870417
  |->  par_lens = 366, 372, 374
[TDSE] Running TDSE-SH-elliptical. step 32000, energy = -0.43000936963196473
  |->  par_lens = 372, 377, 375
[TDSE] Running TDSE-SH-elliptical. step 32200, energy = -0.42185912604224945
  |->  par_lens = 374, 377, 377
[TDSE] Running TDSE-SH-elliptical. step 32400, energy = -0.3519506191992144
  |->  par_lens = 367, 368, 377
[TDSE] Running TDSE-SH-elliptical. step 32600, energy = -0.3069028679412296
  |->  par_lens = 369, 377, 368
[TDSE] Running TDSE-SH-elliptical. step 32800, energy = -0.3384629313862465
  |->  par_lens = 377, 384, 384
[TDSE] Running TDSE-SH-elliptical. step 33000, energy = -0.41297497865751603
  |->  par_lens = 387, 390, 393
[TDSE] Running TDSE-SH-elliptical. step 33200, energy = -0.45173472574619805
  |->  par_lens = 392, 389, 391
[TDSE] Running TDSE-SH-elliptical. step 33400, energy = -0.42533717215252725
  |->  par_lens = 392, 388, 391
[TDSE] Running TDSE-SH-elliptical. step 33600, energy = -0.3789421103653676
  |->  par_lens = 381, 389, 388
[TDSE] Running TDSE-SH-elliptical. step 33800, energy = -0.3732304746258577
  |->  par_lens = 376, 377, 369
[TDSE] Running TDSE-SH-elliptical. step 34000, energy = -0.41505905497921586
  |->  par_lens = 369, 373, 370
[TDSE] Running TDSE-SH-elliptical. step 34200, energy = -0.45734705029945527
  |->  par_lens = 374, 375, 371
[TDSE] Running TDSE-SH-elliptical. step 34400, energy = -0.4559593965484467
  |->  par_lens = 366, 378, 370
[TDSE] Running TDSE-SH-elliptical. step 34600, energy = -0.4202795317799095
  |->  par_lens = 377, 374, 374
[TDSE] Running TDSE-SH-elliptical. step 34800, energy = -0.3960972057239783
  |->  par_lens = 371, 378, 376
[TDSE] Running TDSE-SH-elliptical. step 35000, energy = -0.4119524134268486
  |->  par_lens = 382, 386, 381
[TDSE] Running TDSE-SH-elliptical. step 35200, energy = -0.4502739521939476
  |->  par_lens = 388, 392, 390
[TDSE] Running TDSE-SH-elliptical. step 35400, energy = -0.4730983780753559
  |->  par_lens = 394, 395, 391
[TDSE] Running TDSE-SH-elliptical. step 35600, energy = -0.464884259407685
  |->  par_lens = 390, 392, 395
[TDSE] Running TDSE-SH-elliptical. step 35800, energy = -0.4461317554707969
  |->  par_lens = 386, 392, 385
[TDSE] Running TDSE-SH-elliptical. step 36000, energy = -0.44292928390981134
  |->  par_lens = 380, 388, 380
[TDSE] Running TDSE-SH-elliptical. step 36200, energy = -0.4605310035799906
  |->  par_lens = 369, 371, 370
[TDSE] Running TDSE-SH-elliptical. step 36400, energy = -0.47794557932819404
  |->  par_lens = 361, 365, 348
[TDSE] Running TDSE-SH-elliptical. step 36600, energy = -0.47864400596127044
  |->  par_lens = 354, 355, 350
[TDSE] Running TDSE-SH-elliptical. step 36800, energy = -0.46539293724081515
  |->  par_lens = 353, 360, 354
[TDSE] Running TDSE-SH-elliptical. step 37000, energy = -0.4563141731715446
  |->  par_lens = 355, 358, 353
[TDSE] Running TDSE-SH-elliptical. step 37200, energy = -0.461826096858059
  |->  par_lens = 370, 369, 363
[TDSE] Running TDSE-SH-elliptical. step 37400, energy = -0.47603651878784664
  |->  par_lens = 367, 371, 362
[TDSE] Running TDSE-SH-elliptical. step 37600, energy = -0.48575704494015587
  |->  par_lens = 361, 368, 359
[TDSE] Running TDSE-SH-elliptical. step 37800, energy = -0.48554016809438133
  |->  par_lens = 362, 360, 353
[TDSE] Running TDSE-SH-elliptical. step 38000, energy = -0.48121045360427167
  |->  par_lens = 349, 361, 349
[TDSE] Running TDSE-SH-elliptical. step 38200, energy = -0.48054839756410567
  |->  par_lens = 337, 344, 339
[TDSE] Running TDSE-SH-elliptical. step 38400, energy = -0.4847739740637718
  |->  par_lens = 326, 328, 323
[TDSE] Running TDSE-SH-elliptical. step 38600, energy = -0.4889190403562743
  |->  par_lens = 311, 314, 320
[TDSE] Running TDSE-SH-elliptical. step 38800, energy = -0.4890035678023104
  |->  par_lens = 298, 301, 305
[TDSE] Running TDSE-SH-elliptical. step 39000, energy = -0.48604683268647564
  |->  par_lens = 293, 295, 301
[TDSE] Running TDSE-SH-elliptical. step 39200, energy = -0.48405445184193546
  |->  par_lens = 290, 294, 293
[TDSE] Running TDSE-SH-elliptical. step 39400, energy = -0.48520771763734744
  |->  par_lens = 292, 293, 295
[TDSE] Running TDSE-SH-elliptical. step 39600, energy = -0.48823819579354083
  |->  par_lens = 290, 294, 298
[TDSE] Running TDSE-SH-elliptical. step 39800, energy = -0.49071756815424483
  |->  par_lens = 289, 295, 293
[TDSE] Running TDSE-SH-elliptical. step 40000, energy = -0.49158473271967656
  |->  par_lens = 287, 292, 286
[TDSE] Running TDSE-SH-elliptical. step 40200, energy = -0.4915640688611204
  |->  par_lens = 287, 289, 284
[TDSE] Running TDSE-SH-elliptical. step 40400, energy = -0.49159421624462035
  |->  par_lens = 281, 280, 282
[TDSE] Running TDSE-SH-elliptical. step 40600, energy = -0.4918727710424201
  |->  par_lens = 278, 281, 276
[TDSE] Running TDSE-SH-elliptical. step 40800, energy = -0.49200091849928024
  |->  par_lens = 272, 280, 274
[TDSE] Running TDSE-SH-elliptical. step 41000, energy = -0.49183247851891826
  |->  par_lens = 269, 272, 271
[TDSE] Running TDSE-SH-elliptical. step 41200, energy = -0.49148878835387994
  |->  par_lens = 270, 270, 269
[TDSE] Running TDSE-SH-elliptical. step 41400, energy = -0.4913512954737466
  |->  par_lens = 269, 269, 270
[TDSE] Running TDSE-SH-elliptical. step 41600, energy = -0.49143563573800414
  |->  par_lens = 269, 270, 266
[TDSE] Running TDSE-SH-elliptical. step 41800, energy = -0.49161364456111956
  |->  par_lens = 269, 269, 265
[TDSE] Running TDSE-SH-elliptical. step 42000, energy = -0.4918297498977527
  |->  par_lens = 268, 269, 267
[TDSE] Running TDSE-SH-elliptical. step 42200, energy = -0.49191958779868245
  |->  par_lens = 267, 270, 266
[TDSE] Running TDSE-SH-elliptical. step 42400, energy = -0.49198862755005707
  |->  par_lens = 266, 271, 266
[TDSE] Running TDSE-SH-elliptical. step 42600, energy = -0.49199978540411143
  |->  par_lens = 266, 271, 268
[TDSE] Running TDSE-SH-elliptical. step 42800, energy = -0.4919907710634566
  |->  par_lens = 266, 271, 269
[TDSE] Running TDSE-SH-elliptical. step 43000, energy = -0.4920160398141316
  |->  par_lens = 269, 270, 271
[TDSE] Running TDSE-SH-elliptical. step 43200, energy = -0.49200103720325217
  |->  par_lens = 268, 270, 271
[TDSE] Running TDSE-SH-elliptical. step 43400, energy = -0.49203413613074376
  |->  par_lens = 269, 271, 270
[TDSE] Running TDSE-SH-elliptical. step 43600, energy = -0.49203920083661357
  |->  par_lens = 268, 272, 270
[TDSE] Running TDSE-SH-elliptical. step 43800, energy = -0.49203692413852296
  |->  par_lens = 270, 273, 271
[TDSE] Running TDSE-SH-elliptical. step 44000, energy = -0.49207719180562987
  |->  par_lens = 271, 273, 271
[TDSE] Running TDSE-SH-elliptical. step 44200, energy = -0.4920728201284767
  |->  par_lens = 273, 273, 273
[TDSE] Running TDSE-SH-elliptical. step 44400, energy = -0.49210361575494177
  |->  par_lens = 274, 273, 273
[TDSE] Running TDSE-SH-elliptical. step 44600, energy = -0.4921008510011511
  |->  par_lens = 273, 273, 275
[TDSE] Running TDSE-SH-elliptical. step 44800, energy = -0.49210689116256706
  |->  par_lens = 274, 275, 274
[TDSE] Running TDSE-SH-elliptical. step 45000, energy = -0.49215063931583
  |->  par_lens = 277, 274, 276
