  Activating project at `~/JuliaProp_v0.1`
[ITP]: 10000.500151030976
[ITP]: 3.0490838964780664e-8
[ITP]: 7.575335692067142e-9
Energy of ground state: -0.5001510690415283
[TDSE] Runing TDSE-SH-linear. step 0 energy = -0.5001510690415281 
     | block_size = 3 
[TDSE] Runing TDSE-SH-linear. step 200 energy = -0.5001510690414548 
     | block_size = 3 
[TDSE] Runing TDSE-SH-linear. step 400 energy = -0.5001510690412041 
     | block_size = 3 
[TDSE] Runing TDSE-SH-linear. step 600 energy = -0.5001510690391867 
     | block_size = 3 
[TDSE] Runing TDSE-SH-linear. step 800 energy = -0.5001510690288502 
     | block_size = 3 
[TDSE] Runing TDSE-SH-linear. step 1000 energy = -0.5001510689926985 
     | block_size = 3 
[TDSE] Runing TDSE-SH-linear. step 1200 energy = -0.5001510688928731 
     | block_size = 3 
[TDSE] Runing TDSE-SH-linear. step 1400 energy = -0.5001510686589884 
     | block_size = 3 
[TDSE] Runing TDSE-SH-linear. step 1600 energy = -0.5001510681722369 
     | block_size = 3 
[TDSE] Runing TDSE-SH-linear. step 1800 energy = -0.5001510672449527 
     | block_size = 3 
[TDSE] Runing TDSE-SH-linear. step 2000 energy = -0.5001510656029232 
     | block_size = 3 
[TDSE] Runing TDSE-SH-linear. step 2200 energy = -0.5001510628449952 
     | block_size = 3 
[TDSE] Runing TDSE-SH-linear. step 2400 energy = -0.5001510584404967 
     | block_size = 3 
[TDSE] Runing TDSE-SH-linear. step 2600 energy = -0.5001510516651596 
     | block_size = 3 
[TDSE] Runing TDSE-SH-linear. step 2800 energy = -0.5001510415827891 
     | block_size = 4 
[TDSE] Runing TDSE-SH-linear. step 3000 energy = -0.5001510270388001 
     | block_size = 4 
[TDSE] Runing TDSE-SH-linear. step 3200 energy = -0.500151006515652 
     | block_size = 4 
[TDSE] Runing TDSE-SH-linear. step 3400 energy = -0.5001509783332081 
     | block_size = 4 
[TDSE] Runing TDSE-SH-linear. step 3600 energy = -0.5001509401966912 
     | block_size = 4 
[TDSE] Runing TDSE-SH-linear. step 3800 energy = -0.5001508896521848 
     | block_size = 4 
[TDSE] Runing TDSE-SH-linear. step 4000 energy = -0.5001508239202863 
     | block_size = 4 
[TDSE] Runing TDSE-SH-linear. step 4200 energy = -0.5001507390669238 
     | block_size = 4 
[TDSE] Runing TDSE-SH-linear. step 4400 energy = -0.5001506318179173 
     | block_size = 4 
[TDSE] Runing TDSE-SH-linear. step 4600 energy = -0.5001504973867903 
     | block_size = 4 
[TDSE] Runing TDSE-SH-linear. step 4800 energy = -0.5001503310369735 
     | block_size = 4 
[TDSE] Runing TDSE-SH-linear. step 5000 energy = -0.5001501274232794 
     | block_size = 4 
[TDSE] Runing TDSE-SH-linear. step 5200 energy = -0.5001498797573433 
     | block_size = 4 
[TDSE] Runing TDSE-SH-linear. step 5400 energy = -0.5001495841959479 
     | block_size = 4 
[TDSE] Runing TDSE-SH-linear. step 5600 energy = -0.5001492304029703 
     | block_size = 4 
[TDSE] Runing TDSE-SH-linear. step 5800 energy = -0.5001488126795282 
     | block_size = 4 
[TDSE] Runing TDSE-SH-linear. step 6000 energy = -0.5001483256174587 
     | block_size = 4 
[TDSE] Runing TDSE-SH-linear. step 6200 energy = -0.5001477564796857 
     | block_size = 4 
[TDSE] Runing TDSE-SH-linear. step 6400 energy = -0.5001471016847526 
     | block_size = 4 
[TDSE] Runing TDSE-SH-linear. step 6600 energy = -0.5001463478637146 
     | block_size = 4 
[TDSE] Runing TDSE-SH-linear. step 6800 energy = -0.5001454923028573 
     | block_size = 5 
[TDSE] Runing TDSE-SH-linear. step 7000 energy = -0.5001445238737097 
     | block_size = 5 
[TDSE] Runing TDSE-SH-linear. step 7200 energy = -0.5001434262854194 
     | block_size = 5 
[TDSE] Runing TDSE-SH-linear. step 7400 energy = -0.5001422093991554 
     | block_size = 5 
[TDSE] Runing TDSE-SH-linear. step 7600 energy = -0.5001408463142292 
     | block_size = 5 
[TDSE] Runing TDSE-SH-linear. step 7800 energy = -0.500139339039346 
     | block_size = 5 
[TDSE] Runing TDSE-SH-linear. step 8000 energy = -0.5001376836370693 
     | block_size = 5 
[TDSE] Runing TDSE-SH-linear. step 8200 energy = -0.5001358589482434 
     | block_size = 6 
[TDSE] Runing TDSE-SH-linear. step 8400 energy = -0.5001338836330552 
     | block_size = 6 
[TDSE] Runing TDSE-SH-linear. step 8600 energy = -0.5001317239987506 
     | block_size = 6 
[TDSE] Runing TDSE-SH-linear. step 8800 energy = -0.5001294032639123 
     | block_size = 6 
[TDSE] Runing TDSE-SH-linear. step 9000 energy = -0.5001269041427323 
     | block_size = 6 
[TDSE] Runing TDSE-SH-linear. step 9200 energy = -0.5001242097175326 
     | block_size = 6 
[TDSE] Runing TDSE-SH-linear. step 9400 energy = -0.5001213777843596 
     | block_size = 6 
[TDSE] Runing TDSE-SH-linear. step 9600 energy = -0.5001183326748945 
     | block_size = 7 
[TDSE] Runing TDSE-SH-linear. step 9800 energy = -0.5001151198329878 
     | block_size = 7 
[TDSE] Runing TDSE-SH-linear. step 10000 energy = -0.5001117547850346 
     | block_size = 7 
[TDSE] Runing TDSE-SH-linear. step 10200 energy = -0.50010785466315 
     | block_size = 7 
[TDSE] Runing TDSE-SH-linear. step 10400 energy = -0.5001015805954765 
     | block_size = 7 
[TDSE] Runing TDSE-SH-linear. step 10600 energy = -0.500095969793731 
     | block_size = 8 
[TDSE] Runing TDSE-SH-linear. step 10800 energy = -0.5001007545614937 
     | block_size = 8 
[TDSE] Runing TDSE-SH-linear. step 11000 energy = -0.5001226079635991 
     | block_size = 8 
[TDSE] Runing TDSE-SH-linear. step 11200 energy = -0.5001466646469864 
     | block_size = 8 
[TDSE] Runing TDSE-SH-linear. step 11400 energy = -0.5001458854678325 
     | block_size = 8 
[TDSE] Runing TDSE-SH-linear. step 11600 energy = -0.5001284558965579 
     | block_size = 8 
[TDSE] Runing TDSE-SH-linear. step 11800 energy = -0.5001391574882126 
     | block_size = 8 
[TDSE] Runing TDSE-SH-linear. step 12000 energy = -0.500130685547071 
     | block_size = 8 
[TDSE] Runing TDSE-SH-linear. step 12200 energy = -0.4998568232318395 
     | block_size = 8 
[TDSE] Runing TDSE-SH-linear. step 12400 energy = -0.49909044678271336 
     | block_size = 8 
[TDSE] Runing TDSE-SH-linear. step 12600 energy = -0.4981048495457571 
     | block_size = 9 
[TDSE] Runing TDSE-SH-linear. step 12800 energy = -0.4977473150325856 
     | block_size = 10 
[TDSE] Runing TDSE-SH-linear. step 13000 energy = -0.4985783919069618 
     | block_size = 11 
[TDSE] Runing TDSE-SH-linear. step 13200 energy = -0.499847104330798 
     | block_size = 12 
[TDSE] Runing TDSE-SH-linear. step 13400 energy = -0.4998633829195211 
     | block_size = 12 
[TDSE] Runing TDSE-SH-linear. step 13600 energy = -0.49801260224153215 
     | block_size = 11 
[TDSE] Runing TDSE-SH-linear. step 13800 energy = -0.4961383655330908 
     | block_size = 10 
[TDSE] Runing TDSE-SH-linear. step 14000 energy = -0.49674547294442234 
     | block_size = 8 
[TDSE] Runing TDSE-SH-linear. step 14200 energy = -0.49931502070263706 
     | block_size = 8 
[TDSE] Runing TDSE-SH-linear. step 14400 energy = -0.4994652421006186 
     | block_size = 8 
[TDSE] Runing TDSE-SH-linear. step 14600 energy = -0.49367424906606816 
     | block_size = 8 
[TDSE] Runing TDSE-SH-linear. step 14800 energy = -0.48499112090402097 
     | block_size = 10 
[TDSE] Runing TDSE-SH-linear. step 15000 energy = -0.4817240138111069 
     | block_size = 13 
[TDSE] Runing TDSE-SH-linear. step 15200 energy = -0.48823877898099916 
     | block_size = 15 
[TDSE] Runing TDSE-SH-linear. step 15400 energy = -0.4978482722664629 
     | block_size = 16 
[TDSE] Runing TDSE-SH-linear. step 15600 energy = -0.4983342889807305 
     | block_size = 16 
[TDSE] Runing TDSE-SH-linear. step 15800 energy = -0.48654510839506615 
     | block_size = 15 
[TDSE] Runing TDSE-SH-linear. step 16000 energy = -0.4746842011869138 
     | block_size = 12 
[TDSE] Runing TDSE-SH-linear. step 16200 energy = -0.47749357378950513 
     | block_size = 12 
[TDSE] Runing TDSE-SH-linear. step 16400 energy = -0.4926070001879071 
     | block_size = 13 
[TDSE] Runing TDSE-SH-linear. step 16600 energy = -0.4990252745777023 
     | block_size = 13 
[TDSE] Runing TDSE-SH-linear. step 16800 energy = -0.4804928583004234 
     | block_size = 13 
[TDSE] Runing TDSE-SH-linear. step 17000 energy = -0.4488528386112384 
     | block_size = 13 
[TDSE] Runing TDSE-SH-linear. step 17200 energy = -0.4360336271912446 
     | block_size = 16 
[TDSE] Runing TDSE-SH-linear. step 17400 energy = -0.45793311534725856 
     | block_size = 19 
[TDSE] Runing TDSE-SH-linear. step 17600 energy = -0.49123683302957577 
     | block_size = 21 
[TDSE] Runing TDSE-SH-linear. step 17800 energy = -0.49540168984459915 
     | block_size = 21 
[TDSE] Runing TDSE-SH-linear. step 18000 energy = -0.46041806908820665 
     | block_size = 19 
[TDSE] Runing TDSE-SH-linear. step 18200 energy = -0.4241143897320735 
     | block_size = 16 
[TDSE] Runing TDSE-SH-linear. step 18400 energy = -0.4302912289138625 
     | block_size = 19 
[TDSE] Runing TDSE-SH-linear. step 18600 energy = -0.4738219218893819 
     | block_size = 21 
[TDSE] Runing TDSE-SH-linear. step 18800 energy = -0.4982985352946918 
     | block_size = 22 
[TDSE] Runing TDSE-SH-linear. step 19000 energy = -0.4599846152805354 
     | block_size = 21 
[TDSE] Runing TDSE-SH-linear. step 19200 energy = -0.3866471386482338 
     | block_size = 18 
[TDSE] Runing TDSE-SH-linear. step 19400 energy = -0.35457325354417263 
     | block_size = 22 
[TDSE] Runing TDSE-SH-linear. step 19600 energy = -0.4018857813345465 
     | block_size = 26 
[TDSE] Runing TDSE-SH-linear. step 19800 energy = -0.4773015684947303 
     | block_size = 29 
[TDSE] Runing TDSE-SH-linear. step 20000 energy = -0.4919943079966927 
     | block_size = 30 
[TDSE] Runing TDSE-SH-linear. step 20200 energy = -0.42245600464603494 
     | block_size = 27 
[TDSE] Runing TDSE-SH-linear. step 20400 energy = -0.34740547780397146 
     | block_size = 23 
[TDSE] Runing TDSE-SH-linear. step 20600 energy = -0.355517154730971 
     | block_size = 26 
[TDSE] Runing TDSE-SH-linear. step 20800 energy = -0.44145903974223544 
     | block_size = 31 
[TDSE] Runing TDSE-SH-linear. step 21000 energy = -0.4966374172900835 
     | block_size = 33 
[TDSE] Runing TDSE-SH-linear. step 21200 energy = -0.43748456146778525 
     | block_size = 31 
[TDSE] Runing TDSE-SH-linear. step 21400 energy = -0.3106328297089591 
     | block_size = 26 
[TDSE] Runing TDSE-SH-linear. step 21600 energy = -0.25142285325427155 
     | block_size = 28 
[TDSE] Runing TDSE-SH-linear. step 21800 energy = -0.32707278306077736 
     | block_size = 35 
[TDSE] Runing TDSE-SH-linear. step 22000 energy = -0.4560136981620449 
     | block_size = 41 
[TDSE] Runing TDSE-SH-linear. step 22200 energy = -0.4893880937792145 
     | block_size = 42 
[TDSE] Runing TDSE-SH-linear. step 22400 energy = -0.38383086152867724 
     | block_size = 38 
[TDSE] Runing TDSE-SH-linear. step 22600 energy = -0.26558901995463413 
     | block_size = 31 
[TDSE] Runing TDSE-SH-linear. step 22800 energy = -0.2716138995069232 
     | block_size = 33 
[TDSE] Runing TDSE-SH-linear. step 23000 energy = -0.40194365437901125 
     | block_size = 40 
[TDSE] Runing TDSE-SH-linear. step 23200 energy = -0.4934043080069487 
     | block_size = 44 
[TDSE] Runing TDSE-SH-linear. step 23400 energy = -0.4209711003936965 
     | block_size = 41 
[TDSE] Runing TDSE-SH-linear. step 23600 energy = -0.24386183287955937 
     | block_size = 35 
[TDSE] Runing TDSE-SH-linear. step 23800 energy = -0.15898930018062762 
     | block_size = 33 
[TDSE] Runing TDSE-SH-linear. step 24000 energy = -0.25369238096211455 
     | block_size = 43 
[TDSE] Runing TDSE-SH-linear. step 24200 energy = -0.4315505578037466 
     | block_size = 50 
[TDSE] Runing TDSE-SH-linear. step 24400 energy = -0.4880027108934884 
     | block_size = 52 
[TDSE] Runing TDSE-SH-linear. step 24600 energy = -0.35966448486394886 
     | block_size = 48 
[TDSE] Runing TDSE-SH-linear. step 24800 energy = -0.2063804428032139 
     | block_size = 41 
[TDSE] Runing TDSE-SH-linear. step 25000 energy = -0.2100629115700934 
     | block_size = 39 
[TDSE] Runing TDSE-SH-linear. step 25200 energy = -0.3674217596451216 
     | block_size = 47 
[TDSE] Runing TDSE-SH-linear. step 25400 energy = -0.48874804392071497 
     | block_size = 52 
[TDSE] Runing TDSE-SH-linear. step 25600 energy = -0.4162152401955473 
     | block_size = 50 
[TDSE] Runing TDSE-SH-linear. step 25800 energy = -0.21049722754038494 
     | block_size = 41 
[TDSE] Runing TDSE-SH-linear. step 26000 energy = -0.10967477570116471 
     | block_size = 40 
[TDSE] Runing TDSE-SH-linear. step 26200 energy = -0.20806656058530668 
     | block_size = 48 
[TDSE] Runing TDSE-SH-linear. step 26400 energy = -0.4129153297969277 
     | block_size = 57 
[TDSE] Runing TDSE-SH-linear. step 26600 energy = -0.4870851001410062 
     | block_size = 60 
[TDSE] Runing TDSE-SH-linear. step 26800 energy = -0.3592194189938759 
     | block_size = 57 
[TDSE] Runing TDSE-SH-linear. step 27000 energy = -0.19916912414617324 
     | block_size = 50 
[TDSE] Runing TDSE-SH-linear. step 27200 energy = -0.19389632457959058 
     | block_size = 50 
[TDSE] Runing TDSE-SH-linear. step 27400 energy = -0.35378290276547103 
     | block_size = 53 
[TDSE] Runing TDSE-SH-linear. step 27600 energy = -0.4830368665899636 
     | block_size = 57 
[TDSE] Runing TDSE-SH-linear. step 27800 energy = -0.42247515624633447 
     | block_size = 55 
[TDSE] Runing TDSE-SH-linear. step 28000 energy = -0.2260849513025079 
     | block_size = 50 
[TDSE] Runing TDSE-SH-linear. step 28200 energy = -0.12158266870611234 
     | block_size = 50 
[TDSE] Runing TDSE-SH-linear. step 28400 energy = -0.21097413096954157 
     | block_size = 55 
[TDSE] Runing TDSE-SH-linear. step 28600 energy = -0.40535874866981947 
     | block_size = 60 
[TDSE] Runing TDSE-SH-linear. step 28800 energy = -0.4874315849726581 
     | block_size = 60 
[TDSE] Runing TDSE-SH-linear. step 29000 energy = -0.3853831748351087 
     | block_size = 60 
[TDSE] Runing TDSE-SH-linear. step 29200 energy = -0.24409870728192476 
     | block_size = 56 
[TDSE] Runing TDSE-SH-linear. step 29400 energy = -0.2315928731485767 
     | block_size = 50 
[TDSE] Runing TDSE-SH-linear. step 29600 energy = -0.3667961005517949 
     | block_size = 52 
[TDSE] Runing TDSE-SH-linear. step 29800 energy = -0.48133532108495053 
     | block_size = 60 
[TDSE] Runing TDSE-SH-linear. step 30000 energy = -0.4406350197931843 
     | block_size = 56 
[TDSE] Runing TDSE-SH-linear. step 30200 energy = -0.28525671628711885 
     | block_size = 55 
[TDSE] Runing TDSE-SH-linear. step 30400 energy = -0.194746890740235 
     | block_size = 59 
[TDSE] Runing TDSE-SH-linear. step 30600 energy = -0.2595883464314714 
     | block_size = 60 
[TDSE] Runing TDSE-SH-linear. step 30800 energy = -0.41493925845433194 
     | block_size = 60 
[TDSE] Runing TDSE-SH-linear. step 31000 energy = -0.4892268046646825 
     | block_size = 60 
[TDSE] Runing TDSE-SH-linear. step 31200 energy = -0.42169054508589626 
     | block_size = 60 
[TDSE] Runing TDSE-SH-linear. step 31400 energy = -0.3164634075789091 
     | block_size = 60 
[TDSE] Runing TDSE-SH-linear. step 31600 energy = -0.30420797604700683 
     | block_size = 60 
[TDSE] Runing TDSE-SH-linear. step 31800 energy = -0.399018721424067 
     | block_size = 60 
[TDSE] Runing TDSE-SH-linear. step 32000 energy = -0.48320188338949804 
     | block_size = 60 
[TDSE] Runing TDSE-SH-linear. step 32200 energy = -0.46043517028491465 
     | block_size = 60 
[TDSE] Runing TDSE-SH-linear. step 32400 energy = -0.3569256953545007 
     | block_size = 60 
[TDSE] Runing TDSE-SH-linear. step 32600 energy = -0.29385084894771546 
     | block_size = 60 
[TDSE] Runing TDSE-SH-linear. step 32800 energy = -0.33558885702854363 
     | block_size = 60 
[TDSE] Runing TDSE-SH-linear. step 33000 energy = -0.4348297208034334 
     | block_size = 60 
[TDSE] Runing TDSE-SH-linear. step 33200 energy = -0.4903462505874263 
     | block_size = 60 
[TDSE] Runing TDSE-SH-linear. step 33400 energy = -0.45844112643622165 
     | block_size = 60 
[TDSE] Runing TDSE-SH-linear. step 33600 energy = -0.3983484635325232 
     | block_size = 60 
[TDSE] Runing TDSE-SH-linear. step 33800 energy = -0.38758310811424385 
     | block_size = 60 
[TDSE] Runing TDSE-SH-linear. step 34000 energy = -0.43848209808453764 
     | block_size = 60 
[TDSE] Runing TDSE-SH-linear. step 34200 energy = -0.4871395267164637 
     | block_size = 60 
[TDSE] Runing TDSE-SH-linear. step 34400 energy = -0.4772451076385495 
     | block_size = 60 
[TDSE] Runing TDSE-SH-linear. step 34600 energy = -0.42257250586727085 
     | block_size = 60 
[TDSE] Runing TDSE-SH-linear. step 34800 energy = -0.3867546536453436 
     | block_size = 60 
[TDSE] Runing TDSE-SH-linear. step 35000 energy = -0.4068757720481073 
     | block_size = 60 
[TDSE] Runing TDSE-SH-linear. step 35200 energy = -0.4576019742925334 
     | block_size = 60 
[TDSE] Runing TDSE-SH-linear. step 35400 energy = -0.49087938674828263 
     | block_size = 60 
[TDSE] Runing TDSE-SH-linear. step 35600 energy = -0.48169287967176544 
     | block_size = 60 
[TDSE] Runing TDSE-SH-linear. step 35800 energy = -0.4570605327028247 
     | block_size = 60 
[TDSE] Runing TDSE-SH-linear. step 36000 energy = -0.4515599935041943 
     | block_size = 60 
[TDSE] Runing TDSE-SH-linear. step 36200 energy = -0.47162486695180067 
     | block_size = 60 
[TDSE] Runing TDSE-SH-linear. step 36400 energy = -0.49081598394215653 
     | block_size = 60 
[TDSE] Runing TDSE-SH-linear. step 36600 energy = -0.486989914696154 
     | block_size = 60 
[TDSE] Runing TDSE-SH-linear. step 36800 energy = -0.4654049669140289 
     | block_size = 60 
[TDSE] Runing TDSE-SH-linear. step 37000 energy = -0.4511777977987912 
     | block_size = 60 
[TDSE] Runing TDSE-SH-linear. step 37200 energy = -0.45734373468597483 
     | block_size = 60 
[TDSE] Runing TDSE-SH-linear. step 37400 energy = -0.47703470030460493 
     | block_size = 60 
[TDSE] Runing TDSE-SH-linear. step 37600 energy = -0.49099920269313146 
     | block_size = 60 
[TDSE] Runing TDSE-SH-linear. step 37800 energy = -0.4917317809958925 
     | block_size = 60 
[TDSE] Runing TDSE-SH-linear. step 38000 energy = -0.48625424923823685 
     | block_size = 60 
[TDSE] Runing TDSE-SH-linear. step 38200 energy = -0.4850361420884359 
     | block_size = 60 
[TDSE] Runing TDSE-SH-linear. step 38400 energy = -0.4887189572122273 
     | block_size = 60 
[TDSE] Runing TDSE-SH-linear. step 38600 energy = -0.49290247427409056 
     | block_size = 60 
[TDSE] Runing TDSE-SH-linear. step 38800 energy = -0.4907537207406673 
     | block_size = 60 
[TDSE] Runing TDSE-SH-linear. step 39000 energy = -0.486027222429492 
     | block_size = 60 
[TDSE] Runing TDSE-SH-linear. step 39200 energy = -0.48203509506331466 
     | block_size = 60 
[TDSE] Runing TDSE-SH-linear. step 39400 energy = -0.48377987695612285 
     | block_size = 60 
[TDSE] Runing TDSE-SH-linear. step 39600 energy = -0.48748157619439536 
     | block_size = 60 
[TDSE] Runing TDSE-SH-linear. step 39800 energy = -0.49134973915775054 
     | block_size = 60 
[TDSE] Runing TDSE-SH-linear. step 40000 energy = -0.49301075206500194 
     | block_size = 60 
[TDSE] Runing TDSE-SH-linear. step 40200 energy = -0.4930907871935224 
     | block_size = 60 
[TDSE] Runing TDSE-SH-linear. step 40400 energy = -0.4930143928905791 
     | block_size = 60 
[TDSE] Runing TDSE-SH-linear. step 40600 energy = -0.4931170461386348 
     | block_size = 60 
[TDSE] Runing TDSE-SH-linear. step 40800 energy = -0.4928831500165008 
     | block_size = 60 
[TDSE] Runing TDSE-SH-linear. step 41000 energy = -0.4924265884880175 
     | block_size = 60 
[TDSE] Runing TDSE-SH-linear. step 41200 energy = -0.49144374841871685 
     | block_size = 60 
[TDSE] Runing TDSE-SH-linear. step 41400 energy = -0.4914537138256881 
     | block_size = 60 
[TDSE] Runing TDSE-SH-linear. step 41600 energy = -0.49131399268820175 
     | block_size = 60 
[TDSE] Runing TDSE-SH-linear. step 41800 energy = -0.4916928602393283 
     | block_size = 60 
[TDSE] Runing TDSE-SH-linear. step 42000 energy = -0.49217960114666365 
     | block_size = 60 
[TDSE] Runing TDSE-SH-linear. step 42200 energy = -0.4920067777328685 
     | block_size = 60 
[TDSE] Runing TDSE-SH-linear. step 42400 energy = -0.49238706124950915 
     | block_size = 60 
[TDSE] Runing TDSE-SH-linear. step 42600 energy = -0.49233961902802853 
     | block_size = 60 
[TDSE] Runing TDSE-SH-linear. step 42800 energy = -0.49229966044535833 
     | block_size = 60 
[TDSE] Runing TDSE-SH-linear. step 43000 energy = -0.49233285943710553 
     | block_size = 60 
[TDSE] Runing TDSE-SH-linear. step 43200 energy = -0.4921854025591847 
     | block_size = 60 
[TDSE] Runing TDSE-SH-linear. step 43400 energy = -0.49254922471238394 
     | block_size = 60 
[TDSE] Runing TDSE-SH-linear. step 43600 energy = -0.49225765568676855 
     | block_size = 60 
[TDSE] Runing TDSE-SH-linear. step 43800 energy = -0.4922645797140365 
     | block_size = 60 
[TDSE] Runing TDSE-SH-linear. step 44000 energy = -0.49249514874602296 
     | block_size = 60 
[TDSE] Runing TDSE-SH-linear. step 44200 energy = -0.4922828729951062 
     | block_size = 60 
[TDSE] Runing TDSE-SH-linear. step 44400 energy = -0.4924914167769163 
     | block_size = 60 
[TDSE] Runing TDSE-SH-linear. step 44600 energy = -0.49232237238275656 
     | block_size = 60 
[TDSE] Runing TDSE-SH-linear. step 44800 energy = -0.4924506358171482 
     | block_size = 60 
[TDSE] Runing TDSE-SH-linear. step 45000 energy = -0.49250906968095204 
     | block_size = 60 
