  Activating project at `~/JuliaProp_v0.1`
[ITP]: 10000.500151030976
[ITP]: 3.0490838964780664e-8
[ITP]: 7.575335692067142e-9
Energy of ground state: -0.5001510690415283
[TDSE] Start TDSE-SH for elliptical polarized laser. It may cost a plenty of time.
[TDSE] Running TDSE-SH-elliptical. step 0, energy = -0.5001510690415277
  |->  par_lens = 2, 2, 2
[TDSE] Running TDSE-SH-elliptical. step 200, energy = -0.500151069041383
  |->  par_lens = 2, 2, 2
[TDSE] Running TDSE-SH-elliptical. step 400, energy = -0.500151069041164
  |->  par_lens = 2, 2, 2
[TDSE] Running TDSE-SH-elliptical. step 600, energy = -0.500151069040273
  |->  par_lens = 2, 2, 2
[TDSE] Running TDSE-SH-elliptical. step 800, energy = -0.5001510690362106
  |->  par_lens = 2, 2, 2
[TDSE] Running TDSE-SH-elliptical. step 1000, energy = -0.5001510690225116
  |->  par_lens = 2, 2, 2
[TDSE] Running TDSE-SH-elliptical. step 1200, energy = -0.5001510689855655
  |->  par_lens = 2, 2, 2
[TDSE] Running TDSE-SH-elliptical. step 1400, energy = -0.500151068900683
  |->  par_lens = 2, 2, 2
[TDSE] Running TDSE-SH-elliptical. step 1600, energy = -0.5001510687272064
  |->  par_lens = 2, 2, 2
[TDSE] Running TDSE-SH-elliptical. step 1800, energy = -0.5001510684023246
  |->  par_lens = 2, 2, 2
[TDSE] Running TDSE-SH-elliptical. step 2000, energy = -0.500151067836488
  |->  par_lens = 2, 2, 2
[TDSE] Running TDSE-SH-elliptical. step 2200, energy = -0.5001510669010737
  |->  par_lens = 2, 2, 2
[TDSE] Running TDSE-SH-elliptical. step 2400, energy = -0.5001510654299695
  |->  par_lens = 2, 2, 2
[TDSE] Running TDSE-SH-elliptical. step 2600, energy = -0.5001510632003194
  |->  par_lens = 2, 2, 2
[TDSE] Running TDSE-SH-elliptical. step 2800, energy = -0.5001510599292162
  |->  par_lens = 2, 2, 2
[TDSE] Running TDSE-SH-elliptical. step 3000, energy = -0.5001510552752926
  |->  par_lens = 2, 2, 2
[TDSE] Running TDSE-SH-elliptical. step 3200, energy = -0.5001510487939501
  |->  par_lens = 2, 2, 2
[TDSE] Running TDSE-SH-elliptical. step 3400, energy = -0.5001510400068437
  |->  par_lens = 2, 2, 2
[TDSE] Running TDSE-SH-elliptical. step 3600, energy = -0.5001510282594978
  |->  par_lens = 2, 2, 2
[TDSE] Running TDSE-SH-elliptical. step 3800, energy = -0.5001510128709805
  |->  par_lens = 2, 2, 2
[TDSE] Running TDSE-SH-elliptical. step 4000, energy = -0.500150993083929
  |->  par_lens = 2, 2, 2
[TDSE] Running TDSE-SH-elliptical. step 4200, energy = -0.500150967808583
  |->  par_lens = 2, 2, 2
[TDSE] Running TDSE-SH-elliptical. step 4400, energy = -0.5001509361903675
  |->  par_lens = 2, 2, 2
[TDSE] Running TDSE-SH-elliptical. step 4600, energy = -0.5001508969421793
  |->  par_lens = 2, 2, 2
[TDSE] Running TDSE-SH-elliptical. step 4800, energy = -0.500150848822615
  |->  par_lens = 2, 2, 2
[TDSE] Running TDSE-SH-elliptical. step 5000, energy = -0.5001507904406635
  |->  par_lens = 2, 2, 2
[TDSE] Running TDSE-SH-elliptical. step 5200, energy = -0.5001507200083789
  |->  par_lens = 2, 2, 2
[TDSE] Running TDSE-SH-elliptical. step 5400, energy = -0.5001506366343967
  |->  par_lens = 2, 2, 2
[TDSE] Running TDSE-SH-elliptical. step 5600, energy = -0.5001505375517695
  |->  par_lens = 2, 2, 2
[TDSE] Running TDSE-SH-elliptical. step 5800, energy = -0.5001504213746354
  |->  par_lens = 2, 2, 2
[TDSE] Running TDSE-SH-elliptical. step 6000, energy = -0.5001502868190525
  |->  par_lens = 2, 2, 2
[TDSE] Running TDSE-SH-elliptical. step 6200, energy = -0.5001501305152973
  |->  par_lens = 2, 2, 2
[TDSE] Running TDSE-SH-elliptical. step 6400, energy = -0.5001499517185228
  |->  par_lens = 2, 2, 2
[TDSE] Running TDSE-SH-elliptical. step 6600, energy = -0.500149746926269
  |->  par_lens = 2, 2, 2
[TDSE] Running TDSE-SH-elliptical. step 6800, energy = -0.5001495156366851
  |->  par_lens = 2, 2, 2
[TDSE] Running TDSE-SH-elliptical. step 7000, energy = -0.5001492549799865
  |->  par_lens = 2, 2, 2
[TDSE] Running TDSE-SH-elliptical. step 7200, energy = -0.5001489606551446
  |->  par_lens = 2, 2, 2
[TDSE] Running TDSE-SH-elliptical. step 7400, energy = -0.5001486355884892
  |->  par_lens = 2, 2, 2
[TDSE] Running TDSE-SH-elliptical. step 7600, energy = -0.5001482725430096
  |->  par_lens = 2, 2, 2
[TDSE] Running TDSE-SH-elliptical. step 7800, energy = -0.5001478721976357
  |->  par_lens = 2, 2, 2
[TDSE] Running TDSE-SH-elliptical. step 8000, energy = -0.5001474335609427
  |->  par_lens = 2, 2, 2
[TDSE] Running TDSE-SH-elliptical. step 8200, energy = -0.5001469509311145
  |->  par_lens = 2, 2, 2
[TDSE] Running TDSE-SH-elliptical. step 8400, energy = -0.5001464293661616
  |->  par_lens = 2, 2, 2
[TDSE] Running TDSE-SH-elliptical. step 8600, energy = -0.5001458596949051
  |->  par_lens = 2, 2, 2
[TDSE] Running TDSE-SH-elliptical. step 8800, energy = -0.5001452480666633
  |->  par_lens = 2, 2, 2
[TDSE] Running TDSE-SH-elliptical. step 9000, energy = -0.5001445896694584
  |->  par_lens = 2, 2, 2
[TDSE] Running TDSE-SH-elliptical. step 9200, energy = -0.5001438797587496
  |->  par_lens = 2, 2, 2
[TDSE] Running TDSE-SH-elliptical. step 9400, energy = -0.5001431335271763
  |->  par_lens = 2, 2, 2
[TDSE] Running TDSE-SH-elliptical. step 9600, energy = -0.5001423303944815
  |->  par_lens = 2, 2, 2
[TDSE] Running TDSE-SH-elliptical. step 9800, energy = -0.5001414821381827
  |->  par_lens = 4, 2, 2
[TDSE] Running TDSE-SH-elliptical. step 10000, energy = -0.5001405924761805
  |->  par_lens = 4, 2, 2
[TDSE] Running TDSE-SH-elliptical. step 10200, energy = -0.5001394737115386
  |->  par_lens = 4, 3, 3
[TDSE] Running TDSE-SH-elliptical. step 10400, energy = -0.5001371369367722
  |->  par_lens = 4, 3, 3
[TDSE] Running TDSE-SH-elliptical. step 10600, energy = -0.5001349694184632
  |->  par_lens = 4, 3, 3
[TDSE] Running TDSE-SH-elliptical. step 10800, energy = -0.5001372781377843
  |->  par_lens = 4, 3, 3
[TDSE] Running TDSE-SH-elliptical. step 11000, energy = -0.5001447962900419
  |->  par_lens = 4, 3, 3
[TDSE] Running TDSE-SH-elliptical. step 11200, energy = -0.5001431208485185
  |->  par_lens = 4, 3, 3
[TDSE] Running TDSE-SH-elliptical. step 11400, energy = -0.5001125057382634
  |->  par_lens = 4, 3, 3
[TDSE] Running TDSE-SH-elliptical. step 11600, energy = -0.5000647774911882
  |->  par_lens = 4, 3, 3
[TDSE] Running TDSE-SH-elliptical. step 11800, energy = -0.5000437494357126
  |->  par_lens = 4, 4, 3
[TDSE] Running TDSE-SH-elliptical. step 12000, energy = -0.5000232221794424
  |->  par_lens = 4, 4, 3
[TDSE] Running TDSE-SH-elliptical. step 12200, energy = -0.4998207739232531
  |->  par_lens = 5, 5, 5
[TDSE] Running TDSE-SH-elliptical. step 12400, energy = -0.49925396498425184
  |->  par_lens = 5, 5, 6
[TDSE] Running TDSE-SH-elliptical. step 12600, energy = -0.498500259440879
  |->  par_lens = 7, 7, 7
[TDSE] Running TDSE-SH-elliptical. step 12800, energy = -0.4981594689090791
  |->  par_lens = 7, 7, 7
[TDSE] Running TDSE-SH-elliptical. step 13000, energy = -0.4986205626524721
  |->  par_lens = 8, 7, 7
[TDSE] Running TDSE-SH-elliptical. step 13200, energy = -0.4993068651213946
  |->  par_lens = 8, 7, 7
[TDSE] Running TDSE-SH-elliptical. step 13400, energy = -0.49896413631531855
  |->  par_lens = 9, 7, 7
[TDSE] Running TDSE-SH-elliptical. step 13600, energy = -0.4971689017986588
  |->  par_lens = 9, 8, 7
[TDSE] Running TDSE-SH-elliptical. step 13800, energy = -0.4953671485816556
  |->  par_lens = 9, 8, 9
[TDSE] Running TDSE-SH-elliptical. step 14000, energy = -0.4954994884675324
  |->  par_lens = 10, 10, 9
[TDSE] Running TDSE-SH-elliptical. step 14200, energy = -0.49722068981662765
  |->  par_lens = 10, 10, 9
[TDSE] Running TDSE-SH-elliptical. step 14400, energy = -0.49723137054296024
  |->  par_lens = 10, 9, 9
[TDSE] Running TDSE-SH-elliptical. step 14600, energy = -0.4928026811701466
  |->  par_lens = 10, 10, 10
[TDSE] Running TDSE-SH-elliptical. step 14800, energy = -0.4860950130897165
  |->  par_lens = 13, 12, 13
[TDSE] Running TDSE-SH-elliptical. step 15000, energy = -0.48320672510290047
  |->  par_lens = 16, 15, 14
[TDSE] Running TDSE-SH-elliptical. step 15200, energy = -0.487342502143079
  |->  par_lens = 19, 18, 17
[TDSE] Running TDSE-SH-elliptical. step 15400, energy = -0.49349300228430965
  |->  par_lens = 19, 20, 19
[TDSE] Running TDSE-SH-elliptical. step 15600, energy = -0.4925714013885239
  |->  par_lens = 20, 21, 19
[TDSE] Running TDSE-SH-elliptical. step 15800, energy = -0.48236031459102696
  |->  par_lens = 20, 20, 19
[TDSE] Running TDSE-SH-elliptical. step 16000, energy = -0.47217886783968555
  |->  par_lens = 20, 20, 21
[TDSE] Running TDSE-SH-elliptical. step 16200, energy = -0.4732763114069767
  |->  par_lens = 21, 25, 20
[TDSE] Running TDSE-SH-elliptical. step 16400, energy = -0.4839813744045481
  |->  par_lens = 23, 25, 25
[TDSE] Running TDSE-SH-elliptical. step 16600, energy = -0.48848074851414774
  |->  par_lens = 22, 25, 26
[TDSE] Running TDSE-SH-elliptical. step 16800, energy = -0.47434833227471646
  |->  par_lens = 24, 23, 25
[TDSE] Running TDSE-SH-elliptical. step 17000, energy = -0.45010591911454284
  |->  par_lens = 26, 26, 25
[TDSE] Running TDSE-SH-elliptical. step 17200, energy = -0.43942709511485567
  |->  par_lens = 30, 31, 32
[TDSE] Running TDSE-SH-elliptical. step 17400, energy = -0.4541301515202145
  |->  par_lens = 40, 42, 38
[TDSE] Running TDSE-SH-elliptical. step 17600, energy = -0.4768120887201571
  |->  par_lens = 45, 45, 48
[TDSE] Running TDSE-SH-elliptical. step 17800, energy = -0.4772623484890305
  |->  par_lens = 49, 47, 50
[TDSE] Running TDSE-SH-elliptical. step 18000, energy = -0.4482779895170064
  |->  par_lens = 45, 44, 45
[TDSE] Running TDSE-SH-elliptical. step 18200, energy = -0.41853455924099914
  |->  par_lens = 43, 45, 42
[TDSE] Running TDSE-SH-elliptical. step 18400, energy = -0.42129215242410895
  |->  par_lens = 49, 54, 49
[TDSE] Running TDSE-SH-elliptical. step 18600, energy = -0.45286397900331626
  |->  par_lens = 61, 61, 56
[TDSE] Running TDSE-SH-elliptical. step 18800, energy = -0.4708110867954008
  |->  par_lens = 63, 67, 60
[TDSE] Running TDSE-SH-elliptical. step 19000, energy = -0.44190564873156973
  |->  par_lens = 59, 62, 59
[TDSE] Running TDSE-SH-elliptical. step 19200, energy = -0.38624228189328813
  |->  par_lens = 55, 52, 53
[TDSE] Running TDSE-SH-elliptical. step 19400, energy = -0.36055964532257573
  |->  par_lens = 65, 67, 67
[TDSE] Running TDSE-SH-elliptical. step 19600, energy = -0.3933132186227507
  |->  par_lens = 85, 83, 85
[TDSE] Running TDSE-SH-elliptical. step 19800, energy = -0.44646244395858686
  |->  par_lens = 100, 97, 103
[TDSE] Running TDSE-SH-elliptical. step 20000, energy = -0.4533613623670377
  |->  par_lens = 106, 101, 103
[TDSE] Running TDSE-SH-elliptical. step 20200, energy = -0.3972814001043646
  |->  par_lens = 99, 96, 100
[TDSE] Running TDSE-SH-elliptical. step 20400, energy = -0.33741712792311124
  |->  par_lens = 82, 86, 78
[TDSE] Running TDSE-SH-elliptical. step 20600, energy = -0.3411550502485511
  |->  par_lens = 100, 101, 104
[TDSE] Running TDSE-SH-elliptical. step 20800, energy = -0.4041755568443817
  |->  par_lens = 127, 125, 126
[TDSE] Running TDSE-SH-elliptical. step 21000, energy = -0.44557565568350965
  |->  par_lens = 133, 136, 133
[TDSE] Running TDSE-SH-elliptical. step 21200, energy = -0.4015756494856053
  |->  par_lens = 131, 133, 132
[TDSE] Running TDSE-SH-elliptical. step 21400, energy = -0.30605546913735177
  |->  par_lens = 112, 114, 108
[TDSE] Running TDSE-SH-elliptical. step 21600, energy = -0.26025392801564895
  |->  par_lens = 113, 112, 111
[TDSE] Running TDSE-SH-elliptical. step 21800, energy = -0.31373005013776656
  |->  par_lens = 155, 156, 152
[TDSE] Running TDSE-SH-elliptical. step 22000, energy = -0.40666429531430615
  |->  par_lens = 185, 183, 188
[TDSE] Running TDSE-SH-elliptical. step 22200, energy = -0.4264156897330526
  |->  par_lens = 194, 190, 192
[TDSE] Running TDSE-SH-elliptical. step 22400, energy = -0.3431565675191554
  |->  par_lens = 190, 190, 189
[TDSE] Running TDSE-SH-elliptical. step 22600, energy = -0.2501014142586962
  |->  par_lens = 161, 164, 160
[TDSE] Running TDSE-SH-elliptical. step 22800, energy = -0.2531670453866133
  |->  par_lens = 170, 168, 168
[TDSE] Running TDSE-SH-elliptical. step 23000, energy = -0.3490259724654706
  |->  par_lens = 212, 211, 212
[TDSE] Running TDSE-SH-elliptical. step 23200, energy = -0.41902055526234044
  |->  par_lens = 232, 229, 234
[TDSE] Running TDSE-SH-elliptical. step 23400, energy = -0.365804100889957
  |->  par_lens = 229, 230, 228
[TDSE] Running TDSE-SH-elliptical. step 23600, energy = -0.23422652835923322
  |->  par_lens = 206, 206, 197
[TDSE] Running TDSE-SH-elliptical. step 23800, energy = -0.1690279129143712
  |->  par_lens = 184, 186, 188
[TDSE] Running TDSE-SH-elliptical. step 24000, energy = -0.2383585179056549
  |->  par_lens = 237, 239, 233
[TDSE] Running TDSE-SH-elliptical. step 24200, energy = -0.36822317037067254
  |->  par_lens = 282, 276, 278
[TDSE] Running TDSE-SH-elliptical. step 24400, energy = -0.40501326305544505
  |->  par_lens = 291, 289, 288
[TDSE] Running TDSE-SH-elliptical. step 24600, energy = -0.3054110667700042
  |->  par_lens = 284, 280, 281
[TDSE] Running TDSE-SH-elliptical. step 24800, energy = -0.1875507863456422
  |->  par_lens = 254, 249, 248
[TDSE] Running TDSE-SH-elliptical. step 25000, energy = -0.18843887447970328
  |->  par_lens = 245, 245, 246
[TDSE] Running TDSE-SH-elliptical. step 25200, energy = -0.30574791687519415
  |->  par_lens = 297, 293, 300
[TDSE] Running TDSE-SH-elliptical. step 25400, energy = -0.39954555434630507
  |->  par_lens = 316, 319, 320
[TDSE] Running TDSE-SH-elliptical. step 25600, energy = -0.34728269978239906
  |->  par_lens = 315, 317, 315
[TDSE] Running TDSE-SH-elliptical. step 25800, energy = -0.19750523551488006
  |->  par_lens = 291, 287, 287
[TDSE] Running TDSE-SH-elliptical. step 26000, energy = -0.12017622179008156
  |->  par_lens = 279, 276, 263
[TDSE] Running TDSE-SH-elliptical. step 26200, energy = -0.194757476850945
  |->  par_lens = 307, 311, 307
[TDSE] Running TDSE-SH-elliptical. step 26400, energy = -0.34430287858474323
  |->  par_lens = 350, 347, 347
[TDSE] Running TDSE-SH-elliptical. step 26600, energy = -0.39653303160724857
  |->  par_lens = 355, 359, 356
[TDSE] Running TDSE-SH-elliptical. step 26800, energy = -0.299032389047032
  |->  par_lens = 348, 347, 347
[TDSE] Running TDSE-SH-elliptical. step 27000, energy = -0.1752946914378558
  |->  par_lens = 327, 326, 328
[TDSE] Running TDSE-SH-elliptical. step 27200, energy = -0.17252921109477443
  |->  par_lens = 320, 319, 320
[TDSE] Running TDSE-SH-elliptical. step 27400, energy = -0.2920167959573669
  |->  par_lens = 356, 348, 352
[TDSE] Running TDSE-SH-elliptical. step 27600, energy = -0.3947698012506957
  |->  par_lens = 362, 372, 373
[TDSE] Running TDSE-SH-elliptical. step 27800, energy = -0.3531365112878094
  |->  par_lens = 372, 366, 366
[TDSE] Running TDSE-SH-elliptical. step 28000, energy = -0.21085568526080062
  |->  par_lens = 351, 355, 347
[TDSE] Running TDSE-SH-elliptical. step 28200, energy = -0.13291331281044852
  |->  par_lens = 348, 345, 354
[TDSE] Running TDSE-SH-elliptical. step 28400, energy = -0.2004837396685424
  |->  par_lens = 372, 365, 365
[TDSE] Running TDSE-SH-elliptical. step 28600, energy = -0.3447313931415308
  |->  par_lens = 386, 385, 394
[TDSE] Running TDSE-SH-elliptical. step 28800, energy = -0.4045178326258862
  |->  par_lens = 399, 399, 399
[TDSE] Running TDSE-SH-elliptical. step 29000, energy = -0.32697437106982863
  |->  par_lens = 397, 395, 395
[TDSE] Running TDSE-SH-elliptical. step 29200, energy = -0.21881065418286227
  |->  par_lens = 374, 375, 382
[TDSE] Running TDSE-SH-elliptical. step 29400, energy = -0.21247360431085208
  |->  par_lens = 376, 370, 361
[TDSE] Running TDSE-SH-elliptical. step 29600, energy = -0.31468763351752216
  |->  par_lens = 383, 385, 380
[TDSE] Running TDSE-SH-elliptical. step 29800, energy = -0.40719680216870857
  |->  par_lens = 390, 385, 387
[TDSE] Running TDSE-SH-elliptical. step 30000, energy = -0.38052498624738357
  |->  par_lens = 388, 391, 383
[TDSE] Running TDSE-SH-elliptical. step 30200, energy = -0.2677489371946378
  |->  par_lens = 383, 378, 373
[TDSE] Running TDSE-SH-elliptical. step 30400, energy = -0.20187087712128862
  |->  par_lens = 382, 380, 379
[TDSE] Running TDSE-SH-elliptical. step 30600, energy = -0.2533608402019424
  |->  par_lens = 394, 397, 393
[TDSE] Running TDSE-SH-elliptical. step 30800, energy = -0.37026915182767134
  |->  par_lens = 408, 409, 410
[TDSE] Running TDSE-SH-elliptical. step 31000, energy = -0.4257126124620106
  |->  par_lens = 408, 413, 415
[TDSE] Running TDSE-SH-elliptical. step 31200, energy = -0.37678156602971075
  |->  par_lens = 404, 407, 405
[TDSE] Running TDSE-SH-elliptical. step 31400, energy = -0.2993981103970361
  |->  par_lens = 397, 404, 397
[TDSE] Running TDSE-SH-elliptical. step 31600, energy = -0.29160356763884615
  |->  par_lens = 384, 393, 384
[TDSE] Running TDSE-SH-elliptical. step 31800, energy = -0.36429690801822007
  |->  par_lens = 383, 386, 383
[TDSE] Running TDSE-SH-elliptical. step 32000, energy = -0.4318283213826408
  |->  par_lens = 383, 406, 388
[TDSE] Running TDSE-SH-elliptical. step 32200, energy = -0.4188939401062601
  |->  par_lens = 392, 398, 387
[TDSE] Running TDSE-SH-elliptical. step 32400, energy = -0.34524213558504235
  |->  par_lens = 386, 394, 383
[TDSE] Running TDSE-SH-elliptical. step 32600, energy = -0.2986077406690161
  |->  par_lens = 396, 404, 388
[TDSE] Running TDSE-SH-elliptical. step 32800, energy = -0.3310858108785661
  |->  par_lens = 405, 409, 405
[TDSE] Running TDSE-SH-elliptical. step 33000, energy = -0.4086856213966063
  |->  par_lens = 416, 419, 413
[TDSE] Running TDSE-SH-elliptical. step 33200, energy = -0.4516209779904612
  |->  par_lens = 417, 421, 417
[TDSE] Running TDSE-SH-elliptical. step 33400, energy = -0.4291122657984844
  |->  par_lens = 422, 422, 418
[TDSE] Running TDSE-SH-elliptical. step 33600, energy = -0.385160766707822
  |->  par_lens = 413, 415, 411
[TDSE] Running TDSE-SH-elliptical. step 33800, energy = -0.3797651940364552
  |->  par_lens = 401, 409, 404
[TDSE] Running TDSE-SH-elliptical. step 34000, energy = -0.41981544849203756
  |->  par_lens = 394, 403, 394
[TDSE] Running TDSE-SH-elliptical. step 34200, energy = -0.4588794090167181
  |->  par_lens = 389, 397, 387
[TDSE] Running TDSE-SH-elliptical. step 34400, energy = -0.45388930090921575
  |->  par_lens = 391, 389, 384
[TDSE] Running TDSE-SH-elliptical. step 34600, energy = -0.4154039566984542
  |->  par_lens = 395, 400, 390
[TDSE] Running TDSE-SH-elliptical. step 34800, energy = -0.3899932080129156
  |->  par_lens = 412, 405, 399
[TDSE] Running TDSE-SH-elliptical. step 35000, energy = -0.4064662239526367
  |->  par_lens = 416, 415, 415
[TDSE] Running TDSE-SH-elliptical. step 35200, energy = -0.4469277896780268
  |->  par_lens = 421, 423, 416
[TDSE] Running TDSE-SH-elliptical. step 35400, energy = -0.47264434359264007
  |->  par_lens = 423, 425, 420
[TDSE] Running TDSE-SH-elliptical. step 35600, energy = -0.46715041199875185
  |->  par_lens = 424, 425, 417
[TDSE] Running TDSE-SH-elliptical. step 35800, energy = -0.45008672210257933
  |->  par_lens = 423, 424, 418
[TDSE] Running TDSE-SH-elliptical. step 36000, energy = -0.4471629992631471
  |->  par_lens = 415, 415, 410
[TDSE] Running TDSE-SH-elliptical. step 36200, energy = -0.46362090139622214
  |->  par_lens = 399, 407, 410
[TDSE] Running TDSE-SH-elliptical. step 36400, energy = -0.47897695156894887
  |->  par_lens = 397, 407, 399
[TDSE] Running TDSE-SH-elliptical. step 36600, energy = -0.4774145466924496
  |->  par_lens = 395, 394, 398
[TDSE] Running TDSE-SH-elliptical. step 36800, energy = -0.4623792479065563
  |->  par_lens = 403, 401, 398
[TDSE] Running TDSE-SH-elliptical. step 37000, energy = -0.45252243628294575
  |->  par_lens = 408, 409, 404
[TDSE] Running TDSE-SH-elliptical. step 37200, energy = -0.4583579641322299
  |->  par_lens = 416, 412, 411
[TDSE] Running TDSE-SH-elliptical. step 37400, energy = -0.47379324847691434
  |->  par_lens = 418, 420, 412
[TDSE] Running TDSE-SH-elliptical. step 37600, energy = -0.48515778705315954
  |->  par_lens = 419, 420, 414
[TDSE] Running TDSE-SH-elliptical. step 37800, energy = -0.4864455495451094
  |->  par_lens = 417, 419, 416
[TDSE] Running TDSE-SH-elliptical. step 38000, energy = -0.48306200212414957
  |->  par_lens = 417, 415, 414
[TDSE] Running TDSE-SH-elliptical. step 38200, energy = -0.48256209771515385
  |->  par_lens = 406, 406, 410
[TDSE] Running TDSE-SH-elliptical. step 38400, energy = -0.48622646238253947
  |->  par_lens = 406, 400, 398
[TDSE] Running TDSE-SH-elliptical. step 38600, energy = -0.48937206630031016
  |->  par_lens = 398, 395, 387
[TDSE] Running TDSE-SH-elliptical. step 38800, energy = -0.488352701284051
  |->  par_lens = 392, 388, 385
[TDSE] Running TDSE-SH-elliptical. step 39000, energy = -0.48456737945344497
  |->  par_lens = 394, 389, 389
[TDSE] Running TDSE-SH-elliptical. step 39200, energy = -0.4822043697855975
  |->  par_lens = 394, 396, 396
[TDSE] Running TDSE-SH-elliptical. step 39400, energy = -0.48348170651734407
  |->  par_lens = 401, 401, 402
[TDSE] Running TDSE-SH-elliptical. step 39600, energy = -0.4870008014454141
  |->  par_lens = 411, 404, 405
[TDSE] Running TDSE-SH-elliptical. step 39800, energy = -0.4901126709579651
  |->  par_lens = 409, 405, 407
[TDSE] Running TDSE-SH-elliptical. step 40000, energy = -0.49155868497298055
  |->  par_lens = 406, 404, 407
[TDSE] Running TDSE-SH-elliptical. step 40200, energy = -0.49186554711502295
  |->  par_lens = 406, 403, 407
[TDSE] Running TDSE-SH-elliptical. step 40400, energy = -0.4919616997057572
  |->  par_lens = 407, 402, 405
[TDSE] Running TDSE-SH-elliptical. step 40600, energy = -0.49207405811752636
  |->  par_lens = 404, 400, 403
[TDSE] Running TDSE-SH-elliptical. step 40800, energy = -0.49190767224719056
  |->  par_lens = 401, 400, 400
[TDSE] Running TDSE-SH-elliptical. step 41000, energy = -0.49146510695662116
  |->  par_lens = 400, 400, 400
[TDSE] Running TDSE-SH-elliptical. step 41200, energy = -0.490902129295799
  |->  par_lens = 401, 401, 404
[TDSE] Running TDSE-SH-elliptical. step 41400, energy = -0.49069087539094774
  |->  par_lens = 400, 400, 403
[TDSE] Running TDSE-SH-elliptical. step 41600, energy = -0.49079150869752036
  |->  par_lens = 402, 402, 406
[TDSE] Running TDSE-SH-elliptical. step 41800, energy = -0.4910351219264759
  |->  par_lens = 403, 403, 407
[TDSE] Running TDSE-SH-elliptical. step 42000, energy = -0.49134601063398997
  |->  par_lens = 405, 403, 409
[TDSE] Running TDSE-SH-elliptical. step 42200, energy = -0.4914740832690707
  |->  par_lens = 405, 404, 408
[TDSE] Running TDSE-SH-elliptical. step 42400, energy = -0.49157683253788703
  |->  par_lens = 403, 404, 409
[TDSE] Running TDSE-SH-elliptical. step 42600, energy = -0.4915882193858389
  |->  par_lens = 406, 403, 409
[TDSE] Running TDSE-SH-elliptical. step 42800, energy = -0.4915661331301257
  |->  par_lens = 405, 406, 412
[TDSE] Running TDSE-SH-elliptical. step 43000, energy = -0.49159728867872304
  |->  par_lens = 406, 409, 411
[TDSE] Running TDSE-SH-elliptical. step 43200, energy = -0.4915635088137535
  |->  par_lens = 409, 410, 411
[TDSE] Running TDSE-SH-elliptical. step 43400, energy = -0.4916099936317986
  |->  par_lens = 411, 410, 412
[TDSE] Running TDSE-SH-elliptical. step 43600, energy = -0.4916076078810923
  |->  par_lens = 412, 411, 412
[TDSE] Running TDSE-SH-elliptical. step 43800, energy = -0.4915929295200384
  |->  par_lens = 413, 413, 411
[TDSE] Running TDSE-SH-elliptical. step 44000, energy = -0.4916444069813772
  |->  par_lens = 414, 416, 412
[TDSE] Running TDSE-SH-elliptical. step 44200, energy = -0.4916242223234236
  |->  par_lens = 417, 417, 414
[TDSE] Running TDSE-SH-elliptical. step 44400, energy = -0.4916640236261785
  |->  par_lens = 417, 423, 415
[TDSE] Running TDSE-SH-elliptical. step 44600, energy = -0.49165153715567084
  |->  par_lens = 419, 424, 418
[TDSE] Running TDSE-SH-elliptical. step 44800, energy = -0.49165344306011527
  |->  par_lens = 423, 427, 422
[TDSE] Running TDSE-SH-elliptical. step 45000, energy = -0.49170777574711866
  |->  par_lens = 424, 428, 422
