  Activating project at `~/JuliaProp_v0.1`
[ITP]: 10000.500151030976
[ITP]: 3.0490838964780664e-8
[ITP]: 7.575335692067142e-9
Energy of ground state: -0.5001510690415283
[TDSE] Start TDSE-SH for elliptical polarized laser. It may cost a plenty of time.
[TDSE] Running TDSE-SH-elliptical. step 0, energy = -0.5001510690415277
  |->  par_lens = 2, 2, 2
[TDSE] Running TDSE-SH-elliptical. step 200, energy = -0.5001510690413844
  |->  par_lens = 2, 2, 2
[TDSE] Running TDSE-SH-elliptical. step 400, energy = -0.5001510690410624
  |->  par_lens = 2, 2, 2
[TDSE] Running TDSE-SH-elliptical. step 600, energy = -0.5001510690389892
  |->  par_lens = 2, 2, 2
[TDSE] Running TDSE-SH-elliptical. step 800, energy = -0.5001510690286162
  |->  par_lens = 2, 2, 2
[TDSE] Running TDSE-SH-elliptical. step 1000, energy = -0.50015106899248
  |->  par_lens = 2, 2, 2
[TDSE] Running TDSE-SH-elliptical. step 1200, energy = -0.5001510688927935
  |->  par_lens = 2, 2, 2
[TDSE] Running TDSE-SH-elliptical. step 1400, energy = -0.5001510686592479
  |->  par_lens = 2, 2, 2
[TDSE] Running TDSE-SH-elliptical. step 1600, energy = -0.5001510681731614
  |->  par_lens = 2, 2, 2
[TDSE] Running TDSE-SH-elliptical. step 1800, energy = -0.5001510672470154
  |->  par_lens = 2, 2, 2
[TDSE] Running TDSE-SH-elliptical. step 2000, energy = -0.5001510656068061
  |->  par_lens = 2, 2, 2
[TDSE] Running TDSE-SH-elliptical. step 2200, energy = -0.5001510628516217
  |->  par_lens = 2, 2, 2
[TDSE] Running TDSE-SH-elliptical. step 2400, energy = -0.5001510584510866
  |->  par_lens = 2, 2, 2
[TDSE] Running TDSE-SH-elliptical. step 2600, energy = -0.5001510516812621
  |->  par_lens = 2, 2, 2
[TDSE] Running TDSE-SH-elliptical. step 2800, energy = -0.5001510416063472
  |->  par_lens = 2, 2, 2
[TDSE] Running TDSE-SH-elliptical. step 3000, energy = -0.5001510270721706
  |->  par_lens = 2, 2, 2
[TDSE] Running TDSE-SH-elliptical. step 3200, energy = -0.5001510065616465
  |->  par_lens = 2, 2, 2
[TDSE] Running TDSE-SH-elliptical. step 3400, energy = -0.5001509783951126
  |->  par_lens = 2, 2, 2
[TDSE] Running TDSE-SH-elliptical. step 3600, energy = -0.5001509402782932
  |->  par_lens = 2, 2, 2
[TDSE] Running TDSE-SH-elliptical. step 3800, energy = -0.5001508897578177
  |->  par_lens = 2, 2, 2
[TDSE] Running TDSE-SH-elliptical. step 4000, energy = -0.500150824054611
  |->  par_lens = 2, 2, 2
[TDSE] Running TDSE-SH-elliptical. step 4200, energy = -0.500150739235271
  |->  par_lens = 2, 2, 2
[TDSE] Running TDSE-SH-elliptical. step 4400, energy = -0.5001506320259492
  |->  par_lens = 2, 2, 2
[TDSE] Running TDSE-SH-elliptical. step 4600, energy = -0.5001504976403063
  |->  par_lens = 2, 2, 2
[TDSE] Running TDSE-SH-elliptical. step 4800, energy = -0.5001503313424251
  |->  par_lens = 2, 2, 2
[TDSE] Running TDSE-SH-elliptical. step 5000, energy = -0.5001501277868231
  |->  par_lens = 2, 2, 2
[TDSE] Running TDSE-SH-elliptical. step 5200, energy = -0.5001498801857315
  |->  par_lens = 2, 2, 2
[TDSE] Running TDSE-SH-elliptical. step 5400, energy = -0.5001495846951235
  |->  par_lens = 2, 2, 2
[TDSE] Running TDSE-SH-elliptical. step 5600, energy = -0.5001492309786291
  |->  par_lens = 2, 2, 2
[TDSE] Running TDSE-SH-elliptical. step 5800, energy = -0.5001488133384369
  |->  par_lens = 2, 2, 2
[TDSE] Running TDSE-SH-elliptical. step 6000, energy = -0.5001483263627511
  |->  par_lens = 2, 2, 2
[TDSE] Running TDSE-SH-elliptical. step 6200, energy = -0.5001477573161459
  |->  par_lens = 2, 2, 2
[TDSE] Running TDSE-SH-elliptical. step 6400, energy = -0.5001471026153881
  |->  par_lens = 2, 2, 2
[TDSE] Running TDSE-SH-elliptical. step 6600, energy = -0.500146348888714
  |->  par_lens = 2, 2, 2
[TDSE] Running TDSE-SH-elliptical. step 6800, energy = -0.5001454934242365
  |->  par_lens = 2, 2, 2
[TDSE] Running TDSE-SH-elliptical. step 7000, energy = -0.5001445250854617
  |->  par_lens = 2, 2, 2
[TDSE] Running TDSE-SH-elliptical. step 7200, energy = -0.500143427587309
  |->  par_lens = 2, 2, 2
[TDSE] Running TDSE-SH-elliptical. step 7400, energy = -0.5001422107835723
  |->  par_lens = 2, 2, 2
[TDSE] Running TDSE-SH-elliptical. step 7600, energy = -0.5001408477678033
  |->  par_lens = 4, 2, 2
[TDSE] Running TDSE-SH-elliptical. step 7800, energy = -0.5001393405583041
  |->  par_lens = 4, 3, 3
[TDSE] Running TDSE-SH-elliptical. step 8000, energy = -0.5001376851972859
  |->  par_lens = 4, 3, 3
[TDSE] Running TDSE-SH-elliptical. step 8200, energy = -0.5001358605386477
  |->  par_lens = 4, 3, 3
[TDSE] Running TDSE-SH-elliptical. step 8400, energy = -0.5001338852307446
  |->  par_lens = 4, 3, 3
[TDSE] Running TDSE-SH-elliptical. step 8600, energy = -0.500131725572528
  |->  par_lens = 4, 3, 3
[TDSE] Running TDSE-SH-elliptical. step 8800, energy = -0.5001294048010394
  |->  par_lens = 4, 3, 3
[TDSE] Running TDSE-SH-elliptical. step 9000, energy = -0.5001269055909581
  |->  par_lens = 4, 3, 3
[TDSE] Running TDSE-SH-elliptical. step 9200, energy = -0.5001242110610341
  |->  par_lens = 4, 3, 3
[TDSE] Running TDSE-SH-elliptical. step 9400, energy = -0.5001213789792354
  |->  par_lens = 4, 3, 3
[TDSE] Running TDSE-SH-elliptical. step 9600, energy = -0.500118333664375
  |->  par_lens = 4, 3, 3
[TDSE] Running TDSE-SH-elliptical. step 9800, energy = -0.5001151206065874
  |->  par_lens = 4, 3, 3
[TDSE] Running TDSE-SH-elliptical. step 10000, energy = -0.5001117552584972
  |->  par_lens = 4, 3, 3
[TDSE] Running TDSE-SH-elliptical. step 10200, energy = -0.5001079026900003
  |->  par_lens = 4, 3, 3
[TDSE] Running TDSE-SH-elliptical. step 10400, energy = -0.5001019388183585
  |->  par_lens = 4, 3, 3
[TDSE] Running TDSE-SH-elliptical. step 10600, energy = -0.5000960833267135
  |->  par_lens = 4, 3, 3
[TDSE] Running TDSE-SH-elliptical. step 10800, energy = -0.5000975144802395
  |->  par_lens = 4, 3, 3
[TDSE] Running TDSE-SH-elliptical. step 11000, energy = -0.5001127732924991
  |->  par_lens = 4, 3, 3
[TDSE] Running TDSE-SH-elliptical. step 11200, energy = -0.500136553257437
  |->  par_lens = 4, 3, 3
[TDSE] Running TDSE-SH-elliptical. step 11400, energy = -0.5001490252004759
  |->  par_lens = 4, 3, 3
[TDSE] Running TDSE-SH-elliptical. step 11600, energy = -0.50012733086444
  |->  par_lens = 4, 3, 3
[TDSE] Running TDSE-SH-elliptical. step 11800, energy = -0.5000525172689146
  |->  par_lens = 4, 4, 4
[TDSE] Running TDSE-SH-elliptical. step 12000, energy = -0.4998867789184322
  |->  par_lens = 5, 5, 5
[TDSE] Running TDSE-SH-elliptical. step 12200, energy = -0.4995597297228816
  |->  par_lens = 5, 5, 5
[TDSE] Running TDSE-SH-elliptical. step 12400, energy = -0.4990377541880699
  |->  par_lens = 7, 7, 7
[TDSE] Running TDSE-SH-elliptical. step 12600, energy = -0.498452422580791
  |->  par_lens = 9, 7, 7
[TDSE] Running TDSE-SH-elliptical. step 12800, energy = -0.49810732515603207
  |->  par_lens = 10, 9, 9
[TDSE] Running TDSE-SH-elliptical. step 13000, energy = -0.49820662918359937
  |->  par_lens = 10, 11, 10
[TDSE] Running TDSE-SH-elliptical. step 13200, energy = -0.49854525480828094
  |->  par_lens = 11, 12, 11
[TDSE] Running TDSE-SH-elliptical. step 13400, energy = -0.4985914123169806
  |->  par_lens = 11, 12, 11
[TDSE] Running TDSE-SH-elliptical. step 13600, energy = -0.4980344409866912
  |->  par_lens = 11, 12, 11
[TDSE] Running TDSE-SH-elliptical. step 13800, energy = -0.49721493577571013
  |->  par_lens = 11, 12, 11
[TDSE] Running TDSE-SH-elliptical. step 14000, energy = -0.49667324959855536
  |->  par_lens = 11, 12, 11
[TDSE] Running TDSE-SH-elliptical. step 14200, energy = -0.4962162497245973
  |->  par_lens = 11, 11, 11
[TDSE] Running TDSE-SH-elliptical. step 14400, energy = -0.49471675269400495
  |->  par_lens = 11, 11, 11
[TDSE] Running TDSE-SH-elliptical. step 14600, energy = -0.4913996690082465
  |->  par_lens = 12, 11, 12
[TDSE] Running TDSE-SH-elliptical. step 14800, energy = -0.4873933334427084
  |->  par_lens = 16, 14, 15
[TDSE] Running TDSE-SH-elliptical. step 15000, energy = -0.4852355987643155
  |->  par_lens = 19, 20, 19
[TDSE] Running TDSE-SH-elliptical. step 15200, energy = -0.4862868181723026
  |->  par_lens = 24, 23, 24
[TDSE] Running TDSE-SH-elliptical. step 15400, energy = -0.48867136971812924
  |->  par_lens = 27, 26, 28
[TDSE] Running TDSE-SH-elliptical. step 15600, energy = -0.48875180630696147
  |->  par_lens = 27, 27, 28
[TDSE] Running TDSE-SH-elliptical. step 15800, energy = -0.48522616259778834
  |->  par_lens = 28, 27, 27
[TDSE] Running TDSE-SH-elliptical. step 16000, energy = -0.4809325263905172
  |->  par_lens = 27, 23, 26
[TDSE] Running TDSE-SH-elliptical. step 16200, energy = -0.47958743786404795
  |->  par_lens = 25, 20, 22
[TDSE] Running TDSE-SH-elliptical. step 16400, energy = -0.4804755114731779
  |->  par_lens = 23, 20, 23
[TDSE] Running TDSE-SH-elliptical. step 16600, energy = -0.4780995580868225
  |->  par_lens = 21, 21, 24
[TDSE] Running TDSE-SH-elliptical. step 16800, energy = -0.46857750247568586
  |->  par_lens = 24, 25, 24
[TDSE] Running TDSE-SH-elliptical. step 17000, energy = -0.45583166277137827
  |->  par_lens = 26, 29, 30
[TDSE] Running TDSE-SH-elliptical. step 17200, energy = -0.44927192962976426
  |->  par_lens = 37, 37, 36
[TDSE] Running TDSE-SH-elliptical. step 17400, energy = -0.4535807318111319
  |->  par_lens = 47, 45, 45
[TDSE] Running TDSE-SH-elliptical. step 17600, energy = -0.4622165776830284
  |->  par_lens = 54, 53, 52
[TDSE] Running TDSE-SH-elliptical. step 17800, energy = -0.46341698360904116
  |->  par_lens = 56, 56, 53
[TDSE] Running TDSE-SH-elliptical. step 18000, energy = -0.45346087188780027
  |->  par_lens = 51, 54, 53
[TDSE] Running TDSE-SH-elliptical. step 18200, energy = -0.44169962564593185
  |->  par_lens = 43, 45, 47
[TDSE] Running TDSE-SH-elliptical. step 18400, energy = -0.4395732071277566
  |->  par_lens = 40, 43, 43
[TDSE] Running TDSE-SH-elliptical. step 18600, energy = -0.4455814623819566
  |->  par_lens = 40, 42, 42
[TDSE] Running TDSE-SH-elliptical. step 18800, energy = -0.4448604239320981
  |->  par_lens = 41, 42, 40
[TDSE] Running TDSE-SH-elliptical. step 19000, energy = -0.42654475276154447
  |->  par_lens = 43, 44, 41
[TDSE] Running TDSE-SH-elliptical. step 19200, energy = -0.39949204035078323
  |->  par_lens = 50, 50, 48
[TDSE] Running TDSE-SH-elliptical. step 19400, energy = -0.38573151996228155
  |->  par_lens = 64, 66, 67
[TDSE] Running TDSE-SH-elliptical. step 19600, energy = -0.39633047718823483
  |->  par_lens = 81, 85, 83
[TDSE] Running TDSE-SH-elliptical. step 19800, energy = -0.4169297630591808
  |->  par_lens = 96, 97, 96
[TDSE] Running TDSE-SH-elliptical. step 20000, energy = -0.4218968602211795
  |->  par_lens = 102, 99, 99
[TDSE] Running TDSE-SH-elliptical. step 20200, energy = -0.4033440452047328
  |->  par_lens = 94, 99, 98
[TDSE] Running TDSE-SH-elliptical. step 20400, energy = -0.3808948914409013
  |->  par_lens = 82, 84, 84
[TDSE] Running TDSE-SH-elliptical. step 20600, energy = -0.3783238520622752
  |->  par_lens = 81, 77, 75
[TDSE] Running TDSE-SH-elliptical. step 20800, energy = -0.3936561402455628
  |->  par_lens = 81, 82, 85
[TDSE] Running TDSE-SH-elliptical. step 21000, energy = -0.3985686174777014
  |->  par_lens = 87, 86, 85
[TDSE] Running TDSE-SH-elliptical. step 21200, energy = -0.3716844836749893
  |->  par_lens = 83, 86, 84
[TDSE] Running TDSE-SH-elliptical. step 21400, energy = -0.32778211089106574
  |->  par_lens = 90, 92, 89
[TDSE] Running TDSE-SH-elliptical. step 21600, energy = -0.3054740458594999
  |->  par_lens = 107, 106, 109
[TDSE] Running TDSE-SH-elliptical. step 21800, energy = -0.3243481797694949
  |->  par_lens = 133, 135, 134
[TDSE] Running TDSE-SH-elliptical. step 22000, energy = -0.36118333289003
  |->  par_lens = 150, 156, 153
[TDSE] Running TDSE-SH-elliptical. step 22200, energy = -0.3733625723049676
  |->  par_lens = 160, 164, 162
[TDSE] Running TDSE-SH-elliptical. step 22400, energy = -0.34736581665623806
  |->  par_lens = 153, 150, 154
[TDSE] Running TDSE-SH-elliptical. step 22600, energy = -0.31425251717871
  |->  par_lens = 137, 138, 137
[TDSE] Running TDSE-SH-elliptical. step 22800, energy = -0.3117801391113563
  |->  par_lens = 125, 127, 126
[TDSE] Running TDSE-SH-elliptical. step 23000, energy = -0.3383027433495344
  |->  par_lens = 130, 131, 130
[TDSE] Running TDSE-SH-elliptical. step 23200, energy = -0.35201277364697314
  |->  par_lens = 135, 131, 133
[TDSE] Running TDSE-SH-elliptical. step 23400, energy = -0.32007099455820454
  |->  par_lens = 135, 137, 139
[TDSE] Running TDSE-SH-elliptical. step 23600, energy = -0.2621860589000436
  |->  par_lens = 143, 142, 141
[TDSE] Running TDSE-SH-elliptical. step 23800, energy = -0.23266240567345553
  |->  par_lens = 163, 167, 160
[TDSE] Running TDSE-SH-elliptical. step 24000, energy = -0.2593004035462777
  |->  par_lens = 193, 194, 195
[TDSE] Running TDSE-SH-elliptical. step 24200, energy = -0.3121034321518429
  |->  par_lens = 219, 218, 218
[TDSE] Running TDSE-SH-elliptical. step 24400, energy = -0.33381759476244044
  |->  par_lens = 230, 234, 226
[TDSE] Running TDSE-SH-elliptical. step 24600, energy = -0.30516694000167355
  |->  par_lens = 216, 218, 213
[TDSE] Running TDSE-SH-elliptical. step 24800, energy = -0.2655928697586441
  |->  par_lens = 200, 197, 201
[TDSE] Running TDSE-SH-elliptical. step 25000, energy = -0.2638146101798733
  |->  par_lens = 179, 182, 183
[TDSE] Running TDSE-SH-elliptical. step 25200, energy = -0.29929677390041787
  |->  par_lens = 180, 181, 183
[TDSE] Running TDSE-SH-elliptical. step 25400, energy = -0.32185816423819974
  |->  par_lens = 189, 189, 190
[TDSE] Running TDSE-SH-elliptical. step 25600, energy = -0.2904017879412017
  |->  par_lens = 192, 193, 190
[TDSE] Running TDSE-SH-elliptical. step 25800, energy = -0.22659514633225433
  |->  par_lens = 198, 200, 198
[TDSE] Running TDSE-SH-elliptical. step 26000, energy = -0.19374911153414165
  |->  par_lens = 220, 224, 220
[TDSE] Running TDSE-SH-elliptical. step 26200, energy = -0.22488681874115612
  |->  par_lens = 244, 247, 248
[TDSE] Running TDSE-SH-elliptical. step 26400, energy = -0.2877643251777707
  |->  par_lens = 270, 272, 268
[TDSE] Running TDSE-SH-elliptical. step 26600, energy = -0.3184342070764158
  |->  par_lens = 275, 276, 278
[TDSE] Running TDSE-SH-elliptical. step 26800, energy = -0.29372385572988374
  |->  par_lens = 264, 269, 265
[TDSE] Running TDSE-SH-elliptical. step 27000, energy = -0.25480203175204763
  |->  par_lens = 246, 253, 244
[TDSE] Running TDSE-SH-elliptical. step 27200, energy = -0.2540288940692664
  |->  par_lens = 230, 230, 215
[TDSE] Running TDSE-SH-elliptical. step 27400, energy = -0.2926366882613168
  |->  par_lens = 219, 226, 216
[TDSE] Running TDSE-SH-elliptical. step 27600, energy = -0.3203236514864341
  |->  par_lens = 226, 224, 224
[TDSE] Running TDSE-SH-elliptical. step 27800, energy = -0.2944999973077117
  |->  par_lens = 233, 235, 227
[TDSE] Running TDSE-SH-elliptical. step 28000, energy = -0.23513926678613672
  |->  par_lens = 242, 236, 237
[TDSE] Running TDSE-SH-elliptical. step 28200, energy = -0.20408118905714623
  |->  par_lens = 263, 257, 255
[TDSE] Running TDSE-SH-elliptical. step 28400, energy = -0.23471700564107192
  |->  par_lens = 280, 278, 279
[TDSE] Running TDSE-SH-elliptical. step 28600, energy = -0.297989566279376
  |->  par_lens = 303, 298, 297
[TDSE] Running TDSE-SH-elliptical. step 28800, energy = -0.3335864462110402
  |->  par_lens = 311, 309, 306
[TDSE] Running TDSE-SH-elliptical. step 29000, energy = -0.3180384634037191
  |->  par_lens = 303, 302, 303
[TDSE] Running TDSE-SH-elliptical. step 29200, energy = -0.286834818407831
  |->  par_lens = 289, 285, 287
[TDSE] Running TDSE-SH-elliptical. step 29400, energy = -0.2870286949587596
  |->  par_lens = 259, 261, 269
[TDSE] Running TDSE-SH-elliptical. step 29600, energy = -0.3216958771437974
  |->  par_lens = 255, 251, 251
[TDSE] Running TDSE-SH-elliptical. step 29800, energy = -0.3484546521650225
  |->  par_lens = 249, 243, 246
[TDSE] Running TDSE-SH-elliptical. step 30000, energy = -0.3307295181266466
  |->  par_lens = 246, 250, 248
[TDSE] Running TDSE-SH-elliptical. step 30200, energy = -0.2841196704581827
  |->  par_lens = 265, 264, 263
[TDSE] Running TDSE-SH-elliptical. step 30400, energy = -0.25924516487561095
  |->  par_lens = 279, 281, 280
[TDSE] Running TDSE-SH-elliptical. step 30600, energy = -0.28475522394776
  |->  par_lens = 296, 296, 296
[TDSE] Running TDSE-SH-elliptical. step 30800, energy = -0.3385788753901138
  |->  par_lens = 315, 318, 313
[TDSE] Running TDSE-SH-elliptical. step 31000, energy = -0.37286022888379733
  |->  par_lens = 324, 325, 319
[TDSE] Running TDSE-SH-elliptical. step 31200, energy = -0.3677343335321377
  |->  par_lens = 320, 322, 316
[TDSE] Running TDSE-SH-elliptical. step 31400, energy = -0.3481492913088676
  |->  par_lens = 307, 306, 305
[TDSE] Running TDSE-SH-elliptical. step 31600, energy = -0.34915955649036795
  |->  par_lens = 285, 286, 288
[TDSE] Running TDSE-SH-elliptical. step 31800, energy = -0.37456801046669475
  |->  par_lens = 275, 273, 276
[TDSE] Running TDSE-SH-elliptical. step 32000, energy = -0.3947988217905387
  |->  par_lens = 269, 273, 267
[TDSE] Running TDSE-SH-elliptical. step 32200, energy = -0.38445281033073364
  |->  par_lens = 277, 268, 273
[TDSE] Running TDSE-SH-elliptical. step 32400, energy = -0.353855734711055
  |->  par_lens = 278, 273, 274
[TDSE] Running TDSE-SH-elliptical. step 32600, energy = -0.3373606289275166
  |->  par_lens = 291, 292, 291
[TDSE] Running TDSE-SH-elliptical. step 32800, energy = -0.3551866385615293
  |->  par_lens = 304, 310, 308
[TDSE] Running TDSE-SH-elliptical. step 33000, energy = -0.3932719280180525
  |->  par_lens = 318, 324, 320
[TDSE] Running TDSE-SH-elliptical. step 33200, energy = -0.4205053436622036
  |->  par_lens = 324, 328, 326
[TDSE] Running TDSE-SH-elliptical. step 33400, energy = -0.42297124043353695
  |->  par_lens = 325, 328, 327
[TDSE] Running TDSE-SH-elliptical. step 33600, energy = -0.41454678048419663
  |->  par_lens = 319, 321, 319
[TDSE] Running TDSE-SH-elliptical. step 33800, energy = -0.41611761891203136
  |->  par_lens = 307, 309, 310
[TDSE] Running TDSE-SH-elliptical. step 34000, energy = -0.4306208022419793
  |->  par_lens = 299, 303, 293
[TDSE] Running TDSE-SH-elliptical. step 34200, energy = -0.4419263557532496
  |->  par_lens = 290, 292, 287
[TDSE] Running TDSE-SH-elliptical. step 34400, energy = -0.43645392179562453
  |->  par_lens = 286, 292, 287
[TDSE] Running TDSE-SH-elliptical. step 34600, energy = -0.4200604924887952
  |->  par_lens = 292, 297, 290
[TDSE] Running TDSE-SH-elliptical. step 34800, energy = -0.41141639072184516
  |->  par_lens = 305, 304, 306
[TDSE] Running TDSE-SH-elliptical. step 35000, energy = -0.4215330965336028
  |->  par_lens = 318, 313, 320
[TDSE] Running TDSE-SH-elliptical. step 35200, energy = -0.44321356676204793
  |->  par_lens = 323, 324, 329
[TDSE] Running TDSE-SH-elliptical. step 35400, energy = -0.46060555457095076
  |->  par_lens = 329, 333, 332
[TDSE] Running TDSE-SH-elliptical. step 35600, energy = -0.46595801646902724
  |->  par_lens = 328, 333, 331
[TDSE] Running TDSE-SH-elliptical. step 35800, energy = -0.46482976881381227
  |->  par_lens = 325, 326, 326
[TDSE] Running TDSE-SH-elliptical. step 36000, energy = -0.4663623829927224
  |->  par_lens = 319, 321, 321
[TDSE] Running TDSE-SH-elliptical. step 36200, energy = -0.47216067855169086
  |->  par_lens = 311, 313, 313
[TDSE] Running TDSE-SH-elliptical. step 36400, energy = -0.4760222524574328
  |->  par_lens = 303, 309, 308
[TDSE] Running TDSE-SH-elliptical. step 36600, energy = -0.47307076911322543
  |->  par_lens = 305, 301, 304
[TDSE] Running TDSE-SH-elliptical. step 36800, energy = -0.46614416702701345
  |->  par_lens = 307, 309, 308
[TDSE] Running TDSE-SH-elliptical. step 37000, energy = -0.4627640995137574
  |->  par_lens = 312, 315, 314
[TDSE] Running TDSE-SH-elliptical. step 37200, energy = -0.4671060273653578
  |->  par_lens = 319, 320, 318
[TDSE] Running TDSE-SH-elliptical. step 37400, energy = -0.476417316666463
  |->  par_lens = 323, 323, 327
[TDSE] Running TDSE-SH-elliptical. step 37600, energy = -0.4848139142530051
  |->  par_lens = 325, 327, 328
[TDSE] Running TDSE-SH-elliptical. step 37800, energy = -0.48911521882754266
  |->  par_lens = 326, 327, 328
[TDSE] Running TDSE-SH-elliptical. step 38000, energy = -0.4905093972539684
  |->  par_lens = 324, 327, 329
[TDSE] Running TDSE-SH-elliptical. step 38200, energy = -0.4914781023255702
  |->  par_lens = 321, 323, 320
[TDSE] Running TDSE-SH-elliptical. step 38400, energy = -0.4926245535834737
  |->  par_lens = 318, 320, 313
[TDSE] Running TDSE-SH-elliptical. step 38600, energy = -0.4927372724208439
  |->  par_lens = 313, 312, 307
[TDSE] Running TDSE-SH-elliptical. step 38800, energy = -0.4911205200370132
  |->  par_lens = 311, 307, 304
[TDSE] Running TDSE-SH-elliptical. step 39000, energy = -0.4888954727542358
  |->  par_lens = 306, 308, 305
[TDSE] Running TDSE-SH-elliptical. step 39200, energy = -0.4879597653084139
  |->  par_lens = 308, 311, 309
[TDSE] Running TDSE-SH-elliptical. step 39400, energy = -0.48915948432309136
  |->  par_lens = 311, 315, 312
[TDSE] Running TDSE-SH-elliptical. step 39600, energy = -0.49174926506829547
  |->  par_lens = 316, 316, 316
[TDSE] Running TDSE-SH-elliptical. step 39800, energy = -0.49435797288894245
  |->  par_lens = 318, 318, 318
[TDSE] Running TDSE-SH-elliptical. step 40000, energy = -0.49614866390627815
  |->  par_lens = 316, 313, 316
[TDSE] Running TDSE-SH-elliptical. step 40200, energy = -0.4970671230033889
  |->  par_lens = 313, 312, 315
[TDSE] Running TDSE-SH-elliptical. step 40400, energy = -0.49738362801021085
  |->  par_lens = 312, 311, 313
[TDSE] Running TDSE-SH-elliptical. step 40600, energy = -0.49727933564828053
  |->  par_lens = 311, 308, 311
[TDSE] Running TDSE-SH-elliptical. step 40800, energy = -0.4968549303682658
  |->  par_lens = 311, 307, 310
[TDSE] Running TDSE-SH-elliptical. step 41000, energy = -0.4962936926489619
  |->  par_lens = 312, 307, 311
[TDSE] Running TDSE-SH-elliptical. step 41200, energy = -0.49584740847537473
  |->  par_lens = 313, 310, 311
[TDSE] Running TDSE-SH-elliptical. step 41400, energy = -0.49569120915580345
  |->  par_lens = 313, 311, 311
[TDSE] Running TDSE-SH-elliptical. step 41600, energy = -0.495814432499668
  |->  par_lens = 313, 312, 311
[TDSE] Running TDSE-SH-elliptical. step 41800, energy = -0.49607860116868224
  |->  par_lens = 314, 313, 315
[TDSE] Running TDSE-SH-elliptical. step 42000, energy = -0.4963407916957962
  |->  par_lens = 315, 313, 315
[TDSE] Running TDSE-SH-elliptical. step 42200, energy = -0.4965151509446579
  |->  par_lens = 315, 313, 315
[TDSE] Running TDSE-SH-elliptical. step 42400, energy = -0.49659589427765327
  |->  par_lens = 315, 314, 315
[TDSE] Running TDSE-SH-elliptical. step 42600, energy = -0.4966145140678794
  |->  par_lens = 316, 315, 316
[TDSE] Running TDSE-SH-elliptical. step 42800, energy = -0.4966129523514608
  |->  par_lens = 316, 316, 316
[TDSE] Running TDSE-SH-elliptical. step 43000, energy = -0.49661811708160103
  |->  par_lens = 317, 317, 317
[TDSE] Running TDSE-SH-elliptical. step 43200, energy = -0.49662744324198316
  |->  par_lens = 317, 318, 317
[TDSE] Running TDSE-SH-elliptical. step 43400, energy = -0.49663874559153504
  |->  par_lens = 317, 320, 318
[TDSE] Running TDSE-SH-elliptical. step 43600, energy = -0.49665032297506306
  |->  par_lens = 317, 319, 319
[TDSE] Running TDSE-SH-elliptical. step 43800, energy = -0.4966617233497731
  |->  par_lens = 317, 320, 320
[TDSE] Running TDSE-SH-elliptical. step 44000, energy = -0.49667498506970326
  |->  par_lens = 318, 321, 322
[TDSE] Running TDSE-SH-elliptical. step 44200, energy = -0.49668716356619563
  |->  par_lens = 319, 322, 322
[TDSE] Running TDSE-SH-elliptical. step 44400, energy = -0.49670097540604247
  |->  par_lens = 319, 322, 321
[TDSE] Running TDSE-SH-elliptical. step 44600, energy = -0.4967152209874937
  |->  par_lens = 320, 324, 321
[TDSE] Running TDSE-SH-elliptical. step 44800, energy = -0.4967307857725873
  |->  par_lens = 322, 325, 321
[TDSE] Running TDSE-SH-elliptical. step 45000, energy = -0.4967486001429206
  |->  par_lens = 323, 325, 322
