  Activating project at `~/JuliaProp_v0.1`
[ITP]: 10000.500151030976
[ITP]: 3.0490838964780664e-8
[ITP]: 7.575335692067142e-9
Energy of ground state: -0.5001510690415283
[TDSE] Start TDSE-SH for elliptical polarized laser. It may cost a plenty of time.
[TDSE] Running TDSE-SH-elliptical. step 0, energy = -0.5001510690415277
  |->  par_lens = 2, 2, 2
[TDSE] Running TDSE-SH-elliptical. step 200, energy = -0.5001510690413828
  |->  par_lens = 2, 2, 2
[TDSE] Running TDSE-SH-elliptical. step 400, energy = -0.5001510690411064
  |->  par_lens = 2, 2, 2
[TDSE] Running TDSE-SH-elliptical. step 600, energy = -0.5001510690395562
  |->  par_lens = 2, 2, 2
[TDSE] Running TDSE-SH-elliptical. step 800, energy = -0.500151069032173
  |->  par_lens = 2, 2, 2
[TDSE] Running TDSE-SH-elliptical. step 1000, energy = -0.5001510690073453
  |->  par_lens = 2, 2, 2
[TDSE] Running TDSE-SH-elliptical. step 1200, energy = -0.500151068941049
  |->  par_lens = 2, 2, 2
[TDSE] Running TDSE-SH-elliptical. step 1400, energy = -0.500151068790507
  |->  par_lens = 2, 2, 2
[TDSE] Running TDSE-SH-elliptical. step 1600, energy = -0.5001510684866275
  |->  par_lens = 2, 2, 2
[TDSE] Running TDSE-SH-elliptical. step 1800, energy = -0.5001510679245675
  |->  par_lens = 2, 2, 2
[TDSE] Running TDSE-SH-elliptical. step 2000, energy = -0.5001510669578784
  |->  par_lens = 2, 2, 2
[TDSE] Running TDSE-SH-elliptical. step 2200, energy = -0.5001510653795657
  |->  par_lens = 2, 2, 2
[TDSE] Running TDSE-SH-elliptical. step 2400, energy = -0.50015106292815
  |->  par_lens = 2, 2, 2
[TDSE] Running TDSE-SH-elliptical. step 2600, energy = -0.5001510592585474
  |->  par_lens = 2, 2, 2
[TDSE] Running TDSE-SH-elliptical. step 2800, energy = -0.5001510539406233
  |->  par_lens = 2, 2, 2
[TDSE] Running TDSE-SH-elliptical. step 3000, energy = -0.5001510464672182
  |->  par_lens = 2, 2, 2
[TDSE] Running TDSE-SH-elliptical. step 3200, energy = -0.5001510361848355
  |->  par_lens = 2, 2, 2
[TDSE] Running TDSE-SH-elliptical. step 3400, energy = -0.5001510224134369
  |->  par_lens = 2, 2, 2
[TDSE] Running TDSE-SH-elliptical. step 3600, energy = -0.5001510042219868
  |->  par_lens = 2, 2, 2
[TDSE] Running TDSE-SH-elliptical. step 3800, energy = -0.500150980675521
  |->  par_lens = 2, 2, 2
[TDSE] Running TDSE-SH-elliptical. step 4000, energy = -0.5001509507608165
  |->  par_lens = 2, 2, 2
[TDSE] Running TDSE-SH-elliptical. step 4200, energy = -0.500150912991387
  |->  par_lens = 2, 2, 2
[TDSE] Running TDSE-SH-elliptical. step 4400, energy = -0.5001508663012081
  |->  par_lens = 2, 2, 2
[TDSE] Running TDSE-SH-elliptical. step 4600, energy = -0.5001508090161239
  |->  par_lens = 2, 2, 2
[TDSE] Running TDSE-SH-elliptical. step 4800, energy = -0.5001507395926474
  |->  par_lens = 2, 2, 2
[TDSE] Running TDSE-SH-elliptical. step 5000, energy = -0.500150656330882
  |->  par_lens = 2, 2, 2
[TDSE] Running TDSE-SH-elliptical. step 5200, energy = -0.5001505570123953
  |->  par_lens = 2, 2, 2
[TDSE] Running TDSE-SH-elliptical. step 5400, energy = -0.5001504408117909
  |->  par_lens = 2, 2, 2
[TDSE] Running TDSE-SH-elliptical. step 5600, energy = -0.500150304232303
  |->  par_lens = 2, 2, 2
[TDSE] Running TDSE-SH-elliptical. step 5800, energy = -0.5001501458716616
  |->  par_lens = 2, 2, 2
[TDSE] Running TDSE-SH-elliptical. step 6000, energy = -0.5001499645441239
  |->  par_lens = 2, 2, 2
[TDSE] Running TDSE-SH-elliptical. step 6200, energy = -0.5001497561700818
  |->  par_lens = 2, 2, 2
[TDSE] Running TDSE-SH-elliptical. step 6400, energy = -0.5001495204558992
  |->  par_lens = 2, 2, 2
[TDSE] Running TDSE-SH-elliptical. step 6600, energy = -0.5001492533412546
  |->  par_lens = 2, 2, 2
[TDSE] Running TDSE-SH-elliptical. step 6800, energy = -0.5001489549887832
  |->  par_lens = 2, 2, 2
[TDSE] Running TDSE-SH-elliptical. step 7000, energy = -0.5001486223610874
  |->  par_lens = 2, 2, 2
[TDSE] Running TDSE-SH-elliptical. step 7200, energy = -0.5001482505769159
  |->  par_lens = 2, 2, 2
[TDSE] Running TDSE-SH-elliptical. step 7400, energy = -0.500147844542613
  |->  par_lens = 2, 2, 2
[TDSE] Running TDSE-SH-elliptical. step 7600, energy = -0.5001473956300425
  |->  par_lens = 2, 2, 2
[TDSE] Running TDSE-SH-elliptical. step 7800, energy = -0.500146905755719
  |->  par_lens = 2, 2, 2
[TDSE] Running TDSE-SH-elliptical. step 8000, energy = -0.5001463746536849
  |->  par_lens = 2, 2, 2
[TDSE] Running TDSE-SH-elliptical. step 8200, energy = -0.5001457960027019
  |->  par_lens = 2, 2, 2
[TDSE] Running TDSE-SH-elliptical. step 8400, energy = -0.500145177357949
  |->  par_lens = 2, 2, 2
[TDSE] Running TDSE-SH-elliptical. step 8600, energy = -0.5001445080571635
  |->  par_lens = 2, 2, 2
[TDSE] Running TDSE-SH-elliptical. step 8800, energy = -0.5001437968940856
  |->  par_lens = 2, 2, 2
[TDSE] Running TDSE-SH-elliptical. step 9000, energy = -0.5001430388457296
  |->  par_lens = 2, 2, 2
[TDSE] Running TDSE-SH-elliptical. step 9200, energy = -0.5001422290266764
  |->  par_lens = 2, 2, 2
[TDSE] Running TDSE-SH-elliptical. step 9400, energy = -0.5001413870595656
  |->  par_lens = 4, 2, 2
[TDSE] Running TDSE-SH-elliptical. step 9600, energy = -0.5001404885843974
  |->  par_lens = 4, 2, 2
[TDSE] Running TDSE-SH-elliptical. step 9800, energy = -0.5001395488048879
  |->  par_lens = 4, 3, 3
[TDSE] Running TDSE-SH-elliptical. step 10000, energy = -0.5001385729614303
  |->  par_lens = 4, 3, 3
[TDSE] Running TDSE-SH-elliptical. step 10200, energy = -0.5001373541709939
  |->  par_lens = 4, 3, 3
[TDSE] Running TDSE-SH-elliptical. step 10400, energy = -0.5001348237923977
  |->  par_lens = 4, 3, 3
[TDSE] Running TDSE-SH-elliptical. step 10600, energy = -0.5001325051196918
  |->  par_lens = 4, 3, 3
[TDSE] Running TDSE-SH-elliptical. step 10800, energy = -0.5001350928099413
  |->  par_lens = 4, 3, 3
[TDSE] Running TDSE-SH-elliptical. step 11000, energy = -0.5001437551964747
  |->  par_lens = 4, 3, 3
[TDSE] Running TDSE-SH-elliptical. step 11200, energy = -0.5001441823407665
  |->  par_lens = 4, 3, 3
[TDSE] Running TDSE-SH-elliptical. step 11400, energy = -0.5001160644204277
  |->  par_lens = 4, 3, 3
[TDSE] Running TDSE-SH-elliptical. step 11600, energy = -0.5000699861823505
  |->  par_lens = 4, 3, 3
[TDSE] Running TDSE-SH-elliptical. step 11800, energy = -0.5000482042916904
  |->  par_lens = 4, 3, 3
[TDSE] Running TDSE-SH-elliptical. step 12000, energy = -0.500023434463403
  |->  par_lens = 4, 4, 3
[TDSE] Running TDSE-SH-elliptical. step 12200, energy = -0.4998133710268885
  |->  par_lens = 5, 5, 5
[TDSE] Running TDSE-SH-elliptical. step 12400, energy = -0.49923737356878106
  |->  par_lens = 5, 5, 6
[TDSE] Running TDSE-SH-elliptical. step 12600, energy = -0.4984761126663198
  |->  par_lens = 7, 7, 7
[TDSE] Running TDSE-SH-elliptical. step 12800, energy = -0.4981331065510086
  |->  par_lens = 7, 7, 7
[TDSE] Running TDSE-SH-elliptical. step 13000, energy = -0.49859994465044527
  |->  par_lens = 9, 7, 7
[TDSE] Running TDSE-SH-elliptical. step 13200, energy = -0.49930013939948137
  |->  par_lens = 9, 7, 8
[TDSE] Running TDSE-SH-elliptical. step 13400, energy = -0.49897642319845475
  |->  par_lens = 9, 7, 8
[TDSE] Running TDSE-SH-elliptical. step 13600, energy = -0.4971994672061901
  |->  par_lens = 9, 8, 8
[TDSE] Running TDSE-SH-elliptical. step 13800, energy = -0.4954082101365335
  |->  par_lens = 10, 8, 9
[TDSE] Running TDSE-SH-elliptical. step 14000, energy = -0.4955376380197842
  |->  par_lens = 10, 10, 9
[TDSE] Running TDSE-SH-elliptical. step 14200, energy = -0.49724060001868065
  |->  par_lens = 10, 10, 9
[TDSE] Running TDSE-SH-elliptical. step 14400, energy = -0.4972211473655089
  |->  par_lens = 10, 10, 9
[TDSE] Running TDSE-SH-elliptical. step 14600, energy = -0.49275886647879735
  |->  par_lens = 10, 10, 10
[TDSE] Running TDSE-SH-elliptical. step 14800, energy = -0.4860254332030156
  |->  par_lens = 13, 12, 13
[TDSE] Running TDSE-SH-elliptical. step 15000, energy = -0.4831295408279399
  |->  par_lens = 16, 15, 14
[TDSE] Running TDSE-SH-elliptical. step 15200, energy = -0.4872814873546249
  |->  par_lens = 19, 19, 19
[TDSE] Running TDSE-SH-elliptical. step 15400, energy = -0.49346993639788406
  |->  par_lens = 20, 21, 20
[TDSE] Running TDSE-SH-elliptical. step 15600, energy = -0.492598499100091
  |->  par_lens = 20, 21, 20
[TDSE] Running TDSE-SH-elliptical. step 15800, energy = -0.4824345653509717
  |->  par_lens = 20, 20, 20
[TDSE] Running TDSE-SH-elliptical. step 16000, energy = -0.47228078079214253
  |->  par_lens = 19, 21, 20
[TDSE] Running TDSE-SH-elliptical. step 16200, energy = -0.4733739590632847
  |->  par_lens = 22, 24, 19
[TDSE] Running TDSE-SH-elliptical. step 16400, energy = -0.4840393492084167
  |->  par_lens = 24, 25, 25
[TDSE] Running TDSE-SH-elliptical. step 16600, energy = -0.48847157678548336
  |->  par_lens = 24, 26, 26
[TDSE] Running TDSE-SH-elliptical. step 16800, energy = -0.474263074100943
  |->  par_lens = 22, 24, 25
[TDSE] Running TDSE-SH-elliptical. step 17000, energy = -0.4499601615483168
  |->  par_lens = 26, 25, 25
[TDSE] Running TDSE-SH-elliptical. step 17200, energy = -0.439259344013199
  |->  par_lens = 30, 31, 34
[TDSE] Running TDSE-SH-elliptical. step 17400, energy = -0.45399216507690665
  |->  par_lens = 40, 42, 38
[TDSE] Running TDSE-SH-elliptical. step 17600, energy = -0.4767533788657637
  |->  par_lens = 46, 46, 48
[TDSE] Running TDSE-SH-elliptical. step 17800, energy = -0.47731302774714535
  |->  par_lens = 49, 48, 51
[TDSE] Running TDSE-SH-elliptical. step 18000, energy = -0.4484351388368097
  |->  par_lens = 46, 48, 44
[TDSE] Running TDSE-SH-elliptical. step 18200, energy = -0.4187581430650375
  |->  par_lens = 42, 47, 41
[TDSE] Running TDSE-SH-elliptical. step 18400, energy = -0.4215136369539591
  |->  par_lens = 49, 53, 50
[TDSE] Running TDSE-SH-elliptical. step 18600, energy = -0.453004979216839
  |->  par_lens = 62, 60, 56
[TDSE] Running TDSE-SH-elliptical. step 18800, energy = -0.47080883405829016
  |->  par_lens = 62, 66, 62
[TDSE] Running TDSE-SH-elliptical. step 19000, energy = -0.44173678018574364
  |->  par_lens = 60, 60, 62
[TDSE] Running TDSE-SH-elliptical. step 19200, energy = -0.38593750215960876
  |->  par_lens = 56, 55, 52
[TDSE] Running TDSE-SH-elliptical. step 19400, energy = -0.36020021024340687
  |->  par_lens = 63, 65, 68
[TDSE] Running TDSE-SH-elliptical. step 19600, energy = -0.3930098471063185
  |->  par_lens = 86, 82, 86
[TDSE] Running TDSE-SH-elliptical. step 19800, energy = -0.4463226612559478
  |->  par_lens = 101, 97, 102
[TDSE] Running TDSE-SH-elliptical. step 20000, energy = -0.4534521582153975
  |->  par_lens = 107, 102, 104
[TDSE] Running TDSE-SH-elliptical. step 20200, energy = -0.397599632354518
  |->  par_lens = 99, 97, 97
[TDSE] Running TDSE-SH-elliptical. step 20400, energy = -0.3378799969441243
  |->  par_lens = 83, 87, 82
[TDSE] Running TDSE-SH-elliptical. step 20600, energy = -0.3416219765083918
  |->  par_lens = 98, 102, 102
[TDSE] Running TDSE-SH-elliptical. step 20800, energy = -0.40448464662989847
  |->  par_lens = 128, 125, 125
[TDSE] Running TDSE-SH-elliptical. step 21000, energy = -0.44559803546193943
  |->  par_lens = 134, 137, 134
[TDSE] Running TDSE-SH-elliptical. step 21200, energy = -0.40126173713905816
  |->  par_lens = 127, 131, 131
[TDSE] Running TDSE-SH-elliptical. step 21400, energy = -0.3054657675276153
  |->  par_lens = 111, 109, 109
[TDSE] Running TDSE-SH-elliptical. step 21600, energy = -0.2595505149558784
  |->  par_lens = 115, 115, 113
[TDSE] Running TDSE-SH-elliptical. step 21800, energy = -0.31312625965171614
  |->  par_lens = 155, 157, 155
[TDSE] Running TDSE-SH-elliptical. step 22000, energy = -0.4063696751559608
  |->  par_lens = 188, 182, 188
[TDSE] Running TDSE-SH-elliptical. step 22200, energy = -0.426558287117267
  |->  par_lens = 197, 193, 193
[TDSE] Running TDSE-SH-elliptical. step 22400, energy = -0.34373180224683997
  |->  par_lens = 188, 190, 187
[TDSE] Running TDSE-SH-elliptical. step 22600, energy = -0.250951765622226
  |->  par_lens = 161, 160, 155
[TDSE] Running TDSE-SH-elliptical. step 22800, energy = -0.2540328580620958
  |->  par_lens = 169, 165, 166
[TDSE] Running TDSE-SH-elliptical. step 23000, energy = -0.3496150597865149
  |->  par_lens = 211, 214, 209
[TDSE] Running TDSE-SH-elliptical. step 23200, energy = -0.419101282408555
  |->  par_lens = 235, 229, 231
[TDSE] Running TDSE-SH-elliptical. step 23400, energy = -0.36528833811856265
  |->  par_lens = 228, 228, 226
[TDSE] Running TDSE-SH-elliptical. step 23600, energy = -0.23322076978004902
  |->  par_lens = 204, 195, 206
[TDSE] Running TDSE-SH-elliptical. step 23800, energy = -0.16781961707912577
  |->  par_lens = 190, 187, 176
[TDSE] Running TDSE-SH-elliptical. step 24000, energy = -0.2373080151111125
  |->  par_lens = 239, 237, 233
[TDSE] Running TDSE-SH-elliptical. step 24200, energy = -0.3676861698223175
  |->  par_lens = 286, 282, 282
[TDSE] Running TDSE-SH-elliptical. step 24400, energy = -0.4052004551713369
  |->  par_lens = 295, 290, 291
[TDSE] Running TDSE-SH-elliptical. step 24600, energy = -0.3063144847605609
  |->  par_lens = 285, 285, 280
[TDSE] Running TDSE-SH-elliptical. step 24800, energy = -0.18891074689024567
  |->  par_lens = 260, 253, 249
[TDSE] Running TDSE-SH-elliptical. step 25000, energy = -0.18983230336508486
  |->  par_lens = 250, 253, 243
[TDSE] Running TDSE-SH-elliptical. step 25200, energy = -0.3067177248509341
  |->  par_lens = 297, 297, 297
[TDSE] Running TDSE-SH-elliptical. step 25400, energy = -0.39972747994417585
  |->  par_lens = 317, 318, 317
[TDSE] Running TDSE-SH-elliptical. step 25600, energy = -0.34654284122900614
  |->  par_lens = 314, 314, 315
[TDSE] Running TDSE-SH-elliptical. step 25800, energy = -0.19600874402969343
  |->  par_lens = 286, 286, 291
[TDSE] Running TDSE-SH-elliptical. step 26000, energy = -0.11836337500740565
  |->  par_lens = 277, 273, 278
[TDSE] Running TDSE-SH-elliptical. step 26200, energy = -0.1931637822342445
  |->  par_lens = 308, 311, 310
[TDSE] Running TDSE-SH-elliptical. step 26400, energy = -0.34345468394670514
  |->  par_lens = 353, 350, 350
[TDSE] Running TDSE-SH-elliptical. step 26600, energy = -0.39673264713278705
  |->  par_lens = 360, 361, 358
[TDSE] Running TDSE-SH-elliptical. step 26800, energy = -0.30026456723296857
  |->  par_lens = 348, 353, 355
[TDSE] Running TDSE-SH-elliptical. step 27000, energy = -0.17718783380888317
  |->  par_lens = 327, 319, 326
[TDSE] Running TDSE-SH-elliptical. step 27200, energy = -0.1744864128074789
  |->  par_lens = 324, 321, 319
[TDSE] Running TDSE-SH-elliptical. step 27400, energy = -0.2934039700944486
  |->  par_lens = 349, 350, 355
[TDSE] Running TDSE-SH-elliptical. step 27600, energy = -0.395086738732849
  |->  par_lens = 374, 367, 372
[TDSE] Running TDSE-SH-elliptical. step 27800, energy = -0.35220372598253363
  |->  par_lens = 364, 362, 374
[TDSE] Running TDSE-SH-elliptical. step 28000, energy = -0.20889721109316056
  |->  par_lens = 351, 349, 352
[TDSE] Running TDSE-SH-elliptical. step 28200, energy = -0.13051815050997465
  |->  par_lens = 342, 353, 349
[TDSE] Running TDSE-SH-elliptical. step 28400, energy = -0.19835578359271014
  |->  par_lens = 372, 368, 373
[TDSE] Running TDSE-SH-elliptical. step 28600, energy = -0.3435546844452248
  |->  par_lens = 390, 393, 396
[TDSE] Running TDSE-SH-elliptical. step 28800, energy = -0.40467815617958086
  |->  par_lens = 403, 403, 402
[TDSE] Running TDSE-SH-elliptical. step 29000, energy = -0.3284431021211154
  |->  par_lens = 394, 393, 392
[TDSE] Running TDSE-SH-elliptical. step 29200, energy = -0.22112342223492273
  |->  par_lens = 379, 376, 369
[TDSE] Running TDSE-SH-elliptical. step 29400, energy = -0.2148908223556569
  |->  par_lens = 367, 369, 365
[TDSE] Running TDSE-SH-elliptical. step 29600, energy = -0.31642404107789796
  |->  par_lens = 375, 379, 387
[TDSE] Running TDSE-SH-elliptical. step 29800, energy = -0.40765193904983515
  |->  par_lens = 389, 388, 388
[TDSE] Running TDSE-SH-elliptical. step 30000, energy = -0.37948495151872047
  |->  par_lens = 393, 394, 381
[TDSE] Running TDSE-SH-elliptical. step 30200, energy = -0.26549009779862326
  |->  par_lens = 384, 373, 378
[TDSE] Running TDSE-SH-elliptical. step 30400, energy = -0.19907439514640382
  |->  par_lens = 382, 387, 386
[TDSE] Running TDSE-SH-elliptical. step 30600, energy = -0.250850420958422
  |->  par_lens = 404, 396, 403
[TDSE] Running TDSE-SH-elliptical. step 30800, energy = -0.3688251963671374
  |->  par_lens = 413, 413, 412
[TDSE] Running TDSE-SH-elliptical. step 31000, energy = -0.425768719400308
  |->  par_lens = 419, 423, 421
[TDSE] Running TDSE-SH-elliptical. step 31200, energy = -0.3783169270891726
  |->  par_lens = 415, 415, 411
[TDSE] Running TDSE-SH-elliptical. step 31400, energy = -0.3018761162638266
  |->  par_lens = 404, 401, 393
[TDSE] Running TDSE-SH-elliptical. step 31600, energy = -0.29422495449303393
  |->  par_lens = 371, 390, 387
[TDSE] Running TDSE-SH-elliptical. step 31800, energy = -0.3662048780168772
  |->  par_lens = 382, 368, 377
[TDSE] Running TDSE-SH-elliptical. step 32000, energy = -0.4323826124877899
  |->  par_lens = 386, 382, 378
[TDSE] Running TDSE-SH-elliptical. step 32200, energy = -0.4178678042270649
  |->  par_lens = 374, 383, 384
[TDSE] Running TDSE-SH-elliptical. step 32400, energy = -0.34292707157075264
  |->  par_lens = 379, 382, 380
[TDSE] Running TDSE-SH-elliptical. step 32600, energy = -0.2957024772183259
  |->  par_lens = 395, 396, 398
[TDSE] Running TDSE-SH-elliptical. step 32800, energy = -0.32845069679479827
  |->  par_lens = 408, 412, 410
[TDSE] Running TDSE-SH-elliptical. step 33000, energy = -0.40711552493233727
  |->  par_lens = 422, 421, 422
[TDSE] Running TDSE-SH-elliptical. step 33200, energy = -0.4515377085449501
  |->  par_lens = 430, 424, 426
[TDSE] Running TDSE-SH-elliptical. step 33400, energy = -0.43046020628576576
  |->  par_lens = 426, 423, 425
[TDSE] Running TDSE-SH-elliptical. step 33600, energy = -0.38745256328781646
  |->  par_lens = 430, 415, 416
[TDSE] Running TDSE-SH-elliptical. step 33800, energy = -0.38222259582998336
  |->  par_lens = 418, 408, 414
[TDSE] Running TDSE-SH-elliptical. step 34000, energy = -0.42162094829474206
  |->  par_lens = 399, 395, 401
[TDSE] Running TDSE-SH-elliptical. step 34200, energy = -0.4594351207775052
  |->  par_lens = 393, 389, 394
[TDSE] Running TDSE-SH-elliptical. step 34400, energy = -0.45299830117525025
  |->  par_lens = 395, 390, 393
[TDSE] Running TDSE-SH-elliptical. step 34600, energy = -0.41334252798891824
  |->  par_lens = 403, 394, 398
[TDSE] Running TDSE-SH-elliptical. step 34800, energy = -0.3873894459990007
  |->  par_lens = 410, 407, 411
[TDSE] Running TDSE-SH-elliptical. step 35000, energy = -0.4040792481513767
  |->  par_lens = 428, 421, 416
[TDSE] Running TDSE-SH-elliptical. step 35200, energy = -0.44542188828763934
  |->  par_lens = 434, 425, 426
[TDSE] Running TDSE-SH-elliptical. step 35400, energy = -0.47238499838498754
  |->  par_lens = 436, 430, 428
[TDSE] Running TDSE-SH-elliptical. step 35600, energy = -0.46810330424233165
  |->  par_lens = 437, 432, 429
[TDSE] Running TDSE-SH-elliptical. step 35800, energy = -0.4518232346441181
  |->  par_lens = 436, 429, 427
[TDSE] Running TDSE-SH-elliptical. step 36000, energy = -0.449058056185342
  |->  par_lens = 431, 427, 423
[TDSE] Running TDSE-SH-elliptical. step 36200, energy = -0.4650078589581407
  |->  par_lens = 421, 417, 417
[TDSE] Running TDSE-SH-elliptical. step 36400, energy = -0.4794003050255781
  |->  par_lens = 420, 417, 407
[TDSE] Running TDSE-SH-elliptical. step 36600, energy = -0.47674893573356014
  |->  par_lens = 418, 415, 404
[TDSE] Running TDSE-SH-elliptical. step 36800, energy = -0.46081936572196114
  |->  par_lens = 418, 413, 413
[TDSE] Running TDSE-SH-elliptical. step 37000, energy = -0.4505453347072132
  |->  par_lens = 423, 423, 414
[TDSE] Running TDSE-SH-elliptical. step 37200, energy = -0.45651592470258895
  |->  par_lens = 430, 425, 424
[TDSE] Running TDSE-SH-elliptical. step 37400, energy = -0.47255575262763255
  |->  par_lens = 432, 432, 427
[TDSE] Running TDSE-SH-elliptical. step 37600, energy = -0.48476449294048274
  |->  par_lens = 433, 434, 429
[TDSE] Running TDSE-SH-elliptical. step 37800, energy = -0.4868521796465352
  |->  par_lens = 433, 434, 429
[TDSE] Running TDSE-SH-elliptical. step 38000, energy = -0.4839891354633873
  |->  par_lens = 432, 434, 428
[TDSE] Running TDSE-SH-elliptical. step 38200, energy = -0.48359181829024084
  |->  par_lens = 430, 434, 426
[TDSE] Running TDSE-SH-elliptical. step 38400, energy = -0.48695420880728524
  |->  par_lens = 425, 426, 421
[TDSE] Running TDSE-SH-elliptical. step 38600, energy = -0.4895451911876352
  |->  par_lens = 419, 421, 420
[TDSE] Running TDSE-SH-elliptical. step 38800, energy = -0.4878866689189802
  |->  par_lens = 420, 424, 417
[TDSE] Running TDSE-SH-elliptical. step 39000, energy = -0.48360554202757633
  |->  par_lens = 421, 425, 415
[TDSE] Running TDSE-SH-elliptical. step 39200, energy = -0.48101326248155113
  |->  par_lens = 429, 427, 426
[TDSE] Running TDSE-SH-elliptical. step 39400, energy = -0.4823420820635683
  |->  par_lens = 431, 430, 431
[TDSE] Running TDSE-SH-elliptical. step 39600, energy = -0.48614313078942945
  |->  par_lens = 434, 432, 436
[TDSE] Running TDSE-SH-elliptical. step 39800, energy = -0.48963803949221096
  |->  par_lens = 435, 434, 436
[TDSE] Running TDSE-SH-elliptical. step 40000, energy = -0.49144370432058765
  |->  par_lens = 434, 433, 435
[TDSE] Running TDSE-SH-elliptical. step 40200, energy = -0.49195770930907656
  |->  par_lens = 434, 434, 434
[TDSE] Running TDSE-SH-elliptical. step 40400, energy = -0.4920981123518432
  |->  par_lens = 433, 433, 432
[TDSE] Running TDSE-SH-elliptical. step 40600, energy = -0.49210151888631026
  |->  par_lens = 431, 433, 432
[TDSE] Running TDSE-SH-elliptical. step 40800, energy = -0.4917370624272091
  |->  par_lens = 431, 433, 433
[TDSE] Running TDSE-SH-elliptical. step 41000, energy = -0.4911057616815639
  |->  par_lens = 431, 434, 433
[TDSE] Running TDSE-SH-elliptical. step 41200, energy = -0.4903852423580883
  |->  par_lens = 434, 433, 434
[TDSE] Running TDSE-SH-elliptical. step 41400, energy = -0.4901142075069685
  |->  par_lens = 439, 435, 435
[TDSE] Running TDSE-SH-elliptical. step 41600, energy = -0.49021629091226965
  |->  par_lens = 443, 443, 437
[TDSE] Running TDSE-SH-elliptical. step 41800, energy = -0.49050116828609985
  |->  par_lens = 442, 443, 436
[TDSE] Running TDSE-SH-elliptical. step 42000, energy = -0.4908737719221466
  |->  par_lens = 442, 443, 436
[TDSE] Running TDSE-SH-elliptical. step 42200, energy = -0.49101947019043374
  |->  par_lens = 442, 444, 440
[TDSE] Running TDSE-SH-elliptical. step 42400, energy = -0.4911422166666788
  |->  par_lens = 443, 445, 441
[TDSE] Running TDSE-SH-elliptical. step 42600, energy = -0.4911482687856443
  |->  par_lens = 443, 445, 446
[TDSE] Running TDSE-SH-elliptical. step 42800, energy = -0.49110948236459406
  |->  par_lens = 448, 446, 449
[TDSE] Running TDSE-SH-elliptical. step 43000, energy = -0.4911370185529734
  |->  par_lens = 449, 447, 452
[TDSE] Running TDSE-SH-elliptical. step 43200, energy = -0.4910810188282293
  |->  par_lens = 455, 451, 452
[TDSE] Running TDSE-SH-elliptical. step 43400, energy = -0.4911340403985411
  |->  par_lens = 459, 453, 453
[TDSE] Running TDSE-SH-elliptical. step 43600, energy = -0.4911177464329555
  |->  par_lens = 461, 455, 453
[TDSE] Running TDSE-SH-elliptical. step 43800, energy = -0.4910852657691701
  |->  par_lens = 465, 463, 458
[TDSE] Running TDSE-SH-elliptical. step 44000, energy = -0.4911380940425713
  |->  par_lens = 465, 466, 461
[TDSE] Running TDSE-SH-elliptical. step 44200, energy = -0.4910955226408962
  |->  par_lens = 466, 467, 467
[TDSE] Running TDSE-SH-elliptical. step 44400, energy = -0.49113738846119
  |->  par_lens = 466, 468, 469
[TDSE] Running TDSE-SH-elliptical. step 44600, energy = -0.49111047804177455
  |->  par_lens = 467, 469, 470
[TDSE] Running TDSE-SH-elliptical. step 44800, energy = -0.49110302297417324
  |->  par_lens = 473, 470, 473
[TDSE] Running TDSE-SH-elliptical. step 45000, energy = -0.49115860253658367
  |->  par_lens = 477, 471, 474
