  Activating project at `~/JuliaProp_v0.1`
[ITP]: 10000.500151030976
[ITP]: 3.0490838964780664e-8
[ITP]: 7.575335692067142e-9
Energy of ground state: -0.5001510690415283
[TDSE] Start TDSE-SH for elliptical polarized laser. It may cost a plenty of time.
[TDSE] Running TDSE-SH-elliptical. step 0, energy = -0.5001510690415277
  |->  par_lens = 2, 2, 2
[TDSE] Running TDSE-SH-elliptical. step 200, energy = -0.5001510690413842
  |->  par_lens = 2, 2, 2
[TDSE] Running TDSE-SH-elliptical. step 400, energy = -0.500151069041239
  |->  par_lens = 2, 2, 2
[TDSE] Running TDSE-SH-elliptical. step 600, energy = -0.5001510690410758
  |->  par_lens = 2, 2, 2
[TDSE] Running TDSE-SH-elliptical. step 800, energy = -0.500151069040817
  |->  par_lens = 2, 2, 2
[TDSE] Running TDSE-SH-elliptical. step 1000, energy = -0.5001510690402465
  |->  par_lens = 2, 2, 2
[TDSE] Running TDSE-SH-elliptical. step 1200, energy = -0.5001510690387525
  |->  par_lens = 2, 2, 2
[TDSE] Running TDSE-SH-elliptical. step 1400, energy = -0.5001510690350347
  |->  par_lens = 2, 2, 2
[TDSE] Running TDSE-SH-elliptical. step 1600, energy = -0.5001510690266225
  |->  par_lens = 2, 2, 2
[TDSE] Running TDSE-SH-elliptical. step 1800, energy = -0.5001510690090705
  |->  par_lens = 2, 2, 2
[TDSE] Running TDSE-SH-elliptical. step 2000, energy = -0.5001510689749792
  |->  par_lens = 2, 2, 2
[TDSE] Running TDSE-SH-elliptical. step 2200, energy = -0.5001510689122866
  |->  par_lens = 2, 2, 2
[TDSE] Running TDSE-SH-elliptical. step 2400, energy = -0.5001510688028926
  |->  par_lens = 2, 2, 2
[TDSE] Running TDSE-SH-elliptical. step 2600, energy = -0.5001510686195372
  |->  par_lens = 2, 2, 2
[TDSE] Running TDSE-SH-elliptical. step 2800, energy = -0.5001510683231432
  |->  par_lens = 2, 2, 2
[TDSE] Running TDSE-SH-elliptical. step 3000, energy = -0.5001510678597212
  |->  par_lens = 2, 2, 2
[TDSE] Running TDSE-SH-elliptical. step 3200, energy = -0.5001510671531338
  |->  par_lens = 2, 2, 2
[TDSE] Running TDSE-SH-elliptical. step 3400, energy = -0.5001510661065803
  |->  par_lens = 2, 2, 2
[TDSE] Running TDSE-SH-elliptical. step 3600, energy = -0.5001510645837663
  |->  par_lens = 2, 2, 2
[TDSE] Running TDSE-SH-elliptical. step 3800, energy = -0.5001510624175921
  |->  par_lens = 2, 2, 2
[TDSE] Running TDSE-SH-elliptical. step 4000, energy = -0.5001510593986573
  |->  par_lens = 2, 2, 2
[TDSE] Running TDSE-SH-elliptical. step 4200, energy = -0.5001510552363606
  |->  par_lens = 2, 2, 2
[TDSE] Running TDSE-SH-elliptical. step 4400, energy = -0.500151049620683
  |->  par_lens = 2, 2, 2
[TDSE] Running TDSE-SH-elliptical. step 4600, energy = -0.5001510421250631
  |->  par_lens = 2, 2, 2
[TDSE] Running TDSE-SH-elliptical. step 4800, energy = -0.5001510322641536
  |->  par_lens = 2, 2, 2
[TDSE] Running TDSE-SH-elliptical. step 5000, energy = -0.5001510194520014
  |->  par_lens = 2, 2, 2
[TDSE] Running TDSE-SH-elliptical. step 5200, energy = -0.5001510029464267
  |->  par_lens = 2, 2, 2
[TDSE] Running TDSE-SH-elliptical. step 5400, energy = -0.5001509820762523
  |->  par_lens = 2, 2, 2
[TDSE] Running TDSE-SH-elliptical. step 5600, energy = -0.5001509557059015
  |->  par_lens = 2, 2, 2
[TDSE] Running TDSE-SH-elliptical. step 5800, energy = -0.5001509228524269
  |->  par_lens = 2, 2, 2
[TDSE] Running TDSE-SH-elliptical. step 6000, energy = -0.5001508824387586
  |->  par_lens = 2, 2, 2
[TDSE] Running TDSE-SH-elliptical. step 6200, energy = -0.5001508327803663
  |->  par_lens = 2, 2, 2
[TDSE] Running TDSE-SH-elliptical. step 6400, energy = -0.5001507726770363
  |->  par_lens = 2, 2, 2
[TDSE] Running TDSE-SH-elliptical. step 6600, energy = -0.5001507000705379
  |->  par_lens = 2, 2, 2
[TDSE] Running TDSE-SH-elliptical. step 6800, energy = -0.5001506135529544
  |->  par_lens = 2, 2, 2
[TDSE] Running TDSE-SH-elliptical. step 7000, energy = -0.5001505109208249
  |->  par_lens = 2, 2, 2
[TDSE] Running TDSE-SH-elliptical. step 7200, energy = -0.5001503893431632
  |->  par_lens = 2, 2, 2
[TDSE] Running TDSE-SH-elliptical. step 7400, energy = -0.5001502480828729
  |->  par_lens = 2, 2, 2
[TDSE] Running TDSE-SH-elliptical. step 7600, energy = -0.5001500829701523
  |->  par_lens = 2, 2, 2
[TDSE] Running TDSE-SH-elliptical. step 7800, energy = -0.5001498923408255
  |->  par_lens = 2, 2, 2
[TDSE] Running TDSE-SH-elliptical. step 8000, energy = -0.5001496738432568
  |->  par_lens = 2, 2, 2
[TDSE] Running TDSE-SH-elliptical. step 8200, energy = -0.5001494231839174
  |->  par_lens = 2, 2, 2
[TDSE] Running TDSE-SH-elliptical. step 8400, energy = -0.5001491401415135
  |->  par_lens = 2, 2, 2
[TDSE] Running TDSE-SH-elliptical. step 8600, energy = -0.5001488187147527
  |->  par_lens = 2, 2, 2
[TDSE] Running TDSE-SH-elliptical. step 8800, energy = -0.5001484591889594
  |->  par_lens = 2, 2, 2
[TDSE] Running TDSE-SH-elliptical. step 9000, energy = -0.5001480570659202
  |->  par_lens = 2, 2, 2
[TDSE] Running TDSE-SH-elliptical. step 9200, energy = -0.5001476077035791
  |->  par_lens = 2, 2, 2
[TDSE] Running TDSE-SH-elliptical. step 9400, energy = -0.5001471160177702
  |->  par_lens = 2, 2, 2
[TDSE] Running TDSE-SH-elliptical. step 9600, energy = -0.5001465696356344
  |->  par_lens = 2, 2, 2
[TDSE] Running TDSE-SH-elliptical. step 9800, energy = -0.5001459721056717
  |->  par_lens = 2, 2, 2
[TDSE] Running TDSE-SH-elliptical. step 10000, energy = -0.5001453231750109
  |->  par_lens = 2, 2, 2
[TDSE] Running TDSE-SH-elliptical. step 10200, energy = -0.500144503805399
  |->  par_lens = 2, 2, 2
[TDSE] Running TDSE-SH-elliptical. step 10400, energy = -0.5001428369728466
  |->  par_lens = 2, 2, 2
[TDSE] Running TDSE-SH-elliptical. step 10600, energy = -0.5001409705449159
  |->  par_lens = 3, 2, 2
[TDSE] Running TDSE-SH-elliptical. step 10800, energy = -0.5001409828611797
  |->  par_lens = 3, 2, 2
[TDSE] Running TDSE-SH-elliptical. step 11000, energy = -0.5001431072398441
  |->  par_lens = 3, 3, 2
[TDSE] Running TDSE-SH-elliptical. step 11200, energy = -0.5001397313036507
  |->  par_lens = 3, 3, 2
[TDSE] Running TDSE-SH-elliptical. step 11400, energy = -0.5001177996128638
  |->  par_lens = 4, 3, 3
[TDSE] Running TDSE-SH-elliptical. step 11600, energy = -0.5000720808781127
  |->  par_lens = 4, 3, 3
[TDSE] Running TDSE-SH-elliptical. step 11800, energy = -0.5000079441923876
  |->  par_lens = 4, 3, 3
[TDSE] Running TDSE-SH-elliptical. step 12000, energy = -0.49990725969680133
  |->  par_lens = 5, 4, 4
[TDSE] Running TDSE-SH-elliptical. step 12200, energy = -0.4997020827170313
  |->  par_lens = 5, 5, 5
[TDSE] Running TDSE-SH-elliptical. step 12400, energy = -0.49933374208070197
  |->  par_lens = 5, 5, 6
[TDSE] Running TDSE-SH-elliptical. step 12600, energy = -0.49888253525280823
  |->  par_lens = 6, 6, 6
[TDSE] Running TDSE-SH-elliptical. step 12800, energy = -0.498586806171652
  |->  par_lens = 7, 7, 7
[TDSE] Running TDSE-SH-elliptical. step 13000, energy = -0.49859835214409176
  |->  par_lens = 7, 7, 7
[TDSE] Running TDSE-SH-elliptical. step 13200, energy = -0.4986990397093265
  |->  par_lens = 7, 7, 7
[TDSE] Running TDSE-SH-elliptical. step 13400, energy = -0.49840225839841684
  |->  par_lens = 8, 7, 7
[TDSE] Running TDSE-SH-elliptical. step 13600, energy = -0.4975005792540827
  |->  par_lens = 8, 7, 7
[TDSE] Running TDSE-SH-elliptical. step 13800, energy = -0.4964701403583029
  |->  par_lens = 8, 8, 7
[TDSE] Running TDSE-SH-elliptical. step 14000, energy = -0.4959708034896956
  |->  par_lens = 8, 9, 8
[TDSE] Running TDSE-SH-elliptical. step 14200, energy = -0.49586389161117767
  |->  par_lens = 8, 9, 8
[TDSE] Running TDSE-SH-elliptical. step 14400, energy = -0.4949711524058628
  |->  par_lens = 9, 9, 8
[TDSE] Running TDSE-SH-elliptical. step 14600, energy = -0.49235691894291156
  |->  par_lens = 11, 10, 11
[TDSE] Running TDSE-SH-elliptical. step 14800, energy = -0.48891486843794607
  |->  par_lens = 12, 11, 12
[TDSE] Running TDSE-SH-elliptical. step 15000, energy = -0.48695069676539066
  |->  par_lens = 14, 14, 13
[TDSE] Running TDSE-SH-elliptical. step 15200, energy = -0.48767972692938244
  |->  par_lens = 16, 17, 15
[TDSE] Running TDSE-SH-elliptical. step 15400, energy = -0.489241626738734
  |->  par_lens = 16, 18, 17
[TDSE] Running TDSE-SH-elliptical. step 15600, energy = -0.4881993179725611
  |->  par_lens = 16, 18, 17
[TDSE] Running TDSE-SH-elliptical. step 15800, energy = -0.4835970521018898
  |->  par_lens = 17, 18, 18
[TDSE] Running TDSE-SH-elliptical. step 16000, energy = -0.4786610928793143
  |->  par_lens = 16, 18, 20
[TDSE] Running TDSE-SH-elliptical. step 16200, energy = -0.47740846154857675
  |->  par_lens = 20, 17, 19
[TDSE] Running TDSE-SH-elliptical. step 16400, energy = -0.47921069322558285
  |->  par_lens = 19, 20, 18
[TDSE] Running TDSE-SH-elliptical. step 16600, energy = -0.4783814549580818
  |->  par_lens = 19, 21, 20
[TDSE] Running TDSE-SH-elliptical. step 16800, energy = -0.4705988472091655
  |->  par_lens = 21, 21, 21
[TDSE] Running TDSE-SH-elliptical. step 17000, energy = -0.4592152120258121
  |->  par_lens = 22, 24, 26
[TDSE] Running TDSE-SH-elliptical. step 17200, energy = -0.4531225628636177
  |->  par_lens = 30, 29, 28
[TDSE] Running TDSE-SH-elliptical. step 17400, energy = -0.4567294820790326
  |->  par_lens = 35, 34, 33
[TDSE] Running TDSE-SH-elliptical. step 17600, energy = -0.46358826714503504
  |->  par_lens = 38, 39, 37
[TDSE] Running TDSE-SH-elliptical. step 17800, energy = -0.4624105660312327
  |->  par_lens = 40, 39, 40
[TDSE] Running TDSE-SH-elliptical. step 18000, energy = -0.4502151723393711
  |->  par_lens = 40, 37, 38
[TDSE] Running TDSE-SH-elliptical. step 18200, energy = -0.43712929463711786
  |->  par_lens = 36, 37, 39
[TDSE] Running TDSE-SH-elliptical. step 18400, energy = -0.43513921672758443
  |->  par_lens = 40, 39, 39
[TDSE] Running TDSE-SH-elliptical. step 18600, energy = -0.4428540866399241
  |->  par_lens = 41, 41, 40
[TDSE] Running TDSE-SH-elliptical. step 18800, energy = -0.44499991401105454
  |->  par_lens = 43, 43, 44
[TDSE] Running TDSE-SH-elliptical. step 19000, energy = -0.4298673612519398
  |->  par_lens = 46, 45, 44
[TDSE] Running TDSE-SH-elliptical. step 19200, energy = -0.40527838492898394
  |->  par_lens = 47, 47, 46
[TDSE] Running TDSE-SH-elliptical. step 19400, energy = -0.3923806107010931
  |->  par_lens = 56, 54, 56
[TDSE] Running TDSE-SH-elliptical. step 19600, energy = -0.4018207199349712
  |->  par_lens = 68, 67, 66
[TDSE] Running TDSE-SH-elliptical. step 19800, energy = -0.4194555438745797
  |->  par_lens = 76, 76, 77
[TDSE] Running TDSE-SH-elliptical. step 20000, energy = -0.42048843756959464
  |->  par_lens = 78, 81, 77
[TDSE] Running TDSE-SH-elliptical. step 20200, energy = -0.39826361146159417
  |->  par_lens = 75, 75, 73
[TDSE] Running TDSE-SH-elliptical. step 20400, energy = -0.37364306121954377
  |->  par_lens = 71, 72, 70
[TDSE] Running TDSE-SH-elliptical. step 20600, energy = -0.3712161152092228
  |->  par_lens = 76, 73, 75
[TDSE] Running TDSE-SH-elliptical. step 20800, energy = -0.38912281257410214
  |->  par_lens = 82, 82, 80
[TDSE] Running TDSE-SH-elliptical. step 21000, energy = -0.39836158324765925
  |->  par_lens = 86, 90, 86
[TDSE] Running TDSE-SH-elliptical. step 21200, energy = -0.37625240183521486
  |->  par_lens = 91, 90, 88
[TDSE] Running TDSE-SH-elliptical. step 21400, energy = -0.3360277404973609
  |->  par_lens = 90, 89, 90
[TDSE] Running TDSE-SH-elliptical. step 21600, energy = -0.31503932021636705
  |->  par_lens = 96, 99, 99
[TDSE] Running TDSE-SH-elliptical. step 21800, energy = -0.33233166401707587
  |->  par_lens = 115, 117, 112
[TDSE] Running TDSE-SH-elliptical. step 22000, energy = -0.3650380052149603
  |->  par_lens = 128, 129, 130
[TDSE] Running TDSE-SH-elliptical. step 22200, energy = -0.3717533213471767
  |->  par_lens = 132, 133, 133
[TDSE] Running TDSE-SH-elliptical. step 22400, energy = -0.3406764467374401
  |->  par_lens = 132, 128, 127
[TDSE] Running TDSE-SH-elliptical. step 22600, energy = -0.3045517444867456
  |->  par_lens = 122, 120, 124
[TDSE] Running TDSE-SH-elliptical. step 22800, energy = -0.3021802701729536
  |->  par_lens = 130, 126, 126
[TDSE] Running TDSE-SH-elliptical. step 23000, energy = -0.3320094149790222
  |->  par_lens = 134, 133, 131
[TDSE] Running TDSE-SH-elliptical. step 23200, energy = -0.3513019187614321
  |->  par_lens = 137, 138, 141
[TDSE] Running TDSE-SH-elliptical. step 23400, energy = -0.3255065990394958
  |->  par_lens = 141, 141, 140
[TDSE] Running TDSE-SH-elliptical. step 23600, energy = -0.2723493527791104
  |->  par_lens = 141, 145, 141
[TDSE] Running TDSE-SH-elliptical. step 23800, energy = -0.24456436555881778
  |->  par_lens = 152, 154, 151
[TDSE] Running TDSE-SH-elliptical. step 24000, energy = -0.26934396855615506
  |->  par_lens = 173, 172, 173
[TDSE] Running TDSE-SH-elliptical. step 24200, energy = -0.3171699473370205
  |->  par_lens = 189, 192, 189
[TDSE] Running TDSE-SH-elliptical. step 24400, energy = -0.3322994513248014
  |->  par_lens = 194, 196, 195
[TDSE] Running TDSE-SH-elliptical. step 24600, energy = -0.29753617303445123
  |->  par_lens = 194, 191, 192
[TDSE] Running TDSE-SH-elliptical. step 24800, energy = -0.25432180483333117
  |->  par_lens = 179, 183, 184
[TDSE] Running TDSE-SH-elliptical. step 25000, energy = -0.25255573190915437
  |->  par_lens = 181, 177, 181
[TDSE] Running TDSE-SH-elliptical. step 25200, energy = -0.2917474053963587
  |->  par_lens = 191, 189, 192
[TDSE] Running TDSE-SH-elliptical. step 25400, energy = -0.3206155427652093
  |->  par_lens = 200, 199, 195
[TDSE] Running TDSE-SH-elliptical. step 25600, energy = -0.29609416525309057
  |->  par_lens = 195, 199, 198
[TDSE] Running TDSE-SH-elliptical. step 25800, energy = -0.23762323688708714
  |->  par_lens = 201, 203, 207
[TDSE] Running TDSE-SH-elliptical. step 26000, energy = -0.2067901618604489
  |->  par_lens = 209, 207, 214
[TDSE] Running TDSE-SH-elliptical. step 26200, energy = -0.23601168411078127
  |->  par_lens = 227, 228, 227
[TDSE] Running TDSE-SH-elliptical. step 26400, energy = -0.2936071668168821
  |->  par_lens = 243, 240, 242
[TDSE] Running TDSE-SH-elliptical. step 26600, energy = -0.3172845574543877
  |->  par_lens = 248, 245, 246
[TDSE] Running TDSE-SH-elliptical. step 26800, energy = -0.28609066284698387
  |->  par_lens = 240, 240, 243
[TDSE] Running TDSE-SH-elliptical. step 27000, energy = -0.24328451235269602
  |->  par_lens = 233, 233, 230
[TDSE] Running TDSE-SH-elliptical. step 27200, energy = -0.242413490598092
  |->  par_lens = 224, 221, 223
[TDSE] Running TDSE-SH-elliptical. step 27400, energy = -0.28470158533690215
  |->  par_lens = 226, 231, 224
[TDSE] Running TDSE-SH-elliptical. step 27600, energy = -0.31869200386181457
  |->  par_lens = 238, 227, 233
[TDSE] Running TDSE-SH-elliptical. step 27800, energy = -0.2997891552707872
  |->  par_lens = 235, 233, 234
[TDSE] Running TDSE-SH-elliptical. step 28000, energy = -0.24575389903885989
  |->  par_lens = 235, 241, 237
[TDSE] Running TDSE-SH-elliptical. step 28200, energy = -0.2167590166698021
  |->  par_lens = 248, 238, 244
[TDSE] Running TDSE-SH-elliptical. step 28400, energy = -0.24564896480114823
  |->  par_lens = 252, 257, 256
[TDSE] Running TDSE-SH-elliptical. step 28600, energy = -0.30395204477319127
  |->  par_lens = 269, 268, 265
[TDSE] Running TDSE-SH-elliptical. step 28800, energy = -0.332969014448252
  |->  par_lens = 271, 274, 271
[TDSE] Running TDSE-SH-elliptical. step 29000, energy = -0.3113328555670888
  |->  par_lens = 265, 267, 271
[TDSE] Running TDSE-SH-elliptical. step 29200, energy = -0.27645906470630266
  |->  par_lens = 262, 255, 259
[TDSE] Running TDSE-SH-elliptical. step 29400, energy = -0.2764587632595033
  |->  par_lens = 239, 241, 247
[TDSE] Running TDSE-SH-elliptical. step 29600, energy = -0.3143635642642099
  |->  par_lens = 243, 244, 238
[TDSE] Running TDSE-SH-elliptical. step 29800, energy = -0.3467039537556839
  |->  par_lens = 244, 241, 247
[TDSE] Running TDSE-SH-elliptical. step 30000, energy = -0.3350920764519153
  |->  par_lens = 240, 250, 253
[TDSE] Running TDSE-SH-elliptical. step 30200, energy = -0.2931824379647975
  |->  par_lens = 250, 252, 253
[TDSE] Running TDSE-SH-elliptical. step 30400, energy = -0.2701777596115539
  |->  par_lens = 263, 263, 263
[TDSE] Running TDSE-SH-elliptical. step 30600, energy = -0.29428343100319465
  |->  par_lens = 272, 275, 272
[TDSE] Running TDSE-SH-elliptical. step 30800, energy = -0.34397350992950626
  |->  par_lens = 278, 279, 280
[TDSE] Running TDSE-SH-elliptical. step 31000, energy = -0.3727881060379426
  |->  par_lens = 281, 282, 280
[TDSE] Running TDSE-SH-elliptical. step 31200, energy = -0.3626208732317316
  |->  par_lens = 275, 272, 282
[TDSE] Running TDSE-SH-elliptical. step 31400, energy = -0.33997994641628976
  |->  par_lens = 269, 265, 269
[TDSE] Running TDSE-SH-elliptical. step 31600, energy = -0.3407483006197101
  |->  par_lens = 254, 257, 262
[TDSE] Running TDSE-SH-elliptical. step 31800, energy = -0.36866281650132166
  |->  par_lens = 250, 251, 249
[TDSE] Running TDSE-SH-elliptical. step 32000, energy = -0.39323412683947384
  |->  par_lens = 250, 246, 241
[TDSE] Running TDSE-SH-elliptical. step 32200, energy = -0.38762298966775355
  |->  par_lens = 254, 249, 254
[TDSE] Running TDSE-SH-elliptical. step 32400, energy = -0.3606584158721626
  |->  par_lens = 254, 255, 252
[TDSE] Running TDSE-SH-elliptical. step 32600, energy = -0.3456420451462985
  |->  par_lens = 261, 263, 263
[TDSE] Running TDSE-SH-elliptical. step 32800, energy = -0.36248213266427043
  |->  par_lens = 272, 273, 271
[TDSE] Running TDSE-SH-elliptical. step 33000, energy = -0.39757111410871115
  |->  par_lens = 281, 279, 281
[TDSE] Running TDSE-SH-elliptical. step 33200, energy = -0.42085298205611094
  |->  par_lens = 284, 276, 279
[TDSE] Running TDSE-SH-elliptical. step 33400, energy = -0.4196955777712196
  |->  par_lens = 278, 281, 280
[TDSE] Running TDSE-SH-elliptical. step 33600, energy = -0.40906651501317404
  |->  par_lens = 271, 273, 268
[TDSE] Running TDSE-SH-elliptical. step 33800, energy = -0.4104121622447515
  |->  par_lens = 264, 262, 259
[TDSE] Running TDSE-SH-elliptical. step 34000, energy = -0.4265846240118385
  |->  par_lens = 258, 257, 255
[TDSE] Running TDSE-SH-elliptical. step 34200, energy = -0.4407899704711355
  |->  par_lens = 250, 244, 251
[TDSE] Running TDSE-SH-elliptical. step 34400, energy = -0.43845921607280347
  |->  par_lens = 251, 247, 251
[TDSE] Running TDSE-SH-elliptical. step 34600, energy = -0.42446281463092095
  |->  par_lens = 258, 250, 263
[TDSE] Running TDSE-SH-elliptical. step 34800, energy = -0.4168090470646153
  |->  par_lens = 264, 265, 274
[TDSE] Running TDSE-SH-elliptical. step 35000, energy = -0.4263378834537909
  |->  par_lens = 272, 270, 276
[TDSE] Running TDSE-SH-elliptical. step 35200, energy = -0.4461809914784268
  |->  par_lens = 277, 279, 284
[TDSE] Running TDSE-SH-elliptical. step 35400, energy = -0.4611666801021528
  |->  par_lens = 284, 280, 287
[TDSE] Running TDSE-SH-elliptical. step 35600, energy = -0.46433381078521685
  |->  par_lens = 281, 279, 287
[TDSE] Running TDSE-SH-elliptical. step 35800, energy = -0.46187914812608005
  |->  par_lens = 275, 279, 284
[TDSE] Running TDSE-SH-elliptical. step 36000, energy = -0.4632489781790079
  |->  par_lens = 273, 271, 277
[TDSE] Running TDSE-SH-elliptical. step 36200, energy = -0.4699639434110254
  |->  par_lens = 266, 264, 267
[TDSE] Running TDSE-SH-elliptical. step 36400, energy = -0.47541598138892943
  |->  par_lens = 259, 256, 264
[TDSE] Running TDSE-SH-elliptical. step 36600, energy = -0.4741645602667537
  |->  par_lens = 258, 256, 264
[TDSE] Running TDSE-SH-elliptical. step 36800, energy = -0.4685193609524324
  |->  par_lens = 255, 258, 261
[TDSE] Running TDSE-SH-elliptical. step 37000, energy = -0.46566818886302236
  |->  par_lens = 258, 266, 268
[TDSE] Running TDSE-SH-elliptical. step 37200, energy = -0.46972838798994077
  |->  par_lens = 265, 268, 277
[TDSE] Running TDSE-SH-elliptical. step 37400, energy = -0.4781432135344429
  |->  par_lens = 273, 275, 277
[TDSE] Running TDSE-SH-elliptical. step 37600, energy = -0.485385279558163
  |->  par_lens = 273, 274, 280
[TDSE] Running TDSE-SH-elliptical. step 37800, energy = -0.4886579799418799
  |->  par_lens = 271, 274, 283
[TDSE] Running TDSE-SH-elliptical. step 38000, energy = -0.48943611422913336
  |->  par_lens = 273, 274, 276
[TDSE] Running TDSE-SH-elliptical. step 38200, energy = -0.4903172038838233
  |->  par_lens = 269, 262, 267
[TDSE] Running TDSE-SH-elliptical. step 38400, energy = -0.49184010612949086
  |->  par_lens = 260, 262, 268
[TDSE] Running TDSE-SH-elliptical. step 38600, energy = -0.4925978651744113
  |->  par_lens = 249, 254, 263
[TDSE] Running TDSE-SH-elliptical. step 38800, energy = -0.4916516641488365
  |->  par_lens = 252, 248, 255
[TDSE] Running TDSE-SH-elliptical. step 39000, energy = -0.48991551741308004
  |->  par_lens = 249, 244, 247
[TDSE] Running TDSE-SH-elliptical. step 39200, energy = -0.4891757750443217
  |->  par_lens = 245, 244, 253
[TDSE] Running TDSE-SH-elliptical. step 39400, energy = -0.49027827726135753
  |->  par_lens = 247, 242, 247
[TDSE] Running TDSE-SH-elliptical. step 39600, energy = -0.4925678732247599
  |->  par_lens = 246, 244, 246
[TDSE] Running TDSE-SH-elliptical. step 39800, energy = -0.4948070694912103
  |->  par_lens = 245, 243, 245
[TDSE] Running TDSE-SH-elliptical. step 40000, energy = -0.49628292165115967
  |->  par_lens = 243, 241, 246
[TDSE] Running TDSE-SH-elliptical. step 40200, energy = -0.49701999715552747
  |->  par_lens = 240, 241, 244
[TDSE] Running TDSE-SH-elliptical. step 40400, energy = -0.4973052444537192
  |->  par_lens = 242, 236, 241
[TDSE] Running TDSE-SH-elliptical. step 40600, energy = -0.497285708210597
  |->  par_lens = 239, 235, 236
[TDSE] Running TDSE-SH-elliptical. step 40800, energy = -0.49700061262946105
  |->  par_lens = 238, 233, 234
[TDSE] Running TDSE-SH-elliptical. step 41000, energy = -0.49657175140825743
  |->  par_lens = 233, 233, 234
[TDSE] Running TDSE-SH-elliptical. step 41200, energy = -0.496211519375844
  |->  par_lens = 234, 234, 235
[TDSE] Running TDSE-SH-elliptical. step 41400, energy = -0.49608271781401214
  |->  par_lens = 236, 234, 238
[TDSE] Running TDSE-SH-elliptical. step 41600, energy = -0.49618687665346445
  |->  par_lens = 238, 236, 239
[TDSE] Running TDSE-SH-elliptical. step 41800, energy = -0.49640924375813894
  |->  par_lens = 238, 238, 239
[TDSE] Running TDSE-SH-elliptical. step 42000, energy = -0.496628391454942
  |->  par_lens = 238, 238, 242
[TDSE] Running TDSE-SH-elliptical. step 42200, energy = -0.4967717425001971
  |->  par_lens = 239, 237, 242
[TDSE] Running TDSE-SH-elliptical. step 42400, energy = -0.4968350095296086
  |->  par_lens = 239, 237, 241
[TDSE] Running TDSE-SH-elliptical. step 42600, energy = -0.4968454007935236
  |->  par_lens = 239, 237, 241
[TDSE] Running TDSE-SH-elliptical. step 42800, energy = -0.49683875816924716
  |->  par_lens = 240, 237, 242
[TDSE] Running TDSE-SH-elliptical. step 43000, energy = -0.4968376959711139
  |->  par_lens = 240, 237, 242
[TDSE] Running TDSE-SH-elliptical. step 43200, energy = -0.49684009426826237
  |->  par_lens = 240, 238, 243
[TDSE] Running TDSE-SH-elliptical. step 43400, energy = -0.4968445437687258
  |->  par_lens = 240, 238, 243
[TDSE] Running TDSE-SH-elliptical. step 43600, energy = -0.49684951448883374
  |->  par_lens = 240, 240, 243
[TDSE] Running TDSE-SH-elliptical. step 43800, energy = -0.496854118832181
  |->  par_lens = 241, 241, 243
[TDSE] Running TDSE-SH-elliptical. step 44000, energy = -0.4968601011384658
  |->  par_lens = 242, 241, 244
[TDSE] Running TDSE-SH-elliptical. step 44200, energy = -0.496865408349912
  |->  par_lens = 242, 243, 245
[TDSE] Running TDSE-SH-elliptical. step 44400, energy = -0.4968727504821899
  |->  par_lens = 243, 243, 245
[TDSE] Running TDSE-SH-elliptical. step 44600, energy = -0.49688106704528456
  |->  par_lens = 245, 245, 248
[TDSE] Running TDSE-SH-elliptical. step 44800, energy = -0.49689055463212434
  |->  par_lens = 247, 247, 251
[TDSE] Running TDSE-SH-elliptical. step 45000, energy = -0.49690112350688115
  |->  par_lens = 248, 249, 250
