  Activating project at `~/JuliaProp_v0.1`
[ITP]: 10000.500151030976
[ITP]: 3.0490838964780664e-8
[ITP]: 7.575335692067142e-9
Energy of ground state: -0.5001510690415283
[TDSE] Start TDSE-SH for elliptical polarized laser. It may cost a plenty of time.
[TDSE] Running TDSE-SH-elliptical. step 0, energy = -0.5001510690415277
  |->  par_lens = 2, 2, 2
[TDSE] Running TDSE-SH-elliptical. step 200, energy = -0.5001510690413828
  |->  par_lens = 2, 2, 2
[TDSE] Running TDSE-SH-elliptical. step 400, energy = -0.5001510690411064
  |->  par_lens = 2, 2, 2
[TDSE] Running TDSE-SH-elliptical. step 600, energy = -0.5001510690395562
  |->  par_lens = 2, 2, 2
[TDSE] Running TDSE-SH-elliptical. step 800, energy = -0.500151069032173
  |->  par_lens = 2, 2, 2
[TDSE] Running TDSE-SH-elliptical. step 1000, energy = -0.5001510690073453
  |->  par_lens = 2, 2, 2
[TDSE] Running TDSE-SH-elliptical. step 1200, energy = -0.500151068941049
  |->  par_lens = 2, 2, 2
[TDSE] Running TDSE-SH-elliptical. step 1400, energy = -0.500151068790507
  |->  par_lens = 2, 2, 2
[TDSE] Running TDSE-SH-elliptical. step 1600, energy = -0.5001510684866275
  |->  par_lens = 2, 2, 2
[TDSE] Running TDSE-SH-elliptical. step 1800, energy = -0.5001510679245675
  |->  par_lens = 2, 2, 2
[TDSE] Running TDSE-SH-elliptical. step 2000, energy = -0.5001510669578784
  |->  par_lens = 2, 2, 2
[TDSE] Running TDSE-SH-elliptical. step 2200, energy = -0.5001510653795657
  |->  par_lens = 2, 2, 2
[TDSE] Running TDSE-SH-elliptical. step 2400, energy = -0.50015106292815
  |->  par_lens = 2, 2, 2
[TDSE] Running TDSE-SH-elliptical. step 2600, energy = -0.5001510592585474
  |->  par_lens = 2, 2, 2
[TDSE] Running TDSE-SH-elliptical. step 2800, energy = -0.5001510539406233
  |->  par_lens = 2, 2, 2
[TDSE] Running TDSE-SH-elliptical. step 3000, energy = -0.5001510464672182
  |->  par_lens = 2, 2, 2
[TDSE] Running TDSE-SH-elliptical. step 3200, energy = -0.5001510361848355
  |->  par_lens = 2, 2, 2
[TDSE] Running TDSE-SH-elliptical. step 3400, energy = -0.5001510224134369
  |->  par_lens = 2, 2, 2
[TDSE] Running TDSE-SH-elliptical. step 3600, energy = -0.5001510042219868
  |->  par_lens = 2, 2, 2
[TDSE] Running TDSE-SH-elliptical. step 3800, energy = -0.500150980675521
  |->  par_lens = 2, 2, 2
[TDSE] Running TDSE-SH-elliptical. step 4000, energy = -0.5001509507608165
  |->  par_lens = 2, 2, 2
[TDSE] Running TDSE-SH-elliptical. step 4200, energy = -0.500150912991387
  |->  par_lens = 2, 2, 2
[TDSE] Running TDSE-SH-elliptical. step 4400, energy = -0.5001508663012081
  |->  par_lens = 2, 2, 2
[TDSE] Running TDSE-SH-elliptical. step 4600, energy = -0.5001508090161239
  |->  par_lens = 2, 2, 2
[TDSE] Running TDSE-SH-elliptical. step 4800, energy = -0.5001507395926474
  |->  par_lens = 2, 2, 2
[TDSE] Running TDSE-SH-elliptical. step 5000, energy = -0.500150656330882
  |->  par_lens = 2, 2, 2
[TDSE] Running TDSE-SH-elliptical. step 5200, energy = -0.5001505570123953
  |->  par_lens = 2, 2, 2
[TDSE] Running TDSE-SH-elliptical. step 5400, energy = -0.5001504408117909
  |->  par_lens = 2, 2, 2
[TDSE] Running TDSE-SH-elliptical. step 5600, energy = -0.500150304232303
  |->  par_lens = 2, 2, 2
[TDSE] Running TDSE-SH-elliptical. step 5800, energy = -0.5001501458716616
  |->  par_lens = 2, 2, 2
[TDSE] Running TDSE-SH-elliptical. step 6000, energy = -0.5001499645441239
  |->  par_lens = 2, 2, 2
[TDSE] Running TDSE-SH-elliptical. step 6200, energy = -0.5001497561700818
  |->  par_lens = 2, 2, 2
[TDSE] Running TDSE-SH-elliptical. step 6400, energy = -0.5001495204558992
  |->  par_lens = 2, 2, 2
[TDSE] Running TDSE-SH-elliptical. step 6600, energy = -0.5001492533412546
  |->  par_lens = 2, 2, 2
[TDSE] Running TDSE-SH-elliptical. step 6800, energy = -0.5001489549887832
  |->  par_lens = 2, 2, 2
[TDSE] Running TDSE-SH-elliptical. step 7000, energy = -0.5001486223610874
  |->  par_lens = 2, 2, 2
[TDSE] Running TDSE-SH-elliptical. step 7200, energy = -0.5001482505769159
  |->  par_lens = 2, 2, 2
[TDSE] Running TDSE-SH-elliptical. step 7400, energy = -0.500147844542613
  |->  par_lens = 2, 2, 2
[TDSE] Running TDSE-SH-elliptical. step 7600, energy = -0.5001473956300425
  |->  par_lens = 2, 2, 2
[TDSE] Running TDSE-SH-elliptical. step 7800, energy = -0.500146905755719
  |->  par_lens = 2, 2, 2
[TDSE] Running TDSE-SH-elliptical. step 8000, energy = -0.5001463746536849
  |->  par_lens = 2, 2, 2
[TDSE] Running TDSE-SH-elliptical. step 8200, energy = -0.5001457960027019
  |->  par_lens = 2, 2, 2
[TDSE] Running TDSE-SH-elliptical. step 8400, energy = -0.500145177357949
  |->  par_lens = 2, 2, 2
[TDSE] Running TDSE-SH-elliptical. step 8600, energy = -0.5001445080571635
  |->  par_lens = 2, 2, 2
[TDSE] Running TDSE-SH-elliptical. step 8800, energy = -0.5001437968940856
  |->  par_lens = 2, 2, 2
[TDSE] Running TDSE-SH-elliptical. step 9000, energy = -0.5001430388457296
  |->  par_lens = 2, 2, 2
[TDSE] Running TDSE-SH-elliptical. step 9200, energy = -0.5001422290266764
  |->  par_lens = 2, 2, 2
[TDSE] Running TDSE-SH-elliptical. step 9400, energy = -0.5001413870595656
  |->  par_lens = 4, 2, 2
[TDSE] Running TDSE-SH-elliptical. step 9600, energy = -0.5001404885843974
  |->  par_lens = 4, 2, 2
[TDSE] Running TDSE-SH-elliptical. step 9800, energy = -0.5001395488048879
  |->  par_lens = 4, 3, 3
[TDSE] Running TDSE-SH-elliptical. step 10000, energy = -0.5001385729614303
  |->  par_lens = 4, 3, 3
[TDSE] Running TDSE-SH-elliptical. step 10200, energy = -0.5001373541709939
  |->  par_lens = 4, 3, 3
[TDSE] Running TDSE-SH-elliptical. step 10400, energy = -0.5001348237923977
  |->  par_lens = 4, 3, 3
[TDSE] Running TDSE-SH-elliptical. step 10600, energy = -0.5001325051196918
  |->  par_lens = 4, 3, 3
[TDSE] Running TDSE-SH-elliptical. step 10800, energy = -0.5001350928099413
  |->  par_lens = 4, 3, 3
[TDSE] Running TDSE-SH-elliptical. step 11000, energy = -0.5001437551964747
  |->  par_lens = 4, 3, 3
[TDSE] Running TDSE-SH-elliptical. step 11200, energy = -0.5001441823407665
  |->  par_lens = 4, 3, 3
[TDSE] Running TDSE-SH-elliptical. step 11400, energy = -0.5001160644204277
  |->  par_lens = 4, 3, 3
[TDSE] Running TDSE-SH-elliptical. step 11600, energy = -0.5000699861823505
  |->  par_lens = 4, 3, 3
[TDSE] Running TDSE-SH-elliptical. step 11800, energy = -0.5000482042916904
  |->  par_lens = 4, 3, 3
[TDSE] Running TDSE-SH-elliptical. step 12000, energy = -0.500023434463403
  |->  par_lens = 4, 4, 3
[TDSE] Running TDSE-SH-elliptical. step 12200, energy = -0.4998133710268885
  |->  par_lens = 5, 5, 5
[TDSE] Running TDSE-SH-elliptical. step 12400, energy = -0.49923737356878106
  |->  par_lens = 5, 5, 6
[TDSE] Running TDSE-SH-elliptical. step 12600, energy = -0.4984761126663198
  |->  par_lens = 7, 7, 7
[TDSE] Running TDSE-SH-elliptical. step 12800, energy = -0.4981331065510086
  |->  par_lens = 7, 7, 7
[TDSE] Running TDSE-SH-elliptical. step 13000, energy = -0.49859994465044527
  |->  par_lens = 9, 7, 7
[TDSE] Running TDSE-SH-elliptical. step 13200, energy = -0.49930013939948137
  |->  par_lens = 9, 7, 8
[TDSE] Running TDSE-SH-elliptical. step 13400, energy = -0.49897642319845475
  |->  par_lens = 9, 7, 8
[TDSE] Running TDSE-SH-elliptical. step 13600, energy = -0.4971994672061901
  |->  par_lens = 9, 8, 8
[TDSE] Running TDSE-SH-elliptical. step 13800, energy = -0.4954082101365335
  |->  par_lens = 10, 8, 9
[TDSE] Running TDSE-SH-elliptical. step 14000, energy = -0.4955376380197842
  |->  par_lens = 10, 10, 9
[TDSE] Running TDSE-SH-elliptical. step 14200, energy = -0.49724060001868065
  |->  par_lens = 10, 10, 9
[TDSE] Running TDSE-SH-elliptical. step 14400, energy = -0.4972211473655089
  |->  par_lens = 10, 10, 9
[TDSE] Running TDSE-SH-elliptical. step 14600, energy = -0.49275886647879735
  |->  par_lens = 10, 10, 10
[TDSE] Running TDSE-SH-elliptical. step 14800, energy = -0.4860254332030156
  |->  par_lens = 13, 12, 13
[TDSE] Running TDSE-SH-elliptical. step 15000, energy = -0.4831295408279399
  |->  par_lens = 16, 15, 14
[TDSE] Running TDSE-SH-elliptical. step 15200, energy = -0.48728149142300775
  |->  par_lens = 19, 19, 19
[TDSE] Running TDSE-SH-elliptical. step 15400, energy = -0.4934699866201852
  |->  par_lens = 20, 21, 20
[TDSE] Running TDSE-SH-elliptical. step 15600, energy = -0.4925982814615466
  |->  par_lens = 20, 21, 20
[TDSE] Running TDSE-SH-elliptical. step 15800, energy = -0.4824334195522514
  |->  par_lens = 20, 20, 20
[TDSE] Running TDSE-SH-elliptical. step 16000, energy = -0.472278200750032
  |->  par_lens = 19, 21, 20
[TDSE] Running TDSE-SH-elliptical. step 16200, energy = -0.4733702999767096
  |->  par_lens = 22, 24, 19
[TDSE] Running TDSE-SH-elliptical. step 16400, energy = -0.4840363708681211
  |->  par_lens = 24, 25, 25
[TDSE] Running TDSE-SH-elliptical. step 16600, energy = -0.4884722731708283
  |->  par_lens = 24, 26, 26
[TDSE] Running TDSE-SH-elliptical. step 16800, energy = -0.4742705450364017
  |->  par_lens = 22, 24, 25
[TDSE] Running TDSE-SH-elliptical. step 17000, energy = -0.4499757062163841
  |->  par_lens = 26, 25, 25
[TDSE] Running TDSE-SH-elliptical. step 17200, energy = -0.4392806769135366
  |->  par_lens = 30, 31, 33
[TDSE] Running TDSE-SH-elliptical. step 17400, energy = -0.4540126595573797
  |->  par_lens = 40, 42, 38
[TDSE] Running TDSE-SH-elliptical. step 17600, energy = -0.4767630222043895
  |->  par_lens = 46, 46, 48
[TDSE] Running TDSE-SH-elliptical. step 17800, energy = -0.4773042441025408
  |->  par_lens = 49, 48, 51
[TDSE] Running TDSE-SH-elliptical. step 18000, energy = -0.44840782025943426
  |->  par_lens = 46, 48, 44
[TDSE] Running TDSE-SH-elliptical. step 18200, energy = -0.4187205212865846
  |->  par_lens = 43, 47, 41
[TDSE] Running TDSE-SH-elliptical. step 18400, energy = -0.42147882389605734
  |->  par_lens = 49, 55, 50
[TDSE] Running TDSE-SH-elliptical. step 18600, energy = -0.4529851040873016
  |->  par_lens = 62, 60, 56
[TDSE] Running TDSE-SH-elliptical. step 18800, energy = -0.47080892046593353
  |->  par_lens = 61, 66, 61
[TDSE] Running TDSE-SH-elliptical. step 19000, energy = -0.44175232492162353
  |->  par_lens = 60, 61, 61
[TDSE] Running TDSE-SH-elliptical. step 19200, energy = -0.3859569554412246
  |->  par_lens = 56, 54, 53
[TDSE] Running TDSE-SH-elliptical. step 19400, energy = -0.36021185698869496
  |->  par_lens = 65, 64, 68
[TDSE] Running TDSE-SH-elliptical. step 19600, energy = -0.39300939141756064
  |->  par_lens = 87, 82, 86
[TDSE] Running TDSE-SH-elliptical. step 19800, energy = -0.44631768432234664
  |->  par_lens = 102, 98, 103
[TDSE] Running TDSE-SH-elliptical. step 20000, energy = -0.4534596794932602
  |->  par_lens = 107, 101, 103
[TDSE] Running TDSE-SH-elliptical. step 20200, energy = -0.39763726945126165
  |->  par_lens = 100, 97, 97
[TDSE] Running TDSE-SH-elliptical. step 20400, energy = -0.3379529020151774
  |->  par_lens = 82, 87, 80
[TDSE] Running TDSE-SH-elliptical. step 20600, energy = -0.3417142899429858
  |->  par_lens = 100, 102, 102
[TDSE] Running TDSE-SH-elliptical. step 20800, energy = -0.4045581161559924
  |->  par_lens = 128, 125, 125
[TDSE] Running TDSE-SH-elliptical. step 21000, energy = -0.4456033330615143
  |->  par_lens = 135, 136, 133
[TDSE] Running TDSE-SH-elliptical. step 21200, energy = -0.40115910838510077
  |->  par_lens = 129, 133, 130
[TDSE] Running TDSE-SH-elliptical. step 21400, energy = -0.30524965046303665
  |->  par_lens = 112, 116, 107
[TDSE] Running TDSE-SH-elliptical. step 21600, energy = -0.25926498518896535
  |->  par_lens = 113, 117, 110
[TDSE] Running TDSE-SH-elliptical. step 21800, energy = -0.3128567454543107
  |->  par_lens = 154, 158, 154
[TDSE] Running TDSE-SH-elliptical. step 22000, energy = -0.4062271246863549
  |->  par_lens = 188, 183, 187
[TDSE] Running TDSE-SH-elliptical. step 22200, energy = -0.42663393045046627
  |->  par_lens = 198, 192, 194
[TDSE] Running TDSE-SH-elliptical. step 22400, energy = -0.344056913654112
  |->  par_lens = 191, 187, 188
[TDSE] Running TDSE-SH-elliptical. step 22600, energy = -0.2514628974363879
  |->  par_lens = 164, 157, 154
[TDSE] Running TDSE-SH-elliptical. step 22800, energy = -0.25458331121585054
  |->  par_lens = 162, 165, 158
[TDSE] Running TDSE-SH-elliptical. step 23000, energy = -0.3500100274589973
  |->  par_lens = 210, 210, 206
[TDSE] Running TDSE-SH-elliptical. step 23200, energy = -0.4191559126140052
  |->  par_lens = 229, 231, 228
[TDSE] Running TDSE-SH-elliptical. step 23400, energy = -0.36490316772046605
  |->  par_lens = 223, 227, 231
[TDSE] Running TDSE-SH-elliptical. step 23600, energy = -0.23243958432874465
  |->  par_lens = 198, 193, 200
[TDSE] Running TDSE-SH-elliptical. step 23800, energy = -0.16684566829022926
  |->  par_lens = 189, 182, 188
[TDSE] Running TDSE-SH-elliptical. step 24000, energy = -0.23642948163393135
  |->  par_lens = 232, 239, 236
[TDSE] Running TDSE-SH-elliptical. step 24200, energy = -0.3672214028676904
  |->  par_lens = 283, 280, 283
[TDSE] Running TDSE-SH-elliptical. step 24400, energy = -0.40536677707663
  |->  par_lens = 292, 294, 291
[TDSE] Running TDSE-SH-elliptical. step 24600, energy = -0.30714455346737973
  |->  par_lens = 281, 285, 285
[TDSE] Running TDSE-SH-elliptical. step 24800, energy = -0.1901946747964806
  |->  par_lens = 249, 254, 249
[TDSE] Running TDSE-SH-elliptical. step 25000, energy = -0.19117954673613685
  |->  par_lens = 237, 238, 241
[TDSE] Running TDSE-SH-elliptical. step 25200, energy = -0.30767739189630394
  |->  par_lens = 285, 290, 285
[TDSE] Running TDSE-SH-elliptical. step 25400, energy = -0.39990683985440273
  |->  par_lens = 311, 315, 311
[TDSE] Running TDSE-SH-elliptical. step 25600, energy = -0.3457690916969505
  |->  par_lens = 306, 304, 311
[TDSE] Running TDSE-SH-elliptical. step 25800, energy = -0.1944188432039533
  |->  par_lens = 282, 275, 275
[TDSE] Running TDSE-SH-elliptical. step 26000, energy = -0.11640426068193131
  |->  par_lens = 271, 272, 272
[TDSE] Running TDSE-SH-elliptical. step 26200, energy = -0.19141132309267322
  |->  par_lens = 308, 312, 308
[TDSE] Running TDSE-SH-elliptical. step 26400, energy = -0.3425054235630532
  |->  par_lens = 351, 347, 349
[TDSE] Running TDSE-SH-elliptical. step 26600, energy = -0.3969540050783935
  |->  par_lens = 358, 359, 356
[TDSE] Running TDSE-SH-elliptical. step 26800, energy = -0.3016721481097942
  |->  par_lens = 345, 348, 351
[TDSE] Running TDSE-SH-elliptical. step 27000, energy = -0.17938015390232862
  |->  par_lens = 326, 318, 321
[TDSE] Running TDSE-SH-elliptical. step 27200, energy = -0.17677874195762325
  |->  par_lens = 314, 308, 316
[TDSE] Running TDSE-SH-elliptical. step 27400, energy = -0.2950443302019005
  |->  par_lens = 342, 334, 344
[TDSE] Running TDSE-SH-elliptical. step 27600, energy = -0.3954573573427804
  |->  par_lens = 362, 360, 365
[TDSE] Running TDSE-SH-elliptical. step 27800, energy = -0.3510620352976613
  |->  par_lens = 366, 362, 358
[TDSE] Running TDSE-SH-elliptical. step 28000, energy = -0.20649034757089146
  |->  par_lens = 342, 335, 351
[TDSE] Running TDSE-SH-elliptical. step 28200, energy = -0.1275548670149418
  |->  par_lens = 346, 346, 338
[TDSE] Running TDSE-SH-elliptical. step 28400, energy = -0.19570201099298604
  |->  par_lens = 364, 360, 348
[TDSE] Running TDSE-SH-elliptical. step 28600, energy = -0.3420731376068032
  |->  par_lens = 396, 388, 392
[TDSE] Running TDSE-SH-elliptical. step 28800, energy = -0.4048680533634466
  |->  par_lens = 398, 401, 400
[TDSE] Running TDSE-SH-elliptical. step 29000, energy = -0.3302848235072642
  |->  par_lens = 392, 393, 390
[TDSE] Running TDSE-SH-elliptical. step 29200, energy = -0.22404471074578727
  |->  par_lens = 368, 376, 373
[TDSE] Running TDSE-SH-elliptical. step 29400, energy = -0.2179568292483115
  |->  par_lens = 364, 363, 359
[TDSE] Running TDSE-SH-elliptical. step 29600, energy = -0.3186293293800291
  |->  par_lens = 370, 379, 381
[TDSE] Running TDSE-SH-elliptical. step 29800, energy = -0.40821897479739605
  |->  par_lens = 385, 388, 388
[TDSE] Running TDSE-SH-elliptical. step 30000, energy = -0.3781286604604468
  |->  par_lens = 379, 385, 389
[TDSE] Running TDSE-SH-elliptical. step 30200, energy = -0.2625599376855852
  |->  par_lens = 381, 380, 380
[TDSE] Running TDSE-SH-elliptical. step 30400, energy = -0.19544425278560165
  |->  par_lens = 388, 390, 386
[TDSE] Running TDSE-SH-elliptical. step 30600, energy = -0.2475851335179022
  |->  par_lens = 399, 403, 402
[TDSE] Running TDSE-SH-elliptical. step 30800, energy = -0.36693474849311397
  |->  par_lens = 417, 414, 418
[TDSE] Running TDSE-SH-elliptical. step 31000, energy = -0.4258177682448498
  |->  par_lens = 422, 419, 420
[TDSE] Running TDSE-SH-elliptical. step 31200, energy = -0.380280719469183
  |->  par_lens = 421, 415, 419
[TDSE] Running TDSE-SH-elliptical. step 31400, energy = -0.30505291900261483
  |->  par_lens = 402, 404, 405
[TDSE] Running TDSE-SH-elliptical. step 31600, energy = -0.2975819249497222
  |->  par_lens = 387, 386, 395
[TDSE] Running TDSE-SH-elliptical. step 31800, energy = -0.36863761833599124
  |->  par_lens = 379, 372, 380
[TDSE] Running TDSE-SH-elliptical. step 32000, energy = -0.43306877166312313
  |->  par_lens = 386, 384, 395
[TDSE] Running TDSE-SH-elliptical. step 32200, energy = -0.41652206382550006
  |->  par_lens = 383, 377, 392
[TDSE] Running TDSE-SH-elliptical. step 32400, energy = -0.3399318356794793
  |->  par_lens = 391, 382, 391
[TDSE] Running TDSE-SH-elliptical. step 32600, energy = -0.2919623079029694
  |->  par_lens = 399, 396, 402
[TDSE] Running TDSE-SH-elliptical. step 32800, energy = -0.32506648223414664
  |->  par_lens = 415, 410, 414
[TDSE] Running TDSE-SH-elliptical. step 33000, energy = -0.40509583399425697
  |->  par_lens = 429, 426, 429
[TDSE] Running TDSE-SH-elliptical. step 33200, energy = -0.45139780433343096
  |->  par_lens = 435, 433, 438
[TDSE] Running TDSE-SH-elliptical. step 33400, energy = -0.432113819462643
  |->  par_lens = 432, 431, 435
[TDSE] Running TDSE-SH-elliptical. step 33600, energy = -0.39027830540008823
  |->  par_lens = 424, 432, 429
[TDSE] Running TDSE-SH-elliptical. step 33800, energy = -0.38523559871115004
  |->  par_lens = 419, 420, 420
[TDSE] Running TDSE-SH-elliptical. step 34000, energy = -0.4238123327500109
  |->  par_lens = 403, 417, 409
[TDSE] Running TDSE-SH-elliptical. step 34200, energy = -0.4600779126632817
  |->  par_lens = 396, 403, 403
[TDSE] Running TDSE-SH-elliptical. step 34400, energy = -0.45186971768996037
  |->  par_lens = 392, 400, 400
[TDSE] Running TDSE-SH-elliptical. step 34600, energy = -0.41080228891171666
  |->  par_lens = 405, 410, 410
[TDSE] Running TDSE-SH-elliptical. step 34800, energy = -0.3842155094212602
  |->  par_lens = 418, 420, 419
[TDSE] Running TDSE-SH-elliptical. step 35000, energy = -0.40118464568597534
  |->  par_lens = 426, 430, 429
[TDSE] Running TDSE-SH-elliptical. step 35200, energy = -0.443589677634383
  |->  par_lens = 439, 438, 441
[TDSE] Running TDSE-SH-elliptical. step 35400, energy = -0.4720326814837521
  |->  par_lens = 447, 442, 444
[TDSE] Running TDSE-SH-elliptical. step 35600, energy = -0.46916448063483124
  |->  par_lens = 446, 444, 443
[TDSE] Running TDSE-SH-elliptical. step 35800, energy = -0.4537778167089398
  |->  par_lens = 446, 443, 441
[TDSE] Running TDSE-SH-elliptical. step 36000, energy = -0.4511756742768807
  |->  par_lens = 446, 436, 437
[TDSE] Running TDSE-SH-elliptical. step 36200, energy = -0.4665285897275944
  |->  par_lens = 439, 435, 437
[TDSE] Running TDSE-SH-elliptical. step 36400, energy = -0.479822037667179
  |->  par_lens = 436, 430, 429
[TDSE] Running TDSE-SH-elliptical. step 36600, energy = -0.475959281409702
  |->  par_lens = 434, 430, 430
[TDSE] Running TDSE-SH-elliptical. step 36800, energy = -0.4590501441159482
  |->  par_lens = 436, 430, 434
[TDSE] Running TDSE-SH-elliptical. step 37000, energy = -0.448346442273161
  |->  par_lens = 442, 439, 440
[TDSE] Running TDSE-SH-elliptical. step 37200, energy = -0.45448139413897864
  |->  par_lens = 447, 441, 443
[TDSE] Running TDSE-SH-elliptical. step 37400, energy = -0.47118652495281477
  |->  par_lens = 449, 453, 454
[TDSE] Running TDSE-SH-elliptical. step 37600, energy = -0.4842933106365615
  |->  par_lens = 451, 455, 454
[TDSE] Running TDSE-SH-elliptical. step 37800, energy = -0.48721381542058445
  |->  par_lens = 452, 454, 456
[TDSE] Running TDSE-SH-elliptical. step 38000, energy = -0.4848759984520662
  |->  par_lens = 453, 455, 456
[TDSE] Running TDSE-SH-elliptical. step 38200, energy = -0.48456954841229705
  |->  par_lens = 453, 454, 454
[TDSE] Running TDSE-SH-elliptical. step 38400, energy = -0.4876164267353988
  |->  par_lens = 449, 454, 452
[TDSE] Running TDSE-SH-elliptical. step 38600, energy = -0.48965551843394844
  |->  par_lens = 448, 451, 450
[TDSE] Running TDSE-SH-elliptical. step 38800, energy = -0.4873731320029241
  |->  par_lens = 448, 450, 450
[TDSE] Running TDSE-SH-elliptical. step 39000, energy = -0.48263042352764873
  |->  par_lens = 447, 450, 449
[TDSE] Running TDSE-SH-elliptical. step 39200, energy = -0.4798347326444884
  |->  par_lens = 450, 452, 451
[TDSE] Running TDSE-SH-elliptical. step 39400, energy = -0.48123015297014105
  |->  par_lens = 462, 459, 462
[TDSE] Running TDSE-SH-elliptical. step 39600, energy = -0.4853014553052271
  |->  par_lens = 466, 466, 465
[TDSE] Running TDSE-SH-elliptical. step 39800, energy = -0.4891513042632554
  |->  par_lens = 466, 469, 466
[TDSE] Running TDSE-SH-elliptical. step 40000, energy = -0.4912790759141957
  |->  par_lens = 466, 469, 466
[TDSE] Running TDSE-SH-elliptical. step 40200, energy = -0.49197259727814974
  |->  par_lens = 466, 469, 466
[TDSE] Running TDSE-SH-elliptical. step 40400, energy = -0.4921488853807197
  |->  par_lens = 466, 469, 466
[TDSE] Running TDSE-SH-elliptical. step 40600, energy = -0.492059691829202
  |->  par_lens = 466, 469, 465
[TDSE] Running TDSE-SH-elliptical. step 40800, energy = -0.4915338678556199
  |->  par_lens = 466, 469, 465
[TDSE] Running TDSE-SH-elliptical. step 41000, energy = -0.4907566206650455
  |->  par_lens = 466, 469, 465
[TDSE] Running TDSE-SH-elliptical. step 41200, energy = -0.48991666780026777
  |->  par_lens = 469, 471, 471
[TDSE] Running TDSE-SH-elliptical. step 41400, energy = -0.4896109800347867
  |->  par_lens = 476, 476, 474
[TDSE] Running TDSE-SH-elliptical. step 41600, energy = -0.48972067045850853
  |->  par_lens = 478, 477, 476
[TDSE] Running TDSE-SH-elliptical. step 41800, energy = -0.4900484991658969
  |->  par_lens = 481, 483, 480
[TDSE] Running TDSE-SH-elliptical. step 42000, energy = -0.4904753179884831
  |->  par_lens = 484, 483, 481
[TDSE] Running TDSE-SH-elliptical. step 42200, energy = -0.4906371693575744
  |->  par_lens = 484, 485, 484
[TDSE] Running TDSE-SH-elliptical. step 42400, energy = -0.49078510522007096
  |->  par_lens = 485, 486, 488
[TDSE] Running TDSE-SH-elliptical. step 42600, energy = -0.4907948441342934
  |->  par_lens = 491, 489, 491
[TDSE] Running TDSE-SH-elliptical. step 42800, energy = -0.49075417929663695
  |->  par_lens = 494, 490, 494
[TDSE] Running TDSE-SH-elliptical. step 43000, energy = -0.4907869036934082
  |->  par_lens = 497, 493, 495
[TDSE] Running TDSE-SH-elliptical. step 43200, energy = -0.490724433623307
  |->  par_lens = 497, 498, 497
[TDSE] Running TDSE-SH-elliptical. step 43400, energy = -0.49079537701275594
  |->  par_lens = 500, 500, 500
[TDSE] Running TDSE-SH-elliptical. step 43600, energy = -0.49077636593604473
  |->  par_lens = 502, 503, 504
[TDSE] Running TDSE-SH-elliptical. step 43800, energy = -0.490743998498502
  |->  par_lens = 505, 507, 507
[TDSE] Running TDSE-SH-elliptical. step 44000, energy = -0.4908080244151716
  |->  par_lens = 509, 510, 510
[TDSE] Running TDSE-SH-elliptical. step 44200, energy = -0.49076091396317667
  |->  par_lens = 511, 514, 513
[TDSE] Running TDSE-SH-elliptical. step 44400, energy = -0.49081743105438996
  |->  par_lens = 515, 516, 514
[TDSE] Running TDSE-SH-elliptical. step 44600, energy = -0.49079246221859624
  |->  par_lens = 518, 518, 516
[TDSE] Running TDSE-SH-elliptical. step 44800, energy = -0.49079550138102945
  |->  par_lens = 520, 523, 519
[TDSE] Running TDSE-SH-elliptical. step 45000, energy = -0.49086194571846825
  |->  par_lens = 523, 524, 522
