  Activating project at `~/JuliaProp_v0.1`
[ITP]: 10000.500151030976
[ITP]: 3.0490838964780664e-8
[ITP]: 7.575335692067142e-9
Energy of ground state: -0.5001510690415283
[TDSE] Start TDSE-SH for elliptical polarized laser. It may cost a plenty of time.
[TDSE] Running TDSE-SH-elliptical. step 0, energy = -0.5001510690415277
  |->  par_lens = 2, 2, 2
[TDSE] Running TDSE-SH-elliptical. step 200, energy = -0.5001510690413828
  |->  par_lens = 2, 2, 2
[TDSE] Running TDSE-SH-elliptical. step 400, energy = -0.5001510690411064
  |->  par_lens = 2, 2, 2
[TDSE] Running TDSE-SH-elliptical. step 600, energy = -0.5001510690395562
  |->  par_lens = 2, 2, 2
[TDSE] Running TDSE-SH-elliptical. step 800, energy = -0.500151069032173
  |->  par_lens = 2, 2, 2
[TDSE] Running TDSE-SH-elliptical. step 1000, energy = -0.5001510690073453
  |->  par_lens = 2, 2, 2
[TDSE] Running TDSE-SH-elliptical. step 1200, energy = -0.500151068941049
  |->  par_lens = 2, 2, 2
[TDSE] Running TDSE-SH-elliptical. step 1400, energy = -0.500151068790507
  |->  par_lens = 2, 2, 2
[TDSE] Running TDSE-SH-elliptical. step 1600, energy = -0.5001510684866275
  |->  par_lens = 2, 2, 2
[TDSE] Running TDSE-SH-elliptical. step 1800, energy = -0.5001510679245675
  |->  par_lens = 2, 2, 2
[TDSE] Running TDSE-SH-elliptical. step 2000, energy = -0.5001510669578784
  |->  par_lens = 2, 2, 2
[TDSE] Running TDSE-SH-elliptical. step 2200, energy = -0.5001510653795657
  |->  par_lens = 2, 2, 2
[TDSE] Running TDSE-SH-elliptical. step 2400, energy = -0.50015106292815
  |->  par_lens = 2, 2, 2
[TDSE] Running TDSE-SH-elliptical. step 2600, energy = -0.5001510592585474
  |->  par_lens = 2, 2, 2
[TDSE] Running TDSE-SH-elliptical. step 2800, energy = -0.5001510539406233
  |->  par_lens = 2, 2, 2
[TDSE] Running TDSE-SH-elliptical. step 3000, energy = -0.5001510464672182
  |->  par_lens = 2, 2, 2
[TDSE] Running TDSE-SH-elliptical. step 3200, energy = -0.5001510361848355
  |->  par_lens = 2, 2, 2
[TDSE] Running TDSE-SH-elliptical. step 3400, energy = -0.5001510224134369
  |->  par_lens = 2, 2, 2
[TDSE] Running TDSE-SH-elliptical. step 3600, energy = -0.5001510042219868
  |->  par_lens = 2, 2, 2
[TDSE] Running TDSE-SH-elliptical. step 3800, energy = -0.500150980675521
  |->  par_lens = 2, 2, 2
[TDSE] Running TDSE-SH-elliptical. step 4000, energy = -0.5001509507608165
  |->  par_lens = 2, 2, 2
[TDSE] Running TDSE-SH-elliptical. step 4200, energy = -0.500150912991387
  |->  par_lens = 2, 2, 2
[TDSE] Running TDSE-SH-elliptical. step 4400, energy = -0.5001508663012081
  |->  par_lens = 2, 2, 2
[TDSE] Running TDSE-SH-elliptical. step 4600, energy = -0.5001508090161239
  |->  par_lens = 2, 2, 2
[TDSE] Running TDSE-SH-elliptical. step 4800, energy = -0.5001507395926474
  |->  par_lens = 2, 2, 2
[TDSE] Running TDSE-SH-elliptical. step 5000, energy = -0.500150656330882
  |->  par_lens = 2, 2, 2
[TDSE] Running TDSE-SH-elliptical. step 5200, energy = -0.5001505570123953
  |->  par_lens = 2, 2, 2
[TDSE] Running TDSE-SH-elliptical. step 5400, energy = -0.5001504408117909
  |->  par_lens = 2, 2, 2
[TDSE] Running TDSE-SH-elliptical. step 5600, energy = -0.500150304232303
  |->  par_lens = 2, 2, 2
[TDSE] Running TDSE-SH-elliptical. step 5800, energy = -0.5001501458716616
  |->  par_lens = 2, 2, 2
[TDSE] Running TDSE-SH-elliptical. step 6000, energy = -0.5001499645441239
  |->  par_lens = 2, 2, 2
[TDSE] Running TDSE-SH-elliptical. step 6200, energy = -0.5001497561700818
  |->  par_lens = 2, 2, 2
[TDSE] Running TDSE-SH-elliptical. step 6400, energy = -0.5001495204558992
  |->  par_lens = 2, 2, 2
[TDSE] Running TDSE-SH-elliptical. step 6600, energy = -0.5001492533412546
  |->  par_lens = 2, 2, 2
[TDSE] Running TDSE-SH-elliptical. step 6800, energy = -0.5001489549887832
  |->  par_lens = 2, 2, 2
[TDSE] Running TDSE-SH-elliptical. step 7000, energy = -0.5001486223610874
  |->  par_lens = 2, 2, 2
[TDSE] Running TDSE-SH-elliptical. step 7200, energy = -0.5001482505769159
  |->  par_lens = 2, 2, 2
[TDSE] Running TDSE-SH-elliptical. step 7400, energy = -0.500147844542613
  |->  par_lens = 2, 2, 2
[TDSE] Running TDSE-SH-elliptical. step 7600, energy = -0.5001473956300425
  |->  par_lens = 2, 2, 2
[TDSE] Running TDSE-SH-elliptical. step 7800, energy = -0.500146905755719
  |->  par_lens = 2, 2, 2
[TDSE] Running TDSE-SH-elliptical. step 8000, energy = -0.5001463746536849
  |->  par_lens = 2, 2, 2
[TDSE] Running TDSE-SH-elliptical. step 8200, energy = -0.5001457960027019
  |->  par_lens = 2, 2, 2
[TDSE] Running TDSE-SH-elliptical. step 8400, energy = -0.500145177357949
  |->  par_lens = 2, 2, 2
[TDSE] Running TDSE-SH-elliptical. step 8600, energy = -0.5001445080571635
  |->  par_lens = 2, 2, 2
[TDSE] Running TDSE-SH-elliptical. step 8800, energy = -0.5001437968940856
  |->  par_lens = 2, 2, 2
[TDSE] Running TDSE-SH-elliptical. step 9000, energy = -0.5001430388457296
  |->  par_lens = 2, 2, 2
[TDSE] Running TDSE-SH-elliptical. step 9200, energy = -0.5001422290266764
  |->  par_lens = 2, 2, 2
[TDSE] Running TDSE-SH-elliptical. step 9400, energy = -0.5001413870595656
  |->  par_lens = 4, 2, 2
[TDSE] Running TDSE-SH-elliptical. step 9600, energy = -0.5001404885843974
  |->  par_lens = 4, 2, 2
[TDSE] Running TDSE-SH-elliptical. step 9800, energy = -0.5001395488048879
  |->  par_lens = 4, 3, 3
[TDSE] Running TDSE-SH-elliptical. step 10000, energy = -0.5001385729614303
  |->  par_lens = 4, 3, 3
[TDSE] Running TDSE-SH-elliptical. step 10200, energy = -0.5001373836048999
  |->  par_lens = 4, 3, 3
[TDSE] Running TDSE-SH-elliptical. step 10400, energy = -0.5001350607395664
  |->  par_lens = 4, 3, 3
[TDSE] Running TDSE-SH-elliptical. step 10600, energy = -0.5001326372253071
  |->  par_lens = 4, 3, 3
[TDSE] Running TDSE-SH-elliptical. step 10800, energy = -0.5001332709048594
  |->  par_lens = 4, 3, 3
[TDSE] Running TDSE-SH-elliptical. step 11000, energy = -0.500138712098727
  |->  par_lens = 4, 3, 3
[TDSE] Running TDSE-SH-elliptical. step 11200, energy = -0.5001427292769701
  |->  par_lens = 4, 3, 3
[TDSE] Running TDSE-SH-elliptical. step 11400, energy = -0.500131227737978
  |->  par_lens = 4, 3, 3
[TDSE] Running TDSE-SH-elliptical. step 11600, energy = -0.5000918070524347
  |->  par_lens = 4, 3, 3
[TDSE] Running TDSE-SH-elliptical. step 11800, energy = -0.500018236528961
  |->  par_lens = 4, 4, 3
[TDSE] Running TDSE-SH-elliptical. step 12000, energy = -0.49988965850339767
  |->  par_lens = 4, 4, 4
[TDSE] Running TDSE-SH-elliptical. step 12200, energy = -0.499656135118735
  |->  par_lens = 5, 5, 5
[TDSE] Running TDSE-SH-elliptical. step 12400, energy = -0.49928458847757506
  |->  par_lens = 5, 5, 6
[TDSE] Running TDSE-SH-elliptical. step 12600, energy = -0.49885213447260457
  |->  par_lens = 6, 7, 6
[TDSE] Running TDSE-SH-elliptical. step 12800, energy = -0.4985551854137107
  |->  par_lens = 7, 7, 7
[TDSE] Running TDSE-SH-elliptical. step 13000, energy = -0.49851869674707583
  |->  par_lens = 9, 7, 7
[TDSE] Running TDSE-SH-elliptical. step 13200, energy = -0.4985802481564651
  |->  par_lens = 9, 7, 7
[TDSE] Running TDSE-SH-elliptical. step 13400, energy = -0.4983599785005158
  |->  par_lens = 9, 7, 8
[TDSE] Running TDSE-SH-elliptical. step 13600, energy = -0.49766220821223234
  |->  par_lens = 9, 7, 8
[TDSE] Running TDSE-SH-elliptical. step 13800, energy = -0.4967884576061452
  |->  par_lens = 9, 8, 8
[TDSE] Running TDSE-SH-elliptical. step 14000, energy = -0.49618142748959115
  |->  par_lens = 9, 9, 8
[TDSE] Running TDSE-SH-elliptical. step 14200, energy = -0.4957271611056686
  |->  par_lens = 9, 9, 9
[TDSE] Running TDSE-SH-elliptical. step 14400, energy = -0.49458564590659554
  |->  par_lens = 10, 10, 9
[TDSE] Running TDSE-SH-elliptical. step 14600, energy = -0.49212724401232605
  |->  par_lens = 11, 10, 11
[TDSE] Running TDSE-SH-elliptical. step 14800, energy = -0.489092435042398
  |->  par_lens = 13, 12, 13
[TDSE] Running TDSE-SH-elliptical. step 15000, energy = -0.48724240074651637
  |->  par_lens = 15, 14, 13
[TDSE] Running TDSE-SH-elliptical. step 15200, energy = -0.4875074030221019
  |->  par_lens = 17, 17, 17
[TDSE] Running TDSE-SH-elliptical. step 15400, energy = -0.48850354496513726
  |->  par_lens = 18, 20, 18
[TDSE] Running TDSE-SH-elliptical. step 15600, energy = -0.4876246596103413
  |->  par_lens = 19, 20, 19
[TDSE] Running TDSE-SH-elliptical. step 15800, energy = -0.4840516672401492
  |->  par_lens = 19, 20, 19
[TDSE] Running TDSE-SH-elliptical. step 16000, energy = -0.4800166918391514
  |->  par_lens = 19, 20, 19
[TDSE] Running TDSE-SH-elliptical. step 16200, energy = -0.47838358449892077
  |->  par_lens = 22, 18, 20
[TDSE] Running TDSE-SH-elliptical. step 16400, energy = -0.4786766606460548
  |->  par_lens = 23, 21, 19
[TDSE] Running TDSE-SH-elliptical. step 16600, energy = -0.4767984756086533
  |->  par_lens = 21, 21, 20
[TDSE] Running TDSE-SH-elliptical. step 16800, energy = -0.4697376961894819
  |->  par_lens = 24, 20, 21
[TDSE] Running TDSE-SH-elliptical. step 17000, energy = -0.4601371893741299
  |->  par_lens = 25, 24, 24
[TDSE] Running TDSE-SH-elliptical. step 17200, energy = -0.45468987754923934
  |->  par_lens = 30, 29, 28
[TDSE] Running TDSE-SH-elliptical. step 17400, energy = -0.456698280916314
  |->  par_lens = 35, 36, 35
[TDSE] Running TDSE-SH-elliptical. step 17600, energy = -0.4613782747828668
  |->  par_lens = 42, 38, 40
[TDSE] Running TDSE-SH-elliptical. step 17800, energy = -0.4602766124617078
  |->  par_lens = 41, 42, 41
[TDSE] Running TDSE-SH-elliptical. step 18000, energy = -0.45095415818218326
  |->  par_lens = 40, 42, 39
[TDSE] Running TDSE-SH-elliptical. step 18200, energy = -0.44059918884329813
  |->  par_lens = 37, 41, 38
[TDSE] Running TDSE-SH-elliptical. step 18400, energy = -0.4378514769240146
  |->  par_lens = 38, 39, 40
[TDSE] Running TDSE-SH-elliptical. step 18600, energy = -0.44167858736053917
  |->  par_lens = 40, 40, 37
[TDSE] Running TDSE-SH-elliptical. step 18800, energy = -0.4410299671418139
  |->  par_lens = 40, 41, 42
[TDSE] Running TDSE-SH-elliptical. step 19000, energy = -0.427607495877445
  |->  par_lens = 42, 44, 42
[TDSE] Running TDSE-SH-elliptical. step 19200, energy = -0.40748512774854295
  |->  par_lens = 48, 47, 46
[TDSE] Running TDSE-SH-elliptical. step 19400, energy = -0.3964574151909804
  |->  par_lens = 57, 56, 56
[TDSE] Running TDSE-SH-elliptical. step 19600, energy = -0.40246156188611276
  |->  par_lens = 68, 68, 67
[TDSE] Running TDSE-SH-elliptical. step 19800, energy = -0.41501073737690636
  |->  par_lens = 76, 75, 76
[TDSE] Running TDSE-SH-elliptical. step 20000, energy = -0.41562194296788935
  |->  par_lens = 78, 79, 79
[TDSE] Running TDSE-SH-elliptical. step 20200, energy = -0.39900940852350353
  |->  par_lens = 74, 75, 78
[TDSE] Running TDSE-SH-elliptical. step 20400, energy = -0.3800768386911471
  |->  par_lens = 70, 68, 73
[TDSE] Running TDSE-SH-elliptical. step 20600, energy = -0.37665379275924765
  |->  par_lens = 71, 71, 72
[TDSE] Running TDSE-SH-elliptical. step 20800, energy = -0.3873502954457947
  |->  par_lens = 76, 81, 77
[TDSE] Running TDSE-SH-elliptical. step 21000, energy = -0.39114374117873923
  |->  par_lens = 82, 82, 79
[TDSE] Running TDSE-SH-elliptical. step 21200, energy = -0.37184841642996996
  |->  par_lens = 85, 83, 86
[TDSE] Running TDSE-SH-elliptical. step 21400, energy = -0.33967048646625536
  |->  par_lens = 90, 87, 90
[TDSE] Running TDSE-SH-elliptical. step 21600, energy = -0.32241253498070727
  |->  par_lens = 98, 100, 98
[TDSE] Running TDSE-SH-elliptical. step 21800, energy = -0.3342644695038165
  |->  par_lens = 112, 117, 112
[TDSE] Running TDSE-SH-elliptical. step 22000, energy = -0.35822843465209464
  |->  par_lens = 128, 130, 129
[TDSE] Running TDSE-SH-elliptical. step 22200, energy = -0.36354464940039644
  |->  par_lens = 132, 135, 133
[TDSE] Running TDSE-SH-elliptical. step 22400, energy = -0.3409780747230308
  |->  par_lens = 130, 130, 128
[TDSE] Running TDSE-SH-elliptical. step 22600, energy = -0.3139635795215933
  |->  par_lens = 123, 120, 124
[TDSE] Running TDSE-SH-elliptical. step 22800, energy = -0.31071530217937793
  |->  par_lens = 126, 120, 123
[TDSE] Running TDSE-SH-elliptical. step 23000, energy = -0.3300660408226888
  |->  par_lens = 130, 124, 129
[TDSE] Running TDSE-SH-elliptical. step 23200, energy = -0.34097085078581385
  |->  par_lens = 131, 133, 133
[TDSE] Running TDSE-SH-elliptical. step 23400, energy = -0.31873540966220204
  |->  par_lens = 130, 136, 136
[TDSE] Running TDSE-SH-elliptical. step 23600, energy = -0.277012751306148
  |->  par_lens = 142, 142, 142
[TDSE] Running TDSE-SH-elliptical. step 23800, energy = -0.2549603997387991
  |->  par_lens = 152, 150, 154
[TDSE] Running TDSE-SH-elliptical. step 24000, energy = -0.27289652968759415
  |->  par_lens = 171, 173, 173
[TDSE] Running TDSE-SH-elliptical. step 24200, energy = -0.3087789662430577
  |->  par_lens = 190, 187, 189
[TDSE] Running TDSE-SH-elliptical. step 24400, energy = -0.32126413782281854
  |->  par_lens = 191, 194, 192
[TDSE] Running TDSE-SH-elliptical. step 24600, energy = -0.29701773808877513
  |->  par_lens = 191, 186, 190
[TDSE] Running TDSE-SH-elliptical. step 24800, energy = -0.26567597336882276
  |->  par_lens = 180, 179, 179
[TDSE] Running TDSE-SH-elliptical. step 25000, energy = -0.2635355259201109
  |->  par_lens = 178, 179, 177
[TDSE] Running TDSE-SH-elliptical. step 25200, energy = -0.29026556021231126
  |->  par_lens = 180, 186, 180
[TDSE] Running TDSE-SH-elliptical. step 25400, energy = -0.30852738925640355
  |->  par_lens = 186, 186, 188
[TDSE] Running TDSE-SH-elliptical. step 25600, energy = -0.28757535773819165
  |->  par_lens = 189, 185, 188
[TDSE] Running TDSE-SH-elliptical. step 25800, energy = -0.2424361900889664
  |->  par_lens = 194, 194, 191
[TDSE] Running TDSE-SH-elliptical. step 26000, energy = -0.21880008456323358
  |->  par_lens = 201, 201, 200
[TDSE] Running TDSE-SH-elliptical. step 26200, energy = -0.24093423570600175
  |->  par_lens = 220, 221, 219
[TDSE] Running TDSE-SH-elliptical. step 26400, energy = -0.2851032109615674
  |->  par_lens = 232, 233, 234
[TDSE] Running TDSE-SH-elliptical. step 26600, energy = -0.3050783745144657
  |->  par_lens = 236, 237, 235
[TDSE] Running TDSE-SH-elliptical. step 26800, energy = -0.2846807356076162
  |->  par_lens = 230, 227, 229
[TDSE] Running TDSE-SH-elliptical. step 27000, energy = -0.2547736066956968
  |->  par_lens = 222, 219, 223
[TDSE] Running TDSE-SH-elliptical. step 27200, energy = -0.2542749875743091
  |->  par_lens = 216, 216, 212
[TDSE] Running TDSE-SH-elliptical. step 27400, energy = -0.2841622276955641
  |->  par_lens = 212, 215, 213
[TDSE] Running TDSE-SH-elliptical. step 27600, energy = -0.3069534783923626
  |->  par_lens = 211, 213, 218
[TDSE] Running TDSE-SH-elliptical. step 27800, energy = -0.2908668989848788
  |->  par_lens = 218, 217, 214
[TDSE] Running TDSE-SH-elliptical. step 28000, energy = -0.2497539652305556
  |->  par_lens = 221, 225, 223
[TDSE] Running TDSE-SH-elliptical. step 28200, energy = -0.22831424426153865
  |->  par_lens = 230, 235, 227
[TDSE] Running TDSE-SH-elliptical. step 28400, energy = -0.25113770426174753
  |->  par_lens = 243, 242, 243
[TDSE] Running TDSE-SH-elliptical. step 28600, energy = -0.29682290400569844
  |->  par_lens = 254, 255, 255
[TDSE] Running TDSE-SH-elliptical. step 28800, energy = -0.3217367704424743
  |->  par_lens = 263, 258, 258
[TDSE] Running TDSE-SH-elliptical. step 29000, energy = -0.3093418088179794
  |->  par_lens = 252, 258, 247
[TDSE] Running TDSE-SH-elliptical. step 29200, energy = -0.2862143358967042
  |->  par_lens = 244, 246, 243
[TDSE] Running TDSE-SH-elliptical. step 29400, energy = -0.28727993907114785
  |->  par_lens = 231, 232, 235
[TDSE] Running TDSE-SH-elliptical. step 29600, energy = -0.3148110361516491
  |->  par_lens = 221, 227, 226
[TDSE] Running TDSE-SH-elliptical. step 29800, energy = -0.337245980847968
  |->  par_lens = 218, 226, 221
[TDSE] Running TDSE-SH-elliptical. step 30000, energy = -0.3273025176559422
  |->  par_lens = 221, 229, 220
[TDSE] Running TDSE-SH-elliptical. step 30200, energy = -0.2957994690750522
  |->  par_lens = 228, 230, 231
[TDSE] Running TDSE-SH-elliptical. step 30400, energy = -0.2794240813256154
  |->  par_lens = 239, 239, 240
[TDSE] Running TDSE-SH-elliptical. step 30600, energy = -0.29925907306175364
  |->  par_lens = 256, 256, 252
[TDSE] Running TDSE-SH-elliptical. step 30800, energy = -0.3390860423008952
  |->  par_lens = 265, 265, 267
[TDSE] Running TDSE-SH-elliptical. step 31000, energy = -0.3642559410044685
  |->  par_lens = 264, 267, 263
[TDSE] Running TDSE-SH-elliptical. step 31200, energy = -0.3606224544951624
  |->  par_lens = 263, 260, 259
[TDSE] Running TDSE-SH-elliptical. step 31400, energy = -0.34687695596952134
  |->  par_lens = 254, 251, 250
[TDSE] Running TDSE-SH-elliptical. step 31600, energy = -0.34899457542919815
  |->  par_lens = 240, 237, 238
[TDSE] Running TDSE-SH-elliptical. step 31800, energy = -0.36971123321474314
  |->  par_lens = 226, 226, 231
[TDSE] Running TDSE-SH-elliptical. step 32000, energy = -0.3870625198705077
  |->  par_lens = 222, 224, 227
[TDSE] Running TDSE-SH-elliptical. step 32200, energy = -0.3820700579755636
  |->  par_lens = 227, 226, 228
[TDSE] Running TDSE-SH-elliptical. step 32400, energy = -0.36194570349826627
  |->  par_lens = 235, 229, 231
[TDSE] Running TDSE-SH-elliptical. step 32600, energy = -0.3516770006484518
  |->  par_lens = 247, 242, 245
[TDSE] Running TDSE-SH-elliptical. step 32800, energy = -0.3661153855966484
  |->  par_lens = 256, 258, 256
[TDSE] Running TDSE-SH-elliptical. step 33000, energy = -0.3949811313892869
  |->  par_lens = 263, 258, 265
[TDSE] Running TDSE-SH-elliptical. step 33200, energy = -0.4156894845684047
  |->  par_lens = 268, 263, 271
[TDSE] Running TDSE-SH-elliptical. step 33400, energy = -0.41826153241170577
  |->  par_lens = 264, 261, 268
[TDSE] Running TDSE-SH-elliptical. step 33600, energy = -0.413068308553485
  |->  par_lens = 259, 255, 259
[TDSE] Running TDSE-SH-elliptical. step 33800, energy = -0.4155321865023206
  |->  par_lens = 245, 247, 252
[TDSE] Running TDSE-SH-elliptical. step 34000, energy = -0.42775322524690945
  |->  par_lens = 239, 234, 248
[TDSE] Running TDSE-SH-elliptical. step 34200, energy = -0.4377578924088332
  |->  par_lens = 232, 229, 235
[TDSE] Running TDSE-SH-elliptical. step 34400, energy = -0.43541532225133056
  |->  par_lens = 230, 227, 235
[TDSE] Running TDSE-SH-elliptical. step 34600, energy = -0.4248901263413847
  |->  par_lens = 234, 237, 242
[TDSE] Running TDSE-SH-elliptical. step 34800, energy = -0.4198365533660954
  |->  par_lens = 247, 247, 246
[TDSE] Running TDSE-SH-elliptical. step 35000, energy = -0.428359504458915
  |->  par_lens = 257, 260, 256
[TDSE] Running TDSE-SH-elliptical. step 35200, energy = -0.4452378838243938
  |->  par_lens = 263, 266, 267
[TDSE] Running TDSE-SH-elliptical. step 35400, energy = -0.45891134574347636
  |->  par_lens = 269, 268, 269
[TDSE] Running TDSE-SH-elliptical. step 35600, energy = -0.4637479557999103
  |->  par_lens = 267, 268, 269
[TDSE] Running TDSE-SH-elliptical. step 35800, energy = -0.46383544442609315
  |->  par_lens = 269, 260, 260
[TDSE] Running TDSE-SH-elliptical. step 36000, energy = -0.4658687507488109
  |->  par_lens = 260, 257, 257
[TDSE] Running TDSE-SH-elliptical. step 36200, energy = -0.47096968991982424
  |->  par_lens = 252, 247, 249
[TDSE] Running TDSE-SH-elliptical. step 36400, energy = -0.4745616437538031
  |->  par_lens = 249, 244, 246
[TDSE] Running TDSE-SH-elliptical. step 36600, energy = -0.473050509050676
  |->  par_lens = 239, 242, 244
[TDSE] Running TDSE-SH-elliptical. step 36800, energy = -0.4685602554595727
  |->  par_lens = 245, 240, 246
[TDSE] Running TDSE-SH-elliptical. step 37000, energy = -0.4666619639031541
  |->  par_lens = 250, 247, 252
[TDSE] Running TDSE-SH-elliptical. step 37200, energy = -0.4704725843420924
  |->  par_lens = 256, 254, 255
[TDSE] Running TDSE-SH-elliptical. step 37400, energy = -0.4779897884389824
  |->  par_lens = 260, 259, 257
[TDSE] Running TDSE-SH-elliptical. step 37600, energy = -0.48486654609599955
  |->  par_lens = 264, 261, 259
[TDSE] Running TDSE-SH-elliptical. step 37800, energy = -0.4887113722887565
  |->  par_lens = 264, 261, 257
[TDSE] Running TDSE-SH-elliptical. step 38000, energy = -0.4903196306504768
  |->  par_lens = 254, 259, 260
[TDSE] Running TDSE-SH-elliptical. step 38200, energy = -0.49145688168941654
  |->  par_lens = 254, 249, 252
[TDSE] Running TDSE-SH-elliptical. step 38400, energy = -0.4925453757302108
  |->  par_lens = 246, 243, 246
[TDSE] Running TDSE-SH-elliptical. step 38600, energy = -0.49272598643456744
  |->  par_lens = 236, 237, 241
[TDSE] Running TDSE-SH-elliptical. step 38800, energy = -0.49155713434986553
  |->  par_lens = 231, 234, 236
[TDSE] Running TDSE-SH-elliptical. step 39000, energy = -0.489946965210866
  |->  par_lens = 228, 233, 235
[TDSE] Running TDSE-SH-elliptical. step 39200, energy = -0.4893595741468766
  |->  par_lens = 233, 231, 235
[TDSE] Running TDSE-SH-elliptical. step 39400, energy = -0.4904483063371568
  |->  par_lens = 233, 235, 235
[TDSE] Running TDSE-SH-elliptical. step 39600, energy = -0.49264997991217974
  |->  par_lens = 237, 238, 241
[TDSE] Running TDSE-SH-elliptical. step 39800, energy = -0.49490534443379497
  |->  par_lens = 239, 241, 238
[TDSE] Running TDSE-SH-elliptical. step 40000, energy = -0.4965285958320829
  |->  par_lens = 238, 240, 237
[TDSE] Running TDSE-SH-elliptical. step 40200, energy = -0.49742208364740303
  |->  par_lens = 235, 238, 235
[TDSE] Running TDSE-SH-elliptical. step 40400, energy = -0.49775443575999145
  |->  par_lens = 233, 235, 231
[TDSE] Running TDSE-SH-elliptical. step 40600, energy = -0.49766791243110514
  |->  par_lens = 232, 234, 228
[TDSE] Running TDSE-SH-elliptical. step 40800, energy = -0.49727535986229693
  |->  par_lens = 233, 234, 228
[TDSE] Running TDSE-SH-elliptical. step 41000, energy = -0.4967612534587973
  |->  par_lens = 232, 236, 231
[TDSE] Running TDSE-SH-elliptical. step 41200, energy = -0.49635567239961276
  |->  par_lens = 231, 233, 232
[TDSE] Running TDSE-SH-elliptical. step 41400, energy = -0.49620839397534167
  |->  par_lens = 232, 236, 234
[TDSE] Running TDSE-SH-elliptical. step 41600, energy = -0.49631060672818356
  |->  par_lens = 235, 237, 235
[TDSE] Running TDSE-SH-elliptical. step 41800, energy = -0.4965426587484909
  |->  par_lens = 235, 239, 236
[TDSE] Running TDSE-SH-elliptical. step 42000, energy = -0.4967741705318796
  |->  par_lens = 236, 240, 236
[TDSE] Running TDSE-SH-elliptical. step 42200, energy = -0.4969269480072408
  |->  par_lens = 237, 241, 237
[TDSE] Running TDSE-SH-elliptical. step 42400, energy = -0.4969901632951429
  |->  par_lens = 237, 241, 237
[TDSE] Running TDSE-SH-elliptical. step 42600, energy = -0.4969936411727733
  |->  par_lens = 239, 241, 237
[TDSE] Running TDSE-SH-elliptical. step 42800, energy = -0.49697751463686635
  |->  par_lens = 239, 242, 238
[TDSE] Running TDSE-SH-elliptical. step 43000, energy = -0.49696645589928656
  |->  par_lens = 239, 242, 239
[TDSE] Running TDSE-SH-elliptical. step 43200, energy = -0.4969607036362168
  |->  par_lens = 241, 243, 241
[TDSE] Running TDSE-SH-elliptical. step 43400, energy = -0.4969558637779818
  |->  par_lens = 242, 246, 244
[TDSE] Running TDSE-SH-elliptical. step 43600, energy = -0.49695167773416987
  |->  par_lens = 243, 249, 245
[TDSE] Running TDSE-SH-elliptical. step 43800, energy = -0.49694714587985656
  |->  par_lens = 245, 250, 246
[TDSE] Running TDSE-SH-elliptical. step 44000, energy = -0.49694274885739503
  |->  par_lens = 247, 249, 249
[TDSE] Running TDSE-SH-elliptical. step 44200, energy = -0.4969386368963033
  |->  par_lens = 247, 251, 252
[TDSE] Running TDSE-SH-elliptical. step 44400, energy = -0.49693576993963856
  |->  par_lens = 250, 252, 254
[TDSE] Running TDSE-SH-elliptical. step 44600, energy = -0.49693456252512413
  |->  par_lens = 252, 252, 255
[TDSE] Running TDSE-SH-elliptical. step 44800, energy = -0.496933983700176
  |->  par_lens = 252, 253, 255
[TDSE] Running TDSE-SH-elliptical. step 45000, energy = -0.4969325400432648
  |->  par_lens = 253, 255, 255
