  Activating project at `~/JuliaProp_v0.1`
[ITP]: 10000.500151030976
[ITP]: 3.0490838964780664e-8
[ITP]: 7.575335692067142e-9
Energy of ground state: -0.5001510690415283
[TDSE] Start TDSE-SH for elliptical polarized laser. It may cost a plenty of time.
[TDSE] Running TDSE-SH-elliptical. step 0, energy = -0.5001510690415277
  |->  par_lens = 2, 2, 2
[TDSE] Running TDSE-SH-elliptical. step 200, energy = -0.5001510690413828
  |->  par_lens = 2, 2, 2
[TDSE] Running TDSE-SH-elliptical. step 400, energy = -0.5001510690411375
  |->  par_lens = 2, 2, 2
[TDSE] Running TDSE-SH-elliptical. step 600, energy = -0.500151069039918
  |->  par_lens = 2, 2, 2
[TDSE] Running TDSE-SH-elliptical. step 800, energy = -0.5001510690341062
  |->  par_lens = 2, 2, 2
[TDSE] Running TDSE-SH-elliptical. step 1000, energy = -0.5001510690142372
  |->  par_lens = 2, 2, 2
[TDSE] Running TDSE-SH-elliptical. step 1200, energy = -0.5001510689602197
  |->  par_lens = 2, 2, 2
[TDSE] Running TDSE-SH-elliptical. step 1400, energy = -0.5001510688353601
  |->  par_lens = 2, 2, 2
[TDSE] Running TDSE-SH-elliptical. step 1600, energy = -0.5001510685789635
  |->  par_lens = 2, 2, 2
[TDSE] Running TDSE-SH-elliptical. step 1800, energy = -0.5001510680970392
  |->  par_lens = 2, 2, 2
[TDSE] Running TDSE-SH-elliptical. step 2000, energy = -0.5001510672553686
  |->  par_lens = 2, 2, 2
[TDSE] Running TDSE-SH-elliptical. step 2200, energy = -0.5001510658613973
  |->  par_lens = 2, 2, 2
[TDSE] Running TDSE-SH-elliptical. step 2400, energy = -0.5001510636670214
  |->  par_lens = 2, 2, 2
[TDSE] Running TDSE-SH-elliptical. step 2600, energy = -0.5001510603407431
  |->  par_lens = 2, 2, 2
[TDSE] Running TDSE-SH-elliptical. step 2800, energy = -0.5001510554643623
  |->  par_lens = 2, 2, 2
[TDSE] Running TDSE-SH-elliptical. step 3000, energy = -0.5001510485372569
  |->  par_lens = 2, 2, 2
[TDSE] Running TDSE-SH-elliptical. step 3200, energy = -0.5001510389128931
  |->  par_lens = 2, 2, 2
[TDSE] Running TDSE-SH-elliptical. step 3400, energy = -0.5001510259060952
  |->  par_lens = 2, 2, 2
[TDSE] Running TDSE-SH-elliptical. step 3600, energy = -0.5001510085859877
  |->  par_lens = 2, 2, 2
[TDSE] Running TDSE-SH-elliptical. step 3800, energy = -0.5001509860051573
  |->  par_lens = 2, 2, 2
[TDSE] Running TDSE-SH-elliptical. step 4000, energy = -0.500150957131133
  |->  par_lens = 2, 2, 2
[TDSE] Running TDSE-SH-elliptical. step 4200, energy = -0.5001509204780094
  |->  par_lens = 2, 2, 2
[TDSE] Running TDSE-SH-elliptical. step 4400, energy = -0.5001508749522774
  |->  par_lens = 2, 2, 2
[TDSE] Running TDSE-SH-elliptical. step 4600, energy = -0.5001508188806143
  |->  par_lens = 2, 2, 2
[TDSE] Running TDSE-SH-elliptical. step 4800, energy = -0.5001507507233348
  |->  par_lens = 2, 2, 2
[TDSE] Running TDSE-SH-elliptical. step 5000, energy = -0.5001506687998039
  |->  par_lens = 2, 2, 2
[TDSE] Running TDSE-SH-elliptical. step 5200, energy = -0.5001505709495627
  |->  par_lens = 2, 2, 2
[TDSE] Running TDSE-SH-elliptical. step 5400, energy = -0.5001504563939337
  |->  par_lens = 2, 2, 2
[TDSE] Running TDSE-SH-elliptical. step 5600, energy = -0.5001503217922714
  |->  par_lens = 2, 2, 2
[TDSE] Running TDSE-SH-elliptical. step 5800, energy = -0.5001501658970188
  |->  par_lens = 2, 2, 2
[TDSE] Running TDSE-SH-elliptical. step 6000, energy = -0.5001499877246757
  |->  par_lens = 2, 2, 2
[TDSE] Running TDSE-SH-elliptical. step 6200, energy = -0.5001497835347045
  |->  par_lens = 2, 2, 2
[TDSE] Running TDSE-SH-elliptical. step 6400, energy = -0.5001495533688609
  |->  par_lens = 2, 2, 2
[TDSE] Running TDSE-SH-elliptical. step 6600, energy = -0.5001492936650931
  |->  par_lens = 2, 2, 2
[TDSE] Running TDSE-SH-elliptical. step 6800, energy = -0.5001490050937982
  |->  par_lens = 2, 2, 2
[TDSE] Running TDSE-SH-elliptical. step 7000, energy = -0.5001486852851522
  |->  par_lens = 2, 2, 2
[TDSE] Running TDSE-SH-elliptical. step 7200, energy = -0.5001483301999128
  |->  par_lens = 2, 2, 2
[TDSE] Running TDSE-SH-elliptical. step 7400, energy = -0.5001479454273696
  |->  par_lens = 2, 2, 2
[TDSE] Running TDSE-SH-elliptical. step 7600, energy = -0.5001475235136155
  |->  par_lens = 2, 2, 2
[TDSE] Running TDSE-SH-elliptical. step 7800, energy = -0.5001470673555
  |->  par_lens = 2, 2, 2
[TDSE] Running TDSE-SH-elliptical. step 8000, energy = -0.5001465778197056
  |->  par_lens = 2, 2, 2
[TDSE] Running TDSE-SH-elliptical. step 8200, energy = -0.5001460500985685
  |->  par_lens = 2, 2, 2
[TDSE] Running TDSE-SH-elliptical. step 8400, energy = -0.5001454927226862
  |->  par_lens = 2, 2, 2
[TDSE] Running TDSE-SH-elliptical. step 8600, energy = -0.50014489697684
  |->  par_lens = 2, 2, 2
[TDSE] Running TDSE-SH-elliptical. step 8800, energy = -0.5001442726502124
  |->  par_lens = 2, 2, 2
[TDSE] Running TDSE-SH-elliptical. step 9000, energy = -0.5001436165522655
  |->  par_lens = 2, 2, 2
[TDSE] Running TDSE-SH-elliptical. step 9200, energy = -0.5001429257737323
  |->  par_lens = 2, 2, 2
[TDSE] Running TDSE-SH-elliptical. step 9400, energy = -0.5001422200065777
  |->  par_lens = 2, 2, 2
[TDSE] Running TDSE-SH-elliptical. step 9600, energy = -0.5001414784732521
  |->  par_lens = 4, 2, 2
[TDSE] Running TDSE-SH-elliptical. step 9800, energy = -0.5001407166981936
  |->  par_lens = 4, 2, 2
[TDSE] Running TDSE-SH-elliptical. step 10000, energy = -0.5001399409462954
  |->  par_lens = 4, 3, 3
[TDSE] Running TDSE-SH-elliptical. step 10200, energy = -0.5001389588531553
  |->  par_lens = 4, 3, 3
[TDSE] Running TDSE-SH-elliptical. step 10400, energy = -0.500136771591923
  |->  par_lens = 4, 3, 3
[TDSE] Running TDSE-SH-elliptical. step 10600, energy = -0.5001348032787826
  |->  par_lens = 4, 3, 3
[TDSE] Running TDSE-SH-elliptical. step 10800, energy = -0.5001373392730961
  |->  par_lens = 4, 3, 3
[TDSE] Running TDSE-SH-elliptical. step 11000, energy = -0.500144917508737
  |->  par_lens = 4, 3, 3
[TDSE] Running TDSE-SH-elliptical. step 11200, energy = -0.5001428121556124
  |->  par_lens = 4, 3, 3
[TDSE] Running TDSE-SH-elliptical. step 11400, energy = -0.5001111198291266
  |->  par_lens = 4, 3, 3
[TDSE] Running TDSE-SH-elliptical. step 11600, energy = -0.5000620942388145
  |->  par_lens = 4, 3, 3
[TDSE] Running TDSE-SH-elliptical. step 11800, energy = -0.5000408310428383
  |->  par_lens = 4, 4, 3
[TDSE] Running TDSE-SH-elliptical. step 12000, energy = -0.5000229732561691
  |->  par_lens = 4, 4, 3
[TDSE] Running TDSE-SH-elliptical. step 12200, energy = -0.49982757925458593
  |->  par_lens = 5, 5, 5
[TDSE] Running TDSE-SH-elliptical. step 12400, energy = -0.49927194394103874
  |->  par_lens = 5, 5, 6
[TDSE] Running TDSE-SH-elliptical. step 12600, energy = -0.49853046328646067
  |->  par_lens = 7, 7, 7
[TDSE] Running TDSE-SH-elliptical. step 12800, energy = -0.49819699058318506
  |->  par_lens = 7, 7, 7
[TDSE] Running TDSE-SH-elliptical. step 13000, energy = -0.49865349199975856
  |->  par_lens = 8, 7, 7
[TDSE] Running TDSE-SH-elliptical. step 13200, energy = -0.49931845059002566
  |->  par_lens = 8, 7, 7
[TDSE] Running TDSE-SH-elliptical. step 13400, energy = -0.4989386594596786
  |->  par_lens = 9, 7, 7
[TDSE] Running TDSE-SH-elliptical. step 13600, energy = -0.4971000948651726
  |->  par_lens = 9, 8, 7
[TDSE] Running TDSE-SH-elliptical. step 13800, energy = -0.4952659552834893
  |->  par_lens = 10, 8, 8
[TDSE] Running TDSE-SH-elliptical. step 14000, energy = -0.49539673540808205
  |->  par_lens = 10, 10, 9
[TDSE] Running TDSE-SH-elliptical. step 14200, energy = -0.4971619749273656
  |->  par_lens = 10, 10, 9
[TDSE] Running TDSE-SH-elliptical. step 14400, energy = -0.49726288994638274
  |->  par_lens = 10, 10, 9
[TDSE] Running TDSE-SH-elliptical. step 14600, energy = -0.49295142685334736
  |->  par_lens = 10, 10, 10
[TDSE] Running TDSE-SH-elliptical. step 14800, energy = -0.48635000587811084
  |->  par_lens = 13, 12, 13
[TDSE] Running TDSE-SH-elliptical. step 15000, energy = -0.4835105669386713
  |->  par_lens = 15, 14, 14
[TDSE] Running TDSE-SH-elliptical. step 15200, energy = -0.4875992303808903
  |->  par_lens = 17, 18, 17
[TDSE] Running TDSE-SH-elliptical. step 15400, energy = -0.4935946754837291
  |->  par_lens = 19, 20, 19
[TDSE] Running TDSE-SH-elliptical. step 15600, energy = -0.49243777945029077
  |->  par_lens = 20, 21, 19
[TDSE] Running TDSE-SH-elliptical. step 15800, energy = -0.4819792463165966
  |->  par_lens = 20, 20, 19
[TDSE] Running TDSE-SH-elliptical. step 16000, energy = -0.47162988856111976
  |->  par_lens = 19, 20, 21
[TDSE] Running TDSE-SH-elliptical. step 16200, energy = -0.4727251900789095
  |->  par_lens = 23, 24, 20
[TDSE] Running TDSE-SH-elliptical. step 16400, energy = -0.48363861636200184
  |->  par_lens = 23, 24, 26
[TDSE] Running TDSE-SH-elliptical. step 16600, energy = -0.4885329773899736
  |->  par_lens = 23, 25, 25
[TDSE] Running TDSE-SH-elliptical. step 16800, energy = -0.474881671481048
  |->  par_lens = 25, 25, 25
[TDSE] Running TDSE-SH-elliptical. step 17000, energy = -0.4510495494924524
  |->  par_lens = 26, 26, 27
[TDSE] Running TDSE-SH-elliptical. step 17200, energy = -0.4405444176924715
  |->  par_lens = 30, 30, 32
[TDSE] Running TDSE-SH-elliptical. step 17400, energy = -0.45507095764838235
  |->  par_lens = 39, 42, 36
[TDSE] Running TDSE-SH-elliptical. step 17600, energy = -0.4772166199704086
  |->  par_lens = 44, 45, 47
[TDSE] Running TDSE-SH-elliptical. step 17800, energy = -0.476890155355896
  |->  par_lens = 45, 46, 49
[TDSE] Running TDSE-SH-elliptical. step 18000, energy = -0.4471216526476745
  |->  par_lens = 44, 43, 44
[TDSE] Running TDSE-SH-elliptical. step 18200, energy = -0.41686747076525976
  |->  par_lens = 43, 43, 42
[TDSE] Running TDSE-SH-elliptical. step 18400, energy = -0.4196179720080805
  |->  par_lens = 50, 51, 51
[TDSE] Running TDSE-SH-elliptical. step 18600, energy = -0.4517814707556061
  |->  par_lens = 61, 60, 58
[TDSE] Running TDSE-SH-elliptical. step 18800, energy = -0.47081640097763194
  |->  par_lens = 63, 66, 65
[TDSE] Running TDSE-SH-elliptical. step 19000, energy = -0.4431991940027384
  |->  par_lens = 60, 62, 63
[TDSE] Running TDSE-SH-elliptical. step 19200, energy = -0.3886021539826087
  |->  par_lens = 54, 55, 53
[TDSE] Running TDSE-SH-elliptical. step 19400, energy = -0.36335921334825816
  |->  par_lens = 64, 67, 62
[TDSE] Running TDSE-SH-elliptical. step 19600, energy = -0.39568241928407194
  |->  par_lens = 83, 82, 84
[TDSE] Running TDSE-SH-elliptical. step 19800, energy = -0.44754668328351305
  |->  par_lens = 97, 97, 101
[TDSE] Running TDSE-SH-elliptical. step 20000, energy = -0.4526224829839055
  |->  par_lens = 101, 98, 102
[TDSE] Running TDSE-SH-elliptical. step 20200, energy = -0.3947380894969571
  |->  par_lens = 97, 94, 96
[TDSE] Running TDSE-SH-elliptical. step 20400, energy = -0.3337240637947136
  |->  par_lens = 79, 82, 81
[TDSE] Running TDSE-SH-elliptical. step 20600, energy = -0.3374282428408004
  |->  par_lens = 101, 104, 103
[TDSE] Running TDSE-SH-elliptical. step 20800, energy = -0.4016996791796211
  |->  par_lens = 129, 127, 125
[TDSE] Running TDSE-SH-elliptical. step 21000, energy = -0.44536901073091467
  |->  par_lens = 136, 137, 136
[TDSE] Running TDSE-SH-elliptical. step 21200, energy = -0.40402283397187067
  |->  par_lens = 135, 131, 132
[TDSE] Running TDSE-SH-elliptical. step 21400, energy = -0.3106677461814096
  |->  par_lens = 117, 119, 114
[TDSE] Running TDSE-SH-elliptical. step 21600, energy = -0.2657454120537654
  |->  par_lens = 112, 116, 116
[TDSE] Running TDSE-SH-elliptical. step 21800, energy = -0.31842212347240334
  |->  par_lens = 154, 156, 154
[TDSE] Running TDSE-SH-elliptical. step 22000, energy = -0.40892452933402607
  |->  par_lens = 181, 182, 186
[TDSE] Running TDSE-SH-elliptical. step 22200, energy = -0.42526347902701833
  |->  par_lens = 189, 187, 192
[TDSE] Running TDSE-SH-elliptical. step 22400, energy = -0.3386529917561369
  |->  par_lens = 185, 180, 185
[TDSE] Running TDSE-SH-elliptical. step 22600, energy = -0.24348957019154666
  |->  par_lens = 152, 158, 153
[TDSE] Running TDSE-SH-elliptical. step 22800, energy = -0.24646035586480436
  |->  par_lens = 161, 170, 166
[TDSE] Running TDSE-SH-elliptical. step 23000, energy = -0.344462864443007
  |->  par_lens = 216, 216, 214
[TDSE] Running TDSE-SH-elliptical. step 23200, energy = -0.41834496735909227
  |->  par_lens = 234, 231, 232
[TDSE] Running TDSE-SH-elliptical. step 23400, energy = -0.36964752872816053
  |->  par_lens = 230, 230, 230
[TDSE] Running TDSE-SH-elliptical. step 23600, energy = -0.24174164194697234
  |->  par_lens = 212, 204, 214
[TDSE] Running TDSE-SH-elliptical. step 23800, energy = -0.17802271803714864
  |->  par_lens = 198, 196, 193
[TDSE] Running TDSE-SH-elliptical. step 24000, energy = -0.24612572103206484
  |->  par_lens = 235, 227, 236
[TDSE] Running TDSE-SH-elliptical. step 24200, energy = -0.3721335336282611
  |->  par_lens = 276, 276, 275
[TDSE] Running TDSE-SH-elliptical. step 24400, energy = -0.40354955879867105
  |->  par_lens = 286, 282, 284
[TDSE] Running TDSE-SH-elliptical. step 24600, energy = -0.29868875313436405
  |->  par_lens = 276, 274, 272
[TDSE] Running TDSE-SH-elliptical. step 24800, energy = -0.17752208775157635
  |->  par_lens = 244, 246, 248
[TDSE] Running TDSE-SH-elliptical. step 25000, energy = -0.17821249489047972
  |->  par_lens = 253, 250, 251
[TDSE] Running TDSE-SH-elliptical. step 25200, energy = -0.298634313905149
  |->  par_lens = 295, 298, 300
[TDSE] Running TDSE-SH-elliptical. step 25400, energy = -0.39812699223622794
  |->  par_lens = 322, 320, 319
[TDSE] Running TDSE-SH-elliptical. step 25600, energy = -0.35245550016312954
  |->  par_lens = 320, 321, 318
[TDSE] Running TDSE-SH-elliptical. step 25800, energy = -0.20802210216477085
  |->  par_lens = 295, 301, 290
[TDSE] Running TDSE-SH-elliptical. step 26000, energy = -0.13286713220100715
  |->  par_lens = 264, 275, 269
[TDSE] Running TDSE-SH-elliptical. step 26200, energy = -0.20583195418591366
  |->  par_lens = 307, 307, 306
[TDSE] Running TDSE-SH-elliptical. step 26400, energy = -0.3500983834727098
  |->  par_lens = 344, 344, 349
[TDSE] Running TDSE-SH-elliptical. step 26600, energy = -0.395005831959006
  |->  par_lens = 354, 351, 350
[TDSE] Running TDSE-SH-elliptical. step 26800, energy = -0.2903691367633979
  |->  par_lens = 344, 343, 337
[TDSE] Running TDSE-SH-elliptical. step 27000, energy = -0.16212645612437507
  |->  par_lens = 317, 312, 318
[TDSE] Running TDSE-SH-elliptical. step 27200, energy = -0.15898614594999216
  |->  par_lens = 327, 311, 318
[TDSE] Running TDSE-SH-elliptical. step 27400, energy = -0.2824172355336478
  |->  par_lens = 358, 349, 349
[TDSE] Running TDSE-SH-elliptical. step 27600, energy = -0.39244632957801595
  |->  par_lens = 369, 365, 368
[TDSE] Running TDSE-SH-elliptical. step 27800, energy = -0.35921455599328317
  |->  par_lens = 366, 369, 367
[TDSE] Running TDSE-SH-elliptical. step 28000, energy = -0.22374192206613966
  |->  par_lens = 351, 347, 350
[TDSE] Running TDSE-SH-elliptical. step 28200, energy = -0.14862394714155705
  |->  par_lens = 336, 340, 332
[TDSE] Running TDSE-SH-elliptical. step 28400, energy = -0.2143325332494019
  |->  par_lens = 360, 358, 351
[TDSE] Running TDSE-SH-elliptical. step 28600, energy = -0.3522461773916245
  |->  par_lens = 373, 375, 370
[TDSE] Running TDSE-SH-elliptical. step 28800, energy = -0.40324671591978767
  |->  par_lens = 381, 380, 377
[TDSE] Running TDSE-SH-elliptical. step 29000, energy = -0.3172012783890517
  |->  par_lens = 376, 377, 373
[TDSE] Running TDSE-SH-elliptical. step 29200, energy = -0.20362623276718486
  |->  par_lens = 362, 359, 359
[TDSE] Running TDSE-SH-elliptical. step 29400, energy = -0.19669345373829844
  |->  par_lens = 365, 361, 353
[TDSE] Running TDSE-SH-elliptical. step 29600, energy = -0.30333338874523247
  |->  par_lens = 375, 369, 369
[TDSE] Running TDSE-SH-elliptical. step 29800, energy = -0.40402820341997175
  |->  par_lens = 383, 379, 379
[TDSE] Running TDSE-SH-elliptical. step 30000, energy = -0.38680312677458323
  |->  par_lens = 379, 378, 375
[TDSE] Running TDSE-SH-elliptical. step 30200, energy = -0.28163387115888683
  |->  par_lens = 371, 370, 368
[TDSE] Running TDSE-SH-elliptical. step 30400, energy = -0.21901878807570155
  |->  par_lens = 363, 354, 359
[TDSE] Running TDSE-SH-elliptical. step 30600, energy = -0.2686255950618866
  |->  par_lens = 376, 368, 368
[TDSE] Running TDSE-SH-elliptical. step 30800, energy = -0.3788554574322763
  |->  par_lens = 379, 381, 381
[TDSE] Running TDSE-SH-elliptical. step 31000, energy = -0.4250347782049213
  |->  par_lens = 385, 382, 385
[TDSE] Running TDSE-SH-elliptical. step 31200, energy = -0.36706900662284714
  |->  par_lens = 382, 379, 379
[TDSE] Running TDSE-SH-elliptical. step 31400, energy = -0.28400760788608403
  |->  par_lens = 373, 369, 368
[TDSE] Running TDSE-SH-elliptical. step 31600, energy = -0.27541461397541117
  |->  par_lens = 368, 364, 365
[TDSE] Running TDSE-SH-elliptical. step 31800, energy = -0.3524698203642896
  |->  par_lens = 374, 382, 381
[TDSE] Running TDSE-SH-elliptical. step 32000, energy = -0.4281246548467865
  |->  par_lens = 375, 389, 385
[TDSE] Running TDSE-SH-elliptical. step 32200, energy = -0.42456184413748244
  |->  par_lens = 382, 390, 384
[TDSE] Running TDSE-SH-elliptical. step 32400, energy = -0.35844853068229743
  |->  par_lens = 368, 379, 372
[TDSE] Running TDSE-SH-elliptical. step 32600, energy = -0.3151828593915841
  |->  par_lens = 365, 370, 366
[TDSE] Running TDSE-SH-elliptical. step 32800, energy = -0.3459859744947871
  |->  par_lens = 372, 373, 373
[TDSE] Running TDSE-SH-elliptical. step 33000, energy = -0.41732409283220595
  |->  par_lens = 380, 387, 382
[TDSE] Running TDSE-SH-elliptical. step 33200, energy = -0.45162993470495894
  |->  par_lens = 382, 380, 380
[TDSE] Running TDSE-SH-elliptical. step 33400, energy = -0.4209076195527987
  |->  par_lens = 374, 384, 380
[TDSE] Running TDSE-SH-elliptical. step 33600, energy = -0.37161511420206533
  |->  par_lens = 371, 373, 374
[TDSE] Running TDSE-SH-elliptical. step 33800, energy = -0.36534436879032217
  |->  par_lens = 369, 366, 375
[TDSE] Running TDSE-SH-elliptical. step 34000, energy = -0.409128432407668
  |->  par_lens = 375, 372, 374
[TDSE] Running TDSE-SH-elliptical. step 34200, energy = -0.4552195698239048
  |->  par_lens = 379, 378, 384
[TDSE] Running TDSE-SH-elliptical. step 34400, energy = -0.45827537806332064
  |->  par_lens = 379, 381, 377
[TDSE] Running TDSE-SH-elliptical. step 34600, energy = -0.42620611374142986
  |->  par_lens = 374, 381, 378
[TDSE] Running TDSE-SH-elliptical. step 34800, energy = -0.4037108991907886
  |->  par_lens = 368, 375, 367
[TDSE] Running TDSE-SH-elliptical. step 35000, energy = -0.41889416253221284
  |->  par_lens = 380, 367, 375
[TDSE] Running TDSE-SH-elliptical. step 35200, energy = -0.45447009730579696
  |->  par_lens = 379, 370, 370
[TDSE] Running TDSE-SH-elliptical. step 35400, energy = -0.4734036111241736
  |->  par_lens = 382, 370, 376
[TDSE] Running TDSE-SH-elliptical. step 35600, energy = -0.4613895577249681
  |->  par_lens = 379, 369, 368
[TDSE] Running TDSE-SH-elliptical. step 35800, energy = -0.44016738036620146
  |->  par_lens = 373, 359, 361
[TDSE] Running TDSE-SH-elliptical. step 36000, energy = -0.4364505217757153
  |->  par_lens = 370, 353, 359
[TDSE] Running TDSE-SH-elliptical. step 36200, energy = -0.4556116049344674
  |->  par_lens = 353, 360, 364
[TDSE] Running TDSE-SH-elliptical. step 36400, energy = -0.47604722495694207
  |->  par_lens = 364, 364, 359
[TDSE] Running TDSE-SH-elliptical. step 36600, energy = -0.480137047340713
  |->  par_lens = 364, 357, 358
[TDSE] Running TDSE-SH-elliptical. step 36800, energy = -0.46968974487130577
  |->  par_lens = 358, 355, 350
[TDSE] Running TDSE-SH-elliptical. step 37000, energy = -0.46189587252083075
  |->  par_lens = 347, 344, 349
[TDSE] Running TDSE-SH-elliptical. step 37200, energy = -0.4669789269865641
  |->  par_lens = 344, 340, 344
[TDSE] Running TDSE-SH-elliptical. step 37400, energy = -0.4792614898149795
  |->  par_lens = 338, 337, 337
[TDSE] Running TDSE-SH-elliptical. step 37600, energy = -0.48632238581609
  |->  par_lens = 325, 335, 333
[TDSE] Running TDSE-SH-elliptical. step 37800, energy = -0.4835745966253555
  |->  par_lens = 316, 320, 322
[TDSE] Running TDSE-SH-elliptical. step 38000, energy = -0.47759453946982106
  |->  par_lens = 304, 307, 317
[TDSE] Running TDSE-SH-elliptical. step 38200, energy = -0.4766015499045315
  |->  par_lens = 292, 294, 295
[TDSE] Running TDSE-SH-elliptical. step 38400, energy = -0.48176030062698316
  |->  par_lens = 284, 289, 283
[TDSE] Running TDSE-SH-elliptical. step 38600, energy = -0.4876307863567186
  |->  par_lens = 278, 282, 273
[TDSE] Running TDSE-SH-elliptical. step 38800, energy = -0.4896818547658277
  |->  par_lens = 268, 268, 268
[TDSE] Running TDSE-SH-elliptical. step 39000, energy = -0.4882568747746222
  |->  par_lens = 253, 255, 253
[TDSE] Running TDSE-SH-elliptical. step 39200, energy = -0.4869617397435589
  |->  par_lens = 234, 250, 246
[TDSE] Running TDSE-SH-elliptical. step 39400, energy = -0.4879244704269029
  |->  par_lens = 221, 236, 227
[TDSE] Running TDSE-SH-elliptical. step 39600, energy = -0.490056993340292
  |->  par_lens = 215, 220, 215
[TDSE] Running TDSE-SH-elliptical. step 39800, energy = -0.49133137619506206
  |->  par_lens = 201, 212, 199
[TDSE] Running TDSE-SH-elliptical. step 40000, energy = -0.4910748547514621
  |->  par_lens = 192, 195, 195
[TDSE] Running TDSE-SH-elliptical. step 40200, energy = -0.490394056955415
  |->  par_lens = 189, 184, 184
[TDSE] Running TDSE-SH-elliptical. step 40400, energy = -0.4902751147910544
  |->  par_lens = 179, 179, 177
[TDSE] Running TDSE-SH-elliptical. step 40600, energy = -0.49086523287341244
  |->  par_lens = 173, 174, 175
[TDSE] Running TDSE-SH-elliptical. step 40800, energy = -0.4915845630340271
  |->  par_lens = 170, 169, 168
[TDSE] Running TDSE-SH-elliptical. step 41000, energy = -0.49197786327921905
  |->  par_lens = 165, 168, 166
[TDSE] Running TDSE-SH-elliptical. step 41200, energy = -0.4920822774956943
  |->  par_lens = 164, 164, 162
[TDSE] Running TDSE-SH-elliptical. step 41400, energy = -0.49210521754544284
  |->  par_lens = 160, 161, 161
[TDSE] Running TDSE-SH-elliptical. step 41600, energy = -0.4921558018761226
  |->  par_lens = 157, 162, 161
[TDSE] Running TDSE-SH-elliptical. step 41800, energy = -0.49219903761395906
  |->  par_lens = 154, 157, 161
[TDSE] Running TDSE-SH-elliptical. step 42000, energy = -0.49221280861746647
  |->  par_lens = 153, 157, 158
[TDSE] Running TDSE-SH-elliptical. step 42200, energy = -0.4922076598330471
  |->  par_lens = 153, 156, 157
[TDSE] Running TDSE-SH-elliptical. step 42400, energy = -0.4922039509746851
  |->  par_lens = 151, 154, 157
[TDSE] Running TDSE-SH-elliptical. step 42600, energy = -0.4922162405359027
  |->  par_lens = 150, 154, 155
[TDSE] Running TDSE-SH-elliptical. step 42800, energy = -0.49223543153014454
  |->  par_lens = 146, 154, 154
[TDSE] Running TDSE-SH-elliptical. step 43000, energy = -0.49224151059573285
  |->  par_lens = 146, 154, 152
[TDSE] Running TDSE-SH-elliptical. step 43200, energy = -0.4922620501441066
  |->  par_lens = 145, 152, 152
[TDSE] Running TDSE-SH-elliptical. step 43400, energy = -0.49227225375171024
  |->  par_lens = 145, 150, 149
[TDSE] Running TDSE-SH-elliptical. step 43600, energy = -0.4922888352637086
  |->  par_lens = 145, 150, 147
[TDSE] Running TDSE-SH-elliptical. step 43800, energy = -0.4923105839214499
  |->  par_lens = 145, 148, 146
[TDSE] Running TDSE-SH-elliptical. step 44000, energy = -0.49232386646502335
  |->  par_lens = 145, 148, 146
[TDSE] Running TDSE-SH-elliptical. step 44200, energy = -0.49235116319175265
  |->  par_lens = 145, 147, 145
[TDSE] Running TDSE-SH-elliptical. step 44400, energy = -0.49236421367903016
  |->  par_lens = 145, 147, 144
[TDSE] Running TDSE-SH-elliptical. step 44600, energy = -0.49238051228828295
  |->  par_lens = 145, 148, 144
[TDSE] Running TDSE-SH-elliptical. step 44800, energy = -0.4923980864709796
  |->  par_lens = 144, 148, 143
[TDSE] Running TDSE-SH-elliptical. step 45000, energy = -0.4924152027913658
  |->  par_lens = 144, 146, 143
