  Activating project at `~/JuliaProp_v0.1`
[ITP]: 10000.500151030976
[ITP]: 3.0490838964780664e-8
[ITP]: 7.575335692067142e-9
Energy of ground state: -0.5001510690415283
[TDSE] Start TDSE-SH for elliptical polarized laser. It may cost a plenty of time.
[TDSE] Running TDSE-SH-elliptical. step 0, energy = -0.5001510690415277
  |->  par_lens = 2, 2, 2
[TDSE] Running TDSE-SH-elliptical. step 200, energy = -0.5001510690413812
  |->  par_lens = 2, 2, 2
[TDSE] Running TDSE-SH-elliptical. step 400, energy = -0.5001510690410109
  |->  par_lens = 2, 2, 2
[TDSE] Running TDSE-SH-elliptical. step 600, energy = -0.5001510690385662
  |->  par_lens = 2, 2, 2
[TDSE] Running TDSE-SH-elliptical. step 800, energy = -0.5001510690269668
  |->  par_lens = 2, 2, 2
[TDSE] Running TDSE-SH-elliptical. step 1000, energy = -0.5001510689889733
  |->  par_lens = 2, 2, 2
[TDSE] Running TDSE-SH-elliptical. step 1200, energy = -0.5001510688905051
  |->  par_lens = 2, 2, 2
[TDSE] Running TDSE-SH-elliptical. step 1400, energy = -0.5001510686738381
  |->  par_lens = 2, 2, 2
[TDSE] Running TDSE-SH-elliptical. step 1600, energy = -0.5001510682505442
  |->  par_lens = 2, 2, 2
[TDSE] Running TDSE-SH-elliptical. step 1800, energy = -0.5001510674932178
  |->  par_lens = 2, 2, 2
[TDSE] Running TDSE-SH-elliptical. step 2000, energy = -0.5001510662345802
  |->  par_lens = 2, 2, 2
[TDSE] Running TDSE-SH-elliptical. step 2200, energy = -0.5001510642497583
  |->  par_lens = 2, 2, 2
[TDSE] Running TDSE-SH-elliptical. step 2400, energy = -0.5001510612748461
  |->  par_lens = 2, 2, 2
[TDSE] Running TDSE-SH-elliptical. step 2600, energy = -0.5001510569806658
  |->  par_lens = 2, 2, 2
[TDSE] Running TDSE-SH-elliptical. step 2800, energy = -0.5001510509830234
  |->  par_lens = 2, 2, 2
[TDSE] Running TDSE-SH-elliptical. step 3000, energy = -0.500151042868237
  |->  par_lens = 2, 2, 2
[TDSE] Running TDSE-SH-elliptical. step 3200, energy = -0.5001510321232804
  |->  par_lens = 2, 2, 2
[TDSE] Running TDSE-SH-elliptical. step 3400, energy = -0.5001510182902125
  |->  par_lens = 2, 2, 2
[TDSE] Running TDSE-SH-elliptical. step 3600, energy = -0.5001510007305064
  |->  par_lens = 2, 2, 2
[TDSE] Running TDSE-SH-elliptical. step 3800, energy = -0.5001509789103482
  |->  par_lens = 2, 2, 2
[TDSE] Running TDSE-SH-elliptical. step 4000, energy = -0.5001509523316091
  |->  par_lens = 2, 2, 2
[TDSE] Running TDSE-SH-elliptical. step 4200, energy = -0.5001509201456052
  |->  par_lens = 2, 2, 2
[TDSE] Running TDSE-SH-elliptical. step 4400, energy = -0.5001508820582987
  |->  par_lens = 2, 2, 2
[TDSE] Running TDSE-SH-elliptical. step 4600, energy = -0.5001508373398105
  |->  par_lens = 2, 2, 2
[TDSE] Running TDSE-SH-elliptical. step 4800, energy = -0.5001507855238789
  |->  par_lens = 2, 2, 2
[TDSE] Running TDSE-SH-elliptical. step 5000, energy = -0.5001507261652833
  |->  par_lens = 2, 2, 2
[TDSE] Running TDSE-SH-elliptical. step 5200, energy = -0.5001506585390594
  |->  par_lens = 2, 2, 2
[TDSE] Running TDSE-SH-elliptical. step 5400, energy = -0.5001505832027229
  |->  par_lens = 2, 2, 2
[TDSE] Running TDSE-SH-elliptical. step 5600, energy = -0.5001504987302896
  |->  par_lens = 2, 2, 2
[TDSE] Running TDSE-SH-elliptical. step 5800, energy = -0.500150405487164
  |->  par_lens = 2, 2, 2
[TDSE] Running TDSE-SH-elliptical. step 6000, energy = -0.5001503041071381
  |->  par_lens = 2, 2, 2
[TDSE] Running TDSE-SH-elliptical. step 6200, energy = -0.500150193264819
  |->  par_lens = 2, 2, 2
[TDSE] Running TDSE-SH-elliptical. step 6400, energy = -0.5001500743731276
  |->  par_lens = 2, 2, 2
[TDSE] Running TDSE-SH-elliptical. step 6600, energy = -0.5001499464648187
  |->  par_lens = 2, 2, 2
[TDSE] Running TDSE-SH-elliptical. step 6800, energy = -0.500149811338145
  |->  par_lens = 2, 2, 2
[TDSE] Running TDSE-SH-elliptical. step 7000, energy = -0.5001496688264014
  |->  par_lens = 2, 2, 2
[TDSE] Running TDSE-SH-elliptical. step 7200, energy = -0.5001495178049792
  |->  par_lens = 2, 2, 2
[TDSE] Running TDSE-SH-elliptical. step 7400, energy = -0.5001493627283572
  |->  par_lens = 2, 2, 2
[TDSE] Running TDSE-SH-elliptical. step 7600, energy = -0.5001492005936844
  |->  par_lens = 2, 2, 2
[TDSE] Running TDSE-SH-elliptical. step 7800, energy = -0.5001490339836946
  |->  par_lens = 2, 2, 2
[TDSE] Running TDSE-SH-elliptical. step 8000, energy = -0.5001488642771712
  |->  par_lens = 2, 2, 2
[TDSE] Running TDSE-SH-elliptical. step 8200, energy = -0.5001486899459291
  |->  par_lens = 2, 2, 2
[TDSE] Running TDSE-SH-elliptical. step 8400, energy = -0.5001485158245598
  |->  par_lens = 2, 2, 2
[TDSE] Running TDSE-SH-elliptical. step 8600, energy = -0.5001483384121808
  |->  par_lens = 2, 2, 2
[TDSE] Running TDSE-SH-elliptical. step 8800, energy = -0.5001481625433243
  |->  par_lens = 2, 2, 2
[TDSE] Running TDSE-SH-elliptical. step 9000, energy = -0.5001479871841327
  |->  par_lens = 2, 2, 2
[TDSE] Running TDSE-SH-elliptical. step 9200, energy = -0.5001478113605635
  |->  par_lens = 2, 2, 2
[TDSE] Running TDSE-SH-elliptical. step 9400, energy = -0.500147643040235
  |->  par_lens = 2, 2, 2
[TDSE] Running TDSE-SH-elliptical. step 9600, energy = -0.5001474739164454
  |->  par_lens = 2, 2, 2
[TDSE] Running TDSE-SH-elliptical. step 9800, energy = -0.5001473097917181
  |->  par_lens = 2, 2, 2
[TDSE] Running TDSE-SH-elliptical. step 10000, energy = -0.5001471526684182
  |->  par_lens = 2, 2, 2
[TDSE] Running TDSE-SH-elliptical. step 10200, energy = -0.5001468908589167
  |->  par_lens = 2, 2, 2
[TDSE] Running TDSE-SH-elliptical. step 10400, energy = -0.5001459271741371
  |->  par_lens = 2, 2, 2
[TDSE] Running TDSE-SH-elliptical. step 10600, energy = -0.5001450261977048
  |->  par_lens = 2, 2, 2
[TDSE] Running TDSE-SH-elliptical. step 10800, energy = -0.500146267309182
  |->  par_lens = 2, 2, 2
[TDSE] Running TDSE-SH-elliptical. step 11000, energy = -0.5001472782740786
  |->  par_lens = 2, 2, 2
[TDSE] Running TDSE-SH-elliptical. step 11200, energy = -0.5001320713102975
  |->  par_lens = 4, 3, 3
[TDSE] Running TDSE-SH-elliptical. step 11400, energy = -0.5000836165579134
  |->  par_lens = 4, 3, 3
[TDSE] Running TDSE-SH-elliptical. step 11600, energy = -0.5000221475444256
  |->  par_lens = 4, 3, 3
[TDSE] Running TDSE-SH-elliptical. step 11800, energy = -0.5000042480337286
  |->  par_lens = 4, 4, 3
[TDSE] Running TDSE-SH-elliptical. step 12000, energy = -0.5000152618049867
  |->  par_lens = 4, 4, 3
[TDSE] Running TDSE-SH-elliptical. step 12200, energy = -0.4998760621695625
  |->  par_lens = 5, 4, 4
[TDSE] Running TDSE-SH-elliptical. step 12400, energy = -0.4993925996278794
  |->  par_lens = 5, 5, 5
[TDSE] Running TDSE-SH-elliptical. step 12600, energy = -0.49871483024803653
  |->  par_lens = 7, 6, 7
[TDSE] Running TDSE-SH-elliptical. step 12800, energy = -0.49840483538532154
  |->  par_lens = 7, 7, 7
[TDSE] Running TDSE-SH-elliptical. step 13000, energy = -0.49881834408046904
  |->  par_lens = 7, 7, 7
[TDSE] Running TDSE-SH-elliptical. step 13200, energy = -0.499366501080566
  |->  par_lens = 7, 7, 7
[TDSE] Running TDSE-SH-elliptical. step 13400, energy = -0.49881744650773224
  |->  par_lens = 7, 7, 7
[TDSE] Running TDSE-SH-elliptical. step 13600, energy = -0.4968075211610834
  |->  par_lens = 8, 8, 7
[TDSE] Running TDSE-SH-elliptical. step 13800, energy = -0.4948670045353841
  |->  par_lens = 10, 10, 8
[TDSE] Running TDSE-SH-elliptical. step 14000, energy = -0.49501604310222397
  |->  par_lens = 10, 10, 9
[TDSE] Running TDSE-SH-elliptical. step 14200, energy = -0.49695172884535993
  |->  par_lens = 9, 9, 8
[TDSE] Running TDSE-SH-elliptical. step 14400, energy = -0.4973504107396185
  |->  par_lens = 9, 10, 8
[TDSE] Running TDSE-SH-elliptical. step 14600, energy = -0.49338432828221707
  |->  par_lens = 10, 10, 10
[TDSE] Running TDSE-SH-elliptical. step 14800, energy = -0.48705943916050887
  |->  par_lens = 13, 12, 13
[TDSE] Running TDSE-SH-elliptical. step 15000, energy = -0.4843126487819631
  |->  par_lens = 14, 13, 13
[TDSE] Running TDSE-SH-elliptical. step 15200, energy = -0.4882391343093727
  |->  par_lens = 16, 16, 14
[TDSE] Running TDSE-SH-elliptical. step 15400, energy = -0.4938265336753648
  |->  par_lens = 17, 17, 16
[TDSE] Running TDSE-SH-elliptical. step 15600, energy = -0.49211610401670214
  |->  par_lens = 18, 17, 17
[TDSE] Running TDSE-SH-elliptical. step 15800, energy = -0.48113007218648896
  |->  par_lens = 18, 17, 16
[TDSE] Running TDSE-SH-elliptical. step 16000, energy = -0.4704689702585312
  |->  par_lens = 19, 19, 20
[TDSE] Running TDSE-SH-elliptical. step 16200, energy = -0.4716117576683483
  |->  par_lens = 20, 22, 21
[TDSE] Running TDSE-SH-elliptical. step 16400, energy = -0.48296894223272513
  |->  par_lens = 24, 23, 25
[TDSE] Running TDSE-SH-elliptical. step 16600, energy = -0.4886063401898693
  |->  par_lens = 23, 25, 25
[TDSE] Running TDSE-SH-elliptical. step 16800, energy = -0.4757816032978268
  |->  par_lens = 23, 25, 26
[TDSE] Running TDSE-SH-elliptical. step 17000, energy = -0.4525859591462317
  |->  par_lens = 24, 25, 27
[TDSE] Running TDSE-SH-elliptical. step 17200, energy = -0.4422867047877231
  |->  par_lens = 30, 30, 30
[TDSE] Running TDSE-SH-elliptical. step 17400, energy = -0.45647014095403315
  |->  par_lens = 38, 39, 35
[TDSE] Running TDSE-SH-elliptical. step 17600, energy = -0.47778013979675277
  |->  par_lens = 40, 42, 46
[TDSE] Running TDSE-SH-elliptical. step 17800, energy = -0.47635569349747087
  |->  par_lens = 41, 43, 44
[TDSE] Running TDSE-SH-elliptical. step 18000, energy = -0.44557293487561256
  |->  par_lens = 39, 41, 39
[TDSE] Running TDSE-SH-elliptical. step 18200, energy = -0.4147378562279711
  |->  par_lens = 43, 42, 42
[TDSE] Running TDSE-SH-elliptical. step 18400, energy = -0.41756895756412454
  |->  par_lens = 52, 53, 51
[TDSE] Running TDSE-SH-elliptical. step 18600, energy = -0.45050225994134413
  |->  par_lens = 61, 63, 57
[TDSE] Running TDSE-SH-elliptical. step 18800, energy = -0.47079318834390665
  |->  par_lens = 61, 64, 66
[TDSE] Running TDSE-SH-elliptical. step 19000, energy = -0.4445370795603065
  |->  par_lens = 60, 63, 63
[TDSE] Running TDSE-SH-elliptical. step 19200, energy = -0.39095820910548623
  |->  par_lens = 60, 57, 55
[TDSE] Running TDSE-SH-elliptical. step 19400, energy = -0.36603622053404183
  |->  par_lens = 66, 65, 64
[TDSE] Running TDSE-SH-elliptical. step 19600, energy = -0.39784282605261695
  |->  par_lens = 84, 82, 83
[TDSE] Running TDSE-SH-elliptical. step 19800, energy = -0.44847821341043204
  |->  par_lens = 93, 96, 100
[TDSE] Running TDSE-SH-elliptical. step 20000, energy = -0.4519776468089151
  |->  par_lens = 100, 96, 102
[TDSE] Running TDSE-SH-elliptical. step 20200, energy = -0.3926741921830303
  |->  par_lens = 96, 92, 93
[TDSE] Running TDSE-SH-elliptical. step 20400, energy = -0.33087351702379275
  |->  par_lens = 81, 82, 76
[TDSE] Running TDSE-SH-elliptical. step 20600, energy = -0.3346842974067816
  |->  par_lens = 98, 100, 101
[TDSE] Running TDSE-SH-elliptical. step 20800, energy = -0.39995157093586226
  |->  par_lens = 130, 125, 124
[TDSE] Running TDSE-SH-elliptical. step 21000, energy = -0.44519896800138864
  |->  par_lens = 137, 134, 139
[TDSE] Running TDSE-SH-elliptical. step 21200, energy = -0.4055203244789098
  |->  par_lens = 134, 136, 135
[TDSE] Running TDSE-SH-elliptical. step 21400, energy = -0.31337423749175775
  |->  par_lens = 120, 122, 128
[TDSE] Running TDSE-SH-elliptical. step 21600, energy = -0.2688097981210468
  |->  par_lens = 115, 118, 118
[TDSE] Running TDSE-SH-elliptical. step 21800, energy = -0.32089534262804
  |->  par_lens = 155, 155, 153
[TDSE] Running TDSE-SH-elliptical. step 22000, energy = -0.4100408193149223
  |->  par_lens = 181, 182, 183
[TDSE] Running TDSE-SH-elliptical. step 22200, energy = -0.42469625266546845
  |->  par_lens = 189, 187, 189
[TDSE] Running TDSE-SH-elliptical. step 22400, energy = -0.3366219415018469
  |->  par_lens = 182, 180, 181
[TDSE] Running TDSE-SH-elliptical. step 22600, energy = -0.24069045483719745
  |->  par_lens = 148, 154, 152
[TDSE] Running TDSE-SH-elliptical. step 22800, energy = -0.24379045104273223
  |->  par_lens = 163, 164, 166
[TDSE] Running TDSE-SH-elliptical. step 23000, energy = -0.34275544710440686
  |->  par_lens = 213, 214, 209
[TDSE] Running TDSE-SH-elliptical. step 23200, energy = -0.4180812735234682
  |->  par_lens = 235, 233, 230
[TDSE] Running TDSE-SH-elliptical. step 23400, energy = -0.3708392121949294
  |->  par_lens = 238, 230, 233
[TDSE] Running TDSE-SH-elliptical. step 23600, energy = -0.24392420541114032
  |->  par_lens = 214, 209, 217
[TDSE] Running TDSE-SH-elliptical. step 23800, energy = -0.18044424144746518
  |->  par_lens = 186, 192, 184
[TDSE] Running TDSE-SH-elliptical. step 24000, energy = -0.24804101598571504
  |->  par_lens = 232, 234, 235
[TDSE] Running TDSE-SH-elliptical. step 24200, energy = -0.3730084225953532
  |->  par_lens = 272, 277, 278
[TDSE] Running TDSE-SH-elliptical. step 24400, energy = -0.4032403794727589
  |->  par_lens = 286, 282, 282
[TDSE] Running TDSE-SH-elliptical. step 24600, energy = -0.29744833272918064
  |->  par_lens = 278, 273, 269
[TDSE] Running TDSE-SH-elliptical. step 24800, energy = -0.17587894204779037
  |->  par_lens = 240, 235, 235
[TDSE] Running TDSE-SH-elliptical. step 25000, energy = -0.1767299652039134
  |->  par_lens = 240, 239, 238
[TDSE] Running TDSE-SH-elliptical. step 25200, energy = -0.29774272234748195
  |->  par_lens = 294, 293, 292
[TDSE] Running TDSE-SH-elliptical. step 25400, energy = -0.39795795033611014
  |->  par_lens = 324, 322, 324
[TDSE] Running TDSE-SH-elliptical. step 25600, energy = -0.3528734835036669
  |->  par_lens = 318, 319, 321
[TDSE] Running TDSE-SH-elliptical. step 25800, energy = -0.20870115017507357
  |->  par_lens = 294, 290, 298
[TDSE] Running TDSE-SH-elliptical. step 26000, energy = -0.13347152225313075
  |->  par_lens = 277, 269, 273
[TDSE] Running TDSE-SH-elliptical. step 26200, energy = -0.20616681568641573
  |->  par_lens = 306, 306, 306
[TDSE] Running TDSE-SH-elliptical. step 26400, energy = -0.35018150257710867
  |->  par_lens = 339, 344, 343
[TDSE] Running TDSE-SH-elliptical. step 26600, energy = -0.3950257189348833
  |->  par_lens = 353, 357, 352
[TDSE] Running TDSE-SH-elliptical. step 26800, energy = -0.29056515888214257
  |->  par_lens = 342, 343, 336
[TDSE] Running TDSE-SH-elliptical. step 27000, energy = -0.1626336222781873
  |->  par_lens = 321, 315, 317
[TDSE] Running TDSE-SH-elliptical. step 27200, energy = -0.15971859955397485
  |->  par_lens = 317, 325, 319
[TDSE] Running TDSE-SH-elliptical. step 27400, energy = -0.2830961847771829
  |->  par_lens = 354, 351, 351
[TDSE] Running TDSE-SH-elliptical. step 27600, energy = -0.39264845064028275
  |->  par_lens = 373, 373, 370
[TDSE] Running TDSE-SH-elliptical. step 27800, energy = -0.3586048066150058
  |->  par_lens = 369, 373, 366
[TDSE] Running TDSE-SH-elliptical. step 28000, energy = -0.2222484046977974
  |->  par_lens = 344, 352, 346
[TDSE] Running TDSE-SH-elliptical. step 28200, energy = -0.14658759979911617
  |->  par_lens = 340, 345, 338
[TDSE] Running TDSE-SH-elliptical. step 28400, energy = -0.2123442700077762
  |->  par_lens = 357, 354, 354
[TDSE] Running TDSE-SH-elliptical. step 28600, energy = -0.3510836394296191
  |->  par_lens = 379, 374, 374
[TDSE] Running TDSE-SH-elliptical. step 28800, energy = -0.4035080526090291
  |->  par_lens = 378, 381, 377
[TDSE] Running TDSE-SH-elliptical. step 29000, energy = -0.31906458680952443
  |->  par_lens = 371, 373, 372
[TDSE] Running TDSE-SH-elliptical. step 29200, energy = -0.2067110511286272
  |->  par_lens = 358, 363, 355
[TDSE] Running TDSE-SH-elliptical. step 29400, energy = -0.2001085027292511
  |->  par_lens = 349, 356, 359
[TDSE] Running TDSE-SH-elliptical. step 29600, energy = -0.3059513610742692
  |->  par_lens = 367, 375, 367
[TDSE] Running TDSE-SH-elliptical. step 29800, energy = -0.40482442651248035
  |->  par_lens = 380, 385, 379
[TDSE] Running TDSE-SH-elliptical. step 30000, energy = -0.38525396654319005
  |->  par_lens = 378, 378, 374
[TDSE] Running TDSE-SH-elliptical. step 30200, energy = -0.2780032327397359
  |->  par_lens = 370, 367, 367
[TDSE] Running TDSE-SH-elliptical. step 30400, energy = -0.21431767028390372
  |->  par_lens = 358, 361, 355
[TDSE] Running TDSE-SH-elliptical. step 30600, energy = -0.2642630750826108
  |->  par_lens = 369, 366, 372
[TDSE] Running TDSE-SH-elliptical. step 30800, energy = -0.37633156088636294
  |->  par_lens = 384, 380, 381
[TDSE] Running TDSE-SH-elliptical. step 31000, energy = -0.4253161176469361
  |->  par_lens = 388, 384, 386
[TDSE] Running TDSE-SH-elliptical. step 31200, energy = -0.3703037492594373
  |->  par_lens = 384, 376, 381
[TDSE] Running TDSE-SH-elliptical. step 31400, energy = -0.2892272962828565
  |->  par_lens = 372, 369, 367
[TDSE] Running TDSE-SH-elliptical. step 31600, energy = -0.28107180025842327
  |->  par_lens = 364, 368, 363
[TDSE] Running TDSE-SH-elliptical. step 31800, energy = -0.35675852082351733
  |->  par_lens = 377, 377, 364
[TDSE] Running TDSE-SH-elliptical. step 32000, energy = -0.429558611257924
  |->  par_lens = 376, 376, 374
[TDSE] Running TDSE-SH-elliptical. step 32200, energy = -0.42251477557061196
  |->  par_lens = 371, 378, 372
[TDSE] Running TDSE-SH-elliptical. step 32400, energy = -0.35344857306222177
  |->  par_lens = 369, 371, 374
[TDSE] Running TDSE-SH-elliptical. step 32600, energy = -0.308737980366653
  |->  par_lens = 369, 371, 371
[TDSE] Running TDSE-SH-elliptical. step 32800, energy = -0.34007283930053533
  |->  par_lens = 380, 383, 368
[TDSE] Running TDSE-SH-elliptical. step 33000, energy = -0.41389112760580665
  |->  par_lens = 385, 390, 387
[TDSE] Running TDSE-SH-elliptical. step 33200, energy = -0.4517361153881774
  |->  par_lens = 387, 390, 390
[TDSE] Running TDSE-SH-elliptical. step 33400, energy = -0.4245036064109403
  |->  par_lens = 386, 385, 381
[TDSE] Running TDSE-SH-elliptical. step 33600, energy = -0.37759799766708996
  |->  par_lens = 369, 382, 376
[TDSE] Running TDSE-SH-elliptical. step 33800, energy = -0.3718355928918032
  |->  par_lens = 366, 376, 368
[TDSE] Running TDSE-SH-elliptical. step 34000, energy = -0.41404777092167555
  |->  par_lens = 369, 367, 367
[TDSE] Running TDSE-SH-elliptical. step 34200, energy = -0.4570068293343329
  |->  par_lens = 376, 374, 372
[TDSE] Running TDSE-SH-elliptical. step 34400, energy = -0.4563586678622438
  |->  par_lens = 376, 368, 367
[TDSE] Running TDSE-SH-elliptical. step 34600, energy = -0.42124120257471637
  |->  par_lens = 368, 364, 368
[TDSE] Running TDSE-SH-elliptical. step 34800, energy = -0.39730117300820306
  |->  par_lens = 369, 368, 365
[TDSE] Running TDSE-SH-elliptical. step 35000, energy = -0.413023018489986
  |->  par_lens = 374, 380, 366
[TDSE] Running TDSE-SH-elliptical. step 35200, energy = -0.45091248998004063
  |->  par_lens = 377, 377, 382
[TDSE] Running TDSE-SH-elliptical. step 35400, energy = -0.4731647463009076
  |->  par_lens = 383, 383, 381
[TDSE] Running TDSE-SH-elliptical. step 35600, energy = -0.46441992650754627
  |->  par_lens = 382, 382, 381
[TDSE] Running TDSE-SH-elliptical. step 35800, energy = -0.4453414633080729
  |->  par_lens = 381, 373, 377
[TDSE] Running TDSE-SH-elliptical. step 36000, energy = -0.4420910086635587
  |->  par_lens = 376, 364, 367
[TDSE] Running TDSE-SH-elliptical. step 36200, energy = -0.4599142732979687
  |->  par_lens = 353, 357, 355
[TDSE] Running TDSE-SH-elliptical. step 36400, energy = -0.47772624000020014
  |->  par_lens = 355, 356, 352
[TDSE] Running TDSE-SH-elliptical. step 36600, energy = -0.4788559769585537
  |->  par_lens = 352, 349, 348
[TDSE] Running TDSE-SH-elliptical. step 36800, energy = -0.4659440408712227
  |->  par_lens = 348, 353, 350
[TDSE] Running TDSE-SH-elliptical. step 37000, energy = -0.4570092702089127
  |->  par_lens = 357, 355, 353
[TDSE] Running TDSE-SH-elliptical. step 37200, energy = -0.4624602833840428
  |->  par_lens = 362, 349, 351
[TDSE] Running TDSE-SH-elliptical. step 37400, energy = -0.4764381512815597
  |->  par_lens = 361, 362, 348
[TDSE] Running TDSE-SH-elliptical. step 37600, energy = -0.48584793278932087
  |->  par_lens = 362, 351, 346
[TDSE] Running TDSE-SH-elliptical. step 37800, energy = -0.4853482625826072
  |->  par_lens = 359, 350, 339
[TDSE] Running TDSE-SH-elliptical. step 38000, energy = -0.4808396486557069
  |->  par_lens = 350, 346, 336
[TDSE] Running TDSE-SH-elliptical. step 38200, energy = -0.4801478517866078
  |->  par_lens = 331, 320, 321
[TDSE] Running TDSE-SH-elliptical. step 38400, energy = -0.4844771459718677
  |->  par_lens = 305, 306, 304
[TDSE] Running TDSE-SH-elliptical. step 38600, energy = -0.48881259008992006
  |->  par_lens = 281, 292, 291
[TDSE] Running TDSE-SH-elliptical. step 38800, energy = -0.4891038427174052
  |->  par_lens = 269, 278, 277
[TDSE] Running TDSE-SH-elliptical. step 39000, energy = -0.48630363161615586
  |->  par_lens = 267, 267, 268
[TDSE] Running TDSE-SH-elliptical. step 39200, energy = -0.4843820665008802
  |->  par_lens = 269, 272, 267
[TDSE] Running TDSE-SH-elliptical. step 39400, energy = -0.4855109857959065
  |->  par_lens = 268, 265, 268
[TDSE] Running TDSE-SH-elliptical. step 39600, energy = -0.4884491798987192
  |->  par_lens = 270, 273, 266
[TDSE] Running TDSE-SH-elliptical. step 39800, energy = -0.49080963782156034
  |->  par_lens = 265, 266, 266
[TDSE] Running TDSE-SH-elliptical. step 40000, energy = -0.4915679684820759
  |->  par_lens = 261, 262, 261
[TDSE] Running TDSE-SH-elliptical. step 40200, energy = -0.49148540383058453
  |->  par_lens = 258, 259, 256
[TDSE] Running TDSE-SH-elliptical. step 40400, energy = -0.4915031679181566
  |->  par_lens = 255, 255, 255
[TDSE] Running TDSE-SH-elliptical. step 40600, energy = -0.4918132717560491
  |->  par_lens = 249, 245, 248
[TDSE] Running TDSE-SH-elliptical. step 40800, energy = -0.4919965460260196
  |->  par_lens = 238, 239, 242
[TDSE] Running TDSE-SH-elliptical. step 41000, energy = -0.49188002002795994
  |->  par_lens = 233, 236, 242
[TDSE] Running TDSE-SH-elliptical. step 41200, energy = -0.49157741812969963
  |->  par_lens = 231, 240, 241
[TDSE] Running TDSE-SH-elliptical. step 41400, energy = -0.4914539865882094
  |->  par_lens = 233, 239, 240
[TDSE] Running TDSE-SH-elliptical. step 41600, energy = -0.4915348810002808
  |->  par_lens = 236, 242, 240
[TDSE] Running TDSE-SH-elliptical. step 41800, energy = -0.49170099078112806
  |->  par_lens = 236, 238, 242
[TDSE] Running TDSE-SH-elliptical. step 42000, energy = -0.4918993103111304
  |->  par_lens = 236, 238, 241
[TDSE] Running TDSE-SH-elliptical. step 42200, energy = -0.49198143138004397
  |->  par_lens = 237, 238, 240
[TDSE] Running TDSE-SH-elliptical. step 42400, energy = -0.49204459410968376
  |->  par_lens = 236, 239, 240
[TDSE] Running TDSE-SH-elliptical. step 42600, energy = -0.49205549156262224
  |->  par_lens = 237, 239, 241
[TDSE] Running TDSE-SH-elliptical. step 42800, energy = -0.4920489747607417
  |->  par_lens = 239, 240, 241
[TDSE] Running TDSE-SH-elliptical. step 43000, energy = -0.4920731397472862
  |->  par_lens = 238, 241, 243
[TDSE] Running TDSE-SH-elliptical. step 43200, energy = -0.49206147367642317
  |->  par_lens = 237, 241, 242
[TDSE] Running TDSE-SH-elliptical. step 43400, energy = -0.4920925580796242
  |->  par_lens = 237, 238, 241
[TDSE] Running TDSE-SH-elliptical. step 43600, energy = -0.49209870328385297
  |->  par_lens = 238, 240, 241
[TDSE] Running TDSE-SH-elliptical. step 43800, energy = -0.4920989110040977
  |->  par_lens = 236, 240, 242
[TDSE] Running TDSE-SH-elliptical. step 44000, energy = -0.4921370243426184
  |->  par_lens = 237, 239, 243
[TDSE] Running TDSE-SH-elliptical. step 44200, energy = -0.49213509617839407
  |->  par_lens = 237, 241, 242
[TDSE] Running TDSE-SH-elliptical. step 44400, energy = -0.4921645591512825
  |->  par_lens = 238, 242, 241
[TDSE] Running TDSE-SH-elliptical. step 44600, energy = -0.4921636361090694
  |->  par_lens = 241, 242, 243
[TDSE] Running TDSE-SH-elliptical. step 44800, energy = -0.49217109225858513
  |->  par_lens = 242, 242, 243
[TDSE] Running TDSE-SH-elliptical. step 45000, energy = -0.49221296345573506
  |->  par_lens = 244, 242, 243
