  Activating project at `~/JuliaProp_v0.1`
[ITP]: 10000.500151030976
[ITP]: 3.0490838964780664e-8
[ITP]: 7.575335692067142e-9
Energy of ground state: -0.5001510690415283
[TDSE] Start TDSE-SH for elliptical polarized laser. It may cost a plenty of time.
[TDSE] Running TDSE-SH-elliptical. step 0, energy = -0.5001510690415277
  |->  par_lens = 2, 2, 2
[TDSE] Running TDSE-SH-elliptical. step 200, energy = -0.5001510690413833
  |->  par_lens = 2, 2, 2
[TDSE] Running TDSE-SH-elliptical. step 400, energy = -0.5001510690411693
  |->  par_lens = 2, 2, 2
[TDSE] Running TDSE-SH-elliptical. step 600, energy = -0.5001510690403683
  |->  par_lens = 2, 2, 2
[TDSE] Running TDSE-SH-elliptical. step 800, energy = -0.5001510690369987
  |->  par_lens = 2, 2, 2
[TDSE] Running TDSE-SH-elliptical. step 1000, energy = -0.5001510690264189
  |->  par_lens = 2, 2, 2
[TDSE] Running TDSE-SH-elliptical. step 1200, energy = -0.5001510689998692
  |->  par_lens = 2, 2, 2
[TDSE] Running TDSE-SH-elliptical. step 1400, energy = -0.5001510689431126
  |->  par_lens = 2, 2, 2
[TDSE] Running TDSE-SH-elliptical. step 1600, energy = -0.5001510688353389
  |->  par_lens = 2, 2, 2
[TDSE] Running TDSE-SH-elliptical. step 1800, energy = -0.5001510686479199
  |->  par_lens = 2, 2, 2
[TDSE] Running TDSE-SH-elliptical. step 2000, energy = -0.5001510683453985
  |->  par_lens = 2, 2, 2
[TDSE] Running TDSE-SH-elliptical. step 2200, energy = -0.5001510678822336
  |->  par_lens = 2, 2, 2
[TDSE] Running TDSE-SH-elliptical. step 2400, energy = -0.5001510672088241
  |->  par_lens = 2, 2, 2
[TDSE] Running TDSE-SH-elliptical. step 2600, energy = -0.5001510662666351
  |->  par_lens = 2, 2, 2
[TDSE] Running TDSE-SH-elliptical. step 2800, energy = -0.5001510649918484
  |->  par_lens = 2, 2, 2
[TDSE] Running TDSE-SH-elliptical. step 3000, energy = -0.5001510633229531
  |->  par_lens = 2, 2, 2
[TDSE] Running TDSE-SH-elliptical. step 3200, energy = -0.5001510611858465
  |->  par_lens = 2, 2, 2
[TDSE] Running TDSE-SH-elliptical. step 3400, energy = -0.5001510585287001
  |->  par_lens = 2, 2, 2
[TDSE] Running TDSE-SH-elliptical. step 3600, energy = -0.500151055272793
  |->  par_lens = 2, 2, 2
[TDSE] Running TDSE-SH-elliptical. step 3800, energy = -0.5001510513720454
  |->  par_lens = 2, 2, 2
[TDSE] Running TDSE-SH-elliptical. step 4000, energy = -0.5001510467986567
  |->  par_lens = 2, 2, 2
[TDSE] Running TDSE-SH-elliptical. step 4200, energy = -0.5001510414671956
  |->  par_lens = 2, 2, 2
[TDSE] Running TDSE-SH-elliptical. step 4400, energy = -0.5001510354086243
  |->  par_lens = 2, 2, 2
[TDSE] Running TDSE-SH-elliptical. step 4600, energy = -0.5001510285825572
  |->  par_lens = 2, 2, 2
[TDSE] Running TDSE-SH-elliptical. step 4800, energy = -0.5001510210028107
  |->  par_lens = 2, 2, 2
[TDSE] Running TDSE-SH-elliptical. step 5000, energy = -0.5001510126951932
  |->  par_lens = 2, 2, 2
[TDSE] Running TDSE-SH-elliptical. step 5200, energy = -0.5001510036442903
  |->  par_lens = 2, 2, 2
[TDSE] Running TDSE-SH-elliptical. step 5400, energy = -0.5001509940449113
  |->  par_lens = 2, 2, 2
[TDSE] Running TDSE-SH-elliptical. step 5600, energy = -0.500150983778042
  |->  par_lens = 2, 2, 2
[TDSE] Running TDSE-SH-elliptical. step 5800, energy = -0.5001509730031454
  |->  par_lens = 2, 2, 2
[TDSE] Running TDSE-SH-elliptical. step 6000, energy = -0.5001509619138078
  |->  par_lens = 2, 2, 2
[TDSE] Running TDSE-SH-elliptical. step 6200, energy = -0.500150950412371
  |->  par_lens = 2, 2, 2
[TDSE] Running TDSE-SH-elliptical. step 6400, energy = -0.5001509387781343
  |->  par_lens = 2, 2, 2
[TDSE] Running TDSE-SH-elliptical. step 6600, energy = -0.5001509269623029
  |->  par_lens = 2, 2, 2
[TDSE] Running TDSE-SH-elliptical. step 6800, energy = -0.5001509152621746
  |->  par_lens = 2, 2, 2
[TDSE] Running TDSE-SH-elliptical. step 7000, energy = -0.5001509037086164
  |->  par_lens = 2, 2, 2
[TDSE] Running TDSE-SH-elliptical. step 7200, energy = -0.5001508922084424
  |->  par_lens = 2, 2, 2
[TDSE] Running TDSE-SH-elliptical. step 7400, energy = -0.5001508813086534
  |->  par_lens = 2, 2, 2
[TDSE] Running TDSE-SH-elliptical. step 7600, energy = -0.5001508706871864
  |->  par_lens = 2, 2, 2
[TDSE] Running TDSE-SH-elliptical. step 7800, energy = -0.5001508606192435
  |->  par_lens = 2, 2, 2
[TDSE] Running TDSE-SH-elliptical. step 8000, energy = -0.5001508512326679
  |->  par_lens = 2, 2, 2
[TDSE] Running TDSE-SH-elliptical. step 8200, energy = -0.5001508423477837
  |->  par_lens = 2, 2, 2
[TDSE] Running TDSE-SH-elliptical. step 8400, energy = -0.500150834391938
  |->  par_lens = 2, 2, 2
[TDSE] Running TDSE-SH-elliptical. step 8600, energy = -0.5001508269784275
  |->  par_lens = 2, 2, 2
[TDSE] Running TDSE-SH-elliptical. step 8800, energy = -0.5001508204729365
  |->  par_lens = 2, 2, 2
[TDSE] Running TDSE-SH-elliptical. step 9000, energy = -0.5001508147127371
  |->  par_lens = 2, 2, 2
[TDSE] Running TDSE-SH-elliptical. step 9200, energy = -0.5001508095329207
  |->  par_lens = 2, 2, 2
[TDSE] Running TDSE-SH-elliptical. step 9400, energy = -0.5001508054778558
  |->  par_lens = 2, 2, 2
[TDSE] Running TDSE-SH-elliptical. step 9600, energy = -0.5001508017931527
  |->  par_lens = 2, 2, 2
[TDSE] Running TDSE-SH-elliptical. step 9800, energy = -0.5001507988202368
  |->  par_lens = 2, 2, 2
[TDSE] Running TDSE-SH-elliptical. step 10000, energy = -0.5001507966023125
  |->  par_lens = 2, 2, 2
[TDSE] Running TDSE-SH-elliptical. step 10200, energy = -0.5001507657526615
  |->  par_lens = 2, 2, 2
[TDSE] Running TDSE-SH-elliptical. step 10400, energy = -0.5001505115901874
  |->  par_lens = 2, 2, 2
[TDSE] Running TDSE-SH-elliptical. step 10600, energy = -0.5001501063293143
  |->  par_lens = 2, 2, 2
[TDSE] Running TDSE-SH-elliptical. step 10800, energy = -0.5001495626808051
  |->  par_lens = 2, 2, 2
[TDSE] Running TDSE-SH-elliptical. step 11000, energy = -0.5001439990956743
  |->  par_lens = 3, 2, 2
[TDSE] Running TDSE-SH-elliptical. step 11200, energy = -0.5001166718613297
  |->  par_lens = 4, 3, 3
[TDSE] Running TDSE-SH-elliptical. step 11400, energy = -0.5000535174537883
  |->  par_lens = 4, 3, 3
[TDSE] Running TDSE-SH-elliptical. step 11600, energy = -0.4999817733675811
  |->  par_lens = 4, 3, 3
[TDSE] Running TDSE-SH-elliptical. step 11800, energy = -0.4999672602803544
  |->  par_lens = 4, 4, 4
[TDSE] Running TDSE-SH-elliptical. step 12000, energy = -0.5000021831516703
  |->  par_lens = 4, 4, 4
[TDSE] Running TDSE-SH-elliptical. step 12200, energy = -0.4999073661177454
  |->  par_lens = 4, 4, 4
[TDSE] Running TDSE-SH-elliptical. step 12400, energy = -0.4994785278600504
  |->  par_lens = 5, 5, 5
[TDSE] Running TDSE-SH-elliptical. step 12600, energy = -0.49884642090547315
  |->  par_lens = 5, 6, 6
[TDSE] Running TDSE-SH-elliptical. step 12800, energy = -0.49855032137415906
  |->  par_lens = 6, 7, 7
[TDSE] Running TDSE-SH-elliptical. step 13000, energy = -0.49892920593396417
  |->  par_lens = 7, 7, 7
[TDSE] Running TDSE-SH-elliptical. step 13200, energy = -0.49939233504774133
  |->  par_lens = 7, 7, 7
[TDSE] Running TDSE-SH-elliptical. step 13400, energy = -0.4987259589135143
  |->  par_lens = 7, 7, 7
[TDSE] Running TDSE-SH-elliptical. step 13600, energy = -0.49660249448737487
  |->  par_lens = 8, 8, 7
[TDSE] Running TDSE-SH-elliptical. step 13800, energy = -0.49459618975906905
  |->  par_lens = 10, 10, 9
[TDSE] Running TDSE-SH-elliptical. step 14000, energy = -0.49476252174305735
  |->  par_lens = 10, 10, 9
[TDSE] Running TDSE-SH-elliptical. step 14200, energy = -0.4968105483248284
  |->  par_lens = 10, 10, 9
[TDSE] Running TDSE-SH-elliptical. step 14400, energy = -0.4973951164398567
  |->  par_lens = 10, 10, 9
[TDSE] Running TDSE-SH-elliptical. step 14600, energy = -0.4936355744100255
  |->  par_lens = 10, 10, 10
[TDSE] Running TDSE-SH-elliptical. step 14800, energy = -0.48746778613721825
  |->  par_lens = 13, 12, 13
[TDSE] Running TDSE-SH-elliptical. step 15000, energy = -0.484765328358979
  |->  par_lens = 14, 13, 13
[TDSE] Running TDSE-SH-elliptical. step 15200, energy = -0.48859053036991584
  |->  par_lens = 14, 15, 14
[TDSE] Running TDSE-SH-elliptical. step 15400, energy = -0.4939453786458183
  |->  par_lens = 15, 17, 15
[TDSE] Running TDSE-SH-elliptical. step 15600, energy = -0.49193394907860283
  |->  par_lens = 16, 17, 16
[TDSE] Running TDSE-SH-elliptical. step 15800, energy = -0.48067375324108974
  |->  par_lens = 17, 17, 16
[TDSE] Running TDSE-SH-elliptical. step 16000, energy = -0.46986186178249023
  |->  par_lens = 20, 19, 19
[TDSE] Running TDSE-SH-elliptical. step 16200, energy = -0.47104178619911613
  |->  par_lens = 20, 22, 20
[TDSE] Running TDSE-SH-elliptical. step 16400, energy = -0.48262998189267853
  |->  par_lens = 24, 23, 25
[TDSE] Running TDSE-SH-elliptical. step 16600, energy = -0.4886323282865591
  |->  par_lens = 24, 25, 25
[TDSE] Running TDSE-SH-elliptical. step 16800, energy = -0.47619531577675417
  |->  par_lens = 23, 24, 26
[TDSE] Running TDSE-SH-elliptical. step 17000, energy = -0.45328209060904107
  |->  par_lens = 25, 25, 28
[TDSE] Running TDSE-SH-elliptical. step 17200, energy = -0.4430586494227817
  |->  par_lens = 30, 31, 29
[TDSE] Running TDSE-SH-elliptical. step 17400, energy = -0.45707365406019806
  |->  par_lens = 37, 37, 34
[TDSE] Running TDSE-SH-elliptical. step 17600, energy = -0.4780127439585846
  |->  par_lens = 38, 41, 43
[TDSE] Running TDSE-SH-elliptical. step 17800, energy = -0.47612640638327336
  |->  par_lens = 39, 42, 44
[TDSE] Running TDSE-SH-elliptical. step 18000, energy = -0.4449391826219503
  |->  par_lens = 39, 40, 37
[TDSE] Running TDSE-SH-elliptical. step 18200, energy = -0.4138920090034046
  |->  par_lens = 43, 44, 41
[TDSE] Running TDSE-SH-elliptical. step 18400, energy = -0.41677687400937097
  |->  par_lens = 49, 52, 51
[TDSE] Running TDSE-SH-elliptical. step 18600, energy = -0.450018746616423
  |->  par_lens = 61, 64, 56
[TDSE] Running TDSE-SH-elliptical. step 18800, energy = -0.4707773395286285
  |->  par_lens = 61, 64, 66
[TDSE] Running TDSE-SH-elliptical. step 19000, energy = -0.4449982648112362
  |->  par_lens = 62, 64, 63
[TDSE] Running TDSE-SH-elliptical. step 19200, energy = -0.391750187271484
  |->  par_lens = 59, 57, 56
[TDSE] Running TDSE-SH-elliptical. step 19400, energy = -0.36690768908344856
  |->  par_lens = 65, 65, 66
[TDSE] Running TDSE-SH-elliptical. step 19600, energy = -0.3985210061192955
  |->  par_lens = 82, 80, 83
[TDSE] Running TDSE-SH-elliptical. step 19800, energy = -0.4487578049029538
  |->  par_lens = 91, 96, 101
[TDSE] Running TDSE-SH-elliptical. step 20000, energy = -0.45178518952199714
  |->  par_lens = 99, 95, 101
[TDSE] Running TDSE-SH-elliptical. step 20200, energy = -0.3920916669970429
  |->  par_lens = 89, 93, 94
[TDSE] Running TDSE-SH-elliptical. step 20400, energy = -0.3301052926684667
  |->  par_lens = 79, 76, 76
[TDSE] Running TDSE-SH-elliptical. step 20600, energy = -0.33397940692802464
  |->  par_lens = 100, 102, 105
[TDSE] Running TDSE-SH-elliptical. step 20800, energy = -0.39952381186798164
  |->  par_lens = 127, 126, 123
[TDSE] Running TDSE-SH-elliptical. step 21000, energy = -0.44515547263904226
  |->  par_lens = 137, 135, 140
[TDSE] Running TDSE-SH-elliptical. step 21200, energy = -0.4058366370953489
  |->  par_lens = 135, 135, 137
[TDSE] Running TDSE-SH-elliptical. step 21400, energy = -0.3139102642275123
  |->  par_lens = 120, 123, 120
[TDSE] Running TDSE-SH-elliptical. step 21600, energy = -0.2693719453531314
  |->  par_lens = 113, 117, 119
[TDSE] Running TDSE-SH-elliptical. step 21800, energy = -0.32130873586496916
  |->  par_lens = 155, 156, 155
[TDSE] Running TDSE-SH-elliptical. step 22000, energy = -0.4102091189896156
  |->  par_lens = 179, 180, 185
[TDSE] Running TDSE-SH-elliptical. step 22200, energy = -0.4246220975468774
  |->  par_lens = 188, 187, 190
[TDSE] Running TDSE-SH-elliptical. step 22400, energy = -0.33639482755550054
  |->  par_lens = 182, 180, 180
[TDSE] Running TDSE-SH-elliptical. step 22600, energy = -0.24043362822271702
  |->  par_lens = 145, 154, 153
[TDSE] Running TDSE-SH-elliptical. step 22800, energy = -0.24360302329152891
  |->  par_lens = 165, 166, 168
[TDSE] Running TDSE-SH-elliptical. step 23000, energy = -0.3426772054526396
  |->  par_lens = 211, 212, 213
[TDSE] Running TDSE-SH-elliptical. step 23200, energy = -0.41807331809288
  |->  par_lens = 233, 228, 231
[TDSE] Running TDSE-SH-elliptical. step 23400, energy = -0.3708217228800709
  |->  par_lens = 235, 229, 230
[TDSE] Running TDSE-SH-elliptical. step 23600, energy = -0.24382296744882012
  |->  par_lens = 211, 213, 218
[TDSE] Running TDSE-SH-elliptical. step 23800, energy = -0.18024773254278292
  |->  par_lens = 201, 188, 201
[TDSE] Running TDSE-SH-elliptical. step 24000, energy = -0.24780614228518977
  |->  par_lens = 241, 241, 240
[TDSE] Running TDSE-SH-elliptical. step 24200, energy = -0.3728626589590297
  |->  par_lens = 278, 278, 279
[TDSE] Running TDSE-SH-elliptical. step 24400, energy = -0.40331699592910136
  |->  par_lens = 284, 283, 286
[TDSE] Running TDSE-SH-elliptical. step 24600, energy = -0.2978246022339832
  |->  par_lens = 275, 270, 273
[TDSE] Running TDSE-SH-elliptical. step 24800, energy = -0.1765077451849955
  |->  par_lens = 239, 247, 240
[TDSE] Running TDSE-SH-elliptical. step 25000, energy = -0.1774369490685638
  |->  par_lens = 246, 242, 249
[TDSE] Running TDSE-SH-elliptical. step 25200, energy = -0.29828540472103426
  |->  par_lens = 296, 297, 296
[TDSE] Running TDSE-SH-elliptical. step 25400, energy = -0.3980788330734416
  |->  par_lens = 320, 320, 319
[TDSE] Running TDSE-SH-elliptical. step 25600, energy = -0.35242798707650114
  |->  par_lens = 316, 316, 319
[TDSE] Running TDSE-SH-elliptical. step 25800, energy = -0.20773720419906344
  |->  par_lens = 292, 289, 287
[TDSE] Running TDSE-SH-elliptical. step 26000, energy = -0.13225193735041235
  |->  par_lens = 271, 275, 269
[TDSE] Running TDSE-SH-elliptical. step 26200, energy = -0.20505912193020653
  |->  par_lens = 310, 295, 307
[TDSE] Running TDSE-SH-elliptical. step 26400, energy = -0.3495890693391298
  |->  par_lens = 340, 341, 348
[TDSE] Running TDSE-SH-elliptical. step 26600, energy = -0.3952052511359535
  |->  par_lens = 353, 352, 348
[TDSE] Running TDSE-SH-elliptical. step 26800, energy = -0.2915373517319823
  |->  par_lens = 340, 345, 338
[TDSE] Running TDSE-SH-elliptical. step 27000, energy = -0.1641358265410808
  |->  par_lens = 314, 319, 304
[TDSE] Running TDSE-SH-elliptical. step 27200, energy = -0.16129009767277536
  |->  par_lens = 319, 321, 323
[TDSE] Running TDSE-SH-elliptical. step 27400, energy = -0.2842305985041643
  |->  par_lens = 349, 351, 349
[TDSE] Running TDSE-SH-elliptical. step 27600, energy = -0.3929351053749934
  |->  par_lens = 371, 368, 366
[TDSE] Running TDSE-SH-elliptical. step 27800, energy = -0.35789165972229525
  |->  par_lens = 364, 364, 362
[TDSE] Running TDSE-SH-elliptical. step 28000, energy = -0.2207137211174544
  |->  par_lens = 347, 346, 354
[TDSE] Running TDSE-SH-elliptical. step 28200, energy = -0.14470758931564992
  |->  par_lens = 339, 340, 341
[TDSE] Running TDSE-SH-elliptical. step 28400, energy = -0.21068384542529253
  |->  par_lens = 353, 358, 357
[TDSE] Running TDSE-SH-elliptical. step 28600, energy = -0.35019126967061165
  |->  par_lens = 375, 373, 370
[TDSE] Running TDSE-SH-elliptical. step 28800, energy = -0.4036757862282021
  |->  par_lens = 378, 383, 381
[TDSE] Running TDSE-SH-elliptical. step 29000, energy = -0.320245154669003
  |->  par_lens = 373, 371, 371
[TDSE] Running TDSE-SH-elliptical. step 29200, energy = -0.208532330177678
  |->  par_lens = 362, 360, 353
[TDSE] Running TDSE-SH-elliptical. step 29400, energy = -0.20198687477008392
  |->  par_lens = 355, 356, 361
[TDSE] Running TDSE-SH-elliptical. step 29600, energy = -0.30729413639173236
  |->  par_lens = 374, 375, 368
[TDSE] Running TDSE-SH-elliptical. step 29800, energy = -0.4052055638186411
  |->  par_lens = 379, 381, 377
[TDSE] Running TDSE-SH-elliptical. step 30000, energy = -0.3845470185641342
  |->  par_lens = 376, 385, 378
[TDSE] Running TDSE-SH-elliptical. step 30200, energy = -0.2764471395169906
  |->  par_lens = 364, 371, 372
[TDSE] Running TDSE-SH-elliptical. step 30400, energy = -0.21242171577934024
  |->  par_lens = 361, 361, 367
[TDSE] Running TDSE-SH-elliptical. step 30600, energy = -0.2626038556184956
  |->  par_lens = 369, 382, 374
[TDSE] Running TDSE-SH-elliptical. step 30800, energy = -0.3754127653458444
  |->  par_lens = 380, 386, 383
[TDSE] Running TDSE-SH-elliptical. step 31000, energy = -0.42539261453229793
  |->  par_lens = 383, 395, 388
[TDSE] Running TDSE-SH-elliptical. step 31200, energy = -0.371326779261392
  |->  par_lens = 387, 388, 381
[TDSE] Running TDSE-SH-elliptical. step 31400, energy = -0.29081007187614005
  |->  par_lens = 371, 378, 373
[TDSE] Running TDSE-SH-elliptical. step 31600, energy = -0.28271100018671236
  |->  par_lens = 362, 365, 369
[TDSE] Running TDSE-SH-elliptical. step 31800, energy = -0.3579399625222335
  |->  par_lens = 370, 374, 367
[TDSE] Running TDSE-SH-elliptical. step 32000, energy = -0.4299284833814768
  |->  par_lens = 372, 376, 380
[TDSE] Running TDSE-SH-elliptical. step 32200, energy = -0.42197539025710307
  |->  par_lens = 376, 377, 376
[TDSE] Running TDSE-SH-elliptical. step 32400, energy = -0.3521982969114315
  |->  par_lens = 372, 374, 372
[TDSE] Running TDSE-SH-elliptical. step 32600, energy = -0.307190189596485
  |->  par_lens = 362, 372, 368
[TDSE] Running TDSE-SH-elliptical. step 32800, energy = -0.3387008794455523
  |->  par_lens = 378, 380, 378
[TDSE] Running TDSE-SH-elliptical. step 33000, energy = -0.4131120421952156
  |->  par_lens = 386, 389, 382
[TDSE] Running TDSE-SH-elliptical. step 33200, energy = -0.45173753673286077
  |->  par_lens = 385, 387, 387
[TDSE] Running TDSE-SH-elliptical. step 33400, energy = -0.42522825540815407
  |->  par_lens = 379, 384, 382
[TDSE] Running TDSE-SH-elliptical. step 33600, energy = -0.37878198371990085
  |->  par_lens = 375, 383, 378
[TDSE] Running TDSE-SH-elliptical. step 33800, energy = -0.3730760403659176
  |->  par_lens = 363, 365, 367
[TDSE] Running TDSE-SH-elliptical. step 34000, energy = -0.4149554034641665
  |->  par_lens = 359, 364, 366
[TDSE] Running TDSE-SH-elliptical. step 34200, energy = -0.45731638291392257
  |->  par_lens = 368, 371, 361
[TDSE] Running TDSE-SH-elliptical. step 34400, energy = -0.45599464876450135
  |->  par_lens = 368, 362, 366
[TDSE] Running TDSE-SH-elliptical. step 34600, energy = -0.4203589619945275
  |->  par_lens = 361, 366, 366
[TDSE] Running TDSE-SH-elliptical. step 34800, energy = -0.3961928960468155
  |->  par_lens = 360, 376, 369
[TDSE] Running TDSE-SH-elliptical. step 35000, energy = -0.4120310740196701
  |->  par_lens = 377, 378, 377
[TDSE] Running TDSE-SH-elliptical. step 35200, energy = -0.45031578514050813
  |->  par_lens = 380, 383, 383
[TDSE] Running TDSE-SH-elliptical. step 35400, energy = -0.4731031212859742
  |->  par_lens = 379, 382, 380
[TDSE] Running TDSE-SH-elliptical. step 35600, energy = -0.46485929263809883
  |->  par_lens = 374, 382, 380
[TDSE] Running TDSE-SH-elliptical. step 35800, energy = -0.4460919337605941
  |->  par_lens = 378, 373, 376
[TDSE] Running TDSE-SH-elliptical. step 36000, energy = -0.44289105408061175
  |->  par_lens = 362, 370, 363
[TDSE] Running TDSE-SH-elliptical. step 36200, energy = -0.4605074390893754
  |->  par_lens = 358, 366, 352
[TDSE] Running TDSE-SH-elliptical. step 36400, energy = -0.47793472393431297
  |->  par_lens = 346, 354, 342
[TDSE] Running TDSE-SH-elliptical. step 36600, energy = -0.4786548026049168
  |->  par_lens = 345, 353, 338
[TDSE] Running TDSE-SH-elliptical. step 36800, energy = -0.4654090598587303
  |->  par_lens = 339, 353, 335
[TDSE] Running TDSE-SH-elliptical. step 37000, energy = -0.45633898753166663
  |->  par_lens = 342, 346, 347
[TDSE] Running TDSE-SH-elliptical. step 37200, energy = -0.4618440205424771
  |->  par_lens = 344, 349, 351
[TDSE] Running TDSE-SH-elliptical. step 37400, energy = -0.476050148195335
  |->  par_lens = 347, 350, 353
[TDSE] Running TDSE-SH-elliptical. step 37600, energy = -0.485758742511217
  |->  par_lens = 347, 354, 355
[TDSE] Running TDSE-SH-elliptical. step 37800, energy = -0.4855356623279416
  |->  par_lens = 346, 351, 348
[TDSE] Running TDSE-SH-elliptical. step 38000, energy = -0.48120145635649075
  |->  par_lens = 338, 347, 348
[TDSE] Running TDSE-SH-elliptical. step 38200, energy = -0.48053779432909693
  |->  par_lens = 330, 331, 329
[TDSE] Running TDSE-SH-elliptical. step 38400, energy = -0.4847645795214013
  |->  par_lens = 315, 321, 315
[TDSE] Running TDSE-SH-elliptical. step 38600, energy = -0.48891717708931476
  |->  par_lens = 300, 309, 292
[TDSE] Running TDSE-SH-elliptical. step 38800, energy = -0.4890059039418889
  |->  par_lens = 288, 299, 292
[TDSE] Running TDSE-SH-elliptical. step 39000, energy = -0.4860539713618851
  |->  par_lens = 289, 298, 282
[TDSE] Running TDSE-SH-elliptical. step 39200, energy = -0.48406415455095786
  |->  par_lens = 291, 293, 289
[TDSE] Running TDSE-SH-elliptical. step 39400, energy = -0.48521746683920297
  |->  par_lens = 285, 290, 289
[TDSE] Running TDSE-SH-elliptical. step 39600, energy = -0.4882434047999535
  |->  par_lens = 285, 290, 289
[TDSE] Running TDSE-SH-elliptical. step 39800, energy = -0.4907204747530324
  |->  par_lens = 282, 290, 284
[TDSE] Running TDSE-SH-elliptical. step 40000, energy = -0.4915844167330324
  |->  par_lens = 279, 286, 283
[TDSE] Running TDSE-SH-elliptical. step 40200, energy = -0.4915624704800012
  |->  par_lens = 277, 280, 281
[TDSE] Running TDSE-SH-elliptical. step 40400, energy = -0.4915917283242168
  |->  par_lens = 275, 280, 278
[TDSE] Running TDSE-SH-elliptical. step 40600, energy = -0.49187197902310414
  |->  par_lens = 271, 272, 273
[TDSE] Running TDSE-SH-elliptical. step 40800, energy = -0.4920007917070841
  |->  par_lens = 266, 266, 265
[TDSE] Running TDSE-SH-elliptical. step 41000, energy = -0.49183438133365487
  |->  par_lens = 261, 266, 260
[TDSE] Running TDSE-SH-elliptical. step 41200, energy = -0.4914912546703581
  |->  par_lens = 260, 265, 263
[TDSE] Running TDSE-SH-elliptical. step 41400, energy = -0.4913551021720742
  |->  par_lens = 261, 267, 261
[TDSE] Running TDSE-SH-elliptical. step 41600, energy = -0.4914380217012342
  |->  par_lens = 263, 266, 263
[TDSE] Running TDSE-SH-elliptical. step 41800, energy = -0.49161632405221356
  |->  par_lens = 265, 265, 265
[TDSE] Running TDSE-SH-elliptical. step 42000, energy = -0.49183260093407843
  |->  par_lens = 267, 265, 266
[TDSE] Running TDSE-SH-elliptical. step 42200, energy = -0.4919210800308756
  |->  par_lens = 266, 264, 265
[TDSE] Running TDSE-SH-elliptical. step 42400, energy = -0.4919909340755296
  |->  par_lens = 266, 263, 267
[TDSE] Running TDSE-SH-elliptical. step 42600, energy = -0.492001583416922
  |->  par_lens = 267, 262, 267
[TDSE] Running TDSE-SH-elliptical. step 42800, energy = -0.49199264761279626
  |->  par_lens = 269, 265, 268
[TDSE] Running TDSE-SH-elliptical. step 43000, energy = -0.49201802682548174
  |->  par_lens = 268, 267, 268
[TDSE] Running TDSE-SH-elliptical. step 43200, energy = -0.49200256844213297
  |->  par_lens = 266, 265, 268
[TDSE] Running TDSE-SH-elliptical. step 43400, energy = -0.4920369589083115
  |->  par_lens = 267, 268, 269
[TDSE] Running TDSE-SH-elliptical. step 43600, energy = -0.49204128569849187
  |->  par_lens = 266, 268, 267
[TDSE] Running TDSE-SH-elliptical. step 43800, energy = -0.49203894055466574
  |->  par_lens = 267, 270, 267
[TDSE] Running TDSE-SH-elliptical. step 44000, energy = -0.492079084134316
  |->  par_lens = 268, 272, 268
[TDSE] Running TDSE-SH-elliptical. step 44200, energy = -0.49207364800082504
  |->  par_lens = 268, 273, 266
[TDSE] Running TDSE-SH-elliptical. step 44400, energy = -0.49210560643551354
  |->  par_lens = 268, 273, 267
[TDSE] Running TDSE-SH-elliptical. step 44600, energy = -0.4921030509877423
  |->  par_lens = 269, 274, 267
[TDSE] Running TDSE-SH-elliptical. step 44800, energy = -0.49211037001371255
  |->  par_lens = 271, 274, 266
[TDSE] Running TDSE-SH-elliptical. step 45000, energy = -0.4921543131694884
  |->  par_lens = 273, 274, 268
