  Activating project at `~/JuliaProp_v0.1`
[ITP]: 10000.471108571397
[ITP]: 0.022107823405609905
[ITP]: 0.004976805475414736
[ITP]: 0.0021058954092971205
[ITP]: 0.001084104546129061
[ITP]: 0.0006160870179273692
[ITP]: 0.0003714642087823128
[ITP]: 0.00023286611963801995
[ITP]: 0.0001500123428329614
[ITP]: 9.857967926441003e-5
[ITP]: 6.57601184761436e-5
[ITP]: 4.43786526744816e-5
[ITP]: 3.022437766897479e-5
[ITP]: 2.0735965556739622e-5
[ITP]: 1.4311264988853267e-5
[ITP]: 9.92563006574354e-6
[ITP]: 6.9119921211058255e-6
[ITP]: 4.82976755122877e-6
[ITP]: 3.384510666504248e-6
[ITP]: 2.3775199649023193e-6
[ITP]: 1.6736194445865493e-6
[ITP]: 1.1802274751948616e-6
[ITP]: 8.335748883370186e-7
[ITP]: 5.895273362810372e-7
[ITP]: 4.174150680658073e-7
[ITP]: 2.958509506267859e-7
[ITP]: 2.098764437796774e-7
[ITP]: 1.4900242706339384e-7
[ITP]: 1.0585745457980522e-7
[ITP]: 7.525113565609587e-8
[ITP]: 5.352267851144177e-8
[ITP]: 3.808635307134267e-8
[ITP]: 2.7113442158110956e-8
[ITP]: 1.9309163601377577e-8
[ITP]: 1.3755872219078924e-8
[ITP]: 9.802639699962867e-9
Energy of ground state: -0.5030607411950042
[TDSE] Start TDSE-SH for elliptical polarized laser. It may cost a plenty of time.
[TDSE] Running TDSE-SH-elliptical. step 0, energy = -0.5030607411950033
  |->  par_lens = 1, 1, 1
[TDSE] Running TDSE-SH-elliptical. step 200, energy = -0.5030607411948621
  |->  par_lens = 1, 1, 1
[TDSE] Running TDSE-SH-elliptical. step 400, energy = -0.5030607411947172
  |->  par_lens = 1, 1, 2
[TDSE] Running TDSE-SH-elliptical. step 600, energy = -0.5030607411944764
  |->  par_lens = 1, 1, 2
[TDSE] Running TDSE-SH-elliptical. step 800, energy = -0.5030607411939122
  |->  par_lens = 1, 1, 2
[TDSE] Running TDSE-SH-elliptical. step 1000, energy = -0.5030607411922318
  |->  par_lens = 1, 1, 2
[TDSE] Running TDSE-SH-elliptical. step 1200, energy = -0.5030607411880177
  |->  par_lens = 1, 1, 2
[TDSE] Running TDSE-SH-elliptical. step 1400, energy = -0.5030607411784208
  |->  par_lens = 1, 1, 2
[TDSE] Running TDSE-SH-elliptical. step 1600, energy = -0.5030607411593959
  |->  par_lens = 1, 1, 2
[TDSE] Running TDSE-SH-elliptical. step 1800, energy = -0.503060741124043
  |->  par_lens = 1, 1, 2
[TDSE] Running TDSE-SH-elliptical. step 2000, energy = -0.5030607410636224
  |->  par_lens = 1, 1, 2
[TDSE] Running TDSE-SH-elliptical. step 2200, energy = -0.5030607409647122
  |->  par_lens = 1, 1, 2
[TDSE] Running TDSE-SH-elliptical. step 2400, energy = -0.503060740811582
  |->  par_lens = 1, 1, 2
[TDSE] Running TDSE-SH-elliptical. step 2600, energy = -0.5030607405815894
  |->  par_lens = 1, 1, 2
[TDSE] Running TDSE-SH-elliptical. step 2800, energy = -0.5030607402498793
  |->  par_lens = 1, 1, 2
[TDSE] Running TDSE-SH-elliptical. step 3000, energy = -0.5030607397809052
  |->  par_lens = 1, 1, 2
[TDSE] Running TDSE-SH-elliptical. step 3200, energy = -0.5030607391405402
  |->  par_lens = 1, 1, 2
[TDSE] Running TDSE-SH-elliptical. step 3400, energy = -0.5030607382755158
  |->  par_lens = 1, 1, 2
[TDSE] Running TDSE-SH-elliptical. step 3600, energy = -0.5030607371416844
  |->  par_lens = 1, 1, 2
[TDSE] Running TDSE-SH-elliptical. step 3800, energy = -0.5030607356669744
  |->  par_lens = 1, 1, 2
[TDSE] Running TDSE-SH-elliptical. step 4000, energy = -0.5030607337967744
  |->  par_lens = 1, 1, 2
[TDSE] Running TDSE-SH-elliptical. step 4200, energy = -0.5030607314323374
  |->  par_lens = 1, 1, 2
[TDSE] Running TDSE-SH-elliptical. step 4400, energy = -0.5030607285189619
  |->  par_lens = 1, 1, 2
[TDSE] Running TDSE-SH-elliptical. step 4600, energy = -0.5030607249285666
  |->  par_lens = 1, 1, 2
[TDSE] Running TDSE-SH-elliptical. step 4800, energy = -0.5030607205916634
  |->  par_lens = 1, 1, 2
[TDSE] Running TDSE-SH-elliptical. step 5000, energy = -0.5030607153761038
  |->  par_lens = 1, 1, 2
[TDSE] Running TDSE-SH-elliptical. step 5200, energy = -0.503060709189023
  |->  par_lens = 1, 2, 2
[TDSE] Running TDSE-SH-elliptical. step 5400, energy = -0.5030607018853721
  |->  par_lens = 2, 2, 2
[TDSE] Running TDSE-SH-elliptical. step 5600, energy = -0.5030606933605094
  |->  par_lens = 2, 2, 2
[TDSE] Running TDSE-SH-elliptical. step 5800, energy = -0.5030606834830383
  |->  par_lens = 2, 2, 2
[TDSE] Running TDSE-SH-elliptical. step 6000, energy = -0.5030606720839417
  |->  par_lens = 2, 2, 2
[TDSE] Running TDSE-SH-elliptical. step 6200, energy = -0.5030606591142615
  |->  par_lens = 2, 2, 2
[TDSE] Running TDSE-SH-elliptical. step 6400, energy = -0.503060644303564
  |->  par_lens = 2, 2, 2
[TDSE] Running TDSE-SH-elliptical. step 6600, energy = -0.5030606276812669
  |->  par_lens = 2, 2, 2
[TDSE] Running TDSE-SH-elliptical. step 6800, energy = -0.5030606089496645
  |->  par_lens = 2, 2, 2
[TDSE] Running TDSE-SH-elliptical. step 7000, energy = -0.5030605881614314
  |->  par_lens = 2, 2, 2
[TDSE] Running TDSE-SH-elliptical. step 7200, energy = -0.5030605649329828
  |->  par_lens = 2, 2, 2
[TDSE] Running TDSE-SH-elliptical. step 7400, energy = -0.5030605395301413
  |->  par_lens = 2, 2, 2
[TDSE] Running TDSE-SH-elliptical. step 7600, energy = -0.5030605114231114
  |->  par_lens = 2, 2, 2
[TDSE] Running TDSE-SH-elliptical. step 7800, energy = -0.5030604808425153
  |->  par_lens = 2, 2, 2
[TDSE] Running TDSE-SH-elliptical. step 8000, energy = -0.5030604475029778
  |->  par_lens = 2, 2, 2
[TDSE] Running TDSE-SH-elliptical. step 8200, energy = -0.5030604115267439
  |->  par_lens = 2, 2, 2
[TDSE] Running TDSE-SH-elliptical. step 8400, energy = -0.5030603725878635
  |->  par_lens = 2, 2, 2
[TDSE] Running TDSE-SH-elliptical. step 8600, energy = -0.5030603309031582
  |->  par_lens = 2, 2, 2
[TDSE] Running TDSE-SH-elliptical. step 8800, energy = -0.5030602863520618
  |->  par_lens = 2, 2, 2
[TDSE] Running TDSE-SH-elliptical. step 9000, energy = -0.5030602388257074
  |->  par_lens = 2, 2, 2
[TDSE] Running TDSE-SH-elliptical. step 9200, energy = -0.5030601886111158
  |->  par_lens = 2, 2, 2
[TDSE] Running TDSE-SH-elliptical. step 9400, energy = -0.503060135305032
  |->  par_lens = 2, 2, 2
[TDSE] Running TDSE-SH-elliptical. step 9600, energy = -0.5030600795086817
  |->  par_lens = 2, 2, 2
[TDSE] Running TDSE-SH-elliptical. step 9800, energy = -0.503060020770963
  |->  par_lens = 2, 2, 2
[TDSE] Running TDSE-SH-elliptical. step 10000, energy = -0.5030599596683712
  |->  par_lens = 2, 2, 2
[TDSE] Running TDSE-SH-elliptical. step 10200, energy = -0.5030598653289626
  |->  par_lens = 2, 2, 2
[TDSE] Running TDSE-SH-elliptical. step 10400, energy = -0.5030594232414033
  |->  par_lens = 2, 2, 2
[TDSE] Running TDSE-SH-elliptical. step 10600, energy = -0.5030585651529926
  |->  par_lens = 2, 2, 2
[TDSE] Running TDSE-SH-elliptical. step 10800, energy = -0.5030572321171008
  |->  par_lens = 2, 2, 2
[TDSE] Running TDSE-SH-elliptical. step 11000, energy = -0.5030524793709911
  |->  par_lens = 3, 2, 2
[TDSE] Running TDSE-SH-elliptical. step 11200, energy = -0.5030352256622401
  |->  par_lens = 4, 3, 3
[TDSE] Running TDSE-SH-elliptical. step 11400, energy = -0.5029948481409586
  |->  par_lens = 4, 3, 3
[TDSE] Running TDSE-SH-elliptical. step 11600, energy = -0.5029336668076605
  |->  par_lens = 4, 4, 3
[TDSE] Running TDSE-SH-elliptical. step 11800, energy = -0.5028702973251549
  |->  par_lens = 4, 4, 4
[TDSE] Running TDSE-SH-elliptical. step 12000, energy = -0.5027955051660022
  |->  par_lens = 5, 4, 4
[TDSE] Running TDSE-SH-elliptical. step 12200, energy = -0.5026448872206472
  |->  par_lens = 5, 5, 5
[TDSE] Running TDSE-SH-elliptical. step 12400, energy = -0.5023432917120901
  |->  par_lens = 5, 5, 6
[TDSE] Running TDSE-SH-elliptical. step 12600, energy = -0.5019488102381419
  |->  par_lens = 6, 6, 6
[TDSE] Running TDSE-SH-elliptical. step 12800, energy = -0.5016629030092624
  |->  par_lens = 6, 6, 6
[TDSE] Running TDSE-SH-elliptical. step 13000, energy = -0.5016197089867497
  |->  par_lens = 6, 6, 7
[TDSE] Running TDSE-SH-elliptical. step 13200, energy = -0.5015831589609493
  |->  par_lens = 7, 6, 7
[TDSE] Running TDSE-SH-elliptical. step 13400, energy = -0.5010846149522831
  |->  par_lens = 8, 7, 7
[TDSE] Running TDSE-SH-elliptical. step 13600, energy = -0.49996454742660296
  |->  par_lens = 8, 8, 8
[TDSE] Running TDSE-SH-elliptical. step 13800, energy = -0.49877042912152997
  |->  par_lens = 9, 9, 8
[TDSE] Running TDSE-SH-elliptical. step 14000, energy = -0.4982611942311181
  |->  par_lens = 9, 9, 9
[TDSE] Running TDSE-SH-elliptical. step 14200, energy = -0.49830822074395204
  |->  par_lens = 9, 9, 10
[TDSE] Running TDSE-SH-elliptical. step 14400, energy = -0.4977215843968818
  |->  par_lens = 10, 10, 10
[TDSE] Running TDSE-SH-elliptical. step 14600, energy = -0.4954237235158678
  |->  par_lens = 12, 10, 11
[TDSE] Running TDSE-SH-elliptical. step 14800, energy = -0.4922262829193111
  |->  par_lens = 13, 11, 11
[TDSE] Running TDSE-SH-elliptical. step 15000, energy = -0.49027331107859085
  |->  par_lens = 14, 15, 12
[TDSE] Running TDSE-SH-elliptical. step 15200, energy = -0.49079646198069155
  |->  par_lens = 13, 15, 16
[TDSE] Running TDSE-SH-elliptical. step 15400, energy = -0.4918399008839339
  |->  par_lens = 15, 14, 16
[TDSE] Running TDSE-SH-elliptical. step 15600, energy = -0.4900908746921263
  |->  par_lens = 17, 15, 16
[TDSE] Running TDSE-SH-elliptical. step 15800, energy = -0.4846962242465711
  |->  par_lens = 18, 15, 17
[TDSE] Running TDSE-SH-elliptical. step 16000, energy = -0.4792473477925891
  |->  par_lens = 19, 20, 17
[TDSE] Running TDSE-SH-elliptical. step 16200, energy = -0.47790695910509334
  |->  par_lens = 19, 21, 21
[TDSE] Running TDSE-SH-elliptical. step 16400, energy = -0.48020303954163596
  |->  par_lens = 23, 21, 23
[TDSE] Running TDSE-SH-elliptical. step 16600, energy = -0.4801954390909087
  |->  par_lens = 25, 22, 23
[TDSE] Running TDSE-SH-elliptical. step 16800, energy = -0.47326932182090475
  |->  par_lens = 24, 22, 25
[TDSE] Running TDSE-SH-elliptical. step 17000, energy = -0.46244614068715556
  |->  par_lens = 28, 28, 26
[TDSE] Running TDSE-SH-elliptical. step 17200, energy = -0.456457788494407
  |->  par_lens = 30, 31, 28
[TDSE] Running TDSE-SH-elliptical. step 17400, energy = -0.45952468491376786
  |->  par_lens = 34, 34, 32
[TDSE] Running TDSE-SH-elliptical. step 17600, energy = -0.46528077090417014
  |->  par_lens = 35, 35, 35
[TDSE] Running TDSE-SH-elliptical. step 17800, energy = -0.46245303555122624
  |->  par_lens = 36, 36, 35
[TDSE] Running TDSE-SH-elliptical. step 18000, energy = -0.44854670751943293
  |->  par_lens = 36, 36, 38
[TDSE] Running TDSE-SH-elliptical. step 18200, energy = -0.43430244830307385
  |->  par_lens = 41, 39, 39
[TDSE] Running TDSE-SH-elliptical. step 18400, energy = -0.4321939104905923
  |->  par_lens = 45, 45, 44
[TDSE] Running TDSE-SH-elliptical. step 18600, energy = -0.4408449616717382
  |->  par_lens = 49, 48, 48
[TDSE] Running TDSE-SH-elliptical. step 18800, energy = -0.44467875530857753
  |->  par_lens = 51, 52, 48
[TDSE] Running TDSE-SH-elliptical. step 19000, energy = -0.4311528371941067
  |->  par_lens = 52, 53, 50
[TDSE] Running TDSE-SH-elliptical. step 19200, energy = -0.40769318950945127
  |->  par_lens = 54, 55, 53
[TDSE] Running TDSE-SH-elliptical. step 19400, energy = -0.3951624924813294
  |->  par_lens = 58, 59, 59
[TDSE] Running TDSE-SH-elliptical. step 19600, energy = -0.40362707561848093
  |->  par_lens = 66, 66, 67
[TDSE] Running TDSE-SH-elliptical. step 19800, energy = -0.4192452711857274
  |->  par_lens = 74, 74, 73
[TDSE] Running TDSE-SH-elliptical. step 20000, energy = -0.41744676097502265
  |->  par_lens = 74, 74, 73
[TDSE] Running TDSE-SH-elliptical. step 20200, energy = -0.392138040477795
  |->  par_lens = 77, 75, 76
[TDSE] Running TDSE-SH-elliptical. step 20400, energy = -0.36583408260787315
  |->  par_lens = 77, 80, 81
[TDSE] Running TDSE-SH-elliptical. step 20600, energy = -0.3634228354770266
  |->  par_lens = 85, 87, 85
[TDSE] Running TDSE-SH-elliptical. step 20800, energy = -0.382522859816028
  |->  par_lens = 97, 96, 95
[TDSE] Running TDSE-SH-elliptical. step 21000, energy = -0.3944410546985916
  |->  par_lens = 103, 101, 98
[TDSE] Running TDSE-SH-elliptical. step 21200, energy = -0.37475413781629996
  |->  par_lens = 100, 100, 102
[TDSE] Running TDSE-SH-elliptical. step 21400, energy = -0.33626850061132285
  |->  par_lens = 101, 101, 102
[TDSE] Running TDSE-SH-elliptical. step 21600, energy = -0.3166294363054881
  |->  par_lens = 105, 106, 106
[TDSE] Running TDSE-SH-elliptical. step 21800, energy = -0.3325864148511915
  |->  par_lens = 118, 120, 117
[TDSE] Running TDSE-SH-elliptical. step 22000, energy = -0.3617966507826938
  |->  par_lens = 125, 130, 126
[TDSE] Running TDSE-SH-elliptical. step 22200, energy = -0.3643044607967085
  |->  par_lens = 132, 133, 132
[TDSE] Running TDSE-SH-elliptical. step 22400, energy = -0.32842908071214494
  |->  par_lens = 132, 129, 131
[TDSE] Running TDSE-SH-elliptical. step 22600, energy = -0.29010784498538184
  |->  par_lens = 133, 133, 133
[TDSE] Running TDSE-SH-elliptical. step 22800, energy = -0.28878848276914615
  |->  par_lens = 139, 139, 136
[TDSE] Running TDSE-SH-elliptical. step 23000, energy = -0.31978389542981267
  |->  par_lens = 150, 150, 150
[TDSE] Running TDSE-SH-elliptical. step 23200, energy = -0.3421825038998143
  |->  par_lens = 158, 157, 161
[TDSE] Running TDSE-SH-elliptical. step 23400, energy = -0.31949699478980453
  |->  par_lens = 159, 164, 166
[TDSE] Running TDSE-SH-elliptical. step 23600, energy = -0.2683468449448821
  |->  par_lens = 166, 163, 161
[TDSE] Running TDSE-SH-elliptical. step 23800, energy = -0.2432425386865625
  |->  par_lens = 169, 168, 164
[TDSE] Running TDSE-SH-elliptical. step 24000, energy = -0.2672603357426531
  |->  par_lens = 175, 180, 181
[TDSE] Running TDSE-SH-elliptical. step 24200, energy = -0.3096295589534272
  |->  par_lens = 192, 195, 194
[TDSE] Running TDSE-SH-elliptical. step 24400, energy = -0.31900607298194883
  |->  par_lens = 197, 198, 197
[TDSE] Running TDSE-SH-elliptical. step 24600, energy = -0.2777942369375077
  |->  par_lens = 197, 196, 195
[TDSE] Running TDSE-SH-elliptical. step 24800, energy = -0.2316560991341388
  |->  par_lens = 202, 200, 194
[TDSE] Running TDSE-SH-elliptical. step 25000, energy = -0.2322999615152719
  |->  par_lens = 207, 201, 200
[TDSE] Running TDSE-SH-elliptical. step 25200, energy = -0.2728856730548652
  |->  par_lens = 215, 216, 216
[TDSE] Running TDSE-SH-elliptical. step 25400, energy = -0.30464415791693533
  |->  par_lens = 222, 226, 229
[TDSE] Running TDSE-SH-elliptical. step 25600, energy = -0.2838726544945822
  |->  par_lens = 229, 222, 221
[TDSE] Running TDSE-SH-elliptical. step 25800, energy = -0.22779488498362738
  |->  par_lens = 222, 228, 223
[TDSE] Running TDSE-SH-elliptical. step 26000, energy = -0.2006210415451138
  |->  par_lens = 229, 230, 228
[TDSE] Running TDSE-SH-elliptical. step 26200, energy = -0.2298087360627171
  |->  par_lens = 237, 235, 237
[TDSE] Running TDSE-SH-elliptical. step 26400, energy = -0.280472540132231
  |->  par_lens = 247, 250, 249
[TDSE] Running TDSE-SH-elliptical. step 26600, energy = -0.29728609595574346
  |->  par_lens = 252, 252, 252
[TDSE] Running TDSE-SH-elliptical. step 26800, energy = -0.2591488352358767
  |->  par_lens = 248, 248, 249
[TDSE] Running TDSE-SH-elliptical. step 27000, energy = -0.21332157355974715
  |->  par_lens = 239, 248, 243
[TDSE] Running TDSE-SH-elliptical. step 27200, energy = -0.21542111568844638
  |->  par_lens = 252, 246, 245
[TDSE] Running TDSE-SH-elliptical. step 27400, energy = -0.25913179216350085
  |->  par_lens = 253, 249, 248
[TDSE] Running TDSE-SH-elliptical. step 27600, energy = -0.29594088018905984
  |->  par_lens = 250, 255, 253
[TDSE] Running TDSE-SH-elliptical. step 27800, energy = -0.2816720922938497
  |->  par_lens = 255, 254, 257
[TDSE] Running TDSE-SH-elliptical. step 28000, energy = -0.2312328883215495
  |->  par_lens = 257, 258, 256
[TDSE] Running TDSE-SH-elliptical. step 28200, energy = -0.20663622273174828
  |->  par_lens = 254, 254, 258
[TDSE] Running TDSE-SH-elliptical. step 28400, energy = -0.23540634283504736
  |->  par_lens = 258, 257, 260
[TDSE] Running TDSE-SH-elliptical. step 28600, energy = -0.2864154311581412
  |->  par_lens = 266, 267, 264
[TDSE] Running TDSE-SH-elliptical. step 28800, energy = -0.3086784881451232
  |->  par_lens = 268, 267, 267
[TDSE] Running TDSE-SH-elliptical. step 29000, energy = -0.28092090384069973
  |->  par_lens = 265, 266, 264
[TDSE] Running TDSE-SH-elliptical. step 29200, energy = -0.24379090203158274
  |->  par_lens = 262, 251, 259
[TDSE] Running TDSE-SH-elliptical. step 29400, energy = -0.2462460297733796
  |->  par_lens = 256, 256, 263
[TDSE] Running TDSE-SH-elliptical. step 29600, energy = -0.28525846348236467
  |->  par_lens = 262, 259, 263
[TDSE] Running TDSE-SH-elliptical. step 29800, energy = -0.320983724893966
  |->  par_lens = 265, 266, 263
[TDSE] Running TDSE-SH-elliptical. step 30000, energy = -0.314793910848116
  |->  par_lens = 270, 270, 265
[TDSE] Running TDSE-SH-elliptical. step 30200, energy = -0.2776452730757311
  |->  par_lens = 265, 273, 265
[TDSE] Running TDSE-SH-elliptical. step 30400, energy = -0.2589758345960571
  |->  par_lens = 272, 267, 264
[TDSE] Running TDSE-SH-elliptical. step 30600, energy = -0.2820569520303924
  |->  par_lens = 275, 269, 268
[TDSE] Running TDSE-SH-elliptical. step 30800, energy = -0.3256939530480452
  |->  par_lens = 268, 274, 274
[TDSE] Running TDSE-SH-elliptical. step 31000, energy = -0.34899562776821413
  |->  par_lens = 271, 277, 272
[TDSE] Running TDSE-SH-elliptical. step 31200, energy = -0.3338090072595091
  |->  par_lens = 272, 272, 269
[TDSE] Running TDSE-SH-elliptical. step 31400, energy = -0.30941446511976695
  |->  par_lens = 267, 271, 265
[TDSE] Running TDSE-SH-elliptical. step 31600, energy = -0.31107328935034234
  |->  par_lens = 260, 258, 260
[TDSE] Running TDSE-SH-elliptical. step 31800, energy = -0.3401336198765155
  |->  par_lens = 258, 265, 265
[TDSE] Running TDSE-SH-elliptical. step 32000, energy = -0.3687978014529407
  |->  par_lens = 265, 258, 264
[TDSE] Running TDSE-SH-elliptical. step 32200, energy = -0.36840812149383695
  |->  par_lens = 258, 260, 262
[TDSE] Running TDSE-SH-elliptical. step 32400, energy = -0.3460906461358919
  |->  par_lens = 261, 271, 257
[TDSE] Running TDSE-SH-elliptical. step 32600, energy = -0.33404389881078295
  |->  par_lens = 264, 265, 268
[TDSE] Running TDSE-SH-elliptical. step 32800, energy = -0.34958478293345496
  |->  par_lens = 264, 272, 269
[TDSE] Running TDSE-SH-elliptical. step 33000, energy = -0.3807379085659974
  |->  par_lens = 268, 272, 268
[TDSE] Running TDSE-SH-elliptical. step 33200, energy = -0.3996281645577994
  |->  par_lens = 270, 271, 273
[TDSE] Running TDSE-SH-elliptical. step 33400, energy = -0.3944471152803863
  |->  par_lens = 268, 269, 270
[TDSE] Running TDSE-SH-elliptical. step 33600, energy = -0.3817894000486552
  |->  par_lens = 258, 266, 262
[TDSE] Running TDSE-SH-elliptical. step 33800, energy = -0.38306333110407803
  |->  par_lens = 262, 263, 256
[TDSE] Running TDSE-SH-elliptical. step 34000, energy = -0.400774742336766
  |->  par_lens = 259, 259, 252
[TDSE] Running TDSE-SH-elliptical. step 34200, energy = -0.41855229605672445
  |->  par_lens = 251, 254, 256
[TDSE] Running TDSE-SH-elliptical. step 34400, energy = -0.42030287126352867
  |->  par_lens = 252, 255, 252
[TDSE] Running TDSE-SH-elliptical. step 34600, energy = -0.4097952353873618
  |->  par_lens = 254, 252, 253
[TDSE] Running TDSE-SH-elliptical. step 34800, energy = -0.4039228841679783
  |->  par_lens = 255, 261, 256
[TDSE] Running TDSE-SH-elliptical. step 35000, energy = -0.4127522515457424
  |->  par_lens = 257, 263, 264
[TDSE] Running TDSE-SH-elliptical. step 35200, energy = -0.43006788912392446
  |->  par_lens = 258, 266, 265
[TDSE] Running TDSE-SH-elliptical. step 35400, energy = -0.4418033369051382
  |->  par_lens = 260, 268, 264
[TDSE] Running TDSE-SH-elliptical. step 35600, energy = -0.4419311857121884
  |->  par_lens = 258, 262, 265
[TDSE] Running TDSE-SH-elliptical. step 35800, energy = -0.4377689293928345
  |->  par_lens = 246, 262, 261
[TDSE] Running TDSE-SH-elliptical. step 36000, energy = -0.4388754602450579
  |->  par_lens = 249, 257, 254
[TDSE] Running TDSE-SH-elliptical. step 36200, energy = -0.4468927196863428
  |->  par_lens = 245, 253, 252
[TDSE] Running TDSE-SH-elliptical. step 36400, energy = -0.4547001696926605
  |->  par_lens = 237, 243, 244
[TDSE] Running TDSE-SH-elliptical. step 36600, energy = -0.4561831721482275
  |->  par_lens = 241, 245, 243
[TDSE] Running TDSE-SH-elliptical. step 36800, energy = -0.4527216938334223
  |->  par_lens = 237, 251, 243
[TDSE] Running TDSE-SH-elliptical. step 37000, energy = -0.45099972660098125
  |->  par_lens = 235, 244, 247
[TDSE] Running TDSE-SH-elliptical. step 37200, energy = -0.45467939584782946
  |->  par_lens = 240, 251, 251
[TDSE] Running TDSE-SH-elliptical. step 37400, energy = -0.4616582957818242
  |->  par_lens = 242, 251, 253
[TDSE] Running TDSE-SH-elliptical. step 37600, energy = -0.46693050433497074
  |->  par_lens = 248, 247, 250
[TDSE] Running TDSE-SH-elliptical. step 37800, energy = -0.4683804710564195
  |->  par_lens = 249, 243, 250
[TDSE] Running TDSE-SH-elliptical. step 38000, energy = -0.46807167146746664
  |->  par_lens = 239, 239, 241
[TDSE] Running TDSE-SH-elliptical. step 38200, energy = -0.4687832440467593
  |->  par_lens = 217, 222, 232
[TDSE] Running TDSE-SH-elliptical. step 38400, energy = -0.4709743701516369
  |->  par_lens = 216, 210, 217
[TDSE] Running TDSE-SH-elliptical. step 38600, energy = -0.473016225030096
  |->  par_lens = 205, 194, 211
[TDSE] Running TDSE-SH-elliptical. step 38800, energy = -0.47342770686062957
  |->  par_lens = 194, 192, 204
[TDSE] Running TDSE-SH-elliptical. step 39000, energy = -0.47279715731301186
  |->  par_lens = 194, 188, 199
[TDSE] Running TDSE-SH-elliptical. step 39200, energy = -0.4725821720723059
  |->  par_lens = 197, 193, 202
[TDSE] Running TDSE-SH-elliptical. step 39400, energy = -0.4735460032146094
  |->  par_lens = 195, 193, 202
[TDSE] Running TDSE-SH-elliptical. step 39600, energy = -0.4752562527224754
  |->  par_lens = 198, 196, 205
[TDSE] Running TDSE-SH-elliptical. step 39800, energy = -0.47667191271553294
  |->  par_lens = 192, 193, 197
[TDSE] Running TDSE-SH-elliptical. step 40000, energy = -0.47744139929581575
  |->  par_lens = 184, 186, 191
[TDSE] Running TDSE-SH-elliptical. step 40200, energy = -0.4777600382550287
  |->  par_lens = 178, 177, 186
[TDSE] Running TDSE-SH-elliptical. step 40400, energy = -0.4779789850552132
  |->  par_lens = 169, 166, 178
[TDSE] Running TDSE-SH-elliptical. step 40600, energy = -0.4782099879790282
  |->  par_lens = 160, 158, 164
[TDSE] Running TDSE-SH-elliptical. step 40800, energy = -0.47832825008870633
  |->  par_lens = 151, 150, 151
[TDSE] Running TDSE-SH-elliptical. step 41000, energy = -0.4783155500600776
  |->  par_lens = 147, 145, 145
[TDSE] Running TDSE-SH-elliptical. step 41200, energy = -0.4782783512325271
  |->  par_lens = 144, 143, 140
[TDSE] Running TDSE-SH-elliptical. step 41400, energy = -0.47830030856633104
  |->  par_lens = 146, 142, 140
[TDSE] Running TDSE-SH-elliptical. step 41600, energy = -0.4784370074389956
  |->  par_lens = 146, 142, 142
[TDSE] Running TDSE-SH-elliptical. step 41800, energy = -0.47860570612378434
  |->  par_lens = 145, 141, 142
[TDSE] Running TDSE-SH-elliptical. step 42000, energy = -0.4787729791554929
  |->  par_lens = 145, 142, 142
[TDSE] Running TDSE-SH-elliptical. step 42200, energy = -0.4789033554205224
  |->  par_lens = 145, 141, 141
[TDSE] Running TDSE-SH-elliptical. step 42400, energy = -0.47899880399476374
  |->  par_lens = 144, 141, 141
[TDSE] Running TDSE-SH-elliptical. step 42600, energy = -0.47907230902644915
  |->  par_lens = 144, 141, 141
[TDSE] Running TDSE-SH-elliptical. step 42800, energy = -0.47915166666295417
  |->  par_lens = 143, 141, 141
[TDSE] Running TDSE-SH-elliptical. step 43000, energy = -0.47924181766374857
  |->  par_lens = 143, 141, 141
