  Activating project at `~/JuliaProp_v0.1`
[ITP]: 10000.471108571397
[ITP]: 0.022107823405609905
[ITP]: 0.004976805475414736
[ITP]: 0.0021058954092971205
[ITP]: 0.001084104546129061
[ITP]: 0.0006160870179273692
[ITP]: 0.0003714642087823128
[ITP]: 0.00023286611963801995
[ITP]: 0.0001500123428329614
[ITP]: 9.857967926441003e-5
[ITP]: 6.57601184761436e-5
[ITP]: 4.43786526744816e-5
[ITP]: 3.022437766897479e-5
[ITP]: 2.0735965556739622e-5
[ITP]: 1.4311264988853267e-5
[ITP]: 9.92563006574354e-6
[ITP]: 6.9119921211058255e-6
[ITP]: 4.82976755122877e-6
[ITP]: 3.384510666504248e-6
[ITP]: 2.3775199649023193e-6
[ITP]: 1.6736194445865493e-6
[ITP]: 1.1802274751948616e-6
[ITP]: 8.335748883370186e-7
[ITP]: 5.895273362810372e-7
[ITP]: 4.174150680658073e-7
[ITP]: 2.958509506267859e-7
[ITP]: 2.098764437796774e-7
[ITP]: 1.4900242706339384e-7
[ITP]: 1.0585745457980522e-7
[ITP]: 7.525113565609587e-8
[ITP]: 5.352267851144177e-8
[ITP]: 3.808635307134267e-8
[ITP]: 2.7113442158110956e-8
[ITP]: 1.9309163601377577e-8
[ITP]: 1.3755872219078924e-8
[ITP]: 9.802639699962867e-9
Energy of ground state: -0.5030607411950042
[TDSE] Start TDSE-SH for elliptical polarized laser. It may cost a plenty of time.
[TDSE] Running TDSE-SH-elliptical. step 0, energy = -0.5030607411950033
  |->  par_lens = 1, 1, 1
[TDSE] Running TDSE-SH-elliptical. step 200, energy = -0.50306074119486
  |->  par_lens = 1, 1, 1
[TDSE] Running TDSE-SH-elliptical. step 400, energy = -0.5030607411947183
  |->  par_lens = 1, 1, 1
[TDSE] Running TDSE-SH-elliptical. step 600, energy = -0.5030607411945779
  |->  par_lens = 1, 1, 2
[TDSE] Running TDSE-SH-elliptical. step 800, energy = -0.5030607411944137
  |->  par_lens = 1, 1, 2
[TDSE] Running TDSE-SH-elliptical. step 1000, energy = -0.5030607411942138
  |->  par_lens = 1, 1, 2
[TDSE] Running TDSE-SH-elliptical. step 1200, energy = -0.5030607411939552
  |->  par_lens = 1, 1, 2
[TDSE] Running TDSE-SH-elliptical. step 1400, energy = -0.5030607411936001
  |->  par_lens = 1, 1, 2
[TDSE] Running TDSE-SH-elliptical. step 1600, energy = -0.50306074119302
  |->  par_lens = 1, 1, 2
[TDSE] Running TDSE-SH-elliptical. step 1800, energy = -0.5030607411922386
  |->  par_lens = 1, 1, 2
[TDSE] Running TDSE-SH-elliptical. step 2000, energy = -0.5030607411910538
  |->  par_lens = 1, 1, 2
[TDSE] Running TDSE-SH-elliptical. step 2200, energy = -0.5030607411895195
  |->  par_lens = 1, 1, 2
[TDSE] Running TDSE-SH-elliptical. step 2400, energy = -0.5030607411874235
  |->  par_lens = 1, 1, 2
[TDSE] Running TDSE-SH-elliptical. step 2600, energy = -0.5030607411849208
  |->  par_lens = 1, 1, 2
[TDSE] Running TDSE-SH-elliptical. step 2800, energy = -0.5030607411817729
  |->  par_lens = 1, 1, 2
[TDSE] Running TDSE-SH-elliptical. step 3000, energy = -0.5030607411782488
  |->  par_lens = 1, 1, 2
[TDSE] Running TDSE-SH-elliptical. step 3200, energy = -0.5030607411741302
  |->  par_lens = 1, 1, 2
[TDSE] Running TDSE-SH-elliptical. step 3400, energy = -0.503060741169755
  |->  par_lens = 1, 1, 2
[TDSE] Running TDSE-SH-elliptical. step 3600, energy = -0.5030607411650085
  |->  par_lens = 1, 1, 2
[TDSE] Running TDSE-SH-elliptical. step 3800, energy = -0.5030607411602067
  |->  par_lens = 1, 1, 2
[TDSE] Running TDSE-SH-elliptical. step 4000, energy = -0.5030607411553372
  |->  par_lens = 1, 1, 2
[TDSE] Running TDSE-SH-elliptical. step 4200, energy = -0.5030607411506545
  |->  par_lens = 1, 1, 2
[TDSE] Running TDSE-SH-elliptical. step 4400, energy = -0.5030607411462535
  |->  par_lens = 1, 1, 2
[TDSE] Running TDSE-SH-elliptical. step 4600, energy = -0.5030607411422342
  |->  par_lens = 1, 1, 2
[TDSE] Running TDSE-SH-elliptical. step 4800, energy = -0.5030607411387793
  |->  par_lens = 1, 1, 2
[TDSE] Running TDSE-SH-elliptical. step 5000, energy = -0.5030607411358148
  |->  par_lens = 1, 1, 2
[TDSE] Running TDSE-SH-elliptical. step 5200, energy = -0.5030607411335963
  |->  par_lens = 1, 1, 2
[TDSE] Running TDSE-SH-elliptical. step 5400, energy = -0.5030607411318118
  |->  par_lens = 1, 1, 2
[TDSE] Running TDSE-SH-elliptical. step 5600, energy = -0.503060741130769
  |->  par_lens = 1, 1, 2
[TDSE] Running TDSE-SH-elliptical. step 5800, energy = -0.5030607411299581
  |->  par_lens = 1, 1, 2
[TDSE] Running TDSE-SH-elliptical. step 6000, energy = -0.5030607411297495
  |->  par_lens = 1, 1, 2
[TDSE] Running TDSE-SH-elliptical. step 6200, energy = -0.5030607411294293
  |->  par_lens = 1, 1, 2
[TDSE] Running TDSE-SH-elliptical. step 6400, energy = -0.5030607411294205
  |->  par_lens = 1, 1, 2
[TDSE] Running TDSE-SH-elliptical. step 6600, energy = -0.5030607411288996
  |->  par_lens = 1, 1, 2
[TDSE] Running TDSE-SH-elliptical. step 6800, energy = -0.5030607411282706
  |->  par_lens = 1, 1, 2
[TDSE] Running TDSE-SH-elliptical. step 7000, energy = -0.5030607411265797
  |->  par_lens = 1, 1, 2
[TDSE] Running TDSE-SH-elliptical. step 7200, energy = -0.5030607411242192
  |->  par_lens = 1, 1, 2
[TDSE] Running TDSE-SH-elliptical. step 7400, energy = -0.5030607411201667
  |->  par_lens = 1, 1, 2
[TDSE] Running TDSE-SH-elliptical. step 7600, energy = -0.5030607411146143
  |->  par_lens = 1, 1, 2
[TDSE] Running TDSE-SH-elliptical. step 7800, energy = -0.5030607411063464
  |->  par_lens = 1, 1, 2
[TDSE] Running TDSE-SH-elliptical. step 8000, energy = -0.5030607410952883
  |->  par_lens = 1, 1, 2
[TDSE] Running TDSE-SH-elliptical. step 8200, energy = -0.5030607410798695
  |->  par_lens = 1, 1, 2
[TDSE] Running TDSE-SH-elliptical. step 8400, energy = -0.5030607410594983
  |->  par_lens = 1, 1, 2
[TDSE] Running TDSE-SH-elliptical. step 8600, energy = -0.503060741032004
  |->  par_lens = 1, 1, 2
[TDSE] Running TDSE-SH-elliptical. step 8800, energy = -0.5030607409960859
  |->  par_lens = 1, 1, 2
[TDSE] Running TDSE-SH-elliptical. step 9000, energy = -0.50306074094858
  |->  par_lens = 1, 1, 2
[TDSE] Running TDSE-SH-elliptical. step 9200, energy = -0.5030607408872482
  |->  par_lens = 1, 1, 2
[TDSE] Running TDSE-SH-elliptical. step 9400, energy = -0.5030607408076132
  |->  par_lens = 1, 1, 2
[TDSE] Running TDSE-SH-elliptical. step 9600, energy = -0.503060740706197
  |->  par_lens = 1, 1, 2
[TDSE] Running TDSE-SH-elliptical. step 9800, energy = -0.5030607405769572
  |->  par_lens = 1, 1, 2
[TDSE] Running TDSE-SH-elliptical. step 10000, energy = -0.5030607404150331
  |->  par_lens = 1, 1, 2
[TDSE] Running TDSE-SH-elliptical. step 10200, energy = -0.5030607385064183
  |->  par_lens = 1, 1, 2
[TDSE] Running TDSE-SH-elliptical. step 10400, energy = -0.5030606655999635
  |->  par_lens = 2, 2, 2
[TDSE] Running TDSE-SH-elliptical. step 10600, energy = -0.5030601351159859
  |->  par_lens = 2, 2, 2
[TDSE] Running TDSE-SH-elliptical. step 10800, energy = -0.5030578963049628
  |->  par_lens = 2, 2, 2
[TDSE] Running TDSE-SH-elliptical. step 11000, energy = -0.5030495974524668
  |->  par_lens = 3, 3, 2
[TDSE] Running TDSE-SH-elliptical. step 11200, energy = -0.5030255222057999
  |->  par_lens = 4, 3, 3
[TDSE] Running TDSE-SH-elliptical. step 11400, energy = -0.5029766430786059
  |->  par_lens = 4, 3, 3
[TDSE] Running TDSE-SH-elliptical. step 11600, energy = -0.5029091630493676
  |->  par_lens = 4, 4, 4
[TDSE] Running TDSE-SH-elliptical. step 11800, energy = -0.502847285707537
  |->  par_lens = 4, 4, 4
[TDSE] Running TDSE-SH-elliptical. step 12000, energy = -0.5027860582799103
  |->  par_lens = 5, 5, 4
[TDSE] Running TDSE-SH-elliptical. step 12200, energy = -0.5026617427650766
  |->  par_lens = 5, 5, 5
[TDSE] Running TDSE-SH-elliptical. step 12400, energy = -0.5023934838599953
  |->  par_lens = 5, 5, 6
[TDSE] Running TDSE-SH-elliptical. step 12600, energy = -0.5020278300746791
  |->  par_lens = 6, 6, 6
[TDSE] Running TDSE-SH-elliptical. step 12800, energy = -0.5017520855265308
  |->  par_lens = 6, 6, 6
[TDSE] Running TDSE-SH-elliptical. step 13000, energy = -0.5016886469937438
  |->  par_lens = 6, 6, 6
[TDSE] Running TDSE-SH-elliptical. step 13200, energy = -0.5015990538065095
  |->  par_lens = 6, 6, 7
[TDSE] Running TDSE-SH-elliptical. step 13400, energy = -0.5010247950672349
  |->  par_lens = 8, 7, 7
[TDSE] Running TDSE-SH-elliptical. step 13600, energy = -0.49982907933256177
  |->  par_lens = 8, 8, 8
[TDSE] Running TDSE-SH-elliptical. step 13800, energy = -0.4985885484014101
  |->  par_lens = 9, 10, 8
[TDSE] Running TDSE-SH-elliptical. step 14000, energy = -0.49808792920532885
  |->  par_lens = 9, 10, 9
[TDSE] Running TDSE-SH-elliptical. step 14200, energy = -0.4982090961218087
  |->  par_lens = 10, 10, 10
[TDSE] Running TDSE-SH-elliptical. step 14400, energy = -0.4977507020369622
  |->  par_lens = 10, 10, 10
[TDSE] Running TDSE-SH-elliptical. step 14600, energy = -0.4956003869687058
  |->  par_lens = 12, 10, 11
[TDSE] Running TDSE-SH-elliptical. step 14800, energy = -0.4925197703696868
  |->  par_lens = 13, 11, 11
[TDSE] Running TDSE-SH-elliptical. step 15000, energy = -0.49060543565950243
  |->  par_lens = 14, 14, 12
[TDSE] Running TDSE-SH-elliptical. step 15200, energy = -0.49105906229980617
  |->  par_lens = 13, 15, 15
[TDSE] Running TDSE-SH-elliptical. step 15400, energy = -0.49193077407225244
  |->  par_lens = 15, 15, 16
[TDSE] Running TDSE-SH-elliptical. step 15600, energy = -0.48994984912057715
  |->  par_lens = 17, 15, 16
[TDSE] Running TDSE-SH-elliptical. step 15800, energy = -0.48433512037802245
  |->  par_lens = 18, 15, 17
[TDSE] Running TDSE-SH-elliptical. step 16000, energy = -0.4787571029395581
  |->  par_lens = 19, 20, 17
[TDSE] Running TDSE-SH-elliptical. step 16200, energy = -0.4774363779164177
  |->  par_lens = 19, 21, 21
[TDSE] Running TDSE-SH-elliptical. step 16400, energy = -0.4799163996581357
  |->  par_lens = 23, 21, 23
[TDSE] Running TDSE-SH-elliptical. step 16600, energy = -0.48021586758287343
  |->  par_lens = 24, 22, 23
[TDSE] Running TDSE-SH-elliptical. step 16800, energy = -0.47363127976345176
  |->  par_lens = 24, 22, 25
[TDSE] Running TDSE-SH-elliptical. step 17000, energy = -0.46307124862553445
  |->  par_lens = 28, 27, 26
[TDSE] Running TDSE-SH-elliptical. step 17200, energy = -0.45716849660285447
  |->  par_lens = 29, 31, 29
[TDSE] Running TDSE-SH-elliptical. step 17400, energy = -0.46009533283930837
  |->  par_lens = 33, 33, 31
[TDSE] Running TDSE-SH-elliptical. step 17600, energy = -0.46550717451067203
  |->  par_lens = 34, 34, 35
[TDSE] Running TDSE-SH-elliptical. step 17800, energy = -0.4622253145273651
  |->  par_lens = 37, 35, 35
[TDSE] Running TDSE-SH-elliptical. step 18000, energy = -0.4478962752435904
  |->  par_lens = 35, 37, 39
[TDSE] Running TDSE-SH-elliptical. step 18200, energy = -0.4334062300420376
  |->  par_lens = 40, 39, 39
[TDSE] Running TDSE-SH-elliptical. step 18400, energy = -0.4313262974265633
  |->  par_lens = 45, 43, 46
[TDSE] Running TDSE-SH-elliptical. step 18600, energy = -0.44029561241893644
  |->  par_lens = 49, 48, 48
[TDSE] Running TDSE-SH-elliptical. step 18800, energy = -0.4446591958811232
  |->  par_lens = 52, 52, 49
[TDSE] Running TDSE-SH-elliptical. step 19000, energy = -0.4317170857858059
  |->  par_lens = 52, 53, 52
[TDSE] Running TDSE-SH-elliptical. step 19200, energy = -0.4087040462148283
  |->  par_lens = 54, 57, 53
[TDSE] Running TDSE-SH-elliptical. step 19400, energy = -0.3963243801105783
  |->  par_lens = 59, 60, 58
[TDSE] Running TDSE-SH-elliptical. step 19600, energy = -0.40457589201776184
  |->  par_lens = 64, 65, 65
[TDSE] Running TDSE-SH-elliptical. step 19800, energy = -0.41965651479351107
  |->  par_lens = 75, 73, 73
[TDSE] Running TDSE-SH-elliptical. step 20000, energy = -0.41714825101905423
  |->  par_lens = 74, 74, 72
[TDSE] Running TDSE-SH-elliptical. step 20200, energy = -0.39117981844629496
  |->  par_lens = 76, 72, 77
[TDSE] Running TDSE-SH-elliptical. step 20400, energy = -0.3644902334574172
  |->  par_lens = 79, 77, 78
[TDSE] Running TDSE-SH-elliptical. step 20600, energy = -0.3621060954359234
  |->  par_lens = 85, 85, 86
[TDSE] Running TDSE-SH-elliptical. step 20800, energy = -0.3816609082179543
  |->  par_lens = 97, 96, 95
[TDSE] Running TDSE-SH-elliptical. step 21000, energy = -0.39434855541689917
  |->  par_lens = 103, 102, 101
[TDSE] Running TDSE-SH-elliptical. step 21200, energy = -0.3755134833165997
  |->  par_lens = 102, 102, 103
[TDSE] Running TDSE-SH-elliptical. step 21400, energy = -0.3376849269445634
  |->  par_lens = 104, 106, 104
[TDSE] Running TDSE-SH-elliptical. step 21600, energy = -0.318278245468049
  |->  par_lens = 107, 105, 109
[TDSE] Running TDSE-SH-elliptical. step 21800, energy = -0.3339582750219839
  |->  par_lens = 120, 118, 118
[TDSE] Running TDSE-SH-elliptical. step 22000, energy = -0.3624355107394744
  |->  par_lens = 127, 130, 125
[TDSE] Running TDSE-SH-elliptical. step 22200, energy = -0.36396019565485566
  |->  par_lens = 132, 131, 130
[TDSE] Running TDSE-SH-elliptical. step 22400, energy = -0.3271605492235109
  |->  par_lens = 133, 131, 130
[TDSE] Running TDSE-SH-elliptical. step 22600, energy = -0.28828885131001813
  |->  par_lens = 135, 132, 131
[TDSE] Running TDSE-SH-elliptical. step 22800, energy = -0.2869840423262566
  |->  par_lens = 137, 139, 140
[TDSE] Running TDSE-SH-elliptical. step 23000, energy = -0.3185648221249796
  |->  par_lens = 155, 154, 152
[TDSE] Running TDSE-SH-elliptical. step 23200, energy = -0.3419806346003288
  |->  par_lens = 162, 158, 162
[TDSE] Running TDSE-SH-elliptical. step 23400, energy = -0.32043556548756497
  |->  par_lens = 161, 165, 157
[TDSE] Running TDSE-SH-elliptical. step 23600, energy = -0.2701774315200088
  |->  par_lens = 169, 166, 168
[TDSE] Running TDSE-SH-elliptical. step 23800, energy = -0.24540275340695952
  |->  par_lens = 166, 169, 170
[TDSE] Running TDSE-SH-elliptical. step 24000, energy = -0.2690856658459809
  |->  par_lens = 183, 176, 179
[TDSE] Running TDSE-SH-elliptical. step 24200, energy = -0.3105335220694643
  |->  par_lens = 198, 194, 191
[TDSE] Running TDSE-SH-elliptical. step 24400, energy = -0.31865232342906535
  |->  par_lens = 197, 198, 198
[TDSE] Running TDSE-SH-elliptical. step 24600, energy = -0.27624520969157756
  |->  par_lens = 200, 196, 198
[TDSE] Running TDSE-SH-elliptical. step 24800, energy = -0.22938125112728155
  |->  par_lens = 202, 203, 195
[TDSE] Running TDSE-SH-elliptical. step 25000, energy = -0.23001829081244424
  |->  par_lens = 202, 204, 201
[TDSE] Running TDSE-SH-elliptical. step 25200, energy = -0.2713046349559186
  |->  par_lens = 213, 219, 217
[TDSE] Running TDSE-SH-elliptical. step 25400, energy = -0.3043036099164724
  |->  par_lens = 226, 224, 224
[TDSE] Running TDSE-SH-elliptical. step 25600, energy = -0.28493810727699115
  |->  par_lens = 230, 234, 229
[TDSE] Running TDSE-SH-elliptical. step 25800, energy = -0.2299728342003213
  |->  par_lens = 230, 230, 231
[TDSE] Running TDSE-SH-elliptical. step 26000, energy = -0.203227793951294
  |->  par_lens = 228, 235, 232
[TDSE] Running TDSE-SH-elliptical. step 26200, energy = -0.23204061646879234
  |->  par_lens = 239, 243, 238
[TDSE] Running TDSE-SH-elliptical. step 26400, energy = -0.28163395967053184
  |->  par_lens = 253, 254, 252
[TDSE] Running TDSE-SH-elliptical. step 26600, energy = -0.29696822907361276
  |->  par_lens = 258, 256, 254
[TDSE] Running TDSE-SH-elliptical. step 26800, energy = -0.2574151999753467
  |->  par_lens = 251, 255, 248
[TDSE] Running TDSE-SH-elliptical. step 27000, energy = -0.21071493533443908
  |->  par_lens = 248, 253, 249
[TDSE] Running TDSE-SH-elliptical. step 27200, energy = -0.21277714320664196
  |->  par_lens = 252, 252, 253
[TDSE] Running TDSE-SH-elliptical. step 27400, energy = -0.2572619471340969
  |->  par_lens = 255, 252, 253
[TDSE] Running TDSE-SH-elliptical. step 27600, energy = -0.2954636320065478
  |->  par_lens = 260, 260, 263
[TDSE] Running TDSE-SH-elliptical. step 27800, energy = -0.2827826962257523
  |->  par_lens = 259, 266, 264
[TDSE] Running TDSE-SH-elliptical. step 28000, energy = -0.23360702373012115
  |->  par_lens = 265, 264, 262
[TDSE] Running TDSE-SH-elliptical. step 28200, energy = -0.20951510234455537
  |->  par_lens = 263, 271, 266
[TDSE] Running TDSE-SH-elliptical. step 28400, energy = -0.23790320455313405
  |->  par_lens = 266, 272, 273
[TDSE] Running TDSE-SH-elliptical. step 28600, energy = -0.2877663225942232
  |->  par_lens = 272, 269, 274
[TDSE] Running TDSE-SH-elliptical. step 28800, energy = -0.3084332953513172
  |->  par_lens = 275, 274, 273
[TDSE] Running TDSE-SH-elliptical. step 29000, energy = -0.2791460757611063
  |->  par_lens = 276, 274, 274
[TDSE] Running TDSE-SH-elliptical. step 29200, energy = -0.24106463095101902
  |->  par_lens = 273, 269, 271
[TDSE] Running TDSE-SH-elliptical. step 29400, energy = -0.24344832493566462
  |->  par_lens = 268, 266, 267
[TDSE] Running TDSE-SH-elliptical. step 29600, energy = -0.28324463489868734
  |->  par_lens = 268, 271, 270
[TDSE] Running TDSE-SH-elliptical. step 29800, energy = -0.32040594525669397
  |->  par_lens = 273, 270, 274
[TDSE] Running TDSE-SH-elliptical. step 30000, energy = -0.3158525848845349
  |->  par_lens = 274, 276, 272
[TDSE] Running TDSE-SH-elliptical. step 30200, energy = -0.28000562790286393
  |->  par_lens = 270, 275, 279
[TDSE] Running TDSE-SH-elliptical. step 30400, energy = -0.2618745530430249
  |->  par_lens = 272, 275, 277
[TDSE] Running TDSE-SH-elliptical. step 30600, energy = -0.2846068806478771
  |->  par_lens = 276, 276, 281
[TDSE] Running TDSE-SH-elliptical. step 30800, energy = -0.32711816695445944
  |->  par_lens = 278, 279, 280
[TDSE] Running TDSE-SH-elliptical. step 31000, energy = -0.34885209373273635
  |->  par_lens = 273, 277, 280
[TDSE] Running TDSE-SH-elliptical. step 31200, energy = -0.3321704986845395
  |->  par_lens = 273, 276, 279
[TDSE] Running TDSE-SH-elliptical. step 31400, energy = -0.3068384650224591
  |->  par_lens = 271, 270, 270
[TDSE] Running TDSE-SH-elliptical. step 31600, energy = -0.3083923791668507
  |->  par_lens = 266, 268, 258
[TDSE] Running TDSE-SH-elliptical. step 31800, energy = -0.33817514314916464
  |->  par_lens = 257, 270, 268
[TDSE] Running TDSE-SH-elliptical. step 32000, energy = -0.36817969592787536
  |->  par_lens = 267, 270, 270
[TDSE] Running TDSE-SH-elliptical. step 32200, energy = -0.3693060392759358
  |->  par_lens = 266, 273, 272
[TDSE] Running TDSE-SH-elliptical. step 32400, energy = -0.34819380694476376
  |->  par_lens = 265, 273, 277
[TDSE] Running TDSE-SH-elliptical. step 32600, energy = -0.3366659368779277
  |->  par_lens = 270, 269, 273
[TDSE] Running TDSE-SH-elliptical. step 32800, energy = -0.35192255433656894
  |->  par_lens = 270, 270, 276
[TDSE] Running TDSE-SH-elliptical. step 33000, energy = -0.38208526706144547
  |->  par_lens = 273, 273, 269
[TDSE] Running TDSE-SH-elliptical. step 33200, energy = -0.3996062610809953
  |->  par_lens = 268, 269, 274
[TDSE] Running TDSE-SH-elliptical. step 33400, energy = -0.3931248846852941
  |->  par_lens = 269, 273, 265
[TDSE] Running TDSE-SH-elliptical. step 33600, energy = -0.3796439338121542
  |->  par_lens = 268, 270, 270
[TDSE] Running TDSE-SH-elliptical. step 33800, energy = -0.3807983053505663
  |->  par_lens = 266, 261, 262
[TDSE] Running TDSE-SH-elliptical. step 34000, energy = -0.3990999112088801
  |->  par_lens = 256, 257, 257
[TDSE] Running TDSE-SH-elliptical. step 34200, energy = -0.4179738298852561
  |->  par_lens = 256, 265, 261
[TDSE] Running TDSE-SH-elliptical. step 34400, energy = -0.4209555781953134
  |->  par_lens = 255, 262, 256
[TDSE] Running TDSE-SH-elliptical. step 34600, energy = -0.41142721642187696
  |->  par_lens = 252, 256, 264
[TDSE] Running TDSE-SH-elliptical. step 34800, energy = -0.40599044899412895
  |->  par_lens = 262, 260, 263
[TDSE] Running TDSE-SH-elliptical. step 35000, energy = -0.41461642363251905
  |->  par_lens = 262, 260, 258
[TDSE] Running TDSE-SH-elliptical. step 35200, energy = -0.43118186870678876
  |->  par_lens = 262, 264, 262
[TDSE] Running TDSE-SH-elliptical. step 35400, energy = -0.4418888637982126
  |->  par_lens = 258, 262, 264
[TDSE] Running TDSE-SH-elliptical. step 35600, energy = -0.44104447735870633
  |->  par_lens = 261, 260, 259
[TDSE] Running TDSE-SH-elliptical. step 35800, energy = -0.43626413194994373
  |->  par_lens = 254, 261, 256
[TDSE] Running TDSE-SH-elliptical. step 36000, energy = -0.43726680659556644
  |->  par_lens = 246, 257, 252
[TDSE] Running TDSE-SH-elliptical. step 36200, energy = -0.44569060488934104
  |->  par_lens = 246, 249, 246
[TDSE] Running TDSE-SH-elliptical. step 36400, energy = -0.45424949619425564
  |->  par_lens = 243, 248, 251
[TDSE] Running TDSE-SH-elliptical. step 36600, energy = -0.4565704915453332
  |->  par_lens = 236, 243, 249
[TDSE] Running TDSE-SH-elliptical. step 36800, energy = -0.4537711902934314
  |->  par_lens = 241, 245, 249
[TDSE] Running TDSE-SH-elliptical. step 37000, energy = -0.4523461504848091
  |->  par_lens = 241, 240, 254
[TDSE] Running TDSE-SH-elliptical. step 37200, energy = -0.45590845906574423
  |->  par_lens = 240, 242, 250
[TDSE] Running TDSE-SH-elliptical. step 37400, energy = -0.4624264459938908
  |->  par_lens = 238, 245, 245
[TDSE] Running TDSE-SH-elliptical. step 37600, energy = -0.46707580637105195
  |->  par_lens = 234, 240, 239
[TDSE] Running TDSE-SH-elliptical. step 37800, energy = -0.46794503163321116
  |->  par_lens = 236, 234, 235
[TDSE] Running TDSE-SH-elliptical. step 38000, energy = -0.4672704314810327
  |->  par_lens = 231, 223, 227
[TDSE] Running TDSE-SH-elliptical. step 38200, energy = -0.46791591930521953
  |->  par_lens = 218, 213, 221
[TDSE] Running TDSE-SH-elliptical. step 38400, energy = -0.47032136206255404
  |->  par_lens = 209, 206, 212
[TDSE] Running TDSE-SH-elliptical. step 38600, energy = -0.4727581232509147
  |->  par_lens = 203, 200, 200
[TDSE] Running TDSE-SH-elliptical. step 38800, energy = -0.4735981768065338
  |->  par_lens = 197, 194, 193
[TDSE] Running TDSE-SH-elliptical. step 39000, energy = -0.4732986502706131
  |->  par_lens = 190, 187, 186
[TDSE] Running TDSE-SH-elliptical. step 39200, energy = -0.473230354109714
  |->  par_lens = 186, 183, 183
[TDSE] Running TDSE-SH-elliptical. step 39400, energy = -0.4741461794976637
  |->  par_lens = 187, 182, 180
[TDSE] Running TDSE-SH-elliptical. step 39600, energy = -0.4756586459464829
  |->  par_lens = 180, 181, 179
[TDSE] Running TDSE-SH-elliptical. step 39800, energy = -0.4768184545894138
  |->  par_lens = 176, 180, 177
[TDSE] Running TDSE-SH-elliptical. step 40000, energy = -0.4773569976671043
  |->  par_lens = 173, 174, 170
[TDSE] Running TDSE-SH-elliptical. step 40200, energy = -0.4775391198939624
  |->  par_lens = 169, 161, 165
[TDSE] Running TDSE-SH-elliptical. step 40400, energy = -0.47773113800026706
  |->  par_lens = 159, 154, 163
[TDSE] Running TDSE-SH-elliptical. step 40600, energy = -0.478032184831697
  |->  par_lens = 148, 149, 151
[TDSE] Running TDSE-SH-elliptical. step 40800, energy = -0.478266702379077
  |->  par_lens = 141, 140, 146
[TDSE] Running TDSE-SH-elliptical. step 41000, energy = -0.47837404507656156
  |->  par_lens = 137, 131, 138
[TDSE] Running TDSE-SH-elliptical. step 41200, energy = -0.4784173839799108
  |->  par_lens = 131, 122, 132
[TDSE] Running TDSE-SH-elliptical. step 41400, energy = -0.4784743365202773
  |->  par_lens = 119, 116, 127
[TDSE] Running TDSE-SH-elliptical. step 41600, energy = -0.47860195650410786
  |->  par_lens = 117, 115, 121
[TDSE] Running TDSE-SH-elliptical. step 41800, energy = -0.4787415923254161
  |->  par_lens = 115, 112, 114
[TDSE] Running TDSE-SH-elliptical. step 42000, energy = -0.47887304511901047
  |->  par_lens = 112, 108, 112
[TDSE] Running TDSE-SH-elliptical. step 42200, energy = -0.4789789430160117
  |->  par_lens = 110, 107, 109
[TDSE] Running TDSE-SH-elliptical. step 42400, energy = -0.479064049908108
  |->  par_lens = 108, 106, 108
[TDSE] Running TDSE-SH-elliptical. step 42600, energy = -0.47913966317191625
  |->  par_lens = 108, 105, 108
[TDSE] Running TDSE-SH-elliptical. step 42800, energy = -0.4792209296986548
  |->  par_lens = 107, 104, 108
[TDSE] Running TDSE-SH-elliptical. step 43000, energy = -0.4793108816390305
  |->  par_lens = 107, 103, 108
