  Activating project at `~/JuliaProp_v0.1`
[ITP]: 10000.500151030976
[ITP]: 3.0490838964780664e-8
[ITP]: 7.575335692067142e-9
Energy of ground state: -0.5001510690415283
[TDSE] Start TDSE-SH for elliptical polarized laser. It may cost a plenty of time.
[TDSE] Running TDSE-SH-elliptical. step 0, energy = -0.5001510690415277
  |->  par_lens = 2, 2, 2
[TDSE] Running TDSE-SH-elliptical. step 200, energy = -0.5001510690413833
  |->  par_lens = 2, 2, 2
[TDSE] Running TDSE-SH-elliptical. step 400, energy = -0.50015106904124
  |->  par_lens = 2, 2, 2
[TDSE] Running TDSE-SH-elliptical. step 600, energy = -0.5001510690410975
  |->  par_lens = 2, 2, 2
[TDSE] Running TDSE-SH-elliptical. step 800, energy = -0.5001510690409541
  |->  par_lens = 2, 2, 2
[TDSE] Running TDSE-SH-elliptical. step 1000, energy = -0.5001510690408105
  |->  par_lens = 2, 2, 2
[TDSE] Running TDSE-SH-elliptical. step 1200, energy = -0.5001510690406702
  |->  par_lens = 2, 2, 2
[TDSE] Running TDSE-SH-elliptical. step 1400, energy = -0.5001510690405276
  |->  par_lens = 2, 2, 2
[TDSE] Running TDSE-SH-elliptical. step 1600, energy = -0.5001510690403848
  |->  par_lens = 2, 2, 2
[TDSE] Running TDSE-SH-elliptical. step 1800, energy = -0.5001510690402411
  |->  par_lens = 2, 2, 2
[TDSE] Running TDSE-SH-elliptical. step 2000, energy = -0.5001510690400979
  |->  par_lens = 2, 2, 2
[TDSE] Running TDSE-SH-elliptical. step 2200, energy = -0.5001510690399571
  |->  par_lens = 2, 2, 2
[TDSE] Running TDSE-SH-elliptical. step 2400, energy = -0.5001510690398145
  |->  par_lens = 2, 2, 2
[TDSE] Running TDSE-SH-elliptical. step 2600, energy = -0.5001510690396725
  |->  par_lens = 2, 2, 2
[TDSE] Running TDSE-SH-elliptical. step 2800, energy = -0.5001510690395299
  |->  par_lens = 2, 2, 2
[TDSE] Running TDSE-SH-elliptical. step 3000, energy = -0.5001510690393887
  |->  par_lens = 2, 2, 2
[TDSE] Running TDSE-SH-elliptical. step 3200, energy = -0.5001510690392471
  |->  par_lens = 2, 2, 2
[TDSE] Running TDSE-SH-elliptical. step 3400, energy = -0.5001510690391047
  |->  par_lens = 2, 2, 2
[TDSE] Running TDSE-SH-elliptical. step 3600, energy = -0.500151069038963
  |->  par_lens = 2, 2, 2
[TDSE] Running TDSE-SH-elliptical. step 3800, energy = -0.5001510690388206
  |->  par_lens = 2, 2, 2
[TDSE] Running TDSE-SH-elliptical. step 4000, energy = -0.500151069038679
  |->  par_lens = 2, 2, 2
[TDSE] Running TDSE-SH-elliptical. step 4200, energy = -0.5001510690385373
  |->  par_lens = 2, 2, 2
[TDSE] Running TDSE-SH-elliptical. step 4400, energy = -0.5001510690383951
  |->  par_lens = 2, 2, 2
[TDSE] Running TDSE-SH-elliptical. step 4600, energy = -0.5001510690382526
  |->  par_lens = 2, 2, 2
[TDSE] Running TDSE-SH-elliptical. step 4800, energy = -0.5001510690381112
  |->  par_lens = 2, 2, 2
[TDSE] Running TDSE-SH-elliptical. step 5000, energy = -0.5001510690379691
  |->  par_lens = 2, 2, 2
[TDSE] Running TDSE-SH-elliptical. step 5200, energy = -0.5001510690378266
  |->  par_lens = 2, 2, 2
[TDSE] Running TDSE-SH-elliptical. step 5400, energy = -0.5001510690376867
  |->  par_lens = 2, 2, 2
[TDSE] Running TDSE-SH-elliptical. step 5600, energy = -0.500151069037546
  |->  par_lens = 2, 2, 2
[TDSE] Running TDSE-SH-elliptical. step 5800, energy = -0.5001510690374125
  |->  par_lens = 2, 2, 2
[TDSE] Running TDSE-SH-elliptical. step 6000, energy = -0.5001510690372885
  |->  par_lens = 2, 2, 2
[TDSE] Running TDSE-SH-elliptical. step 6200, energy = -0.5001510690371768
  |->  par_lens = 2, 2, 2
[TDSE] Running TDSE-SH-elliptical. step 6400, energy = -0.5001510690370847
  |->  par_lens = 2, 2, 2
[TDSE] Running TDSE-SH-elliptical. step 6600, energy = -0.5001510690370291
  |->  par_lens = 2, 2, 2
[TDSE] Running TDSE-SH-elliptical. step 6800, energy = -0.5001510690370246
  |->  par_lens = 2, 2, 2
[TDSE] Running TDSE-SH-elliptical. step 7000, energy = -0.5001510690365486
  |->  par_lens = 2, 2, 2
[TDSE] Running TDSE-SH-elliptical. step 7200, energy = -0.5001510690197803
  |->  par_lens = 2, 2, 2
[TDSE] Running TDSE-SH-elliptical. step 7400, energy = -0.500151068932669
  |->  par_lens = 2, 2, 2
[TDSE] Running TDSE-SH-elliptical. step 7600, energy = -0.5001510686662947
  |->  par_lens = 2, 2, 2
[TDSE] Running TDSE-SH-elliptical. step 7800, energy = -0.5001510680526357
  |->  par_lens = 2, 2, 2
[TDSE] Running TDSE-SH-elliptical. step 8000, energy = -0.5001510668781679
  |->  par_lens = 2, 2, 2
[TDSE] Running TDSE-SH-elliptical. step 8200, energy = -0.5001510648054804
  |->  par_lens = 2, 2, 2
[TDSE] Running TDSE-SH-elliptical. step 8400, energy = -0.5001510615295913
  |->  par_lens = 2, 2, 2
[TDSE] Running TDSE-SH-elliptical. step 8600, energy = -0.5001510565391127
  |->  par_lens = 2, 2, 2
[TDSE] Running TDSE-SH-elliptical. step 8800, energy = -0.5001510493559524
  |->  par_lens = 2, 2, 2
[TDSE] Running TDSE-SH-elliptical. step 9000, energy = -0.5001510394504652
  |->  par_lens = 2, 2, 2
[TDSE] Running TDSE-SH-elliptical. step 9200, energy = -0.50015102600728
  |->  par_lens = 2, 2, 2
[TDSE] Running TDSE-SH-elliptical. step 9400, energy = -0.5001510086127587
  |->  par_lens = 2, 2, 2
[TDSE] Running TDSE-SH-elliptical. step 9600, energy = -0.5001509862167844
  |->  par_lens = 2, 2, 2
[TDSE] Running TDSE-SH-elliptical. step 9800, energy = -0.5001509582032995
  |->  par_lens = 2, 2, 2
[TDSE] Running TDSE-SH-elliptical. step 10000, energy = -0.5001509238775989
  |->  par_lens = 2, 2, 2
[TDSE] Running TDSE-SH-elliptical. step 10200, energy = -0.5001508574351781
  |->  par_lens = 2, 2, 2
[TDSE] Running TDSE-SH-elliptical. step 10400, energy = -0.5001505654785088
  |->  par_lens = 2, 2, 2
[TDSE] Running TDSE-SH-elliptical. step 10600, energy = -0.5001500761111697
  |->  par_lens = 2, 2, 2
[TDSE] Running TDSE-SH-elliptical. step 10800, energy = -0.5001495262607428
  |->  par_lens = 2, 2, 2
[TDSE] Running TDSE-SH-elliptical. step 11000, energy = -0.5001445060468136
  |->  par_lens = 3, 2, 2
[TDSE] Running TDSE-SH-elliptical. step 11200, energy = -0.5001189172037886
  |->  par_lens = 4, 3, 3
[TDSE] Running TDSE-SH-elliptical. step 11400, energy = -0.5000588578096536
  |->  par_lens = 4, 3, 3
[TDSE] Running TDSE-SH-elliptical. step 11600, energy = -0.49999047157302373
  |->  par_lens = 4, 3, 3
[TDSE] Running TDSE-SH-elliptical. step 11800, energy = -0.49997681111295567
  |->  par_lens = 4, 4, 3
[TDSE] Running TDSE-SH-elliptical. step 12000, energy = -0.5000064669819017
  |->  par_lens = 4, 4, 4
[TDSE] Running TDSE-SH-elliptical. step 12200, energy = -0.4998977047120788
  |->  par_lens = 5, 4, 4
[TDSE] Running TDSE-SH-elliptical. step 12400, energy = -0.49944736403155665
  |->  par_lens = 5, 5, 5
[TDSE] Running TDSE-SH-elliptical. step 12600, energy = -0.49879268202967264
  |->  par_lens = 6, 6, 7
[TDSE] Running TDSE-SH-elliptical. step 12800, energy = -0.49848445375695466
  |->  par_lens = 7, 7, 7
[TDSE] Running TDSE-SH-elliptical. step 13000, energy = -0.49887428459708066
  |->  par_lens = 7, 7, 7
[TDSE] Running TDSE-SH-elliptical. step 13200, energy = -0.4993791604407109
  |->  par_lens = 7, 7, 6
[TDSE] Running TDSE-SH-elliptical. step 13400, energy = -0.498781787836209
  |->  par_lens = 7, 7, 7
[TDSE] Running TDSE-SH-elliptical. step 13600, energy = -0.49673623813242995
  |->  par_lens = 8, 8, 7
[TDSE] Running TDSE-SH-elliptical. step 13800, energy = -0.49478591115065107
  |->  par_lens = 9, 10, 8
[TDSE] Running TDSE-SH-elliptical. step 14000, energy = -0.4949529393629112
  |->  par_lens = 10, 10, 9
[TDSE] Running TDSE-SH-elliptical. step 14200, energy = -0.4969239629859367
  |->  par_lens = 10, 9, 9
[TDSE] Running TDSE-SH-elliptical. step 14400, energy = -0.4973567113372006
  |->  par_lens = 10, 10, 9
[TDSE] Running TDSE-SH-elliptical. step 14600, energy = -0.4934059847726634
  |->  par_lens = 10, 10, 10
[TDSE] Running TDSE-SH-elliptical. step 14800, energy = -0.48707121314305596
  |->  par_lens = 13, 12, 13
[TDSE] Running TDSE-SH-elliptical. step 15000, energy = -0.4842988540748157
  |->  par_lens = 14, 13, 13
[TDSE] Running TDSE-SH-elliptical. step 15200, energy = -0.48820691753278306
  |->  par_lens = 14, 15, 14
[TDSE] Running TDSE-SH-elliptical. step 15400, energy = -0.49380824415106445
  |->  par_lens = 16, 17, 15
[TDSE] Running TDSE-SH-elliptical. step 15600, energy = -0.49215669307384785
  |->  par_lens = 16, 17, 16
[TDSE] Running TDSE-SH-elliptical. step 15800, energy = -0.4812624312050016
  |->  par_lens = 17, 18, 15
[TDSE] Running TDSE-SH-elliptical. step 16000, energy = -0.4706877784053294
  |->  par_lens = 19, 19, 19
[TDSE] Running TDSE-SH-elliptical. step 16200, energy = -0.4718583928927327
  |->  par_lens = 20, 22, 20
[TDSE] Running TDSE-SH-elliptical. step 16400, energy = -0.48313986155747346
  |->  par_lens = 23, 23, 24
[TDSE] Running TDSE-SH-elliptical. step 16600, energy = -0.48858654890069714
  |->  par_lens = 24, 25, 25
[TDSE] Running TDSE-SH-elliptical. step 16800, energy = -0.4754953263858068
  |->  par_lens = 23, 24, 26
[TDSE] Running TDSE-SH-elliptical. step 17000, energy = -0.45204555584484984
  |->  par_lens = 25, 25, 26
[TDSE] Running TDSE-SH-elliptical. step 17200, energy = -0.4416161935786357
  |->  par_lens = 29, 31, 31
[TDSE] Running TDSE-SH-elliptical. step 17400, energy = -0.4558861823887253
  |->  par_lens = 37, 39, 34
[TDSE] Running TDSE-SH-elliptical. step 17600, energy = -0.47752910273472027
  |->  par_lens = 40, 41, 44
[TDSE] Running TDSE-SH-elliptical. step 17800, energy = -0.47662223241626217
  |->  par_lens = 41, 42, 46
[TDSE] Running TDSE-SH-elliptical. step 18000, energy = -0.44638872018209025
  |->  par_lens = 38, 40, 36
[TDSE] Running TDSE-SH-elliptical. step 18200, energy = -0.41593173595327143
  |->  par_lens = 42, 43, 42
[TDSE] Running TDSE-SH-elliptical. step 18400, energy = -0.4187897237427691
  |->  par_lens = 49, 52, 49
[TDSE] Running TDSE-SH-elliptical. step 18600, energy = -0.4513105012399437
  |->  par_lens = 61, 60, 56
[TDSE] Running TDSE-SH-elliptical. step 18800, energy = -0.4708089917844531
  |->  par_lens = 63, 65, 65
[TDSE] Running TDSE-SH-elliptical. step 19000, energy = -0.4435923765819585
  |->  par_lens = 61, 63, 63
[TDSE] Running TDSE-SH-elliptical. step 19200, energy = -0.38920364574761385
  |->  par_lens = 59, 55, 53
[TDSE] Running TDSE-SH-elliptical. step 19400, energy = -0.3639374350138583
  |->  par_lens = 66, 68, 66
[TDSE] Running TDSE-SH-elliptical. step 19600, energy = -0.39606187151221195
  |->  par_lens = 83, 83, 83
[TDSE] Running TDSE-SH-elliptical. step 19800, energy = -0.44767444222393393
  |->  par_lens = 96, 96, 102
[TDSE] Running TDSE-SH-elliptical. step 20000, energy = -0.4525711525178001
  |->  par_lens = 102, 99, 102
[TDSE] Running TDSE-SH-elliptical. step 20200, energy = -0.394655473086284
  |->  par_lens = 96, 93, 98
[TDSE] Running TDSE-SH-elliptical. step 20400, energy = -0.3337396291552955
  |->  par_lens = 80, 82, 83
[TDSE] Running TDSE-SH-elliptical. step 20600, energy = -0.3375752482415201
  |->  par_lens = 100, 103, 102
[TDSE] Running TDSE-SH-elliptical. step 20800, energy = -0.4018798031017861
  |->  par_lens = 128, 123, 124
[TDSE] Running TDSE-SH-elliptical. step 21000, energy = -0.44538827341976645
  |->  par_lens = 133, 136, 135
[TDSE] Running TDSE-SH-elliptical. step 21200, energy = -0.40368772217920335
  |->  par_lens = 135, 134, 133
[TDSE] Running TDSE-SH-elliptical. step 21400, energy = -0.3099073010532001
  |->  par_lens = 118, 118, 118
[TDSE] Running TDSE-SH-elliptical. step 21600, energy = -0.26469628526831207
  |->  par_lens = 120, 117, 115
[TDSE] Running TDSE-SH-elliptical. step 21800, energy = -0.3174055312700698
  |->  par_lens = 157, 158, 157
[TDSE] Running TDSE-SH-elliptical. step 22000, energy = -0.4083873698892866
  |->  par_lens = 182, 185, 188
[TDSE] Running TDSE-SH-elliptical. step 22200, energy = -0.4255834706215743
  |->  par_lens = 190, 190, 194
[TDSE] Running TDSE-SH-elliptical. step 22400, energy = -0.339968122581635
  |->  par_lens = 185, 186, 185
[TDSE] Running TDSE-SH-elliptical. step 22600, energy = -0.2455490555376758
  |->  par_lens = 152, 152, 154
[TDSE] Running TDSE-SH-elliptical. step 22800, energy = -0.2486782944828585
  |->  par_lens = 165, 166, 165
[TDSE] Running TDSE-SH-elliptical. step 23000, energy = -0.34606288154210957
  |->  par_lens = 210, 214, 212
[TDSE] Running TDSE-SH-elliptical. step 23200, energy = -0.41859936248686574
  |->  par_lens = 233, 229, 231
[TDSE] Running TDSE-SH-elliptical. step 23400, energy = -0.3681783803053683
  |->  par_lens = 232, 229, 229
[TDSE] Running TDSE-SH-elliptical. step 23600, energy = -0.2387405025770261
  |->  par_lens = 214, 203, 204
[TDSE] Running TDSE-SH-elliptical. step 23800, energy = -0.17429868688718061
  |->  par_lens = 184, 195, 198
[TDSE] Running TDSE-SH-elliptical. step 24000, energy = -0.24279993357171603
  |->  par_lens = 234, 233, 231
[TDSE] Running TDSE-SH-elliptical. step 24200, energy = -0.3704178718625747
  |->  par_lens = 282, 277, 278
[TDSE] Running TDSE-SH-elliptical. step 24400, energy = -0.40424312651136607
  |->  par_lens = 290, 285, 287
[TDSE] Running TDSE-SH-elliptical. step 24600, energy = -0.30187658520208477
  |->  par_lens = 277, 276, 274
[TDSE] Running TDSE-SH-elliptical. step 24800, energy = -0.18238360631509123
  |->  par_lens = 247, 242, 241
[TDSE] Running TDSE-SH-elliptical. step 25000, energy = -0.18327640843513243
  |->  par_lens = 246, 247, 243
[TDSE] Running TDSE-SH-elliptical. step 25200, energy = -0.3022419516171571
  |->  par_lens = 298, 291, 292
[TDSE] Running TDSE-SH-elliptical. step 25400, energy = -0.39887444350840173
  |->  par_lens = 322, 321, 317
[TDSE] Running TDSE-SH-elliptical. step 25600, energy = -0.3497642915450504
  |->  par_lens = 317, 320, 317
[TDSE] Running TDSE-SH-elliptical. step 25800, energy = -0.20243843079933066
  |->  par_lens = 287, 287, 297
[TDSE] Running TDSE-SH-elliptical. step 26000, energy = -0.1260223762864363
  |->  par_lens = 276, 279, 282
[TDSE] Running TDSE-SH-elliptical. step 26200, energy = -0.199774810702042
  |->  par_lens = 307, 311, 313
[TDSE] Running TDSE-SH-elliptical. step 26400, energy = -0.34690423294536044
  |->  par_lens = 351, 351, 349
[TDSE] Running TDSE-SH-elliptical. step 26600, energy = -0.3959048590870797
  |->  par_lens = 359, 360, 355
[TDSE] Running TDSE-SH-elliptical. step 26800, energy = -0.295353266567359
  |->  par_lens = 350, 348, 339
[TDSE] Running TDSE-SH-elliptical. step 27000, energy = -0.16976929521036174
  |->  par_lens = 320, 323, 313
[TDSE] Running TDSE-SH-elliptical. step 27200, energy = -0.1669242459088369
  |->  par_lens = 324, 330, 320
[TDSE] Running TDSE-SH-elliptical. step 27400, energy = -0.28811073577257634
  |->  par_lens = 349, 350, 351
[TDSE] Running TDSE-SH-elliptical. step 27600, energy = -0.3938622855816183
  |->  par_lens = 371, 373, 370
[TDSE] Running TDSE-SH-elliptical. step 27800, energy = -0.35560461567038965
  |->  par_lens = 362, 368, 363
[TDSE] Running TDSE-SH-elliptical. step 28000, energy = -0.21599048233431917
  |->  par_lens = 345, 349, 349
[TDSE] Running TDSE-SH-elliptical. step 28200, energy = -0.13910461537746993
  |->  par_lens = 327, 339, 340
[TDSE] Running TDSE-SH-elliptical. step 28400, energy = -0.20589173170561761
  |->  par_lens = 356, 362, 353
[TDSE] Running TDSE-SH-elliptical. step 28600, energy = -0.34766512797199756
  |->  par_lens = 376, 380, 379
[TDSE] Running TDSE-SH-elliptical. step 28800, energy = -0.4040863475811148
  |->  par_lens = 383, 382, 387
[TDSE] Running TDSE-SH-elliptical. step 29000, energy = -0.32333193125936394
  |->  par_lens = 375, 377, 378
[TDSE] Running TDSE-SH-elliptical. step 29200, energy = -0.213175344571512
  |->  par_lens = 358, 360, 364
[TDSE] Running TDSE-SH-elliptical. step 29400, energy = -0.20665727856167848
  |->  par_lens = 352, 355, 350
[TDSE] Running TDSE-SH-elliptical. step 29600, energy = -0.31054580151000466
  |->  par_lens = 372, 366, 374
[TDSE] Running TDSE-SH-elliptical. step 29800, energy = -0.4060883772606043
  |->  par_lens = 380, 382, 378
[TDSE] Running TDSE-SH-elliptical. step 30000, energy = -0.38287563175470074
  |->  par_lens = 375, 381, 379
[TDSE] Running TDSE-SH-elliptical. step 30200, energy = -0.2728620801717446
  |->  par_lens = 373, 370, 369
[TDSE] Running TDSE-SH-elliptical. step 30400, energy = -0.20814886846693087
  |->  par_lens = 368, 366, 360
[TDSE] Running TDSE-SH-elliptical. step 30600, energy = -0.25893756855452027
  |->  par_lens = 375, 383, 376
[TDSE] Running TDSE-SH-elliptical. step 30800, energy = -0.3734226278087336
  |->  par_lens = 389, 392, 395
[TDSE] Running TDSE-SH-elliptical. step 31000, energy = -0.4255341130388776
  |->  par_lens = 393, 394, 394
[TDSE] Running TDSE-SH-elliptical. step 31200, energy = -0.3733790719703835
  |->  par_lens = 385, 387, 388
[TDSE] Running TDSE-SH-elliptical. step 31400, energy = -0.2939583434926016
  |->  par_lens = 375, 376, 379
[TDSE] Running TDSE-SH-elliptical. step 31600, energy = -0.285887747980489
  |->  par_lens = 363, 355, 366
[TDSE] Running TDSE-SH-elliptical. step 31800, energy = -0.36014987397175124
  |->  par_lens = 367, 359, 367
[TDSE] Running TDSE-SH-elliptical. step 32000, energy = -0.4305859659856072
  |->  par_lens = 378, 368, 374
[TDSE] Running TDSE-SH-elliptical. step 32200, energy = -0.42100207242030024
  |->  par_lens = 377, 372, 371
[TDSE] Running TDSE-SH-elliptical. step 32400, energy = -0.3500488253847916
  |->  par_lens = 369, 365, 373
[TDSE] Running TDSE-SH-elliptical. step 32600, energy = -0.3046274821946598
  |->  par_lens = 372, 370, 375
[TDSE] Running TDSE-SH-elliptical. step 32800, energy = -0.33651491177823906
  |->  par_lens = 391, 394, 391
[TDSE] Running TDSE-SH-elliptical. step 33000, energy = -0.41189031758746236
  |->  par_lens = 398, 398, 392
[TDSE] Running TDSE-SH-elliptical. step 33200, energy = -0.4517193920754281
  |->  par_lens = 403, 401, 397
[TDSE] Running TDSE-SH-elliptical. step 33400, energy = -0.4262356070473631
  |->  par_lens = 396, 401, 395
[TDSE] Running TDSE-SH-elliptical. step 33600, energy = -0.3803446132012547
  |->  par_lens = 391, 392, 384
[TDSE] Running TDSE-SH-elliptical. step 33800, energy = -0.3746174274498934
  |->  par_lens = 376, 374, 373
[TDSE] Running TDSE-SH-elliptical. step 34000, energy = -0.4160161406678234
  |->  par_lens = 362, 371, 373
[TDSE] Running TDSE-SH-elliptical. step 34200, energy = -0.45764867287642547
  |->  par_lens = 376, 370, 368
[TDSE] Running TDSE-SH-elliptical. step 34400, energy = -0.45561709247640075
  |->  par_lens = 376, 370, 371
[TDSE] Running TDSE-SH-elliptical. step 34600, energy = -0.4195215813535742
  |->  par_lens = 368, 373, 376
[TDSE] Running TDSE-SH-elliptical. step 34800, energy = -0.39521843801929024
  |->  par_lens = 382, 377, 378
[TDSE] Running TDSE-SH-elliptical. step 35000, energy = -0.4112401359055993
  |->  par_lens = 387, 388, 390
[TDSE] Running TDSE-SH-elliptical. step 35200, energy = -0.44989091189126934
  |->  par_lens = 398, 390, 396
[TDSE] Running TDSE-SH-elliptical. step 35400, energy = -0.4730593758045781
  |->  par_lens = 399, 394, 398
[TDSE] Running TDSE-SH-elliptical. step 35600, energy = -0.46508582348272115
  |->  par_lens = 398, 398, 397
[TDSE] Running TDSE-SH-elliptical. step 35800, energy = -0.4464166630227563
  |->  par_lens = 395, 388, 393
[TDSE] Running TDSE-SH-elliptical. step 36000, energy = -0.4431644350881665
  |->  par_lens = 382, 390, 390
[TDSE] Running TDSE-SH-elliptical. step 36200, energy = -0.4606561691002847
  |->  par_lens = 377, 376, 381
[TDSE] Running TDSE-SH-elliptical. step 36400, energy = -0.4779704817917472
  |->  par_lens = 371, 370, 376
[TDSE] Running TDSE-SH-elliptical. step 36600, energy = -0.47864050981756945
  |->  par_lens = 371, 363, 374
[TDSE] Running TDSE-SH-elliptical. step 36800, energy = -0.4654261269520146
  |->  par_lens = 371, 364, 369
[TDSE] Running TDSE-SH-elliptical. step 37000, energy = -0.4564324702601862
  |->  par_lens = 368, 364, 375
[TDSE] Running TDSE-SH-elliptical. step 37200, energy = -0.4619850669407648
  |->  par_lens = 381, 375, 381
[TDSE] Running TDSE-SH-elliptical. step 37400, energy = -0.47617852345219436
  |->  par_lens = 380, 379, 384
[TDSE] Running TDSE-SH-elliptical. step 37600, energy = -0.48579765396432195
  |->  par_lens = 382, 379, 382
[TDSE] Running TDSE-SH-elliptical. step 37800, energy = -0.48543014212303703
  |->  par_lens = 371, 379, 383
[TDSE] Running TDSE-SH-elliptical. step 38000, energy = -0.48096249766187055
  |->  par_lens = 372, 369, 373
[TDSE] Running TDSE-SH-elliptical. step 38200, energy = -0.48023952907472894
  |->  par_lens = 369, 361, 364
[TDSE] Running TDSE-SH-elliptical. step 38400, energy = -0.48451868386362873
  |->  par_lens = 359, 351, 347
[TDSE] Running TDSE-SH-elliptical. step 38600, energy = -0.48881320277646206
  |->  par_lens = 340, 333, 335
[TDSE] Running TDSE-SH-elliptical. step 38800, energy = -0.48911250811421775
  |->  par_lens = 324, 328, 330
[TDSE] Running TDSE-SH-elliptical. step 39000, energy = -0.486361230286925
  |->  par_lens = 312, 313, 326
[TDSE] Running TDSE-SH-elliptical. step 39200, energy = -0.4844772966954934
  |->  par_lens = 316, 322, 324
[TDSE] Running TDSE-SH-elliptical. step 39400, energy = -0.4856437585309624
  |->  par_lens = 315, 323, 321
[TDSE] Running TDSE-SH-elliptical. step 39600, energy = -0.4885639107496384
  |->  par_lens = 323, 320, 319
[TDSE] Running TDSE-SH-elliptical. step 39800, energy = -0.4908666550823807
  |->  par_lens = 319, 312, 321
[TDSE] Running TDSE-SH-elliptical. step 40000, energy = -0.49154681218233787
  |->  par_lens = 317, 309, 313
[TDSE] Running TDSE-SH-elliptical. step 40200, energy = -0.49140686003613443
  |->  par_lens = 314, 305, 309
[TDSE] Running TDSE-SH-elliptical. step 40400, energy = -0.49139882101421756
  |->  par_lens = 305, 302, 306
[TDSE] Running TDSE-SH-elliptical. step 40600, energy = -0.49173305153757113
  |->  par_lens = 301, 303, 299
[TDSE] Running TDSE-SH-elliptical. step 40800, energy = -0.4919801161943854
  |->  par_lens = 298, 303, 291
[TDSE] Running TDSE-SH-elliptical. step 41000, energy = -0.491934735889345
  |->  par_lens = 294, 296, 288
[TDSE] Running TDSE-SH-elliptical. step 41200, energy = -0.4916986064458406
  |->  par_lens = 293, 293, 284
[TDSE] Running TDSE-SH-elliptical. step 41400, energy = -0.4916101430380936
  |->  par_lens = 288, 293, 283
[TDSE] Running TDSE-SH-elliptical. step 41600, energy = -0.4916957427632765
  |->  par_lens = 289, 292, 283
[TDSE] Running TDSE-SH-elliptical. step 41800, energy = -0.4918479470074847
  |->  par_lens = 289, 290, 283
[TDSE] Running TDSE-SH-elliptical. step 42000, energy = -0.492019334843202
  |->  par_lens = 289, 290, 282
[TDSE] Running TDSE-SH-elliptical. step 42200, energy = -0.4920921217626388
  |->  par_lens = 287, 289, 283
[TDSE] Running TDSE-SH-elliptical. step 42400, energy = -0.49214628539459787
  |->  par_lens = 286, 288, 283
[TDSE] Running TDSE-SH-elliptical. step 42600, energy = -0.4921618482461748
  |->  par_lens = 284, 286, 281
[TDSE] Running TDSE-SH-elliptical. step 42800, energy = -0.4921670545011978
  |->  par_lens = 283, 286, 282
[TDSE] Running TDSE-SH-elliptical. step 43000, energy = -0.49219303275036014
  |->  par_lens = 282, 285, 280
[TDSE] Running TDSE-SH-elliptical. step 43200, energy = -0.49219541138750544
  |->  par_lens = 279, 283, 280
[TDSE] Running TDSE-SH-elliptical. step 43400, energy = -0.49222491538190577
  |->  par_lens = 279, 282, 278
[TDSE] Running TDSE-SH-elliptical. step 43600, energy = -0.4922390918826289
  |->  par_lens = 278, 279, 279
[TDSE] Running TDSE-SH-elliptical. step 43800, energy = -0.4922517973666135
  |->  par_lens = 277, 276, 277
[TDSE] Running TDSE-SH-elliptical. step 44000, energy = -0.492288754149301
  |->  par_lens = 276, 276, 276
[TDSE] Running TDSE-SH-elliptical. step 44200, energy = -0.4923022441195962
  |->  par_lens = 276, 274, 275
[TDSE] Running TDSE-SH-elliptical. step 44400, energy = -0.4923308700706519
  |->  par_lens = 274, 274, 274
[TDSE] Running TDSE-SH-elliptical. step 44600, energy = -0.492339673861585
  |->  par_lens = 272, 275, 273
[TDSE] Running TDSE-SH-elliptical. step 44800, energy = -0.4923542996414215
  |->  par_lens = 271, 272, 272
[TDSE] Running TDSE-SH-elliptical. step 45000, energy = -0.49239168315821
  |->  par_lens = 269, 271, 269
