  Activating project at `~/JuliaProp_v0.1`
[ITP]: 10000.500151030976
[ITP]: 3.0490838964780664e-8
[ITP]: 7.575335692067142e-9
Energy of ground state: -0.5001510690415283
[TDSE] Start TDSE-SH for elliptical polarized laser. It may cost a plenty of time.
[TDSE] Running TDSE-SH-elliptical. step 0, energy = -0.5001510690415277
  |->  par_lens = 2, 2, 2
[TDSE] Running TDSE-SH-elliptical. step 200, energy = -0.5001510690413828
  |->  par_lens = 2, 2, 2
[TDSE] Running TDSE-SH-elliptical. step 400, energy = -0.5001510690411064
  |->  par_lens = 2, 2, 2
[TDSE] Running TDSE-SH-elliptical. step 600, energy = -0.5001510690395562
  |->  par_lens = 2, 2, 2
[TDSE] Running TDSE-SH-elliptical. step 800, energy = -0.500151069032173
  |->  par_lens = 2, 2, 2
[TDSE] Running TDSE-SH-elliptical. step 1000, energy = -0.5001510690073453
  |->  par_lens = 2, 2, 2
[TDSE] Running TDSE-SH-elliptical. step 1200, energy = -0.500151068941049
  |->  par_lens = 2, 2, 2
[TDSE] Running TDSE-SH-elliptical. step 1400, energy = -0.500151068790507
  |->  par_lens = 2, 2, 2
[TDSE] Running TDSE-SH-elliptical. step 1600, energy = -0.5001510684866275
  |->  par_lens = 2, 2, 2
[TDSE] Running TDSE-SH-elliptical. step 1800, energy = -0.5001510679245675
  |->  par_lens = 2, 2, 2
[TDSE] Running TDSE-SH-elliptical. step 2000, energy = -0.5001510669578784
  |->  par_lens = 2, 2, 2
[TDSE] Running TDSE-SH-elliptical. step 2200, energy = -0.5001510653795657
  |->  par_lens = 2, 2, 2
[TDSE] Running TDSE-SH-elliptical. step 2400, energy = -0.50015106292815
  |->  par_lens = 2, 2, 2
[TDSE] Running TDSE-SH-elliptical. step 2600, energy = -0.5001510592585474
  |->  par_lens = 2, 2, 2
[TDSE] Running TDSE-SH-elliptical. step 2800, energy = -0.5001510539406233
  |->  par_lens = 2, 2, 2
[TDSE] Running TDSE-SH-elliptical. step 3000, energy = -0.5001510464672182
  |->  par_lens = 2, 2, 2
[TDSE] Running TDSE-SH-elliptical. step 3200, energy = -0.5001510361848355
  |->  par_lens = 2, 2, 2
[TDSE] Running TDSE-SH-elliptical. step 3400, energy = -0.5001510224134369
  |->  par_lens = 2, 2, 2
[TDSE] Running TDSE-SH-elliptical. step 3600, energy = -0.5001510042219868
  |->  par_lens = 2, 2, 2
[TDSE] Running TDSE-SH-elliptical. step 3800, energy = -0.500150980675521
  |->  par_lens = 2, 2, 2
[TDSE] Running TDSE-SH-elliptical. step 4000, energy = -0.5001509507608165
  |->  par_lens = 2, 2, 2
[TDSE] Running TDSE-SH-elliptical. step 4200, energy = -0.500150912991387
  |->  par_lens = 2, 2, 2
[TDSE] Running TDSE-SH-elliptical. step 4400, energy = -0.5001508663012081
  |->  par_lens = 2, 2, 2
[TDSE] Running TDSE-SH-elliptical. step 4600, energy = -0.5001508090161239
  |->  par_lens = 2, 2, 2
[TDSE] Running TDSE-SH-elliptical. step 4800, energy = -0.5001507395926474
  |->  par_lens = 2, 2, 2
[TDSE] Running TDSE-SH-elliptical. step 5000, energy = -0.500150656330882
  |->  par_lens = 2, 2, 2
[TDSE] Running TDSE-SH-elliptical. step 5200, energy = -0.5001505570123953
  |->  par_lens = 2, 2, 2
[TDSE] Running TDSE-SH-elliptical. step 5400, energy = -0.5001504408117909
  |->  par_lens = 2, 2, 2
[TDSE] Running TDSE-SH-elliptical. step 5600, energy = -0.500150304232303
  |->  par_lens = 2, 2, 2
[TDSE] Running TDSE-SH-elliptical. step 5800, energy = -0.5001501458716616
  |->  par_lens = 2, 2, 2
[TDSE] Running TDSE-SH-elliptical. step 6000, energy = -0.5001499645441239
  |->  par_lens = 2, 2, 2
[TDSE] Running TDSE-SH-elliptical. step 6200, energy = -0.5001497561700818
  |->  par_lens = 2, 2, 2
[TDSE] Running TDSE-SH-elliptical. step 6400, energy = -0.5001495204558992
  |->  par_lens = 2, 2, 2
[TDSE] Running TDSE-SH-elliptical. step 6600, energy = -0.5001492533412546
  |->  par_lens = 2, 2, 2
[TDSE] Running TDSE-SH-elliptical. step 6800, energy = -0.5001489549887832
  |->  par_lens = 2, 2, 2
[TDSE] Running TDSE-SH-elliptical. step 7000, energy = -0.5001486223610874
  |->  par_lens = 2, 2, 2
[TDSE] Running TDSE-SH-elliptical. step 7200, energy = -0.5001482505769159
  |->  par_lens = 2, 2, 2
[TDSE] Running TDSE-SH-elliptical. step 7400, energy = -0.500147844542613
  |->  par_lens = 2, 2, 2
[TDSE] Running TDSE-SH-elliptical. step 7600, energy = -0.5001473956300425
  |->  par_lens = 2, 2, 2
[TDSE] Running TDSE-SH-elliptical. step 7800, energy = -0.500146905755719
  |->  par_lens = 2, 2, 2
[TDSE] Running TDSE-SH-elliptical. step 8000, energy = -0.5001463746536849
  |->  par_lens = 2, 2, 2
[TDSE] Running TDSE-SH-elliptical. step 8200, energy = -0.5001457960027019
  |->  par_lens = 2, 2, 2
[TDSE] Running TDSE-SH-elliptical. step 8400, energy = -0.500145177357949
  |->  par_lens = 2, 2, 2
[TDSE] Running TDSE-SH-elliptical. step 8600, energy = -0.5001445080571635
  |->  par_lens = 2, 2, 2
[TDSE] Running TDSE-SH-elliptical. step 8800, energy = -0.5001437968940856
  |->  par_lens = 2, 2, 2
[TDSE] Running TDSE-SH-elliptical. step 9000, energy = -0.5001430388457296
  |->  par_lens = 2, 2, 2
[TDSE] Running TDSE-SH-elliptical. step 9200, energy = -0.5001422290266764
  |->  par_lens = 2, 2, 2
[TDSE] Running TDSE-SH-elliptical. step 9400, energy = -0.5001413870595656
  |->  par_lens = 4, 2, 2
[TDSE] Running TDSE-SH-elliptical. step 9600, energy = -0.5001404885843974
  |->  par_lens = 4, 2, 2
[TDSE] Running TDSE-SH-elliptical. step 9800, energy = -0.5001395488048879
  |->  par_lens = 4, 3, 3
[TDSE] Running TDSE-SH-elliptical. step 10000, energy = -0.5001385729614303
  |->  par_lens = 4, 3, 3
[TDSE] Running TDSE-SH-elliptical. step 10200, energy = -0.5001373794020167
  |->  par_lens = 4, 3, 3
[TDSE] Running TDSE-SH-elliptical. step 10400, energy = -0.5001350268651067
  |->  par_lens = 4, 3, 3
[TDSE] Running TDSE-SH-elliptical. step 10600, energy = -0.5001326159720993
  |->  par_lens = 4, 3, 3
[TDSE] Running TDSE-SH-elliptical. step 10800, energy = -0.500133516804526
  |->  par_lens = 4, 3, 3
[TDSE] Running TDSE-SH-elliptical. step 11000, energy = -0.5001394121682017
  |->  par_lens = 4, 3, 3
[TDSE] Running TDSE-SH-elliptical. step 11200, energy = -0.5001429992497419
  |->  par_lens = 4, 3, 3
[TDSE] Running TDSE-SH-elliptical. step 11400, energy = -0.5001293456401973
  |->  par_lens = 4, 3, 3
[TDSE] Running TDSE-SH-elliptical. step 11600, energy = -0.5000890825274141
  |->  par_lens = 4, 3, 3
[TDSE] Running TDSE-SH-elliptical. step 11800, energy = -0.500022393799646
  |->  par_lens = 4, 4, 3
[TDSE] Running TDSE-SH-elliptical. step 12000, energy = -0.49990753552015965
  |->  par_lens = 5, 4, 4
[TDSE] Running TDSE-SH-elliptical. step 12200, energy = -0.49967694968587567
  |->  par_lens = 5, 5, 5
[TDSE] Running TDSE-SH-elliptical. step 12400, energy = -0.4992779597018218
  |->  par_lens = 5, 5, 6
[TDSE] Running TDSE-SH-elliptical. step 12600, energy = -0.49880154318807823
  |->  par_lens = 6, 7, 7
[TDSE] Running TDSE-SH-elliptical. step 12800, energy = -0.49849839281958586
  |->  par_lens = 7, 7, 7
[TDSE] Running TDSE-SH-elliptical. step 13000, energy = -0.4985290336696607
  |->  par_lens = 9, 7, 7
[TDSE] Running TDSE-SH-elliptical. step 13200, energy = -0.4986759591733253
  |->  par_lens = 9, 7, 7
[TDSE] Running TDSE-SH-elliptical. step 13400, energy = -0.4984424712356104
  |->  par_lens = 9, 7, 8
[TDSE] Running TDSE-SH-elliptical. step 13600, energy = -0.4976016396979442
  |->  par_lens = 9, 7, 8
[TDSE] Running TDSE-SH-elliptical. step 13800, energy = -0.4966061254679704
  |->  par_lens = 9, 8, 9
[TDSE] Running TDSE-SH-elliptical. step 14000, energy = -0.4960970498041033
  |->  par_lens = 9, 9, 9
[TDSE] Running TDSE-SH-elliptical. step 14200, energy = -0.49592933386793553
  |->  par_lens = 9, 9, 9
[TDSE] Running TDSE-SH-elliptical. step 14400, energy = -0.4949361737706326
  |->  par_lens = 10, 9, 9
[TDSE] Running TDSE-SH-elliptical. step 14600, energy = -0.4922100049299622
  |->  par_lens = 11, 10, 11
[TDSE] Running TDSE-SH-elliptical. step 14800, energy = -0.4886820845199593
  |->  par_lens = 13, 12, 12
[TDSE] Running TDSE-SH-elliptical. step 15000, energy = -0.486692534439861
  |->  par_lens = 15, 14, 13
[TDSE] Running TDSE-SH-elliptical. step 15200, energy = -0.48747540870778244
  |->  par_lens = 17, 18, 17
[TDSE] Running TDSE-SH-elliptical. step 15400, energy = -0.4891638479097364
  |->  par_lens = 18, 20, 18
[TDSE] Running TDSE-SH-elliptical. step 15600, energy = -0.4882876858777865
  |->  par_lens = 19, 20, 18
[TDSE] Running TDSE-SH-elliptical. step 15800, energy = -0.48383934867483824
  |->  par_lens = 19, 20, 19
[TDSE] Running TDSE-SH-elliptical. step 16000, energy = -0.47899075484822534
  |->  par_lens = 19, 20, 19
[TDSE] Running TDSE-SH-elliptical. step 16200, energy = -0.47772028687017454
  |->  par_lens = 21, 18, 20
[TDSE] Running TDSE-SH-elliptical. step 16400, energy = -0.47939253438756807
  |->  par_lens = 22, 22, 19
[TDSE] Running TDSE-SH-elliptical. step 16600, energy = -0.4783518249033148
  |->  par_lens = 20, 20, 21
[TDSE] Running TDSE-SH-elliptical. step 16800, energy = -0.4703383581225197
  |->  par_lens = 22, 20, 21
[TDSE] Running TDSE-SH-elliptical. step 17000, energy = -0.45878000607590164
  |->  par_lens = 23, 24, 25
[TDSE] Running TDSE-SH-elliptical. step 17200, energy = -0.4526332813714174
  |->  par_lens = 31, 30, 28
[TDSE] Running TDSE-SH-elliptical. step 17400, energy = -0.4563366128953474
  |->  par_lens = 36, 36, 35
[TDSE] Running TDSE-SH-elliptical. step 17600, energy = -0.463424467761396
  |->  par_lens = 42, 40, 41
[TDSE] Running TDSE-SH-elliptical. step 17800, energy = -0.4625444994393194
  |->  par_lens = 41, 43, 42
[TDSE] Running TDSE-SH-elliptical. step 18000, energy = -0.45062227466577215
  |->  par_lens = 41, 42, 41
[TDSE] Running TDSE-SH-elliptical. step 18200, energy = -0.4376921300899538
  |->  par_lens = 37, 42, 37
[TDSE] Running TDSE-SH-elliptical. step 18400, energy = -0.4356793439353662
  |->  par_lens = 40, 40, 40
[TDSE] Running TDSE-SH-elliptical. step 18600, energy = -0.44318644506072097
  |->  par_lens = 41, 44, 40
[TDSE] Running TDSE-SH-elliptical. step 18800, energy = -0.44499360436987206
  |->  par_lens = 45, 45, 44
[TDSE] Running TDSE-SH-elliptical. step 19000, energy = -0.42949327451519825
  |->  par_lens = 42, 44, 45
[TDSE] Running TDSE-SH-elliptical. step 19200, energy = -0.40462659987080773
  |->  par_lens = 48, 46, 47
[TDSE] Running TDSE-SH-elliptical. step 19400, energy = -0.39163799054305143
  |->  par_lens = 59, 56, 57
[TDSE] Running TDSE-SH-elliptical. step 19600, energy = -0.40121550793004934
  |->  par_lens = 69, 69, 69
[TDSE] Running TDSE-SH-elliptical. step 19800, energy = -0.41918536088346425
  |->  par_lens = 79, 79, 79
[TDSE] Running TDSE-SH-elliptical. step 20000, energy = -0.42065354219626727
  |->  par_lens = 82, 81, 81
[TDSE] Running TDSE-SH-elliptical. step 20200, energy = -0.39882755120624275
  |->  par_lens = 80, 79, 80
[TDSE] Running TDSE-SH-elliptical. step 20400, energy = -0.37443688743558146
  |->  par_lens = 73, 75, 72
[TDSE] Running TDSE-SH-elliptical. step 20600, energy = -0.3719881106228146
  |->  par_lens = 77, 73, 75
[TDSE] Running TDSE-SH-elliptical. step 20800, energy = -0.3896153714199536
  |->  par_lens = 84, 82, 83
[TDSE] Running TDSE-SH-elliptical. step 21000, energy = -0.39839462840348
  |->  par_lens = 86, 90, 84
[TDSE] Running TDSE-SH-elliptical. step 21200, energy = -0.37578602530615407
  |->  par_lens = 89, 87, 91
[TDSE] Running TDSE-SH-elliptical. step 21400, energy = -0.33518304317005126
  |->  par_lens = 94, 88, 90
[TDSE] Running TDSE-SH-elliptical. step 21600, energy = -0.31406446199718774
  |->  par_lens = 95, 100, 99
[TDSE] Running TDSE-SH-elliptical. step 21800, energy = -0.33152534167945347
  |->  par_lens = 119, 118, 117
[TDSE] Running TDSE-SH-elliptical. step 22000, energy = -0.3646570137938595
  |->  par_lens = 134, 135, 132
[TDSE] Running TDSE-SH-elliptical. step 22200, energy = -0.3719273488828042
  |->  par_lens = 135, 135, 138
[TDSE] Running TDSE-SH-elliptical. step 22400, energy = -0.34136040707078324
  |->  par_lens = 132, 133, 129
[TDSE] Running TDSE-SH-elliptical. step 22600, energy = -0.305533277868773
  |->  par_lens = 124, 120, 125
[TDSE] Running TDSE-SH-elliptical. step 22800, energy = -0.3031468904163899
  |->  par_lens = 128, 124, 128
[TDSE] Running TDSE-SH-elliptical. step 23000, energy = -0.33264418147919883
  |->  par_lens = 138, 135, 133
[TDSE] Running TDSE-SH-elliptical. step 23200, energy = -0.3513839840338623
  |->  par_lens = 137, 139, 140
[TDSE] Running TDSE-SH-elliptical. step 23400, energy = -0.32498564876008057
  |->  par_lens = 141, 141, 139
[TDSE] Running TDSE-SH-elliptical. step 23600, energy = -0.2713689102179204
  |->  par_lens = 147, 147, 142
[TDSE] Running TDSE-SH-elliptical. step 23800, energy = -0.243418529898619
  |->  par_lens = 156, 157, 152
[TDSE] Running TDSE-SH-elliptical. step 24000, energy = -0.26838238303359996
  |->  par_lens = 175, 177, 176
[TDSE] Running TDSE-SH-elliptical. step 24200, energy = -0.3166924283325416
  |->  par_lens = 194, 196, 196
[TDSE] Running TDSE-SH-elliptical. step 24400, energy = -0.3324576912901357
  |->  par_lens = 205, 194, 198
[TDSE] Running TDSE-SH-elliptical. step 24600, energy = -0.2982812366099603
  |->  par_lens = 197, 192, 195
[TDSE] Running TDSE-SH-elliptical. step 24800, energy = -0.2554139532461945
  |->  par_lens = 185, 185, 186
[TDSE] Running TDSE-SH-elliptical. step 25000, energy = -0.2536444256531055
  |->  par_lens = 182, 184, 179
[TDSE] Running TDSE-SH-elliptical. step 25200, energy = -0.29248008478863896
  |->  par_lens = 194, 191, 191
[TDSE] Running TDSE-SH-elliptical. step 25400, energy = -0.32074628171580044
  |->  par_lens = 199, 197, 198
[TDSE] Running TDSE-SH-elliptical. step 25600, energy = -0.29556509494425826
  |->  par_lens = 199, 204, 197
[TDSE] Running TDSE-SH-elliptical. step 25800, energy = -0.23658784424186502
  |->  par_lens = 207, 203, 204
[TDSE] Running TDSE-SH-elliptical. step 26000, energy = -0.20556457183389226
  |->  par_lens = 215, 219, 212
[TDSE] Running TDSE-SH-elliptical. step 26200, energy = -0.23496862219281095
  |->  par_lens = 232, 229, 231
[TDSE] Running TDSE-SH-elliptical. step 26400, energy = -0.29306539418911043
  |->  par_lens = 249, 243, 248
[TDSE] Running TDSE-SH-elliptical. step 26600, energy = -0.3174059434169272
  |->  par_lens = 249, 248, 250
[TDSE] Running TDSE-SH-elliptical. step 26800, energy = -0.2868270609918851
  |->  par_lens = 244, 246, 242
[TDSE] Running TDSE-SH-elliptical. step 27000, energy = -0.24438985487279663
  |->  par_lens = 227, 233, 237
[TDSE] Running TDSE-SH-elliptical. step 27200, energy = -0.24352889170890435
  |->  par_lens = 230, 227, 232
[TDSE] Running TDSE-SH-elliptical. step 27400, energy = -0.28546819550068836
  |->  par_lens = 227, 227, 235
[TDSE] Running TDSE-SH-elliptical. step 27600, energy = -0.3188595593189796
  |->  par_lens = 239, 238, 237
[TDSE] Running TDSE-SH-elliptical. step 27800, energy = -0.29929716990208904
  |->  par_lens = 241, 241, 235
[TDSE] Running TDSE-SH-elliptical. step 28000, energy = -0.24475240625568656
  |->  par_lens = 242, 239, 233
[TDSE] Running TDSE-SH-elliptical. step 28200, energy = -0.21555801323363333
  |->  par_lens = 250, 243, 242
[TDSE] Running TDSE-SH-elliptical. step 28400, energy = -0.24461261139769705
  |->  par_lens = 255, 258, 262
[TDSE] Running TDSE-SH-elliptical. step 28600, energy = -0.3033908811696492
  |->  par_lens = 272, 269, 273
[TDSE] Running TDSE-SH-elliptical. step 28800, energy = -0.33304084341993445
  |->  par_lens = 272, 274, 274
[TDSE] Running TDSE-SH-elliptical. step 29000, energy = -0.3119939399043735
  |->  par_lens = 268, 271, 269
[TDSE] Running TDSE-SH-elliptical. step 29200, energy = -0.2774786292038259
  |->  par_lens = 253, 259, 256
[TDSE] Running TDSE-SH-elliptical. step 29400, energy = -0.2775008329013911
  |->  par_lens = 243, 247, 249
[TDSE] Running TDSE-SH-elliptical. step 29600, energy = -0.3150928436747861
  |->  par_lens = 238, 245, 242
[TDSE] Running TDSE-SH-elliptical. step 29800, energy = -0.34688769789716983
  |->  par_lens = 244, 245, 248
[TDSE] Running TDSE-SH-elliptical. step 30000, energy = -0.3346730800806646
  |->  par_lens = 248, 247, 245
[TDSE] Running TDSE-SH-elliptical. step 30200, energy = -0.29229512834165344
  |->  par_lens = 250, 250, 245
[TDSE] Running TDSE-SH-elliptical. step 30400, energy = -0.26909950908724883
  |->  par_lens = 255, 254, 259
[TDSE] Running TDSE-SH-elliptical. step 30600, energy = -0.29334009332274413
  |->  par_lens = 270, 270, 271
[TDSE] Running TDSE-SH-elliptical. step 30800, energy = -0.34344144489412337
  |->  par_lens = 284, 283, 279
[TDSE] Running TDSE-SH-elliptical. step 31000, energy = -0.3728071477010706
  |->  par_lens = 284, 283, 285
[TDSE] Running TDSE-SH-elliptical. step 31200, energy = -0.3631543044751075
  |->  par_lens = 278, 277, 280
[TDSE] Running TDSE-SH-elliptical. step 31400, energy = -0.3408305213850238
  |->  par_lens = 270, 267, 268
[TDSE] Running TDSE-SH-elliptical. step 31600, energy = -0.3416294131487739
  |->  par_lens = 259, 256, 252
[TDSE] Running TDSE-SH-elliptical. step 31800, energy = -0.36928892588072304
  |->  par_lens = 249, 248, 245
[TDSE] Running TDSE-SH-elliptical. step 32000, energy = -0.3934091541878181
  |->  par_lens = 242, 244, 242
[TDSE] Running TDSE-SH-elliptical. step 32200, energy = -0.38729847977513754
  |->  par_lens = 245, 250, 254
[TDSE] Running TDSE-SH-elliptical. step 32400, energy = -0.35994395370871785
  |->  par_lens = 253, 254, 257
[TDSE] Running TDSE-SH-elliptical. step 32600, energy = -0.34476259424537503
  |->  par_lens = 267, 264, 268
[TDSE] Running TDSE-SH-elliptical. step 32800, energy = -0.36170186823849904
  |->  par_lens = 276, 274, 282
[TDSE] Running TDSE-SH-elliptical. step 33000, energy = -0.3971115504479443
  |->  par_lens = 284, 285, 284
[TDSE] Running TDSE-SH-elliptical. step 33200, energy = -0.420825298816507
  |->  par_lens = 287, 286, 284
[TDSE] Running TDSE-SH-elliptical. step 33400, energy = -0.42007131138488285
  |->  par_lens = 278, 284, 280
[TDSE] Running TDSE-SH-elliptical. step 33600, energy = -0.4096938782490162
  |->  par_lens = 273, 278, 271
[TDSE] Running TDSE-SH-elliptical. step 33800, energy = -0.4110712566987424
  |->  par_lens = 268, 262, 263
[TDSE] Running TDSE-SH-elliptical. step 34000, energy = -0.4270584781911086
  |->  par_lens = 253, 256, 255
[TDSE] Running TDSE-SH-elliptical. step 34200, energy = -0.44093169511306607
  |->  par_lens = 247, 248, 243
[TDSE] Running TDSE-SH-elliptical. step 34400, energy = -0.4382331273171801
  |->  par_lens = 256, 247, 246
[TDSE] Running TDSE-SH-elliptical. step 34600, energy = -0.4239489390100676
  |->  par_lens = 256, 263, 255
[TDSE] Running TDSE-SH-elliptical. step 34800, energy = -0.41616977116992937
  |->  par_lens = 266, 266, 267
[TDSE] Running TDSE-SH-elliptical. step 35000, energy = -0.4257621892946333
  |->  par_lens = 278, 278, 278
[TDSE] Running TDSE-SH-elliptical. step 35200, energy = -0.4458244535347961
  |->  par_lens = 283, 284, 282
[TDSE] Running TDSE-SH-elliptical. step 35400, energy = -0.4611058913920531
  |->  par_lens = 290, 284, 288
[TDSE] Running TDSE-SH-elliptical. step 35600, energy = -0.4645486163636062
  |->  par_lens = 288, 287, 285
[TDSE] Running TDSE-SH-elliptical. step 35800, energy = -0.4622668019112433
  |->  par_lens = 282, 279, 283
[TDSE] Running TDSE-SH-elliptical. step 36000, energy = -0.46366295470964364
  |->  par_lens = 279, 276, 273
[TDSE] Running TDSE-SH-elliptical. step 36200, energy = -0.4702625088261694
  |->  par_lens = 269, 272, 267
[TDSE] Running TDSE-SH-elliptical. step 36400, energy = -0.4755055246929304
  |->  par_lens = 264, 261, 263
[TDSE] Running TDSE-SH-elliptical. step 36600, energy = -0.4740238533770191
  |->  par_lens = 266, 260, 262
[TDSE] Running TDSE-SH-elliptical. step 36800, energy = -0.46819913564410315
  |->  par_lens = 267, 262, 266
[TDSE] Running TDSE-SH-elliptical. step 37000, energy = -0.4652683001106563
  |->  par_lens = 269, 266, 268
[TDSE] Running TDSE-SH-elliptical. step 37200, energy = -0.46936193918059804
  |->  par_lens = 271, 273, 279
[TDSE] Running TDSE-SH-elliptical. step 37400, energy = -0.4779004643615189
  |->  par_lens = 273, 275, 280
[TDSE] Running TDSE-SH-elliptical. step 37600, energy = -0.4853085910737744
  |->  par_lens = 271, 280, 280
[TDSE] Running TDSE-SH-elliptical. step 37800, energy = -0.488734266427771
  |->  par_lens = 275, 277, 281
[TDSE] Running TDSE-SH-elliptical. step 38000, energy = -0.4896077655785459
  |->  par_lens = 266, 277, 280
[TDSE] Running TDSE-SH-elliptical. step 38200, energy = -0.4905053874746502
  |->  par_lens = 262, 269, 271
[TDSE] Running TDSE-SH-elliptical. step 38400, energy = -0.49197171053543337
  |->  par_lens = 261, 267, 266
[TDSE] Running TDSE-SH-elliptical. step 38600, energy = -0.4926271962735819
  |->  par_lens = 255, 260, 262
[TDSE] Running TDSE-SH-elliptical. step 38800, energy = -0.4915704107972045
  |->  par_lens = 251, 257, 258
[TDSE] Running TDSE-SH-elliptical. step 39000, energy = -0.48974979654873774
  |->  par_lens = 246, 252, 256
[TDSE] Running TDSE-SH-elliptical. step 39200, energy = -0.48897254026247844
  |->  par_lens = 247, 251, 255
[TDSE] Running TDSE-SH-elliptical. step 39400, energy = -0.4900874904892134
  |->  par_lens = 256, 252, 258
[TDSE] Running TDSE-SH-elliptical. step 39600, energy = -0.4924266103348025
  |->  par_lens = 257, 253, 257
[TDSE] Running TDSE-SH-elliptical. step 39800, energy = -0.4947303549930081
  |->  par_lens = 255, 252, 254
[TDSE] Running TDSE-SH-elliptical. step 40000, energy = -0.49626343440729237
  |->  par_lens = 253, 250, 252
[TDSE] Running TDSE-SH-elliptical. step 40200, energy = -0.49703472796096165
  |->  par_lens = 251, 249, 249
[TDSE] Running TDSE-SH-elliptical. step 40400, energy = -0.49732619184262344
  |->  par_lens = 248, 247, 248
[TDSE] Running TDSE-SH-elliptical. step 40600, energy = -0.49728969573033943
  |->  par_lens = 243, 246, 242
[TDSE] Running TDSE-SH-elliptical. step 40800, energy = -0.49697544428156143
  |->  par_lens = 242, 244, 240
[TDSE] Running TDSE-SH-elliptical. step 41000, energy = -0.49651738191947814
  |->  par_lens = 243, 242, 241
[TDSE] Running TDSE-SH-elliptical. step 41200, energy = -0.49613654372185023
  |->  par_lens = 242, 242, 243
[TDSE] Running TDSE-SH-elliptical. step 41400, energy = -0.49599920892686816
  |->  par_lens = 243, 245, 246
[TDSE] Running TDSE-SH-elliptical. step 41600, energy = -0.49610510810081204
  |->  par_lens = 244, 247, 246
[TDSE] Running TDSE-SH-elliptical. step 41800, energy = -0.4963347980389893
  |->  par_lens = 246, 247, 246
[TDSE] Running TDSE-SH-elliptical. step 42000, energy = -0.49656202688218115
  |->  par_lens = 249, 248, 246
[TDSE] Running TDSE-SH-elliptical. step 42200, energy = -0.4967108975658661
  |->  par_lens = 250, 249, 247
[TDSE] Running TDSE-SH-elliptical. step 42400, energy = -0.49677648244091066
  |->  par_lens = 251, 249, 247
[TDSE] Running TDSE-SH-elliptical. step 42600, energy = -0.4967869101985912
  |->  par_lens = 252, 249, 248
[TDSE] Running TDSE-SH-elliptical. step 42800, energy = -0.49677952342525594
  |->  par_lens = 251, 250, 248
[TDSE] Running TDSE-SH-elliptical. step 43000, energy = -0.49677795899432853
  |->  par_lens = 252, 250, 248
[TDSE] Running TDSE-SH-elliptical. step 43200, energy = -0.49677999243145604
  |->  par_lens = 253, 251, 248
[TDSE] Running TDSE-SH-elliptical. step 43400, energy = -0.49678396784013323
  |->  par_lens = 255, 252, 250
[TDSE] Running TDSE-SH-elliptical. step 43600, energy = -0.49678828454722995
  |->  par_lens = 255, 255, 250
[TDSE] Running TDSE-SH-elliptical. step 43800, energy = -0.4967920119392624
  |->  par_lens = 255, 256, 251
[TDSE] Running TDSE-SH-elliptical. step 44000, energy = -0.49679700831103724
  |->  par_lens = 255, 256, 252
[TDSE] Running TDSE-SH-elliptical. step 44200, energy = -0.4968010759523767
  |->  par_lens = 256, 257, 252
[TDSE] Running TDSE-SH-elliptical. step 44400, energy = -0.4968070436011213
  |->  par_lens = 258, 259, 254
[TDSE] Running TDSE-SH-elliptical. step 44600, energy = -0.4968137783922319
  |->  par_lens = 258, 259, 258
[TDSE] Running TDSE-SH-elliptical. step 44800, energy = -0.49682144969033676
  |->  par_lens = 259, 259, 259
[TDSE] Running TDSE-SH-elliptical. step 45000, energy = -0.4968300813836485
  |->  par_lens = 259, 260, 259
