  Activating project at `~/JuliaProp_v0.1`
[ITP]: 10000.471108571397
[ITP]: 0.022107823405609905
[ITP]: 0.004976805475414736
[ITP]: 0.0021058954092971205
[ITP]: 0.001084104546129061
[ITP]: 0.0006160870179273692
[ITP]: 0.0003714642087823128
[ITP]: 0.00023286611963801995
[ITP]: 0.0001500123428329614
[ITP]: 9.857967926441003e-5
[ITP]: 6.57601184761436e-5
[ITP]: 4.43786526744816e-5
[ITP]: 3.022437766897479e-5
[ITP]: 2.0735965556739622e-5
[ITP]: 1.4311264988853267e-5
[ITP]: 9.92563006574354e-6
[ITP]: 6.9119921211058255e-6
[ITP]: 4.82976755122877e-6
[ITP]: 3.384510666504248e-6
[ITP]: 2.3775199649023193e-6
[ITP]: 1.6736194445865493e-6
[ITP]: 1.1802274751948616e-6
[ITP]: 8.335748883370186e-7
[ITP]: 5.895273362810372e-7
[ITP]: 4.174150680658073e-7
[ITP]: 2.958509506267859e-7
[ITP]: 2.098764437796774e-7
[ITP]: 1.4900242706339384e-7
[ITP]: 1.0585745457980522e-7
[ITP]: 7.525113565609587e-8
[ITP]: 5.352267851144177e-8
[ITP]: 3.808635307134267e-8
[ITP]: 2.7113442158110956e-8
[ITP]: 1.9309163601377577e-8
[ITP]: 1.3755872219078924e-8
[ITP]: 9.802639699962867e-9
Energy of ground state: -0.5030607411950042
[TDSE] Start TDSE-SH for elliptical polarized laser. It may cost a plenty of time.
[TDSE] Running TDSE-SH-elliptical. step 0, energy = -0.5030607411950033
  |->  par_lens = 1, 1, 1
[TDSE] Running TDSE-SH-elliptical. step 200, energy = -0.5030607411948617
  |->  par_lens = 1, 1, 1
[TDSE] Running TDSE-SH-elliptical. step 400, energy = -0.5030607411947132
  |->  par_lens = 1, 1, 2
[TDSE] Running TDSE-SH-elliptical. step 600, energy = -0.5030607411944202
  |->  par_lens = 1, 1, 2
[TDSE] Running TDSE-SH-elliptical. step 800, energy = -0.503060741193595
  |->  par_lens = 1, 1, 2
[TDSE] Running TDSE-SH-elliptical. step 1000, energy = -0.5030607411910855
  |->  par_lens = 1, 1, 2
[TDSE] Running TDSE-SH-elliptical. step 1200, energy = -0.5030607411848678
  |->  par_lens = 1, 1, 2
[TDSE] Running TDSE-SH-elliptical. step 1400, energy = -0.5030607411711137
  |->  par_lens = 1, 1, 2
[TDSE] Running TDSE-SH-elliptical. step 1600, energy = -0.5030607411446505
  |->  par_lens = 1, 1, 2
[TDSE] Running TDSE-SH-elliptical. step 1800, energy = -0.5030607410970486
  |->  par_lens = 1, 1, 2
[TDSE] Running TDSE-SH-elliptical. step 2000, energy = -0.5030607410183969
  |->  par_lens = 1, 1, 2
[TDSE] Running TDSE-SH-elliptical. step 2200, energy = -0.5030607408939765
  |->  par_lens = 1, 1, 2
[TDSE] Running TDSE-SH-elliptical. step 2400, energy = -0.503060740708186
  |->  par_lens = 1, 1, 2
[TDSE] Running TDSE-SH-elliptical. step 2600, energy = -0.503060740438869
  |->  par_lens = 1, 1, 2
[TDSE] Running TDSE-SH-elliptical. step 2800, energy = -0.5030607400648444
  |->  par_lens = 1, 1, 2
[TDSE] Running TDSE-SH-elliptical. step 3000, energy = -0.503060739555254
  |->  par_lens = 1, 1, 2
[TDSE] Running TDSE-SH-elliptical. step 3200, energy = -0.503060738886262
  |->  par_lens = 1, 1, 2
[TDSE] Running TDSE-SH-elliptical. step 3400, energy = -0.5030607380166955
  |->  par_lens = 1, 1, 2
[TDSE] Running TDSE-SH-elliptical. step 3600, energy = -0.5030607369224416
  |->  par_lens = 1, 1, 2
[TDSE] Running TDSE-SH-elliptical. step 3800, energy = -0.5030607355553532
  |->  par_lens = 1, 1, 2
[TDSE] Running TDSE-SH-elliptical. step 4000, energy = -0.5030607338932443
  |->  par_lens = 1, 1, 2
[TDSE] Running TDSE-SH-elliptical. step 4200, energy = -0.503060731877928
  |->  par_lens = 1, 1, 2
[TDSE] Running TDSE-SH-elliptical. step 4400, energy = -0.5030607295014057
  |->  par_lens = 1, 1, 2
[TDSE] Running TDSE-SH-elliptical. step 4600, energy = -0.5030607266974475
  |->  par_lens = 1, 1, 2
[TDSE] Running TDSE-SH-elliptical. step 4800, energy = -0.5030607234600625
  |->  par_lens = 1, 1, 2
[TDSE] Running TDSE-SH-elliptical. step 5000, energy = -0.5030607197406763
  |->  par_lens = 1, 1, 2
[TDSE] Running TDSE-SH-elliptical. step 5200, energy = -0.5030607155300314
  |->  par_lens = 1, 1, 2
[TDSE] Running TDSE-SH-elliptical. step 5400, energy = -0.5030607107892764
  |->  par_lens = 2, 2, 2
[TDSE] Running TDSE-SH-elliptical. step 5600, energy = -0.5030607055183198
  |->  par_lens = 2, 2, 2
[TDSE] Running TDSE-SH-elliptical. step 5800, energy = -0.503060699705172
  |->  par_lens = 2, 2, 2
[TDSE] Running TDSE-SH-elliptical. step 6000, energy = -0.5030606933240562
  |->  par_lens = 2, 2, 2
[TDSE] Running TDSE-SH-elliptical. step 6200, energy = -0.5030606864304239
  |->  par_lens = 2, 2, 2
[TDSE] Running TDSE-SH-elliptical. step 6400, energy = -0.5030606789522453
  |->  par_lens = 2, 2, 2
[TDSE] Running TDSE-SH-elliptical. step 6600, energy = -0.5030606710011367
  |->  par_lens = 2, 2, 2
[TDSE] Running TDSE-SH-elliptical. step 6800, energy = -0.5030606625107019
  |->  par_lens = 2, 2, 2
[TDSE] Running TDSE-SH-elliptical. step 7000, energy = -0.5030606535971888
  |->  par_lens = 2, 2, 2
[TDSE] Running TDSE-SH-elliptical. step 7200, energy = -0.5030606441739546
  |->  par_lens = 2, 2, 2
[TDSE] Running TDSE-SH-elliptical. step 7400, energy = -0.5030606344636485
  |->  par_lens = 2, 2, 2
[TDSE] Running TDSE-SH-elliptical. step 7600, energy = -0.5030606243096668
  |->  par_lens = 2, 2, 2
[TDSE] Running TDSE-SH-elliptical. step 7800, energy = -0.5030606139141673
  |->  par_lens = 2, 2, 2
[TDSE] Running TDSE-SH-elliptical. step 8000, energy = -0.5030606032455475
  |->  par_lens = 2, 2, 2
[TDSE] Running TDSE-SH-elliptical. step 8200, energy = -0.5030605924371344
  |->  par_lens = 2, 2, 2
[TDSE] Running TDSE-SH-elliptical. step 8400, energy = -0.503060581438145
  |->  par_lens = 2, 2, 2
[TDSE] Running TDSE-SH-elliptical. step 8600, energy = -0.5030605704199671
  |->  par_lens = 2, 2, 2
[TDSE] Running TDSE-SH-elliptical. step 8800, energy = -0.5030605593799243
  |->  par_lens = 2, 2, 2
[TDSE] Running TDSE-SH-elliptical. step 9000, energy = -0.5030605483860213
  |->  par_lens = 2, 2, 2
[TDSE] Running TDSE-SH-elliptical. step 9200, energy = -0.5030605375337169
  |->  par_lens = 2, 2, 2
[TDSE] Running TDSE-SH-elliptical. step 9400, energy = -0.5030605267864972
  |->  par_lens = 2, 2, 2
[TDSE] Running TDSE-SH-elliptical. step 9600, energy = -0.5030605163322205
  |->  par_lens = 2, 2, 2
[TDSE] Running TDSE-SH-elliptical. step 9800, energy = -0.5030605061077896
  |->  par_lens = 2, 2, 2
[TDSE] Running TDSE-SH-elliptical. step 10000, energy = -0.5030604962230547
  |->  par_lens = 2, 2, 2
[TDSE] Running TDSE-SH-elliptical. step 10200, energy = -0.5030604698087809
  |->  par_lens = 2, 2, 2
[TDSE] Running TDSE-SH-elliptical. step 10400, energy = -0.5030602309051255
  |->  par_lens = 2, 2, 2
[TDSE] Running TDSE-SH-elliptical. step 10600, energy = -0.5030595639206005
  |->  par_lens = 2, 2, 2
[TDSE] Running TDSE-SH-elliptical. step 10800, energy = -0.5030578060641429
  |->  par_lens = 2, 2, 2
[TDSE] Running TDSE-SH-elliptical. step 11000, energy = -0.5030512391804234
  |->  par_lens = 3, 3, 2
[TDSE] Running TDSE-SH-elliptical. step 11200, energy = -0.5030303499455683
  |->  par_lens = 4, 3, 3
[TDSE] Running TDSE-SH-elliptical. step 11400, energy = -0.5029852615967264
  |->  par_lens = 4, 3, 3
[TDSE] Running TDSE-SH-elliptical. step 11600, energy = -0.5029203858750589
  |->  par_lens = 4, 4, 3
[TDSE] Running TDSE-SH-elliptical. step 11800, energy = -0.5028575866169945
  |->  par_lens = 4, 4, 4
[TDSE] Running TDSE-SH-elliptical. step 12000, energy = -0.5027903881861321
  |->  par_lens = 5, 4, 4
[TDSE] Running TDSE-SH-elliptical. step 12200, energy = -0.5026552219859074
  |->  par_lens = 5, 5, 5
[TDSE] Running TDSE-SH-elliptical. step 12400, energy = -0.5023739598303617
  |->  par_lens = 5, 5, 6
[TDSE] Running TDSE-SH-elliptical. step 12600, energy = -0.5019978403795554
  |->  par_lens = 6, 6, 6
[TDSE] Running TDSE-SH-elliptical. step 12800, energy = -0.5017192778774137
  |->  par_lens = 6, 6, 7
[TDSE] Running TDSE-SH-elliptical. step 13000, energy = -0.501664194901399
  |->  par_lens = 6, 6, 7
[TDSE] Running TDSE-SH-elliptical. step 13200, energy = -0.5015938523389006
  |->  par_lens = 7, 6, 7
[TDSE] Running TDSE-SH-elliptical. step 13400, energy = -0.5010451218553336
  |->  par_lens = 7, 6, 7
[TDSE] Running TDSE-SH-elliptical. step 13600, energy = -0.499873038807656
  |->  par_lens = 8, 8, 8
[TDSE] Running TDSE-SH-elliptical. step 13800, energy = -0.49864521186208116
  |->  par_lens = 9, 10, 8
[TDSE] Running TDSE-SH-elliptical. step 14000, energy = -0.49813979635598815
  |->  par_lens = 9, 10, 9
[TDSE] Running TDSE-SH-elliptical. step 14200, energy = -0.4982377821782995
  |->  par_lens = 9, 10, 10
[TDSE] Running TDSE-SH-elliptical. step 14400, energy = -0.4977434003460084
  |->  par_lens = 10, 10, 10
[TDSE] Running TDSE-SH-elliptical. step 14600, energy = -0.49555539130942733
  |->  par_lens = 12, 10, 11
[TDSE] Running TDSE-SH-elliptical. step 14800, energy = -0.4924484005833213
  |->  par_lens = 13, 11, 11
[TDSE] Running TDSE-SH-elliptical. step 15000, energy = -0.4905288546880466
  |->  par_lens = 14, 14, 12
[TDSE] Running TDSE-SH-elliptical. step 15200, energy = -0.4910019455517445
  |->  par_lens = 14, 14, 16
[TDSE] Running TDSE-SH-elliptical. step 15400, energy = -0.4919122648320354
  |->  par_lens = 16, 15, 16
[TDSE] Running TDSE-SH-elliptical. step 15600, energy = -0.48997692352086375
  |->  par_lens = 17, 15, 16
[TDSE] Running TDSE-SH-elliptical. step 15800, energy = -0.484399435544751
  |->  par_lens = 18, 15, 17
[TDSE] Running TDSE-SH-elliptical. step 16000, energy = -0.4788377505413997
  |->  par_lens = 19, 20, 17
[TDSE] Running TDSE-SH-elliptical. step 16200, energy = -0.477507429067446
  |->  par_lens = 19, 21, 21
[TDSE] Running TDSE-SH-elliptical. step 16400, energy = -0.4799560032271702
  |->  par_lens = 23, 21, 23
[TDSE] Running TDSE-SH-elliptical. step 16600, energy = -0.48021416045449583
  |->  par_lens = 24, 22, 24
[TDSE] Running TDSE-SH-elliptical. step 16800, energy = -0.4735932449322868
  |->  par_lens = 24, 22, 25
[TDSE] Running TDSE-SH-elliptical. step 17000, energy = -0.4630139823117462
  |->  par_lens = 28, 27, 26
[TDSE] Running TDSE-SH-elliptical. step 17200, energy = -0.4571135012263002
  |->  par_lens = 29, 31, 29
[TDSE] Running TDSE-SH-elliptical. step 17400, energy = -0.46005939960418324
  |->  par_lens = 34, 34, 31
[TDSE] Running TDSE-SH-elliptical. step 17600, energy = -0.46549591601281454
  |->  par_lens = 35, 35, 35
[TDSE] Running TDSE-SH-elliptical. step 17800, energy = -0.46223189834560735
  |->  par_lens = 37, 36, 34
[TDSE] Running TDSE-SH-elliptical. step 18000, energy = -0.44790624127954337
  |->  par_lens = 36, 37, 39
[TDSE] Running TDSE-SH-elliptical. step 18200, energy = -0.4334062876231172
  |->  par_lens = 40, 39, 39
[TDSE] Running TDSE-SH-elliptical. step 18400, energy = -0.43131295819788484
  |->  par_lens = 45, 43, 44
[TDSE] Running TDSE-SH-elliptical. step 18600, energy = -0.4402787364293746
  |->  par_lens = 49, 48, 48
[TDSE] Running TDSE-SH-elliptical. step 18800, energy = -0.44465920139788623
  |->  par_lens = 50, 52, 50
[TDSE] Running TDSE-SH-elliptical. step 19000, energy = -0.43175453704244104
  |->  par_lens = 54, 53, 53
[TDSE] Running TDSE-SH-elliptical. step 19200, energy = -0.40878686378501855
  |->  par_lens = 54, 57, 53
[TDSE] Running TDSE-SH-elliptical. step 19400, energy = -0.3964381081845456
  |->  par_lens = 59, 58, 58
[TDSE] Running TDSE-SH-elliptical. step 19600, energy = -0.4046839603625416
  |->  par_lens = 64, 65, 66
[TDSE] Running TDSE-SH-elliptical. step 19800, energy = -0.4197090457342209
  |->  par_lens = 75, 72, 74
[TDSE] Running TDSE-SH-elliptical. step 20000, energy = -0.41710146490904637
  |->  par_lens = 74, 73, 73
[TDSE] Running TDSE-SH-elliptical. step 20200, energy = -0.3910184004054152
  |->  par_lens = 76, 75, 76
[TDSE] Running TDSE-SH-elliptical. step 20400, energy = -0.3642434457136567
  |->  par_lens = 79, 77, 77
[TDSE] Running TDSE-SH-elliptical. step 20600, energy = -0.3618441996577798
  |->  par_lens = 85, 88, 83
[TDSE] Running TDSE-SH-elliptical. step 20800, energy = -0.38147650762217544
  |->  par_lens = 96, 97, 97
[TDSE] Running TDSE-SH-elliptical. step 21000, energy = -0.39432808245340445
  |->  par_lens = 103, 102, 101
[TDSE] Running TDSE-SH-elliptical. step 21200, energy = -0.37569946977466906
  |->  par_lens = 103, 102, 102
[TDSE] Running TDSE-SH-elliptical. step 21400, energy = -0.33805032075003977
  |->  par_lens = 103, 103, 103
[TDSE] Running TDSE-SH-elliptical. step 21600, energy = -0.31872436692112593
  |->  par_lens = 109, 108, 109
[TDSE] Running TDSE-SH-elliptical. step 21800, energy = -0.33434574542750184
  |->  par_lens = 121, 117, 115
[TDSE] Running TDSE-SH-elliptical. step 22000, energy = -0.3626220840133471
  |->  par_lens = 129, 128, 127
[TDSE] Running TDSE-SH-elliptical. step 22200, energy = -0.36385049181446016
  |->  par_lens = 129, 131, 128
[TDSE] Running TDSE-SH-elliptical. step 22400, energy = -0.326751388174476
  |->  par_lens = 134, 133, 128
[TDSE] Running TDSE-SH-elliptical. step 22600, energy = -0.28768485740603433
  |->  par_lens = 134, 134, 133
[TDSE] Running TDSE-SH-elliptical. step 22800, energy = -0.28636820099792865
  |->  par_lens = 139, 140, 138
[TDSE] Running TDSE-SH-elliptical. step 23000, energy = -0.3181371015039203
  |->  par_lens = 154, 153, 152
[TDSE] Running TDSE-SH-elliptical. step 23200, energy = -0.34190743034945303
  |->  par_lens = 161, 159, 159
[TDSE] Running TDSE-SH-elliptical. step 23400, energy = -0.3207802257593763
  |->  par_lens = 160, 168, 165
[TDSE] Running TDSE-SH-elliptical. step 23600, energy = -0.27086417832026805
  |->  par_lens = 166, 167, 165
[TDSE] Running TDSE-SH-elliptical. step 23800, energy = -0.24622803504773025
  |->  par_lens = 171, 166, 169
[TDSE] Running TDSE-SH-elliptical. step 24000, energy = -0.2697938087344284
  |->  par_lens = 178, 181, 177
[TDSE] Running TDSE-SH-elliptical. step 24200, energy = -0.31088811906373437
  |->  par_lens = 194, 190, 192
[TDSE] Running TDSE-SH-elliptical. step 24400, energy = -0.31850610162974907
  |->  par_lens = 200, 193, 198
[TDSE] Running TDSE-SH-elliptical. step 24600, energy = -0.27560999945398074
  |->  par_lens = 200, 202, 196
[TDSE] Running TDSE-SH-elliptical. step 24800, energy = -0.22843971476809355
  |->  par_lens = 200, 195, 198
[TDSE] Running TDSE-SH-elliptical. step 25000, energy = -0.22906508528929534
  |->  par_lens = 203, 201, 196
[TDSE] Running TDSE-SH-elliptical. step 25200, energy = -0.270637446767633
  |->  par_lens = 213, 214, 217
[TDSE] Running TDSE-SH-elliptical. step 25400, energy = -0.30415647994459233
  |->  par_lens = 222, 224, 223
[TDSE] Running TDSE-SH-elliptical. step 25600, energy = -0.2853899323025172
  |->  par_lens = 232, 229, 229
[TDSE] Running TDSE-SH-elliptical. step 25800, energy = -0.2309045934226856
  |->  par_lens = 230, 225, 230
[TDSE] Running TDSE-SH-elliptical. step 26000, energy = -0.20434855594556575
  |->  par_lens = 227, 232, 229
[TDSE] Running TDSE-SH-elliptical. step 26200, energy = -0.23300288648499476
  |->  par_lens = 238, 231, 236
[TDSE] Running TDSE-SH-elliptical. step 26400, energy = -0.2821343721569407
  |->  par_lens = 249, 245, 245
[TDSE] Running TDSE-SH-elliptical. step 26600, energy = -0.29682578882167404
  |->  par_lens = 250, 252, 253
[TDSE] Running TDSE-SH-elliptical. step 26800, energy = -0.2566555536020836
  |->  par_lens = 250, 248, 250
[TDSE] Running TDSE-SH-elliptical. step 27000, energy = -0.2095745386395341
  |->  par_lens = 251, 250, 250
[TDSE] Running TDSE-SH-elliptical. step 27200, energy = -0.21162089037738274
  |->  par_lens = 256, 250, 252
[TDSE] Running TDSE-SH-elliptical. step 27400, energy = -0.2564436761801971
  |->  par_lens = 257, 259, 257
[TDSE] Running TDSE-SH-elliptical. step 27600, energy = -0.2952515120852731
  |->  par_lens = 265, 260, 262
[TDSE] Running TDSE-SH-elliptical. step 27800, energy = -0.2832588581267492
  |->  par_lens = 265, 267, 266
[TDSE] Running TDSE-SH-elliptical. step 28000, energy = -0.23462700296641653
  |->  par_lens = 270, 266, 273
[TDSE] Running TDSE-SH-elliptical. step 28200, energy = -0.21074808479702214
  |->  par_lens = 273, 268, 266
[TDSE] Running TDSE-SH-elliptical. step 28400, energy = -0.23896743167802786
  |->  par_lens = 273, 274, 271
[TDSE] Running TDSE-SH-elliptical. step 28600, energy = -0.2883372139038982
  |->  par_lens = 272, 277, 273
[TDSE] Running TDSE-SH-elliptical. step 28800, energy = -0.30832516825113376
  |->  par_lens = 271, 277, 279
[TDSE] Running TDSE-SH-elliptical. step 29000, energy = -0.2783951772929007
  |->  par_lens = 270, 275, 273
[TDSE] Running TDSE-SH-elliptical. step 29200, energy = -0.23992171227140185
  |->  par_lens = 276, 275, 271
[TDSE] Running TDSE-SH-elliptical. step 29400, energy = -0.24228356708144277
  |->  par_lens = 274, 271, 269
[TDSE] Running TDSE-SH-elliptical. step 29600, energy = -0.28241090051087925
  |->  par_lens = 272, 277, 275
[TDSE] Running TDSE-SH-elliptical. step 29800, energy = -0.3201643733126631
  |->  par_lens = 278, 275, 281
[TDSE] Running TDSE-SH-elliptical. step 30000, energy = -0.31627339644193725
  |->  par_lens = 278, 276, 283
[TDSE] Running TDSE-SH-elliptical. step 30200, energy = -0.28094232406750064
  |->  par_lens = 280, 279, 277
[TDSE] Running TDSE-SH-elliptical. step 30400, energy = -0.26301492946688465
  |->  par_lens = 274, 276, 271
[TDSE] Running TDSE-SH-elliptical. step 30600, energy = -0.28559946498125277
  |->  par_lens = 277, 280, 274
[TDSE] Running TDSE-SH-elliptical. step 30800, energy = -0.3276642831863586
  |->  par_lens = 280, 277, 281
[TDSE] Running TDSE-SH-elliptical. step 31000, energy = -0.3487924580029984
  |->  par_lens = 284, 280, 283
[TDSE] Running TDSE-SH-elliptical. step 31200, energy = -0.33154548501881625
  |->  par_lens = 276, 279, 281
[TDSE] Running TDSE-SH-elliptical. step 31400, energy = -0.3058679101287361
  |->  par_lens = 275, 277, 278
[TDSE] Running TDSE-SH-elliptical. step 31600, energy = -0.3073924133131507
  |->  par_lens = 274, 272, 271
[TDSE] Running TDSE-SH-elliptical. step 31800, energy = -0.3374499341779088
  |->  par_lens = 279, 269, 272
[TDSE] Running TDSE-SH-elliptical. step 32000, energy = -0.3679486422559728
  |->  par_lens = 275, 281, 273
[TDSE] Running TDSE-SH-elliptical. step 32200, energy = -0.3696222181824453
  |->  par_lens = 271, 278, 277
[TDSE] Running TDSE-SH-elliptical. step 32400, energy = -0.34893604158520214
  |->  par_lens = 276, 277, 279
[TDSE] Running TDSE-SH-elliptical. step 32600, energy = -0.3375842437233666
  |->  par_lens = 274, 270, 277
[TDSE] Running TDSE-SH-elliptical. step 32800, energy = -0.3527331398149847
  |->  par_lens = 271, 268, 275
[TDSE] Running TDSE-SH-elliptical. step 33000, energy = -0.3825455117572438
  |->  par_lens = 274, 271, 273
[TDSE] Running TDSE-SH-elliptical. step 33200, energy = -0.3995932867230834
  |->  par_lens = 270, 270, 277
[TDSE] Running TDSE-SH-elliptical. step 33400, energy = -0.39267046536685074
  |->  par_lens = 275, 267, 278
[TDSE] Running TDSE-SH-elliptical. step 33600, energy = -0.37891654454497914
  |->  par_lens = 273, 266, 272
[TDSE] Running TDSE-SH-elliptical. step 33800, energy = -0.3800369267838723
  |->  par_lens = 271, 266, 268
[TDSE] Running TDSE-SH-elliptical. step 34000, energy = -0.39854027842505957
  |->  par_lens = 268, 260, 268
[TDSE] Running TDSE-SH-elliptical. step 34200, energy = -0.4177775827535528
  |->  par_lens = 264, 260, 270
[TDSE] Running TDSE-SH-elliptical. step 34400, energy = -0.42116087431049654
  |->  par_lens = 268, 261, 266
[TDSE] Running TDSE-SH-elliptical. step 34600, energy = -0.41194584363284126
  |->  par_lens = 266, 258, 267
[TDSE] Running TDSE-SH-elliptical. step 34800, energy = -0.4066443154890635
  |->  par_lens = 265, 258, 263
[TDSE] Running TDSE-SH-elliptical. step 35000, energy = -0.41520029789833984
  |->  par_lens = 266, 258, 262
[TDSE] Running TDSE-SH-elliptical. step 35200, energy = -0.4315257165299428
  |->  par_lens = 268, 261, 266
[TDSE] Running TDSE-SH-elliptical. step 35400, energy = -0.44190922478210015
  |->  par_lens = 266, 260, 262
[TDSE] Running TDSE-SH-elliptical. step 35600, energy = -0.44076384115968686
  |->  par_lens = 268, 257, 259
[TDSE] Running TDSE-SH-elliptical. step 35800, energy = -0.43579556932636554
  |->  par_lens = 263, 257, 255
[TDSE] Running TDSE-SH-elliptical. step 36000, energy = -0.4367700144220218
  |->  par_lens = 257, 250, 256
[TDSE] Running TDSE-SH-elliptical. step 36200, energy = -0.44531990863474114
  |->  par_lens = 254, 252, 257
[TDSE] Running TDSE-SH-elliptical. step 36400, energy = -0.45410736197657914
  |->  par_lens = 256, 256, 255
[TDSE] Running TDSE-SH-elliptical. step 36600, energy = -0.4566790781135982
  |->  par_lens = 256, 251, 247
[TDSE] Running TDSE-SH-elliptical. step 36800, energy = -0.45407536527501435
  |->  par_lens = 254, 245, 252
[TDSE] Running TDSE-SH-elliptical. step 37000, energy = -0.45273581027306314
  |->  par_lens = 250, 248, 249
[TDSE] Running TDSE-SH-elliptical. step 37200, energy = -0.4562611129709478
  |->  par_lens = 246, 239, 244
[TDSE] Running TDSE-SH-elliptical. step 37400, energy = -0.462643081436256
  |->  par_lens = 245, 240, 243
[TDSE] Running TDSE-SH-elliptical. step 37600, energy = -0.4671109119916048
  |->  par_lens = 247, 240, 236
[TDSE] Running TDSE-SH-elliptical. step 37800, energy = -0.46781317877149653
  |->  par_lens = 245, 233, 234
[TDSE] Running TDSE-SH-elliptical. step 38000, energy = -0.46703462990026456
  |->  par_lens = 237, 225, 228
[TDSE] Running TDSE-SH-elliptical. step 38200, energy = -0.4676627029892162
  |->  par_lens = 219, 215, 217
[TDSE] Running TDSE-SH-elliptical. step 38400, energy = -0.47012981081340677
  |->  par_lens = 211, 194, 216
[TDSE] Running TDSE-SH-elliptical. step 38600, energy = -0.47267855177151624
  |->  par_lens = 199, 193, 210
[TDSE] Running TDSE-SH-elliptical. step 38800, energy = -0.47363868531345477
  |->  par_lens = 195, 183, 205
[TDSE] Running TDSE-SH-elliptical. step 39000, energy = -0.4734309815233688
  |->  par_lens = 187, 179, 199
[TDSE] Running TDSE-SH-elliptical. step 39200, energy = -0.47340261403033657
  |->  par_lens = 180, 179, 189
[TDSE] Running TDSE-SH-elliptical. step 39400, energy = -0.47430439295613414
  |->  par_lens = 181, 179, 185
[TDSE] Running TDSE-SH-elliptical. step 39600, energy = -0.4757618437215904
  |->  par_lens = 178, 174, 179
[TDSE] Running TDSE-SH-elliptical. step 39800, energy = -0.4768513297666329
  |->  par_lens = 170, 169, 174
[TDSE] Running TDSE-SH-elliptical. step 40000, energy = -0.47732683609446364
  |->  par_lens = 167, 169, 171
[TDSE] Running TDSE-SH-elliptical. step 40200, energy = -0.4774720554752624
  |->  par_lens = 159, 158, 164
[TDSE] Running TDSE-SH-elliptical. step 40400, energy = -0.4776569963566944
  |->  par_lens = 150, 154, 150
[TDSE] Running TDSE-SH-elliptical. step 40600, energy = -0.4779770913822775
  |->  par_lens = 142, 140, 143
[TDSE] Running TDSE-SH-elliptical. step 40800, energy = -0.4782429565236867
  |->  par_lens = 134, 133, 135
[TDSE] Running TDSE-SH-elliptical. step 41000, energy = -0.4783823218415851
  |->  par_lens = 126, 129, 131
[TDSE] Running TDSE-SH-elliptical. step 41200, energy = -0.47844701510577303
  |->  par_lens = 123, 122, 122
[TDSE] Running TDSE-SH-elliptical. step 41400, energy = -0.4785131619766301
  |->  par_lens = 118, 117, 113
[TDSE] Running TDSE-SH-elliptical. step 41600, energy = -0.4786382399621215
  |->  par_lens = 113, 110, 108
[TDSE] Running TDSE-SH-elliptical. step 41800, energy = -0.47877005297468084
  |->  par_lens = 112, 107, 105
[TDSE] Running TDSE-SH-elliptical. step 42000, energy = -0.4788919945461966
  |->  par_lens = 105, 103, 103
[TDSE] Running TDSE-SH-elliptical. step 42200, energy = -0.478991489388008
  |->  par_lens = 101, 100, 99
[TDSE] Running TDSE-SH-elliptical. step 42400, energy = -0.4790737536486072
  |->  par_lens = 98, 99, 98
[TDSE] Running TDSE-SH-elliptical. step 42600, energy = -0.47914969512257666
  |->  par_lens = 97, 98, 97
[TDSE] Running TDSE-SH-elliptical. step 42800, energy = -0.4792315090658401
  |->  par_lens = 96, 97, 97
[TDSE] Running TDSE-SH-elliptical. step 43000, energy = -0.47932159823165643
  |->  par_lens = 96, 97, 94
