  Activating project at `~/JuliaProp_v0.1`
[ITP]: 10000.471108571397
[ITP]: 0.022107823405609905
[ITP]: 0.004976805475414736
[ITP]: 0.0021058954092971205
[ITP]: 0.001084104546129061
[ITP]: 0.0006160870179273692
[ITP]: 0.0003714642087823128
[ITP]: 0.00023286611963801995
[ITP]: 0.0001500123428329614
[ITP]: 9.857967926441003e-5
[ITP]: 6.57601184761436e-5
[ITP]: 4.43786526744816e-5
[ITP]: 3.022437766897479e-5
[ITP]: 2.0735965556739622e-5
[ITP]: 1.4311264988853267e-5
[ITP]: 9.92563006574354e-6
[ITP]: 6.9119921211058255e-6
[ITP]: 4.82976755122877e-6
[ITP]: 3.384510666504248e-6
[ITP]: 2.3775199649023193e-6
[ITP]: 1.6736194445865493e-6
[ITP]: 1.1802274751948616e-6
[ITP]: 8.335748883370186e-7
[ITP]: 5.895273362810372e-7
[ITP]: 4.174150680658073e-7
[ITP]: 2.958509506267859e-7
[ITP]: 2.098764437796774e-7
[ITP]: 1.4900242706339384e-7
[ITP]: 1.0585745457980522e-7
[ITP]: 7.525113565609587e-8
[ITP]: 5.352267851144177e-8
[ITP]: 3.808635307134267e-8
[ITP]: 2.7113442158110956e-8
[ITP]: 1.9309163601377577e-8
[ITP]: 1.3755872219078924e-8
[ITP]: 9.802639699962867e-9
Energy of ground state: -0.5030607411950042
[TDSE] Start TDSE-SH for elliptical polarized laser. It may cost a plenty of time.
[TDSE] Running TDSE-SH-elliptical. step 0, energy = -0.5030607411950033
  |->  par_lens = 1, 1, 1
[TDSE] Running TDSE-SH-elliptical. step 200, energy = -0.5030607411948641
  |->  par_lens = 1, 1, 1
[TDSE] Running TDSE-SH-elliptical. step 400, energy = -0.5030607411947214
  |->  par_lens = 1, 1, 1
[TDSE] Running TDSE-SH-elliptical. step 600, energy = -0.5030607411945809
  |->  par_lens = 1, 1, 1
[TDSE] Running TDSE-SH-elliptical. step 800, energy = -0.5030607411944309
  |->  par_lens = 1, 1, 2
[TDSE] Running TDSE-SH-elliptical. step 1000, energy = -0.5030607411942548
  |->  par_lens = 1, 1, 2
[TDSE] Running TDSE-SH-elliptical. step 1200, energy = -0.503060741194023
  |->  par_lens = 1, 1, 2
[TDSE] Running TDSE-SH-elliptical. step 1400, energy = -0.5030607411936814
  |->  par_lens = 1, 1, 2
[TDSE] Running TDSE-SH-elliptical. step 1600, energy = -0.5030607411930302
  |->  par_lens = 1, 1, 2
[TDSE] Running TDSE-SH-elliptical. step 1800, energy = -0.5030607411918339
  |->  par_lens = 1, 1, 2
[TDSE] Running TDSE-SH-elliptical. step 2000, energy = -0.5030607411895816
  |->  par_lens = 1, 1, 2
[TDSE] Running TDSE-SH-elliptical. step 2200, energy = -0.5030607411855389
  |->  par_lens = 1, 1, 2
[TDSE] Running TDSE-SH-elliptical. step 2400, energy = -0.5030607411785938
  |->  par_lens = 1, 1, 2
[TDSE] Running TDSE-SH-elliptical. step 2600, energy = -0.5030607411669531
  |->  par_lens = 1, 1, 2
[TDSE] Running TDSE-SH-elliptical. step 2800, energy = -0.5030607411484073
  |->  par_lens = 1, 1, 2
[TDSE] Running TDSE-SH-elliptical. step 3000, energy = -0.5030607411191351
  |->  par_lens = 1, 1, 2
[TDSE] Running TDSE-SH-elliptical. step 3200, energy = -0.5030607410751593
  |->  par_lens = 1, 1, 2
[TDSE] Running TDSE-SH-elliptical. step 3400, energy = -0.5030607410091685
  |->  par_lens = 1, 1, 2
[TDSE] Running TDSE-SH-elliptical. step 3600, energy = -0.5030607409144562
  |->  par_lens = 1, 1, 2
[TDSE] Running TDSE-SH-elliptical. step 3800, energy = -0.5030607407782941
  |->  par_lens = 1, 1, 2
[TDSE] Running TDSE-SH-elliptical. step 4000, energy = -0.5030607405901741
  |->  par_lens = 1, 1, 2
[TDSE] Running TDSE-SH-elliptical. step 4200, energy = -0.5030607403288175
  |->  par_lens = 1, 1, 2
[TDSE] Running TDSE-SH-elliptical. step 4400, energy = -0.5030607399792173
  |->  par_lens = 1, 1, 2
[TDSE] Running TDSE-SH-elliptical. step 4600, energy = -0.5030607395085767
  |->  par_lens = 1, 1, 2
[TDSE] Running TDSE-SH-elliptical. step 4800, energy = -0.5030607388938146
  |->  par_lens = 1, 1, 2
[TDSE] Running TDSE-SH-elliptical. step 5000, energy = -0.5030607380901048
  |->  par_lens = 1, 1, 2
[TDSE] Running TDSE-SH-elliptical. step 5200, energy = -0.503060737062736
  |->  par_lens = 1, 1, 2
[TDSE] Running TDSE-SH-elliptical. step 5400, energy = -0.503060735751081
  |->  par_lens = 1, 1, 2
[TDSE] Running TDSE-SH-elliptical. step 5600, energy = -0.5030607341062233
  |->  par_lens = 1, 1, 2
[TDSE] Running TDSE-SH-elliptical. step 5800, energy = -0.5030607320544033
  |->  par_lens = 1, 1, 2
[TDSE] Running TDSE-SH-elliptical. step 6000, energy = -0.5030607295184787
  |->  par_lens = 1, 1, 2
[TDSE] Running TDSE-SH-elliptical. step 6200, energy = -0.503060726423957
  |->  par_lens = 1, 1, 2
[TDSE] Running TDSE-SH-elliptical. step 6400, energy = -0.5030607226522512
  |->  par_lens = 1, 1, 2
[TDSE] Running TDSE-SH-elliptical. step 6600, energy = -0.5030607181290756
  |->  par_lens = 1, 1, 2
[TDSE] Running TDSE-SH-elliptical. step 6800, energy = -0.5030607127011495
  |->  par_lens = 1, 2, 2
[TDSE] Running TDSE-SH-elliptical. step 7000, energy = -0.503060706291267
  |->  par_lens = 2, 2, 2
[TDSE] Running TDSE-SH-elliptical. step 7200, energy = -0.5030606986868942
  |->  par_lens = 2, 2, 2
[TDSE] Running TDSE-SH-elliptical. step 7400, energy = -0.503060689856788
  |->  par_lens = 2, 2, 2
[TDSE] Running TDSE-SH-elliptical. step 7600, energy = -0.5030606795174516
  |->  par_lens = 2, 2, 2
[TDSE] Running TDSE-SH-elliptical. step 7800, energy = -0.5030606676180227
  |->  par_lens = 2, 2, 2
[TDSE] Running TDSE-SH-elliptical. step 8000, energy = -0.503060653908832
  |->  par_lens = 2, 2, 2
[TDSE] Running TDSE-SH-elliptical. step 8200, energy = -0.5030606383068194
  |->  par_lens = 2, 2, 2
[TDSE] Running TDSE-SH-elliptical. step 8400, energy = -0.5030606205178891
  |->  par_lens = 2, 2, 2
[TDSE] Running TDSE-SH-elliptical. step 8600, energy = -0.5030606004800742
  |->  par_lens = 2, 2, 2
[TDSE] Running TDSE-SH-elliptical. step 8800, energy = -0.5030605779689601
  |->  par_lens = 2, 2, 2
[TDSE] Running TDSE-SH-elliptical. step 9000, energy = -0.5030605527694768
  |->  par_lens = 2, 2, 2
[TDSE] Running TDSE-SH-elliptical. step 9200, energy = -0.5030605248394129
  |->  par_lens = 2, 2, 2
[TDSE] Running TDSE-SH-elliptical. step 9400, energy = -0.5030604938265599
  |->  par_lens = 2, 2, 2
[TDSE] Running TDSE-SH-elliptical. step 9600, energy = -0.5030604598241503
  |->  par_lens = 2, 2, 2
[TDSE] Running TDSE-SH-elliptical. step 9800, energy = -0.5030604224495616
  |->  par_lens = 2, 2, 2
[TDSE] Running TDSE-SH-elliptical. step 10000, energy = -0.503060381862984
  |->  par_lens = 2, 2, 2
[TDSE] Running TDSE-SH-elliptical. step 10200, energy = -0.5030603166394793
  |->  par_lens = 2, 2, 2
[TDSE] Running TDSE-SH-elliptical. step 10400, energy = -0.5030599879794624
  |->  par_lens = 2, 2, 2
[TDSE] Running TDSE-SH-elliptical. step 10600, energy = -0.5030592245732955
  |->  par_lens = 2, 2, 2
[TDSE] Running TDSE-SH-elliptical. step 10800, energy = -0.5030576246639731
  |->  par_lens = 2, 2, 2
[TDSE] Running TDSE-SH-elliptical. step 11000, energy = -0.503051880393023
  |->  par_lens = 3, 2, 2
[TDSE] Running TDSE-SH-elliptical. step 11200, energy = -0.5030327967214593
  |->  par_lens = 4, 3, 3
[TDSE] Running TDSE-SH-elliptical. step 11400, energy = -0.5029902446680885
  |->  par_lens = 4, 3, 3
[TDSE] Running TDSE-SH-elliptical. step 11600, energy = -0.502927566326768
  |->  par_lens = 4, 4, 3
[TDSE] Running TDSE-SH-elliptical. step 11800, energy = -0.5028647362403857
  |->  par_lens = 5, 4, 4
[TDSE] Running TDSE-SH-elliptical. step 12000, energy = -0.5027934210961555
  |->  par_lens = 5, 4, 4
[TDSE] Running TDSE-SH-elliptical. step 12200, energy = -0.5026491733048585
  |->  par_lens = 5, 5, 5
[TDSE] Running TDSE-SH-elliptical. step 12400, energy = -0.5023553203953137
  |->  par_lens = 5, 5, 6
[TDSE] Running TDSE-SH-elliptical. step 12600, energy = -0.5019672177712895
  |->  par_lens = 6, 5, 6
[TDSE] Running TDSE-SH-elliptical. step 12800, energy = -0.5016832395783329
  |->  par_lens = 6, 6, 7
[TDSE] Running TDSE-SH-elliptical. step 13000, energy = -0.5016352092399085
  |->  par_lens = 6, 6, 7
[TDSE] Running TDSE-SH-elliptical. step 13200, energy = -0.501586912844737
  |->  par_lens = 7, 6, 7
[TDSE] Running TDSE-SH-elliptical. step 13400, energy = -0.5010722424834139
  |->  par_lens = 7, 7, 7
[TDSE] Running TDSE-SH-elliptical. step 13600, energy = -0.4999366198077392
  |->  par_lens = 8, 8, 8
[TDSE] Running TDSE-SH-elliptical. step 13800, energy = -0.49873344067038666
  |->  par_lens = 9, 9, 8
[TDSE] Running TDSE-SH-elliptical. step 14000, energy = -0.49822654093433516
  |->  par_lens = 9, 10, 9
[TDSE] Running TDSE-SH-elliptical. step 14200, energy = -0.49828881568229144
  |->  par_lens = 9, 9, 10
[TDSE] Running TDSE-SH-elliptical. step 14400, energy = -0.4977275790755654
  |->  par_lens = 10, 10, 10
[TDSE] Running TDSE-SH-elliptical. step 14600, energy = -0.4954581368490185
  |->  par_lens = 12, 10, 11
[TDSE] Running TDSE-SH-elliptical. step 14800, energy = -0.4922824926689793
  |->  par_lens = 13, 11, 11
[TDSE] Running TDSE-SH-elliptical. step 15000, energy = -0.490336115601179
  |->  par_lens = 14, 14, 12
[TDSE] Running TDSE-SH-elliptical. step 15200, energy = -0.4908456060114027
  |->  par_lens = 13, 14, 16
[TDSE] Running TDSE-SH-elliptical. step 15400, energy = -0.49185698095824454
  |->  par_lens = 15, 14, 16
[TDSE] Running TDSE-SH-elliptical. step 15600, energy = -0.4900656936263049
  |->  par_lens = 17, 15, 16
[TDSE] Running TDSE-SH-elliptical. step 15800, energy = -0.4846317552320835
  |->  par_lens = 18, 15, 17
[TDSE] Running TDSE-SH-elliptical. step 16000, energy = -0.47916055709063327
  |->  par_lens = 19, 20, 17
[TDSE] Running TDSE-SH-elliptical. step 16200, energy = -0.47782442289842186
  |->  par_lens = 19, 21, 21
[TDSE] Running TDSE-SH-elliptical. step 16400, energy = -0.4801533342355779
  |->  par_lens = 23, 21, 23
[TDSE] Running TDSE-SH-elliptical. step 16600, energy = -0.48019932095081025
  |->  par_lens = 25, 22, 24
[TDSE] Running TDSE-SH-elliptical. step 16800, energy = -0.47333184621727115
  |->  par_lens = 24, 22, 25
[TDSE] Running TDSE-SH-elliptical. step 17000, energy = -0.46255310658584037
  |->  par_lens = 28, 28, 26
[TDSE] Running TDSE-SH-elliptical. step 17200, energy = -0.4565785611324653
  |->  par_lens = 30, 31, 28
[TDSE] Running TDSE-SH-elliptical. step 17400, energy = -0.4596211477790928
  |->  par_lens = 34, 33, 32
[TDSE] Running TDSE-SH-elliptical. step 17600, energy = -0.46531912710579953
  |->  par_lens = 35, 35, 36
[TDSE] Running TDSE-SH-elliptical. step 17800, energy = -0.46241532921953976
  |->  par_lens = 36, 36, 36
[TDSE] Running TDSE-SH-elliptical. step 18000, energy = -0.44843807226063764
  |->  par_lens = 36, 36, 38
[TDSE] Running TDSE-SH-elliptical. step 18200, energy = -0.4341519728600936
  |->  par_lens = 41, 38, 39
[TDSE] Running TDSE-SH-elliptical. step 18400, energy = -0.43204729003198317
  |->  par_lens = 44, 43, 44
[TDSE] Running TDSE-SH-elliptical. step 18600, energy = -0.44075148479593645
  |->  par_lens = 50, 48, 47
[TDSE] Running TDSE-SH-elliptical. step 18800, energy = -0.4446759561991367
  |->  par_lens = 49, 51, 48
[TDSE] Running TDSE-SH-elliptical. step 19000, energy = -0.43125256739188605
  |->  par_lens = 52, 53, 50
[TDSE] Running TDSE-SH-elliptical. step 19200, energy = -0.407874223535014
  |->  par_lens = 54, 55, 53
[TDSE] Running TDSE-SH-elliptical. step 19400, energy = -0.3953741652490203
  |->  par_lens = 57, 59, 59
[TDSE] Running TDSE-SH-elliptical. step 19600, energy = -0.40380335419347657
  |->  par_lens = 65, 66, 66
[TDSE] Running TDSE-SH-elliptical. step 19800, energy = -0.4193233892071082
  |->  par_lens = 73, 74, 73
[TDSE] Running TDSE-SH-elliptical. step 20000, energy = -0.4173889395185178
  |->  par_lens = 77, 74, 72
[TDSE] Running TDSE-SH-elliptical. step 20200, energy = -0.3919477119981569
  |->  par_lens = 77, 77, 75
[TDSE] Running TDSE-SH-elliptical. step 20400, energy = -0.36556058448160256
  |->  par_lens = 77, 80, 83
[TDSE] Running TDSE-SH-elliptical. step 20600, energy = -0.3631482871595453
  |->  par_lens = 84, 87, 83
[TDSE] Running TDSE-SH-elliptical. step 20800, energy = -0.38233888596894344
  |->  par_lens = 95, 98, 94
[TDSE] Running TDSE-SH-elliptical. step 21000, energy = -0.3944219640303763
  |->  par_lens = 103, 99, 101
[TDSE] Running TDSE-SH-elliptical. step 21200, energy = -0.37492751591432316
  |->  par_lens = 101, 100, 103
[TDSE] Running TDSE-SH-elliptical. step 21400, energy = -0.33659928913423515
  |->  par_lens = 100, 102, 104
[TDSE] Running TDSE-SH-elliptical. step 21600, energy = -0.31702423494225845
  |->  par_lens = 109, 106, 108
[TDSE] Running TDSE-SH-elliptical. step 21800, energy = -0.332923407112439
  |->  par_lens = 119, 119, 116
[TDSE] Running TDSE-SH-elliptical. step 22000, energy = -0.36195771850827424
  |->  par_lens = 126, 129, 125
[TDSE] Running TDSE-SH-elliptical. step 22200, energy = -0.3642148779439233
  |->  par_lens = 134, 129, 133
[TDSE] Running TDSE-SH-elliptical. step 22400, energy = -0.32809114211304163
  |->  par_lens = 131, 129, 128
[TDSE] Running TDSE-SH-elliptical. step 22600, energy = -0.2896109798761298
  |->  par_lens = 134, 133, 136
[TDSE] Running TDSE-SH-elliptical. step 22800, energy = -0.2882838111368135
  |->  par_lens = 140, 140, 138
[TDSE] Running TDSE-SH-elliptical. step 23000, energy = -0.31943506572309277
  |->  par_lens = 155, 150, 152
[TDSE] Running TDSE-SH-elliptical. step 23200, energy = -0.3421251037204434
  |->  par_lens = 161, 159, 160
[TDSE] Running TDSE-SH-elliptical. step 23400, energy = -0.31978336533904045
  |->  par_lens = 160, 159, 161
[TDSE] Running TDSE-SH-elliptical. step 23600, energy = -0.26891653149397243
  |->  par_lens = 166, 163, 167
[TDSE] Running TDSE-SH-elliptical. step 23800, energy = -0.24392958860741953
  |->  par_lens = 169, 165, 169
[TDSE] Running TDSE-SH-elliptical. step 24000, energy = -0.267853376778927
  |->  par_lens = 178, 179, 183
[TDSE] Running TDSE-SH-elliptical. step 24200, energy = -0.3099298831800527
  |->  par_lens = 192, 193, 194
[TDSE] Running TDSE-SH-elliptical. step 24400, energy = -0.31888528374638164
  |->  par_lens = 198, 198, 194
[TDSE] Running TDSE-SH-elliptical. step 24600, energy = -0.2772552632707742
  |->  par_lens = 200, 201, 196
[TDSE] Running TDSE-SH-elliptical. step 24800, energy = -0.23084828308513655
  |->  par_lens = 201, 200, 198
[TDSE] Running TDSE-SH-elliptical. step 25000, energy = -0.2314744318375965
  |->  par_lens = 201, 203, 200
[TDSE] Running TDSE-SH-elliptical. step 25200, energy = -0.2723034431196407
  |->  par_lens = 216, 213, 216
[TDSE] Running TDSE-SH-elliptical. step 25400, energy = -0.3045184287976017
  |->  par_lens = 222, 225, 227
[TDSE] Running TDSE-SH-elliptical. step 25600, energy = -0.28428579479943267
  |->  par_lens = 225, 226, 228
[TDSE] Running TDSE-SH-elliptical. step 25800, energy = -0.22865198195888534
  |->  par_lens = 226, 226, 224
[TDSE] Running TDSE-SH-elliptical. step 26000, energy = -0.2016642266831158
  |->  par_lens = 226, 229, 227
[TDSE] Running TDSE-SH-elliptical. step 26200, energy = -0.23071627576181972
  |->  par_lens = 232, 238, 230
[TDSE] Running TDSE-SH-elliptical. step 26400, energy = -0.28095307564383726
  |->  par_lens = 246, 243, 244
[TDSE] Running TDSE-SH-elliptical. step 26600, energy = -0.297152354056881
  |->  par_lens = 245, 251, 247
[TDSE] Running TDSE-SH-elliptical. step 26800, energy = -0.25840718401114626
  |->  par_lens = 246, 246, 249
[TDSE] Running TDSE-SH-elliptical. step 27000, energy = -0.21218906074186866
  |->  par_lens = 244, 248, 248
[TDSE] Running TDSE-SH-elliptical. step 27200, energy = -0.214256275684709
  |->  par_lens = 243, 249, 249
[TDSE] Running TDSE-SH-elliptical. step 27400, energy = -0.25829737490414517
  |->  par_lens = 254, 252, 257
[TDSE] Running TDSE-SH-elliptical. step 27600, energy = -0.2957270447091282
  |->  par_lens = 257, 256, 260
[TDSE] Running TDSE-SH-elliptical. step 27800, energy = -0.2821877898931342
  |->  par_lens = 254, 256, 256
[TDSE] Running TDSE-SH-elliptical. step 28000, energy = -0.23234649979168823
  |->  par_lens = 260, 257, 255
[TDSE] Running TDSE-SH-elliptical. step 28200, energy = -0.20800302598532458
  |->  par_lens = 253, 257, 263
[TDSE] Running TDSE-SH-elliptical. step 28400, energy = -0.23660571407615058
  |->  par_lens = 263, 263, 262
[TDSE] Running TDSE-SH-elliptical. step 28600, energy = -0.2870730495020961
  |->  par_lens = 268, 266, 270
[TDSE] Running TDSE-SH-elliptical. step 28800, energy = -0.3085585498593934
  |->  par_lens = 269, 272, 274
[TDSE] Running TDSE-SH-elliptical. step 29000, energy = -0.28003730069322186
  |->  par_lens = 267, 272, 270
[TDSE] Running TDSE-SH-elliptical. step 29200, energy = -0.2424179773122167
  |->  par_lens = 268, 262, 266
[TDSE] Running TDSE-SH-elliptical. step 29400, energy = -0.2448229598942604
  |->  par_lens = 264, 266, 265
[TDSE] Running TDSE-SH-elliptical. step 29600, energy = -0.28422452036011275
  |->  par_lens = 260, 265, 264
[TDSE] Running TDSE-SH-elliptical. step 29800, energy = -0.32068628885082556
  |->  par_lens = 268, 268, 272
[TDSE] Running TDSE-SH-elliptical. step 30000, energy = -0.31535467669962497
  |->  par_lens = 263, 271, 267
[TDSE] Running TDSE-SH-elliptical. step 30200, energy = -0.2789031205950148
  |->  par_lens = 269, 267, 264
[TDSE] Running TDSE-SH-elliptical. step 30400, energy = -0.2605339437440326
  |->  par_lens = 270, 266, 268
[TDSE] Running TDSE-SH-elliptical. step 30600, energy = -0.28343960051113826
  |->  par_lens = 268, 267, 279
[TDSE] Running TDSE-SH-elliptical. step 30800, energy = -0.3264739608353725
  |->  par_lens = 275, 271, 277
[TDSE] Running TDSE-SH-elliptical. step 31000, energy = -0.3489178747786494
  |->  par_lens = 275, 282, 279
[TDSE] Running TDSE-SH-elliptical. step 31200, energy = -0.332899304816857
  |->  par_lens = 278, 277, 272
[TDSE] Running TDSE-SH-elliptical. step 31400, energy = -0.3079716168721465
  |->  par_lens = 273, 270, 275
[TDSE] Running TDSE-SH-elliptical. step 31600, energy = -0.3095603720363777
  |->  par_lens = 272, 272, 266
[TDSE] Running TDSE-SH-elliptical. step 31800, energy = -0.3390211678165881
  |->  par_lens = 272, 272, 267
[TDSE] Running TDSE-SH-elliptical. step 32000, energy = -0.36844642833993335
  |->  par_lens = 265, 275, 267
[TDSE] Running TDSE-SH-elliptical. step 32200, energy = -0.3689314343842877
  |->  par_lens = 266, 278, 269
[TDSE] Running TDSE-SH-elliptical. step 32400, energy = -0.3473199719753803
  |->  par_lens = 264, 268, 271
[TDSE] Running TDSE-SH-elliptical. step 32600, energy = -0.33558555959872854
  |->  par_lens = 270, 271, 264
[TDSE] Running TDSE-SH-elliptical. step 32800, energy = -0.35096848976902806
  |->  par_lens = 271, 269, 266
[TDSE] Running TDSE-SH-elliptical. step 33000, energy = -0.38154187919838595
  |->  par_lens = 267, 272, 270
[TDSE] Running TDSE-SH-elliptical. step 33200, energy = -0.3996174893520523
  |->  par_lens = 272, 273, 274
[TDSE] Running TDSE-SH-elliptical. step 33400, energy = -0.3936533095057611
  |->  par_lens = 271, 267, 272
[TDSE] Running TDSE-SH-elliptical. step 33600, energy = -0.38049269546584474
  |->  par_lens = 266, 275, 272
[TDSE] Running TDSE-SH-elliptical. step 33800, energy = -0.3816863238521014
  |->  par_lens = 267, 269, 269
[TDSE] Running TDSE-SH-elliptical. step 34000, energy = -0.39975197638746907
  |->  par_lens = 266, 261, 270
[TDSE] Running TDSE-SH-elliptical. step 34200, energy = -0.418199735305863
  |->  par_lens = 263, 264, 264
[TDSE] Running TDSE-SH-elliptical. step 34400, energy = -0.420710986025232
  |->  par_lens = 266, 273, 262
[TDSE] Running TDSE-SH-elliptical. step 34600, energy = -0.4108153285131948
  |->  par_lens = 265, 262, 263
[TDSE] Running TDSE-SH-elliptical. step 34800, energy = -0.40522010828122684
  |->  par_lens = 260, 266, 266
[TDSE] Running TDSE-SH-elliptical. step 35000, energy = -0.4139281194569729
  |->  par_lens = 261, 271, 269
[TDSE] Running TDSE-SH-elliptical. step 35200, energy = -0.4307748675175164
  |->  par_lens = 267, 268, 272
[TDSE] Running TDSE-SH-elliptical. step 35400, energy = -0.44186094007200727
  |->  par_lens = 264, 273, 268
[TDSE] Running TDSE-SH-elliptical. step 35600, energy = -0.44136939299410544
  |->  par_lens = 259, 264, 268
[TDSE] Running TDSE-SH-elliptical. step 35800, energy = -0.4368091898461633
  |->  par_lens = 252, 263, 263
[TDSE] Running TDSE-SH-elliptical. step 36000, energy = -0.43784518904364955
  |->  par_lens = 252, 261, 254
[TDSE] Running TDSE-SH-elliptical. step 36200, energy = -0.44612082811446213
  |->  par_lens = 247, 253, 254
[TDSE] Running TDSE-SH-elliptical. step 36400, energy = -0.45441222047595975
  |->  par_lens = 241, 248, 253
[TDSE] Running TDSE-SH-elliptical. step 36600, energy = -0.4564391066203216
  |->  par_lens = 247, 241, 252
[TDSE] Running TDSE-SH-elliptical. step 36800, energy = -0.4534107314607356
  |->  par_lens = 245, 247, 252
[TDSE] Running TDSE-SH-elliptical. step 37000, energy = -0.45188542347772487
  |->  par_lens = 247, 246, 248
[TDSE] Running TDSE-SH-elliptical. step 37200, energy = -0.45549111625041905
  |->  par_lens = 246, 247, 246
[TDSE] Running TDSE-SH-elliptical. step 37400, energy = -0.46216854425357895
  |->  par_lens = 241, 248, 253
[TDSE] Running TDSE-SH-elliptical. step 37600, energy = -0.4670305853810578
  |->  par_lens = 247, 243, 251
[TDSE] Running TDSE-SH-elliptical. step 37800, energy = -0.46809560395256516
  |->  par_lens = 238, 240, 243
[TDSE] Running TDSE-SH-elliptical. step 38000, energy = -0.46754268587495335
  |->  par_lens = 228, 227, 240
[TDSE] Running TDSE-SH-elliptical. step 38200, energy = -0.4682087540404119
  |->  par_lens = 221, 218, 224
[TDSE] Running TDSE-SH-elliptical. step 38400, energy = -0.47054176068708203
  |->  par_lens = 208, 209, 208
[TDSE] Running TDSE-SH-elliptical. step 38600, energy = -0.4728474044070333
  |->  par_lens = 195, 198, 201
[TDSE] Running TDSE-SH-elliptical. step 38800, energy = -0.47354668657592963
  |->  par_lens = 197, 191, 197
[TDSE] Running TDSE-SH-elliptical. step 39000, energy = -0.47313951187934944
  |->  par_lens = 185, 185, 189
[TDSE] Running TDSE-SH-elliptical. step 39200, energy = -0.47302445405048554
  |->  par_lens = 190, 189, 181
[TDSE] Running TDSE-SH-elliptical. step 39400, energy = -0.47395671102447445
  |->  par_lens = 183, 183, 178
[TDSE] Running TDSE-SH-elliptical. step 39600, energy = -0.47553365358940486
  |->  par_lens = 181, 181, 182
[TDSE] Running TDSE-SH-elliptical. step 39800, energy = -0.47677594187238226
  |->  par_lens = 181, 177, 178
[TDSE] Running TDSE-SH-elliptical. step 40000, energy = -0.4773883077117473
  |->  par_lens = 177, 173, 177
[TDSE] Running TDSE-SH-elliptical. step 40200, energy = -0.4776136382900534
  |->  par_lens = 167, 167, 168
[TDSE] Running TDSE-SH-elliptical. step 40400, energy = -0.4778139269749468
  |->  par_lens = 158, 163, 161
[TDSE] Running TDSE-SH-elliptical. step 40600, energy = -0.47809273277809633
  |->  par_lens = 153, 156, 149
[TDSE] Running TDSE-SH-elliptical. step 40800, energy = -0.47829062914857606
  |->  par_lens = 146, 147, 143
[TDSE] Running TDSE-SH-elliptical. step 41000, energy = -0.4783603941487562
  |->  par_lens = 144, 139, 139
[TDSE] Running TDSE-SH-elliptical. step 41200, energy = -0.4783784946163406
  |->  par_lens = 139, 134, 135
[TDSE] Running TDSE-SH-elliptical. step 41400, energy = -0.4784245511940063
  |->  par_lens = 132, 129, 129
[TDSE] Running TDSE-SH-elliptical. step 41600, energy = -0.4785554196076829
  |->  par_lens = 127, 125, 126
[TDSE] Running TDSE-SH-elliptical. step 41800, energy = -0.478704551090171
  |->  par_lens = 124, 124, 125
[TDSE] Running TDSE-SH-elliptical. step 42000, energy = -0.4788469537837298
  |->  par_lens = 123, 122, 124
[TDSE] Running TDSE-SH-elliptical. step 42200, energy = -0.4789599029548091
  |->  par_lens = 121, 122, 124
[TDSE] Running TDSE-SH-elliptical. step 42400, energy = -0.47904835124266093
  |->  par_lens = 120, 122, 121
[TDSE] Running TDSE-SH-elliptical. step 42600, energy = -0.47912400653005616
  |->  par_lens = 119, 121, 119
[TDSE] Running TDSE-SH-elliptical. step 42800, energy = -0.4792047542618151
  |->  par_lens = 119, 121, 119
[TDSE] Running TDSE-SH-elliptical. step 43000, energy = -0.47929432652380594
  |->  par_lens = 118, 121, 118
