[ITP]: 10000.471108571397
[ITP]: 0.022107823405609905
[ITP]: 0.004976805475414736
[ITP]: 0.0021058954092971205
[ITP]: 0.001084104546129061
[ITP]: 0.0006160870179273692
[ITP]: 0.0003714642087823128
[ITP]: 0.00023286611963801995
[ITP]: 0.0001500123428329614
[ITP]: 9.857967926441003e-5
[ITP]: 6.57601184761436e-5
[ITP]: 4.43786526744816e-5
[ITP]: 3.022437766897479e-5
[ITP]: 2.0735965556739622e-5
[ITP]: 1.4311264988853267e-5
[ITP]: 9.92563006574354e-6
[ITP]: 6.9119921211058255e-6
[ITP]: 4.82976755122877e-6
[ITP]: 3.384510666504248e-6
[ITP]: 2.3775199649023193e-6
[ITP]: 1.6736194445865493e-6
[ITP]: 1.1802274751948616e-6
[ITP]: 8.335748883370186e-7
[ITP]: 5.895273362810372e-7
[ITP]: 4.174150680658073e-7
[ITP]: 2.958509506267859e-7
[ITP]: 2.098764437796774e-7
[ITP]: 1.4900242706339384e-7
[ITP]: 1.0585745457980522e-7
[ITP]: 7.525113565609587e-8
[ITP]: 5.352267851144177e-8
[ITP]: 3.808635307134267e-8
[ITP]: 2.7113442158110956e-8
[ITP]: 1.9309163601377577e-8
[ITP]: 1.3755872219078924e-8
[ITP]: 9.802639699962867e-9
Energy of ground state: -0.5030607411950042
[TDSE] Start TDSE-SH for elliptical polarized laser. It may cost a plenty of time.
[TDSE] Running TDSE-SH-elliptical. step 0, energy = -0.5030607411950033
  |->  par_lens = 2, 2, 2
[TDSE] Running TDSE-SH-elliptical. step 200, energy = -0.5030607411948614
  |->  par_lens = 2, 2, 2
[TDSE] Running TDSE-SH-elliptical. step 400, energy = -0.5030607411947184
  |->  par_lens = 2, 2, 2
[TDSE] Running TDSE-SH-elliptical. step 600, energy = -0.5030607411945067
  |->  par_lens = 2, 2, 2
[TDSE] Running TDSE-SH-elliptical. step 800, energy = -0.5030607411941066
  |->  par_lens = 2, 2, 2
[TDSE] Running TDSE-SH-elliptical. step 1000, energy = -0.5030607411931539
  |->  par_lens = 2, 2, 2
[TDSE] Running TDSE-SH-elliptical. step 1200, energy = -0.5030607411910694
  |->  par_lens = 2, 2, 2
[TDSE] Running TDSE-SH-elliptical. step 1400, energy = -0.5030607411870123
  |->  par_lens = 2, 2, 2
[TDSE] Running TDSE-SH-elliptical. step 1600, energy = -0.5030607411799659
  |->  par_lens = 2, 2, 2
[TDSE] Running TDSE-SH-elliptical. step 1800, energy = -0.5030607411687247
  |->  par_lens = 2, 2, 2
[TDSE] Running TDSE-SH-elliptical. step 2000, energy = -0.5030607411521076
  |->  par_lens = 2, 2, 2
[TDSE] Running TDSE-SH-elliptical. step 2200, energy = -0.5030607411288791
  |->  par_lens = 2, 2, 2
[TDSE] Running TDSE-SH-elliptical. step 2400, energy = -0.5030607410982114
  |->  par_lens = 2, 2, 2
[TDSE] Running TDSE-SH-elliptical. step 2600, energy = -0.5030607410592948
  |->  par_lens = 2, 2, 2
[TDSE] Running TDSE-SH-elliptical. step 2800, energy = -0.5030607410121649
  |->  par_lens = 2, 2, 2
[TDSE] Running TDSE-SH-elliptical. step 3000, energy = -0.5030607409566837
  |->  par_lens = 2, 2, 2
[TDSE] Running TDSE-SH-elliptical. step 3200, energy = -0.5030607408942945
  |->  par_lens = 2, 2, 2
[TDSE] Running TDSE-SH-elliptical. step 3400, energy = -0.5030607408253496
  |->  par_lens = 2, 2, 2
[TDSE] Running TDSE-SH-elliptical. step 3600, energy = -0.5030607407525901
  |->  par_lens = 2, 2, 2
[TDSE] Running TDSE-SH-elliptical. step 3800, energy = -0.5030607406770881
  |->  par_lens = 2, 2, 2
[TDSE] Running TDSE-SH-elliptical. step 4000, energy = -0.5030607406020985
  |->  par_lens = 2, 2, 2
[TDSE] Running TDSE-SH-elliptical. step 4200, energy = -0.503060740528718
  |->  par_lens = 2, 2, 2
[TDSE] Running TDSE-SH-elliptical. step 4400, energy = -0.5030607404607221
  |->  par_lens = 2, 2, 2
[TDSE] Running TDSE-SH-elliptical. step 4600, energy = -0.5030607403985986
  |->  par_lens = 2, 2, 2
[TDSE] Running TDSE-SH-elliptical. step 4800, energy = -0.5030607403449731
  |->  par_lens = 2, 2, 2
[TDSE] Running TDSE-SH-elliptical. step 5000, energy = -0.5030607403004627
  |->  par_lens = 2, 2, 2
[TDSE] Running TDSE-SH-elliptical. step 5200, energy = -0.5030607402658088
  |->  par_lens = 2, 2, 2
[TDSE] Running TDSE-SH-elliptical. step 5400, energy = -0.5030607402406426
  |->  par_lens = 2, 2, 2
[TDSE] Running TDSE-SH-elliptical. step 5600, energy = -0.5030607402243598
  |->  par_lens = 2, 2, 2
[TDSE] Running TDSE-SH-elliptical. step 5800, energy = -0.503060740215574
  |->  par_lens = 2, 2, 2
[TDSE] Running TDSE-SH-elliptical. step 6000, energy = -0.5030607402120796
  |->  par_lens = 2, 2, 2
[TDSE] Running TDSE-SH-elliptical. step 6200, energy = -0.5030607402119087
  |->  par_lens = 2, 2, 2
[TDSE] Running TDSE-SH-elliptical. step 6400, energy = -0.5030607402112311
  |->  par_lens = 2, 2, 2
[TDSE] Running TDSE-SH-elliptical. step 6600, energy = -0.5030607402078736
  |->  par_lens = 2, 2, 2
[TDSE] Running TDSE-SH-elliptical. step 6800, energy = -0.5030607401970723
  |->  par_lens = 2, 2, 2
[TDSE] Running TDSE-SH-elliptical. step 7000, energy = -0.5030607401752191
  |->  par_lens = 2, 2, 2
[TDSE] Running TDSE-SH-elliptical. step 7200, energy = -0.5030607401367528
  |->  par_lens = 2, 2, 2
[TDSE] Running TDSE-SH-elliptical. step 7400, energy = -0.5030607400771123
  |->  par_lens = 2, 2, 2
[TDSE] Running TDSE-SH-elliptical. step 7600, energy = -0.5030607399872539
  |->  par_lens = 2, 2, 2
[TDSE] Running TDSE-SH-elliptical. step 7800, energy = -0.5030607398600389
  |->  par_lens = 2, 2, 2
[TDSE] Running TDSE-SH-elliptical. step 8000, energy = -0.5030607396823853
  |->  par_lens = 2, 2, 2
[TDSE] Running TDSE-SH-elliptical. step 8200, energy = -0.5030607394404913
  |->  par_lens = 2, 2, 2
[TDSE] Running TDSE-SH-elliptical. step 8400, energy = -0.5030607391139976
  |->  par_lens = 2, 2, 2
[TDSE] Running TDSE-SH-elliptical. step 8600, energy = -0.5030607386786893
  |->  par_lens = 2, 2, 2
[TDSE] Running TDSE-SH-elliptical. step 8800, energy = -0.5030607381037512
  |->  par_lens = 2, 2, 2
[TDSE] Running TDSE-SH-elliptical. step 9000, energy = -0.5030607373477611
  |->  par_lens = 2, 2, 2
[TDSE] Running TDSE-SH-elliptical. step 9200, energy = -0.5030607363672878
  |->  par_lens = 2, 2, 2
[TDSE] Running TDSE-SH-elliptical. step 9400, energy = -0.5030607350955236
  |->  par_lens = 2, 2, 2
[TDSE] Running TDSE-SH-elliptical. step 9600, energy = -0.5030607334756434
  |->  par_lens = 2, 2, 2
[TDSE] Running TDSE-SH-elliptical. step 9800, energy = -0.5030607314083263
  |->  par_lens = 2, 2, 2
[TDSE] Running TDSE-SH-elliptical. step 10000, energy = -0.503060728822264
  |->  par_lens = 2, 2, 2
[TDSE] Running TDSE-SH-elliptical. step 10200, energy = -0.5030607207760945
  |->  par_lens = 2, 2, 2
[TDSE] Running TDSE-SH-elliptical. step 10400, energy = -0.5030606089564885
  |->  par_lens = 2, 2, 2
[TDSE] Running TDSE-SH-elliptical. step 10600, energy = -0.5030600392784668
  |->  par_lens = 2, 2, 2
[TDSE] Running TDSE-SH-elliptical. step 10800, energy = -0.503057920986825
  |->  par_lens = 2, 2, 2
[TDSE] Running TDSE-SH-elliptical. step 11000, energy = -0.5030501441077416
  |->  par_lens = 3, 3, 2
[TDSE] Running TDSE-SH-elliptical. step 11200, energy = -0.5030271799642912
  |->  par_lens = 4, 3, 3
[TDSE] Running TDSE-SH-elliptical. step 11400, energy = -0.5029798561701198
  |->  par_lens = 4, 3, 3
[TDSE] Running TDSE-SH-elliptical. step 11600, energy = -0.5029137509520687
  |->  par_lens = 4, 4, 3
[TDSE] Running TDSE-SH-elliptical. step 11800, energy = -0.5028519169738003
  |->  par_lens = 4, 4, 4
[TDSE] Running TDSE-SH-elliptical. step 12000, energy = -0.502788206765027
  |->  par_lens = 5, 4, 4
[TDSE] Running TDSE-SH-elliptical. step 12200, energy = -0.5026582093537539
  |->  par_lens = 5, 5, 5
[TDSE] Running TDSE-SH-elliptical. step 12400, energy = -0.5023818172712919
  |->  par_lens = 5, 5, 6
[TDSE] Running TDSE-SH-elliptical. step 12600, energy = -0.5020081164127401
  |->  par_lens = 6, 6, 6
[TDSE] Running TDSE-SH-elliptical. step 12800, energy = -0.5017283749825778
  |->  par_lens = 6, 6, 6
[TDSE] Running TDSE-SH-elliptical. step 13000, energy = -0.5016692747955251
  |->  par_lens = 6, 6, 7
[TDSE] Running TDSE-SH-elliptical. step 13200, energy = -0.5015946860463805
  |->  par_lens = 7, 6, 7
[TDSE] Running TDSE-SH-elliptical. step 13400, energy = -0.5010447050328164
  |->  par_lens = 7, 6, 7
[TDSE] Running TDSE-SH-elliptical. step 13600, energy = -0.4998761621257492
  |->  par_lens = 8, 8, 8
[TDSE] Running TDSE-SH-elliptical. step 13800, energy = -0.49865524088647334
  |->  par_lens = 9, 10, 8
[TDSE] Running TDSE-SH-elliptical. step 14000, energy = -0.498155072297181
  |->  par_lens = 9, 10, 9
[TDSE] Running TDSE-SH-elliptical. step 14200, energy = -0.4982497432458574
  |->  par_lens = 9, 10, 10
[TDSE] Running TDSE-SH-elliptical. step 14400, energy = -0.4977383822129098
  |->  par_lens = 10, 10, 10
[TDSE] Running TDSE-SH-elliptical. step 14600, energy = -0.4955204152140027
  |->  par_lens = 12, 10, 11
[TDSE] Running TDSE-SH-elliptical. step 14800, energy = -0.49237968155578227
  |->  par_lens = 13, 11, 11
[TDSE] Running TDSE-SH-elliptical. step 15000, energy = -0.4904386387239307
  |->  par_lens = 14, 14, 12
[TDSE] Running TDSE-SH-elliptical. step 15200, energy = -0.4909206573040031
  |->  par_lens = 13, 14, 16
[TDSE] Running TDSE-SH-elliptical. step 15400, energy = -0.491881229188334
  |->  par_lens = 15, 14, 16
[TDSE] Running TDSE-SH-elliptical. step 15600, energy = -0.4900337626965712
  |->  par_lens = 17, 15, 16
[TDSE] Running TDSE-SH-elliptical. step 15800, energy = -0.48455850662252814
  |->  par_lens = 18, 15, 17
[TDSE] Running TDSE-SH-elliptical. step 16000, energy = -0.4790744799937633
  |->  par_lens = 19, 20, 17
[TDSE] Running TDSE-SH-elliptical. step 16200, energy = -0.47775530916984
  |->  par_lens = 19, 21, 21
[TDSE] Running TDSE-SH-elliptical. step 16400, energy = -0.48011954597049983
  |->  par_lens = 23, 21, 24
[TDSE] Running TDSE-SH-elliptical. step 16600, energy = -0.4802000442077199
  |->  par_lens = 25, 22, 24
[TDSE] Running TDSE-SH-elliptical. step 16800, energy = -0.47334903446214016
  |->  par_lens = 24, 22, 25
[TDSE] Running TDSE-SH-elliptical. step 17000, energy = -0.4625622082081223
  |->  par_lens = 28, 28, 26
[TDSE] Running TDSE-SH-elliptical. step 17200, energy = -0.45656414729263295
  |->  par_lens = 30, 31, 28
[TDSE] Running TDSE-SH-elliptical. step 17400, energy = -0.4595891095797044
  |->  par_lens = 34, 33, 32
[TDSE] Running TDSE-SH-elliptical. step 17600, energy = -0.4652988316037598
  |->  par_lens = 35, 35, 36
[TDSE] Running TDSE-SH-elliptical. step 17800, energy = -0.4624480282584
  |->  par_lens = 36, 35, 36
[TDSE] Running TDSE-SH-elliptical. step 18000, energy = -0.4485547635022262
  |->  par_lens = 36, 36, 39
[TDSE] Running TDSE-SH-elliptical. step 18200, energy = -0.4343493476503305
  |->  par_lens = 41, 39, 39
[TDSE] Running TDSE-SH-elliptical. step 18400, energy = -0.4322747033676292
  |->  par_lens = 44, 43, 44
[TDSE] Running TDSE-SH-elliptical. step 18600, energy = -0.44091827151117435
  |->  par_lens = 49, 48, 48
[TDSE] Running TDSE-SH-elliptical. step 18800, energy = -0.44467863118322626
  |->  par_lens = 50, 51, 49
[TDSE] Running TDSE-SH-elliptical. step 19000, energy = -0.43102049837931133
  |->  par_lens = 52, 52, 51
[TDSE] Running TDSE-SH-elliptical. step 19200, energy = -0.40741337507263004
  |->  par_lens = 54, 55, 53
[TDSE] Running TDSE-SH-elliptical. step 19400, energy = -0.3947890081985643
  |->  par_lens = 58, 59, 58
[TDSE] Running TDSE-SH-elliptical. step 19600, energy = -0.40327834770144944
  |->  par_lens = 66, 66, 66
[TDSE] Running TDSE-SH-elliptical. step 19800, energy = -0.41907581809134375
  |->  par_lens = 75, 74, 73
[TDSE] Running TDSE-SH-elliptical. step 20000, energy = -0.4175882925380362
  |->  par_lens = 77, 76, 73
[TDSE] Running TDSE-SH-elliptical. step 20200, energy = -0.39263310398330376
  |->  par_lens = 78, 74, 76
[TDSE] Running TDSE-SH-elliptical. step 20400, energy = -0.3665886652231258
  |->  par_lens = 79, 79, 76
[TDSE] Running TDSE-SH-elliptical. step 20600, energy = -0.36421979206764
  |->  par_lens = 85, 84, 80
[TDSE] Running TDSE-SH-elliptical. step 20800, energy = -0.38307964594356525
  |->  par_lens = 97, 96, 93
[TDSE] Running TDSE-SH-elliptical. step 21000, energy = -0.39449631705150473
  |->  par_lens = 101, 100, 100
[TDSE] Running TDSE-SH-elliptical. step 21200, energy = -0.3741811060982465
  |->  par_lens = 102, 101, 99
[TDSE] Running TDSE-SH-elliptical. step 21400, energy = -0.3351511894626813
  |->  par_lens = 103, 102, 103
[TDSE] Running TDSE-SH-elliptical. step 21600, energy = -0.31526782457001834
  |->  par_lens = 107, 105, 106
[TDSE] Running TDSE-SH-elliptical. step 21800, energy = -0.33140250606230953
  |->  par_lens = 120, 118, 120
[TDSE] Running TDSE-SH-elliptical. step 22000, energy = -0.3612205552859923
  |->  par_lens = 130, 129, 129
[TDSE] Running TDSE-SH-elliptical. step 22200, energy = -0.3646247945935083
  |->  par_lens = 133, 130, 134
[TDSE] Running TDSE-SH-elliptical. step 22400, energy = -0.3296562195321497
  |->  par_lens = 136, 130, 139
[TDSE] Running TDSE-SH-elliptical. step 22600, energy = -0.2919261380087361
  |->  par_lens = 136, 133, 138
[TDSE] Running TDSE-SH-elliptical. step 22800, energy = -0.2906440050192116
  |->  par_lens = 138, 142, 140
[TDSE] Running TDSE-SH-elliptical. step 23000, energy = -0.32106899769659075
  |->  par_lens = 148, 150, 149
[TDSE] Running TDSE-SH-elliptical. step 23200, energy = -0.3423886803414411
  |->  par_lens = 160, 158, 157
[TDSE] Running TDSE-SH-elliptical. step 23400, energy = -0.3184265077771465
  |->  par_lens = 160, 161, 159
[TDSE] Running TDSE-SH-elliptical. step 23600, energy = -0.26622548575454125
  |->  par_lens = 160, 165, 162
[TDSE] Running TDSE-SH-elliptical. step 23800, energy = -0.24068943122471717
  |->  par_lens = 169, 170, 167
[TDSE] Running TDSE-SH-elliptical. step 24000, energy = -0.2650599574554356
  |->  par_lens = 180, 179, 179
[TDSE] Running TDSE-SH-elliptical. step 24200, energy = -0.3085133594109423
  |->  par_lens = 197, 197, 195
[TDSE] Running TDSE-SH-elliptical. step 24400, energy = -0.3194378625500283
  |->  par_lens = 204, 201, 200
[TDSE] Running TDSE-SH-elliptical. step 24600, energy = -0.27974886506571167
  |->  par_lens = 203, 203, 201
[TDSE] Running TDSE-SH-elliptical. step 24800, energy = -0.23457516249550384
  |->  par_lens = 203, 202, 203
[TDSE] Running TDSE-SH-elliptical. step 25000, energy = -0.2352665560058534
  |->  par_lens = 205, 203, 206
[TDSE] Running TDSE-SH-elliptical. step 25200, energy = -0.2749620751530325
  |->  par_lens = 211, 212, 213
[TDSE] Running TDSE-SH-elliptical. step 25400, energy = -0.3050808763562392
  |->  par_lens = 221, 220, 220
[TDSE] Running TDSE-SH-elliptical. step 25600, energy = -0.28240103915824727
  |->  par_lens = 223, 223, 223
[TDSE] Running TDSE-SH-elliptical. step 25800, energy = -0.22477529718702877
  |->  par_lens = 227, 223, 230
[TDSE] Running TDSE-SH-elliptical. step 26000, energy = -0.1969739430693774
  |->  par_lens = 230, 232, 229
[TDSE] Running TDSE-SH-elliptical. step 26200, energy = -0.2266546747758689
  |->  par_lens = 235, 240, 239
[TDSE] Running TDSE-SH-elliptical. step 26400, energy = -0.27880583155770516
  |->  par_lens = 254, 250, 249
[TDSE] Running TDSE-SH-elliptical. step 26600, energy = -0.2977212447644533
  |->  par_lens = 253, 252, 251
[TDSE] Running TDSE-SH-elliptical. step 26800, energy = -0.2616305600629006
  |->  par_lens = 250, 251, 253
[TDSE] Running TDSE-SH-elliptical. step 27000, energy = -0.21709086743251618
  |->  par_lens = 247, 251, 253
[TDSE] Running TDSE-SH-elliptical. step 27200, energy = -0.21926927624920386
  |->  par_lens = 248, 239, 249
[TDSE] Running TDSE-SH-elliptical. step 27400, energy = -0.26186202290392047
  |->  par_lens = 247, 246, 252
[TDSE] Running TDSE-SH-elliptical. step 27600, energy = -0.2966209162093448
  |->  par_lens = 257, 256, 258
[TDSE] Running TDSE-SH-elliptical. step 27800, energy = -0.2799828468096489
  |->  par_lens = 256, 257, 261
[TDSE] Running TDSE-SH-elliptical. step 28000, energy = -0.22763475639906988
  |->  par_lens = 256, 254, 261
[TDSE] Running TDSE-SH-elliptical. step 28200, energy = -0.20225690021454198
  |->  par_lens = 259, 259, 260
[TDSE] Running TDSE-SH-elliptical. step 28400, energy = -0.23158645254031351
  |->  par_lens = 266, 268, 267
[TDSE] Running TDSE-SH-elliptical. step 28600, energy = -0.28432404336792677
  |->  par_lens = 277, 271, 274
[TDSE] Running TDSE-SH-elliptical. step 28800, energy = -0.3090231787948152
  |->  par_lens = 274, 271, 273
[TDSE] Running TDSE-SH-elliptical. step 29000, energy = -0.2836214717659731
  |->  par_lens = 271, 271, 276
[TDSE] Running TDSE-SH-elliptical. step 29200, energy = -0.24797121490894403
  |->  par_lens = 272, 270, 269
[TDSE] Running TDSE-SH-elliptical. step 29400, energy = -0.2505507473543472
  |->  par_lens = 268, 267, 264
[TDSE] Running TDSE-SH-elliptical. step 29600, energy = -0.28835662621126007
  |->  par_lens = 261, 266, 264
[TDSE] Running TDSE-SH-elliptical. step 29800, energy = -0.32184809847429113
  |->  par_lens = 270, 267, 265
[TDSE] Running TDSE-SH-elliptical. step 30000, energy = -0.3130938942806504
  |->  par_lens = 271, 265, 266
[TDSE] Running TDSE-SH-elliptical. step 30200, energy = -0.2738915939828419
  |->  par_lens = 268, 269, 267
[TDSE] Running TDSE-SH-elliptical. step 30400, energy = -0.2543609004178303
  |->  par_lens = 267, 268, 272
[TDSE] Running TDSE-SH-elliptical. step 30600, energy = -0.27798042681704044
  |->  par_lens = 279, 275, 276
[TDSE] Running TDSE-SH-elliptical. step 30800, energy = -0.32339163721591024
  |->  par_lens = 280, 279, 287
[TDSE] Running TDSE-SH-elliptical. step 31000, energy = -0.34918126109621483
  |->  par_lens = 281, 281, 280
[TDSE] Running TDSE-SH-elliptical. step 31200, energy = -0.3363793836805983
  |->  par_lens = 278, 280, 277
[TDSE] Running TDSE-SH-elliptical. step 31400, energy = -0.3134912906460589
  |->  par_lens = 277, 271, 272
[TDSE] Running TDSE-SH-elliptical. step 31600, energy = -0.31532666649896074
  |->  par_lens = 266, 264, 265
[TDSE] Running TDSE-SH-elliptical. step 31800, energy = -0.34323444692850696
  |->  par_lens = 258, 261, 267
[TDSE] Running TDSE-SH-elliptical. step 32000, energy = -0.36974402949472945
  |->  par_lens = 255, 261, 269
[TDSE] Running TDSE-SH-elliptical. step 32200, energy = -0.36690451235182076
  |->  par_lens = 259, 269, 272
[TDSE] Running TDSE-SH-elliptical. step 32400, energy = -0.34262894989981757
  |->  par_lens = 267, 266, 263
[TDSE] Running TDSE-SH-elliptical. step 32600, energy = -0.32973016689391516
  |->  par_lens = 269, 267, 271
[TDSE] Running TDSE-SH-elliptical. step 32800, energy = -0.3457227195469891
  |->  par_lens = 281, 270, 268
[TDSE] Running TDSE-SH-elliptical. step 33000, energy = -0.3784820894790423
  |->  par_lens = 280, 275, 280
[TDSE] Running TDSE-SH-elliptical. step 33200, energy = -0.3996074983101212
  |->  par_lens = 281, 282, 283
[TDSE] Running TDSE-SH-elliptical. step 33400, energy = -0.3965596410843651
  |->  par_lens = 276, 278, 283
[TDSE] Running TDSE-SH-elliptical. step 33600, energy = -0.3852600856104955
  |->  par_lens = 270, 271, 273
[TDSE] Running TDSE-SH-elliptical. step 33800, energy = -0.38673963353040747
  |->  par_lens = 263, 263, 268
[TDSE] Running TDSE-SH-elliptical. step 34000, energy = -0.4034825586771203
  |->  par_lens = 260, 255, 259
[TDSE] Running TDSE-SH-elliptical. step 34200, energy = -0.41944740262469193
  |->  par_lens = 252, 247, 256
[TDSE] Running TDSE-SH-elliptical. step 34400, energy = -0.41915099942578404
  |->  par_lens = 258, 252, 251
[TDSE] Running TDSE-SH-elliptical. step 34600, energy = -0.4070052604743714
  |->  par_lens = 261, 262, 253
[TDSE] Running TDSE-SH-elliptical. step 34800, energy = -0.40039489300669184
  |->  par_lens = 264, 270, 262
[TDSE] Running TDSE-SH-elliptical. step 35000, energy = -0.4095539607419159
  |->  par_lens = 271, 270, 269
[TDSE] Running TDSE-SH-elliptical. step 35200, energy = -0.4281219176705121
  |->  par_lens = 276, 273, 275
[TDSE] Running TDSE-SH-elliptical. step 35400, energy = -0.4415871289403893
  |->  par_lens = 277, 277, 274
[TDSE] Running TDSE-SH-elliptical. step 35600, energy = -0.44336015074774987
  |->  par_lens = 273, 272, 271
[TDSE] Running TDSE-SH-elliptical. step 35800, energy = -0.44025217621498475
  |->  par_lens = 270, 266, 270
[TDSE] Running TDSE-SH-elliptical. step 36000, energy = -0.4415426891733049
  |->  par_lens = 265, 262, 264
[TDSE] Running TDSE-SH-elliptical. step 36200, energy = -0.44887216640567573
  |->  par_lens = 259, 247, 255
[TDSE] Running TDSE-SH-elliptical. step 36400, energy = -0.4553937479234929
  |->  par_lens = 252, 245, 251
[TDSE] Running TDSE-SH-elliptical. step 36600, energy = -0.4554330204447038
  |->  par_lens = 247, 249, 249
[TDSE] Running TDSE-SH-elliptical. step 36800, energy = -0.4508205801392744
  |->  par_lens = 253, 254, 258
[TDSE] Running TDSE-SH-elliptical. step 37000, energy = -0.44857404262204514
  |->  par_lens = 255, 259, 261
[TDSE] Running TDSE-SH-elliptical. step 37200, energy = -0.4524475135310213
  |->  par_lens = 262, 263, 264
[TDSE] Running TDSE-SH-elliptical. step 37400, energy = -0.4602238001505217
  |->  par_lens = 263, 264, 267
[TDSE] Running TDSE-SH-elliptical. step 37600, energy = -0.46658530765116485
  |->  par_lens = 266, 265, 268
[TDSE] Running TDSE-SH-elliptical. step 37800, energy = -0.4690590501338353
  |->  par_lens = 266, 263, 261
[TDSE] Running TDSE-SH-elliptical. step 38000, energy = -0.4694018848148737
  |->  par_lens = 262, 258, 257
[TDSE] Running TDSE-SH-elliptical. step 38200, energy = -0.4702360557911843
  |->  par_lens = 252, 249, 250
[TDSE] Running TDSE-SH-elliptical. step 38400, energy = -0.4720482654735441
  |->  par_lens = 246, 240, 232
[TDSE] Running TDSE-SH-elliptical. step 38600, energy = -0.4733822718395552
  |->  par_lens = 237, 235, 225
[TDSE] Running TDSE-SH-elliptical. step 38800, energy = -0.47301782728602615
  |->  par_lens = 228, 230, 220
[TDSE] Running TDSE-SH-elliptical. step 39000, energy = -0.47178110513021976
  |->  par_lens = 229, 230, 218
[TDSE] Running TDSE-SH-elliptical. step 39200, energy = -0.47129088183451273
  |->  par_lens = 231, 226, 219
[TDSE] Running TDSE-SH-elliptical. step 39400, energy = -0.47233483386661823
  |->  par_lens = 234, 225, 222
[TDSE] Running TDSE-SH-elliptical. step 39600, energy = -0.4744032997048633
  |->  par_lens = 232, 227, 228
[TDSE] Running TDSE-SH-elliptical. step 39800, energy = -0.4762890170567538
  |->  par_lens = 231, 227, 228
[TDSE] Running TDSE-SH-elliptical. step 40000, energy = -0.47748748977928646
  |->  par_lens = 228, 223, 226
[TDSE] Running TDSE-SH-elliptical. step 40200, energy = -0.47806255000896575
  |->  par_lens = 224, 222, 223
[TDSE] Running TDSE-SH-elliptical. step 40400, energy = -0.4783326809662672
  |->  par_lens = 216, 216, 216
[TDSE] Running TDSE-SH-elliptical. step 40600, energy = -0.47843078340471373
  |->  par_lens = 212, 212, 211
[TDSE] Running TDSE-SH-elliptical. step 40800, energy = -0.4783260578753402
  |->  par_lens = 208, 207, 206
[TDSE] Running TDSE-SH-elliptical. step 41000, energy = -0.47807995533362624
  |->  par_lens = 202, 207, 204
[TDSE] Running TDSE-SH-elliptical. step 41200, energy = -0.4778829680171492
  |->  par_lens = 204, 202, 202
[TDSE] Running TDSE-SH-elliptical. step 41400, energy = -0.4778323435398736
  |->  par_lens = 203, 203, 201
[TDSE] Running TDSE-SH-elliptical. step 41600, energy = -0.47798223158120257
  |->  par_lens = 205, 203, 201
[TDSE] Running TDSE-SH-elliptical. step 41800, energy = -0.47820440667266273
  |->  par_lens = 207, 203, 203
[TDSE] Running TDSE-SH-elliptical. step 42000, energy = -0.47843928522000434
  |->  par_lens = 207, 205, 202
[TDSE] Running TDSE-SH-elliptical. step 42200, energy = -0.47861485307779345
  |->  par_lens = 207, 205, 202
[TDSE] Running TDSE-SH-elliptical. step 42400, energy = -0.47872771848256673
  |->  par_lens = 207, 204, 202
[TDSE] Running TDSE-SH-elliptical. step 42600, energy = -0.4787938600068618
  |->  par_lens = 207, 204, 203
[TDSE] Running TDSE-SH-elliptical. step 42800, energy = -0.47886581296873804
  |->  par_lens = 207, 205, 202
[TDSE] Running TDSE-SH-elliptical. step 43000, energy = -0.47895245174068773
  |->  par_lens = 208, 204, 202
[TDSE] Running TDSE-SH-elliptical. step 43200, energy = -0.47904228864673526
  |->  par_lens = 209, 205, 204
[TDSE] Running TDSE-SH-elliptical. step 43400, energy = -0.4791349596863921
  |->  par_lens = 208, 205, 202
[TDSE] Running TDSE-SH-elliptical. step 43600, energy = -0.47923313916935184
  |->  par_lens = 208, 205, 202
[TDSE] Running TDSE-SH-elliptical. step 43800, energy = -0.47934512125614614
  |->  par_lens = 209, 205, 204
[TDSE] Running TDSE-SH-elliptical. step 44000, energy = -0.479454666846346
  |->  par_lens = 209, 206, 204
[TDSE] Running TDSE-SH-elliptical. step 44200, energy = -0.47957426597889763
  |->  par_lens = 209, 207, 205
[TDSE] Running TDSE-SH-elliptical. step 44400, energy = -0.4796837992461478
  |->  par_lens = 210, 207, 206
[TDSE] Running TDSE-SH-elliptical. step 44600, energy = -0.4798078375904712
  |->  par_lens = 212, 209, 207
[TDSE] Running TDSE-SH-elliptical. step 44800, energy = -0.479933227958821
  |->  par_lens = 210, 211, 206
[TDSE] Running TDSE-SH-elliptical. step 45000, energy = -0.4800944927146187
  |->  par_lens = 210, 212, 207
[TDSE] Running TDSE-SH-elliptical. step 45200, energy = -0.4802453361053749
  |->  par_lens = 209, 211, 209
[TDSE] Running TDSE-SH-elliptical. step 45400, energy = -0.4803912782769186
  |->  par_lens = 212, 211, 210
[TDSE] Running TDSE-SH-elliptical. step 45600, energy = -0.48050334787439625
  |->  par_lens = 214, 211, 210
[TDSE] Running TDSE-SH-elliptical. step 45800, energy = -0.48063271467106594
  |->  par_lens = 216, 213, 210
[TDSE] Running TDSE-SH-elliptical. step 46000, energy = -0.4807626416954768
  |->  par_lens = 217, 213, 212
[TDSE] Running TDSE-SH-elliptical. step 46200, energy = -0.48092823792900613
  |->  par_lens = 218, 214, 211
[TDSE] Running TDSE-SH-elliptical. step 46400, energy = -0.48108665530144185
  |->  par_lens = 217, 214, 211
[TDSE] Running TDSE-SH-elliptical. step 46600, energy = -0.4812599435878179
  |->  par_lens = 218, 218, 212
[TDSE] Running TDSE-SH-elliptical. step 46800, energy = -0.481422641271371
  |->  par_lens = 217, 218, 213
[TDSE] Running TDSE-SH-elliptical. step 47000, energy = -0.4815872699003555
  |->  par_lens = 217, 219, 212
[TDSE] Running TDSE-SH-elliptical. step 47200, energy = -0.48172062582128516
  |->  par_lens = 217, 219, 212
[TDSE] Running TDSE-SH-elliptical. step 47400, energy = -0.481851563011686
  |->  par_lens = 219, 219, 216
[TDSE] Running TDSE-SH-elliptical. step 47600, energy = -0.48197505536765217
  |->  par_lens = 218, 219, 216
[TDSE] Running TDSE-SH-elliptical. step 47800, energy = -0.4821081001137462
  |->  par_lens = 219, 220, 216
[TDSE] Running TDSE-SH-elliptical. step 48000, energy = -0.4822601646596962
  |->  par_lens = 220, 221, 218
[TDSE] Running TDSE-SH-elliptical. step 48200, energy = -0.4824380160197613
  |->  par_lens = 221, 222, 217
[TDSE] Running TDSE-SH-elliptical. step 48400, energy = -0.48262650893963494
  |->  par_lens = 221, 223, 218
[TDSE] Running TDSE-SH-elliptical. step 48600, energy = -0.4827868976105535
  |->  par_lens = 222, 224, 220
[TDSE] Running TDSE-SH-elliptical. step 48800, energy = -0.48291078172359525
  |->  par_lens = 222, 224, 222
[TDSE] Running TDSE-SH-elliptical. step 49000, energy = -0.482996818073063
  |->  par_lens = 223, 224, 222
[TDSE] Running TDSE-SH-elliptical. step 49200, energy = -0.48309219938900966
  |->  par_lens = 225, 224, 222
[TDSE] Running TDSE-SH-elliptical. step 49400, energy = -0.4831868890745848
  |->  par_lens = 225, 225, 222
[TDSE] Running TDSE-SH-elliptical. step 49600, energy = -0.48331406014464695
  |->  par_lens = 226, 227, 224
[TDSE] Running TDSE-SH-elliptical. step 49800, energy = -0.48344586291206826
  |->  par_lens = 226, 227, 225
[TDSE] Running TDSE-SH-elliptical. step 50000, energy = -0.4836104137564918
  |->  par_lens = 227, 230, 226
[TDSE] Running TDSE-SH-elliptical. step 50200, energy = -0.48376033754768444
  |->  par_lens = 228, 231, 228
[TDSE] Running TDSE-SH-elliptical. step 50400, energy = -0.48391612589214417
  |->  par_lens = 229, 231, 228
[TDSE] Running TDSE-SH-elliptical. step 50600, energy = -0.48403289102013036
  |->  par_lens = 230, 231, 229
[TDSE] Running TDSE-SH-elliptical. step 50800, energy = -0.4841478298816864
  |->  par_lens = 231, 232, 230
[TDSE] Running TDSE-SH-elliptical. step 51000, energy = -0.484221616415743
  |->  par_lens = 232, 234, 232
[TDSE] Running TDSE-SH-elliptical. step 51200, energy = -0.48429705328927625
  |->  par_lens = 236, 235, 232
[TDSE] Running TDSE-SH-elliptical. step 51400, energy = -0.48435616186310754
  |->  par_lens = 237, 236, 234
[TDSE] Running TDSE-SH-elliptical. step 51600, energy = -0.4844381836590693
  |->  par_lens = 237, 237, 234
[TDSE] Running TDSE-SH-elliptical. step 51800, energy = -0.484506984425655
  |->  par_lens = 237, 235, 234
[TDSE] Running TDSE-SH-elliptical. step 52000, energy = -0.48458376434036926
  |->  par_lens = 239, 237, 234
[TDSE] Running TDSE-SH-elliptical. step 52200, energy = -0.48464511219406303
  |->  par_lens = 242, 239, 235
[TDSE] Running TDSE-SH-elliptical. step 52400, energy = -0.4847182965143098
  |->  par_lens = 243, 240, 235
[TDSE] Running TDSE-SH-elliptical. step 52600, energy = -0.48480123743922626
  |->  par_lens = 245, 242, 237
[TDSE] Running TDSE-SH-elliptical. step 52800, energy = -0.48490753368307976
  |->  par_lens = 245, 244, 240
[TDSE] Running TDSE-SH-elliptical. step 53000, energy = -0.4850280766253795
  |->  par_lens = 246, 244, 239
[TDSE] Running TDSE-SH-elliptical. step 53200, energy = -0.4851478580973855
  |->  par_lens = 246, 245, 239
[TDSE] Running TDSE-SH-elliptical. step 53400, energy = -0.4852486522262288
  |->  par_lens = 248, 246, 241
[TDSE] Running TDSE-SH-elliptical. step 53600, energy = -0.4853080549328429
  |->  par_lens = 249, 246, 241
[TDSE] Running TDSE-SH-elliptical. step 53800, energy = -0.4853490648562065
  |->  par_lens = 250, 247, 245
[TDSE] Running TDSE-SH-elliptical. step 54000, energy = -0.48536359214909464
  |->  par_lens = 251, 246, 246
[TDSE] Running TDSE-SH-elliptical. step 54200, energy = -0.48538793420857673
  |->  par_lens = 250, 247, 246
[TDSE] Running TDSE-SH-elliptical. step 54400, energy = -0.4853973674028439
  |->  par_lens = 251, 247, 246
[TDSE] Running TDSE-SH-elliptical. step 54600, energy = -0.4854234617820781
  |->  par_lens = 251, 249, 247
[TDSE] Running TDSE-SH-elliptical. step 54800, energy = -0.4854348321949697
  |->  par_lens = 253, 253, 248
[TDSE] Running TDSE-SH-elliptical. step 55000, energy = -0.4854754204319009
  |->  par_lens = 253, 254, 251
[TDSE] Running TDSE-SH-elliptical. step 55200, energy = -0.48550494197807237
  |->  par_lens = 254, 255, 252
[TDSE] Running TDSE-SH-elliptical. step 55400, energy = -0.4855670821920145
  |->  par_lens = 258, 257, 255
[TDSE] Running TDSE-SH-elliptical. step 55600, energy = -0.48561728240986834
  |->  par_lens = 259, 256, 255
[TDSE] Running TDSE-SH-elliptical. step 55800, energy = -0.4856921717032261
  |->  par_lens = 260, 259, 256
[TDSE] Running TDSE-SH-elliptical. step 56000, energy = -0.4857465704234571
  |->  par_lens = 263, 261, 256
[TDSE] Running TDSE-SH-elliptical. step 56200, energy = -0.48581610453939456
  |->  par_lens = 264, 261, 256
[TDSE] Running TDSE-SH-elliptical. step 56400, energy = -0.4858573769907566
  |->  par_lens = 263, 261, 256
[TDSE] Running TDSE-SH-elliptical. step 56600, energy = -0.4859057746804418
  |->  par_lens = 263, 262, 257
[TDSE] Running TDSE-SH-elliptical. step 56800, energy = -0.48592713973843044
  |->  par_lens = 263, 261, 256
[TDSE] Running TDSE-SH-elliptical. step 57000, energy = -0.4859503713313435
  |->  par_lens = 265, 262, 257
[TDSE] Running TDSE-SH-elliptical. step 57200, energy = -0.485957043399208
  |->  par_lens = 266, 262, 256
[TDSE] Running TDSE-SH-elliptical. step 57400, energy = -0.48596719628747753
  |->  par_lens = 265, 263, 258
[TDSE] Running TDSE-SH-elliptical. step 57600, energy = -0.4859684673912787
  |->  par_lens = 267, 264, 259
[TDSE] Running TDSE-SH-elliptical. step 57800, energy = -0.48597305485018377
  |->  par_lens = 265, 264, 260
[TDSE] Running TDSE-SH-elliptical. step 58000, energy = -0.4859773857438254
  |->  par_lens = 267, 265, 264
[TDSE] Running TDSE-SH-elliptical. step 58200, energy = -0.48597772447014465
  |->  par_lens = 267, 266, 264
[TDSE] Running TDSE-SH-elliptical. step 58400, energy = -0.48598490039476416
  |->  par_lens = 270, 266, 267
[TDSE] Running TDSE-SH-elliptical. step 58600, energy = -0.48598145485627736
  |->  par_lens = 271, 268, 268
[TDSE] Running TDSE-SH-elliptical. step 58800, energy = -0.4859884878847033
  |->  par_lens = 270, 270, 269
[TDSE] Running TDSE-SH-elliptical. step 59000, energy = -0.4859831102345305
  |->  par_lens = 270, 270, 271
[TDSE] Running TDSE-SH-elliptical. step 59200, energy = -0.48599538898994743
  |->  par_lens = 270, 272, 272
  Activating project at `~/JuliaProp_v0.1`
[TDSE] Running TDSE-SH-elliptical. step 59400, energy = -0.48599278349448255
  |->  par_lens = 272, 273, 273
[TDSE] Running TDSE-SH-elliptical. step 59600, energy = -0.48601590975308245
  |->  par_lens = 272, 275, 273
[TDSE] Running TDSE-SH-elliptical. step 59800, energy = -0.48602022857340876
  |->  par_lens = 274, 276, 275
[TDSE] Running TDSE-SH-elliptical. step 60000, energy = -0.48605103658732307
  |->  par_lens = 274, 276, 274
[TDSE] Running TDSE-SH-elliptical. step 60200, energy = -0.48606027535880136
  |->  par_lens = 277, 276, 275
[TDSE] Running TDSE-SH-elliptical. step 60400, energy = -0.4860913672329801
  |->  par_lens = 278, 277, 275
[TDSE] Running TDSE-SH-elliptical. step 60600, energy = -0.4860969407229467
  |->  par_lens = 278, 277, 275
[TDSE] Running TDSE-SH-elliptical. step 60800, energy = -0.4861234144953075
  |->  par_lens = 279, 279, 276
[TDSE] Running TDSE-SH-elliptical. step 61000, energy = -0.4861220057562594
  |->  par_lens = 279, 278, 277
[TDSE] Running TDSE-SH-elliptical. step 61200, energy = -0.486139941149527
  |->  par_lens = 280, 279, 278
[TDSE] Running TDSE-SH-elliptical. step 61400, energy = -0.48613566537159675
  |->  par_lens = 282, 279, 283
[TDSE] Running TDSE-SH-elliptical. step 61600, energy = -0.48614596607873983
  |->  par_lens = 283, 279, 286
[TDSE] Running TDSE-SH-elliptical. step 61800, energy = -0.48614028570359147
  |->  par_lens = 285, 281, 288
[TDSE] Running TDSE-SH-elliptical. step 62000, energy = -0.48614722361261403
  |->  par_lens = 285, 281, 288
[TDSE] Running TDSE-SH-elliptical. step 62200, energy = -0.4861415996131628
  |->  par_lens = 287, 282, 289
[TDSE] Running TDSE-SH-elliptical. step 62400, energy = -0.48614390638723143
  |->  par_lens = 287, 284, 290
[TDSE] Running TDSE-SH-elliptical. step 62600, energy = -0.48614078245119674
  |->  par_lens = 287, 286, 292
[TDSE] Running TDSE-SH-elliptical. step 62800, energy = -0.4861376902814081
  |->  par_lens = 288, 287, 292
[TDSE] Running TDSE-SH-elliptical. step 63000, energy = -0.48613698769213187
  |->  par_lens = 289, 288, 292
[TDSE] Running TDSE-SH-elliptical. step 63200, energy = -0.4861294061112761
  |->  par_lens = 290, 288, 293
[TDSE] Running TDSE-SH-elliptical. step 63400, energy = -0.48612946191931505
  |->  par_lens = 292, 290, 293
[TDSE] Running TDSE-SH-elliptical. step 63600, energy = -0.4861192880871438
  |->  par_lens = 293, 290, 293
[TDSE] Running TDSE-SH-elliptical. step 63800, energy = -0.48612150576204555
  |->  par_lens = 294, 291, 294
[TDSE] Running TDSE-SH-elliptical. step 64000, energy = -0.4861060662260956
  |->  par_lens = 294, 293, 293
[TDSE] Running TDSE-SH-elliptical. step 64200, energy = -0.48611179576523006
  |->  par_lens = 296, 294, 293
[TDSE] Running TDSE-SH-elliptical. step 64400, energy = -0.4860943768914819
  |->  par_lens = 297, 295, 295
[TDSE] Running TDSE-SH-elliptical. step 64600, energy = -0.48609975350933027
  |->  par_lens = 296, 295, 296
