[ITP]: 10000.471108571397
[ITP]: 0.022107823405609905
[ITP]: 0.004976805475414736
[ITP]: 0.0021058954092971205
[ITP]: 0.001084104546129061
[ITP]: 0.0006160870179273692
[ITP]: 0.0003714642087823128
[ITP]: 0.00023286611963801995
[ITP]: 0.0001500123428329614
[ITP]: 9.857967926441003e-5
[ITP]: 6.57601184761436e-5
[ITP]: 4.43786526744816e-5
[ITP]: 3.022437766897479e-5
[ITP]: 2.0735965556739622e-5
[ITP]: 1.4311264988853267e-5
[ITP]: 9.92563006574354e-6
[ITP]: 6.9119921211058255e-6
[ITP]: 4.82976755122877e-6
[ITP]: 3.384510666504248e-6
[ITP]: 2.3775199649023193e-6
[ITP]: 1.6736194445865493e-6
[ITP]: 1.1802274751948616e-6
[ITP]: 8.335748883370186e-7
[ITP]: 5.895273362810372e-7
[ITP]: 4.174150680658073e-7
[ITP]: 2.958509506267859e-7
[ITP]: 2.098764437796774e-7
[ITP]: 1.4900242706339384e-7
[ITP]: 1.0585745457980522e-7
[ITP]: 7.525113565609587e-8
[ITP]: 5.352267851144177e-8
[ITP]: 3.808635307134267e-8
[ITP]: 2.7113442158110956e-8
[ITP]: 1.9309163601377577e-8
[ITP]: 1.3755872219078924e-8
[ITP]: 9.802639699962867e-9
Energy of ground state: -0.5030607411950042
[TDSE] Start TDSE-SH for elliptical polarized laser. It may cost a plenty of time.
[TDSE] Running TDSE-SH-elliptical. step 0, energy = -0.5030607411950033
  |->  par_lens = 2, 2, 2
[TDSE] Running TDSE-SH-elliptical. step 200, energy = -0.503060741194861
  |->  par_lens = 2, 2, 2
[TDSE] Running TDSE-SH-elliptical. step 400, energy = -0.5030607411942
  |->  par_lens = 2, 2, 2
[TDSE] Running TDSE-SH-elliptical. step 600, energy = -0.5030607411884671
  |->  par_lens = 2, 2, 2
[TDSE] Running TDSE-SH-elliptical. step 800, energy = -0.5030607411597879
  |->  par_lens = 2, 2, 2
[TDSE] Running TDSE-SH-elliptical. step 1000, energy = -0.5030607410620294
  |->  par_lens = 2, 2, 2
[TDSE] Running TDSE-SH-elliptical. step 1200, energy = -0.5030607408011502
  |->  par_lens = 2, 2, 2
[TDSE] Running TDSE-SH-elliptical. step 1400, energy = -0.5030607402093441
  |->  par_lens = 2, 2, 2
[TDSE] Running TDSE-SH-elliptical. step 1600, energy = -0.5030607390177466
  |->  par_lens = 2, 2, 2
[TDSE] Running TDSE-SH-elliptical. step 1800, energy = -0.5030607368239728
  |->  par_lens = 2, 2, 2
[TDSE] Running TDSE-SH-elliptical. step 2000, energy = -0.5030607330618486
  |->  par_lens = 2, 2, 2
[TDSE] Running TDSE-SH-elliptical. step 2200, energy = -0.5030607269561203
  |->  par_lens = 2, 2, 2
[TDSE] Running TDSE-SH-elliptical. step 2400, energy = -0.5030607175195483
  |->  par_lens = 2, 2, 2
[TDSE] Running TDSE-SH-elliptical. step 2600, energy = -0.5030607034576833
  |->  par_lens = 2, 2, 2
[TDSE] Running TDSE-SH-elliptical. step 2800, energy = -0.5030606832646775
  |->  par_lens = 2, 2, 2
[TDSE] Running TDSE-SH-elliptical. step 3000, energy = -0.503060654935114
  |->  par_lens = 2, 2, 2
[TDSE] Running TDSE-SH-elliptical. step 3200, energy = -0.5030606165007334
  |->  par_lens = 2, 2, 2
[TDSE] Running TDSE-SH-elliptical. step 3400, energy = -0.5030605649708365
  |->  par_lens = 2, 2, 2
[TDSE] Running TDSE-SH-elliptical. step 3600, energy = -0.5030604979807551
  |->  par_lens = 2, 2, 2
[TDSE] Running TDSE-SH-elliptical. step 3800, energy = -0.5030604115275918
  |->  par_lens = 2, 2, 2
[TDSE] Running TDSE-SH-elliptical. step 4000, energy = -0.5030603029136842
  |->  par_lens = 2, 2, 2
[TDSE] Running TDSE-SH-elliptical. step 4200, energy = -0.5030601667454466
  |->  par_lens = 2, 2, 2
[TDSE] Running TDSE-SH-elliptical. step 4400, energy = -0.503060000722384
  |->  par_lens = 2, 2, 2
[TDSE] Running TDSE-SH-elliptical. step 4600, energy = -0.5030597979393973
  |->  par_lens = 2, 2, 2
[TDSE] Running TDSE-SH-elliptical. step 4800, energy = -0.503059555815153
  |->  par_lens = 2, 2, 2
[TDSE] Running TDSE-SH-elliptical. step 5000, energy = -0.503059267449157
  |->  par_lens = 2, 2, 2
[TDSE] Running TDSE-SH-elliptical. step 5200, energy = -0.5030589295978888
  |->  par_lens = 2, 2, 2
[TDSE] Running TDSE-SH-elliptical. step 5400, energy = -0.5030585349617885
  |->  par_lens = 2, 2, 2
[TDSE] Running TDSE-SH-elliptical. step 5600, energy = -0.5030580804028089
  |->  par_lens = 2, 2, 2
[TDSE] Running TDSE-SH-elliptical. step 5800, energy = -0.5030575597250999
  |->  par_lens = 2, 2, 2
[TDSE] Running TDSE-SH-elliptical. step 6000, energy = -0.5030569671882423
  |->  par_lens = 2, 2, 2
[TDSE] Running TDSE-SH-elliptical. step 6200, energy = -0.5030563013517168
  |->  par_lens = 2, 2, 2
[TDSE] Running TDSE-SH-elliptical. step 6400, energy = -0.5030555520387481
  |->  par_lens = 2, 2, 2
[TDSE] Running TDSE-SH-elliptical. step 6600, energy = -0.5030547223595849
  |->  par_lens = 2, 2, 2
[TDSE] Running TDSE-SH-elliptical. step 6800, energy = -0.5030538016380013
  |->  par_lens = 2, 2, 2
[TDSE] Running TDSE-SH-elliptical. step 7000, energy = -0.5030527944693475
  |->  par_lens = 2, 2, 2
[TDSE] Running TDSE-SH-elliptical. step 7200, energy = -0.503051686839654
  |->  par_lens = 2, 2, 2
[TDSE] Running TDSE-SH-elliptical. step 7400, energy = -0.5030504944914828
  |->  par_lens = 4, 3, 3
[TDSE] Running TDSE-SH-elliptical. step 7600, energy = -0.5030491966260673
  |->  par_lens = 4, 3, 3
[TDSE] Running TDSE-SH-elliptical. step 7800, energy = -0.5030478078361853
  |->  par_lens = 4, 3, 3
[TDSE] Running TDSE-SH-elliptical. step 8000, energy = -0.5030463197156861
  |->  par_lens = 4, 3, 3
[TDSE] Running TDSE-SH-elliptical. step 8200, energy = -0.5030447420940394
  |->  par_lens = 4, 3, 3
[TDSE] Running TDSE-SH-elliptical. step 8400, energy = -0.5030430643829982
  |->  par_lens = 4, 3, 3
[TDSE] Running TDSE-SH-elliptical. step 8600, energy = -0.5030413019890854
  |->  par_lens = 4, 3, 3
[TDSE] Running TDSE-SH-elliptical. step 8800, energy = -0.5030394527039977
  |->  par_lens = 4, 3, 3
[TDSE] Running TDSE-SH-elliptical. step 9000, energy = -0.5030375185986521
  |->  par_lens = 4, 3, 3
[TDSE] Running TDSE-SH-elliptical. step 9200, energy = -0.5030355138567364
  |->  par_lens = 4, 3, 3
[TDSE] Running TDSE-SH-elliptical. step 9400, energy = -0.503033428779744
  |->  par_lens = 4, 3, 3
[TDSE] Running TDSE-SH-elliptical. step 9600, energy = -0.5030312898441645
  |->  par_lens = 4, 3, 3
[TDSE] Running TDSE-SH-elliptical. step 9800, energy = -0.503029086406093
  |->  par_lens = 4, 3, 3
[TDSE] Running TDSE-SH-elliptical. step 10000, energy = -0.5030268402837721
  |->  par_lens = 4, 3, 3
[TDSE] Running TDSE-SH-elliptical. step 10200, energy = -0.5030243445615832
  |->  par_lens = 4, 3, 3
[TDSE] Running TDSE-SH-elliptical. step 10400, energy = -0.5030199190219848
  |->  par_lens = 4, 3, 3
[TDSE] Running TDSE-SH-elliptical. step 10600, energy = -0.5030152948744788
  |->  par_lens = 4, 3, 3
[TDSE] Running TDSE-SH-elliptical. step 10800, energy = -0.5030171766541197
  |->  par_lens = 4, 3, 3
[TDSE] Running TDSE-SH-elliptical. step 11000, energy = -0.5030304388639841
  |->  par_lens = 4, 3, 3
[TDSE] Running TDSE-SH-elliptical. step 11200, energy = -0.5030493822387234
  |->  par_lens = 3, 3, 2
[TDSE] Running TDSE-SH-elliptical. step 11400, energy = -0.5030542420050309
  |->  par_lens = 3, 2, 2
[TDSE] Running TDSE-SH-elliptical. step 11600, energy = -0.5030256811914304
  |->  par_lens = 4, 3, 3
[TDSE] Running TDSE-SH-elliptical. step 11800, energy = -0.5029515355008836
  |->  par_lens = 4, 4, 3
[TDSE] Running TDSE-SH-elliptical. step 12000, energy = -0.5027994941138348
  |->  par_lens = 5, 5, 5
[TDSE] Running TDSE-SH-elliptical. step 12200, energy = -0.5025022722697761
  |->  par_lens = 5, 5, 5
[TDSE] Running TDSE-SH-elliptical. step 12400, energy = -0.5020166714647161
  |->  par_lens = 6, 6, 6
[TDSE] Running TDSE-SH-elliptical. step 12600, energy = -0.5014640879828542
  |->  par_lens = 7, 7, 7
[TDSE] Running TDSE-SH-elliptical. step 12800, energy = -0.5011225447181106
  |->  par_lens = 7, 7, 7
[TDSE] Running TDSE-SH-elliptical. step 13000, energy = -0.5011886574125574
  |->  par_lens = 8, 7, 7
[TDSE] Running TDSE-SH-elliptical. step 13200, energy = -0.501437568503229
  |->  par_lens = 7, 7, 7
[TDSE] Running TDSE-SH-elliptical. step 13400, energy = -0.5013445349572923
  |->  par_lens = 8, 7, 7
[TDSE] Running TDSE-SH-elliptical. step 13600, energy = -0.5006270608273393
  |->  par_lens = 8, 7, 7
[TDSE] Running TDSE-SH-elliptical. step 13800, energy = -0.49967695424732955
  |->  par_lens = 8, 9, 8
[TDSE] Running TDSE-SH-elliptical. step 14000, energy = -0.49911722915791007
  |->  par_lens = 8, 9, 8
[TDSE] Running TDSE-SH-elliptical. step 14200, energy = -0.4987661335246107
  |->  par_lens = 9, 9, 9
[TDSE] Running TDSE-SH-elliptical. step 14400, energy = -0.4974970961023154
  |->  par_lens = 9, 10, 10
[TDSE] Running TDSE-SH-elliptical. step 14600, energy = -0.49441855167503224
  |->  par_lens = 12, 11, 11
[TDSE] Running TDSE-SH-elliptical. step 14800, energy = -0.4906063038258054
  |->  par_lens = 13, 13, 12
[TDSE] Running TDSE-SH-elliptical. step 15000, energy = -0.48845239483312575
  |->  par_lens = 14, 15, 14
[TDSE] Running TDSE-SH-elliptical. step 15200, energy = -0.48934258867545677
  |->  par_lens = 15, 15, 17
[TDSE] Running TDSE-SH-elliptical. step 15400, energy = -0.49128593634045026
  |->  par_lens = 17, 14, 16
[TDSE] Running TDSE-SH-elliptical. step 15600, energy = -0.4907469785184346
  |->  par_lens = 19, 15, 16
[TDSE] Running TDSE-SH-elliptical. step 15800, energy = -0.4864959448668097
  |->  par_lens = 19, 16, 17
[TDSE] Running TDSE-SH-elliptical. step 16000, energy = -0.4817135984031781
  |->  par_lens = 19, 19, 17
[TDSE] Running TDSE-SH-elliptical. step 16200, energy = -0.4802653899644966
  |->  par_lens = 19, 21, 21
[TDSE] Running TDSE-SH-elliptical. step 16400, energy = -0.4816031972437406
  |->  par_lens = 21, 21, 23
[TDSE] Running TDSE-SH-elliptical. step 16600, energy = -0.4800037944161108
  |->  par_lens = 21, 22, 23
[TDSE] Running TDSE-SH-elliptical. step 16800, energy = -0.47131272493179127
  |->  par_lens = 22, 23, 25
[TDSE] Running TDSE-SH-elliptical. step 17000, energy = -0.45913356199214583
  |->  par_lens = 28, 26, 26
[TDSE] Running TDSE-SH-elliptical. step 17200, energy = -0.45270701975952055
  |->  par_lens = 31, 30, 30
[TDSE] Running TDSE-SH-elliptical. step 17400, energy = -0.45649756768171235
  |->  par_lens = 35, 35, 33
[TDSE] Running TDSE-SH-elliptical. step 17600, energy = -0.4640255363926383
  |->  par_lens = 37, 37, 36
[TDSE] Running TDSE-SH-elliptical. step 17800, energy = -0.4635285286337476
  |->  par_lens = 38, 38, 36
[TDSE] Running TDSE-SH-elliptical. step 18000, energy = -0.45178258068899046
  |->  par_lens = 36, 38, 39
[TDSE] Running TDSE-SH-elliptical. step 18200, energy = -0.43878396688440185
  |->  par_lens = 39, 38, 40
[TDSE] Running TDSE-SH-elliptical. step 18400, energy = -0.43651610414108466
  |->  par_lens = 44, 42, 41
[TDSE] Running TDSE-SH-elliptical. step 18600, energy = -0.4435378489590538
  |->  par_lens = 47, 47, 47
[TDSE] Running TDSE-SH-elliptical. step 18800, energy = -0.4446835611628299
  |->  par_lens = 51, 47, 49
[TDSE] Running TDSE-SH-elliptical. step 19000, energy = -0.4282183374672499
  |->  par_lens = 50, 47, 50
[TDSE] Running TDSE-SH-elliptical. step 19200, energy = -0.4025322336290286
  |->  par_lens = 54, 53, 52
[TDSE] Running TDSE-SH-elliptical. step 19400, energy = -0.3892708368626803
  |->  par_lens = 61, 60, 60
[TDSE] Running TDSE-SH-elliptical. step 19600, energy = -0.39882070620910887
  |->  par_lens = 71, 68, 71
[TDSE] Running TDSE-SH-elliptical. step 19800, energy = -0.41711647493665965
  |->  par_lens = 75, 78, 75
[TDSE] Running TDSE-SH-elliptical. step 20000, energy = -0.41881212171110344
  |->  par_lens = 81, 79, 79
[TDSE] Running TDSE-SH-elliptical. step 20200, energy = -0.3967126154077099
  |->  par_lens = 77, 78, 78
[TDSE] Running TDSE-SH-elliptical. step 20400, energy = -0.372245533269937
  |->  par_lens = 78, 76, 79
[TDSE] Running TDSE-SH-elliptical. step 20600, energy = -0.3696573925503143
  |->  par_lens = 85, 86, 84
[TDSE] Running TDSE-SH-elliptical. step 20800, energy = -0.3865389146327894
  |->  par_lens = 92, 94, 94
[TDSE] Running TDSE-SH-elliptical. step 21000, energy = -0.39478652253253094
  |->  par_lens = 99, 99, 98
[TDSE] Running TDSE-SH-elliptical. step 21200, energy = -0.3711102620375262
  |->  par_lens = 95, 102, 96
[TDSE] Running TDSE-SH-elliptical. step 21400, energy = -0.32961650954398647
  |->  par_lens = 100, 101, 102
[TDSE] Running TDSE-SH-elliptical. step 21600, energy = -0.30897960781893874
  |->  par_lens = 106, 113, 108
[TDSE] Running TDSE-SH-elliptical. step 21800, energy = -0.3262724817103605
  |->  par_lens = 123, 119, 122
[TDSE] Running TDSE-SH-elliptical. step 22000, energy = -0.3588357893856556
  |->  par_lens = 138, 133, 134
[TDSE] Running TDSE-SH-elliptical. step 22200, energy = -0.36572155917671173
  |->  par_lens = 136, 137, 136
[TDSE] Running TDSE-SH-elliptical. step 22400, energy = -0.33385693131436905
  |->  par_lens = 138, 138, 136
[TDSE] Running TDSE-SH-elliptical. step 22600, energy = -0.29783199463240584
  |->  par_lens = 138, 135, 137
[TDSE] Running TDSE-SH-elliptical. step 22800, energy = -0.2963506453456759
  |->  par_lens = 140, 142, 140
[TDSE] Running TDSE-SH-elliptical. step 23000, energy = -0.32479361981029625
  |->  par_lens = 149, 149, 151
[TDSE] Running TDSE-SH-elliptical. step 23200, energy = -0.3429320154052915
  |->  par_lens = 156, 156, 152
[TDSE] Running TDSE-SH-elliptical. step 23400, energy = -0.31561670327596303
  |->  par_lens = 157, 159, 158
[TDSE] Running TDSE-SH-elliptical. step 23600, energy = -0.26097068747803287
  |->  par_lens = 162, 161, 159
[TDSE] Running TDSE-SH-elliptical. step 23800, energy = -0.23468549823602294
  |->  par_lens = 164, 167, 163
[TDSE] Running TDSE-SH-elliptical. step 24000, energy = -0.26012439857413494
  |->  par_lens = 186, 183, 183
[TDSE] Running TDSE-SH-elliptical. step 24200, energy = -0.3061045884383329
  |->  par_lens = 201, 200, 200
[TDSE] Running TDSE-SH-elliptical. step 24400, energy = -0.32022078294127515
  |->  par_lens = 208, 203, 203
[TDSE] Running TDSE-SH-elliptical. step 24600, energy = -0.2833545139107516
  |->  par_lens = 207, 206, 208
[TDSE] Running TDSE-SH-elliptical. step 24800, energy = -0.23972322085778444
  |->  par_lens = 200, 201, 203
[TDSE] Running TDSE-SH-elliptical. step 25000, energy = -0.2402562211437093
  |->  par_lens = 208, 199, 206
[TDSE] Running TDSE-SH-elliptical. step 25200, energy = -0.27827912826738316
  |->  par_lens = 212, 211, 214
[TDSE] Running TDSE-SH-elliptical. step 25400, energy = -0.30572847234886835
  |->  par_lens = 222, 219, 220
[TDSE] Running TDSE-SH-elliptical. step 25600, energy = -0.2802638973408797
  |->  par_lens = 223, 225, 220
[TDSE] Running TDSE-SH-elliptical. step 25800, energy = -0.2206294154770513
  |->  par_lens = 229, 231, 222
[TDSE] Running TDSE-SH-elliptical. step 26000, energy = -0.19221831099560585
  |->  par_lens = 231, 233, 235
[TDSE] Running TDSE-SH-elliptical. step 26200, energy = -0.22272935193211693
  |->  par_lens = 243, 247, 243
[TDSE] Running TDSE-SH-elliptical. step 26400, energy = -0.27681806476475795
  |->  par_lens = 262, 256, 254
[TDSE] Running TDSE-SH-elliptical. step 26600, energy = -0.2981492284815267
  |->  par_lens = 258, 258, 260
[TDSE] Running TDSE-SH-elliptical. step 26800, energy = -0.26415795343281256
  |->  par_lens = 257, 259, 257
[TDSE] Running TDSE-SH-elliptical. step 27000, energy = -0.22074561555059752
  |->  par_lens = 255, 256, 248
[TDSE] Running TDSE-SH-elliptical. step 27200, energy = -0.22281095916960228
  |->  par_lens = 249, 251, 248
[TDSE] Running TDSE-SH-elliptical. step 27400, energy = -0.2642382829711008
  |->  par_lens = 258, 251, 258
[TDSE] Running TDSE-SH-elliptical. step 27600, energy = -0.2971702349412973
  |->  par_lens = 260, 260, 259
[TDSE] Running TDSE-SH-elliptical. step 27800, energy = -0.2786734509308857
  |->  par_lens = 262, 259, 256
[TDSE] Running TDSE-SH-elliptical. step 28000, energy = -0.22502185361239455
  |->  par_lens = 259, 263, 264
[TDSE] Running TDSE-SH-elliptical. step 28200, energy = -0.19926683212404991
  |->  par_lens = 275, 267, 261
[TDSE] Running TDSE-SH-elliptical. step 28400, energy = -0.2291244404262981
  |->  par_lens = 274, 274, 272
[TDSE] Running TDSE-SH-elliptical. step 28600, energy = -0.2830525651147262
  |->  par_lens = 282, 281, 283
[TDSE] Running TDSE-SH-elliptical. step 28800, energy = -0.30918236297050317
  |->  par_lens = 288, 283, 283
[TDSE] Running TDSE-SH-elliptical. step 29000, energy = -0.2849724020774723
  |->  par_lens = 284, 281, 279
[TDSE] Running TDSE-SH-elliptical. step 29200, energy = -0.24992763427536477
  |->  par_lens = 277, 278, 273
[TDSE] Running TDSE-SH-elliptical. step 29400, energy = -0.2524267179433863
  |->  par_lens = 265, 267, 265
[TDSE] Running TDSE-SH-elliptical. step 29600, energy = -0.28960369735305524
  |->  par_lens = 268, 266, 265
[TDSE] Running TDSE-SH-elliptical. step 29800, energy = -0.3221644005637867
  |->  par_lens = 272, 263, 273
[TDSE] Running TDSE-SH-elliptical. step 30000, energy = -0.31252565528031223
  |->  par_lens = 274, 269, 268
[TDSE] Running TDSE-SH-elliptical. step 30200, energy = -0.27275213742881593
  |->  par_lens = 270, 268, 270
[TDSE] Running TDSE-SH-elliptical. step 30400, energy = -0.2530942624403387
  |->  par_lens = 275, 272, 275
[TDSE] Running TDSE-SH-elliptical. step 30600, energy = -0.27697042387609716
  |->  par_lens = 279, 273, 280
[TDSE] Running TDSE-SH-elliptical. step 30800, energy = -0.32287938093223834
  |->  par_lens = 284, 291, 292
[TDSE] Running TDSE-SH-elliptical. step 31000, energy = -0.34919764800701203
  |->  par_lens = 295, 289, 295
[TDSE] Running TDSE-SH-elliptical. step 31200, energy = -0.3367777896103948
  |->  par_lens = 290, 294, 292
[TDSE] Running TDSE-SH-elliptical. step 31400, energy = -0.31402968234802386
  |->  par_lens = 283, 291, 289
[TDSE] Running TDSE-SH-elliptical. step 31600, energy = -0.3157936667864205
  |->  par_lens = 280, 277, 269
[TDSE] Running TDSE-SH-elliptical. step 31800, energy = -0.34350685384747587
  |->  par_lens = 274, 264, 276
[TDSE] Running TDSE-SH-elliptical. step 32000, energy = -0.36980688923471583
  |->  par_lens = 271, 271, 272
[TDSE] Running TDSE-SH-elliptical. step 32200, energy = -0.366846116079397
  |->  par_lens = 274, 277, 277
[TDSE] Running TDSE-SH-elliptical. step 32400, energy = -0.34256178963539785
  |->  par_lens = 280, 274, 283
[TDSE] Running TDSE-SH-elliptical. step 32600, energy = -0.3297269317384557
  |->  par_lens = 279, 278, 283
[TDSE] Running TDSE-SH-elliptical. step 32800, energy = -0.3457917271583544
  |->  par_lens = 289, 287, 286
[TDSE] Running TDSE-SH-elliptical. step 33000, energy = -0.3785643676566791
  |->  par_lens = 293, 290, 297
[TDSE] Running TDSE-SH-elliptical. step 33200, energy = -0.3996033266255994
  |->  par_lens = 290, 288, 298
[TDSE] Running TDSE-SH-elliptical. step 33400, energy = -0.39639983849659666
  |->  par_lens = 287, 286, 293
[TDSE] Running TDSE-SH-elliptical. step 33600, energy = -0.38494970476670765
  |->  par_lens = 280, 279, 288
[TDSE] Running TDSE-SH-elliptical. step 33800, energy = -0.38635279153442037
  |->  par_lens = 270, 277, 273
[TDSE] Running TDSE-SH-elliptical. step 34000, energy = -0.4031608490102875
  |->  par_lens = 262, 257, 263
[TDSE] Running TDSE-SH-elliptical. step 34200, energy = -0.4193329616870372
  |->  par_lens = 263, 260, 263
[TDSE] Running TDSE-SH-elliptical. step 34400, energy = -0.4193274190764622
  |->  par_lens = 259, 256, 264
[TDSE] Running TDSE-SH-elliptical. step 34600, energy = -0.40746271975038756
  |->  par_lens = 269, 270, 272
[TDSE] Running TDSE-SH-elliptical. step 34800, energy = -0.4010107559901714
  |->  par_lens = 278, 274, 280
[TDSE] Running TDSE-SH-elliptical. step 35000, energy = -0.41015298742102896
  |->  par_lens = 288, 278, 289
[TDSE] Running TDSE-SH-elliptical. step 35200, energy = -0.4285063662126849
  |->  par_lens = 298, 288, 289
[TDSE] Running TDSE-SH-elliptical. step 35400, energy = -0.44163535699889517
  |->  par_lens = 298, 288, 293
[TDSE] Running TDSE-SH-elliptical. step 35600, energy = -0.4430546123597588
  |->  par_lens = 296, 292, 291
[TDSE] Running TDSE-SH-elliptical. step 35800, energy = -0.43969606272613404
  |->  par_lens = 285, 280, 289
[TDSE] Running TDSE-SH-elliptical. step 36000, energy = -0.440923683621096
  |->  par_lens = 284, 269, 278
[TDSE] Running TDSE-SH-elliptical. step 36200, energy = -0.44839896574531335
  |->  par_lens = 273, 266, 265
[TDSE] Running TDSE-SH-elliptical. step 36400, energy = -0.45522854575529165
  |->  par_lens = 262, 259, 262
[TDSE] Running TDSE-SH-elliptical. step 36600, energy = -0.45563414348904574
  |->  par_lens = 268, 254, 261
[TDSE] Running TDSE-SH-elliptical. step 36800, energy = -0.4513303359237253
  |->  par_lens = 269, 260, 260
[TDSE] Running TDSE-SH-elliptical. step 37000, energy = -0.4492345772471178
  |->  par_lens = 271, 266, 270
[TDSE] Running TDSE-SH-elliptical. step 37200, energy = -0.4530698084245436
  |->  par_lens = 275, 270, 270
[TDSE] Running TDSE-SH-elliptical. step 37400, energy = -0.46063204759623816
  |->  par_lens = 280, 272, 274
[TDSE] Running TDSE-SH-elliptical. step 37600, energy = -0.4666924082178662
  |->  par_lens = 288, 270, 279
[TDSE] Running TDSE-SH-elliptical. step 37800, energy = -0.4688731707187515
  |->  par_lens = 284, 267, 277
[TDSE] Running TDSE-SH-elliptical. step 38000, energy = -0.4690247056596296
  |->  par_lens = 273, 264, 272
[TDSE] Running TDSE-SH-elliptical. step 38200, energy = -0.4698198882075792
  |->  par_lens = 273, 258, 260
[TDSE] Running TDSE-SH-elliptical. step 38400, energy = -0.47174095019620316
  |->  par_lens = 258, 245, 251
[TDSE] Running TDSE-SH-elliptical. step 38600, energy = -0.47328417445531823
  |->  par_lens = 249, 237, 247
[TDSE] Running TDSE-SH-elliptical. step 38800, energy = -0.4731520361383773
  |->  par_lens = 247, 232, 238
[TDSE] Running TDSE-SH-elliptical. step 39000, energy = -0.4720975025946259
  |->  par_lens = 243, 236, 231
[TDSE] Running TDSE-SH-elliptical. step 39200, energy = -0.471691627218749
  |->  par_lens = 241, 237, 235
[TDSE] Running TDSE-SH-elliptical. step 39400, energy = -0.4727114212888499
  |->  par_lens = 248, 239, 232
[TDSE] Running TDSE-SH-elliptical. step 39600, energy = -0.4746722809302076
  |->  par_lens = 240, 239, 234
[TDSE] Running TDSE-SH-elliptical. step 39800, energy = -0.47641687486682727
  |->  par_lens = 230, 241, 230
[TDSE] Running TDSE-SH-elliptical. step 40000, energy = -0.47748651831519595
  |->  par_lens = 230, 232, 226
[TDSE] Running TDSE-SH-elliptical. step 40200, energy = -0.47798479377318703
  |->  par_lens = 224, 227, 223
[TDSE] Running TDSE-SH-elliptical. step 40400, energy = -0.47824053876438716
  |->  par_lens = 216, 219, 217
[TDSE] Running TDSE-SH-elliptical. step 40600, energy = -0.4783795191306922
  |->  par_lens = 213, 214, 212
[TDSE] Running TDSE-SH-elliptical. step 40800, energy = -0.47834112692930336
  |->  par_lens = 206, 207, 205
[TDSE] Running TDSE-SH-elliptical. step 41000, energy = -0.4781629481060862
  |->  par_lens = 204, 208, 202
[TDSE] Running TDSE-SH-elliptical. step 41200, energy = -0.47800965868279593
  |->  par_lens = 203, 202, 206
[TDSE] Running TDSE-SH-elliptical. step 41400, energy = -0.47797729005605283
  |->  par_lens = 204, 203, 206
[TDSE] Running TDSE-SH-elliptical. step 41600, energy = -0.4781250452757517
  |->  par_lens = 204, 203, 205
[TDSE] Running TDSE-SH-elliptical. step 41800, energy = -0.4783344908931154
  |->  par_lens = 205, 204, 205
[TDSE] Running TDSE-SH-elliptical. step 42000, energy = -0.4785476446031859
  |->  par_lens = 204, 202, 203
[TDSE] Running TDSE-SH-elliptical. step 42200, energy = -0.47870529293936614
  |->  par_lens = 204, 200, 203
[TDSE] Running TDSE-SH-elliptical. step 42400, energy = -0.47881390507168103
  |->  par_lens = 205, 201, 203
[TDSE] Running TDSE-SH-elliptical. step 42600, energy = -0.4788870972706209
  |->  par_lens = 206, 202, 203
[TDSE] Running TDSE-SH-elliptical. step 42800, energy = -0.47896074324409876
  |->  par_lens = 206, 201, 202
[TDSE] Running TDSE-SH-elliptical. step 43000, energy = -0.4790437851161604
  |->  par_lens = 207, 201, 202
[TDSE] Running TDSE-SH-elliptical. step 43200, energy = -0.47913358515368637
  |->  par_lens = 207, 201, 202
[TDSE] Running TDSE-SH-elliptical. step 43400, energy = -0.4792288577894192
  |->  par_lens = 207, 201, 201
[TDSE] Running TDSE-SH-elliptical. step 43600, energy = -0.4793267541943095
  |->  par_lens = 207, 201, 201
[TDSE] Running TDSE-SH-elliptical. step 43800, energy = -0.47943764463056665
  |->  par_lens = 208, 203, 201
[TDSE] Running TDSE-SH-elliptical. step 44000, energy = -0.47955285640087103
  |->  par_lens = 208, 202, 201
[TDSE] Running TDSE-SH-elliptical. step 44200, energy = -0.4796796462504033
  |->  par_lens = 208, 201, 201
[TDSE] Running TDSE-SH-elliptical. step 44400, energy = -0.4797903783039526
  |->  par_lens = 207, 202, 200
[TDSE] Running TDSE-SH-elliptical. step 44600, energy = -0.47990483485189767
  |->  par_lens = 207, 202, 202
[TDSE] Running TDSE-SH-elliptical. step 44800, energy = -0.480019847210961
  |->  par_lens = 207, 202, 202
[TDSE] Running TDSE-SH-elliptical. step 45000, energy = -0.4801783991563704
  |->  par_lens = 207, 202, 203
[TDSE] Running TDSE-SH-elliptical. step 45200, energy = -0.4803457168427492
  |->  par_lens = 206, 201, 202
[TDSE] Running TDSE-SH-elliptical. step 45400, energy = -0.4805094688150623
  |->  par_lens = 206, 202, 203
[TDSE] Running TDSE-SH-elliptical. step 45600, energy = -0.48062229266606754
  |->  par_lens = 207, 204, 204
[TDSE] Running TDSE-SH-elliptical. step 45800, energy = -0.48074005166887135
  |->  par_lens = 208, 202, 204
[TDSE] Running TDSE-SH-elliptical. step 46000, energy = -0.48086411978492705
  |->  par_lens = 208, 204, 205
[TDSE] Running TDSE-SH-elliptical. step 46200, energy = -0.48102884340630137
  |->  par_lens = 208, 203, 206
[TDSE] Running TDSE-SH-elliptical. step 46400, energy = -0.4811913010053339
  |->  par_lens = 209, 205, 209
[TDSE] Running TDSE-SH-elliptical. step 46600, energy = -0.4813636311608211
  |->  par_lens = 209, 205, 208
[TDSE] Running TDSE-SH-elliptical. step 46800, energy = -0.4815224249763816
  |->  par_lens = 208, 206, 207
[TDSE] Running TDSE-SH-elliptical. step 47000, energy = -0.48168623251590964
  |->  par_lens = 207, 206, 208
[TDSE] Running TDSE-SH-elliptical. step 47200, energy = -0.48182855383307127
  |->  par_lens = 207, 206, 208
[TDSE] Running TDSE-SH-elliptical. step 47400, energy = -0.4819698235251489
  |->  par_lens = 209, 208, 209
[TDSE] Running TDSE-SH-elliptical. step 47600, energy = -0.4821039218684024
  |->  par_lens = 209, 208, 208
[TDSE] Running TDSE-SH-elliptical. step 47800, energy = -0.4822446618501744
  |->  par_lens = 211, 208, 208
[TDSE] Running TDSE-SH-elliptical. step 48000, energy = -0.4823923515441779
  |->  par_lens = 211, 209, 209
[TDSE] Running TDSE-SH-elliptical. step 48200, energy = -0.48254830165569257
  |->  par_lens = 210, 210, 207
[TDSE] Running TDSE-SH-elliptical. step 48400, energy = -0.48270993336295653
  |->  par_lens = 207, 213, 209
[TDSE] Running TDSE-SH-elliptical. step 48600, energy = -0.4828599856740364
  |->  par_lens = 208, 211, 209
[TDSE] Running TDSE-SH-elliptical. step 48800, energy = -0.48299679280904373
  |->  par_lens = 210, 212, 210
[TDSE] Running TDSE-SH-elliptical. step 49000, energy = -0.4831088043980516
  |->  par_lens = 209, 212, 211
[TDSE] Running TDSE-SH-elliptical. step 49200, energy = -0.4832295964476687
  |->  par_lens = 210, 212, 211
[TDSE] Running TDSE-SH-elliptical. step 49400, energy = -0.4833457665323936
  |->  par_lens = 212, 213, 212
[TDSE] Running TDSE-SH-elliptical. step 49600, energy = -0.4834812700736743
  |->  par_lens = 212, 213, 211
[TDSE] Running TDSE-SH-elliptical. step 49800, energy = -0.48360419998148907
  |->  par_lens = 215, 213, 214
[TDSE] Running TDSE-SH-elliptical. step 50000, energy = -0.4837415362225609
  |->  par_lens = 216, 215, 215
[TDSE] Running TDSE-SH-elliptical. step 50200, energy = -0.48386397322792174
  |->  par_lens = 218, 215, 216
[TDSE] Running TDSE-SH-elliptical. step 50400, energy = -0.48400323191325517
  |->  par_lens = 219, 215, 217
[TDSE] Running TDSE-SH-elliptical. step 50600, energy = -0.4841195529396972
  |->  par_lens = 218, 215, 218
[TDSE] Running TDSE-SH-elliptical. step 50800, energy = -0.4842418541064404
  |->  par_lens = 218, 216, 217
[TDSE] Running TDSE-SH-elliptical. step 51000, energy = -0.4843304735115571
  |->  par_lens = 220, 216, 217
[TDSE] Running TDSE-SH-elliptical. step 51200, energy = -0.4844186471321401
  |->  par_lens = 220, 217, 218
[TDSE] Running TDSE-SH-elliptical. step 51400, energy = -0.48448701281239676
  |->  par_lens = 221, 218, 219
[TDSE] Running TDSE-SH-elliptical. step 51600, energy = -0.48457197582767614
  |->  par_lens = 221, 220, 219
[TDSE] Running TDSE-SH-elliptical. step 51800, energy = -0.484643246797539
  |->  par_lens = 220, 220, 219
[TDSE] Running TDSE-SH-elliptical. step 52000, energy = -0.4847219166592051
  |->  par_lens = 220, 220, 220
[TDSE] Running TDSE-SH-elliptical. step 52200, energy = -0.4847883682309904
  |->  par_lens = 221, 220, 222
[TDSE] Running TDSE-SH-elliptical. step 52400, energy = -0.4848666821889109
  |->  par_lens = 222, 220, 223
[TDSE] Running TDSE-SH-elliptical. step 52600, energy = -0.4849533478296704
  |->  par_lens = 223, 221, 224
[TDSE] Running TDSE-SH-elliptical. step 52800, energy = -0.4850578991955389
  |->  par_lens = 224, 222, 224
[TDSE] Running TDSE-SH-elliptical. step 53000, energy = -0.4851714586192706
  |->  par_lens = 225, 223, 225
[TDSE] Running TDSE-SH-elliptical. step 53200, energy = -0.4852821519427516
  |->  par_lens = 225, 223, 226
[TDSE] Running TDSE-SH-elliptical. step 53400, energy = -0.48537686176329226
  |->  par_lens = 225, 224, 226
[TDSE] Running TDSE-SH-elliptical. step 53600, energy = -0.485435415265175
  |->  par_lens = 226, 223, 226
[TDSE] Running TDSE-SH-elliptical. step 53800, energy = -0.4854776306434163
  |->  par_lens = 226, 223, 226
[TDSE] Running TDSE-SH-elliptical. step 54000, energy = -0.4854944029903762
  |->  par_lens = 227, 223, 224
[TDSE] Running TDSE-SH-elliptical. step 54200, energy = -0.4855186886887125
  |->  par_lens = 229, 225, 226
[TDSE] Running TDSE-SH-elliptical. step 54400, energy = -0.4855279177587487
  |->  par_lens = 229, 223, 227
[TDSE] Running TDSE-SH-elliptical. step 54600, energy = -0.48555129737068514
  |->  par_lens = 230, 227, 227
[TDSE] Running TDSE-SH-elliptical. step 54800, energy = -0.4855598686943165
  |->  par_lens = 231, 229, 228
[TDSE] Running TDSE-SH-elliptical. step 55000, energy = -0.48559561553985986
  |->  par_lens = 232, 229, 228
[TDSE] Running TDSE-SH-elliptical. step 55200, energy = -0.4856247572309891
  |->  par_lens = 232, 229, 228
[TDSE] Running TDSE-SH-elliptical. step 55400, energy = -0.4856897744743006
  |->  par_lens = 232, 232, 228
[TDSE] Running TDSE-SH-elliptical. step 55600, energy = -0.48574954679587445
  |->  par_lens = 233, 233, 230
[TDSE] Running TDSE-SH-elliptical. step 55800, energy = -0.48583455577181184
  |->  par_lens = 234, 234, 231
[TDSE] Running TDSE-SH-elliptical. step 56000, energy = -0.4858997719690288
  |->  par_lens = 234, 237, 233
[TDSE] Running TDSE-SH-elliptical. step 56200, energy = -0.4859755268288024
  |->  par_lens = 235, 237, 234
[TDSE] Running TDSE-SH-elliptical. step 56400, energy = -0.4860212259717332
  |->  par_lens = 235, 239, 233
[TDSE] Running TDSE-SH-elliptical. step 56600, energy = -0.4860693380569299
  |->  par_lens = 235, 237, 234
[TDSE] Running TDSE-SH-elliptical. step 56800, energy = -0.48608983518542276
  |->  par_lens = 235, 237, 234
[TDSE] Running TDSE-SH-elliptical. step 57000, energy = -0.4861098106427626
  |->  par_lens = 235, 237, 234
[TDSE] Running TDSE-SH-elliptical. step 57200, energy = -0.4861134599455026
  |->  par_lens = 236, 237, 235
[TDSE] Running TDSE-SH-elliptical. step 57400, energy = -0.4861200474869667
  |->  par_lens = 236, 237, 236
[TDSE] Running TDSE-SH-elliptical. step 57600, energy = -0.4861193230940169
  |->  par_lens = 236, 237, 238
[TDSE] Running TDSE-SH-elliptical. step 57800, energy = -0.4861224807726992
  |->  par_lens = 238, 238, 239
[TDSE] Running TDSE-SH-elliptical. step 58000, energy = -0.48612692098031995
  |->  par_lens = 239, 239, 239
[TDSE] Running TDSE-SH-elliptical. step 58200, energy = -0.48612842906586573
  |->  par_lens = 240, 241, 240
[TDSE] Running TDSE-SH-elliptical. step 58400, energy = -0.4861366962714775
  |->  par_lens = 240, 240, 240
[TDSE] Running TDSE-SH-elliptical. step 58600, energy = -0.48613438252732805
  |->  par_lens = 242, 242, 241
[TDSE] Running TDSE-SH-elliptical. step 58800, energy = -0.4861406467173284
  |->  par_lens = 241, 242, 240
[TDSE] Running TDSE-SH-elliptical. step 59000, energy = -0.4861342597723877
  |->  par_lens = 242, 244, 243
[TDSE] Running TDSE-SH-elliptical. step 59200, energy = -0.4861441268089076
  |->  par_lens = 242, 246, 243
  Activating project at `~/JuliaProp_v0.1`
[TDSE] Running TDSE-SH-elliptical. step 59400, energy = -0.48614049979544877
  |->  par_lens = 244, 246, 244
[TDSE] Running TDSE-SH-elliptical. step 59600, energy = -0.48616199726414305
  |->  par_lens = 245, 246, 244
[TDSE] Running TDSE-SH-elliptical. step 59800, energy = -0.4861676238100455
  |->  par_lens = 246, 247, 245
[TDSE] Running TDSE-SH-elliptical. step 60000, energy = -0.4861991338774759
  |->  par_lens = 249, 248, 245
[TDSE] Running TDSE-SH-elliptical. step 60200, energy = -0.48621168862906783
  |->  par_lens = 250, 248, 246
[TDSE] Running TDSE-SH-elliptical. step 60400, energy = -0.4862450653085262
  |->  par_lens = 251, 248, 247
[TDSE] Running TDSE-SH-elliptical. step 60600, energy = -0.48625459149432176
  |->  par_lens = 251, 250, 248
[TDSE] Running TDSE-SH-elliptical. step 60800, energy = -0.4862828602044177
  |->  par_lens = 252, 250, 249
[TDSE] Running TDSE-SH-elliptical. step 61000, energy = -0.4862844353155978
  |->  par_lens = 252, 251, 250
[TDSE] Running TDSE-SH-elliptical. step 61200, energy = -0.48630277911105674
  |->  par_lens = 253, 252, 250
[TDSE] Running TDSE-SH-elliptical. step 61400, energy = -0.48630004362003787
  |->  par_lens = 255, 254, 252
[TDSE] Running TDSE-SH-elliptical. step 61600, energy = -0.48631044585484
  |->  par_lens = 258, 255, 254
[TDSE] Running TDSE-SH-elliptical. step 61800, energy = -0.48630602900526476
  |->  par_lens = 258, 257, 255
[TDSE] Running TDSE-SH-elliptical. step 62000, energy = -0.4863132058520029
  |->  par_lens = 260, 256, 257
[TDSE] Running TDSE-SH-elliptical. step 62200, energy = -0.4863088653607426
  |->  par_lens = 260, 258, 258
[TDSE] Running TDSE-SH-elliptical. step 62400, energy = -0.48631156378407625
  |->  par_lens = 260, 259, 258
[TDSE] Running TDSE-SH-elliptical. step 62600, energy = -0.4863093586472473
  |->  par_lens = 260, 259, 258
[TDSE] Running TDSE-SH-elliptical. step 62800, energy = -0.4863065628735648
  |->  par_lens = 261, 259, 258
[TDSE] Running TDSE-SH-elliptical. step 63000, energy = -0.486305921320278
  |->  par_lens = 261, 262, 258
[TDSE] Running TDSE-SH-elliptical. step 63200, energy = -0.4862986767373411
  |->  par_lens = 261, 262, 258
[TDSE] Running TDSE-SH-elliptical. step 63400, energy = -0.4862986094045791
  |->  par_lens = 262, 263, 259
[TDSE] Running TDSE-SH-elliptical. step 63600, energy = -0.48628870422076603
  |->  par_lens = 262, 263, 259
[TDSE] Running TDSE-SH-elliptical. step 63800, energy = -0.48629081522902845
  |->  par_lens = 263, 263, 260
[TDSE] Running TDSE-SH-elliptical. step 64000, energy = -0.48627638206521395
  |->  par_lens = 263, 265, 260
[TDSE] Running TDSE-SH-elliptical. step 64200, energy = -0.4862819852015448
  |->  par_lens = 265, 267, 260
[TDSE] Running TDSE-SH-elliptical. step 64400, energy = -0.48626615679516844
  |->  par_lens = 265, 267, 263
[TDSE] Running TDSE-SH-elliptical. step 64600, energy = -0.4862718859714811
  |->  par_lens = 268, 267, 263
