  Activating project at `~/JuliaProp_v0.1`
[ITP]: 10000.500040081823
[ITP]: 3.4096981904596646e-9
Energy of ground state: -0.5000400852322796
[TDSE] Start TDSE-SH for elliptical polarized laser. It may cost a plenty of time.
[TDSE] Running TDSE-SH-elliptical. step 0, energy = -0.5000400852322784
  |->  par_lens = 2, 2, 2
[TDSE] Running TDSE-SH-elliptical. step 200, energy = -0.5000400852321357
  |->  par_lens = 2, 2, 2
[TDSE] Running TDSE-SH-elliptical. step 400, energy = -0.5000400852317686
  |->  par_lens = 2, 2, 2
[TDSE] Running TDSE-SH-elliptical. step 600, energy = -0.5000400852293326
  |->  par_lens = 2, 2, 2
[TDSE] Running TDSE-SH-elliptical. step 800, energy = -0.5000400852177412
  |->  par_lens = 2, 2, 2
[TDSE] Running TDSE-SH-elliptical. step 1000, energy = -0.500040085179744
  |->  par_lens = 2, 2, 2
[TDSE] Running TDSE-SH-elliptical. step 1200, energy = -0.5000400850813149
  |->  par_lens = 2, 2, 2
[TDSE] Running TDSE-SH-elliptical. step 1400, energy = -0.5000400848645755
  |->  par_lens = 2, 2, 2
[TDSE] Running TDSE-SH-elliptical. step 1600, energy = -0.5000400844413572
  |->  par_lens = 2, 2, 2
[TDSE] Running TDSE-SH-elliptical. step 1800, energy = -0.5000400836842459
  |->  par_lens = 2, 2, 2
[TDSE] Running TDSE-SH-elliptical. step 2000, energy = -0.5000400824247124
  |->  par_lens = 2, 2, 2
[TDSE] Running TDSE-SH-elliptical. step 2200, energy = -0.5000400804415076
  |->  par_lens = 2, 2, 2
[TDSE] Running TDSE-SH-elliptical. step 2400, energy = -0.500040077465167
  |->  par_lens = 2, 2, 2
[TDSE] Running TDSE-SH-elliptical. step 2600, energy = -0.5000400731709193
  |->  par_lens = 2, 2, 2
[TDSE] Running TDSE-SH-elliptical. step 2800, energy = -0.5000400671753883
  |->  par_lens = 2, 2, 2
[TDSE] Running TDSE-SH-elliptical. step 3000, energy = -0.5000400590559081
  |->  par_lens = 2, 2, 2
[TDSE] Running TDSE-SH-elliptical. step 3200, energy = -0.5000400483210963
  |->  par_lens = 2, 2, 2
[TDSE] Running TDSE-SH-elliptical. step 3400, energy = -0.5000400344704395
  |->  par_lens = 2, 2, 2
[TDSE] Running TDSE-SH-elliptical. step 3600, energy = -0.5000400169255531
  |->  par_lens = 2, 2, 2
[TDSE] Running TDSE-SH-elliptical. step 3800, energy = -0.5000399951168604
  |->  par_lens = 2, 2, 2
[TDSE] Running TDSE-SH-elliptical. step 4000, energy = -0.5000399684895181
  |->  par_lens = 2, 2, 2
[TDSE] Running TDSE-SH-elliptical. step 4200, energy = -0.5000399363617617
  |->  par_lens = 2, 2, 2
[TDSE] Running TDSE-SH-elliptical. step 4400, energy = -0.5000398982450527
  |->  par_lens = 2, 2, 2
[TDSE] Running TDSE-SH-elliptical. step 4600, energy = -0.5000398535314958
  |->  par_lens = 2, 2, 2
[TDSE] Running TDSE-SH-elliptical. step 4800, energy = -0.500039801707751
  |->  par_lens = 2, 2, 2
[TDSE] Running TDSE-SH-elliptical. step 5000, energy = -0.5000397423193903
  |->  par_lens = 2, 2, 2
[TDSE] Running TDSE-SH-elliptical. step 5200, energy = -0.5000396748518803
  |->  par_lens = 2, 2, 2
[TDSE] Running TDSE-SH-elliptical. step 5400, energy = -0.5000395992626386
  |->  par_lens = 2, 2, 2
[TDSE] Running TDSE-SH-elliptical. step 5600, energy = -0.5000395149172447
  |->  par_lens = 2, 2, 2
[TDSE] Running TDSE-SH-elliptical. step 5800, energy = -0.5000394218233833
  |->  par_lens = 2, 2, 2
[TDSE] Running TDSE-SH-elliptical. step 6000, energy = -0.5000393201627936
  |->  par_lens = 2, 2, 2
[TDSE] Running TDSE-SH-elliptical. step 6200, energy = -0.5000392095193313
  |->  par_lens = 2, 2, 2
[TDSE] Running TDSE-SH-elliptical. step 6400, energy = -0.5000390904547686
  |->  par_lens = 2, 2, 2
[TDSE] Running TDSE-SH-elliptical. step 6600, energy = -0.5000389628422419
  |->  par_lens = 2, 2, 2
[TDSE] Running TDSE-SH-elliptical. step 6800, energy = -0.5000388275093592
  |->  par_lens = 2, 2, 2
[TDSE] Running TDSE-SH-elliptical. step 7000, energy = -0.5000386847058677
  |->  par_lens = 2, 2, 2
[TDSE] Running TDSE-SH-elliptical. step 7200, energy = -0.5000385344539514
  |->  par_lens = 2, 2, 2
[TDSE] Running TDSE-SH-elliptical. step 7400, energy = -0.5000383786560425
  |->  par_lens = 2, 2, 2
[TDSE] Running TDSE-SH-elliptical. step 7600, energy = -0.5000382168128839
  |->  par_lens = 2, 2, 2
[TDSE] Running TDSE-SH-elliptical. step 7800, energy = -0.5000380503156818
  |->  par_lens = 2, 2, 2
[TDSE] Running TDSE-SH-elliptical. step 8000, energy = -0.500037880191457
  |->  par_lens = 2, 2, 2
[TDSE] Running TDSE-SH-elliptical. step 8200, energy = -0.5000377065635594
  |->  par_lens = 2, 2, 2
[TDSE] Running TDSE-SH-elliptical. step 8400, energy = -0.5000375316322146
  |->  par_lens = 2, 2, 2
[TDSE] Running TDSE-SH-elliptical. step 8600, energy = -0.5000373549059492
  |->  par_lens = 2, 2, 2
[TDSE] Running TDSE-SH-elliptical. step 8800, energy = -0.5000371786214411
  |->  par_lens = 2, 2, 2
[TDSE] Running TDSE-SH-elliptical. step 9000, energy = -0.5000370030400447
  |->  par_lens = 2, 2, 2
[TDSE] Running TDSE-SH-elliptical. step 9200, energy = -0.5000368285482774
  |->  par_lens = 2, 2, 2
[TDSE] Running TDSE-SH-elliptical. step 9400, energy = -0.5000366583122344
  |->  par_lens = 2, 2, 2
[TDSE] Running TDSE-SH-elliptical. step 9600, energy = -0.500036490144986
  |->  par_lens = 2, 2, 2
[TDSE] Running TDSE-SH-elliptical. step 9800, energy = -0.5000363265609508
  |->  par_lens = 2, 2, 2
[TDSE] Running TDSE-SH-elliptical. step 10000, energy = -0.5000361686837317
  |->  par_lens = 2, 2, 2
[TDSE] Running TDSE-SH-elliptical. step 10200, energy = -0.5000358993817197
  |->  par_lens = 2, 2, 2
[TDSE] Running TDSE-SH-elliptical. step 10400, energy = -0.5000348818579562
  |->  par_lens = 2, 2, 2
[TDSE] Running TDSE-SH-elliptical. step 10600, energy = -0.5000340795158613
  |->  par_lens = 2, 2, 2
[TDSE] Running TDSE-SH-elliptical. step 10800, energy = -0.5000361564171304
  |->  par_lens = 2, 2, 2
[TDSE] Running TDSE-SH-elliptical. step 11000, energy = -0.500038127837346
  |->  par_lens = 2, 2, 2
[TDSE] Running TDSE-SH-elliptical. step 11200, energy = -0.5000195398422923
  |->  par_lens = 4, 3, 3
[TDSE] Running TDSE-SH-elliptical. step 11400, energy = -0.4999603107976448
  |->  par_lens = 4, 3, 3
[TDSE] Running TDSE-SH-elliptical. step 11600, energy = -0.49989388102366594
  |->  par_lens = 4, 3, 3
[TDSE] Running TDSE-SH-elliptical. step 11800, energy = -0.49990390921286965
  |->  par_lens = 4, 4, 3
[TDSE] Running TDSE-SH-elliptical. step 12000, energy = -0.49997348456492424
  |->  par_lens = 4, 4, 3
[TDSE] Running TDSE-SH-elliptical. step 12200, energy = -0.49985283624319365
  |->  par_lens = 4, 4, 4
[TDSE] Running TDSE-SH-elliptical. step 12400, energy = -0.499267623356055
  |->  par_lens = 5, 5, 5
[TDSE] Running TDSE-SH-elliptical. step 12600, energy = -0.4984213934330462
  |->  par_lens = 6, 7, 7
[TDSE] Running TDSE-SH-elliptical. step 12800, energy = -0.49808880264525335
  |->  par_lens = 7, 7, 7
[TDSE] Running TDSE-SH-elliptical. step 13000, energy = -0.4987669961492351
  |->  par_lens = 7, 7, 7
[TDSE] Running TDSE-SH-elliptical. step 13200, energy = -0.49964407770850455
  |->  par_lens = 7, 7, 7
[TDSE] Running TDSE-SH-elliptical. step 13400, energy = -0.49902009579853124
  |->  par_lens = 7, 7, 7
[TDSE] Running TDSE-SH-elliptical. step 13600, energy = -0.4964137671673745
  |->  par_lens = 8, 8, 7
[TDSE] Running TDSE-SH-elliptical. step 13800, energy = -0.4939679084096955
  |->  par_lens = 10, 9, 9
[TDSE] Running TDSE-SH-elliptical. step 14000, energy = -0.494513722029082
  |->  par_lens = 10, 10, 9
[TDSE] Running TDSE-SH-elliptical. step 14200, energy = -0.49762327115354466
  |->  par_lens = 9, 8, 8
[TDSE] Running TDSE-SH-elliptical. step 14400, energy = -0.4986570643070704
  |->  par_lens = 9, 9, 8
[TDSE] Running TDSE-SH-elliptical. step 14600, energy = -0.4936614751310149
  |->  par_lens = 10, 10, 9
[TDSE] Running TDSE-SH-elliptical. step 14800, energy = -0.48538810531683985
  |->  par_lens = 13, 12, 13
[TDSE] Running TDSE-SH-elliptical. step 15000, energy = -0.4820946206263877
  |->  par_lens = 14, 13, 14
[TDSE] Running TDSE-SH-elliptical. step 15200, energy = -0.4880834359093995
  |->  par_lens = 15, 15, 14
[TDSE] Running TDSE-SH-elliptical. step 15400, energy = -0.49639816205922643
  |->  par_lens = 16, 16, 15
[TDSE] Running TDSE-SH-elliptical. step 15600, energy = -0.4946228686321828
  |->  par_lens = 16, 16, 15
[TDSE] Running TDSE-SH-elliptical. step 15800, energy = -0.48003544612909177
  |->  par_lens = 16, 15, 16
[TDSE] Running TDSE-SH-elliptical. step 16000, energy = -0.4660627523543939
  |->  par_lens = 20, 20, 20
[TDSE] Running TDSE-SH-elliptical. step 16200, energy = -0.4686669688983144
  |->  par_lens = 22, 22, 22
[TDSE] Running TDSE-SH-elliptical. step 16400, energy = -0.4856288068674171
  |->  par_lens = 25, 25, 25
[TDSE] Running TDSE-SH-elliptical. step 16600, energy = -0.4947484857520993
  |->  par_lens = 26, 25, 26
[TDSE] Running TDSE-SH-elliptical. step 16800, energy = -0.4782105125529737
  |->  par_lens = 23, 26, 24
[TDSE] Running TDSE-SH-elliptical. step 17000, energy = -0.44724666213455133
  |->  par_lens = 27, 27, 27
[TDSE] Running TDSE-SH-elliptical. step 17200, energy = -0.4341677971226819
  |->  par_lens = 33, 32, 33
[TDSE] Running TDSE-SH-elliptical. step 17400, energy = -0.4551142566251895
  |->  par_lens = 41, 42, 41
[TDSE] Running TDSE-SH-elliptical. step 17600, energy = -0.4859745540894582
  |->  par_lens = 47, 46, 46
[TDSE] Running TDSE-SH-elliptical. step 17800, energy = -0.4852703672097234
  |->  par_lens = 48, 47, 47
[TDSE] Running TDSE-SH-elliptical. step 18000, energy = -0.4438373046736626
  |->  par_lens = 43, 45, 41
[TDSE] Running TDSE-SH-elliptical. step 18200, energy = -0.4025885667150344
  |->  par_lens = 46, 42, 44
[TDSE] Running TDSE-SH-elliptical. step 18400, energy = -0.4083333215216682
  |->  par_lens = 58, 57, 57
[TDSE] Running TDSE-SH-elliptical. step 18600, energy = -0.456212742673473
  |->  par_lens = 72, 70, 71
[TDSE] Running TDSE-SH-elliptical. step 18800, energy = -0.48660745413054574
  |->  par_lens = 78, 77, 76
[TDSE] Running TDSE-SH-elliptical. step 19000, energy = -0.4522107590792347
  |->  par_lens = 77, 78, 76
[TDSE] Running TDSE-SH-elliptical. step 19200, energy = -0.37973345601680425
  |->  par_lens = 61, 60, 66
[TDSE] Running TDSE-SH-elliptical. step 19400, energy = -0.3470772290277842
  |->  par_lens = 74, 73, 71
[TDSE] Running TDSE-SH-elliptical. step 19600, energy = -0.3931017999000542
  |->  par_lens = 98, 98, 96
[TDSE] Running TDSE-SH-elliptical. step 19800, energy = -0.4652506719343146
  |->  par_lens = 117, 119, 117
[TDSE] Running TDSE-SH-elliptical. step 20000, energy = -0.4719800253825983
  |->  par_lens = 120, 122, 121
[TDSE] Running TDSE-SH-elliptical. step 20200, energy = -0.39118096074524084
  |->  par_lens = 122, 117, 118
[TDSE] Running TDSE-SH-elliptical. step 20400, energy = -0.30757343971806095
  |->  par_lens = 92, 89, 91
[TDSE] Running TDSE-SH-elliptical. step 20600, energy = -0.3150132656524957
  |->  par_lens = 118, 121, 120
[TDSE] Running TDSE-SH-elliptical. step 20800, energy = -0.40865533024008144
  |->  par_lens = 156, 154, 157
[TDSE] Running TDSE-SH-elliptical. step 21000, energy = -0.4741385309723028
  |->  par_lens = 171, 172, 171
[TDSE] Running TDSE-SH-elliptical. step 21200, energy = -0.42153569754584824
  |->  par_lens = 173, 178, 173
[TDSE] Running TDSE-SH-elliptical. step 21400, energy = -0.2954976423291528
  |->  par_lens = 157, 151, 152
[TDSE] Running TDSE-SH-elliptical. step 21600, energy = -0.23619419934939423
  |->  par_lens = 137, 143, 148
[TDSE] Running TDSE-SH-elliptical. step 21800, energy = -0.31000061818253405
  |->  par_lens = 190, 193, 194
[TDSE] Running TDSE-SH-elliptical. step 22000, energy = -0.43582471505067755
  |->  par_lens = 236, 233, 234
[TDSE] Running TDSE-SH-elliptical. step 22200, energy = -0.4581040730726213
  |->  par_lens = 244, 243, 245
[TDSE] Running TDSE-SH-elliptical. step 22400, energy = -0.3366751843989407
  |->  par_lens = 236, 237, 236
[TDSE] Running TDSE-SH-elliptical. step 22600, energy = -0.20571955553245566
  |->  par_lens = 193, 203, 202
[TDSE] Running TDSE-SH-elliptical. step 22800, energy = -0.21198227771246342
  |->  par_lens = 220, 215, 216
[TDSE] Running TDSE-SH-elliptical. step 23000, energy = -0.35265785913189285
  |->  par_lens = 278, 280, 277
[TDSE] Running TDSE-SH-elliptical. step 23200, energy = -0.4593673108972517
  |->  par_lens = 310, 310, 311
[TDSE] Running TDSE-SH-elliptical. step 23400, energy = -0.39618252341035953
  |->  par_lens = 310, 309, 310
[TDSE] Running TDSE-SH-elliptical. step 23600, energy = -0.22059084778880866
  |->  par_lens = 276, 277, 276
[TDSE] Running TDSE-SH-elliptical. step 23800, energy = -0.13539477955549886
  |->  par_lens = 240, 245, 247
[TDSE] Running TDSE-SH-elliptical. step 24000, energy = -0.2288812825344072
  |->  par_lens = 302, 307, 301
[TDSE] Running TDSE-SH-elliptical. step 24200, energy = -0.4044604177663999
  |->  par_lens = 371, 370, 366
[TDSE] Running TDSE-SH-elliptical. step 24400, energy = -0.44749304702657916
  |->  par_lens = 383, 384, 384
[TDSE] Running TDSE-SH-elliptical. step 24600, energy = -0.3003444256631311
  |->  par_lens = 368, 365, 374
[TDSE] Running TDSE-SH-elliptical. step 24800, energy = -0.1325974950607712
  |->  par_lens = 309, 319, 328
[TDSE] Running TDSE-SH-elliptical. step 25000, energy = -0.13547295529640008
  |->  par_lens = 329, 329, 323
[TDSE] Running TDSE-SH-elliptical. step 25200, energy = -0.3053456619970943
  |->  par_lens = 390, 393, 394
[TDSE] Running TDSE-SH-elliptical. step 25400, energy = -0.4453142526690467
  |->  par_lens = 435, 435, 434
[TDSE] Running TDSE-SH-elliptical. step 25600, energy = -0.3849321302995036
  |->  par_lens = 436, 435, 436
[TDSE] Running TDSE-SH-elliptical. step 25800, energy = -0.1842072814021685
  |->  par_lens = 395, 396, 400
[TDSE] Running TDSE-SH-elliptical. step 26000, energy = -0.08213803672642622
  |->  par_lens = 379, 383, 373
[TDSE] Running TDSE-SH-elliptical. step 26200, energy = -0.17980703311171445
  |->  par_lens = 407, 408, 409
[TDSE] Running TDSE-SH-elliptical. step 26400, energy = -0.38101090415360167
  |->  par_lens = 462, 460, 462
[TDSE] Running TDSE-SH-elliptical. step 26600, energy = -0.4424911623699618
  |->  par_lens = 476, 472, 473
[TDSE] Running TDSE-SH-elliptical. step 26800, energy = -0.2965908994414995
  |->  par_lens = 466, 468, 461
[TDSE] Running TDSE-SH-elliptical. step 27000, energy = -0.11895547499097812
  |->  par_lens = 453, 440, 441
[TDSE] Running TDSE-SH-elliptical. step 27200, energy = -0.11498331133720788
  |->  par_lens = 451, 451, 452
[TDSE] Running TDSE-SH-elliptical. step 27400, energy = -0.28610545104002433
  |->  par_lens = 472, 477, 473
[TDSE] Running TDSE-SH-elliptical. step 27600, energy = -0.4374254648968402
  |->  par_lens = 486, 489, 485
[TDSE] Running TDSE-SH-elliptical. step 27800, energy = -0.39084340088163894
  |->  par_lens = 487, 490, 486
[TDSE] Running TDSE-SH-elliptical. step 28000, energy = -0.20014880958576953
  |->  par_lens = 480, 485, 477
[TDSE] Running TDSE-SH-elliptical. step 28200, energy = -0.09667687704102981
  |->  par_lens = 463, 472, 467
[TDSE] Running TDSE-SH-elliptical. step 28400, energy = -0.18354806663823442
  |->  par_lens = 485, 484, 483
[TDSE] Running TDSE-SH-elliptical. step 28600, energy = -0.3747209581505622
  |->  par_lens = 495, 501, 494
[TDSE] Running TDSE-SH-elliptical. step 28800, energy = -0.4453901841264436
  |->  par_lens = 498, 502, 498
[TDSE] Running TDSE-SH-elliptical. step 29000, energy = -0.3268251054581315
  |->  par_lens = 494, 499, 498
[TDSE] Running TDSE-SH-elliptical. step 29200, energy = -0.1690384096234316
  |->  par_lens = 490, 493, 487
[TDSE] Running TDSE-SH-elliptical. step 29400, energy = -0.1592885014264453
  |->  par_lens = 487, 486, 489
[TDSE] Running TDSE-SH-elliptical. step 29600, energy = -0.30478097622204386
  |->  par_lens = 500, 502, 495
[TDSE] Running TDSE-SH-elliptical. step 29800, energy = -0.4386749301501199
  |->  par_lens = 503, 503, 503
[TDSE] Running TDSE-SH-elliptical. step 30000, energy = -0.4115552361597909
  |->  par_lens = 504, 507, 504
[TDSE] Running TDSE-SH-elliptical. step 30200, energy = -0.2624886079298577
  |->  par_lens = 501, 499, 499
[TDSE] Running TDSE-SH-elliptical. step 30400, energy = -0.17392203866592196
  |->  par_lens = 500, 490, 493
[TDSE] Running TDSE-SH-elliptical. step 30600, energy = -0.2392662424084565
  |->  par_lens = 501, 509, 507
[TDSE] Running TDSE-SH-elliptical. step 30800, energy = -0.3920173586741818
  |->  par_lens = 507, 510, 511
[TDSE] Running TDSE-SH-elliptical. step 31000, energy = -0.45510722106674434
  |->  par_lens = 509, 514, 512
[TDSE] Running TDSE-SH-elliptical. step 31200, energy = -0.37608454359527804
  |->  par_lens = 505, 511, 511
[TDSE] Running TDSE-SH-elliptical. step 31400, energy = -0.2630904583621751
  |->  par_lens = 501, 505, 498
[TDSE] Running TDSE-SH-elliptical. step 31600, energy = -0.2483558012888927
  |->  par_lens = 493, 500, 498
[TDSE] Running TDSE-SH-elliptical. step 31800, energy = -0.3524357044712658
  |->  par_lens = 503, 504, 499
[TDSE] Running TDSE-SH-elliptical. step 32000, energy = -0.4499609419511764
  |->  par_lens = 508, 508, 503
[TDSE] Running TDSE-SH-elliptical. step 32200, energy = -0.43959064503890644
  |->  par_lens = 509, 504, 503
[TDSE] Running TDSE-SH-elliptical. step 32400, energy = -0.3437898150007273
  |->  par_lens = 505, 504, 498
[TDSE] Running TDSE-SH-elliptical. step 32600, energy = -0.2784919251810761
  |->  par_lens = 499, 501, 498
[TDSE] Running TDSE-SH-elliptical. step 32800, energy = -0.31988331321027796
  |->  par_lens = 503, 512, 508
[TDSE] Running TDSE-SH-elliptical. step 33000, energy = -0.41868853609980694
  |->  par_lens = 510, 518, 507
[TDSE] Running TDSE-SH-elliptical. step 33200, energy = -0.46784131306220783
  |->  par_lens = 513, 516, 507
[TDSE] Running TDSE-SH-elliptical. step 33400, energy = -0.4278705930106084
  |->  par_lens = 512, 512, 510
[TDSE] Running TDSE-SH-elliptical. step 33600, energy = -0.3600797259400662
  |->  par_lens = 508, 511, 506
[TDSE] Running TDSE-SH-elliptical. step 33800, energy = -0.3508018297311217
  |->  par_lens = 505, 504, 503
[TDSE] Running TDSE-SH-elliptical. step 34000, energy = -0.40668093849839093
  |->  par_lens = 503, 510, 501
[TDSE] Running TDSE-SH-elliptical. step 34200, energy = -0.4652062005096602
  |->  par_lens = 502, 511, 502
[TDSE] Running TDSE-SH-elliptical. step 34400, energy = -0.46336093164273157
  |->  par_lens = 497, 513, 500
[TDSE] Running TDSE-SH-elliptical. step 34600, energy = -0.414077692898063
  |->  par_lens = 501, 504, 502
[TDSE] Running TDSE-SH-elliptical. step 34800, energy = -0.37968853377690803
  |->  par_lens = 497, 503, 500
[TDSE] Running TDSE-SH-elliptical. step 35000, energy = -0.39982708319170357
  |->  par_lens = 499, 504, 503
[TDSE] Running TDSE-SH-elliptical. step 35200, energy = -0.44952500126600636
  |->  par_lens = 505, 506, 505
[TDSE] Running TDSE-SH-elliptical. step 35400, energy = -0.47766253193881614
  |->  par_lens = 506, 506, 503
[TDSE] Running TDSE-SH-elliptical. step 35600, energy = -0.4629668706435693
  |->  par_lens = 501, 503, 500
[TDSE] Running TDSE-SH-elliptical. step 35800, energy = -0.4355712484677833
  |->  par_lens = 494, 490, 492
[TDSE] Running TDSE-SH-elliptical. step 36000, energy = -0.42885488159257207
  |->  par_lens = 482, 475, 466
[TDSE] Running TDSE-SH-elliptical. step 36200, energy = -0.45335770347611754
  |->  par_lens = 445, 446, 454
[TDSE] Running TDSE-SH-elliptical. step 36400, energy = -0.47709905789070567
  |->  par_lens = 423, 429, 427
[TDSE] Running TDSE-SH-elliptical. step 36600, energy = -0.4785527330105057
  |->  par_lens = 406, 416, 417
[TDSE] Running TDSE-SH-elliptical. step 36800, energy = -0.460117236192269
  |->  par_lens = 398, 399, 404
[TDSE] Running TDSE-SH-elliptical. step 37000, energy = -0.4470901919262716
  |->  par_lens = 400, 393, 388
[TDSE] Running TDSE-SH-elliptical. step 37200, energy = -0.45345826008188655
  |->  par_lens = 398, 394, 397
[TDSE] Running TDSE-SH-elliptical. step 37400, energy = -0.47172236551955143
  |->  par_lens = 402, 397, 393
[TDSE] Running TDSE-SH-elliptical. step 37600, energy = -0.48319092165191047
  |->  par_lens = 401, 395, 391
[TDSE] Running TDSE-SH-elliptical. step 37800, energy = -0.48142973155533236
  |->  par_lens = 393, 385, 382
[TDSE] Running TDSE-SH-elliptical. step 38000, energy = -0.4740821620260026
  |->  par_lens = 379, 372, 370
[TDSE] Running TDSE-SH-elliptical. step 38200, energy = -0.47279655811316296
  |->  par_lens = 350, 349, 344
[TDSE] Running TDSE-SH-elliptical. step 38400, energy = -0.47828279236917964
  |->  par_lens = 313, 325, 318
[TDSE] Running TDSE-SH-elliptical. step 38600, energy = -0.48413237547052324
  |->  par_lens = 290, 294, 294
[TDSE] Running TDSE-SH-elliptical. step 38800, energy = -0.48457873693419773
  |->  par_lens = 284, 277, 281
[TDSE] Running TDSE-SH-elliptical. step 39000, energy = -0.4806773291120928
  |->  par_lens = 275, 272, 277
[TDSE] Running TDSE-SH-elliptical. step 39200, energy = -0.4778927793427344
  |->  par_lens = 281, 284, 279
[TDSE] Running TDSE-SH-elliptical. step 39400, energy = -0.47905773449586425
  |->  par_lens = 292, 285, 293
[TDSE] Running TDSE-SH-elliptical. step 39600, energy = -0.48255778142494893
  |->  par_lens = 301, 302, 306
[TDSE] Running TDSE-SH-elliptical. step 39800, energy = -0.4854978966449716
  |->  par_lens = 304, 306, 306
[TDSE] Running TDSE-SH-elliptical. step 40000, energy = -0.4860623783573099
  |->  par_lens = 303, 305, 304
[TDSE] Running TDSE-SH-elliptical. step 40200, energy = -0.4857699473788823
  |->  par_lens = 303, 303, 303
[TDSE] Running TDSE-SH-elliptical. step 40400, energy = -0.4855848413999102
  |->  par_lens = 297, 300, 298
[TDSE] Running TDSE-SH-elliptical. step 40600, energy = -0.48606556167882314
  |->  par_lens = 292, 296, 293
[TDSE] Running TDSE-SH-elliptical. step 40800, energy = -0.4863309507401174
  |->  par_lens = 288, 292, 290
[TDSE] Running TDSE-SH-elliptical. step 41000, energy = -0.4862832659028171
  |->  par_lens = 287, 287, 288
[TDSE] Running TDSE-SH-elliptical. step 41200, energy = -0.48583452874831956
  |->  par_lens = 286, 288, 288
[TDSE] Running TDSE-SH-elliptical. step 41400, energy = -0.48575879369044517
  |->  par_lens = 288, 289, 289
[TDSE] Running TDSE-SH-elliptical. step 41600, energy = -0.485781306856429
  |->  par_lens = 288, 289, 291
[TDSE] Running TDSE-SH-elliptical. step 41800, energy = -0.48599639624866414
  |->  par_lens = 288, 290, 291
[TDSE] Running TDSE-SH-elliptical. step 42000, energy = -0.4862481988698674
  |->  par_lens = 289, 290, 291
[TDSE] Running TDSE-SH-elliptical. step 42200, energy = -0.4862845892811938
  |->  par_lens = 289, 290, 291
[TDSE] Running TDSE-SH-elliptical. step 42400, energy = -0.48642645445438953
  |->  par_lens = 288, 290, 291
[TDSE] Running TDSE-SH-elliptical. step 42600, energy = -0.4864225499689858
  |->  par_lens = 288, 291, 291
[TDSE] Running TDSE-SH-elliptical. step 42800, energy = -0.48642858514454945
  |->  par_lens = 289, 291, 291
[TDSE] Running TDSE-SH-elliptical. step 43000, energy = -0.4864788915256728
  |->  par_lens = 289, 292, 292
[TDSE] Running TDSE-SH-elliptical. step 43200, energy = -0.4864445299039429
  |->  par_lens = 289, 292, 293
[TDSE] Running TDSE-SH-elliptical. step 43400, energy = -0.486562636047018
  |->  par_lens = 289, 292, 293
[TDSE] Running TDSE-SH-elliptical. step 43600, energy = -0.4865212665270065
  |->  par_lens = 289, 292, 293
[TDSE] Running TDSE-SH-elliptical. step 43800, energy = -0.48653805650291415
  |->  par_lens = 290, 292, 293
[TDSE] Running TDSE-SH-elliptical. step 44000, energy = -0.4866293939535483
  |->  par_lens = 290, 292, 293
[TDSE] Running TDSE-SH-elliptical. step 44200, energy = -0.4866036674948526
  |->  par_lens = 290, 292, 293
[TDSE] Running TDSE-SH-elliptical. step 44400, energy = -0.4866971689358331
  |->  par_lens = 291, 292, 293
[TDSE] Running TDSE-SH-elliptical. step 44600, energy = -0.48665258264448297
  |->  par_lens = 291, 292, 293
[TDSE] Running TDSE-SH-elliptical. step 44800, energy = -0.4866982923189588
  |->  par_lens = 291, 292, 293
[TDSE] Running TDSE-SH-elliptical. step 45000, energy = -0.48676366383199043
  |->  par_lens = 291, 291, 293
[TDSE] Running TDSE-SH-elliptical. step 45200, energy = -0.48672444527806574
  |->  par_lens = 291, 291, 293
[TDSE] Running TDSE-SH-elliptical. step 45400, energy = -0.48685215415053373
  |->  par_lens = 292, 291, 293
[TDSE] Running TDSE-SH-elliptical. step 45600, energy = -0.4868220113331301
  |->  par_lens = 292, 291, 293
[TDSE] Running TDSE-SH-elliptical. step 45800, energy = -0.48686719326216216
  |->  par_lens = 292, 291, 294
[TDSE] Running TDSE-SH-elliptical. step 46000, energy = -0.48691716935529966
  |->  par_lens = 292, 291, 294
[TDSE] Running TDSE-SH-elliptical. step 46200, energy = -0.4868663499106095
  |->  par_lens = 292, 292, 294
[TDSE] Running TDSE-SH-elliptical. step 46400, energy = -0.4869753863861804
  |->  par_lens = 292, 292, 295
[TDSE] Running TDSE-SH-elliptical. step 46600, energy = -0.4869413675721906
  |->  par_lens = 292, 291, 295
[TDSE] Running TDSE-SH-elliptical. step 46800, energy = -0.48701609760424175
  |->  par_lens = 292, 291, 295
[TDSE] Running TDSE-SH-elliptical. step 47000, energy = -0.48705681325799466
  |->  par_lens = 292, 291, 295
[TDSE] Running TDSE-SH-elliptical. step 47200, energy = -0.487010907975578
  |->  par_lens = 292, 290, 295
[TDSE] Running TDSE-SH-elliptical. step 47400, energy = -0.487141614182151
  |->  par_lens = 292, 290, 295
[TDSE] Running TDSE-SH-elliptical. step 47600, energy = -0.48708382439012554
  |->  par_lens = 292, 290, 295
[TDSE] Running TDSE-SH-elliptical. step 47800, energy = -0.4871313767234331
  |->  par_lens = 292, 290, 295
[TDSE] Running TDSE-SH-elliptical. step 48000, energy = -0.4871735033749829
  |->  par_lens = 292, 290, 295
[TDSE] Running TDSE-SH-elliptical. step 48200, energy = -0.48715381276637665
  |->  par_lens = 292, 290, 295
[TDSE] Running TDSE-SH-elliptical. step 48400, energy = -0.487268868293693
  |->  par_lens = 292, 290, 296
[TDSE] Running TDSE-SH-elliptical. step 48600, energy = -0.4872033344974368
  |->  par_lens = 292, 292, 296
[TDSE] Running TDSE-SH-elliptical. step 48800, energy = -0.48729077759462097
  |->  par_lens = 291, 292, 296
[TDSE] Running TDSE-SH-elliptical. step 49000, energy = -0.48730567108159606
  |->  par_lens = 291, 292, 296
[TDSE] Running TDSE-SH-elliptical. step 49200, energy = -0.48724515447391714
  |->  par_lens = 291, 292, 296
[TDSE] Running TDSE-SH-elliptical. step 49400, energy = -0.48736459530909165
  |->  par_lens = 290, 292, 295
[TDSE] Running TDSE-SH-elliptical. step 49600, energy = -0.48730369719585387
  |->  par_lens = 290, 294, 295
[TDSE] Running TDSE-SH-elliptical. step 49800, energy = -0.4873813239171089
  |->  par_lens = 290, 294, 295
[TDSE] Running TDSE-SH-elliptical. step 50000, energy = -0.48740790693822106
  |->  par_lens = 290, 295, 295
[TDSE] Running TDSE-SH-elliptical. step 50200, energy = -0.4874130954589669
  |->  par_lens = 290, 295, 295
[TDSE] Running TDSE-SH-elliptical. step 50400, energy = -0.48753541678420437
  |->  par_lens = 290, 295, 296
[TDSE] Running TDSE-SH-elliptical. step 50600, energy = -0.48744113295716424
  |->  par_lens = 290, 295, 296
[TDSE] Running TDSE-SH-elliptical. step 50800, energy = -0.48754157756224586
  |->  par_lens = 290, 295, 296
[TDSE] Running TDSE-SH-elliptical. step 51000, energy = -0.48755533633907217
  |->  par_lens = 290, 295, 296
[TDSE] Running TDSE-SH-elliptical. step 51200, energy = -0.4875126141641346
  |->  par_lens = 290, 295, 296
[TDSE] Running TDSE-SH-elliptical. step 51400, energy = -0.487603902974412
  |->  par_lens = 290, 295, 296
[TDSE] Running TDSE-SH-elliptical. step 51600, energy = -0.48751627195453484
  |->  par_lens = 291, 294, 297
[TDSE] Running TDSE-SH-elliptical. step 51800, energy = -0.4876163234124519
  |->  par_lens = 292, 294, 297
[TDSE] Running TDSE-SH-elliptical. step 52000, energy = -0.48760589304998664
  |->  par_lens = 292, 294, 298
[TDSE] Running TDSE-SH-elliptical. step 52200, energy = -0.4875891313028018
  |->  par_lens = 293, 294, 299
[TDSE] Running TDSE-SH-elliptical. step 52400, energy = -0.4876892887204332
  |->  par_lens = 294, 294, 299
[TDSE] Running TDSE-SH-elliptical. step 52600, energy = -0.48760666141823633
  |->  par_lens = 294, 294, 299
[TDSE] Running TDSE-SH-elliptical. step 52800, energy = -0.4877500584279076
  |->  par_lens = 295, 294, 300
[TDSE] Running TDSE-SH-elliptical. step 53000, energy = -0.48774239290510707
  |->  par_lens = 295, 294, 300
