  Activating project at `~/JuliaProp_v0.1`
[ITP]: 10000.500040081823
[ITP]: 3.4096981904596646e-9
Energy of ground state: -0.5000400852322796
[TDSE] Start TDSE-SH for elliptical polarized laser. It may cost a plenty of time.
[TDSE] Running TDSE-SH-elliptical. step 0, energy = -0.5000400852322784
  |->  par_lens = 2, 2, 2
[TDSE] Running TDSE-SH-elliptical. step 200, energy = -0.5000400852321361
  |->  par_lens = 2, 2, 2
[TDSE] Running TDSE-SH-elliptical. step 400, energy = -0.5000400852317219
  |->  par_lens = 2, 2, 2
[TDSE] Running TDSE-SH-elliptical. step 600, energy = -0.5000400852285981
  |->  par_lens = 2, 2, 2
[TDSE] Running TDSE-SH-elliptical. step 800, energy = -0.5000400852128203
  |->  par_lens = 2, 2, 2
[TDSE] Running TDSE-SH-elliptical. step 1000, energy = -0.5000400851581315
  |->  par_lens = 2, 2, 2
[TDSE] Running TDSE-SH-elliptical. step 1200, energy = -0.5000400850084983
  |->  par_lens = 2, 2, 2
[TDSE] Running TDSE-SH-elliptical. step 1400, energy = -0.5000400846606017
  |->  par_lens = 2, 2, 2
[TDSE] Running TDSE-SH-elliptical. step 1600, energy = -0.5000400839429384
  |->  par_lens = 2, 2, 2
[TDSE] Running TDSE-SH-elliptical. step 1800, energy = -0.5000400825870475
  |->  par_lens = 2, 2, 2
[TDSE] Running TDSE-SH-elliptical. step 2000, energy = -0.5000400802034569
  |->  par_lens = 2, 2, 2
[TDSE] Running TDSE-SH-elliptical. step 2200, energy = -0.5000400762376824
  |->  par_lens = 2, 2, 2
[TDSE] Running TDSE-SH-elliptical. step 2400, energy = -0.50004006994735
  |->  par_lens = 2, 2, 2
[TDSE] Running TDSE-SH-elliptical. step 2600, energy = -0.5000400603516405
  |->  par_lens = 2, 2, 2
[TDSE] Running TDSE-SH-elliptical. step 2800, energy = -0.5000400461878568
  |->  par_lens = 2, 2, 2
[TDSE] Running TDSE-SH-elliptical. step 3000, energy = -0.5000400258980875
  |->  par_lens = 2, 2, 2
[TDSE] Running TDSE-SH-elliptical. step 3200, energy = -0.5000399975232399
  |->  par_lens = 2, 2, 2
[TDSE] Running TDSE-SH-elliptical. step 3400, energy = -0.5000399587800242
  |->  par_lens = 2, 2, 2
[TDSE] Running TDSE-SH-elliptical. step 3600, energy = -0.5000399068373277
  |->  par_lens = 2, 2, 2
[TDSE] Running TDSE-SH-elliptical. step 3800, energy = -0.5000398384858828
  |->  par_lens = 2, 2, 2
[TDSE] Running TDSE-SH-elliptical. step 4000, energy = -0.5000397500794129
  |->  par_lens = 2, 2, 2
[TDSE] Running TDSE-SH-elliptical. step 4200, energy = -0.5000396371136323
  |->  par_lens = 2, 2, 2
[TDSE] Running TDSE-SH-elliptical. step 4400, energy = -0.5000394950604444
  |->  par_lens = 2, 2, 2
[TDSE] Running TDSE-SH-elliptical. step 4600, energy = -0.5000393184020112
  |->  par_lens = 2, 2, 2
[TDSE] Running TDSE-SH-elliptical. step 4800, energy = -0.5000391012858968
  |->  par_lens = 2, 2, 2
[TDSE] Running TDSE-SH-elliptical. step 5000, energy = -0.5000388373045169
  |->  par_lens = 2, 2, 2
[TDSE] Running TDSE-SH-elliptical. step 5200, energy = -0.5000385191240081
  |->  par_lens = 2, 2, 2
[TDSE] Running TDSE-SH-elliptical. step 5400, energy = -0.5000381403973077
  |->  par_lens = 2, 2, 2
[TDSE] Running TDSE-SH-elliptical. step 5600, energy = -0.5000376917281993
  |->  par_lens = 2, 2, 2
[TDSE] Running TDSE-SH-elliptical. step 5800, energy = -0.5000371655388159
  |->  par_lens = 2, 2, 2
[TDSE] Running TDSE-SH-elliptical. step 6000, energy = -0.5000365542086727
  |->  par_lens = 2, 2, 2
[TDSE] Running TDSE-SH-elliptical. step 6200, energy = -0.5000358468739382
  |->  par_lens = 2, 2, 2
[TDSE] Running TDSE-SH-elliptical. step 6400, energy = -0.5000350364761903
  |->  par_lens = 2, 2, 2
[TDSE] Running TDSE-SH-elliptical. step 6600, energy = -0.5000341119538058
  |->  par_lens = 2, 2, 2
[TDSE] Running TDSE-SH-elliptical. step 6800, energy = -0.5000330667436026
  |->  par_lens = 2, 2, 2
[TDSE] Running TDSE-SH-elliptical. step 7000, energy = -0.5000318907668932
  |->  par_lens = 2, 2, 2
[TDSE] Running TDSE-SH-elliptical. step 7200, energy = -0.5000305723692716
  |->  par_lens = 2, 2, 2
[TDSE] Running TDSE-SH-elliptical. step 7400, energy = -0.5000291107447128
  |->  par_lens = 4, 3, 3
[TDSE] Running TDSE-SH-elliptical. step 7600, energy = -0.5000274904028192
  |->  par_lens = 4, 3, 3
[TDSE] Running TDSE-SH-elliptical. step 7800, energy = -0.5000257083112879
  |->  par_lens = 4, 3, 3
[TDSE] Running TDSE-SH-elliptical. step 8000, energy = -0.5000237592087978
  |->  par_lens = 4, 3, 3
[TDSE] Running TDSE-SH-elliptical. step 8200, energy = -0.5000216320023435
  |->  par_lens = 4, 3, 3
[TDSE] Running TDSE-SH-elliptical. step 8400, energy = -0.5000193317338477
  |->  par_lens = 4, 3, 3
[TDSE] Running TDSE-SH-elliptical. step 8600, energy = -0.5000168436296826
  |->  par_lens = 4, 3, 3
[TDSE] Running TDSE-SH-elliptical. step 8800, energy = -0.5000141763737848
  |->  par_lens = 4, 3, 3
[TDSE] Running TDSE-SH-elliptical. step 9000, energy = -0.5000113227023465
  |->  par_lens = 4, 3, 3
[TDSE] Running TDSE-SH-elliptical. step 9200, energy = -0.5000082780873436
  |->  par_lens = 4, 3, 3
[TDSE] Running TDSE-SH-elliptical. step 9400, energy = -0.5000050663235048
  |->  par_lens = 4, 3, 3
[TDSE] Running TDSE-SH-elliptical. step 9600, energy = -0.500001660539651
  |->  par_lens = 4, 3, 3
[TDSE] Running TDSE-SH-elliptical. step 9800, energy = -0.49999808317571076
  |->  par_lens = 4, 3, 3
[TDSE] Running TDSE-SH-elliptical. step 10000, energy = -0.499994344318621
  |->  par_lens = 4, 3, 3
[TDSE] Running TDSE-SH-elliptical. step 10200, energy = -0.49999003345437854
  |->  par_lens = 4, 3, 3
[TDSE] Running TDSE-SH-elliptical. step 10400, energy = -0.49998300333451395
  |->  par_lens = 4, 3, 3
[TDSE] Running TDSE-SH-elliptical. step 10600, energy = -0.49997671404788185
  |->  par_lens = 4, 3, 3
[TDSE] Running TDSE-SH-elliptical. step 10800, energy = -0.499981914223832
  |->  par_lens = 4, 3, 3
[TDSE] Running TDSE-SH-elliptical. step 11000, energy = -0.5000062598768054
  |->  par_lens = 4, 3, 3
[TDSE] Running TDSE-SH-elliptical. step 11200, energy = -0.5000337479990471
  |->  par_lens = 4, 3, 3
[TDSE] Running TDSE-SH-elliptical. step 11400, energy = -0.5000336817040212
  |->  par_lens = 4, 3, 3
[TDSE] Running TDSE-SH-elliptical. step 11600, energy = -0.5000102784868524
  |->  par_lens = 4, 3, 3
[TDSE] Running TDSE-SH-elliptical. step 11800, energy = -0.5000055476328663
  |->  par_lens = 4, 3, 3
[TDSE] Running TDSE-SH-elliptical. step 12000, energy = -0.4999673185989469
  |->  par_lens = 4, 3, 3
[TDSE] Running TDSE-SH-elliptical. step 12200, energy = -0.4996393629004819
  |->  par_lens = 5, 5, 5
[TDSE] Running TDSE-SH-elliptical. step 12400, energy = -0.4987883204603965
  |->  par_lens = 6, 7, 6
[TDSE] Running TDSE-SH-elliptical. step 12600, energy = -0.49770692221398916
  |->  par_lens = 7, 7, 7
[TDSE] Running TDSE-SH-elliptical. step 12800, energy = -0.49728487790165504
  |->  par_lens = 10, 9, 9
[TDSE] Running TDSE-SH-elliptical. step 13000, energy = -0.4981161424795002
  |->  par_lens = 10, 11, 10
[TDSE] Running TDSE-SH-elliptical. step 13200, energy = -0.4994169896129886
  |->  par_lens = 10, 11, 10
[TDSE] Running TDSE-SH-elliptical. step 13400, energy = -0.49941084595760993
  |->  par_lens = 10, 11, 10
[TDSE] Running TDSE-SH-elliptical. step 13600, energy = -0.4974331024336835
  |->  par_lens = 11, 11, 10
[TDSE] Running TDSE-SH-elliptical. step 13800, energy = -0.49538029890348084
  |->  par_lens = 11, 10, 10
[TDSE] Running TDSE-SH-elliptical. step 14000, energy = -0.49585985119373194
  |->  par_lens = 11, 11, 9
[TDSE] Running TDSE-SH-elliptical. step 14200, energy = -0.4983369483529392
  |->  par_lens = 11, 10, 10
[TDSE] Running TDSE-SH-elliptical. step 14400, energy = -0.4982575065218681
  |->  par_lens = 10, 10, 10
[TDSE] Running TDSE-SH-elliptical. step 14600, energy = -0.49195963229749184
  |->  par_lens = 11, 10, 11
[TDSE] Running TDSE-SH-elliptical. step 14800, energy = -0.48262964120675683
  |->  par_lens = 13, 13, 14
[TDSE] Running TDSE-SH-elliptical. step 15000, energy = -0.4789656797113678
  |->  par_lens = 19, 18, 18
[TDSE] Running TDSE-SH-elliptical. step 15200, energy = -0.48555167415921313
  |->  par_lens = 24, 23, 24
[TDSE] Running TDSE-SH-elliptical. step 15400, energy = -0.49541467994836913
  |->  par_lens = 28, 26, 27
[TDSE] Running TDSE-SH-elliptical. step 15600, energy = -0.49577065141001514
  |->  par_lens = 28, 26, 28
[TDSE] Running TDSE-SH-elliptical. step 15800, energy = -0.483244033952898
  |->  par_lens = 26, 26, 26
[TDSE] Running TDSE-SH-elliptical. step 16000, energy = -0.47051515157978324
  |->  par_lens = 24, 24, 23
[TDSE] Running TDSE-SH-elliptical. step 16200, energy = -0.4729629017482593
  |->  par_lens = 23, 26, 24
[TDSE] Running TDSE-SH-elliptical. step 16400, energy = -0.4881855830529122
  |->  par_lens = 27, 29, 26
[TDSE] Running TDSE-SH-elliptical. step 16600, energy = -0.4943304340799111
  |->  par_lens = 26, 26, 26
[TDSE] Running TDSE-SH-elliptical. step 16800, energy = -0.47442227939698234
  |->  par_lens = 25, 24, 22
[TDSE] Running TDSE-SH-elliptical. step 17000, energy = -0.44080425259182504
  |->  par_lens = 29, 29, 29
[TDSE] Running TDSE-SH-elliptical. step 17200, energy = -0.4268012537228806
  |->  par_lens = 36, 36, 36
[TDSE] Running TDSE-SH-elliptical. step 17400, energy = -0.4491036223709949
  |->  par_lens = 48, 48, 48
[TDSE] Running TDSE-SH-elliptical. step 17600, energy = -0.4834370964590435
  |->  par_lens = 56, 57, 58
[TDSE] Running TDSE-SH-elliptical. step 17800, energy = -0.4874150704885166
  |->  par_lens = 58, 58, 59
[TDSE] Running TDSE-SH-elliptical. step 18000, energy = -0.45041600391506653
  |->  par_lens = 55, 55, 58
[TDSE] Running TDSE-SH-elliptical. step 18200, energy = -0.4118038964037712
  |->  par_lens = 46, 41, 46
[TDSE] Running TDSE-SH-elliptical. step 18400, energy = -0.41731178590862217
  |->  par_lens = 59, 56, 58
[TDSE] Running TDSE-SH-elliptical. step 18600, energy = -0.4618272397120783
  |->  par_lens = 70, 67, 70
[TDSE] Running TDSE-SH-elliptical. step 18800, energy = -0.486527151100114
  |->  par_lens = 73, 73, 71
[TDSE] Running TDSE-SH-elliptical. step 19000, energy = -0.4457666743400693
  |->  par_lens = 74, 68, 70
[TDSE] Running TDSE-SH-elliptical. step 19200, energy = -0.3683508230322482
  |->  par_lens = 56, 54, 52
[TDSE] Running TDSE-SH-elliptical. step 19400, energy = -0.3339551169943253
  |->  par_lens = 75, 74, 76
[TDSE] Running TDSE-SH-elliptical. step 19600, energy = -0.38227922717065915
  |->  par_lens = 103, 103, 104
[TDSE] Running TDSE-SH-elliptical. step 19800, energy = -0.4603712970856894
  |->  par_lens = 125, 125, 126
[TDSE] Running TDSE-SH-elliptical. step 20000, energy = -0.47506071701341945
  |->  par_lens = 133, 130, 130
[TDSE] Running TDSE-SH-elliptical. step 20200, energy = -0.40173242349382515
  |->  par_lens = 132, 129, 132
[TDSE] Running TDSE-SH-elliptical. step 20400, energy = -0.32251525922235136
  |->  par_lens = 101, 102, 104
[TDSE] Running TDSE-SH-elliptical. step 20600, energy = -0.3297191768327915
  |->  par_lens = 114, 113, 117
[TDSE] Running TDSE-SH-elliptical. step 20800, energy = -0.41814070543089255
  |->  par_lens = 148, 151, 147
[TDSE] Running TDSE-SH-elliptical. step 21000, energy = -0.4748461875451358
  |->  par_lens = 164, 160, 160
[TDSE] Running TDSE-SH-elliptical. step 21200, energy = -0.4124729863557983
  |->  par_lens = 163, 161, 161
[TDSE] Running TDSE-SH-elliptical. step 21400, energy = -0.2788855016268696
  |->  par_lens = 142, 135, 135
[TDSE] Running TDSE-SH-elliptical. step 21600, energy = -0.21692467064339616
  |->  par_lens = 137, 140, 137
[TDSE] Running TDSE-SH-elliptical. step 21800, energy = -0.29388383126005546
  |->  par_lens = 197, 199, 194
[TDSE] Running TDSE-SH-elliptical. step 22000, energy = -0.42815847132417445
  |->  par_lens = 251, 250, 250
[TDSE] Running TDSE-SH-elliptical. step 22200, energy = -0.4617126239193982
  |->  par_lens = 262, 263, 262
[TDSE] Running TDSE-SH-elliptical. step 22400, energy = -0.3508525285818213
  |->  par_lens = 260, 263, 265
[TDSE] Running TDSE-SH-elliptical. step 22600, energy = -0.2260583382391465
  |->  par_lens = 213, 214, 215
[TDSE] Running TDSE-SH-elliptical. step 22800, energy = -0.2321623027266249
  |->  par_lens = 209, 221, 217
[TDSE] Running TDSE-SH-elliptical. step 23000, energy = -0.3660062682527876
  |->  par_lens = 274, 277, 272
[TDSE] Running TDSE-SH-elliptical. step 23200, energy = -0.4612291728462319
  |->  par_lens = 299, 298, 297
[TDSE] Running TDSE-SH-elliptical. step 23400, energy = -0.38526850441688504
  |->  par_lens = 298, 296, 292
[TDSE] Running TDSE-SH-elliptical. step 23600, energy = -0.19976267530685216
  |->  par_lens = 273, 268, 267
[TDSE] Running TDSE-SH-elliptical. step 23800, energy = -0.111085783423703
  |->  par_lens = 251, 246, 248
[TDSE] Running TDSE-SH-elliptical. step 24000, energy = -0.20824726773485927
  |->  par_lens = 324, 319, 319
[TDSE] Running TDSE-SH-elliptical. step 24200, energy = -0.39420682985845573
  |->  par_lens = 397, 400, 397
[TDSE] Running TDSE-SH-elliptical. step 24400, energy = -0.4509954938662388
  |->  par_lens = 413, 418, 416
[TDSE] Running TDSE-SH-elliptical. step 24600, energy = -0.3167240943502322
  |->  par_lens = 400, 405, 399
[TDSE] Running TDSE-SH-elliptical. step 24800, energy = -0.15654058670450022
  |->  par_lens = 347, 357, 360
[TDSE] Running TDSE-SH-elliptical. step 25000, energy = -0.15936917651586419
  |->  par_lens = 327, 323, 340
[TDSE] Running TDSE-SH-elliptical. step 25200, energy = -0.321536130979693
  |->  par_lens = 393, 391, 392
[TDSE] Running TDSE-SH-elliptical. step 25400, energy = -0.44841930254386375
  |->  par_lens = 425, 428, 426
[TDSE] Running TDSE-SH-elliptical. step 25600, energy = -0.3734849355398466
  |->  par_lens = 427, 427, 430
[TDSE] Running TDSE-SH-elliptical. step 25800, energy = -0.16143657970362202
  |->  par_lens = 396, 385, 404
[TDSE] Running TDSE-SH-elliptical. step 26000, energy = -0.055329565152243965
  |->  par_lens = 402, 404, 399
[TDSE] Running TDSE-SH-elliptical. step 26200, energy = -0.1567604973323551
  |->  par_lens = 453, 446, 438
[TDSE] Running TDSE-SH-elliptical. step 26400, energy = -0.36912191627598434
  |->  par_lens = 497, 497, 497
[TDSE] Running TDSE-SH-elliptical. step 26600, energy = -0.44525050537196864
  |->  par_lens = 513, 514, 514
[TDSE] Running TDSE-SH-elliptical. step 26800, energy = -0.31307042131748614
  |->  par_lens = 510, 510, 508
[TDSE] Running TDSE-SH-elliptical. step 27000, energy = -0.14357874136961898
  |->  par_lens = 482, 483, 495
[TDSE] Running TDSE-SH-elliptical. step 27200, energy = -0.13976758617250862
  |->  par_lens = 482, 476, 477
[TDSE] Running TDSE-SH-elliptical. step 27400, energy = -0.30321775282650343
  |->  par_lens = 503, 505, 511
[TDSE] Running TDSE-SH-elliptical. step 27600, energy = -0.44139574488791905
  |->  par_lens = 515, 518, 519
[TDSE] Running TDSE-SH-elliptical. step 27800, energy = -0.38022360717471193
  |->  par_lens = 517, 518, 521
[TDSE] Running TDSE-SH-elliptical. step 28000, energy = -0.17818323013626575
  |->  par_lens = 504, 511, 502
[TDSE] Running TDSE-SH-elliptical. step 28200, energy = -0.0705515602605923
  |->  par_lens = 508, 512, 512
[TDSE] Running TDSE-SH-elliptical. step 28400, energy = -0.1608530394020863
  |->  par_lens = 533, 531, 526
[TDSE] Running TDSE-SH-elliptical. step 28600, energy = -0.362541176669743
  |->  par_lens = 554, 555, 555
[TDSE] Running TDSE-SH-elliptical. step 28800, energy = -0.4470867187919384
  |->  par_lens = 563, 564, 562
[TDSE] Running TDSE-SH-elliptical. step 29000, energy = -0.34140391065742814
  |->  par_lens = 561, 565, 562
[TDSE] Running TDSE-SH-elliptical. step 29200, energy = -0.1913640491766624
  |->  par_lens = 550, 558, 552
[TDSE] Running TDSE-SH-elliptical. step 29400, energy = -0.18195302912668126
  |->  par_lens = 525, 534, 537
[TDSE] Running TDSE-SH-elliptical. step 29600, energy = -0.3206502443616654
  |->  par_lens = 540, 545, 535
[TDSE] Running TDSE-SH-elliptical. step 29800, energy = -0.44295972876370343
  |->  par_lens = 551, 547, 542
[TDSE] Running TDSE-SH-elliptical. step 30000, energy = -0.4028215098180938
  |->  par_lens = 549, 550, 546
[TDSE] Running TDSE-SH-elliptical. step 30200, energy = -0.243739448434921
  |->  par_lens = 553, 549, 542
[TDSE] Running TDSE-SH-elliptical. step 30400, energy = -0.15139146894628683
  |->  par_lens = 554, 557, 554
[TDSE] Running TDSE-SH-elliptical. step 30600, energy = -0.21954964231623353
  |->  par_lens = 568, 571, 568
[TDSE] Running TDSE-SH-elliptical. step 30800, energy = -0.38111330085694733
  |->  par_lens = 579, 577, 577
[TDSE] Running TDSE-SH-elliptical. step 31000, energy = -0.45565141530621156
  |->  par_lens = 583, 581, 581
[TDSE] Running TDSE-SH-elliptical. step 31200, energy = -0.38739890571270147
  |->  par_lens = 583, 581, 581
[TDSE] Running TDSE-SH-elliptical. step 31400, energy = -0.2807878555319097
  |->  par_lens = 581, 580, 579
[TDSE] Running TDSE-SH-elliptical. step 31600, energy = -0.2666414673006854
  |->  par_lens = 571, 569, 567
[TDSE] Running TDSE-SH-elliptical. step 31800, energy = -0.3653425461556782
  |->  par_lens = 569, 564, 561
[TDSE] Running TDSE-SH-elliptical. step 32000, energy = -0.45382784711373414
  |->  par_lens = 568, 560, 560
[TDSE] Running TDSE-SH-elliptical. step 32200, energy = -0.433288827346247
  |->  par_lens = 560, 559, 557
[TDSE] Running TDSE-SH-elliptical. step 32400, energy = -0.32974275346493814
  |->  par_lens = 570, 560, 561
[TDSE] Running TDSE-SH-elliptical. step 32600, energy = -0.26120001509105634
  |->  par_lens = 577, 576, 577
[TDSE] Running TDSE-SH-elliptical. step 32800, energy = -0.3046369125400615
  |->  par_lens = 581, 580, 581
[TDSE] Running TDSE-SH-elliptical. step 33000, energy = -0.4098380434996609
  |->  par_lens = 584, 583, 583
[TDSE] Running TDSE-SH-elliptical. step 33200, energy = -0.4675899031521846
  |->  par_lens = 586, 586, 585
[TDSE] Running TDSE-SH-elliptical. step 33400, energy = -0.43539444707104685
  |->  par_lens = 586, 585, 585
[TDSE] Running TDSE-SH-elliptical. step 33600, energy = -0.37242251452459657
  |->  par_lens = 585, 584, 585
[TDSE] Running TDSE-SH-elliptical. step 33800, energy = -0.3635794210992514
  |->  par_lens = 582, 582, 583
[TDSE] Running TDSE-SH-elliptical. step 34000, energy = -0.41594676661917324
  |->  par_lens = 584, 584, 579
[TDSE] Running TDSE-SH-elliptical. step 34200, energy = -0.46816500263052274
  |->  par_lens = 578, 575, 575
[TDSE] Running TDSE-SH-elliptical. step 34400, energy = -0.459322386705203
  |->  par_lens = 581, 573, 576
[TDSE] Running TDSE-SH-elliptical. step 34600, energy = -0.40478396537605343
  |->  par_lens = 582, 580, 580
[TDSE] Running TDSE-SH-elliptical. step 34800, energy = -0.368133501727753
  |->  par_lens = 586, 585, 582
[TDSE] Running TDSE-SH-elliptical. step 35000, energy = -0.38954798022470716
  |->  par_lens = 586, 586, 585
[TDSE] Running TDSE-SH-elliptical. step 35200, energy = -0.443347166522459
  |->  par_lens = 586, 586, 585
[TDSE] Running TDSE-SH-elliptical. step 35400, energy = -0.4767775178255899
  |->  par_lens = 586, 586, 585
[TDSE] Running TDSE-SH-elliptical. step 35600, energy = -0.4671041834840736
  |->  par_lens = 586, 585, 585
[TDSE] Running TDSE-SH-elliptical. step 35800, energy = -0.44262774197296884
  |->  par_lens = 584, 584, 582
[TDSE] Running TDSE-SH-elliptical. step 36000, energy = -0.43641567852238333
  |->  par_lens = 580, 582, 582
[TDSE] Running TDSE-SH-elliptical. step 36200, energy = -0.4587978216607702
  |->  par_lens = 576, 573, 570
[TDSE] Running TDSE-SH-elliptical. step 36400, energy = -0.47888953620530944
  |->  par_lens = 569, 567, 557
[TDSE] Running TDSE-SH-elliptical. step 36600, energy = -0.47642055956519597
  |->  par_lens = 566, 561, 552
[TDSE] Running TDSE-SH-elliptical. step 36800, energy = -0.4549259702294557
  |->  par_lens = 568, 565, 563
[TDSE] Running TDSE-SH-elliptical. step 37000, energy = -0.4406854788169995
  |->  par_lens = 572, 572, 568
[TDSE] Running TDSE-SH-elliptical. step 37200, energy = -0.44758948549631555
  |->  par_lens = 581, 579, 577
[TDSE] Running TDSE-SH-elliptical. step 37400, energy = -0.4679952394519976
  |->  par_lens = 585, 586, 581
[TDSE] Running TDSE-SH-elliptical. step 37600, energy = -0.48222594229599147
  |->  par_lens = 586, 586, 585
[TDSE] Running TDSE-SH-elliptical. step 37800, energy = -0.4828786220966376
  |->  par_lens = 586, 586, 585
[TDSE] Running TDSE-SH-elliptical. step 38000, energy = -0.47709770718132644
  |->  par_lens = 585, 584, 584
[TDSE] Running TDSE-SH-elliptical. step 38200, energy = -0.4760349032026466
  |->  par_lens = 581, 582, 579
[TDSE] Running TDSE-SH-elliptical. step 38400, energy = -0.480647257614042
  |->  par_lens = 578, 576, 573
[TDSE] Running TDSE-SH-elliptical. step 38600, energy = -0.4848864355842736
  |->  par_lens = 570, 565, 568
[TDSE] Running TDSE-SH-elliptical. step 38800, energy = -0.48357975220425325
  |->  par_lens = 566, 564, 568
[TDSE] Running TDSE-SH-elliptical. step 39000, energy = -0.4784059922274201
  |->  par_lens = 567, 567, 571
[TDSE] Running TDSE-SH-elliptical. step 39200, energy = -0.475033782561853
  |->  par_lens = 577, 575, 575
[TDSE] Running TDSE-SH-elliptical. step 39400, energy = -0.47646552484891386
  |->  par_lens = 582, 581, 580
[TDSE] Running TDSE-SH-elliptical. step 39600, energy = -0.4807182308883085
  |->  par_lens = 584, 583, 585
[TDSE] Running TDSE-SH-elliptical. step 39800, energy = -0.48462249119852546
  |->  par_lens = 584, 585, 586
[TDSE] Running TDSE-SH-elliptical. step 40000, energy = -0.4860774780273247
  |->  par_lens = 584, 585, 586
[TDSE] Running TDSE-SH-elliptical. step 40200, energy = -0.486222780379849
  |->  par_lens = 584, 585, 586
[TDSE] Running TDSE-SH-elliptical. step 40400, energy = -0.48616403161906446
  |->  par_lens = 584, 584, 586
[TDSE] Running TDSE-SH-elliptical. step 40600, energy = -0.4863742720806075
  |->  par_lens = 583, 583, 584
[TDSE] Running TDSE-SH-elliptical. step 40800, energy = -0.4862329328158146
  |->  par_lens = 583, 583, 583
[TDSE] Running TDSE-SH-elliptical. step 41000, energy = -0.4858251197054668
  |->  par_lens = 583, 583, 585
[TDSE] Running TDSE-SH-elliptical. step 41200, energy = -0.4850302606494403
  |->  par_lens = 583, 583, 586
[TDSE] Running TDSE-SH-elliptical. step 41400, energy = -0.4849169505374041
  |->  par_lens = 583, 584, 586
[TDSE] Running TDSE-SH-elliptical. step 41600, energy = -0.4849412478597002
  |->  par_lens = 583, 585, 586
[TDSE] Running TDSE-SH-elliptical. step 41800, energy = -0.48524441107157645
  |->  par_lens = 583, 585, 586
[TDSE] Running TDSE-SH-elliptical. step 42000, energy = -0.4856652599430507
  |->  par_lens = 584, 585, 586
[TDSE] Running TDSE-SH-elliptical. step 42200, energy = -0.48572299555999676
  |->  par_lens = 584, 585, 586
[TDSE] Running TDSE-SH-elliptical. step 42400, energy = -0.48595223065571364
  |->  par_lens = 584, 585, 586
[TDSE] Running TDSE-SH-elliptical. step 42600, energy = -0.4859252670357733
  |->  par_lens = 584, 585, 586
[TDSE] Running TDSE-SH-elliptical. step 42800, energy = -0.48593029275475813
  |->  par_lens = 584, 585, 586
[TDSE] Running TDSE-SH-elliptical. step 43000, energy = -0.4860150790499772
  |->  par_lens = 584, 585, 586
[TDSE] Running TDSE-SH-elliptical. step 43200, energy = -0.4859229678728097
  |->  par_lens = 584, 585, 586
[TDSE] Running TDSE-SH-elliptical. step 43400, energy = -0.48610730024319015
  |->  par_lens = 584, 585, 586
[TDSE] Running TDSE-SH-elliptical. step 43600, energy = -0.48602863755353054
  |->  par_lens = 584, 585, 586
[TDSE] Running TDSE-SH-elliptical. step 43800, energy = -0.4860423869040062
  |->  par_lens = 584, 585, 586
[TDSE] Running TDSE-SH-elliptical. step 44000, energy = -0.48617779135519235
  |->  par_lens = 584, 585, 586
[TDSE] Running TDSE-SH-elliptical. step 44200, energy = -0.48610926255624415
  |->  par_lens = 584, 585, 586
[TDSE] Running TDSE-SH-elliptical. step 44400, energy = -0.486250621932843
  |->  par_lens = 584, 585, 586
[TDSE] Running TDSE-SH-elliptical. step 44600, energy = -0.4861633576763528
  |->  par_lens = 584, 585, 586
[TDSE] Running TDSE-SH-elliptical. step 44800, energy = -0.48622804352466203
  |->  par_lens = 584, 585, 586
[TDSE] Running TDSE-SH-elliptical. step 45000, energy = -0.4863204294883635
  |->  par_lens = 584, 585, 586
[TDSE] Running TDSE-SH-elliptical. step 45200, energy = -0.48622370548888677
  |->  par_lens = 584, 585, 586
[TDSE] Running TDSE-SH-elliptical. step 45400, energy = -0.4864177314650068
  |->  par_lens = 584, 585, 586
[TDSE] Running TDSE-SH-elliptical. step 45600, energy = -0.4863608586017997
  |->  par_lens = 584, 585, 586
[TDSE] Running TDSE-SH-elliptical. step 45800, energy = -0.48641307299968534
  |->  par_lens = 584, 585, 586
[TDSE] Running TDSE-SH-elliptical. step 46000, energy = -0.4864735885214361
  |->  par_lens = 584, 585, 586
[TDSE] Running TDSE-SH-elliptical. step 46200, energy = -0.48637905622596417
  |->  par_lens = 584, 585, 586
[TDSE] Running TDSE-SH-elliptical. step 46400, energy = -0.4865486379308401
  |->  par_lens = 584, 585, 586
[TDSE] Running TDSE-SH-elliptical. step 46600, energy = -0.4864780172779388
  |->  par_lens = 584, 585, 586
[TDSE] Running TDSE-SH-elliptical. step 46800, energy = -0.48657013211345707
  |->  par_lens = 584, 585, 586
[TDSE] Running TDSE-SH-elliptical. step 47000, energy = -0.48661757275862866
  |->  par_lens = 584, 585, 586
[TDSE] Running TDSE-SH-elliptical. step 47200, energy = -0.4865277544885609
  |->  par_lens = 584, 585, 586
[TDSE] Running TDSE-SH-elliptical. step 47400, energy = -0.4867236759608982
  |->  par_lens = 584, 585, 586
[TDSE] Running TDSE-SH-elliptical. step 47600, energy = -0.4866320712293352
  |->  par_lens = 584, 585, 586
[TDSE] Running TDSE-SH-elliptical. step 47800, energy = -0.4866906636856002
  |->  par_lens = 584, 585, 586
[TDSE] Running TDSE-SH-elliptical. step 48000, energy = -0.4867364813647351
  |->  par_lens = 583, 584, 585
[TDSE] Running TDSE-SH-elliptical. step 48200, energy = -0.4866902939677269
  |->  par_lens = 583, 584, 584
[TDSE] Running TDSE-SH-elliptical. step 48400, energy = -0.48685151755130035
  |->  par_lens = 583, 584, 584
[TDSE] Running TDSE-SH-elliptical. step 48600, energy = -0.4867210943692653
  |->  par_lens = 583, 584, 584
[TDSE] Running TDSE-SH-elliptical. step 48800, energy = -0.4868323363352202
  |->  par_lens = 583, 584, 584
[TDSE] Running TDSE-SH-elliptical. step 49000, energy = -0.48687182843736265
  |->  par_lens = 583, 584, 584
[TDSE] Running TDSE-SH-elliptical. step 49200, energy = -0.486789060175417
  |->  par_lens = 583, 584, 584
[TDSE] Running TDSE-SH-elliptical. step 49400, energy = -0.486953627548301
  |->  par_lens = 583, 583, 584
[TDSE] Running TDSE-SH-elliptical. step 49600, energy = -0.48684869611647336
  |->  par_lens = 583, 583, 583
[TDSE] Running TDSE-SH-elliptical. step 49800, energy = -0.4869540003201547
  |->  par_lens = 583, 583, 583
[TDSE] Running TDSE-SH-elliptical. step 50000, energy = -0.48696945246697526
  |->  par_lens = 583, 583, 583
[TDSE] Running TDSE-SH-elliptical. step 50200, energy = -0.4869344849258272
  |->  par_lens = 583, 583, 583
[TDSE] Running TDSE-SH-elliptical. step 50400, energy = -0.48709076702401616
  |->  par_lens = 583, 583, 583
[TDSE] Running TDSE-SH-elliptical. step 50600, energy = -0.48694134614777534
  |->  par_lens = 583, 583, 583
[TDSE] Running TDSE-SH-elliptical. step 50800, energy = -0.4870781818453098
  |->  par_lens = 583, 583, 583
[TDSE] Running TDSE-SH-elliptical. step 51000, energy = -0.48709787195259774
  |->  par_lens = 583, 583, 583
[TDSE] Running TDSE-SH-elliptical. step 51200, energy = -0.48703014843693615
  |->  par_lens = 583, 583, 583
[TDSE] Running TDSE-SH-elliptical. step 51400, energy = -0.4871603842209124
  |->  par_lens = 580, 582, 580
[TDSE] Running TDSE-SH-elliptical. step 51600, energy = -0.48703507996101775
  |->  par_lens = 581, 581, 580
[TDSE] Running TDSE-SH-elliptical. step 51800, energy = -0.48717752567971223
  |->  par_lens = 580, 581, 580
[TDSE] Running TDSE-SH-elliptical. step 52000, energy = -0.4871519565408724
  |->  par_lens = 580, 581, 580
[TDSE] Running TDSE-SH-elliptical. step 52200, energy = -0.487116131488467
  |->  par_lens = 580, 580, 580
[TDSE] Running TDSE-SH-elliptical. step 52400, energy = -0.4872635651520055
  |->  par_lens = 580, 580, 580
[TDSE] Running TDSE-SH-elliptical. step 52600, energy = -0.4871270958869996
  |->  par_lens = 580, 580, 580
[TDSE] Running TDSE-SH-elliptical. step 52800, energy = -0.48729425798175197
  |->  par_lens = 580, 580, 580
[TDSE] Running TDSE-SH-elliptical. step 53000, energy = -0.48726195869364897
  |->  par_lens = 580, 580, 580
