  Activating project at `~/JuliaProp_v0.1`
[ITP]: 10000.500040081823
[ITP]: 3.4096981904596646e-9
Energy of ground state: -0.5000400852322796
[TDSE] Start TDSE-SH for elliptical polarized laser. It may cost a plenty of time.
[TDSE] Running TDSE-SH-elliptical. step 0, energy = -0.5000400852322784
  |->  par_lens = 2, 2, 2
[TDSE] Running TDSE-SH-elliptical. step 200, energy = -0.5000400852321392
  |->  par_lens = 2, 2, 2
[TDSE] Running TDSE-SH-elliptical. step 400, energy = -0.5000400852318668
  |->  par_lens = 2, 2, 2
[TDSE] Running TDSE-SH-elliptical. step 600, energy = -0.5000400852303222
  |->  par_lens = 2, 2, 2
[TDSE] Running TDSE-SH-elliptical. step 800, energy = -0.500040085222945
  |->  par_lens = 2, 2, 2
[TDSE] Running TDSE-SH-elliptical. step 1000, energy = -0.5000400851981179
  |->  par_lens = 2, 2, 2
[TDSE] Running TDSE-SH-elliptical. step 1200, energy = -0.5000400851318476
  |->  par_lens = 2, 2, 2
[TDSE] Running TDSE-SH-elliptical. step 1400, energy = -0.500040084981258
  |->  par_lens = 2, 2, 2
[TDSE] Running TDSE-SH-elliptical. step 1600, energy = -0.50004008467743
  |->  par_lens = 2, 2, 2
[TDSE] Running TDSE-SH-elliptical. step 1800, energy = -0.5000400841155233
  |->  par_lens = 2, 2, 2
[TDSE] Running TDSE-SH-elliptical. step 2000, energy = -0.5000400831481803
  |->  par_lens = 2, 2, 2
[TDSE] Running TDSE-SH-elliptical. step 2200, energy = -0.5000400815710848
  |->  par_lens = 2, 2, 2
[TDSE] Running TDSE-SH-elliptical. step 2400, energy = -0.5000400791185629
  |->  par_lens = 2, 2, 2
[TDSE] Running TDSE-SH-elliptical. step 2600, energy = -0.500040075448928
  |->  par_lens = 2, 2, 2
[TDSE] Running TDSE-SH-elliptical. step 2800, energy = -0.5000400701327247
  |->  par_lens = 2, 2, 2
[TDSE] Running TDSE-SH-elliptical. step 3000, energy = -0.500040062655317
  |->  par_lens = 2, 2, 2
[TDSE] Running TDSE-SH-elliptical. step 3200, energy = -0.500040052381881
  |->  par_lens = 2, 2, 2
[TDSE] Running TDSE-SH-elliptical. step 3400, energy = -0.5000400385945918
  |->  par_lens = 2, 2, 2
[TDSE] Running TDSE-SH-elliptical. step 3600, energy = -0.5000400204168407
  |->  par_lens = 2, 2, 2
[TDSE] Running TDSE-SH-elliptical. step 3800, energy = -0.500039996881466
  |->  par_lens = 2, 2, 2
[TDSE] Running TDSE-SH-elliptical. step 4000, energy = -0.5000399669186708
  |->  par_lens = 2, 2, 2
[TDSE] Running TDSE-SH-elliptical. step 4200, energy = -0.5000399292089288
  |->  par_lens = 2, 2, 2
[TDSE] Running TDSE-SH-elliptical. step 4400, energy = -0.5000398824868857
  |->  par_lens = 2, 2, 2
[TDSE] Running TDSE-SH-elliptical. step 4600, energy = -0.5000398252082322
  |->  par_lens = 2, 2, 2
[TDSE] Running TDSE-SH-elliptical. step 4800, energy = -0.5000397557761923
  |->  par_lens = 2, 2, 2
[TDSE] Running TDSE-SH-elliptical. step 5000, energy = -0.5000396724774833
  |->  par_lens = 2, 2, 2
[TDSE] Running TDSE-SH-elliptical. step 5200, energy = -0.5000395733532461
  |->  par_lens = 2, 2, 2
[TDSE] Running TDSE-SH-elliptical. step 5400, energy = -0.5000394568346275
  |->  par_lens = 2, 2, 2
[TDSE] Running TDSE-SH-elliptical. step 5600, energy = -0.5000393204216778
  |->  par_lens = 2, 2, 2
[TDSE] Running TDSE-SH-elliptical. step 5800, energy = -0.5000391622591954
  |->  par_lens = 2, 2, 2
[TDSE] Running TDSE-SH-elliptical. step 6000, energy = -0.5000389805375585
  |->  par_lens = 2, 2, 2
[TDSE] Running TDSE-SH-elliptical. step 6200, energy = -0.5000387724625474
  |->  par_lens = 2, 2, 2
[TDSE] Running TDSE-SH-elliptical. step 6400, energy = -0.5000385364766858
  |->  par_lens = 2, 2, 2
[TDSE] Running TDSE-SH-elliptical. step 6600, energy = -0.500038269823467
  |->  par_lens = 2, 2, 2
[TDSE] Running TDSE-SH-elliptical. step 6800, energy = -0.5000379711409996
  |->  par_lens = 2, 2, 2
[TDSE] Running TDSE-SH-elliptical. step 7000, energy = -0.5000376361814411
  |->  par_lens = 2, 2, 2
[TDSE] Running TDSE-SH-elliptical. step 7200, energy = -0.5000372538636376
  |->  par_lens = 2, 2, 2
[TDSE] Running TDSE-SH-elliptical. step 7400, energy = -0.5000368237414535
  |->  par_lens = 2, 2, 2
[TDSE] Running TDSE-SH-elliptical. step 7600, energy = -0.5000363379726674
  |->  par_lens = 2, 2, 2
[TDSE] Running TDSE-SH-elliptical. step 7800, energy = -0.5000357935488627
  |->  par_lens = 2, 2, 2
[TDSE] Running TDSE-SH-elliptical. step 8000, energy = -0.5000351870066979
  |->  par_lens = 2, 2, 2
[TDSE] Running TDSE-SH-elliptical. step 8200, energy = -0.500034510465393
  |->  par_lens = 2, 2, 2
[TDSE] Running TDSE-SH-elliptical. step 8400, energy = -0.5000337647757254
  |->  par_lens = 2, 2, 2
[TDSE] Running TDSE-SH-elliptical. step 8600, energy = -0.5000329401185467
  |->  par_lens = 2, 2, 2
[TDSE] Running TDSE-SH-elliptical. step 8800, energy = -0.5000320367154405
  |->  par_lens = 2, 2, 2
[TDSE] Running TDSE-SH-elliptical. step 9000, energy = -0.500031049839839
  |->  par_lens = 2, 2, 2
[TDSE] Running TDSE-SH-elliptical. step 9200, energy = -0.5000299719748049
  |->  par_lens = 2, 2, 2
[TDSE] Running TDSE-SH-elliptical. step 9400, energy = -0.500028810329697
  |->  par_lens = 4, 2, 2
[TDSE] Running TDSE-SH-elliptical. step 9600, energy = -0.5000275501411992
  |->  par_lens = 4, 3, 3
[TDSE] Running TDSE-SH-elliptical. step 9800, energy = -0.5000261964260369
  |->  par_lens = 4, 3, 3
[TDSE] Running TDSE-SH-elliptical. step 10000, energy = -0.5000247497295547
  |->  par_lens = 4, 3, 3
[TDSE] Running TDSE-SH-elliptical. step 10200, energy = -0.5000229652936791
  |->  par_lens = 4, 3, 3
[TDSE] Running TDSE-SH-elliptical. step 10400, energy = -0.5000195512872544
  |->  par_lens = 4, 3, 3
[TDSE] Running TDSE-SH-elliptical. step 10600, energy = -0.5000165038971961
  |->  par_lens = 4, 3, 3
[TDSE] Running TDSE-SH-elliptical. step 10800, energy = -0.5000201239500416
  |->  par_lens = 4, 3, 3
[TDSE] Running TDSE-SH-elliptical. step 11000, energy = -0.5000325676807323
  |->  par_lens = 4, 3, 3
[TDSE] Running TDSE-SH-elliptical. step 11200, energy = -0.5000360379448235
  |->  par_lens = 4, 3, 3
[TDSE] Running TDSE-SH-elliptical. step 11400, energy = -0.5000060539218627
  |->  par_lens = 4, 3, 3
[TDSE] Running TDSE-SH-elliptical. step 11600, energy = -0.49996216873534904
  |->  par_lens = 4, 3, 3
[TDSE] Running TDSE-SH-elliptical. step 11800, energy = -0.49996683830598393
  |->  par_lens = 4, 3, 3
[TDSE] Running TDSE-SH-elliptical. step 12000, energy = -0.49998365416877716
  |->  par_lens = 4, 3, 3
[TDSE] Running TDSE-SH-elliptical. step 12200, energy = -0.49975694355226635
  |->  par_lens = 5, 5, 4
[TDSE] Running TDSE-SH-elliptical. step 12400, energy = -0.49903121640286435
  |->  par_lens = 5, 5, 6
[TDSE] Running TDSE-SH-elliptical. step 12600, energy = -0.49805613826386463
  |->  par_lens = 7, 7, 7
[TDSE] Running TDSE-SH-elliptical. step 12800, energy = -0.49766974165536937
  |->  par_lens = 7, 7, 7
[TDSE] Running TDSE-SH-elliptical. step 13000, energy = -0.498426471663494
  |->  par_lens = 8, 7, 7
[TDSE] Running TDSE-SH-elliptical. step 13200, energy = -0.4995364937907001
  |->  par_lens = 8, 7, 7
[TDSE] Running TDSE-SH-elliptical. step 13400, energy = -0.4992631276981399
  |->  par_lens = 8, 7, 7
[TDSE] Running TDSE-SH-elliptical. step 13600, energy = -0.49702403088895647
  |->  par_lens = 9, 8, 7
[TDSE] Running TDSE-SH-elliptical. step 13800, energy = -0.49481783648086863
  |->  par_lens = 10, 9, 9
[TDSE] Running TDSE-SH-elliptical. step 14000, energy = -0.49533686183119124
  |->  par_lens = 10, 10, 9
[TDSE] Running TDSE-SH-elliptical. step 14200, energy = -0.4980775345571317
  |->  par_lens = 10, 9, 8
[TDSE] Running TDSE-SH-elliptical. step 14400, energy = -0.4984388109330098
  |->  par_lens = 10, 9, 8
[TDSE] Running TDSE-SH-elliptical. step 14600, energy = -0.4926361008515936
  |->  par_lens = 10, 10, 10
[TDSE] Running TDSE-SH-elliptical. step 14800, energy = -0.48368898094302776
  |->  par_lens = 13, 13, 13
[TDSE] Running TDSE-SH-elliptical. step 15000, energy = -0.4801403954010548
  |->  par_lens = 16, 16, 15
[TDSE] Running TDSE-SH-elliptical. step 15200, energy = -0.48648954106000913
  |->  par_lens = 19, 18, 18
[TDSE] Running TDSE-SH-elliptical. step 15400, energy = -0.49579160493723284
  |->  par_lens = 20, 20, 19
[TDSE] Running TDSE-SH-elliptical. step 15600, energy = -0.4954103445827163
  |->  par_lens = 20, 21, 19
[TDSE] Running TDSE-SH-elliptical. step 15800, energy = -0.48220218688957045
  |->  par_lens = 19, 20, 18
[TDSE] Running TDSE-SH-elliptical. step 16000, energy = -0.46909026147668753
  |->  par_lens = 20, 20, 21
[TDSE] Running TDSE-SH-elliptical. step 16200, energy = -0.47162174756458936
  |->  par_lens = 23, 22, 21
[TDSE] Running TDSE-SH-elliptical. step 16400, energy = -0.487420935110839
  |->  par_lens = 24, 25, 23
[TDSE] Running TDSE-SH-elliptical. step 16600, energy = -0.4944943624698361
  |->  par_lens = 25, 25, 25
[TDSE] Running TDSE-SH-elliptical. step 16800, energy = -0.4755894454104057
  |->  par_lens = 24, 23, 23
[TDSE] Running TDSE-SH-elliptical. step 17000, energy = -0.44271775604990826
  |->  par_lens = 26, 27, 27
[TDSE] Running TDSE-SH-elliptical. step 17200, energy = -0.42893220343386446
  |->  par_lens = 34, 35, 34
[TDSE] Running TDSE-SH-elliptical. step 17400, energy = -0.450808178372131
  |->  par_lens = 44, 43, 43
[TDSE] Running TDSE-SH-elliptical. step 17600, energy = -0.48416384914834665
  |->  par_lens = 51, 50, 52
[TDSE] Running TDSE-SH-elliptical. step 17800, energy = -0.48689568806402056
  |->  par_lens = 53, 52, 54
[TDSE] Running TDSE-SH-elliptical. step 18000, energy = -0.4487794785062449
  |->  par_lens = 48, 51, 51
[TDSE] Running TDSE-SH-elliptical. step 18200, energy = -0.4095580991683785
  |->  par_lens = 47, 45, 42
[TDSE] Running TDSE-SH-elliptical. step 18400, energy = -0.41518686917744085
  |->  par_lens = 58, 59, 56
[TDSE] Running TDSE-SH-elliptical. step 18600, energy = -0.4605526373002066
  |->  par_lens = 68, 67, 69
[TDSE] Running TDSE-SH-elliptical. step 18800, energy = -0.4865870751329256
  |->  par_lens = 75, 72, 72
[TDSE] Running TDSE-SH-elliptical. step 19000, energy = -0.447230284492017
  |->  par_lens = 74, 70, 71
[TDSE] Running TDSE-SH-elliptical. step 19200, energy = -0.37082690522704087
  |->  par_lens = 58, 58, 60
[TDSE] Running TDSE-SH-elliptical. step 19400, energy = -0.3367149367197044
  |->  par_lens = 76, 75, 75
[TDSE] Running TDSE-SH-elliptical. step 19600, energy = -0.38448993054956887
  |->  par_lens = 102, 102, 103
[TDSE] Running TDSE-SH-elliptical. step 19800, energy = -0.46136152733493685
  |->  par_lens = 124, 124, 124
[TDSE] Running TDSE-SH-elliptical. step 20000, energy = -0.4745336722566039
  |->  par_lens = 130, 129, 130
[TDSE] Running TDSE-SH-elliptical. step 20200, energy = -0.399884011833457
  |->  par_lens = 124, 127, 130
[TDSE] Running TDSE-SH-elliptical. step 20400, energy = -0.31997600061594195
  |->  par_lens = 95, 102, 102
[TDSE] Running TDSE-SH-elliptical. step 20600, energy = -0.3273181464202914
  |->  par_lens = 114, 117, 115
[TDSE] Running TDSE-SH-elliptical. step 20800, energy = -0.41666875595966524
  |->  par_lens = 150, 150, 152
[TDSE] Running TDSE-SH-elliptical. step 21000, energy = -0.4747757440714232
  |->  par_lens = 164, 162, 161
[TDSE] Running TDSE-SH-elliptical. step 21200, energy = -0.4138314156094577
  |->  par_lens = 167, 162, 160
[TDSE] Running TDSE-SH-elliptical. step 21400, energy = -0.28123362183099715
  |->  par_lens = 143, 140, 140
[TDSE] Running TDSE-SH-elliptical. step 21600, energy = -0.2195176974922208
  |->  par_lens = 139, 147, 139
[TDSE] Running TDSE-SH-elliptical. step 21800, energy = -0.2959458336390974
  |->  par_lens = 196, 195, 196
[TDSE] Running TDSE-SH-elliptical. step 22000, energy = -0.42911194977436634
  |->  par_lens = 251, 247, 248
[TDSE] Running TDSE-SH-elliptical. step 22200, energy = -0.46134934862075383
  |->  par_lens = 262, 261, 260
[TDSE] Running TDSE-SH-elliptical. step 22400, energy = -0.3494008532683841
  |->  par_lens = 256, 260, 257
[TDSE] Running TDSE-SH-elliptical. step 22600, energy = -0.22408622422546443
  |->  par_lens = 209, 221, 215
[TDSE] Running TDSE-SH-elliptical. step 22800, energy = -0.2303347671395468
  |->  par_lens = 216, 210, 216
[TDSE] Running TDSE-SH-elliptical. step 23000, energy = -0.36489934733494056
  |->  par_lens = 278, 273, 271
[TDSE] Running TDSE-SH-elliptical. step 23200, energy = -0.46110483828867016
  |->  par_lens = 299, 295, 295
[TDSE] Running TDSE-SH-elliptical. step 23400, energy = -0.38606790554699727
  |->  par_lens = 300, 294, 295
[TDSE] Running TDSE-SH-elliptical. step 23600, energy = -0.20113204864224007
  |->  par_lens = 257, 263, 266
[TDSE] Running TDSE-SH-elliptical. step 23800, energy = -0.11251555806743417
  |->  par_lens = 248, 243, 255
[TDSE] Running TDSE-SH-elliptical. step 24000, energy = -0.2093148209676506
  |->  par_lens = 314, 318, 316
[TDSE] Running TDSE-SH-elliptical. step 24200, energy = -0.3946825834333656
  |->  par_lens = 394, 392, 393
[TDSE] Running TDSE-SH-elliptical. step 24400, energy = -0.4508890068763868
  |->  par_lens = 410, 411, 412
[TDSE] Running TDSE-SH-elliptical. step 24600, energy = -0.3162545492029024
  |->  par_lens = 399, 399, 401
[TDSE] Running TDSE-SH-elliptical. step 24800, energy = -0.15599761188187183
  |->  par_lens = 344, 354, 359
[TDSE] Running TDSE-SH-elliptical. step 25000, energy = -0.1589837525885451
  |->  par_lens = 340, 337, 342
[TDSE] Running TDSE-SH-elliptical. step 25200, energy = -0.3213910347534696
  |->  par_lens = 399, 392, 400
[TDSE] Running TDSE-SH-elliptical. step 25400, energy = -0.44840109163827924
  |->  par_lens = 430, 425, 428
[TDSE] Running TDSE-SH-elliptical. step 25600, energy = -0.37342002127259444
  |->  par_lens = 429, 423, 428
[TDSE] Running TDSE-SH-elliptical. step 25800, energy = -0.16117385310577434
  |->  par_lens = 392, 393, 396
[TDSE] Running TDSE-SH-elliptical. step 26000, energy = -0.054807821530915436
  |->  par_lens = 386, 390, 390
[TDSE] Running TDSE-SH-elliptical. step 26200, energy = -0.15615755252865443
  |->  par_lens = 436, 427, 438
[TDSE] Running TDSE-SH-elliptical. step 26400, energy = -0.36874101048484303
  |->  par_lens = 494, 496, 497
[TDSE] Running TDSE-SH-elliptical. step 26600, energy = -0.44535613676790375
  |->  par_lens = 512, 511, 511
[TDSE] Running TDSE-SH-elliptical. step 26800, energy = -0.31382791027988927
  |->  par_lens = 509, 504, 504
[TDSE] Running TDSE-SH-elliptical. step 27000, energy = -0.14493284432311201
  |->  par_lens = 475, 474, 488
[TDSE] Running TDSE-SH-elliptical. step 27200, energy = -0.14129550828497695
  |->  par_lens = 479, 465, 477
[TDSE] Running TDSE-SH-elliptical. step 27400, energy = -0.3043965304379619
  |->  par_lens = 497, 499, 503
[TDSE] Running TDSE-SH-elliptical. step 27600, energy = -0.44167051242002764
  |->  par_lens = 515, 509, 516
[TDSE] Running TDSE-SH-elliptical. step 27800, energy = -0.37926965580215555
  |->  par_lens = 517, 508, 513
[TDSE] Running TDSE-SH-elliptical. step 28000, energy = -0.17610059631377972
  |->  par_lens = 503, 507, 501
[TDSE] Running TDSE-SH-elliptical. step 28200, energy = -0.06787899946130134
  |->  par_lens = 508, 509, 509
[TDSE] Running TDSE-SH-elliptical. step 28400, energy = -0.15831548221444391
  |->  par_lens = 536, 528, 528
[TDSE] Running TDSE-SH-elliptical. step 28600, energy = -0.3611104071947062
  |->  par_lens = 556, 551, 552
[TDSE] Running TDSE-SH-elliptical. step 28800, energy = -0.44724852295526085
  |->  par_lens = 563, 563, 562
[TDSE] Running TDSE-SH-elliptical. step 29000, energy = -0.3432488934773313
  |->  par_lens = 562, 561, 563
[TDSE] Running TDSE-SH-elliptical. step 29200, energy = -0.1945033473527479
  |->  par_lens = 553, 545, 550
[TDSE] Running TDSE-SH-elliptical. step 29400, energy = -0.18526370283746227
  |->  par_lens = 532, 530, 535
[TDSE] Running TDSE-SH-elliptical. step 29600, energy = -0.32307116337101327
  |->  par_lens = 536, 538, 545
[TDSE] Running TDSE-SH-elliptical. step 29800, energy = -0.4436017351520025
  |->  par_lens = 550, 547, 549
[TDSE] Running TDSE-SH-elliptical. step 30000, energy = -0.40121097985953
  |->  par_lens = 550, 551, 548
[TDSE] Running TDSE-SH-elliptical. step 30200, energy = -0.24024681197133577
  |->  par_lens = 537, 543, 536
[TDSE] Running TDSE-SH-elliptical. step 30400, energy = -0.14693362750513203
  |->  par_lens = 550, 553, 558
[TDSE] Running TDSE-SH-elliptical. step 30600, energy = -0.2155660874896528
  |->  par_lens = 564, 565, 564
[TDSE] Running TDSE-SH-elliptical. step 30800, energy = -0.3787484097937543
  |->  par_lens = 580, 580, 579
[TDSE] Running TDSE-SH-elliptical. step 31000, energy = -0.45569841545303486
  |->  par_lens = 584, 583, 585
[TDSE] Running TDSE-SH-elliptical. step 31200, energy = -0.3899530669643685
  |->  par_lens = 583, 583, 583
[TDSE] Running TDSE-SH-elliptical. step 31400, energy = -0.28481991409678376
  |->  par_lens = 582, 574, 580
[TDSE] Running TDSE-SH-elliptical. step 31600, energy = -0.27107975015493685
  |->  par_lens = 566, 569, 571
[TDSE] Running TDSE-SH-elliptical. step 31800, energy = -0.36856158622460156
  |->  par_lens = 563, 562, 568
[TDSE] Running TDSE-SH-elliptical. step 32000, energy = -0.4547632958288435
  |->  par_lens = 560, 556, 553
[TDSE] Running TDSE-SH-elliptical. step 32200, energy = -0.4314218269386664
  |->  par_lens = 558, 557, 556
[TDSE] Running TDSE-SH-elliptical. step 32400, energy = -0.3255291437860705
  |->  par_lens = 571, 569, 568
[TDSE] Running TDSE-SH-elliptical. step 32600, energy = -0.2559513008418054
  |->  par_lens = 578, 578, 579
[TDSE] Running TDSE-SH-elliptical. step 32800, energy = -0.29987728133381997
  |->  par_lens = 584, 581, 585
[TDSE] Running TDSE-SH-elliptical. step 33000, energy = -0.4070281520772738
  |->  par_lens = 588, 586, 588
[TDSE] Running TDSE-SH-elliptical. step 33200, energy = -0.46740134001389333
  |->  par_lens = 589, 590, 589
[TDSE] Running TDSE-SH-elliptical. step 33400, energy = -0.4377127923910349
  |->  par_lens = 588, 590, 589
[TDSE] Running TDSE-SH-elliptical. step 33600, energy = -0.3764901397411776
  |->  par_lens = 587, 590, 589
[TDSE] Running TDSE-SH-elliptical. step 33800, energy = -0.3680293389790569
  |->  par_lens = 587, 587, 587
[TDSE] Running TDSE-SH-elliptical. step 34000, energy = -0.41924833694042374
  |->  par_lens = 584, 587, 582
[TDSE] Running TDSE-SH-elliptical. step 34200, energy = -0.46914212509563546
  |->  par_lens = 583, 578, 582
[TDSE] Running TDSE-SH-elliptical. step 34400, energy = -0.45761843318011897
  |->  par_lens = 581, 580, 581
[TDSE] Running TDSE-SH-elliptical. step 34600, energy = -0.4009394521228791
  |->  par_lens = 587, 586, 581
[TDSE] Running TDSE-SH-elliptical. step 34800, energy = -0.3633305129538681
  |->  par_lens = 588, 587, 587
[TDSE] Running TDSE-SH-elliptical. step 35000, energy = -0.3851768703112968
  |->  par_lens = 589, 589, 589
[TDSE] Running TDSE-SH-elliptical. step 35200, energy = -0.4404919197413426
  |->  par_lens = 590, 590, 590
[TDSE] Running TDSE-SH-elliptical. step 35400, energy = -0.47623716531043975
  |->  par_lens = 590, 590, 590
[TDSE] Running TDSE-SH-elliptical. step 35600, energy = -0.4688196240685104
  |->  par_lens = 589, 590, 590
[TDSE] Running TDSE-SH-elliptical. step 35800, energy = -0.4457697242961442
  |->  par_lens = 590, 590, 590
[TDSE] Running TDSE-SH-elliptical. step 36000, energy = -0.43986536400471893
  |->  par_lens = 589, 589, 590
[TDSE] Running TDSE-SH-elliptical. step 36200, energy = -0.46126038630209154
  |->  par_lens = 587, 588, 587
[TDSE] Running TDSE-SH-elliptical. step 36400, energy = -0.47960510525283234
  |->  par_lens = 586, 587, 588
[TDSE] Running TDSE-SH-elliptical. step 36600, energy = -0.47518992371581037
  |->  par_lens = 588, 587, 588
[TDSE] Running TDSE-SH-elliptical. step 36800, energy = -0.4520601591934535
  |->  par_lens = 589, 590, 589
[TDSE] Running TDSE-SH-elliptical. step 37000, energy = -0.4370974297229008
  |->  par_lens = 590, 589, 590
[TDSE] Running TDSE-SH-elliptical. step 37200, energy = -0.4442552576269668
  |->  par_lens = 590, 590, 590
[TDSE] Running TDSE-SH-elliptical. step 37400, energy = -0.4657951843857577
  |->  par_lens = 590, 590, 590
[TDSE] Running TDSE-SH-elliptical. step 37600, energy = -0.48149256939433493
  |->  par_lens = 590, 590, 590
[TDSE] Running TDSE-SH-elliptical. step 37800, energy = -0.4835403969932007
  |->  par_lens = 590, 590, 590
[TDSE] Running TDSE-SH-elliptical. step 38000, energy = -0.47868877286388106
  |->  par_lens = 590, 590, 590
[TDSE] Running TDSE-SH-elliptical. step 38200, energy = -0.4777535476978001
  |->  par_lens = 590, 590, 590
[TDSE] Running TDSE-SH-elliptical. step 38400, energy = -0.4818165188257816
  |->  par_lens = 590, 590, 590
[TDSE] Running TDSE-SH-elliptical. step 38600, energy = -0.48518437529078523
  |->  par_lens = 590, 590, 590
[TDSE] Running TDSE-SH-elliptical. step 38800, energy = -0.48273056686396565
  |->  par_lens = 590, 590, 590
[TDSE] Running TDSE-SH-elliptical. step 39000, energy = -0.47678729517703394
  |->  par_lens = 590, 590, 590
[TDSE] Running TDSE-SH-elliptical. step 39200, energy = -0.47307459607501384
  |->  par_lens = 590, 590, 590
[TDSE] Running TDSE-SH-elliptical. step 39400, energy = -0.47459515271385366
  |->  par_lens = 590, 590, 590
[TDSE] Running TDSE-SH-elliptical. step 39600, energy = -0.47926284086480436
  |->  par_lens = 590, 590, 590
[TDSE] Running TDSE-SH-elliptical. step 39800, energy = -0.4838396829907623
  |->  par_lens = 590, 590, 590
[TDSE] Running TDSE-SH-elliptical. step 40000, energy = -0.48590602055735765
  |->  par_lens = 590, 590, 590
[TDSE] Running TDSE-SH-elliptical. step 40200, energy = -0.486345192201905
  |->  par_lens = 590, 590, 590
[TDSE] Running TDSE-SH-elliptical. step 40400, energy = -0.4863882677372836
  |->  par_lens = 590, 590, 590
[TDSE] Running TDSE-SH-elliptical. step 40600, energy = -0.4864094513269146
  |->  par_lens = 590, 590, 590
[TDSE] Running TDSE-SH-elliptical. step 40800, energy = -0.48596674044577554
  |->  par_lens = 590, 590, 590
[TDSE] Running TDSE-SH-elliptical. step 41000, energy = -0.48531566710474916
  |->  par_lens = 590, 590, 590
[TDSE] Running TDSE-SH-elliptical. step 41200, energy = -0.4842297280764793
  |->  par_lens = 590, 590, 590
[TDSE] Running TDSE-SH-elliptical. step 41400, energy = -0.4840814639326704
  |->  par_lens = 590, 590, 590
[TDSE] Running TDSE-SH-elliptical. step 41600, energy = -0.4840777745775482
  |->  par_lens = 590, 590, 590
[TDSE] Running TDSE-SH-elliptical. step 41800, energy = -0.484505941473658
  |->  par_lens = 590, 590, 590
[TDSE] Running TDSE-SH-elliptical. step 42000, energy = -0.4850346979420669
  |->  par_lens = 590, 590, 590
[TDSE] Running TDSE-SH-elliptical. step 42200, energy = -0.48504378524676933
  |->  par_lens = 590, 590, 590
[TDSE] Running TDSE-SH-elliptical. step 42400, energy = -0.4853935752987206
  |->  par_lens = 590, 590, 590
[TDSE] Running TDSE-SH-elliptical. step 42600, energy = -0.48534883286484704
  |->  par_lens = 590, 590, 590
[TDSE] Running TDSE-SH-elliptical. step 42800, energy = -0.4853432893379603
  |->  par_lens = 590, 590, 590
[TDSE] Running TDSE-SH-elliptical. step 43000, energy = -0.4854232917431712
  |->  par_lens = 590, 590, 590
[TDSE] Running TDSE-SH-elliptical. step 43200, energy = -0.4852843371314853
  |->  par_lens = 590, 590, 590
[TDSE] Running TDSE-SH-elliptical. step 43400, energy = -0.4855784493168163
  |->  par_lens = 590, 590, 590
[TDSE] Running TDSE-SH-elliptical. step 43600, energy = -0.4854193781620368
  |->  par_lens = 590, 590, 590
[TDSE] Running TDSE-SH-elliptical. step 43800, energy = -0.4854315859224669
  |->  par_lens = 590, 590, 590
[TDSE] Running TDSE-SH-elliptical. step 44000, energy = -0.4856063751512856
  |->  par_lens = 590, 590, 590
[TDSE] Running TDSE-SH-elliptical. step 44200, energy = -0.48548358413647497
  |->  par_lens = 590, 590, 590
[TDSE] Running TDSE-SH-elliptical. step 44400, energy = -0.48569456319650595
  |->  par_lens = 590, 590, 590
[TDSE] Running TDSE-SH-elliptical. step 44600, energy = -0.48554379006022286
  |->  par_lens = 590, 590, 590
[TDSE] Running TDSE-SH-elliptical. step 44800, energy = -0.48565038344141603
  |->  par_lens = 590, 590, 590
[TDSE] Running TDSE-SH-elliptical. step 45000, energy = -0.4857673597424266
  |->  par_lens = 590, 590, 590
[TDSE] Running TDSE-SH-elliptical. step 45200, energy = -0.48560950199777264
  |->  par_lens = 590, 590, 590
[TDSE] Running TDSE-SH-elliptical. step 45400, energy = -0.4858662771602797
  |->  par_lens = 590, 590, 590
[TDSE] Running TDSE-SH-elliptical. step 45600, energy = -0.48573107970163026
  |->  par_lens = 590, 590, 590
[TDSE] Running TDSE-SH-elliptical. step 45800, energy = -0.4858346287834402
  |->  par_lens = 590, 590, 590
[TDSE] Running TDSE-SH-elliptical. step 46000, energy = -0.48592669036242464
  |->  par_lens = 590, 590, 590
[TDSE] Running TDSE-SH-elliptical. step 46200, energy = -0.4857783898278262
  |->  par_lens = 590, 590, 590
[TDSE] Running TDSE-SH-elliptical. step 46400, energy = -0.4860146529771906
  |->  par_lens = 590, 590, 590
[TDSE] Running TDSE-SH-elliptical. step 46600, energy = -0.4858839010765777
  |->  par_lens = 590, 590, 590
[TDSE] Running TDSE-SH-elliptical. step 46800, energy = -0.48602603004451894
  |->  par_lens = 590, 590, 590
[TDSE] Running TDSE-SH-elliptical. step 47000, energy = -0.4860690093360446
  |->  par_lens = 590, 590, 590
[TDSE] Running TDSE-SH-elliptical. step 47200, energy = -0.4859421967866244
  |->  par_lens = 590, 590, 590
[TDSE] Running TDSE-SH-elliptical. step 47400, energy = -0.48621942771054916
  |->  par_lens = 590, 590, 590
[TDSE] Running TDSE-SH-elliptical. step 47600, energy = -0.48604082234698814
  |->  par_lens = 590, 590, 590
[TDSE] Running TDSE-SH-elliptical. step 47800, energy = -0.4861426989394665
  |->  par_lens = 590, 590, 590
[TDSE] Running TDSE-SH-elliptical. step 48000, energy = -0.48621107555645154
  |->  par_lens = 590, 590, 590
[TDSE] Running TDSE-SH-elliptical. step 48200, energy = -0.4861403288397389
  |->  par_lens = 590, 590, 590
[TDSE] Running TDSE-SH-elliptical. step 48400, energy = -0.4863552780943959
  |->  par_lens = 590, 590, 590
[TDSE] Running TDSE-SH-elliptical. step 48600, energy = -0.4861685557865816
  |->  par_lens = 590, 590, 590
[TDSE] Running TDSE-SH-elliptical. step 48800, energy = -0.4863598731399501
  |->  par_lens = 590, 590, 590
[TDSE] Running TDSE-SH-elliptical. step 49000, energy = -0.48637037863910176
  |->  par_lens = 590, 590, 590
[TDSE] Running TDSE-SH-elliptical. step 49200, energy = -0.4862329367385678
  |->  par_lens = 590, 590, 590
[TDSE] Running TDSE-SH-elliptical. step 49400, energy = -0.4864723363582884
  |->  par_lens = 590, 590, 590
[TDSE] Running TDSE-SH-elliptical. step 49600, energy = -0.48631734767905666
  |->  par_lens = 590, 590, 590
[TDSE] Running TDSE-SH-elliptical. step 49800, energy = -0.48647495406730795
  |->  par_lens = 590, 590, 590
[TDSE] Running TDSE-SH-elliptical. step 50000, energy = -0.4864771836034774
  |->  par_lens = 590, 590, 590
[TDSE] Running TDSE-SH-elliptical. step 50200, energy = -0.48645046413436327
  |->  par_lens = 590, 590, 590
[TDSE] Running TDSE-SH-elliptical. step 50400, energy = -0.4866800502041723
  |->  par_lens = 590, 590, 590
[TDSE] Running TDSE-SH-elliptical. step 50600, energy = -0.48646588572855304
  |->  par_lens = 590, 590, 590
[TDSE] Running TDSE-SH-elliptical. step 50800, energy = -0.48665988340985833
  |->  par_lens = 590, 590, 590
[TDSE] Running TDSE-SH-elliptical. step 51000, energy = -0.48665027768258
  |->  par_lens = 590, 590, 590
[TDSE] Running TDSE-SH-elliptical. step 51200, energy = -0.4865743189373138
  |->  par_lens = 590, 590, 590
[TDSE] Running TDSE-SH-elliptical. step 51400, energy = -0.486761576752878
  |->  par_lens = 590, 590, 590
[TDSE] Running TDSE-SH-elliptical. step 51600, energy = -0.4865675084082573
  |->  par_lens = 590, 590, 590
[TDSE] Running TDSE-SH-elliptical. step 51800, energy = -0.48676187585910574
  |->  par_lens = 590, 590, 590
[TDSE] Running TDSE-SH-elliptical. step 52000, energy = -0.48671774204252716
  |->  par_lens = 590, 590, 590
[TDSE] Running TDSE-SH-elliptical. step 52200, energy = -0.48668478394760534
  |->  par_lens = 590, 590, 590
[TDSE] Running TDSE-SH-elliptical. step 52400, energy = -0.4868592822068003
  |->  par_lens = 590, 590, 590
[TDSE] Running TDSE-SH-elliptical. step 52600, energy = -0.486672188498862
  |->  par_lens = 590, 590, 590
[TDSE] Running TDSE-SH-elliptical. step 52800, energy = -0.4869350536083049
  |->  par_lens = 590, 590, 590
[TDSE] Running TDSE-SH-elliptical. step 53000, energy = -0.4868805955128812
  |->  par_lens = 590, 590, 590
