task id = 1
[(-7000, 1), (-2850, 1)]
[ITP]: 10000.471108571397
[ITP]: 0.022107823405609905
[ITP]: 0.004976805475414736
[ITP]: 0.0021058954092971205
[ITP]: 0.001084104546129061
[ITP]: 0.0006160870179273692
[ITP]: 0.0003714642087823128
[ITP]: 0.00023286611963801995
[ITP]: 0.0001500123428329614
[ITP]: 9.857967926441003e-5
[ITP]: 6.57601184761436e-5
[ITP]: 4.43786526744816e-5
[ITP]: 3.022437766897479e-5
[ITP]: 2.0735965556739622e-5
[ITP]: 1.4311264988853267e-5
[ITP]: 9.92563006574354e-6
[ITP]: 6.9119921211058255e-6
[ITP]: 4.82976755122877e-6
[ITP]: 3.384510666504248e-6
[ITP]: 2.3775199649023193e-6
[ITP]: 1.6736194445865493e-6
[ITP]: 1.1802274751948616e-6
[ITP]: 8.335748883370186e-7
[ITP]: 5.895273362810372e-7
[ITP]: 4.174150680658073e-7
[ITP]: 2.958509506267859e-7
[ITP]: 2.098764437796774e-7
[ITP]: 1.4900242706339384e-7
[ITP]: 1.0585745457980522e-7
[ITP]: 7.525113565609587e-8
[ITP]: 5.352267851144177e-8
[ITP]: 3.808635307134267e-8
[ITP]: 2.7113442158110956e-8
[ITP]: 1.9309163601377577e-8
[ITP]: 1.3755872219078924e-8
[ITP]: 9.802639699962867e-9
Energy of ground state: -0.5030607411950042
[TDSE] Start TDSE-SH for elliptical polarized laser. It may cost a plenty of time.
[TDSE] Running TDSE-SH-elliptical. step 0, energy = -0.5030607411950042
par_lens = 0, 0, 0
[TDSE] Running TDSE-SH-elliptical. step 200, energy = -0.5030607411948631
par_lens = 1, 1, 1
[TDSE] Running TDSE-SH-elliptical. step 400, energy = -0.5030607411947223
par_lens = 1, 1, 1
[TDSE] Running TDSE-SH-elliptical. step 600, energy = -0.5030607411945824
par_lens = 1, 1, 1
[TDSE] Running TDSE-SH-elliptical. step 800, energy = -0.5030607411944401
par_lens = 1, 1, 1
[TDSE] Running TDSE-SH-elliptical. step 1000, energy = -0.503060741194298
par_lens = 1, 1, 1
[TDSE] Running TDSE-SH-elliptical. step 1200, energy = -0.5030607411941582
par_lens = 1, 1, 1
[TDSE] Running TDSE-SH-elliptical. step 1400, energy = -0.5030607411940207
par_lens = 1, 1, 1
[TDSE] Running TDSE-SH-elliptical. step 1600, energy = -0.5030607411938827
par_lens = 1, 1, 1
[TDSE] Running TDSE-SH-elliptical. step 1800, energy = -0.5030607411937431
par_lens = 1, 1, 1
[TDSE] Running TDSE-SH-elliptical. step 2000, energy = -0.5030607411936043
par_lens = 1, 1, 1
[TDSE] Running TDSE-SH-elliptical. step 2200, energy = -0.5030607411934634
par_lens = 1, 1, 1
[TDSE] Running TDSE-SH-elliptical. step 2400, energy = -0.5030607411933254
par_lens = 1, 1, 1
[TDSE] Running TDSE-SH-elliptical. step 2600, energy = -0.5030607411931853
par_lens = 1, 1, 1
[TDSE] Running TDSE-SH-elliptical. step 2800, energy = -0.5030607411930469
par_lens = 1, 1, 1
[TDSE] Running TDSE-SH-elliptical. step 3000, energy = -0.503060741192909
par_lens = 1, 1, 1
[TDSE] Running TDSE-SH-elliptical. step 3200, energy = -0.5030607411927689
par_lens = 1, 1, 1
[TDSE] Running TDSE-SH-elliptical. step 3400, energy = -0.503060741192631
par_lens = 1, 1, 1
[TDSE] Running TDSE-SH-elliptical. step 3600, energy = -0.5030607411924892
par_lens = 1, 1, 1
[TDSE] Running TDSE-SH-elliptical. step 3800, energy = -0.5030607411923506
par_lens = 1, 1, 1
[TDSE] Running TDSE-SH-elliptical. step 4000, energy = -0.5030607411922097
par_lens = 1, 1, 1
[TDSE] Running TDSE-SH-elliptical. step 4200, energy = -0.5030607411920698
par_lens = 1, 1, 1
[TDSE] Running TDSE-SH-elliptical. step 4400, energy = -0.5030607411919295
par_lens = 1, 1, 1
[TDSE] Running TDSE-SH-elliptical. step 4600, energy = -0.5030607411917897
par_lens = 1, 1, 1
[TDSE] Running TDSE-SH-elliptical. step 4800, energy = -0.5030607411916498
par_lens = 1, 1, 1
[TDSE] Running TDSE-SH-elliptical. step 5000, energy = -0.5030607411915117
par_lens = 1, 1, 1
[TDSE] Running TDSE-SH-elliptical. step 5200, energy = -0.503060741191373
par_lens = 1, 1, 1
[TDSE] Running TDSE-SH-elliptical. step 5400, energy = -0.5030607411912332
par_lens = 1, 1, 1
[TDSE] Running TDSE-SH-elliptical. step 5600, energy = -0.5030607411910935
par_lens = 1, 1, 1
[TDSE] Running TDSE-SH-elliptical. step 5800, energy = -0.5030607411909532
par_lens = 1, 1, 1
[TDSE] Running TDSE-SH-elliptical. step 6000, energy = -0.5030607411908132
par_lens = 1, 1, 1
[TDSE] Running TDSE-SH-elliptical. step 6200, energy = -0.5030607411906737
par_lens = 1, 1, 1
[TDSE] Running TDSE-SH-elliptical. step 6400, energy = -0.5030607411905355
par_lens = 1, 1, 1
[TDSE] Running TDSE-SH-elliptical. step 6600, energy = -0.5030607411903965
par_lens = 1, 1, 1
[TDSE] Running TDSE-SH-elliptical. step 6800, energy = -0.5030607411902569
par_lens = 1, 1, 1
[TDSE] Running TDSE-SH-elliptical. step 7000, energy = -0.503060741190116
par_lens = 1, 1, 1
[TDSE] Running TDSE-SH-elliptical. step 7200, energy = -0.5030607411899756
par_lens = 1, 1, 1
[TDSE] Running TDSE-SH-elliptical. step 7400, energy = -0.5030607411898371
par_lens = 1, 1, 1
[TDSE] Running TDSE-SH-elliptical. step 7600, energy = -0.5030607411896952
par_lens = 1, 1, 1
[TDSE] Running TDSE-SH-elliptical. step 7800, energy = -0.5030607411895556
par_lens = 1, 1, 1
[TDSE] Running TDSE-SH-elliptical. step 8000, energy = -0.5030607411894166
par_lens = 1, 1, 1
[TDSE] Running TDSE-SH-elliptical. step 8200, energy = -0.5030607411892768
par_lens = 1, 1, 1
[TDSE] Running TDSE-SH-elliptical. step 8400, energy = -0.5030607411891372
par_lens = 1, 1, 1
[TDSE] Running TDSE-SH-elliptical. step 8600, energy = -0.5030607411889971
par_lens = 1, 1, 1
[TDSE] Running TDSE-SH-elliptical. step 8800, energy = -0.5030607411888572
par_lens = 1, 1, 1
[TDSE] Running TDSE-SH-elliptical. step 9000, energy = -0.5030607411887195
par_lens = 1, 1, 1
[TDSE] Running TDSE-SH-elliptical. step 9200, energy = -0.503060741188581
par_lens = 1, 1, 1
[TDSE] Running TDSE-SH-elliptical. step 9400, energy = -0.5030607411884419
par_lens = 1, 1, 1
[TDSE] Running TDSE-SH-elliptical. step 9600, energy = -0.5030607411883015
par_lens = 1, 1, 1
[TDSE] Running TDSE-SH-elliptical. step 9800, energy = -0.5030607411881611
par_lens = 1, 1, 1
[TDSE] Running TDSE-SH-elliptical. step 10000, energy = -0.5030607411880231
par_lens = 1, 1, 1
[TDSE] Running TDSE-SH-elliptical. step 10200, energy = -0.5030607407519172
par_lens = 1, 1, 2
[TDSE] Running TDSE-SH-elliptical. step 10400, energy = -0.5030606937676296
par_lens = 1, 1, 2
[TDSE] Running TDSE-SH-elliptical. step 10600, energy = -0.5030605097929484
par_lens = 2, 2, 2
[TDSE] Running TDSE-SH-elliptical. step 10800, energy = -0.5030601169285974
par_lens = 2, 2, 2
[TDSE] Running TDSE-SH-elliptical. step 11000, energy = -0.5030541832252882
par_lens = 2, 2, 2
[TDSE] Running TDSE-SH-elliptical. step 11200, energy = -0.503022182127538
par_lens = 4, 3, 3
[TDSE] Running TDSE-SH-elliptical. step 11400, energy = -0.5029447472426782
par_lens = 4, 3, 3
[TDSE] Running TDSE-SH-elliptical. step 11600, energy = -0.5028557685789253
par_lens = 4, 3, 3
[TDSE] Running TDSE-SH-elliptical. step 11800, energy = -0.5028547781729972
par_lens = 4, 4, 3
[TDSE] Running TDSE-SH-elliptical. step 12000, energy = -0.5029546085693083
par_lens = 4, 3, 3
[TDSE] Running TDSE-SH-elliptical. step 12200, energy = -0.5029283988561868
par_lens = 4, 4, 3
[TDSE] Running TDSE-SH-elliptical. step 12400, energy = -0.5024608723390099
par_lens = 5, 5, 5
[TDSE] Running TDSE-SH-elliptical. step 12600, energy = -0.5016589050980771
par_lens = 5, 5, 6
[TDSE] Running TDSE-SH-elliptical. step 12800, energy = -0.5012359373549498
par_lens = 6, 6, 7
[TDSE] Running TDSE-SH-elliptical. step 13000, energy = -0.5017755965657499
par_lens = 5, 5, 6
[TDSE] Running TDSE-SH-elliptical. step 13200, energy = -0.502602544274679
par_lens = 5, 4, 5
[TDSE] Running TDSE-SH-elliptical. step 13400, energy = -0.5020284901347419
par_lens = 5, 5, 6
[TDSE] Running TDSE-SH-elliptical. step 13600, energy = -0.499361412736711
par_lens = 8, 7, 7
[TDSE] Running TDSE-SH-elliptical. step 13800, energy = -0.4965654678671878
par_lens = 10, 9, 9
[TDSE] Running TDSE-SH-elliptical. step 14000, energy = -0.49671381965295375
par_lens = 10, 9, 9
[TDSE] Running TDSE-SH-elliptical. step 14200, energy = -0.4998762898248954
par_lens = 10, 10, 9
[TDSE] Running TDSE-SH-elliptical. step 14400, energy = -0.5016558910657248
par_lens = 10, 10, 10
[TDSE] Running TDSE-SH-elliptical. step 14600, energy = -0.4975147223075381
par_lens = 9, 10, 8
[TDSE] Running TDSE-SH-elliptical. step 14800, energy = -0.48932219293294327
par_lens = 12, 12, 13
[TDSE] Running TDSE-SH-elliptical. step 15000, energy = -0.48506738471885763
par_lens = 14, 13, 13
[TDSE] Running TDSE-SH-elliptical. step 15200, energy = -0.49011519443518364
par_lens = 15, 16, 15
[TDSE] Running TDSE-SH-elliptical. step 15400, energy = -0.4985500469144199
par_lens = 17, 18, 16
[TDSE] Running TDSE-SH-elliptical. step 15600, energy = -0.49779228366870315
par_lens = 17, 18, 17
[TDSE] Running TDSE-SH-elliptical. step 15800, energy = -0.4834588284652465
par_lens = 16, 16, 16
[TDSE] Running TDSE-SH-elliptical. step 16000, energy = -0.46799532889218476
par_lens = 20, 20, 21
[TDSE] Running TDSE-SH-elliptical. step 16200, energy = -0.46838770127694473
par_lens = 24, 24, 22
[TDSE] Running TDSE-SH-elliptical. step 16400, energy = -0.4851410141750419
par_lens = 26, 27, 28
[TDSE] Running TDSE-SH-elliptical. step 16600, energy = -0.4969271912870319
par_lens = 29, 29, 30
[TDSE] Running TDSE-SH-elliptical. step 16800, energy = -0.4834702593855915
par_lens = 29, 29, 29
[TDSE] Running TDSE-SH-elliptical. step 17000, energy = -0.45252072919449443
par_lens = 25, 26, 27
[TDSE] Running TDSE-SH-elliptical. step 17200, energy = -0.43615782166739137
par_lens = 34, 34, 32
[TDSE] Running TDSE-SH-elliptical. step 17400, energy = -0.45361342897559553
par_lens = 44, 41, 41
[TDSE] Running TDSE-SH-elliptical. step 17600, energy = -0.48536025500288305
par_lens = 48, 48, 48
[TDSE] Running TDSE-SH-elliptical. step 17800, energy = -0.4884891585366926
par_lens = 49, 50, 49
[TDSE] Running TDSE-SH-elliptical. step 18000, energy = -0.44848095199985105
par_lens = 47, 46, 44
[TDSE] Running TDSE-SH-elliptical. step 18200, energy = -0.40361281722423653
par_lens = 42, 40, 42
[TDSE] Running TDSE-SH-elliptical. step 18400, energy = -0.4034199443933005
par_lens = 61, 59, 59
[TDSE] Running TDSE-SH-elliptical. step 18600, energy = -0.4494995893281195
par_lens = 75, 73, 72
[TDSE] Running TDSE-SH-elliptical. step 18800, energy = -0.4863915577551237
par_lens = 80, 82, 80
[TDSE] Running TDSE-SH-elliptical. step 19000, energy = -0.45909707296717345
par_lens = 81, 83, 80
[TDSE] Running TDSE-SH-elliptical. step 19200, energy = -0.3864788678545202
par_lens = 67, 67, 70
[TDSE] Running TDSE-SH-elliptical. step 19400, energy = -0.3476550305516411
par_lens = 70, 69, 72
[TDSE] Running TDSE-SH-elliptical. step 19600, energy = -0.38455211229044467
par_lens = 102, 101, 101
[TDSE] Running TDSE-SH-elliptical. step 19800, energy = -0.4590166057132418
par_lens = 121, 122, 119
[TDSE] Running TDSE-SH-elliptical. step 20000, energy = -0.47437912206317057
par_lens = 125, 126, 124
[TDSE] Running TDSE-SH-elliptical. step 20200, energy = -0.3966040820231648
par_lens = 115, 119, 120
[TDSE] Running TDSE-SH-elliptical. step 20400, energy = -0.306185633526518
par_lens = 87, 89, 87
[TDSE] Running TDSE-SH-elliptical. step 20600, energy = -0.30568478543127303
par_lens = 117, 118, 118
[TDSE] Running TDSE-SH-elliptical. step 20800, energy = -0.39021011162537095
par_lens = 163, 162, 160
[TDSE] Running TDSE-SH-elliptical. step 21000, energy = -0.4689788914918081
par_lens = 180, 180, 181
[TDSE] Running TDSE-SH-elliptical. step 21200, energy = -0.42868437391451325
par_lens = 182, 182, 184
[TDSE] Running TDSE-SH-elliptical. step 21400, energy = -0.30149218485924195
par_lens = 153, 150, 149
[TDSE] Running TDSE-SH-elliptical. step 21600, energy = -0.23359973319998503
par_lens = 130, 124, 121
[TDSE] Running TDSE-SH-elliptical. step 21800, energy = -0.29388993128621
par_lens = 195, 186, 191
[TDSE] Running TDSE-SH-elliptical. step 22000, energy = -0.4188652356726696
par_lens = 239, 238, 239
[TDSE] Running TDSE-SH-elliptical. step 22200, energy = -0.45669514857333365
par_lens = 249, 247, 249
[TDSE] Running TDSE-SH-elliptical. step 22400, energy = -0.33987162074354843
par_lens = 234, 239, 234
[TDSE] Running TDSE-SH-elliptical. step 22600, energy = -0.19696277990559904
par_lens = 182, 185, 181
[TDSE] Running TDSE-SH-elliptical. step 22800, energy = -0.19935299705426857
par_lens = 208, 201, 201
[TDSE] Running TDSE-SH-elliptical. step 23000, energy = -0.3167120326280908
par_lens = 286, 283, 286
[TDSE] Running TDSE-SH-elliptical. step 23200, energy = -0.44225223759811855
par_lens = 315, 313, 313
[TDSE] Running TDSE-SH-elliptical. step 23400, energy = -0.3983977137639158
par_lens = 314, 310, 309
[TDSE] Running TDSE-SH-elliptical. step 23600, energy = -0.22173193136556538
par_lens = 272, 271, 277
[TDSE] Running TDSE-SH-elliptical. step 23800, energy = -0.12409448532844478
par_lens = 232, 230, 239
[TDSE] Running TDSE-SH-elliptical. step 24000, energy = -0.2084700540174769
par_lens = 303, 303, 302
[TDSE] Running TDSE-SH-elliptical. step 24200, energy = -0.368161378674509
par_lens = 356, 357, 356
[TDSE] Running TDSE-SH-elliptical. step 24400, energy = -0.4319544835219847
par_lens = 366, 364, 363
[TDSE] Running TDSE-SH-elliptical. step 24600, energy = -0.2947556685210374
par_lens = 354, 353, 355
[TDSE] Running TDSE-SH-elliptical. step 24800, energy = -0.11118170707071491
par_lens = 311, 309, 309
[TDSE] Running TDSE-SH-elliptical. step 25000, energy = -0.1147036332950816
par_lens = 311, 315, 312
[TDSE] Running TDSE-SH-elliptical. step 25200, energy = -0.2498752115004399
par_lens = 374, 371, 371
[TDSE] Running TDSE-SH-elliptical. step 25400, energy = -0.40523334418504137
par_lens = 389, 391, 390
[TDSE] Running TDSE-SH-elliptical. step 25600, energy = -0.3695421491555974
par_lens = 390, 391, 388
[TDSE] Running TDSE-SH-elliptical. step 25800, energy = -0.1748658800226702
par_lens = 367, 371, 361
[TDSE] Running TDSE-SH-elliptical. step 26000, energy = -0.05776752939731366
par_lens = 332, 335, 332
[TDSE] Running TDSE-SH-elliptical. step 26200, energy = -0.15375492235012725
par_lens = 368, 369, 370
[TDSE] Running TDSE-SH-elliptical. step 26400, energy = -0.319863415747802
par_lens = 403, 402, 399
[TDSE] Running TDSE-SH-elliptical. step 26600, energy = -0.40204933889242495
par_lens = 404, 402, 403
[TDSE] Running TDSE-SH-elliptical. step 26800, energy = -0.27253578244867427
par_lens = 395, 393, 396
[TDSE] Running TDSE-SH-elliptical. step 27000, energy = -0.0812616138496513
par_lens = 357, 364, 357
[TDSE] Running TDSE-SH-elliptical. step 27200, energy = -0.08264551689541658
par_lens = 353, 359, 348
[TDSE] Running TDSE-SH-elliptical. step 27400, energy = -0.21128840020168285
par_lens = 390, 392, 391
[TDSE] Running TDSE-SH-elliptical. step 27600, energy = -0.36978886878064304
par_lens = 409, 406, 407
[TDSE] Running TDSE-SH-elliptical. step 27800, energy = -0.35049788658008674
par_lens = 405, 403, 404
[TDSE] Running TDSE-SH-elliptical. step 28000, energy = -0.17424940144856402
par_lens = 382, 387, 384
[TDSE] Running TDSE-SH-elliptical. step 28200, energy = -0.06314445797016219
par_lens = 371, 359, 370
[TDSE] Running TDSE-SH-elliptical. step 28400, energy = -0.14450812485233075
par_lens = 386, 384, 385
[TDSE] Running TDSE-SH-elliptical. step 28600, energy = -0.2953025582575679
par_lens = 405, 406, 405
[TDSE] Running TDSE-SH-elliptical. step 28800, energy = -0.3782035901283689
par_lens = 408, 407, 407
[TDSE] Running TDSE-SH-elliptical. step 29000, energy = -0.2756208489478175
par_lens = 400, 402, 402
[TDSE] Running TDSE-SH-elliptical. step 29200, energy = -0.11709954495086286
par_lens = 380, 375, 376
[TDSE] Running TDSE-SH-elliptical. step 29400, energy = -0.1106995166466755
par_lens = 371, 379, 370
[TDSE] Running TDSE-SH-elliptical. step 29600, energy = -0.21307186403902642
par_lens = 398, 396, 396
[TDSE] Running TDSE-SH-elliptical. step 29800, energy = -0.3539586308475733
par_lens = 407, 406, 406
[TDSE] Running TDSE-SH-elliptical. step 30000, energy = -0.34885276025051326
par_lens = 404, 404, 403
[TDSE] Running TDSE-SH-elliptical. step 30200, energy = -0.2137153024958779
par_lens = 400, 399, 397
[TDSE] Running TDSE-SH-elliptical. step 30400, energy = -0.12819468296821482
par_lens = 384, 379, 378
[TDSE] Running TDSE-SH-elliptical. step 30600, energy = -0.17986335239343804
par_lens = 395, 392, 392
[TDSE] Running TDSE-SH-elliptical. step 30800, energy = -0.3004927310274636
par_lens = 407, 405, 406
[TDSE] Running TDSE-SH-elliptical. step 31000, energy = -0.37308507054965057
par_lens = 407, 405, 406
[TDSE] Running TDSE-SH-elliptical. step 31200, energy = -0.30622636120842184
par_lens = 403, 401, 398
[TDSE] Running TDSE-SH-elliptical. step 31400, energy = -0.1993315853205906
par_lens = 391, 385, 389
[TDSE] Running TDSE-SH-elliptical. step 31600, energy = -0.1817553528414267
par_lens = 392, 385, 388
[TDSE] Running TDSE-SH-elliptical. step 31800, energy = -0.25993810559508546
par_lens = 405, 400, 402
[TDSE] Running TDSE-SH-elliptical. step 32000, energy = -0.3617867818743614
par_lens = 406, 406, 406
[TDSE] Running TDSE-SH-elliptical. step 32200, energy = -0.3658735354709407
par_lens = 405, 406, 404
[TDSE] Running TDSE-SH-elliptical. step 32400, energy = -0.2811773723173498
par_lens = 396, 394, 393
[TDSE] Running TDSE-SH-elliptical. step 32600, energy = -0.2250697141498281
par_lens = 391, 388, 391
[TDSE] Running TDSE-SH-elliptical. step 32800, energy = -0.2541366333744884
par_lens = 397, 393, 393
[TDSE] Running TDSE-SH-elliptical. step 33000, energy = -0.3306758060816118
par_lens = 403, 399, 400
[TDSE] Running TDSE-SH-elliptical. step 33200, energy = -0.3830401336191249
par_lens = 406, 403, 406
[TDSE] Running TDSE-SH-elliptical. step 33400, energy = -0.3492042221009155
par_lens = 401, 401, 401
[TDSE] Running TDSE-SH-elliptical. step 33600, energy = -0.2848984320817382
par_lens = 396, 392, 394
[TDSE] Running TDSE-SH-elliptical. step 33800, energy = -0.2759081717580761
par_lens = 393, 388, 390
[TDSE] Running TDSE-SH-elliptical. step 34000, energy = -0.315258291874711
par_lens = 400, 401, 400
[TDSE] Running TDSE-SH-elliptical. step 34200, energy = -0.3755321714209324
par_lens = 403, 404, 404
[TDSE] Running TDSE-SH-elliptical. step 34400, energy = -0.38372797976294454
par_lens = 403, 402, 402
[TDSE] Running TDSE-SH-elliptical. step 34600, energy = -0.3453984936101781
par_lens = 395, 391, 399
[TDSE] Running TDSE-SH-elliptical. step 34800, energy = -0.3094821309751331
par_lens = 391, 393, 390
[TDSE] Running TDSE-SH-elliptical. step 35000, energy = -0.32498257279673476
par_lens = 391, 395, 392
[TDSE] Running TDSE-SH-elliptical. step 35200, energy = -0.36462428731363056
par_lens = 401, 403, 397
[TDSE] Running TDSE-SH-elliptical. step 35400, energy = -0.3917180662521283
par_lens = 406, 400, 401
[TDSE] Running TDSE-SH-elliptical. step 35600, energy = -0.3790564831576687
par_lens = 401, 396, 396
[TDSE] Running TDSE-SH-elliptical. step 35800, energy = -0.35489107150207894
par_lens = 385, 389, 382
[TDSE] Running TDSE-SH-elliptical. step 36000, energy = -0.340370836540814
par_lens = 380, 389, 385
[TDSE] Running TDSE-SH-elliptical. step 36200, energy = -0.3682696987908513
par_lens = 384, 390, 388
[TDSE] Running TDSE-SH-elliptical. step 36400, energy = -0.38748791798100496
par_lens = 385, 394, 395
[TDSE] Running TDSE-SH-elliptical. step 36600, energy = -0.39555832754124226
par_lens = 382, 391, 393
[TDSE] Running TDSE-SH-elliptical. step 36800, energy = -0.3806765969120117
par_lens = 377, 380, 384
[TDSE] Running TDSE-SH-elliptical. step 37000, energy = -0.37021941602194547
par_lens = 369, 377, 367
[TDSE] Running TDSE-SH-elliptical. step 37200, energy = -0.37344826122793623
par_lens = 375, 371, 371
[TDSE] Running TDSE-SH-elliptical. step 37400, energy = -0.38744479965935646
par_lens = 374, 375, 372
[TDSE] Running TDSE-SH-elliptical. step 37600, energy = -0.3986090963927374
par_lens = 366, 369, 373
[TDSE] Running TDSE-SH-elliptical. step 37800, energy = -0.3960913027276338
par_lens = 354, 354, 360
[TDSE] Running TDSE-SH-elliptical. step 38000, energy = -0.3870940130679754
par_lens = 344, 342, 356
[TDSE] Running TDSE-SH-elliptical. step 38200, energy = -0.38779316122257607
par_lens = 327, 333, 335
[TDSE] Running TDSE-SH-elliptical. step 38400, energy = -0.3893532798331028
par_lens = 332, 340, 331
[TDSE] Running TDSE-SH-elliptical. step 38600, energy = -0.39892585810617665
par_lens = 324, 322, 326
[TDSE] Running TDSE-SH-elliptical. step 38800, energy = -0.39963345999402267
par_lens = 310, 317, 316
[TDSE] Running TDSE-SH-elliptical. step 39000, energy = -0.3977750061946425
par_lens = 308, 312, 312
[TDSE] Running TDSE-SH-elliptical. step 39200, energy = -0.3957574803491672
par_lens = 297, 294, 303
[TDSE] Running TDSE-SH-elliptical. step 39400, energy = -0.3958679903076734
par_lens = 295, 295, 298
[TDSE] Running TDSE-SH-elliptical. step 39600, energy = -0.39950485209518277
par_lens = 288, 287, 290
[TDSE] Running TDSE-SH-elliptical. step 39800, energy = -0.4006521858744466
par_lens = 284, 275, 281
[TDSE] Running TDSE-SH-elliptical. step 40000, energy = -0.4011533335328474
par_lens = 272, 270, 273
[TDSE] Running TDSE-SH-elliptical. step 40200, energy = -0.40064776589550904
par_lens = 267, 264, 267
[TDSE] Running TDSE-SH-elliptical. step 40400, energy = -0.40014589866435996
par_lens = 260, 260, 264
[TDSE] Running TDSE-SH-elliptical. step 40600, energy = -0.4012919421867006
par_lens = 253, 254, 256
[TDSE] Running TDSE-SH-elliptical. step 40800, energy = -0.40174990910226244
par_lens = 250, 244, 248
[TDSE] Running TDSE-SH-elliptical. step 41000, energy = -0.40231943859480107
par_lens = 240, 239, 241
[TDSE] Running TDSE-SH-elliptical. step 41200, energy = -0.40259533601422487
par_lens = 237, 234, 237
[TDSE] Running TDSE-SH-elliptical. step 41400, energy = -0.40253584002478915
par_lens = 233, 231, 236
[TDSE] Running TDSE-SH-elliptical. step 41600, energy = -0.40294395540128364
par_lens = 226, 226, 229
[TDSE] Running TDSE-SH-elliptical. step 41800, energy = -0.403239147275133
par_lens = 222, 220, 221
[TDSE] Running TDSE-SH-elliptical. step 42000, energy = -0.4035157228518094
par_lens = 215, 214, 218
[TDSE] Running TDSE-SH-elliptical. step 42200, energy = -0.40383170103121224
par_lens = 211, 207, 209
[TDSE] Running TDSE-SH-elliptical. step 42400, energy = -0.404104295929015
par_lens = 201, 205, 202
[TDSE] Running TDSE-SH-elliptical. step 42600, energy = -0.40440471199874944
par_lens = 196, 199, 199
[TDSE] Running TDSE-SH-elliptical. step 42800, energy = -0.4047132236199813
par_lens = 193, 197, 197
[TDSE] Running TDSE-SH-elliptical. step 43000, energy = -0.40501852743669264
par_lens = 192, 192, 195
[TDSE] Running TDSE-SH-elliptical. step 43200, energy = -0.40533538699052285
par_lens = 191, 190, 188
[TDSE] Running TDSE-SH-elliptical. step 43400, energy = -0.4056638591287075
par_lens = 189, 189, 185
[TDSE] Running TDSE-SH-elliptical. step 43600, energy = -0.4059922889952346
par_lens = 183, 181, 183
[TDSE] Running TDSE-SH-elliptical. step 43800, energy = -0.4063172151318852
par_lens = 180, 180, 183
[TDSE] Running TDSE-SH-elliptical. step 44000, energy = -0.4066613930768365
par_lens = 176, 179, 176
[TDSE] Running TDSE-SH-elliptical. step 44200, energy = -0.4070722290703699
par_lens = 174, 175, 171
[TDSE] Running TDSE-SH-elliptical. step 44400, energy = -0.40753124244353967
par_lens = 171, 169, 171
[TDSE] Running TDSE-SH-elliptical. step 44600, energy = -0.407903401163906
par_lens = 168, 166, 170
[TDSE] Running TDSE-SH-elliptical. step 44800, energy = -0.40810466174037907
par_lens = 166, 165, 164
[TDSE] Running TDSE-SH-elliptical. step 45000, energy = -0.40825583464363285
par_lens = 161, 160, 160
[ITP]: 10000.471108571397
[ITP]: 0.022107823405609905
[ITP]: 0.004976805475414736
[ITP]: 0.0021058954092971205
[ITP]: 0.001084104546129061
[ITP]: 0.0006160870179273692
[ITP]: 0.0003714642087823128
[ITP]: 0.00023286611963801995
[ITP]: 0.0001500123428329614
[ITP]: 9.857967926441003e-5
[ITP]: 6.57601184761436e-5
[ITP]: 4.43786526744816e-5
[ITP]: 3.022437766897479e-5
[ITP]: 2.0735965556739622e-5
[ITP]: 1.4311264988853267e-5
[ITP]: 9.92563006574354e-6
[ITP]: 6.9119921211058255e-6
[ITP]: 4.82976755122877e-6
[ITP]: 3.384510666504248e-6
[ITP]: 2.3775199649023193e-6
[ITP]: 1.6736194445865493e-6
[ITP]: 1.1802274751948616e-6
[ITP]: 8.335748883370186e-7
[ITP]: 5.895273362810372e-7
[ITP]: 4.174150680658073e-7
[ITP]: 2.958509506267859e-7
[ITP]: 2.098764437796774e-7
[ITP]: 1.4900242706339384e-7
[ITP]: 1.0585745457980522e-7
[ITP]: 7.525113565609587e-8
[ITP]: 5.352267851144177e-8
[ITP]: 3.808635307134267e-8
[ITP]: 2.7113442158110956e-8
[ITP]: 1.9309163601377577e-8
[ITP]: 1.3755872219078924e-8
[ITP]: 9.802639699962867e-9
Energy of ground state: -0.5030607411950042
[TDSE] Start TDSE-SH for elliptical polarized laser. It may cost a plenty of time.
[TDSE] Running TDSE-SH-elliptical. step 0, energy = -0.5030607411950042
par_lens = 0, 0, 0
[TDSE] Running TDSE-SH-elliptical. step 200, energy = -0.5030607411948599
par_lens = 1, 1, 1
[TDSE] Running TDSE-SH-elliptical. step 400, energy = -0.5030607411942831
par_lens = 1, 1, 2
[TDSE] Running TDSE-SH-elliptical. step 600, energy = -0.5030607411896231
par_lens = 1, 1, 2
[TDSE] Running TDSE-SH-elliptical. step 800, energy = -0.5030607411673332
par_lens = 1, 1, 2
[TDSE] Running TDSE-SH-elliptical. step 1000, energy = -0.5030607410934682
par_lens = 1, 1, 2
[TDSE] Running TDSE-SH-elliptical. step 1200, energy = -0.5030607409047833
par_lens = 1, 1, 2
[TDSE] Running TDSE-SH-elliptical. step 1400, energy = -0.5030607404905355
par_lens = 1, 1, 2
[TDSE] Running TDSE-SH-elliptical. step 1600, energy = -0.5030607396921561
par_lens = 1, 1, 2
[TDSE] Running TDSE-SH-elliptical. step 1800, energy = -0.5030607382757589
par_lens = 1, 1, 2
[TDSE] Running TDSE-SH-elliptical. step 2000, energy = -0.5030607359531734
par_lens = 1, 1, 2
[TDSE] Running TDSE-SH-elliptical. step 2200, energy = -0.5030607323336975
par_lens = 1, 1, 2
[TDSE] Running TDSE-SH-elliptical. step 2400, energy = -0.5030607269952492
par_lens = 1, 1, 2
[TDSE] Running TDSE-SH-elliptical. step 2600, energy = -0.5030607193828015
par_lens = 1, 1, 2
[TDSE] Running TDSE-SH-elliptical. step 2800, energy = -0.5030607089756285
par_lens = 1, 1, 2
[TDSE] Running TDSE-SH-elliptical. step 3000, energy = -0.503060695055924
par_lens = 1, 1, 2
[TDSE] Running TDSE-SH-elliptical. step 3200, energy = -0.5030606771312307
par_lens = 1, 1, 2
[TDSE] Running TDSE-SH-elliptical. step 3400, energy = -0.5030606543104226
par_lens = 1, 2, 2
[TDSE] Running TDSE-SH-elliptical. step 3600, energy = -0.5030606262525996
par_lens = 2, 2, 2
[TDSE] Running TDSE-SH-elliptical. step 3800, energy = -0.5030605920286764
par_lens = 2, 2, 2
[TDSE] Running TDSE-SH-elliptical. step 4000, energy = -0.503060551540455
par_lens = 2, 2, 2
[TDSE] Running TDSE-SH-elliptical. step 4200, energy = -0.5030605038029399
par_lens = 2, 2, 2
[TDSE] Running TDSE-SH-elliptical. step 4400, energy = -0.5030604493088036
par_lens = 2, 2, 2
[TDSE] Running TDSE-SH-elliptical. step 4600, energy = -0.5030603870882867
par_lens = 2, 2, 2
[TDSE] Running TDSE-SH-elliptical. step 4800, energy = -0.5030603179561036
par_lens = 2, 2, 2
[TDSE] Running TDSE-SH-elliptical. step 5000, energy = -0.5030602415991684
par_lens = 2, 2, 2
[TDSE] Running TDSE-SH-elliptical. step 5200, energy = -0.503060159019302
par_lens = 2, 2, 2
[TDSE] Running TDSE-SH-elliptical. step 5400, energy = -0.5030600703475694
par_lens = 2, 2, 2
[TDSE] Running TDSE-SH-elliptical. step 5600, energy = -0.5030599770645259
par_lens = 2, 2, 2
[TDSE] Running TDSE-SH-elliptical. step 5800, energy = -0.5030598800063999
par_lens = 2, 2, 2
[TDSE] Running TDSE-SH-elliptical. step 6000, energy = -0.5030597804204394
par_lens = 2, 2, 2
[TDSE] Running TDSE-SH-elliptical. step 6200, energy = -0.5030596804738401
par_lens = 2, 2, 2
[TDSE] Running TDSE-SH-elliptical. step 6400, energy = -0.5030595807737416
par_lens = 2, 2, 2
[TDSE] Running TDSE-SH-elliptical. step 6600, energy = -0.5030594844274785
par_lens = 2, 2, 2
[TDSE] Running TDSE-SH-elliptical. step 6800, energy = -0.5030593923053753
par_lens = 2, 2, 2
[TDSE] Running TDSE-SH-elliptical. step 7000, energy = -0.503059307167755
par_lens = 2, 2, 2
[TDSE] Running TDSE-SH-elliptical. step 7200, energy = -0.5030592298046419
par_lens = 2, 2, 2
[TDSE] Running TDSE-SH-elliptical. step 7400, energy = -0.5030591640890657
par_lens = 2, 2, 2
[TDSE] Running TDSE-SH-elliptical. step 7600, energy = -0.5030591094920895
par_lens = 2, 2, 2
[TDSE] Running TDSE-SH-elliptical. step 7800, energy = -0.5030590692402507
par_lens = 2, 2, 2
[TDSE] Running TDSE-SH-elliptical. step 8000, energy = -0.5030590440198976
par_lens = 2, 2, 2
[TDSE] Running TDSE-SH-elliptical. step 8200, energy = -0.5030590354817069
par_lens = 2, 2, 2
[TDSE] Running TDSE-SH-elliptical. step 8400, energy = -0.503059043475174
par_lens = 2, 2, 2
[TDSE] Running TDSE-SH-elliptical. step 8600, energy = -0.5030590696129382
par_lens = 2, 2, 2
[TDSE] Running TDSE-SH-elliptical. step 8800, energy = -0.5030591128688287
par_lens = 2, 2, 2
[TDSE] Running TDSE-SH-elliptical. step 9000, energy = -0.5030591739953221
par_lens = 2, 2, 2
[TDSE] Running TDSE-SH-elliptical. step 9200, energy = -0.5030592510390149
par_lens = 2, 2, 2
[TDSE] Running TDSE-SH-elliptical. step 9400, energy = -0.5030593436461689
par_lens = 2, 2, 2
[TDSE] Running TDSE-SH-elliptical. step 9600, energy = -0.5030594496119886
par_lens = 2, 2, 2
[TDSE] Running TDSE-SH-elliptical. step 9800, energy = -0.5030595677185019
par_lens = 2, 2, 2
[TDSE] Running TDSE-SH-elliptical. step 10000, energy = -0.5030596938519183
par_lens = 2, 2, 2
[TDSE] Running TDSE-SH-elliptical. step 10200, energy = -0.5030598039202064
par_lens = 2, 2, 2
[TDSE] Running TDSE-SH-elliptical. step 10400, energy = -0.5030595841761385
par_lens = 2, 2, 2
[TDSE] Running TDSE-SH-elliptical. step 10600, energy = -0.5030592473254868
par_lens = 2, 2, 2
[TDSE] Running TDSE-SH-elliptical. step 10800, energy = -0.5030597511697695
par_lens = 2, 2, 2
[TDSE] Running TDSE-SH-elliptical. step 11000, energy = -0.5030563372849727
par_lens = 2, 2, 2
[TDSE] Running TDSE-SH-elliptical. step 11200, energy = -0.5030279302416367
par_lens = 4, 3, 3
[TDSE] Running TDSE-SH-elliptical. step 11400, energy = -0.502953144958655
par_lens = 4, 3, 3
[TDSE] Running TDSE-SH-elliptical. step 11600, energy = -0.5028638942602667
par_lens = 4, 3, 3
[TDSE] Running TDSE-SH-elliptical. step 11800, energy = -0.5028594228145375
par_lens = 4, 3, 3
[TDSE] Running TDSE-SH-elliptical. step 12000, energy = -0.5029553830797953
par_lens = 4, 3, 3
[TDSE] Running TDSE-SH-elliptical. step 12200, energy = -0.5029299882587037
par_lens = 4, 4, 3
[TDSE] Running TDSE-SH-elliptical. step 12400, energy = -0.5024721909875417
par_lens = 5, 5, 5
[TDSE] Running TDSE-SH-elliptical. step 12600, energy = -0.5016879388745137
par_lens = 5, 5, 6
[TDSE] Running TDSE-SH-elliptical. step 12800, energy = -0.5012819864378305
par_lens = 6, 7, 6
[TDSE] Running TDSE-SH-elliptical. step 13000, energy = -0.5018222347609387
par_lens = 5, 5, 6
[TDSE] Running TDSE-SH-elliptical. step 13200, energy = -0.5026179108948621
par_lens = 5, 4, 5
[TDSE] Running TDSE-SH-elliptical. step 13400, energy = -0.5019746621434481
par_lens = 6, 5, 6
[TDSE] Running TDSE-SH-elliptical. step 13600, energy = -0.49921379237206503
par_lens = 8, 7, 7
[TDSE] Running TDSE-SH-elliptical. step 13800, energy = -0.4963344783559924
par_lens = 10, 9, 9
[TDSE] Running TDSE-SH-elliptical. step 14000, energy = -0.49645867931853677
par_lens = 10, 10, 9
[TDSE] Running TDSE-SH-elliptical. step 14200, energy = -0.49969918367310184
par_lens = 10, 10, 10
[TDSE] Running TDSE-SH-elliptical. step 14400, energy = -0.5016730410870672
par_lens = 11, 10, 10
[TDSE] Running TDSE-SH-elliptical. step 14600, energy = -0.49780777201597814
par_lens = 9, 10, 8
[TDSE] Running TDSE-SH-elliptical. step 14800, energy = -0.4898848037529723
par_lens = 12, 12, 13
[TDSE] Running TDSE-SH-elliptical. step 15000, energy = -0.48577677683070397
par_lens = 14, 13, 13
[TDSE] Running TDSE-SH-elliptical. step 15200, energy = -0.49073893839726085
par_lens = 15, 15, 14
[TDSE] Running TDSE-SH-elliptical. step 15400, energy = -0.4988100765057482
par_lens = 17, 17, 16
[TDSE] Running TDSE-SH-elliptical. step 15600, energy = -0.49746078551072126
par_lens = 17, 18, 16
[TDSE] Running TDSE-SH-elliptical. step 15800, energy = -0.4824715309186577
par_lens = 17, 16, 16
[TDSE] Running TDSE-SH-elliptical. step 16000, energy = -0.46652802059512405
par_lens = 20, 20, 21
[TDSE] Running TDSE-SH-elliptical. step 16200, energy = -0.46684629862608495
par_lens = 24, 24, 22
[TDSE] Running TDSE-SH-elliptical. step 16400, energy = -0.4840730630637116
par_lens = 27, 27, 28
[TDSE] Running TDSE-SH-elliptical. step 16600, energy = -0.4968423676692969
par_lens = 29, 30, 30
[TDSE] Running TDSE-SH-elliptical. step 16800, energy = -0.48464110545246986
par_lens = 30, 29, 30
  Activating project at `~/JuliaProp_v0.1`
[TDSE] Running TDSE-SH-elliptical. step 17000, energy = -0.45480862499719127
par_lens = 27, 26, 26
[TDSE] Running TDSE-SH-elliptical. step 17200, energy = -0.43897565715635944
par_lens = 34, 33, 33
[TDSE] Running TDSE-SH-elliptical. step 17400, energy = -0.4560699567303812
par_lens = 41, 40, 41
[TDSE] Running TDSE-SH-elliptical. step 17600, energy = -0.48648419541164123
par_lens = 46, 48, 47
[TDSE] Running TDSE-SH-elliptical. step 17800, energy = -0.4875973012928562
par_lens = 48, 49, 49
[TDSE] Running TDSE-SH-elliptical. step 18000, energy = -0.4454717206503755
par_lens = 44, 43, 40
[TDSE] Running TDSE-SH-elliptical. step 18200, energy = -0.399155813608878
par_lens = 46, 41, 44
[TDSE] Running TDSE-SH-elliptical. step 18400, energy = -0.39878973229436787
par_lens = 61, 58, 59
[TDSE] Running TDSE-SH-elliptical. step 18600, energy = -0.446232227637558
par_lens = 75, 74, 75
[TDSE] Running TDSE-SH-elliptical. step 18800, energy = -0.4858496252822082
par_lens = 83, 83, 83
[TDSE] Running TDSE-SH-elliptical. step 19000, energy = -0.4619182292032067
par_lens = 83, 85, 86
[TDSE] Running TDSE-SH-elliptical. step 19200, energy = -0.3921814363395957
par_lens = 72, 70, 69
[TDSE] Running TDSE-SH-elliptical. step 19400, energy = -0.35461908283461874
par_lens = 68, 69, 70
[TDSE] Running TDSE-SH-elliptical. step 19600, energy = -0.39067089044755887
par_lens = 101, 103, 99
[TDSE] Running TDSE-SH-elliptical. step 19800, energy = -0.4619840709101916
par_lens = 117, 117, 116
[TDSE] Running TDSE-SH-elliptical. step 20000, energy = -0.47275222013579404
par_lens = 121, 120, 120
[TDSE] Running TDSE-SH-elliptical. step 20200, energy = -0.3902062893146012
par_lens = 109, 109, 110
[TDSE] Running TDSE-SH-elliptical. step 20400, energy = -0.2966206971000061
par_lens = 87, 83, 86
[TDSE] Running TDSE-SH-elliptical. step 20600, energy = -0.2958645605496589
par_lens = 125, 126, 121
[TDSE] Running TDSE-SH-elliptical. step 20800, energy = -0.3830432048536201
par_lens = 165, 165, 164
[TDSE] Running TDSE-SH-elliptical. step 21000, energy = -0.4673629991659377
par_lens = 188, 187, 188
[TDSE] Running TDSE-SH-elliptical. step 21200, energy = -0.43375767224394707
par_lens = 193, 191, 193
[TDSE] Running TDSE-SH-elliptical. step 21400, energy = -0.3122600984043755
par_lens = 164, 164, 168
[TDSE] Running TDSE-SH-elliptical. step 21600, energy = -0.24674181392744834
par_lens = 132, 137, 125
[TDSE] Running TDSE-SH-elliptical. step 21800, energy = -0.3054530140513912
par_lens = 185, 187, 187
[TDSE] Running TDSE-SH-elliptical. step 22000, energy = -0.4248149665340696
par_lens = 238, 238, 236
[TDSE] Running TDSE-SH-elliptical. step 22200, energy = -0.45449013707684044
par_lens = 238, 241, 239
[TDSE] Running TDSE-SH-elliptical. step 22400, energy = -0.3291864809428476
par_lens = 214, 221, 214
[TDSE] Running TDSE-SH-elliptical. step 22600, energy = -0.1805840087450969
par_lens = 158, 167, 161
[TDSE] Running TDSE-SH-elliptical. step 22800, energy = -0.18276860003510143
par_lens = 200, 199, 201
[TDSE] Running TDSE-SH-elliptical. step 23000, energy = -0.30413969290418774
par_lens = 285, 288, 284
[TDSE] Running TDSE-SH-elliptical. step 23200, energy = -0.4387841041042047
par_lens = 328, 326, 327
[TDSE] Running TDSE-SH-elliptical. step 23400, energy = -0.40562194922860617
par_lens = 333, 329, 329
[TDSE] Running TDSE-SH-elliptical. step 23600, energy = -0.23814092659429964
par_lens = 295, 290, 294
[TDSE] Running TDSE-SH-elliptical. step 23800, energy = -0.14437243593189786
par_lens = 243, 237, 252
[TDSE] Running TDSE-SH-elliptical. step 24000, energy = -0.22615143431396315
par_lens = 291, 290, 292
[TDSE] Running TDSE-SH-elliptical. step 24200, energy = -0.3778963962295565
par_lens = 352, 348, 353
[TDSE] Running TDSE-SH-elliptical. step 24400, energy = -0.42971831994017456
par_lens = 358, 355, 358
[TDSE] Running TDSE-SH-elliptical. step 24600, energy = -0.28013674959915214
par_lens = 342, 339, 342
[TDSE] Running TDSE-SH-elliptical. step 24800, energy = -0.08810663168770373
par_lens = 297, 297, 294
[TDSE] Running TDSE-SH-elliptical. step 25000, energy = -0.0913863904058314
par_lens = 312, 316, 317
[TDSE] Running TDSE-SH-elliptical. step 25200, energy = -0.231765704911864
par_lens = 374, 372, 376
[TDSE] Running TDSE-SH-elliptical. step 25400, energy = -0.3993548797790873
par_lens = 401, 398, 400
[TDSE] Running TDSE-SH-elliptical. step 25600, energy = -0.37799888860191877
par_lens = 401, 399, 401
[TDSE] Running TDSE-SH-elliptical. step 25800, energy = -0.19577517048324797
par_lens = 373, 375, 377
[TDSE] Running TDSE-SH-elliptical. step 26000, energy = -0.08390844343024607
par_lens = 330, 330, 331
[TDSE] Running TDSE-SH-elliptical. step 26200, energy = -0.17661174428323134
par_lens = 370, 366, 365
[TDSE] Running TDSE-SH-elliptical. step 26400, energy = -0.33309334311969846
par_lens = 400, 398, 401
[TDSE] Running TDSE-SH-elliptical. step 26600, energy = -0.4002285006137452
par_lens = 406, 405, 405
[TDSE] Running TDSE-SH-elliptical. step 26800, energy = -0.2552976748145825
par_lens = 390, 399, 391
[TDSE] Running TDSE-SH-elliptical. step 27000, energy = -0.053717866178464815
par_lens = 346, 360, 350
[TDSE] Running TDSE-SH-elliptical. step 27200, energy = -0.054363585685287596
par_lens = 383, 384, 380
[TDSE] Running TDSE-SH-elliptical. step 27400, energy = -0.18921900381001783
par_lens = 407, 407, 407
[TDSE] Running TDSE-SH-elliptical. step 27600, energy = -0.36186838089877055
par_lens = 409, 408, 408
[TDSE] Running TDSE-SH-elliptical. step 27800, energy = -0.35908453254810935
par_lens = 408, 408, 408
[TDSE] Running TDSE-SH-elliptical. step 28000, energy = -0.19713874447925306
par_lens = 406, 407, 406
[TDSE] Running TDSE-SH-elliptical. step 28200, energy = -0.09224886278413841
par_lens = 394, 398, 399
[TDSE] Running TDSE-SH-elliptical. step 28400, energy = -0.17000302797680414
par_lens = 397, 393, 395
[TDSE] Running TDSE-SH-elliptical. step 28600, energy = -0.31050278182757185
par_lens = 403, 404, 405
[TDSE] Running TDSE-SH-elliptical. step 28800, energy = -0.3769835059364049
par_lens = 407, 407, 407
[TDSE] Running TDSE-SH-elliptical. step 29000, energy = -0.2575138623240279
par_lens = 406, 407, 403
[TDSE] Running TDSE-SH-elliptical. step 29200, energy = -0.0884514146919238
par_lens = 407, 406, 406
[TDSE] Running TDSE-SH-elliptical. step 29400, energy = -0.08033963752488489
par_lens = 409, 408, 408
[TDSE] Running TDSE-SH-elliptical. step 29600, energy = -0.18933626301084788
par_lens = 409, 408, 408
[TDSE] Running TDSE-SH-elliptical. step 29800, energy = -0.34479804522173524
par_lens = 409, 408, 408
[TDSE] Running TDSE-SH-elliptical. step 30000, energy = -0.3566764186175686
par_lens = 409, 408, 408
[TDSE] Running TDSE-SH-elliptical. step 30200, energy = -0.23649635583261877
par_lens = 409, 408, 408
[TDSE] Running TDSE-SH-elliptical. step 30400, energy = -0.15664117757924248
par_lens = 409, 408, 408
[TDSE] Running TDSE-SH-elliptical. step 30600, energy = -0.20605428180134389
par_lens = 409, 408, 408
[TDSE] Running TDSE-SH-elliptical. step 30800, energy = -0.31556124961968696
par_lens = 409, 408, 408
[TDSE] Running TDSE-SH-elliptical. step 31000, energy = -0.3723138082003614
par_lens = 409, 408, 408
[TDSE] Running TDSE-SH-elliptical. step 31200, energy = -0.2893123355603299
par_lens = 409, 408, 408
[TDSE] Running TDSE-SH-elliptical. step 31400, energy = -0.17124265249919082
par_lens = 409, 408, 408
[TDSE] Running TDSE-SH-elliptical. step 31600, energy = -0.15302434971946663
par_lens = 409, 408, 408
[TDSE] Running TDSE-SH-elliptical. step 31800, energy = -0.23674338865681788
par_lens = 409, 408, 408
[TDSE] Running TDSE-SH-elliptical. step 32000, energy = -0.35249767887316674
par_lens = 409, 408, 408
[TDSE] Running TDSE-SH-elliptical. step 32200, energy = -0.3719283167650436
par_lens = 409, 408, 408
[TDSE] Running TDSE-SH-elliptical. step 32400, energy = -0.3014196083126609
par_lens = 409, 408, 408
[TDSE] Running TDSE-SH-elliptical. step 32600, energy = -0.24978896916171234
par_lens = 409, 408, 408
[TDSE] Running TDSE-SH-elliptical. step 32800, energy = -0.2782644807466357
par_lens = 409, 408, 408
[TDSE] Running TDSE-SH-elliptical. step 33000, energy = -0.3449653798662458
par_lens = 409, 408, 408
[TDSE] Running TDSE-SH-elliptical. step 33200, energy = -0.38319662108642016
par_lens = 409, 408, 408
[TDSE] Running TDSE-SH-elliptical. step 33400, energy = -0.3348393654579192
par_lens = 409, 408, 408
[TDSE] Running TDSE-SH-elliptical. step 33600, energy = -0.26086043839759443
par_lens = 409, 408, 408
[TDSE] Running TDSE-SH-elliptical. step 33800, energy = -0.2513203758090967
par_lens = 409, 408, 408
[TDSE] Running TDSE-SH-elliptical. step 34000, energy = -0.29468741639289286
par_lens = 409, 408, 408
[TDSE] Running TDSE-SH-elliptical. step 34200, energy = -0.36642918626916116
par_lens = 409, 408, 408
[TDSE] Running TDSE-SH-elliptical. step 34400, energy = -0.3874270600296575
par_lens = 409, 408, 408
[TDSE] Running TDSE-SH-elliptical. step 34600, energy = -0.3602619327927032
par_lens = 409, 408, 408
[TDSE] Running TDSE-SH-elliptical. step 34800, energy = -0.3294715732882819
par_lens = 409, 408, 408
[TDSE] Running TDSE-SH-elliptical. step 35000, energy = -0.34326450066263475
par_lens = 409, 408, 408
[TDSE] Running TDSE-SH-elliptical. step 35200, energy = -0.3752751821418346
par_lens = 409, 408, 408
[TDSE] Running TDSE-SH-elliptical. step 35400, energy = -0.3917719803635172
par_lens = 409, 408, 408
[TDSE] Running TDSE-SH-elliptical. step 35600, energy = -0.3684050471555784
par_lens = 409, 408, 408
[TDSE] Running TDSE-SH-elliptical. step 35800, energy = -0.3375989787181625
par_lens = 409, 408, 408
[TDSE] Running TDSE-SH-elliptical. step 36000, energy = -0.3208382038811518
par_lens = 409, 408, 408
[TDSE] Running TDSE-SH-elliptical. step 36200, energy = -0.3538051073826989
par_lens = 409, 408, 408
[TDSE] Running TDSE-SH-elliptical. step 36400, energy = -0.3789643404196229
par_lens = 409, 408, 408
[TDSE] Running TDSE-SH-elliptical. step 36600, energy = -0.3968011171590013
par_lens = 409, 408, 408
[TDSE] Running TDSE-SH-elliptical. step 36800, energy = -0.3894969698997636
par_lens = 409, 408, 408
[TDSE] Running TDSE-SH-elliptical. step 37000, energy = -0.38136364162036757
par_lens = 409, 408, 408
[TDSE] Running TDSE-SH-elliptical. step 37200, energy = -0.38519398811782163
par_lens = 409, 408, 408
[TDSE] Running TDSE-SH-elliptical. step 37400, energy = -0.3937998858740765
par_lens = 409, 408, 408
[TDSE] Running TDSE-SH-elliptical. step 37600, energy = -0.3981122853824142
par_lens = 409, 408, 408
[TDSE] Running TDSE-SH-elliptical. step 37800, energy = -0.3903670673084093
par_lens = 409, 408, 408
[TDSE] Running TDSE-SH-elliptical. step 38000, energy = -0.37613105065505387
par_lens = 409, 408, 408
[TDSE] Running TDSE-SH-elliptical. step 38200, energy = -0.3762420413042725
par_lens = 409, 408, 408
[TDSE] Running TDSE-SH-elliptical. step 38400, energy = -0.37956214142461137
par_lens = 409, 408, 408
[TDSE] Running TDSE-SH-elliptical. step 38600, energy = -0.39362848823157187
par_lens = 409, 408, 408
[TDSE] Running TDSE-SH-elliptical. step 38800, energy = -0.3982231248208342
par_lens = 409, 408, 408
[TDSE] Running TDSE-SH-elliptical. step 39000, energy = -0.4003578357519563
par_lens = 409, 408, 408
[TDSE] Running TDSE-SH-elliptical. step 39200, energy = -0.39994795516609993
par_lens = 409, 408, 408
[TDSE] Running TDSE-SH-elliptical. step 39400, energy = -0.39999105214787506
par_lens = 409, 408, 408
[TDSE] Running TDSE-SH-elliptical. step 39600, energy = -0.4010479046237838
par_lens = 409, 408, 408
[TDSE] Running TDSE-SH-elliptical. step 39800, energy = -0.40043205434838025
par_lens = 409, 408, 408
[TDSE] Running TDSE-SH-elliptical. step 40000, energy = -0.3974391719277621
par_lens = 409, 408, 408
[TDSE] Running TDSE-SH-elliptical. step 40200, energy = -0.3960699675261632
par_lens = 409, 408, 408
[TDSE] Running TDSE-SH-elliptical. step 40400, energy = -0.39456051472610815
par_lens = 409, 408, 408
[TDSE] Running TDSE-SH-elliptical. step 40600, energy = -0.39661331277336714
par_lens = 409, 408, 408
[TDSE] Running TDSE-SH-elliptical. step 40800, energy = -0.39804230806283764
par_lens = 409, 408, 408
[TDSE] Running TDSE-SH-elliptical. step 41000, energy = -0.4004134861876001
par_lens = 409, 408, 408
[TDSE] Running TDSE-SH-elliptical. step 41200, energy = -0.40092795570462314
par_lens = 409, 408, 408
[TDSE] Running TDSE-SH-elliptical. step 41400, energy = -0.40178268516851895
par_lens = 409, 408, 408
[TDSE] Running TDSE-SH-elliptical. step 41600, energy = -0.401782481597102
par_lens = 409, 408, 408
[TDSE] Running TDSE-SH-elliptical. step 41800, energy = -0.40177911554566537
par_lens = 409, 408, 408
[TDSE] Running TDSE-SH-elliptical. step 42000, energy = -0.40181485618322826
par_lens = 409, 408, 408
[TDSE] Running TDSE-SH-elliptical. step 42200, energy = -0.4018384850144982
par_lens = 409, 408, 408
[TDSE] Running TDSE-SH-elliptical. step 42400, energy = -0.4017804610621138
par_lens = 409, 408, 408
[TDSE] Running TDSE-SH-elliptical. step 42600, energy = -0.4020050819591986
par_lens = 409, 408, 408
[TDSE] Running TDSE-SH-elliptical. step 42800, energy = -0.4027986225907201
par_lens = 409, 408, 408
[TDSE] Running TDSE-SH-elliptical. step 43000, energy = -0.4023584448006826
par_lens = 409, 408, 408
[TDSE] Running TDSE-SH-elliptical. step 43200, energy = -0.40338648110541614
par_lens = 409, 408, 408
[TDSE] Running TDSE-SH-elliptical. step 43400, energy = -0.4030913592636732
par_lens = 409, 408, 408
[TDSE] Running TDSE-SH-elliptical. step 43600, energy = -0.40401338784008284
par_lens = 409, 408, 408
[TDSE] Running TDSE-SH-elliptical. step 43800, energy = -0.40370060298167965
par_lens = 409, 408, 408
[TDSE] Running TDSE-SH-elliptical. step 44000, energy = -0.40476824276793966
par_lens = 409, 408, 408
[TDSE] Running TDSE-SH-elliptical. step 44200, energy = -0.40417237881128254
par_lens = 409, 408, 408
[TDSE] Running TDSE-SH-elliptical. step 44400, energy = -0.40552951632895656
par_lens = 409, 408, 408
[TDSE] Running TDSE-SH-elliptical. step 44600, energy = -0.4047628538294108
par_lens = 409, 408, 408
[TDSE] Running TDSE-SH-elliptical. step 44800, energy = -0.4061057767798938
par_lens = 409, 408, 408
[TDSE] Running TDSE-SH-elliptical. step 45000, energy = -0.40596827364986177
par_lens = 409, 408, 408
