  Activating project at `~/JuliaProp_v0.1`
task id = 1
-7000
[ITP]: 10000.471108571397
[ITP]: 0.022107823405609905
[ITP]: 0.004976805475414736
[ITP]: 0.0021058954092971205
[ITP]: 0.001084104546129061
[ITP]: 0.0006160870179273692
[ITP]: 0.0003714642087823128
[ITP]: 0.00023286611963801995
[ITP]: 0.0001500123428329614
[ITP]: 9.857967926441003e-5
[ITP]: 6.57601184761436e-5
[ITP]: 4.43786526744816e-5
[ITP]: 3.022437766897479e-5
[ITP]: 2.0735965556739622e-5
[ITP]: 1.4311264988853267e-5
[ITP]: 9.92563006574354e-6
[ITP]: 6.9119921211058255e-6
[ITP]: 4.82976755122877e-6
[ITP]: 3.384510666504248e-6
[ITP]: 2.3775199649023193e-6
[ITP]: 1.6736194445865493e-6
[ITP]: 1.1802274751948616e-6
[ITP]: 8.335748883370186e-7
[ITP]: 5.895273362810372e-7
[ITP]: 4.174150680658073e-7
[ITP]: 2.958509506267859e-7
[ITP]: 2.098764437796774e-7
[ITP]: 1.4900242706339384e-7
[ITP]: 1.0585745457980522e-7
[ITP]: 7.525113565609587e-8
[ITP]: 5.352267851144177e-8
[ITP]: 3.808635307134267e-8
[ITP]: 2.7113442158110956e-8
[ITP]: 1.9309163601377577e-8
[ITP]: 1.3755872219078924e-8
[ITP]: 9.802639699962867e-9
Energy of ground state: -0.5030607411950042
[TDSE] Start TDSE-SH for elliptical polarized laser. It may cost a plenty of time.
[TDSE] Running TDSE-SH-elliptical. step 0, energy = -0.5030607411950042
par_lens = 0, 0, 0
[TDSE] Running TDSE-SH-elliptical. step 200, energy = -0.5030607411948631
par_lens = 1, 1, 1
[TDSE] Running TDSE-SH-elliptical. step 400, energy = -0.5030607411947223
par_lens = 1, 1, 1
[TDSE] Running TDSE-SH-elliptical. step 600, energy = -0.5030607411945824
par_lens = 1, 1, 1
[TDSE] Running TDSE-SH-elliptical. step 800, energy = -0.5030607411944401
par_lens = 1, 1, 1
[TDSE] Running TDSE-SH-elliptical. step 1000, energy = -0.503060741194298
par_lens = 1, 1, 1
[TDSE] Running TDSE-SH-elliptical. step 1200, energy = -0.5030607411941582
par_lens = 1, 1, 1
[TDSE] Running TDSE-SH-elliptical. step 1400, energy = -0.5030607411940207
par_lens = 1, 1, 1
[TDSE] Running TDSE-SH-elliptical. step 1600, energy = -0.5030607411938827
par_lens = 1, 1, 1
[TDSE] Running TDSE-SH-elliptical. step 1800, energy = -0.5030607411937431
par_lens = 1, 1, 1
[TDSE] Running TDSE-SH-elliptical. step 2000, energy = -0.5030607411936043
par_lens = 1, 1, 1
[TDSE] Running TDSE-SH-elliptical. step 2200, energy = -0.5030607411934634
par_lens = 1, 1, 1
[TDSE] Running TDSE-SH-elliptical. step 2400, energy = -0.5030607411933254
par_lens = 1, 1, 1
[TDSE] Running TDSE-SH-elliptical. step 2600, energy = -0.5030607411931853
par_lens = 1, 1, 1
[TDSE] Running TDSE-SH-elliptical. step 2800, energy = -0.5030607411930469
par_lens = 1, 1, 1
[TDSE] Running TDSE-SH-elliptical. step 3000, energy = -0.503060741192909
par_lens = 1, 1, 1
[TDSE] Running TDSE-SH-elliptical. step 3200, energy = -0.5030607411927689
par_lens = 1, 1, 1
[TDSE] Running TDSE-SH-elliptical. step 3400, energy = -0.503060741192631
par_lens = 1, 1, 1
[TDSE] Running TDSE-SH-elliptical. step 3600, energy = -0.5030607411924892
par_lens = 1, 1, 1
[TDSE] Running TDSE-SH-elliptical. step 3800, energy = -0.5030607411923506
par_lens = 1, 1, 1
[TDSE] Running TDSE-SH-elliptical. step 4000, energy = -0.5030607411922097
par_lens = 1, 1, 1
[TDSE] Running TDSE-SH-elliptical. step 4200, energy = -0.5030607411920698
par_lens = 1, 1, 1
[TDSE] Running TDSE-SH-elliptical. step 4400, energy = -0.5030607411919295
par_lens = 1, 1, 1
[TDSE] Running TDSE-SH-elliptical. step 4600, energy = -0.5030607411917897
par_lens = 1, 1, 1
[TDSE] Running TDSE-SH-elliptical. step 4800, energy = -0.5030607411916498
par_lens = 1, 1, 1
[TDSE] Running TDSE-SH-elliptical. step 5000, energy = -0.5030607411915117
par_lens = 1, 1, 1
[TDSE] Running TDSE-SH-elliptical. step 5200, energy = -0.503060741191373
par_lens = 1, 1, 1
[TDSE] Running TDSE-SH-elliptical. step 5400, energy = -0.5030607411912332
par_lens = 1, 1, 1
[TDSE] Running TDSE-SH-elliptical. step 5600, energy = -0.5030607411910935
par_lens = 1, 1, 1
[TDSE] Running TDSE-SH-elliptical. step 5800, energy = -0.5030607411909532
par_lens = 1, 1, 1
[TDSE] Running TDSE-SH-elliptical. step 6000, energy = -0.5030607411908132
par_lens = 1, 1, 1
[TDSE] Running TDSE-SH-elliptical. step 6200, energy = -0.5030607411906737
par_lens = 1, 1, 1
[TDSE] Running TDSE-SH-elliptical. step 6400, energy = -0.5030607411905355
par_lens = 1, 1, 1
[TDSE] Running TDSE-SH-elliptical. step 6600, energy = -0.5030607411903965
par_lens = 1, 1, 1
[TDSE] Running TDSE-SH-elliptical. step 6800, energy = -0.5030607411902569
par_lens = 1, 1, 1
[TDSE] Running TDSE-SH-elliptical. step 7000, energy = -0.503060741190116
par_lens = 1, 1, 1
[TDSE] Running TDSE-SH-elliptical. step 7200, energy = -0.5030607411899756
par_lens = 1, 1, 1
[TDSE] Running TDSE-SH-elliptical. step 7400, energy = -0.5030607411898371
par_lens = 1, 1, 1
[TDSE] Running TDSE-SH-elliptical. step 7600, energy = -0.5030607411896952
par_lens = 1, 1, 1
[TDSE] Running TDSE-SH-elliptical. step 7800, energy = -0.5030607411895556
par_lens = 1, 1, 1
[TDSE] Running TDSE-SH-elliptical. step 8000, energy = -0.5030607411894166
par_lens = 1, 1, 1
[TDSE] Running TDSE-SH-elliptical. step 8200, energy = -0.5030607411892768
par_lens = 1, 1, 1
[TDSE] Running TDSE-SH-elliptical. step 8400, energy = -0.5030607411891372
par_lens = 1, 1, 1
[TDSE] Running TDSE-SH-elliptical. step 8600, energy = -0.5030607411889971
par_lens = 1, 1, 1
[TDSE] Running TDSE-SH-elliptical. step 8800, energy = -0.5030607411888572
par_lens = 1, 1, 1
[TDSE] Running TDSE-SH-elliptical. step 9000, energy = -0.5030607411887195
par_lens = 1, 1, 1
[TDSE] Running TDSE-SH-elliptical. step 9200, energy = -0.503060741188581
par_lens = 1, 1, 1
[TDSE] Running TDSE-SH-elliptical. step 9400, energy = -0.5030607411884419
par_lens = 1, 1, 1
[TDSE] Running TDSE-SH-elliptical. step 9600, energy = -0.5030607411883015
par_lens = 1, 1, 1
[TDSE] Running TDSE-SH-elliptical. step 9800, energy = -0.5030607411881611
par_lens = 1, 1, 1
[TDSE] Running TDSE-SH-elliptical. step 10000, energy = -0.5030607411880231
par_lens = 1, 1, 1
[TDSE] Running TDSE-SH-elliptical. step 10200, energy = -0.5030607407175125
par_lens = 1, 1, 2
[TDSE] Running TDSE-SH-elliptical. step 10400, energy = -0.5030606930462044
par_lens = 1, 1, 2
[TDSE] Running TDSE-SH-elliptical. step 10600, energy = -0.5030605764066688
par_lens = 2, 2, 2
[TDSE] Running TDSE-SH-elliptical. step 10800, energy = -0.503060606900863
par_lens = 2, 2, 2
[TDSE] Running TDSE-SH-elliptical. step 11000, energy = -0.50305507942389
par_lens = 2, 2, 2
[TDSE] Running TDSE-SH-elliptical. step 11200, energy = -0.5030204585164442
par_lens = 4, 3, 3
[TDSE] Running TDSE-SH-elliptical. step 11400, energy = -0.5029347644805621
par_lens = 4, 3, 3
[TDSE] Running TDSE-SH-elliptical. step 11600, energy = -0.5028399106555526
par_lens = 4, 3, 3
[TDSE] Running TDSE-SH-elliptical. step 11800, energy = -0.5028556265034632
par_lens = 4, 3, 3
[TDSE] Running TDSE-SH-elliptical. step 12000, energy = -0.5029979883434295
par_lens = 4, 3, 3
[TDSE] Running TDSE-SH-elliptical. step 12200, energy = -0.5029946327121889
par_lens = 4, 3, 3
[TDSE] Running TDSE-SH-elliptical. step 12400, energy = -0.5024685888323077
par_lens = 5, 5, 5
[TDSE] Running TDSE-SH-elliptical. step 12600, energy = -0.5015480131485862
par_lens = 5, 6, 6
[TDSE] Running TDSE-SH-elliptical. step 12800, energy = -0.5010903092143455
par_lens = 7, 7, 7
[TDSE] Running TDSE-SH-elliptical. step 13000, energy = -0.5017969179386207
par_lens = 5, 5, 5
[TDSE] Running TDSE-SH-elliptical. step 13200, energy = -0.5028647349392074
par_lens = 5, 5, 5
[TDSE] Running TDSE-SH-elliptical. step 13400, energy = -0.5022744441783396
par_lens = 5, 5, 5
[TDSE] Running TDSE-SH-elliptical. step 13600, energy = -0.49920154011678136
par_lens = 7, 7, 7
[TDSE] Running TDSE-SH-elliptical. step 13800, energy = -0.49600018275644975
par_lens = 10, 9, 9
[TDSE] Running TDSE-SH-elliptical. step 14000, energy = -0.4963482682487267
par_lens = 10, 9, 9
[TDSE] Running TDSE-SH-elliptical. step 14200, energy = -0.5003308134044739
par_lens = 10, 9, 9
[TDSE] Running TDSE-SH-elliptical. step 14400, energy = -0.5026713339583945
par_lens = 10, 10, 10
[TDSE] Running TDSE-SH-elliptical. step 14600, energy = -0.49794126866218197
par_lens = 10, 9, 9
[TDSE] Running TDSE-SH-elliptical. step 14800, energy = -0.4883689115334457
par_lens = 12, 12, 12
[TDSE] Running TDSE-SH-elliptical. step 15000, energy = -0.48354356146573985
par_lens = 14, 14, 14
[TDSE] Running TDSE-SH-elliptical. step 15200, energy = -0.4898813646190725
par_lens = 17, 15, 15
[TDSE] Running TDSE-SH-elliptical. step 15400, energy = -0.5003223834534863
par_lens = 19, 18, 18
[TDSE] Running TDSE-SH-elliptical. step 15600, energy = -0.49979492333553793
par_lens = 19, 18, 18
[TDSE] Running TDSE-SH-elliptical. step 15800, energy = -0.4830570281024243
par_lens = 15, 16, 16
[TDSE] Running TDSE-SH-elliptical. step 16000, energy = -0.46501891676405394
par_lens = 22, 22, 22
[TDSE] Running TDSE-SH-elliptical. step 16200, energy = -0.46601404337095736
par_lens = 26, 26, 26
[TDSE] Running TDSE-SH-elliptical. step 16400, energy = -0.4866369034601302
par_lens = 31, 30, 30
[TDSE] Running TDSE-SH-elliptical. step 16600, energy = -0.5013412676189785
par_lens = 31, 31, 31
[TDSE] Running TDSE-SH-elliptical. step 16800, energy = -0.48581768274081005
par_lens = 31, 31, 31
[TDSE] Running TDSE-SH-elliptical. step 17000, energy = -0.44934976307699287
par_lens = 26, 26, 26
[TDSE] Running TDSE-SH-elliptical. step 17200, energy = -0.4304314823012082
par_lens = 35, 35, 35
[TDSE] Running TDSE-SH-elliptical. step 17400, energy = -0.4519669540746435
par_lens = 46, 45, 45
[TDSE] Running TDSE-SH-elliptical. step 17600, energy = -0.49074192340457773
par_lens = 53, 52, 52
[TDSE] Running TDSE-SH-elliptical. step 17800, energy = -0.4953017506246894
par_lens = 57, 56, 56
[TDSE] Running TDSE-SH-elliptical. step 18000, energy = -0.44817739679325297
par_lens = 52, 52, 52
[TDSE] Running TDSE-SH-elliptical. step 18200, energy = -0.3953692489781396
par_lens = 45, 47, 47
[TDSE] Running TDSE-SH-elliptical. step 18400, energy = -0.39617514282915817
par_lens = 64, 65, 66
[TDSE] Running TDSE-SH-elliptical. step 18600, energy = -0.4523532145312459
par_lens = 85, 85, 85
[TDSE] Running TDSE-SH-elliptical. step 18800, energy = -0.4974048705747084
par_lens = 92, 93, 93
[TDSE] Running TDSE-SH-elliptical. step 19000, energy = -0.4658368207067061
par_lens = 92, 90, 90
[TDSE] Running TDSE-SH-elliptical. step 19200, energy = -0.3796296793938933
par_lens = 75, 77, 77
[TDSE] Running TDSE-SH-elliptical. step 19400, energy = -0.33445138370893623
par_lens = 72, 75, 73
[TDSE] Running TDSE-SH-elliptical. step 19600, energy = -0.3792168932448335
par_lens = 122, 120, 121
[TDSE] Running TDSE-SH-elliptical. step 19800, energy = -0.4700259692194214
par_lens = 145, 146, 146
[TDSE] Running TDSE-SH-elliptical. step 20000, energy = -0.48914934735649296
par_lens = 147, 146, 146
[TDSE] Running TDSE-SH-elliptical. step 20200, energy = -0.39729637905403126
par_lens = 147, 145, 143
[TDSE] Running TDSE-SH-elliptical. step 20400, energy = -0.2893797012651739
par_lens = 97, 97, 97
[TDSE] Running TDSE-SH-elliptical. step 20600, energy = -0.29163376974679706
par_lens = 149, 146, 148
[TDSE] Running TDSE-SH-elliptical. step 20800, energy = -0.3930700686377366
par_lens = 195, 193, 196
[TDSE] Running TDSE-SH-elliptical. step 21000, energy = -0.488219100613853
par_lens = 213, 214, 213
[TDSE] Running TDSE-SH-elliptical. step 21200, energy = -0.4416728090551759
par_lens = 213, 211, 210
[TDSE] Running TDSE-SH-elliptical. step 21400, energy = -0.2903121825158058
par_lens = 178, 174, 183
[TDSE] Running TDSE-SH-elliptical. step 21600, energy = -0.2096872801759253
par_lens = 158, 152, 156
[TDSE] Running TDSE-SH-elliptical. step 21800, energy = -0.282665030310866
par_lens = 244, 245, 243
[TDSE] Running TDSE-SH-elliptical. step 22000, energy = -0.4366461294878741
par_lens = 289, 291, 291
[TDSE] Running TDSE-SH-elliptical. step 22200, energy = -0.4798774563656456
par_lens = 295, 296, 294
[TDSE] Running TDSE-SH-elliptical. step 22400, energy = -0.34232739453485916
par_lens = 281, 284, 280
[TDSE] Running TDSE-SH-elliptical. step 22600, energy = -0.1697010160154188
par_lens = 214, 218, 217
[TDSE] Running TDSE-SH-elliptical. step 22800, energy = -0.17862722755894547
par_lens = 234, 243, 239
[TDSE] Running TDSE-SH-elliptical. step 23000, energy = -0.3140663199548591
par_lens = 341, 341, 344
[TDSE] Running TDSE-SH-elliptical. step 23200, energy = -0.4677933558868153
par_lens = 382, 380, 379
[TDSE] Running TDSE-SH-elliptical. step 23400, energy = -0.41640831080456137
par_lens = 374, 374, 372
[TDSE] Running TDSE-SH-elliptical. step 23600, energy = -0.20854555609444764
par_lens = 339, 328, 337
[TDSE] Running TDSE-SH-elliptical. step 23800, energy = -0.09011580873356963
par_lens = 264, 260, 268
[TDSE] Running TDSE-SH-elliptical. step 24000, energy = -0.1926645125929155
par_lens = 386, 383, 381
[TDSE] Running TDSE-SH-elliptical. step 24200, energy = -0.388128888391621
par_lens = 409, 408, 408
[TDSE] Running TDSE-SH-elliptical. step 24400, energy = -0.45988733204778093
par_lens = 409, 408, 408
[TDSE] Running TDSE-SH-elliptical. step 24600, energy = -0.29891912324166836
par_lens = 409, 408, 408
[TDSE] Running TDSE-SH-elliptical. step 24800, energy = -0.07769032358706572
par_lens = 384, 388, 390
[TDSE] Running TDSE-SH-elliptical. step 25000, energy = -0.0902898717848776
par_lens = 339, 332, 339
[TDSE] Running TDSE-SH-elliptical. step 25200, energy = -0.23782923173596365
par_lens = 409, 408, 408
[TDSE] Running TDSE-SH-elliptical. step 25400, energy = -0.4284437645989288
par_lens = 409, 408, 408
[TDSE] Running TDSE-SH-elliptical. step 25600, energy = -0.3863484962435405
par_lens = 409, 408, 408
[TDSE] Running TDSE-SH-elliptical. step 25800, energy = -0.16104410384088294
par_lens = 409, 408, 408
[TDSE] Running TDSE-SH-elliptical. step 26000, energy = -0.017700406815074437
par_lens = 407, 407, 408
[TDSE] Running TDSE-SH-elliptical. step 26200, energy = -0.13481661785902
par_lens = 409, 408, 408
[TDSE] Running TDSE-SH-elliptical. step 26400, energy = -0.3351257301325186
par_lens = 409, 408, 408
[TDSE] Running TDSE-SH-elliptical. step 26600, energy = -0.4273249447649622
par_lens = 409, 408, 408
[TDSE] Running TDSE-SH-elliptical. step 26800, energy = -0.27557999518691834
par_lens = 409, 408, 408
[TDSE] Running TDSE-SH-elliptical. step 27000, energy = -0.0450425494010661
par_lens = 409, 408, 408
[TDSE] Running TDSE-SH-elliptical. step 27200, energy = -0.05305005234601306
par_lens = 409, 408, 408
[TDSE] Running TDSE-SH-elliptical. step 27400, energy = -0.1957494050852715
par_lens = 409, 408, 408
[TDSE] Running TDSE-SH-elliptical. step 27600, energy = -0.38792149936302117
par_lens = 409, 408, 408
[TDSE] Running TDSE-SH-elliptical. step 27800, energy = -0.36318202827031754
par_lens = 409, 408, 408
[TDSE] Running TDSE-SH-elliptical. step 28000, energy = -0.1599314886624392
par_lens = 409, 408, 408
[TDSE] Running TDSE-SH-elliptical. step 28200, energy = -0.02570891950390068
par_lens = 409, 408, 408
[TDSE] Running TDSE-SH-elliptical. step 28400, energy = -0.12305613287323312
par_lens = 409, 408, 408
[TDSE] Running TDSE-SH-elliptical. step 28600, energy = -0.2983550759563591
par_lens = 409, 408, 408
[TDSE] Running TDSE-SH-elliptical. step 28800, energy = -0.38840093211470567
par_lens = 409, 408, 408
[TDSE] Running TDSE-SH-elliptical. step 29000, energy = -0.27026508135281363
par_lens = 409, 408, 408
[TDSE] Running TDSE-SH-elliptical. step 29200, energy = -0.0911363435001136
par_lens = 409, 408, 408
[TDSE] Running TDSE-SH-elliptical. step 29400, energy = -0.07703755388851995
par_lens = 409, 408, 408
[TDSE] Running TDSE-SH-elliptical. step 29600, energy = -0.19070092252765777
par_lens = 409, 408, 408
[TDSE] Running TDSE-SH-elliptical. step 29800, energy = -0.3586218832603327
par_lens = 409, 408, 408
[TDSE] Running TDSE-SH-elliptical. step 30000, energy = -0.3472062946905584
par_lens = 409, 408, 408
[TDSE] Running TDSE-SH-elliptical. step 30200, energy = -0.19206487517421827
par_lens = 409, 408, 408
[TDSE] Running TDSE-SH-elliptical. step 30400, energy = -0.09356250164067258
par_lens = 409, 408, 408
[TDSE] Running TDSE-SH-elliptical. step 30600, energy = -0.1483162268092216
par_lens = 409, 408, 408
[TDSE] Running TDSE-SH-elliptical. step 30800, energy = -0.29108541685570816
par_lens = 409, 408, 408
[TDSE] Running TDSE-SH-elliptical. step 31000, energy = -0.3692669791755177
par_lens = 409, 408, 408
[TDSE] Running TDSE-SH-elliptical. step 31200, energy = -0.2932140398576557
par_lens = 409, 408, 408
[TDSE] Running TDSE-SH-elliptical. step 31400, energy = -0.1668687509553431
par_lens = 409, 408, 408
[TDSE] Running TDSE-SH-elliptical. step 31600, energy = -0.15348811578552696
par_lens = 409, 408, 408
[TDSE] Running TDSE-SH-elliptical. step 31800, energy = -0.23520975290886242
par_lens = 409, 408, 408
[TDSE] Running TDSE-SH-elliptical. step 32000, energy = -0.3514962063283433
par_lens = 409, 408, 408
[TDSE] Running TDSE-SH-elliptical. step 32200, energy = -0.35516673570437635
par_lens = 409, 408, 408
[TDSE] Running TDSE-SH-elliptical. step 32400, energy = -0.25720806715562466
par_lens = 409, 408, 408
[TDSE] Running TDSE-SH-elliptical. step 32600, energy = -0.1992106106435705
par_lens = 409, 408, 408
[TDSE] Running TDSE-SH-elliptical. step 32800, energy = -0.22263406598471686
par_lens = 409, 408, 408
[TDSE] Running TDSE-SH-elliptical. step 33000, energy = -0.3102061137713387
par_lens = 409, 408, 408
[TDSE] Running TDSE-SH-elliptical. step 33200, energy = -0.36982872167149883
par_lens = 409, 408, 408
[TDSE] Running TDSE-SH-elliptical. step 33400, energy = -0.3277526177669528
par_lens = 409, 408, 408
[TDSE] Running TDSE-SH-elliptical. step 33600, energy = -0.25426188066407934
par_lens = 409, 408, 408
[TDSE] Running TDSE-SH-elliptical. step 33800, energy = -0.24997235184528774
par_lens = 409, 408, 408
[TDSE] Running TDSE-SH-elliptical. step 34000, energy = -0.28642044598660615
par_lens = 409, 408, 408
[TDSE] Running TDSE-SH-elliptical. step 34200, energy = -0.3556849342781792
par_lens = 409, 408, 408
[TDSE] Running TDSE-SH-elliptical. step 34400, energy = -0.36439573150845866
par_lens = 409, 408, 408
[TDSE] Running TDSE-SH-elliptical. step 34600, energy = -0.3184120254721563
par_lens = 409, 408, 408
[TDSE] Running TDSE-SH-elliptical. step 34800, energy = -0.27560932438298
par_lens = 409, 408, 408
[TDSE] Running TDSE-SH-elliptical. step 35000, energy = -0.29603079883405414
par_lens = 409, 408, 408
[TDSE] Running TDSE-SH-elliptical. step 35200, energy = -0.3398246216932907
par_lens = 409, 408, 408
[TDSE] Running TDSE-SH-elliptical. step 35400, energy = -0.3690550002230771
par_lens = 409, 408, 408
[TDSE] Running TDSE-SH-elliptical. step 35600, energy = -0.35140734411808344
par_lens = 409, 408, 408
[TDSE] Running TDSE-SH-elliptical. step 35800, energy = -0.3273630705878318
par_lens = 409, 408, 408
[TDSE] Running TDSE-SH-elliptical. step 36000, energy = -0.30745973437732965
par_lens = 409, 408, 408
[TDSE] Running TDSE-SH-elliptical. step 36200, energy = -0.34165802459850697
par_lens = 409, 408, 408
[TDSE] Running TDSE-SH-elliptical. step 36400, energy = -0.36042925553429017
par_lens = 409, 408, 408
[TDSE] Running TDSE-SH-elliptical. step 36600, energy = -0.3686696158507366
par_lens = 409, 408, 408
[TDSE] Running TDSE-SH-elliptical. step 36800, energy = -0.35536206680043847
par_lens = 409, 408, 408
[TDSE] Running TDSE-SH-elliptical. step 37000, energy = -0.33901060915694886
par_lens = 409, 408, 408
[TDSE] Running TDSE-SH-elliptical. step 37200, energy = -0.3451844314408816
par_lens = 409, 408, 408
[TDSE] Running TDSE-SH-elliptical. step 37400, energy = -0.35850004826034115
par_lens = 409, 408, 408
[TDSE] Running TDSE-SH-elliptical. step 37600, energy = -0.37094662177116144
par_lens = 409, 408, 408
[TDSE] Running TDSE-SH-elliptical. step 37800, energy = -0.36843551757955006
par_lens = 409, 408, 408
[TDSE] Running TDSE-SH-elliptical. step 38000, energy = -0.35813618819878157
par_lens = 409, 408, 408
[TDSE] Running TDSE-SH-elliptical. step 38200, energy = -0.3580727021724852
par_lens = 409, 408, 408
[TDSE] Running TDSE-SH-elliptical. step 38400, energy = -0.3594374122857986
par_lens = 409, 408, 408
[TDSE] Running TDSE-SH-elliptical. step 38600, energy = -0.3710524497014274
par_lens = 409, 408, 408
[TDSE] Running TDSE-SH-elliptical. step 38800, energy = -0.37137189195803255
par_lens = 409, 408, 408
[TDSE] Running TDSE-SH-elliptical. step 39000, energy = -0.3692544819366055
par_lens = 409, 408, 408
[TDSE] Running TDSE-SH-elliptical. step 39200, energy = -0.36671099610321173
par_lens = 409, 408, 408
[TDSE] Running TDSE-SH-elliptical. step 39400, energy = -0.3662415855369267
par_lens = 409, 408, 408
[TDSE] Running TDSE-SH-elliptical. step 39600, energy = -0.37077389542596734
par_lens = 409, 408, 408
[TDSE] Running TDSE-SH-elliptical. step 39800, energy = -0.371442930284135
par_lens = 398, 397, 397
[TDSE] Running TDSE-SH-elliptical. step 40000, energy = -0.3718423426518311
par_lens = 398, 395, 397
[TDSE] Running TDSE-SH-elliptical. step 40200, energy = -0.37153154208988964
par_lens = 409, 408, 408
[TDSE] Running TDSE-SH-elliptical. step 40400, energy = -0.37033852752530133
par_lens = 400, 396, 396
[TDSE] Running TDSE-SH-elliptical. step 40600, energy = -0.3724742755410403
par_lens = 396, 391, 392
[TDSE] Running TDSE-SH-elliptical. step 40800, energy = -0.37212040222469717
par_lens = 390, 386, 385
[TDSE] Running TDSE-SH-elliptical. step 41000, energy = -0.372942007800201
par_lens = 376, 379, 379
[TDSE] Running TDSE-SH-elliptical. step 41200, energy = -0.373264430595641
par_lens = 372, 372, 374
[TDSE] Running TDSE-SH-elliptical. step 41400, energy = -0.37307038889563854
par_lens = 365, 366, 366
[TDSE] Running TDSE-SH-elliptical. step 41600, energy = -0.3734468708920465
par_lens = 363, 364, 364
[TDSE] Running TDSE-SH-elliptical. step 41800, energy = -0.37384657884736705
par_lens = 361, 363, 363
[TDSE] Running TDSE-SH-elliptical. step 42000, energy = -0.3740625713702995
par_lens = 361, 362, 362
[TDSE] Running TDSE-SH-elliptical. step 42200, energy = -0.3743896119000932
par_lens = 351, 351, 351
[TDSE] Running TDSE-SH-elliptical. step 42400, energy = -0.3746919186702553
par_lens = 341, 341, 342
[TDSE] Running TDSE-SH-elliptical. step 42600, energy = -0.37503866898349547
par_lens = 339, 338, 339
[TDSE] Running TDSE-SH-elliptical. step 42800, energy = -0.37539546985080546
par_lens = 322, 320, 320
[TDSE] Running TDSE-SH-elliptical. step 43000, energy = -0.37573052771004795
par_lens = 289, 294, 295
[TDSE] Running TDSE-SH-elliptical. step 43200, energy = -0.37609699743389235
par_lens = 270, 272, 270
[TDSE] Running TDSE-SH-elliptical. step 43400, energy = -0.3764907511242719
par_lens = 237, 236, 236
[TDSE] Running TDSE-SH-elliptical. step 43600, energy = -0.3768845038616215
par_lens = 224, 223, 224
[TDSE] Running TDSE-SH-elliptical. step 43800, energy = -0.37728123025027005
par_lens = 206, 205, 206
[TDSE] Running TDSE-SH-elliptical. step 44000, energy = -0.3777273657591427
par_lens = 196, 197, 195
[TDSE] Running TDSE-SH-elliptical. step 44200, energy = -0.37828412309084997
par_lens = 185, 185, 186
[TDSE] Running TDSE-SH-elliptical. step 44400, energy = -0.378900390593917
par_lens = 176, 173, 172
[TDSE] Running TDSE-SH-elliptical. step 44600, energy = -0.3793890805141683
par_lens = 168, 166, 166
[TDSE] Running TDSE-SH-elliptical. step 44800, energy = -0.37965125836299446
par_lens = 165, 164, 163
[TDSE] Running TDSE-SH-elliptical. step 45000, energy = -0.37983667312179814
par_lens = 164, 159, 160
