  Activating project at `~/JuliaProp_v0.1`
task id = 2
-2850
[ITP]: 10000.471108571397
[ITP]: 0.022107823405609905
[ITP]: 0.004976805475414736
[ITP]: 0.0021058954092971205
[ITP]: 0.001084104546129061
[ITP]: 0.0006160870179273692
[ITP]: 0.0003714642087823128
[ITP]: 0.00023286611963801995
[ITP]: 0.0001500123428329614
[ITP]: 9.857967926441003e-5
[ITP]: 6.57601184761436e-5
[ITP]: 4.43786526744816e-5
[ITP]: 3.022437766897479e-5
[ITP]: 2.0735965556739622e-5
[ITP]: 1.4311264988853267e-5
[ITP]: 9.92563006574354e-6
[ITP]: 6.9119921211058255e-6
[ITP]: 4.82976755122877e-6
[ITP]: 3.384510666504248e-6
[ITP]: 2.3775199649023193e-6
[ITP]: 1.6736194445865493e-6
[ITP]: 1.1802274751948616e-6
[ITP]: 8.335748883370186e-7
[ITP]: 5.895273362810372e-7
[ITP]: 4.174150680658073e-7
[ITP]: 2.958509506267859e-7
[ITP]: 2.098764437796774e-7
[ITP]: 1.4900242706339384e-7
[ITP]: 1.0585745457980522e-7
[ITP]: 7.525113565609587e-8
[ITP]: 5.352267851144177e-8
[ITP]: 3.808635307134267e-8
[ITP]: 2.7113442158110956e-8
[ITP]: 1.9309163601377577e-8
[ITP]: 1.3755872219078924e-8
[ITP]: 9.802639699962867e-9
Energy of ground state: -0.5030607411950042
[TDSE] Start TDSE-SH for elliptical polarized laser. It may cost a plenty of time.
[TDSE] Running TDSE-SH-elliptical. step 0, energy = -0.5030607411950042
par_lens = 0, 0, 0
[TDSE] Running TDSE-SH-elliptical. step 200, energy = -0.5030607411948599
par_lens = 1, 1, 1
[TDSE] Running TDSE-SH-elliptical. step 400, energy = -0.5030607411942831
par_lens = 1, 1, 2
[TDSE] Running TDSE-SH-elliptical. step 600, energy = -0.5030607411896231
par_lens = 1, 1, 2
[TDSE] Running TDSE-SH-elliptical. step 800, energy = -0.5030607411673332
par_lens = 1, 1, 2
[TDSE] Running TDSE-SH-elliptical. step 1000, energy = -0.5030607410934682
par_lens = 1, 1, 2
[TDSE] Running TDSE-SH-elliptical. step 1200, energy = -0.5030607409047833
par_lens = 1, 1, 2
[TDSE] Running TDSE-SH-elliptical. step 1400, energy = -0.5030607404905355
par_lens = 1, 1, 2
[TDSE] Running TDSE-SH-elliptical. step 1600, energy = -0.5030607396921561
par_lens = 1, 1, 2
[TDSE] Running TDSE-SH-elliptical. step 1800, energy = -0.5030607382757589
par_lens = 1, 1, 2
[TDSE] Running TDSE-SH-elliptical. step 2000, energy = -0.5030607359531734
par_lens = 1, 1, 2
[TDSE] Running TDSE-SH-elliptical. step 2200, energy = -0.5030607323336975
par_lens = 1, 1, 2
[TDSE] Running TDSE-SH-elliptical. step 2400, energy = -0.5030607269952492
par_lens = 1, 1, 2
[TDSE] Running TDSE-SH-elliptical. step 2600, energy = -0.5030607193828015
par_lens = 1, 1, 2
[TDSE] Running TDSE-SH-elliptical. step 2800, energy = -0.5030607089756285
par_lens = 1, 1, 2
[TDSE] Running TDSE-SH-elliptical. step 3000, energy = -0.503060695055924
par_lens = 1, 1, 2
[TDSE] Running TDSE-SH-elliptical. step 3200, energy = -0.5030606771312307
par_lens = 1, 1, 2
[TDSE] Running TDSE-SH-elliptical. step 3400, energy = -0.5030606543104226
par_lens = 1, 2, 2
[TDSE] Running TDSE-SH-elliptical. step 3600, energy = -0.5030606262525996
par_lens = 2, 2, 2
[TDSE] Running TDSE-SH-elliptical. step 3800, energy = -0.5030605920286764
par_lens = 2, 2, 2
[TDSE] Running TDSE-SH-elliptical. step 4000, energy = -0.503060551540455
par_lens = 2, 2, 2
[TDSE] Running TDSE-SH-elliptical. step 4200, energy = -0.5030605038029399
par_lens = 2, 2, 2
[TDSE] Running TDSE-SH-elliptical. step 4400, energy = -0.5030604493088036
par_lens = 2, 2, 2
[TDSE] Running TDSE-SH-elliptical. step 4600, energy = -0.5030603870882867
par_lens = 2, 2, 2
[TDSE] Running TDSE-SH-elliptical. step 4800, energy = -0.5030603179561036
par_lens = 2, 2, 2
[TDSE] Running TDSE-SH-elliptical. step 5000, energy = -0.5030602415991684
par_lens = 2, 2, 2
[TDSE] Running TDSE-SH-elliptical. step 5200, energy = -0.503060159019302
par_lens = 2, 2, 2
[TDSE] Running TDSE-SH-elliptical. step 5400, energy = -0.5030600703475694
par_lens = 2, 2, 2
[TDSE] Running TDSE-SH-elliptical. step 5600, energy = -0.5030599770645259
par_lens = 2, 2, 2
[TDSE] Running TDSE-SH-elliptical. step 5800, energy = -0.5030598800063999
par_lens = 2, 2, 2
[TDSE] Running TDSE-SH-elliptical. step 6000, energy = -0.5030597804204394
par_lens = 2, 2, 2
[TDSE] Running TDSE-SH-elliptical. step 6200, energy = -0.5030596804738401
par_lens = 2, 2, 2
[TDSE] Running TDSE-SH-elliptical. step 6400, energy = -0.5030595807737416
par_lens = 2, 2, 2
[TDSE] Running TDSE-SH-elliptical. step 6600, energy = -0.5030594844274785
par_lens = 2, 2, 2
[TDSE] Running TDSE-SH-elliptical. step 6800, energy = -0.5030593923053753
par_lens = 2, 2, 2
[TDSE] Running TDSE-SH-elliptical. step 7000, energy = -0.503059307167755
par_lens = 2, 2, 2
[TDSE] Running TDSE-SH-elliptical. step 7200, energy = -0.5030592298046419
par_lens = 2, 2, 2
[TDSE] Running TDSE-SH-elliptical. step 7400, energy = -0.5030591640890657
par_lens = 2, 2, 2
[TDSE] Running TDSE-SH-elliptical. step 7600, energy = -0.5030591094920895
par_lens = 2, 2, 2
[TDSE] Running TDSE-SH-elliptical. step 7800, energy = -0.5030590692402507
par_lens = 2, 2, 2
[TDSE] Running TDSE-SH-elliptical. step 8000, energy = -0.5030590440198976
par_lens = 2, 2, 2
[TDSE] Running TDSE-SH-elliptical. step 8200, energy = -0.5030590354817069
par_lens = 2, 2, 2
[TDSE] Running TDSE-SH-elliptical. step 8400, energy = -0.503059043475174
par_lens = 2, 2, 2
[TDSE] Running TDSE-SH-elliptical. step 8600, energy = -0.5030590696129382
par_lens = 2, 2, 2
[TDSE] Running TDSE-SH-elliptical. step 8800, energy = -0.5030591128688287
par_lens = 2, 2, 2
[TDSE] Running TDSE-SH-elliptical. step 9000, energy = -0.5030591739953221
par_lens = 2, 2, 2
[TDSE] Running TDSE-SH-elliptical. step 9200, energy = -0.5030592510390149
par_lens = 2, 2, 2
[TDSE] Running TDSE-SH-elliptical. step 9400, energy = -0.5030593436461689
par_lens = 2, 2, 2
[TDSE] Running TDSE-SH-elliptical. step 9600, energy = -0.5030594496119886
par_lens = 2, 2, 2
[TDSE] Running TDSE-SH-elliptical. step 9800, energy = -0.5030595677185019
par_lens = 2, 2, 2
[TDSE] Running TDSE-SH-elliptical. step 10000, energy = -0.5030596938519183
par_lens = 2, 2, 2
[TDSE] Running TDSE-SH-elliptical. step 10200, energy = -0.5030598028757386
par_lens = 2, 2, 2
[TDSE] Running TDSE-SH-elliptical. step 10400, energy = -0.5030595688486399
par_lens = 2, 2, 2
[TDSE] Running TDSE-SH-elliptical. step 10600, energy = -0.5030592865771268
par_lens = 2, 2, 2
[TDSE] Running TDSE-SH-elliptical. step 10800, energy = -0.5030602474140274
par_lens = 2, 2, 2
[TDSE] Running TDSE-SH-elliptical. step 11000, energy = -0.503057345116597
par_lens = 2, 2, 2
[TDSE] Running TDSE-SH-elliptical. step 11200, energy = -0.5030264714475011
par_lens = 4, 3, 3
[TDSE] Running TDSE-SH-elliptical. step 11400, energy = -0.5029435392802086
par_lens = 4, 3, 3
[TDSE] Running TDSE-SH-elliptical. step 11600, energy = -0.5028483978641856
par_lens = 4, 3, 3
[TDSE] Running TDSE-SH-elliptical. step 11800, energy = -0.5028604769551126
par_lens = 4, 3, 3
[TDSE] Running TDSE-SH-elliptical. step 12000, energy = -0.5029987971364318
par_lens = 4, 3, 3
[TDSE] Running TDSE-SH-elliptical. step 12200, energy = -0.5029962925046438
par_lens = 4, 3, 3
[TDSE] Running TDSE-SH-elliptical. step 12400, energy = -0.5024804086744132
par_lens = 5, 5, 5
[TDSE] Running TDSE-SH-elliptical. step 12600, energy = -0.5015783322155936
par_lens = 5, 6, 6
[TDSE] Running TDSE-SH-elliptical. step 12800, energy = -0.5011383988165675
par_lens = 7, 7, 7
[TDSE] Running TDSE-SH-elliptical. step 13000, energy = -0.5018456315988925
par_lens = 5, 5, 5
[TDSE] Running TDSE-SH-elliptical. step 13200, energy = -0.5028808129789337
par_lens = 5, 5, 5
[TDSE] Running TDSE-SH-elliptical. step 13400, energy = -0.5022182953000655
par_lens = 5, 5, 5
[TDSE] Running TDSE-SH-elliptical. step 13600, energy = -0.4990474828041247
par_lens = 7, 7, 7
[TDSE] Running TDSE-SH-elliptical. step 13800, energy = -0.4957591136164155
par_lens = 10, 9, 9
[TDSE] Running TDSE-SH-elliptical. step 14000, energy = -0.4960820100537425
par_lens = 10, 9, 9
[TDSE] Running TDSE-SH-elliptical. step 14200, energy = -0.5001460487616356
par_lens = 10, 10, 10
[TDSE] Running TDSE-SH-elliptical. step 14400, energy = -0.5026894058223107
par_lens = 10, 11, 11
[TDSE] Running TDSE-SH-elliptical. step 14600, energy = -0.49824747807457365
par_lens = 12, 9, 9
[TDSE] Running TDSE-SH-elliptical. step 14800, energy = -0.4889565795687826
par_lens = 12, 12, 12
[TDSE] Running TDSE-SH-elliptical. step 15000, energy = -0.4842844591761192
par_lens = 14, 13, 13
[TDSE] Running TDSE-SH-elliptical. step 15200, energy = -0.49053294352506527
par_lens = 15, 15, 15
[TDSE] Running TDSE-SH-elliptical. step 15400, energy = -0.500594383990788
par_lens = 19, 18, 18
[TDSE] Running TDSE-SH-elliptical. step 15600, energy = -0.49944934456584567
par_lens = 19, 18, 18
[TDSE] Running TDSE-SH-elliptical. step 15800, energy = -0.48202660808401615
par_lens = 15, 16, 16
[TDSE] Running TDSE-SH-elliptical. step 16000, energy = -0.46348776546768694
par_lens = 22, 22, 22
[TDSE] Running TDSE-SH-elliptical. step 16200, energy = -0.4644055693525296
par_lens = 26, 26, 26
[TDSE] Running TDSE-SH-elliptical. step 16400, energy = -0.4855227337357454
par_lens = 31, 30, 30
[TDSE] Running TDSE-SH-elliptical. step 16600, energy = -0.5012531980150631
par_lens = 31, 31, 31
[TDSE] Running TDSE-SH-elliptical. step 16800, energy = -0.487041678919352
par_lens = 33, 33, 33
[TDSE] Running TDSE-SH-elliptical. step 17000, energy = -0.4517402281196607
par_lens = 28, 27, 27
[TDSE] Running TDSE-SH-elliptical. step 17200, energy = -0.4333735026032957
par_lens = 35, 35, 35
[TDSE] Running TDSE-SH-elliptical. step 17400, energy = -0.45453418610519625
par_lens = 46, 45, 45
[TDSE] Running TDSE-SH-elliptical. step 17600, energy = -0.4919171640318841
par_lens = 51, 52, 52
[TDSE] Running TDSE-SH-elliptical. step 17800, energy = -0.49437237814032475
par_lens = 53, 52, 52
[TDSE] Running TDSE-SH-elliptical. step 18000, energy = -0.4450351406035611
par_lens = 48, 46, 46
[TDSE] Running TDSE-SH-elliptical. step 18200, energy = -0.3907180185033849
par_lens = 44, 41, 41
[TDSE] Running TDSE-SH-elliptical. step 18400, energy = -0.3913470433811667
par_lens = 64, 64, 64
[TDSE] Running TDSE-SH-elliptical. step 18600, energy = -0.4489427988388767
par_lens = 85, 85, 85
[TDSE] Running TDSE-SH-elliptical. step 18800, energy = -0.49683310422476396
par_lens = 94, 93, 93
[TDSE] Running TDSE-SH-elliptical. step 19000, energy = -0.46878895961474015
par_lens = 95, 93, 93
[TDSE] Running TDSE-SH-elliptical. step 19200, energy = -0.38559472661858707
par_lens = 81, 81, 81
[TDSE] Running TDSE-SH-elliptical. step 19400, energy = -0.3417137758759693
par_lens = 74, 76, 76
[TDSE] Running TDSE-SH-elliptical. step 19600, energy = -0.3856188605563161
par_lens = 119, 121, 121
[TDSE] Running TDSE-SH-elliptical. step 19800, energy = -0.4731150524271683
par_lens = 138, 139, 139
[TDSE] Running TDSE-SH-elliptical. step 20000, energy = -0.4874576834631092
par_lens = 140, 140, 140
[TDSE] Running TDSE-SH-elliptical. step 20200, energy = -0.3906210052814734
par_lens = 133, 137, 137
[TDSE] Running TDSE-SH-elliptical. step 20400, energy = -0.279374765997547
par_lens = 87, 92, 92
[TDSE] Running TDSE-SH-elliptical. step 20600, energy = -0.28143521453159354
par_lens = 143, 146, 146
[TDSE] Running TDSE-SH-elliptical. step 20800, energy = -0.38556137190074136
par_lens = 193, 193, 193
[TDSE] Running TDSE-SH-elliptical. step 21000, energy = -0.4864759588384322
par_lens = 224, 223, 223
[TDSE] Running TDSE-SH-elliptical. step 21200, energy = -0.4469945513350217
par_lens = 218, 217, 217
[TDSE] Running TDSE-SH-elliptical. step 21400, energy = -0.301578855907207
par_lens = 182, 182, 182
[TDSE] Running TDSE-SH-elliptical. step 21600, energy = -0.2233817981665491
par_lens = 175, 169, 170
[TDSE] Running TDSE-SH-elliptical. step 21800, energy = -0.2947498456686364
par_lens = 236, 235, 237
[TDSE] Running TDSE-SH-elliptical. step 22000, energy = -0.44275643724303193
par_lens = 280, 276, 276
[TDSE] Running TDSE-SH-elliptical. step 22200, energy = -0.47766252725315556
par_lens = 282, 279, 279
[TDSE] Running TDSE-SH-elliptical. step 22400, energy = -0.3312233303798139
par_lens = 266, 259, 259
[TDSE] Running TDSE-SH-elliptical. step 22600, energy = -0.15247592604008395
par_lens = 196, 201, 201
[TDSE] Running TDSE-SH-elliptical. step 22800, energy = -0.16153412678029738
par_lens = 252, 249, 250
[TDSE] Running TDSE-SH-elliptical. step 23000, energy = -0.3008139909729558
par_lens = 345, 344, 344
[TDSE] Running TDSE-SH-elliptical. step 23200, energy = -0.4640412630026583
par_lens = 400, 397, 397
[TDSE] Running TDSE-SH-elliptical. step 23400, energy = -0.42392810752683613
par_lens = 395, 391, 391
[TDSE] Running TDSE-SH-elliptical. step 23600, energy = -0.22565979962123772
par_lens = 329, 330, 333
[TDSE] Running TDSE-SH-elliptical. step 23800, energy = -0.11108922449297357
par_lens = 272, 282, 285
[TDSE] Running TDSE-SH-elliptical. step 24000, energy = -0.21092984941631276
par_lens = 357, 362, 361
[TDSE] Running TDSE-SH-elliptical. step 24200, energy = -0.39791775979563865
par_lens = 409, 408, 408
[TDSE] Running TDSE-SH-elliptical. step 24400, energy = -0.45780261160347463
par_lens = 409, 408, 408
[TDSE] Running TDSE-SH-elliptical. step 24600, energy = -0.28380568126608086
par_lens = 407, 406, 408
[TDSE] Running TDSE-SH-elliptical. step 24800, energy = -0.053367093147764215
par_lens = 344, 344, 340
[TDSE] Running TDSE-SH-elliptical. step 25000, energy = -0.06667123190277188
par_lens = 358, 343, 357
[TDSE] Running TDSE-SH-elliptical. step 25200, energy = -0.218763679634302
par_lens = 409, 408, 408
[TDSE] Running TDSE-SH-elliptical. step 25400, energy = -0.4219816344204356
par_lens = 409, 408, 408
[TDSE] Running TDSE-SH-elliptical. step 25600, energy = -0.3950303022335689
par_lens = 409, 408, 408
[TDSE] Running TDSE-SH-elliptical. step 25800, energy = -0.1827268962214768
par_lens = 409, 408, 408
[TDSE] Running TDSE-SH-elliptical. step 26000, energy = -0.044182613522306353
par_lens = 409, 408, 408
[TDSE] Running TDSE-SH-elliptical. step 26200, energy = -0.15832835681908977
par_lens = 409, 408, 408
[TDSE] Running TDSE-SH-elliptical. step 26400, energy = -0.3484120885774016
par_lens = 409, 408, 408
[TDSE] Running TDSE-SH-elliptical. step 26600, energy = -0.42529895251109134
par_lens = 409, 408, 408
[TDSE] Running TDSE-SH-elliptical. step 26800, energy = -0.2581204802351674
par_lens = 409, 408, 408
[TDSE] Running TDSE-SH-elliptical. step 27000, energy = -0.01716456626156133
par_lens = 409, 408, 408
[TDSE] Running TDSE-SH-elliptical. step 27200, energy = -0.023971137539699563
par_lens = 409, 408, 408
[TDSE] Running TDSE-SH-elliptical. step 27400, energy = -0.1729778090748343
par_lens = 409, 408, 408
[TDSE] Running TDSE-SH-elliptical. step 27600, energy = -0.3798727138488592
par_lens = 409, 408, 408
[TDSE] Running TDSE-SH-elliptical. step 27800, energy = -0.37152161942748985
par_lens = 409, 408, 408
[TDSE] Running TDSE-SH-elliptical. step 28000, energy = -0.1828753402783798
par_lens = 409, 408, 408
[TDSE] Running TDSE-SH-elliptical. step 28200, energy = -0.055018114200585604
par_lens = 409, 408, 408
[TDSE] Running TDSE-SH-elliptical. step 28400, energy = -0.14871314466834148
par_lens = 409, 408, 408
[TDSE] Running TDSE-SH-elliptical. step 28600, energy = -0.3134597437273702
par_lens = 409, 408, 408
[TDSE] Running TDSE-SH-elliptical. step 28800, energy = -0.38729259345300593
par_lens = 409, 408, 408
[TDSE] Running TDSE-SH-elliptical. step 29000, energy = -0.2524446792158654
par_lens = 409, 408, 408
[TDSE] Running TDSE-SH-elliptical. step 29200, energy = -0.0638646675390534
par_lens = 409, 408, 408
[TDSE] Running TDSE-SH-elliptical. step 29400, energy = -0.04689612632551249
par_lens = 409, 408, 408
[TDSE] Running TDSE-SH-elliptical. step 29600, energy = -0.16704885475248155
par_lens = 409, 408, 408
[TDSE] Running TDSE-SH-elliptical. step 29800, energy = -0.34967165514802173
par_lens = 409, 408, 408
[TDSE] Running TDSE-SH-elliptical. step 30000, energy = -0.3551594927253882
par_lens = 409, 408, 408
[TDSE] Running TDSE-SH-elliptical. step 30200, energy = -0.2151864581740378
par_lens = 409, 408, 408
[TDSE] Running TDSE-SH-elliptical. step 30400, energy = -0.12051566202967882
par_lens = 409, 408, 408
[TDSE] Running TDSE-SH-elliptical. step 30600, energy = -0.17448722741327427
par_lens = 409, 408, 408
[TDSE] Running TDSE-SH-elliptical. step 30800, energy = -0.30652324844904244
par_lens = 409, 408, 408
[TDSE] Running TDSE-SH-elliptical. step 31000, energy = -0.36906516956108587
par_lens = 409, 408, 408
[TDSE] Running TDSE-SH-elliptical. step 31200, energy = -0.27790620914543446
par_lens = 409, 408, 408
[TDSE] Running TDSE-SH-elliptical. step 31400, energy = -0.13988524850437717
par_lens = 409, 408, 408
[TDSE] Running TDSE-SH-elliptical. step 31600, energy = -0.1255371123893186
par_lens = 409, 408, 408
[TDSE] Running TDSE-SH-elliptical. step 31800, energy = -0.21327614400450567
par_lens = 409, 408, 408
[TDSE] Running TDSE-SH-elliptical. step 32000, energy = -0.3424730266676056
par_lens = 409, 408, 408
[TDSE] Running TDSE-SH-elliptical. step 32200, energy = -0.36125000835789745
par_lens = 409, 408, 408
[TDSE] Running TDSE-SH-elliptical. step 32400, energy = -0.27824011845593477
par_lens = 409, 408, 408
[TDSE] Running TDSE-SH-elliptical. step 32600, energy = -0.22409877739704948
par_lens = 409, 408, 408
[TDSE] Running TDSE-SH-elliptical. step 32800, energy = -0.24749036567601185
par_lens = 409, 408, 408
[TDSE] Running TDSE-SH-elliptical. step 33000, energy = -0.3253748183221
par_lens = 409, 408, 408
[TDSE] Running TDSE-SH-elliptical. step 33200, energy = -0.3710105949292224
par_lens = 409, 408, 408
[TDSE] Running TDSE-SH-elliptical. step 33400, energy = -0.31425348827474686
par_lens = 409, 408, 408
[TDSE] Running TDSE-SH-elliptical. step 33600, energy = -0.22862556991260433
par_lens = 409, 408, 408
[TDSE] Running TDSE-SH-elliptical. step 33800, energy = -0.22974993258463214
par_lens = 409, 408, 408
[TDSE] Running TDSE-SH-elliptical. step 34000, energy = -0.2647357067478405
par_lens = 409, 408, 408
[TDSE] Running TDSE-SH-elliptical. step 34200, energy = -0.3471812293935358
par_lens = 409, 408, 408
[TDSE] Running TDSE-SH-elliptical. step 34400, energy = -0.36794522282838593
par_lens = 409, 408, 408
[TDSE] Running TDSE-SH-elliptical. step 34600, energy = -0.33481051050380783
par_lens = 409, 408, 408
[TDSE] Running TDSE-SH-elliptical. step 34800, energy = -0.29718349842879205
par_lens = 409, 408, 408
[TDSE] Running TDSE-SH-elliptical. step 35000, energy = -0.31151376225170374
par_lens = 409, 408, 408
[TDSE] Running TDSE-SH-elliptical. step 35200, energy = -0.35051663345602196
par_lens = 409, 408, 408
[TDSE] Running TDSE-SH-elliptical. step 35400, energy = -0.3697867115836975
par_lens = 409, 408, 408
[TDSE] Running TDSE-SH-elliptical. step 35600, energy = -0.3401783584307689
par_lens = 409, 408, 408
[TDSE] Running TDSE-SH-elliptical. step 35800, energy = -0.3099134051096188
par_lens = 409, 408, 408
[TDSE] Running TDSE-SH-elliptical. step 36000, energy = -0.28955590648022683
par_lens = 409, 408, 408
[TDSE] Running TDSE-SH-elliptical. step 36200, energy = -0.32773992066469293
par_lens = 409, 408, 408
[TDSE] Running TDSE-SH-elliptical. step 36400, energy = -0.3513759684504564
par_lens = 409, 408, 408
[TDSE] Running TDSE-SH-elliptical. step 36600, energy = -0.37087445932671087
par_lens = 409, 408, 408
[TDSE] Running TDSE-SH-elliptical. step 36800, energy = -0.36343901711570636
par_lens = 409, 408, 408
[TDSE] Running TDSE-SH-elliptical. step 37000, energy = -0.35008043041880016
par_lens = 409, 408, 408
[TDSE] Running TDSE-SH-elliptical. step 37200, energy = -0.35736911155336226
par_lens = 409, 408, 408
[TDSE] Running TDSE-SH-elliptical. step 37400, energy = -0.36496286948196643
par_lens = 409, 408, 408
[TDSE] Running TDSE-SH-elliptical. step 37600, energy = -0.37051114367908183
par_lens = 409, 408, 408
[TDSE] Running TDSE-SH-elliptical. step 37800, energy = -0.36352618013769566
par_lens = 409, 408, 408
[TDSE] Running TDSE-SH-elliptical. step 38000, energy = -0.34670013357108637
par_lens = 409, 408, 408
[TDSE] Running TDSE-SH-elliptical. step 38200, energy = -0.34679034515286483
par_lens = 409, 408, 408
[TDSE] Running TDSE-SH-elliptical. step 38400, energy = -0.3492212315195594
par_lens = 409, 408, 408
[TDSE] Running TDSE-SH-elliptical. step 38600, energy = -0.3667899123954443
par_lens = 409, 408, 408
[TDSE] Running TDSE-SH-elliptical. step 38800, energy = -0.36985160733129985
par_lens = 409, 408, 408
[TDSE] Running TDSE-SH-elliptical. step 39000, energy = -0.37175541500373427
par_lens = 409, 408, 408
[TDSE] Running TDSE-SH-elliptical. step 39200, energy = -0.3708473937307646
par_lens = 409, 408, 408
[TDSE] Running TDSE-SH-elliptical. step 39400, energy = -0.3704538376504535
par_lens = 409, 408, 408
[TDSE] Running TDSE-SH-elliptical. step 39600, energy = -0.3721228091408735
par_lens = 409, 408, 408
[TDSE] Running TDSE-SH-elliptical. step 39800, energy = -0.3721122169153221
par_lens = 409, 408, 408
[TDSE] Running TDSE-SH-elliptical. step 40000, energy = -0.36787359460513164
par_lens = 409, 408, 408
[TDSE] Running TDSE-SH-elliptical. step 40200, energy = -0.3678069736967672
par_lens = 409, 408, 408
[TDSE] Running TDSE-SH-elliptical. step 40400, energy = -0.36415185259941735
par_lens = 409, 408, 408
[TDSE] Running TDSE-SH-elliptical. step 40600, energy = -0.36865366766601027
par_lens = 409, 408, 408
[TDSE] Running TDSE-SH-elliptical. step 40800, energy = -0.36820538460508173
par_lens = 409, 408, 408
[TDSE] Running TDSE-SH-elliptical. step 41000, energy = -0.3717061000784159
par_lens = 409, 408, 408
[TDSE] Running TDSE-SH-elliptical. step 41200, energy = -0.3715044067171563
par_lens = 409, 408, 408
[TDSE] Running TDSE-SH-elliptical. step 41400, energy = -0.37257531504382607
par_lens = 409, 408, 408
[TDSE] Running TDSE-SH-elliptical. step 41600, energy = -0.3726007579476613
par_lens = 409, 408, 408
[TDSE] Running TDSE-SH-elliptical. step 41800, energy = -0.3724439240889899
par_lens = 409, 408, 408
[TDSE] Running TDSE-SH-elliptical. step 42000, energy = -0.37260455095828066
par_lens = 409, 408, 408
[TDSE] Running TDSE-SH-elliptical. step 42200, energy = -0.3727617788550969
par_lens = 409, 408, 408
[TDSE] Running TDSE-SH-elliptical. step 42400, energy = -0.37264223054053136
par_lens = 409, 408, 408
[TDSE] Running TDSE-SH-elliptical. step 42600, energy = -0.3723305778633812
par_lens = 409, 408, 408
[TDSE] Running TDSE-SH-elliptical. step 42800, energy = -0.3743109875887317
par_lens = 409, 408, 408
[TDSE] Running TDSE-SH-elliptical. step 43000, energy = -0.372657187249032
par_lens = 409, 408, 408
[TDSE] Running TDSE-SH-elliptical. step 43200, energy = -0.3747532833572335
par_lens = 409, 408, 408
[TDSE] Running TDSE-SH-elliptical. step 43400, energy = -0.37368955222008576
par_lens = 409, 408, 408
[TDSE] Running TDSE-SH-elliptical. step 43600, energy = -0.3755690653683723
par_lens = 409, 408, 408
[TDSE] Running TDSE-SH-elliptical. step 43800, energy = -0.3742272850855563
par_lens = 409, 408, 408
[TDSE] Running TDSE-SH-elliptical. step 44000, energy = -0.3767689132954136
par_lens = 409, 408, 408
[TDSE] Running TDSE-SH-elliptical. step 44200, energy = -0.374657813478166
par_lens = 409, 408, 408
[TDSE] Running TDSE-SH-elliptical. step 44400, energy = -0.377682492856147
par_lens = 409, 408, 408
[TDSE] Running TDSE-SH-elliptical. step 44600, energy = -0.37570787909823067
par_lens = 409, 408, 408
[TDSE] Running TDSE-SH-elliptical. step 44800, energy = -0.3782850181280744
par_lens = 409, 408, 408
[TDSE] Running TDSE-SH-elliptical. step 45000, energy = -0.3774159067371805
par_lens = 409, 408, 408
