[ITP]: 10000.471108571397
[ITP]: 0.022107823405609905
[ITP]: 0.004976805475414736
[ITP]: 0.0021058954092971205
[ITP]: 0.001084104546129061
[ITP]: 0.0006160870179273692
[ITP]: 0.0003714642087823128
[ITP]: 0.00023286611963801995
[ITP]: 0.0001500123428329614
[ITP]: 9.857967926441003e-5
[ITP]: 6.57601184761436e-5
[ITP]: 4.43786526744816e-5
[ITP]: 3.022437766897479e-5
[ITP]: 2.0735965556739622e-5
[ITP]: 1.4311264988853267e-5
[ITP]: 9.92563006574354e-6
[ITP]: 6.9119921211058255e-6
[ITP]: 4.82976755122877e-6
[ITP]: 3.384510666504248e-6
[ITP]: 2.3775199649023193e-6
[ITP]: 1.6736194445865493e-6
[ITP]: 1.1802274751948616e-6
[ITP]: 8.335748883370186e-7
[ITP]: 5.895273362810372e-7
[ITP]: 4.174150680658073e-7
[ITP]: 2.958509506267859e-7
[ITP]: 2.098764437796774e-7
[ITP]: 1.4900242706339384e-7
[ITP]: 1.0585745457980522e-7
[ITP]: 7.525113565609587e-8
[ITP]: 5.352267851144177e-8
[ITP]: 3.808635307134267e-8
[ITP]: 2.7113442158110956e-8
[ITP]: 1.9309163601377577e-8
[ITP]: 1.3755872219078924e-8
[ITP]: 9.802639699962867e-9
Energy of ground state: -0.5030607411950042
[TDSE] Start TDSE-SH for elliptical polarized laser. It may cost a plenty of time.
[TDSE] Running TDSE-SH-elliptical. step 0, energy = -0.5030607411950033
  |->  par_lens = 1, 1, 1
[TDSE] Running TDSE-SH-elliptical. step 200, energy = -0.5030607411948621
  |->  par_lens = 1, 1, 1
[TDSE] Running TDSE-SH-elliptical. step 400, energy = -0.5030607411947172
  |->  par_lens = 1, 1, 2
[TDSE] Running TDSE-SH-elliptical. step 600, energy = -0.5030607411944764
  |->  par_lens = 1, 1, 2
[TDSE] Running TDSE-SH-elliptical. step 800, energy = -0.5030607411939122
  |->  par_lens = 1, 1, 2
[TDSE] Running TDSE-SH-elliptical. step 1000, energy = -0.5030607411922318
  |->  par_lens = 1, 1, 2
[TDSE] Running TDSE-SH-elliptical. step 1200, energy = -0.5030607411880177
  |->  par_lens = 1, 1, 2
[TDSE] Running TDSE-SH-elliptical. step 1400, energy = -0.5030607411784208
  |->  par_lens = 1, 1, 2
[TDSE] Running TDSE-SH-elliptical. step 1600, energy = -0.5030607411593959
  |->  par_lens = 1, 1, 2
[TDSE] Running TDSE-SH-elliptical. step 1800, energy = -0.503060741124043
  |->  par_lens = 1, 1, 2
[TDSE] Running TDSE-SH-elliptical. step 2000, energy = -0.5030607410636224
  |->  par_lens = 1, 1, 2
[TDSE] Running TDSE-SH-elliptical. step 2200, energy = -0.5030607409647122
  |->  par_lens = 1, 1, 2
[TDSE] Running TDSE-SH-elliptical. step 2400, energy = -0.503060740811582
  |->  par_lens = 1, 1, 2
[TDSE] Running TDSE-SH-elliptical. step 2600, energy = -0.5030607405815894
  |->  par_lens = 1, 1, 2
[TDSE] Running TDSE-SH-elliptical. step 2800, energy = -0.5030607402498793
  |->  par_lens = 1, 1, 2
[TDSE] Running TDSE-SH-elliptical. step 3000, energy = -0.5030607397809052
  |->  par_lens = 1, 1, 2
[TDSE] Running TDSE-SH-elliptical. step 3200, energy = -0.5030607391405402
  |->  par_lens = 1, 1, 2
[TDSE] Running TDSE-SH-elliptical. step 3400, energy = -0.5030607382755158
  |->  par_lens = 1, 1, 2
[TDSE] Running TDSE-SH-elliptical. step 3600, energy = -0.5030607371416844
  |->  par_lens = 1, 1, 2
[TDSE] Running TDSE-SH-elliptical. step 3800, energy = -0.5030607356669744
  |->  par_lens = 1, 1, 2
[TDSE] Running TDSE-SH-elliptical. step 4000, energy = -0.5030607337967744
  |->  par_lens = 1, 1, 2
[TDSE] Running TDSE-SH-elliptical. step 4200, energy = -0.5030607314323374
  |->  par_lens = 1, 1, 2
[TDSE] Running TDSE-SH-elliptical. step 4400, energy = -0.5030607285189619
  |->  par_lens = 1, 1, 2
[TDSE] Running TDSE-SH-elliptical. step 4600, energy = -0.5030607249285666
  |->  par_lens = 1, 1, 2
[TDSE] Running TDSE-SH-elliptical. step 4800, energy = -0.5030607205916634
  |->  par_lens = 1, 1, 2
[TDSE] Running TDSE-SH-elliptical. step 5000, energy = -0.5030607153761038
  |->  par_lens = 1, 1, 2
[TDSE] Running TDSE-SH-elliptical. step 5200, energy = -0.503060709189023
  |->  par_lens = 1, 2, 2
[TDSE] Running TDSE-SH-elliptical. step 5400, energy = -0.5030607018853721
  |->  par_lens = 2, 2, 2
[TDSE] Running TDSE-SH-elliptical. step 5600, energy = -0.5030606933605094
  |->  par_lens = 2, 2, 2
[TDSE] Running TDSE-SH-elliptical. step 5800, energy = -0.5030606834830383
  |->  par_lens = 2, 2, 2
[TDSE] Running TDSE-SH-elliptical. step 6000, energy = -0.5030606720839417
  |->  par_lens = 2, 2, 2
[TDSE] Running TDSE-SH-elliptical. step 6200, energy = -0.5030606591142615
  |->  par_lens = 2, 2, 2
[TDSE] Running TDSE-SH-elliptical. step 6400, energy = -0.503060644303564
  |->  par_lens = 2, 2, 2
[TDSE] Running TDSE-SH-elliptical. step 6600, energy = -0.5030606276812669
  |->  par_lens = 2, 2, 2
[TDSE] Running TDSE-SH-elliptical. step 6800, energy = -0.5030606089496645
  |->  par_lens = 2, 2, 2
[TDSE] Running TDSE-SH-elliptical. step 7000, energy = -0.5030605881614314
  |->  par_lens = 2, 2, 2
[TDSE] Running TDSE-SH-elliptical. step 7200, energy = -0.5030605649329828
  |->  par_lens = 2, 2, 2
[TDSE] Running TDSE-SH-elliptical. step 7400, energy = -0.5030605395301413
  |->  par_lens = 2, 2, 2
[TDSE] Running TDSE-SH-elliptical. step 7600, energy = -0.5030605114231114
  |->  par_lens = 2, 2, 2
[TDSE] Running TDSE-SH-elliptical. step 7800, energy = -0.5030604808425153
  |->  par_lens = 2, 2, 2
[TDSE] Running TDSE-SH-elliptical. step 8000, energy = -0.5030604475029778
  |->  par_lens = 2, 2, 2
[TDSE] Running TDSE-SH-elliptical. step 8200, energy = -0.5030604115267439
  |->  par_lens = 2, 2, 2
[TDSE] Running TDSE-SH-elliptical. step 8400, energy = -0.5030603725878635
  |->  par_lens = 2, 2, 2
[TDSE] Running TDSE-SH-elliptical. step 8600, energy = -0.5030603309031582
  |->  par_lens = 2, 2, 2
[TDSE] Running TDSE-SH-elliptical. step 8800, energy = -0.5030602863520618
  |->  par_lens = 2, 2, 2
[TDSE] Running TDSE-SH-elliptical. step 9000, energy = -0.5030602388257074
  |->  par_lens = 2, 2, 2
[TDSE] Running TDSE-SH-elliptical. step 9200, energy = -0.5030601886111158
  |->  par_lens = 2, 2, 2
[TDSE] Running TDSE-SH-elliptical. step 9400, energy = -0.503060135305032
  |->  par_lens = 2, 2, 2
[TDSE] Running TDSE-SH-elliptical. step 9600, energy = -0.5030600795086817
  |->  par_lens = 2, 2, 2
[TDSE] Running TDSE-SH-elliptical. step 9800, energy = -0.503060020770963
  |->  par_lens = 2, 2, 2
[TDSE] Running TDSE-SH-elliptical. step 10000, energy = -0.5030599596683712
  |->  par_lens = 2, 2, 2
[TDSE] Running TDSE-SH-elliptical. step 10200, energy = -0.5030598583491723
  |->  par_lens = 2, 2, 2
[TDSE] Running TDSE-SH-elliptical. step 10400, energy = -0.5030593447931194
  |->  par_lens = 2, 2, 2
[TDSE] Running TDSE-SH-elliptical. step 10600, energy = -0.5030587568171165
  |->  par_lens = 2, 2, 2
[TDSE] Running TDSE-SH-elliptical. step 10800, energy = -0.503059405729626
  |->  par_lens = 2, 2, 2
[TDSE] Running TDSE-SH-elliptical. step 11000, energy = -0.503056561018349
  |->  par_lens = 2, 2, 2
[TDSE] Running TDSE-SH-elliptical. step 11200, energy = -0.503029113725984
  |->  par_lens = 4, 3, 3
[TDSE] Running TDSE-SH-elliptical. step 11400, energy = -0.5029585017202343
  |->  par_lens = 4, 3, 3
[TDSE] Running TDSE-SH-elliptical. step 11600, energy = -0.5028820975284959
  |->  par_lens = 5, 4, 4
[TDSE] Running TDSE-SH-elliptical. step 11800, energy = -0.5028926980219653
  |->  par_lens = 4, 5, 4
[TDSE] Running TDSE-SH-elliptical. step 12000, energy = -0.5029768137973782
  |->  par_lens = 4, 4, 3
[TDSE] Running TDSE-SH-elliptical. step 12200, energy = -0.5028818580299803
  |->  par_lens = 4, 4, 4
[TDSE] Running TDSE-SH-elliptical. step 12400, energy = -0.5023180168047526
  |->  par_lens = 5, 5, 6
[TDSE] Running TDSE-SH-elliptical. step 12600, energy = -0.5014766857771107
  |->  par_lens = 7, 7, 7
[TDSE] Running TDSE-SH-elliptical. step 12800, energy = -0.501127014063566
  |->  par_lens = 7, 7, 7
[TDSE] Running TDSE-SH-elliptical. step 13000, energy = -0.5017817332979807
  |->  par_lens = 6, 6, 7
[TDSE] Running TDSE-SH-elliptical. step 13200, energy = -0.5026165299165082
  |->  par_lens = 6, 5, 6
[TDSE] Running TDSE-SH-elliptical. step 13400, energy = -0.50191876930878
  |->  par_lens = 6, 6, 7
[TDSE] Running TDSE-SH-elliptical. step 13600, energy = -0.4992064063636102
  |->  par_lens = 9, 9, 8
[TDSE] Running TDSE-SH-elliptical. step 13800, energy = -0.4966586275173003
  |->  par_lens = 10, 10, 10
[TDSE] Running TDSE-SH-elliptical. step 14000, energy = -0.4971942372381525
  |->  par_lens = 10, 10, 10
[TDSE] Running TDSE-SH-elliptical. step 14200, energy = -0.5003737568462213
  |->  par_lens = 11, 11, 12
[TDSE] Running TDSE-SH-elliptical. step 14400, energy = -0.5014955766329037
  |->  par_lens = 12, 11, 12
[TDSE] Running TDSE-SH-elliptical. step 14600, energy = -0.4964764951536208
  |->  par_lens = 11, 12, 11
[TDSE] Running TDSE-SH-elliptical. step 14800, energy = -0.4881037377371247
  |->  par_lens = 15, 13, 14
[TDSE] Running TDSE-SH-elliptical. step 15000, energy = -0.48466077795876217
  |->  par_lens = 17, 17, 16
[TDSE] Running TDSE-SH-elliptical. step 15200, energy = -0.4906487275708456
  |->  par_lens = 18, 18, 18
[TDSE] Running TDSE-SH-elliptical. step 15400, energy = -0.4989649771668528
  |->  par_lens = 20, 20, 21
[TDSE] Running TDSE-SH-elliptical. step 15600, energy = -0.49706561485568107
  |->  par_lens = 21, 20, 21
[TDSE] Running TDSE-SH-elliptical. step 15800, energy = -0.48212588308307214
  |->  par_lens = 19, 19, 19
[TDSE] Running TDSE-SH-elliptical. step 16000, energy = -0.46787758039054883
  |->  par_lens = 25, 23, 23
[TDSE] Running TDSE-SH-elliptical. step 16200, energy = -0.4703700100760578
  |->  par_lens = 28, 28, 26
[TDSE] Running TDSE-SH-elliptical. step 16400, energy = -0.48756065226539486
  |->  par_lens = 32, 32, 32
[TDSE] Running TDSE-SH-elliptical. step 16600, energy = -0.49682513333585465
  |->  par_lens = 34, 32, 33
[TDSE] Running TDSE-SH-elliptical. step 16800, energy = -0.4799754353951388
  |->  par_lens = 34, 35, 34
[TDSE] Running TDSE-SH-elliptical. step 17000, energy = -0.44844905923237305
  |->  par_lens = 34, 29, 32
[TDSE] Running TDSE-SH-elliptical. step 17200, energy = -0.43514723969188396
  |->  par_lens = 40, 41, 40
[TDSE] Running TDSE-SH-elliptical. step 17400, energy = -0.455963985991514
  |->  par_lens = 49, 50, 50
[TDSE] Running TDSE-SH-elliptical. step 17600, energy = -0.4872768629686356
  |->  par_lens = 59, 56, 56
[TDSE] Running TDSE-SH-elliptical. step 17800, energy = -0.48648461012935584
  |->  par_lens = 61, 57, 58
[TDSE] Running TDSE-SH-elliptical. step 18000, energy = -0.44421352434331035
  |->  par_lens = 52, 52, 55
[TDSE] Running TDSE-SH-elliptical. step 18200, energy = -0.4026650605209041
  |->  par_lens = 49, 51, 51
[TDSE] Running TDSE-SH-elliptical. step 18400, energy = -0.40828278330286777
  |->  par_lens = 68, 69, 69
[TDSE] Running TDSE-SH-elliptical. step 18600, energy = -0.4562262406180772
  |->  par_lens = 84, 85, 83
[TDSE] Running TDSE-SH-elliptical. step 18800, energy = -0.487004884095064
  |->  par_lens = 90, 91, 91
[TDSE] Running TDSE-SH-elliptical. step 19000, energy = -0.45130963464054463
  |->  par_lens = 93, 91, 90
[TDSE] Running TDSE-SH-elliptical. step 19200, energy = -0.37731711839120835
  |->  par_lens = 74, 75, 74
[TDSE] Running TDSE-SH-elliptical. step 19400, energy = -0.3456767796902376
  |->  par_lens = 82, 84, 81
[TDSE] Running TDSE-SH-elliptical. step 19600, energy = -0.38995920336314877
  |->  par_lens = 117, 115, 114
[TDSE] Running TDSE-SH-elliptical. step 19800, energy = -0.4640239119241003
  |->  par_lens = 139, 137, 136
[TDSE] Running TDSE-SH-elliptical. step 20000, energy = -0.4707425049700827
  |->  par_lens = 143, 142, 142
[TDSE] Running TDSE-SH-elliptical. step 20200, energy = -0.3877159565531165
  |->  par_lens = 140, 137, 137
[TDSE] Running TDSE-SH-elliptical. step 20400, energy = -0.3039511732136931
  |->  par_lens = 104, 112, 105
[TDSE] Running TDSE-SH-elliptical. step 20600, energy = -0.31433504074822205
  |->  par_lens = 134, 137, 134
[TDSE] Running TDSE-SH-elliptical. step 20800, energy = -0.40356298374869587
  |->  par_lens = 176, 177, 177
[TDSE] Running TDSE-SH-elliptical. step 21000, energy = -0.4713943411811847
  |->  par_lens = 196, 195, 195
[TDSE] Running TDSE-SH-elliptical. step 21200, energy = -0.4154520044441063
  |->  par_lens = 201, 200, 200
[TDSE] Running TDSE-SH-elliptical. step 21400, energy = -0.28563341557623145
  |->  par_lens = 173, 184, 182
[TDSE] Running TDSE-SH-elliptical. step 21600, energy = -0.23090786264490562
  |->  par_lens = 159, 165, 160
[TDSE] Running TDSE-SH-elliptical. step 21800, energy = -0.3019322032679508
  |->  par_lens = 219, 218, 220
[TDSE] Running TDSE-SH-elliptical. step 22000, energy = -0.42830651216099797
  |->  par_lens = 266, 269, 266
[TDSE] Running TDSE-SH-elliptical. step 22200, energy = -0.4518896263179979
  |->  par_lens = 277, 278, 279
[TDSE] Running TDSE-SH-elliptical. step 22400, energy = -0.32562473236452155
  |->  par_lens = 264, 266, 271
[TDSE] Running TDSE-SH-elliptical. step 22600, energy = -0.19339328580820264
  |->  par_lens = 228, 225, 230
[TDSE] Running TDSE-SH-elliptical. step 22800, energy = -0.21257778299597146
  |->  par_lens = 251, 244, 239
[TDSE] Running TDSE-SH-elliptical. step 23000, energy = -0.33673116372966677
  |->  par_lens = 306, 309, 307
[TDSE] Running TDSE-SH-elliptical. step 23200, energy = -0.44746765212671097
  |->  par_lens = 341, 340, 342
[TDSE] Running TDSE-SH-elliptical. step 23400, energy = -0.3806311540359207
  |->  par_lens = 343, 341, 342
[TDSE] Running TDSE-SH-elliptical. step 23600, energy = -0.19869657690009412
  |->  par_lens = 315, 309, 312
[TDSE] Running TDSE-SH-elliptical. step 23800, energy = -0.12058889703203787
  |->  par_lens = 291, 274, 286
[TDSE] Running TDSE-SH-elliptical. step 24000, energy = -0.21755739844394342
  |->  par_lens = 341, 343, 341
[TDSE] Running TDSE-SH-elliptical. step 24200, energy = -0.3819789546449063
  |->  par_lens = 413, 413, 410
[TDSE] Running TDSE-SH-elliptical. step 24400, energy = -0.42724589750333813
  |->  par_lens = 425, 425, 425
[TDSE] Running TDSE-SH-elliptical. step 24600, energy = -0.27650563099156783
  |->  par_lens = 407, 410, 411
[TDSE] Running TDSE-SH-elliptical. step 24800, energy = -0.10588683249151198
  |->  par_lens = 351, 369, 364
[TDSE] Running TDSE-SH-elliptical. step 25000, energy = -0.1311736496341043
  |->  par_lens = 367, 366, 371
[TDSE] Running TDSE-SH-elliptical. step 25200, energy = -0.27291475207970406
  |->  par_lens = 430, 429, 427
[TDSE] Running TDSE-SH-elliptical. step 25400, energy = -0.413269612455715
  |->  par_lens = 465, 469, 467
[TDSE] Running TDSE-SH-elliptical. step 25600, energy = -0.3504596562019006
  |->  par_lens = 467, 470, 468
[TDSE] Running TDSE-SH-elliptical. step 25800, energy = -0.14876150503290522
  |->  par_lens = 439, 433, 436
[TDSE] Running TDSE-SH-elliptical. step 26000, energy = -0.05316696254464393
  |->  par_lens = 415, 409, 412
[TDSE] Running TDSE-SH-elliptical. step 26200, energy = -0.16200831613997368
  |->  par_lens = 448, 443, 450
[TDSE] Running TDSE-SH-elliptical. step 26400, energy = -0.3353029038574201
  |->  par_lens = 499, 495, 499
[TDSE] Running TDSE-SH-elliptical. step 26600, energy = -0.3985597004397003
  |->  par_lens = 510, 509, 510
[TDSE] Running TDSE-SH-elliptical. step 26800, energy = -0.2550281552128981
  |->  par_lens = 505, 507, 508
[TDSE] Running TDSE-SH-elliptical. step 27000, energy = -0.07670865459125334
  |->  par_lens = 487, 493, 491
[TDSE] Running TDSE-SH-elliptical. step 27200, energy = -0.10088434196891652
  |->  par_lens = 481, 485, 484
[TDSE] Running TDSE-SH-elliptical. step 27400, energy = -0.2342898765556728
  |->  par_lens = 506, 507, 505
[TDSE] Running TDSE-SH-elliptical. step 27600, energy = -0.3789393260679778
  |->  par_lens = 522, 521, 519
[TDSE] Running TDSE-SH-elliptical. step 27800, energy = -0.3333349606496082
  |->  par_lens = 522, 521, 519
[TDSE] Running TDSE-SH-elliptical. step 28000, energy = -0.14850019829313163
  |->  par_lens = 513, 510, 509
[TDSE] Running TDSE-SH-elliptical. step 28200, energy = -0.05698964069394992
  |->  par_lens = 508, 507, 494
[TDSE] Running TDSE-SH-elliptical. step 28400, energy = -0.1505664227092837
  |->  par_lens = 519, 521, 518
[TDSE] Running TDSE-SH-elliptical. step 28600, energy = -0.309013186469865
  |->  par_lens = 535, 536, 530
[TDSE] Running TDSE-SH-elliptical. step 28800, energy = -0.37671796427132365
  |->  par_lens = 542, 537, 538
[TDSE] Running TDSE-SH-elliptical. step 29000, energy = -0.26152951740975894
  |->  par_lens = 543, 538, 537
[TDSE] Running TDSE-SH-elliptical. step 29200, energy = -0.11340681505310346
  |->  par_lens = 524, 522, 523
[TDSE] Running TDSE-SH-elliptical. step 29400, energy = -0.12611370158584276
  |->  par_lens = 527, 527, 524
[TDSE] Running TDSE-SH-elliptical. step 29600, energy = -0.23297056978444916
  |->  par_lens = 537, 539, 529
[TDSE] Running TDSE-SH-elliptical. step 29800, energy = -0.36245133983604894
  |->  par_lens = 536, 542, 540
[TDSE] Running TDSE-SH-elliptical. step 30000, energy = -0.3363003027267947
  |->  par_lens = 539, 542, 537
[TDSE] Running TDSE-SH-elliptical. step 30200, energy = -0.19465491125802278
  |->  par_lens = 538, 535, 537
[TDSE] Running TDSE-SH-elliptical. step 30400, energy = -0.1219902790486108
  |->  par_lens = 525, 526, 533
[TDSE] Running TDSE-SH-elliptical. step 30600, energy = -0.183556884078797
  |->  par_lens = 542, 539, 545
[TDSE] Running TDSE-SH-elliptical. step 30800, energy = -0.309855307418848
  |->  par_lens = 551, 546, 550
[TDSE] Running TDSE-SH-elliptical. step 31000, energy = -0.3726481946618362
  |->  par_lens = 550, 548, 553
[TDSE] Running TDSE-SH-elliptical. step 31200, energy = -0.2990593435824693
  |->  par_lens = 549, 545, 552
[TDSE] Running TDSE-SH-elliptical. step 31400, energy = -0.19803102363114297
  |->  par_lens = 542, 542, 545
[TDSE] Running TDSE-SH-elliptical. step 31600, energy = -0.1923983809020177
  |->  par_lens = 536, 530, 536
[TDSE] Running TDSE-SH-elliptical. step 31800, energy = -0.27482077084297385
  |->  par_lens = 543, 541, 540
[TDSE] Running TDSE-SH-elliptical. step 32000, energy = -0.36928672922790023
  |->  par_lens = 546, 546, 544
[TDSE] Running TDSE-SH-elliptical. step 32200, energy = -0.3579474381061993
  |->  par_lens = 547, 544, 541
[TDSE] Running TDSE-SH-elliptical. step 32400, energy = -0.2662632535666101
  |->  par_lens = 548, 539, 537
[TDSE] Running TDSE-SH-elliptical. step 32600, energy = -0.21876411250384104
  |->  par_lens = 545, 540, 537
[TDSE] Running TDSE-SH-elliptical. step 32800, energy = -0.25456714960080323
  |->  par_lens = 549, 550, 547
[TDSE] Running TDSE-SH-elliptical. step 33000, energy = -0.33757559520525054
  |->  par_lens = 554, 553, 552
[TDSE] Running TDSE-SH-elliptical. step 33200, energy = -0.383155137664638
  |->  par_lens = 553, 554, 551
[TDSE] Running TDSE-SH-elliptical. step 33400, energy = -0.3447734064672785
  |->  par_lens = 553, 554, 550
[TDSE] Running TDSE-SH-elliptical. step 33600, energy = -0.28593168090492427
  |->  par_lens = 548, 550, 548
[TDSE] Running TDSE-SH-elliptical. step 33800, energy = -0.282040738901163
  |->  par_lens = 543, 540, 537
[TDSE] Running TDSE-SH-elliptical. step 34000, energy = -0.3266391788652489
  |->  par_lens = 542, 542, 540
[TDSE] Running TDSE-SH-elliptical. step 34200, energy = -0.38054961109358965
  |->  par_lens = 542, 538, 540
[TDSE] Running TDSE-SH-elliptical. step 34400, energy = -0.3797866408313519
  |->  par_lens = 538, 542, 539
[TDSE] Running TDSE-SH-elliptical. step 34600, energy = -0.3367179345460149
  |->  par_lens = 539, 535, 527
[TDSE] Running TDSE-SH-elliptical. step 34800, energy = -0.30453538225999194
  |->  par_lens = 536, 536, 534
[TDSE] Running TDSE-SH-elliptical. step 35000, energy = -0.32446299576779924
  |->  par_lens = 544, 533, 537
[TDSE] Running TDSE-SH-elliptical. step 35200, energy = -0.3662660625236904
  |->  par_lens = 546, 538, 540
[TDSE] Running TDSE-SH-elliptical. step 35400, energy = -0.3917844123636051
  |->  par_lens = 542, 538, 539
[TDSE] Running TDSE-SH-elliptical. step 35600, energy = -0.3790257508699511
  |->  par_lens = 537, 533, 532
[TDSE] Running TDSE-SH-elliptical. step 35800, energy = -0.35597185054232267
  |->  par_lens = 532, 519, 518
[TDSE] Running TDSE-SH-elliptical. step 36000, energy = -0.3453683319205834
  |->  par_lens = 512, 508, 507
[TDSE] Running TDSE-SH-elliptical. step 36200, energy = -0.3735541178897811
  |->  par_lens = 484, 477, 470
[TDSE] Running TDSE-SH-elliptical. step 36400, energy = -0.39052221088131495
  |->  par_lens = 457, 452, 469
[TDSE] Running TDSE-SH-elliptical. step 36600, energy = -0.39420011263172083
  |->  par_lens = 442, 442, 458
[TDSE] Running TDSE-SH-elliptical. step 36800, energy = -0.3764528998945069
  |->  par_lens = 427, 429, 440
[TDSE] Running TDSE-SH-elliptical. step 37000, energy = -0.3674713655068189
  |->  par_lens = 425, 421, 427
[TDSE] Running TDSE-SH-elliptical. step 37200, energy = -0.3716247304118805
  |->  par_lens = 428, 418, 433
[TDSE] Running TDSE-SH-elliptical. step 37400, energy = -0.3874548438652347
  |->  par_lens = 428, 430, 432
[TDSE] Running TDSE-SH-elliptical. step 37600, energy = -0.3986957233627637
  |->  par_lens = 421, 429, 429
[TDSE] Running TDSE-SH-elliptical. step 37800, energy = -0.396062313612414
  |->  par_lens = 418, 421, 418
[TDSE] Running TDSE-SH-elliptical. step 38000, energy = -0.38867165773871926
  |->  par_lens = 397, 399, 402
[TDSE] Running TDSE-SH-elliptical. step 38200, energy = -0.3896625886725082
  |->  par_lens = 365, 372, 378
[TDSE] Running TDSE-SH-elliptical. step 38400, energy = -0.39186662398139
  |->  par_lens = 346, 350, 355
[TDSE] Running TDSE-SH-elliptical. step 38600, energy = -0.3998227888701141
  |->  par_lens = 326, 328, 330
[TDSE] Running TDSE-SH-elliptical. step 38800, energy = -0.3992557328070048
  |->  par_lens = 314, 315, 318
[TDSE] Running TDSE-SH-elliptical. step 39000, energy = -0.3964326726204705
  |->  par_lens = 317, 310, 310
[TDSE] Running TDSE-SH-elliptical. step 39200, energy = -0.3944354328795335
  |->  par_lens = 312, 316, 315
[TDSE] Running TDSE-SH-elliptical. step 39400, energy = -0.3946975224784153
  |->  par_lens = 324, 320, 316
[TDSE] Running TDSE-SH-elliptical. step 39600, energy = -0.39917360364247134
  |->  par_lens = 329, 323, 328
[TDSE] Running TDSE-SH-elliptical. step 39800, energy = -0.40037429077686515
  |->  par_lens = 328, 322, 328
[TDSE] Running TDSE-SH-elliptical. step 40000, energy = -0.40146053247570535
  |->  par_lens = 325, 320, 326
[TDSE] Running TDSE-SH-elliptical. step 40200, energy = -0.4010642424248004
  |->  par_lens = 324, 318, 325
[TDSE] Running TDSE-SH-elliptical. step 40400, energy = -0.40082369260395667
  |->  par_lens = 319, 315, 316
[TDSE] Running TDSE-SH-elliptical. step 40600, energy = -0.4018237119948555
  |->  par_lens = 310, 311, 311
[TDSE] Running TDSE-SH-elliptical. step 40800, energy = -0.4020694221505333
  |->  par_lens = 306, 303, 304
[TDSE] Running TDSE-SH-elliptical. step 41000, energy = -0.40222195037249614
  |->  par_lens = 301, 299, 300
[TDSE] Running TDSE-SH-elliptical. step 41200, energy = -0.40246350302449746
  |->  par_lens = 302, 297, 297
[TDSE] Running TDSE-SH-elliptical. step 41400, energy = -0.40215670933991515
  |->  par_lens = 303, 297, 298
[TDSE] Running TDSE-SH-elliptical. step 41600, energy = -0.40280325344888773
  |->  par_lens = 302, 297, 297
[TDSE] Running TDSE-SH-elliptical. step 41800, energy = -0.40300570029232274
  |->  par_lens = 302, 297, 297
[TDSE] Running TDSE-SH-elliptical. step 42000, energy = -0.40346052068506133
  |->  par_lens = 302, 297, 297
[TDSE] Running TDSE-SH-elliptical. step 42200, energy = -0.4036715369833165
  |->  par_lens = 301, 296, 297
[TDSE] Running TDSE-SH-elliptical. step 42400, energy = -0.40416445652476646
  |->  par_lens = 301, 296, 297
[TDSE] Running TDSE-SH-elliptical. step 42600, energy = -0.40439108831342185
  |->  par_lens = 301, 296, 296
[TDSE] Running TDSE-SH-elliptical. step 42800, energy = -0.40464087301504925
  |->  par_lens = 301, 295, 297
[TDSE] Running TDSE-SH-elliptical. step 43000, energy = -0.40499620496113276
  |->  par_lens = 300, 295, 296
[TDSE] Running TDSE-SH-elliptical. step 43200, energy = -0.40519143075341546
  |->  par_lens = 300, 294, 294
[TDSE] Running TDSE-SH-elliptical. step 43400, energy = -0.40551735488640095
  |->  par_lens = 298, 293, 292
[TDSE] Running TDSE-SH-elliptical. step 43600, energy = -0.40584271451821613
  |->  par_lens = 296, 293, 291
[TDSE] Running TDSE-SH-elliptical. step 43800, energy = -0.40616230332342124
  |->  par_lens = 291, 292, 287
[TDSE] Running TDSE-SH-elliptical. step 44000, energy = -0.4065156448562729
  |->  par_lens = 289, 289, 286
[TDSE] Running TDSE-SH-elliptical. step 44200, energy = -0.40693099135573474
  |->  par_lens = 285, 283, 282
[TDSE] Running TDSE-SH-elliptical. step 44400, energy = -0.4073833591678781
  |->  par_lens = 283, 279, 278
[TDSE] Running TDSE-SH-elliptical. step 44600, energy = -0.4077416258653118
  |->  par_lens = 278, 277, 278
[TDSE] Running TDSE-SH-elliptical. step 44800, energy = -0.40793323746728266
  |->  par_lens = 275, 274, 273
[TDSE] Running TDSE-SH-elliptical. step 45000, energy = -0.40809528069804335
  |->  par_lens = 268, 269, 270
[TDSE] Running TDSE-SH-elliptical. step 45200, energy = -0.4084234346199711
  |->  par_lens = 267, 266, 267
[TDSE] Running TDSE-SH-elliptical. step 45400, energy = -0.4089907545082399
  |->  par_lens = 264, 264, 264
[TDSE] Running TDSE-SH-elliptical. step 45600, energy = -0.40958344823668275
  |->  par_lens = 261, 261, 261
[TDSE] Running TDSE-SH-elliptical. step 45800, energy = -0.40993517027763615
  |->  par_lens = 259, 257, 256
[TDSE] Running TDSE-SH-elliptical. step 46000, energy = -0.4101348410549827
  |->  par_lens = 253, 253, 253
[TDSE] Running TDSE-SH-elliptical. step 46200, energy = -0.41037274849840294
  |->  par_lens = 251, 251, 251
[TDSE] Running TDSE-SH-elliptical. step 46400, energy = -0.41069235278971716
  |->  par_lens = 249, 250, 249
[TDSE] Running TDSE-SH-elliptical. step 46600, energy = -0.41102678626066563
  |->  par_lens = 246, 245, 248
[TDSE] Running TDSE-SH-elliptical. step 46800, energy = -0.41135004917002976
  |->  par_lens = 244, 241, 243
[TDSE] Running TDSE-SH-elliptical. step 47000, energy = -0.4116912987132405
  |->  par_lens = 240, 239, 240
[TDSE] Running TDSE-SH-elliptical. step 47200, energy = -0.4120505388285321
  |->  par_lens = 237, 238, 237
[TDSE] Running TDSE-SH-elliptical. step 47400, energy = -0.41239389368242446
  |->  par_lens = 235, 236, 236
[TDSE] Running TDSE-SH-elliptical. step 47600, energy = -0.4127074120220727
  |->  par_lens = 234, 234, 232
[TDSE] Running TDSE-SH-elliptical. step 47800, energy = -0.41300548402463877
  |->  par_lens = 230, 229, 228
[TDSE] Running TDSE-SH-elliptical. step 48000, energy = -0.4133110486095086
  |->  par_lens = 227, 225, 224
[TDSE] Running TDSE-SH-elliptical. step 48200, energy = -0.4136062664510466
  |->  par_lens = 225, 222, 223
[TDSE] Running TDSE-SH-elliptical. step 48400, energy = -0.4138685472407589
  |->  par_lens = 221, 221, 223
[TDSE] Running TDSE-SH-elliptical. step 48600, energy = -0.4141231122089023
  |->  par_lens = 220, 221, 222
[TDSE] Running TDSE-SH-elliptical. step 48800, energy = -0.41439279255715916
  |->  par_lens = 219, 220, 221
[TDSE] Running TDSE-SH-elliptical. step 49000, energy = -0.41466530455395534
  |->  par_lens = 217, 217, 217
[TDSE] Running TDSE-SH-elliptical. step 49200, energy = -0.41492026985883895
  |->  par_lens = 213, 212, 215
[TDSE] Running TDSE-SH-elliptical. step 49400, energy = -0.41517248332179046
  |->  par_lens = 209, 211, 208
[TDSE] Running TDSE-SH-elliptical. step 49600, energy = -0.41544998642459524
  |->  par_lens = 206, 207, 207
[TDSE] Running TDSE-SH-elliptical. step 49800, energy = -0.4157355466163671
  |->  par_lens = 204, 205, 204
[TDSE] Running TDSE-SH-elliptical. step 50000, energy = -0.4159937294643804
  |->  par_lens = 204, 204, 204
[TDSE] Running TDSE-SH-elliptical. step 50200, energy = -0.41621391802085683
  |->  par_lens = 203, 203, 200
[TDSE] Running TDSE-SH-elliptical. step 50400, energy = -0.4164128157734315
  |->  par_lens = 201, 201, 199
[TDSE] Running TDSE-SH-elliptical. step 50600, energy = -0.41662620057159744
  |->  par_lens = 201, 198, 199
[TDSE] Running TDSE-SH-elliptical. step 50800, energy = -0.41687150031655223
  |->  par_lens = 200, 196, 198
[TDSE] Running TDSE-SH-elliptical. step 51000, energy = -0.4171346602843717
  |->  par_lens = 197, 196, 197
[TDSE] Running TDSE-SH-elliptical. step 51200, energy = -0.41738669963362723
  |->  par_lens = 194, 191, 194
[TDSE] Running TDSE-SH-elliptical. step 51400, energy = -0.41760542551705215
  |->  par_lens = 188, 189, 189
[TDSE] Running TDSE-SH-elliptical. step 51600, energy = -0.41779115437121594
  |->  par_lens = 187, 188, 188
[TDSE] Running TDSE-SH-elliptical. step 51800, energy = -0.4179622091890602
  |->  par_lens = 186, 187, 185
[TDSE] Running TDSE-SH-elliptical. step 52000, energy = -0.4181383772448116
  |->  par_lens = 186, 187, 184
[TDSE] Running TDSE-SH-elliptical. step 52200, energy = -0.4183280186893677
  |->  par_lens = 186, 185, 184
[TDSE] Running TDSE-SH-elliptical. step 52400, energy = -0.41853244441339316
  |->  par_lens = 184, 183, 183
[TDSE] Running TDSE-SH-elliptical. step 52600, energy = -0.4187481504074588
  |->  par_lens = 182, 183, 182
[TDSE] Running TDSE-SH-elliptical. step 52800, energy = -0.4189634304645197
  |->  par_lens = 179, 181, 178
[TDSE] Running TDSE-SH-elliptical. step 53000, energy = -0.4191661984462408
  |->  par_lens = 178, 177, 176
[TDSE] Running TDSE-SH-elliptical. step 53200, energy = -0.4193548346379696
  |->  par_lens = 176, 175, 176
[TDSE] Running TDSE-SH-elliptical. step 53400, energy = -0.41953671602991954
  |->  par_lens = 175, 173, 173
[TDSE] Running TDSE-SH-elliptical. step 53600, energy = -0.4197175767774584
  |->  par_lens = 174, 173, 172
[TDSE] Running TDSE-SH-elliptical. step 53800, energy = -0.41989441233544056
  |->  par_lens = 172, 171, 172
[TDSE] Running TDSE-SH-elliptical. step 54000, energy = -0.4200589859819215
  |->  par_lens = 171, 167, 169
[TDSE] Running TDSE-SH-elliptical. step 54200, energy = -0.4202047804571741
  |->  par_lens = 167, 167, 167
[TDSE] Running TDSE-SH-elliptical. step 54400, energy = -0.42033104539617877
  |->  par_lens = 167, 167, 167
[TDSE] Running TDSE-SH-elliptical. step 54600, energy = -0.42044439072832474
  |->  par_lens = 167, 167, 165
[TDSE] Running TDSE-SH-elliptical. step 54800, energy = -0.42055616785641065
  |->  par_lens = 167, 167, 164
[TDSE] Running TDSE-SH-elliptical. step 55000, energy = -0.4206784572423993
  |->  par_lens = 167, 164, 164
[TDSE] Running TDSE-SH-elliptical. step 55200, energy = -0.42081899158204544
  |->  par_lens = 166, 164, 164
[TDSE] Running TDSE-SH-elliptical. step 55400, energy = -0.4209753901043571
  |->  par_lens = 164, 162, 164
[TDSE] Running TDSE-SH-elliptical. step 55600, energy = -0.42113977695503696
  |->  par_lens = 163, 162, 162
[TDSE] Running TDSE-SH-elliptical. step 55800, energy = -0.4213117601196449
  |->  par_lens = 160, 162, 161
[TDSE] Running TDSE-SH-elliptical. step 56000, energy = -0.42150031830168777
  |->  par_lens = 159, 158, 157
[TDSE] Running TDSE-SH-elliptical. step 56200, energy = -0.4217098858564009
  |->  par_lens = 155, 154, 156
[TDSE] Running TDSE-SH-elliptical. step 56400, energy = -0.42192916618526055
  |->  par_lens = 152, 153, 153
[TDSE] Running TDSE-SH-elliptical. step 56600, energy = -0.42213635159444096
  |->  par_lens = 151, 152, 150
[TDSE] Running TDSE-SH-elliptical. step 56800, energy = -0.422312425338279
  |->  par_lens = 150, 149, 149
[TDSE] Running TDSE-SH-elliptical. step 57000, energy = -0.4224495214172618
  |->  par_lens = 147, 148, 146
[TDSE] Running TDSE-SH-elliptical. step 57200, energy = -0.4225517874837267
  |->  par_lens = 146, 146, 144
[TDSE] Running TDSE-SH-elliptical. step 57400, energy = -0.4226305974790892
  |->  par_lens = 146, 143, 144
[TDSE] Running TDSE-SH-elliptical. step 57600, energy = -0.4226966183980072
  |->  par_lens = 146, 141, 144
[TDSE] Running TDSE-SH-elliptical. step 57800, energy = -0.4227545602523347
  |->  par_lens = 144, 141, 144
[TDSE] Running TDSE-SH-elliptical. step 58000, energy = -0.4228049330937652
  |->  par_lens = 143, 141, 143
[TDSE] Running TDSE-SH-elliptical. step 58200, energy = -0.4228495969304138
  |->  par_lens = 143, 141, 142
[TDSE] Running TDSE-SH-elliptical. step 58400, energy = -0.42289414353813753
  |->  par_lens = 141, 141, 142
[TDSE] Running TDSE-SH-elliptical. step 58600, energy = -0.4229448374395212
  |->  par_lens = 141, 141, 142
[TDSE] Running TDSE-SH-elliptical. step 58800, energy = -0.4230046216421707
  |->  par_lens = 141, 141, 142
[TDSE] Running TDSE-SH-elliptical. step 59000, energy = -0.42307298064915805
  |->  par_lens = 140, 141, 142
[TDSE] Running TDSE-SH-elliptical. step 59200, energy = -0.42314880447048414
  |->  par_lens = 140, 141, 142
  Activating project at `~/JuliaProp_v0.1`
[TDSE] Running TDSE-SH-elliptical. step 59400, energy = -0.42323237779542644
  |->  par_lens = 139, 141, 142
[TDSE] Running TDSE-SH-elliptical. step 59600, energy = -0.4233250168530541
  |->  par_lens = 139, 140, 141
[TDSE] Running TDSE-SH-elliptical. step 59800, energy = -0.42342777392099584
  |->  par_lens = 139, 140, 140
[TDSE] Running TDSE-SH-elliptical. step 60000, energy = -0.423540639802999
  |->  par_lens = 139, 140, 137
[TDSE] Running TDSE-SH-elliptical. step 60200, energy = -0.4236624287097299
  |->  par_lens = 138, 139, 137
[TDSE] Running TDSE-SH-elliptical. step 60400, energy = -0.42379113166521687
  |->  par_lens = 138, 137, 137
[TDSE] Running TDSE-SH-elliptical. step 60600, energy = -0.42392432991344436
  |->  par_lens = 138, 135, 137
[TDSE] Running TDSE-SH-elliptical. step 60800, energy = -0.4240593804222812
  |->  par_lens = 135, 132, 136
[TDSE] Running TDSE-SH-elliptical. step 61000, energy = -0.4241936250338629
  |->  par_lens = 132, 132, 134
[TDSE] Running TDSE-SH-elliptical. step 61200, energy = -0.42432465800790947
  |->  par_lens = 132, 132, 131
[TDSE] Running TDSE-SH-elliptical. step 61400, energy = -0.42445049886182484
  |->  par_lens = 131, 132, 130
[TDSE] Running TDSE-SH-elliptical. step 61600, energy = -0.4245690680789402
  |->  par_lens = 131, 129, 130
[TDSE] Running TDSE-SH-elliptical. step 61800, energy = -0.4246776214281068
  |->  par_lens = 129, 128, 130
[TDSE] Running TDSE-SH-elliptical. step 62000, energy = -0.42477316485545097
  |->  par_lens = 127, 128, 129
[TDSE] Running TDSE-SH-elliptical. step 62200, energy = -0.42485373109663505
  |->  par_lens = 126, 128, 126
[TDSE] Running TDSE-SH-elliptical. step 62400, energy = -0.4249195298192205
  |->  par_lens = 125, 124, 123
[TDSE] Running TDSE-SH-elliptical. step 62600, energy = -0.4249728732721727
  |->  par_lens = 123, 122, 122
[TDSE] Running TDSE-SH-elliptical. step 62800, energy = -0.42501716409295925
  |->  par_lens = 120, 122, 122
[TDSE] Running TDSE-SH-elliptical. step 63000, energy = -0.42505565572535603
  |->  par_lens = 120, 121, 118
[TDSE] Running TDSE-SH-elliptical. step 63200, energy = -0.42509081440069835
  |->  par_lens = 120, 120, 118
[TDSE] Running TDSE-SH-elliptical. step 63400, energy = -0.4251243373178375
  |->  par_lens = 118, 117, 118
[TDSE] Running TDSE-SH-elliptical. step 63600, energy = -0.4251573422504994
  |->  par_lens = 117, 117, 117
[TDSE] Running TDSE-SH-elliptical. step 63800, energy = -0.42519057808982014
  |->  par_lens = 116, 117, 116
[TDSE] Running TDSE-SH-elliptical. step 64000, energy = -0.42522457308758926
  |->  par_lens = 115, 117, 115
[TDSE] Running TDSE-SH-elliptical. step 64200, energy = -0.42525965224129764
  |->  par_lens = 115, 116, 115
[TDSE] Running TDSE-SH-elliptical. step 64400, energy = -0.4252959631258704
  |->  par_lens = 114, 116, 114
[TDSE] Running TDSE-SH-elliptical. step 64600, energy = -0.42533347997846316
  |->  par_lens = 114, 115, 113
[TDSE] Running TDSE-SH-elliptical. step 64800, energy = -0.42537194390825717
  |->  par_lens = 114, 114, 112
[TDSE] Running TDSE-SH-elliptical. step 65000, energy = -0.42541085621752284
  |->  par_lens = 113, 114, 112
[TDSE] Running TDSE-SH-elliptical. step 65200, energy = -0.42544948637586016
  |->  par_lens = 112, 112, 111
[TDSE] Running TDSE-SH-elliptical. step 65400, energy = -0.4254869302685061
  |->  par_lens = 112, 112, 111
[TDSE] Running TDSE-SH-elliptical. step 65600, energy = -0.42552222820200053
  |->  par_lens = 112, 111, 111
[TDSE] Running TDSE-SH-elliptical. step 65800, energy = -0.42555447375388583
  |->  par_lens = 112, 111, 111
[TDSE] Running TDSE-SH-elliptical. step 66000, energy = -0.425582996855853
  |->  par_lens = 112, 110, 111
[TDSE] Running TDSE-SH-elliptical. step 66200, energy = -0.42560759232119794
  |->  par_lens = 112, 110, 111
[TDSE] Running TDSE-SH-elliptical. step 66400, energy = -0.42562862262112977
  |->  par_lens = 112, 109, 111
[TDSE] Running TDSE-SH-elliptical. step 66600, energy = -0.425646984335889
  |->  par_lens = 112, 109, 111
[TDSE] Running TDSE-SH-elliptical. step 66800, energy = -0.4256640001591958
  |->  par_lens = 112, 109, 111
[TDSE] Running TDSE-SH-elliptical. step 67000, energy = -0.4256812024652014
  |->  par_lens = 112, 109, 111
[TDSE] Running TDSE-SH-elliptical. step 67200, energy = -0.4257000081676639
  |->  par_lens = 112, 109, 110
[TDSE] Running TDSE-SH-elliptical. step 67400, energy = -0.42572144337248696
  |->  par_lens = 112, 109, 110
[TDSE] Running TDSE-SH-elliptical. step 67600, energy = -0.42574610093343346
  |->  par_lens = 110, 109, 110
[TDSE] Running TDSE-SH-elliptical. step 67800, energy = -0.42577430763675034
  |->  par_lens = 110, 109, 110
[TDSE] Running TDSE-SH-elliptical. step 68000, energy = -0.4258062727192668
  |->  par_lens = 110, 109, 110
[TDSE] Running TDSE-SH-elliptical. step 68200, energy = -0.4258420599494533
  |->  par_lens = 109, 108, 110
[TDSE] Running TDSE-SH-elliptical. step 68400, energy = -0.4258814778733407
  |->  par_lens = 108, 108, 110
[TDSE] Running TDSE-SH-elliptical. step 68600, energy = -0.4259240668390667
  |->  par_lens = 108, 108, 109
[TDSE] Running TDSE-SH-elliptical. step 68800, energy = -0.4259691945188238
  |->  par_lens = 108, 108, 109
[TDSE] Running TDSE-SH-elliptical. step 69000, energy = -0.42601614153385464
  |->  par_lens = 108, 108, 109
[TDSE] Running TDSE-SH-elliptical. step 69200, energy = -0.42606414205282184
  |->  par_lens = 107, 108, 107
[TDSE] Running TDSE-SH-elliptical. step 69400, energy = -0.42611245538003656
  |->  par_lens = 107, 107, 107
[TDSE] Running TDSE-SH-elliptical. step 69600, energy = -0.42616049292089103
  |->  par_lens = 107, 107, 107
[TDSE] Running TDSE-SH-elliptical. step 69800, energy = -0.42620791801916547
  |->  par_lens = 107, 107, 107
[TDSE] Running TDSE-SH-elliptical. step 70000, energy = -0.42625465259414486
  |->  par_lens = 106, 105, 106
[TDSE] Running TDSE-SH-elliptical. step 70200, energy = -0.4263008194658031
  |->  par_lens = 106, 105, 106
[TDSE] Running TDSE-SH-elliptical. step 70400, energy = -0.4263466719831596
  |->  par_lens = 106, 104, 106
[TDSE] Running TDSE-SH-elliptical. step 70600, energy = -0.42639251090580793
  |->  par_lens = 103, 103, 103
[TDSE] Running TDSE-SH-elliptical. step 70800, energy = -0.4264385745898393
  |->  par_lens = 102, 103, 103
[TDSE] Running TDSE-SH-elliptical. step 71000, energy = -0.4264849364987061
  |->  par_lens = 102, 102, 103
[TDSE] Running TDSE-SH-elliptical. step 71200, energy = -0.42653146748211274
  |->  par_lens = 102, 102, 102
[TDSE] Running TDSE-SH-elliptical. step 71400, energy = -0.4265778738942733
  |->  par_lens = 101, 102, 100
[TDSE] Running TDSE-SH-elliptical. step 71600, energy = -0.42662376649104705
  |->  par_lens = 101, 102, 100
[TDSE] Running TDSE-SH-elliptical. step 71800, energy = -0.4266687163870035
  |->  par_lens = 101, 101, 100
[TDSE] Running TDSE-SH-elliptical. step 72000, energy = -0.42671229716819964
  |->  par_lens = 101, 99, 100
[TDSE] Running TDSE-SH-elliptical. step 72200, energy = -0.4267541337899732
  |->  par_lens = 100, 99, 99
[TDSE] Running TDSE-SH-elliptical. step 72400, energy = -0.4267939573325708
  |->  par_lens = 99, 99, 99
[TDSE] Running TDSE-SH-elliptical. step 72600, energy = -0.4268316369106394
  |->  par_lens = 98, 99, 99
[TDSE] Running TDSE-SH-elliptical. step 72800, energy = -0.4268671651124035
  |->  par_lens = 98, 98, 98
[TDSE] Running TDSE-SH-elliptical. step 73000, energy = -0.4269006063067554
  |->  par_lens = 98, 98, 97
[TDSE] Running TDSE-SH-elliptical. step 73200, energy = -0.42693204251273603
  |->  par_lens = 97, 97, 95
[TDSE] Running TDSE-SH-elliptical. step 73400, energy = -0.42696154641037043
  |->  par_lens = 96, 96, 94
[TDSE] Running TDSE-SH-elliptical. step 73600, energy = -0.42698918512537454
  |->  par_lens = 95, 94, 94
[TDSE] Running TDSE-SH-elliptical. step 73800, energy = -0.427015037077823
  |->  par_lens = 95, 93, 94
[TDSE] Running TDSE-SH-elliptical. step 74000, energy = -0.4270392021288038
  |->  par_lens = 95, 93, 93
[TDSE] Running TDSE-SH-elliptical. step 74200, energy = -0.4270617974372692
  |->  par_lens = 94, 93, 93
[TDSE] Running TDSE-SH-elliptical. step 74400, energy = -0.42708294378892797
  |->  par_lens = 92, 93, 93
[TDSE] Running TDSE-SH-elliptical. step 74600, energy = -0.42710275097666284
  |->  par_lens = 92, 93, 93
[TDSE] Running TDSE-SH-elliptical. step 74800, energy = -0.42712130742331744
  |->  par_lens = 92, 92, 92
[TDSE] Running TDSE-SH-elliptical. step 75000, energy = -0.4271386748151158
  |->  par_lens = 92, 92, 92
[TDSE] Running TDSE-SH-elliptical. step 75200, energy = -0.4271548870884468
  |->  par_lens = 92, 92, 90
[TDSE] Running TDSE-SH-elliptical. step 75400, energy = -0.4271699541563986
  |->  par_lens = 91, 92, 90
[TDSE] Running TDSE-SH-elliptical. step 75600, energy = -0.4271838714940383
  |->  par_lens = 91, 91, 90
[TDSE] Running TDSE-SH-elliptical. step 75800, energy = -0.4271966354246156
  |->  par_lens = 91, 91, 90
[TDSE] Running TDSE-SH-elliptical. step 76000, energy = -0.4272082613274361
  |->  par_lens = 91, 90, 90
[TDSE] Running TDSE-SH-elliptical. step 76200, energy = -0.42721879997218914
  |->  par_lens = 90, 89, 89
[TDSE] Running TDSE-SH-elliptical. step 76400, energy = -0.42722834720712316
  |->  par_lens = 90, 89, 89
[TDSE] Running TDSE-SH-elliptical. step 76600, energy = -0.42723704426509945
  |->  par_lens = 90, 89, 89
[TDSE] Running TDSE-SH-elliptical. step 76800, energy = -0.4272450688382978
  |->  par_lens = 90, 88, 89
[TDSE] Running TDSE-SH-elliptical. step 77000, energy = -0.42725261946835663
  |->  par_lens = 89, 88, 88
[TDSE] Running TDSE-SH-elliptical. step 77200, energy = -0.427259896950553
  |->  par_lens = 89, 88, 88
[TDSE] Running TDSE-SH-elliptical. step 77400, energy = -0.4272670863680209
  |->  par_lens = 88, 88, 88
[TDSE] Running TDSE-SH-elliptical. step 77600, energy = -0.4272743425281685
  |->  par_lens = 88, 88, 88
[TDSE] Running TDSE-SH-elliptical. step 77800, energy = -0.42728178048539317
  |->  par_lens = 88, 87, 88
[TDSE] Running TDSE-SH-elliptical. step 78000, energy = -0.4272894718152697
  |->  par_lens = 87, 87, 87
[TDSE] Running TDSE-SH-elliptical. step 78200, energy = -0.42729744644618245
  |->  par_lens = 87, 87, 87
[TDSE] Running TDSE-SH-elliptical. step 78400, energy = -0.42730569914243477
  |->  par_lens = 87, 87, 86
[TDSE] Running TDSE-SH-elliptical. step 78600, energy = -0.42731419917086644
  |->  par_lens = 86, 87, 86
[TDSE] Running TDSE-SH-elliptical. step 78800, energy = -0.42732290132975187
  |->  par_lens = 85, 86, 86
[TDSE] Running TDSE-SH-elliptical. step 79000, energy = -0.42733175645561644
  |->  par_lens = 85, 85, 86
[TDSE] Running TDSE-SH-elliptical. step 79200, energy = -0.42734071978913124
  |->  par_lens = 85, 85, 84
[TDSE] Running TDSE-SH-elliptical. step 79400, energy = -0.4273497561324747
  |->  par_lens = 85, 84, 84
[TDSE] Running TDSE-SH-elliptical. step 79600, energy = -0.4273588414443883
  |->  par_lens = 84, 84, 84
[TDSE] Running TDSE-SH-elliptical. step 79800, energy = -0.42736796123248827
  |->  par_lens = 84, 84, 84
[TDSE] Running TDSE-SH-elliptical. step 80000, energy = -0.4273771066614581
  |->  par_lens = 84, 82, 84
[TDSE] Running TDSE-SH-elliptical. step 80200, energy = -0.427386269600475
  |->  par_lens = 83, 82, 84
[TDSE] Running TDSE-SH-elliptical. step 80400, energy = -0.42739543785534473
  |->  par_lens = 83, 82, 83
[TDSE] Running TDSE-SH-elliptical. step 80600, energy = -0.42740459160703426
  |->  par_lens = 83, 82, 83
[TDSE] Running TDSE-SH-elliptical. step 80800, energy = -0.42741370169267595
  |->  par_lens = 81, 82, 83
[TDSE] Running TDSE-SH-elliptical. step 81000, energy = -0.4274227299193584
  |->  par_lens = 81, 82, 83
[TDSE] Running TDSE-SH-elliptical. step 81200, energy = -0.4274316311912951
  |->  par_lens = 81, 81, 82
[TDSE] Running TDSE-SH-elliptical. step 81400, energy = -0.4274403569266381
  |->  par_lens = 81, 81, 82
[TDSE] Running TDSE-SH-elliptical. step 81600, energy = -0.42744885907935665
  |->  par_lens = 81, 81, 81
[TDSE] Running TDSE-SH-elliptical. step 81800, energy = -0.4274570940683934
  |->  par_lens = 80, 81, 81
[TDSE] Running TDSE-SH-elliptical. step 82000, energy = -0.42746502602487163
  |->  par_lens = 80, 80, 81
[TDSE] Running TDSE-SH-elliptical. step 82200, energy = -0.42747262895856764
  |->  par_lens = 80, 80, 80
[TDSE] Running TDSE-SH-elliptical. step 82400, energy = -0.4274798876679235
  |->  par_lens = 80, 79, 80
[TDSE] Running TDSE-SH-elliptical. step 82600, energy = -0.4274867974305323
  |->  par_lens = 79, 79, 79
[TDSE] Running TDSE-SH-elliptical. step 82800, energy = -0.42749336267948135
  |->  par_lens = 79, 79, 79
[TDSE] Running TDSE-SH-elliptical. step 83000, energy = -0.427499594976743
  |->  par_lens = 78, 79, 79
[TDSE] Running TDSE-SH-elliptical. step 83200, energy = -0.42750551063504727
  |->  par_lens = 78, 78, 79
[TDSE] Running TDSE-SH-elliptical. step 83400, energy = -0.4275111283215578
  |->  par_lens = 78, 77, 78
[TDSE] Running TDSE-SH-elliptical. step 83600, energy = -0.4275164669162186
  |->  par_lens = 78, 77, 77
[TDSE] Running TDSE-SH-elliptical. step 83800, energy = -0.42752154381440866
  |->  par_lens = 76, 77, 76
[TDSE] Running TDSE-SH-elliptical. step 84000, energy = -0.4275263737737823
  |->  par_lens = 76, 76, 76
[TDSE] Running TDSE-SH-elliptical. step 84200, energy = -0.42753096832266013
  |->  par_lens = 76, 76, 76
[TDSE] Running TDSE-SH-elliptical. step 84400, energy = -0.42753533568243596
  |->  par_lens = 76, 76, 74
[TDSE] Running TDSE-SH-elliptical. step 84600, energy = -0.427539481111342
  |->  par_lens = 75, 75, 74
[TDSE] Running TDSE-SH-elliptical. step 84800, energy = -0.4275434075515789
  |->  par_lens = 75, 75, 74
[TDSE] Running TDSE-SH-elliptical. step 85000, energy = -0.4275471164550562
  |->  par_lens = 75, 75, 74
[TDSE] Running TDSE-SH-elliptical. step 85200, energy = -0.42755060866986117
  |->  par_lens = 75, 75, 74
[TDSE] Running TDSE-SH-elliptical. step 85400, energy = -0.4275538852853487
  |->  par_lens = 75, 74, 73
[TDSE] Running TDSE-SH-elliptical. step 85600, energy = -0.42755694835599506
  |->  par_lens = 74, 73, 73
[TDSE] Running TDSE-SH-elliptical. step 85800, energy = -0.4275598014495012
  |->  par_lens = 74, 73, 73
[TDSE] Running TDSE-SH-elliptical. step 86000, energy = -0.4275624499893514
  |->  par_lens = 74, 73, 73
[TDSE] Running TDSE-SH-elliptical. step 86200, energy = -0.42756490138525804
  |->  par_lens = 74, 73, 73
