[ITP]: 10000.471108571397
[ITP]: 0.022107823405609905
[ITP]: 0.004976805475414736
[ITP]: 0.0021058954092971205
[ITP]: 0.001084104546129061
[ITP]: 0.0006160870179273692
[ITP]: 0.0003714642087823128
[ITP]: 0.00023286611963801995
[ITP]: 0.0001500123428329614
[ITP]: 9.857967926441003e-5
[ITP]: 6.57601184761436e-5
[ITP]: 4.43786526744816e-5
[ITP]: 3.022437766897479e-5
[ITP]: 2.0735965556739622e-5
[ITP]: 1.4311264988853267e-5
[ITP]: 9.92563006574354e-6
[ITP]: 6.9119921211058255e-6
[ITP]: 4.82976755122877e-6
[ITP]: 3.384510666504248e-6
[ITP]: 2.3775199649023193e-6
[ITP]: 1.6736194445865493e-6
[ITP]: 1.1802274751948616e-6
[ITP]: 8.335748883370186e-7
[ITP]: 5.895273362810372e-7
[ITP]: 4.174150680658073e-7
[ITP]: 2.958509506267859e-7
[ITP]: 2.098764437796774e-7
[ITP]: 1.4900242706339384e-7
[ITP]: 1.0585745457980522e-7
[ITP]: 7.525113565609587e-8
[ITP]: 5.352267851144177e-8
[ITP]: 3.808635307134267e-8
[ITP]: 2.7113442158110956e-8
[ITP]: 1.9309163601377577e-8
[ITP]: 1.3755872219078924e-8
[ITP]: 9.802639699962867e-9
Energy of ground state: -0.5030607411950042
[TDSE] Start TDSE-SH for elliptical polarized laser. It may cost a plenty of time.
[TDSE] Running TDSE-SH-elliptical. step 0, energy = -0.5030607411950033
  |->  par_lens = 1, 1, 1
[TDSE] Running TDSE-SH-elliptical. step 200, energy = -0.5030607411948621
  |->  par_lens = 1, 1, 1
[TDSE] Running TDSE-SH-elliptical. step 400, energy = -0.5030607411947172
  |->  par_lens = 1, 1, 2
[TDSE] Running TDSE-SH-elliptical. step 600, energy = -0.5030607411944764
  |->  par_lens = 1, 1, 2
[TDSE] Running TDSE-SH-elliptical. step 800, energy = -0.5030607411939122
  |->  par_lens = 1, 1, 2
[TDSE] Running TDSE-SH-elliptical. step 1000, energy = -0.5030607411922318
  |->  par_lens = 1, 1, 2
[TDSE] Running TDSE-SH-elliptical. step 1200, energy = -0.5030607411880177
  |->  par_lens = 1, 1, 2
[TDSE] Running TDSE-SH-elliptical. step 1400, energy = -0.5030607411784208
  |->  par_lens = 1, 1, 2
[TDSE] Running TDSE-SH-elliptical. step 1600, energy = -0.5030607411593959
  |->  par_lens = 1, 1, 2
[TDSE] Running TDSE-SH-elliptical. step 1800, energy = -0.503060741124043
  |->  par_lens = 1, 1, 2
[TDSE] Running TDSE-SH-elliptical. step 2000, energy = -0.5030607410636224
  |->  par_lens = 1, 1, 2
[TDSE] Running TDSE-SH-elliptical. step 2200, energy = -0.5030607409647122
  |->  par_lens = 1, 1, 2
[TDSE] Running TDSE-SH-elliptical. step 2400, energy = -0.503060740811582
  |->  par_lens = 1, 1, 2
[TDSE] Running TDSE-SH-elliptical. step 2600, energy = -0.5030607405815894
  |->  par_lens = 1, 1, 2
[TDSE] Running TDSE-SH-elliptical. step 2800, energy = -0.5030607402498793
  |->  par_lens = 1, 1, 2
[TDSE] Running TDSE-SH-elliptical. step 3000, energy = -0.5030607397809052
  |->  par_lens = 1, 1, 2
[TDSE] Running TDSE-SH-elliptical. step 3200, energy = -0.5030607391405402
  |->  par_lens = 1, 1, 2
[TDSE] Running TDSE-SH-elliptical. step 3400, energy = -0.5030607382755158
  |->  par_lens = 1, 1, 2
[TDSE] Running TDSE-SH-elliptical. step 3600, energy = -0.5030607371416844
  |->  par_lens = 1, 1, 2
[TDSE] Running TDSE-SH-elliptical. step 3800, energy = -0.5030607356669744
  |->  par_lens = 1, 1, 2
[TDSE] Running TDSE-SH-elliptical. step 4000, energy = -0.5030607337967744
  |->  par_lens = 1, 1, 2
[TDSE] Running TDSE-SH-elliptical. step 4200, energy = -0.5030607314323374
  |->  par_lens = 1, 1, 2
[TDSE] Running TDSE-SH-elliptical. step 4400, energy = -0.5030607285189619
  |->  par_lens = 1, 1, 2
[TDSE] Running TDSE-SH-elliptical. step 4600, energy = -0.5030607249285666
  |->  par_lens = 1, 1, 2
[TDSE] Running TDSE-SH-elliptical. step 4800, energy = -0.5030607205916634
  |->  par_lens = 1, 1, 2
[TDSE] Running TDSE-SH-elliptical. step 5000, energy = -0.5030607153761038
  |->  par_lens = 1, 1, 2
[TDSE] Running TDSE-SH-elliptical. step 5200, energy = -0.503060709189023
  |->  par_lens = 1, 2, 2
[TDSE] Running TDSE-SH-elliptical. step 5400, energy = -0.5030607018853721
  |->  par_lens = 2, 2, 2
[TDSE] Running TDSE-SH-elliptical. step 5600, energy = -0.5030606933605094
  |->  par_lens = 2, 2, 2
[TDSE] Running TDSE-SH-elliptical. step 5800, energy = -0.5030606834830383
  |->  par_lens = 2, 2, 2
[TDSE] Running TDSE-SH-elliptical. step 6000, energy = -0.5030606720839417
  |->  par_lens = 2, 2, 2
[TDSE] Running TDSE-SH-elliptical. step 6200, energy = -0.5030606591142615
  |->  par_lens = 2, 2, 2
[TDSE] Running TDSE-SH-elliptical. step 6400, energy = -0.503060644303564
  |->  par_lens = 2, 2, 2
[TDSE] Running TDSE-SH-elliptical. step 6600, energy = -0.5030606276812669
  |->  par_lens = 2, 2, 2
[TDSE] Running TDSE-SH-elliptical. step 6800, energy = -0.5030606089496645
  |->  par_lens = 2, 2, 2
[TDSE] Running TDSE-SH-elliptical. step 7000, energy = -0.5030605881614314
  |->  par_lens = 2, 2, 2
[TDSE] Running TDSE-SH-elliptical. step 7200, energy = -0.5030605649329828
  |->  par_lens = 2, 2, 2
[TDSE] Running TDSE-SH-elliptical. step 7400, energy = -0.5030605395301413
  |->  par_lens = 2, 2, 2
[TDSE] Running TDSE-SH-elliptical. step 7600, energy = -0.5030605114231114
  |->  par_lens = 2, 2, 2
[TDSE] Running TDSE-SH-elliptical. step 7800, energy = -0.5030604808425153
  |->  par_lens = 2, 2, 2
[TDSE] Running TDSE-SH-elliptical. step 8000, energy = -0.5030604475029778
  |->  par_lens = 2, 2, 2
[TDSE] Running TDSE-SH-elliptical. step 8200, energy = -0.5030604115267439
  |->  par_lens = 2, 2, 2
[TDSE] Running TDSE-SH-elliptical. step 8400, energy = -0.5030603725878635
  |->  par_lens = 2, 2, 2
[TDSE] Running TDSE-SH-elliptical. step 8600, energy = -0.5030603309031582
  |->  par_lens = 2, 2, 2
[TDSE] Running TDSE-SH-elliptical. step 8800, energy = -0.5030602863520618
  |->  par_lens = 2, 2, 2
[TDSE] Running TDSE-SH-elliptical. step 9000, energy = -0.5030602388257074
  |->  par_lens = 2, 2, 2
[TDSE] Running TDSE-SH-elliptical. step 9200, energy = -0.5030601886111158
  |->  par_lens = 2, 2, 2
[TDSE] Running TDSE-SH-elliptical. step 9400, energy = -0.503060135305032
  |->  par_lens = 2, 2, 2
[TDSE] Running TDSE-SH-elliptical. step 9600, energy = -0.5030600795086817
  |->  par_lens = 2, 2, 2
[TDSE] Running TDSE-SH-elliptical. step 9800, energy = -0.503060020770963
  |->  par_lens = 2, 2, 2
[TDSE] Running TDSE-SH-elliptical. step 10000, energy = -0.5030599596683712
  |->  par_lens = 2, 2, 2
[TDSE] Running TDSE-SH-elliptical. step 10200, energy = -0.5030598583491723
  |->  par_lens = 2, 2, 2
[TDSE] Running TDSE-SH-elliptical. step 10400, energy = -0.5030593447931194
  |->  par_lens = 2, 2, 2
[TDSE] Running TDSE-SH-elliptical. step 10600, energy = -0.5030587568171165
  |->  par_lens = 2, 2, 2
[TDSE] Running TDSE-SH-elliptical. step 10800, energy = -0.503059405729626
  |->  par_lens = 2, 2, 2
[TDSE] Running TDSE-SH-elliptical. step 11000, energy = -0.503056561018349
  |->  par_lens = 2, 2, 2
[TDSE] Running TDSE-SH-elliptical. step 11200, energy = -0.503029113725984
  |->  par_lens = 4, 3, 3
[TDSE] Running TDSE-SH-elliptical. step 11400, energy = -0.5029585017202343
  |->  par_lens = 4, 3, 3
[TDSE] Running TDSE-SH-elliptical. step 11600, energy = -0.5028820975284959
  |->  par_lens = 5, 4, 4
[TDSE] Running TDSE-SH-elliptical. step 11800, energy = -0.5028926980219653
  |->  par_lens = 4, 5, 4
[TDSE] Running TDSE-SH-elliptical. step 12000, energy = -0.5029768137973782
  |->  par_lens = 4, 4, 3
[TDSE] Running TDSE-SH-elliptical. step 12200, energy = -0.5028818590955982
  |->  par_lens = 4, 4, 4
[TDSE] Running TDSE-SH-elliptical. step 12400, energy = -0.5023180652599196
  |->  par_lens = 5, 5, 6
[TDSE] Running TDSE-SH-elliptical. step 12600, energy = -0.50147688692916
  |->  par_lens = 7, 7, 7
[TDSE] Running TDSE-SH-elliptical. step 12800, energy = -0.5011274401198411
  |->  par_lens = 7, 7, 7
[TDSE] Running TDSE-SH-elliptical. step 13000, energy = -0.5017822661727315
  |->  par_lens = 6, 6, 7
[TDSE] Running TDSE-SH-elliptical. step 13200, energy = -0.5026166965120208
  |->  par_lens = 6, 5, 6
[TDSE] Running TDSE-SH-elliptical. step 13400, energy = -0.5019178206289016
  |->  par_lens = 6, 6, 7
[TDSE] Running TDSE-SH-elliptical. step 13600, energy = -0.49920364552222624
  |->  par_lens = 9, 9, 8
[TDSE] Running TDSE-SH-elliptical. step 13800, energy = -0.4966539657030961
  |->  par_lens = 10, 10, 10
[TDSE] Running TDSE-SH-elliptical. step 14000, energy = -0.49718883907552347
  |->  par_lens = 10, 10, 10
[TDSE] Running TDSE-SH-elliptical. step 14200, energy = -0.5003701041649953
  |->  par_lens = 11, 11, 12
[TDSE] Running TDSE-SH-elliptical. step 14400, energy = -0.5014970296754547
  |->  par_lens = 12, 11, 12
[TDSE] Running TDSE-SH-elliptical. step 14600, energy = -0.49648588027949053
  |->  par_lens = 11, 12, 11
[TDSE] Running TDSE-SH-elliptical. step 14800, energy = -0.4881214465156868
  |->  par_lens = 15, 13, 14
[TDSE] Running TDSE-SH-elliptical. step 15000, energy = -0.4846834880567988
  |->  par_lens = 17, 17, 16
[TDSE] Running TDSE-SH-elliptical. step 15200, energy = -0.49066888481757215
  |->  par_lens = 18, 18, 18
[TDSE] Running TDSE-SH-elliptical. step 15400, energy = -0.49897273248121976
  |->  par_lens = 20, 20, 21
[TDSE] Running TDSE-SH-elliptical. step 15600, energy = -0.4970520977318948
  |->  par_lens = 21, 20, 21
[TDSE] Running TDSE-SH-elliptical. step 15800, energy = -0.4820878053736284
  |->  par_lens = 19, 19, 20
[TDSE] Running TDSE-SH-elliptical. step 16000, energy = -0.46782105491419046
  |->  par_lens = 25, 23, 23
[TDSE] Running TDSE-SH-elliptical. step 16200, energy = -0.470310869418354
  |->  par_lens = 28, 28, 27
[TDSE] Running TDSE-SH-elliptical. step 16400, energy = -0.48752173982467495
  |->  par_lens = 32, 32, 32
[TDSE] Running TDSE-SH-elliptical. step 16600, energy = -0.49682879164586896
  |->  par_lens = 34, 33, 33
[TDSE] Running TDSE-SH-elliptical. step 16800, energy = -0.4800344609320721
  |->  par_lens = 34, 35, 34
[TDSE] Running TDSE-SH-elliptical. step 17000, energy = -0.44855801338780044
  |->  par_lens = 34, 29, 32
[TDSE] Running TDSE-SH-elliptical. step 17200, energy = -0.43527960784873543
  |->  par_lens = 40, 41, 40
[TDSE] Running TDSE-SH-elliptical. step 17400, energy = -0.4560777963453461
  |->  par_lens = 49, 50, 49
[TDSE] Running TDSE-SH-elliptical. step 17600, energy = -0.4873249372126443
  |->  par_lens = 59, 56, 56
[TDSE] Running TDSE-SH-elliptical. step 17800, energy = -0.4864327781717221
  |->  par_lens = 60, 57, 58
[TDSE] Running TDSE-SH-elliptical. step 18000, energy = -0.4440565078634221
  |->  par_lens = 53, 52, 55
[TDSE] Running TDSE-SH-elliptical. step 18200, energy = -0.4024371576687916
  |->  par_lens = 50, 51, 51
[TDSE] Running TDSE-SH-elliptical. step 18400, energy = -0.4080501584703347
  |->  par_lens = 68, 69, 70
[TDSE] Running TDSE-SH-elliptical. step 18600, energy = -0.45607103710989333
  |->  par_lens = 84, 85, 83
[TDSE] Running TDSE-SH-elliptical. step 18800, energy = -0.4869999875778052
  |->  par_lens = 90, 91, 91
[TDSE] Running TDSE-SH-elliptical. step 19000, energy = -0.4514896353248702
  |->  par_lens = 93, 91, 90
[TDSE] Running TDSE-SH-elliptical. step 19200, energy = -0.37765358125086107
  |->  par_lens = 76, 76, 71
[TDSE] Running TDSE-SH-elliptical. step 19400, energy = -0.3460772190723314
  |->  par_lens = 85, 86, 85
[TDSE] Running TDSE-SH-elliptical. step 19600, energy = -0.3903041050891326
  |->  par_lens = 117, 114, 113
[TDSE] Running TDSE-SH-elliptical. step 19800, energy = -0.4641788341895186
  |->  par_lens = 139, 136, 136
[TDSE] Running TDSE-SH-elliptical. step 20000, energy = -0.4706252808137691
  |->  par_lens = 143, 142, 142
[TDSE] Running TDSE-SH-elliptical. step 20200, energy = -0.3873197364924533
  |->  par_lens = 140, 137, 138
[TDSE] Running TDSE-SH-elliptical. step 20400, energy = -0.30337652456970826
  |->  par_lens = 112, 107, 108
[TDSE] Running TDSE-SH-elliptical. step 20600, energy = -0.3137587808074669
  |->  par_lens = 139, 132, 135
[TDSE] Running TDSE-SH-elliptical. step 20800, energy = -0.4031651845381638
  |->  par_lens = 177, 179, 178
[TDSE] Running TDSE-SH-elliptical. step 21000, energy = -0.47134960449101243
  |->  par_lens = 197, 195, 198
[TDSE] Running TDSE-SH-elliptical. step 21200, energy = -0.4158281226245563
  |->  par_lens = 201, 202, 202
[TDSE] Running TDSE-SH-elliptical. step 21400, energy = -0.2863586020878289
  |->  par_lens = 179, 178, 175
[TDSE] Running TDSE-SH-elliptical. step 21600, energy = -0.23176304646631263
  |->  par_lens = 164, 156, 157
[TDSE] Running TDSE-SH-elliptical. step 21800, energy = -0.30267030527684136
  |->  par_lens = 221, 218, 218
[TDSE] Running TDSE-SH-elliptical. step 22000, energy = -0.42865917464984027
  |->  par_lens = 265, 269, 266
[TDSE] Running TDSE-SH-elliptical. step 22200, energy = -0.45170322953584974
  |->  par_lens = 276, 276, 280
[TDSE] Running TDSE-SH-elliptical. step 22400, energy = -0.3248881007955039
  |->  par_lens = 273, 275, 267
[TDSE] Running TDSE-SH-elliptical. step 22600, energy = -0.19230444160234994
  |->  par_lens = 225, 220, 228
[TDSE] Running TDSE-SH-elliptical. step 22800, energy = -0.21150803019289224
  |->  par_lens = 251, 244, 241
[TDSE] Running TDSE-SH-elliptical. step 23000, energy = -0.33595957222116113
  |->  par_lens = 309, 312, 308
[TDSE] Running TDSE-SH-elliptical. step 23200, energy = -0.4473305752748708
  |->  par_lens = 341, 343, 345
[TDSE] Running TDSE-SH-elliptical. step 23400, energy = -0.3812248488335113
  |->  par_lens = 343, 339, 343
[TDSE] Running TDSE-SH-elliptical. step 23600, energy = -0.19989208015148566
  |->  par_lens = 311, 302, 309
[TDSE] Running TDSE-SH-elliptical. step 23800, energy = -0.12200482875330695
  |->  par_lens = 262, 272, 267
[TDSE] Running TDSE-SH-elliptical. step 24000, energy = -0.218762266595772
  |->  par_lens = 342, 333, 336
[TDSE] Running TDSE-SH-elliptical. step 24200, energy = -0.3825955291581505
  |->  par_lens = 411, 408, 409
[TDSE] Running TDSE-SH-elliptical. step 24400, energy = -0.42703337803365415
  |->  par_lens = 426, 424, 424
[TDSE] Running TDSE-SH-elliptical. step 24600, energy = -0.27545751312562144
  |->  par_lens = 410, 411, 406
[TDSE] Running TDSE-SH-elliptical. step 24800, energy = -0.1043129666481982
  |->  par_lens = 351, 354, 346
[TDSE] Running TDSE-SH-elliptical. step 25000, energy = -0.12963818129993673
  |->  par_lens = 363, 359, 356
[TDSE] Running TDSE-SH-elliptical. step 25200, energy = -0.2717836359391576
  |->  par_lens = 429, 429, 424
[TDSE] Running TDSE-SH-elliptical. step 25400, energy = -0.41300546399817556
  |->  par_lens = 466, 467, 466
[TDSE] Running TDSE-SH-elliptical. step 25600, energy = -0.35117518746462395
  |->  par_lens = 466, 465, 470
[TDSE] Running TDSE-SH-elliptical. step 25800, energy = -0.1502844747509943
  |->  par_lens = 445, 437, 437
[TDSE] Running TDSE-SH-elliptical. step 26000, energy = -0.05497131910967798
  |->  par_lens = 420, 403, 415
[TDSE] Running TDSE-SH-elliptical. step 26200, energy = -0.1635499222085672
  |->  par_lens = 448, 437, 440
[TDSE] Running TDSE-SH-elliptical. step 26400, energy = -0.33613071509302633
  |->  par_lens = 498, 494, 492
[TDSE] Running TDSE-SH-elliptical. step 26600, energy = -0.39838030428939974
  |->  par_lens = 511, 507, 506
[TDSE] Running TDSE-SH-elliptical. step 26800, energy = -0.25383891374128614
  |->  par_lens = 506, 502, 501
[TDSE] Running TDSE-SH-elliptical. step 27000, energy = -0.07490387308590174
  |->  par_lens = 483, 484, 490
[TDSE] Running TDSE-SH-elliptical. step 27200, energy = -0.09911768173931239
  |->  par_lens = 481, 481, 480
[TDSE] Running TDSE-SH-elliptical. step 27400, energy = -0.23297088563465762
  |->  par_lens = 504, 512, 510
[TDSE] Running TDSE-SH-elliptical. step 27600, energy = -0.3785828273662222
  |->  par_lens = 518, 517, 518
[TDSE] Running TDSE-SH-elliptical. step 27800, energy = -0.334052916478059
  |->  par_lens = 517, 523, 521
[TDSE] Running TDSE-SH-elliptical. step 28000, energy = -0.15009460596869964
  |->  par_lens = 513, 516, 510
[TDSE] Running TDSE-SH-elliptical. step 28200, energy = -0.05889052027225473
  |->  par_lens = 496, 491, 496
[TDSE] Running TDSE-SH-elliptical. step 28400, energy = -0.1521932539043532
  |->  par_lens = 516, 517, 516
[TDSE] Running TDSE-SH-elliptical. step 28600, energy = -0.30991645934014267
  |->  par_lens = 532, 533, 526
[TDSE] Running TDSE-SH-elliptical. step 28800, energy = -0.3765945212750032
  |->  par_lens = 537, 535, 530
[TDSE] Running TDSE-SH-elliptical. step 29000, energy = -0.2603782746312031
  |->  par_lens = 536, 532, 531
[TDSE] Running TDSE-SH-elliptical. step 29200, energy = -0.1116802900385572
  |->  par_lens = 523, 524, 519
[TDSE] Running TDSE-SH-elliptical. step 29400, energy = -0.12437260691206614
  |->  par_lens = 521, 518, 511
[TDSE] Running TDSE-SH-elliptical. step 29600, energy = -0.2316738863068941
  |->  par_lens = 527, 525, 529
[TDSE] Running TDSE-SH-elliptical. step 29800, energy = -0.3620749978683251
  |->  par_lens = 537, 531, 539
[TDSE] Running TDSE-SH-elliptical. step 30000, energy = -0.33692643533713856
  |->  par_lens = 537, 534, 541
[TDSE] Running TDSE-SH-elliptical. step 30200, energy = -0.19609976898544404
  |->  par_lens = 527, 530, 534
[TDSE] Running TDSE-SH-elliptical. step 30400, energy = -0.1236969111040316
  |->  par_lens = 524, 527, 527
[TDSE] Running TDSE-SH-elliptical. step 30600, energy = -0.18507881256840747
  |->  par_lens = 533, 542, 539
[TDSE] Running TDSE-SH-elliptical. step 30800, energy = -0.31068146241430267
  |->  par_lens = 541, 543, 543
[TDSE] Running TDSE-SH-elliptical. step 31000, energy = -0.37257810205710185
  |->  par_lens = 543, 543, 546
[TDSE] Running TDSE-SH-elliptical. step 31200, energy = -0.29814048309554003
  |->  par_lens = 545, 541, 542
[TDSE] Running TDSE-SH-elliptical. step 31400, energy = -0.19653982921908134
  |->  par_lens = 538, 539, 531
[TDSE] Running TDSE-SH-elliptical. step 31600, energy = -0.1909455868815943
  |->  par_lens = 526, 522, 526
[TDSE] Running TDSE-SH-elliptical. step 31800, energy = -0.27371661266177905
  |->  par_lens = 538, 538, 532
[TDSE] Running TDSE-SH-elliptical. step 32000, energy = -0.3689665294233614
  |->  par_lens = 542, 542, 541
[TDSE] Running TDSE-SH-elliptical. step 32200, energy = -0.3584157753742532
  |->  par_lens = 543, 545, 538
[TDSE] Running TDSE-SH-elliptical. step 32400, energy = -0.2674099061887205
  |->  par_lens = 541, 542, 539
[TDSE] Running TDSE-SH-elliptical. step 32600, energy = -0.2200895521535777
  |->  par_lens = 537, 530, 532
[TDSE] Running TDSE-SH-elliptical. step 32800, energy = -0.2557924071279957
  |->  par_lens = 543, 544, 541
[TDSE] Running TDSE-SH-elliptical. step 33000, energy = -0.33827246036654796
  |->  par_lens = 548, 544, 547
[TDSE] Running TDSE-SH-elliptical. step 33200, energy = -0.3831668110411161
  |->  par_lens = 547, 545, 548
[TDSE] Running TDSE-SH-elliptical. step 33400, energy = -0.34410930460376643
  |->  par_lens = 544, 543, 548
[TDSE] Running TDSE-SH-elliptical. step 33600, energy = -0.2849048201826663
  |->  par_lens = 538, 542, 541
[TDSE] Running TDSE-SH-elliptical. step 33800, energy = -0.2809619766037619
  |->  par_lens = 534, 536, 532
[TDSE] Running TDSE-SH-elliptical. step 34000, energy = -0.3258636168181792
  |->  par_lens = 533, 546, 528
[TDSE] Running TDSE-SH-elliptical. step 34200, energy = -0.3802853032608782
  |->  par_lens = 537, 540, 538
[TDSE] Running TDSE-SH-elliptical. step 34400, energy = -0.3800844975534536
  |->  par_lens = 534, 541, 535
[TDSE] Running TDSE-SH-elliptical. step 34600, energy = -0.33746454798685654
  |->  par_lens = 538, 540, 530
[TDSE] Running TDSE-SH-elliptical. step 34800, energy = -0.30544266781815926
  |->  par_lens = 527, 536, 527
[TDSE] Running TDSE-SH-elliptical. step 35000, energy = -0.3252794939255656
  |->  par_lens = 528, 532, 536
[TDSE] Running TDSE-SH-elliptical. step 35200, energy = -0.36673415471119225
  |->  par_lens = 534, 533, 534
[TDSE] Running TDSE-SH-elliptical. step 35400, energy = -0.39182548482343127
  |->  par_lens = 532, 532, 528
[TDSE] Running TDSE-SH-elliptical. step 35600, energy = -0.37867053722515503
  |->  par_lens = 530, 524, 517
[TDSE] Running TDSE-SH-elliptical. step 35800, energy = -0.35537426706042086
  |->  par_lens = 516, 520, 512
[TDSE] Running TDSE-SH-elliptical. step 36000, energy = -0.3447373536594456
  |->  par_lens = 504, 491, 487
[TDSE] Running TDSE-SH-elliptical. step 36200, energy = -0.3731134197272968
  |->  par_lens = 467, 473, 466
[TDSE] Running TDSE-SH-elliptical. step 36400, energy = -0.39033908782235405
  |->  par_lens = 458, 467, 448
[TDSE] Running TDSE-SH-elliptical. step 36600, energy = -0.394346905833603
  |->  par_lens = 448, 447, 443
[TDSE] Running TDSE-SH-elliptical. step 36800, energy = -0.3768420763855085
  |->  par_lens = 431, 431, 430
[TDSE] Running TDSE-SH-elliptical. step 37000, energy = -0.36792098368178966
  |->  par_lens = 426, 422, 413
[TDSE] Running TDSE-SH-elliptical. step 37200, energy = -0.3720667726217356
  |->  par_lens = 417, 418, 411
[TDSE] Running TDSE-SH-elliptical. step 37400, energy = -0.3877039858509744
  |->  par_lens = 412, 416, 412
[TDSE] Running TDSE-SH-elliptical. step 37600, energy = -0.398741329960149
  |->  par_lens = 410, 407, 404
[TDSE] Running TDSE-SH-elliptical. step 37800, energy = -0.39594349827364345
  |->  par_lens = 396, 400, 398
[TDSE] Running TDSE-SH-elliptical. step 38000, energy = -0.38841999657204407
  |->  par_lens = 380, 384, 383
[TDSE] Running TDSE-SH-elliptical. step 38200, energy = -0.3894333260969583
  |->  par_lens = 363, 353, 354
[TDSE] Running TDSE-SH-elliptical. step 38400, energy = -0.39166237060475445
  |->  par_lens = 325, 325, 335
[TDSE] Running TDSE-SH-elliptical. step 38600, energy = -0.39976752699981366
  |->  par_lens = 307, 307, 305
[TDSE] Running TDSE-SH-elliptical. step 38800, energy = -0.39930571778218654
  |->  par_lens = 296, 301, 295
[TDSE] Running TDSE-SH-elliptical. step 39000, energy = -0.3965610840521893
  |->  par_lens = 287, 294, 282
[TDSE] Running TDSE-SH-elliptical. step 39200, energy = -0.39460253104049964
  |->  par_lens = 290, 292, 299
[TDSE] Running TDSE-SH-elliptical. step 39400, energy = -0.39485559500958534
  |->  par_lens = 302, 299, 296
[TDSE] Running TDSE-SH-elliptical. step 39600, energy = -0.3992586222217837
  |->  par_lens = 310, 301, 301
[TDSE] Running TDSE-SH-elliptical. step 39800, energy = -0.4004229526113562
  |->  par_lens = 304, 301, 303
[TDSE] Running TDSE-SH-elliptical. step 40000, energy = -0.4014406666363332
  |->  par_lens = 304, 298, 301
[TDSE] Running TDSE-SH-elliptical. step 40200, energy = -0.40102192082228744
  |->  par_lens = 302, 296, 298
[TDSE] Running TDSE-SH-elliptical. step 40400, energy = -0.40077403312442533
  |->  par_lens = 294, 291, 294
[TDSE] Running TDSE-SH-elliptical. step 40600, energy = -0.40179831885431627
  |->  par_lens = 288, 286, 287
[TDSE] Running TDSE-SH-elliptical. step 40800, energy = -0.40205533501891555
  |->  par_lens = 281, 282, 288
[TDSE] Running TDSE-SH-elliptical. step 41000, energy = -0.40224400115739317
  |->  par_lens = 277, 278, 283
[TDSE] Running TDSE-SH-elliptical. step 41200, energy = -0.4024838660210948
  |->  par_lens = 276, 276, 279
[TDSE] Running TDSE-SH-elliptical. step 41400, energy = -0.4021911442891772
  |->  par_lens = 278, 278, 279
[TDSE] Running TDSE-SH-elliptical. step 41600, energy = -0.4028240375257489
  |->  par_lens = 277, 280, 279
[TDSE] Running TDSE-SH-elliptical. step 41800, energy = -0.4030323246339441
  |->  par_lens = 277, 278, 278
[TDSE] Running TDSE-SH-elliptical. step 42000, energy = -0.4034730449642297
  |->  par_lens = 276, 278, 277
[TDSE] Running TDSE-SH-elliptical. step 42200, energy = -0.4036903051427233
  |->  par_lens = 275, 277, 277
[TDSE] Running TDSE-SH-elliptical. step 42400, energy = -0.4041716546277111
  |->  par_lens = 275, 277, 276
[TDSE] Running TDSE-SH-elliptical. step 42600, energy = -0.40440203338758335
  |->  par_lens = 275, 276, 276
[TDSE] Running TDSE-SH-elliptical. step 42800, energy = -0.40464970921297816
  |->  par_lens = 275, 276, 276
[TDSE] Running TDSE-SH-elliptical. step 43000, energy = -0.405004765584983
  |->  par_lens = 275, 274, 276
[TDSE] Running TDSE-SH-elliptical. step 43200, energy = -0.4053212226664827
  |->  par_lens = 274, 274, 274
[TDSE] Running TDSE-SH-elliptical. step 43400, energy = -0.40565108161960156
  |->  par_lens = 273, 273, 274
[TDSE] Running TDSE-SH-elliptical. step 43600, energy = -0.4059449870125227
  |->  par_lens = 273, 272, 274
[TDSE] Running TDSE-SH-elliptical. step 43800, energy = -0.40633621421502925
  |->  par_lens = 273, 271, 272
[TDSE] Running TDSE-SH-elliptical. step 44000, energy = -0.40657591527321313
  |->  par_lens = 271, 271, 272
[TDSE] Running TDSE-SH-elliptical. step 44200, energy = -0.40713427251950896
  |->  par_lens = 271, 271, 271
[TDSE] Running TDSE-SH-elliptical. step 44400, energy = -0.4074114512850577
  |->  par_lens = 271, 271, 271
[TDSE] Running TDSE-SH-elliptical. step 44600, energy = -0.4079434157920645
  |->  par_lens = 271, 269, 269
[TDSE] Running TDSE-SH-elliptical. step 44800, energy = -0.40798095069380386
  |->  par_lens = 269, 269, 269
[TDSE] Running TDSE-SH-elliptical. step 45000, energy = -0.40828157667004783
  |->  par_lens = 268, 268, 269
[TDSE] Running TDSE-SH-elliptical. step 45200, energy = -0.40846271049335336
  |->  par_lens = 267, 267, 268
[TDSE] Running TDSE-SH-elliptical. step 45400, energy = -0.40923816369286337
  |->  par_lens = 267, 267, 267
[TDSE] Running TDSE-SH-elliptical. step 45600, energy = -0.4095476976726585
  |->  par_lens = 266, 266, 267
[TDSE] Running TDSE-SH-elliptical. step 45800, energy = -0.4101261784208226
  |->  par_lens = 266, 265, 266
[TDSE] Running TDSE-SH-elliptical. step 46000, energy = -0.4101848269576042
  |->  par_lens = 263, 265, 263
[TDSE] Running TDSE-SH-elliptical. step 46200, energy = -0.4105525083021683
  |->  par_lens = 263, 264, 263
[TDSE] Running TDSE-SH-elliptical. step 46400, energy = -0.4107278720328006
  |->  par_lens = 263, 264, 263
[TDSE] Running TDSE-SH-elliptical. step 46600, energy = -0.41122319625817016
  |->  par_lens = 262, 264, 263
[TDSE] Running TDSE-SH-elliptical. step 46800, energy = -0.4113599088352562
  |->  par_lens = 261, 262, 262
[TDSE] Running TDSE-SH-elliptical. step 47000, energy = -0.41185781946116473
  |->  par_lens = 260, 259, 258
[TDSE] Running TDSE-SH-elliptical. step 47200, energy = -0.4121484693507538
  |->  par_lens = 261, 260, 258
[TDSE] Running TDSE-SH-elliptical. step 47400, energy = -0.41253146528596374
  |->  par_lens = 260, 259, 258
[TDSE] Running TDSE-SH-elliptical. step 47600, energy = -0.41280303788066164
  |->  par_lens = 260, 258, 258
[TDSE] Running TDSE-SH-elliptical. step 47800, energy = -0.4130790087424305
  |->  par_lens = 258, 255, 257
[TDSE] Running TDSE-SH-elliptical. step 48000, energy = -0.41335817904545874
  |->  par_lens = 254, 255, 254
[TDSE] Running TDSE-SH-elliptical. step 48200, energy = -0.4136584398361893
  |->  par_lens = 252, 253, 251
[TDSE] Running TDSE-SH-elliptical. step 48400, energy = -0.4139803639839434
  |->  par_lens = 252, 253, 251
[TDSE] Running TDSE-SH-elliptical. step 48600, energy = -0.4142194294535295
  |->  par_lens = 251, 253, 251
[TDSE] Running TDSE-SH-elliptical. step 48800, energy = -0.41468524090826686
  |->  par_lens = 251, 253, 251
[TDSE] Running TDSE-SH-elliptical. step 49000, energy = -0.4147348560732118
  |->  par_lens = 250, 253, 250
[TDSE] Running TDSE-SH-elliptical. step 49200, energy = -0.4150747956723342
  |->  par_lens = 250, 251, 249
[TDSE] Running TDSE-SH-elliptical. step 49400, energy = -0.41517035560218396
  |->  par_lens = 247, 248, 247
[TDSE] Running TDSE-SH-elliptical. step 49600, energy = -0.4155403022602837
  |->  par_lens = 244, 246, 244
[TDSE] Running TDSE-SH-elliptical. step 49800, energy = -0.41559711617335365
  |->  par_lens = 245, 246, 244
[TDSE] Running TDSE-SH-elliptical. step 50000, energy = -0.41614074708943166
  |->  par_lens = 244, 246, 244
[TDSE] Running TDSE-SH-elliptical. step 50200, energy = -0.41618841474238855
  |->  par_lens = 244, 246, 244
[TDSE] Running TDSE-SH-elliptical. step 50400, energy = -0.41666323792160526
  |->  par_lens = 244, 245, 244
[TDSE] Running TDSE-SH-elliptical. step 50600, energy = -0.4166961738674691
  |->  par_lens = 244, 245, 244
[TDSE] Running TDSE-SH-elliptical. step 50800, energy = -0.4171456610106735
  |->  par_lens = 244, 245, 244
[TDSE] Running TDSE-SH-elliptical. step 51000, energy = -0.4172583442816912
  |->  par_lens = 243, 243, 244
[TDSE] Running TDSE-SH-elliptical. step 51200, energy = -0.4176560239897094
  |->  par_lens = 242, 241, 243
[TDSE] Running TDSE-SH-elliptical. step 51400, energy = -0.41758987122985963
  |->  par_lens = 238, 240, 241
[TDSE] Running TDSE-SH-elliptical. step 51600, energy = -0.41795468497238686
  |->  par_lens = 237, 237, 238
[TDSE] Running TDSE-SH-elliptical. step 51800, energy = -0.4179643040806127
  |->  par_lens = 237, 237, 237
[TDSE] Running TDSE-SH-elliptical. step 52000, energy = -0.4181762921742187
  |->  par_lens = 237, 236, 237
[TDSE] Running TDSE-SH-elliptical. step 52200, energy = -0.41830493125071117
  |->  par_lens = 237, 236, 237
[TDSE] Running TDSE-SH-elliptical. step 52400, energy = -0.418554086394211
  |->  par_lens = 237, 237, 237
[TDSE] Running TDSE-SH-elliptical. step 52600, energy = -0.4186979296045829
  |->  par_lens = 237, 236, 237
[TDSE] Running TDSE-SH-elliptical. step 52800, energy = -0.41899168815579774
  |->  par_lens = 237, 236, 237
[TDSE] Running TDSE-SH-elliptical. step 53000, energy = -0.4192181905906435
  |->  par_lens = 237, 236, 237
[TDSE] Running TDSE-SH-elliptical. step 53200, energy = -0.419354610916398
  |->  par_lens = 236, 236, 234
[TDSE] Running TDSE-SH-elliptical. step 53400, energy = -0.41970574386023674
  |->  par_lens = 235, 233, 234
[TDSE] Running TDSE-SH-elliptical. step 53600, energy = -0.4198116655465758
  |->  par_lens = 231, 231, 232
[TDSE] Running TDSE-SH-elliptical. step 53800, energy = -0.4201234125153518
  |->  par_lens = 229, 231, 229
[TDSE] Running TDSE-SH-elliptical. step 54000, energy = -0.4201509703909614
  |->  par_lens = 229, 230, 227
[TDSE] Running TDSE-SH-elliptical. step 54200, energy = -0.4204143888980927
  |->  par_lens = 229, 231, 226
[TDSE] Running TDSE-SH-elliptical. step 54400, energy = -0.4203658194230762
  |->  par_lens = 229, 229, 226
[TDSE] Running TDSE-SH-elliptical. step 54600, energy = -0.42070113307520585
  |->  par_lens = 229, 229, 226
[TDSE] Running TDSE-SH-elliptical. step 54800, energy = -0.42053344990581787
  |->  par_lens = 229, 229, 226
[TDSE] Running TDSE-SH-elliptical. step 55000, energy = -0.42093330439938764
  |->  par_lens = 229, 229, 226
[TDSE] Running TDSE-SH-elliptical. step 55200, energy = -0.4209027372208852
  |->  par_lens = 229, 229, 226
[TDSE] Running TDSE-SH-elliptical. step 55400, energy = -0.42120711167940855
  |->  par_lens = 229, 230, 226
[TDSE] Running TDSE-SH-elliptical. step 55600, energy = -0.4211633906568416
  |->  par_lens = 229, 229, 226
[TDSE] Running TDSE-SH-elliptical. step 55800, energy = -0.42158227827291667
  |->  par_lens = 229, 229, 226
[TDSE] Running TDSE-SH-elliptical. step 56000, energy = -0.42147540014608603
  |->  par_lens = 229, 229, 226
[TDSE] Running TDSE-SH-elliptical. step 56200, energy = -0.4218444519227761
  |->  par_lens = 229, 229, 226
[TDSE] Running TDSE-SH-elliptical. step 56400, energy = -0.42185414504825675
  |->  par_lens = 228, 225, 224
[TDSE] Running TDSE-SH-elliptical. step 56600, energy = -0.42214267094701335
  |->  par_lens = 225, 222, 223
[TDSE] Running TDSE-SH-elliptical. step 56800, energy = -0.4222070582848939
  |->  par_lens = 222, 220, 222
[TDSE] Running TDSE-SH-elliptical. step 57000, energy = -0.4224722410133236
  |->  par_lens = 221, 220, 219
[TDSE] Running TDSE-SH-elliptical. step 57200, energy = -0.4225228356002172
  |->  par_lens = 220, 220, 218
[TDSE] Running TDSE-SH-elliptical. step 57400, energy = -0.4227288079541554
  |->  par_lens = 220, 219, 218
[TDSE] Running TDSE-SH-elliptical. step 57600, energy = -0.42274043394240846
  |->  par_lens = 220, 219, 218
[TDSE] Running TDSE-SH-elliptical. step 57800, energy = -0.42278221583548775
  |->  par_lens = 219, 219, 218
[TDSE] Running TDSE-SH-elliptical. step 58000, energy = -0.4229450083459942
  |->  par_lens = 219, 218, 217
[TDSE] Running TDSE-SH-elliptical. step 58200, energy = -0.42287556841511315
  |->  par_lens = 219, 218, 217
[TDSE] Running TDSE-SH-elliptical. step 58400, energy = -0.42298954010608136
  |->  par_lens = 219, 218, 217
[TDSE] Running TDSE-SH-elliptical. step 58600, energy = -0.4230072006456971
  |->  par_lens = 219, 218, 217
[TDSE] Running TDSE-SH-elliptical. step 58800, energy = -0.42318280167524247
  |->  par_lens = 218, 218, 217
[TDSE] Running TDSE-SH-elliptical. step 59000, energy = -0.42306024821479077
  |->  par_lens = 218, 218, 217
[TDSE] Running TDSE-SH-elliptical. step 59200, energy = -0.42336982796154093
  |->  par_lens = 218, 218, 217
  Activating project at `~/JuliaProp_v0.1`
[TDSE] Running TDSE-SH-elliptical. step 59400, energy = -0.4232235735617103
  |->  par_lens = 218, 218, 217
[TDSE] Running TDSE-SH-elliptical. step 59600, energy = -0.4235354789067048
  |->  par_lens = 218, 218, 217
[TDSE] Running TDSE-SH-elliptical. step 59800, energy = -0.42344338969545015
  |->  par_lens = 218, 218, 217
[TDSE] Running TDSE-SH-elliptical. step 60000, energy = -0.4237442756288224
  |->  par_lens = 217, 218, 217
[TDSE] Running TDSE-SH-elliptical. step 60200, energy = -0.42366201636189416
  |->  par_lens = 218, 218, 217
[TDSE] Running TDSE-SH-elliptical. step 60400, energy = -0.4240523922464632
  |->  par_lens = 217, 218, 217
[TDSE] Running TDSE-SH-elliptical. step 60600, energy = -0.4239296146292847
  |->  par_lens = 217, 218, 217
[TDSE] Running TDSE-SH-elliptical. step 60800, energy = -0.42432719370929917
  |->  par_lens = 217, 218, 217
[TDSE] Running TDSE-SH-elliptical. step 61000, energy = -0.42426651088544665
  |->  par_lens = 217, 217, 217
[TDSE] Running TDSE-SH-elliptical. step 61200, energy = -0.42454349272341724
  |->  par_lens = 216, 217, 217
[TDSE] Running TDSE-SH-elliptical. step 61400, energy = -0.4245571585099307
  |->  par_lens = 216, 217, 217
[TDSE] Running TDSE-SH-elliptical. step 61600, energy = -0.42478693064073936
  |->  par_lens = 216, 217, 217
[TDSE] Running TDSE-SH-elliptical. step 61800, energy = -0.4246839787537543
  |->  par_lens = 216, 217, 216
[TDSE] Running TDSE-SH-elliptical. step 62000, energy = -0.42492289193948907
  |->  par_lens = 215, 217, 216
[TDSE] Running TDSE-SH-elliptical. step 62200, energy = -0.42491441803585345
  |->  par_lens = 216, 214, 215
[TDSE] Running TDSE-SH-elliptical. step 62400, energy = -0.4249277260159745
  |->  par_lens = 214, 214, 215
[TDSE] Running TDSE-SH-elliptical. step 62600, energy = -0.42500938458280496
  |->  par_lens = 212, 213, 215
[TDSE] Running TDSE-SH-elliptical. step 62800, energy = -0.42504943195064504
  |->  par_lens = 211, 213, 211
[TDSE] Running TDSE-SH-elliptical. step 63000, energy = -0.42511910952555226
  |->  par_lens = 210, 210, 209
[TDSE] Running TDSE-SH-elliptical. step 63200, energy = -0.42509393788007055
  |->  par_lens = 208, 210, 209
[TDSE] Running TDSE-SH-elliptical. step 63400, energy = -0.4252213261428084
  |->  par_lens = 209, 208, 208
[TDSE] Running TDSE-SH-elliptical. step 63600, energy = -0.4251660199396202
  |->  par_lens = 207, 207, 208
[TDSE] Running TDSE-SH-elliptical. step 63800, energy = -0.42540209940865514
  |->  par_lens = 207, 207, 207
[TDSE] Running TDSE-SH-elliptical. step 64000, energy = -0.42518921779999563
  |->  par_lens = 207, 207, 206
[TDSE] Running TDSE-SH-elliptical. step 64200, energy = -0.42544504407663897
  |->  par_lens = 207, 207, 206
[TDSE] Running TDSE-SH-elliptical. step 64400, energy = -0.4253433325662623
  |->  par_lens = 206, 207, 206
[TDSE] Running TDSE-SH-elliptical. step 64600, energy = -0.425528665649404
  |->  par_lens = 206, 207, 206
[TDSE] Running TDSE-SH-elliptical. step 64800, energy = -0.42533067982858125
  |->  par_lens = 206, 207, 206
[TDSE] Running TDSE-SH-elliptical. step 65000, energy = -0.42564152907772385
  |->  par_lens = 206, 207, 206
[TDSE] Running TDSE-SH-elliptical. step 65200, energy = -0.4253914885382149
  |->  par_lens = 205, 207, 206
[TDSE] Running TDSE-SH-elliptical. step 65400, energy = -0.425667482025978
  |->  par_lens = 205, 207, 205
[TDSE] Running TDSE-SH-elliptical. step 65600, energy = -0.42549756209822026
  |->  par_lens = 204, 206, 205
[TDSE] Running TDSE-SH-elliptical. step 65800, energy = -0.42567868936317005
  |->  par_lens = 204, 206, 205
[TDSE] Running TDSE-SH-elliptical. step 66000, energy = -0.425540840342216
  |->  par_lens = 204, 206, 205
[TDSE] Running TDSE-SH-elliptical. step 66200, energy = -0.42576697159663435
  |->  par_lens = 204, 205, 204
[TDSE] Running TDSE-SH-elliptical. step 66400, energy = -0.4255949281879139
  |->  par_lens = 204, 205, 205
[TDSE] Running TDSE-SH-elliptical. step 66600, energy = -0.42577737137186855
  |->  par_lens = 204, 205, 204
[TDSE] Running TDSE-SH-elliptical. step 66800, energy = -0.4256844255680098
  |->  par_lens = 204, 205, 204
[TDSE] Running TDSE-SH-elliptical. step 67000, energy = -0.42577862851951925
  |->  par_lens = 204, 205, 204
[TDSE] Running TDSE-SH-elliptical. step 67200, energy = -0.4258036486283515
  |->  par_lens = 204, 205, 204
[TDSE] Running TDSE-SH-elliptical. step 67400, energy = -0.42580062239270305
  |->  par_lens = 204, 205, 204
[TDSE] Running TDSE-SH-elliptical. step 67600, energy = -0.42580241259035306
  |->  par_lens = 204, 205, 204
[TDSE] Running TDSE-SH-elliptical. step 67800, energy = -0.42587318330719964
  |->  par_lens = 204, 205, 204
[TDSE] Running TDSE-SH-elliptical. step 68000, energy = -0.42592640617884575
  |->  par_lens = 204, 205, 204
[TDSE] Running TDSE-SH-elliptical. step 68200, energy = -0.4258216863595816
  |->  par_lens = 204, 205, 204
[TDSE] Running TDSE-SH-elliptical. step 68400, energy = -0.4260433680485047
  |->  par_lens = 204, 205, 204
[TDSE] Running TDSE-SH-elliptical. step 68600, energy = -0.42590560084260953
  |->  par_lens = 204, 205, 204
[TDSE] Running TDSE-SH-elliptical. step 68800, energy = -0.426084753540122
  |->  par_lens = 204, 205, 204
[TDSE] Running TDSE-SH-elliptical. step 69000, energy = -0.4259883038639836
  |->  par_lens = 204, 205, 204
[TDSE] Running TDSE-SH-elliptical. step 69200, energy = -0.42620716785079565
  |->  par_lens = 204, 205, 204
[TDSE] Running TDSE-SH-elliptical. step 69400, energy = -0.4260306798006139
  |->  par_lens = 204, 205, 204
[TDSE] Running TDSE-SH-elliptical. step 69600, energy = -0.42632954928725475
  |->  par_lens = 204, 205, 204
[TDSE] Running TDSE-SH-elliptical. step 69800, energy = -0.42611953645062955
  |->  par_lens = 204, 205, 204
[TDSE] Running TDSE-SH-elliptical. step 70000, energy = -0.4264318132596165
  |->  par_lens = 204, 205, 204
[TDSE] Running TDSE-SH-elliptical. step 70200, energy = -0.42624581520807514
  |->  par_lens = 204, 205, 204
[TDSE] Running TDSE-SH-elliptical. step 70400, energy = -0.4264668678392043
  |->  par_lens = 204, 205, 204
[TDSE] Running TDSE-SH-elliptical. step 70600, energy = -0.42636393979993786
  |->  par_lens = 204, 205, 204
[TDSE] Running TDSE-SH-elliptical. step 70800, energy = -0.42662303161287757
  |->  par_lens = 204, 205, 204
[TDSE] Running TDSE-SH-elliptical. step 71000, energy = -0.4263922203310951
  |->  par_lens = 204, 205, 204
[TDSE] Running TDSE-SH-elliptical. step 71200, energy = -0.42666516959987916
  |->  par_lens = 204, 205, 204
[TDSE] Running TDSE-SH-elliptical. step 71400, energy = -0.426598309514349
  |->  par_lens = 204, 205, 204
[TDSE] Running TDSE-SH-elliptical. step 71600, energy = -0.42670205547514717
  |->  par_lens = 204, 205, 204
[TDSE] Running TDSE-SH-elliptical. step 71800, energy = -0.4266835415510855
  |->  par_lens = 204, 205, 203
[TDSE] Running TDSE-SH-elliptical. step 72000, energy = -0.4268123711244862
  |->  par_lens = 204, 204, 204
[TDSE] Running TDSE-SH-elliptical. step 72200, energy = -0.42679119697506507
  |->  par_lens = 203, 201, 204
[TDSE] Running TDSE-SH-elliptical. step 72400, energy = -0.42687585161987895
  |->  par_lens = 203, 202, 202
[TDSE] Running TDSE-SH-elliptical. step 72600, energy = -0.42691639841791684
  |->  par_lens = 202, 201, 202
[TDSE] Running TDSE-SH-elliptical. step 72800, energy = -0.42689423535213467
  |->  par_lens = 201, 200, 202
[TDSE] Running TDSE-SH-elliptical. step 73000, energy = -0.42706424083616035
  |->  par_lens = 202, 200, 202
[TDSE] Running TDSE-SH-elliptical. step 73200, energy = -0.42694862517585636
  |->  par_lens = 199, 200, 198
[TDSE] Running TDSE-SH-elliptical. step 73400, energy = -0.4271102393158468
  |->  par_lens = 200, 198, 198
[TDSE] Running TDSE-SH-elliptical. step 73600, energy = -0.4270335641914875
  |->  par_lens = 199, 198, 197
[TDSE] Running TDSE-SH-elliptical. step 73800, energy = -0.42719571983149857
  |->  par_lens = 197, 197, 197
[TDSE] Running TDSE-SH-elliptical. step 74000, energy = -0.42702990116985884
  |->  par_lens = 196, 197, 193
[TDSE] Running TDSE-SH-elliptical. step 74200, energy = -0.42731162265534234
  |->  par_lens = 196, 195, 195
[TDSE] Running TDSE-SH-elliptical. step 74400, energy = -0.4270358374230782
  |->  par_lens = 196, 192, 193
[TDSE] Running TDSE-SH-elliptical. step 74600, energy = -0.4273162092052885
  |->  par_lens = 193, 191, 192
[TDSE] Running TDSE-SH-elliptical. step 74800, energy = -0.42715284200893283
  |->  par_lens = 191, 190, 190
[TDSE] Running TDSE-SH-elliptical. step 75000, energy = -0.4273314836298987
  |->  par_lens = 190, 190, 192
[TDSE] Running TDSE-SH-elliptical. step 75200, energy = -0.42711135106626924
  |->  par_lens = 190, 188, 189
[TDSE] Running TDSE-SH-elliptical. step 75400, energy = -0.42741560115461996
  |->  par_lens = 188, 189, 188
[TDSE] Running TDSE-SH-elliptical. step 75600, energy = -0.42717229768839077
  |->  par_lens = 189, 187, 189
[TDSE] Running TDSE-SH-elliptical. step 75800, energy = -0.4273779615816047
  |->  par_lens = 188, 188, 189
[TDSE] Running TDSE-SH-elliptical. step 76000, energy = -0.42719440467965974
  |->  par_lens = 188, 187, 189
[TDSE] Running TDSE-SH-elliptical. step 76200, energy = -0.42736278764625213
  |->  par_lens = 188, 187, 190
[TDSE] Running TDSE-SH-elliptical. step 76400, energy = -0.42728504293234276
  |->  par_lens = 188, 187, 189
[TDSE] Running TDSE-SH-elliptical. step 76600, energy = -0.4273549274530328
  |->  par_lens = 188, 187, 189
[TDSE] Running TDSE-SH-elliptical. step 76800, energy = -0.4272273367866026
  |->  par_lens = 188, 188, 189
[TDSE] Running TDSE-SH-elliptical. step 77000, energy = -0.4273864688543492
  |->  par_lens = 188, 187, 189
[TDSE] Running TDSE-SH-elliptical. step 77200, energy = -0.42734747543465473
  |->  par_lens = 188, 187, 189
[TDSE] Running TDSE-SH-elliptical. step 77400, energy = -0.4272755119161028
  |->  par_lens = 188, 187, 189
[TDSE] Running TDSE-SH-elliptical. step 77600, energy = -0.42738456668300456
  |->  par_lens = 188, 187, 189
[TDSE] Running TDSE-SH-elliptical. step 77800, energy = -0.4273103421379921
  |->  par_lens = 188, 188, 189
[TDSE] Running TDSE-SH-elliptical. step 78000, energy = -0.4273824321530397
  |->  par_lens = 188, 187, 189
[TDSE] Running TDSE-SH-elliptical. step 78200, energy = -0.4273101346000252
  |->  par_lens = 188, 187, 189
[TDSE] Running TDSE-SH-elliptical. step 78400, energy = -0.42744101829749953
  |->  par_lens = 188, 188, 190
[TDSE] Running TDSE-SH-elliptical. step 78600, energy = -0.4272505984745346
  |->  par_lens = 188, 188, 189
[TDSE] Running TDSE-SH-elliptical. step 78800, energy = -0.4275074944559843
  |->  par_lens = 188, 187, 189
[TDSE] Running TDSE-SH-elliptical. step 79000, energy = -0.4272612482030054
  |->  par_lens = 188, 189, 189
[TDSE] Running TDSE-SH-elliptical. step 79200, energy = -0.42750817236694294
  |->  par_lens = 188, 187, 189
[TDSE] Running TDSE-SH-elliptical. step 79400, energy = -0.4272910849552635
  |->  par_lens = 188, 187, 189
[TDSE] Running TDSE-SH-elliptical. step 79600, energy = -0.4275009076253649
  |->  par_lens = 187, 186, 189
[TDSE] Running TDSE-SH-elliptical. step 79800, energy = -0.42729474964231545
  |->  par_lens = 187, 186, 189
[TDSE] Running TDSE-SH-elliptical. step 80000, energy = -0.42757957472412755
  |->  par_lens = 187, 187, 189
[TDSE] Running TDSE-SH-elliptical. step 80200, energy = -0.4272609291426963
  |->  par_lens = 187, 186, 188
[TDSE] Running TDSE-SH-elliptical. step 80400, energy = -0.4275584026970614
  |->  par_lens = 187, 186, 188
[TDSE] Running TDSE-SH-elliptical. step 80600, energy = -0.42736916626545246
  |->  par_lens = 189, 186, 189
[TDSE] Running TDSE-SH-elliptical. step 80800, energy = -0.42750610170141573
  |->  par_lens = 187, 186, 188
[TDSE] Running TDSE-SH-elliptical. step 81000, energy = -0.4273723032026151
  |->  par_lens = 187, 186, 188
[TDSE] Running TDSE-SH-elliptical. step 81200, energy = -0.4275664975009584
  |->  par_lens = 187, 186, 188
[TDSE] Running TDSE-SH-elliptical. step 81400, energy = -0.4273692680149979
  |->  par_lens = 187, 186, 187
[TDSE] Running TDSE-SH-elliptical. step 81600, energy = -0.42752663005403735
  |->  par_lens = 187, 186, 187
[TDSE] Running TDSE-SH-elliptical. step 81800, energy = -0.4274738567046621
  |->  par_lens = 187, 186, 187
[TDSE] Running TDSE-SH-elliptical. step 82000, energy = -0.42748102279232386
  |->  par_lens = 187, 186, 187
[TDSE] Running TDSE-SH-elliptical. step 82200, energy = -0.4275075638395178
  |->  par_lens = 187, 186, 188
[TDSE] Running TDSE-SH-elliptical. step 82400, energy = -0.4274743312743396
  |->  par_lens = 187, 186, 187
[TDSE] Running TDSE-SH-elliptical. step 82600, energy = -0.427535624195362
  |->  par_lens = 187, 186, 187
[TDSE] Running TDSE-SH-elliptical. step 82800, energy = -0.42749324160374824
  |->  par_lens = 187, 185, 188
[TDSE] Running TDSE-SH-elliptical. step 83000, energy = -0.4275569253949101
  |->  par_lens = 187, 186, 187
[TDSE] Running TDSE-SH-elliptical. step 83200, energy = -0.42741637019842615
  |->  par_lens = 187, 186, 187
[TDSE] Running TDSE-SH-elliptical. step 83400, energy = -0.4276773910961189
  |->  par_lens = 187, 186, 187
[TDSE] Running TDSE-SH-elliptical. step 83600, energy = -0.42739705909747805
  |->  par_lens = 187, 186, 187
[TDSE] Running TDSE-SH-elliptical. step 83800, energy = -0.4276193248082728
  |->  par_lens = 187, 185, 187
[TDSE] Running TDSE-SH-elliptical. step 84000, energy = -0.42746944705457507
  |->  par_lens = 187, 185, 186
[TDSE] Running TDSE-SH-elliptical. step 84200, energy = -0.42766216887928965
  |->  par_lens = 187, 185, 187
[TDSE] Running TDSE-SH-elliptical. step 84400, energy = -0.42737347140167786
  |->  par_lens = 187, 185, 187
[TDSE] Running TDSE-SH-elliptical. step 84600, energy = -0.4277144098688098
  |->  par_lens = 187, 185, 187
[TDSE] Running TDSE-SH-elliptical. step 84800, energy = -0.4274154147522211
  |->  par_lens = 187, 185, 187
[TDSE] Running TDSE-SH-elliptical. step 85000, energy = -0.42768621182197797
  |->  par_lens = 187, 185, 187
[TDSE] Running TDSE-SH-elliptical. step 85200, energy = -0.4274339662678836
  |->  par_lens = 187, 185, 187
[TDSE] Running TDSE-SH-elliptical. step 85400, energy = -0.4276545210996634
  |->  par_lens = 187, 185, 186
[TDSE] Running TDSE-SH-elliptical. step 85600, energy = -0.4274852380809392
  |->  par_lens = 187, 185, 187
[TDSE] Running TDSE-SH-elliptical. step 85800, energy = -0.4276895303986639
  |->  par_lens = 187, 185, 186
[TDSE] Running TDSE-SH-elliptical. step 86000, energy = -0.42743392689587184
  |->  par_lens = 187, 185, 187
[TDSE] Running TDSE-SH-elliptical. step 86200, energy = -0.42766865886555167
  |->  par_lens = 187, 185, 187
