[ITP]: 10000.471108571397
[ITP]: 0.022107823405609905
[ITP]: 0.004976805475414736
[ITP]: 0.0021058954092971205
[ITP]: 0.001084104546129061
[ITP]: 0.0006160870179273692
[ITP]: 0.0003714642087823128
[ITP]: 0.00023286611963801995
[ITP]: 0.0001500123428329614
[ITP]: 9.857967926441003e-5
[ITP]: 6.57601184761436e-5
[ITP]: 4.43786526744816e-5
[ITP]: 3.022437766897479e-5
[ITP]: 2.0735965556739622e-5
[ITP]: 1.4311264988853267e-5
[ITP]: 9.92563006574354e-6
[ITP]: 6.9119921211058255e-6
[ITP]: 4.82976755122877e-6
[ITP]: 3.384510666504248e-6
[ITP]: 2.3775199649023193e-6
[ITP]: 1.6736194445865493e-6
[ITP]: 1.1802274751948616e-6
[ITP]: 8.335748883370186e-7
[ITP]: 5.895273362810372e-7
[ITP]: 4.174150680658073e-7
[ITP]: 2.958509506267859e-7
[ITP]: 2.098764437796774e-7
[ITP]: 1.4900242706339384e-7
[ITP]: 1.0585745457980522e-7
[ITP]: 7.525113565609587e-8
[ITP]: 5.352267851144177e-8
[ITP]: 3.808635307134267e-8
[ITP]: 2.7113442158110956e-8
[ITP]: 1.9309163601377577e-8
[ITP]: 1.3755872219078924e-8
[ITP]: 9.802639699962867e-9
Energy of ground state: -0.5030607411950042
[TDSE] Start TDSE-SH for elliptical polarized laser. It may cost a plenty of time.
[TDSE] Running TDSE-SH-elliptical. step 0, energy = -0.5030607411950033
  |->  par_lens = 1, 1, 1
[TDSE] Running TDSE-SH-elliptical. step 200, energy = -0.5030607411948621
  |->  par_lens = 1, 1, 1
[TDSE] Running TDSE-SH-elliptical. step 400, energy = -0.5030607411947172
  |->  par_lens = 1, 1, 2
[TDSE] Running TDSE-SH-elliptical. step 600, energy = -0.5030607411944764
  |->  par_lens = 1, 1, 2
[TDSE] Running TDSE-SH-elliptical. step 800, energy = -0.5030607411939122
  |->  par_lens = 1, 1, 2
[TDSE] Running TDSE-SH-elliptical. step 1000, energy = -0.5030607411922318
  |->  par_lens = 1, 1, 2
[TDSE] Running TDSE-SH-elliptical. step 1200, energy = -0.5030607411880177
  |->  par_lens = 1, 1, 2
[TDSE] Running TDSE-SH-elliptical. step 1400, energy = -0.5030607411784208
  |->  par_lens = 1, 1, 2
[TDSE] Running TDSE-SH-elliptical. step 1600, energy = -0.5030607411593959
  |->  par_lens = 1, 1, 2
[TDSE] Running TDSE-SH-elliptical. step 1800, energy = -0.503060741124043
  |->  par_lens = 1, 1, 2
[TDSE] Running TDSE-SH-elliptical. step 2000, energy = -0.5030607410636224
  |->  par_lens = 1, 1, 2
[TDSE] Running TDSE-SH-elliptical. step 2200, energy = -0.5030607409647122
  |->  par_lens = 1, 1, 2
[TDSE] Running TDSE-SH-elliptical. step 2400, energy = -0.503060740811582
  |->  par_lens = 1, 1, 2
[TDSE] Running TDSE-SH-elliptical. step 2600, energy = -0.5030607405815894
  |->  par_lens = 1, 1, 2
[TDSE] Running TDSE-SH-elliptical. step 2800, energy = -0.5030607402498793
  |->  par_lens = 1, 1, 2
[TDSE] Running TDSE-SH-elliptical. step 3000, energy = -0.5030607397809052
  |->  par_lens = 1, 1, 2
[TDSE] Running TDSE-SH-elliptical. step 3200, energy = -0.5030607391405402
  |->  par_lens = 1, 1, 2
[TDSE] Running TDSE-SH-elliptical. step 3400, energy = -0.5030607382755158
  |->  par_lens = 1, 1, 2
[TDSE] Running TDSE-SH-elliptical. step 3600, energy = -0.5030607371416844
  |->  par_lens = 1, 1, 2
[TDSE] Running TDSE-SH-elliptical. step 3800, energy = -0.5030607356669744
  |->  par_lens = 1, 1, 2
[TDSE] Running TDSE-SH-elliptical. step 4000, energy = -0.5030607337967744
  |->  par_lens = 1, 1, 2
[TDSE] Running TDSE-SH-elliptical. step 4200, energy = -0.5030607314323374
  |->  par_lens = 1, 1, 2
[TDSE] Running TDSE-SH-elliptical. step 4400, energy = -0.5030607285189619
  |->  par_lens = 1, 1, 2
[TDSE] Running TDSE-SH-elliptical. step 4600, energy = -0.5030607249285666
  |->  par_lens = 1, 1, 2
[TDSE] Running TDSE-SH-elliptical. step 4800, energy = -0.5030607205916634
  |->  par_lens = 1, 1, 2
[TDSE] Running TDSE-SH-elliptical. step 5000, energy = -0.5030607153761038
  |->  par_lens = 1, 1, 2
[TDSE] Running TDSE-SH-elliptical. step 5200, energy = -0.503060709189023
  |->  par_lens = 1, 2, 2
[TDSE] Running TDSE-SH-elliptical. step 5400, energy = -0.5030607018853721
  |->  par_lens = 2, 2, 2
[TDSE] Running TDSE-SH-elliptical. step 5600, energy = -0.5030606933605094
  |->  par_lens = 2, 2, 2
[TDSE] Running TDSE-SH-elliptical. step 5800, energy = -0.5030606834830383
  |->  par_lens = 2, 2, 2
[TDSE] Running TDSE-SH-elliptical. step 6000, energy = -0.5030606720839417
  |->  par_lens = 2, 2, 2
[TDSE] Running TDSE-SH-elliptical. step 6200, energy = -0.5030606591142615
  |->  par_lens = 2, 2, 2
[TDSE] Running TDSE-SH-elliptical. step 6400, energy = -0.503060644303564
  |->  par_lens = 2, 2, 2
[TDSE] Running TDSE-SH-elliptical. step 6600, energy = -0.5030606276812669
  |->  par_lens = 2, 2, 2
[TDSE] Running TDSE-SH-elliptical. step 6800, energy = -0.5030606089496645
  |->  par_lens = 2, 2, 2
[TDSE] Running TDSE-SH-elliptical. step 7000, energy = -0.5030605881614314
  |->  par_lens = 2, 2, 2
[TDSE] Running TDSE-SH-elliptical. step 7200, energy = -0.5030605649329828
  |->  par_lens = 2, 2, 2
[TDSE] Running TDSE-SH-elliptical. step 7400, energy = -0.5030605395301413
  |->  par_lens = 2, 2, 2
[TDSE] Running TDSE-SH-elliptical. step 7600, energy = -0.5030605114231114
  |->  par_lens = 2, 2, 2
[TDSE] Running TDSE-SH-elliptical. step 7800, energy = -0.5030604808425153
  |->  par_lens = 2, 2, 2
[TDSE] Running TDSE-SH-elliptical. step 8000, energy = -0.5030604475029778
  |->  par_lens = 2, 2, 2
[TDSE] Running TDSE-SH-elliptical. step 8200, energy = -0.5030604115267439
  |->  par_lens = 2, 2, 2
[TDSE] Running TDSE-SH-elliptical. step 8400, energy = -0.5030603725878635
  |->  par_lens = 2, 2, 2
[TDSE] Running TDSE-SH-elliptical. step 8600, energy = -0.5030603309031582
  |->  par_lens = 2, 2, 2
[TDSE] Running TDSE-SH-elliptical. step 8800, energy = -0.5030602863520618
  |->  par_lens = 2, 2, 2
[TDSE] Running TDSE-SH-elliptical. step 9000, energy = -0.5030602388257074
  |->  par_lens = 2, 2, 2
[TDSE] Running TDSE-SH-elliptical. step 9200, energy = -0.5030601886111158
  |->  par_lens = 2, 2, 2
[TDSE] Running TDSE-SH-elliptical. step 9400, energy = -0.503060135305032
  |->  par_lens = 2, 2, 2
[TDSE] Running TDSE-SH-elliptical. step 9600, energy = -0.5030600795086817
  |->  par_lens = 2, 2, 2
[TDSE] Running TDSE-SH-elliptical. step 9800, energy = -0.503060020770963
  |->  par_lens = 2, 2, 2
[TDSE] Running TDSE-SH-elliptical. step 10000, energy = -0.5030599596683712
  |->  par_lens = 2, 2, 2
[TDSE] Running TDSE-SH-elliptical. step 10200, energy = -0.5030598583491723
  |->  par_lens = 2, 2, 2
[TDSE] Running TDSE-SH-elliptical. step 10400, energy = -0.5030593447931194
  |->  par_lens = 2, 2, 2
[TDSE] Running TDSE-SH-elliptical. step 10600, energy = -0.5030587568171165
  |->  par_lens = 2, 2, 2
[TDSE] Running TDSE-SH-elliptical. step 10800, energy = -0.503059405729626
  |->  par_lens = 2, 2, 2
[TDSE] Running TDSE-SH-elliptical. step 11000, energy = -0.503056561018349
  |->  par_lens = 2, 2, 2
[TDSE] Running TDSE-SH-elliptical. step 11200, energy = -0.503029113725984
  |->  par_lens = 4, 3, 3
[TDSE] Running TDSE-SH-elliptical. step 11400, energy = -0.5029585017202343
  |->  par_lens = 4, 3, 3
[TDSE] Running TDSE-SH-elliptical. step 11600, energy = -0.5028820975284959
  |->  par_lens = 5, 4, 4
[TDSE] Running TDSE-SH-elliptical. step 11800, energy = -0.5028926980219653
  |->  par_lens = 4, 5, 4
[TDSE] Running TDSE-SH-elliptical. step 12000, energy = -0.5029768137973782
  |->  par_lens = 4, 4, 3
[TDSE] Running TDSE-SH-elliptical. step 12200, energy = -0.5028818580299803
  |->  par_lens = 4, 4, 4
[TDSE] Running TDSE-SH-elliptical. step 12400, energy = -0.5023180168047526
  |->  par_lens = 5, 5, 6
[TDSE] Running TDSE-SH-elliptical. step 12600, energy = -0.5014766857771107
  |->  par_lens = 7, 7, 7
[TDSE] Running TDSE-SH-elliptical. step 12800, energy = -0.501127014063566
  |->  par_lens = 7, 7, 7
[TDSE] Running TDSE-SH-elliptical. step 13000, energy = -0.5017817332979807
  |->  par_lens = 6, 6, 7
[TDSE] Running TDSE-SH-elliptical. step 13200, energy = -0.5026165299165082
  |->  par_lens = 6, 5, 6
[TDSE] Running TDSE-SH-elliptical. step 13400, energy = -0.50191876930878
  |->  par_lens = 6, 6, 7
[TDSE] Running TDSE-SH-elliptical. step 13600, energy = -0.4992064063636102
  |->  par_lens = 9, 9, 8
[TDSE] Running TDSE-SH-elliptical. step 13800, energy = -0.4966586275173003
  |->  par_lens = 10, 10, 10
[TDSE] Running TDSE-SH-elliptical. step 14000, energy = -0.4971942372381525
  |->  par_lens = 10, 10, 10
[TDSE] Running TDSE-SH-elliptical. step 14200, energy = -0.5003737568462213
  |->  par_lens = 11, 11, 12
[TDSE] Running TDSE-SH-elliptical. step 14400, energy = -0.5014955766329037
  |->  par_lens = 12, 11, 12
[TDSE] Running TDSE-SH-elliptical. step 14600, energy = -0.4964764951536208
  |->  par_lens = 11, 12, 11
[TDSE] Running TDSE-SH-elliptical. step 14800, energy = -0.4881037377371247
  |->  par_lens = 15, 13, 14
[TDSE] Running TDSE-SH-elliptical. step 15000, energy = -0.48466077795876217
  |->  par_lens = 17, 17, 16
[TDSE] Running TDSE-SH-elliptical. step 15200, energy = -0.4906487275708456
  |->  par_lens = 18, 18, 18
[TDSE] Running TDSE-SH-elliptical. step 15400, energy = -0.4989649771668528
  |->  par_lens = 20, 20, 21
[TDSE] Running TDSE-SH-elliptical. step 15600, energy = -0.49706561485568107
  |->  par_lens = 21, 20, 21
[TDSE] Running TDSE-SH-elliptical. step 15800, energy = -0.48212588308307214
  |->  par_lens = 19, 19, 19
[TDSE] Running TDSE-SH-elliptical. step 16000, energy = -0.46787758039054883
  |->  par_lens = 25, 23, 23
[TDSE] Running TDSE-SH-elliptical. step 16200, energy = -0.4703700100760578
  |->  par_lens = 28, 28, 26
[TDSE] Running TDSE-SH-elliptical. step 16400, energy = -0.48756065226539486
  |->  par_lens = 32, 32, 32
[TDSE] Running TDSE-SH-elliptical. step 16600, energy = -0.49682513333585465
  |->  par_lens = 34, 32, 33
[TDSE] Running TDSE-SH-elliptical. step 16800, energy = -0.4799754353951388
  |->  par_lens = 34, 35, 34
[TDSE] Running TDSE-SH-elliptical. step 17000, energy = -0.44844905923237305
  |->  par_lens = 34, 29, 32
[TDSE] Running TDSE-SH-elliptical. step 17200, energy = -0.43514723969188396
  |->  par_lens = 40, 41, 40
[TDSE] Running TDSE-SH-elliptical. step 17400, energy = -0.455963985991514
  |->  par_lens = 49, 50, 50
[TDSE] Running TDSE-SH-elliptical. step 17600, energy = -0.4872768629686356
  |->  par_lens = 59, 56, 56
[TDSE] Running TDSE-SH-elliptical. step 17800, energy = -0.48648461012935584
  |->  par_lens = 61, 57, 58
[TDSE] Running TDSE-SH-elliptical. step 18000, energy = -0.44421352434331035
  |->  par_lens = 52, 52, 55
[TDSE] Running TDSE-SH-elliptical. step 18200, energy = -0.4026650605209041
  |->  par_lens = 49, 51, 51
[TDSE] Running TDSE-SH-elliptical. step 18400, energy = -0.40828278330286777
  |->  par_lens = 68, 69, 69
[TDSE] Running TDSE-SH-elliptical. step 18600, energy = -0.4562262406180772
  |->  par_lens = 84, 85, 83
[TDSE] Running TDSE-SH-elliptical. step 18800, energy = -0.487004884095064
  |->  par_lens = 90, 91, 91
[TDSE] Running TDSE-SH-elliptical. step 19000, energy = -0.45130963464054463
  |->  par_lens = 93, 91, 90
[TDSE] Running TDSE-SH-elliptical. step 19200, energy = -0.37731711839120835
  |->  par_lens = 74, 75, 74
[TDSE] Running TDSE-SH-elliptical. step 19400, energy = -0.3456767796902376
  |->  par_lens = 82, 84, 81
[TDSE] Running TDSE-SH-elliptical. step 19600, energy = -0.38995920336314877
  |->  par_lens = 117, 115, 114
[TDSE] Running TDSE-SH-elliptical. step 19800, energy = -0.4640239119241003
  |->  par_lens = 139, 137, 136
[TDSE] Running TDSE-SH-elliptical. step 20000, energy = -0.4707425049700827
  |->  par_lens = 143, 142, 142
[TDSE] Running TDSE-SH-elliptical. step 20200, energy = -0.3877159565531165
  |->  par_lens = 140, 137, 137
[TDSE] Running TDSE-SH-elliptical. step 20400, energy = -0.3039511732136931
  |->  par_lens = 104, 112, 105
[TDSE] Running TDSE-SH-elliptical. step 20600, energy = -0.31433504074822205
  |->  par_lens = 134, 137, 134
[TDSE] Running TDSE-SH-elliptical. step 20800, energy = -0.40356298374869587
  |->  par_lens = 176, 177, 177
[TDSE] Running TDSE-SH-elliptical. step 21000, energy = -0.4713943411811847
  |->  par_lens = 196, 195, 195
[TDSE] Running TDSE-SH-elliptical. step 21200, energy = -0.4154520044441063
  |->  par_lens = 201, 200, 200
[TDSE] Running TDSE-SH-elliptical. step 21400, energy = -0.28563341557623145
  |->  par_lens = 173, 184, 182
[TDSE] Running TDSE-SH-elliptical. step 21600, energy = -0.23090786264490562
  |->  par_lens = 159, 165, 160
[TDSE] Running TDSE-SH-elliptical. step 21800, energy = -0.3019322032679508
  |->  par_lens = 219, 218, 220
[TDSE] Running TDSE-SH-elliptical. step 22000, energy = -0.42830651216099797
  |->  par_lens = 266, 269, 266
[TDSE] Running TDSE-SH-elliptical. step 22200, energy = -0.4518896263179979
  |->  par_lens = 277, 278, 279
[TDSE] Running TDSE-SH-elliptical. step 22400, energy = -0.32562473236452155
  |->  par_lens = 264, 266, 271
[TDSE] Running TDSE-SH-elliptical. step 22600, energy = -0.19339328580820264
  |->  par_lens = 228, 225, 230
[TDSE] Running TDSE-SH-elliptical. step 22800, energy = -0.21257778299597146
  |->  par_lens = 251, 244, 239
[TDSE] Running TDSE-SH-elliptical. step 23000, energy = -0.33673116372966677
  |->  par_lens = 306, 309, 307
[TDSE] Running TDSE-SH-elliptical. step 23200, energy = -0.44746765212671097
  |->  par_lens = 341, 340, 342
[TDSE] Running TDSE-SH-elliptical. step 23400, energy = -0.3806311540359207
  |->  par_lens = 343, 341, 342
[TDSE] Running TDSE-SH-elliptical. step 23600, energy = -0.19869657690009412
  |->  par_lens = 315, 309, 312
[TDSE] Running TDSE-SH-elliptical. step 23800, energy = -0.12058889703203787
  |->  par_lens = 291, 274, 286
[TDSE] Running TDSE-SH-elliptical. step 24000, energy = -0.21755739844394342
  |->  par_lens = 341, 343, 341
[TDSE] Running TDSE-SH-elliptical. step 24200, energy = -0.3819789546449063
  |->  par_lens = 413, 413, 410
[TDSE] Running TDSE-SH-elliptical. step 24400, energy = -0.42724589750333813
  |->  par_lens = 425, 425, 425
[TDSE] Running TDSE-SH-elliptical. step 24600, energy = -0.27650563099156783
  |->  par_lens = 407, 410, 411
[TDSE] Running TDSE-SH-elliptical. step 24800, energy = -0.10588683249151198
  |->  par_lens = 351, 369, 364
[TDSE] Running TDSE-SH-elliptical. step 25000, energy = -0.1311736496341043
  |->  par_lens = 367, 366, 371
[TDSE] Running TDSE-SH-elliptical. step 25200, energy = -0.27291475207970406
  |->  par_lens = 430, 429, 427
[TDSE] Running TDSE-SH-elliptical. step 25400, energy = -0.413269612455715
  |->  par_lens = 465, 469, 467
[TDSE] Running TDSE-SH-elliptical. step 25600, energy = -0.3504596562019006
  |->  par_lens = 467, 470, 468
[TDSE] Running TDSE-SH-elliptical. step 25800, energy = -0.14876150503290522
  |->  par_lens = 439, 433, 436
[TDSE] Running TDSE-SH-elliptical. step 26000, energy = -0.05316696254464393
  |->  par_lens = 415, 409, 412
[TDSE] Running TDSE-SH-elliptical. step 26200, energy = -0.16200831613997368
  |->  par_lens = 448, 443, 450
[TDSE] Running TDSE-SH-elliptical. step 26400, energy = -0.3353029038574201
  |->  par_lens = 499, 495, 499
[TDSE] Running TDSE-SH-elliptical. step 26600, energy = -0.3985597004397003
  |->  par_lens = 510, 509, 510
[TDSE] Running TDSE-SH-elliptical. step 26800, energy = -0.2550281552128981
  |->  par_lens = 505, 507, 508
[TDSE] Running TDSE-SH-elliptical. step 27000, energy = -0.07670865459125334
  |->  par_lens = 487, 493, 491
[TDSE] Running TDSE-SH-elliptical. step 27200, energy = -0.10088434196891652
  |->  par_lens = 481, 485, 484
[TDSE] Running TDSE-SH-elliptical. step 27400, energy = -0.2342898765556728
  |->  par_lens = 506, 507, 505
[TDSE] Running TDSE-SH-elliptical. step 27600, energy = -0.3789393260679778
  |->  par_lens = 522, 521, 519
[TDSE] Running TDSE-SH-elliptical. step 27800, energy = -0.3333349606496082
  |->  par_lens = 522, 521, 519
[TDSE] Running TDSE-SH-elliptical. step 28000, energy = -0.14850019829313163
  |->  par_lens = 513, 510, 509
[TDSE] Running TDSE-SH-elliptical. step 28200, energy = -0.05698964069394992
  |->  par_lens = 508, 507, 494
[TDSE] Running TDSE-SH-elliptical. step 28400, energy = -0.1505664227092837
  |->  par_lens = 519, 521, 518
[TDSE] Running TDSE-SH-elliptical. step 28600, energy = -0.309013186469865
  |->  par_lens = 535, 536, 530
[TDSE] Running TDSE-SH-elliptical. step 28800, energy = -0.37671796427132365
  |->  par_lens = 542, 537, 538
[TDSE] Running TDSE-SH-elliptical. step 29000, energy = -0.26152951740975894
  |->  par_lens = 543, 538, 537
[TDSE] Running TDSE-SH-elliptical. step 29200, energy = -0.11340681505310346
  |->  par_lens = 524, 522, 523
[TDSE] Running TDSE-SH-elliptical. step 29400, energy = -0.12611370158584276
  |->  par_lens = 527, 527, 524
[TDSE] Running TDSE-SH-elliptical. step 29600, energy = -0.23297056978444916
  |->  par_lens = 537, 539, 529
[TDSE] Running TDSE-SH-elliptical. step 29800, energy = -0.36245133983604894
  |->  par_lens = 536, 542, 540
[TDSE] Running TDSE-SH-elliptical. step 30000, energy = -0.3363003027267947
  |->  par_lens = 539, 542, 537
[TDSE] Running TDSE-SH-elliptical. step 30200, energy = -0.19465491125802278
  |->  par_lens = 538, 535, 537
[TDSE] Running TDSE-SH-elliptical. step 30400, energy = -0.1219902790486108
  |->  par_lens = 525, 526, 533
[TDSE] Running TDSE-SH-elliptical. step 30600, energy = -0.183556884078797
  |->  par_lens = 542, 539, 545
[TDSE] Running TDSE-SH-elliptical. step 30800, energy = -0.309855307418848
  |->  par_lens = 551, 546, 550
[TDSE] Running TDSE-SH-elliptical. step 31000, energy = -0.3726481946618362
  |->  par_lens = 550, 548, 553
[TDSE] Running TDSE-SH-elliptical. step 31200, energy = -0.2990593435824693
  |->  par_lens = 549, 545, 552
[TDSE] Running TDSE-SH-elliptical. step 31400, energy = -0.19803102363114297
  |->  par_lens = 542, 542, 545
[TDSE] Running TDSE-SH-elliptical. step 31600, energy = -0.1923983809020177
  |->  par_lens = 536, 530, 536
[TDSE] Running TDSE-SH-elliptical. step 31800, energy = -0.27482077084297385
  |->  par_lens = 543, 541, 540
[TDSE] Running TDSE-SH-elliptical. step 32000, energy = -0.36928672922790023
  |->  par_lens = 546, 546, 544
[TDSE] Running TDSE-SH-elliptical. step 32200, energy = -0.3579474381061993
  |->  par_lens = 547, 544, 541
[TDSE] Running TDSE-SH-elliptical. step 32400, energy = -0.2662632535666101
  |->  par_lens = 548, 539, 537
[TDSE] Running TDSE-SH-elliptical. step 32600, energy = -0.21876411250384104
  |->  par_lens = 545, 540, 537
[TDSE] Running TDSE-SH-elliptical. step 32800, energy = -0.25456714960080323
  |->  par_lens = 549, 550, 547
[TDSE] Running TDSE-SH-elliptical. step 33000, energy = -0.33757559520525054
  |->  par_lens = 554, 553, 552
[TDSE] Running TDSE-SH-elliptical. step 33200, energy = -0.383155137664638
  |->  par_lens = 553, 554, 551
[TDSE] Running TDSE-SH-elliptical. step 33400, energy = -0.3447734064672785
  |->  par_lens = 553, 554, 550
[TDSE] Running TDSE-SH-elliptical. step 33600, energy = -0.28593168090492427
  |->  par_lens = 548, 550, 548
[TDSE] Running TDSE-SH-elliptical. step 33800, energy = -0.282040738901163
  |->  par_lens = 543, 540, 537
[TDSE] Running TDSE-SH-elliptical. step 34000, energy = -0.3266391788652489
  |->  par_lens = 542, 542, 540
[TDSE] Running TDSE-SH-elliptical. step 34200, energy = -0.38054961109358965
  |->  par_lens = 542, 538, 540
[TDSE] Running TDSE-SH-elliptical. step 34400, energy = -0.3797866408313519
  |->  par_lens = 538, 542, 539
[TDSE] Running TDSE-SH-elliptical. step 34600, energy = -0.3367179345460149
  |->  par_lens = 539, 535, 527
[TDSE] Running TDSE-SH-elliptical. step 34800, energy = -0.30453538225999194
  |->  par_lens = 536, 536, 534
[TDSE] Running TDSE-SH-elliptical. step 35000, energy = -0.32446299576779924
  |->  par_lens = 544, 533, 537
[TDSE] Running TDSE-SH-elliptical. step 35200, energy = -0.3662660625236904
  |->  par_lens = 546, 538, 540
[TDSE] Running TDSE-SH-elliptical. step 35400, energy = -0.3917844123636051
  |->  par_lens = 542, 538, 539
[TDSE] Running TDSE-SH-elliptical. step 35600, energy = -0.3790257508699511
  |->  par_lens = 537, 533, 532
[TDSE] Running TDSE-SH-elliptical. step 35800, energy = -0.35597185054232267
  |->  par_lens = 532, 519, 518
[TDSE] Running TDSE-SH-elliptical. step 36000, energy = -0.3453683319205834
  |->  par_lens = 512, 508, 507
[TDSE] Running TDSE-SH-elliptical. step 36200, energy = -0.3735541178897811
  |->  par_lens = 484, 477, 470
[TDSE] Running TDSE-SH-elliptical. step 36400, energy = -0.39052221088131495
  |->  par_lens = 457, 452, 469
[TDSE] Running TDSE-SH-elliptical. step 36600, energy = -0.39420011263172083
  |->  par_lens = 442, 442, 458
[TDSE] Running TDSE-SH-elliptical. step 36800, energy = -0.3764528998945069
  |->  par_lens = 427, 429, 440
[TDSE] Running TDSE-SH-elliptical. step 37000, energy = -0.3674713655068189
  |->  par_lens = 425, 421, 427
[TDSE] Running TDSE-SH-elliptical. step 37200, energy = -0.3716247304118805
  |->  par_lens = 428, 418, 433
[TDSE] Running TDSE-SH-elliptical. step 37400, energy = -0.3874548438652347
  |->  par_lens = 428, 430, 432
[TDSE] Running TDSE-SH-elliptical. step 37600, energy = -0.3986957233627637
  |->  par_lens = 421, 429, 429
[TDSE] Running TDSE-SH-elliptical. step 37800, energy = -0.396062313612414
  |->  par_lens = 418, 421, 418
[TDSE] Running TDSE-SH-elliptical. step 38000, energy = -0.38867165773871926
  |->  par_lens = 397, 399, 402
[TDSE] Running TDSE-SH-elliptical. step 38200, energy = -0.3896625886725082
  |->  par_lens = 365, 372, 378
[TDSE] Running TDSE-SH-elliptical. step 38400, energy = -0.39186662398139
  |->  par_lens = 346, 350, 355
[TDSE] Running TDSE-SH-elliptical. step 38600, energy = -0.3998227888701141
  |->  par_lens = 326, 328, 330
[TDSE] Running TDSE-SH-elliptical. step 38800, energy = -0.3992557328070048
  |->  par_lens = 314, 315, 318
[TDSE] Running TDSE-SH-elliptical. step 39000, energy = -0.3964326726204705
  |->  par_lens = 317, 310, 310
[TDSE] Running TDSE-SH-elliptical. step 39200, energy = -0.3944354328795335
  |->  par_lens = 312, 316, 315
[TDSE] Running TDSE-SH-elliptical. step 39400, energy = -0.3946975224784153
  |->  par_lens = 324, 320, 316
[TDSE] Running TDSE-SH-elliptical. step 39600, energy = -0.39917360364247134
  |->  par_lens = 329, 323, 328
[TDSE] Running TDSE-SH-elliptical. step 39800, energy = -0.40037429077686515
  |->  par_lens = 328, 322, 328
[TDSE] Running TDSE-SH-elliptical. step 40000, energy = -0.40146053247570535
  |->  par_lens = 325, 320, 326
[TDSE] Running TDSE-SH-elliptical. step 40200, energy = -0.4010642424248004
  |->  par_lens = 324, 318, 325
[TDSE] Running TDSE-SH-elliptical. step 40400, energy = -0.40082369260395667
  |->  par_lens = 319, 315, 316
[TDSE] Running TDSE-SH-elliptical. step 40600, energy = -0.4018237119948555
  |->  par_lens = 310, 311, 311
[TDSE] Running TDSE-SH-elliptical. step 40800, energy = -0.4020694221505333
  |->  par_lens = 306, 303, 304
[TDSE] Running TDSE-SH-elliptical. step 41000, energy = -0.40222195037249614
  |->  par_lens = 301, 299, 300
[TDSE] Running TDSE-SH-elliptical. step 41200, energy = -0.40246350302449746
  |->  par_lens = 302, 297, 297
[TDSE] Running TDSE-SH-elliptical. step 41400, energy = -0.40215670933991515
  |->  par_lens = 303, 297, 298
[TDSE] Running TDSE-SH-elliptical. step 41600, energy = -0.40280325344888773
  |->  par_lens = 302, 297, 297
[TDSE] Running TDSE-SH-elliptical. step 41800, energy = -0.40300570029232274
  |->  par_lens = 302, 297, 297
[TDSE] Running TDSE-SH-elliptical. step 42000, energy = -0.40346052068506133
  |->  par_lens = 302, 297, 297
[TDSE] Running TDSE-SH-elliptical. step 42200, energy = -0.4036715369833165
  |->  par_lens = 301, 296, 297
[TDSE] Running TDSE-SH-elliptical. step 42400, energy = -0.40416445652476646
  |->  par_lens = 301, 296, 297
[TDSE] Running TDSE-SH-elliptical. step 42600, energy = -0.40439108831342185
  |->  par_lens = 301, 296, 296
[TDSE] Running TDSE-SH-elliptical. step 42800, energy = -0.40464087301504925
  |->  par_lens = 301, 295, 297
[TDSE] Running TDSE-SH-elliptical. step 43000, energy = -0.40499620496113276
  |->  par_lens = 300, 295, 296
[TDSE] Running TDSE-SH-elliptical. step 43200, energy = -0.4053117637481792
  |->  par_lens = 300, 294, 296
[TDSE] Running TDSE-SH-elliptical. step 43400, energy = -0.4056423433793416
  |->  par_lens = 299, 294, 293
[TDSE] Running TDSE-SH-elliptical. step 43600, energy = -0.4059390100431702
  |->  par_lens = 299, 294, 293
[TDSE] Running TDSE-SH-elliptical. step 43800, energy = -0.4063302775982951
  |->  par_lens = 297, 294, 292
[TDSE] Running TDSE-SH-elliptical. step 44000, energy = -0.4065667337267212
  |->  par_lens = 296, 293, 292
[TDSE] Running TDSE-SH-elliptical. step 44200, energy = -0.4071279127736385
  |->  par_lens = 295, 293, 292
[TDSE] Running TDSE-SH-elliptical. step 44400, energy = -0.40740590597838783
  |->  par_lens = 293, 293, 290
[TDSE] Running TDSE-SH-elliptical. step 44600, energy = -0.4079411981290553
  |->  par_lens = 292, 292, 289
[TDSE] Running TDSE-SH-elliptical. step 44800, energy = -0.4079786054340409
  |->  par_lens = 292, 292, 288
[TDSE] Running TDSE-SH-elliptical. step 45000, energy = -0.4082772310491152
  |->  par_lens = 291, 291, 288
[TDSE] Running TDSE-SH-elliptical. step 45200, energy = -0.40845767111902537
  |->  par_lens = 289, 289, 287
[TDSE] Running TDSE-SH-elliptical. step 45400, energy = -0.40923583857259277
  |->  par_lens = 289, 289, 287
[TDSE] Running TDSE-SH-elliptical. step 45600, energy = -0.40955156056784053
  |->  par_lens = 289, 287, 286
[TDSE] Running TDSE-SH-elliptical. step 45800, energy = -0.41012440470997447
  |->  par_lens = 289, 286, 285
[TDSE] Running TDSE-SH-elliptical. step 46000, energy = -0.41018345106036724
  |->  par_lens = 284, 283, 282
[TDSE] Running TDSE-SH-elliptical. step 46200, energy = -0.41055095063744806
  |->  par_lens = 284, 283, 282
[TDSE] Running TDSE-SH-elliptical. step 46400, energy = -0.4107293496923635
  |->  par_lens = 284, 283, 282
[TDSE] Running TDSE-SH-elliptical. step 46600, energy = -0.4112225377687948
  |->  par_lens = 282, 282, 281
[TDSE] Running TDSE-SH-elliptical. step 46800, energy = -0.41136818639452877
  |->  par_lens = 279, 280, 278
[TDSE] Running TDSE-SH-elliptical. step 47000, energy = -0.4118625881291347
  |->  par_lens = 278, 277, 276
[TDSE] Running TDSE-SH-elliptical. step 47200, energy = -0.4121486758127646
  |->  par_lens = 278, 276, 276
[TDSE] Running TDSE-SH-elliptical. step 47400, energy = -0.4125290151405769
  |->  par_lens = 278, 276, 276
[TDSE] Running TDSE-SH-elliptical. step 47600, energy = -0.412805136933687
  |->  par_lens = 277, 275, 274
[TDSE] Running TDSE-SH-elliptical. step 47800, energy = -0.4130909490603348
  |->  par_lens = 273, 274, 273
[TDSE] Running TDSE-SH-elliptical. step 48000, energy = -0.4133750385761791
  |->  par_lens = 272, 272, 269
[TDSE] Running TDSE-SH-elliptical. step 48200, energy = -0.413677619946466
  |->  par_lens = 271, 268, 268
[TDSE] Running TDSE-SH-elliptical. step 48400, energy = -0.4139887918820245
  |->  par_lens = 271, 269, 268
[TDSE] Running TDSE-SH-elliptical. step 48600, energy = -0.41422142629475595
  |->  par_lens = 271, 269, 268
[TDSE] Running TDSE-SH-elliptical. step 48800, energy = -0.41466815838061566
  |->  par_lens = 271, 268, 268
[TDSE] Running TDSE-SH-elliptical. step 49000, energy = -0.41473801826207873
  |->  par_lens = 270, 267, 268
[TDSE] Running TDSE-SH-elliptical. step 49200, energy = -0.41507810704255116
  |->  par_lens = 266, 264, 267
[TDSE] Running TDSE-SH-elliptical. step 49400, energy = -0.4151944104704501
  |->  par_lens = 262, 262, 261
[TDSE] Running TDSE-SH-elliptical. step 49600, energy = -0.41556353513942595
  |->  par_lens = 260, 258, 259
[TDSE] Running TDSE-SH-elliptical. step 49800, energy = -0.4156405600127764
  |->  par_lens = 259, 258, 259
[TDSE] Running TDSE-SH-elliptical. step 50000, energy = -0.4161569110447248
  |->  par_lens = 259, 258, 258
[TDSE] Running TDSE-SH-elliptical. step 50200, energy = -0.4162154383160802
  |->  par_lens = 259, 258, 258
[TDSE] Running TDSE-SH-elliptical. step 50400, energy = -0.4166617735766602
  |->  par_lens = 259, 258, 258
[TDSE] Running TDSE-SH-elliptical. step 50600, energy = -0.41670688287856866
  |->  par_lens = 259, 258, 258
[TDSE] Running TDSE-SH-elliptical. step 50800, energy = -0.41713584509673746
  |->  par_lens = 259, 258, 258
[TDSE] Running TDSE-SH-elliptical. step 51000, energy = -0.4172634373915605
  |->  par_lens = 254, 257, 256
[TDSE] Running TDSE-SH-elliptical. step 51200, energy = -0.4176533436511649
  |->  par_lens = 254, 254, 253
[TDSE] Running TDSE-SH-elliptical. step 51400, energy = -0.41761887917157126
  |->  par_lens = 250, 251, 252
[TDSE] Running TDSE-SH-elliptical. step 51600, energy = -0.4179679337661947
  |->  par_lens = 247, 247, 250
[TDSE] Running TDSE-SH-elliptical. step 51800, energy = -0.41799403001323227
  |->  par_lens = 247, 247, 249
[TDSE] Running TDSE-SH-elliptical. step 52000, energy = -0.41820538323490064
  |->  par_lens = 247, 247, 249
[TDSE] Running TDSE-SH-elliptical. step 52200, energy = -0.4183405149737305
  |->  par_lens = 247, 247, 249
[TDSE] Running TDSE-SH-elliptical. step 52400, energy = -0.4185875064788795
  |->  par_lens = 247, 247, 249
[TDSE] Running TDSE-SH-elliptical. step 52600, energy = -0.4187372425154444
  |->  par_lens = 247, 247, 249
[TDSE] Running TDSE-SH-elliptical. step 52800, energy = -0.4190243730868029
  |->  par_lens = 247, 247, 248
[TDSE] Running TDSE-SH-elliptical. step 53000, energy = -0.41924789423042946
  |->  par_lens = 246, 247, 248
[TDSE] Running TDSE-SH-elliptical. step 53200, energy = -0.41939063513591507
  |->  par_lens = 245, 247, 244
[TDSE] Running TDSE-SH-elliptical. step 53400, energy = -0.4197160841664614
  |->  par_lens = 243, 242, 243
[TDSE] Running TDSE-SH-elliptical. step 53600, energy = -0.41983242355856276
  |->  par_lens = 241, 240, 242
[TDSE] Running TDSE-SH-elliptical. step 53800, energy = -0.4201295608594858
  |->  par_lens = 238, 239, 237
[TDSE] Running TDSE-SH-elliptical. step 54000, energy = -0.42017852544085893
  |->  par_lens = 237, 236, 234
[TDSE] Running TDSE-SH-elliptical. step 54200, energy = -0.42042434485025715
  |->  par_lens = 235, 235, 233
[TDSE] Running TDSE-SH-elliptical. step 54400, energy = -0.42039687935620196
  |->  par_lens = 235, 234, 234
[TDSE] Running TDSE-SH-elliptical. step 54600, energy = -0.4207038866973012
  |->  par_lens = 235, 234, 234
[TDSE] Running TDSE-SH-elliptical. step 54800, energy = -0.42057322906237404
  |->  par_lens = 235, 234, 234
[TDSE] Running TDSE-SH-elliptical. step 55000, energy = -0.42093200356654975
  |->  par_lens = 235, 234, 234
[TDSE] Running TDSE-SH-elliptical. step 55200, energy = -0.4209230996107618
  |->  par_lens = 235, 234, 234
[TDSE] Running TDSE-SH-elliptical. step 55400, energy = -0.42120880956067974
  |->  par_lens = 235, 235, 234
[TDSE] Running TDSE-SH-elliptical. step 55600, energy = -0.42119205550717254
  |->  par_lens = 235, 234, 234
[TDSE] Running TDSE-SH-elliptical. step 55800, energy = -0.42157597979001005
  |->  par_lens = 235, 234, 234
[TDSE] Running TDSE-SH-elliptical. step 56000, energy = -0.4215093430556163
  |->  par_lens = 234, 234, 233
[TDSE] Running TDSE-SH-elliptical. step 56200, energy = -0.42186100145316174
  |->  par_lens = 234, 231, 231
[TDSE] Running TDSE-SH-elliptical. step 56400, energy = -0.42190564219671495
  |->  par_lens = 232, 230, 231
[TDSE] Running TDSE-SH-elliptical. step 56600, energy = -0.4221897238734887
  |->  par_lens = 229, 229, 229
[TDSE] Running TDSE-SH-elliptical. step 56800, energy = -0.4222715607728204
  |->  par_lens = 229, 227, 227
[TDSE] Running TDSE-SH-elliptical. step 57000, energy = -0.4225223444171632
  |->  par_lens = 226, 225, 225
[TDSE] Running TDSE-SH-elliptical. step 57200, energy = -0.42257781265285077
  |->  par_lens = 223, 222, 224
[TDSE] Running TDSE-SH-elliptical. step 57400, energy = -0.42276399317664853
  |->  par_lens = 223, 222, 223
[TDSE] Running TDSE-SH-elliptical. step 57600, energy = -0.4227778557176403
  |->  par_lens = 223, 222, 223
[TDSE] Running TDSE-SH-elliptical. step 57800, energy = -0.4228214339397537
  |->  par_lens = 223, 221, 223
[TDSE] Running TDSE-SH-elliptical. step 58000, energy = -0.422965628262669
  |->  par_lens = 222, 221, 222
[TDSE] Running TDSE-SH-elliptical. step 58200, energy = -0.42291231063796403
  |->  par_lens = 222, 221, 222
[TDSE] Running TDSE-SH-elliptical. step 58400, energy = -0.42300992951116484
  |->  par_lens = 222, 221, 222
[TDSE] Running TDSE-SH-elliptical. step 58600, energy = -0.4230335826104592
  |->  par_lens = 222, 221, 222
[TDSE] Running TDSE-SH-elliptical. step 58800, energy = -0.42319440228953625
  |->  par_lens = 222, 221, 222
[TDSE] Running TDSE-SH-elliptical. step 59000, energy = -0.4231007542025605
  |->  par_lens = 222, 221, 222
[TDSE] Running TDSE-SH-elliptical. step 59200, energy = -0.42337371172856125
  |->  par_lens = 222, 221, 222
  Activating project at `~/JuliaProp_v0.1`
[TDSE] Running TDSE-SH-elliptical. step 59400, energy = -0.42326119573407
  |->  par_lens = 222, 221, 222
[TDSE] Running TDSE-SH-elliptical. step 59600, energy = -0.4235399652745029
  |->  par_lens = 222, 220, 222
[TDSE] Running TDSE-SH-elliptical. step 59800, energy = -0.4234727777835769
  |->  par_lens = 222, 220, 221
[TDSE] Running TDSE-SH-elliptical. step 60000, energy = -0.4237429574462503
  |->  par_lens = 221, 220, 221
[TDSE] Running TDSE-SH-elliptical. step 60200, energy = -0.42368966209027037
  |->  par_lens = 220, 220, 220
[TDSE] Running TDSE-SH-elliptical. step 60400, energy = -0.42404701676025647
  |->  par_lens = 219, 219, 220
[TDSE] Running TDSE-SH-elliptical. step 60600, energy = -0.4239609405895257
  |->  par_lens = 219, 220, 220
[TDSE] Running TDSE-SH-elliptical. step 60800, energy = -0.4243215912366263
  |->  par_lens = 219, 219, 220
[TDSE] Running TDSE-SH-elliptical. step 61000, energy = -0.4242894869710794
  |->  par_lens = 219, 219, 219
[TDSE] Running TDSE-SH-elliptical. step 61200, energy = -0.42455222177755114
  |->  par_lens = 217, 218, 219
[TDSE] Running TDSE-SH-elliptical. step 61400, energy = -0.424583792662462
  |->  par_lens = 217, 218, 219
[TDSE] Running TDSE-SH-elliptical. step 61600, energy = -0.4248025075187964
  |->  par_lens = 216, 217, 217
[TDSE] Running TDSE-SH-elliptical. step 61800, energy = -0.4247264490167705
  |->  par_lens = 216, 217, 217
[TDSE] Running TDSE-SH-elliptical. step 62000, energy = -0.4249484547491229
  |->  par_lens = 215, 216, 215
[TDSE] Running TDSE-SH-elliptical. step 62200, energy = -0.4249520101593829
  |->  par_lens = 215, 214, 214
[TDSE] Running TDSE-SH-elliptical. step 62400, energy = -0.42497279353339806
  |->  par_lens = 212, 213, 214
[TDSE] Running TDSE-SH-elliptical. step 62600, energy = -0.42504476178557127
  |->  par_lens = 211, 212, 211
[TDSE] Running TDSE-SH-elliptical. step 62800, energy = -0.4250863691278189
  |->  par_lens = 211, 210, 208
[TDSE] Running TDSE-SH-elliptical. step 63000, energy = -0.425151057018207
  |->  par_lens = 206, 207, 207
[TDSE] Running TDSE-SH-elliptical. step 63200, energy = -0.42513458160276185
  |->  par_lens = 204, 205, 205
[TDSE] Running TDSE-SH-elliptical. step 63400, energy = -0.42524494656404216
  |->  par_lens = 203, 205, 205
[TDSE] Running TDSE-SH-elliptical. step 63600, energy = -0.4251984716359186
  |->  par_lens = 204, 205, 203
[TDSE] Running TDSE-SH-elliptical. step 63800, energy = -0.42540905073950813
  |->  par_lens = 203, 203, 203
[TDSE] Running TDSE-SH-elliptical. step 64000, energy = -0.4252277557296943
  |->  par_lens = 203, 203, 202
[TDSE] Running TDSE-SH-elliptical. step 64200, energy = -0.4254533804163406
  |->  par_lens = 203, 203, 202
[TDSE] Running TDSE-SH-elliptical. step 64400, energy = -0.42536541108776765
  |->  par_lens = 203, 203, 202
[TDSE] Running TDSE-SH-elliptical. step 64600, energy = -0.42553309816164153
  |->  par_lens = 202, 203, 202
[TDSE] Running TDSE-SH-elliptical. step 64800, energy = -0.4253624259517132
  |->  par_lens = 202, 203, 202
[TDSE] Running TDSE-SH-elliptical. step 65000, energy = -0.4256446245962178
  |->  par_lens = 202, 202, 201
[TDSE] Running TDSE-SH-elliptical. step 65200, energy = -0.4254248808880567
  |->  par_lens = 202, 202, 202
[TDSE] Running TDSE-SH-elliptical. step 65400, energy = -0.4256752728233078
  |->  par_lens = 202, 201, 201
[TDSE] Running TDSE-SH-elliptical. step 65600, energy = -0.4255288478636147
  |->  par_lens = 201, 200, 201
[TDSE] Running TDSE-SH-elliptical. step 65800, energy = -0.425699725728921
  |->  par_lens = 202, 201, 201
[TDSE] Running TDSE-SH-elliptical. step 66000, energy = -0.4255763528058602
  |->  par_lens = 202, 200, 201
[TDSE] Running TDSE-SH-elliptical. step 66200, energy = -0.4257829317095989
  |->  par_lens = 201, 200, 201
[TDSE] Running TDSE-SH-elliptical. step 66400, energy = -0.42562753041918955
  |->  par_lens = 201, 201, 201
[TDSE] Running TDSE-SH-elliptical. step 66600, energy = -0.42579797177511713
  |->  par_lens = 201, 200, 201
[TDSE] Running TDSE-SH-elliptical. step 66800, energy = -0.4257106287436539
  |->  par_lens = 201, 200, 201
[TDSE] Running TDSE-SH-elliptical. step 67000, energy = -0.425794709928732
  |->  par_lens = 201, 200, 201
[TDSE] Running TDSE-SH-elliptical. step 67200, energy = -0.4258138659317254
  |->  par_lens = 201, 200, 201
[TDSE] Running TDSE-SH-elliptical. step 67400, energy = -0.42581497318119943
  |->  par_lens = 201, 200, 201
[TDSE] Running TDSE-SH-elliptical. step 67600, energy = -0.4258132974185715
  |->  par_lens = 201, 200, 201
[TDSE] Running TDSE-SH-elliptical. step 67800, energy = -0.4258802076429948
  |->  par_lens = 201, 200, 201
[TDSE] Running TDSE-SH-elliptical. step 68000, energy = -0.4259297493384926
  |->  par_lens = 201, 200, 201
[TDSE] Running TDSE-SH-elliptical. step 68200, energy = -0.4258366182741187
  |->  par_lens = 201, 200, 201
[TDSE] Running TDSE-SH-elliptical. step 68400, energy = -0.42604393229993737
  |->  par_lens = 201, 200, 201
[TDSE] Running TDSE-SH-elliptical. step 68600, energy = -0.42592041666196034
  |->  par_lens = 201, 200, 201
[TDSE] Running TDSE-SH-elliptical. step 68800, energy = -0.4260900725561017
  |->  par_lens = 201, 200, 201
[TDSE] Running TDSE-SH-elliptical. step 69000, energy = -0.4260038030692621
  |->  par_lens = 201, 200, 201
[TDSE] Running TDSE-SH-elliptical. step 69200, energy = -0.4262119878885446
  |->  par_lens = 201, 200, 201
[TDSE] Running TDSE-SH-elliptical. step 69400, energy = -0.42604824144853015
  |->  par_lens = 201, 200, 201
[TDSE] Running TDSE-SH-elliptical. step 69600, energy = -0.42633506953877526
  |->  par_lens = 201, 200, 201
[TDSE] Running TDSE-SH-elliptical. step 69800, energy = -0.42613721177759034
  |->  par_lens = 201, 200, 201
[TDSE] Running TDSE-SH-elliptical. step 70000, energy = -0.4264342718369896
  |->  par_lens = 201, 200, 201
[TDSE] Running TDSE-SH-elliptical. step 70200, energy = -0.4262572675093468
  |->  par_lens = 201, 200, 201
[TDSE] Running TDSE-SH-elliptical. step 70400, energy = -0.4264720578991509
  |->  par_lens = 201, 200, 201
[TDSE] Running TDSE-SH-elliptical. step 70600, energy = -0.42637330277966135
  |->  par_lens = 201, 200, 201
[TDSE] Running TDSE-SH-elliptical. step 70800, energy = -0.42662436581025853
  |->  par_lens = 201, 200, 201
[TDSE] Running TDSE-SH-elliptical. step 71000, energy = -0.4263987747949508
  |->  par_lens = 201, 200, 201
[TDSE] Running TDSE-SH-elliptical. step 71200, energy = -0.4266664244676779
  |->  par_lens = 201, 200, 201
[TDSE] Running TDSE-SH-elliptical. step 71400, energy = -0.42660505345061445
  |->  par_lens = 201, 200, 201
[TDSE] Running TDSE-SH-elliptical. step 71600, energy = -0.42670802536946595
  |->  par_lens = 201, 200, 201
[TDSE] Running TDSE-SH-elliptical. step 71800, energy = -0.42668466852480214
  |->  par_lens = 200, 200, 200
[TDSE] Running TDSE-SH-elliptical. step 72000, energy = -0.42681562181226446
  |->  par_lens = 200, 200, 201
[TDSE] Running TDSE-SH-elliptical. step 72200, energy = -0.42679716119638605
  |->  par_lens = 199, 198, 200
[TDSE] Running TDSE-SH-elliptical. step 72400, energy = -0.4268824268322455
  |->  par_lens = 198, 199, 197
[TDSE] Running TDSE-SH-elliptical. step 72600, energy = -0.4269165848869055
  |->  par_lens = 199, 197, 199
[TDSE] Running TDSE-SH-elliptical. step 72800, energy = -0.4268963412178922
  |->  par_lens = 198, 195, 196
[TDSE] Running TDSE-SH-elliptical. step 73000, energy = -0.4270648580180328
  |->  par_lens = 196, 196, 195
[TDSE] Running TDSE-SH-elliptical. step 73200, energy = -0.42695369762564117
  |->  par_lens = 194, 193, 195
[TDSE] Running TDSE-SH-elliptical. step 73400, energy = -0.42710612838149836
  |->  par_lens = 195, 193, 195
[TDSE] Running TDSE-SH-elliptical. step 73600, energy = -0.42703058441605374
  |->  par_lens = 194, 193, 191
[TDSE] Running TDSE-SH-elliptical. step 73800, energy = -0.4271917576008605
  |->  par_lens = 193, 190, 191
[TDSE] Running TDSE-SH-elliptical. step 74000, energy = -0.4270281517868292
  |->  par_lens = 191, 191, 192
[TDSE] Running TDSE-SH-elliptical. step 74200, energy = -0.4273056984903845
  |->  par_lens = 190, 190, 190
[TDSE] Running TDSE-SH-elliptical. step 74400, energy = -0.4270320486685811
  |->  par_lens = 191, 188, 190
[TDSE] Running TDSE-SH-elliptical. step 74600, energy = -0.42730957096436534
  |->  par_lens = 188, 187, 187
[TDSE] Running TDSE-SH-elliptical. step 74800, energy = -0.42714912801299193
  |->  par_lens = 187, 187, 189
[TDSE] Running TDSE-SH-elliptical. step 75000, energy = -0.4273294529633799
  |->  par_lens = 187, 186, 186
[TDSE] Running TDSE-SH-elliptical. step 75200, energy = -0.42710807736022
  |->  par_lens = 185, 185, 188
[TDSE] Running TDSE-SH-elliptical. step 75400, energy = -0.4274115843704196
  |->  par_lens = 185, 186, 186
[TDSE] Running TDSE-SH-elliptical. step 75600, energy = -0.4271685076665266
  |->  par_lens = 185, 185, 186
[TDSE] Running TDSE-SH-elliptical. step 75800, energy = -0.42737708519993733
  |->  par_lens = 184, 185, 184
[TDSE] Running TDSE-SH-elliptical. step 76000, energy = -0.4271921161517798
  |->  par_lens = 184, 185, 185
[TDSE] Running TDSE-SH-elliptical. step 76200, energy = -0.42735947686880527
  |->  par_lens = 184, 185, 185
[TDSE] Running TDSE-SH-elliptical. step 76400, energy = -0.4272788236177443
  |->  par_lens = 184, 185, 186
[TDSE] Running TDSE-SH-elliptical. step 76600, energy = -0.42735369318317107
  |->  par_lens = 184, 185, 186
[TDSE] Running TDSE-SH-elliptical. step 76800, energy = -0.4272229489870063
  |->  par_lens = 184, 185, 189
[TDSE] Running TDSE-SH-elliptical. step 77000, energy = -0.42738243359445094
  |->  par_lens = 184, 185, 186
[TDSE] Running TDSE-SH-elliptical. step 77200, energy = -0.4273408502652362
  |->  par_lens = 184, 186, 186
[TDSE] Running TDSE-SH-elliptical. step 77400, energy = -0.4272710765931402
  |->  par_lens = 184, 185, 186
[TDSE] Running TDSE-SH-elliptical. step 77600, energy = -0.42737896194195996
  |->  par_lens = 185, 185, 186
[TDSE] Running TDSE-SH-elliptical. step 77800, energy = -0.4273079345250449
  |->  par_lens = 185, 185, 186
[TDSE] Running TDSE-SH-elliptical. step 78000, energy = -0.4273757612639067
  |->  par_lens = 185, 186, 187
[TDSE] Running TDSE-SH-elliptical. step 78200, energy = -0.4273048580356308
  |->  par_lens = 184, 185, 187
[TDSE] Running TDSE-SH-elliptical. step 78400, energy = -0.42743715183847053
  |->  par_lens = 184, 185, 186
[TDSE] Running TDSE-SH-elliptical. step 78600, energy = -0.4272480552145338
  |->  par_lens = 184, 185, 186
[TDSE] Running TDSE-SH-elliptical. step 78800, energy = -0.42750223691238326
  |->  par_lens = 184, 186, 186
[TDSE] Running TDSE-SH-elliptical. step 79000, energy = -0.42725634927832723
  |->  par_lens = 185, 185, 186
[TDSE] Running TDSE-SH-elliptical. step 79200, energy = -0.42750480070659075
  |->  par_lens = 184, 185, 186
[TDSE] Running TDSE-SH-elliptical. step 79400, energy = -0.427288717900486
  |->  par_lens = 184, 185, 186
[TDSE] Running TDSE-SH-elliptical. step 79600, energy = -0.4274965610927107
  |->  par_lens = 184, 185, 186
[TDSE] Running TDSE-SH-elliptical. step 79800, energy = -0.42728903866448326
  |->  par_lens = 184, 185, 186
[TDSE] Running TDSE-SH-elliptical. step 80000, energy = -0.4275786623896264
  |->  par_lens = 184, 185, 186
[TDSE] Running TDSE-SH-elliptical. step 80200, energy = -0.42725801205224034
  |->  par_lens = 184, 186, 186
[TDSE] Running TDSE-SH-elliptical. step 80400, energy = -0.42755384989058637
  |->  par_lens = 184, 185, 187
[TDSE] Running TDSE-SH-elliptical. step 80600, energy = -0.42736525421090643
  |->  par_lens = 184, 185, 186
[TDSE] Running TDSE-SH-elliptical. step 80800, energy = -0.4275068861776988
  |->  par_lens = 184, 185, 186
[TDSE] Running TDSE-SH-elliptical. step 81000, energy = -0.42736856440484333
  |->  par_lens = 184, 185, 186
[TDSE] Running TDSE-SH-elliptical. step 81200, energy = -0.42756429892608233
  |->  par_lens = 184, 185, 186
[TDSE] Running TDSE-SH-elliptical. step 81400, energy = -0.42736651481353327
  |->  par_lens = 184, 185, 186
[TDSE] Running TDSE-SH-elliptical. step 81600, energy = -0.4275285819214099
  |->  par_lens = 184, 185, 186
[TDSE] Running TDSE-SH-elliptical. step 81800, energy = -0.4274723340167579
  |->  par_lens = 184, 185, 186
[TDSE] Running TDSE-SH-elliptical. step 82000, energy = -0.42747971976349836
  |->  par_lens = 184, 185, 186
[TDSE] Running TDSE-SH-elliptical. step 82200, energy = -0.4275053430138911
  |->  par_lens = 184, 185, 186
[TDSE] Running TDSE-SH-elliptical. step 82400, energy = -0.4274778494456807
  |->  par_lens = 184, 185, 186
[TDSE] Running TDSE-SH-elliptical. step 82600, energy = -0.4275351784412737
  |->  par_lens = 184, 185, 186
[TDSE] Running TDSE-SH-elliptical. step 82800, energy = -0.4274930773759448
  |->  par_lens = 184, 185, 186
[TDSE] Running TDSE-SH-elliptical. step 83000, energy = -0.42755582874664194
  |->  par_lens = 184, 185, 186
[TDSE] Running TDSE-SH-elliptical. step 83200, energy = -0.42741819317256835
  |->  par_lens = 184, 185, 186
[TDSE] Running TDSE-SH-elliptical. step 83400, energy = -0.427678818969434
  |->  par_lens = 184, 185, 186
[TDSE] Running TDSE-SH-elliptical. step 83600, energy = -0.427398091384704
  |->  par_lens = 184, 184, 186
[TDSE] Running TDSE-SH-elliptical. step 83800, energy = -0.4276171665022904
  |->  par_lens = 184, 184, 186
[TDSE] Running TDSE-SH-elliptical. step 84000, energy = -0.4274704198641575
  |->  par_lens = 184, 185, 184
[TDSE] Running TDSE-SH-elliptical. step 84200, energy = -0.42766532527685025
  |->  par_lens = 184, 184, 186
[TDSE] Running TDSE-SH-elliptical. step 84400, energy = -0.4273729790348379
  |->  par_lens = 184, 185, 186
[TDSE] Running TDSE-SH-elliptical. step 84600, energy = -0.42771305169766016
  |->  par_lens = 184, 185, 186
[TDSE] Running TDSE-SH-elliptical. step 84800, energy = -0.42741549582661537
  |->  par_lens = 184, 184, 184
[TDSE] Running TDSE-SH-elliptical. step 85000, energy = -0.4276886232234646
  |->  par_lens = 183, 185, 185
[TDSE] Running TDSE-SH-elliptical. step 85200, energy = -0.42743323015081836
  |->  par_lens = 183, 185, 185
[TDSE] Running TDSE-SH-elliptical. step 85400, energy = -0.4276538826725581
  |->  par_lens = 184, 185, 185
[TDSE] Running TDSE-SH-elliptical. step 85600, energy = -0.42748370839576305
  |->  par_lens = 184, 184, 184
[TDSE] Running TDSE-SH-elliptical. step 85800, energy = -0.42769225832214447
  |->  par_lens = 184, 184, 186
[TDSE] Running TDSE-SH-elliptical. step 86000, energy = -0.42743185833292835
  |->  par_lens = 183, 184, 185
[TDSE] Running TDSE-SH-elliptical. step 86200, energy = -0.4276685292033871
  |->  par_lens = 184, 183, 185
