[ITP]: 10000.471108571397
[ITP]: 0.022107823405609905
[ITP]: 0.004976805475414736
[ITP]: 0.0021058954092971205
[ITP]: 0.001084104546129061
[ITP]: 0.0006160870179273692
[ITP]: 0.0003714642087823128
[ITP]: 0.00023286611963801995
[ITP]: 0.0001500123428329614
[ITP]: 9.857967926441003e-5
[ITP]: 6.57601184761436e-5
[ITP]: 4.43786526744816e-5
[ITP]: 3.022437766897479e-5
[ITP]: 2.0735965556739622e-5
[ITP]: 1.4311264988853267e-5
[ITP]: 9.92563006574354e-6
[ITP]: 6.9119921211058255e-6
[ITP]: 4.82976755122877e-6
[ITP]: 3.384510666504248e-6
[ITP]: 2.3775199649023193e-6
[ITP]: 1.6736194445865493e-6
[ITP]: 1.1802274751948616e-6
[ITP]: 8.335748883370186e-7
[ITP]: 5.895273362810372e-7
[ITP]: 4.174150680658073e-7
[ITP]: 2.958509506267859e-7
[ITP]: 2.098764437796774e-7
[ITP]: 1.4900242706339384e-7
[ITP]: 1.0585745457980522e-7
[ITP]: 7.525113565609587e-8
[ITP]: 5.352267851144177e-8
[ITP]: 3.808635307134267e-8
[ITP]: 2.7113442158110956e-8
[ITP]: 1.9309163601377577e-8
[ITP]: 1.3755872219078924e-8
[ITP]: 9.802639699962867e-9
Energy of ground state: -0.5030607411950042
[TDSE] Start TDSE-SH for elliptical polarized laser. It may cost a plenty of time.
[TDSE] Running TDSE-SH-elliptical. step 0, energy = -0.5030607411950033
  |->  par_lens = 1, 1, 1
[TDSE] Running TDSE-SH-elliptical. step 200, energy = -0.5030607411948617
  |->  par_lens = 1, 1, 1
[TDSE] Running TDSE-SH-elliptical. step 400, energy = -0.5030607411947132
  |->  par_lens = 1, 1, 2
[TDSE] Running TDSE-SH-elliptical. step 600, energy = -0.5030607411944202
  |->  par_lens = 1, 1, 2
[TDSE] Running TDSE-SH-elliptical. step 800, energy = -0.503060741193595
  |->  par_lens = 1, 1, 2
[TDSE] Running TDSE-SH-elliptical. step 1000, energy = -0.5030607411910855
  |->  par_lens = 1, 1, 2
[TDSE] Running TDSE-SH-elliptical. step 1200, energy = -0.5030607411848678
  |->  par_lens = 1, 1, 2
[TDSE] Running TDSE-SH-elliptical. step 1400, energy = -0.5030607411711137
  |->  par_lens = 1, 1, 2
[TDSE] Running TDSE-SH-elliptical. step 1600, energy = -0.5030607411446505
  |->  par_lens = 1, 1, 2
[TDSE] Running TDSE-SH-elliptical. step 1800, energy = -0.5030607410970486
  |->  par_lens = 1, 1, 2
[TDSE] Running TDSE-SH-elliptical. step 2000, energy = -0.5030607410183969
  |->  par_lens = 1, 1, 2
[TDSE] Running TDSE-SH-elliptical. step 2200, energy = -0.5030607408939765
  |->  par_lens = 1, 1, 2
[TDSE] Running TDSE-SH-elliptical. step 2400, energy = -0.503060740708186
  |->  par_lens = 1, 1, 2
[TDSE] Running TDSE-SH-elliptical. step 2600, energy = -0.503060740438869
  |->  par_lens = 1, 1, 2
[TDSE] Running TDSE-SH-elliptical. step 2800, energy = -0.5030607400648444
  |->  par_lens = 1, 1, 2
[TDSE] Running TDSE-SH-elliptical. step 3000, energy = -0.503060739555254
  |->  par_lens = 1, 1, 2
[TDSE] Running TDSE-SH-elliptical. step 3200, energy = -0.503060738886262
  |->  par_lens = 1, 1, 2
[TDSE] Running TDSE-SH-elliptical. step 3400, energy = -0.5030607380166955
  |->  par_lens = 1, 1, 2
[TDSE] Running TDSE-SH-elliptical. step 3600, energy = -0.5030607369224416
  |->  par_lens = 1, 1, 2
[TDSE] Running TDSE-SH-elliptical. step 3800, energy = -0.5030607355553532
  |->  par_lens = 1, 1, 2
[TDSE] Running TDSE-SH-elliptical. step 4000, energy = -0.5030607338932443
  |->  par_lens = 1, 1, 2
[TDSE] Running TDSE-SH-elliptical. step 4200, energy = -0.503060731877928
  |->  par_lens = 1, 1, 2
[TDSE] Running TDSE-SH-elliptical. step 4400, energy = -0.5030607295014057
  |->  par_lens = 1, 1, 2
[TDSE] Running TDSE-SH-elliptical. step 4600, energy = -0.5030607266974475
  |->  par_lens = 1, 1, 2
[TDSE] Running TDSE-SH-elliptical. step 4800, energy = -0.5030607234600625
  |->  par_lens = 1, 1, 2
[TDSE] Running TDSE-SH-elliptical. step 5000, energy = -0.5030607197406763
  |->  par_lens = 1, 1, 2
[TDSE] Running TDSE-SH-elliptical. step 5200, energy = -0.5030607155300314
  |->  par_lens = 1, 1, 2
[TDSE] Running TDSE-SH-elliptical. step 5400, energy = -0.5030607107892764
  |->  par_lens = 2, 2, 2
[TDSE] Running TDSE-SH-elliptical. step 5600, energy = -0.5030607055183198
  |->  par_lens = 2, 2, 2
[TDSE] Running TDSE-SH-elliptical. step 5800, energy = -0.503060699705172
  |->  par_lens = 2, 2, 2
[TDSE] Running TDSE-SH-elliptical. step 6000, energy = -0.5030606933240562
  |->  par_lens = 2, 2, 2
[TDSE] Running TDSE-SH-elliptical. step 6200, energy = -0.5030606864304239
  |->  par_lens = 2, 2, 2
[TDSE] Running TDSE-SH-elliptical. step 6400, energy = -0.5030606789522453
  |->  par_lens = 2, 2, 2
[TDSE] Running TDSE-SH-elliptical. step 6600, energy = -0.5030606710011367
  |->  par_lens = 2, 2, 2
[TDSE] Running TDSE-SH-elliptical. step 6800, energy = -0.5030606625107019
  |->  par_lens = 2, 2, 2
[TDSE] Running TDSE-SH-elliptical. step 7000, energy = -0.5030606535971888
  |->  par_lens = 2, 2, 2
[TDSE] Running TDSE-SH-elliptical. step 7200, energy = -0.5030606441739546
  |->  par_lens = 2, 2, 2
[TDSE] Running TDSE-SH-elliptical. step 7400, energy = -0.5030606344636485
  |->  par_lens = 2, 2, 2
[TDSE] Running TDSE-SH-elliptical. step 7600, energy = -0.5030606243096668
  |->  par_lens = 2, 2, 2
[TDSE] Running TDSE-SH-elliptical. step 7800, energy = -0.5030606139141673
  |->  par_lens = 2, 2, 2
[TDSE] Running TDSE-SH-elliptical. step 8000, energy = -0.5030606032455475
  |->  par_lens = 2, 2, 2
[TDSE] Running TDSE-SH-elliptical. step 8200, energy = -0.5030605924371344
  |->  par_lens = 2, 2, 2
[TDSE] Running TDSE-SH-elliptical. step 8400, energy = -0.503060581438145
  |->  par_lens = 2, 2, 2
[TDSE] Running TDSE-SH-elliptical. step 8600, energy = -0.5030605704199671
  |->  par_lens = 2, 2, 2
[TDSE] Running TDSE-SH-elliptical. step 8800, energy = -0.5030605593799243
  |->  par_lens = 2, 2, 2
[TDSE] Running TDSE-SH-elliptical. step 9000, energy = -0.5030605483860213
  |->  par_lens = 2, 2, 2
[TDSE] Running TDSE-SH-elliptical. step 9200, energy = -0.5030605375337169
  |->  par_lens = 2, 2, 2
[TDSE] Running TDSE-SH-elliptical. step 9400, energy = -0.5030605267864972
  |->  par_lens = 2, 2, 2
[TDSE] Running TDSE-SH-elliptical. step 9600, energy = -0.5030605163322205
  |->  par_lens = 2, 2, 2
[TDSE] Running TDSE-SH-elliptical. step 9800, energy = -0.5030605061077896
  |->  par_lens = 2, 2, 2
[TDSE] Running TDSE-SH-elliptical. step 10000, energy = -0.5030604962230547
  |->  par_lens = 2, 2, 2
[TDSE] Running TDSE-SH-elliptical. step 10200, energy = -0.5030604658839468
  |->  par_lens = 2, 2, 2
[TDSE] Running TDSE-SH-elliptical. step 10400, energy = -0.5030601886770425
  |->  par_lens = 2, 2, 2
[TDSE] Running TDSE-SH-elliptical. step 10600, energy = -0.503059821479284
  |->  par_lens = 2, 2, 2
[TDSE] Running TDSE-SH-elliptical. step 10800, energy = -0.5030599350670132
  |->  par_lens = 2, 2, 2
[TDSE] Running TDSE-SH-elliptical. step 11000, energy = -0.5030548501762929
  |->  par_lens = 3, 2, 2
[TDSE] Running TDSE-SH-elliptical. step 11200, energy = -0.5030229279567968
  |->  par_lens = 4, 3, 3
[TDSE] Running TDSE-SH-elliptical. step 11400, energy = -0.5029465212732229
  |->  par_lens = 4, 3, 3
[TDSE] Running TDSE-SH-elliptical. step 11600, energy = -0.5028655686196745
  |->  par_lens = 4, 5, 3
[TDSE] Running TDSE-SH-elliptical. step 11800, energy = -0.5028768511007377
  |->  par_lens = 5, 4, 5
[TDSE] Running TDSE-SH-elliptical. step 12000, energy = -0.5029702629463569
  |->  par_lens = 4, 4, 3
[TDSE] Running TDSE-SH-elliptical. step 12200, energy = -0.5028942425876042
  |->  par_lens = 4, 4, 4
[TDSE] Running TDSE-SH-elliptical. step 12400, energy = -0.5023553712870028
  |->  par_lens = 5, 5, 6
[TDSE] Running TDSE-SH-elliptical. step 12600, energy = -0.5015366960694483
  |->  par_lens = 7, 7, 7
[TDSE] Running TDSE-SH-elliptical. step 12800, energy = -0.5011962355636037
  |->  par_lens = 7, 7, 7
[TDSE] Running TDSE-SH-elliptical. step 13000, energy = -0.5018364583135715
  |->  par_lens = 6, 6, 7
[TDSE] Running TDSE-SH-elliptical. step 13200, energy = -0.5026294202363826
  |->  par_lens = 6, 5, 6
[TDSE] Running TDSE-SH-elliptical. step 13400, energy = -0.5018689578619858
  |->  par_lens = 6, 6, 7
[TDSE] Running TDSE-SH-elliptical. step 13600, energy = -0.4990909467436281
  |->  par_lens = 9, 9, 8
[TDSE] Running TDSE-SH-elliptical. step 13800, energy = -0.49649991094213897
  |->  par_lens = 10, 10, 10
[TDSE] Running TDSE-SH-elliptical. step 14000, energy = -0.4970394398621792
  |->  par_lens = 11, 10, 10
[TDSE] Running TDSE-SH-elliptical. step 14200, energy = -0.5002831674981348
  |->  par_lens = 11, 11, 12
[TDSE] Running TDSE-SH-elliptical. step 14400, energy = -0.5015232219313679
  |->  par_lens = 12, 11, 12
[TDSE] Running TDSE-SH-elliptical. step 14600, energy = -0.4966468754999789
  |->  par_lens = 11, 12, 13
[TDSE] Running TDSE-SH-elliptical. step 14800, energy = -0.4883933159423284
  |->  par_lens = 14, 13, 14
[TDSE] Running TDSE-SH-elliptical. step 15000, energy = -0.48499625445781264
  |->  par_lens = 17, 17, 16
[TDSE] Running TDSE-SH-elliptical. step 15200, energy = -0.49092029588721525
  |->  par_lens = 18, 18, 18
[TDSE] Running TDSE-SH-elliptical. step 15400, energy = -0.4990609446573421
  |->  par_lens = 20, 20, 21
[TDSE] Running TDSE-SH-elliptical. step 15600, energy = -0.49691158468704455
  |->  par_lens = 21, 20, 21
[TDSE] Running TDSE-SH-elliptical. step 15800, energy = -0.48172278406496016
  |->  par_lens = 19, 19, 19
[TDSE] Running TDSE-SH-elliptical. step 16000, energy = -0.46731800534465645
  |->  par_lens = 25, 23, 23
[TDSE] Running TDSE-SH-elliptical. step 16200, energy = -0.46982003126452504
  |->  par_lens = 28, 28, 27
[TDSE] Running TDSE-SH-elliptical. step 16400, energy = -0.4872176933147054
  |->  par_lens = 32, 32, 32
[TDSE] Running TDSE-SH-elliptical. step 16600, energy = -0.49685053018956654
  |->  par_lens = 34, 35, 33
[TDSE] Running TDSE-SH-elliptical. step 16800, energy = -0.4804314851082976
  |->  par_lens = 35, 34, 34
[TDSE] Running TDSE-SH-elliptical. step 17000, energy = -0.44925390431438056
  |->  par_lens = 33, 30, 32
[TDSE] Running TDSE-SH-elliptical. step 17200, energy = -0.43608209556484373
  |->  par_lens = 40, 41, 41
[TDSE] Running TDSE-SH-elliptical. step 17400, energy = -0.4567333233128441
  |->  par_lens = 49, 51, 49
[TDSE] Running TDSE-SH-elliptical. step 17600, energy = -0.4875885153769413
  |->  par_lens = 59, 56, 56
[TDSE] Running TDSE-SH-elliptical. step 17800, energy = -0.4861608211196654
  |->  par_lens = 59, 57, 58
[TDSE] Running TDSE-SH-elliptical. step 18000, energy = -0.4432695438861396
  |->  par_lens = 52, 52, 54
[TDSE] Running TDSE-SH-elliptical. step 18200, energy = -0.4013424422188959
  |->  par_lens = 49, 53, 50
[TDSE] Running TDSE-SH-elliptical. step 18400, energy = -0.4069758243354117
  |->  par_lens = 68, 68, 67
[TDSE] Running TDSE-SH-elliptical. step 18600, energy = -0.4553798475170927
  |->  par_lens = 84, 84, 84
[TDSE] Running TDSE-SH-elliptical. step 18800, energy = -0.48697159869939544
  |->  par_lens = 90, 91, 91
[TDSE] Running TDSE-SH-elliptical. step 19000, energy = -0.45221829692733956
  |->  par_lens = 94, 90, 92
[TDSE] Running TDSE-SH-elliptical. step 19200, energy = -0.3789737899813338
  |->  par_lens = 78, 79, 75
[TDSE] Running TDSE-SH-elliptical. step 19400, energy = -0.3476003064330129
  |->  par_lens = 81, 84, 81
[TDSE] Running TDSE-SH-elliptical. step 19600, energy = -0.39157240750749245
  |->  par_lens = 117, 115, 115
[TDSE] Running TDSE-SH-elliptical. step 19800, energy = -0.46473050885284506
  |->  par_lens = 137, 135, 136
[TDSE] Running TDSE-SH-elliptical. step 20000, energy = -0.47021878415551954
  |->  par_lens = 143, 142, 141
[TDSE] Running TDSE-SH-elliptical. step 20200, energy = -0.38598906293224505
  |->  par_lens = 139, 141, 134
[TDSE] Running TDSE-SH-elliptical. step 20400, energy = -0.301504077155533
  |->  par_lens = 107, 105, 106
[TDSE] Running TDSE-SH-elliptical. step 20600, energy = -0.3119239946536477
  |->  par_lens = 136, 137, 139
[TDSE] Running TDSE-SH-elliptical. step 20800, energy = -0.4019341780442522
  |->  par_lens = 178, 181, 182
[TDSE] Running TDSE-SH-elliptical. step 21000, energy = -0.47120413299033875
  |->  par_lens = 201, 199, 197
[TDSE] Running TDSE-SH-elliptical. step 21200, energy = -0.4169135610842711
  |->  par_lens = 202, 203, 201
[TDSE] Running TDSE-SH-elliptical. step 21400, energy = -0.28840609636960024
  |->  par_lens = 175, 177, 177
[TDSE] Running TDSE-SH-elliptical. step 21600, energy = -0.23412548521874432
  |->  par_lens = 155, 161, 159
[TDSE] Running TDSE-SH-elliptical. step 21800, energy = -0.3046650880412087
  |->  par_lens = 212, 213, 215
[TDSE] Running TDSE-SH-elliptical. step 22000, energy = -0.4295872132141757
  |->  par_lens = 264, 263, 264
[TDSE] Running TDSE-SH-elliptical. step 22200, energy = -0.45121929101134084
  |->  par_lens = 274, 273, 275
[TDSE] Running TDSE-SH-elliptical. step 22400, energy = -0.32302367209740673
  |->  par_lens = 265, 267, 265
[TDSE] Running TDSE-SH-elliptical. step 22600, energy = -0.18962472695840446
  |->  par_lens = 222, 210, 222
[TDSE] Running TDSE-SH-elliptical. step 22800, energy = -0.2089068387532057
  |->  par_lens = 237, 242, 246
[TDSE] Running TDSE-SH-elliptical. step 23000, energy = -0.3341281180320142
  |->  par_lens = 309, 307, 309
[TDSE] Running TDSE-SH-elliptical. step 23200, energy = -0.44699803659013027
  |->  par_lens = 344, 344, 345
[TDSE] Running TDSE-SH-elliptical. step 23400, energy = -0.3825698186347542
  |->  par_lens = 346, 348, 346
[TDSE] Running TDSE-SH-elliptical. step 23600, energy = -0.20256985611578615
  |->  par_lens = 306, 311, 308
[TDSE] Running TDSE-SH-elliptical. step 23800, energy = -0.12512835483937243
  |->  par_lens = 285, 274, 272
[TDSE] Running TDSE-SH-elliptical. step 24000, energy = -0.22140107981370374
  |->  par_lens = 351, 343, 347
[TDSE] Running TDSE-SH-elliptical. step 24200, energy = -0.38391771500424776
  |->  par_lens = 412, 405, 408
[TDSE] Running TDSE-SH-elliptical. step 24400, energy = -0.42657300051189406
  |->  par_lens = 423, 419, 423
[TDSE] Running TDSE-SH-elliptical. step 24600, energy = -0.27322882713657287
  |->  par_lens = 409, 408, 411
[TDSE] Running TDSE-SH-elliptical. step 24800, energy = -0.10101302862103198
  |->  par_lens = 368, 361, 360
[TDSE] Running TDSE-SH-elliptical. step 25000, energy = -0.12643155206792797
  |->  par_lens = 364, 363, 370
[TDSE] Running TDSE-SH-elliptical. step 25200, energy = -0.2694445512101411
  |->  par_lens = 435, 433, 435
[TDSE] Running TDSE-SH-elliptical. step 25400, energy = -0.412457856060957
  |->  par_lens = 474, 475, 471
[TDSE] Running TDSE-SH-elliptical. step 25600, energy = -0.35262380927499987
  |->  par_lens = 475, 477, 472
[TDSE] Running TDSE-SH-elliptical. step 25800, energy = -0.15334461832765062
  |->  par_lens = 443, 444, 447
[TDSE] Running TDSE-SH-elliptical. step 26000, energy = -0.058591987494156554
  |->  par_lens = 431, 423, 419
[TDSE] Running TDSE-SH-elliptical. step 26200, energy = -0.16662503900905107
  |->  par_lens = 461, 451, 455
[TDSE] Running TDSE-SH-elliptical. step 26400, energy = -0.33776795295867923
  |->  par_lens = 496, 497, 498
[TDSE] Running TDSE-SH-elliptical. step 26600, energy = -0.39801168039505935
  |->  par_lens = 507, 506, 507
[TDSE] Running TDSE-SH-elliptical. step 26800, energy = -0.25147848114361787
  |->  par_lens = 505, 506, 506
[TDSE] Running TDSE-SH-elliptical. step 27000, energy = -0.0713161957316637
  |->  par_lens = 491, 485, 487
[TDSE] Running TDSE-SH-elliptical. step 27200, energy = -0.09561049508356545
  |->  par_lens = 490, 489, 487
[TDSE] Running TDSE-SH-elliptical. step 27400, energy = -0.23035298816326233
  |->  par_lens = 514, 506, 510
[TDSE] Running TDSE-SH-elliptical. step 27600, energy = -0.37787115342427074
  |->  par_lens = 523, 520, 519
[TDSE] Running TDSE-SH-elliptical. step 27800, energy = -0.33545859123014815
  |->  par_lens = 526, 523, 522
[TDSE] Running TDSE-SH-elliptical. step 28000, energy = -0.15322311402512717
  |->  par_lens = 515, 516, 521
[TDSE] Running TDSE-SH-elliptical. step 28200, energy = -0.06263959340008053
  |->  par_lens = 511, 511, 503
[TDSE] Running TDSE-SH-elliptical. step 28400, energy = -0.1554017439818083
  |->  par_lens = 521, 524, 516
[TDSE] Running TDSE-SH-elliptical. step 28600, energy = -0.31168992411450225
  |->  par_lens = 537, 536, 530
[TDSE] Running TDSE-SH-elliptical. step 28800, energy = -0.37633795441201917
  |->  par_lens = 539, 537, 535
[TDSE] Running TDSE-SH-elliptical. step 29000, energy = -0.2580860492952396
  |->  par_lens = 536, 536, 534
[TDSE] Running TDSE-SH-elliptical. step 29200, energy = -0.10818848171633276
  |->  par_lens = 528, 525, 524
[TDSE] Running TDSE-SH-elliptical. step 29400, energy = -0.12086850087536252
  |->  par_lens = 523, 523, 521
[TDSE] Running TDSE-SH-elliptical. step 29600, energy = -0.22904100474261144
  |->  par_lens = 538, 534, 533
[TDSE] Running TDSE-SH-elliptical. step 29800, energy = -0.3613008111649656
  |->  par_lens = 538, 539, 545
[TDSE] Running TDSE-SH-elliptical. step 30000, energy = -0.33819031311659853
  |->  par_lens = 542, 538, 540
[TDSE] Running TDSE-SH-elliptical. step 30200, energy = -0.19904179841984923
  |->  par_lens = 542, 533, 542
[TDSE] Running TDSE-SH-elliptical. step 30400, energy = -0.12720392775326989
  |->  par_lens = 530, 527, 530
[TDSE] Running TDSE-SH-elliptical. step 30600, energy = -0.18821005736887092
  |->  par_lens = 535, 538, 540
[TDSE] Running TDSE-SH-elliptical. step 30800, energy = -0.3124079775435683
  |->  par_lens = 544, 540, 547
[TDSE] Running TDSE-SH-elliptical. step 31000, energy = -0.3724043279448631
  |->  par_lens = 544, 544, 551
[TDSE] Running TDSE-SH-elliptical. step 31200, energy = -0.2961524698948416
  |->  par_lens = 543, 545, 544
[TDSE] Running TDSE-SH-elliptical. step 31400, energy = -0.1933542782996657
  |->  par_lens = 539, 534, 539
[TDSE] Running TDSE-SH-elliptical. step 31600, energy = -0.18778240657430428
  |->  par_lens = 529, 532, 534
[TDSE] Running TDSE-SH-elliptical. step 31800, energy = -0.2712994234239253
  |->  par_lens = 542, 531, 545
[TDSE] Running TDSE-SH-elliptical. step 32000, energy = -0.36824550478435375
  |->  par_lens = 544, 546, 544
[TDSE] Running TDSE-SH-elliptical. step 32200, energy = -0.3594414148231548
  |->  par_lens = 547, 544, 547
[TDSE] Running TDSE-SH-elliptical. step 32400, energy = -0.26995738190674334
  |->  par_lens = 544, 537, 542
[TDSE] Running TDSE-SH-elliptical. step 32600, energy = -0.2230947490932535
  |->  par_lens = 542, 536, 541
[TDSE] Running TDSE-SH-elliptical. step 32800, energy = -0.25857911840046344
  |->  par_lens = 546, 540, 539
[TDSE] Running TDSE-SH-elliptical. step 33000, energy = -0.33985963668520924
  |->  par_lens = 545, 547, 548
[TDSE] Running TDSE-SH-elliptical. step 33200, energy = -0.38317752375496605
  |->  par_lens = 544, 547, 551
[TDSE] Running TDSE-SH-elliptical. step 33400, energy = -0.3425072068274667
  |->  par_lens = 543, 547, 549
[TDSE] Running TDSE-SH-elliptical. step 33600, energy = -0.2823292066032849
  |->  par_lens = 538, 540, 542
[TDSE] Running TDSE-SH-elliptical. step 33800, energy = -0.27833490311232795
  |->  par_lens = 540, 532, 536
[TDSE] Running TDSE-SH-elliptical. step 34000, energy = -0.32387698953674904
  |->  par_lens = 538, 541, 543
[TDSE] Running TDSE-SH-elliptical. step 34200, energy = -0.3795987458853283
  |->  par_lens = 544, 542, 546
[TDSE] Running TDSE-SH-elliptical. step 34400, energy = -0.38083044764634544
  |->  par_lens = 541, 541, 544
[TDSE] Running TDSE-SH-elliptical. step 34600, energy = -0.33938282190693364
  |->  par_lens = 533, 540, 536
[TDSE] Running TDSE-SH-elliptical. step 34800, energy = -0.3078572314061385
  |->  par_lens = 527, 538, 536
[TDSE] Running TDSE-SH-elliptical. step 35000, energy = -0.3274759121396215
  |->  par_lens = 524, 534, 528
[TDSE] Running TDSE-SH-elliptical. step 35200, energy = -0.36800376494039305
  |->  par_lens = 528, 533, 527
[TDSE] Running TDSE-SH-elliptical. step 35400, energy = -0.39190140569386955
  |->  par_lens = 531, 529, 519
[TDSE] Running TDSE-SH-elliptical. step 35600, energy = -0.37759669438659677
  |->  par_lens = 524, 523, 516
[TDSE] Running TDSE-SH-elliptical. step 35800, energy = -0.35361527849796154
  |->  par_lens = 510, 500, 501
[TDSE] Running TDSE-SH-elliptical. step 36000, energy = -0.34275965039183753
  |->  par_lens = 483, 466, 478
[TDSE] Running TDSE-SH-elliptical. step 36200, energy = -0.3717735051984998
  |->  par_lens = 472, 452, 470
[TDSE] Running TDSE-SH-elliptical. step 36400, energy = -0.38971483217993774
  |->  par_lens = 452, 445, 456
[TDSE] Running TDSE-SH-elliptical. step 36600, energy = -0.394774690817866
  |->  par_lens = 443, 427, 439
[TDSE] Running TDSE-SH-elliptical. step 36800, energy = -0.3781109201158954
  |->  par_lens = 425, 425, 422
[TDSE] Running TDSE-SH-elliptical. step 37000, energy = -0.36938496222800266
  |->  par_lens = 401, 399, 399
[TDSE] Running TDSE-SH-elliptical. step 37200, energy = -0.37357609917918905
  |->  par_lens = 389, 382, 397
[TDSE] Running TDSE-SH-elliptical. step 37400, energy = -0.3885565460549691
  |->  par_lens = 379, 372, 380
[TDSE] Running TDSE-SH-elliptical. step 37600, energy = -0.39886094912840353
  |->  par_lens = 367, 363, 371
[TDSE] Running TDSE-SH-elliptical. step 37800, energy = -0.3954516797081986
  |->  par_lens = 358, 352, 364
[TDSE] Running TDSE-SH-elliptical. step 38000, energy = -0.3874017654190884
  |->  par_lens = 334, 333, 348
[TDSE] Running TDSE-SH-elliptical. step 38200, energy = -0.38840866256493933
  |->  par_lens = 301, 306, 303
[TDSE] Running TDSE-SH-elliptical. step 38400, energy = -0.3908089552336131
  |->  par_lens = 279, 283, 281
[TDSE] Running TDSE-SH-elliptical. step 38600, energy = -0.3994827590590576
  |->  par_lens = 277, 277, 277
[TDSE] Running TDSE-SH-elliptical. step 38800, energy = -0.39947152904670175
  |->  par_lens = 270, 270, 267
[TDSE] Running TDSE-SH-elliptical. step 39000, energy = -0.3971347417471918
  |->  par_lens = 262, 252, 254
[TDSE] Running TDSE-SH-elliptical. step 39200, energy = -0.39535986771360554
  |->  par_lens = 254, 249, 247
[TDSE] Running TDSE-SH-elliptical. step 39400, energy = -0.3955581678426062
  |->  par_lens = 254, 251, 253
[TDSE] Running TDSE-SH-elliptical. step 39600, energy = -0.3996675697909546
  |->  par_lens = 258, 255, 259
[TDSE] Running TDSE-SH-elliptical. step 39800, energy = -0.40062764144369695
  |->  par_lens = 255, 252, 256
[TDSE] Running TDSE-SH-elliptical. step 40000, energy = -0.40128236258939465
  |->  par_lens = 252, 251, 251
[TDSE] Running TDSE-SH-elliptical. step 40200, energy = -0.40074993049580276
  |->  par_lens = 251, 247, 248
[TDSE] Running TDSE-SH-elliptical. step 40400, energy = -0.4004135020302705
  |->  par_lens = 246, 240, 242
[TDSE] Running TDSE-SH-elliptical. step 40600, energy = -0.4015878556071089
  |->  par_lens = 239, 236, 240
[TDSE] Running TDSE-SH-elliptical. step 40800, energy = -0.40190163909753074
  |->  par_lens = 232, 231, 234
[TDSE] Running TDSE-SH-elliptical. step 41000, energy = -0.40234015256753775
  |->  par_lens = 222, 228, 225
[TDSE] Running TDSE-SH-elliptical. step 41200, energy = -0.4025783201873512
  |->  par_lens = 218, 221, 221
[TDSE] Running TDSE-SH-elliptical. step 41400, energy = -0.40242277313227315
  |->  par_lens = 216, 222, 223
[TDSE] Running TDSE-SH-elliptical. step 41600, energy = -0.40294784023322444
  |->  par_lens = 216, 219, 220
[TDSE] Running TDSE-SH-elliptical. step 41800, energy = -0.4031849060984921
  |->  par_lens = 215, 218, 217
[TDSE] Running TDSE-SH-elliptical. step 42000, energy = -0.40354782609821294
  |->  par_lens = 215, 217, 217
[TDSE] Running TDSE-SH-elliptical. step 42200, energy = -0.4038078924441491
  |->  par_lens = 214, 216, 217
[TDSE] Running TDSE-SH-elliptical. step 42400, energy = -0.40417145629507123
  |->  par_lens = 212, 215, 217
[TDSE] Running TDSE-SH-elliptical. step 42600, energy = -0.40444663385326324
  |->  par_lens = 210, 213, 215
[TDSE] Running TDSE-SH-elliptical. step 42800, energy = -0.4047251454559147
  |->  par_lens = 209, 213, 213
[TDSE] Running TDSE-SH-elliptical. step 43000, energy = -0.40505233777548144
  |->  par_lens = 208, 213, 210
[TDSE] Running TDSE-SH-elliptical. step 43200, energy = -0.4053716647371319
  |->  par_lens = 208, 210, 209
[TDSE] Running TDSE-SH-elliptical. step 43400, energy = -0.40570188724483935
  |->  par_lens = 206, 209, 207
[TDSE] Running TDSE-SH-elliptical. step 43600, energy = -0.40601486571119216
  |->  par_lens = 205, 207, 207
[TDSE] Running TDSE-SH-elliptical. step 43800, energy = -0.40636637327945135
  |->  par_lens = 204, 207, 207
[TDSE] Running TDSE-SH-elliptical. step 44000, energy = -0.40667187263641247
  |->  par_lens = 204, 205, 206
[TDSE] Running TDSE-SH-elliptical. step 44200, energy = -0.4071491398995601
  |->  par_lens = 203, 203, 202
[TDSE] Running TDSE-SH-elliptical. step 44400, energy = -0.4075342963987801
  |->  par_lens = 202, 203, 202
[TDSE] Running TDSE-SH-elliptical. step 44600, energy = -0.4079608635359366
  |->  par_lens = 200, 202, 201
[TDSE] Running TDSE-SH-elliptical. step 44800, energy = -0.4080849867656496
  |->  par_lens = 199, 198, 199
[TDSE] Running TDSE-SH-elliptical. step 45000, energy = -0.40829960478884847
  |->  par_lens = 195, 196, 199
[TDSE] Running TDSE-SH-elliptical. step 45200, energy = -0.40856565100999387
  |->  par_lens = 195, 196, 197
[TDSE] Running TDSE-SH-elliptical. step 45400, energy = -0.409224939935367
  |->  par_lens = 195, 196, 196
[TDSE] Running TDSE-SH-elliptical. step 45600, energy = -0.409711229791984
  |->  par_lens = 193, 194, 196
[TDSE] Running TDSE-SH-elliptical. step 45800, energy = -0.41015517993326767
  |->  par_lens = 191, 192, 190
[TDSE] Running TDSE-SH-elliptical. step 46000, energy = -0.41029293161563185
  |->  par_lens = 188, 191, 190
[TDSE] Running TDSE-SH-elliptical. step 46200, energy = -0.4105822646593973
  |->  par_lens = 187, 191, 189
[TDSE] Running TDSE-SH-elliptical. step 46400, energy = -0.41084080744951895
  |->  par_lens = 187, 190, 189
[TDSE] Running TDSE-SH-elliptical. step 46600, energy = -0.4112423217049961
  |->  par_lens = 187, 189, 188
[TDSE] Running TDSE-SH-elliptical. step 46800, energy = -0.41148791391114414
  |->  par_lens = 187, 186, 185
[TDSE] Running TDSE-SH-elliptical. step 47000, energy = -0.41189212696023086
  |->  par_lens = 186, 184, 184
[TDSE] Running TDSE-SH-elliptical. step 47200, energy = -0.41222498772989086
  |->  par_lens = 183, 184, 182
[TDSE] Running TDSE-SH-elliptical. step 47400, energy = -0.41258968678335584
  |->  par_lens = 183, 182, 180
[TDSE] Running TDSE-SH-elliptical. step 47600, energy = -0.4128921849939841
  |->  par_lens = 182, 181, 180
[TDSE] Running TDSE-SH-elliptical. step 47800, energy = -0.4131771099327172
  |->  par_lens = 180, 179, 179
[TDSE] Running TDSE-SH-elliptical. step 48000, energy = -0.41346283614844226
  |->  par_lens = 179, 178, 177
[TDSE] Running TDSE-SH-elliptical. step 48200, energy = -0.41375234000359
  |->  par_lens = 179, 176, 176
[TDSE] Running TDSE-SH-elliptical. step 48400, energy = -0.41404418456521547
  |->  par_lens = 178, 176, 175
[TDSE] Running TDSE-SH-elliptical. step 48600, energy = -0.41430099196263204
  |->  par_lens = 178, 176, 175
[TDSE] Running TDSE-SH-elliptical. step 48800, energy = -0.41466657899445364
  |->  par_lens = 178, 175, 175
[TDSE] Running TDSE-SH-elliptical. step 49000, energy = -0.41484143353589464
  |->  par_lens = 175, 173, 173
[TDSE] Running TDSE-SH-elliptical. step 49200, energy = -0.4151261812549395
  |->  par_lens = 172, 171, 172
[TDSE] Running TDSE-SH-elliptical. step 49400, energy = -0.41529981695559787
  |->  par_lens = 168, 169, 171
[TDSE] Running TDSE-SH-elliptical. step 49600, energy = -0.4156147405427098
  |->  par_lens = 168, 169, 170
[TDSE] Running TDSE-SH-elliptical. step 49800, energy = -0.4157996909890881
  |->  par_lens = 167, 169, 166
[TDSE] Running TDSE-SH-elliptical. step 50000, energy = -0.41618809548945745
  |->  par_lens = 167, 169, 166
[TDSE] Running TDSE-SH-elliptical. step 50200, energy = -0.41633392281228265
  |->  par_lens = 167, 169, 165
[TDSE] Running TDSE-SH-elliptical. step 50400, energy = -0.4166575020181277
  |->  par_lens = 167, 169, 165
[TDSE] Running TDSE-SH-elliptical. step 50600, energy = -0.4167902443283883
  |->  par_lens = 167, 167, 165
[TDSE] Running TDSE-SH-elliptical. step 50800, energy = -0.41712954567572974
  |->  par_lens = 166, 165, 165
[TDSE] Running TDSE-SH-elliptical. step 51000, energy = -0.41733069066470657
  |->  par_lens = 166, 162, 164
[TDSE] Running TDSE-SH-elliptical. step 51200, energy = -0.4176525378786803
  |->  par_lens = 162, 161, 163
[TDSE] Running TDSE-SH-elliptical. step 51400, energy = -0.4177379713846464
  |->  par_lens = 161, 160, 159
[TDSE] Running TDSE-SH-elliptical. step 51600, energy = -0.4179960514450655
  |->  par_lens = 160, 159, 158
[TDSE] Running TDSE-SH-elliptical. step 51800, energy = -0.41808783748354295
  |->  par_lens = 160, 159, 158
[TDSE] Running TDSE-SH-elliptical. step 52000, energy = -0.41827781842191514
  |->  par_lens = 160, 159, 158
[TDSE] Running TDSE-SH-elliptical. step 52200, energy = -0.4184418233771553
  |->  par_lens = 160, 159, 158
[TDSE] Running TDSE-SH-elliptical. step 52400, energy = -0.4186664317052439
  |->  par_lens = 160, 159, 157
[TDSE] Running TDSE-SH-elliptical. step 52600, energy = -0.41884917533704613
  |->  par_lens = 160, 159, 157
[TDSE] Running TDSE-SH-elliptical. step 52800, energy = -0.41910107909470556
  |->  par_lens = 159, 159, 157
[TDSE] Running TDSE-SH-elliptical. step 53000, energy = -0.4193185271834091
  |->  par_lens = 158, 157, 157
[TDSE] Running TDSE-SH-elliptical. step 53200, energy = -0.41948097488507724
  |->  par_lens = 157, 155, 156
[TDSE] Running TDSE-SH-elliptical. step 53400, energy = -0.4197454800086018
  |->  par_lens = 155, 155, 153
[TDSE] Running TDSE-SH-elliptical. step 53600, energy = -0.4198933123512244
  |->  par_lens = 153, 153, 152
[TDSE] Running TDSE-SH-elliptical. step 53800, energy = -0.4201415262092551
  |->  par_lens = 153, 152, 152
[TDSE] Running TDSE-SH-elliptical. step 54000, energy = -0.42023883227354053
  |->  par_lens = 152, 152, 152
[TDSE] Running TDSE-SH-elliptical. step 54200, energy = -0.4204363438480993
  |->  par_lens = 150, 152, 151
[TDSE] Running TDSE-SH-elliptical. step 54400, energy = -0.4204723440159624
  |->  par_lens = 149, 151, 151
[TDSE] Running TDSE-SH-elliptical. step 54600, energy = -0.4206965664574602
  |->  par_lens = 148, 151, 150
[TDSE] Running TDSE-SH-elliptical. step 54800, energy = -0.42067198909583176
  |->  par_lens = 148, 150, 150
[TDSE] Running TDSE-SH-elliptical. step 55000, energy = -0.4209321874313795
  |->  par_lens = 148, 150, 150
[TDSE] Running TDSE-SH-elliptical. step 55200, energy = -0.4209905328951175
  |->  par_lens = 148, 150, 149
[TDSE] Running TDSE-SH-elliptical. step 55400, energy = -0.42122369552203054
  |->  par_lens = 148, 150, 148
[TDSE] Running TDSE-SH-elliptical. step 55600, energy = -0.4212850528408146
  |->  par_lens = 148, 149, 148
[TDSE] Running TDSE-SH-elliptical. step 55800, energy = -0.42158047861937054
  |->  par_lens = 147, 149, 147
[TDSE] Running TDSE-SH-elliptical. step 56000, energy = -0.42161732899680787
  |->  par_lens = 147, 149, 145
[TDSE] Running TDSE-SH-elliptical. step 56200, energy = -0.42190001222883283
  |->  par_lens = 147, 146, 144
[TDSE] Running TDSE-SH-elliptical. step 56400, energy = -0.4220046704253916
  |->  par_lens = 145, 144, 144
[TDSE] Running TDSE-SH-elliptical. step 56600, energy = -0.42224821936608287
  |->  par_lens = 145, 142, 144
[TDSE] Running TDSE-SH-elliptical. step 56800, energy = -0.42237158471908776
  |->  par_lens = 144, 141, 142
[TDSE] Running TDSE-SH-elliptical. step 57000, energy = -0.4225811761346059
  |->  par_lens = 143, 140, 142
[TDSE] Running TDSE-SH-elliptical. step 57200, energy = -0.4226645615017019
  |->  par_lens = 142, 140, 141
[TDSE] Running TDSE-SH-elliptical. step 57400, energy = -0.4228126964889994
  |->  par_lens = 141, 138, 139
[TDSE] Running TDSE-SH-elliptical. step 57600, energy = -0.42285168970710874
  |->  par_lens = 141, 137, 139
[TDSE] Running TDSE-SH-elliptical. step 57800, energy = -0.4228950758002712
  |->  par_lens = 141, 137, 139
[TDSE] Running TDSE-SH-elliptical. step 58000, energy = -0.42300299062885865
  |->  par_lens = 141, 137, 139
[TDSE] Running TDSE-SH-elliptical. step 58200, energy = -0.4229836127877126
  |->  par_lens = 141, 137, 139
[TDSE] Running TDSE-SH-elliptical. step 58400, energy = -0.42306588351262125
  |->  par_lens = 141, 137, 139
[TDSE] Running TDSE-SH-elliptical. step 58600, energy = -0.423098027078103
  |->  par_lens = 141, 137, 139
[TDSE] Running TDSE-SH-elliptical. step 58800, energy = -0.4232242948930995
  |->  par_lens = 141, 137, 139
[TDSE] Running TDSE-SH-elliptical. step 59000, energy = -0.4231900971600015
  |->  par_lens = 141, 137, 139
[TDSE] Running TDSE-SH-elliptical. step 59200, energy = -0.423396397400327
  Activating project at `~/JuliaProp_v0.1`
  |->  par_lens = 141, 137, 139
[TDSE] Running TDSE-SH-elliptical. step 59400, energy = -0.42335185239494877
  |->  par_lens = 141, 137, 139
[TDSE] Running TDSE-SH-elliptical. step 59600, energy = -0.4235628101080036
  |->  par_lens = 141, 137, 139
[TDSE] Running TDSE-SH-elliptical. step 59800, energy = -0.42355243624745303
  |->  par_lens = 139, 137, 138
[TDSE] Running TDSE-SH-elliptical. step 60000, energy = -0.4237665558140923
  |->  par_lens = 139, 137, 138
[TDSE] Running TDSE-SH-elliptical. step 60200, energy = -0.4237733107268174
  |->  par_lens = 139, 137, 138
[TDSE] Running TDSE-SH-elliptical. step 60400, energy = -0.42405157445060837
  |->  par_lens = 139, 137, 138
[TDSE] Running TDSE-SH-elliptical. step 60600, energy = -0.4240421831239973
  |->  par_lens = 139, 137, 138
[TDSE] Running TDSE-SH-elliptical. step 60800, energy = -0.4243296382827675
  |->  par_lens = 139, 136, 138
[TDSE] Running TDSE-SH-elliptical. step 61000, energy = -0.42436033708907134
  |->  par_lens = 138, 136, 137
[TDSE] Running TDSE-SH-elliptical. step 61200, energy = -0.4245801639388169
  |->  par_lens = 138, 135, 137
[TDSE] Running TDSE-SH-elliptical. step 61400, energy = -0.42464558802629127
  |->  par_lens = 138, 134, 137
[TDSE] Running TDSE-SH-elliptical. step 61600, energy = -0.4248280576198963
  |->  par_lens = 136, 134, 137
[TDSE] Running TDSE-SH-elliptical. step 61800, energy = -0.4248113458158125
  |->  par_lens = 136, 133, 136
[TDSE] Running TDSE-SH-elliptical. step 62000, energy = -0.4249820045247389
  |->  par_lens = 133, 133, 133
[TDSE] Running TDSE-SH-elliptical. step 62200, energy = -0.4250046121971186
  |->  par_lens = 132, 132, 132
[TDSE] Running TDSE-SH-elliptical. step 62400, energy = -0.4250313026547421
  |->  par_lens = 132, 132, 132
[TDSE] Running TDSE-SH-elliptical. step 62600, energy = -0.4250995102736926
  |->  par_lens = 131, 130, 130
[TDSE] Running TDSE-SH-elliptical. step 62800, energy = -0.42513751417928214
  |->  par_lens = 131, 128, 130
[TDSE] Running TDSE-SH-elliptical. step 63000, energy = -0.42519713306922535
  |->  par_lens = 129, 128, 129
[TDSE] Running TDSE-SH-elliptical. step 63200, energy = -0.4251962247583033
  |->  par_lens = 127, 128, 129
[TDSE] Running TDSE-SH-elliptical. step 63400, energy = -0.42528993737387194
  |->  par_lens = 126, 127, 126
[TDSE] Running TDSE-SH-elliptical. step 63600, energy = -0.4252685277589847
  |->  par_lens = 126, 126, 126
[TDSE] Running TDSE-SH-elliptical. step 63800, energy = -0.4254315034040946
  |->  par_lens = 126, 126, 126
[TDSE] Running TDSE-SH-elliptical. step 64000, energy = -0.42531589405972464
  |->  par_lens = 126, 126, 126
[TDSE] Running TDSE-SH-elliptical. step 64200, energy = -0.42548843574631
  |->  par_lens = 126, 126, 126
[TDSE] Running TDSE-SH-elliptical. step 64400, energy = -0.42543758314274543
  |->  par_lens = 126, 126, 126
[TDSE] Running TDSE-SH-elliptical. step 64600, energy = -0.4255679101703908
  |->  par_lens = 126, 126, 126
[TDSE] Running TDSE-SH-elliptical. step 64800, energy = -0.4254560395273549
  |->  par_lens = 126, 126, 126
[TDSE] Running TDSE-SH-elliptical. step 65000, energy = -0.42566383757067816
  |->  par_lens = 126, 126, 126
[TDSE] Running TDSE-SH-elliptical. step 65200, energy = -0.4255175916060384
  |->  par_lens = 126, 126, 126
[TDSE] Running TDSE-SH-elliptical. step 65400, energy = -0.42570441664429853
  |->  par_lens = 126, 126, 126
[TDSE] Running TDSE-SH-elliptical. step 65600, energy = -0.42560865255618935
  |->  par_lens = 126, 126, 126
[TDSE] Running TDSE-SH-elliptical. step 65800, energy = -0.42573469463925967
  |->  par_lens = 126, 126, 126
[TDSE] Running TDSE-SH-elliptical. step 66000, energy = -0.42565651548757133
  |->  par_lens = 126, 126, 126
[TDSE] Running TDSE-SH-elliptical. step 66200, energy = -0.4258099883861138
  |->  par_lens = 126, 126, 126
[TDSE] Running TDSE-SH-elliptical. step 66400, energy = -0.42570723891573836
  |->  par_lens = 126, 126, 126
[TDSE] Running TDSE-SH-elliptical. step 66600, energy = -0.4258319236814156
  |->  par_lens = 126, 126, 126
[TDSE] Running TDSE-SH-elliptical. step 66800, energy = -0.425778884342617
  |->  par_lens = 126, 126, 126
[TDSE] Running TDSE-SH-elliptical. step 67000, energy = -0.4258426891640911
  |->  par_lens = 126, 126, 126
[TDSE] Running TDSE-SH-elliptical. step 67200, energy = -0.425866953076616
  |->  par_lens = 126, 126, 126
[TDSE] Running TDSE-SH-elliptical. step 67400, energy = -0.425870198895675
  |->  par_lens = 126, 126, 126
[TDSE] Running TDSE-SH-elliptical. step 67600, energy = -0.42587928567003824
  |->  par_lens = 126, 126, 126
[TDSE] Running TDSE-SH-elliptical. step 67800, energy = -0.42593176935822086
  |->  par_lens = 126, 126, 126
[TDSE] Running TDSE-SH-elliptical. step 68000, energy = -0.4259803980442835
  |->  par_lens = 126, 126, 126
[TDSE] Running TDSE-SH-elliptical. step 68200, energy = -0.425918615862762
  |->  par_lens = 126, 126, 126
[TDSE] Running TDSE-SH-elliptical. step 68400, energy = -0.42608153771309853
  |->  par_lens = 126, 126, 126
[TDSE] Running TDSE-SH-elliptical. step 68600, energy = -0.4259988991653955
  |->  par_lens = 126, 126, 126
[TDSE] Running TDSE-SH-elliptical. step 68800, energy = -0.4261375830397559
  |->  par_lens = 126, 126, 126
[TDSE] Running TDSE-SH-elliptical. step 69000, energy = -0.4260850333137393
  |->  par_lens = 126, 126, 126
[TDSE] Running TDSE-SH-elliptical. step 69200, energy = -0.4262504227041037
  |->  par_lens = 126, 126, 126
[TDSE] Running TDSE-SH-elliptical. step 69400, energy = -0.4261423637607988
  |->  par_lens = 126, 126, 126
[TDSE] Running TDSE-SH-elliptical. step 69600, energy = -0.42636680710896807
  |->  par_lens = 126, 126, 126
[TDSE] Running TDSE-SH-elliptical. step 69800, energy = -0.4262340419069791
  |->  par_lens = 126, 126, 126
[TDSE] Running TDSE-SH-elliptical. step 70000, energy = -0.4264645425703611
  |->  par_lens = 126, 126, 126
[TDSE] Running TDSE-SH-elliptical. step 70200, energy = -0.4263488294768462
  |->  par_lens = 126, 126, 126
[TDSE] Running TDSE-SH-elliptical. step 70400, energy = -0.4265170478462638
  |->  par_lens = 126, 126, 126
[TDSE] Running TDSE-SH-elliptical. step 70600, energy = -0.42645643069589867
  |->  par_lens = 126, 126, 126
[TDSE] Running TDSE-SH-elliptical. step 70800, energy = -0.4266513752518535
  |->  par_lens = 126, 126, 126
[TDSE] Running TDSE-SH-elliptical. step 71000, energy = -0.426500882172062
  |->  par_lens = 126, 126, 126
[TDSE] Running TDSE-SH-elliptical. step 71200, energy = -0.4267060176906144
  |->  par_lens = 126, 126, 126
[TDSE] Running TDSE-SH-elliptical. step 71400, energy = -0.42667327753974493
  |->  par_lens = 126, 126, 126
[TDSE] Running TDSE-SH-elliptical. step 71600, energy = -0.42675844742057734
  |->  par_lens = 126, 126, 126
[TDSE] Running TDSE-SH-elliptical. step 71800, energy = -0.42675966751901634
  |->  par_lens = 126, 126, 126
[TDSE] Running TDSE-SH-elliptical. step 72000, energy = -0.42686353948898054
  |->  par_lens = 126, 126, 126
[TDSE] Running TDSE-SH-elliptical. step 72200, energy = -0.42686308027940867
  |->  par_lens = 126, 126, 126
[TDSE] Running TDSE-SH-elliptical. step 72400, energy = -0.42693418216536955
  |->  par_lens = 126, 126, 126
[TDSE] Running TDSE-SH-elliptical. step 72600, energy = -0.4269770264036929
  |->  par_lens = 126, 126, 126
[TDSE] Running TDSE-SH-elliptical. step 72800, energy = -0.4269683719277021
  |->  par_lens = 126, 126, 125
[TDSE] Running TDSE-SH-elliptical. step 73000, energy = -0.4271059182256917
  |->  par_lens = 126, 126, 125
[TDSE] Running TDSE-SH-elliptical. step 73200, energy = -0.42702751070741524
  |->  par_lens = 126, 125, 124
[TDSE] Running TDSE-SH-elliptical. step 73400, energy = -0.4271548367303338
  |->  par_lens = 125, 126, 125
[TDSE] Running TDSE-SH-elliptical. step 73600, energy = -0.42710520847625505
  |->  par_lens = 126, 124, 123
[TDSE] Running TDSE-SH-elliptical. step 73800, energy = -0.4272348684481866
  |->  par_lens = 124, 125, 124
[TDSE] Running TDSE-SH-elliptical. step 74000, energy = -0.42711491688025705
  |->  par_lens = 124, 122, 122
[TDSE] Running TDSE-SH-elliptical. step 74200, energy = -0.42733133062658196
  |->  par_lens = 122, 123, 122
[TDSE] Running TDSE-SH-elliptical. step 74400, energy = -0.4271328434652087
  |->  par_lens = 122, 121, 121
[TDSE] Running TDSE-SH-elliptical. step 74600, energy = -0.42734687272123056
  |->  par_lens = 122, 120, 119
[TDSE] Running TDSE-SH-elliptical. step 74800, energy = -0.427227995064039
  |->  par_lens = 121, 120, 120
[TDSE] Running TDSE-SH-elliptical. step 75000, energy = -0.42736628884430516
  |->  par_lens = 120, 119, 119
[TDSE] Running TDSE-SH-elliptical. step 75200, energy = -0.4272066679376491
  |->  par_lens = 119, 120, 119
[TDSE] Running TDSE-SH-elliptical. step 75400, energy = -0.42743727144983373
  |->  par_lens = 119, 119, 117
[TDSE] Running TDSE-SH-elliptical. step 75600, energy = -0.42725637832490027
  |->  par_lens = 119, 119, 117
[TDSE] Running TDSE-SH-elliptical. step 75800, energy = -0.42741297169824477
  |->  par_lens = 119, 119, 117
[TDSE] Running TDSE-SH-elliptical. step 76000, energy = -0.42727986736584217
  |->  par_lens = 119, 118, 117
[TDSE] Running TDSE-SH-elliptical. step 76200, energy = -0.4274050899135804
  |->  par_lens = 119, 119, 117
[TDSE] Running TDSE-SH-elliptical. step 76400, energy = -0.427349313310462
  |->  par_lens = 119, 119, 117
[TDSE] Running TDSE-SH-elliptical. step 76600, energy = -0.42740328263398775
  |->  par_lens = 119, 119, 117
[TDSE] Running TDSE-SH-elliptical. step 76800, energy = -0.4273098027461684
  |->  par_lens = 119, 119, 117
[TDSE] Running TDSE-SH-elliptical. step 77000, energy = -0.4274279193457675
  |->  par_lens = 119, 120, 117
[TDSE] Running TDSE-SH-elliptical. step 77200, energy = -0.42740340573730384
  |->  par_lens = 119, 119, 117
[TDSE] Running TDSE-SH-elliptical. step 77400, energy = -0.42734748739997913
  |->  par_lens = 119, 119, 117
[TDSE] Running TDSE-SH-elliptical. step 77600, energy = -0.42743451022801815
  |->  par_lens = 119, 119, 117
[TDSE] Running TDSE-SH-elliptical. step 77800, energy = -0.42737681388114696
  |->  par_lens = 119, 119, 117
[TDSE] Running TDSE-SH-elliptical. step 78000, energy = -0.42743566313608067
  |->  par_lens = 119, 119, 118
[TDSE] Running TDSE-SH-elliptical. step 78200, energy = -0.42737981360056
  |->  par_lens = 119, 119, 118
[TDSE] Running TDSE-SH-elliptical. step 78400, energy = -0.42748428380090214
  |->  par_lens = 119, 120, 118
[TDSE] Running TDSE-SH-elliptical. step 78600, energy = -0.4273379958234194
  |->  par_lens = 119, 120, 117
[TDSE] Running TDSE-SH-elliptical. step 78800, energy = -0.42753823840283334
  |->  par_lens = 119, 120, 117
[TDSE] Running TDSE-SH-elliptical. step 79000, energy = -0.42734959631980324
  |->  par_lens = 119, 119, 117
[TDSE] Running TDSE-SH-elliptical. step 79200, energy = -0.4275425072948537
  |->  par_lens = 119, 120, 118
[TDSE] Running TDSE-SH-elliptical. step 79400, energy = -0.42737827399649714
  |->  par_lens = 119, 119, 117
[TDSE] Running TDSE-SH-elliptical. step 79600, energy = -0.427540252556351
  |->  par_lens = 119, 119, 117
[TDSE] Running TDSE-SH-elliptical. step 79800, energy = -0.4273826855601561
  |->  par_lens = 119, 119, 117
[TDSE] Running TDSE-SH-elliptical. step 80000, energy = -0.42760662900025104
  |->  par_lens = 119, 119, 117
[TDSE] Running TDSE-SH-elliptical. step 80200, energy = -0.4273642536733504
  |->  par_lens = 119, 119, 117
[TDSE] Running TDSE-SH-elliptical. step 80400, energy = -0.42759139316481043
  |->  par_lens = 120, 119, 117
[TDSE] Running TDSE-SH-elliptical. step 80600, energy = -0.4274496190512617
  |->  par_lens = 119, 120, 117
[TDSE] Running TDSE-SH-elliptical. step 80800, energy = -0.4275577333743091
  |->  par_lens = 119, 119, 117
[TDSE] Running TDSE-SH-elliptical. step 81000, energy = -0.42745781146908185
  |->  par_lens = 119, 119, 117
[TDSE] Running TDSE-SH-elliptical. step 81200, energy = -0.427606439760601
  |->  par_lens = 120, 119, 117
[TDSE] Running TDSE-SH-elliptical. step 81400, energy = -0.42745870129729524
  |->  par_lens = 119, 119, 117
[TDSE] Running TDSE-SH-elliptical. step 81600, energy = -0.4275807631998824
  |->  par_lens = 119, 119, 117
[TDSE] Running TDSE-SH-elliptical. step 81800, energy = -0.4275444004693224
  |->  par_lens = 118, 119, 117
[TDSE] Running TDSE-SH-elliptical. step 82000, energy = -0.42754785127266753
  |->  par_lens = 118, 119, 117
[TDSE] Running TDSE-SH-elliptical. step 82200, energy = -0.4275746883289278
  |->  par_lens = 119, 119, 117
[TDSE] Running TDSE-SH-elliptical. step 82400, energy = -0.4275478156542895
  |->  par_lens = 119, 119, 117
[TDSE] Running TDSE-SH-elliptical. step 82600, energy = -0.4275981407920782
  |->  par_lens = 119, 119, 117
[TDSE] Running TDSE-SH-elliptical. step 82800, energy = -0.4275652000771891
  |->  par_lens = 118, 119, 117
[TDSE] Running TDSE-SH-elliptical. step 83000, energy = -0.4276208661173749
  |->  par_lens = 119, 119, 117
[TDSE] Running TDSE-SH-elliptical. step 83200, energy = -0.42750784353282834
  |->  par_lens = 119, 119, 117
[TDSE] Running TDSE-SH-elliptical. step 83400, energy = -0.42771431645128305
  |->  par_lens = 119, 119, 117
[TDSE] Running TDSE-SH-elliptical. step 83600, energy = -0.4274971492872693
  |->  par_lens = 119, 119, 117
[TDSE] Running TDSE-SH-elliptical. step 83800, energy = -0.42767357642412435
  |->  par_lens = 119, 119, 117
[TDSE] Running TDSE-SH-elliptical. step 84000, energy = -0.4275548356634128
  |->  par_lens = 119, 119, 117
[TDSE] Running TDSE-SH-elliptical. step 84200, energy = -0.42770694832915296
  |->  par_lens = 119, 119, 117
[TDSE] Running TDSE-SH-elliptical. step 84400, energy = -0.4274819914002024
  |->  par_lens = 119, 119, 117
[TDSE] Running TDSE-SH-elliptical. step 84600, energy = -0.42775102062457515
  |->  par_lens = 119, 119, 117
[TDSE] Running TDSE-SH-elliptical. step 84800, energy = -0.4275171356669826
  |->  par_lens = 119, 119, 117
[TDSE] Running TDSE-SH-elliptical. step 85000, energy = -0.4277282987491391
  |->  par_lens = 119, 119, 117
[TDSE] Running TDSE-SH-elliptical. step 85200, energy = -0.42753230027916295
  |->  par_lens = 119, 119, 117
[TDSE] Running TDSE-SH-elliptical. step 85400, energy = -0.4277045791335126
  |->  par_lens = 119, 119, 117
[TDSE] Running TDSE-SH-elliptical. step 85600, energy = -0.4275745298594215
  |->  par_lens = 119, 119, 117
[TDSE] Running TDSE-SH-elliptical. step 85800, energy = -0.42773366343255576
  |->  par_lens = 119, 119, 117
[TDSE] Running TDSE-SH-elliptical. step 86000, energy = -0.42753324486846356
  |->  par_lens = 119, 119, 117
[TDSE] Running TDSE-SH-elliptical. step 86200, energy = -0.4277161581588842
  |->  par_lens = 119, 119, 117
