[ITP]: 10000.471108571397
[ITP]: 0.022107823405609905
[ITP]: 0.004976805475414736
[ITP]: 0.0021058954092971205
[ITP]: 0.001084104546129061
[ITP]: 0.0006160870179273692
[ITP]: 0.0003714642087823128
[ITP]: 0.00023286611963801995
[ITP]: 0.0001500123428329614
[ITP]: 9.857967926441003e-5
[ITP]: 6.57601184761436e-5
[ITP]: 4.43786526744816e-5
[ITP]: 3.022437766897479e-5
[ITP]: 2.0735965556739622e-5
[ITP]: 1.4311264988853267e-5
[ITP]: 9.92563006574354e-6
[ITP]: 6.9119921211058255e-6
[ITP]: 4.82976755122877e-6
[ITP]: 3.384510666504248e-6
[ITP]: 2.3775199649023193e-6
[ITP]: 1.6736194445865493e-6
[ITP]: 1.1802274751948616e-6
[ITP]: 8.335748883370186e-7
[ITP]: 5.895273362810372e-7
[ITP]: 4.174150680658073e-7
[ITP]: 2.958509506267859e-7
[ITP]: 2.098764437796774e-7
[ITP]: 1.4900242706339384e-7
[ITP]: 1.0585745457980522e-7
[ITP]: 7.525113565609587e-8
[ITP]: 5.352267851144177e-8
[ITP]: 3.808635307134267e-8
[ITP]: 2.7113442158110956e-8
[ITP]: 1.9309163601377577e-8
[ITP]: 1.3755872219078924e-8
[ITP]: 9.802639699962867e-9
Energy of ground state: -0.5030607411950042
[TDSE] Start TDSE-SH for elliptical polarized laser. It may cost a plenty of time.
[TDSE] Running TDSE-SH-elliptical. step 0, energy = -0.5030607411950033
  |->  par_lens = 1, 1, 1
[TDSE] Running TDSE-SH-elliptical. step 200, energy = -0.5030607411948617
  |->  par_lens = 1, 1, 1
[TDSE] Running TDSE-SH-elliptical. step 400, energy = -0.5030607411947132
  |->  par_lens = 1, 1, 2
[TDSE] Running TDSE-SH-elliptical. step 600, energy = -0.5030607411944202
  |->  par_lens = 1, 1, 2
[TDSE] Running TDSE-SH-elliptical. step 800, energy = -0.503060741193595
  |->  par_lens = 1, 1, 2
[TDSE] Running TDSE-SH-elliptical. step 1000, energy = -0.5030607411910855
  |->  par_lens = 1, 1, 2
[TDSE] Running TDSE-SH-elliptical. step 1200, energy = -0.5030607411848678
  |->  par_lens = 1, 1, 2
[TDSE] Running TDSE-SH-elliptical. step 1400, energy = -0.5030607411711137
  |->  par_lens = 1, 1, 2
[TDSE] Running TDSE-SH-elliptical. step 1600, energy = -0.5030607411446505
  |->  par_lens = 1, 1, 2
[TDSE] Running TDSE-SH-elliptical. step 1800, energy = -0.5030607410970486
  |->  par_lens = 1, 1, 2
[TDSE] Running TDSE-SH-elliptical. step 2000, energy = -0.5030607410183969
  |->  par_lens = 1, 1, 2
[TDSE] Running TDSE-SH-elliptical. step 2200, energy = -0.5030607408939765
  |->  par_lens = 1, 1, 2
[TDSE] Running TDSE-SH-elliptical. step 2400, energy = -0.503060740708186
  |->  par_lens = 1, 1, 2
[TDSE] Running TDSE-SH-elliptical. step 2600, energy = -0.503060740438869
  |->  par_lens = 1, 1, 2
[TDSE] Running TDSE-SH-elliptical. step 2800, energy = -0.5030607400648444
  |->  par_lens = 1, 1, 2
[TDSE] Running TDSE-SH-elliptical. step 3000, energy = -0.503060739555254
  |->  par_lens = 1, 1, 2
[TDSE] Running TDSE-SH-elliptical. step 3200, energy = -0.503060738886262
  |->  par_lens = 1, 1, 2
[TDSE] Running TDSE-SH-elliptical. step 3400, energy = -0.5030607380166955
  |->  par_lens = 1, 1, 2
[TDSE] Running TDSE-SH-elliptical. step 3600, energy = -0.5030607369224416
  |->  par_lens = 1, 1, 2
[TDSE] Running TDSE-SH-elliptical. step 3800, energy = -0.5030607355553532
  |->  par_lens = 1, 1, 2
[TDSE] Running TDSE-SH-elliptical. step 4000, energy = -0.5030607338932443
  |->  par_lens = 1, 1, 2
[TDSE] Running TDSE-SH-elliptical. step 4200, energy = -0.503060731877928
  |->  par_lens = 1, 1, 2
[TDSE] Running TDSE-SH-elliptical. step 4400, energy = -0.5030607295014057
  |->  par_lens = 1, 1, 2
[TDSE] Running TDSE-SH-elliptical. step 4600, energy = -0.5030607266974475
  |->  par_lens = 1, 1, 2
[TDSE] Running TDSE-SH-elliptical. step 4800, energy = -0.5030607234600625
  |->  par_lens = 1, 1, 2
[TDSE] Running TDSE-SH-elliptical. step 5000, energy = -0.5030607197406763
  |->  par_lens = 1, 1, 2
[TDSE] Running TDSE-SH-elliptical. step 5200, energy = -0.5030607155300314
  |->  par_lens = 1, 1, 2
[TDSE] Running TDSE-SH-elliptical. step 5400, energy = -0.5030607107892764
  |->  par_lens = 2, 2, 2
[TDSE] Running TDSE-SH-elliptical. step 5600, energy = -0.5030607055183198
  |->  par_lens = 2, 2, 2
[TDSE] Running TDSE-SH-elliptical. step 5800, energy = -0.503060699705172
  |->  par_lens = 2, 2, 2
[TDSE] Running TDSE-SH-elliptical. step 6000, energy = -0.5030606933240562
  |->  par_lens = 2, 2, 2
[TDSE] Running TDSE-SH-elliptical. step 6200, energy = -0.5030606864304239
  |->  par_lens = 2, 2, 2
[TDSE] Running TDSE-SH-elliptical. step 6400, energy = -0.5030606789522453
  |->  par_lens = 2, 2, 2
[TDSE] Running TDSE-SH-elliptical. step 6600, energy = -0.5030606710011367
  |->  par_lens = 2, 2, 2
[TDSE] Running TDSE-SH-elliptical. step 6800, energy = -0.5030606625107019
  |->  par_lens = 2, 2, 2
[TDSE] Running TDSE-SH-elliptical. step 7000, energy = -0.5030606535971888
  |->  par_lens = 2, 2, 2
[TDSE] Running TDSE-SH-elliptical. step 7200, energy = -0.5030606441739546
  |->  par_lens = 2, 2, 2
[TDSE] Running TDSE-SH-elliptical. step 7400, energy = -0.5030606344636485
  |->  par_lens = 2, 2, 2
[TDSE] Running TDSE-SH-elliptical. step 7600, energy = -0.5030606243096668
  |->  par_lens = 2, 2, 2
[TDSE] Running TDSE-SH-elliptical. step 7800, energy = -0.5030606139141673
  |->  par_lens = 2, 2, 2
[TDSE] Running TDSE-SH-elliptical. step 8000, energy = -0.5030606032455475
  |->  par_lens = 2, 2, 2
[TDSE] Running TDSE-SH-elliptical. step 8200, energy = -0.5030605924371344
  |->  par_lens = 2, 2, 2
[TDSE] Running TDSE-SH-elliptical. step 8400, energy = -0.503060581438145
  |->  par_lens = 2, 2, 2
[TDSE] Running TDSE-SH-elliptical. step 8600, energy = -0.5030605704199671
  |->  par_lens = 2, 2, 2
[TDSE] Running TDSE-SH-elliptical. step 8800, energy = -0.5030605593799243
  |->  par_lens = 2, 2, 2
[TDSE] Running TDSE-SH-elliptical. step 9000, energy = -0.5030605483860213
  |->  par_lens = 2, 2, 2
[TDSE] Running TDSE-SH-elliptical. step 9200, energy = -0.5030605375337169
  |->  par_lens = 2, 2, 2
[TDSE] Running TDSE-SH-elliptical. step 9400, energy = -0.5030605267864972
  |->  par_lens = 2, 2, 2
[TDSE] Running TDSE-SH-elliptical. step 9600, energy = -0.5030605163322205
  |->  par_lens = 2, 2, 2
[TDSE] Running TDSE-SH-elliptical. step 9800, energy = -0.5030605061077896
  |->  par_lens = 2, 2, 2
[TDSE] Running TDSE-SH-elliptical. step 10000, energy = -0.5030604962230547
  |->  par_lens = 2, 2, 2
[TDSE] Running TDSE-SH-elliptical. step 10200, energy = -0.5030604658839468
  |->  par_lens = 2, 2, 2
[TDSE] Running TDSE-SH-elliptical. step 10400, energy = -0.5030601886770425
  |->  par_lens = 2, 2, 2
[TDSE] Running TDSE-SH-elliptical. step 10600, energy = -0.503059821479284
  |->  par_lens = 2, 2, 2
[TDSE] Running TDSE-SH-elliptical. step 10800, energy = -0.5030599350670132
  |->  par_lens = 2, 2, 2
[TDSE] Running TDSE-SH-elliptical. step 11000, energy = -0.5030548501762929
  |->  par_lens = 3, 2, 2
[TDSE] Running TDSE-SH-elliptical. step 11200, energy = -0.5030229279567968
  |->  par_lens = 4, 3, 3
[TDSE] Running TDSE-SH-elliptical. step 11400, energy = -0.5029465212732229
  |->  par_lens = 4, 3, 3
[TDSE] Running TDSE-SH-elliptical. step 11600, energy = -0.5028655686196745
  |->  par_lens = 4, 5, 3
[TDSE] Running TDSE-SH-elliptical. step 11800, energy = -0.5028768511007377
  |->  par_lens = 5, 4, 5
[TDSE] Running TDSE-SH-elliptical. step 12000, energy = -0.5029702629463569
  |->  par_lens = 4, 4, 3
[TDSE] Running TDSE-SH-elliptical. step 12200, energy = -0.5028942425876042
  |->  par_lens = 4, 4, 4
[TDSE] Running TDSE-SH-elliptical. step 12400, energy = -0.5023553712870028
  |->  par_lens = 5, 5, 6
[TDSE] Running TDSE-SH-elliptical. step 12600, energy = -0.5015366960694483
  |->  par_lens = 7, 7, 7
[TDSE] Running TDSE-SH-elliptical. step 12800, energy = -0.5011962355636037
  |->  par_lens = 7, 7, 7
[TDSE] Running TDSE-SH-elliptical. step 13000, energy = -0.5018364583135715
  |->  par_lens = 6, 6, 7
[TDSE] Running TDSE-SH-elliptical. step 13200, energy = -0.5026294202363826
  |->  par_lens = 6, 5, 6
[TDSE] Running TDSE-SH-elliptical. step 13400, energy = -0.5018689578619858
  |->  par_lens = 6, 6, 7
[TDSE] Running TDSE-SH-elliptical. step 13600, energy = -0.4990909467436281
  |->  par_lens = 9, 9, 8
[TDSE] Running TDSE-SH-elliptical. step 13800, energy = -0.49649991094213897
  |->  par_lens = 10, 10, 10
[TDSE] Running TDSE-SH-elliptical. step 14000, energy = -0.4970394398621792
  |->  par_lens = 11, 10, 10
[TDSE] Running TDSE-SH-elliptical. step 14200, energy = -0.5002831674981348
  |->  par_lens = 11, 11, 12
[TDSE] Running TDSE-SH-elliptical. step 14400, energy = -0.5015232219313679
  |->  par_lens = 12, 11, 12
[TDSE] Running TDSE-SH-elliptical. step 14600, energy = -0.4966468754999789
  |->  par_lens = 11, 12, 13
[TDSE] Running TDSE-SH-elliptical. step 14800, energy = -0.4883933159423284
  |->  par_lens = 14, 13, 14
[TDSE] Running TDSE-SH-elliptical. step 15000, energy = -0.48499625445781264
  |->  par_lens = 17, 17, 16
[TDSE] Running TDSE-SH-elliptical. step 15200, energy = -0.49092029588721525
  |->  par_lens = 18, 18, 18
[TDSE] Running TDSE-SH-elliptical. step 15400, energy = -0.4990609446573421
  |->  par_lens = 20, 20, 21
[TDSE] Running TDSE-SH-elliptical. step 15600, energy = -0.49691158468704455
  |->  par_lens = 21, 20, 21
[TDSE] Running TDSE-SH-elliptical. step 15800, energy = -0.48172278406496016
  |->  par_lens = 19, 19, 19
[TDSE] Running TDSE-SH-elliptical. step 16000, energy = -0.46731800534465645
  |->  par_lens = 25, 23, 23
[TDSE] Running TDSE-SH-elliptical. step 16200, energy = -0.46982003126452504
  |->  par_lens = 28, 28, 27
[TDSE] Running TDSE-SH-elliptical. step 16400, energy = -0.4872176933147054
  |->  par_lens = 32, 32, 32
[TDSE] Running TDSE-SH-elliptical. step 16600, energy = -0.49685053018956654
  |->  par_lens = 34, 35, 33
[TDSE] Running TDSE-SH-elliptical. step 16800, energy = -0.4804314851082976
  |->  par_lens = 35, 34, 34
[TDSE] Running TDSE-SH-elliptical. step 17000, energy = -0.44925390431438056
  |->  par_lens = 33, 30, 32
[TDSE] Running TDSE-SH-elliptical. step 17200, energy = -0.43608209556484373
  |->  par_lens = 40, 41, 41
[TDSE] Running TDSE-SH-elliptical. step 17400, energy = -0.4567333233128441
  |->  par_lens = 49, 51, 49
[TDSE] Running TDSE-SH-elliptical. step 17600, energy = -0.4875885153769413
  |->  par_lens = 59, 56, 56
[TDSE] Running TDSE-SH-elliptical. step 17800, energy = -0.4861608211196654
  |->  par_lens = 59, 57, 58
[TDSE] Running TDSE-SH-elliptical. step 18000, energy = -0.4432695438861396
  |->  par_lens = 52, 52, 54
[TDSE] Running TDSE-SH-elliptical. step 18200, energy = -0.4013424422188959
  |->  par_lens = 49, 53, 50
[TDSE] Running TDSE-SH-elliptical. step 18400, energy = -0.4069758243354117
  |->  par_lens = 68, 68, 67
[TDSE] Running TDSE-SH-elliptical. step 18600, energy = -0.4553798475170927
  |->  par_lens = 84, 84, 84
[TDSE] Running TDSE-SH-elliptical. step 18800, energy = -0.48697159869939544
  |->  par_lens = 90, 91, 91
[TDSE] Running TDSE-SH-elliptical. step 19000, energy = -0.45221829692733956
  |->  par_lens = 94, 90, 92
[TDSE] Running TDSE-SH-elliptical. step 19200, energy = -0.3789737899813338
  |->  par_lens = 78, 79, 75
[TDSE] Running TDSE-SH-elliptical. step 19400, energy = -0.3476003064330129
  |->  par_lens = 81, 84, 81
[TDSE] Running TDSE-SH-elliptical. step 19600, energy = -0.39157240750749245
  |->  par_lens = 117, 115, 115
[TDSE] Running TDSE-SH-elliptical. step 19800, energy = -0.46473050885284506
  |->  par_lens = 137, 135, 136
[TDSE] Running TDSE-SH-elliptical. step 20000, energy = -0.47021878415551954
  |->  par_lens = 143, 142, 141
[TDSE] Running TDSE-SH-elliptical. step 20200, energy = -0.38598906293224505
  |->  par_lens = 139, 141, 134
[TDSE] Running TDSE-SH-elliptical. step 20400, energy = -0.301504077155533
  |->  par_lens = 107, 105, 106
[TDSE] Running TDSE-SH-elliptical. step 20600, energy = -0.3119239946536477
  |->  par_lens = 136, 137, 139
[TDSE] Running TDSE-SH-elliptical. step 20800, energy = -0.4019341780442522
  |->  par_lens = 178, 181, 182
[TDSE] Running TDSE-SH-elliptical. step 21000, energy = -0.47120413299033875
  |->  par_lens = 201, 199, 197
[TDSE] Running TDSE-SH-elliptical. step 21200, energy = -0.4169135610842711
  |->  par_lens = 202, 203, 201
[TDSE] Running TDSE-SH-elliptical. step 21400, energy = -0.28840609636960024
  |->  par_lens = 175, 177, 177
[TDSE] Running TDSE-SH-elliptical. step 21600, energy = -0.23412548521874432
  |->  par_lens = 155, 161, 159
[TDSE] Running TDSE-SH-elliptical. step 21800, energy = -0.3046650880412087
  |->  par_lens = 212, 213, 215
[TDSE] Running TDSE-SH-elliptical. step 22000, energy = -0.4295872132141757
  |->  par_lens = 264, 263, 264
[TDSE] Running TDSE-SH-elliptical. step 22200, energy = -0.45121929101134084
  |->  par_lens = 274, 273, 275
[TDSE] Running TDSE-SH-elliptical. step 22400, energy = -0.32302367209740673
  |->  par_lens = 265, 267, 265
[TDSE] Running TDSE-SH-elliptical. step 22600, energy = -0.18962472695840446
  |->  par_lens = 222, 210, 222
[TDSE] Running TDSE-SH-elliptical. step 22800, energy = -0.2089068387532057
  |->  par_lens = 237, 242, 246
[TDSE] Running TDSE-SH-elliptical. step 23000, energy = -0.3341281180320142
  |->  par_lens = 309, 307, 309
[TDSE] Running TDSE-SH-elliptical. step 23200, energy = -0.44699803659013027
  |->  par_lens = 344, 344, 345
[TDSE] Running TDSE-SH-elliptical. step 23400, energy = -0.3825698186347542
  |->  par_lens = 346, 348, 346
[TDSE] Running TDSE-SH-elliptical. step 23600, energy = -0.20256985611578615
  |->  par_lens = 306, 311, 308
[TDSE] Running TDSE-SH-elliptical. step 23800, energy = -0.12512835483937243
  |->  par_lens = 285, 274, 272
[TDSE] Running TDSE-SH-elliptical. step 24000, energy = -0.22140107981370374
  |->  par_lens = 351, 343, 347
[TDSE] Running TDSE-SH-elliptical. step 24200, energy = -0.38391771500424776
  |->  par_lens = 412, 405, 408
[TDSE] Running TDSE-SH-elliptical. step 24400, energy = -0.42657300051189406
  |->  par_lens = 423, 419, 423
[TDSE] Running TDSE-SH-elliptical. step 24600, energy = -0.27322882713657287
  |->  par_lens = 409, 408, 411
[TDSE] Running TDSE-SH-elliptical. step 24800, energy = -0.10101302862103198
  |->  par_lens = 368, 361, 360
[TDSE] Running TDSE-SH-elliptical. step 25000, energy = -0.12643155206792797
  |->  par_lens = 364, 363, 370
[TDSE] Running TDSE-SH-elliptical. step 25200, energy = -0.2694445512101411
  |->  par_lens = 435, 433, 435
[TDSE] Running TDSE-SH-elliptical. step 25400, energy = -0.412457856060957
  |->  par_lens = 474, 475, 471
[TDSE] Running TDSE-SH-elliptical. step 25600, energy = -0.35262380927499987
  |->  par_lens = 475, 477, 472
[TDSE] Running TDSE-SH-elliptical. step 25800, energy = -0.15334461832765062
  |->  par_lens = 443, 444, 447
[TDSE] Running TDSE-SH-elliptical. step 26000, energy = -0.058591987494156554
  |->  par_lens = 431, 423, 419
[TDSE] Running TDSE-SH-elliptical. step 26200, energy = -0.16662503900905107
  |->  par_lens = 461, 451, 455
[TDSE] Running TDSE-SH-elliptical. step 26400, energy = -0.33776795295867923
  |->  par_lens = 496, 497, 498
[TDSE] Running TDSE-SH-elliptical. step 26600, energy = -0.39801168039505935
  |->  par_lens = 507, 506, 507
[TDSE] Running TDSE-SH-elliptical. step 26800, energy = -0.25147848114361787
  |->  par_lens = 505, 506, 506
[TDSE] Running TDSE-SH-elliptical. step 27000, energy = -0.0713161957316637
  |->  par_lens = 491, 485, 487
[TDSE] Running TDSE-SH-elliptical. step 27200, energy = -0.09561049508356545
  |->  par_lens = 490, 489, 487
[TDSE] Running TDSE-SH-elliptical. step 27400, energy = -0.23035298816326233
  |->  par_lens = 514, 506, 510
[TDSE] Running TDSE-SH-elliptical. step 27600, energy = -0.37787115342427074
  |->  par_lens = 523, 520, 519
[TDSE] Running TDSE-SH-elliptical. step 27800, energy = -0.33545859123014815
  |->  par_lens = 526, 523, 522
[TDSE] Running TDSE-SH-elliptical. step 28000, energy = -0.15322311402512717
  |->  par_lens = 515, 516, 521
[TDSE] Running TDSE-SH-elliptical. step 28200, energy = -0.06263959340008053
  |->  par_lens = 511, 511, 503
[TDSE] Running TDSE-SH-elliptical. step 28400, energy = -0.1554017439818083
  |->  par_lens = 521, 524, 516
[TDSE] Running TDSE-SH-elliptical. step 28600, energy = -0.31168992411450225
  |->  par_lens = 537, 536, 530
[TDSE] Running TDSE-SH-elliptical. step 28800, energy = -0.37633795441201917
  |->  par_lens = 539, 537, 535
[TDSE] Running TDSE-SH-elliptical. step 29000, energy = -0.2580860492952396
  |->  par_lens = 536, 536, 534
[TDSE] Running TDSE-SH-elliptical. step 29200, energy = -0.10818848171633276
  |->  par_lens = 528, 525, 524
[TDSE] Running TDSE-SH-elliptical. step 29400, energy = -0.12086850087536252
  |->  par_lens = 523, 523, 521
[TDSE] Running TDSE-SH-elliptical. step 29600, energy = -0.22904100474261144
  |->  par_lens = 538, 534, 533
[TDSE] Running TDSE-SH-elliptical. step 29800, energy = -0.3613008111649656
  |->  par_lens = 538, 539, 545
[TDSE] Running TDSE-SH-elliptical. step 30000, energy = -0.33819031311659853
  |->  par_lens = 542, 538, 540
[TDSE] Running TDSE-SH-elliptical. step 30200, energy = -0.19904179841984923
  |->  par_lens = 542, 533, 542
[TDSE] Running TDSE-SH-elliptical. step 30400, energy = -0.12720392775326989
  |->  par_lens = 530, 527, 530
[TDSE] Running TDSE-SH-elliptical. step 30600, energy = -0.18821005736887092
  |->  par_lens = 535, 538, 540
[TDSE] Running TDSE-SH-elliptical. step 30800, energy = -0.3124079775435683
  |->  par_lens = 544, 540, 547
[TDSE] Running TDSE-SH-elliptical. step 31000, energy = -0.3724043279448631
  |->  par_lens = 544, 544, 551
[TDSE] Running TDSE-SH-elliptical. step 31200, energy = -0.2961524698948416
  |->  par_lens = 543, 545, 544
[TDSE] Running TDSE-SH-elliptical. step 31400, energy = -0.1933542782996657
  |->  par_lens = 539, 534, 539
[TDSE] Running TDSE-SH-elliptical. step 31600, energy = -0.18778240657430428
  |->  par_lens = 529, 532, 534
[TDSE] Running TDSE-SH-elliptical. step 31800, energy = -0.2712994234239253
  |->  par_lens = 542, 531, 545
[TDSE] Running TDSE-SH-elliptical. step 32000, energy = -0.36824550478435375
  |->  par_lens = 544, 546, 544
[TDSE] Running TDSE-SH-elliptical. step 32200, energy = -0.3594414148231548
  |->  par_lens = 547, 544, 547
[TDSE] Running TDSE-SH-elliptical. step 32400, energy = -0.26995738190674334
  |->  par_lens = 544, 537, 542
[TDSE] Running TDSE-SH-elliptical. step 32600, energy = -0.2230947490932535
  |->  par_lens = 542, 536, 541
[TDSE] Running TDSE-SH-elliptical. step 32800, energy = -0.25857911840046344
  |->  par_lens = 546, 540, 539
[TDSE] Running TDSE-SH-elliptical. step 33000, energy = -0.33985963668520924
  |->  par_lens = 545, 547, 548
[TDSE] Running TDSE-SH-elliptical. step 33200, energy = -0.38317752375496605
  |->  par_lens = 544, 547, 551
[TDSE] Running TDSE-SH-elliptical. step 33400, energy = -0.3425072068274667
  |->  par_lens = 543, 547, 549
[TDSE] Running TDSE-SH-elliptical. step 33600, energy = -0.2823292066032849
  |->  par_lens = 538, 540, 542
[TDSE] Running TDSE-SH-elliptical. step 33800, energy = -0.27833490311232795
  |->  par_lens = 540, 532, 536
[TDSE] Running TDSE-SH-elliptical. step 34000, energy = -0.32387698953674904
  |->  par_lens = 538, 541, 543
[TDSE] Running TDSE-SH-elliptical. step 34200, energy = -0.3795987458853283
  |->  par_lens = 544, 542, 546
[TDSE] Running TDSE-SH-elliptical. step 34400, energy = -0.38083044764634544
  |->  par_lens = 541, 541, 544
[TDSE] Running TDSE-SH-elliptical. step 34600, energy = -0.33938282190693364
  |->  par_lens = 533, 540, 536
[TDSE] Running TDSE-SH-elliptical. step 34800, energy = -0.3078572314061385
  |->  par_lens = 527, 538, 536
[TDSE] Running TDSE-SH-elliptical. step 35000, energy = -0.3274759121396215
  |->  par_lens = 524, 534, 528
[TDSE] Running TDSE-SH-elliptical. step 35200, energy = -0.36800376494039305
  |->  par_lens = 528, 533, 527
[TDSE] Running TDSE-SH-elliptical. step 35400, energy = -0.39190140569386955
  |->  par_lens = 531, 529, 519
[TDSE] Running TDSE-SH-elliptical. step 35600, energy = -0.37759669438659677
  |->  par_lens = 524, 523, 516
[TDSE] Running TDSE-SH-elliptical. step 35800, energy = -0.35361527849796154
  |->  par_lens = 510, 500, 501
[TDSE] Running TDSE-SH-elliptical. step 36000, energy = -0.34275965039183753
  |->  par_lens = 483, 466, 478
[TDSE] Running TDSE-SH-elliptical. step 36200, energy = -0.3717735051984998
  |->  par_lens = 472, 452, 470
[TDSE] Running TDSE-SH-elliptical. step 36400, energy = -0.38971483217993774
  |->  par_lens = 452, 445, 456
[TDSE] Running TDSE-SH-elliptical. step 36600, energy = -0.394774690817866
  |->  par_lens = 443, 427, 439
[TDSE] Running TDSE-SH-elliptical. step 36800, energy = -0.3781109201158954
  |->  par_lens = 425, 425, 422
[TDSE] Running TDSE-SH-elliptical. step 37000, energy = -0.36938496222800266
  |->  par_lens = 401, 399, 399
[TDSE] Running TDSE-SH-elliptical. step 37200, energy = -0.37357609917918905
  |->  par_lens = 389, 382, 397
[TDSE] Running TDSE-SH-elliptical. step 37400, energy = -0.3885565460549691
  |->  par_lens = 379, 372, 380
[TDSE] Running TDSE-SH-elliptical. step 37600, energy = -0.39886094912840353
  |->  par_lens = 367, 363, 371
[TDSE] Running TDSE-SH-elliptical. step 37800, energy = -0.3954516797081986
  |->  par_lens = 358, 352, 364
[TDSE] Running TDSE-SH-elliptical. step 38000, energy = -0.3874017654190884
  |->  par_lens = 334, 333, 348
[TDSE] Running TDSE-SH-elliptical. step 38200, energy = -0.38840866256493933
  |->  par_lens = 301, 306, 303
[TDSE] Running TDSE-SH-elliptical. step 38400, energy = -0.3908089552336131
  |->  par_lens = 279, 283, 281
[TDSE] Running TDSE-SH-elliptical. step 38600, energy = -0.3994827590590576
  |->  par_lens = 277, 277, 277
[TDSE] Running TDSE-SH-elliptical. step 38800, energy = -0.39947152904670175
  |->  par_lens = 270, 270, 267
[TDSE] Running TDSE-SH-elliptical. step 39000, energy = -0.3971347417471918
  |->  par_lens = 262, 252, 254
[TDSE] Running TDSE-SH-elliptical. step 39200, energy = -0.39535986771360554
  |->  par_lens = 254, 249, 247
[TDSE] Running TDSE-SH-elliptical. step 39400, energy = -0.3955581678426062
  |->  par_lens = 254, 251, 253
[TDSE] Running TDSE-SH-elliptical. step 39600, energy = -0.3996675697909546
  |->  par_lens = 258, 255, 259
[TDSE] Running TDSE-SH-elliptical. step 39800, energy = -0.40062764144369695
  |->  par_lens = 255, 252, 256
[TDSE] Running TDSE-SH-elliptical. step 40000, energy = -0.40128236258939465
  |->  par_lens = 252, 251, 251
[TDSE] Running TDSE-SH-elliptical. step 40200, energy = -0.40074993049580276
  |->  par_lens = 251, 247, 248
[TDSE] Running TDSE-SH-elliptical. step 40400, energy = -0.4004135020302705
  |->  par_lens = 246, 240, 242
[TDSE] Running TDSE-SH-elliptical. step 40600, energy = -0.4015878556071089
  |->  par_lens = 239, 236, 240
[TDSE] Running TDSE-SH-elliptical. step 40800, energy = -0.40190163909753074
  |->  par_lens = 232, 231, 234
[TDSE] Running TDSE-SH-elliptical. step 41000, energy = -0.40234015256753775
  |->  par_lens = 222, 228, 225
[TDSE] Running TDSE-SH-elliptical. step 41200, energy = -0.4025783201873512
  |->  par_lens = 218, 221, 221
[TDSE] Running TDSE-SH-elliptical. step 41400, energy = -0.40242277313227315
  |->  par_lens = 216, 222, 223
[TDSE] Running TDSE-SH-elliptical. step 41600, energy = -0.40294784023322444
  |->  par_lens = 216, 219, 220
[TDSE] Running TDSE-SH-elliptical. step 41800, energy = -0.4031849060984921
  |->  par_lens = 215, 218, 217
[TDSE] Running TDSE-SH-elliptical. step 42000, energy = -0.40354782609821294
  |->  par_lens = 215, 217, 217
[TDSE] Running TDSE-SH-elliptical. step 42200, energy = -0.4038078924441491
  |->  par_lens = 214, 216, 217
[TDSE] Running TDSE-SH-elliptical. step 42400, energy = -0.40417145629507123
  |->  par_lens = 212, 215, 217
[TDSE] Running TDSE-SH-elliptical. step 42600, energy = -0.40444663385326324
  |->  par_lens = 210, 213, 215
[TDSE] Running TDSE-SH-elliptical. step 42800, energy = -0.4047251454559147
  |->  par_lens = 209, 213, 213
[TDSE] Running TDSE-SH-elliptical. step 43000, energy = -0.40505233777548144
  |->  par_lens = 208, 213, 210
[TDSE] Running TDSE-SH-elliptical. step 43200, energy = -0.40532726457634577
  |->  par_lens = 207, 210, 209
[TDSE] Running TDSE-SH-elliptical. step 43400, energy = -0.4056537245002529
  |->  par_lens = 205, 209, 207
[TDSE] Running TDSE-SH-elliptical. step 43600, energy = -0.4059793781759966
  |->  par_lens = 204, 207, 207
[TDSE] Running TDSE-SH-elliptical. step 43800, energy = -0.406302383491807
  |->  par_lens = 203, 204, 203
[TDSE] Running TDSE-SH-elliptical. step 44000, energy = -0.40665501580748953
  |->  par_lens = 203, 200, 200
[TDSE] Running TDSE-SH-elliptical. step 44200, energy = -0.40707262426524105
  |->  par_lens = 199, 199, 199
[TDSE] Running TDSE-SH-elliptical. step 44400, energy = -0.4075279381195976
  |->  par_lens = 196, 197, 198
[TDSE] Running TDSE-SH-elliptical. step 44600, energy = -0.40788346904316697
  |->  par_lens = 194, 194, 196
[TDSE] Running TDSE-SH-elliptical. step 44800, energy = -0.40807123738474377
  |->  par_lens = 192, 193, 193
[TDSE] Running TDSE-SH-elliptical. step 45000, energy = -0.4082308426636214
  |->  par_lens = 189, 191, 190
[TDSE] Running TDSE-SH-elliptical. step 45200, energy = -0.4085582029581815
  |->  par_lens = 188, 189, 188
[TDSE] Running TDSE-SH-elliptical. step 45400, energy = -0.409129143964213
  |->  par_lens = 187, 187, 186
[TDSE] Running TDSE-SH-elliptical. step 45600, energy = -0.4097278734682026
  |->  par_lens = 184, 185, 184
[TDSE] Running TDSE-SH-elliptical. step 45800, energy = -0.4100800660697873
  |->  par_lens = 182, 184, 183
[TDSE] Running TDSE-SH-elliptical. step 46000, energy = -0.41027782698938803
  |->  par_lens = 182, 179, 179
[TDSE] Running TDSE-SH-elliptical. step 46200, energy = -0.41051441255464766
  |->  par_lens = 181, 178, 179
[TDSE] Running TDSE-SH-elliptical. step 46400, energy = -0.41083269715537285
  |->  par_lens = 178, 178, 179
[TDSE] Running TDSE-SH-elliptical. step 46600, energy = -0.41116730729080136
  |->  par_lens = 177, 173, 176
[TDSE] Running TDSE-SH-elliptical. step 46800, energy = -0.41148815769010516
  |->  par_lens = 173, 173, 173
[TDSE] Running TDSE-SH-elliptical. step 47000, energy = -0.41182720537053213
  |->  par_lens = 171, 171, 171
[TDSE] Running TDSE-SH-elliptical. step 47200, energy = -0.41219092604683105
  |->  par_lens = 170, 170, 170
[TDSE] Running TDSE-SH-elliptical. step 47400, energy = -0.4125412864606735
  |->  par_lens = 170, 167, 170
[TDSE] Running TDSE-SH-elliptical. step 47600, energy = -0.4128577224601781
  |->  par_lens = 170, 166, 168
[TDSE] Running TDSE-SH-elliptical. step 47800, energy = -0.4131496710053545
  |->  par_lens = 165, 164, 166
[TDSE] Running TDSE-SH-elliptical. step 48000, energy = -0.41344234053172896
  |->  par_lens = 161, 161, 162
[TDSE] Running TDSE-SH-elliptical. step 48200, energy = -0.4137307118547585
  |->  par_lens = 159, 161, 162
[TDSE] Running TDSE-SH-elliptical. step 48400, energy = -0.41400084881385557
  |->  par_lens = 159, 161, 161
[TDSE] Running TDSE-SH-elliptical. step 48600, energy = -0.41427203546177505
  |->  par_lens = 158, 160, 161
[TDSE] Running TDSE-SH-elliptical. step 48800, energy = -0.41455375549513973
  |->  par_lens = 157, 160, 158
[TDSE] Running TDSE-SH-elliptical. step 49000, energy = -0.41482468972217357
  |->  par_lens = 157, 158, 156
[TDSE] Running TDSE-SH-elliptical. step 49200, energy = -0.4150667619448014
  |->  par_lens = 156, 156, 152
[TDSE] Running TDSE-SH-elliptical. step 49400, energy = -0.4153037534599825
  |->  par_lens = 152, 152, 151
[TDSE] Running TDSE-SH-elliptical. step 49600, energy = -0.4155719452509203
  |->  par_lens = 151, 151, 150
[TDSE] Running TDSE-SH-elliptical. step 49800, energy = -0.41585821714340004
  |->  par_lens = 151, 149, 148
[TDSE] Running TDSE-SH-elliptical. step 50000, energy = -0.41612342908184946
  |->  par_lens = 150, 147, 147
[TDSE] Running TDSE-SH-elliptical. step 50200, energy = -0.41635135665182077
  |->  par_lens = 149, 146, 147
[TDSE] Running TDSE-SH-elliptical. step 50400, energy = -0.4165554414167289
  |->  par_lens = 148, 145, 147
[TDSE] Running TDSE-SH-elliptical. step 50600, energy = -0.41677255995703016
  |->  par_lens = 147, 145, 147
[TDSE] Running TDSE-SH-elliptical. step 50800, energy = -0.41702317449984844
  |->  par_lens = 146, 144, 147
[TDSE] Running TDSE-SH-elliptical. step 51000, energy = -0.4172908654757052
  |->  par_lens = 145, 142, 144
[TDSE] Running TDSE-SH-elliptical. step 51200, energy = -0.41754164559204965
  |->  par_lens = 142, 140, 141
[TDSE] Running TDSE-SH-elliptical. step 51400, energy = -0.41775253574295274
  |->  par_lens = 138, 139, 141
[TDSE] Running TDSE-SH-elliptical. step 51600, energy = -0.4179284813608599
  |->  par_lens = 137, 138, 140
[TDSE] Running TDSE-SH-elliptical. step 51800, energy = -0.41809246707354636
  |->  par_lens = 137, 138, 140
[TDSE] Running TDSE-SH-elliptical. step 52000, energy = -0.4182654681643996
  |->  par_lens = 136, 138, 140
[TDSE] Running TDSE-SH-elliptical. step 52200, energy = -0.4184545080044115
  |->  par_lens = 135, 138, 138
[TDSE] Running TDSE-SH-elliptical. step 52400, energy = -0.4186581255521035
  |->  par_lens = 135, 137, 133
[TDSE] Running TDSE-SH-elliptical. step 52600, energy = -0.4188726735237469
  |->  par_lens = 135, 136, 133
[TDSE] Running TDSE-SH-elliptical. step 52800, energy = -0.4190887259557288
  |->  par_lens = 134, 134, 132
[TDSE] Running TDSE-SH-elliptical. step 53000, energy = -0.4192942485829528
  |->  par_lens = 132, 134, 132
[TDSE] Running TDSE-SH-elliptical. step 53200, energy = -0.41948715000300246
  |->  par_lens = 130, 131, 130
[TDSE] Running TDSE-SH-elliptical. step 53400, energy = -0.4196761844619803
  |->  par_lens = 130, 129, 126
[TDSE] Running TDSE-SH-elliptical. step 53600, energy = -0.4198666351853247
  |->  par_lens = 129, 127, 125
[TDSE] Running TDSE-SH-elliptical. step 53800, energy = -0.42005005980434157
  |->  par_lens = 127, 127, 125
[TDSE] Running TDSE-SH-elliptical. step 54000, energy = -0.4202129027330528
  |->  par_lens = 125, 127, 125
[TDSE] Running TDSE-SH-elliptical. step 54200, energy = -0.420351694523211
  |->  par_lens = 125, 125, 124
[TDSE] Running TDSE-SH-elliptical. step 54400, energy = -0.4204732929949875
  |->  par_lens = 125, 123, 124
[TDSE] Running TDSE-SH-elliptical. step 54600, energy = -0.4205862453299157
  |->  par_lens = 125, 122, 124
[TDSE] Running TDSE-SH-elliptical. step 54800, energy = -0.42069945750417753
  |->  par_lens = 125, 122, 123
[TDSE] Running TDSE-SH-elliptical. step 55000, energy = -0.42082445356298903
  |->  par_lens = 124, 122, 123
[TDSE] Running TDSE-SH-elliptical. step 55200, energy = -0.42096866022384466
  |->  par_lens = 124, 121, 123
[TDSE] Running TDSE-SH-elliptical. step 55400, energy = -0.42112761919651
  |->  par_lens = 122, 120, 122
[TDSE] Running TDSE-SH-elliptical. step 55600, energy = -0.42129237678515635
  |->  par_lens = 117, 119, 120
[TDSE] Running TDSE-SH-elliptical. step 55800, energy = -0.42146264536972355
  |->  par_lens = 117, 119, 120
[TDSE] Running TDSE-SH-elliptical. step 56000, energy = -0.4216455783882524
  |->  par_lens = 116, 118, 118
[TDSE] Running TDSE-SH-elliptical. step 56200, energy = -0.421843942809783
  |->  par_lens = 115, 116, 115
[TDSE] Running TDSE-SH-elliptical. step 56400, energy = -0.42205022634512324
  |->  par_lens = 115, 115, 115
[TDSE] Running TDSE-SH-elliptical. step 56600, energy = -0.42224995953063044
  |->  par_lens = 111, 113, 113
[TDSE] Running TDSE-SH-elliptical. step 56800, energy = -0.42242816504389374
  |->  par_lens = 110, 113, 111
[TDSE] Running TDSE-SH-elliptical. step 57000, energy = -0.42257505209047286
  |->  par_lens = 110, 111, 109
[TDSE] Running TDSE-SH-elliptical. step 57200, energy = -0.42268895008388996
  |->  par_lens = 109, 109, 109
[TDSE] Running TDSE-SH-elliptical. step 57400, energy = -0.4227754491256769
  |->  par_lens = 109, 109, 109
[TDSE] Running TDSE-SH-elliptical. step 57600, energy = -0.4228432454814008
  |->  par_lens = 108, 108, 107
[TDSE] Running TDSE-SH-elliptical. step 57800, energy = -0.42289923599182716
  |->  par_lens = 108, 108, 106
[TDSE] Running TDSE-SH-elliptical. step 58000, energy = -0.42294721404046426
  |->  par_lens = 108, 107, 104
[TDSE] Running TDSE-SH-elliptical. step 58200, energy = -0.4229908615785436
  |->  par_lens = 108, 107, 104
[TDSE] Running TDSE-SH-elliptical. step 58400, energy = -0.42303609486293553
  |->  par_lens = 108, 107, 104
[TDSE] Running TDSE-SH-elliptical. step 58600, energy = -0.42308917991123013
  |->  par_lens = 108, 106, 104
[TDSE] Running TDSE-SH-elliptical. step 58800, energy = -0.42315291312901765
  |->  par_lens = 108, 106, 104
[TDSE] Running TDSE-SH-elliptical. step 59000, energy = -0.4232254927272832
  |->  par_lens = 108, 106, 104
[TDSE] Running TDSE-SH-elliptical. step 59200, energy = -0.42330354085501454
  Activating project at `~/JuliaProp_v0.1`
  |->  par_lens = 108, 106, 104
[TDSE] Running TDSE-SH-elliptical. step 59400, energy = -0.42338600497294576
  |->  par_lens = 108, 105, 104
[TDSE] Running TDSE-SH-elliptical. step 59600, energy = -0.4234749894406062
  |->  par_lens = 108, 105, 104
[TDSE] Running TDSE-SH-elliptical. step 59800, energy = -0.42357353772601014
  |->  par_lens = 107, 104, 104
[TDSE] Running TDSE-SH-elliptical. step 60000, energy = -0.42368340247122566
  |->  par_lens = 104, 104, 104
[TDSE] Running TDSE-SH-elliptical. step 60200, energy = -0.4238044982123956
  |->  par_lens = 104, 103, 104
[TDSE] Running TDSE-SH-elliptical. step 60400, energy = -0.4239352808625713
  |->  par_lens = 104, 103, 104
[TDSE] Running TDSE-SH-elliptical. step 60600, energy = -0.42407310583545743
  |->  par_lens = 103, 103, 103
[TDSE] Running TDSE-SH-elliptical. step 60800, energy = -0.4242145761257718
  |->  par_lens = 100, 102, 102
[TDSE] Running TDSE-SH-elliptical. step 61000, energy = -0.42435601915765564
  |->  par_lens = 99, 101, 99
[TDSE] Running TDSE-SH-elliptical. step 61200, energy = -0.42449371292015387
  |->  par_lens = 99, 99, 96
[TDSE] Running TDSE-SH-elliptical. step 61400, energy = -0.42462362435559237
  |->  par_lens = 97, 98, 96
[TDSE] Running TDSE-SH-elliptical. step 61600, energy = -0.4247414008065311
  |->  par_lens = 97, 96, 96
[TDSE] Running TDSE-SH-elliptical. step 61800, energy = -0.424843356060265
  |->  par_lens = 95, 96, 96
[TDSE] Running TDSE-SH-elliptical. step 62000, energy = -0.42492802566205884
  |->  par_lens = 94, 94, 95
[TDSE] Running TDSE-SH-elliptical. step 62200, energy = -0.42499687222396776
  |->  par_lens = 94, 93, 94
[TDSE] Running TDSE-SH-elliptical. step 62400, energy = -0.4250534393398052
  |->  par_lens = 93, 92, 92
[TDSE] Running TDSE-SH-elliptical. step 62600, energy = -0.4251017371012271
  |->  par_lens = 90, 90, 91
[TDSE] Running TDSE-SH-elliptical. step 62800, energy = -0.4251449819597771
  |->  par_lens = 88, 89, 90
[TDSE] Running TDSE-SH-elliptical. step 63000, energy = -0.42518534936417246
  |->  par_lens = 87, 88, 89
[TDSE] Running TDSE-SH-elliptical. step 63200, energy = -0.42522430902967934
  |->  par_lens = 87, 88, 87
[TDSE] Running TDSE-SH-elliptical. step 63400, energy = -0.42526285832232946
  |->  par_lens = 87, 87, 87
[TDSE] Running TDSE-SH-elliptical. step 63600, energy = -0.42530152191280163
  |->  par_lens = 86, 85, 87
[TDSE] Running TDSE-SH-elliptical. step 63800, energy = -0.4253402873674715
  |->  par_lens = 86, 85, 87
[TDSE] Running TDSE-SH-elliptical. step 64000, energy = -0.4253787308187338
  |->  par_lens = 86, 85, 87
[TDSE] Running TDSE-SH-elliptical. step 64200, energy = -0.4254164053525644
  |->  par_lens = 86, 85, 87
[TDSE] Running TDSE-SH-elliptical. step 64400, energy = -0.4254532033660093
  |->  par_lens = 86, 85, 87
[TDSE] Running TDSE-SH-elliptical. step 64600, energy = -0.42548939657163415
  |->  par_lens = 84, 85, 87
[TDSE] Running TDSE-SH-elliptical. step 64800, energy = -0.42552535899965616
  |->  par_lens = 83, 85, 86
[TDSE] Running TDSE-SH-elliptical. step 65000, energy = -0.42556121696897864
  |->  par_lens = 83, 84, 86
[TDSE] Running TDSE-SH-elliptical. step 65200, energy = -0.4255967083259131
  |->  par_lens = 83, 84, 86
[TDSE] Running TDSE-SH-elliptical. step 65400, energy = -0.42563129855543225
  |->  par_lens = 83, 84, 86
[TDSE] Running TDSE-SH-elliptical. step 65600, energy = -0.4256643719123772
  |->  par_lens = 83, 84, 85
[TDSE] Running TDSE-SH-elliptical. step 65800, energy = -0.4256953416714342
  |->  par_lens = 83, 84, 85
[TDSE] Running TDSE-SH-elliptical. step 66000, energy = -0.42572369653215053
  |->  par_lens = 83, 84, 85
[TDSE] Running TDSE-SH-elliptical. step 66200, energy = -0.4257490956126925
  |->  par_lens = 83, 84, 84
[TDSE] Running TDSE-SH-elliptical. step 66400, energy = -0.42577153527239225
  |->  par_lens = 83, 84, 84
[TDSE] Running TDSE-SH-elliptical. step 66600, energy = -0.42579148201820227
  |->  par_lens = 83, 84, 84
[TDSE] Running TDSE-SH-elliptical. step 66800, energy = -0.4258098610503368
  |->  par_lens = 83, 84, 84
[TDSE] Running TDSE-SH-elliptical. step 67000, energy = -0.4258278835737633
  |->  par_lens = 83, 84, 83
[TDSE] Running TDSE-SH-elliptical. step 67200, energy = -0.4258467939097569
  |->  par_lens = 83, 84, 83
[TDSE] Running TDSE-SH-elliptical. step 67400, energy = -0.42586765442336577
  |->  par_lens = 83, 84, 83
[TDSE] Running TDSE-SH-elliptical. step 67600, energy = -0.4258912436949076
  |->  par_lens = 83, 84, 82
[TDSE] Running TDSE-SH-elliptical. step 67800, energy = -0.4259180672897123
  |->  par_lens = 83, 84, 82
[TDSE] Running TDSE-SH-elliptical. step 68000, energy = -0.42594842752975165
  |->  par_lens = 83, 84, 81
[TDSE] Running TDSE-SH-elliptical. step 68200, energy = -0.42598248240699405
  |->  par_lens = 83, 83, 81
[TDSE] Running TDSE-SH-elliptical. step 68400, energy = -0.42602024295005303
  |->  par_lens = 83, 83, 81
[TDSE] Running TDSE-SH-elliptical. step 68600, energy = -0.426061514153752
  |->  par_lens = 83, 82, 81
[TDSE] Running TDSE-SH-elliptical. step 68800, energy = -0.4261058421110971
  |->  par_lens = 83, 81, 81
[TDSE] Running TDSE-SH-elliptical. step 69000, energy = -0.42615253035162015
  |->  par_lens = 83, 80, 81
[TDSE] Running TDSE-SH-elliptical. step 69200, energy = -0.42620073138578574
  |->  par_lens = 83, 79, 81
[TDSE] Running TDSE-SH-elliptical. step 69400, energy = -0.42624957346762515
  |->  par_lens = 83, 78, 79
[TDSE] Running TDSE-SH-elliptical. step 69600, energy = -0.42629828675060666
  |->  par_lens = 82, 78, 79
[TDSE] Running TDSE-SH-elliptical. step 69800, energy = -0.4263463116349384
  |->  par_lens = 81, 78, 79
[TDSE] Running TDSE-SH-elliptical. step 70000, energy = -0.42639336899469565
  |->  par_lens = 79, 78, 79
[TDSE] Running TDSE-SH-elliptical. step 70200, energy = -0.4264394669994149
  |->  par_lens = 79, 78, 79
[TDSE] Running TDSE-SH-elliptical. step 70400, energy = -0.4264848407143182
  |->  par_lens = 79, 78, 79
[TDSE] Running TDSE-SH-elliptical. step 70600, energy = -0.4265298516328234
  |->  par_lens = 79, 78, 78
[TDSE] Running TDSE-SH-elliptical. step 70800, energy = -0.426574881263264
  |->  par_lens = 79, 78, 77
[TDSE] Running TDSE-SH-elliptical. step 71000, energy = -0.42662023711292946
  |->  par_lens = 78, 78, 76
[TDSE] Running TDSE-SH-elliptical. step 71200, energy = -0.42666607821580727
  |->  par_lens = 77, 78, 76
[TDSE] Running TDSE-SH-elliptical. step 71400, energy = -0.42671237052472527
  |->  par_lens = 77, 78, 76
[TDSE] Running TDSE-SH-elliptical. step 71600, energy = -0.42675888382862576
  |->  par_lens = 77, 76, 76
[TDSE] Running TDSE-SH-elliptical. step 71800, energy = -0.4268052293374635
  |->  par_lens = 77, 75, 76
[TDSE] Running TDSE-SH-elliptical. step 72000, energy = -0.4268509208794511
  |->  par_lens = 77, 75, 76
[TDSE] Running TDSE-SH-elliptical. step 72200, energy = -0.4268954392091261
  |->  par_lens = 76, 74, 76
[TDSE] Running TDSE-SH-elliptical. step 72400, energy = -0.42693828915288795
  |->  par_lens = 74, 74, 76
[TDSE] Running TDSE-SH-elliptical. step 72600, energy = -0.42697904972273376
  |->  par_lens = 74, 73, 74
[TDSE] Running TDSE-SH-elliptical. step 72800, energy = -0.4270174175958018
  |->  par_lens = 74, 73, 73
[TDSE] Running TDSE-SH-elliptical. step 73000, energy = -0.4270532375698637
  |->  par_lens = 72, 73, 72
[TDSE] Running TDSE-SH-elliptical. step 73200, energy = -0.42708650990439845
  |->  par_lens = 72, 72, 71
[TDSE] Running TDSE-SH-elliptical. step 73400, energy = -0.4271173692335479
  |->  par_lens = 72, 72, 71
[TDSE] Running TDSE-SH-elliptical. step 73600, energy = -0.427146039598598
  |->  par_lens = 72, 71, 70
[TDSE] Running TDSE-SH-elliptical. step 73800, energy = -0.4271727780463641
  |->  par_lens = 71, 70, 70
[TDSE] Running TDSE-SH-elliptical. step 74000, energy = -0.42719782110378446
  |->  par_lens = 71, 70, 70
[TDSE] Running TDSE-SH-elliptical. step 74200, energy = -0.42722134510052334
  |->  par_lens = 70, 70, 70
[TDSE] Running TDSE-SH-elliptical. step 74400, energy = -0.4272434459717643
  |->  par_lens = 68, 70, 70
[TDSE] Running TDSE-SH-elliptical. step 74600, energy = -0.4272641393083845
  |->  par_lens = 68, 69, 70
[TDSE] Running TDSE-SH-elliptical. step 74800, energy = -0.42728337777755465
  |->  par_lens = 68, 69, 70
[TDSE] Running TDSE-SH-elliptical. step 75000, energy = -0.4273010804624548
  |->  par_lens = 67, 69, 69
[TDSE] Running TDSE-SH-elliptical. step 75200, energy = -0.427317167134248
  |->  par_lens = 67, 69, 66
[TDSE] Running TDSE-SH-elliptical. step 75400, energy = -0.42733159025845974
  |->  par_lens = 67, 69, 66
[TDSE] Running TDSE-SH-elliptical. step 75600, energy = -0.4273443588157272
  |->  par_lens = 67, 68, 66
[TDSE] Running TDSE-SH-elliptical. step 75800, energy = -0.42735555045022844
  |->  par_lens = 67, 67, 66
[TDSE] Running TDSE-SH-elliptical. step 76000, energy = -0.4273653112864705
  |->  par_lens = 67, 66, 66
[TDSE] Running TDSE-SH-elliptical. step 76200, energy = -0.42737384517174076
  |->  par_lens = 67, 66, 66
[TDSE] Running TDSE-SH-elliptical. step 76400, energy = -0.42738139561090965
  |->  par_lens = 67, 66, 66
[TDSE] Running TDSE-SH-elliptical. step 76600, energy = -0.4273882241795644
  |->  par_lens = 66, 65, 66
[TDSE] Running TDSE-SH-elliptical. step 76800, energy = -0.4273945889420048
  |->  par_lens = 66, 65, 66
[TDSE] Running TDSE-SH-elliptical. step 77000, energy = -0.42740072567352827
  |->  par_lens = 66, 65, 66
[TDSE] Running TDSE-SH-elliptical. step 77200, energy = -0.42740683376401184
  |->  par_lens = 66, 65, 66
[TDSE] Running TDSE-SH-elliptical. step 77400, energy = -0.4274130677460466
  |->  par_lens = 66, 65, 66
[TDSE] Running TDSE-SH-elliptical. step 77600, energy = -0.42741953455253867
  |->  par_lens = 66, 65, 65
[TDSE] Running TDSE-SH-elliptical. step 77800, energy = -0.4274262959228364
  |->  par_lens = 65, 65, 65
[TDSE] Running TDSE-SH-elliptical. step 78000, energy = -0.427433374870433
  |->  par_lens = 64, 65, 65
[TDSE] Running TDSE-SH-elliptical. step 78200, energy = -0.42744076480837223
  |->  par_lens = 64, 65, 65
[TDSE] Running TDSE-SH-elliptical. step 78400, energy = -0.42744843979994845
  |->  par_lens = 64, 64, 65
[TDSE] Running TDSE-SH-elliptical. step 78600, energy = -0.4274563644558105
  |->  par_lens = 64, 64, 65
[TDSE] Running TDSE-SH-elliptical. step 78800, energy = -0.42746450222290516
  |->  par_lens = 64, 64, 65
[TDSE] Running TDSE-SH-elliptical. step 79000, energy = -0.42747282118139696
  |->  par_lens = 63, 63, 64
[TDSE] Running TDSE-SH-elliptical. step 79200, energy = -0.42748129693752496
  |->  par_lens = 63, 63, 64
[TDSE] Running TDSE-SH-elliptical. step 79400, energy = -0.4274899127050994
  |->  par_lens = 63, 63, 63
[TDSE] Running TDSE-SH-elliptical. step 79600, energy = -0.42749865712103013
  |->  par_lens = 62, 63, 62
[TDSE] Running TDSE-SH-elliptical. step 79800, energy = -0.42750752066025755
  |->  par_lens = 62, 63, 62
[TDSE] Running TDSE-SH-elliptical. step 80000, energy = -0.42751649164818567
  |->  par_lens = 62, 63, 62
[TDSE] Running TDSE-SH-elliptical. step 80200, energy = -0.4275255528000014
  |->  par_lens = 62, 62, 62
[TDSE] Running TDSE-SH-elliptical. step 80400, energy = -0.4275346789789349
  |->  par_lens = 62, 62, 62
[TDSE] Running TDSE-SH-elliptical. step 80600, energy = -0.42754383652682687
  |->  par_lens = 62, 62, 62
[TDSE] Running TDSE-SH-elliptical. step 80800, energy = -0.4275529841636797
  |->  par_lens = 62, 61, 62
[TDSE] Running TDSE-SH-elliptical. step 81000, energy = -0.427562075153656
  |->  par_lens = 62, 60, 62
[TDSE] Running TDSE-SH-elliptical. step 81200, energy = -0.4275710602442978
  |->  par_lens = 62, 60, 62
[TDSE] Running TDSE-SH-elliptical. step 81400, energy = -0.4275798908236182
  |->  par_lens = 61, 60, 62
[TDSE] Running TDSE-SH-elliptical. step 81600, energy = -0.42758852179265056
  |->  par_lens = 61, 60, 62
[TDSE] Running TDSE-SH-elliptical. step 81800, energy = -0.4275969137854975
  |->  par_lens = 61, 60, 61
[TDSE] Running TDSE-SH-elliptical. step 82000, energy = -0.4276050345418291
  |->  par_lens = 61, 60, 61
[TDSE] Running TDSE-SH-elliptical. step 82200, energy = -0.4276128594071422
  |->  par_lens = 59, 60, 61
[TDSE] Running TDSE-SH-elliptical. step 82400, energy = -0.42762037107345785
  |->  par_lens = 59, 60, 61
[TDSE] Running TDSE-SH-elliptical. step 82600, energy = -0.4276275587609341
  |->  par_lens = 59, 60, 60
[TDSE] Running TDSE-SH-elliptical. step 82800, energy = -0.4276344170763548
  |->  par_lens = 59, 60, 60
[TDSE] Running TDSE-SH-elliptical. step 83000, energy = -0.427640944775224
  |->  par_lens = 59, 60, 60
[TDSE] Running TDSE-SH-elliptical. step 83200, energy = -0.4276471436126594
  |->  par_lens = 59, 60, 60
[TDSE] Running TDSE-SH-elliptical. step 83400, energy = -0.42765301740929557
  |->  par_lens = 59, 60, 58
[TDSE] Running TDSE-SH-elliptical. step 83600, energy = -0.427658571395435
  |->  par_lens = 59, 59, 58
[TDSE] Running TDSE-SH-elliptical. step 83800, energy = -0.42766381183973357
  |->  par_lens = 59, 59, 58
[TDSE] Running TDSE-SH-elliptical. step 84000, energy = -0.42766874592430776
  |->  par_lens = 59, 59, 58
[TDSE] Running TDSE-SH-elliptical. step 84200, energy = -0.42767338179879555
  |->  par_lens = 59, 59, 58
[TDSE] Running TDSE-SH-elliptical. step 84400, energy = -0.4276777287327402
  |->  par_lens = 59, 59, 58
[TDSE] Running TDSE-SH-elliptical. step 84600, energy = -0.4276817972859617
  |->  par_lens = 59, 56, 57
[TDSE] Running TDSE-SH-elliptical. step 84800, energy = -0.4276855994284926
  |->  par_lens = 58, 56, 57
[TDSE] Running TDSE-SH-elliptical. step 85000, energy = -0.4276891485605206
  |->  par_lens = 58, 56, 57
[TDSE] Running TDSE-SH-elliptical. step 85200, energy = -0.42769245940544537
  |->  par_lens = 58, 56, 57
[TDSE] Running TDSE-SH-elliptical. step 85400, energy = -0.42769554777280594
  |->  par_lens = 58, 56, 57
[TDSE] Running TDSE-SH-elliptical. step 85600, energy = -0.427698430208125
  |->  par_lens = 58, 56, 57
[TDSE] Running TDSE-SH-elliptical. step 85800, energy = -0.4277011235624578
  |->  par_lens = 58, 56, 57
[TDSE] Running TDSE-SH-elliptical. step 86000, energy = -0.42770364452427106
  |->  par_lens = 58, 56, 57
[TDSE] Running TDSE-SH-elliptical. step 86200, energy = -0.4277060091593705
  |->  par_lens = 57, 56, 57
