[ITP]: 10000.471108571397
[ITP]: 0.022107823405609905
[ITP]: 0.004976805475414736
[ITP]: 0.0021058954092971205
[ITP]: 0.001084104546129061
[ITP]: 0.0006160870179273692
[ITP]: 0.0003714642087823128
[ITP]: 0.00023286611963801995
[ITP]: 0.0001500123428329614
[ITP]: 9.857967926441003e-5
[ITP]: 6.57601184761436e-5
[ITP]: 4.43786526744816e-5
[ITP]: 3.022437766897479e-5
[ITP]: 2.0735965556739622e-5
[ITP]: 1.4311264988853267e-5
[ITP]: 9.92563006574354e-6
[ITP]: 6.9119921211058255e-6
[ITP]: 4.82976755122877e-6
[ITP]: 3.384510666504248e-6
[ITP]: 2.3775199649023193e-6
[ITP]: 1.6736194445865493e-6
[ITP]: 1.1802274751948616e-6
[ITP]: 8.335748883370186e-7
[ITP]: 5.895273362810372e-7
[ITP]: 4.174150680658073e-7
[ITP]: 2.958509506267859e-7
[ITP]: 2.098764437796774e-7
[ITP]: 1.4900242706339384e-7
[ITP]: 1.0585745457980522e-7
[ITP]: 7.525113565609587e-8
[ITP]: 5.352267851144177e-8
[ITP]: 3.808635307134267e-8
[ITP]: 2.7113442158110956e-8
[ITP]: 1.9309163601377577e-8
[ITP]: 1.3755872219078924e-8
[ITP]: 9.802639699962867e-9
Energy of ground state: -0.5030607411950042
[TDSE] Start TDSE-SH for elliptical polarized laser. It may cost a plenty of time.
[TDSE] Running TDSE-SH-elliptical. step 0, energy = -0.5030607411950033
  |->  par_lens = 1, 1, 1
[TDSE] Running TDSE-SH-elliptical. step 200, energy = -0.50306074119486
  |->  par_lens = 1, 1, 1
[TDSE] Running TDSE-SH-elliptical. step 400, energy = -0.5030607411947183
  |->  par_lens = 1, 1, 1
[TDSE] Running TDSE-SH-elliptical. step 600, energy = -0.5030607411945779
  |->  par_lens = 1, 1, 2
[TDSE] Running TDSE-SH-elliptical. step 800, energy = -0.5030607411944137
  |->  par_lens = 1, 1, 2
[TDSE] Running TDSE-SH-elliptical. step 1000, energy = -0.5030607411942138
  |->  par_lens = 1, 1, 2
[TDSE] Running TDSE-SH-elliptical. step 1200, energy = -0.5030607411939552
  |->  par_lens = 1, 1, 2
[TDSE] Running TDSE-SH-elliptical. step 1400, energy = -0.5030607411936001
  |->  par_lens = 1, 1, 2
[TDSE] Running TDSE-SH-elliptical. step 1600, energy = -0.50306074119302
  |->  par_lens = 1, 1, 2
[TDSE] Running TDSE-SH-elliptical. step 1800, energy = -0.5030607411922386
  |->  par_lens = 1, 1, 2
[TDSE] Running TDSE-SH-elliptical. step 2000, energy = -0.5030607411910538
  |->  par_lens = 1, 1, 2
[TDSE] Running TDSE-SH-elliptical. step 2200, energy = -0.5030607411895195
  |->  par_lens = 1, 1, 2
[TDSE] Running TDSE-SH-elliptical. step 2400, energy = -0.5030607411874235
  |->  par_lens = 1, 1, 2
[TDSE] Running TDSE-SH-elliptical. step 2600, energy = -0.5030607411849208
  |->  par_lens = 1, 1, 2
[TDSE] Running TDSE-SH-elliptical. step 2800, energy = -0.5030607411817729
  |->  par_lens = 1, 1, 2
[TDSE] Running TDSE-SH-elliptical. step 3000, energy = -0.5030607411782488
  |->  par_lens = 1, 1, 2
[TDSE] Running TDSE-SH-elliptical. step 3200, energy = -0.5030607411741302
  |->  par_lens = 1, 1, 2
[TDSE] Running TDSE-SH-elliptical. step 3400, energy = -0.503060741169755
  |->  par_lens = 1, 1, 2
[TDSE] Running TDSE-SH-elliptical. step 3600, energy = -0.5030607411650085
  |->  par_lens = 1, 1, 2
[TDSE] Running TDSE-SH-elliptical. step 3800, energy = -0.5030607411602067
  |->  par_lens = 1, 1, 2
[TDSE] Running TDSE-SH-elliptical. step 4000, energy = -0.5030607411553372
  |->  par_lens = 1, 1, 2
[TDSE] Running TDSE-SH-elliptical. step 4200, energy = -0.5030607411506545
  |->  par_lens = 1, 1, 2
[TDSE] Running TDSE-SH-elliptical. step 4400, energy = -0.5030607411462535
  |->  par_lens = 1, 1, 2
[TDSE] Running TDSE-SH-elliptical. step 4600, energy = -0.5030607411422342
  |->  par_lens = 1, 1, 2
[TDSE] Running TDSE-SH-elliptical. step 4800, energy = -0.5030607411387793
  |->  par_lens = 1, 1, 2
[TDSE] Running TDSE-SH-elliptical. step 5000, energy = -0.5030607411358148
  |->  par_lens = 1, 1, 2
[TDSE] Running TDSE-SH-elliptical. step 5200, energy = -0.5030607411335963
  |->  par_lens = 1, 1, 2
[TDSE] Running TDSE-SH-elliptical. step 5400, energy = -0.5030607411318118
  |->  par_lens = 1, 1, 2
[TDSE] Running TDSE-SH-elliptical. step 5600, energy = -0.503060741130769
  |->  par_lens = 1, 1, 2
[TDSE] Running TDSE-SH-elliptical. step 5800, energy = -0.5030607411299581
  |->  par_lens = 1, 1, 2
[TDSE] Running TDSE-SH-elliptical. step 6000, energy = -0.5030607411297495
  |->  par_lens = 1, 1, 2
[TDSE] Running TDSE-SH-elliptical. step 6200, energy = -0.5030607411294293
  |->  par_lens = 1, 1, 2
[TDSE] Running TDSE-SH-elliptical. step 6400, energy = -0.5030607411294205
  |->  par_lens = 1, 1, 2
[TDSE] Running TDSE-SH-elliptical. step 6600, energy = -0.5030607411288996
  |->  par_lens = 1, 1, 2
[TDSE] Running TDSE-SH-elliptical. step 6800, energy = -0.5030607411282706
  |->  par_lens = 1, 1, 2
[TDSE] Running TDSE-SH-elliptical. step 7000, energy = -0.5030607411265797
  |->  par_lens = 1, 1, 2
[TDSE] Running TDSE-SH-elliptical. step 7200, energy = -0.5030607411242192
  |->  par_lens = 1, 1, 2
[TDSE] Running TDSE-SH-elliptical. step 7400, energy = -0.5030607411201667
  |->  par_lens = 1, 1, 2
[TDSE] Running TDSE-SH-elliptical. step 7600, energy = -0.5030607411146143
  |->  par_lens = 1, 1, 2
[TDSE] Running TDSE-SH-elliptical. step 7800, energy = -0.5030607411063464
  |->  par_lens = 1, 1, 2
[TDSE] Running TDSE-SH-elliptical. step 8000, energy = -0.5030607410952883
  |->  par_lens = 1, 1, 2
[TDSE] Running TDSE-SH-elliptical. step 8200, energy = -0.5030607410798695
  |->  par_lens = 1, 1, 2
[TDSE] Running TDSE-SH-elliptical. step 8400, energy = -0.5030607410594983
  |->  par_lens = 1, 1, 2
[TDSE] Running TDSE-SH-elliptical. step 8600, energy = -0.503060741032004
  |->  par_lens = 1, 1, 2
[TDSE] Running TDSE-SH-elliptical. step 8800, energy = -0.5030607409960859
  |->  par_lens = 1, 1, 2
[TDSE] Running TDSE-SH-elliptical. step 9000, energy = -0.50306074094858
  |->  par_lens = 1, 1, 2
[TDSE] Running TDSE-SH-elliptical. step 9200, energy = -0.5030607408872482
  |->  par_lens = 1, 1, 2
[TDSE] Running TDSE-SH-elliptical. step 9400, energy = -0.5030607408076132
  |->  par_lens = 1, 1, 2
[TDSE] Running TDSE-SH-elliptical. step 9600, energy = -0.503060740706197
  |->  par_lens = 1, 1, 2
[TDSE] Running TDSE-SH-elliptical. step 9800, energy = -0.5030607405769572
  |->  par_lens = 1, 1, 2
[TDSE] Running TDSE-SH-elliptical. step 10000, energy = -0.5030607404150331
  |->  par_lens = 1, 1, 2
[TDSE] Running TDSE-SH-elliptical. step 10200, energy = -0.5030607380074843
  |->  par_lens = 1, 1, 2
[TDSE] Running TDSE-SH-elliptical. step 10400, energy = -0.503060662408497
  |->  par_lens = 2, 2, 2
[TDSE] Running TDSE-SH-elliptical. step 10600, energy = -0.5030604607254594
  |->  par_lens = 2, 2, 2
[TDSE] Running TDSE-SH-elliptical. step 10800, energy = -0.5030599825346489
  |->  par_lens = 2, 2, 2
[TDSE] Running TDSE-SH-elliptical. step 11000, energy = -0.5030527715136891
  |->  par_lens = 3, 2, 2
[TDSE] Running TDSE-SH-elliptical. step 11200, energy = -0.5030169396888365
  |->  par_lens = 4, 3, 3
[TDSE] Running TDSE-SH-elliptical. step 11400, energy = -0.50293588166838
  |->  par_lens = 4, 3, 3
[TDSE] Running TDSE-SH-elliptical. step 11600, energy = -0.5028517332501987
  |->  par_lens = 5, 4, 4
[TDSE] Running TDSE-SH-elliptical. step 11800, energy = -0.5028641453947855
  |->  par_lens = 5, 5, 5
[TDSE] Running TDSE-SH-elliptical. step 12000, energy = -0.5029648800523495
  |->  par_lens = 4, 4, 3
[TDSE] Running TDSE-SH-elliptical. step 12200, energy = -0.5029021684372601
  |->  par_lens = 4, 4, 3
[TDSE] Running TDSE-SH-elliptical. step 12400, energy = -0.5023792466328486
  |->  par_lens = 5, 5, 6
[TDSE] Running TDSE-SH-elliptical. step 12600, energy = -0.5015734083881672
  |->  par_lens = 7, 7, 7
[TDSE] Running TDSE-SH-elliptical. step 12800, energy = -0.5012364028078145
  |->  par_lens = 7, 7, 7
[TDSE] Running TDSE-SH-elliptical. step 13000, energy = -0.5018663767814355
  |->  par_lens = 6, 6, 7
[TDSE] Running TDSE-SH-elliptical. step 13200, energy = -0.502635728262261
  |->  par_lens = 6, 5, 6
[TDSE] Running TDSE-SH-elliptical. step 13400, energy = -0.5018439495502981
  |->  par_lens = 6, 6, 7
[TDSE] Running TDSE-SH-elliptical. step 13600, energy = -0.49903694672104343
  |->  par_lens = 9, 9, 8
[TDSE] Running TDSE-SH-elliptical. step 13800, energy = -0.49643033469858217
  |->  par_lens = 10, 10, 10
[TDSE] Running TDSE-SH-elliptical. step 14000, energy = -0.4969757452584016
  |->  par_lens = 11, 10, 10
[TDSE] Running TDSE-SH-elliptical. step 14200, energy = -0.5002479005638008
  |->  par_lens = 11, 11, 12
[TDSE] Running TDSE-SH-elliptical. step 14400, energy = -0.5015320957158066
  |->  par_lens = 12, 11, 12
[TDSE] Running TDSE-SH-elliptical. step 14600, energy = -0.4967020143531596
  |->  par_lens = 12, 12, 12
[TDSE] Running TDSE-SH-elliptical. step 14800, energy = -0.48848078943805495
  |->  par_lens = 14, 13, 14
[TDSE] Running TDSE-SH-elliptical. step 15000, energy = -0.485090105469416
  |->  par_lens = 16, 17, 16
[TDSE] Running TDSE-SH-elliptical. step 15200, energy = -0.49099030055203974
  |->  par_lens = 18, 18, 18
[TDSE] Running TDSE-SH-elliptical. step 15400, energy = -0.4990836200570932
  |->  par_lens = 20, 20, 21
[TDSE] Running TDSE-SH-elliptical. step 15600, energy = -0.49687830870925287
  |->  par_lens = 21, 20, 21
[TDSE] Running TDSE-SH-elliptical. step 15800, energy = -0.48164379615073755
  |->  par_lens = 19, 19, 19
[TDSE] Running TDSE-SH-elliptical. step 16000, energy = -0.4672190503821261
  |->  par_lens = 25, 23, 23
[TDSE] Running TDSE-SH-elliptical. step 16200, energy = -0.4697328342024552
  |->  par_lens = 28, 28, 28
[TDSE] Running TDSE-SH-elliptical. step 16400, energy = -0.4871690191282367
  |->  par_lens = 32, 32, 32
[TDSE] Running TDSE-SH-elliptical. step 16600, energy = -0.4968525192750975
  |->  par_lens = 34, 35, 33
[TDSE] Running TDSE-SH-elliptical. step 16800, energy = -0.48047814363322877
  |->  par_lens = 35, 34, 34
[TDSE] Running TDSE-SH-elliptical. step 17000, energy = -0.4493240962291988
  |->  par_lens = 32, 29, 33
[TDSE] Running TDSE-SH-elliptical. step 17200, energy = -0.43614949183401164
  |->  par_lens = 40, 39, 41
[TDSE] Running TDSE-SH-elliptical. step 17400, energy = -0.4567774035826109
  |->  par_lens = 49, 51, 49
[TDSE] Running TDSE-SH-elliptical. step 17600, energy = -0.4876023906188566
  |->  par_lens = 58, 56, 56
[TDSE] Running TDSE-SH-elliptical. step 17800, energy = -0.48615277058800727
  |->  par_lens = 59, 57, 58
[TDSE] Running TDSE-SH-elliptical. step 18000, energy = -0.4432573688514236
  |->  par_lens = 52, 52, 55
[TDSE] Running TDSE-SH-elliptical. step 18200, energy = -0.40134242242897267
  |->  par_lens = 50, 54, 49
[TDSE] Running TDSE-SH-elliptical. step 18400, energy = -0.4069919893009383
  |->  par_lens = 68, 69, 69
[TDSE] Running TDSE-SH-elliptical. step 18600, energy = -0.45540069043579595
  |->  par_lens = 84, 85, 85
[TDSE] Running TDSE-SH-elliptical. step 18800, energy = -0.4869716758663856
  |->  par_lens = 92, 91, 92
[TDSE] Running TDSE-SH-elliptical. step 19000, energy = -0.45217204592077304
  |->  par_lens = 93, 92, 95
[TDSE] Running TDSE-SH-elliptical. step 19200, energy = -0.37887139757805094
  |->  par_lens = 76, 80, 73
[TDSE] Running TDSE-SH-elliptical. step 19400, energy = -0.3474619112581629
  |->  par_lens = 83, 85, 81
[TDSE] Running TDSE-SH-elliptical. step 19600, energy = -0.39143916987879385
  |->  par_lens = 116, 114, 114
[TDSE] Running TDSE-SH-elliptical. step 19800, energy = -0.4646663325717951
  |->  par_lens = 137, 135, 135
[TDSE] Running TDSE-SH-elliptical. step 20000, energy = -0.4702757920267754
  |->  par_lens = 141, 140, 142
[TDSE] Running TDSE-SH-elliptical. step 20200, energy = -0.3861885757144784
  |->  par_lens = 139, 140, 140
[TDSE] Running TDSE-SH-elliptical. step 20400, energy = -0.30180894715856305
  |->  par_lens = 106, 107, 106
[TDSE] Running TDSE-SH-elliptical. step 20600, energy = -0.3122413160434608
  |->  par_lens = 134, 140, 136
[TDSE] Running TDSE-SH-elliptical. step 20800, energy = -0.40216392674150964
  |->  par_lens = 181, 179, 181
[TDSE] Running TDSE-SH-elliptical. step 21000, energy = -0.4712314771235211
  |->  par_lens = 201, 199, 197
[TDSE] Running TDSE-SH-elliptical. step 21200, energy = -0.41668545261579776
  |->  par_lens = 204, 205, 199
[TDSE] Running TDSE-SH-elliptical. step 21400, energy = -0.28795385108606725
  |->  par_lens = 179, 180, 178
[TDSE] Running TDSE-SH-elliptical. step 21600, energy = -0.23358239700871064
  |->  par_lens = 160, 162, 159
[TDSE] Running TDSE-SH-elliptical. step 21800, energy = -0.3041892833993256
  |->  par_lens = 220, 217, 219
[TDSE] Running TDSE-SH-elliptical. step 22000, energy = -0.42935839260362174
  |->  par_lens = 265, 266, 264
[TDSE] Running TDSE-SH-elliptical. step 22200, energy = -0.45134737487920795
  |->  par_lens = 274, 274, 276
[TDSE] Running TDSE-SH-elliptical. step 22400, energy = -0.3235234099244691
  |->  par_lens = 271, 266, 269
[TDSE] Running TDSE-SH-elliptical. step 22600, energy = -0.1903717985861117
  |->  par_lens = 218, 215, 223
[TDSE] Running TDSE-SH-elliptical. step 22800, energy = -0.20964212487929917
  |->  par_lens = 243, 238, 234
[TDSE] Running TDSE-SH-elliptical. step 23000, energy = -0.33466609165794553
  |->  par_lens = 310, 309, 311
[TDSE] Running TDSE-SH-elliptical. step 23200, energy = -0.4470965953600089
  |->  par_lens = 341, 343, 344
[TDSE] Running TDSE-SH-elliptical. step 23400, energy = -0.38215896730139653
  |->  par_lens = 345, 345, 344
[TDSE] Running TDSE-SH-elliptical. step 23600, energy = -0.2017350233543141
  |->  par_lens = 314, 305, 308
[TDSE] Running TDSE-SH-elliptical. step 23800, energy = -0.12413366322170129
  |->  par_lens = 269, 275, 275
[TDSE] Running TDSE-SH-elliptical. step 24000, energy = -0.22055406257318563
  |->  par_lens = 348, 341, 340
[TDSE] Running TDSE-SH-elliptical. step 24200, energy = -0.38348416585249845
  |->  par_lens = 410, 409, 406
[TDSE] Running TDSE-SH-elliptical. step 24400, energy = -0.42673042168187864
  |->  par_lens = 419, 421, 420
[TDSE] Running TDSE-SH-elliptical. step 24600, energy = -0.2739845059137443
  |->  par_lens = 403, 405, 408
[TDSE] Running TDSE-SH-elliptical. step 24800, energy = -0.10214867645103247
  |->  par_lens = 345, 354, 356
[TDSE] Running TDSE-SH-elliptical. step 25000, energy = -0.1275409599185049
  |->  par_lens = 361, 360, 363
[TDSE] Running TDSE-SH-elliptical. step 25200, energy = -0.2702666813434799
  |->  par_lens = 432, 430, 426
[TDSE] Running TDSE-SH-elliptical. step 25400, energy = -0.41265580181560885
  |->  par_lens = 470, 471, 470
[TDSE] Running TDSE-SH-elliptical. step 25600, energy = -0.3521135175708264
  |->  par_lens = 470, 472, 472
[TDSE] Running TDSE-SH-elliptical. step 25800, energy = -0.15224621565581875
  |->  par_lens = 446, 443, 436
[TDSE] Running TDSE-SH-elliptical. step 26000, energy = -0.057289793432373684
  |->  par_lens = 420, 423, 416
[TDSE] Running TDSE-SH-elliptical. step 26200, energy = -0.16551135570301403
  |->  par_lens = 454, 447, 451
[TDSE] Running TDSE-SH-elliptical. step 26400, energy = -0.3371726277726964
  |->  par_lens = 499, 495, 498
[TDSE] Running TDSE-SH-elliptical. step 26600, energy = -0.3981502006739354
  |->  par_lens = 509, 510, 506
[TDSE] Running TDSE-SH-elliptical. step 26800, energy = -0.2523547168247296
  |->  par_lens = 504, 505, 503
[TDSE] Running TDSE-SH-elliptical. step 27000, energy = -0.07263932850753711
  |->  par_lens = 484, 490, 489
[TDSE] Running TDSE-SH-elliptical. step 27200, energy = -0.09690689249401498
  |->  par_lens = 487, 490, 483
[TDSE] Running TDSE-SH-elliptical. step 27400, energy = -0.23132376597759335
  |->  par_lens = 504, 501, 504
[TDSE] Running TDSE-SH-elliptical. step 27600, energy = -0.3781405311404238
  |->  par_lens = 519, 518, 516
[TDSE] Running TDSE-SH-elliptical. step 27800, energy = -0.33494359312295874
  |->  par_lens = 520, 518, 519
[TDSE] Running TDSE-SH-elliptical. step 28000, energy = -0.152067739289217
  |->  par_lens = 507, 499, 507
[TDSE] Running TDSE-SH-elliptical. step 28200, energy = -0.06126235410044435
  |->  par_lens = 495, 497, 501
[TDSE] Running TDSE-SH-elliptical. step 28400, energy = -0.15422441739283096
  |->  par_lens = 508, 517, 514
[TDSE] Running TDSE-SH-elliptical. step 28600, energy = -0.31104037108713206
  |->  par_lens = 529, 527, 531
[TDSE] Running TDSE-SH-elliptical. step 28800, energy = -0.3764381271160231
  |->  par_lens = 533, 533, 533
[TDSE] Running TDSE-SH-elliptical. step 29000, energy = -0.2589364657503451
  |->  par_lens = 526, 530, 530
[TDSE] Running TDSE-SH-elliptical. step 29200, energy = -0.10945049225650175
  |->  par_lens = 514, 520, 519
[TDSE] Running TDSE-SH-elliptical. step 29400, energy = -0.1221443173374338
  |->  par_lens = 521, 521, 508
[TDSE] Running TDSE-SH-elliptical. step 29600, energy = -0.2299914120565613
  |->  par_lens = 525, 531, 528
[TDSE] Running TDSE-SH-elliptical. step 29800, energy = -0.36158439582681845
  |->  par_lens = 537, 535, 535
[TDSE] Running TDSE-SH-elliptical. step 30000, energy = -0.33774753729298757
  |->  par_lens = 538, 536, 537
[TDSE] Running TDSE-SH-elliptical. step 30200, energy = -0.19800711308789604
  |->  par_lens = 533, 530, 533
[TDSE] Running TDSE-SH-elliptical. step 30400, energy = -0.12598349516720803
  |->  par_lens = 525, 522, 524
[TDSE] Running TDSE-SH-elliptical. step 30600, energy = -0.1871227099119494
  |->  par_lens = 535, 534, 534
[TDSE] Running TDSE-SH-elliptical. step 30800, energy = -0.3118260817699911
  |->  par_lens = 540, 540, 544
[TDSE] Running TDSE-SH-elliptical. step 31000, energy = -0.37246482605920256
  |->  par_lens = 539, 545, 547
[TDSE] Running TDSE-SH-elliptical. step 31200, energy = -0.2968209732322301
  |->  par_lens = 540, 543, 546
[TDSE] Running TDSE-SH-elliptical. step 31400, energy = -0.1944402971298321
  |->  par_lens = 533, 537, 531
[TDSE] Running TDSE-SH-elliptical. step 31600, energy = -0.18883657298422754
  |->  par_lens = 529, 534, 529
[TDSE] Running TDSE-SH-elliptical. step 31800, energy = -0.27210786085437083
  |->  par_lens = 538, 537, 541
[TDSE] Running TDSE-SH-elliptical. step 32000, energy = -0.3684875630595559
  |->  par_lens = 539, 542, 543
[TDSE] Running TDSE-SH-elliptical. step 32200, energy = -0.3591128382673505
  |->  par_lens = 542, 543, 542
[TDSE] Running TDSE-SH-elliptical. step 32400, energy = -0.26913612341020454
  |->  par_lens = 542, 538, 538
[TDSE] Running TDSE-SH-elliptical. step 32600, energy = -0.22213905196877354
  |->  par_lens = 532, 536, 538
[TDSE] Running TDSE-SH-elliptical. step 32800, energy = -0.2576951691713451
  |->  par_lens = 539, 543, 541
[TDSE] Running TDSE-SH-elliptical. step 33000, energy = -0.3393590072559969
  |->  par_lens = 543, 540, 544
[TDSE] Running TDSE-SH-elliptical. step 33200, energy = -0.3831806665596531
  |->  par_lens = 541, 544, 544
[TDSE] Running TDSE-SH-elliptical. step 33400, energy = -0.3430114306721674
  |->  par_lens = 545, 544, 543
[TDSE] Running TDSE-SH-elliptical. step 33600, energy = -0.28311098480070235
  |->  par_lens = 546, 541, 536
[TDSE] Running TDSE-SH-elliptical. step 33800, energy = -0.27915774414258093
  |->  par_lens = 534, 531, 533
[TDSE] Running TDSE-SH-elliptical. step 34000, energy = -0.3244781098394541
  |->  par_lens = 533, 532, 535
[TDSE] Running TDSE-SH-elliptical. step 34200, energy = -0.379811178218603
  |->  par_lens = 540, 538, 543
[TDSE] Running TDSE-SH-elliptical. step 34400, energy = -0.38061103130986895
  |->  par_lens = 537, 538, 541
[TDSE] Running TDSE-SH-elliptical. step 34600, energy = -0.3388186378492571
  |->  par_lens = 534, 530, 540
[TDSE] Running TDSE-SH-elliptical. step 34800, energy = -0.3071522491674643
  |->  par_lens = 533, 522, 531
[TDSE] Running TDSE-SH-elliptical. step 35000, energy = -0.3268405941527773
  |->  par_lens = 530, 521, 537
[TDSE] Running TDSE-SH-elliptical. step 35200, energy = -0.36763931625931184
  |->  par_lens = 530, 527, 536
[TDSE] Running TDSE-SH-elliptical. step 35400, energy = -0.39188036496310963
  |->  par_lens = 528, 529, 531
[TDSE] Running TDSE-SH-elliptical. step 35600, energy = -0.37790390616883657
  |->  par_lens = 526, 522, 528
[TDSE] Running TDSE-SH-elliptical. step 35800, energy = -0.3541205503808913
  |->  par_lens = 515, 509, 514
[TDSE] Running TDSE-SH-elliptical. step 36000, energy = -0.34330617057592494
  |->  par_lens = 490, 484, 491
[TDSE] Running TDSE-SH-elliptical. step 36200, energy = -0.3721622807873232
  |->  par_lens = 476, 473, 477
[TDSE] Running TDSE-SH-elliptical. step 36400, energy = -0.3898850728675348
  |->  par_lens = 468, 456, 467
[TDSE] Running TDSE-SH-elliptical. step 36600, energy = -0.39465903577090944
  |->  par_lens = 452, 447, 459
[TDSE] Running TDSE-SH-elliptical. step 36800, energy = -0.37777533629732835
  |->  par_lens = 430, 420, 441
[TDSE] Running TDSE-SH-elliptical. step 37000, energy = -0.36898523079250095
  |->  par_lens = 408, 406, 410
[TDSE] Running TDSE-SH-elliptical. step 37200, energy = -0.3731818163660311
  |->  par_lens = 393, 394, 401
[TDSE] Running TDSE-SH-elliptical. step 37400, energy = -0.388330069174838
  |->  par_lens = 393, 384, 399
[TDSE] Running TDSE-SH-elliptical. step 37600, energy = -0.3988325483965612
  |->  par_lens = 388, 380, 386
[TDSE] Running TDSE-SH-elliptical. step 37800, energy = -0.39558321441526384
  |->  par_lens = 376, 370, 376
[TDSE] Running TDSE-SH-elliptical. step 38000, energy = -0.3876696147793151
  |->  par_lens = 359, 351, 359
[TDSE] Running TDSE-SH-elliptical. step 38200, energy = -0.388666957092729
  |->  par_lens = 323, 322, 330
[TDSE] Running TDSE-SH-elliptical. step 38400, energy = -0.39103587668273754
  |->  par_lens = 296, 304, 303
[TDSE] Running TDSE-SH-elliptical. step 38600, energy = -0.39955629607927995
  |->  par_lens = 283, 283, 285
[TDSE] Running TDSE-SH-elliptical. step 38800, energy = -0.39943244545468687
  |->  par_lens = 273, 275, 278
[TDSE] Running TDSE-SH-elliptical. step 39000, energy = -0.3969965986418117
  |->  par_lens = 267, 265, 273
[TDSE] Running TDSE-SH-elliptical. step 39200, energy = -0.39517555055811976
  |->  par_lens = 266, 268, 267
[TDSE] Running TDSE-SH-elliptical. step 39400, energy = -0.39538535521252016
  |->  par_lens = 267, 268, 272
[TDSE] Running TDSE-SH-elliptical. step 39600, energy = -0.39957170717863194
  |->  par_lens = 268, 274, 270
[TDSE] Running TDSE-SH-elliptical. step 39800, energy = -0.4005806353008266
  |->  par_lens = 269, 268, 265
[TDSE] Running TDSE-SH-elliptical. step 40000, energy = -0.40132418357602184
  |->  par_lens = 265, 266, 264
[TDSE] Running TDSE-SH-elliptical. step 40200, energy = -0.4008201536539635
  |->  par_lens = 261, 264, 260
[TDSE] Running TDSE-SH-elliptical. step 40400, energy = -0.400502618648613
  |->  par_lens = 258, 258, 255
[TDSE] Running TDSE-SH-elliptical. step 40600, energy = -0.40164201529097987
  |->  par_lens = 249, 252, 248
[TDSE] Running TDSE-SH-elliptical. step 40800, energy = -0.4019408161366917
  |->  par_lens = 245, 242, 244
[TDSE] Running TDSE-SH-elliptical. step 41000, energy = -0.40232083488389875
  |->  par_lens = 237, 238, 239
[TDSE] Running TDSE-SH-elliptical. step 41200, energy = -0.40255891103697783
  |->  par_lens = 232, 236, 238
[TDSE] Running TDSE-SH-elliptical. step 41400, energy = -0.40237360169573416
  |->  par_lens = 231, 233, 233
[TDSE] Running TDSE-SH-elliptical. step 41600, energy = -0.40292291411671255
  |->  par_lens = 230, 232, 233
[TDSE] Running TDSE-SH-elliptical. step 41800, energy = -0.4031528826214001
  |->  par_lens = 229, 232, 233
[TDSE] Running TDSE-SH-elliptical. step 42000, energy = -0.4035346998950073
  |->  par_lens = 229, 232, 233
[TDSE] Running TDSE-SH-elliptical. step 42200, energy = -0.4037843506236179
  |->  par_lens = 228, 231, 232
[TDSE] Running TDSE-SH-elliptical. step 42400, energy = -0.40417387923661846
  |->  par_lens = 228, 230, 232
[TDSE] Running TDSE-SH-elliptical. step 42600, energy = -0.404439996625917
  |->  par_lens = 227, 227, 232
[TDSE] Running TDSE-SH-elliptical. step 42800, energy = -0.40471310873393346
  |->  par_lens = 225, 226, 232
[TDSE] Running TDSE-SH-elliptical. step 43000, energy = -0.40504580885340785
  |->  par_lens = 224, 225, 231
[TDSE] Running TDSE-SH-elliptical. step 43200, energy = -0.4053029890652577
  |->  par_lens = 224, 222, 228
[TDSE] Running TDSE-SH-elliptical. step 43400, energy = -0.40562983776799205
  |->  par_lens = 222, 221, 226
[TDSE] Running TDSE-SH-elliptical. step 43600, energy = -0.4059561270453138
  |->  par_lens = 221, 220, 226
[TDSE] Running TDSE-SH-elliptical. step 43800, energy = -0.4062780172427377
  |->  par_lens = 219, 220, 223
[TDSE] Running TDSE-SH-elliptical. step 44000, energy = -0.40663032318396597
  |->  par_lens = 217, 219, 220
[TDSE] Running TDSE-SH-elliptical. step 44200, energy = -0.4070479191272441
  |->  par_lens = 214, 216, 216
[TDSE] Running TDSE-SH-elliptical. step 44400, energy = -0.4075029791559259
  |->  par_lens = 214, 213, 212
[TDSE] Running TDSE-SH-elliptical. step 44600, energy = -0.40785897447947855
  |->  par_lens = 210, 209, 211
[TDSE] Running TDSE-SH-elliptical. step 44800, energy = -0.4080472896815413
  |->  par_lens = 208, 208, 207
[TDSE] Running TDSE-SH-elliptical. step 45000, energy = -0.4082069735431481
  |->  par_lens = 206, 204, 206
[TDSE] Running TDSE-SH-elliptical. step 45200, energy = -0.40853418246792833
  |->  par_lens = 203, 203, 204
[TDSE] Running TDSE-SH-elliptical. step 45400, energy = -0.4091048480504299
  |->  par_lens = 201, 201, 202
[TDSE] Running TDSE-SH-elliptical. step 45600, energy = -0.4097031173259978
  |->  par_lens = 201, 200, 201
[TDSE] Running TDSE-SH-elliptical. step 45800, energy = -0.41005488177112737
  |->  par_lens = 196, 197, 198
[TDSE] Running TDSE-SH-elliptical. step 46000, energy = -0.4102523763073464
  |->  par_lens = 194, 196, 194
[TDSE] Running TDSE-SH-elliptical. step 46200, energy = -0.41048914622031646
  |->  par_lens = 192, 193, 192
[TDSE] Running TDSE-SH-elliptical. step 46400, energy = -0.41080770181510634
  |->  par_lens = 192, 190, 191
[TDSE] Running TDSE-SH-elliptical. step 46600, energy = -0.41114262532723905
  |->  par_lens = 190, 190, 189
[TDSE] Running TDSE-SH-elliptical. step 46800, energy = -0.4114647732506229
  |->  par_lens = 187, 189, 186
[TDSE] Running TDSE-SH-elliptical. step 47000, energy = -0.4118036828214249
  |->  par_lens = 185, 184, 186
[TDSE] Running TDSE-SH-elliptical. step 47200, energy = -0.41216450396067184
  |->  par_lens = 184, 183, 182
[TDSE] Running TDSE-SH-elliptical. step 47400, energy = -0.4125131625547347
  |->  par_lens = 183, 182, 180
[TDSE] Running TDSE-SH-elliptical. step 47600, energy = -0.4128304617568234
  |->  par_lens = 180, 179, 179
[TDSE] Running TDSE-SH-elliptical. step 47800, energy = -0.4131252378393386
  |->  par_lens = 179, 177, 176
[TDSE] Running TDSE-SH-elliptical. step 48000, energy = -0.41342180032168424
  |->  par_lens = 175, 174, 175
[TDSE] Running TDSE-SH-elliptical. step 48200, energy = -0.41371147772340133
  |->  par_lens = 173, 172, 173
[TDSE] Running TDSE-SH-elliptical. step 48400, energy = -0.41397788505603805
  |->  par_lens = 173, 171, 172
[TDSE] Running TDSE-SH-elliptical. step 48600, energy = -0.4142427486168495
  |->  par_lens = 172, 170, 172
[TDSE] Running TDSE-SH-elliptical. step 48800, energy = -0.4145203615543534
  |->  par_lens = 169, 169, 170
[TDSE] Running TDSE-SH-elliptical. step 49000, energy = -0.41479243178491737
  |->  par_lens = 168, 169, 169
[TDSE] Running TDSE-SH-elliptical. step 49200, energy = -0.41503965080793526
  |->  par_lens = 165, 166, 167
[TDSE] Running TDSE-SH-elliptical. step 49400, energy = -0.4152825540408583
  |->  par_lens = 164, 163, 161
[TDSE] Running TDSE-SH-elliptical. step 49600, energy = -0.4155544761155238
  |->  par_lens = 160, 160, 158
[TDSE] Running TDSE-SH-elliptical. step 49800, energy = -0.4158405558492105
  |->  par_lens = 160, 160, 157
[TDSE] Running TDSE-SH-elliptical. step 50000, energy = -0.4161028743444956
  |->  par_lens = 160, 159, 157
[TDSE] Running TDSE-SH-elliptical. step 50200, energy = -0.4163274090299177
  |->  par_lens = 159, 158, 157
[TDSE] Running TDSE-SH-elliptical. step 50400, energy = -0.4165288369644045
  |->  par_lens = 157, 155, 156
[TDSE] Running TDSE-SH-elliptical. step 50600, energy = -0.41674397846482036
  |->  par_lens = 157, 155, 156
[TDSE] Running TDSE-SH-elliptical. step 50800, energy = -0.4169927493431145
  |->  par_lens = 155, 155, 155
[TDSE] Running TDSE-SH-elliptical. step 51000, energy = -0.41725948972023424
  |->  par_lens = 154, 154, 153
[TDSE] Running TDSE-SH-elliptical. step 51200, energy = -0.41751133763693604
  |->  par_lens = 151, 150, 150
[TDSE] Running TDSE-SH-elliptical. step 51400, energy = -0.4177251122244092
  |->  par_lens = 148, 148, 150
[TDSE] Running TDSE-SH-elliptical. step 51600, energy = -0.4179042771356614
  |->  par_lens = 148, 147, 148
[TDSE] Running TDSE-SH-elliptical. step 51800, energy = -0.41807060156876247
  |->  par_lens = 148, 147, 147
[TDSE] Running TDSE-SH-elliptical. step 52000, energy = -0.4182448076069731
  |->  par_lens = 147, 147, 147
[TDSE] Running TDSE-SH-elliptical. step 52200, energy = -0.4184341957346571
  |->  par_lens = 147, 145, 146
[TDSE] Running TDSE-SH-elliptical. step 52400, energy = -0.41863801841404286
  |->  par_lens = 146, 145, 146
[TDSE] Running TDSE-SH-elliptical. step 52600, energy = -0.4188527430323606
  |->  par_lens = 144, 144, 146
[TDSE] Running TDSE-SH-elliptical. step 52800, energy = -0.419068319309433
  |->  par_lens = 142, 142, 144
[TDSE] Running TDSE-SH-elliptical. step 53000, energy = -0.4192726384080409
  |->  par_lens = 140, 141, 140
[TDSE] Running TDSE-SH-elliptical. step 53200, energy = -0.4194638453446211
  |->  par_lens = 139, 138, 139
[TDSE] Running TDSE-SH-elliptical. step 53400, energy = -0.4196505245539198
  |->  par_lens = 137, 136, 137
[TDSE] Running TDSE-SH-elliptical. step 53600, energy = -0.41983821108032576
  |->  par_lens = 136, 136, 136
[TDSE] Running TDSE-SH-elliptical. step 53800, energy = -0.42001995723760593
  |->  par_lens = 135, 136, 134
[TDSE] Running TDSE-SH-elliptical. step 54000, energy = -0.42018355319400996
  |->  par_lens = 134, 134, 133
[TDSE] Running TDSE-SH-elliptical. step 54200, energy = -0.4203245359010905
  |->  par_lens = 133, 133, 132
[TDSE] Running TDSE-SH-elliptical. step 54400, energy = -0.4204475800051384
  |->  par_lens = 133, 132, 132
[TDSE] Running TDSE-SH-elliptical. step 54600, energy = -0.4205606505786842
  |->  par_lens = 132, 132, 132
[TDSE] Running TDSE-SH-elliptical. step 54800, energy = -0.4206732711061297
  |->  par_lens = 131, 132, 131
[TDSE] Running TDSE-SH-elliptical. step 55000, energy = -0.4207972470367334
  |->  par_lens = 130, 131, 131
[TDSE] Running TDSE-SH-elliptical. step 55200, energy = -0.4209403143206532
  |->  par_lens = 130, 130, 129
[TDSE] Running TDSE-SH-elliptical. step 55400, energy = -0.42109854742634945
  |->  par_lens = 129, 128, 128
[TDSE] Running TDSE-SH-elliptical. step 55600, energy = -0.4212630920247891
  |->  par_lens = 127, 128, 127
[TDSE] Running TDSE-SH-elliptical. step 55800, energy = -0.42143372960820497
  |->  par_lens = 126, 127, 127
[TDSE] Running TDSE-SH-elliptical. step 56000, energy = -0.42161846358214117
  |->  par_lens = 126, 124, 126
[TDSE] Running TDSE-SH-elliptical. step 56200, energy = -0.4218205963286412
  |->  par_lens = 123, 123, 125
[TDSE] Running TDSE-SH-elliptical. step 56400, energy = -0.42203123693583233
  |->  par_lens = 122, 122, 123
[TDSE] Running TDSE-SH-elliptical. step 56600, energy = -0.4222335139830769
  |->  par_lens = 121, 120, 119
[TDSE] Running TDSE-SH-elliptical. step 56800, energy = -0.4224112104797677
  |->  par_lens = 119, 118, 117
[TDSE] Running TDSE-SH-elliptical. step 57000, energy = -0.4225551656859417
  |->  par_lens = 117, 117, 116
[TDSE] Running TDSE-SH-elliptical. step 57200, energy = -0.4226654662558768
  |->  par_lens = 117, 117, 115
[TDSE] Running TDSE-SH-elliptical. step 57400, energy = -0.42274944575960505
  |->  par_lens = 116, 116, 115
[TDSE] Running TDSE-SH-elliptical. step 57600, energy = -0.4228164712623938
  |->  par_lens = 116, 114, 115
[TDSE] Running TDSE-SH-elliptical. step 57800, energy = -0.4228728246340115
  |->  par_lens = 116, 114, 115
[TDSE] Running TDSE-SH-elliptical. step 58000, energy = -0.422921255213504
  |->  par_lens = 116, 114, 114
[TDSE] Running TDSE-SH-elliptical. step 58200, energy = -0.42296490067188086
  |->  par_lens = 115, 112, 114
[TDSE] Running TDSE-SH-elliptical. step 58400, energy = -0.4230097513963786
  |->  par_lens = 115, 112, 114
[TDSE] Running TDSE-SH-elliptical. step 58600, energy = -0.4230622757473814
  |->  par_lens = 115, 112, 114
[TDSE] Running TDSE-SH-elliptical. step 58800, energy = -0.42312531543182696
  |->  par_lens = 115, 112, 114
[TDSE] Running TDSE-SH-elliptical. step 59000, energy = -0.42319717958238406
  |->  par_lens = 115, 112, 114
[TDSE] Running TDSE-SH-elliptical. step 59200, energy = -0.42327482884406914
  |->  par_lens = 113, 112, 114
  Activating project at `~/JuliaProp_v0.1`
[TDSE] Running TDSE-SH-elliptical. step 59400, energy = -0.4233574839453954
  |->  par_lens = 112, 112, 114
[TDSE] Running TDSE-SH-elliptical. step 59600, energy = -0.4234471514008349
  |->  par_lens = 112, 112, 113
[TDSE] Running TDSE-SH-elliptical. step 59800, energy = -0.4235465037893539
  |->  par_lens = 112, 112, 113
[TDSE] Running TDSE-SH-elliptical. step 60000, energy = -0.42365692528891025
  |->  par_lens = 112, 111, 113
[TDSE] Running TDSE-SH-elliptical. step 60200, energy = -0.4237780765577776
  |->  par_lens = 112, 110, 112
[TDSE] Running TDSE-SH-elliptical. step 60400, energy = -0.42390829363331284
  |->  par_lens = 110, 109, 111
[TDSE] Running TDSE-SH-elliptical. step 60600, energy = -0.42404496874189956
  |->  par_lens = 108, 108, 110
[TDSE] Running TDSE-SH-elliptical. step 60800, energy = -0.4241848785568673
  |->  par_lens = 106, 106, 108
[TDSE] Running TDSE-SH-elliptical. step 61000, energy = -0.42432462606784016
  |->  par_lens = 105, 106, 107
[TDSE] Running TDSE-SH-elliptical. step 61200, energy = -0.4244609013410612
  |->  par_lens = 104, 105, 106
[TDSE] Running TDSE-SH-elliptical. step 61400, energy = -0.4245902444402288
  |->  par_lens = 104, 105, 103
[TDSE] Running TDSE-SH-elliptical. step 61600, energy = -0.4247088143511886
  |->  par_lens = 104, 104, 101
[TDSE] Running TDSE-SH-elliptical. step 61800, energy = -0.4248129750068865
  |->  par_lens = 104, 103, 101
[TDSE] Running TDSE-SH-elliptical. step 62000, energy = -0.4249007034718507
  |->  par_lens = 103, 100, 101
[TDSE] Running TDSE-SH-elliptical. step 62200, energy = -0.42497256081109797
  |->  par_lens = 100, 100, 99
[TDSE] Running TDSE-SH-elliptical. step 62400, energy = -0.42503133744299476
  |->  par_lens = 99, 99, 98
[TDSE] Running TDSE-SH-elliptical. step 62600, energy = -0.4250807628358031
  |->  par_lens = 98, 96, 96
[TDSE] Running TDSE-SH-elliptical. step 62800, energy = -0.42512417363992255
  |->  par_lens = 96, 94, 96
[TDSE] Running TDSE-SH-elliptical. step 63000, energy = -0.42516402160506334
  |->  par_lens = 94, 94, 96
[TDSE] Running TDSE-SH-elliptical. step 63200, energy = -0.4252020080380658
  |->  par_lens = 93, 94, 95
[TDSE] Running TDSE-SH-elliptical. step 63400, energy = -0.4252392583336669
  |->  par_lens = 92, 94, 92
[TDSE] Running TDSE-SH-elliptical. step 63600, energy = -0.42527641920677717
  |->  par_lens = 92, 94, 92
[TDSE] Running TDSE-SH-elliptical. step 63800, energy = -0.4253136777104625
  |->  par_lens = 92, 93, 92
[TDSE] Running TDSE-SH-elliptical. step 64000, energy = -0.4253508541018428
  |->  par_lens = 92, 91, 92
[TDSE] Running TDSE-SH-elliptical. step 64200, energy = -0.4253877095717045
  |->  par_lens = 92, 90, 92
[TDSE] Running TDSE-SH-elliptical. step 64400, energy = -0.4254242413253268
  |->  par_lens = 92, 90, 92
[TDSE] Running TDSE-SH-elliptical. step 64600, energy = -0.42546069000903947
  |->  par_lens = 92, 90, 92
[TDSE] Running TDSE-SH-elliptical. step 64800, energy = -0.4254972943039401
  |->  par_lens = 92, 90, 92
[TDSE] Running TDSE-SH-elliptical. step 65000, energy = -0.4255340109420467
  |->  par_lens = 92, 90, 91
[TDSE] Running TDSE-SH-elliptical. step 65200, energy = -0.4255704211256314
  |->  par_lens = 91, 90, 91
[TDSE] Running TDSE-SH-elliptical. step 65400, energy = -0.42560586777303455
  |->  par_lens = 90, 90, 91
[TDSE] Running TDSE-SH-elliptical. step 65600, energy = -0.4256396447835188
  |->  par_lens = 90, 90, 91
[TDSE] Running TDSE-SH-elliptical. step 65800, energy = -0.42567108279492644
  |->  par_lens = 89, 90, 91
[TDSE] Running TDSE-SH-elliptical. step 66000, energy = -0.4256996010096722
  |->  par_lens = 89, 89, 91
[TDSE] Running TDSE-SH-elliptical. step 66200, energy = -0.42572484984336134
  |->  par_lens = 88, 89, 90
[TDSE] Running TDSE-SH-elliptical. step 66400, energy = -0.42574689677984145
  |->  par_lens = 88, 89, 90
[TDSE] Running TDSE-SH-elliptical. step 66600, energy = -0.4257663260765275
  |->  par_lens = 88, 89, 90
[TDSE] Running TDSE-SH-elliptical. step 66800, energy = -0.42578419267740514
  |->  par_lens = 88, 89, 89
[TDSE] Running TDSE-SH-elliptical. step 67000, energy = -0.4258018287127351
  |->  par_lens = 88, 89, 89
[TDSE] Running TDSE-SH-elliptical. step 67200, energy = -0.4258205599917835
  |->  par_lens = 88, 89, 89
[TDSE] Running TDSE-SH-elliptical. step 67400, energy = -0.4258414645469865
  |->  par_lens = 88, 89, 89
[TDSE] Running TDSE-SH-elliptical. step 67600, energy = -0.425865280549598
  |->  par_lens = 88, 89, 89
[TDSE] Running TDSE-SH-elliptical. step 67800, energy = -0.42589245286327987
  |->  par_lens = 88, 89, 89
[TDSE] Running TDSE-SH-elliptical. step 68000, energy = -0.4259232304353532
  |->  par_lens = 87, 88, 89
[TDSE] Running TDSE-SH-elliptical. step 68200, energy = -0.4259577302979806
  |->  par_lens = 87, 88, 86
[TDSE] Running TDSE-SH-elliptical. step 68400, energy = -0.42599592484098975
  |->  par_lens = 87, 88, 85
[TDSE] Running TDSE-SH-elliptical. step 68600, energy = -0.42603757266617376
  |->  par_lens = 87, 87, 85
[TDSE] Running TDSE-SH-elliptical. step 68800, energy = -0.42608216912892266
  |->  par_lens = 87, 87, 85
[TDSE] Running TDSE-SH-elliptical. step 69000, energy = -0.4261289783346494
  |->  par_lens = 87, 87, 85
[TDSE] Running TDSE-SH-elliptical. step 69200, energy = -0.42617713778069233
  |->  par_lens = 86, 87, 85
[TDSE] Running TDSE-SH-elliptical. step 69400, energy = -0.4262257881984107
  |->  par_lens = 86, 85, 85
[TDSE] Running TDSE-SH-elliptical. step 69600, energy = -0.42627419935418404
  |->  par_lens = 86, 84, 85
[TDSE] Running TDSE-SH-elliptical. step 69800, energy = -0.42632187724534504
  |->  par_lens = 86, 83, 85
[TDSE] Running TDSE-SH-elliptical. step 70000, energy = -0.42636862336965614
  |->  par_lens = 86, 83, 85
[TDSE] Running TDSE-SH-elliptical. step 70200, energy = -0.4264145171633384
  |->  par_lens = 85, 83, 85
[TDSE] Running TDSE-SH-elliptical. step 70400, energy = -0.42645983085143296
  |->  par_lens = 83, 83, 85
[TDSE] Running TDSE-SH-elliptical. step 70600, energy = -0.4265049197311749
  |->  par_lens = 82, 83, 85
[TDSE] Running TDSE-SH-elliptical. step 70800, energy = -0.4265501234127517
  |->  par_lens = 82, 83, 85
[TDSE] Running TDSE-SH-elliptical. step 71000, energy = -0.4265956861392006
  |->  par_lens = 82, 83, 84
[TDSE] Running TDSE-SH-elliptical. step 71200, energy = -0.4266416958479627
  |->  par_lens = 82, 83, 82
[TDSE] Running TDSE-SH-elliptical. step 71400, energy = -0.42668805249120284
  |->  par_lens = 82, 83, 81
[TDSE] Running TDSE-SH-elliptical. step 71600, energy = -0.4267344783582257
  |->  par_lens = 82, 81, 81
[TDSE] Running TDSE-SH-elliptical. step 71800, energy = -0.42678056621909
  |->  par_lens = 81, 81, 81
[TDSE] Running TDSE-SH-elliptical. step 72000, energy = -0.42682584345098984
  |->  par_lens = 80, 78, 80
[TDSE] Running TDSE-SH-elliptical. step 72200, energy = -0.4268698305685382
  |->  par_lens = 80, 78, 79
[TDSE] Running TDSE-SH-elliptical. step 72400, energy = -0.4269120869963898
  |->  par_lens = 79, 78, 79
[TDSE] Running TDSE-SH-elliptical. step 72600, energy = -0.4269522482597033
  |->  par_lens = 77, 78, 79
[TDSE] Running TDSE-SH-elliptical. step 72800, energy = -0.4269900578039459
  |->  par_lens = 77, 78, 78
[TDSE] Running TDSE-SH-elliptical. step 73000, energy = -0.4270253891001777
  |->  par_lens = 77, 78, 77
[TDSE] Running TDSE-SH-elliptical. step 73200, energy = -0.427058249965729
  |->  par_lens = 77, 78, 76
[TDSE] Running TDSE-SH-elliptical. step 73400, energy = -0.4270887649330182
  |->  par_lens = 77, 78, 75
[TDSE] Running TDSE-SH-elliptical. step 73600, energy = -0.4271171390366362
  |->  par_lens = 77, 76, 75
[TDSE] Running TDSE-SH-elliptical. step 73800, energy = -0.42714361193600686
  |->  par_lens = 77, 75, 75
[TDSE] Running TDSE-SH-elliptical. step 74000, energy = -0.42716841259181393
  |->  par_lens = 77, 73, 75
[TDSE] Running TDSE-SH-elliptical. step 74200, energy = -0.4271917229143249
  |->  par_lens = 77, 73, 75
[TDSE] Running TDSE-SH-elliptical. step 74400, energy = -0.427213655828821
  |->  par_lens = 77, 73, 75
[TDSE] Running TDSE-SH-elliptical. step 74600, energy = -0.42723425004608606
  |->  par_lens = 74, 73, 75
[TDSE] Running TDSE-SH-elliptical. step 74800, energy = -0.42725348070299096
  |->  par_lens = 73, 73, 74
[TDSE] Running TDSE-SH-elliptical. step 75000, energy = -0.42727128222532557
  |->  par_lens = 73, 73, 73
[TDSE] Running TDSE-SH-elliptical. step 75200, energy = -0.42728757783491267
  |->  par_lens = 73, 73, 73
[TDSE] Running TDSE-SH-elliptical. step 75400, energy = -0.427302309546428
  |->  par_lens = 73, 72, 73
[TDSE] Running TDSE-SH-elliptical. step 75600, energy = -0.42731546325584285
  |->  par_lens = 73, 72, 70
[TDSE] Running TDSE-SH-elliptical. step 75800, energy = -0.42732708514837237
  |->  par_lens = 73, 72, 70
[TDSE] Running TDSE-SH-elliptical. step 76000, energy = -0.4273372875888449
  |->  par_lens = 73, 72, 70
[TDSE] Running TDSE-SH-elliptical. step 76200, energy = -0.42734624451833
  |->  par_lens = 72, 72, 70
[TDSE] Running TDSE-SH-elliptical. step 76400, energy = -0.42735417797859576
  |->  par_lens = 71, 72, 70
[TDSE] Running TDSE-SH-elliptical. step 76600, energy = -0.4273613385939732
  |->  par_lens = 71, 71, 70
[TDSE] Running TDSE-SH-elliptical. step 76800, energy = -0.4273679835106424
  |->  par_lens = 71, 70, 70
[TDSE] Running TDSE-SH-elliptical. step 77000, energy = -0.42737435530495144
  |->  par_lens = 71, 69, 70
[TDSE] Running TDSE-SH-elliptical. step 77200, energy = -0.4273806647416845
  |->  par_lens = 71, 69, 70
[TDSE] Running TDSE-SH-elliptical. step 77400, energy = -0.4273870791921189
  |->  par_lens = 71, 69, 69
[TDSE] Running TDSE-SH-elliptical. step 77600, energy = -0.42739371732869946
  |->  par_lens = 70, 69, 69
[TDSE] Running TDSE-SH-elliptical. step 77800, energy = -0.42740064969545793
  |->  par_lens = 70, 69, 69
[TDSE] Running TDSE-SH-elliptical. step 78000, energy = -0.42740790407309837
  |->  par_lens = 70, 69, 69
[TDSE] Running TDSE-SH-elliptical. step 78200, energy = -0.4274154742150318
  |->  par_lens = 69, 68, 69
[TDSE] Running TDSE-SH-elliptical. step 78400, energy = -0.4274233304275716
  |->  par_lens = 68, 68, 69
[TDSE] Running TDSE-SH-elliptical. step 78600, energy = -0.4274314304977587
  |->  par_lens = 68, 68, 68
[TDSE] Running TDSE-SH-elliptical. step 78800, energy = -0.4274397295885725
  |->  par_lens = 68, 68, 68
[TDSE] Running TDSE-SH-elliptical. step 79000, energy = -0.42744818793808803
  |->  par_lens = 68, 68, 68
[TDSE] Running TDSE-SH-elliptical. step 79200, energy = -0.42745677555096795
  |->  par_lens = 68, 68, 68
[TDSE] Running TDSE-SH-elliptical. step 79400, energy = -0.4274654735600875
  |->  par_lens = 68, 68, 68
[TDSE] Running TDSE-SH-elliptical. step 79600, energy = -0.42747427250193
  |->  par_lens = 68, 68, 67
[TDSE] Running TDSE-SH-elliptical. step 79800, energy = -0.4274831682781736
  |->  par_lens = 68, 67, 66
[TDSE] Running TDSE-SH-elliptical. step 80000, energy = -0.42749215694378456
  |->  par_lens = 68, 67, 66
[TDSE] Running TDSE-SH-elliptical. step 80200, energy = -0.42750122957922954
  |->  par_lens = 68, 67, 66
[TDSE] Running TDSE-SH-elliptical. step 80400, energy = -0.4275103683510526
  |->  par_lens = 68, 67, 66
[TDSE] Running TDSE-SH-elliptical. step 80600, energy = -0.4275195444955101
  |->  par_lens = 68, 67, 66
[TDSE] Running TDSE-SH-elliptical. step 80800, energy = -0.4275287184804698
  |->  par_lens = 67, 65, 66
[TDSE] Running TDSE-SH-elliptical. step 81000, energy = -0.42753784213268875
  |->  par_lens = 66, 65, 66
[TDSE] Running TDSE-SH-elliptical. step 81200, energy = -0.42754686216355353
  |->  par_lens = 66, 65, 66
[TDSE] Running TDSE-SH-elliptical. step 81400, energy = -0.42755572434466876
  |->  par_lens = 66, 65, 66
[TDSE] Running TDSE-SH-elliptical. step 81600, energy = -0.42756437758220717
  |->  par_lens = 66, 65, 66
[TDSE] Running TDSE-SH-elliptical. step 81800, energy = -0.42757277728059695
  |->  par_lens = 65, 65, 65
[TDSE] Running TDSE-SH-elliptical. step 82000, energy = -0.4275808876130123
  |->  par_lens = 64, 65, 65
[TDSE] Running TDSE-SH-elliptical. step 82200, energy = -0.4275886825644522
  |->  par_lens = 64, 65, 65
[TDSE] Running TDSE-SH-elliptical. step 82400, energy = -0.4275961458305742
  |->  par_lens = 63, 64, 65
[TDSE] Running TDSE-SH-elliptical. step 82600, energy = -0.4276032698089143
  |->  par_lens = 63, 63, 65
[TDSE] Running TDSE-SH-elliptical. step 82800, energy = -0.42761005399815233
  |->  par_lens = 63, 63, 64
[TDSE] Running TDSE-SH-elliptical. step 83000, energy = -0.4276165031318969
  |->  par_lens = 63, 63, 62
[TDSE] Running TDSE-SH-elliptical. step 83200, energy = -0.4276226253328233
  |->  par_lens = 63, 63, 62
[TDSE] Running TDSE-SH-elliptical. step 83400, energy = -0.42762843050156785
  |->  par_lens = 63, 63, 62
[TDSE] Running TDSE-SH-elliptical. step 83600, energy = -0.4276339290727595
  |->  par_lens = 62, 63, 62
[TDSE] Running TDSE-SH-elliptical. step 83800, energy = -0.4276391311921509
  |->  par_lens = 62, 62, 62
[TDSE] Running TDSE-SH-elliptical. step 84000, energy = -0.42764404630357067
  |->  par_lens = 62, 61, 62
[TDSE] Running TDSE-SH-elliptical. step 84200, energy = -0.42764868308713067
  |->  par_lens = 62, 60, 62
[TDSE] Running TDSE-SH-elliptical. step 84400, energy = -0.427653049660891
  |->  par_lens = 62, 60, 62
[TDSE] Running TDSE-SH-elliptical. step 84600, energy = -0.4276571539455577
  |->  par_lens = 62, 60, 62
[TDSE] Running TDSE-SH-elliptical. step 84800, energy = -0.42766100409364965
  |->  par_lens = 61, 60, 62
[TDSE] Running TDSE-SH-elliptical. step 85000, energy = -0.42766460889629493
  |->  par_lens = 61, 60, 62
[TDSE] Running TDSE-SH-elliptical. step 85200, energy = -0.4276679780997577
  |->  par_lens = 61, 60, 62
[TDSE] Running TDSE-SH-elliptical. step 85400, energy = -0.42767112258751544
  |->  par_lens = 60, 60, 61
[TDSE] Running TDSE-SH-elliptical. step 85600, energy = -0.4276740544080999
  |->  par_lens = 59, 60, 61
[TDSE] Running TDSE-SH-elliptical. step 85800, energy = -0.4276767866513535
  |->  par_lens = 59, 60, 61
[TDSE] Running TDSE-SH-elliptical. step 86000, energy = -0.4276793331951366
  |->  par_lens = 59, 60, 60
[TDSE] Running TDSE-SH-elliptical. step 86200, energy = -0.4276817083590049
  |->  par_lens = 59, 60, 60
