[ITP]: 10000.471108571397
[ITP]: 0.022107823405609905
[ITP]: 0.004976805475414736
[ITP]: 0.0021058954092971205
[ITP]: 0.001084104546129061
[ITP]: 0.0006160870179273692
[ITP]: 0.0003714642087823128
[ITP]: 0.00023286611963801995
[ITP]: 0.0001500123428329614
[ITP]: 9.857967926441003e-5
[ITP]: 6.57601184761436e-5
[ITP]: 4.43786526744816e-5
[ITP]: 3.022437766897479e-5
[ITP]: 2.0735965556739622e-5
[ITP]: 1.4311264988853267e-5
[ITP]: 9.92563006574354e-6
[ITP]: 6.9119921211058255e-6
[ITP]: 4.82976755122877e-6
[ITP]: 3.384510666504248e-6
[ITP]: 2.3775199649023193e-6
[ITP]: 1.6736194445865493e-6
[ITP]: 1.1802274751948616e-6
[ITP]: 8.335748883370186e-7
[ITP]: 5.895273362810372e-7
[ITP]: 4.174150680658073e-7
[ITP]: 2.958509506267859e-7
[ITP]: 2.098764437796774e-7
[ITP]: 1.4900242706339384e-7
[ITP]: 1.0585745457980522e-7
[ITP]: 7.525113565609587e-8
[ITP]: 5.352267851144177e-8
[ITP]: 3.808635307134267e-8
[ITP]: 2.7113442158110956e-8
[ITP]: 1.9309163601377577e-8
[ITP]: 1.3755872219078924e-8
[ITP]: 9.802639699962867e-9
Energy of ground state: -0.5030607411950042
[TDSE] Start TDSE-SH for elliptical polarized laser. It may cost a plenty of time.
[TDSE] Running TDSE-SH-elliptical. step 0, energy = -0.5030607411950033
  |->  par_lens = 1, 1, 1
[TDSE] Running TDSE-SH-elliptical. step 200, energy = -0.5030607411948621
  |->  par_lens = 1, 1, 1
[TDSE] Running TDSE-SH-elliptical. step 400, energy = -0.5030607411947172
  |->  par_lens = 1, 1, 2
[TDSE] Running TDSE-SH-elliptical. step 600, energy = -0.5030607411944764
  |->  par_lens = 1, 1, 2
[TDSE] Running TDSE-SH-elliptical. step 800, energy = -0.5030607411939122
  |->  par_lens = 1, 1, 2
[TDSE] Running TDSE-SH-elliptical. step 1000, energy = -0.5030607411922318
  |->  par_lens = 1, 1, 2
[TDSE] Running TDSE-SH-elliptical. step 1200, energy = -0.5030607411880177
  |->  par_lens = 1, 1, 2
[TDSE] Running TDSE-SH-elliptical. step 1400, energy = -0.5030607411784208
  |->  par_lens = 1, 1, 2
[TDSE] Running TDSE-SH-elliptical. step 1600, energy = -0.5030607411593959
  |->  par_lens = 1, 1, 2
[TDSE] Running TDSE-SH-elliptical. step 1800, energy = -0.503060741124043
  |->  par_lens = 1, 1, 2
[TDSE] Running TDSE-SH-elliptical. step 2000, energy = -0.5030607410636224
  |->  par_lens = 1, 1, 2
[TDSE] Running TDSE-SH-elliptical. step 2200, energy = -0.5030607409647122
  |->  par_lens = 1, 1, 2
[TDSE] Running TDSE-SH-elliptical. step 2400, energy = -0.503060740811582
  |->  par_lens = 1, 1, 2
[TDSE] Running TDSE-SH-elliptical. step 2600, energy = -0.5030607405815894
  |->  par_lens = 1, 1, 2
[TDSE] Running TDSE-SH-elliptical. step 2800, energy = -0.5030607402498793
  |->  par_lens = 1, 1, 2
[TDSE] Running TDSE-SH-elliptical. step 3000, energy = -0.5030607397809052
  |->  par_lens = 1, 1, 2
[TDSE] Running TDSE-SH-elliptical. step 3200, energy = -0.5030607391405402
  |->  par_lens = 1, 1, 2
[TDSE] Running TDSE-SH-elliptical. step 3400, energy = -0.5030607382755158
  |->  par_lens = 1, 1, 2
[TDSE] Running TDSE-SH-elliptical. step 3600, energy = -0.5030607371416844
  |->  par_lens = 1, 1, 2
[TDSE] Running TDSE-SH-elliptical. step 3800, energy = -0.5030607356669744
  |->  par_lens = 1, 1, 2
[TDSE] Running TDSE-SH-elliptical. step 4000, energy = -0.5030607337967744
  |->  par_lens = 1, 1, 2
[TDSE] Running TDSE-SH-elliptical. step 4200, energy = -0.5030607314323374
  |->  par_lens = 1, 1, 2
[TDSE] Running TDSE-SH-elliptical. step 4400, energy = -0.5030607285189619
  |->  par_lens = 1, 1, 2
[TDSE] Running TDSE-SH-elliptical. step 4600, energy = -0.5030607249285666
  |->  par_lens = 1, 1, 2
[TDSE] Running TDSE-SH-elliptical. step 4800, energy = -0.5030607205916634
  |->  par_lens = 1, 1, 2
[TDSE] Running TDSE-SH-elliptical. step 5000, energy = -0.5030607153761038
  |->  par_lens = 1, 1, 2
[TDSE] Running TDSE-SH-elliptical. step 5200, energy = -0.503060709189023
  |->  par_lens = 1, 2, 2
[TDSE] Running TDSE-SH-elliptical. step 5400, energy = -0.5030607018853721
  |->  par_lens = 2, 2, 2
[TDSE] Running TDSE-SH-elliptical. step 5600, energy = -0.5030606933605094
  |->  par_lens = 2, 2, 2
[TDSE] Running TDSE-SH-elliptical. step 5800, energy = -0.5030606834830383
  |->  par_lens = 2, 2, 2
[TDSE] Running TDSE-SH-elliptical. step 6000, energy = -0.5030606720839417
  |->  par_lens = 2, 2, 2
[TDSE] Running TDSE-SH-elliptical. step 6200, energy = -0.5030606591142615
  |->  par_lens = 2, 2, 2
[TDSE] Running TDSE-SH-elliptical. step 6400, energy = -0.503060644303564
  |->  par_lens = 2, 2, 2
[TDSE] Running TDSE-SH-elliptical. step 6600, energy = -0.5030606276812669
  |->  par_lens = 2, 2, 2
[TDSE] Running TDSE-SH-elliptical. step 6800, energy = -0.5030606089496645
  |->  par_lens = 2, 2, 2
[TDSE] Running TDSE-SH-elliptical. step 7000, energy = -0.5030605881614314
  |->  par_lens = 2, 2, 2
[TDSE] Running TDSE-SH-elliptical. step 7200, energy = -0.5030605649329828
  |->  par_lens = 2, 2, 2
[TDSE] Running TDSE-SH-elliptical. step 7400, energy = -0.5030605395301413
  |->  par_lens = 2, 2, 2
[TDSE] Running TDSE-SH-elliptical. step 7600, energy = -0.5030605114231114
  |->  par_lens = 2, 2, 2
[TDSE] Running TDSE-SH-elliptical. step 7800, energy = -0.5030604808425153
  |->  par_lens = 2, 2, 2
[TDSE] Running TDSE-SH-elliptical. step 8000, energy = -0.5030604475029778
  |->  par_lens = 2, 2, 2
[TDSE] Running TDSE-SH-elliptical. step 8200, energy = -0.5030604115267439
  |->  par_lens = 2, 2, 2
[TDSE] Running TDSE-SH-elliptical. step 8400, energy = -0.5030603725878635
  |->  par_lens = 2, 2, 2
[TDSE] Running TDSE-SH-elliptical. step 8600, energy = -0.5030603309031582
  |->  par_lens = 2, 2, 2
[TDSE] Running TDSE-SH-elliptical. step 8800, energy = -0.5030602863520618
  |->  par_lens = 2, 2, 2
[TDSE] Running TDSE-SH-elliptical. step 9000, energy = -0.5030602388257074
  |->  par_lens = 2, 2, 2
[TDSE] Running TDSE-SH-elliptical. step 9200, energy = -0.5030601886111158
  |->  par_lens = 2, 2, 2
[TDSE] Running TDSE-SH-elliptical. step 9400, energy = -0.503060135305032
  |->  par_lens = 2, 2, 2
[TDSE] Running TDSE-SH-elliptical. step 9600, energy = -0.5030600795086817
  |->  par_lens = 2, 2, 2
[TDSE] Running TDSE-SH-elliptical. step 9800, energy = -0.503060020770963
  |->  par_lens = 2, 2, 2
[TDSE] Running TDSE-SH-elliptical. step 10000, energy = -0.5030599596683712
  |->  par_lens = 2, 2, 2
[TDSE] Running TDSE-SH-elliptical. step 10200, energy = -0.5030598583491723
  |->  par_lens = 2, 2, 2
[TDSE] Running TDSE-SH-elliptical. step 10400, energy = -0.5030593447931194
  |->  par_lens = 2, 2, 2
[TDSE] Running TDSE-SH-elliptical. step 10600, energy = -0.5030587568171165
  |->  par_lens = 2, 2, 2
[TDSE] Running TDSE-SH-elliptical. step 10800, energy = -0.503059405729626
  |->  par_lens = 2, 2, 2
[TDSE] Running TDSE-SH-elliptical. step 11000, energy = -0.503056561018349
  |->  par_lens = 2, 2, 2
[TDSE] Running TDSE-SH-elliptical. step 11200, energy = -0.503029113725984
  |->  par_lens = 4, 3, 3
[TDSE] Running TDSE-SH-elliptical. step 11400, energy = -0.5029585017202343
  |->  par_lens = 4, 3, 3
[TDSE] Running TDSE-SH-elliptical. step 11600, energy = -0.5028820975284959
  |->  par_lens = 5, 4, 4
[TDSE] Running TDSE-SH-elliptical. step 11800, energy = -0.5028926980219653
  |->  par_lens = 4, 5, 4
[TDSE] Running TDSE-SH-elliptical. step 12000, energy = -0.5029768137973782
  |->  par_lens = 4, 4, 3
[TDSE] Running TDSE-SH-elliptical. step 12200, energy = -0.5028818590955982
  |->  par_lens = 4, 4, 4
[TDSE] Running TDSE-SH-elliptical. step 12400, energy = -0.5023180652599196
  |->  par_lens = 5, 5, 6
[TDSE] Running TDSE-SH-elliptical. step 12600, energy = -0.50147688692916
  |->  par_lens = 7, 7, 7
[TDSE] Running TDSE-SH-elliptical. step 12800, energy = -0.5011274401198411
  |->  par_lens = 7, 7, 7
[TDSE] Running TDSE-SH-elliptical. step 13000, energy = -0.5017822661727315
  |->  par_lens = 6, 6, 7
[TDSE] Running TDSE-SH-elliptical. step 13200, energy = -0.5026166965120208
  |->  par_lens = 6, 5, 6
[TDSE] Running TDSE-SH-elliptical. step 13400, energy = -0.5019178206289016
  |->  par_lens = 6, 6, 7
[TDSE] Running TDSE-SH-elliptical. step 13600, energy = -0.49920364552222624
  |->  par_lens = 9, 9, 8
[TDSE] Running TDSE-SH-elliptical. step 13800, energy = -0.4966539657030961
  |->  par_lens = 10, 10, 10
[TDSE] Running TDSE-SH-elliptical. step 14000, energy = -0.49718883907552347
  |->  par_lens = 10, 10, 10
[TDSE] Running TDSE-SH-elliptical. step 14200, energy = -0.5003701041649953
  |->  par_lens = 11, 11, 12
[TDSE] Running TDSE-SH-elliptical. step 14400, energy = -0.5014970296754547
  |->  par_lens = 12, 11, 12
[TDSE] Running TDSE-SH-elliptical. step 14600, energy = -0.49648588027949053
  |->  par_lens = 11, 12, 11
[TDSE] Running TDSE-SH-elliptical. step 14800, energy = -0.4881214465156868
  |->  par_lens = 15, 13, 14
[TDSE] Running TDSE-SH-elliptical. step 15000, energy = -0.4846834880567988
  |->  par_lens = 17, 17, 16
[TDSE] Running TDSE-SH-elliptical. step 15200, energy = -0.49066888481757215
  |->  par_lens = 18, 18, 18
[TDSE] Running TDSE-SH-elliptical. step 15400, energy = -0.49897273248121976
  |->  par_lens = 20, 20, 21
[TDSE] Running TDSE-SH-elliptical. step 15600, energy = -0.4970520977318948
  |->  par_lens = 21, 20, 21
[TDSE] Running TDSE-SH-elliptical. step 15800, energy = -0.4820878053736284
  |->  par_lens = 19, 19, 20
[TDSE] Running TDSE-SH-elliptical. step 16000, energy = -0.46782105491419046
  |->  par_lens = 25, 23, 23
[TDSE] Running TDSE-SH-elliptical. step 16200, energy = -0.470310869418354
  |->  par_lens = 28, 28, 27
[TDSE] Running TDSE-SH-elliptical. step 16400, energy = -0.48752173982467495
  |->  par_lens = 32, 32, 32
[TDSE] Running TDSE-SH-elliptical. step 16600, energy = -0.49682879164586896
  |->  par_lens = 34, 33, 33
[TDSE] Running TDSE-SH-elliptical. step 16800, energy = -0.4800344609320721
  |->  par_lens = 34, 35, 34
[TDSE] Running TDSE-SH-elliptical. step 17000, energy = -0.44855801338780044
  |->  par_lens = 34, 29, 32
[TDSE] Running TDSE-SH-elliptical. step 17200, energy = -0.43527960784873543
  |->  par_lens = 40, 41, 40
[TDSE] Running TDSE-SH-elliptical. step 17400, energy = -0.4560777963453461
  |->  par_lens = 49, 50, 49
[TDSE] Running TDSE-SH-elliptical. step 17600, energy = -0.4873249372126443
  |->  par_lens = 59, 56, 56
[TDSE] Running TDSE-SH-elliptical. step 17800, energy = -0.4864327781717221
  |->  par_lens = 60, 57, 58
[TDSE] Running TDSE-SH-elliptical. step 18000, energy = -0.4440565078634221
  |->  par_lens = 53, 52, 55
[TDSE] Running TDSE-SH-elliptical. step 18200, energy = -0.4024371576687916
  |->  par_lens = 50, 51, 51
[TDSE] Running TDSE-SH-elliptical. step 18400, energy = -0.4080501584703347
  |->  par_lens = 68, 69, 70
[TDSE] Running TDSE-SH-elliptical. step 18600, energy = -0.45607103710989333
  |->  par_lens = 84, 85, 83
[TDSE] Running TDSE-SH-elliptical. step 18800, energy = -0.4869999875778052
  |->  par_lens = 90, 91, 91
[TDSE] Running TDSE-SH-elliptical. step 19000, energy = -0.4514896353248702
  |->  par_lens = 93, 91, 90
[TDSE] Running TDSE-SH-elliptical. step 19200, energy = -0.37765358125086107
  |->  par_lens = 76, 76, 71
[TDSE] Running TDSE-SH-elliptical. step 19400, energy = -0.3460772190723314
  |->  par_lens = 85, 86, 85
[TDSE] Running TDSE-SH-elliptical. step 19600, energy = -0.3903041050891326
  |->  par_lens = 117, 114, 113
[TDSE] Running TDSE-SH-elliptical. step 19800, energy = -0.4641788341895186
  |->  par_lens = 139, 136, 136
[TDSE] Running TDSE-SH-elliptical. step 20000, energy = -0.4706252808137691
  |->  par_lens = 143, 142, 142
[TDSE] Running TDSE-SH-elliptical. step 20200, energy = -0.3873197364924533
  |->  par_lens = 140, 137, 138
[TDSE] Running TDSE-SH-elliptical. step 20400, energy = -0.30337652456970826
  |->  par_lens = 112, 107, 108
[TDSE] Running TDSE-SH-elliptical. step 20600, energy = -0.3137587808074669
  |->  par_lens = 139, 132, 135
[TDSE] Running TDSE-SH-elliptical. step 20800, energy = -0.4031651845381638
  |->  par_lens = 177, 179, 178
[TDSE] Running TDSE-SH-elliptical. step 21000, energy = -0.47134960449101243
  |->  par_lens = 197, 195, 198
[TDSE] Running TDSE-SH-elliptical. step 21200, energy = -0.4158281226245563
  |->  par_lens = 201, 202, 202
[TDSE] Running TDSE-SH-elliptical. step 21400, energy = -0.2863586020878289
  |->  par_lens = 179, 178, 175
[TDSE] Running TDSE-SH-elliptical. step 21600, energy = -0.23176304646631263
  |->  par_lens = 164, 156, 157
[TDSE] Running TDSE-SH-elliptical. step 21800, energy = -0.30267030527684136
  |->  par_lens = 221, 218, 218
[TDSE] Running TDSE-SH-elliptical. step 22000, energy = -0.42865917464984027
  |->  par_lens = 265, 269, 266
[TDSE] Running TDSE-SH-elliptical. step 22200, energy = -0.45170322953584974
  |->  par_lens = 276, 276, 280
[TDSE] Running TDSE-SH-elliptical. step 22400, energy = -0.3248881007955039
  |->  par_lens = 273, 275, 267
[TDSE] Running TDSE-SH-elliptical. step 22600, energy = -0.19230444160234994
  |->  par_lens = 225, 220, 228
[TDSE] Running TDSE-SH-elliptical. step 22800, energy = -0.21150777525973807
  |->  par_lens = 251, 244, 241
[TDSE] Running TDSE-SH-elliptical. step 23000, energy = -0.33595855196687335
  |->  par_lens = 309, 312, 308
[TDSE] Running TDSE-SH-elliptical. step 23200, energy = -0.44733043037991327
  |->  par_lens = 341, 343, 345
[TDSE] Running TDSE-SH-elliptical. step 23400, energy = -0.3812285616836196
  |->  par_lens = 343, 339, 343
[TDSE] Running TDSE-SH-elliptical. step 23600, energy = -0.19990302733565912
  |->  par_lens = 311, 302, 309
[TDSE] Running TDSE-SH-elliptical. step 23800, energy = -0.12202292726972973
  |->  par_lens = 262, 272, 267
[TDSE] Running TDSE-SH-elliptical. step 24000, energy = -0.21878107378508851
  |->  par_lens = 343, 335, 335
[TDSE] Running TDSE-SH-elliptical. step 24200, energy = -0.3826078212339519
  |->  par_lens = 411, 408, 409
[TDSE] Running TDSE-SH-elliptical. step 24400, energy = -0.4270271539095554
  |->  par_lens = 425, 425, 424
[TDSE] Running TDSE-SH-elliptical. step 24600, energy = -0.2754248423158031
  |->  par_lens = 412, 414, 407
[TDSE] Running TDSE-SH-elliptical. step 24800, energy = -0.10425289101797176
  |->  par_lens = 345, 355, 349
[TDSE] Running TDSE-SH-elliptical. step 25000, energy = -0.12957192862152686
  |->  par_lens = 353, 359, 360
[TDSE] Running TDSE-SH-elliptical. step 25200, energy = -0.27172762266099365
  |->  par_lens = 427, 429, 427
[TDSE] Running TDSE-SH-elliptical. step 25400, energy = -0.4129919832927265
  |->  par_lens = 466, 465, 463
[TDSE] Running TDSE-SH-elliptical. step 25600, energy = -0.35122180269578823
  |->  par_lens = 467, 466, 467
[TDSE] Running TDSE-SH-elliptical. step 25800, energy = -0.15039366089222664
  |->  par_lens = 443, 440, 438
[TDSE] Running TDSE-SH-elliptical. step 26000, energy = -0.055114999657744995
  |->  par_lens = 424, 420, 420
[TDSE] Running TDSE-SH-elliptical. step 26200, energy = -0.16368245805156786
  |->  par_lens = 449, 451, 455
[TDSE] Running TDSE-SH-elliptical. step 26400, energy = -0.3362097049973438
  |->  par_lens = 501, 501, 501
[TDSE] Running TDSE-SH-elliptical. step 26600, energy = -0.3983614961772047
  |->  par_lens = 511, 512, 511
[TDSE] Running TDSE-SH-elliptical. step 26800, energy = -0.25370491189247507
  |->  par_lens = 501, 506, 506
[TDSE] Running TDSE-SH-elliptical. step 27000, energy = -0.0746795851642477
  |->  par_lens = 484, 478, 488
[TDSE] Running TDSE-SH-elliptical. step 27200, energy = -0.0988826052113144
  |->  par_lens = 490, 483, 491
[TDSE] Running TDSE-SH-elliptical. step 27400, energy = -0.23278542470792246
  |->  par_lens = 509, 512, 514
[TDSE] Running TDSE-SH-elliptical. step 27600, energy = -0.37853281893358476
  |->  par_lens = 518, 523, 521
[TDSE] Running TDSE-SH-elliptical. step 27800, energy = -0.33417361239912335
  |->  par_lens = 520, 523, 524
[TDSE] Running TDSE-SH-elliptical. step 28000, energy = -0.1503720960073959
  |->  par_lens = 512, 509, 516
[TDSE] Running TDSE-SH-elliptical. step 28200, energy = -0.05924603579649952
  |->  par_lens = 500, 503, 495
[TDSE] Running TDSE-SH-elliptical. step 28400, energy = -0.1525058412868265
  |->  par_lens = 512, 511, 515
[TDSE] Running TDSE-SH-elliptical. step 28600, energy = -0.31010581885786903
  |->  par_lens = 529, 530, 529
[TDSE] Running TDSE-SH-elliptical. step 28800, energy = -0.37656990318856687
  |->  par_lens = 532, 533, 531
[TDSE] Running TDSE-SH-elliptical. step 29000, energy = -0.26012037509967245
  |->  par_lens = 530, 535, 525
[TDSE] Running TDSE-SH-elliptical. step 29200, energy = -0.11127548620881715
  |->  par_lens = 518, 516, 522
[TDSE] Running TDSE-SH-elliptical. step 29400, energy = -0.12394322253712309
  |->  par_lens = 513, 511, 517
[TDSE] Running TDSE-SH-elliptical. step 29600, energy = -0.231353882873764
  |->  par_lens = 530, 531, 534
[TDSE] Running TDSE-SH-elliptical. step 29800, energy = -0.3619803183403158
  |->  par_lens = 538, 533, 540
[TDSE] Running TDSE-SH-elliptical. step 30000, energy = -0.3371031750162
  |->  par_lens = 540, 536, 541
[TDSE] Running TDSE-SH-elliptical. step 30200, energy = -0.19652170660563875
  |->  par_lens = 534, 528, 534
[TDSE] Running TDSE-SH-elliptical. step 30400, energy = -0.12419266971582327
  |->  par_lens = 516, 516, 526
[TDSE] Running TDSE-SH-elliptical. step 30600, energy = -0.18555166327636902
  |->  par_lens = 534, 528, 525
[TDSE] Running TDSE-SH-elliptical. step 30800, energy = -0.310939669118793
  |->  par_lens = 542, 532, 545
[TDSE] Running TDSE-SH-elliptical. step 31000, energy = -0.3725615814993573
  |->  par_lens = 542, 535, 545
[TDSE] Running TDSE-SH-elliptical. step 31200, energy = -0.2978422401736858
  |->  par_lens = 544, 539, 545
[TDSE] Running TDSE-SH-elliptical. step 31400, energy = -0.1960233818212784
  |->  par_lens = 534, 533, 539
[TDSE] Running TDSE-SH-elliptical. step 31600, energy = -0.19045632607827762
  |->  par_lens = 527, 530, 533
[TDSE] Running TDSE-SH-elliptical. step 31800, energy = -0.2733275940505528
  |->  par_lens = 538, 534, 536
[TDSE] Running TDSE-SH-elliptical. step 32000, energy = -0.3688545770200176
  |->  par_lens = 545, 541, 544
[TDSE] Running TDSE-SH-elliptical. step 32200, energy = -0.35859570084370973
  |->  par_lens = 542, 540, 544
[TDSE] Running TDSE-SH-elliptical. step 32400, energy = -0.26786723824596936
  |->  par_lens = 542, 533, 543
[TDSE] Running TDSE-SH-elliptical. step 32600, energy = -0.22059191972596673
  |->  par_lens = 537, 527, 540
[TDSE] Running TDSE-SH-elliptical. step 32800, energy = -0.25631173947967967
  |->  par_lens = 542, 538, 546
[TDSE] Running TDSE-SH-elliptical. step 33000, energy = -0.33856219604580406
  |->  par_lens = 545, 543, 548
[TDSE] Running TDSE-SH-elliptical. step 33200, energy = -0.3831801170997957
  |->  par_lens = 548, 544, 548
[TDSE] Running TDSE-SH-elliptical. step 33400, energy = -0.34381593890042916
  |->  par_lens = 545, 542, 545
[TDSE] Running TDSE-SH-elliptical. step 33600, energy = -0.2844313751106243
  |->  par_lens = 544, 535, 541
[TDSE] Running TDSE-SH-elliptical. step 33800, energy = -0.2804938910483886
  |->  par_lens = 536, 526, 533
[TDSE] Running TDSE-SH-elliptical. step 34000, energy = -0.32551006604823374
  |->  par_lens = 539, 538, 536
[TDSE] Running TDSE-SH-elliptical. step 34200, energy = -0.3801626198441266
  |->  par_lens = 541, 535, 539
[TDSE] Running TDSE-SH-elliptical. step 34400, energy = -0.3802274166644287
  |->  par_lens = 536, 533, 530
[TDSE] Running TDSE-SH-elliptical. step 34600, energy = -0.33785362069581487
  |->  par_lens = 532, 530, 532
[TDSE] Running TDSE-SH-elliptical. step 34800, energy = -0.305895480202526
  |->  par_lens = 533, 526, 533
[TDSE] Running TDSE-SH-elliptical. step 35000, energy = -0.32571926688620667
  |->  par_lens = 531, 524, 530
[TDSE] Running TDSE-SH-elliptical. step 35200, energy = -0.36696759122151873
  |->  par_lens = 534, 527, 539
[TDSE] Running TDSE-SH-elliptical. step 35400, energy = -0.3918415924976102
  |->  par_lens = 524, 525, 538
[TDSE] Running TDSE-SH-elliptical. step 35600, energy = -0.37848346294365676
  |->  par_lens = 521, 521, 524
[TDSE] Running TDSE-SH-elliptical. step 35800, energy = -0.35503953145872064
  |->  par_lens = 508, 503, 517
[TDSE] Running TDSE-SH-elliptical. step 36000, energy = -0.34436356188505657
  |->  par_lens = 480, 484, 491
[TDSE] Running TDSE-SH-elliptical. step 36200, energy = -0.3728761047684865
  |->  par_lens = 457, 475, 470
[TDSE] Running TDSE-SH-elliptical. step 36400, energy = -0.3902196369223409
  |->  par_lens = 444, 457, 453
[TDSE] Running TDSE-SH-elliptical. step 36600, energy = -0.39443401203060685
  |->  par_lens = 434, 442, 436
[TDSE] Running TDSE-SH-elliptical. step 36800, energy = -0.3771029144250679
  |->  par_lens = 417, 428, 421
[TDSE] Running TDSE-SH-elliptical. step 37000, energy = -0.3681783521988082
  |->  par_lens = 402, 406, 402
[TDSE] Running TDSE-SH-elliptical. step 37200, energy = -0.37238541689069754
  |->  par_lens = 403, 406, 397
[TDSE] Running TDSE-SH-elliptical. step 37400, energy = -0.3878562861106309
  |->  par_lens = 401, 406, 399
[TDSE] Running TDSE-SH-elliptical. step 37600, energy = -0.39877480639992063
  |->  par_lens = 403, 396, 395
[TDSE] Running TDSE-SH-elliptical. step 37800, energy = -0.39585989141572175
  |->  par_lens = 392, 381, 387
[TDSE] Running TDSE-SH-elliptical. step 38000, energy = -0.3882352343289279
  |->  par_lens = 376, 366, 375
[TDSE] Running TDSE-SH-elliptical. step 38200, energy = -0.38924320456681694
  |->  par_lens = 352, 345, 349
[TDSE] Running TDSE-SH-elliptical. step 38400, energy = -0.39151298611006813
  |->  par_lens = 314, 327, 324
[TDSE] Running TDSE-SH-elliptical. step 38600, energy = -0.3997207952737289
  |->  par_lens = 313, 301, 303
[TDSE] Running TDSE-SH-elliptical. step 38800, energy = -0.39934547648344854
  |->  par_lens = 298, 287, 294
[TDSE] Running TDSE-SH-elliptical. step 39000, energy = -0.39666905411941716
  |->  par_lens = 294, 284, 283
[TDSE] Running TDSE-SH-elliptical. step 39200, energy = -0.39475291118886735
  |->  par_lens = 291, 284, 288
[TDSE] Running TDSE-SH-elliptical. step 39400, energy = -0.394982654535836
  |->  par_lens = 298, 289, 289
[TDSE] Running TDSE-SH-elliptical. step 39600, energy = -0.3993387527911608
  |->  par_lens = 299, 295, 293
[TDSE] Running TDSE-SH-elliptical. step 39800, energy = -0.400467105709479
  |->  par_lens = 295, 294, 292
[TDSE] Running TDSE-SH-elliptical. step 40000, energy = -0.4014186093284562
  |->  par_lens = 293, 292, 291
[TDSE] Running TDSE-SH-elliptical. step 40200, energy = -0.400982041364891
  |->  par_lens = 291, 289, 292
[TDSE] Running TDSE-SH-elliptical. step 40400, energy = -0.40071831105586186
  |->  par_lens = 286, 285, 286
[TDSE] Running TDSE-SH-elliptical. step 40600, energy = -0.40176714609150616
  |->  par_lens = 279, 282, 283
[TDSE] Running TDSE-SH-elliptical. step 40800, energy = -0.402036415247008
  |->  par_lens = 275, 273, 278
[TDSE] Running TDSE-SH-elliptical. step 41000, energy = -0.4022675334968909
  |->  par_lens = 271, 270, 269
[TDSE] Running TDSE-SH-elliptical. step 41200, energy = -0.4025063838379217
  |->  par_lens = 270, 266, 265
[TDSE] Running TDSE-SH-elliptical. step 41400, energy = -0.4022355037182655
  |->  par_lens = 270, 264, 263
[TDSE] Running TDSE-SH-elliptical. step 41600, energy = -0.40284557882241223
  |->  par_lens = 269, 265, 263
[TDSE] Running TDSE-SH-elliptical. step 41800, energy = -0.40306359170880274
  |->  par_lens = 269, 264, 263
[TDSE] Running TDSE-SH-elliptical. step 42000, energy = -0.40349391975536525
  |->  par_lens = 269, 263, 263
[TDSE] Running TDSE-SH-elliptical. step 42200, energy = -0.40371700253925974
  |->  par_lens = 268, 263, 263
[TDSE] Running TDSE-SH-elliptical. step 42400, energy = -0.40417310923917443
  |->  par_lens = 267, 263, 262
[TDSE] Running TDSE-SH-elliptical. step 42600, energy = -0.4044126172781193
  |->  par_lens = 267, 262, 262
[TDSE] Running TDSE-SH-elliptical. step 42800, energy = -0.40466852887715504
  |->  par_lens = 267, 262, 261
[TDSE] Running TDSE-SH-elliptical. step 43000, energy = -0.40501964741535884
  |->  par_lens = 266, 262, 259
[TDSE] Running TDSE-SH-elliptical. step 43200, energy = -0.40533245587963934
  |->  par_lens = 265, 261, 258
[TDSE] Running TDSE-SH-elliptical. step 43400, energy = -0.4056636895308841
  |->  par_lens = 263, 261, 257
[TDSE] Running TDSE-SH-elliptical. step 43600, energy = -0.4059595265082808
  |->  par_lens = 263, 260, 257
[TDSE] Running TDSE-SH-elliptical. step 43800, energy = -0.40634598126228405
  |->  par_lens = 262, 259, 256
[TDSE] Running TDSE-SH-elliptical. step 44000, energy = -0.4065927552911506
  |->  par_lens = 260, 259, 255
[TDSE] Running TDSE-SH-elliptical. step 44200, energy = -0.4071424897489884
  |->  par_lens = 260, 259, 255
[TDSE] Running TDSE-SH-elliptical. step 44400, energy = -0.40743535944217957
  |->  par_lens = 259, 258, 255
[TDSE] Running TDSE-SH-elliptical. step 44600, energy = -0.4079530392238361
  |->  par_lens = 258, 257, 254
[TDSE] Running TDSE-SH-elliptical. step 44800, energy = -0.40799869601076344
  |->  par_lens = 257, 257, 253
[TDSE] Running TDSE-SH-elliptical. step 45000, energy = -0.40828580527530084
  |->  par_lens = 256, 255, 252
[TDSE] Running TDSE-SH-elliptical. step 45200, energy = -0.40847500208796245
  |->  par_lens = 256, 255, 252
[TDSE] Running TDSE-SH-elliptical. step 45400, energy = -0.4092400111866388
  |->  par_lens = 256, 254, 252
[TDSE] Running TDSE-SH-elliptical. step 45600, energy = -0.4095768243870102
  |->  par_lens = 256, 254, 251
[TDSE] Running TDSE-SH-elliptical. step 45800, energy = -0.41013864138009065
  |->  par_lens = 254, 252, 251
[TDSE] Running TDSE-SH-elliptical. step 46000, energy = -0.410202861351824
  |->  par_lens = 254, 250, 250
[TDSE] Running TDSE-SH-elliptical. step 46200, energy = -0.41055885640691303
  |->  par_lens = 251, 250, 250
[TDSE] Running TDSE-SH-elliptical. step 46400, energy = -0.4107428671632232
  |->  par_lens = 251, 250, 250
[TDSE] Running TDSE-SH-elliptical. step 46600, energy = -0.41122863140081295
  |->  par_lens = 249, 250, 249
[TDSE] Running TDSE-SH-elliptical. step 46800, energy = -0.41137823360892284
  |->  par_lens = 248, 248, 248
[TDSE] Running TDSE-SH-elliptical. step 47000, energy = -0.411863347093409
  |->  par_lens = 247, 247, 247
[TDSE] Running TDSE-SH-elliptical. step 47200, energy = -0.41215616469878363
  |->  par_lens = 246, 245, 247
[TDSE] Running TDSE-SH-elliptical. step 47400, energy = -0.41253780823569225
  |->  par_lens = 246, 245, 247
[TDSE] Running TDSE-SH-elliptical. step 47600, energy = -0.41281879603810967
  |->  par_lens = 244, 245, 245
[TDSE] Running TDSE-SH-elliptical. step 47800, energy = -0.4130960720101124
  |->  par_lens = 243, 244, 242
[TDSE] Running TDSE-SH-elliptical. step 48000, energy = -0.41337643203181146
  |->  par_lens = 241, 241, 241
[TDSE] Running TDSE-SH-elliptical. step 48200, energy = -0.413671541605461
  |->  par_lens = 239, 239, 241
[TDSE] Running TDSE-SH-elliptical. step 48400, energy = -0.41398690836957314
  |->  par_lens = 239, 239, 241
[TDSE] Running TDSE-SH-elliptical. step 48600, energy = -0.41422093104617014
  |->  par_lens = 239, 239, 240
[TDSE] Running TDSE-SH-elliptical. step 48800, energy = -0.41468033853755204
  |->  par_lens = 239, 239, 240
[TDSE] Running TDSE-SH-elliptical. step 49000, energy = -0.41473940968938217
  |->  par_lens = 239, 238, 239
[TDSE] Running TDSE-SH-elliptical. step 49200, energy = -0.41508017398812735
  |->  par_lens = 238, 237, 238
[TDSE] Running TDSE-SH-elliptical. step 49400, energy = -0.41518491753342085
  |->  par_lens = 236, 235, 233
[TDSE] Running TDSE-SH-elliptical. step 49600, energy = -0.41555729798025975
  |->  par_lens = 235, 232, 232
[TDSE] Running TDSE-SH-elliptical. step 49800, energy = -0.4156217770214088
  |->  par_lens = 235, 232, 232
[TDSE] Running TDSE-SH-elliptical. step 50000, energy = -0.416154532078989
  |->  par_lens = 235, 232, 232
[TDSE] Running TDSE-SH-elliptical. step 50200, energy = -0.4162006132922207
  |->  par_lens = 235, 232, 232
[TDSE] Running TDSE-SH-elliptical. step 50400, energy = -0.4166606214472761
  |->  par_lens = 234, 232, 232
[TDSE] Running TDSE-SH-elliptical. step 50600, energy = -0.4166918698907821
  |->  par_lens = 234, 232, 232
[TDSE] Running TDSE-SH-elliptical. step 50800, energy = -0.4171330613056687
  |->  par_lens = 234, 232, 232
[TDSE] Running TDSE-SH-elliptical. step 51000, energy = -0.41725165510600276
  |->  par_lens = 234, 231, 231
[TDSE] Running TDSE-SH-elliptical. step 51200, energy = -0.41765125046460044
  |->  par_lens = 230, 230, 231
[TDSE] Running TDSE-SH-elliptical. step 51400, energy = -0.4175944222761854
  |->  par_lens = 229, 228, 226
[TDSE] Running TDSE-SH-elliptical. step 51600, energy = -0.4179564840122494
  |->  par_lens = 227, 226, 226
[TDSE] Running TDSE-SH-elliptical. step 51800, energy = -0.41797112161928446
  |->  par_lens = 226, 224, 225
[TDSE] Running TDSE-SH-elliptical. step 52000, energy = -0.41818316446218373
  |->  par_lens = 226, 224, 225
[TDSE] Running TDSE-SH-elliptical. step 52200, energy = -0.41831683083560134
  |->  par_lens = 226, 224, 225
[TDSE] Running TDSE-SH-elliptical. step 52400, energy = -0.4185661617217537
  |->  par_lens = 226, 224, 225
[TDSE] Running TDSE-SH-elliptical. step 52600, energy = -0.41871277552925706
  |->  par_lens = 226, 224, 225
[TDSE] Running TDSE-SH-elliptical. step 52800, energy = -0.4190035228761436
  |->  par_lens = 226, 224, 225
[TDSE] Running TDSE-SH-elliptical. step 53000, energy = -0.41922868107971784
  |->  par_lens = 226, 224, 225
[TDSE] Running TDSE-SH-elliptical. step 53200, energy = -0.4193579621300714
  |->  par_lens = 226, 223, 224
[TDSE] Running TDSE-SH-elliptical. step 53400, energy = -0.4197051835147641
  |->  par_lens = 224, 222, 223
[TDSE] Running TDSE-SH-elliptical. step 53600, energy = -0.41980393625704776
  |->  par_lens = 220, 222, 222
[TDSE] Running TDSE-SH-elliptical. step 53800, energy = -0.4201143982212981
  |->  par_lens = 220, 219, 217
[TDSE] Running TDSE-SH-elliptical. step 54000, energy = -0.4201392971630285
  |->  par_lens = 220, 217, 217
[TDSE] Running TDSE-SH-elliptical. step 54200, energy = -0.42040559495919305
  |->  par_lens = 220, 217, 217
[TDSE] Running TDSE-SH-elliptical. step 54400, energy = -0.42035507761760477
  |->  par_lens = 219, 217, 217
[TDSE] Running TDSE-SH-elliptical. step 54600, energy = -0.42069423632646413
  |->  par_lens = 219, 217, 217
[TDSE] Running TDSE-SH-elliptical. step 54800, energy = -0.42052138393928873
  |->  par_lens = 219, 217, 217
[TDSE] Running TDSE-SH-elliptical. step 55000, energy = -0.42092498196025424
  |->  par_lens = 218, 217, 217
[TDSE] Running TDSE-SH-elliptical. step 55200, energy = -0.4208915527205493
  |->  par_lens = 218, 217, 217
[TDSE] Running TDSE-SH-elliptical. step 55400, energy = -0.4211986980237748
  |->  par_lens = 218, 217, 217
[TDSE] Running TDSE-SH-elliptical. step 55600, energy = -0.4211519433302352
  |->  par_lens = 218, 217, 217
[TDSE] Running TDSE-SH-elliptical. step 55800, energy = -0.42157827089772704
  |->  par_lens = 218, 217, 217
[TDSE] Running TDSE-SH-elliptical. step 56000, energy = -0.4214685006081554
  |->  par_lens = 218, 217, 217
[TDSE] Running TDSE-SH-elliptical. step 56200, energy = -0.42184371268719933
  |->  par_lens = 218, 217, 217
[TDSE] Running TDSE-SH-elliptical. step 56400, energy = -0.42185135023980813
  |->  par_lens = 218, 216, 217
[TDSE] Running TDSE-SH-elliptical. step 56600, energy = -0.42214304693865173
  |->  par_lens = 216, 215, 216
[TDSE] Running TDSE-SH-elliptical. step 56800, energy = -0.4222072293165548
  |->  par_lens = 213, 215, 214
[TDSE] Running TDSE-SH-elliptical. step 57000, energy = -0.4224731703701821
  |->  par_lens = 212, 214, 211
[TDSE] Running TDSE-SH-elliptical. step 57200, energy = -0.4225197278960263
  |->  par_lens = 212, 213, 212
[TDSE] Running TDSE-SH-elliptical. step 57400, energy = -0.4227263055660133
  |->  par_lens = 211, 213, 211
[TDSE] Running TDSE-SH-elliptical. step 57600, energy = -0.4227370219383587
  |->  par_lens = 211, 212, 211
[TDSE] Running TDSE-SH-elliptical. step 57800, energy = -0.42277381399584824
  |->  par_lens = 211, 212, 211
[TDSE] Running TDSE-SH-elliptical. step 58000, energy = -0.42294040482426765
  |->  par_lens = 211, 212, 211
[TDSE] Running TDSE-SH-elliptical. step 58200, energy = -0.42286371456992417
  |->  par_lens = 211, 212, 211
[TDSE] Running TDSE-SH-elliptical. step 58400, energy = -0.4229821165323611
  |->  par_lens = 211, 212, 211
[TDSE] Running TDSE-SH-elliptical. step 58600, energy = -0.4229952944952622
  |->  par_lens = 211, 212, 211
[TDSE] Running TDSE-SH-elliptical. step 58800, energy = -0.4231756394246952
  |->  par_lens = 211, 212, 211
[TDSE] Running TDSE-SH-elliptical. step 59000, energy = -0.4230427140497346
  |->  par_lens = 211, 212, 211
[TDSE] Running TDSE-SH-elliptical. step 59200, energy = -0.423365785104483
  |->  par_lens = 211, 212, 211
  Activating project at `~/JuliaProp_v0.1`
[TDSE] Running TDSE-SH-elliptical. step 59400, energy = -0.42320644015007475
  |->  par_lens = 211, 212, 211
[TDSE] Running TDSE-SH-elliptical. step 59600, energy = -0.42352802272865603
  |->  par_lens = 211, 212, 211
[TDSE] Running TDSE-SH-elliptical. step 59800, energy = -0.42342464698242155
  |->  par_lens = 211, 212, 212
[TDSE] Running TDSE-SH-elliptical. step 60000, energy = -0.4237353422624901
  |->  par_lens = 211, 212, 211
[TDSE] Running TDSE-SH-elliptical. step 60200, energy = -0.4236408422173423
  |->  par_lens = 211, 212, 211
[TDSE] Running TDSE-SH-elliptical. step 60400, energy = -0.42404311900144287
  |->  par_lens = 211, 212, 211
[TDSE] Running TDSE-SH-elliptical. step 60600, energy = -0.4239041379495856
  |->  par_lens = 211, 212, 211
[TDSE] Running TDSE-SH-elliptical. step 60800, energy = -0.4243156585078105
  |->  par_lens = 211, 211, 211
[TDSE] Running TDSE-SH-elliptical. step 61000, energy = -0.42424557448965
  |->  par_lens = 211, 212, 210
[TDSE] Running TDSE-SH-elliptical. step 61200, energy = -0.4245291279849431
  |->  par_lens = 210, 211, 209
[TDSE] Running TDSE-SH-elliptical. step 61400, energy = -0.42453689173706954
  |->  par_lens = 210, 211, 210
[TDSE] Running TDSE-SH-elliptical. step 61600, energy = -0.4247743278816615
  |->  par_lens = 210, 211, 209
[TDSE] Running TDSE-SH-elliptical. step 61800, energy = -0.42466346972501545
  |->  par_lens = 210, 211, 209
[TDSE] Running TDSE-SH-elliptical. step 62000, energy = -0.4249108847470592
  |->  par_lens = 210, 211, 208
[TDSE] Running TDSE-SH-elliptical. step 62200, energy = -0.42489887892528555
  |->  par_lens = 208, 211, 209
[TDSE] Running TDSE-SH-elliptical. step 62400, energy = -0.42490795666584813
  |->  par_lens = 208, 209, 208
[TDSE] Running TDSE-SH-elliptical. step 62600, energy = -0.424995801186506
  |->  par_lens = 207, 208, 206
[TDSE] Running TDSE-SH-elliptical. step 62800, energy = -0.4250333016183188
  |->  par_lens = 205, 206, 205
[TDSE] Running TDSE-SH-elliptical. step 63000, energy = -0.42510512093425906
  |->  par_lens = 204, 207, 203
[TDSE] Running TDSE-SH-elliptical. step 63200, energy = -0.4250735531574359
  |->  par_lens = 203, 205, 202
[TDSE] Running TDSE-SH-elliptical. step 63400, energy = -0.4252097734462577
  |->  par_lens = 202, 205, 201
[TDSE] Running TDSE-SH-elliptical. step 63600, energy = -0.4251457102067902
  |->  par_lens = 202, 205, 201
[TDSE] Running TDSE-SH-elliptical. step 63800, energy = -0.42539615927305535
  |->  par_lens = 202, 203, 201
[TDSE] Running TDSE-SH-elliptical. step 64000, energy = -0.4251638515483181
  |->  par_lens = 202, 204, 201
[TDSE] Running TDSE-SH-elliptical. step 64200, energy = -0.4254362457800839
  |->  par_lens = 202, 203, 201
[TDSE] Running TDSE-SH-elliptical. step 64400, energy = -0.42532470368937564
  |->  par_lens = 202, 203, 201
[TDSE] Running TDSE-SH-elliptical. step 64600, energy = -0.425521737516154
  |->  par_lens = 202, 202, 201
[TDSE] Running TDSE-SH-elliptical. step 64800, energy = -0.42530594238019553
  |->  par_lens = 202, 203, 201
[TDSE] Running TDSE-SH-elliptical. step 65000, energy = -0.42563653169359345
  |->  par_lens = 202, 203, 201
[TDSE] Running TDSE-SH-elliptical. step 65200, energy = -0.42536676346081004
  |->  par_lens = 202, 201, 201
[TDSE] Running TDSE-SH-elliptical. step 65400, energy = -0.42566054889436344
  |->  par_lens = 202, 202, 201
[TDSE] Running TDSE-SH-elliptical. step 65600, energy = -0.42547593986214066
  |->  par_lens = 201, 201, 201
[TDSE] Running TDSE-SH-elliptical. step 65800, energy = -0.425665877895164
  |->  par_lens = 201, 200, 201
[TDSE] Running TDSE-SH-elliptical. step 66000, energy = -0.4255174040493282
  |->  par_lens = 202, 201, 201
[TDSE] Running TDSE-SH-elliptical. step 66200, energy = -0.42575759202219715
  |->  par_lens = 201, 201, 201
[TDSE] Running TDSE-SH-elliptical. step 66400, energy = -0.42557181859106447
  |->  par_lens = 201, 201, 201
[TDSE] Running TDSE-SH-elliptical. step 66600, energy = -0.42576331902138
  |->  par_lens = 201, 200, 201
[TDSE] Running TDSE-SH-elliptical. step 66800, energy = -0.42566431947447037
  |->  par_lens = 201, 200, 201
[TDSE] Running TDSE-SH-elliptical. step 67000, energy = -0.4257621255862872
  |->  par_lens = 201, 200, 201
[TDSE] Running TDSE-SH-elliptical. step 67200, energy = -0.4257897070606824
  |->  par_lens = 201, 200, 201
[TDSE] Running TDSE-SH-elliptical. step 67400, energy = -0.425783011230558
  |->  par_lens = 201, 200, 201
[TDSE] Running TDSE-SH-elliptical. step 67600, energy = -0.4257854527802156
  |->  par_lens = 201, 200, 201
[TDSE] Running TDSE-SH-elliptical. step 67800, energy = -0.4258577265358019
  |->  par_lens = 201, 200, 201
[TDSE] Running TDSE-SH-elliptical. step 68000, energy = -0.4259156347234552
  |->  par_lens = 201, 200, 201
[TDSE] Running TDSE-SH-elliptical. step 68200, energy = -0.42579945217463855
  |->  par_lens = 201, 200, 201
[TDSE] Running TDSE-SH-elliptical. step 68400, energy = -0.42603644707174604
  |->  par_lens = 201, 200, 201
[TDSE] Running TDSE-SH-elliptical. step 68600, energy = -0.4258842466305702
  |->  par_lens = 201, 200, 201
[TDSE] Running TDSE-SH-elliptical. step 68800, energy = -0.42607504812133457
  |->  par_lens = 201, 200, 201
[TDSE] Running TDSE-SH-elliptical. step 69000, energy = -0.42596784180054525
  |->  par_lens = 201, 200, 201
[TDSE] Running TDSE-SH-elliptical. step 69200, energy = -0.4261997222903456
  |->  par_lens = 202, 200, 201
[TDSE] Running TDSE-SH-elliptical. step 69400, energy = -0.4260065906368551
  |->  par_lens = 201, 200, 201
[TDSE] Running TDSE-SH-elliptical. step 69600, energy = -0.4263233951252373
  |->  par_lens = 201, 200, 201
[TDSE] Running TDSE-SH-elliptical. step 69800, energy = -0.42609484165027833
  |->  par_lens = 201, 200, 201
[TDSE] Running TDSE-SH-elliptical. step 70000, energy = -0.42642505136029957
  |->  par_lens = 201, 200, 201
[TDSE] Running TDSE-SH-elliptical. step 70200, energy = -0.42622469617177683
  |->  par_lens = 201, 200, 201
[TDSE] Running TDSE-SH-elliptical. step 70400, energy = -0.42645619855992606
  |->  par_lens = 201, 200, 201
[TDSE] Running TDSE-SH-elliptical. step 70600, energy = -0.42634301055005414
  |->  par_lens = 201, 200, 201
[TDSE] Running TDSE-SH-elliptical. step 70800, energy = -0.4266155975335819
  |->  par_lens = 201, 200, 201
[TDSE] Running TDSE-SH-elliptical. step 71000, energy = -0.42637016480281154
  |->  par_lens = 201, 200, 201
[TDSE] Running TDSE-SH-elliptical. step 71200, energy = -0.42665514772848795
  |->  par_lens = 201, 200, 201
[TDSE] Running TDSE-SH-elliptical. step 71400, energy = -0.42658110525743037
  |->  par_lens = 201, 200, 201
[TDSE] Running TDSE-SH-elliptical. step 71600, energy = -0.4266867423815707
  |->  par_lens = 201, 200, 201
[TDSE] Running TDSE-SH-elliptical. step 71800, energy = -0.42666855125836384
  |->  par_lens = 201, 200, 201
[TDSE] Running TDSE-SH-elliptical. step 72000, energy = -0.42679967606735414
  |->  par_lens = 201, 200, 201
[TDSE] Running TDSE-SH-elliptical. step 72200, energy = -0.42677457702727295
  |->  par_lens = 201, 200, 201
[TDSE] Running TDSE-SH-elliptical. step 72400, energy = -0.42685943468099735
  |->  par_lens = 200, 200, 201
[TDSE] Running TDSE-SH-elliptical. step 72600, energy = -0.4269043641432414
  |->  par_lens = 201, 200, 200
[TDSE] Running TDSE-SH-elliptical. step 72800, energy = -0.42687718024882737
  |->  par_lens = 201, 200, 199
[TDSE] Running TDSE-SH-elliptical. step 73000, energy = -0.4270553274966682
  |->  par_lens = 200, 200, 201
[TDSE] Running TDSE-SH-elliptical. step 73200, energy = -0.4269294684598142
  |->  par_lens = 200, 199, 200
[TDSE] Running TDSE-SH-elliptical. step 73400, energy = -0.4271011063403736
  |->  par_lens = 199, 198, 199
[TDSE] Running TDSE-SH-elliptical. step 73600, energy = -0.4270194017548369
  |->  par_lens = 198, 196, 198
[TDSE] Running TDSE-SH-elliptical. step 73800, energy = -0.4271892994868764
  |->  par_lens = 198, 196, 198
[TDSE] Running TDSE-SH-elliptical. step 74000, energy = -0.4270121856645023
  |->  par_lens = 195, 196, 195
[TDSE] Running TDSE-SH-elliptical. step 74200, energy = -0.4273074370168931
  |->  par_lens = 194, 194, 193
[TDSE] Running TDSE-SH-elliptical. step 74400, energy = -0.42701958181513155
  |->  par_lens = 194, 192, 194
[TDSE] Running TDSE-SH-elliptical. step 74600, energy = -0.4273119049095966
  |->  par_lens = 192, 193, 193
[TDSE] Running TDSE-SH-elliptical. step 74800, energy = -0.42713969787950806
  |->  par_lens = 190, 192, 192
[TDSE] Running TDSE-SH-elliptical. step 75000, energy = -0.4273242763107059
  |->  par_lens = 190, 190, 189
[TDSE] Running TDSE-SH-elliptical. step 75200, energy = -0.42709720545867264
  |->  par_lens = 190, 188, 190
[TDSE] Running TDSE-SH-elliptical. step 75400, energy = -0.4274127241545493
  |->  par_lens = 188, 188, 190
[TDSE] Running TDSE-SH-elliptical. step 75600, energy = -0.42716030593257914
  |->  par_lens = 188, 187, 188
[TDSE] Running TDSE-SH-elliptical. step 75800, energy = -0.4273711482589151
  |->  par_lens = 187, 188, 188
[TDSE] Running TDSE-SH-elliptical. step 76000, energy = -0.42718419253546397
  |->  par_lens = 188, 188, 188
[TDSE] Running TDSE-SH-elliptical. step 76200, energy = -0.42735676064827116
  |->  par_lens = 187, 187, 188
[TDSE] Running TDSE-SH-elliptical. step 76400, energy = -0.4272783900179743
  |->  par_lens = 187, 187, 188
[TDSE] Running TDSE-SH-elliptical. step 76600, energy = -0.4273485406126484
  |->  par_lens = 187, 187, 188
[TDSE] Running TDSE-SH-elliptical. step 76800, energy = -0.42721985113582983
  |->  par_lens = 187, 187, 188
[TDSE] Running TDSE-SH-elliptical. step 77000, energy = -0.42738116482983024
  |->  par_lens = 187, 187, 188
[TDSE] Running TDSE-SH-elliptical. step 77200, energy = -0.42734431436931597
  |->  par_lens = 187, 187, 188
[TDSE] Running TDSE-SH-elliptical. step 77400, energy = -0.42726920138129276
  |->  par_lens = 187, 187, 189
[TDSE] Running TDSE-SH-elliptical. step 77600, energy = -0.42738261853714304
  |->  par_lens = 187, 187, 188
[TDSE] Running TDSE-SH-elliptical. step 77800, energy = -0.4273048079104058
  |->  par_lens = 187, 187, 188
[TDSE] Running TDSE-SH-elliptical. step 78000, energy = -0.4273809995503265
  |->  par_lens = 189, 188, 188
[TDSE] Running TDSE-SH-elliptical. step 78200, energy = -0.42730675887781927
  |->  par_lens = 187, 187, 188
[TDSE] Running TDSE-SH-elliptical. step 78400, energy = -0.4274409475607881
  |->  par_lens = 187, 187, 189
[TDSE] Running TDSE-SH-elliptical. step 78600, energy = -0.4272458991313455
  |->  par_lens = 187, 187, 188
[TDSE] Running TDSE-SH-elliptical. step 78800, energy = -0.4275083229957073
  |->  par_lens = 188, 188, 188
[TDSE] Running TDSE-SH-elliptical. step 79000, energy = -0.4272593407665992
  |->  par_lens = 187, 188, 188
[TDSE] Running TDSE-SH-elliptical. step 79200, energy = -0.4275085014037396
  |->  par_lens = 187, 187, 188
[TDSE] Running TDSE-SH-elliptical. step 79400, energy = -0.42728916884719936
  |->  par_lens = 187, 187, 188
[TDSE] Running TDSE-SH-elliptical. step 79600, energy = -0.42750187988199073
  |->  par_lens = 187, 187, 188
[TDSE] Running TDSE-SH-elliptical. step 79800, energy = -0.427294447850962
  |->  par_lens = 186, 187, 188
[TDSE] Running TDSE-SH-elliptical. step 80000, energy = -0.4275799767127027
  |->  par_lens = 187, 186, 188
[TDSE] Running TDSE-SH-elliptical. step 80200, energy = -0.4272612515807844
  |->  par_lens = 186, 186, 188
[TDSE] Running TDSE-SH-elliptical. step 80400, energy = -0.4275593798991054
  |->  par_lens = 186, 186, 188
[TDSE] Running TDSE-SH-elliptical. step 80600, energy = -0.4273705845432683
  |->  par_lens = 186, 186, 187
[TDSE] Running TDSE-SH-elliptical. step 80800, energy = -0.4275058034986543
  |->  par_lens = 186, 186, 187
[TDSE] Running TDSE-SH-elliptical. step 81000, energy = -0.42737403423822595
  |->  par_lens = 186, 186, 187
[TDSE] Running TDSE-SH-elliptical. step 81200, energy = -0.42756756118625827
  |->  par_lens = 186, 186, 187
[TDSE] Running TDSE-SH-elliptical. step 81400, energy = -0.4273719313419829
  |->  par_lens = 186, 186, 186
[TDSE] Running TDSE-SH-elliptical. step 81600, energy = -0.42752609685660947
  |->  par_lens = 186, 186, 187
[TDSE] Running TDSE-SH-elliptical. step 81800, energy = -0.42747621564408755
  |->  par_lens = 186, 186, 187
[TDSE] Running TDSE-SH-elliptical. step 82000, energy = -0.42748208408078847
  |->  par_lens = 186, 185, 186
[TDSE] Running TDSE-SH-elliptical. step 82200, energy = -0.4275109723935157
  |->  par_lens = 186, 185, 186
[TDSE] Running TDSE-SH-elliptical. step 82400, energy = -0.42747466954237395
  |->  par_lens = 186, 185, 187
[TDSE] Running TDSE-SH-elliptical. step 82600, energy = -0.42753741575566523
  |->  par_lens = 186, 186, 186
[TDSE] Running TDSE-SH-elliptical. step 82800, energy = -0.4274941944938872
  |->  par_lens = 186, 185, 186
[TDSE] Running TDSE-SH-elliptical. step 83000, energy = -0.42756102385293443
  |->  par_lens = 185, 186, 186
[TDSE] Running TDSE-SH-elliptical. step 83200, energy = -0.4274174642281579
  |->  par_lens = 186, 185, 186
[TDSE] Running TDSE-SH-elliptical. step 83400, energy = -0.4276781603118502
  |->  par_lens = 186, 185, 186
[TDSE] Running TDSE-SH-elliptical. step 83600, energy = -0.4273986530988427
  |->  par_lens = 186, 185, 186
[TDSE] Running TDSE-SH-elliptical. step 83800, energy = -0.427623074497553
  |->  par_lens = 186, 186, 186
[TDSE] Running TDSE-SH-elliptical. step 84000, energy = -0.42747141462767635
  |->  par_lens = 186, 185, 186
[TDSE] Running TDSE-SH-elliptical. step 84200, energy = -0.4276626929345707
  |->  par_lens = 186, 185, 186
[TDSE] Running TDSE-SH-elliptical. step 84400, energy = -0.427375306650672
  |->  par_lens = 186, 185, 186
[TDSE] Running TDSE-SH-elliptical. step 84600, energy = -0.42771744424128305
  |->  par_lens = 186, 185, 186
[TDSE] Running TDSE-SH-elliptical. step 84800, energy = -0.4274186170274389
  |->  par_lens = 186, 185, 186
[TDSE] Running TDSE-SH-elliptical. step 85000, energy = -0.4276863967838188
  |->  par_lens = 186, 185, 186
[TDSE] Running TDSE-SH-elliptical. step 85200, energy = -0.42743649764272607
  |->  par_lens = 186, 185, 186
[TDSE] Running TDSE-SH-elliptical. step 85400, energy = -0.4276566074290088
  |->  par_lens = 186, 185, 186
[TDSE] Running TDSE-SH-elliptical. step 85600, energy = -0.4274883704708587
  |->  par_lens = 186, 185, 186
[TDSE] Running TDSE-SH-elliptical. step 85800, energy = -0.427689976520296
  |->  par_lens = 186, 185, 186
[TDSE] Running TDSE-SH-elliptical. step 86000, energy = -0.4274371362890515
  |->  par_lens = 186, 185, 186
[TDSE] Running TDSE-SH-elliptical. step 86200, energy = -0.4276693725216533
  |->  par_lens = 186, 185, 186
