  Activating project at `~/JuliaProp_v0.1`
[ITP]: 10000.471108571397
[ITP]: 0.022107823405609905
[ITP]: 0.004976805475414736
[ITP]: 0.0021058954092971205
[ITP]: 0.001084104546129061
[ITP]: 0.0006160870179273692
[ITP]: 0.0003714642087823128
[ITP]: 0.00023286611963801995
[ITP]: 0.0001500123428329614
[ITP]: 9.857967926441003e-5
[ITP]: 6.57601184761436e-5
[ITP]: 4.43786526744816e-5
[ITP]: 3.022437766897479e-5
[ITP]: 2.0735965556739622e-5
[ITP]: 1.4311264988853267e-5
[ITP]: 9.92563006574354e-6
[ITP]: 6.9119921211058255e-6
[ITP]: 4.82976755122877e-6
[ITP]: 3.384510666504248e-6
[ITP]: 2.3775199649023193e-6
[ITP]: 1.6736194445865493e-6
[ITP]: 1.1802274751948616e-6
[ITP]: 8.335748883370186e-7
[ITP]: 5.895273362810372e-7
[ITP]: 4.174150680658073e-7
[ITP]: 2.958509506267859e-7
[ITP]: 2.098764437796774e-7
[ITP]: 1.4900242706339384e-7
[ITP]: 1.0585745457980522e-7
[ITP]: 7.525113565609587e-8
[ITP]: 5.352267851144177e-8
[ITP]: 3.808635307134267e-8
[ITP]: 2.7113442158110956e-8
[ITP]: 1.9309163601377577e-8
[ITP]: 1.3755872219078924e-8
[ITP]: 9.802639699962867e-9
Energy of ground state: -0.5030607411950042
[TDSE] Start TDSE-SH for elliptical polarized laser. It may cost a plenty of time.
[TDSE] Running TDSE-SH-elliptical. step 0, energy = -0.5030607411950033
  |->  par_lens = 1, 1, 1
[TDSE] Running TDSE-SH-elliptical. step 200, energy = -0.5030607411948632
  |->  par_lens = 1, 1, 1
[TDSE] Running TDSE-SH-elliptical. step 400, energy = -0.5030607411947224
  |->  par_lens = 1, 1, 1
[TDSE] Running TDSE-SH-elliptical. step 600, energy = -0.5030607411945672
  |->  par_lens = 1, 1, 2
[TDSE] Running TDSE-SH-elliptical. step 800, energy = -0.5030607411943613
  |->  par_lens = 1, 1, 2
[TDSE] Running TDSE-SH-elliptical. step 1000, energy = -0.5030607411940425
  |->  par_lens = 1, 1, 2
[TDSE] Running TDSE-SH-elliptical. step 1200, energy = -0.5030607411934391
  |->  par_lens = 1, 1, 2
[TDSE] Running TDSE-SH-elliptical. step 1400, energy = -0.5030607411922865
  |->  par_lens = 1, 1, 2
[TDSE] Running TDSE-SH-elliptical. step 1600, energy = -0.5030607411901463
  |->  par_lens = 1, 1, 2
[TDSE] Running TDSE-SH-elliptical. step 1800, energy = -0.5030607411864704
  |->  par_lens = 1, 1, 2
[TDSE] Running TDSE-SH-elliptical. step 2000, energy = -0.5030607411804618
  |->  par_lens = 1, 1, 2
[TDSE] Running TDSE-SH-elliptical. step 2200, energy = -0.5030607411712675
  |->  par_lens = 1, 1, 2
[TDSE] Running TDSE-SH-elliptical. step 2400, energy = -0.5030607411575563
  |->  par_lens = 1, 1, 2
[TDSE] Running TDSE-SH-elliptical. step 2600, energy = -0.5030607411382715
  |->  par_lens = 1, 1, 2
[TDSE] Running TDSE-SH-elliptical. step 2800, energy = -0.5030607411114456
  |->  par_lens = 1, 1, 2
[TDSE] Running TDSE-SH-elliptical. step 3000, energy = -0.5030607410758522
  |->  par_lens = 1, 1, 2
[TDSE] Running TDSE-SH-elliptical. step 3200, energy = -0.5030607410291174
  |->  par_lens = 1, 1, 2
[TDSE] Running TDSE-SH-elliptical. step 3400, energy = -0.5030607409697544
  |->  par_lens = 1, 1, 2
[TDSE] Running TDSE-SH-elliptical. step 3600, energy = -0.5030607408951336
  |->  par_lens = 1, 1, 2
[TDSE] Running TDSE-SH-elliptical. step 3800, energy = -0.5030607408039038
  |->  par_lens = 1, 1, 2
[TDSE] Running TDSE-SH-elliptical. step 4000, energy = -0.5030607406931712
  |->  par_lens = 1, 1, 2
[TDSE] Running TDSE-SH-elliptical. step 4200, energy = -0.503060740561537
  |->  par_lens = 1, 1, 2
[TDSE] Running TDSE-SH-elliptical. step 4400, energy = -0.503060740406927
  |->  par_lens = 1, 1, 2
[TDSE] Running TDSE-SH-elliptical. step 4600, energy = -0.5030607402275716
  |->  par_lens = 1, 1, 2
[TDSE] Running TDSE-SH-elliptical. step 4800, energy = -0.5030607400217288
  |->  par_lens = 1, 1, 2
[TDSE] Running TDSE-SH-elliptical. step 5000, energy = -0.5030607397888215
  |->  par_lens = 1, 1, 2
[TDSE] Running TDSE-SH-elliptical. step 5200, energy = -0.5030607395270539
  |->  par_lens = 1, 1, 2
[TDSE] Running TDSE-SH-elliptical. step 5400, energy = -0.5030607392363206
  |->  par_lens = 1, 1, 2
[TDSE] Running TDSE-SH-elliptical. step 5600, energy = -0.5030607389159988
  |->  par_lens = 1, 1, 2
[TDSE] Running TDSE-SH-elliptical. step 5800, energy = -0.5030607385667143
  |->  par_lens = 1, 1, 2
[TDSE] Running TDSE-SH-elliptical. step 6000, energy = -0.5030607381876023
  |->  par_lens = 1, 1, 2
[TDSE] Running TDSE-SH-elliptical. step 6200, energy = -0.5030607377819033
  |->  par_lens = 1, 1, 2
[TDSE] Running TDSE-SH-elliptical. step 6400, energy = -0.5030607373472732
  |->  par_lens = 1, 1, 2
[TDSE] Running TDSE-SH-elliptical. step 6600, energy = -0.5030607368890687
  |->  par_lens = 1, 1, 2
[TDSE] Running TDSE-SH-elliptical. step 6800, energy = -0.5030607364065467
  |->  par_lens = 1, 1, 2
[TDSE] Running TDSE-SH-elliptical. step 7000, energy = -0.5030607359032668
  |->  par_lens = 1, 1, 2
[TDSE] Running TDSE-SH-elliptical. step 7200, energy = -0.5030607353796398
  |->  par_lens = 1, 1, 2
[TDSE] Running TDSE-SH-elliptical. step 7400, energy = -0.5030607348429096
  |->  par_lens = 1, 1, 2
[TDSE] Running TDSE-SH-elliptical. step 7600, energy = -0.5030607342909704
  |->  par_lens = 1, 1, 2
[TDSE] Running TDSE-SH-elliptical. step 7800, energy = -0.5030607337285499
  |->  par_lens = 1, 1, 2
[TDSE] Running TDSE-SH-elliptical. step 8000, energy = -0.5030607331615836
  |->  par_lens = 1, 1, 2
[TDSE] Running TDSE-SH-elliptical. step 8200, energy = -0.5030607325893895
  |->  par_lens = 1, 1, 2
[TDSE] Running TDSE-SH-elliptical. step 8400, energy = -0.5030607320180165
  |->  par_lens = 1, 1, 2
[TDSE] Running TDSE-SH-elliptical. step 8600, energy = -0.5030607314475215
  |->  par_lens = 1, 1, 2
[TDSE] Running TDSE-SH-elliptical. step 8800, energy = -0.5030607308870277
  |->  par_lens = 1, 1, 2
[TDSE] Running TDSE-SH-elliptical. step 9000, energy = -0.5030607303310254
  |->  par_lens = 1, 1, 2
[TDSE] Running TDSE-SH-elliptical. step 9200, energy = -0.5030607297926526
  |->  par_lens = 1, 1, 2
[TDSE] Running TDSE-SH-elliptical. step 9400, energy = -0.5030607292618877
  |->  par_lens = 1, 1, 2
[TDSE] Running TDSE-SH-elliptical. step 9600, energy = -0.5030607287558121
  |->  par_lens = 1, 1, 2
[TDSE] Running TDSE-SH-elliptical. step 9800, energy = -0.5030607282635117
  |->  par_lens = 1, 1, 2
[TDSE] Running TDSE-SH-elliptical. step 10000, energy = -0.5030607277964355
  |->  par_lens = 1, 1, 2
[TDSE] Running TDSE-SH-elliptical. step 10200, energy = -0.5030607217927552
  |->  par_lens = 1, 1, 2
[TDSE] Running TDSE-SH-elliptical. step 10400, energy = -0.5030606122584805
  |->  par_lens = 2, 2, 2
[TDSE] Running TDSE-SH-elliptical. step 10600, energy = -0.5030603850287294
  |->  par_lens = 2, 2, 2
[TDSE] Running TDSE-SH-elliptical. step 10800, energy = -0.5030600061355809
  |->  par_lens = 2, 2, 2
[TDSE] Running TDSE-SH-elliptical. step 11000, energy = -0.5030531211919702
  |->  par_lens = 3, 2, 2
[TDSE] Running TDSE-SH-elliptical. step 11200, energy = -0.5030178376806439
  |->  par_lens = 4, 3, 3
[TDSE] Running TDSE-SH-elliptical. step 11400, energy = -0.5029373536869887
  |->  par_lens = 4, 3, 3
[TDSE] Running TDSE-SH-elliptical. step 11600, energy = -0.5028534965585061
  |->  par_lens = 5, 4, 5
[TDSE] Running TDSE-SH-elliptical. step 11800, energy = -0.5028656266784358
  |->  par_lens = 5, 5, 4
[TDSE] Running TDSE-SH-elliptical. step 12000, energy = -0.5029654628928556
  |->  par_lens = 4, 4, 3
[TDSE] Running TDSE-SH-elliptical. step 12200, energy = -0.5029015062645521
  |->  par_lens = 4, 4, 4
[TDSE] Running TDSE-SH-elliptical. step 12400, energy = -0.5023775260048985
  |->  par_lens = 5, 5, 6
[TDSE] Running TDSE-SH-elliptical. step 12600, energy = -0.5015713233081956
  |->  par_lens = 7, 7, 7
[TDSE] Running TDSE-SH-elliptical. step 12800, energy = -0.501234808700166
  |->  par_lens = 7, 7, 7
[TDSE] Running TDSE-SH-elliptical. step 13000, energy = -0.5018657383006112
  |->  par_lens = 6, 6, 7
[TDSE] Running TDSE-SH-elliptical. step 13200, energy = -0.5026356756245226
  |->  par_lens = 6, 5, 6
[TDSE] Running TDSE-SH-elliptical. step 13400, energy = -0.5018432593211269
  |->  par_lens = 6, 6, 7
[TDSE] Running TDSE-SH-elliptical. step 13600, energy = -0.4990341497737156
  |->  par_lens = 9, 9, 8
[TDSE] Running TDSE-SH-elliptical. step 13800, energy = -0.4964247884149513
  |->  par_lens = 10, 10, 10
[TDSE] Running TDSE-SH-elliptical. step 14000, energy = -0.4969686909730938
  |->  par_lens = 11, 10, 10
[TDSE] Running TDSE-SH-elliptical. step 14200, energy = -0.5002428283736926
  |->  par_lens = 11, 11, 12
[TDSE] Running TDSE-SH-elliptical. step 14400, energy = -0.5015339043642509
  |->  par_lens = 12, 11, 12
[TDSE] Running TDSE-SH-elliptical. step 14600, energy = -0.4967149329206572
  |->  par_lens = 12, 12, 12
[TDSE] Running TDSE-SH-elliptical. step 14800, energy = -0.48850554379324956
  |->  par_lens = 14, 13, 14
[TDSE] Running TDSE-SH-elliptical. step 15000, energy = -0.48512189699449254
  |->  par_lens = 16, 17, 16
[TDSE] Running TDSE-SH-elliptical. step 15200, energy = -0.4910183996199723
  |->  par_lens = 18, 18, 18
[TDSE] Running TDSE-SH-elliptical. step 15400, energy = -0.49909405268552604
  |->  par_lens = 20, 20, 21
[TDSE] Running TDSE-SH-elliptical. step 15600, energy = -0.49685875462338974
  |->  par_lens = 20, 20, 21
[TDSE] Running TDSE-SH-elliptical. step 15800, energy = -0.4815900205835582
  |->  par_lens = 19, 19, 19
[TDSE] Running TDSE-SH-elliptical. step 16000, energy = -0.4671398783232307
  |->  par_lens = 25, 23, 23
[TDSE] Running TDSE-SH-elliptical. step 16200, energy = -0.4696504615561956
  |->  par_lens = 28, 28, 28
[TDSE] Running TDSE-SH-elliptical. step 16400, energy = -0.487114748845486
  |->  par_lens = 33, 32, 32
[TDSE] Running TDSE-SH-elliptical. step 16600, energy = -0.49685643112826006
  |->  par_lens = 34, 35, 33
[TDSE] Running TDSE-SH-elliptical. step 16800, energy = -0.48055688736624186
  |->  par_lens = 35, 34, 34
[TDSE] Running TDSE-SH-elliptical. step 17000, energy = -0.44946948971770334
  |->  par_lens = 32, 29, 33
[TDSE] Running TDSE-SH-elliptical. step 17200, energy = -0.4363253544276849
  |->  par_lens = 40, 40, 41
[TDSE] Running TDSE-SH-elliptical. step 17400, energy = -0.4569275496391871
  |->  par_lens = 49, 51, 49
[TDSE] Running TDSE-SH-elliptical. step 17600, energy = -0.4876645751952562
  |->  par_lens = 58, 56, 56
[TDSE] Running TDSE-SH-elliptical. step 17800, energy = -0.4860827128737172
  |->  par_lens = 59, 57, 58
[TDSE] Running TDSE-SH-elliptical. step 18000, energy = -0.4430492508181449
  |->  par_lens = 52, 51, 53
[TDSE] Running TDSE-SH-elliptical. step 18200, energy = -0.4010421544617007
  |->  par_lens = 50, 54, 50
[TDSE] Running TDSE-SH-elliptical. step 18400, energy = -0.40668642638281083
  |->  par_lens = 68, 69, 68
[TDSE] Running TDSE-SH-elliptical. step 18600, energy = -0.45519658821536274
  |->  par_lens = 84, 84, 84
[TDSE] Running TDSE-SH-elliptical. step 18800, energy = -0.4869627510335415
  |->  par_lens = 90, 91, 92
[TDSE] Running TDSE-SH-elliptical. step 19000, energy = -0.45240189865507036
  |->  par_lens = 95, 90, 92
[TDSE] Running TDSE-SH-elliptical. step 19200, energy = -0.3793021804793234
  |->  par_lens = 78, 79, 77
[TDSE] Running TDSE-SH-elliptical. step 19400, energy = -0.3479739519894445
  |->  par_lens = 86, 85, 83
[TDSE] Running TDSE-SH-elliptical. step 19600, energy = -0.39187869817464466
  |->  par_lens = 116, 113, 116
[TDSE] Running TDSE-SH-elliptical. step 19800, energy = -0.46486150482317196
  |->  par_lens = 138, 135, 135
[TDSE] Running TDSE-SH-elliptical. step 20000, energy = -0.47012221826014156
  |->  par_lens = 142, 139, 142
[TDSE] Running TDSE-SH-elliptical. step 20200, energy = -0.38567861766039485
  |->  par_lens = 139, 132, 139
[TDSE] Running TDSE-SH-elliptical. step 20400, energy = -0.3010727878358338
  |->  par_lens = 106, 108, 105
[TDSE] Running TDSE-SH-elliptical. step 20600, energy = -0.3115049048610996
  |->  par_lens = 142, 135, 134
[TDSE] Running TDSE-SH-elliptical. step 20800, energy = -0.40165576425754973
  |->  par_lens = 180, 179, 184
[TDSE] Running TDSE-SH-elliptical. step 21000, energy = -0.4711699975129667
  |->  par_lens = 201, 199, 199
[TDSE] Running TDSE-SH-elliptical. step 21200, energy = -0.4171520086882543
  |->  par_lens = 205, 204, 201
[TDSE] Running TDSE-SH-elliptical. step 21400, energy = -0.28885369860671817
  |->  par_lens = 182, 176, 178
[TDSE] Running TDSE-SH-elliptical. step 21600, energy = -0.23463934377070383
  |->  par_lens = 161, 166, 158
[TDSE] Running TDSE-SH-elliptical. step 21800, energy = -0.30509646319183126
  |->  par_lens = 212, 216, 216
[TDSE] Running TDSE-SH-elliptical. step 22000, energy = -0.4297863126741911
  |->  par_lens = 263, 263, 261
[TDSE] Running TDSE-SH-elliptical. step 22200, energy = -0.4511138840865438
  |->  par_lens = 272, 273, 274
[TDSE] Running TDSE-SH-elliptical. step 22400, energy = -0.32262213321840044
  |->  par_lens = 268, 262, 261
[TDSE] Running TDSE-SH-elliptical. step 22600, energy = -0.1890505814024948
  |->  par_lens = 225, 219, 224
[TDSE] Running TDSE-SH-elliptical. step 22800, energy = -0.20834880311408513
  |->  par_lens = 249, 243, 243
[TDSE] Running TDSE-SH-elliptical. step 23000, energy = -0.3337359983766776
  |->  par_lens = 312, 313, 314
[TDSE] Running TDSE-SH-elliptical. step 23200, energy = -0.44692535651385307
  |->  par_lens = 346, 343, 346
[TDSE] Running TDSE-SH-elliptical. step 23400, energy = -0.3828555420245224
  |->  par_lens = 345, 344, 345
[TDSE] Running TDSE-SH-elliptical. step 23600, energy = -0.20314121372923127
  |->  par_lens = 313, 308, 307
[TDSE] Running TDSE-SH-elliptical. step 23800, energy = -0.1257960310796521
  |->  par_lens = 276, 270, 271
[TDSE] Running TDSE-SH-elliptical. step 24000, energy = -0.22196603625619937
  |->  par_lens = 337, 336, 334
[TDSE] Running TDSE-SH-elliptical. step 24200, energy = -0.3842003202867301
  |->  par_lens = 403, 401, 402
[TDSE] Running TDSE-SH-elliptical. step 24400, energy = -0.42647154327641706
  |->  par_lens = 416, 418, 418
[TDSE] Running TDSE-SH-elliptical. step 24600, energy = -0.2727435102824364
  |->  par_lens = 403, 402, 404
[TDSE] Running TDSE-SH-elliptical. step 24800, energy = -0.10029075389938676
  |->  par_lens = 366, 348, 354
[TDSE] Running TDSE-SH-elliptical. step 25000, energy = -0.125726522566413
  |->  par_lens = 359, 361, 362
[TDSE] Running TDSE-SH-elliptical. step 25200, energy = -0.2689270650805509
  |->  par_lens = 426, 427, 431
[TDSE] Running TDSE-SH-elliptical. step 25400, energy = -0.412335248036812
  |->  par_lens = 467, 468, 467
[TDSE] Running TDSE-SH-elliptical. step 25600, energy = -0.35294614569022753
  |->  par_lens = 467, 468, 468
[TDSE] Running TDSE-SH-elliptical. step 25800, energy = -0.1540312312794318
  |->  par_lens = 448, 435, 440
[TDSE] Running TDSE-SH-elliptical. step 26000, energy = -0.05941181545881857
  |->  par_lens = 416, 410, 427
[TDSE] Running TDSE-SH-elliptical. step 26200, energy = -0.1673251447232272
  |->  par_lens = 446, 447, 442
[TDSE] Running TDSE-SH-elliptical. step 26400, energy = -0.33814327739480765
  |->  par_lens = 492, 494, 492
[TDSE] Running TDSE-SH-elliptical. step 26600, energy = -0.39792347419938306
  |->  par_lens = 503, 504, 503
[TDSE] Running TDSE-SH-elliptical. step 26800, energy = -0.2509217297680491
  |->  par_lens = 498, 501, 497
[TDSE] Running TDSE-SH-elliptical. step 27000, energy = -0.07046005017014347
  |->  par_lens = 486, 478, 485
[TDSE] Running TDSE-SH-elliptical. step 27200, energy = -0.09476552129161261
  |->  par_lens = 486, 482, 486
[TDSE] Running TDSE-SH-elliptical. step 27400, energy = -0.22971655511089567
  |->  par_lens = 504, 504, 508
[TDSE] Running TDSE-SH-elliptical. step 27600, energy = -0.3776961637543474
  |->  par_lens = 516, 518, 522
[TDSE] Running TDSE-SH-elliptical. step 27800, energy = -0.33580657521670304
  |->  par_lens = 520, 520, 524
[TDSE] Running TDSE-SH-elliptical. step 28000, energy = -0.15400620407296117
  |->  par_lens = 509, 507, 509
[TDSE] Running TDSE-SH-elliptical. step 28200, energy = -0.06359252208347989
  |->  par_lens = 497, 487, 501
[TDSE] Running TDSE-SH-elliptical. step 28400, energy = -0.15622221063660624
  |->  par_lens = 507, 508, 512
[TDSE] Running TDSE-SH-elliptical. step 28600, energy = -0.31215125481912576
  |->  par_lens = 524, 519, 527
[TDSE] Running TDSE-SH-elliptical. step 28800, energy = -0.3762677231936232
  |->  par_lens = 533, 530, 532
[TDSE] Running TDSE-SH-elliptical. step 29000, energy = -0.25746963473883755
  |->  par_lens = 528, 521, 529
[TDSE] Running TDSE-SH-elliptical. step 29200, energy = -0.10723787965424156
  |->  par_lens = 521, 511, 517
[TDSE] Running TDSE-SH-elliptical. step 29400, energy = -0.11989983503722727
  |->  par_lens = 514, 517, 519
[TDSE] Running TDSE-SH-elliptical. step 29600, energy = -0.2283090568540438
  |->  par_lens = 528, 526, 529
[TDSE] Running TDSE-SH-elliptical. step 29800, energy = -0.36108028490317734
  |->  par_lens = 537, 536, 534
[TDSE] Running TDSE-SH-elliptical. step 30000, energy = -0.33855220421716337
  |->  par_lens = 537, 536, 535
[TDSE] Running TDSE-SH-elliptical. step 30200, energy = -0.19990157018767796
  |->  par_lens = 533, 527, 531
[TDSE] Running TDSE-SH-elliptical. step 30400, energy = -0.128233762722181
  |->  par_lens = 517, 519, 516
[TDSE] Running TDSE-SH-elliptical. step 30600, energy = -0.18914909278916758
  |->  par_lens = 523, 525, 528
[TDSE] Running TDSE-SH-elliptical. step 30800, energy = -0.3129291508580456
  |->  par_lens = 537, 537, 532
[TDSE] Running TDSE-SH-elliptical. step 31000, energy = -0.3723488811913119
  |->  par_lens = 535, 538, 538
[TDSE] Running TDSE-SH-elliptical. step 31200, energy = -0.29552970049570937
  |->  par_lens = 533, 536, 536
[TDSE] Running TDSE-SH-elliptical. step 31400, energy = -0.1923389849332173
  |->  par_lens = 531, 523, 532
[TDSE] Running TDSE-SH-elliptical. step 31600, energy = -0.1867808816685148
  |->  par_lens = 524, 524, 524
[TDSE] Running TDSE-SH-elliptical. step 31800, energy = -0.2705190112035534
  |->  par_lens = 535, 534, 539
[TDSE] Running TDSE-SH-elliptical. step 32000, energy = -0.36800899401741405
  |->  par_lens = 539, 537, 543
[TDSE] Running TDSE-SH-elliptical. step 32200, energy = -0.35977335181073095
  |->  par_lens = 539, 536, 544
[TDSE] Running TDSE-SH-elliptical. step 32400, energy = -0.2708005636419092
  |->  par_lens = 536, 533, 542
[TDSE] Running TDSE-SH-elliptical. step 32600, energy = -0.22407486480738278
  |->  par_lens = 529, 530, 532
[TDSE] Running TDSE-SH-elliptical. step 32800, energy = -0.25951964349718426
  |->  par_lens = 530, 531, 536
[TDSE] Running TDSE-SH-elliptical. step 33000, energy = -0.34038997210702715
  |->  par_lens = 538, 538, 540
[TDSE] Running TDSE-SH-elliptical. step 33200, energy = -0.383179429655637
  |->  par_lens = 539, 537, 544
[TDSE] Running TDSE-SH-elliptical. step 33400, energy = -0.3419476993225794
  |->  par_lens = 540, 538, 541
[TDSE] Running TDSE-SH-elliptical. step 33600, energy = -0.2814269945246569
  |->  par_lens = 529, 535, 538
[TDSE] Running TDSE-SH-elliptical. step 33800, energy = -0.27743516655871425
  |->  par_lens = 527, 530, 537
[TDSE] Running TDSE-SH-elliptical. step 34000, energy = -0.32318563692474145
  |->  par_lens = 532, 533, 536
[TDSE] Running TDSE-SH-elliptical. step 34200, energy = -0.37935264564654564
  |->  par_lens = 536, 537, 536
[TDSE] Running TDSE-SH-elliptical. step 34400, energy = -0.3810810093075693
  |->  par_lens = 536, 537, 540
[TDSE] Running TDSE-SH-elliptical. step 34600, energy = -0.34006180008112347
  |->  par_lens = 533, 536, 534
[TDSE] Running TDSE-SH-elliptical. step 34800, energy = -0.30869319053231464
  |->  par_lens = 521, 528, 517
[TDSE] Running TDSE-SH-elliptical. step 35000, energy = -0.3282542275005714
  |->  par_lens = 523, 524, 518
[TDSE] Running TDSE-SH-elliptical. step 35200, energy = -0.36843534197264605
  |->  par_lens = 520, 520, 521
[TDSE] Running TDSE-SH-elliptical. step 35400, energy = -0.3919159076770788
  |->  par_lens = 519, 519, 522
[TDSE] Running TDSE-SH-elliptical. step 35600, energy = -0.37721536361128827
  |->  par_lens = 511, 517, 517
[TDSE] Running TDSE-SH-elliptical. step 35800, energy = -0.3529785342032965
  |->  par_lens = 493, 504, 503
[TDSE] Running TDSE-SH-elliptical. step 36000, energy = -0.34204252022075843
  |->  par_lens = 483, 485, 487
[TDSE] Running TDSE-SH-elliptical. step 36200, energy = -0.37129912211128585
  |->  par_lens = 474, 475, 483
[TDSE] Running TDSE-SH-elliptical. step 36400, energy = -0.38947684381480263
  |->  par_lens = 463, 470, 474
[TDSE] Running TDSE-SH-elliptical. step 36600, energy = -0.3949166227792654
  |->  par_lens = 452, 463, 458
[TDSE] Running TDSE-SH-elliptical. step 36800, energy = -0.3785660253557772
  |->  par_lens = 438, 445, 446
[TDSE] Running TDSE-SH-elliptical. step 37000, energy = -0.3698768725031829
  |->  par_lens = 412, 420, 419
[TDSE] Running TDSE-SH-elliptical. step 37200, energy = -0.37412465968207503
  |->  par_lens = 386, 401, 405
[TDSE] Running TDSE-SH-elliptical. step 37400, energy = -0.3888407815325496
  |->  par_lens = 382, 378, 384
[TDSE] Running TDSE-SH-elliptical. step 37600, energy = -0.39889513921112885
  |->  par_lens = 363, 373, 373
[TDSE] Running TDSE-SH-elliptical. step 37800, energy = -0.39526738674920714
  |->  par_lens = 353, 362, 358
[TDSE] Running TDSE-SH-elliptical. step 38000, energy = -0.3870291149863003
  |->  par_lens = 326, 344, 343
[TDSE] Running TDSE-SH-elliptical. step 38200, energy = -0.3880229490082899
  |->  par_lens = 300, 309, 305
[TDSE] Running TDSE-SH-elliptical. step 38400, energy = -0.3904998162496899
  |->  par_lens = 291, 291, 294
[TDSE] Running TDSE-SH-elliptical. step 38600, energy = -0.3993682259896793
  |->  par_lens = 285, 287, 288
[TDSE] Running TDSE-SH-elliptical. step 38800, energy = -0.39952060490522445
  |->  par_lens = 280, 274, 281
[TDSE] Running TDSE-SH-elliptical. step 39000, energy = -0.3973254873871217
  |->  par_lens = 267, 262, 270
[TDSE] Running TDSE-SH-elliptical. step 39200, energy = -0.3956189367231936
  |->  par_lens = 255, 245, 254
[TDSE] Running TDSE-SH-elliptical. step 39400, energy = -0.39579150582056205
  |->  par_lens = 251, 242, 246
[TDSE] Running TDSE-SH-elliptical. step 39600, energy = -0.3997998045235655
  |->  par_lens = 246, 241, 246
[TDSE] Running TDSE-SH-elliptical. step 39800, energy = -0.40068850516747917
  |->  par_lens = 242, 237, 242
[TDSE] Running TDSE-SH-elliptical. step 40000, energy = -0.40121341363909174
  |->  par_lens = 240, 233, 234
[TDSE] Running TDSE-SH-elliptical. step 40200, energy = -0.4006439969234319
  |->  par_lens = 238, 231, 231
[TDSE] Running TDSE-SH-elliptical. step 40400, energy = -0.40027539835512466
  |->  par_lens = 230, 226, 227
[TDSE] Running TDSE-SH-elliptical. step 40600, energy = -0.4014993171289739
  |->  par_lens = 225, 221, 220
[TDSE] Running TDSE-SH-elliptical. step 40800, energy = -0.40183633152161935
  |->  par_lens = 214, 213, 213
[TDSE] Running TDSE-SH-elliptical. step 41000, energy = -0.40236145261973083
  |->  par_lens = 210, 213, 209
[TDSE] Running TDSE-SH-elliptical. step 41200, energy = -0.4025986428891663
  |->  par_lens = 207, 210, 207
[TDSE] Running TDSE-SH-elliptical. step 41400, energy = -0.40248903401386465
  |->  par_lens = 205, 209, 206
[TDSE] Running TDSE-SH-elliptical. step 41600, energy = -0.4029745040817267
  |->  par_lens = 206, 206, 203
[TDSE] Running TDSE-SH-elliptical. step 41800, energy = -0.40322332684114637
  |->  par_lens = 206, 206, 203
[TDSE] Running TDSE-SH-elliptical. step 42000, energy = -0.40356272772460056
  |->  par_lens = 204, 203, 201
[TDSE] Running TDSE-SH-elliptical. step 42200, energy = -0.40383554583909537
  |->  par_lens = 201, 200, 197
[TDSE] Running TDSE-SH-elliptical. step 42400, energy = -0.40415521723368764
  |->  par_lens = 200, 198, 195
[TDSE] Running TDSE-SH-elliptical. step 42600, energy = -0.40444483649008545
  |->  par_lens = 200, 197, 194
[TDSE] Running TDSE-SH-elliptical. step 42800, energy = -0.40473881363532915
  |->  par_lens = 197, 195, 194
[TDSE] Running TDSE-SH-elliptical. step 43000, energy = -0.40505551703978465
  |->  par_lens = 193, 194, 193
[TDSE] Running TDSE-SH-elliptical. step 43200, energy = -0.40537361364272734
  |->  par_lens = 190, 192, 193
[TDSE] Running TDSE-SH-elliptical. step 43400, energy = -0.4057035585214622
  |->  par_lens = 189, 190, 192
[TDSE] Running TDSE-SH-elliptical. step 43600, energy = -0.4060237397610094
  |->  par_lens = 187, 188, 191
[TDSE] Running TDSE-SH-elliptical. step 43800, energy = -0.40636254050164766
  |->  par_lens = 185, 186, 185
[TDSE] Running TDSE-SH-elliptical. step 44000, energy = -0.4066889311787215
  |->  par_lens = 184, 185, 185
[TDSE] Running TDSE-SH-elliptical. step 44200, energy = -0.40713853934898697
  |->  par_lens = 183, 184, 183
[TDSE] Running TDSE-SH-elliptical. step 44400, energy = -0.4075589978818715
  |->  par_lens = 181, 182, 182
[TDSE] Running TDSE-SH-elliptical. step 44600, energy = -0.4079513895369577
  |->  par_lens = 180, 181, 180
[TDSE] Running TDSE-SH-elliptical. step 44800, energy = -0.4081045029382264
  |->  par_lens = 178, 179, 178
[TDSE] Running TDSE-SH-elliptical. step 45000, energy = -0.40829168940096444
  |->  par_lens = 178, 177, 175
