  Activating project at `~/JuliaProp_v0.1`
[ITP]: 10000.471108571397
[ITP]: 0.022107823405609905
[ITP]: 0.004976805475414736
[ITP]: 0.0021058954092971205
[ITP]: 0.001084104546129061
[ITP]: 0.0006160870179273692
[ITP]: 0.0003714642087823128
[ITP]: 0.00023286611963801995
[ITP]: 0.0001500123428329614
[ITP]: 9.857967926441003e-5
[ITP]: 6.57601184761436e-5
[ITP]: 4.43786526744816e-5
[ITP]: 3.022437766897479e-5
[ITP]: 2.0735965556739622e-5
[ITP]: 1.4311264988853267e-5
[ITP]: 9.92563006574354e-6
[ITP]: 6.9119921211058255e-6
[ITP]: 4.82976755122877e-6
[ITP]: 3.384510666504248e-6
[ITP]: 2.3775199649023193e-6
[ITP]: 1.6736194445865493e-6
[ITP]: 1.1802274751948616e-6
[ITP]: 8.335748883370186e-7
[ITP]: 5.895273362810372e-7
[ITP]: 4.174150680658073e-7
[ITP]: 2.958509506267859e-7
[ITP]: 2.098764437796774e-7
[ITP]: 1.4900242706339384e-7
[ITP]: 1.0585745457980522e-7
[ITP]: 7.525113565609587e-8
[ITP]: 5.352267851144177e-8
[ITP]: 3.808635307134267e-8
[ITP]: 2.7113442158110956e-8
[ITP]: 1.9309163601377577e-8
[ITP]: 1.3755872219078924e-8
[ITP]: 9.802639699962867e-9
Energy of ground state: -0.5030607411950042
[TDSE] Start TDSE-SH for elliptical polarized laser. It may cost a plenty of time.
[TDSE] Running TDSE-SH-elliptical. step 0, energy = -0.5030607411950033
  |->  par_lens = 1, 1, 1
[TDSE] Running TDSE-SH-elliptical. step 200, energy = -0.503060741194861
  |->  par_lens = 1, 1, 1
[TDSE] Running TDSE-SH-elliptical. step 400, energy = -0.5030607411947203
  |->  par_lens = 1, 1, 1
[TDSE] Running TDSE-SH-elliptical. step 600, energy = -0.5030607411945801
  |->  par_lens = 1, 1, 1
[TDSE] Running TDSE-SH-elliptical. step 800, energy = -0.503060741194438
  |->  par_lens = 1, 1, 1
[TDSE] Running TDSE-SH-elliptical. step 1000, energy = -0.5030607411942992
  |->  par_lens = 1, 1, 1
[TDSE] Running TDSE-SH-elliptical. step 1200, energy = -0.5030607411941578
  |->  par_lens = 1, 1, 1
[TDSE] Running TDSE-SH-elliptical. step 1400, energy = -0.5030607411940172
  |->  par_lens = 1, 1, 1
[TDSE] Running TDSE-SH-elliptical. step 1600, energy = -0.5030607411938729
  |->  par_lens = 1, 1, 2
[TDSE] Running TDSE-SH-elliptical. step 1800, energy = -0.5030607411937315
  |->  par_lens = 1, 1, 2
[TDSE] Running TDSE-SH-elliptical. step 2000, energy = -0.503060741193572
  |->  par_lens = 1, 1, 2
[TDSE] Running TDSE-SH-elliptical. step 2200, energy = -0.503060741193396
  |->  par_lens = 1, 1, 2
[TDSE] Running TDSE-SH-elliptical. step 2400, energy = -0.5030607411932139
  |->  par_lens = 1, 1, 2
[TDSE] Running TDSE-SH-elliptical. step 2600, energy = -0.503060741193008
  |->  par_lens = 1, 1, 2
[TDSE] Running TDSE-SH-elliptical. step 2800, energy = -0.5030607411927731
  |->  par_lens = 1, 1, 2
[TDSE] Running TDSE-SH-elliptical. step 3000, energy = -0.5030607411924425
  |->  par_lens = 1, 1, 2
[TDSE] Running TDSE-SH-elliptical. step 3200, energy = -0.5030607411919913
  |->  par_lens = 1, 1, 2
[TDSE] Running TDSE-SH-elliptical. step 3400, energy = -0.5030607411913193
  |->  par_lens = 1, 1, 2
[TDSE] Running TDSE-SH-elliptical. step 3600, energy = -0.5030607411903898
  |->  par_lens = 1, 1, 2
[TDSE] Running TDSE-SH-elliptical. step 3800, energy = -0.5030607411889421
  |->  par_lens = 1, 1, 2
[TDSE] Running TDSE-SH-elliptical. step 4000, energy = -0.5030607411869423
  |->  par_lens = 1, 1, 2
[TDSE] Running TDSE-SH-elliptical. step 4200, energy = -0.5030607411839397
  |->  par_lens = 1, 1, 2
[TDSE] Running TDSE-SH-elliptical. step 4400, energy = -0.5030607411798522
  |->  par_lens = 1, 1, 2
[TDSE] Running TDSE-SH-elliptical. step 4600, energy = -0.5030607411739553
  |->  par_lens = 1, 1, 2
[TDSE] Running TDSE-SH-elliptical. step 4800, energy = -0.5030607411660223
  |->  par_lens = 1, 1, 2
[TDSE] Running TDSE-SH-elliptical. step 5000, energy = -0.5030607411550092
  |->  par_lens = 1, 1, 2
[TDSE] Running TDSE-SH-elliptical. step 5200, energy = -0.5030607411404391
  |->  par_lens = 1, 1, 2
[TDSE] Running TDSE-SH-elliptical. step 5400, energy = -0.5030607411208512
  |->  par_lens = 1, 1, 2
[TDSE] Running TDSE-SH-elliptical. step 5600, energy = -0.5030607410953252
  |->  par_lens = 1, 1, 2
[TDSE] Running TDSE-SH-elliptical. step 5800, energy = -0.5030607410620709
  |->  par_lens = 1, 1, 2
[TDSE] Running TDSE-SH-elliptical. step 6000, energy = -0.5030607410193049
  |->  par_lens = 1, 1, 2
[TDSE] Running TDSE-SH-elliptical. step 6200, energy = -0.5030607409650903
  |->  par_lens = 1, 1, 2
[TDSE] Running TDSE-SH-elliptical. step 6400, energy = -0.5030607408963969
  |->  par_lens = 1, 1, 2
[TDSE] Running TDSE-SH-elliptical. step 6600, energy = -0.5030607408111659
  |->  par_lens = 1, 1, 2
[TDSE] Running TDSE-SH-elliptical. step 6800, energy = -0.5030607407048985
  |->  par_lens = 1, 1, 2
[TDSE] Running TDSE-SH-elliptical. step 7000, energy = -0.5030607405755788
  |->  par_lens = 1, 1, 2
[TDSE] Running TDSE-SH-elliptical. step 7200, energy = -0.5030607404163523
  |->  par_lens = 1, 1, 2
[TDSE] Running TDSE-SH-elliptical. step 7400, energy = -0.5030607402262393
  |->  par_lens = 1, 1, 2
[TDSE] Running TDSE-SH-elliptical. step 7600, energy = -0.5030607399956816
  |->  par_lens = 1, 1, 2
[TDSE] Running TDSE-SH-elliptical. step 7800, energy = -0.5030607397233356
  |->  par_lens = 1, 1, 2
[TDSE] Running TDSE-SH-elliptical. step 8000, energy = -0.5030607393988678
  |->  par_lens = 1, 1, 2
[TDSE] Running TDSE-SH-elliptical. step 8200, energy = -0.5030607390204398
  |->  par_lens = 1, 1, 2
[TDSE] Running TDSE-SH-elliptical. step 8400, energy = -0.503060738575054
  |->  par_lens = 1, 1, 2
[TDSE] Running TDSE-SH-elliptical. step 8600, energy = -0.5030607380614164
  |->  par_lens = 1, 1, 2
[TDSE] Running TDSE-SH-elliptical. step 8800, energy = -0.5030607374668897
  |->  par_lens = 1, 1, 2
[TDSE] Running TDSE-SH-elliptical. step 9000, energy = -0.5030607367858939
  |->  par_lens = 1, 1, 2
[TDSE] Running TDSE-SH-elliptical. step 9200, energy = -0.5030607360096515
  |->  par_lens = 1, 1, 2
[TDSE] Running TDSE-SH-elliptical. step 9400, energy = -0.5030607351283624
  |->  par_lens = 1, 1, 2
[TDSE] Running TDSE-SH-elliptical. step 9600, energy = -0.5030607341360558
  |->  par_lens = 1, 1, 2
[TDSE] Running TDSE-SH-elliptical. step 9800, energy = -0.5030607330210978
  |->  par_lens = 1, 1, 2
[TDSE] Running TDSE-SH-elliptical. step 10000, energy = -0.5030607317801048
  |->  par_lens = 1, 1, 2
[TDSE] Running TDSE-SH-elliptical. step 10200, energy = -0.5030607253111585
  |->  par_lens = 1, 1, 2
[TDSE] Running TDSE-SH-elliptical. step 10400, energy = -0.5030606176286498
  |->  par_lens = 2, 2, 2
[TDSE] Running TDSE-SH-elliptical. step 10600, energy = -0.5030603878957194
  |->  par_lens = 2, 2, 2
[TDSE] Running TDSE-SH-elliptical. step 10800, energy = -0.5030600082939853
  |->  par_lens = 2, 2, 2
[TDSE] Running TDSE-SH-elliptical. step 11000, energy = -0.5030531695743535
  |->  par_lens = 3, 2, 2
[TDSE] Running TDSE-SH-elliptical. step 11200, energy = -0.5030180508236043
  |->  par_lens = 4, 3, 3
[TDSE] Running TDSE-SH-elliptical. step 11400, energy = -0.5029378810060935
  |->  par_lens = 4, 3, 3
[TDSE] Running TDSE-SH-elliptical. step 11600, energy = -0.5028543892646509
  |->  par_lens = 5, 4, 5
[TDSE] Running TDSE-SH-elliptical. step 11800, energy = -0.5028666481768617
  |->  par_lens = 4, 5, 4
[TDSE] Running TDSE-SH-elliptical. step 12000, energy = -0.5029659846879297
  |->  par_lens = 4, 4, 3
[TDSE] Running TDSE-SH-elliptical. step 12200, energy = -0.502900583940864
  |->  par_lens = 4, 4, 4
[TDSE] Running TDSE-SH-elliptical. step 12400, energy = -0.5023742963820641
  |->  par_lens = 5, 5, 6
[TDSE] Running TDSE-SH-elliptical. step 12600, energy = -0.501565606410851
  |->  par_lens = 7, 7, 7
[TDSE] Running TDSE-SH-elliptical. step 12800, energy = -0.5012276786365173
  |->  par_lens = 7, 7, 7
[TDSE] Running TDSE-SH-elliptical. step 13000, energy = -0.50185975263181
  |->  par_lens = 6, 6, 7
[TDSE] Running TDSE-SH-elliptical. step 13200, energy = -0.5026343416573421
  |->  par_lens = 6, 5, 6
[TDSE] Running TDSE-SH-elliptical. step 13400, energy = -0.5018498081227846
  |->  par_lens = 6, 6, 7
[TDSE] Running TDSE-SH-elliptical. step 13600, energy = -0.49904978619704143
  |->  par_lens = 9, 9, 8
[TDSE] Running TDSE-SH-elliptical. step 13800, energy = -0.49644718151099404
  |->  par_lens = 10, 10, 10
[TDSE] Running TDSE-SH-elliptical. step 14000, energy = -0.4969914546942072
  |->  par_lens = 11, 10, 10
[TDSE] Running TDSE-SH-elliptical. step 14200, energy = -0.5002567636308622
  |->  par_lens = 11, 11, 12
[TDSE] Running TDSE-SH-elliptical. step 14400, energy = -0.5015298369236342
  |->  par_lens = 12, 11, 12
[TDSE] Running TDSE-SH-elliptical. step 14600, energy = -0.4966876753548729
  |->  par_lens = 11, 12, 12
[TDSE] Running TDSE-SH-elliptical. step 14800, energy = -0.4884576361712798
  |->  par_lens = 14, 13, 14
[TDSE] Running TDSE-SH-elliptical. step 15000, energy = -0.4850648319500313
  |->  par_lens = 16, 17, 16
[TDSE] Running TDSE-SH-elliptical. step 15200, energy = -0.49097113527335356
  |->  par_lens = 18, 18, 18
[TDSE] Running TDSE-SH-elliptical. step 15400, energy = -0.4990773358514622
  |->  par_lens = 20, 20, 21
[TDSE] Running TDSE-SH-elliptical. step 15600, energy = -0.49688780221444045
  |->  par_lens = 21, 20, 21
[TDSE] Running TDSE-SH-elliptical. step 15800, energy = -0.4816666529986764
  |->  par_lens = 19, 19, 19
[TDSE] Running TDSE-SH-elliptical. step 16000, energy = -0.46724816092516763
  |->  par_lens = 25, 23, 23
[TDSE] Running TDSE-SH-elliptical. step 16200, energy = -0.4697589269481723
  |->  par_lens = 28, 28, 28
[TDSE] Running TDSE-SH-elliptical. step 16400, energy = -0.4871838360088781
  |->  par_lens = 32, 32, 32
[TDSE] Running TDSE-SH-elliptical. step 16600, energy = -0.4968518792319275
  |->  par_lens = 34, 35, 33
[TDSE] Running TDSE-SH-elliptical. step 16800, energy = -0.4804633432586163
  |->  par_lens = 35, 34, 34
[TDSE] Running TDSE-SH-elliptical. step 17000, energy = -0.4493013610379966
  |->  par_lens = 32, 29, 32
[TDSE] Running TDSE-SH-elliptical. step 17200, energy = -0.436127134788018
  |->  par_lens = 40, 40, 40
[TDSE] Running TDSE-SH-elliptical. step 17400, energy = -0.4567623532704238
  |->  par_lens = 49, 50, 49
[TDSE] Running TDSE-SH-elliptical. step 17600, energy = -0.48759749642695704
  |->  par_lens = 58, 56, 56
[TDSE] Running TDSE-SH-elliptical. step 17800, energy = -0.48615590473707837
  |->  par_lens = 59, 57, 58
[TDSE] Running TDSE-SH-elliptical. step 18000, energy = -0.44326289493702614
  |->  par_lens = 52, 51, 55
[TDSE] Running TDSE-SH-elliptical. step 18200, energy = -0.4013446192362216
  |->  par_lens = 50, 54, 49
[TDSE] Running TDSE-SH-elliptical. step 18400, energy = -0.4069887752796962
  |->  par_lens = 68, 69, 70
[TDSE] Running TDSE-SH-elliptical. step 18600, energy = -0.4553950908640865
  |->  par_lens = 84, 85, 86
[TDSE] Running TDSE-SH-elliptical. step 18800, energy = -0.48697172876846023
  |->  par_lens = 92, 91, 92
[TDSE] Running TDSE-SH-elliptical. step 19000, energy = -0.4521864995213828
  |->  par_lens = 93, 91, 94
[TDSE] Running TDSE-SH-elliptical. step 19200, energy = -0.3789043459825441
  |->  par_lens = 77, 80, 77
[TDSE] Running TDSE-SH-elliptical. step 19400, energy = -0.3475074716821398
  |->  par_lens = 79, 87, 85
[TDSE] Running TDSE-SH-elliptical. step 19600, energy = -0.3914839042049354
  |->  par_lens = 117, 113, 115
[TDSE] Running TDSE-SH-elliptical. step 19800, energy = -0.46468821671162086
  |->  par_lens = 138, 135, 136
[TDSE] Running TDSE-SH-elliptical. step 20000, energy = -0.4702558986753114
  |->  par_lens = 143, 141, 142
[TDSE] Running TDSE-SH-elliptical. step 20200, energy = -0.38611825512154496
  |->  par_lens = 141, 137, 136
[TDSE] Running TDSE-SH-elliptical. step 20400, energy = -0.3017007875720762
  |->  par_lens = 111, 108, 104
[TDSE] Running TDSE-SH-elliptical. step 20600, energy = -0.3121283886569725
  |->  par_lens = 138, 140, 137
[TDSE] Running TDSE-SH-elliptical. step 20800, energy = -0.4020819237535575
  |->  par_lens = 179, 179, 182
[TDSE] Running TDSE-SH-elliptical. step 21000, energy = -0.47122175107022096
  |->  par_lens = 198, 199, 198
[TDSE] Running TDSE-SH-elliptical. step 21200, energy = -0.4167667218998183
  |->  par_lens = 202, 204, 200
[TDSE] Running TDSE-SH-elliptical. step 21400, energy = -0.28811450445093834
  |->  par_lens = 177, 181, 178
[TDSE] Running TDSE-SH-elliptical. step 21600, energy = -0.23377458610884405
  |->  par_lens = 154, 162, 164
[TDSE] Running TDSE-SH-elliptical. step 21800, energy = -0.30435706142824126
  |->  par_lens = 211, 213, 220
[TDSE] Running TDSE-SH-elliptical. step 22000, energy = -0.42943869661501516
  |->  par_lens = 264, 264, 262
[TDSE] Running TDSE-SH-elliptical. step 22200, energy = -0.4513029738214496
  |->  par_lens = 274, 275, 277
[TDSE] Running TDSE-SH-elliptical. step 22400, energy = -0.3233507267275909
  |->  par_lens = 269, 266, 269
[TDSE] Running TDSE-SH-elliptical. step 22600, energy = -0.19011532925433924
  |->  par_lens = 217, 225, 228
[TDSE] Running TDSE-SH-elliptical. step 22800, energy = -0.20939121425039509
  |->  par_lens = 248, 241, 242
[TDSE] Running TDSE-SH-elliptical. step 23000, energy = -0.3344838906087176
  |->  par_lens = 312, 311, 312
[TDSE] Running TDSE-SH-elliptical. step 23200, energy = -0.44706339205618373
  |->  par_lens = 348, 346, 350
[TDSE] Running TDSE-SH-elliptical. step 23400, energy = -0.3822957944887486
  |->  par_lens = 349, 349, 349
[TDSE] Running TDSE-SH-elliptical. step 23600, energy = -0.20201053255376886
  |->  par_lens = 310, 319, 318
[TDSE] Running TDSE-SH-elliptical. step 23800, energy = -0.12445888169821602
  |->  par_lens = 267, 265, 288
[TDSE] Running TDSE-SH-elliptical. step 24000, energy = -0.220829388629037
  |->  par_lens = 340, 345, 342
[TDSE] Running TDSE-SH-elliptical. step 24200, energy = -0.3836237527313341
  |->  par_lens = 407, 408, 408
[TDSE] Running TDSE-SH-elliptical. step 24400, energy = -0.4266807875151695
  |->  par_lens = 419, 421, 423
[TDSE] Running TDSE-SH-elliptical. step 24600, energy = -0.27374664367810386
  |->  par_lens = 407, 406, 409
[TDSE] Running TDSE-SH-elliptical. step 24800, energy = -0.10179610583512
  |->  par_lens = 358, 356, 348
[TDSE] Running TDSE-SH-elliptical. step 25000, energy = -0.12719925314465727
  |->  par_lens = 372, 359, 359
[TDSE] Running TDSE-SH-elliptical. step 25200, energy = -0.27001643360187005
  |->  par_lens = 428, 433, 435
[TDSE] Running TDSE-SH-elliptical. step 25400, energy = -0.41259588815122383
  |->  par_lens = 473, 471, 472
[TDSE] Running TDSE-SH-elliptical. step 25600, energy = -0.3522651536081547
  |->  par_lens = 474, 472, 472
[TDSE] Running TDSE-SH-elliptical. step 25800, energy = -0.15256891592768648
  |->  par_lens = 445, 441, 438
[TDSE] Running TDSE-SH-elliptical. step 26000, energy = -0.057667478790120116
  |->  par_lens = 430, 427, 433
[TDSE] Running TDSE-SH-elliptical. step 26200, energy = -0.1658311676219199
  |->  par_lens = 454, 464, 450
[TDSE] Running TDSE-SH-elliptical. step 26400, energy = -0.3373410098562779
  |->  par_lens = 502, 504, 497
[TDSE] Running TDSE-SH-elliptical. step 26600, energy = -0.39811168323737944
  |->  par_lens = 510, 511, 510
[TDSE] Running TDSE-SH-elliptical. step 26800, energy = -0.252113916782741
  |->  par_lens = 506, 505, 500
[TDSE] Running TDSE-SH-elliptical. step 27000, energy = -0.07228215019556726
  |->  par_lens = 493, 485, 488
[TDSE] Running TDSE-SH-elliptical. step 27200, energy = -0.09656174346699317
  |->  par_lens = 493, 500, 487
[TDSE] Running TDSE-SH-elliptical. step 27400, energy = -0.23106832688887974
  |->  par_lens = 513, 512, 514
[TDSE] Running TDSE-SH-elliptical. step 27600, energy = -0.37806973134798066
  |->  par_lens = 522, 524, 524
[TDSE] Running TDSE-SH-elliptical. step 27800, energy = -0.33507315176306546
  |->  par_lens = 525, 526, 526
[TDSE] Running TDSE-SH-elliptical. step 28000, energy = -0.15235556631562253
  |->  par_lens = 515, 517, 521
[TDSE] Running TDSE-SH-elliptical. step 28200, energy = -0.061597845030550165
  |->  par_lens = 506, 513, 507
[TDSE] Running TDSE-SH-elliptical. step 28400, energy = -0.1545084364203596
  |->  par_lens = 517, 520, 517
[TDSE] Running TDSE-SH-elliptical. step 28600, energy = -0.31119181390128214
  |->  par_lens = 533, 530, 532
[TDSE] Running TDSE-SH-elliptical. step 28800, energy = -0.3764144691130339
  |->  par_lens = 537, 538, 535
[TDSE] Running TDSE-SH-elliptical. step 29000, energy = -0.2587446938408607
  |->  par_lens = 535, 535, 532
[TDSE] Running TDSE-SH-elliptical. step 29200, energy = -0.1091724044760078
  |->  par_lens = 527, 518, 525
[TDSE] Running TDSE-SH-elliptical. step 29400, energy = -0.12187115825979085
  |->  par_lens = 519, 519, 518
[TDSE] Running TDSE-SH-elliptical. step 29600, energy = -0.22978902269861987
  |->  par_lens = 526, 531, 534
[TDSE] Running TDSE-SH-elliptical. step 29800, energy = -0.36152504668802005
  |->  par_lens = 539, 539, 539
[TDSE] Running TDSE-SH-elliptical. step 30000, energy = -0.3378331372050944
  |->  par_lens = 537, 539, 540
[TDSE] Running TDSE-SH-elliptical. step 30200, energy = -0.19820122273427856
  |->  par_lens = 540, 541, 536
[TDSE] Running TDSE-SH-elliptical. step 30400, energy = -0.12621104647978898
  |->  par_lens = 525, 525, 523
[TDSE] Running TDSE-SH-elliptical. step 30600, energy = -0.1873143475291884
  |->  par_lens = 532, 535, 539
[TDSE] Running TDSE-SH-elliptical. step 30800, energy = -0.3119257459451003
  |->  par_lens = 543, 540, 544
[TDSE] Running TDSE-SH-elliptical. step 31000, energy = -0.37245295412968304
  |->  par_lens = 545, 543, 545
[TDSE] Running TDSE-SH-elliptical. step 31200, energy = -0.2967139554323804
  |->  par_lens = 543, 542, 543
[TDSE] Running TDSE-SH-elliptical. step 31400, energy = -0.1942789543793336
  |->  par_lens = 532, 533, 539
[TDSE] Running TDSE-SH-elliptical. step 31600, energy = -0.188679131697213
  |->  par_lens = 536, 532, 534
[TDSE] Running TDSE-SH-elliptical. step 31800, energy = -0.27199626641167274
  |->  par_lens = 539, 536, 537
[TDSE] Running TDSE-SH-elliptical. step 32000, energy = -0.36845418578433975
  |->  par_lens = 538, 542, 542
[TDSE] Running TDSE-SH-elliptical. step 32200, energy = -0.3591498981643205
  |->  par_lens = 538, 545, 539
[TDSE] Running TDSE-SH-elliptical. step 32400, energy = -0.26922226582980274
  |->  par_lens = 538, 544, 538
[TDSE] Running TDSE-SH-elliptical. step 32600, energy = -0.2222401873800391
  |->  par_lens = 533, 542, 537
[TDSE] Running TDSE-SH-elliptical. step 32800, energy = -0.25776925353304625
  |->  par_lens = 536, 540, 543
[TDSE] Running TDSE-SH-elliptical. step 33000, energy = -0.3393998004070722
  |->  par_lens = 544, 546, 543
[TDSE] Running TDSE-SH-elliptical. step 33200, energy = -0.38317697581537724
  |->  par_lens = 545, 547, 543
[TDSE] Running TDSE-SH-elliptical. step 33400, energy = -0.3429813082405567
  |->  par_lens = 544, 544, 543
[TDSE] Running TDSE-SH-elliptical. step 33600, energy = -0.28308415671786097
  |->  par_lens = 538, 542, 541
[TDSE] Running TDSE-SH-elliptical. step 33800, energy = -0.2791125757193515
  |->  par_lens = 537, 533, 537
[TDSE] Running TDSE-SH-elliptical. step 34000, energy = -0.3244613362234609
  |->  par_lens = 544, 533, 536
[TDSE] Running TDSE-SH-elliptical. step 34200, energy = -0.3798048962578173
  |->  par_lens = 546, 539, 538
[TDSE] Running TDSE-SH-elliptical. step 34400, energy = -0.38061163904687745
  |->  par_lens = 540, 536, 537
[TDSE] Running TDSE-SH-elliptical. step 34600, energy = -0.3388092546880905
  |->  par_lens = 535, 534, 527
[TDSE] Running TDSE-SH-elliptical. step 34800, energy = -0.30713680371980606
  |->  par_lens = 526, 521, 522
[TDSE] Running TDSE-SH-elliptical. step 35000, energy = -0.32681337453122034
  |->  par_lens = 528, 527, 524
[TDSE] Running TDSE-SH-elliptical. step 35200, energy = -0.3676274993312327
  |->  par_lens = 523, 529, 519
[TDSE] Running TDSE-SH-elliptical. step 35400, energy = -0.3918818414989094
  |->  par_lens = 521, 524, 520
[TDSE] Running TDSE-SH-elliptical. step 35600, energy = -0.37792425130032986
  |->  par_lens = 519, 529, 514
[TDSE] Running TDSE-SH-elliptical. step 35800, energy = -0.3541598791096833
  |->  par_lens = 509, 499, 496
[TDSE] Running TDSE-SH-elliptical. step 36000, energy = -0.3433683860856602
  |->  par_lens = 480, 473, 486
[TDSE] Running TDSE-SH-elliptical. step 36200, energy = -0.3721940252529316
  |->  par_lens = 476, 465, 468
[TDSE] Running TDSE-SH-elliptical. step 36400, energy = -0.38991113071858624
  |->  par_lens = 456, 458, 467
[TDSE] Running TDSE-SH-elliptical. step 36600, energy = -0.3946442086333969
  |->  par_lens = 446, 436, 452
[TDSE] Running TDSE-SH-elliptical. step 36800, energy = -0.37771351857926483
  |->  par_lens = 425, 417, 424
[TDSE] Running TDSE-SH-elliptical. step 37000, energy = -0.36892870271110073
  |->  par_lens = 395, 395, 404
[TDSE] Running TDSE-SH-elliptical. step 37200, energy = -0.37309492087587104
  |->  par_lens = 381, 382, 384
[TDSE] Running TDSE-SH-elliptical. step 37400, energy = -0.3882882578839586
  |->  par_lens = 387, 382, 383
[TDSE] Running TDSE-SH-elliptical. step 37600, energy = -0.3988257769731808
  |->  par_lens = 379, 373, 372
[TDSE] Running TDSE-SH-elliptical. step 37800, energy = -0.3956146644700011
  |->  par_lens = 367, 362, 365
[TDSE] Running TDSE-SH-elliptical. step 38000, energy = -0.38773837761160257
  |->  par_lens = 354, 338, 349
[TDSE] Running TDSE-SH-elliptical. step 38200, energy = -0.3887506102272893
  |->  par_lens = 326, 321, 322
[TDSE] Running TDSE-SH-elliptical. step 38400, energy = -0.3910957184782906
  |->  par_lens = 294, 288, 299
[TDSE] Running TDSE-SH-elliptical. step 38600, energy = -0.399580565200583
  |->  par_lens = 278, 273, 278
[TDSE] Running TDSE-SH-elliptical. step 38800, energy = -0.3994196641516247
  |->  par_lens = 266, 264, 264
[TDSE] Running TDSE-SH-elliptical. step 39000, energy = -0.39694564252492165
  |->  par_lens = 263, 257, 256
[TDSE] Running TDSE-SH-elliptical. step 39200, energy = -0.39510409969651805
  |->  par_lens = 262, 253, 260
[TDSE] Running TDSE-SH-elliptical. step 39400, energy = -0.3953243448492051
  |->  par_lens = 263, 258, 263
[TDSE] Running TDSE-SH-elliptical. step 39600, energy = -0.39953017122821277
  |->  par_lens = 267, 263, 266
[TDSE] Running TDSE-SH-elliptical. step 39800, energy = -0.40056077979259014
  |->  par_lens = 267, 261, 264
[TDSE] Running TDSE-SH-elliptical. step 40000, energy = -0.4013427055711586
  |->  par_lens = 262, 259, 262
[TDSE] Running TDSE-SH-elliptical. step 40200, energy = -0.4008488921258541
  |->  par_lens = 260, 258, 258
[TDSE] Running TDSE-SH-elliptical. step 40400, energy = -0.40054624475826833
  |->  par_lens = 256, 257, 256
[TDSE] Running TDSE-SH-elliptical. step 40600, energy = -0.40166933501222424
  |->  par_lens = 250, 250, 248
[TDSE] Running TDSE-SH-elliptical. step 40800, energy = -0.4019613202852818
  |->  par_lens = 248, 246, 244
[TDSE] Running TDSE-SH-elliptical. step 41000, energy = -0.40230954146535897
  |->  par_lens = 241, 241, 240
[TDSE] Running TDSE-SH-elliptical. step 41200, energy = -0.4025476916161921
  |->  par_lens = 235, 238, 234
[TDSE] Running TDSE-SH-elliptical. step 41400, energy = -0.4023424672679635
  |->  par_lens = 235, 235, 232
[TDSE] Running TDSE-SH-elliptical. step 41600, energy = -0.4029081186569128
  |->  par_lens = 235, 233, 232
[TDSE] Running TDSE-SH-elliptical. step 41800, energy = -0.40313330202539105
  |->  par_lens = 234, 233, 232
[TDSE] Running TDSE-SH-elliptical. step 42000, energy = -0.4035234618120099
  |->  par_lens = 234, 233, 231
[TDSE] Running TDSE-SH-elliptical. step 42200, energy = -0.4037674025873236
  |->  par_lens = 233, 232, 230
[TDSE] Running TDSE-SH-elliptical. step 42400, energy = -0.40417744588204557
  |->  par_lens = 233, 231, 229
[TDSE] Running TDSE-SH-elliptical. step 42600, energy = -0.4044359066012008
  |->  par_lens = 233, 228, 229
[TDSE] Running TDSE-SH-elliptical. step 42800, energy = -0.4047007307517232
  |->  par_lens = 232, 226, 229
[TDSE] Running TDSE-SH-elliptical. step 43000, energy = -0.40503867441622715
  |->  par_lens = 231, 224, 228
[TDSE] Running TDSE-SH-elliptical. step 43200, energy = -0.40535726689880713
  |->  par_lens = 230, 223, 227
[TDSE] Running TDSE-SH-elliptical. step 43400, energy = -0.4056874114931661
  |->  par_lens = 229, 223, 227
[TDSE] Running TDSE-SH-elliptical. step 43600, energy = -0.4059925612175928
  |->  par_lens = 226, 220, 226
[TDSE] Running TDSE-SH-elliptical. step 43800, energy = -0.4063596555416459
  |->  par_lens = 225, 220, 225
[TDSE] Running TDSE-SH-elliptical. step 44000, energy = -0.4066381694613149
  |->  par_lens = 224, 220, 225
[TDSE] Running TDSE-SH-elliptical. step 44200, energy = -0.40714911005800763
  |->  par_lens = 224, 220, 224
[TDSE] Running TDSE-SH-elliptical. step 44400, energy = -0.40748930037842235
  |->  par_lens = 222, 220, 220
[TDSE] Running TDSE-SH-elliptical. step 44600, energy = -0.40795966167016057
  |->  par_lens = 222, 219, 219
[TDSE] Running TDSE-SH-elliptical. step 44800, energy = -0.4080467839873223
  |->  par_lens = 221, 219, 219
[TDSE] Running TDSE-SH-elliptical. step 45000, energy = -0.40829760793339526
  |->  par_lens = 220, 219, 219
