  Activating project at `~/JuliaProp_v0.1`
[ITP]: 10000.471108571397
[ITP]: 0.022107823405609905
[ITP]: 0.004976805475414736
[ITP]: 0.0021058954092971205
[ITP]: 0.001084104546129061
[ITP]: 0.0006160870179273692
[ITP]: 0.0003714642087823128
[ITP]: 0.00023286611963801995
[ITP]: 0.0001500123428329614
[ITP]: 9.857967926441003e-5
[ITP]: 6.57601184761436e-5
[ITP]: 4.43786526744816e-5
[ITP]: 3.022437766897479e-5
[ITP]: 2.0735965556739622e-5
[ITP]: 1.4311264988853267e-5
[ITP]: 9.92563006574354e-6
[ITP]: 6.9119921211058255e-6
[ITP]: 4.82976755122877e-6
[ITP]: 3.384510666504248e-6
[ITP]: 2.3775199649023193e-6
[ITP]: 1.6736194445865493e-6
[ITP]: 1.1802274751948616e-6
[ITP]: 8.335748883370186e-7
[ITP]: 5.895273362810372e-7
[ITP]: 4.174150680658073e-7
[ITP]: 2.958509506267859e-7
[ITP]: 2.098764437796774e-7
[ITP]: 1.4900242706339384e-7
[ITP]: 1.0585745457980522e-7
[ITP]: 7.525113565609587e-8
[ITP]: 5.352267851144177e-8
[ITP]: 3.808635307134267e-8
[ITP]: 2.7113442158110956e-8
[ITP]: 1.9309163601377577e-8
[ITP]: 1.3755872219078924e-8
[ITP]: 9.802639699962867e-9
Energy of ground state: -0.5030607411950042
[TDSE] Start TDSE-SH for elliptical polarized laser. It may cost a plenty of time.
[TDSE] Running TDSE-SH-elliptical. step 0, energy = -0.5030607411950033
  |->  par_lens = 1, 1, 1
[TDSE] Running TDSE-SH-elliptical. step 200, energy = -0.5030607411948621
  |->  par_lens = 1, 1, 1
[TDSE] Running TDSE-SH-elliptical. step 400, energy = -0.5030607411947172
  |->  par_lens = 1, 1, 2
[TDSE] Running TDSE-SH-elliptical. step 600, energy = -0.5030607411944764
  |->  par_lens = 1, 1, 2
[TDSE] Running TDSE-SH-elliptical. step 800, energy = -0.5030607411939122
  |->  par_lens = 1, 1, 2
[TDSE] Running TDSE-SH-elliptical. step 1000, energy = -0.5030607411922318
  |->  par_lens = 1, 1, 2
[TDSE] Running TDSE-SH-elliptical. step 1200, energy = -0.5030607411880177
  |->  par_lens = 1, 1, 2
[TDSE] Running TDSE-SH-elliptical. step 1400, energy = -0.5030607411784208
  |->  par_lens = 1, 1, 2
[TDSE] Running TDSE-SH-elliptical. step 1600, energy = -0.5030607411593959
  |->  par_lens = 1, 1, 2
[TDSE] Running TDSE-SH-elliptical. step 1800, energy = -0.503060741124043
  |->  par_lens = 1, 1, 2
[TDSE] Running TDSE-SH-elliptical. step 2000, energy = -0.5030607410636224
  |->  par_lens = 1, 1, 2
[TDSE] Running TDSE-SH-elliptical. step 2200, energy = -0.5030607409647122
  |->  par_lens = 1, 1, 2
[TDSE] Running TDSE-SH-elliptical. step 2400, energy = -0.503060740811582
  |->  par_lens = 1, 1, 2
[TDSE] Running TDSE-SH-elliptical. step 2600, energy = -0.5030607405815894
  |->  par_lens = 1, 1, 2
[TDSE] Running TDSE-SH-elliptical. step 2800, energy = -0.5030607402498793
  |->  par_lens = 1, 1, 2
[TDSE] Running TDSE-SH-elliptical. step 3000, energy = -0.5030607397809052
  |->  par_lens = 1, 1, 2
[TDSE] Running TDSE-SH-elliptical. step 3200, energy = -0.5030607391405402
  |->  par_lens = 1, 1, 2
[TDSE] Running TDSE-SH-elliptical. step 3400, energy = -0.5030607382755158
  |->  par_lens = 1, 1, 2
[TDSE] Running TDSE-SH-elliptical. step 3600, energy = -0.5030607371416844
  |->  par_lens = 1, 1, 2
[TDSE] Running TDSE-SH-elliptical. step 3800, energy = -0.5030607356669744
  |->  par_lens = 1, 1, 2
[TDSE] Running TDSE-SH-elliptical. step 4000, energy = -0.5030607337967744
  |->  par_lens = 1, 1, 2
[TDSE] Running TDSE-SH-elliptical. step 4200, energy = -0.5030607314323374
  |->  par_lens = 1, 1, 2
[TDSE] Running TDSE-SH-elliptical. step 4400, energy = -0.5030607285189619
  |->  par_lens = 1, 1, 2
[TDSE] Running TDSE-SH-elliptical. step 4600, energy = -0.5030607249285666
  |->  par_lens = 1, 1, 2
[TDSE] Running TDSE-SH-elliptical. step 4800, energy = -0.5030607205916634
  |->  par_lens = 1, 1, 2
[TDSE] Running TDSE-SH-elliptical. step 5000, energy = -0.5030607153761038
  |->  par_lens = 1, 1, 2
[TDSE] Running TDSE-SH-elliptical. step 5200, energy = -0.503060709189023
  |->  par_lens = 1, 2, 2
[TDSE] Running TDSE-SH-elliptical. step 5400, energy = -0.5030607018853721
  |->  par_lens = 2, 2, 2
[TDSE] Running TDSE-SH-elliptical. step 5600, energy = -0.5030606933605094
  |->  par_lens = 2, 2, 2
[TDSE] Running TDSE-SH-elliptical. step 5800, energy = -0.5030606834830383
  |->  par_lens = 2, 2, 2
[TDSE] Running TDSE-SH-elliptical. step 6000, energy = -0.5030606720839417
  |->  par_lens = 2, 2, 2
[TDSE] Running TDSE-SH-elliptical. step 6200, energy = -0.5030606591142615
  |->  par_lens = 2, 2, 2
[TDSE] Running TDSE-SH-elliptical. step 6400, energy = -0.503060644303564
  |->  par_lens = 2, 2, 2
[TDSE] Running TDSE-SH-elliptical. step 6600, energy = -0.5030606276812669
  |->  par_lens = 2, 2, 2
[TDSE] Running TDSE-SH-elliptical. step 6800, energy = -0.5030606089496645
  |->  par_lens = 2, 2, 2
[TDSE] Running TDSE-SH-elliptical. step 7000, energy = -0.5030605881614314
  |->  par_lens = 2, 2, 2
[TDSE] Running TDSE-SH-elliptical. step 7200, energy = -0.5030605649329828
  |->  par_lens = 2, 2, 2
[TDSE] Running TDSE-SH-elliptical. step 7400, energy = -0.5030605395301413
  |->  par_lens = 2, 2, 2
[TDSE] Running TDSE-SH-elliptical. step 7600, energy = -0.5030605114231114
  |->  par_lens = 2, 2, 2
[TDSE] Running TDSE-SH-elliptical. step 7800, energy = -0.5030604808425153
  |->  par_lens = 2, 2, 2
[TDSE] Running TDSE-SH-elliptical. step 8000, energy = -0.5030604475029778
  |->  par_lens = 2, 2, 2
[TDSE] Running TDSE-SH-elliptical. step 8200, energy = -0.5030604115267439
  |->  par_lens = 2, 2, 2
[TDSE] Running TDSE-SH-elliptical. step 8400, energy = -0.5030603725878635
  |->  par_lens = 2, 2, 2
[TDSE] Running TDSE-SH-elliptical. step 8600, energy = -0.5030603309031582
  |->  par_lens = 2, 2, 2
[TDSE] Running TDSE-SH-elliptical. step 8800, energy = -0.5030602863520618
  |->  par_lens = 2, 2, 2
[TDSE] Running TDSE-SH-elliptical. step 9000, energy = -0.5030602388257074
  |->  par_lens = 2, 2, 2
[TDSE] Running TDSE-SH-elliptical. step 9200, energy = -0.5030601886111158
  |->  par_lens = 2, 2, 2
[TDSE] Running TDSE-SH-elliptical. step 9400, energy = -0.503060135305032
  |->  par_lens = 2, 2, 2
[TDSE] Running TDSE-SH-elliptical. step 9600, energy = -0.5030600795086817
  |->  par_lens = 2, 2, 2
[TDSE] Running TDSE-SH-elliptical. step 9800, energy = -0.503060020770963
  |->  par_lens = 2, 2, 2
[TDSE] Running TDSE-SH-elliptical. step 10000, energy = -0.5030599596683712
  |->  par_lens = 2, 2, 2
[TDSE] Running TDSE-SH-elliptical. step 10200, energy = -0.5030598583491723
  |->  par_lens = 2, 2, 2
[TDSE] Running TDSE-SH-elliptical. step 10400, energy = -0.5030593447931194
  |->  par_lens = 2, 2, 2
[TDSE] Running TDSE-SH-elliptical. step 10600, energy = -0.5030587568171165
  |->  par_lens = 2, 2, 2
[TDSE] Running TDSE-SH-elliptical. step 10800, energy = -0.503059405729626
  |->  par_lens = 2, 2, 2
[TDSE] Running TDSE-SH-elliptical. step 11000, energy = -0.503056561018349
  |->  par_lens = 2, 2, 2
[TDSE] Running TDSE-SH-elliptical. step 11200, energy = -0.503029113725984
  |->  par_lens = 4, 3, 3
[TDSE] Running TDSE-SH-elliptical. step 11400, energy = -0.5029585017202343
  |->  par_lens = 4, 3, 3
[TDSE] Running TDSE-SH-elliptical. step 11600, energy = -0.5028820975284959
  |->  par_lens = 5, 4, 4
[TDSE] Running TDSE-SH-elliptical. step 11800, energy = -0.5028926980219653
  |->  par_lens = 4, 5, 4
[TDSE] Running TDSE-SH-elliptical. step 12000, energy = -0.5029768137973782
  |->  par_lens = 4, 4, 3
[TDSE] Running TDSE-SH-elliptical. step 12200, energy = -0.5028818590955982
  |->  par_lens = 4, 4, 4
[TDSE] Running TDSE-SH-elliptical. step 12400, energy = -0.5023180652599196
  |->  par_lens = 5, 5, 6
[TDSE] Running TDSE-SH-elliptical. step 12600, energy = -0.50147688692916
  |->  par_lens = 7, 7, 7
[TDSE] Running TDSE-SH-elliptical. step 12800, energy = -0.5011274401198411
  |->  par_lens = 7, 7, 7
[TDSE] Running TDSE-SH-elliptical. step 13000, energy = -0.5017822661727315
  |->  par_lens = 6, 6, 7
[TDSE] Running TDSE-SH-elliptical. step 13200, energy = -0.5026166965120208
  |->  par_lens = 6, 5, 6
[TDSE] Running TDSE-SH-elliptical. step 13400, energy = -0.5019178206289016
  |->  par_lens = 6, 6, 7
[TDSE] Running TDSE-SH-elliptical. step 13600, energy = -0.49920364552222624
  |->  par_lens = 9, 9, 8
[TDSE] Running TDSE-SH-elliptical. step 13800, energy = -0.4966539657030961
  |->  par_lens = 10, 10, 10
[TDSE] Running TDSE-SH-elliptical. step 14000, energy = -0.49718883907552347
  |->  par_lens = 10, 10, 10
[TDSE] Running TDSE-SH-elliptical. step 14200, energy = -0.5003701041649953
  |->  par_lens = 11, 11, 12
[TDSE] Running TDSE-SH-elliptical. step 14400, energy = -0.5014970296754547
  |->  par_lens = 12, 11, 12
[TDSE] Running TDSE-SH-elliptical. step 14600, energy = -0.49648588027949053
  |->  par_lens = 11, 12, 11
[TDSE] Running TDSE-SH-elliptical. step 14800, energy = -0.4881214465156868
  |->  par_lens = 15, 13, 14
[TDSE] Running TDSE-SH-elliptical. step 15000, energy = -0.4846834880567988
  |->  par_lens = 17, 17, 16
[TDSE] Running TDSE-SH-elliptical. step 15200, energy = -0.49066888481757215
  |->  par_lens = 18, 18, 18
[TDSE] Running TDSE-SH-elliptical. step 15400, energy = -0.49897273248121976
  |->  par_lens = 20, 20, 21
[TDSE] Running TDSE-SH-elliptical. step 15600, energy = -0.4970520977318948
  |->  par_lens = 21, 20, 21
[TDSE] Running TDSE-SH-elliptical. step 15800, energy = -0.4820878053736284
  |->  par_lens = 19, 19, 20
[TDSE] Running TDSE-SH-elliptical. step 16000, energy = -0.46782105491419046
  |->  par_lens = 25, 23, 23
[TDSE] Running TDSE-SH-elliptical. step 16200, energy = -0.470310869418354
  |->  par_lens = 28, 28, 27
[TDSE] Running TDSE-SH-elliptical. step 16400, energy = -0.48752173982467495
  |->  par_lens = 32, 32, 32
[TDSE] Running TDSE-SH-elliptical. step 16600, energy = -0.49682879164586896
  |->  par_lens = 34, 33, 33
[TDSE] Running TDSE-SH-elliptical. step 16800, energy = -0.4800344609320721
  |->  par_lens = 34, 35, 34
[TDSE] Running TDSE-SH-elliptical. step 17000, energy = -0.44855801338780044
  |->  par_lens = 34, 29, 32
[TDSE] Running TDSE-SH-elliptical. step 17200, energy = -0.43527960784873543
  |->  par_lens = 40, 41, 40
[TDSE] Running TDSE-SH-elliptical. step 17400, energy = -0.4560777963453461
  |->  par_lens = 49, 50, 49
[TDSE] Running TDSE-SH-elliptical. step 17600, energy = -0.4873249372126443
  |->  par_lens = 59, 56, 56
[TDSE] Running TDSE-SH-elliptical. step 17800, energy = -0.4864327781717221
  |->  par_lens = 60, 57, 58
[TDSE] Running TDSE-SH-elliptical. step 18000, energy = -0.4440565078634221
  |->  par_lens = 53, 52, 55
[TDSE] Running TDSE-SH-elliptical. step 18200, energy = -0.4024371576687916
  |->  par_lens = 50, 51, 51
[TDSE] Running TDSE-SH-elliptical. step 18400, energy = -0.4080501584703347
  |->  par_lens = 68, 69, 70
[TDSE] Running TDSE-SH-elliptical. step 18600, energy = -0.45607103710989333
  |->  par_lens = 84, 85, 83
[TDSE] Running TDSE-SH-elliptical. step 18800, energy = -0.4869999875778052
  |->  par_lens = 90, 91, 91
[TDSE] Running TDSE-SH-elliptical. step 19000, energy = -0.4514896353248702
  |->  par_lens = 93, 91, 90
[TDSE] Running TDSE-SH-elliptical. step 19200, energy = -0.37765358125086107
  |->  par_lens = 76, 76, 71
[TDSE] Running TDSE-SH-elliptical. step 19400, energy = -0.3460772190723314
  |->  par_lens = 85, 86, 85
[TDSE] Running TDSE-SH-elliptical. step 19600, energy = -0.3903041050891326
  |->  par_lens = 117, 114, 113
[TDSE] Running TDSE-SH-elliptical. step 19800, energy = -0.4641788341895186
  |->  par_lens = 139, 136, 136
[TDSE] Running TDSE-SH-elliptical. step 20000, energy = -0.4706252808137691
  |->  par_lens = 143, 142, 142
[TDSE] Running TDSE-SH-elliptical. step 20200, energy = -0.3873197364924533
  |->  par_lens = 140, 137, 138
[TDSE] Running TDSE-SH-elliptical. step 20400, energy = -0.30337652456970826
  |->  par_lens = 112, 107, 108
[TDSE] Running TDSE-SH-elliptical. step 20600, energy = -0.3137587808074669
  |->  par_lens = 139, 132, 135
[TDSE] Running TDSE-SH-elliptical. step 20800, energy = -0.4031651845381638
  |->  par_lens = 177, 179, 178
[TDSE] Running TDSE-SH-elliptical. step 21000, energy = -0.47134960449101243
  |->  par_lens = 197, 195, 198
[TDSE] Running TDSE-SH-elliptical. step 21200, energy = -0.4158281226245563
  |->  par_lens = 201, 202, 202
[TDSE] Running TDSE-SH-elliptical. step 21400, energy = -0.2863586020878289
  |->  par_lens = 179, 178, 175
[TDSE] Running TDSE-SH-elliptical. step 21600, energy = -0.23176304646631263
  |->  par_lens = 164, 156, 157
[TDSE] Running TDSE-SH-elliptical. step 21800, energy = -0.30267030527684136
  |->  par_lens = 221, 218, 218
[TDSE] Running TDSE-SH-elliptical. step 22000, energy = -0.42865917464984027
  |->  par_lens = 265, 269, 266
[TDSE] Running TDSE-SH-elliptical. step 22200, energy = -0.45170322953584974
  |->  par_lens = 276, 276, 280
[TDSE] Running TDSE-SH-elliptical. step 22400, energy = -0.3248881007955039
  |->  par_lens = 273, 275, 267
[TDSE] Running TDSE-SH-elliptical. step 22600, energy = -0.19230444160234994
  |->  par_lens = 225, 220, 228
[TDSE] Running TDSE-SH-elliptical. step 22800, energy = -0.21150777525973807
  |->  par_lens = 251, 244, 241
[TDSE] Running TDSE-SH-elliptical. step 23000, energy = -0.33595855196687335
  |->  par_lens = 309, 312, 308
[TDSE] Running TDSE-SH-elliptical. step 23200, energy = -0.44733043037991327
  |->  par_lens = 341, 343, 345
[TDSE] Running TDSE-SH-elliptical. step 23400, energy = -0.3812285616836196
  |->  par_lens = 343, 339, 343
[TDSE] Running TDSE-SH-elliptical. step 23600, energy = -0.19990302733565912
  |->  par_lens = 311, 302, 309
[TDSE] Running TDSE-SH-elliptical. step 23800, energy = -0.12202292726972973
  |->  par_lens = 262, 272, 267
[TDSE] Running TDSE-SH-elliptical. step 24000, energy = -0.21878107378508851
  |->  par_lens = 343, 335, 335
[TDSE] Running TDSE-SH-elliptical. step 24200, energy = -0.3826078212339519
  |->  par_lens = 411, 408, 409
[TDSE] Running TDSE-SH-elliptical. step 24400, energy = -0.4270271539095554
  |->  par_lens = 425, 425, 424
[TDSE] Running TDSE-SH-elliptical. step 24600, energy = -0.2754248423158031
  |->  par_lens = 412, 414, 407
[TDSE] Running TDSE-SH-elliptical. step 24800, energy = -0.10425289101797176
  |->  par_lens = 345, 355, 349
[TDSE] Running TDSE-SH-elliptical. step 25000, energy = -0.12957192862152686
  |->  par_lens = 353, 359, 360
[TDSE] Running TDSE-SH-elliptical. step 25200, energy = -0.27172762266099365
  |->  par_lens = 427, 429, 427
[TDSE] Running TDSE-SH-elliptical. step 25400, energy = -0.4129919832927265
  |->  par_lens = 466, 465, 463
[TDSE] Running TDSE-SH-elliptical. step 25600, energy = -0.35122180269578823
  |->  par_lens = 467, 466, 467
[TDSE] Running TDSE-SH-elliptical. step 25800, energy = -0.15039366089222664
  |->  par_lens = 443, 440, 438
[TDSE] Running TDSE-SH-elliptical. step 26000, energy = -0.055114999657744995
  |->  par_lens = 424, 420, 420
[TDSE] Running TDSE-SH-elliptical. step 26200, energy = -0.16368245805156786
  |->  par_lens = 449, 451, 455
[TDSE] Running TDSE-SH-elliptical. step 26400, energy = -0.3362097049973438
  |->  par_lens = 501, 501, 501
[TDSE] Running TDSE-SH-elliptical. step 26600, energy = -0.3983614961772047
  |->  par_lens = 511, 512, 511
[TDSE] Running TDSE-SH-elliptical. step 26800, energy = -0.25370491189247507
  |->  par_lens = 501, 506, 506
[TDSE] Running TDSE-SH-elliptical. step 27000, energy = -0.0746795851642477
  |->  par_lens = 484, 478, 488
[TDSE] Running TDSE-SH-elliptical. step 27200, energy = -0.0988826052113144
  |->  par_lens = 490, 483, 491
[TDSE] Running TDSE-SH-elliptical. step 27400, energy = -0.23278542470792246
  |->  par_lens = 509, 512, 514
[TDSE] Running TDSE-SH-elliptical. step 27600, energy = -0.37853281893358476
  |->  par_lens = 518, 523, 521
[TDSE] Running TDSE-SH-elliptical. step 27800, energy = -0.33417361239912335
  |->  par_lens = 520, 523, 524
[TDSE] Running TDSE-SH-elliptical. step 28000, energy = -0.1503721918098748
  |->  par_lens = 512, 509, 516
[TDSE] Running TDSE-SH-elliptical. step 28200, energy = -0.05924738731698224
  |->  par_lens = 500, 503, 495
[TDSE] Running TDSE-SH-elliptical. step 28400, energy = -0.15250851774123034
  |->  par_lens = 512, 511, 515
[TDSE] Running TDSE-SH-elliptical. step 28600, energy = -0.3101084806716937
  |->  par_lens = 529, 530, 529
[TDSE] Running TDSE-SH-elliptical. step 28800, energy = -0.3765686716481019
  |->  par_lens = 532, 533, 531
[TDSE] Running TDSE-SH-elliptical. step 29000, energy = -0.26011110854692465
  |->  par_lens = 530, 535, 525
[TDSE] Running TDSE-SH-elliptical. step 29200, energy = -0.11125590146661561
  |->  par_lens = 518, 516, 522
[TDSE] Running TDSE-SH-elliptical. step 29400, energy = -0.12391897275874039
  |->  par_lens = 513, 511, 517
[TDSE] Running TDSE-SH-elliptical. step 29600, energy = -0.2313313095538181
  |->  par_lens = 530, 531, 534
[TDSE] Running TDSE-SH-elliptical. step 29800, energy = -0.36197155079275284
  |->  par_lens = 538, 533, 540
[TDSE] Running TDSE-SH-elliptical. step 30000, energy = -0.3371203574336723
  |->  par_lens = 540, 536, 541
[TDSE] Running TDSE-SH-elliptical. step 30200, energy = -0.1965685320861307
  |->  par_lens = 534, 528, 534
[TDSE] Running TDSE-SH-elliptical. step 30400, energy = -0.1242568386642005
  |->  par_lens = 516, 516, 526
[TDSE] Running TDSE-SH-elliptical. step 30600, energy = -0.18561485642722306
  |->  par_lens = 535, 528, 525
[TDSE] Running TDSE-SH-elliptical. step 30800, energy = -0.310982098513518
  |->  par_lens = 542, 532, 545
[TDSE] Running TDSE-SH-elliptical. step 31000, energy = -0.37255556080677227
  |->  par_lens = 542, 535, 545
[TDSE] Running TDSE-SH-elliptical. step 31200, energy = -0.2977782200381391
  |->  par_lens = 543, 538, 545
[TDSE] Running TDSE-SH-elliptical. step 31400, energy = -0.19591486997241425
  |->  par_lens = 537, 535, 537
[TDSE] Running TDSE-SH-elliptical. step 31600, energy = -0.19034048773404832
  |->  par_lens = 531, 527, 534
[TDSE] Running TDSE-SH-elliptical. step 31800, energy = -0.27322739711383975
  |->  par_lens = 541, 537, 540
[TDSE] Running TDSE-SH-elliptical. step 32000, energy = -0.3688232343995036
  |->  par_lens = 544, 538, 541
[TDSE] Running TDSE-SH-elliptical. step 32200, energy = -0.358645425323732
  |->  par_lens = 541, 532, 541
[TDSE] Running TDSE-SH-elliptical. step 32400, energy = -0.26799669818704497
  |->  par_lens = 539, 536, 545
[TDSE] Running TDSE-SH-elliptical. step 32600, energy = -0.2207626160409628
  |->  par_lens = 533, 535, 537
[TDSE] Running TDSE-SH-elliptical. step 32800, energy = -0.2564766176859187
  |->  par_lens = 546, 540, 543
[TDSE] Running TDSE-SH-elliptical. step 33000, energy = -0.3386621440047313
  |->  par_lens = 548, 543, 546
[TDSE] Running TDSE-SH-elliptical. step 33200, energy = -0.38318097441820337
  |->  par_lens = 550, 544, 547
[TDSE] Running TDSE-SH-elliptical. step 33400, energy = -0.34369798284947806
  |->  par_lens = 547, 542, 545
[TDSE] Running TDSE-SH-elliptical. step 33600, energy = -0.2842129519138803
  |->  par_lens = 541, 534, 538
[TDSE] Running TDSE-SH-elliptical. step 33800, energy = -0.2802883621808
  |->  par_lens = 537, 532, 535
[TDSE] Running TDSE-SH-elliptical. step 34000, energy = -0.32533163999459613
  |->  par_lens = 544, 535, 542
[TDSE] Running TDSE-SH-elliptical. step 34200, energy = -0.3801012597018957
  |->  par_lens = 535, 535, 538
[TDSE] Running TDSE-SH-elliptical. step 34400, energy = -0.38029878669713163
  |->  par_lens = 537, 531, 539
[TDSE] Running TDSE-SH-elliptical. step 34600, energy = -0.3380448972615615
  |->  par_lens = 540, 528, 528
[TDSE] Running TDSE-SH-elliptical. step 34800, energy = -0.3061585927720475
  |->  par_lens = 527, 528, 534
[TDSE] Running TDSE-SH-elliptical. step 35000, energy = -0.3259643768282117
  |->  par_lens = 532, 528, 532
[TDSE] Running TDSE-SH-elliptical. step 35200, energy = -0.3671111710131156
  |->  par_lens = 531, 534, 537
[TDSE] Running TDSE-SH-elliptical. step 35400, energy = -0.39184612588228906
  |->  par_lens = 531, 527, 533
[TDSE] Running TDSE-SH-elliptical. step 35600, energy = -0.3783453547619737
  |->  par_lens = 532, 521, 533
[TDSE] Running TDSE-SH-elliptical. step 35800, energy = -0.3548129182327005
  |->  par_lens = 518, 507, 522
[TDSE] Running TDSE-SH-elliptical. step 36000, energy = -0.3440869924004885
  |->  par_lens = 494, 482, 485
[TDSE] Running TDSE-SH-elliptical. step 36200, energy = -0.37269678273731727
  |->  par_lens = 474, 471, 474
[TDSE] Running TDSE-SH-elliptical. step 36400, energy = -0.3901254599188905
  |->  par_lens = 459, 458, 453
[TDSE] Running TDSE-SH-elliptical. step 36600, energy = -0.39449231304395405
  |->  par_lens = 450, 447, 440
[TDSE] Running TDSE-SH-elliptical. step 36800, energy = -0.377300786805823
  |->  par_lens = 427, 433, 421
[TDSE] Running TDSE-SH-elliptical. step 37000, energy = -0.3683941730371882
  |->  par_lens = 411, 408, 401
[TDSE] Running TDSE-SH-elliptical. step 37200, energy = -0.37263222317639766
  |->  par_lens = 402, 410, 404
[TDSE] Running TDSE-SH-elliptical. step 37400, energy = -0.38799077084188144
  |->  par_lens = 398, 402, 407
[TDSE] Running TDSE-SH-elliptical. step 37600, energy = -0.3987923018394505
  |->  par_lens = 393, 393, 394
[TDSE] Running TDSE-SH-elliptical. step 37800, energy = -0.3957734842344133
  |->  par_lens = 383, 389, 381
[TDSE] Running TDSE-SH-elliptical. step 38000, energy = -0.38805912277729937
  |->  par_lens = 370, 372, 370
[TDSE] Running TDSE-SH-elliptical. step 38200, energy = -0.3890473567543913
  |->  par_lens = 333, 348, 353
[TDSE] Running TDSE-SH-elliptical. step 38400, energy = -0.3913658009831398
  |->  par_lens = 311, 314, 324
[TDSE] Running TDSE-SH-elliptical. step 38600, energy = -0.39966547440330064
  |->  par_lens = 295, 299, 304
[TDSE] Running TDSE-SH-elliptical. step 38800, energy = -0.3993733144116799
  |->  par_lens = 287, 285, 295
[TDSE] Running TDSE-SH-elliptical. step 39000, energy = -0.39677799329253377
  |->  par_lens = 283, 283, 289
[TDSE] Running TDSE-SH-elliptical. step 39200, energy = -0.3948973409663798
  |->  par_lens = 282, 282, 284
[TDSE] Running TDSE-SH-elliptical. step 39400, energy = -0.39511064887257846
  |->  par_lens = 286, 286, 288
[TDSE] Running TDSE-SH-elliptical. step 39600, energy = -0.39941941158317
  |->  par_lens = 289, 291, 295
[TDSE] Running TDSE-SH-elliptical. step 39800, energy = -0.40050512443026026
  |->  par_lens = 291, 285, 293
[TDSE] Running TDSE-SH-elliptical. step 40000, energy = -0.4013862275183455
  |->  par_lens = 289, 284, 292
[TDSE] Running TDSE-SH-elliptical. step 40200, energy = -0.4009288257934503
  |->  par_lens = 287, 283, 287
[TDSE] Running TDSE-SH-elliptical. step 40400, energy = -0.4006434040348296
  |->  par_lens = 280, 278, 280
[TDSE] Running TDSE-SH-elliptical. step 40600, energy = -0.4017227192035028
  |->  par_lens = 272, 274, 273
[TDSE] Running TDSE-SH-elliptical. step 40800, energy = -0.40200326872826636
  |->  par_lens = 269, 270, 270
[TDSE] Running TDSE-SH-elliptical. step 41000, energy = -0.40228670457932714
  |->  par_lens = 258, 261, 266
[TDSE] Running TDSE-SH-elliptical. step 41200, energy = -0.40252505885542383
  |->  par_lens = 259, 261, 262
[TDSE] Running TDSE-SH-elliptical. step 41400, energy = -0.402283804340936
  |->  par_lens = 256, 261, 259
[TDSE] Running TDSE-SH-elliptical. step 41600, energy = -0.40286930527638143
  |->  par_lens = 258, 260, 259
[TDSE] Running TDSE-SH-elliptical. step 41800, energy = -0.40309354345377774
  |->  par_lens = 259, 259, 257
[TDSE] Running TDSE-SH-elliptical. step 42000, energy = -0.4035110346213176
  |->  par_lens = 259, 258, 256
[TDSE] Running TDSE-SH-elliptical. step 42200, energy = -0.4037416097121805
  |->  par_lens = 257, 258, 255
[TDSE] Running TDSE-SH-elliptical. step 42400, energy = -0.404170334245632
  |->  par_lens = 255, 258, 254
[TDSE] Running TDSE-SH-elliptical. step 42600, energy = -0.4044197882485711
  |->  par_lens = 255, 257, 253
[TDSE] Running TDSE-SH-elliptical. step 42800, energy = -0.40468584716750816
  |->  par_lens = 254, 255, 253
[TDSE] Running TDSE-SH-elliptical. step 43000, energy = -0.4050298419926227
  |->  par_lens = 254, 255, 253
[TDSE] Running TDSE-SH-elliptical. step 43200, energy = -0.4053413260576022
  |->  par_lens = 252, 255, 252
[TDSE] Running TDSE-SH-elliptical. step 43400, energy = -0.4056733443799168
  |->  par_lens = 251, 255, 252
[TDSE] Running TDSE-SH-elliptical. step 43600, energy = -0.40597476402844307
  |->  par_lens = 251, 254, 251
[TDSE] Running TDSE-SH-elliptical. step 43800, energy = -0.40635188273032863
  |->  par_lens = 250, 252, 251
[TDSE] Running TDSE-SH-elliptical. step 44000, energy = -0.4066119856902376
  |->  par_lens = 250, 250, 250
[TDSE] Running TDSE-SH-elliptical. step 44200, energy = -0.40714507395684646
  |->  par_lens = 249, 248, 250
[TDSE] Running TDSE-SH-elliptical. step 44400, energy = -0.40746224161588823
  |->  par_lens = 248, 248, 249
[TDSE] Running TDSE-SH-elliptical. step 44600, energy = -0.40795740049764134
  |->  par_lens = 247, 248, 245
[TDSE] Running TDSE-SH-elliptical. step 44800, energy = -0.4080211802957638
  |->  par_lens = 247, 246, 245
[TDSE] Running TDSE-SH-elliptical. step 45000, energy = -0.40828787351149737
  |->  par_lens = 247, 244, 245
