  Activating project at `~/JuliaProp_v0.1`
[ITP]: 10000.471108571397
[ITP]: 0.022107823405609905
[ITP]: 0.004976805475414736
[ITP]: 0.0021058954092971205
[ITP]: 0.001084104546129061
[ITP]: 0.0006160870179273692
[ITP]: 0.0003714642087823128
[ITP]: 0.00023286611963801995
[ITP]: 0.0001500123428329614
[ITP]: 9.857967926441003e-5
[ITP]: 6.57601184761436e-5
[ITP]: 4.43786526744816e-5
[ITP]: 3.022437766897479e-5
[ITP]: 2.0735965556739622e-5
[ITP]: 1.4311264988853267e-5
[ITP]: 9.92563006574354e-6
[ITP]: 6.9119921211058255e-6
[ITP]: 4.82976755122877e-6
[ITP]: 3.384510666504248e-6
[ITP]: 2.3775199649023193e-6
[ITP]: 1.6736194445865493e-6
[ITP]: 1.1802274751948616e-6
[ITP]: 8.335748883370186e-7
[ITP]: 5.895273362810372e-7
[ITP]: 4.174150680658073e-7
[ITP]: 2.958509506267859e-7
[ITP]: 2.098764437796774e-7
[ITP]: 1.4900242706339384e-7
[ITP]: 1.0585745457980522e-7
[ITP]: 7.525113565609587e-8
[ITP]: 5.352267851144177e-8
[ITP]: 3.808635307134267e-8
[ITP]: 2.7113442158110956e-8
[ITP]: 1.9309163601377577e-8
[ITP]: 1.3755872219078924e-8
[ITP]: 9.802639699962867e-9
Energy of ground state: -0.5030607411950042
[TDSE] Start TDSE-SH for elliptical polarized laser. It may cost a plenty of time.
[TDSE] Running TDSE-SH-elliptical. step 0, energy = -0.5030607411950033
  |->  par_lens = 1, 1, 1
[TDSE] Running TDSE-SH-elliptical. step 200, energy = -0.5030607411948627
  |->  par_lens = 1, 1, 1
[TDSE] Running TDSE-SH-elliptical. step 400, energy = -0.5030607411947041
  |->  par_lens = 1, 1, 2
[TDSE] Running TDSE-SH-elliptical. step 600, energy = -0.5030607411943584
  |->  par_lens = 1, 1, 2
[TDSE] Running TDSE-SH-elliptical. step 800, energy = -0.5030607411932234
  |->  par_lens = 1, 1, 2
[TDSE] Running TDSE-SH-elliptical. step 1000, energy = -0.5030607411896054
  |->  par_lens = 1, 1, 2
[TDSE] Running TDSE-SH-elliptical. step 1200, energy = -0.503060741180345
  |->  par_lens = 1, 1, 2
[TDSE] Running TDSE-SH-elliptical. step 1400, energy = -0.5030607411594608
  |->  par_lens = 1, 1, 2
[TDSE] Running TDSE-SH-elliptical. step 1600, energy = -0.5030607411182128
  |->  par_lens = 1, 1, 2
[TDSE] Running TDSE-SH-elliptical. step 1800, energy = -0.5030607410425308
  |->  par_lens = 1, 1, 2
[TDSE] Running TDSE-SH-elliptical. step 2000, energy = -0.5030607409143831
  |->  par_lens = 1, 1, 2
[TDSE] Running TDSE-SH-elliptical. step 2200, energy = -0.5030607407072625
  |->  par_lens = 1, 1, 2
[TDSE] Running TDSE-SH-elliptical. step 2400, energy = -0.5030607403903254
  |->  par_lens = 1, 1, 2
[TDSE] Running TDSE-SH-elliptical. step 2600, energy = -0.5030607399201491
  |->  par_lens = 1, 1, 2
[TDSE] Running TDSE-SH-elliptical. step 2800, energy = -0.5030607392505843
  |->  par_lens = 1, 1, 2
[TDSE] Running TDSE-SH-elliptical. step 3000, energy = -0.5030607383156072
  |->  par_lens = 1, 1, 2
[TDSE] Running TDSE-SH-elliptical. step 3200, energy = -0.5030607370558311
  |->  par_lens = 1, 1, 2
[TDSE] Running TDSE-SH-elliptical. step 3400, energy = -0.5030607353750118
  |->  par_lens = 1, 1, 2
[TDSE] Running TDSE-SH-elliptical. step 3600, energy = -0.5030607332022803
  |->  par_lens = 1, 1, 2
[TDSE] Running TDSE-SH-elliptical. step 3800, energy = -0.5030607304114243
  |->  par_lens = 1, 1, 2
[TDSE] Running TDSE-SH-elliptical. step 4000, energy = -0.503060726922011
  |->  par_lens = 1, 1, 2
[TDSE] Running TDSE-SH-elliptical. step 4200, energy = -0.5030607225664524
  |->  par_lens = 1, 1, 2
[TDSE] Running TDSE-SH-elliptical. step 4400, energy = -0.5030607172768298
  |->  par_lens = 1, 1, 2
[TDSE] Running TDSE-SH-elliptical. step 4600, energy = -0.503060710842522
  |->  par_lens = 2, 2, 2
[TDSE] Running TDSE-SH-elliptical. step 4800, energy = -0.5030607031835385
  |->  par_lens = 2, 2, 2
[TDSE] Running TDSE-SH-elliptical. step 5000, energy = -0.5030606940956834
  |->  par_lens = 2, 2, 2
[TDSE] Running TDSE-SH-elliptical. step 5200, energy = -0.5030606834739355
  |->  par_lens = 2, 2, 2
[TDSE] Running TDSE-SH-elliptical. step 5400, energy = -0.5030606711063091
  |->  par_lens = 2, 2, 2
[TDSE] Running TDSE-SH-elliptical. step 5600, energy = -0.5030606568859611
  |->  par_lens = 2, 2, 2
[TDSE] Running TDSE-SH-elliptical. step 5800, energy = -0.5030606406407312
  |->  par_lens = 2, 2, 2
[TDSE] Running TDSE-SH-elliptical. step 6000, energy = -0.503060622173759
  |->  par_lens = 2, 2, 2
[TDSE] Running TDSE-SH-elliptical. step 6200, energy = -0.503060601466921
  |->  par_lens = 2, 2, 2
[TDSE] Running TDSE-SH-elliptical. step 6400, energy = -0.5030605781757175
  |->  par_lens = 2, 2, 2
[TDSE] Running TDSE-SH-elliptical. step 6600, energy = -0.5030605524250421
  |->  par_lens = 2, 2, 2
[TDSE] Running TDSE-SH-elliptical. step 6800, energy = -0.5030605238490322
  |->  par_lens = 2, 2, 2
[TDSE] Running TDSE-SH-elliptical. step 7000, energy = -0.5030604926154966
  |->  par_lens = 2, 2, 2
[TDSE] Running TDSE-SH-elliptical. step 7200, energy = -0.5030604582475652
  |->  par_lens = 2, 2, 2
[TDSE] Running TDSE-SH-elliptical. step 7400, energy = -0.5030604212583208
  |->  par_lens = 2, 2, 2
[TDSE] Running TDSE-SH-elliptical. step 7600, energy = -0.5030603809522044
  |->  par_lens = 2, 2, 2
[TDSE] Running TDSE-SH-elliptical. step 7800, energy = -0.5030603377986426
  |->  par_lens = 2, 2, 2
[TDSE] Running TDSE-SH-elliptical. step 8000, energy = -0.5030602914884478
  |->  par_lens = 2, 2, 2
[TDSE] Running TDSE-SH-elliptical. step 8200, energy = -0.5030602423287186
  |->  par_lens = 2, 2, 2
[TDSE] Running TDSE-SH-elliptical. step 8400, energy = -0.5030601899459038
  |->  par_lens = 2, 2, 2
[TDSE] Running TDSE-SH-elliptical. step 8600, energy = -0.5030601348068605
  |->  par_lens = 2, 2, 2
[TDSE] Running TDSE-SH-elliptical. step 8800, energy = -0.5030600768042611
  |->  par_lens = 2, 2, 2
[TDSE] Running TDSE-SH-elliptical. step 9000, energy = -0.5030600159732583
  |->  par_lens = 2, 2, 2
[TDSE] Running TDSE-SH-elliptical. step 9200, energy = -0.503059952732881
  |->  par_lens = 2, 2, 2
[TDSE] Running TDSE-SH-elliptical. step 9400, energy = -0.5030598867244797
  |->  par_lens = 2, 2, 2
[TDSE] Running TDSE-SH-elliptical. step 9600, energy = -0.5030598187769487
  |->  par_lens = 2, 2, 2
[TDSE] Running TDSE-SH-elliptical. step 9800, energy = -0.5030597484776947
  |->  par_lens = 2, 2, 2
[TDSE] Running TDSE-SH-elliptical. step 10000, energy = -0.5030596765330797
  |->  par_lens = 2, 2, 2
[TDSE] Running TDSE-SH-elliptical. step 10200, energy = -0.5030595591046705
  |->  par_lens = 2, 2, 2
[TDSE] Running TDSE-SH-elliptical. step 10400, energy = -0.503058975612352
  |->  par_lens = 2, 2, 2
[TDSE] Running TDSE-SH-elliptical. step 10600, energy = -0.5030583297608525
  |->  par_lens = 2, 2, 2
[TDSE] Running TDSE-SH-elliptical. step 10800, energy = -0.5030591509538999
  |->  par_lens = 2, 2, 2
[TDSE] Running TDSE-SH-elliptical. step 11000, energy = -0.5030569401645556
  |->  par_lens = 2, 2, 2
[TDSE] Running TDSE-SH-elliptical. step 11200, energy = -0.5030306607126261
  |->  par_lens = 4, 3, 3
[TDSE] Running TDSE-SH-elliptical. step 11400, energy = -0.5029614360355091
  |->  par_lens = 4, 3, 3
[TDSE] Running TDSE-SH-elliptical. step 11600, energy = -0.5028859877221473
  |->  par_lens = 4, 4, 5
[TDSE] Running TDSE-SH-elliptical. step 11800, energy = -0.5028962468609383
  |->  par_lens = 4, 4, 4
[TDSE] Running TDSE-SH-elliptical. step 12000, energy = -0.5029781508266153
  |->  par_lens = 4, 4, 3
[TDSE] Running TDSE-SH-elliptical. step 12200, energy = -0.5028791409801774
  |->  par_lens = 4, 4, 4
[TDSE] Running TDSE-SH-elliptical. step 12400, energy = -0.5023104185295724
  |->  par_lens = 5, 5, 6
[TDSE] Running TDSE-SH-elliptical. step 12600, energy = -0.5014651793690094
  |->  par_lens = 7, 7, 7
[TDSE] Running TDSE-SH-elliptical. step 12800, energy = -0.5011145070825767
  |->  par_lens = 7, 7, 7
[TDSE] Running TDSE-SH-elliptical. step 13000, energy = -0.501772415328203
  |->  par_lens = 6, 6, 7
[TDSE] Running TDSE-SH-elliptical. step 13200, energy = -0.5026143283264355
  |->  par_lens = 6, 5, 6
[TDSE] Running TDSE-SH-elliptical. step 13400, energy = -0.5019257270573522
  |->  par_lens = 6, 6, 7
[TDSE] Running TDSE-SH-elliptical. step 13600, energy = -0.49922146200293144
  |->  par_lens = 9, 9, 8
[TDSE] Running TDSE-SH-elliptical. step 13800, energy = -0.49667755406544395
  |->  par_lens = 10, 10, 10
[TDSE] Running TDSE-SH-elliptical. step 14000, energy = -0.49721094208866734
  |->  par_lens = 10, 10, 10
[TDSE] Running TDSE-SH-elliptical. step 14200, energy = -0.5003825018262397
  |->  par_lens = 11, 11, 12
[TDSE] Running TDSE-SH-elliptical. step 14400, energy = -0.5014932529128433
  |->  par_lens = 12, 11, 12
[TDSE] Running TDSE-SH-elliptical. step 14600, energy = -0.4964639951332285
  |->  par_lens = 11, 12, 11
[TDSE] Running TDSE-SH-elliptical. step 14800, energy = -0.48808568814025655
  |->  par_lens = 15, 13, 14
[TDSE] Running TDSE-SH-elliptical. step 15000, energy = -0.4846435391464789
  |->  par_lens = 17, 17, 16
[TDSE] Running TDSE-SH-elliptical. step 15200, energy = -0.49063763154196605
  |->  par_lens = 18, 18, 18
[TDSE] Running TDSE-SH-elliptical. step 15400, energy = -0.4989618851966642
  |->  par_lens = 20, 20, 21
[TDSE] Running TDSE-SH-elliptical. step 15600, energy = -0.4970681916629739
  |->  par_lens = 21, 20, 21
[TDSE] Running TDSE-SH-elliptical. step 15800, energy = -0.4821289450156858
  |->  par_lens = 19, 19, 19
[TDSE] Running TDSE-SH-elliptical. step 16000, energy = -0.4678763710249172
  |->  par_lens = 25, 23, 23
[TDSE] Running TDSE-SH-elliptical. step 16200, energy = -0.47036349641795544
  |->  par_lens = 28, 28, 26
[TDSE] Running TDSE-SH-elliptical. step 16400, energy = -0.4875534769886558
  |->  par_lens = 32, 32, 32
[TDSE] Running TDSE-SH-elliptical. step 16600, energy = -0.4968264224864503
  |->  par_lens = 34, 32, 33
[TDSE] Running TDSE-SH-elliptical. step 16800, energy = -0.47999465101703503
  |->  par_lens = 34, 35, 34
[TDSE] Running TDSE-SH-elliptical. step 17000, energy = -0.44848992811557253
  |->  par_lens = 34, 29, 32
[TDSE] Running TDSE-SH-elliptical. step 17200, energy = -0.4352028382276208
  |->  par_lens = 40, 40, 40
[TDSE] Running TDSE-SH-elliptical. step 17400, energy = -0.4560163738876202
  |->  par_lens = 49, 50, 49
[TDSE] Running TDSE-SH-elliptical. step 17600, energy = -0.4873005328219026
  |->  par_lens = 59, 56, 56
[TDSE] Running TDSE-SH-elliptical. step 17800, energy = -0.48645667104090784
  |->  par_lens = 61, 57, 58
[TDSE] Running TDSE-SH-elliptical. step 18000, energy = -0.444124927976672
  |->  par_lens = 53, 52, 55
[TDSE] Running TDSE-SH-elliptical. step 18200, energy = -0.4025305943680096
  |->  par_lens = 49, 52, 51
[TDSE] Running TDSE-SH-elliptical. step 18400, energy = -0.40814012933594385
  |->  par_lens = 68, 69, 70
[TDSE] Running TDSE-SH-elliptical. step 18600, energy = -0.4561277386493011
  |->  par_lens = 84, 85, 83
[TDSE] Running TDSE-SH-elliptical. step 18800, energy = -0.4870021266947275
  |->  par_lens = 90, 91, 91
[TDSE] Running TDSE-SH-elliptical. step 19000, energy = -0.4514317026799866
  |->  par_lens = 93, 90, 91
[TDSE] Running TDSE-SH-elliptical. step 19200, energy = -0.3775506084024608
  |->  par_lens = 80, 76, 69
[TDSE] Running TDSE-SH-elliptical. step 19400, energy = -0.3459603336985584
  |->  par_lens = 83, 85, 83
[TDSE] Running TDSE-SH-elliptical. step 19600, energy = -0.3902083561102801
  |->  par_lens = 116, 114, 113
[TDSE] Running TDSE-SH-elliptical. step 19800, energy = -0.46413757369941905
  |->  par_lens = 137, 137, 136
[TDSE] Running TDSE-SH-elliptical. step 20000, energy = -0.47065436563535806
  |->  par_lens = 142, 141, 141
[TDSE] Running TDSE-SH-elliptical. step 20200, energy = -0.3874145142564501
  |->  par_lens = 142, 139, 140
[TDSE] Running TDSE-SH-elliptical. step 20400, energy = -0.3035079620436976
  |->  par_lens = 113, 109, 105
[TDSE] Running TDSE-SH-elliptical. step 20600, energy = -0.3138860208433709
  |->  par_lens = 138, 141, 138
[TDSE] Running TDSE-SH-elliptical. step 20800, energy = -0.4032490447607681
  |->  par_lens = 179, 180, 181
[TDSE] Running TDSE-SH-elliptical. step 21000, energy = -0.47135924947824237
  |->  par_lens = 198, 195, 197
[TDSE] Running TDSE-SH-elliptical. step 21200, energy = -0.41575579438335797
  |->  par_lens = 199, 200, 199
[TDSE] Running TDSE-SH-elliptical. step 21400, energy = -0.2862242738163369
  |->  par_lens = 175, 176, 174
[TDSE] Running TDSE-SH-elliptical. step 21600, energy = -0.23160987909340408
  |->  par_lens = 161, 164, 160
[TDSE] Running TDSE-SH-elliptical. step 21800, energy = -0.3025423844795328
  |->  par_lens = 220, 220, 221
[TDSE] Running TDSE-SH-elliptical. step 22000, energy = -0.428600133431171
  |->  par_lens = 267, 267, 267
[TDSE] Running TDSE-SH-elliptical. step 22200, energy = -0.4517328515910343
  |->  par_lens = 276, 277, 279
[TDSE] Running TDSE-SH-elliptical. step 22400, energy = -0.32500250547843546
  |->  par_lens = 267, 271, 270
[TDSE] Running TDSE-SH-elliptical. step 22600, energy = -0.1924665657376251
  |->  par_lens = 222, 227, 217
[TDSE] Running TDSE-SH-elliptical. step 22800, energy = -0.21166427314791159
  |->  par_lens = 246, 239, 228
[TDSE] Running TDSE-SH-elliptical. step 23000, energy = -0.33606688121336525
  |->  par_lens = 308, 306, 308
[TDSE] Running TDSE-SH-elliptical. step 23200, energy = -0.4473497993769918
  |->  par_lens = 340, 341, 343
[TDSE] Running TDSE-SH-elliptical. step 23400, energy = -0.3811500954202081
  |->  par_lens = 343, 341, 341
[TDSE] Running TDSE-SH-elliptical. step 23600, energy = -0.19974879595362374
  |->  par_lens = 309, 301, 306
[TDSE] Running TDSE-SH-elliptical. step 23800, energy = -0.12184527731579733
  |->  par_lens = 284, 279, 276
[TDSE] Running TDSE-SH-elliptical. step 24000, energy = -0.21863180287756823
  |->  par_lens = 340, 341, 341
[TDSE] Running TDSE-SH-elliptical. step 24200, energy = -0.382533901426772
  |->  par_lens = 408, 408, 408
[TDSE] Running TDSE-SH-elliptical. step 24400, energy = -0.42705180745103405
  |->  par_lens = 423, 420, 424
[TDSE] Running TDSE-SH-elliptical. step 24600, energy = -0.2755455949239762
  |->  par_lens = 405, 405, 412
[TDSE] Running TDSE-SH-elliptical. step 24800, energy = -0.10442942949843288
  |->  par_lens = 363, 359, 353
[TDSE] Running TDSE-SH-elliptical. step 25000, energy = -0.12974231644949316
  |->  par_lens = 361, 359, 356
[TDSE] Running TDSE-SH-elliptical. step 25200, energy = -0.2718501033329177
  |->  par_lens = 432, 436, 429
[TDSE] Running TDSE-SH-elliptical. step 25400, energy = -0.41301994920606344
  |->  par_lens = 468, 467, 468
[TDSE] Running TDSE-SH-elliptical. step 25600, energy = -0.35114658557715445
  |->  par_lens = 468, 466, 467
[TDSE] Running TDSE-SH-elliptical. step 25800, energy = -0.15023769822112126
  |->  par_lens = 442, 436, 441
[TDSE] Running TDSE-SH-elliptical. step 26000, energy = -0.05493196383632362
  |->  par_lens = 421, 415, 428
[TDSE] Running TDSE-SH-elliptical. step 26200, energy = -0.16352848432993605
  |->  par_lens = 447, 443, 447
[TDSE] Running TDSE-SH-elliptical. step 26400, energy = -0.33612850527371807
  |->  par_lens = 495, 495, 493
[TDSE] Running TDSE-SH-elliptical. step 26600, energy = -0.3983789646701652
  |->  par_lens = 506, 505, 506
[TDSE] Running TDSE-SH-elliptical. step 26800, energy = -0.2538180833741329
  |->  par_lens = 500, 503, 500
[TDSE] Running TDSE-SH-elliptical. step 27000, energy = -0.07485074990389191
  |->  par_lens = 481, 482, 480
[TDSE] Running TDSE-SH-elliptical. step 27200, energy = -0.09904834717237415
  |->  par_lens = 471, 481, 476
[TDSE] Running TDSE-SH-elliptical. step 27400, energy = -0.23290796535832267
  |->  par_lens = 499, 501, 501
[TDSE] Running TDSE-SH-elliptical. step 27600, energy = -0.37856549348318497
  |->  par_lens = 513, 510, 514
[TDSE] Running TDSE-SH-elliptical. step 27800, energy = -0.3341086202485727
  |->  par_lens = 516, 513, 517
[TDSE] Running TDSE-SH-elliptical. step 28000, energy = -0.1502294250910854
  |->  par_lens = 513, 510, 506
[TDSE] Running TDSE-SH-elliptical. step 28200, energy = -0.059077779149975716
  |->  par_lens = 501, 491, 496
[TDSE] Running TDSE-SH-elliptical. step 28400, energy = -0.15236403749821115
  |->  par_lens = 513, 508, 516
[TDSE] Running TDSE-SH-elliptical. step 28600, energy = -0.31002988496966544
  |->  par_lens = 527, 525, 529
[TDSE] Running TDSE-SH-elliptical. step 28800, energy = -0.37657935341287885
  |->  par_lens = 530, 527, 532
[TDSE] Running TDSE-SH-elliptical. step 29000, energy = -0.26020952757954513
  |->  par_lens = 526, 526, 528
[TDSE] Running TDSE-SH-elliptical. step 29200, energy = -0.11140733288220522
  |->  par_lens = 521, 515, 523
[TDSE] Running TDSE-SH-elliptical. step 29400, energy = -0.1240678151291342
  |->  par_lens = 517, 514, 515
[TDSE] Running TDSE-SH-elliptical. step 29600, energy = -0.2314436189669556
  |->  par_lens = 534, 530, 529
[TDSE] Running TDSE-SH-elliptical. step 29800, energy = -0.36200379692860174
  |->  par_lens = 539, 536, 539
[TDSE] Running TDSE-SH-elliptical. step 30000, energy = -0.3370673661844863
  |->  par_lens = 542, 540, 534
[TDSE] Running TDSE-SH-elliptical. step 30200, energy = -0.1964473553156731
  |->  par_lens = 534, 531, 527
[TDSE] Running TDSE-SH-elliptical. step 30400, energy = -0.12411146011417387
  |->  par_lens = 521, 522, 518
[TDSE] Running TDSE-SH-elliptical. step 30600, energy = -0.18548785797661393
  |->  par_lens = 535, 534, 532
[TDSE] Running TDSE-SH-elliptical. step 30800, energy = -0.3109108892215562
  |->  par_lens = 543, 543, 541
[TDSE] Running TDSE-SH-elliptical. step 31000, energy = -0.3725628988021896
  |->  par_lens = 547, 545, 542
[TDSE] Running TDSE-SH-elliptical. step 31200, energy = -0.2978583756466425
  |->  par_lens = 544, 543, 538
[TDSE] Running TDSE-SH-elliptical. step 31400, energy = -0.1960384931930148
  |->  par_lens = 536, 537, 534
[TDSE] Running TDSE-SH-elliptical. step 31600, energy = -0.1904665849575602
  |->  par_lens = 522, 525, 524
[TDSE] Running TDSE-SH-elliptical. step 31800, energy = -0.2733211849418073
  |->  par_lens = 539, 539, 533
[TDSE] Running TDSE-SH-elliptical. step 32000, energy = -0.3688511540632274
  |->  par_lens = 541, 542, 539
[TDSE] Running TDSE-SH-elliptical. step 32200, energy = -0.35860585853230514
  |->  par_lens = 542, 541, 536
[TDSE] Running TDSE-SH-elliptical. step 32400, energy = -0.2679006617594876
  |->  par_lens = 538, 534, 527
[TDSE] Running TDSE-SH-elliptical. step 32600, energy = -0.22064666429554913
  |->  par_lens = 530, 527, 529
[TDSE] Running TDSE-SH-elliptical. step 32800, energy = -0.25637393013500337
  |->  par_lens = 542, 537, 535
[TDSE] Running TDSE-SH-elliptical. step 33000, energy = -0.33860329825293634
  |->  par_lens = 549, 544, 542
[TDSE] Running TDSE-SH-elliptical. step 33200, energy = -0.38318071250347746
  |->  par_lens = 544, 546, 541
[TDSE] Running TDSE-SH-elliptical. step 33400, energy = -0.3437553907205327
  |->  par_lens = 547, 542, 542
[TDSE] Running TDSE-SH-elliptical. step 33600, energy = -0.28430526667956674
  |->  par_lens = 544, 539, 539
[TDSE] Running TDSE-SH-elliptical. step 33800, energy = -0.28038308437813964
  |->  par_lens = 535, 532, 534
[TDSE] Running TDSE-SH-elliptical. step 34000, energy = -0.3254030795102604
  |->  par_lens = 540, 532, 532
[TDSE] Running TDSE-SH-elliptical. step 34200, energy = -0.38012534866193576
  |->  par_lens = 539, 537, 535
[TDSE] Running TDSE-SH-elliptical. step 34400, energy = -0.3802722597449555
  |->  par_lens = 534, 538, 531
[TDSE] Running TDSE-SH-elliptical. step 34600, energy = -0.33797959161473856
  |->  par_lens = 534, 533, 536
[TDSE] Running TDSE-SH-elliptical. step 34800, energy = -0.3060748078891988
  |->  par_lens = 528, 522, 526
[TDSE] Running TDSE-SH-elliptical. step 35000, energy = -0.3258904573693599
  |->  par_lens = 533, 529, 536
[TDSE] Running TDSE-SH-elliptical. step 35200, energy = -0.3670665061511912
  |->  par_lens = 535, 531, 533
[TDSE] Running TDSE-SH-elliptical. step 35400, energy = -0.39184293126107367
  |->  par_lens = 537, 530, 531
[TDSE] Running TDSE-SH-elliptical. step 35600, energy = -0.378381479155233
  |->  par_lens = 530, 526, 524
[TDSE] Running TDSE-SH-elliptical. step 35800, energy = -0.35486885045598143
  |->  par_lens = 517, 512, 516
[TDSE] Running TDSE-SH-elliptical. step 36000, energy = -0.3441486190596045
  |->  par_lens = 488, 484, 480
[TDSE] Running TDSE-SH-elliptical. step 36200, energy = -0.372737613865951
  |->  par_lens = 467, 455, 465
[TDSE] Running TDSE-SH-elliptical. step 36400, energy = -0.3901431841970147
  |->  par_lens = 451, 447, 441
[TDSE] Running TDSE-SH-elliptical. step 36600, energy = -0.3944804294870827
  |->  par_lens = 434, 437, 429
[TDSE] Running TDSE-SH-elliptical. step 36800, energy = -0.37726873437250064
  |->  par_lens = 425, 417, 416
[TDSE] Running TDSE-SH-elliptical. step 37000, energy = -0.3683573467488076
  |->  par_lens = 410, 414, 409
[TDSE] Running TDSE-SH-elliptical. step 37200, energy = -0.37259971831305205
  |->  par_lens = 413, 402, 415
[TDSE] Running TDSE-SH-elliptical. step 37400, energy = -0.38797290788948585
  |->  par_lens = 411, 404, 412
[TDSE] Running TDSE-SH-elliptical. step 37600, energy = -0.39879006622741464
  |->  par_lens = 401, 406, 405
[TDSE] Running TDSE-SH-elliptical. step 37800, energy = -0.3957815382187814
  |->  par_lens = 391, 397, 397
[TDSE] Running TDSE-SH-elliptical. step 38000, energy = -0.38807193337122187
  |->  par_lens = 376, 377, 380
[TDSE] Running TDSE-SH-elliptical. step 38200, energy = -0.38905860331826275
  |->  par_lens = 350, 351, 353
[TDSE] Running TDSE-SH-elliptical. step 38400, energy = -0.3913724186814145
  |->  par_lens = 321, 322, 317
[TDSE] Running TDSE-SH-elliptical. step 38600, energy = -0.3996676434985614
  |->  par_lens = 305, 300, 300
[TDSE] Running TDSE-SH-elliptical. step 38800, energy = -0.3993731181079407
  |->  par_lens = 298, 290, 286
[TDSE] Running TDSE-SH-elliptical. step 39000, energy = -0.3967784628065632
  |->  par_lens = 290, 288, 276
[TDSE] Running TDSE-SH-elliptical. step 39200, energy = -0.39490125984737506
  |->  par_lens = 286, 288, 282
[TDSE] Running TDSE-SH-elliptical. step 39400, energy = -0.3951143471834381
  |->  par_lens = 291, 290, 285
[TDSE] Running TDSE-SH-elliptical. step 39600, energy = -0.39942389460137845
  |->  par_lens = 297, 291, 289
[TDSE] Running TDSE-SH-elliptical. step 39800, energy = -0.4005081379177778
  |->  par_lens = 290, 294, 289
[TDSE] Running TDSE-SH-elliptical. step 40000, energy = -0.40138353079051553
  |->  par_lens = 287, 290, 288
[TDSE] Running TDSE-SH-elliptical. step 40200, energy = -0.40092440800947615
  |->  par_lens = 285, 287, 287
[TDSE] Running TDSE-SH-elliptical. step 40400, energy = -0.40063504699959035
  |->  par_lens = 275, 284, 280
[TDSE] Running TDSE-SH-elliptical. step 40600, energy = -0.4017169745805944
  |->  par_lens = 273, 277, 275
[TDSE] Running TDSE-SH-elliptical. step 40800, energy = -0.40199899063224687
  |->  par_lens = 269, 268, 270
[TDSE] Running TDSE-SH-elliptical. step 41000, energy = -0.40229041163832735
  |->  par_lens = 264, 262, 264
[TDSE] Running TDSE-SH-elliptical. step 41200, energy = -0.4025293444280029
  |->  par_lens = 260, 259, 260
[TDSE] Running TDSE-SH-elliptical. step 41400, energy = -0.40229491282940205
  |->  par_lens = 259, 260, 260
[TDSE] Running TDSE-SH-elliptical. step 41600, energy = -0.4028758689681958
  |->  par_lens = 260, 259, 261
[TDSE] Running TDSE-SH-elliptical. step 41800, energy = -0.4031017087119514
  |->  par_lens = 259, 259, 259
[TDSE] Running TDSE-SH-elliptical. step 42000, energy = -0.4035158653582682
  |->  par_lens = 259, 258, 258
[TDSE] Running TDSE-SH-elliptical. step 42200, energy = -0.40374953978611167
  |->  par_lens = 258, 258, 258
[TDSE] Running TDSE-SH-elliptical. step 42400, energy = -0.4041711893446534
  |->  par_lens = 258, 258, 256
[TDSE] Running TDSE-SH-elliptical. step 42600, energy = -0.4044238006729063
  |->  par_lens = 258, 256, 255
[TDSE] Running TDSE-SH-elliptical. step 42800, energy = -0.4046923378601064
  |->  par_lens = 258, 256, 255
[TDSE] Running TDSE-SH-elliptical. step 43000, energy = -0.40503460227557453
  |->  par_lens = 258, 255, 254
[TDSE] Running TDSE-SH-elliptical. step 43200, energy = -0.4053463405382499
  |->  par_lens = 253, 254, 254
[TDSE] Running TDSE-SH-elliptical. step 43400, energy = -0.40567893742346556
  |->  par_lens = 252, 254, 254
[TDSE] Running TDSE-SH-elliptical. step 43600, energy = -0.40598251877416064
  |->  par_lens = 252, 252, 253
[TDSE] Running TDSE-SH-elliptical. step 43800, energy = -0.4063561740673605
  |->  par_lens = 252, 252, 252
[TDSE] Running TDSE-SH-elliptical. step 44000, energy = -0.4066229042255936
  |->  par_lens = 252, 251, 251
[TDSE] Running TDSE-SH-elliptical. step 44200, energy = -0.4071478034026673
  |->  par_lens = 250, 249, 250
[TDSE] Running TDSE-SH-elliptical. step 44400, energy = -0.4074769716459866
  |->  par_lens = 250, 249, 250
[TDSE] Running TDSE-SH-elliptical. step 44600, energy = -0.4079607521464755
  |->  par_lens = 249, 248, 247
[TDSE] Running TDSE-SH-elliptical. step 44800, energy = -0.4080353259253609
  |->  par_lens = 248, 245, 246
[TDSE] Running TDSE-SH-elliptical. step 45000, energy = -0.408292158159431
  |->  par_lens = 246, 243, 245
