  Activating project at `~/JuliaProp_v0.1`
[ITP]: 10000.471108571397
[ITP]: 0.022107823405609905
[ITP]: 0.004976805475414736
[ITP]: 0.0021058954092971205
[ITP]: 0.001084104546129061
[ITP]: 0.0006160870179273692
[ITP]: 0.0003714642087823128
[ITP]: 0.00023286611963801995
[ITP]: 0.0001500123428329614
[ITP]: 9.857967926441003e-5
[ITP]: 6.57601184761436e-5
[ITP]: 4.43786526744816e-5
[ITP]: 3.022437766897479e-5
[ITP]: 2.0735965556739622e-5
[ITP]: 1.4311264988853267e-5
[ITP]: 9.92563006574354e-6
[ITP]: 6.9119921211058255e-6
[ITP]: 4.82976755122877e-6
[ITP]: 3.384510666504248e-6
[ITP]: 2.3775199649023193e-6
[ITP]: 1.6736194445865493e-6
[ITP]: 1.1802274751948616e-6
[ITP]: 8.335748883370186e-7
[ITP]: 5.895273362810372e-7
[ITP]: 4.174150680658073e-7
[ITP]: 2.958509506267859e-7
[ITP]: 2.098764437796774e-7
[ITP]: 1.4900242706339384e-7
[ITP]: 1.0585745457980522e-7
[ITP]: 7.525113565609587e-8
[ITP]: 5.352267851144177e-8
[ITP]: 3.808635307134267e-8
[ITP]: 2.7113442158110956e-8
[ITP]: 1.9309163601377577e-8
[ITP]: 1.3755872219078924e-8
[ITP]: 9.802639699962867e-9
Energy of ground state: -0.5030607411950042
[TDSE] Start TDSE-SH for elliptical polarized laser. It may cost a plenty of time.
[TDSE] Running TDSE-SH-elliptical. step 0, energy = -0.5030607411950033
  |->  par_lens = 1, 1, 1
[TDSE] Running TDSE-SH-elliptical. step 200, energy = -0.5030607411948618
  |->  par_lens = 1, 1, 1
[TDSE] Running TDSE-SH-elliptical. step 400, energy = -0.5030607411947207
  |->  par_lens = 1, 1, 1
[TDSE] Running TDSE-SH-elliptical. step 600, energy = -0.5030607411945814
  |->  par_lens = 1, 1, 1
[TDSE] Running TDSE-SH-elliptical. step 800, energy = -0.5030607411944379
  |->  par_lens = 1, 1, 2
[TDSE] Running TDSE-SH-elliptical. step 1000, energy = -0.5030607411942858
  |->  par_lens = 1, 1, 2
[TDSE] Running TDSE-SH-elliptical. step 1200, energy = -0.5030607411941166
  |->  par_lens = 1, 1, 2
[TDSE] Running TDSE-SH-elliptical. step 1400, energy = -0.5030607411939244
  |->  par_lens = 1, 1, 2
[TDSE] Running TDSE-SH-elliptical. step 1600, energy = -0.5030607411937275
  |->  par_lens = 1, 1, 2
[TDSE] Running TDSE-SH-elliptical. step 1800, energy = -0.5030607411934808
  |->  par_lens = 1, 1, 2
[TDSE] Running TDSE-SH-elliptical. step 2000, energy = -0.5030607411932125
  |->  par_lens = 1, 1, 2
[TDSE] Running TDSE-SH-elliptical. step 2200, energy = -0.503060741192808
  |->  par_lens = 1, 1, 2
[TDSE] Running TDSE-SH-elliptical. step 2400, energy = -0.5030607411923763
  |->  par_lens = 1, 1, 2
[TDSE] Running TDSE-SH-elliptical. step 2600, energy = -0.503060741191797
  |->  par_lens = 1, 1, 2
[TDSE] Running TDSE-SH-elliptical. step 2800, energy = -0.5030607411911475
  |->  par_lens = 1, 1, 2
[TDSE] Running TDSE-SH-elliptical. step 3000, energy = -0.5030607411903074
  |->  par_lens = 1, 1, 2
[TDSE] Running TDSE-SH-elliptical. step 3200, energy = -0.5030607411894061
  |->  par_lens = 1, 1, 2
[TDSE] Running TDSE-SH-elliptical. step 3400, energy = -0.5030607411882891
  |->  par_lens = 1, 1, 2
[TDSE] Running TDSE-SH-elliptical. step 3600, energy = -0.5030607411871396
  |->  par_lens = 1, 1, 2
[TDSE] Running TDSE-SH-elliptical. step 3800, energy = -0.5030607411858049
  |->  par_lens = 1, 1, 2
[TDSE] Running TDSE-SH-elliptical. step 4000, energy = -0.5030607411844573
  |->  par_lens = 1, 1, 2
[TDSE] Running TDSE-SH-elliptical. step 4200, energy = -0.503060741182962
  |->  par_lens = 1, 1, 2
[TDSE] Running TDSE-SH-elliptical. step 4400, energy = -0.5030607411815083
  |->  par_lens = 1, 1, 2
[TDSE] Running TDSE-SH-elliptical. step 4600, energy = -0.5030607411799716
  |->  par_lens = 1, 1, 2
[TDSE] Running TDSE-SH-elliptical. step 4800, energy = -0.5030607411784986
  |->  par_lens = 1, 1, 2
[TDSE] Running TDSE-SH-elliptical. step 5000, energy = -0.5030607411770652
  |->  par_lens = 1, 1, 2
[TDSE] Running TDSE-SH-elliptical. step 5200, energy = -0.5030607411756911
  |->  par_lens = 1, 1, 2
[TDSE] Running TDSE-SH-elliptical. step 5400, energy = -0.5030607411744317
  |->  par_lens = 1, 1, 2
[TDSE] Running TDSE-SH-elliptical. step 5600, energy = -0.5030607411732589
  |->  par_lens = 1, 1, 2
[TDSE] Running TDSE-SH-elliptical. step 5800, energy = -0.5030607411722873
  |->  par_lens = 1, 1, 2
[TDSE] Running TDSE-SH-elliptical. step 6000, energy = -0.5030607411713703
  |->  par_lens = 1, 1, 2
[TDSE] Running TDSE-SH-elliptical. step 6200, energy = -0.5030607411707284
  |->  par_lens = 1, 1, 2
[TDSE] Running TDSE-SH-elliptical. step 6400, energy = -0.5030607411700764
  |->  par_lens = 1, 1, 2
[TDSE] Running TDSE-SH-elliptical. step 6600, energy = -0.5030607411697176
  |->  par_lens = 1, 1, 2
[TDSE] Running TDSE-SH-elliptical. step 6800, energy = -0.5030607411692704
  |->  par_lens = 1, 1, 2
[TDSE] Running TDSE-SH-elliptical. step 7000, energy = -0.5030607411691006
  |->  par_lens = 1, 1, 2
[TDSE] Running TDSE-SH-elliptical. step 7200, energy = -0.5030607411688058
  |->  par_lens = 1, 1, 2
[TDSE] Running TDSE-SH-elliptical. step 7400, energy = -0.503060741168759
  |->  par_lens = 1, 1, 2
[TDSE] Running TDSE-SH-elliptical. step 7600, energy = -0.503060741168493
  |->  par_lens = 1, 1, 2
[TDSE] Running TDSE-SH-elliptical. step 7800, energy = -0.5030607411684075
  |->  par_lens = 1, 1, 2
[TDSE] Running TDSE-SH-elliptical. step 8000, energy = -0.503060741168052
  |->  par_lens = 1, 1, 2
[TDSE] Running TDSE-SH-elliptical. step 8200, energy = -0.5030607411677298
  |->  par_lens = 1, 1, 2
[TDSE] Running TDSE-SH-elliptical. step 8400, energy = -0.5030607411670901
  |->  par_lens = 1, 1, 2
[TDSE] Running TDSE-SH-elliptical. step 8600, energy = -0.5030607411664045
  |->  par_lens = 1, 1, 2
[TDSE] Running TDSE-SH-elliptical. step 8800, energy = -0.503060741165298
  |->  par_lens = 1, 1, 2
[TDSE] Running TDSE-SH-elliptical. step 9000, energy = -0.5030607411639951
  |->  par_lens = 1, 1, 2
[TDSE] Running TDSE-SH-elliptical. step 9200, energy = -0.5030607411621772
  |->  par_lens = 1, 1, 2
[TDSE] Running TDSE-SH-elliptical. step 9400, energy = -0.5030607411599436
  |->  par_lens = 1, 1, 2
[TDSE] Running TDSE-SH-elliptical. step 9600, energy = -0.5030607411570563
  |->  par_lens = 1, 1, 2
[TDSE] Running TDSE-SH-elliptical. step 9800, energy = -0.5030607411534636
  |->  par_lens = 1, 1, 2
[TDSE] Running TDSE-SH-elliptical. step 10000, energy = -0.5030607411490235
  |->  par_lens = 1, 1, 2
[TDSE] Running TDSE-SH-elliptical. step 10200, energy = -0.5030607399392728
  |->  par_lens = 1, 1, 2
[TDSE] Running TDSE-SH-elliptical. step 10400, energy = -0.5030606760557924
  |->  par_lens = 2, 2, 2
[TDSE] Running TDSE-SH-elliptical. step 10600, energy = -0.5030604861362176
  |->  par_lens = 2, 2, 2
[TDSE] Running TDSE-SH-elliptical. step 10800, energy = -0.5030599666476614
  |->  par_lens = 2, 2, 2
[TDSE] Running TDSE-SH-elliptical. step 11000, energy = -0.5030525797601356
  |->  par_lens = 3, 2, 2
[TDSE] Running TDSE-SH-elliptical. step 11200, energy = -0.5030163725507961
  |->  par_lens = 4, 3, 3
[TDSE] Running TDSE-SH-elliptical. step 11400, energy = -0.5029347874127368
  |->  par_lens = 4, 3, 3
[TDSE] Running TDSE-SH-elliptical. step 11600, energy = -0.5028501689007596
  |->  par_lens = 4, 4, 5
[TDSE] Running TDSE-SH-elliptical. step 11800, energy = -0.5028625600482048
  |->  par_lens = 5, 5, 4
[TDSE] Running TDSE-SH-elliptical. step 12000, energy = -0.5029641271922439
  |->  par_lens = 4, 4, 3
[TDSE] Running TDSE-SH-elliptical. step 12200, energy = -0.5029033331176957
  |->  par_lens = 4, 4, 3
[TDSE] Running TDSE-SH-elliptical. step 12400, energy = -0.5023831615452454
  |->  par_lens = 5, 5, 5
[TDSE] Running TDSE-SH-elliptical. step 12600, energy = -0.5015800417719918
  |->  par_lens = 7, 7, 7
[TDSE] Running TDSE-SH-elliptical. step 12800, energy = -0.5012443825309024
  |->  par_lens = 7, 7, 7
[TDSE] Running TDSE-SH-elliptical. step 13000, energy = -0.501872873643969
  |->  par_lens = 6, 6, 7
[TDSE] Running TDSE-SH-elliptical. step 13200, energy = -0.5026371341850637
  |->  par_lens = 6, 5, 6
[TDSE] Running TDSE-SH-elliptical. step 13400, energy = -0.5018371313309662
  |->  par_lens = 6, 6, 7
[TDSE] Running TDSE-SH-elliptical. step 13600, energy = -0.4990209369034493
  |->  par_lens = 9, 9, 8
[TDSE] Running TDSE-SH-elliptical. step 13800, energy = -0.49640770975949794
  |->  par_lens = 10, 10, 10
[TDSE] Running TDSE-SH-elliptical. step 14000, energy = -0.4969529727448002
  |->  par_lens = 11, 10, 10
[TDSE] Running TDSE-SH-elliptical. step 14200, energy = -0.5002340550674778
  |->  par_lens = 11, 11, 12
[TDSE] Running TDSE-SH-elliptical. step 14400, energy = -0.5015360550123741
  |->  par_lens = 12, 11, 12
[TDSE] Running TDSE-SH-elliptical. step 14600, energy = -0.4967286785562543
  |->  par_lens = 12, 12, 13
[TDSE] Running TDSE-SH-elliptical. step 14800, energy = -0.4885275432666141
  |->  par_lens = 14, 13, 14
[TDSE] Running TDSE-SH-elliptical. step 15000, energy = -0.48514569143253417
  |->  par_lens = 16, 17, 16
[TDSE] Running TDSE-SH-elliptical. step 15200, energy = -0.4910362905422949
  |->  par_lens = 18, 18, 18
[TDSE] Running TDSE-SH-elliptical. step 15400, energy = -0.4990998562483127
  |->  par_lens = 20, 20, 21
[TDSE] Running TDSE-SH-elliptical. step 15600, energy = -0.4968499568557797
  |->  par_lens = 20, 20, 21
[TDSE] Running TDSE-SH-elliptical. step 15800, energy = -0.48156896683585637
  |->  par_lens = 19, 20, 19
[TDSE] Running TDSE-SH-elliptical. step 16000, energy = -0.4671131283014394
  |->  par_lens = 25, 23, 23
[TDSE] Running TDSE-SH-elliptical. step 16200, energy = -0.4696264760531359
  |->  par_lens = 28, 28, 28
[TDSE] Running TDSE-SH-elliptical. step 16400, energy = -0.4871010771059555
  |->  par_lens = 33, 32, 32
[TDSE] Running TDSE-SH-elliptical. step 16600, energy = -0.49685699930351557
  |->  par_lens = 34, 35, 33
[TDSE] Running TDSE-SH-elliptical. step 16800, energy = -0.48057074645980435
  |->  par_lens = 35, 34, 34
[TDSE] Running TDSE-SH-elliptical. step 17000, energy = -0.44949118860234955
  |->  par_lens = 32, 28, 33
[TDSE] Running TDSE-SH-elliptical. step 17200, energy = -0.43634728838531583
  |->  par_lens = 39, 39, 40
[TDSE] Running TDSE-SH-elliptical. step 17400, energy = -0.4569429442932351
  |->  par_lens = 48, 50, 49
[TDSE] Running TDSE-SH-elliptical. step 17600, energy = -0.48766984961488746
  |->  par_lens = 58, 56, 56
[TDSE] Running TDSE-SH-elliptical. step 17800, energy = -0.4860786173917295
  |->  par_lens = 59, 57, 58
[TDSE] Running TDSE-SH-elliptical. step 18000, energy = -0.4430400736943536
  |->  par_lens = 52, 51, 55
[TDSE] Running TDSE-SH-elliptical. step 18200, energy = -0.40103334368002963
  |->  par_lens = 51, 53, 49
[TDSE] Running TDSE-SH-elliptical. step 18400, energy = -0.406681566264253
  |->  par_lens = 68, 69, 69
[TDSE] Running TDSE-SH-elliptical. step 18600, energy = -0.4551959029739033
  |->  par_lens = 84, 85, 85
[TDSE] Running TDSE-SH-elliptical. step 18800, energy = -0.4869625195624479
  |->  par_lens = 92, 91, 92
[TDSE] Running TDSE-SH-elliptical. step 19000, energy = -0.45239684321791546
  |->  par_lens = 94, 92, 92
[TDSE] Running TDSE-SH-elliptical. step 19200, energy = -0.3792886080698238
  |->  par_lens = 78, 81, 75
[TDSE] Running TDSE-SH-elliptical. step 19400, energy = -0.34795344829106417
  |->  par_lens = 84, 87, 82
[TDSE] Running TDSE-SH-elliptical. step 19600, energy = -0.391857306923669
  |->  par_lens = 117, 114, 113
[TDSE] Running TDSE-SH-elliptical. step 19800, energy = -0.464850707488978
  |->  par_lens = 137, 135, 136
[TDSE] Running TDSE-SH-elliptical. step 20000, energy = -0.47013257949142623
  |->  par_lens = 142, 140, 140
[TDSE] Running TDSE-SH-elliptical. step 20200, energy = -0.3857157016329648
  |->  par_lens = 138, 133, 139
[TDSE] Running TDSE-SH-elliptical. step 20400, energy = -0.3011312156232658
  |->  par_lens = 103, 105, 105
[TDSE] Running TDSE-SH-elliptical. step 20600, energy = -0.3115671880683551
  |->  par_lens = 135, 139, 138
[TDSE] Running TDSE-SH-elliptical. step 20800, energy = -0.40170215034690226
  |->  par_lens = 179, 180, 183
[TDSE] Running TDSE-SH-elliptical. step 21000, energy = -0.47117558018945394
  |->  par_lens = 199, 201, 197
[TDSE] Running TDSE-SH-elliptical. step 21200, energy = -0.41710368332016073
  |->  par_lens = 203, 205, 202
[TDSE] Running TDSE-SH-elliptical. step 21400, energy = -0.28875576272459236
  |->  par_lens = 183, 180, 176
[TDSE] Running TDSE-SH-elliptical. step 21600, energy = -0.23451938408087167
  |->  par_lens = 158, 164, 158
[TDSE] Running TDSE-SH-elliptical. step 21800, energy = -0.3049895304761039
  |->  par_lens = 212, 215, 217
[TDSE] Running TDSE-SH-elliptical. step 22000, energy = -0.4297339773432699
  |->  par_lens = 262, 264, 263
[TDSE] Running TDSE-SH-elliptical. step 22200, energy = -0.451144455394212
  |->  par_lens = 273, 273, 274
[TDSE] Running TDSE-SH-elliptical. step 22400, energy = -0.322742326018403
  |->  par_lens = 263, 262, 268
[TDSE] Running TDSE-SH-elliptical. step 22600, energy = -0.18923392328834532
  |->  par_lens = 223, 214, 227
[TDSE] Running TDSE-SH-elliptical. step 22800, energy = -0.2085317123231325
  |->  par_lens = 254, 247, 238
[TDSE] Running TDSE-SH-elliptical. step 23000, energy = -0.3338727009012554
  |->  par_lens = 315, 312, 316
[TDSE] Running TDSE-SH-elliptical. step 23200, energy = -0.4469507383074742
  |->  par_lens = 346, 343, 346
[TDSE] Running TDSE-SH-elliptical. step 23400, energy = -0.38274744481545875
  |->  par_lens = 345, 345, 347
[TDSE] Running TDSE-SH-elliptical. step 23600, energy = -0.20291728662364872
  |->  par_lens = 307, 305, 312
[TDSE] Running TDSE-SH-elliptical. step 23800, energy = -0.12552406711000233
  |->  par_lens = 287, 272, 272
[TDSE] Running TDSE-SH-elliptical. step 24000, energy = -0.22173188678653807
  |->  par_lens = 345, 339, 340
[TDSE] Running TDSE-SH-elliptical. step 24200, energy = -0.3840782755902478
  |->  par_lens = 409, 403, 409
[TDSE] Running TDSE-SH-elliptical. step 24400, energy = -0.4265178755883903
  |->  par_lens = 417, 419, 422
[TDSE] Running TDSE-SH-elliptical. step 24600, energy = -0.27296567044416936
  |->  par_lens = 405, 405, 403
[TDSE] Running TDSE-SH-elliptical. step 24800, energy = -0.10063239242281945
  |->  par_lens = 355, 357, 355
[TDSE] Running TDSE-SH-elliptical. step 25000, energy = -0.12606471203902608
  |->  par_lens = 360, 366, 356
[TDSE] Running TDSE-SH-elliptical. step 25200, energy = -0.2691827259293352
  |->  par_lens = 426, 426, 430
[TDSE] Running TDSE-SH-elliptical. step 25400, energy = -0.4123976887159593
  |->  par_lens = 469, 468, 470
[TDSE] Running TDSE-SH-elliptical. step 25600, energy = -0.3527819994105482
  |->  par_lens = 471, 469, 470
[TDSE] Running TDSE-SH-elliptical. step 25800, energy = -0.1536710355494015
  |->  par_lens = 441, 444, 439
[TDSE] Running TDSE-SH-elliptical. step 26000, energy = -0.058976822013857996
  |->  par_lens = 419, 412, 420
[TDSE] Running TDSE-SH-elliptical. step 26200, energy = -0.16694769729410042
  |->  par_lens = 451, 450, 452
[TDSE] Running TDSE-SH-elliptical. step 26400, energy = -0.3379374384817095
  |->  par_lens = 494, 493, 493
[TDSE] Running TDSE-SH-elliptical. step 26600, energy = -0.3979731336868948
  |->  par_lens = 503, 506, 502
[TDSE] Running TDSE-SH-elliptical. step 26800, energy = -0.25123792641944087
  |->  par_lens = 500, 500, 503
[TDSE] Running TDSE-SH-elliptical. step 27000, energy = -0.0709479644820708
  |->  par_lens = 484, 477, 481
[TDSE] Running TDSE-SH-elliptical. step 27200, energy = -0.0952520013169985
  |->  par_lens = 480, 489, 491
[TDSE] Running TDSE-SH-elliptical. step 27400, energy = -0.2300863352882295
  |->  par_lens = 499, 504, 507
[TDSE] Running TDSE-SH-elliptical. step 27600, energy = -0.3777995044709902
  |->  par_lens = 518, 513, 518
[TDSE] Running TDSE-SH-elliptical. step 27800, energy = -0.33560112383928775
  |->  par_lens = 519, 515, 518
[TDSE] Running TDSE-SH-elliptical. step 28000, energy = -0.15353910982847185
  |->  par_lens = 513, 512, 506
[TDSE] Running TDSE-SH-elliptical. step 28200, energy = -0.06302219122709128
  |->  par_lens = 500, 490, 499
[TDSE] Running TDSE-SH-elliptical. step 28400, energy = -0.155729662314138
  |->  par_lens = 508, 511, 510
[TDSE] Running TDSE-SH-elliptical. step 28600, energy = -0.31187067522993983
  |->  par_lens = 523, 527, 522
[TDSE] Running TDSE-SH-elliptical. step 28800, energy = -0.3763117445904675
  |->  par_lens = 531, 533, 529
[TDSE] Running TDSE-SH-elliptical. step 29000, energy = -0.25785119549708185
  |->  par_lens = 528, 529, 526
[TDSE] Running TDSE-SH-elliptical. step 29200, energy = -0.10781551770430982
  |->  par_lens = 513, 515, 520
[TDSE] Running TDSE-SH-elliptical. step 29400, energy = -0.12049824689683776
  |->  par_lens = 514, 512, 520
[TDSE] Running TDSE-SH-elliptical. step 29600, energy = -0.2287576080009454
  |->  par_lens = 520, 530, 528
[TDSE] Running TDSE-SH-elliptical. step 29800, energy = -0.36121715349858535
  |->  par_lens = 537, 539, 533
[TDSE] Running TDSE-SH-elliptical. step 30000, energy = -0.33832922357409656
  |->  par_lens = 538, 538, 539
[TDSE] Running TDSE-SH-elliptical. step 30200, energy = -0.19936775129255446
  |->  par_lens = 531, 531, 535
[TDSE] Running TDSE-SH-elliptical. step 30400, energy = -0.12760041066213967
  |->  par_lens = 517, 518, 527
[TDSE] Running TDSE-SH-elliptical. step 30600, energy = -0.1885651324903306
  |->  par_lens = 532, 532, 533
[TDSE] Running TDSE-SH-elliptical. step 30800, energy = -0.3126116282117031
  |->  par_lens = 537, 543, 542
[TDSE] Running TDSE-SH-elliptical. step 31000, energy = -0.3723811625832626
  |->  par_lens = 542, 541, 545
[TDSE] Running TDSE-SH-elliptical. step 31200, energy = -0.29591060920285095
  |->  par_lens = 539, 542, 539
[TDSE] Running TDSE-SH-elliptical. step 31400, energy = -0.19297695504800103
  |->  par_lens = 529, 530, 528
[TDSE] Running TDSE-SH-elliptical. step 31600, energy = -0.18739731230089296
  |->  par_lens = 526, 526, 521
[TDSE] Running TDSE-SH-elliptical. step 31800, energy = -0.27100678971004083
  |->  par_lens = 527, 534, 531
[TDSE] Running TDSE-SH-elliptical. step 32000, energy = -0.3681563742553062
  |->  par_lens = 537, 540, 541
[TDSE] Running TDSE-SH-elliptical. step 32200, energy = -0.3595656694891724
  |->  par_lens = 534, 540, 543
[TDSE] Running TDSE-SH-elliptical. step 32400, energy = -0.2702679782927354
  |->  par_lens = 533, 546, 541
[TDSE] Running TDSE-SH-elliptical. step 32600, energy = -0.22346307663898093
  |->  par_lens = 534, 537, 533
[TDSE] Running TDSE-SH-elliptical. step 32800, energy = -0.2589205833579472
  |->  par_lens = 541, 542, 538
[TDSE] Running TDSE-SH-elliptical. step 33000, energy = -0.3400520916238296
  |->  par_lens = 540, 545, 544
[TDSE] Running TDSE-SH-elliptical. step 33200, energy = -0.383178164599331
  |->  par_lens = 541, 546, 544
[TDSE] Running TDSE-SH-elliptical. step 33400, energy = -0.34230807581451406
  |->  par_lens = 542, 543, 544
[TDSE] Running TDSE-SH-elliptical. step 33600, energy = -0.2820068853145545
  |->  par_lens = 536, 543, 542
[TDSE] Running TDSE-SH-elliptical. step 33800, energy = -0.27801770221000305
  |->  par_lens = 526, 535, 530
[TDSE] Running TDSE-SH-elliptical. step 34000, energy = -0.3236322003007256
  |->  par_lens = 533, 535, 539
[TDSE] Running TDSE-SH-elliptical. step 34200, energy = -0.37951289372438535
  |->  par_lens = 534, 538, 539
[TDSE] Running TDSE-SH-elliptical. step 34400, energy = -0.38091657614107655
  |->  par_lens = 539, 536, 538
[TDSE] Running TDSE-SH-elliptical. step 34600, energy = -0.3396128992042121
  |->  par_lens = 533, 533, 533
[TDSE] Running TDSE-SH-elliptical. step 34800, energy = -0.3081392886196592
  |->  par_lens = 526, 530, 530
[TDSE] Running TDSE-SH-elliptical. step 35000, energy = -0.32773371700863557
  |->  par_lens = 526, 527, 526
[TDSE] Running TDSE-SH-elliptical. step 35200, energy = -0.3681491624983993
  |->  par_lens = 524, 531, 526
[TDSE] Running TDSE-SH-elliptical. step 35400, energy = -0.3919062740804715
  |->  par_lens = 514, 530, 521
[TDSE] Running TDSE-SH-elliptical. step 35600, energy = -0.3774717093999272
  |->  par_lens = 507, 520, 515
[TDSE] Running TDSE-SH-elliptical. step 35800, energy = -0.3534110480664693
  |->  par_lens = 497, 507, 494
[TDSE] Running TDSE-SH-elliptical. step 36000, energy = -0.3425290335874542
  |->  par_lens = 477, 484, 489
[TDSE] Running TDSE-SH-elliptical. step 36200, energy = -0.3716252379710544
  |->  par_lens = 476, 470, 466
[TDSE] Running TDSE-SH-elliptical. step 36400, energy = -0.3896391173799128
  |->  par_lens = 453, 463, 464
[TDSE] Running TDSE-SH-elliptical. step 36600, energy = -0.3948189852252203
  |->  par_lens = 443, 446, 453
[TDSE] Running TDSE-SH-elliptical. step 36800, energy = -0.3782506438686599
  |->  par_lens = 432, 436, 441
[TDSE] Running TDSE-SH-elliptical. step 37000, energy = -0.3695369030569964
  |->  par_lens = 403, 410, 419
[TDSE] Running TDSE-SH-elliptical. step 37200, energy = -0.37374079346867833
  |->  par_lens = 386, 384, 396
[TDSE] Running TDSE-SH-elliptical. step 37400, energy = -0.388642360647905
  |->  par_lens = 379, 376, 379
[TDSE] Running TDSE-SH-elliptical. step 37600, energy = -0.39887103553082137
  |->  par_lens = 370, 366, 374
[TDSE] Running TDSE-SH-elliptical. step 37800, energy = -0.39539701912051345
  |->  par_lens = 361, 358, 364
[TDSE] Running TDSE-SH-elliptical. step 38000, energy = -0.3872915012362046
  |->  par_lens = 340, 345, 343
[TDSE] Running TDSE-SH-elliptical. step 38200, energy = -0.38829682412672534
  |->  par_lens = 317, 315, 307
[TDSE] Running TDSE-SH-elliptical. step 38400, energy = -0.3907187206836369
  |->  par_lens = 295, 290, 291
[TDSE] Running TDSE-SH-elliptical. step 38600, energy = -0.39944898879507174
  |->  par_lens = 285, 284, 279
[TDSE] Running TDSE-SH-elliptical. step 38800, energy = -0.39948564331841274
  |->  par_lens = 281, 268, 265
[TDSE] Running TDSE-SH-elliptical. step 39000, energy = -0.39718931614631037
  |->  par_lens = 276, 262, 257
[TDSE] Running TDSE-SH-elliptical. step 39200, energy = -0.39543242406819784
  |->  par_lens = 260, 247, 251
[TDSE] Running TDSE-SH-elliptical. step 39400, energy = -0.395625792255581
  |->  par_lens = 253, 248, 257
[TDSE] Running TDSE-SH-elliptical. step 39600, energy = -0.39970415280573035
  |->  par_lens = 259, 250, 256
[TDSE] Running TDSE-SH-elliptical. step 39800, energy = -0.40064468197617775
  |->  par_lens = 257, 250, 251
[TDSE] Running TDSE-SH-elliptical. step 40000, energy = -0.40126297257235166
  |->  par_lens = 251, 247, 247
[TDSE] Running TDSE-SH-elliptical. step 40200, energy = -0.40071952750909723
  |->  par_lens = 248, 243, 246
[TDSE] Running TDSE-SH-elliptical. step 40400, energy = -0.40037510308508206
  |->  par_lens = 240, 239, 238
[TDSE] Running TDSE-SH-elliptical. step 40600, energy = -0.40156384306169046
  |->  par_lens = 231, 233, 230
[TDSE] Running TDSE-SH-elliptical. step 40800, energy = -0.4018833309185263
  |->  par_lens = 221, 229, 224
[TDSE] Running TDSE-SH-elliptical. step 41000, energy = -0.40234550174643463
  |->  par_lens = 217, 218, 217
[TDSE] Running TDSE-SH-elliptical. step 41200, energy = -0.4025832161775474
  |->  par_lens = 213, 215, 213
[TDSE] Running TDSE-SH-elliptical. step 41400, energy = -0.40244097226813674
  |->  par_lens = 210, 215, 213
[TDSE] Running TDSE-SH-elliptical. step 41600, energy = -0.4029557989370116
  |->  par_lens = 210, 214, 212
[TDSE] Running TDSE-SH-elliptical. step 41800, energy = -0.40319548502138897
  |->  par_lens = 208, 211, 211
[TDSE] Running TDSE-SH-elliptical. step 42000, energy = -0.40355089235315467
  |->  par_lens = 207, 210, 208
[TDSE] Running TDSE-SH-elliptical. step 42200, energy = -0.40381469697045635
  |->  par_lens = 206, 208, 208
[TDSE] Running TDSE-SH-elliptical. step 42400, energy = -0.4041674012038158
  |->  par_lens = 205, 207, 208
[TDSE] Running TDSE-SH-elliptical. step 42600, energy = -0.40444666305865734
  |->  par_lens = 205, 206, 205
[TDSE] Running TDSE-SH-elliptical. step 42800, energy = -0.4047284788431792
  |->  par_lens = 203, 205, 204
[TDSE] Running TDSE-SH-elliptical. step 43000, energy = -0.40505279352626455
  |->  par_lens = 201, 203, 203
[TDSE] Running TDSE-SH-elliptical. step 43200, energy = -0.4053721148666222
  |->  par_lens = 200, 203, 202
[TDSE] Running TDSE-SH-elliptical. step 43400, energy = -0.4057023149610976
  |->  par_lens = 200, 201, 202
[TDSE] Running TDSE-SH-elliptical. step 43600, energy = -0.40601730703337263
  |->  par_lens = 199, 200, 200
[TDSE] Running TDSE-SH-elliptical. step 43800, energy = -0.40636516134591866
  |->  par_lens = 198, 199, 200
[TDSE] Running TDSE-SH-elliptical. step 44000, energy = -0.406676373279992
  |->  par_lens = 196, 198, 199
[TDSE] Running TDSE-SH-elliptical. step 44200, energy = -0.4071461406477155
  |->  par_lens = 196, 198, 197
[TDSE] Running TDSE-SH-elliptical. step 44400, energy = -0.4075408535770117
  |->  par_lens = 194, 194, 196
[TDSE] Running TDSE-SH-elliptical. step 44600, energy = -0.4079581727723034
  |->  par_lens = 193, 193, 196
[TDSE] Running TDSE-SH-elliptical. step 44800, energy = -0.40809021156986913
  |->  par_lens = 193, 192, 194
[TDSE] Running TDSE-SH-elliptical. step 45000, energy = -0.4082974431139463
  |->  par_lens = 189, 191, 191
