  Activating project at `~/JuliaProp_v0.1`
[ITP]: 10000.471108571397
[ITP]: 0.022107823405609905
[ITP]: 0.004976805475414736
[ITP]: 0.0021058954092971205
[ITP]: 0.001084104546129061
[ITP]: 0.0006160870179273692
[ITP]: 0.0003714642087823128
[ITP]: 0.00023286611963801995
[ITP]: 0.0001500123428329614
[ITP]: 9.857967926441003e-5
[ITP]: 6.57601184761436e-5
[ITP]: 4.43786526744816e-5
[ITP]: 3.022437766897479e-5
[ITP]: 2.0735965556739622e-5
[ITP]: 1.4311264988853267e-5
[ITP]: 9.92563006574354e-6
[ITP]: 6.9119921211058255e-6
[ITP]: 4.82976755122877e-6
[ITP]: 3.384510666504248e-6
[ITP]: 2.3775199649023193e-6
[ITP]: 1.6736194445865493e-6
[ITP]: 1.1802274751948616e-6
[ITP]: 8.335748883370186e-7
[ITP]: 5.895273362810372e-7
[ITP]: 4.174150680658073e-7
[ITP]: 2.958509506267859e-7
[ITP]: 2.098764437796774e-7
[ITP]: 1.4900242706339384e-7
[ITP]: 1.0585745457980522e-7
[ITP]: 7.525113565609587e-8
[ITP]: 5.352267851144177e-8
[ITP]: 3.808635307134267e-8
[ITP]: 2.7113442158110956e-8
[ITP]: 1.9309163601377577e-8
[ITP]: 1.3755872219078924e-8
[ITP]: 9.802639699962867e-9
Energy of ground state: -0.5030607411950042
[TDSE] Start TDSE-SH for elliptical polarized laser. It may cost a plenty of time.
[TDSE] Running TDSE-SH-elliptical. step 0, energy = -0.5030607411950033
  |->  par_lens = 1, 1, 1
[TDSE] Running TDSE-SH-elliptical. step 200, energy = -0.5030607411947309
  |->  par_lens = 1, 1, 2
[TDSE] Running TDSE-SH-elliptical. step 400, energy = -0.5030607411801359
  |->  par_lens = 1, 1, 2
[TDSE] Running TDSE-SH-elliptical. step 600, energy = -0.5030607410241519
  |->  par_lens = 1, 1, 2
[TDSE] Running TDSE-SH-elliptical. step 800, energy = -0.503060740223181
  |->  par_lens = 1, 1, 2
[TDSE] Running TDSE-SH-elliptical. step 1000, energy = -0.503060737457005
  |->  par_lens = 1, 1, 2
[TDSE] Running TDSE-SH-elliptical. step 1200, energy = -0.5030607299934432
  |->  par_lens = 1, 1, 2
[TDSE] Running TDSE-SH-elliptical. step 1400, energy = -0.503060712882066
  |->  par_lens = 1, 2, 2
[TDSE] Running TDSE-SH-elliptical. step 1600, energy = -0.5030606780556836
  |->  par_lens = 2, 2, 2
[TDSE] Running TDSE-SH-elliptical. step 1800, energy = -0.5030606132351405
  |->  par_lens = 2, 2, 2
[TDSE] Running TDSE-SH-elliptical. step 2000, energy = -0.503060500822543
  |->  par_lens = 2, 2, 2
[TDSE] Running TDSE-SH-elliptical. step 2200, energy = -0.5030603162898005
  |->  par_lens = 2, 2, 2
[TDSE] Running TDSE-SH-elliptical. step 2400, energy = -0.5030600277382784
  |->  par_lens = 2, 2, 2
[TDSE] Running TDSE-SH-elliptical. step 2600, energy = -0.5030595925949468
  |->  par_lens = 2, 2, 2
[TDSE] Running TDSE-SH-elliptical. step 2800, energy = -0.5030589600735837
  |->  par_lens = 2, 2, 2
[TDSE] Running TDSE-SH-elliptical. step 3000, energy = -0.5030580616001284
  |->  par_lens = 2, 2, 2
[TDSE] Running TDSE-SH-elliptical. step 3200, energy = -0.5030568270591671
  |->  par_lens = 2, 2, 2
[TDSE] Running TDSE-SH-elliptical. step 3400, energy = -0.5030551504468297
  |->  par_lens = 2, 2, 2
[TDSE] Running TDSE-SH-elliptical. step 3600, energy = -0.503052941850658
  |->  par_lens = 2, 2, 2
[TDSE] Running TDSE-SH-elliptical. step 3800, energy = -0.5030500531446284
  |->  par_lens = 4, 2, 2
[TDSE] Running TDSE-SH-elliptical. step 4000, energy = -0.5030463739890761
  |->  par_lens = 4, 3, 3
[TDSE] Running TDSE-SH-elliptical. step 4200, energy = -0.5030416973595617
  |->  par_lens = 4, 3, 3
[TDSE] Running TDSE-SH-elliptical. step 4400, energy = -0.5030359134328829
  |->  par_lens = 4, 3, 3
[TDSE] Running TDSE-SH-elliptical. step 4600, energy = -0.5030287475547109
  |->  par_lens = 4, 3, 3
[TDSE] Running TDSE-SH-elliptical. step 4800, energy = -0.5030200648918731
  |->  par_lens = 4, 3, 3
[TDSE] Running TDSE-SH-elliptical. step 5000, energy = -0.5030095698968011
  |->  par_lens = 4, 3, 3
[TDSE] Running TDSE-SH-elliptical. step 5200, energy = -0.5029970860152172
  |->  par_lens = 4, 3, 3
[TDSE] Running TDSE-SH-elliptical. step 5400, energy = -0.5029822809425929
  |->  par_lens = 4, 3, 3
[TDSE] Running TDSE-SH-elliptical. step 5600, energy = -0.5029649580080147
  |->  par_lens = 4, 3, 3
[TDSE] Running TDSE-SH-elliptical. step 5800, energy = -0.5029448024081247
  |->  par_lens = 4, 3, 3
[TDSE] Running TDSE-SH-elliptical. step 6000, energy = -0.5029214929681702
  |->  par_lens = 4, 3, 3
[TDSE] Running TDSE-SH-elliptical. step 6200, energy = -0.5028948714772764
  |->  par_lens = 4, 3, 3
[TDSE] Running TDSE-SH-elliptical. step 6400, energy = -0.5028644170853747
  |->  par_lens = 4, 4, 4
[TDSE] Running TDSE-SH-elliptical. step 6600, energy = -0.5028301266883842
  |->  par_lens = 5, 5, 5
[TDSE] Running TDSE-SH-elliptical. step 6800, energy = -0.5027914211539491
  |->  par_lens = 5, 5, 5
[TDSE] Running TDSE-SH-elliptical. step 7000, energy = -0.5027483544248278
  |->  par_lens = 5, 5, 5
[TDSE] Running TDSE-SH-elliptical. step 7200, energy = -0.5027001655272595
  |->  par_lens = 5, 5, 5
[TDSE] Running TDSE-SH-elliptical. step 7400, energy = -0.5026473496582281
  |->  par_lens = 5, 5, 5
[TDSE] Running TDSE-SH-elliptical. step 7600, energy = -0.502588848321289
  |->  par_lens = 5, 5, 5
[TDSE] Running TDSE-SH-elliptical. step 7800, energy = -0.502525101592865
  |->  par_lens = 5, 5, 5
[TDSE] Running TDSE-SH-elliptical. step 8000, energy = -0.5024555327947513
  |->  par_lens = 5, 5, 5
[TDSE] Running TDSE-SH-elliptical. step 8200, energy = -0.5023803894197488
  |->  par_lens = 5, 5, 5
[TDSE] Running TDSE-SH-elliptical. step 8400, energy = -0.5022990022079148
  |->  par_lens = 5, 5, 5
[TDSE] Running TDSE-SH-elliptical. step 8600, energy = -0.5022118409360076
  |->  par_lens = 5, 5, 5
[TDSE] Running TDSE-SH-elliptical. step 8800, energy = -0.5021186371706161
  |->  par_lens = 5, 5, 5
[TDSE] Running TDSE-SH-elliptical. step 9000, energy = -0.5020192150838221
  |->  par_lens = 5, 5, 5
[TDSE] Running TDSE-SH-elliptical. step 9200, energy = -0.5019141547888516
  |->  par_lens = 7, 6, 6
[TDSE] Running TDSE-SH-elliptical. step 9400, energy = -0.5018027086967793
  |->  par_lens = 7, 7, 7
[TDSE] Running TDSE-SH-elliptical. step 9600, energy = -0.5016860379688115
  |->  par_lens = 7, 7, 7
[TDSE] Running TDSE-SH-elliptical. step 9800, energy = -0.5015633562331878
  |->  par_lens = 7, 7, 7
[TDSE] Running TDSE-SH-elliptical. step 10000, energy = -0.5014358087613402
  |->  par_lens = 7, 7, 7
[TDSE] Running TDSE-SH-elliptical. step 10200, energy = -0.501301272108398
  |->  par_lens = 7, 7, 7
[TDSE] Running TDSE-SH-elliptical. step 10400, energy = -0.5011481573954095
  |->  par_lens = 7, 7, 7
[TDSE] Running TDSE-SH-elliptical. step 10600, energy = -0.5009863601182103
  |->  par_lens = 9, 7, 7
[TDSE] Running TDSE-SH-elliptical. step 10800, energy = -0.500884585448544
  |->  par_lens = 9, 9, 9
[TDSE] Running TDSE-SH-elliptical. step 11000, energy = -0.5009194914041528
  |->  par_lens = 10, 9, 9
[TDSE] Running TDSE-SH-elliptical. step 11200, energy = -0.5011201813461309
  |->  par_lens = 10, 9, 9
[TDSE] Running TDSE-SH-elliptical. step 11400, energy = -0.5013874054092898
  |->  par_lens = 10, 9, 9
[TDSE] Running TDSE-SH-elliptical. step 11600, energy = -0.501542063523369
  |->  par_lens = 10, 10, 10
[TDSE] Running TDSE-SH-elliptical. step 11800, energy = -0.5013513401599496
  |->  par_lens = 10, 10, 10
[TDSE] Running TDSE-SH-elliptical. step 12000, energy = -0.5005527510645732
  |->  par_lens = 11, 11, 11
[TDSE] Running TDSE-SH-elliptical. step 12200, energy = -0.4988391013334198
  |->  par_lens = 12, 12, 12
[TDSE] Running TDSE-SH-elliptical. step 12400, energy = -0.49619028765487844
  |->  par_lens = 12, 13, 13
[TDSE] Running TDSE-SH-elliptical. step 12600, energy = -0.4933796623482009
  |->  par_lens = 15, 15, 15
[TDSE] Running TDSE-SH-elliptical. step 12800, energy = -0.4919817541238367
  |->  par_lens = 17, 16, 16
[TDSE] Running TDSE-SH-elliptical. step 13000, energy = -0.49334408088324544
  |->  par_lens = 19, 19, 19
[TDSE] Running TDSE-SH-elliptical. step 13200, energy = -0.4970218070084716
  |->  par_lens = 19, 20, 20
[TDSE] Running TDSE-SH-elliptical. step 13400, energy = -0.5008194057565831
  |->  par_lens = 20, 21, 21
[TDSE] Running TDSE-SH-elliptical. step 13600, energy = -0.502729944281899
  |->  par_lens = 20, 21, 21
[TDSE] Running TDSE-SH-elliptical. step 13800, energy = -0.5029334572566765
  |->  par_lens = 20, 22, 21
[TDSE] Running TDSE-SH-elliptical. step 14000, energy = -0.5028012835168748
  |->  par_lens = 20, 22, 21
[TDSE] Running TDSE-SH-elliptical. step 14200, energy = -0.5015488986177584
  |->  par_lens = 20, 21, 21
[TDSE] Running TDSE-SH-elliptical. step 14400, energy = -0.49525720611588175
  |->  par_lens = 22, 22, 23
[TDSE] Running TDSE-SH-elliptical. step 14600, energy = -0.48143007299922613
  |->  par_lens = 24, 23, 24
[TDSE] Running TDSE-SH-elliptical. step 14800, energy = -0.4651079762387844
  |->  par_lens = 28, 28, 27
[TDSE] Running TDSE-SH-elliptical. step 15000, energy = -0.45744729468468803
  |->  par_lens = 33, 33, 34
[TDSE] Running TDSE-SH-elliptical. step 15200, energy = -0.4659608100157815
  |->  par_lens = 39, 38, 38
[TDSE] Running TDSE-SH-elliptical. step 15400, energy = -0.4846712837101472
  |->  par_lens = 44, 43, 43
[TDSE] Running TDSE-SH-elliptical. step 15600, energy = -0.49862784978907315
  |->  par_lens = 46, 47, 47
[TDSE] Running TDSE-SH-elliptical. step 15800, energy = -0.49897508985009664
  |->  par_lens = 46, 48, 46
[TDSE] Running TDSE-SH-elliptical. step 16000, energy = -0.492878314612158
  |->  par_lens = 45, 46, 43
[TDSE] Running TDSE-SH-elliptical. step 16200, energy = -0.49313429119210217
  |->  par_lens = 45, 42, 44
[TDSE] Running TDSE-SH-elliptical. step 16400, energy = -0.49852155853488134
  |->  par_lens = 42, 41, 41
[TDSE] Running TDSE-SH-elliptical. step 16600, energy = -0.4898041144236994
  |->  par_lens = 42, 38, 41
[TDSE] Running TDSE-SH-elliptical. step 16800, energy = -0.45232868504038193
  |->  par_lens = 44, 46, 45
[TDSE] Running TDSE-SH-elliptical. step 17000, energy = -0.4018256544741293
  |->  par_lens = 55, 54, 54
[TDSE] Running TDSE-SH-elliptical. step 17200, energy = -0.3776696206375504
  |->  par_lens = 69, 69, 67
[TDSE] Running TDSE-SH-elliptical. step 17400, energy = -0.4027909361206804
  |->  par_lens = 86, 85, 83
[TDSE] Running TDSE-SH-elliptical. step 17600, energy = -0.4571170463170905
  |->  par_lens = 100, 99, 98
[TDSE] Running TDSE-SH-elliptical. step 17800, energy = -0.4917435483123088
  |->  par_lens = 107, 106, 105
[TDSE] Running TDSE-SH-elliptical. step 18000, energy = -0.4827401393972536
  |->  par_lens = 107, 108, 106
[TDSE] Running TDSE-SH-elliptical. step 18200, energy = -0.45739675234323784
  |->  par_lens = 102, 99, 100
[TDSE] Running TDSE-SH-elliptical. step 18400, energy = -0.45768044146603554
  |->  par_lens = 87, 88, 86
[TDSE] Running TDSE-SH-elliptical. step 18600, energy = -0.4827985357165783
  |->  par_lens = 76, 80, 79
[TDSE] Running TDSE-SH-elliptical. step 18800, energy = -0.48143176264809723
  |->  par_lens = 77, 81, 79
[TDSE] Running TDSE-SH-elliptical. step 19000, energy = -0.40950855440112177
  |->  par_lens = 88, 83, 85
[TDSE] Running TDSE-SH-elliptical. step 19200, energy = -0.3010702762860602
  |->  par_lens = 108, 110, 108
[TDSE] Running TDSE-SH-elliptical. step 19400, energy = -0.24854147676662375
  |->  par_lens = 139, 141, 140
[TDSE] Running TDSE-SH-elliptical. step 19600, energy = -0.2978335385442039
  |->  par_lens = 185, 185, 182
[TDSE] Running TDSE-SH-elliptical. step 19800, energy = -0.410754080992421
  |->  par_lens = 226, 225, 224
[TDSE] Running TDSE-SH-elliptical. step 20000, energy = -0.47873598433466097
  |->  par_lens = 242, 242, 245
[TDSE] Running TDSE-SH-elliptical. step 20200, energy = -0.4531751752419523
  |->  par_lens = 247, 247, 247
[TDSE] Running TDSE-SH-elliptical. step 20400, energy = -0.3954192324098348
  |->  par_lens = 234, 229, 231
[TDSE] Running TDSE-SH-elliptical. step 20600, energy = -0.39588853599410767
  |->  par_lens = 191, 201, 205
[TDSE] Running TDSE-SH-elliptical. step 20800, energy = -0.4499247476301059
  |->  par_lens = 172, 170, 176
[TDSE] Running TDSE-SH-elliptical. step 21000, energy = -0.46967426237275345
  |->  par_lens = 169, 174, 182
[TDSE] Running TDSE-SH-elliptical. step 21200, energy = -0.3609180054006438
  |->  par_lens = 181, 178, 183
[TDSE] Running TDSE-SH-elliptical. step 21400, energy = -0.17849541638868885
  |->  par_lens = 215, 222, 225
[TDSE] Running TDSE-SH-elliptical. step 21600, energy = -0.0901827941463433
  |->  par_lens = 300, 300, 298
[TDSE] Running TDSE-SH-elliptical. step 21800, energy = -0.16774917939523457
  |->  par_lens = 410, 412, 412
[TDSE] Running TDSE-SH-elliptical. step 22000, energy = -0.34683349690845194
  |->  par_lens = 500, 501, 500
[TDSE] Running TDSE-SH-elliptical. step 22200, energy = -0.4587715497004846
  |->  par_lens = 532, 534, 531
[TDSE] Running TDSE-SH-elliptical. step 22400, energy = -0.41652776441796513
  |->  par_lens = 541, 542, 540
[TDSE] Running TDSE-SH-elliptical. step 22600, energy = -0.3209577664677554
  |->  par_lens = 540, 540, 535
[TDSE] Running TDSE-SH-elliptical. step 22800, energy = -0.32404780419459367
  |->  par_lens = 500, 502, 503
[TDSE] Running TDSE-SH-elliptical. step 23000, energy = -0.40425519862923565
  |->  par_lens = 465, 457, 468
[TDSE] Running TDSE-SH-elliptical. step 23200, energy = -0.45166390221536074
  |->  par_lens = 442, 446, 449
[TDSE] Running TDSE-SH-elliptical. step 23400, energy = -0.318059345522114
  |->  par_lens = 446, 449, 457
[TDSE] Running TDSE-SH-elliptical. step 23600, energy = -0.06787373284566288
  |->  par_lens = 502, 508, 496
[TDSE] Running TDSE-SH-elliptical. step 23800, energy = 0.05738343929373941
  |->  par_lens = 576, 570, 568
[TDSE] Running TDSE-SH-elliptical. step 24000, energy = -0.04936845226708878
  |->  par_lens = 590, 590, 590
[TDSE] Running TDSE-SH-elliptical. step 24200, energy = -0.27288592592719374
  |->  par_lens = 590, 590, 590
[TDSE] Running TDSE-SH-elliptical. step 24400, energy = -0.42729795885789695
  |->  par_lens = 590, 590, 590
[TDSE] Running TDSE-SH-elliptical. step 24600, energy = -0.3814742123771586
  |->  par_lens = 590, 590, 590
[TDSE] Running TDSE-SH-elliptical. step 24800, energy = -0.25747870436650483
  |->  par_lens = 590, 590, 590
[TDSE] Running TDSE-SH-elliptical. step 25000, energy = -0.2621280057093371
  |->  par_lens = 590, 590, 590
[TDSE] Running TDSE-SH-elliptical. step 25200, energy = -0.3568484788240968
  |->  par_lens = 590, 590, 590
[TDSE] Running TDSE-SH-elliptical. step 25400, energy = -0.42316541785971645
  |->  par_lens = 590, 590, 590
[TDSE] Running TDSE-SH-elliptical. step 25600, energy = -0.28545839985184424
  |->  par_lens = 590, 590, 590
[TDSE] Running TDSE-SH-elliptical. step 25800, energy = -0.006199637716937181
  |->  par_lens = 590, 590, 590
[TDSE] Running TDSE-SH-elliptical. step 26000, energy = 0.14397694828686244
  |->  par_lens = 590, 590, 590
[TDSE] Running TDSE-SH-elliptical. step 26200, energy = 0.023294446284222173
  |->  par_lens = 590, 590, 590
[TDSE] Running TDSE-SH-elliptical. step 26400, energy = -0.20884555662912055
  |->  par_lens = 590, 590, 590
[TDSE] Running TDSE-SH-elliptical. step 26600, energy = -0.3886728678334141
  |->  par_lens = 590, 590, 590
[TDSE] Running TDSE-SH-elliptical. step 26800, energy = -0.3566825535575217
  |->  par_lens = 590, 590, 590
[TDSE] Running TDSE-SH-elliptical. step 27000, energy = -0.2306122408650387
  |->  par_lens = 590, 590, 590
[TDSE] Running TDSE-SH-elliptical. step 27200, energy = -0.2343403520922683
  |->  par_lens = 590, 590, 590
[TDSE] Running TDSE-SH-elliptical. step 27400, energy = -0.3232293240657407
  |->  par_lens = 590, 590, 590
[TDSE] Running TDSE-SH-elliptical. step 27600, energy = -0.3917594410380353
  |->  par_lens = 590, 590, 590
[TDSE] Running TDSE-SH-elliptical. step 27800, energy = -0.2703217234148166
  |->  par_lens = 590, 590, 590
[TDSE] Running TDSE-SH-elliptical. step 28000, energy = -0.008305321874968612
  |->  par_lens = 590, 590, 590
[TDSE] Running TDSE-SH-elliptical. step 28200, energy = 0.13738352255414188
  |->  par_lens = 590, 590, 590
[TDSE] Running TDSE-SH-elliptical. step 28400, energy = 0.03307915552270441
  |->  par_lens = 590, 590, 590
[TDSE] Running TDSE-SH-elliptical. step 28600, energy = -0.1803541168087754
  |->  par_lens = 590, 590, 590
[TDSE] Running TDSE-SH-elliptical. step 28800, energy = -0.3569506119544516
  |->  par_lens = 590, 590, 590
[TDSE] Running TDSE-SH-elliptical. step 29000, energy = -0.3484693270076459
  |->  par_lens = 590, 590, 590
[TDSE] Running TDSE-SH-elliptical. step 29200, energy = -0.251659358432251
  |->  par_lens = 590, 590, 590
[TDSE] Running TDSE-SH-elliptical. step 29400, energy = -0.25040037240060325
  |->  par_lens = 590, 590, 590
[TDSE] Running TDSE-SH-elliptical. step 29600, energy = -0.31701232206656915
  |->  par_lens = 590, 590, 590
[TDSE] Running TDSE-SH-elliptical. step 29800, energy = -0.3740048276121548
  |->  par_lens = 590, 590, 590
[TDSE] Running TDSE-SH-elliptical. step 30000, energy = -0.2762426467188991
  |->  par_lens = 590, 590, 590
[TDSE] Running TDSE-SH-elliptical. step 30200, energy = -0.06213813604826299
  |->  par_lens = 590, 590, 590
[TDSE] Running TDSE-SH-elliptical. step 30400, energy = 0.054551766605971136
  |->  par_lens = 590, 590, 590
[TDSE] Running TDSE-SH-elliptical. step 30600, energy = -0.013271393603299543
  |->  par_lens = 590, 590, 590
[TDSE] Running TDSE-SH-elliptical. step 30800, energy = -0.1912251868079304
  |->  par_lens = 590, 590, 590
[TDSE] Running TDSE-SH-elliptical. step 31000, energy = -0.3468062536872926
  |->  par_lens = 590, 590, 590
[TDSE] Running TDSE-SH-elliptical. step 31200, energy = -0.36288652362545515
  |->  par_lens = 590, 590, 590
[TDSE] Running TDSE-SH-elliptical. step 31400, energy = -0.30922988646306
  |->  par_lens = 590, 590, 590
[TDSE] Running TDSE-SH-elliptical. step 31600, energy = -0.29816505505993945
  |->  par_lens = 590, 590, 590
[TDSE] Running TDSE-SH-elliptical. step 31800, energy = -0.34485019807299977
  |->  par_lens = 590, 590, 590
[TDSE] Running TDSE-SH-elliptical. step 32000, energy = -0.37588391391130666
  |->  par_lens = 590, 590, 590
[TDSE] Running TDSE-SH-elliptical. step 32200, energy = -0.30361495127980226
  |->  par_lens = 590, 590, 590
[TDSE] Running TDSE-SH-elliptical. step 32400, energy = -0.15135540109096093
  |->  par_lens = 590, 590, 590
[TDSE] Running TDSE-SH-elliptical. step 32600, energy = -0.06906058283486596
  |->  par_lens = 590, 590, 590
[TDSE] Running TDSE-SH-elliptical. step 32800, energy = -0.10859784539392653
  |->  par_lens = 590, 590, 590
[TDSE] Running TDSE-SH-elliptical. step 33000, energy = -0.23085441836589518
  |->  par_lens = 590, 590, 590
[TDSE] Running TDSE-SH-elliptical. step 33200, energy = -0.3506271619629208
  |->  par_lens = 590, 590, 590
[TDSE] Running TDSE-SH-elliptical. step 33400, energy = -0.3821988707609518
  |->  par_lens = 590, 590, 590
[TDSE] Running TDSE-SH-elliptical. step 33600, energy = -0.3620961698136248
  |->  par_lens = 590, 590, 590
[TDSE] Running TDSE-SH-elliptical. step 33800, energy = -0.35854704316589925
  |->  par_lens = 590, 590, 590
[TDSE] Running TDSE-SH-elliptical. step 34000, energy = -0.37577697974989394
  |->  par_lens = 590, 590, 590
[TDSE] Running TDSE-SH-elliptical. step 34200, energy = -0.3826634521068181
  |->  par_lens = 590, 590, 590
[TDSE] Running TDSE-SH-elliptical. step 34400, energy = -0.3319938717498165
  |->  par_lens = 590, 590, 590
[TDSE] Running TDSE-SH-elliptical. step 34600, energy = -0.24545489006938326
  |->  par_lens = 590, 590, 590
[TDSE] Running TDSE-SH-elliptical. step 34800, energy = -0.18646770517449324
  |->  par_lens = 590, 590, 590
[TDSE] Running TDSE-SH-elliptical. step 35000, energy = -0.21147968319735766
  |->  par_lens = 590, 590, 590
[TDSE] Running TDSE-SH-elliptical. step 35200, energy = -0.2834515451711019
  |->  par_lens = 590, 590, 590
[TDSE] Running TDSE-SH-elliptical. step 35400, energy = -0.3565640006343363
  |->  par_lens = 590, 590, 590
[TDSE] Running TDSE-SH-elliptical. step 35600, energy = -0.39094517449263144
  |->  par_lens = 590, 590, 590
[TDSE] Running TDSE-SH-elliptical. step 35800, energy = -0.3935216515676204
  |->  par_lens = 590, 590, 590
[TDSE] Running TDSE-SH-elliptical. step 36000, energy = -0.3900541330902276
  |->  par_lens = 590, 590, 590
[TDSE] Running TDSE-SH-elliptical. step 36200, energy = -0.39538345386998697
  |->  par_lens = 590, 590, 590
[TDSE] Running TDSE-SH-elliptical. step 36400, energy = -0.3877339015315219
  |->  par_lens = 590, 590, 590
[TDSE] Running TDSE-SH-elliptical. step 36600, energy = -0.35529803516145125
  |->  par_lens = 590, 590, 590
[TDSE] Running TDSE-SH-elliptical. step 36800, energy = -0.30868066043457487
  |->  par_lens = 590, 590, 590
[TDSE] Running TDSE-SH-elliptical. step 37000, energy = -0.28804572808543777
  |->  par_lens = 590, 590, 590
[TDSE] Running TDSE-SH-elliptical. step 37200, energy = -0.2896698323641468
  |->  par_lens = 590, 590, 590
[TDSE] Running TDSE-SH-elliptical. step 37400, energy = -0.32688470353007165
  |->  par_lens = 590, 590, 590
[TDSE] Running TDSE-SH-elliptical. step 37600, energy = -0.36355762882431863
  |->  par_lens = 590, 590, 590
[TDSE] Running TDSE-SH-elliptical. step 37800, energy = -0.38391542166201903
  |->  par_lens = 590, 590, 590
[TDSE] Running TDSE-SH-elliptical. step 38000, energy = -0.39532823473428896
  |->  par_lens = 590, 590, 590
[TDSE] Running TDSE-SH-elliptical. step 38200, energy = -0.3957745505354747
  |->  par_lens = 590, 590, 590
[TDSE] Running TDSE-SH-elliptical. step 38400, energy = -0.394005513041696
  |->  par_lens = 590, 590, 590
[TDSE] Running TDSE-SH-elliptical. step 38600, energy = -0.3828510620005871
  |->  par_lens = 590, 590, 590
[TDSE] Running TDSE-SH-elliptical. step 38800, energy = -0.36875232067036257
  |->  par_lens = 590, 590, 590
[TDSE] Running TDSE-SH-elliptical. step 39000, energy = -0.3507900148095539
  |->  par_lens = 590, 590, 590
[TDSE] Running TDSE-SH-elliptical. step 39200, energy = -0.34233929371188376
  |->  par_lens = 590, 590, 590
[TDSE] Running TDSE-SH-elliptical. step 39400, energy = -0.34401038399404277
  |->  par_lens = 590, 590, 590
[TDSE] Running TDSE-SH-elliptical. step 39600, energy = -0.3563621583470848
  |->  par_lens = 590, 590, 590
[TDSE] Running TDSE-SH-elliptical. step 39800, energy = -0.3645547811647192
  |->  par_lens = 590, 590, 590
[TDSE] Running TDSE-SH-elliptical. step 40000, energy = -0.3788592689009841
  |->  par_lens = 590, 590, 590
[TDSE] Running TDSE-SH-elliptical. step 40200, energy = -0.38195588797950913
  |->  par_lens = 590, 590, 590
[TDSE] Running TDSE-SH-elliptical. step 40400, energy = -0.3843403223971473
  |->  par_lens = 590, 590, 590
[TDSE] Running TDSE-SH-elliptical. step 40600, energy = -0.380547669945
  |->  par_lens = 590, 590, 590
[TDSE] Running TDSE-SH-elliptical. step 40800, energy = -0.3798032925047711
  |->  par_lens = 590, 590, 590
[TDSE] Running TDSE-SH-elliptical. step 41000, energy = -0.3718310356597102
  |->  par_lens = 590, 590, 590
[TDSE] Running TDSE-SH-elliptical. step 41200, energy = -0.3725403916026859
  |->  par_lens = 590, 590, 590
[TDSE] Running TDSE-SH-elliptical. step 41400, energy = -0.3669347500867812
  |->  par_lens = 590, 590, 590
[TDSE] Running TDSE-SH-elliptical. step 41600, energy = -0.37083410094180896
  |->  par_lens = 590, 590, 590
[TDSE] Running TDSE-SH-elliptical. step 41800, energy = -0.3706463252296789
  |->  par_lens = 590, 590, 590
[TDSE] Running TDSE-SH-elliptical. step 42000, energy = -0.3729981889041255
  |->  par_lens = 590, 590, 590
[TDSE] Running TDSE-SH-elliptical. step 42200, energy = -0.37319093588172375
  |->  par_lens = 590, 590, 590
[TDSE] Running TDSE-SH-elliptical. step 42400, energy = -0.3760741674212065
  |->  par_lens = 590, 590, 590
[TDSE] Running TDSE-SH-elliptical. step 42600, energy = -0.3742444336316964
  |->  par_lens = 590, 590, 590
[TDSE] Running TDSE-SH-elliptical. step 42800, energy = -0.37488397177238914
  |->  par_lens = 590, 590, 590
[TDSE] Running TDSE-SH-elliptical. step 43000, energy = -0.37678902464520264
  |->  par_lens = 590, 590, 590
[TDSE] Running TDSE-SH-elliptical. step 43200, energy = -0.37497582444331584
  |->  par_lens = 590, 590, 590
[TDSE] Running TDSE-SH-elliptical. step 43400, energy = -0.3764941721600153
  |->  par_lens = 590, 590, 590
[TDSE] Running TDSE-SH-elliptical. step 43600, energy = -0.37617239911593947
  |->  par_lens = 590, 590, 590
[TDSE] Running TDSE-SH-elliptical. step 43800, energy = -0.37783364877595915
  |->  par_lens = 590, 590, 590
[TDSE] Running TDSE-SH-elliptical. step 44000, energy = -0.3759207572144872
  |->  par_lens = 590, 590, 590
[TDSE] Running TDSE-SH-elliptical. step 44200, energy = -0.37897803434373634
  |->  par_lens = 590, 590, 590
[TDSE] Running TDSE-SH-elliptical. step 44400, energy = -0.375782593421067
  |->  par_lens = 590, 590, 590
[TDSE] Running TDSE-SH-elliptical. step 44600, energy = -0.3803023828310457
  |->  par_lens = 590, 590, 590
[TDSE] Running TDSE-SH-elliptical. step 44800, energy = -0.37673666321488863
  |->  par_lens = 590, 590, 590
[TDSE] Running TDSE-SH-elliptical. step 45000, energy = -0.38000261921043627
  |->  par_lens = 590, 590, 590
