  Activating project at `~/JuliaProp_v0.1`
[ITP]: 10000.471108571397
[ITP]: 0.022107823405609905
[ITP]: 0.004976805475414736
[ITP]: 0.0021058954092971205
[ITP]: 0.001084104546129061
[ITP]: 0.0006160870179273692
[ITP]: 0.0003714642087823128
[ITP]: 0.00023286611963801995
[ITP]: 0.0001500123428329614
[ITP]: 9.857967926441003e-5
[ITP]: 6.57601184761436e-5
[ITP]: 4.43786526744816e-5
[ITP]: 3.022437766897479e-5
[ITP]: 2.0735965556739622e-5
[ITP]: 1.4311264988853267e-5
[ITP]: 9.92563006574354e-6
[ITP]: 6.9119921211058255e-6
[ITP]: 4.82976755122877e-6
[ITP]: 3.384510666504248e-6
[ITP]: 2.3775199649023193e-6
[ITP]: 1.6736194445865493e-6
[ITP]: 1.1802274751948616e-6
[ITP]: 8.335748883370186e-7
[ITP]: 5.895273362810372e-7
[ITP]: 4.174150680658073e-7
[ITP]: 2.958509506267859e-7
[ITP]: 2.098764437796774e-7
[ITP]: 1.4900242706339384e-7
[ITP]: 1.0585745457980522e-7
[ITP]: 7.525113565609587e-8
[ITP]: 5.352267851144177e-8
[ITP]: 3.808635307134267e-8
[ITP]: 2.7113442158110956e-8
[ITP]: 1.9309163601377577e-8
[ITP]: 1.3755872219078924e-8
[ITP]: 9.802639699962867e-9
Energy of ground state: -0.5030607411950042
[TDSE] Start TDSE-SH for elliptical polarized laser. It may cost a plenty of time.
[TDSE] Running TDSE-SH-elliptical. step 0, energy = -0.5030607411950033
  |->  par_lens = 1, 1, 1
[TDSE] Running TDSE-SH-elliptical. step 200, energy = -0.5030607411948621
  |->  par_lens = 1, 1, 1
[TDSE] Running TDSE-SH-elliptical. step 400, energy = -0.5030607411947172
  |->  par_lens = 1, 1, 2
[TDSE] Running TDSE-SH-elliptical. step 600, energy = -0.5030607411944764
  |->  par_lens = 1, 1, 2
[TDSE] Running TDSE-SH-elliptical. step 800, energy = -0.5030607411939122
  |->  par_lens = 1, 1, 2
[TDSE] Running TDSE-SH-elliptical. step 1000, energy = -0.5030607411922318
  |->  par_lens = 1, 1, 2
[TDSE] Running TDSE-SH-elliptical. step 1200, energy = -0.5030607411880177
  |->  par_lens = 1, 1, 2
[TDSE] Running TDSE-SH-elliptical. step 1400, energy = -0.5030607411784208
  |->  par_lens = 1, 1, 2
[TDSE] Running TDSE-SH-elliptical. step 1600, energy = -0.5030607411593959
  |->  par_lens = 1, 1, 2
[TDSE] Running TDSE-SH-elliptical. step 1800, energy = -0.503060741124043
  |->  par_lens = 1, 1, 2
[TDSE] Running TDSE-SH-elliptical. step 2000, energy = -0.5030607410636224
  |->  par_lens = 1, 1, 2
[TDSE] Running TDSE-SH-elliptical. step 2200, energy = -0.5030607409647122
  |->  par_lens = 1, 1, 2
[TDSE] Running TDSE-SH-elliptical. step 2400, energy = -0.503060740811582
  |->  par_lens = 1, 1, 2
[TDSE] Running TDSE-SH-elliptical. step 2600, energy = -0.5030607405815894
  |->  par_lens = 1, 1, 2
[TDSE] Running TDSE-SH-elliptical. step 2800, energy = -0.5030607402498793
  |->  par_lens = 1, 1, 2
[TDSE] Running TDSE-SH-elliptical. step 3000, energy = -0.5030607397809052
  |->  par_lens = 1, 1, 2
[TDSE] Running TDSE-SH-elliptical. step 3200, energy = -0.5030607391405402
  |->  par_lens = 1, 1, 2
[TDSE] Running TDSE-SH-elliptical. step 3400, energy = -0.5030607382755158
  |->  par_lens = 1, 1, 2
[TDSE] Running TDSE-SH-elliptical. step 3600, energy = -0.5030607371416844
  |->  par_lens = 1, 1, 2
[TDSE] Running TDSE-SH-elliptical. step 3800, energy = -0.5030607356669744
  |->  par_lens = 1, 1, 2
[TDSE] Running TDSE-SH-elliptical. step 4000, energy = -0.5030607337967744
  |->  par_lens = 1, 1, 2
[TDSE] Running TDSE-SH-elliptical. step 4200, energy = -0.5030607314323374
  |->  par_lens = 1, 1, 2
[TDSE] Running TDSE-SH-elliptical. step 4400, energy = -0.5030607285189619
  |->  par_lens = 1, 1, 2
[TDSE] Running TDSE-SH-elliptical. step 4600, energy = -0.5030607249285666
  |->  par_lens = 1, 1, 2
[TDSE] Running TDSE-SH-elliptical. step 4800, energy = -0.5030607205916634
  |->  par_lens = 1, 1, 2
[TDSE] Running TDSE-SH-elliptical. step 5000, energy = -0.5030607153761038
  |->  par_lens = 1, 1, 2
[TDSE] Running TDSE-SH-elliptical. step 5200, energy = -0.503060709189023
  |->  par_lens = 1, 2, 2
[TDSE] Running TDSE-SH-elliptical. step 5400, energy = -0.5030607018853721
  |->  par_lens = 2, 2, 2
[TDSE] Running TDSE-SH-elliptical. step 5600, energy = -0.5030606933605094
  |->  par_lens = 2, 2, 2
[TDSE] Running TDSE-SH-elliptical. step 5800, energy = -0.5030606834830383
  |->  par_lens = 2, 2, 2
[TDSE] Running TDSE-SH-elliptical. step 6000, energy = -0.5030606720839417
  |->  par_lens = 2, 2, 2
[TDSE] Running TDSE-SH-elliptical. step 6200, energy = -0.5030606591142615
  |->  par_lens = 2, 2, 2
[TDSE] Running TDSE-SH-elliptical. step 6400, energy = -0.503060644303564
  |->  par_lens = 2, 2, 2
[TDSE] Running TDSE-SH-elliptical. step 6600, energy = -0.5030606276812669
  |->  par_lens = 2, 2, 2
[TDSE] Running TDSE-SH-elliptical. step 6800, energy = -0.5030606089496645
  |->  par_lens = 2, 2, 2
[TDSE] Running TDSE-SH-elliptical. step 7000, energy = -0.5030605881614314
  |->  par_lens = 2, 2, 2
[TDSE] Running TDSE-SH-elliptical. step 7200, energy = -0.5030605649329828
  |->  par_lens = 2, 2, 2
[TDSE] Running TDSE-SH-elliptical. step 7400, energy = -0.5030605395301413
  |->  par_lens = 2, 2, 2
[TDSE] Running TDSE-SH-elliptical. step 7600, energy = -0.5030605114231114
  |->  par_lens = 2, 2, 2
[TDSE] Running TDSE-SH-elliptical. step 7800, energy = -0.5030604808425153
  |->  par_lens = 2, 2, 2
[TDSE] Running TDSE-SH-elliptical. step 8000, energy = -0.5030604475029778
  |->  par_lens = 2, 2, 2
[TDSE] Running TDSE-SH-elliptical. step 8200, energy = -0.5030604115267439
  |->  par_lens = 2, 2, 2
[TDSE] Running TDSE-SH-elliptical. step 8400, energy = -0.5030603725878635
  |->  par_lens = 2, 2, 2
[TDSE] Running TDSE-SH-elliptical. step 8600, energy = -0.5030603309031582
  |->  par_lens = 2, 2, 2
[TDSE] Running TDSE-SH-elliptical. step 8800, energy = -0.5030602863520618
  |->  par_lens = 2, 2, 2
[TDSE] Running TDSE-SH-elliptical. step 9000, energy = -0.5030602388257074
  |->  par_lens = 2, 2, 2
[TDSE] Running TDSE-SH-elliptical. step 9200, energy = -0.5030601886111158
  |->  par_lens = 2, 2, 2
[TDSE] Running TDSE-SH-elliptical. step 9400, energy = -0.5030601352463959
  |->  par_lens = 2, 2, 2
[TDSE] Running TDSE-SH-elliptical. step 9600, energy = -0.5030600780519038
  |->  par_lens = 2, 2, 2
[TDSE] Running TDSE-SH-elliptical. step 9800, energy = -0.5030600164310363
  |->  par_lens = 2, 2, 2
[TDSE] Running TDSE-SH-elliptical. step 10000, energy = -0.5030599508453741
  |->  par_lens = 2, 2, 2
[TDSE] Running TDSE-SH-elliptical. step 10200, energy = -0.5030598426692623
  |->  par_lens = 2, 2, 2
[TDSE] Running TDSE-SH-elliptical. step 10400, energy = -0.5030593155337841
  |->  par_lens = 2, 2, 2
[TDSE] Running TDSE-SH-elliptical. step 10600, energy = -0.5030587093971975
  |->  par_lens = 2, 2, 2
[TDSE] Running TDSE-SH-elliptical. step 10800, energy = -0.5030593707082072
  |->  par_lens = 2, 2, 2
[TDSE] Running TDSE-SH-elliptical. step 11000, energy = -0.5030566434758316
  |->  par_lens = 2, 2, 2
[TDSE] Running TDSE-SH-elliptical. step 11200, energy = -0.5030295056389436
  |->  par_lens = 4, 3, 3
[TDSE] Running TDSE-SH-elliptical. step 11400, energy = -0.5029593982950284
  |->  par_lens = 4, 3, 3
[TDSE] Running TDSE-SH-elliptical. step 11600, energy = -0.5028835070890006
  |->  par_lens = 5, 4, 5
[TDSE] Running TDSE-SH-elliptical. step 11800, energy = -0.5028942079513807
  |->  par_lens = 4, 4, 4
[TDSE] Running TDSE-SH-elliptical. step 12000, energy = -0.5029774603759103
  |->  par_lens = 4, 4, 3
[TDSE] Running TDSE-SH-elliptical. step 12200, energy = -0.5028802778712815
  |->  par_lens = 4, 4, 4
[TDSE] Running TDSE-SH-elliptical. step 12400, energy = -0.5023130554201419
  |->  par_lens = 5, 5, 6
[TDSE] Running TDSE-SH-elliptical. step 12600, energy = -0.5014682359832319
  |->  par_lens = 7, 7, 7
[TDSE] Running TDSE-SH-elliptical. step 12800, energy = -0.5011167502036105
  |->  par_lens = 7, 7, 7
[TDSE] Running TDSE-SH-elliptical. step 13000, energy = -0.5017732222124169
  |->  par_lens = 6, 6, 7
[TDSE] Running TDSE-SH-elliptical. step 13200, energy = -0.502614357512139
  |->  par_lens = 6, 5, 6
[TDSE] Running TDSE-SH-elliptical. step 13400, energy = -0.5019268532382886
  |->  par_lens = 6, 6, 7
[TDSE] Running TDSE-SH-elliptical. step 13600, energy = -0.4992258092806041
  |->  par_lens = 9, 8, 8
[TDSE] Running TDSE-SH-elliptical. step 13800, energy = -0.4966859372157331
  |->  par_lens = 10, 10, 10
[TDSE] Running TDSE-SH-elliptical. step 14000, energy = -0.4972213621679609
  |->  par_lens = 10, 10, 10
[TDSE] Running TDSE-SH-elliptical. step 14200, energy = -0.5003897426469246
  |->  par_lens = 11, 11, 12
[TDSE] Running TDSE-SH-elliptical. step 14400, energy = -0.501490257171885
  |->  par_lens = 12, 11, 12
[TDSE] Running TDSE-SH-elliptical. step 14600, energy = -0.4964448766949234
  |->  par_lens = 12, 12, 11
[TDSE] Running TDSE-SH-elliptical. step 14800, energy = -0.4880497242102045
  |->  par_lens = 15, 13, 14
[TDSE] Running TDSE-SH-elliptical. step 15000, energy = -0.4845978699253309
  |->  par_lens = 17, 17, 16
[TDSE] Running TDSE-SH-elliptical. step 15200, energy = -0.49059744307650577
  |->  par_lens = 18, 18, 18
[TDSE] Running TDSE-SH-elliptical. step 15400, energy = -0.49894654226922086
  |->  par_lens = 20, 20, 21
[TDSE] Running TDSE-SH-elliptical. step 15600, energy = -0.4970942245442232
  |->  par_lens = 21, 20, 21
[TDSE] Running TDSE-SH-elliptical. step 15800, energy = -0.48220140781433946
  |->  par_lens = 19, 19, 21
[TDSE] Running TDSE-SH-elliptical. step 16000, energy = -0.4679825803860723
  |->  par_lens = 25, 23, 23
[TDSE] Running TDSE-SH-elliptical. step 16200, energy = -0.47047298855473224
  |->  par_lens = 28, 28, 26
[TDSE] Running TDSE-SH-elliptical. step 16400, energy = -0.48762451900479004
  |->  par_lens = 32, 32, 32
[TDSE] Running TDSE-SH-elliptical. step 16600, energy = -0.4968198134406745
  |->  par_lens = 34, 32, 33
[TDSE] Running TDSE-SH-elliptical. step 16800, energy = -0.47988975861976524
  |->  par_lens = 34, 35, 34
[TDSE] Running TDSE-SH-elliptical. step 17000, energy = -0.44829898726511497
  |->  par_lens = 34, 29, 31
[TDSE] Running TDSE-SH-elliptical. step 17200, energy = -0.4349738305755487
  |->  par_lens = 40, 41, 41
[TDSE] Running TDSE-SH-elliptical. step 17400, energy = -0.45582189661531386
  |->  par_lens = 49, 51, 49
[TDSE] Running TDSE-SH-elliptical. step 17600, energy = -0.48721911310179866
  |->  par_lens = 59, 56, 56
[TDSE] Running TDSE-SH-elliptical. step 17800, energy = -0.48654238998764265
  |->  par_lens = 61, 57, 58
[TDSE] Running TDSE-SH-elliptical. step 18000, energy = -0.4443825012726955
  |->  par_lens = 53, 51, 55
[TDSE] Running TDSE-SH-elliptical. step 18200, energy = -0.4029004079997015
  |->  par_lens = 50, 52, 51
[TDSE] Running TDSE-SH-elliptical. step 18400, energy = -0.40851354873674856
  |->  par_lens = 67, 69, 69
[TDSE] Running TDSE-SH-elliptical. step 18600, energy = -0.4563741187012545
  |->  par_lens = 84, 84, 84
[TDSE] Running TDSE-SH-elliptical. step 18800, energy = -0.48700981490231976
  |->  par_lens = 90, 91, 91
[TDSE] Running TDSE-SH-elliptical. step 19000, energy = -0.45115177958937014
  |->  par_lens = 93, 90, 91
[TDSE] Running TDSE-SH-elliptical. step 19200, energy = -0.37703264559582816
  |->  par_lens = 74, 76, 72
[TDSE] Running TDSE-SH-elliptical. step 19400, energy = -0.34534947336460514
  |->  par_lens = 84, 83, 86
[TDSE] Running TDSE-SH-elliptical. step 19600, energy = -0.389687058126424
  |->  par_lens = 117, 113, 114
[TDSE] Running TDSE-SH-elliptical. step 19800, energy = -0.463904954326479
  |->  par_lens = 139, 137, 137
[TDSE] Running TDSE-SH-elliptical. step 20000, energy = -0.4708270445620693
  |->  par_lens = 143, 143, 142
[TDSE] Running TDSE-SH-elliptical. step 20200, energy = -0.38799541329781545
  |->  par_lens = 140, 137, 139
[TDSE] Running TDSE-SH-elliptical. step 20400, energy = -0.30434352185249486
  |->  par_lens = 114, 108, 114
[TDSE] Running TDSE-SH-elliptical. step 20600, energy = -0.31471809061575756
  |->  par_lens = 136, 137, 136
[TDSE] Running TDSE-SH-elliptical. step 20800, energy = -0.40381816433284007
  |->  par_lens = 176, 179, 181
[TDSE] Running TDSE-SH-elliptical. step 21000, energy = -0.4714228882515019
  |->  par_lens = 196, 196, 198
[TDSE] Running TDSE-SH-elliptical. step 21200, energy = -0.41522581554220883
  |->  par_lens = 201, 199, 201
[TDSE] Running TDSE-SH-elliptical. step 21400, energy = -0.2852104047730871
  |->  par_lens = 173, 175, 177
[TDSE] Running TDSE-SH-elliptical. step 21600, energy = -0.2304223622360656
  |->  par_lens = 161, 165, 158
[TDSE] Running TDSE-SH-elliptical. step 21800, energy = -0.3015237773862022
  |->  par_lens = 216, 221, 218
[TDSE] Running TDSE-SH-elliptical. step 22000, energy = -0.4281163289315055
  |->  par_lens = 266, 268, 266
[TDSE] Running TDSE-SH-elliptical. step 22200, energy = -0.45198450241391014
  |->  par_lens = 279, 278, 280
[TDSE] Running TDSE-SH-elliptical. step 22400, energy = -0.3259951111516366
  |->  par_lens = 270, 272, 270
[TDSE] Running TDSE-SH-elliptical. step 22600, energy = -0.19392262926106535
  |->  par_lens = 228, 230, 219
[TDSE] Running TDSE-SH-elliptical. step 22800, energy = -0.2130893456074316
  |->  par_lens = 240, 246, 241
[TDSE] Running TDSE-SH-elliptical. step 23000, energy = -0.3370874619871871
  |->  par_lens = 308, 308, 307
[TDSE] Running TDSE-SH-elliptical. step 23200, energy = -0.4475302587523186
  |->  par_lens = 341, 342, 343
[TDSE] Running TDSE-SH-elliptical. step 23400, energy = -0.3803695227292555
  |->  par_lens = 341, 344, 345
[TDSE] Running TDSE-SH-elliptical. step 23600, energy = -0.19818248071761785
  |->  par_lens = 309, 307, 305
[TDSE] Running TDSE-SH-elliptical. step 23800, energy = -0.1199953862016705
  |->  par_lens = 273, 280, 271
[TDSE] Running TDSE-SH-elliptical. step 24000, energy = -0.2170584254968506
  |->  par_lens = 343, 338, 338
[TDSE] Running TDSE-SH-elliptical. step 24200, energy = -0.38173038473909543
  |->  par_lens = 411, 409, 407
[TDSE] Running TDSE-SH-elliptical. step 24400, energy = -0.4273270630280148
  |->  par_lens = 426, 426, 426
[TDSE] Running TDSE-SH-elliptical. step 24600, energy = -0.27690792643547074
  |->  par_lens = 411, 413, 411
[TDSE] Running TDSE-SH-elliptical. step 24800, energy = -0.10647500777982992
  |->  par_lens = 367, 354, 368
[TDSE] Running TDSE-SH-elliptical. step 25000, energy = -0.13174029333906928
  |->  par_lens = 366, 353, 376
[TDSE] Running TDSE-SH-elliptical. step 25200, energy = -0.27332156366070676
  |->  par_lens = 430, 428, 431
[TDSE] Running TDSE-SH-elliptical. step 25400, energy = -0.41336179191409994
  |->  par_lens = 464, 466, 462
[TDSE] Running TDSE-SH-elliptical. step 25600, energy = -0.35020948806150465
  |->  par_lens = 465, 462, 462
[TDSE] Running TDSE-SH-elliptical. step 25800, energy = -0.1482442346655811
  |->  par_lens = 439, 434, 440
[TDSE] Running TDSE-SH-elliptical. step 26000, energy = -0.052563279857576424
  |->  par_lens = 413, 419, 413
[TDSE] Running TDSE-SH-elliptical. step 26200, energy = -0.1615014157438494
  |->  par_lens = 445, 448, 438
[TDSE] Running TDSE-SH-elliptical. step 26400, energy = -0.3350362167763618
  |->  par_lens = 500, 498, 497
[TDSE] Running TDSE-SH-elliptical. step 26600, energy = -0.3986149768376991
  |->  par_lens = 514, 511, 510
[TDSE] Running TDSE-SH-elliptical. step 26800, energy = -0.2553927274876307
  |->  par_lens = 509, 505, 507
[TDSE] Running TDSE-SH-elliptical. step 27000, energy = -0.07725503549287063
  |->  par_lens = 488, 488, 481
[TDSE] Running TDSE-SH-elliptical. step 27200, energy = -0.10141009239463392
  |->  par_lens = 480, 492, 485
[TDSE] Running TDSE-SH-elliptical. step 27400, energy = -0.23467617582595948
  |->  par_lens = 504, 506, 509
[TDSE] Running TDSE-SH-elliptical. step 27600, energy = -0.3790415294864647
  |->  par_lens = 522, 519, 519
[TDSE] Running TDSE-SH-elliptical. step 27800, energy = -0.3331324751336015
  |->  par_lens = 521, 523, 522
[TDSE] Running TDSE-SH-elliptical. step 28000, energy = -0.14805899234571093
  |->  par_lens = 512, 517, 511
[TDSE] Running TDSE-SH-elliptical. step 28200, energy = -0.056472556036662167
  |->  par_lens = 495, 491, 496
[TDSE] Running TDSE-SH-elliptical. step 28400, energy = -0.15012805370067764
  |->  par_lens = 506, 514, 517
[TDSE] Running TDSE-SH-elliptical. step 28600, energy = -0.3087781665566931
  |->  par_lens = 529, 533, 537
[TDSE] Running TDSE-SH-elliptical. step 28800, energy = -0.3767485084061854
  |->  par_lens = 538, 538, 540
[TDSE] Running TDSE-SH-elliptical. step 29000, energy = -0.26181506508445407
  |->  par_lens = 534, 539, 541
[TDSE] Running TDSE-SH-elliptical. step 29200, energy = -0.11383959272542378
  |->  par_lens = 518, 522, 526
[TDSE] Running TDSE-SH-elliptical. step 29400, energy = -0.12653290547849988
  |->  par_lens = 523, 512, 522
[TDSE] Running TDSE-SH-elliptical. step 29600, energy = -0.2332851343280477
  |->  par_lens = 533, 530, 530
[TDSE] Running TDSE-SH-elliptical. step 29800, energy = -0.3625397014195428
  |->  par_lens = 540, 534, 540
[TDSE] Running TDSE-SH-elliptical. step 30000, energy = -0.3361572999314606
  |->  par_lens = 541, 538, 539
[TDSE] Running TDSE-SH-elliptical. step 30200, energy = -0.19433539177368284
  |->  par_lens = 532, 541, 535
[TDSE] Running TDSE-SH-elliptical. step 30400, energy = -0.12160859575081569
  |->  par_lens = 525, 527, 532
[TDSE] Running TDSE-SH-elliptical. step 30600, energy = -0.18323334364476895
  |->  par_lens = 541, 541, 542
[TDSE] Running TDSE-SH-elliptical. step 30800, energy = -0.3096755045658933
  |->  par_lens = 546, 551, 549
[TDSE] Running TDSE-SH-elliptical. step 31000, energy = -0.37266642240226966
  |->  par_lens = 550, 552, 548
[TDSE] Running TDSE-SH-elliptical. step 31200, energy = -0.2992519698451887
  |->  par_lens = 547, 550, 551
[TDSE] Running TDSE-SH-elliptical. step 31400, energy = -0.19831678772574293
  |->  par_lens = 545, 545, 547
[TDSE] Running TDSE-SH-elliptical. step 31600, energy = -0.192693274419889
  |->  par_lens = 539, 539, 532
[TDSE] Running TDSE-SH-elliptical. step 31800, energy = -0.27503144076563096
  |->  par_lens = 545, 543, 540
[TDSE] Running TDSE-SH-elliptical. step 32000, energy = -0.3693486398406571
  |->  par_lens = 545, 552, 544
[TDSE] Running TDSE-SH-elliptical. step 32200, energy = -0.3578628989058979
  |->  par_lens = 547, 552, 546
[TDSE] Running TDSE-SH-elliptical. step 32400, energy = -0.26606681317937814
  |->  par_lens = 539, 546, 542
[TDSE] Running TDSE-SH-elliptical. step 32600, energy = -0.21852236281507792
  |->  par_lens = 541, 546, 542
[TDSE] Running TDSE-SH-elliptical. step 32800, energy = -0.2543723172757583
  |->  par_lens = 547, 549, 542
[TDSE] Running TDSE-SH-elliptical. step 33000, energy = -0.3374632968478136
  |->  par_lens = 552, 555, 549
[TDSE] Running TDSE-SH-elliptical. step 33200, energy = -0.38315636625257254
  |->  par_lens = 553, 557, 551
[TDSE] Running TDSE-SH-elliptical. step 33400, energy = -0.3448716505849222
  |->  par_lens = 551, 554, 551
[TDSE] Running TDSE-SH-elliptical. step 33600, energy = -0.2860790991147497
  |->  par_lens = 549, 554, 548
[TDSE] Running TDSE-SH-elliptical. step 33800, energy = -0.2822033865691826
  |->  par_lens = 547, 542, 539
[TDSE] Running TDSE-SH-elliptical. step 34000, energy = -0.3267527304335421
  |->  par_lens = 541, 543, 542
[TDSE] Running TDSE-SH-elliptical. step 34200, energy = -0.38058630163408397
  |->  par_lens = 539, 548, 541
[TDSE] Running TDSE-SH-elliptical. step 34400, energy = -0.3797471407200317
  |->  par_lens = 535, 544, 536
[TDSE] Running TDSE-SH-elliptical. step 34600, energy = -0.33663476789867536
  |->  par_lens = 536, 543, 541
[TDSE] Running TDSE-SH-elliptical. step 34800, energy = -0.3044251409958451
  |->  par_lens = 537, 545, 538
[TDSE] Running TDSE-SH-elliptical. step 35000, energy = -0.32437831548740603
  |->  par_lens = 540, 542, 539
[TDSE] Running TDSE-SH-elliptical. step 35200, energy = -0.36620683460881376
  |->  par_lens = 548, 539, 540
[TDSE] Running TDSE-SH-elliptical. step 35400, energy = -0.3917773487462069
  |->  par_lens = 546, 542, 537
[TDSE] Running TDSE-SH-elliptical. step 35600, energy = -0.3790670711284798
  |->  par_lens = 541, 530, 535
[TDSE] Running TDSE-SH-elliptical. step 35800, energy = -0.3560262440534422
  |->  par_lens = 526, 525, 521
[TDSE] Running TDSE-SH-elliptical. step 36000, energy = -0.34542153878502907
  |->  par_lens = 511, 495, 508
[TDSE] Running TDSE-SH-elliptical. step 36200, energy = -0.37359792213914556
  |->  par_lens = 480, 460, 477
[TDSE] Running TDSE-SH-elliptical. step 36400, energy = -0.39053279120583395
  |->  par_lens = 465, 453, 444
[TDSE] Running TDSE-SH-elliptical. step 36600, energy = -0.39418886009506116
  |->  par_lens = 449, 430, 433
[TDSE] Running TDSE-SH-elliptical. step 36800, energy = -0.3764374580543104
  |->  par_lens = 426, 429, 429
[TDSE] Running TDSE-SH-elliptical. step 37000, energy = -0.36743038442535736
  |->  par_lens = 424, 423, 420
[TDSE] Running TDSE-SH-elliptical. step 37200, energy = -0.3716191553985467
  |->  par_lens = 431, 413, 425
[TDSE] Running TDSE-SH-elliptical. step 37400, energy = -0.38743693361208553
  |->  par_lens = 431, 428, 424
[TDSE] Running TDSE-SH-elliptical. step 37600, energy = -0.39869611262410415
  |->  par_lens = 430, 428, 424
[TDSE] Running TDSE-SH-elliptical. step 37800, energy = -0.39606584134428624
  |->  par_lens = 424, 418, 418
[TDSE] Running TDSE-SH-elliptical. step 38000, energy = -0.38867525146811155
  |->  par_lens = 411, 408, 406
[TDSE] Running TDSE-SH-elliptical. step 38200, energy = -0.3896557357187635
  |->  par_lens = 386, 393, 385
[TDSE] Running TDSE-SH-elliptical. step 38400, energy = -0.3918693575908578
  |->  par_lens = 364, 365, 359
[TDSE] Running TDSE-SH-elliptical. step 38600, energy = -0.3998212629189439
  |->  par_lens = 340, 340, 335
[TDSE] Running TDSE-SH-elliptical. step 38800, energy = -0.39925753069858405
  |->  par_lens = 328, 325, 325
[TDSE] Running TDSE-SH-elliptical. step 39000, energy = -0.3964374174148399
  |->  par_lens = 324, 329, 321
[TDSE] Running TDSE-SH-elliptical. step 39200, energy = -0.39444826594491256
  |->  par_lens = 324, 319, 321
[TDSE] Running TDSE-SH-elliptical. step 39400, energy = -0.3947006932787855
  |->  par_lens = 328, 328, 328
[TDSE] Running TDSE-SH-elliptical. step 39600, energy = -0.399181561014577
  |->  par_lens = 330, 331, 334
[TDSE] Running TDSE-SH-elliptical. step 39800, energy = -0.40037842110288135
  |->  par_lens = 333, 331, 334
[TDSE] Running TDSE-SH-elliptical. step 40000, energy = -0.4014577387656188
  |->  par_lens = 331, 330, 329
[TDSE] Running TDSE-SH-elliptical. step 40200, energy = -0.4010610882151995
  |->  par_lens = 329, 329, 327
[TDSE] Running TDSE-SH-elliptical. step 40400, energy = -0.4008155960829701
  |->  par_lens = 326, 325, 320
[TDSE] Running TDSE-SH-elliptical. step 40600, energy = -0.4018180962994163
  |->  par_lens = 322, 317, 316
[TDSE] Running TDSE-SH-elliptical. step 40800, energy = -0.402066175170774
  |->  par_lens = 311, 308, 307
[TDSE] Running TDSE-SH-elliptical. step 41000, energy = -0.4022259631619808
  |->  par_lens = 305, 303, 304
[TDSE] Running TDSE-SH-elliptical. step 41200, energy = -0.4024675428896984
  |->  par_lens = 304, 302, 303
[TDSE] Running TDSE-SH-elliptical. step 41400, energy = -0.40216569600527724
  |->  par_lens = 304, 302, 303
[TDSE] Running TDSE-SH-elliptical. step 41600, energy = -0.40280564009243436
  |->  par_lens = 303, 302, 301
[TDSE] Running TDSE-SH-elliptical. step 41800, energy = -0.4030115313577087
  |->  par_lens = 304, 301, 302
[TDSE] Running TDSE-SH-elliptical. step 42000, energy = -0.4034664993230642
  |->  par_lens = 302, 302, 302
[TDSE] Running TDSE-SH-elliptical. step 42200, energy = -0.4036783918731348
  |->  par_lens = 302, 302, 302
[TDSE] Running TDSE-SH-elliptical. step 42400, energy = -0.40416261991677926
  |->  par_lens = 302, 302, 302
[TDSE] Running TDSE-SH-elliptical. step 42600, energy = -0.40439239004057687
  |->  par_lens = 302, 300, 301
[TDSE] Running TDSE-SH-elliptical. step 42800, energy = -0.40464677463643567
  |->  par_lens = 302, 299, 301
[TDSE] Running TDSE-SH-elliptical. step 43000, energy = -0.40500064336012237
  |->  par_lens = 302, 298, 301
[TDSE] Running TDSE-SH-elliptical. step 43200, energy = -0.4053137631362127
  |->  par_lens = 301, 298, 301
[TDSE] Running TDSE-SH-elliptical. step 43400, energy = -0.4056454956320855
  |->  par_lens = 301, 298, 299
[TDSE] Running TDSE-SH-elliptical. step 43600, energy = -0.4059436276032542
  |->  par_lens = 300, 298, 298
[TDSE] Running TDSE-SH-elliptical. step 43800, energy = -0.4063329316982791
  |->  par_lens = 296, 298, 298
[TDSE] Running TDSE-SH-elliptical. step 44000, energy = -0.4065717829268171
  |->  par_lens = 296, 297, 296
[TDSE] Running TDSE-SH-elliptical. step 44200, energy = -0.4071302968515056
  |->  par_lens = 296, 296, 295
[TDSE] Running TDSE-SH-elliptical. step 44400, energy = -0.4074156142829305
  |->  par_lens = 295, 296, 293
[TDSE] Running TDSE-SH-elliptical. step 44600, energy = -0.40794487504775123
  |->  par_lens = 294, 295, 292
[TDSE] Running TDSE-SH-elliptical. step 44800, energy = -0.4079858121699258
  |->  par_lens = 294, 295, 292
[TDSE] Running TDSE-SH-elliptical. step 45000, energy = -0.40827744200737687
  |->  par_lens = 293, 292, 291
