  Activating project at `~/JuliaProp_v0.1`
[ITP]: 10000.471108571397
[ITP]: 0.022107823405609905
[ITP]: 0.004976805475414736
[ITP]: 0.0021058954092971205
[ITP]: 0.001084104546129061
[ITP]: 0.0006160870179273692
[ITP]: 0.0003714642087823128
[ITP]: 0.00023286611963801995
[ITP]: 0.0001500123428329614
[ITP]: 9.857967926441003e-5
[ITP]: 6.57601184761436e-5
[ITP]: 4.43786526744816e-5
[ITP]: 3.022437766897479e-5
[ITP]: 2.0735965556739622e-5
[ITP]: 1.4311264988853267e-5
[ITP]: 9.92563006574354e-6
[ITP]: 6.9119921211058255e-6
[ITP]: 4.82976755122877e-6
[ITP]: 3.384510666504248e-6
[ITP]: 2.3775199649023193e-6
[ITP]: 1.6736194445865493e-6
[ITP]: 1.1802274751948616e-6
[ITP]: 8.335748883370186e-7
[ITP]: 5.895273362810372e-7
[ITP]: 4.174150680658073e-7
[ITP]: 2.958509506267859e-7
[ITP]: 2.098764437796774e-7
[ITP]: 1.4900242706339384e-7
[ITP]: 1.0585745457980522e-7
[ITP]: 7.525113565609587e-8
[ITP]: 5.352267851144177e-8
[ITP]: 3.808635307134267e-8
[ITP]: 2.7113442158110956e-8
[ITP]: 1.9309163601377577e-8
[ITP]: 1.3755872219078924e-8
[ITP]: 9.802639699962867e-9
Energy of ground state: -0.5030607411950042
[TDSE] Start TDSE-SH for elliptical polarized laser. It may cost a plenty of time.
[TDSE] Running TDSE-SH-elliptical. step 0, energy = -0.5030607411950033
  |->  par_lens = 1, 1, 1
[TDSE] Running TDSE-SH-elliptical. step 200, energy = -0.5030607411948621
  |->  par_lens = 1, 1, 1
[TDSE] Running TDSE-SH-elliptical. step 400, energy = -0.5030607411947172
  |->  par_lens = 1, 1, 2
[TDSE] Running TDSE-SH-elliptical. step 600, energy = -0.5030607411944764
  |->  par_lens = 1, 1, 2
[TDSE] Running TDSE-SH-elliptical. step 800, energy = -0.5030607411939122
  |->  par_lens = 1, 1, 2
[TDSE] Running TDSE-SH-elliptical. step 1000, energy = -0.5030607411922318
  |->  par_lens = 1, 1, 2
[TDSE] Running TDSE-SH-elliptical. step 1200, energy = -0.5030607411880177
  |->  par_lens = 1, 1, 2
[TDSE] Running TDSE-SH-elliptical. step 1400, energy = -0.5030607411784208
  |->  par_lens = 1, 1, 2
[TDSE] Running TDSE-SH-elliptical. step 1600, energy = -0.5030607411593959
  |->  par_lens = 1, 1, 2
[TDSE] Running TDSE-SH-elliptical. step 1800, energy = -0.503060741124043
  |->  par_lens = 1, 1, 2
[TDSE] Running TDSE-SH-elliptical. step 2000, energy = -0.5030607410636224
  |->  par_lens = 1, 1, 2
[TDSE] Running TDSE-SH-elliptical. step 2200, energy = -0.5030607409647122
  |->  par_lens = 1, 1, 2
[TDSE] Running TDSE-SH-elliptical. step 2400, energy = -0.503060740811582
  |->  par_lens = 1, 1, 2
[TDSE] Running TDSE-SH-elliptical. step 2600, energy = -0.5030607405815894
  |->  par_lens = 1, 1, 2
[TDSE] Running TDSE-SH-elliptical. step 2800, energy = -0.5030607402498793
  |->  par_lens = 1, 1, 2
[TDSE] Running TDSE-SH-elliptical. step 3000, energy = -0.5030607397809052
  |->  par_lens = 1, 1, 2
[TDSE] Running TDSE-SH-elliptical. step 3200, energy = -0.5030607391405402
  |->  par_lens = 1, 1, 2
[TDSE] Running TDSE-SH-elliptical. step 3400, energy = -0.5030607382755158
  |->  par_lens = 1, 1, 2
[TDSE] Running TDSE-SH-elliptical. step 3600, energy = -0.5030607371416844
  |->  par_lens = 1, 1, 2
[TDSE] Running TDSE-SH-elliptical. step 3800, energy = -0.5030607356669744
  |->  par_lens = 1, 1, 2
[TDSE] Running TDSE-SH-elliptical. step 4000, energy = -0.5030607337967744
  |->  par_lens = 1, 1, 2
[TDSE] Running TDSE-SH-elliptical. step 4200, energy = -0.5030607314323374
  |->  par_lens = 1, 1, 2
[TDSE] Running TDSE-SH-elliptical. step 4400, energy = -0.5030607285189619
  |->  par_lens = 1, 1, 2
[TDSE] Running TDSE-SH-elliptical. step 4600, energy = -0.5030607249285666
  |->  par_lens = 1, 1, 2
[TDSE] Running TDSE-SH-elliptical. step 4800, energy = -0.5030607205916634
  |->  par_lens = 1, 1, 2
[TDSE] Running TDSE-SH-elliptical. step 5000, energy = -0.5030607153761038
  |->  par_lens = 1, 1, 2
[TDSE] Running TDSE-SH-elliptical. step 5200, energy = -0.503060709189023
  |->  par_lens = 1, 2, 2
[TDSE] Running TDSE-SH-elliptical. step 5400, energy = -0.5030607018853721
  |->  par_lens = 2, 2, 2
[TDSE] Running TDSE-SH-elliptical. step 5600, energy = -0.5030606933605094
  |->  par_lens = 2, 2, 2
[TDSE] Running TDSE-SH-elliptical. step 5800, energy = -0.5030606834830383
  |->  par_lens = 2, 2, 2
[TDSE] Running TDSE-SH-elliptical. step 6000, energy = -0.5030606720839417
  |->  par_lens = 2, 2, 2
[TDSE] Running TDSE-SH-elliptical. step 6200, energy = -0.5030606591142615
  |->  par_lens = 2, 2, 2
[TDSE] Running TDSE-SH-elliptical. step 6400, energy = -0.503060644303564
  |->  par_lens = 2, 2, 2
[TDSE] Running TDSE-SH-elliptical. step 6600, energy = -0.5030606276812669
  |->  par_lens = 2, 2, 2
[TDSE] Running TDSE-SH-elliptical. step 6800, energy = -0.5030606089496645
  |->  par_lens = 2, 2, 2
[TDSE] Running TDSE-SH-elliptical. step 7000, energy = -0.5030605881614314
  |->  par_lens = 2, 2, 2
[TDSE] Running TDSE-SH-elliptical. step 7200, energy = -0.5030605649329828
  |->  par_lens = 2, 2, 2
[TDSE] Running TDSE-SH-elliptical. step 7400, energy = -0.5030605395301413
  |->  par_lens = 2, 2, 2
[TDSE] Running TDSE-SH-elliptical. step 7600, energy = -0.5030605114231114
  |->  par_lens = 2, 2, 2
[TDSE] Running TDSE-SH-elliptical. step 7800, energy = -0.5030604808425153
  |->  par_lens = 2, 2, 2
[TDSE] Running TDSE-SH-elliptical. step 8000, energy = -0.5030604475029778
  |->  par_lens = 2, 2, 2
[TDSE] Running TDSE-SH-elliptical. step 8200, energy = -0.5030604115267439
  |->  par_lens = 2, 2, 2
[TDSE] Running TDSE-SH-elliptical. step 8400, energy = -0.5030603725878635
  |->  par_lens = 2, 2, 2
[TDSE] Running TDSE-SH-elliptical. step 8600, energy = -0.5030603309031582
  |->  par_lens = 2, 2, 2
[TDSE] Running TDSE-SH-elliptical. step 8800, energy = -0.5030602863520618
  |->  par_lens = 2, 2, 2
[TDSE] Running TDSE-SH-elliptical. step 9000, energy = -0.5030602388257074
  |->  par_lens = 2, 2, 2
[TDSE] Running TDSE-SH-elliptical. step 9200, energy = -0.5030601886111158
  |->  par_lens = 2, 2, 2
[TDSE] Running TDSE-SH-elliptical. step 9400, energy = -0.503060135305032
  |->  par_lens = 2, 2, 2
[TDSE] Running TDSE-SH-elliptical. step 9600, energy = -0.5030600795086817
  |->  par_lens = 2, 2, 2
[TDSE] Running TDSE-SH-elliptical. step 9800, energy = -0.503060020770963
  |->  par_lens = 2, 2, 2
[TDSE] Running TDSE-SH-elliptical. step 10000, energy = -0.5030599596683712
  |->  par_lens = 2, 2, 2
[TDSE] Running TDSE-SH-elliptical. step 10200, energy = -0.5030598583491723
  |->  par_lens = 2, 2, 2
[TDSE] Running TDSE-SH-elliptical. step 10400, energy = -0.5030593447931194
  |->  par_lens = 2, 2, 2
[TDSE] Running TDSE-SH-elliptical. step 10600, energy = -0.5030587568171165
  |->  par_lens = 2, 2, 2
[TDSE] Running TDSE-SH-elliptical. step 10800, energy = -0.503059405729626
  |->  par_lens = 2, 2, 2
[TDSE] Running TDSE-SH-elliptical. step 11000, energy = -0.503056561018349
  |->  par_lens = 2, 2, 2
[TDSE] Running TDSE-SH-elliptical. step 11200, energy = -0.503029113725984
  |->  par_lens = 4, 3, 3
[TDSE] Running TDSE-SH-elliptical. step 11400, energy = -0.5029585017202343
  |->  par_lens = 4, 3, 3
[TDSE] Running TDSE-SH-elliptical. step 11600, energy = -0.5028820975284959
  |->  par_lens = 5, 4, 4
[TDSE] Running TDSE-SH-elliptical. step 11800, energy = -0.5028926980219653
  |->  par_lens = 4, 5, 4
[TDSE] Running TDSE-SH-elliptical. step 12000, energy = -0.5029768137973782
  |->  par_lens = 4, 4, 3
[TDSE] Running TDSE-SH-elliptical. step 12200, energy = -0.5028818590955982
  |->  par_lens = 4, 4, 4
[TDSE] Running TDSE-SH-elliptical. step 12400, energy = -0.5023180652599196
  |->  par_lens = 5, 5, 6
[TDSE] Running TDSE-SH-elliptical. step 12600, energy = -0.50147688692916
  |->  par_lens = 7, 7, 7
[TDSE] Running TDSE-SH-elliptical. step 12800, energy = -0.5011274401198411
  |->  par_lens = 7, 7, 7
[TDSE] Running TDSE-SH-elliptical. step 13000, energy = -0.5017822661727315
  |->  par_lens = 6, 6, 7
[TDSE] Running TDSE-SH-elliptical. step 13200, energy = -0.5026166965120208
  |->  par_lens = 6, 5, 6
[TDSE] Running TDSE-SH-elliptical. step 13400, energy = -0.5019178206289016
  |->  par_lens = 6, 6, 7
[TDSE] Running TDSE-SH-elliptical. step 13600, energy = -0.49920364552222624
  |->  par_lens = 9, 9, 8
[TDSE] Running TDSE-SH-elliptical. step 13800, energy = -0.4966539657030961
  |->  par_lens = 10, 10, 10
[TDSE] Running TDSE-SH-elliptical. step 14000, energy = -0.49718883907552347
  |->  par_lens = 10, 10, 10
[TDSE] Running TDSE-SH-elliptical. step 14200, energy = -0.5003701041649953
  |->  par_lens = 11, 11, 12
[TDSE] Running TDSE-SH-elliptical. step 14400, energy = -0.5014970296754547
  |->  par_lens = 12, 11, 12
[TDSE] Running TDSE-SH-elliptical. step 14600, energy = -0.49648588027949053
  |->  par_lens = 11, 12, 11
[TDSE] Running TDSE-SH-elliptical. step 14800, energy = -0.4881214465156868
  |->  par_lens = 15, 13, 14
[TDSE] Running TDSE-SH-elliptical. step 15000, energy = -0.4846834880567988
  |->  par_lens = 17, 17, 16
[TDSE] Running TDSE-SH-elliptical. step 15200, energy = -0.49066888481757215
  |->  par_lens = 18, 18, 18
[TDSE] Running TDSE-SH-elliptical. step 15400, energy = -0.49897273248121976
  |->  par_lens = 20, 20, 21
[TDSE] Running TDSE-SH-elliptical. step 15600, energy = -0.4970520977318948
  |->  par_lens = 21, 20, 21
[TDSE] Running TDSE-SH-elliptical. step 15800, energy = -0.4820878053736284
  |->  par_lens = 19, 19, 20
[TDSE] Running TDSE-SH-elliptical. step 16000, energy = -0.46782105491419046
  |->  par_lens = 25, 23, 23
[TDSE] Running TDSE-SH-elliptical. step 16200, energy = -0.470310869418354
  |->  par_lens = 28, 28, 27
[TDSE] Running TDSE-SH-elliptical. step 16400, energy = -0.48752173982467495
  |->  par_lens = 32, 32, 32
[TDSE] Running TDSE-SH-elliptical. step 16600, energy = -0.49682879164586896
  |->  par_lens = 34, 33, 33
[TDSE] Running TDSE-SH-elliptical. step 16800, energy = -0.4800344609320721
  |->  par_lens = 34, 35, 34
[TDSE] Running TDSE-SH-elliptical. step 17000, energy = -0.44855801338780044
  |->  par_lens = 34, 29, 32
[TDSE] Running TDSE-SH-elliptical. step 17200, energy = -0.43527960784873543
  |->  par_lens = 40, 41, 40
[TDSE] Running TDSE-SH-elliptical. step 17400, energy = -0.4560777963453461
  |->  par_lens = 49, 50, 49
[TDSE] Running TDSE-SH-elliptical. step 17600, energy = -0.4873249372126443
  |->  par_lens = 59, 56, 56
[TDSE] Running TDSE-SH-elliptical. step 17800, energy = -0.4864327781717221
  |->  par_lens = 60, 57, 58
[TDSE] Running TDSE-SH-elliptical. step 18000, energy = -0.4440565078634221
  |->  par_lens = 53, 52, 55
[TDSE] Running TDSE-SH-elliptical. step 18200, energy = -0.40243716332394686
  |->  par_lens = 50, 51, 51
[TDSE] Running TDSE-SH-elliptical. step 18400, energy = -0.4080503759369377
  |->  par_lens = 68, 69, 70
[TDSE] Running TDSE-SH-elliptical. step 18600, energy = -0.45607145432323376
  |->  par_lens = 84, 85, 83
[TDSE] Running TDSE-SH-elliptical. step 18800, energy = -0.486999953756004
  |->  par_lens = 90, 91, 91
[TDSE] Running TDSE-SH-elliptical. step 19000, energy = -0.45148801271925143
  |->  par_lens = 93, 91, 90
[TDSE] Running TDSE-SH-elliptical. step 19200, energy = -0.37764936208745015
  |->  par_lens = 76, 76, 71
[TDSE] Running TDSE-SH-elliptical. step 19400, energy = -0.34607067602434877
  |->  par_lens = 85, 86, 85
[TDSE] Running TDSE-SH-elliptical. step 19600, energy = -0.3902970135606211
  |->  par_lens = 117, 114, 113
[TDSE] Running TDSE-SH-elliptical. step 19800, energy = -0.4641750474925455
  |->  par_lens = 139, 136, 136
[TDSE] Running TDSE-SH-elliptical. step 20000, energy = -0.4706290553549139
  |->  par_lens = 143, 142, 142
[TDSE] Running TDSE-SH-elliptical. step 20200, energy = -0.38733402906073694
  |->  par_lens = 140, 137, 138
[TDSE] Running TDSE-SH-elliptical. step 20400, energy = -0.30340019936578105
  |->  par_lens = 112, 107, 108
[TDSE] Running TDSE-SH-elliptical. step 20600, energy = -0.31378515033889004
  |->  par_lens = 139, 132, 135
[TDSE] Running TDSE-SH-elliptical. step 20800, energy = -0.40318566692715113
  |->  par_lens = 177, 179, 178
[TDSE] Running TDSE-SH-elliptical. step 21000, energy = -0.4713518366885033
  |->  par_lens = 197, 195, 198
[TDSE] Running TDSE-SH-elliptical. step 21200, energy = -0.4158041678469169
  |->  par_lens = 201, 202, 202
[TDSE] Running TDSE-SH-elliptical. step 21400, energy = -0.2863085731879141
  |->  par_lens = 179, 178, 175
[TDSE] Running TDSE-SH-elliptical. step 21600, energy = -0.23169964341516727
  |->  par_lens = 164, 158, 157
[TDSE] Running TDSE-SH-elliptical. step 21800, energy = -0.3026120353298151
  |->  par_lens = 220, 218, 217
[TDSE] Running TDSE-SH-elliptical. step 22000, energy = -0.42862945232616073
  |->  par_lens = 265, 268, 266
[TDSE] Running TDSE-SH-elliptical. step 22200, energy = -0.45172075666802886
  |->  par_lens = 275, 276, 280
[TDSE] Running TDSE-SH-elliptical. step 22400, energy = -0.32495980877257674
  |->  par_lens = 272, 274, 267
[TDSE] Running TDSE-SH-elliptical. step 22600, energy = -0.19241730398516754
  |->  par_lens = 221, 224, 231
[TDSE] Running TDSE-SH-elliptical. step 22800, energy = -0.2116227070756064
  |->  par_lens = 246, 238, 246
[TDSE] Running TDSE-SH-elliptical. step 23000, energy = -0.3360466264689082
  |->  par_lens = 313, 312, 311
[TDSE] Running TDSE-SH-elliptical. step 23200, energy = -0.4473462514535223
  |->  par_lens = 341, 343, 343
[TDSE] Running TDSE-SH-elliptical. step 23400, energy = -0.3811536036450953
  |->  par_lens = 341, 343, 340
[TDSE] Running TDSE-SH-elliptical. step 23600, energy = -0.19974507098316346
  |->  par_lens = 306, 306, 307
[TDSE] Running TDSE-SH-elliptical. step 23800, energy = -0.1218268396306063
  |->  par_lens = 262, 269, 256
[TDSE] Running TDSE-SH-elliptical. step 24000, energy = -0.2186097473927298
  |->  par_lens = 339, 334, 328
[TDSE] Running TDSE-SH-elliptical. step 24200, energy = -0.38251590831263227
  |->  par_lens = 410, 409, 402
[TDSE] Running TDSE-SH-elliptical. step 24400, energy = -0.4270615336067618
  |->  par_lens = 422, 422, 424
[TDSE] Running TDSE-SH-elliptical. step 24600, energy = -0.27559555527479135
  |->  par_lens = 405, 411, 403
[TDSE] Running TDSE-SH-elliptical. step 24800, energy = -0.104522361784927
  |->  par_lens = 360, 363, 352
[TDSE] Running TDSE-SH-elliptical. step 25000, energy = -0.12984216039672308
  |->  par_lens = 364, 370, 360
[TDSE] Running TDSE-SH-elliptical. step 25200, energy = -0.27193506854120214
  |->  par_lens = 428, 429, 429
[TDSE] Running TDSE-SH-elliptical. step 25400, energy = -0.41304160053983574
  |->  par_lens = 466, 465, 466
[TDSE] Running TDSE-SH-elliptical. step 25600, energy = -0.35108070228530863
  |->  par_lens = 467, 464, 466
[TDSE] Running TDSE-SH-elliptical. step 25800, energy = -0.15008180633815443
  |->  par_lens = 438, 437, 433
[TDSE] Running TDSE-SH-elliptical. step 26000, energy = -0.05473307254085514
  |->  par_lens = 421, 415, 419
[TDSE] Running TDSE-SH-elliptical. step 26200, energy = -0.1633468277473507
  |->  par_lens = 455, 449, 449
[TDSE] Running TDSE-SH-elliptical. step 26400, energy = -0.33602249621551883
  |->  par_lens = 498, 499, 493
[TDSE] Running TDSE-SH-elliptical. step 26600, energy = -0.39840400227809675
  |->  par_lens = 508, 509, 507
[TDSE] Running TDSE-SH-elliptical. step 26800, energy = -0.2539936010720825
  |->  par_lens = 503, 501, 502
[TDSE] Running TDSE-SH-elliptical. step 27000, energy = -0.07513365736816288
  |->  par_lens = 485, 488, 486
[TDSE] Running TDSE-SH-elliptical. step 27200, energy = -0.09934036100799823
  |->  par_lens = 480, 485, 487
[TDSE] Running TDSE-SH-elliptical. step 27400, energy = -0.23313581108838508
  |->  par_lens = 506, 502, 511
[TDSE] Running TDSE-SH-elliptical. step 27600, energy = -0.378628340408616
  |->  par_lens = 516, 520, 519
[TDSE] Running TDSE-SH-elliptical. step 27800, energy = -0.3339673130796321
  |->  par_lens = 516, 522, 523
[TDSE] Running TDSE-SH-elliptical. step 28000, energy = -0.14990453491139352
  |->  par_lens = 509, 511, 511
[TDSE] Running TDSE-SH-elliptical. step 28200, energy = -0.058669586266748334
  |->  par_lens = 501, 504, 500
[TDSE] Running TDSE-SH-elliptical. step 28400, energy = -0.15200599652986263
  |->  par_lens = 518, 516, 518
[TDSE] Running TDSE-SH-elliptical. step 28600, energy = -0.3098152821297742
  |->  par_lens = 533, 530, 536
[TDSE] Running TDSE-SH-elliptical. step 28800, energy = -0.37660927857739024
  |->  par_lens = 535, 534, 540
[TDSE] Running TDSE-SH-elliptical. step 29000, energy = -0.2605053942985005
  |->  par_lens = 536, 533, 539
[TDSE] Running TDSE-SH-elliptical. step 29200, energy = -0.1118617378507702
  |->  par_lens = 520, 523, 517
[TDSE] Running TDSE-SH-elliptical. step 29400, energy = -0.12455327319303187
  |->  par_lens = 524, 520, 520
[TDSE] Running TDSE-SH-elliptical. step 29600, energy = -0.2318066625051765
  |->  par_lens = 532, 530, 539
[TDSE] Running TDSE-SH-elliptical. step 29800, energy = -0.36211366968801095
  |->  par_lens = 535, 537, 545
[TDSE] Running TDSE-SH-elliptical. step 30000, energy = -0.3368686693011168
  |->  par_lens = 537, 540, 546
[TDSE] Running TDSE-SH-elliptical. step 30200, energy = -0.19596873609942297
  |->  par_lens = 530, 530, 540
[TDSE] Running TDSE-SH-elliptical. step 30400, energy = -0.1235445088286326
  |->  par_lens = 526, 523, 531
[TDSE] Running TDSE-SH-elliptical. step 30600, energy = -0.1849489789098653
  |->  par_lens = 541, 542, 542
[TDSE] Running TDSE-SH-elliptical. step 30800, energy = -0.3106147390588505
  |->  par_lens = 547, 544, 548
[TDSE] Running TDSE-SH-elliptical. step 31000, energy = -0.3725845389323113
  |->  par_lens = 550, 545, 551
[TDSE] Running TDSE-SH-elliptical. step 31200, energy = -0.29821086382535
  |->  par_lens = 549, 543, 549
[TDSE] Running TDSE-SH-elliptical. step 31400, energy = -0.196651450309775
  |->  par_lens = 534, 537, 541
[TDSE] Running TDSE-SH-elliptical. step 31600, energy = -0.19105167814991997
  |->  par_lens = 533, 534, 525
[TDSE] Running TDSE-SH-elliptical. step 31800, energy = -0.27379404120902934
  |->  par_lens = 540, 541, 542
[TDSE] Running TDSE-SH-elliptical. step 32000, energy = -0.3689889688137895
  |->  par_lens = 540, 542, 546
[TDSE] Running TDSE-SH-elliptical. step 32200, energy = -0.35838813630798816
  |->  par_lens = 541, 546, 548
[TDSE] Running TDSE-SH-elliptical. step 32400, energy = -0.2673449036089802
  |->  par_lens = 542, 545, 541
[TDSE] Running TDSE-SH-elliptical. step 32600, energy = -0.22001393057582377
  |->  par_lens = 538, 542, 533
[TDSE] Running TDSE-SH-elliptical. step 32800, energy = -0.25573254204569823
  |->  par_lens = 543, 544, 542
[TDSE] Running TDSE-SH-elliptical. step 33000, energy = -0.3382378889650612
  |->  par_lens = 552, 548, 550
[TDSE] Running TDSE-SH-elliptical. step 33200, energy = -0.38316847625413886
  |->  par_lens = 552, 552, 549
[TDSE] Running TDSE-SH-elliptical. step 33400, energy = -0.34413712886799497
  |->  par_lens = 551, 550, 552
[TDSE] Running TDSE-SH-elliptical. step 33600, energy = -0.2849370213614808
  |->  par_lens = 546, 545, 547
[TDSE] Running TDSE-SH-elliptical. step 33800, energy = -0.28100772191696327
  |->  par_lens = 540, 536, 536
[TDSE] Running TDSE-SH-elliptical. step 34000, energy = -0.3258879683763928
  |->  par_lens = 540, 537, 541
[TDSE] Running TDSE-SH-elliptical. step 34200, energy = -0.3802937859617748
  |->  par_lens = 543, 538, 540
[TDSE] Running TDSE-SH-elliptical. step 34400, energy = -0.38007676854586503
  |->  par_lens = 536, 544, 541
[TDSE] Running TDSE-SH-elliptical. step 34600, energy = -0.3374516751612571
  |->  par_lens = 538, 538, 534
[TDSE] Running TDSE-SH-elliptical. step 34800, energy = -0.30542601481728343
  |->  par_lens = 534, 535, 527
[TDSE] Running TDSE-SH-elliptical. step 35000, energy = -0.32527106797580524
  |->  par_lens = 539, 537, 535
[TDSE] Running TDSE-SH-elliptical. step 35200, energy = -0.3667262951198227
  |->  par_lens = 539, 533, 541
[TDSE] Running TDSE-SH-elliptical. step 35400, energy = -0.39182307727705784
  |->  par_lens = 537, 526, 536
[TDSE] Running TDSE-SH-elliptical. step 35600, energy = -0.37867278118033365
  |->  par_lens = 525, 521, 529
[TDSE] Running TDSE-SH-elliptical. step 35800, energy = -0.3553758151532587
  |->  par_lens = 518, 516, 512
[TDSE] Running TDSE-SH-elliptical. step 36000, energy = -0.3447300397869564
  |->  par_lens = 484, 489, 488
[TDSE] Running TDSE-SH-elliptical. step 36200, energy = -0.3731175666257007
  |->  par_lens = 466, 468, 468
[TDSE] Running TDSE-SH-elliptical. step 36400, energy = -0.3903336303402291
  |->  par_lens = 457, 445, 450
[TDSE] Running TDSE-SH-elliptical. step 36600, energy = -0.39434727318697543
  |->  par_lens = 443, 436, 436
[TDSE] Running TDSE-SH-elliptical. step 36800, energy = -0.3768530961878869
  |->  par_lens = 430, 408, 415
[TDSE] Running TDSE-SH-elliptical. step 37000, energy = -0.3679212357458576
  |->  par_lens = 410, 403, 396
[TDSE] Running TDSE-SH-elliptical. step 37200, energy = -0.37208407362489904
  |->  par_lens = 407, 399, 412
[TDSE] Running TDSE-SH-elliptical. step 37400, energy = -0.38770623670986293
  |->  par_lens = 410, 404, 412
[TDSE] Running TDSE-SH-elliptical. step 37600, energy = -0.3987425899864874
  |->  par_lens = 404, 398, 405
[TDSE] Running TDSE-SH-elliptical. step 37800, energy = -0.3959388135935028
  |->  par_lens = 397, 392, 394
[TDSE] Running TDSE-SH-elliptical. step 38000, energy = -0.38841010571543455
  |->  par_lens = 387, 380, 380
[TDSE] Running TDSE-SH-elliptical. step 38200, energy = -0.3894170928555036
  |->  par_lens = 366, 360, 353
[TDSE] Running TDSE-SH-elliptical. step 38400, energy = -0.39165597622214227
  |->  par_lens = 330, 335, 339
[TDSE] Running TDSE-SH-elliptical. step 38600, energy = -0.39976306807792233
  |->  par_lens = 314, 315, 309
[TDSE] Running TDSE-SH-elliptical. step 38800, energy = -0.39930718797019094
  |->  par_lens = 298, 304, 302
[TDSE] Running TDSE-SH-elliptical. step 39000, energy = -0.3965678794641941
  |->  par_lens = 298, 299, 293
[TDSE] Running TDSE-SH-elliptical. step 39200, energy = -0.3946122832460791
  |->  par_lens = 301, 295, 296
[TDSE] Running TDSE-SH-elliptical. step 39400, energy = -0.39486094499784896
  |->  par_lens = 300, 300, 300
[TDSE] Running TDSE-SH-elliptical. step 39600, energy = -0.3992637649215186
  |->  par_lens = 308, 307, 307
[TDSE] Running TDSE-SH-elliptical. step 39800, energy = -0.4004248231588702
  |->  par_lens = 306, 304, 305
[TDSE] Running TDSE-SH-elliptical. step 40000, energy = -0.40143842784197603
  |->  par_lens = 305, 303, 302
[TDSE] Running TDSE-SH-elliptical. step 40200, energy = -0.40101932848587923
  |->  par_lens = 304, 299, 300
[TDSE] Running TDSE-SH-elliptical. step 40400, energy = -0.40076949005121404
  |->  par_lens = 295, 291, 295
[TDSE] Running TDSE-SH-elliptical. step 40600, energy = -0.40179559681741916
  |->  par_lens = 290, 290, 292
[TDSE] Running TDSE-SH-elliptical. step 40800, energy = -0.40205317574338756
  |->  par_lens = 278, 285, 284
[TDSE] Running TDSE-SH-elliptical. step 41000, energy = -0.4022444456406259
  |->  par_lens = 276, 281, 282
[TDSE] Running TDSE-SH-elliptical. step 41200, energy = -0.40248392176502845
  |->  par_lens = 275, 277, 281
[TDSE] Running TDSE-SH-elliptical. step 41400, energy = -0.4021925153508653
  |->  par_lens = 276, 278, 281
[TDSE] Running TDSE-SH-elliptical. step 41600, energy = -0.40282321389433134
  |->  par_lens = 275, 281, 281
[TDSE] Running TDSE-SH-elliptical. step 41800, energy = -0.40303214851598534
  |->  par_lens = 277, 278, 280
[TDSE] Running TDSE-SH-elliptical. step 42000, energy = -0.40347365496231224
  |->  par_lens = 275, 277, 279
[TDSE] Running TDSE-SH-elliptical. step 42200, energy = -0.4036900285308497
  |->  par_lens = 274, 277, 279
[TDSE] Running TDSE-SH-elliptical. step 42400, energy = -0.40416936949666754
  |->  par_lens = 274, 277, 276
[TDSE] Running TDSE-SH-elliptical. step 42600, energy = -0.40440024598265134
  |->  par_lens = 274, 276, 276
[TDSE] Running TDSE-SH-elliptical. step 42800, energy = -0.40464962024042905
  |->  par_lens = 274, 276, 276
[TDSE] Running TDSE-SH-elliptical. step 43000, energy = -0.4050040507705468
  |->  par_lens = 274, 275, 276
[TDSE] Running TDSE-SH-elliptical. step 43200, energy = -0.4053191988173971
  |->  par_lens = 274, 275, 274
[TDSE] Running TDSE-SH-elliptical. step 43400, energy = -0.40564915849499905
  |->  par_lens = 274, 274, 274
[TDSE] Running TDSE-SH-elliptical. step 43600, energy = -0.40594332409897343
  |->  par_lens = 273, 273, 274
[TDSE] Running TDSE-SH-elliptical. step 43800, energy = -0.40633438408862305
  |->  par_lens = 272, 273, 272
[TDSE] Running TDSE-SH-elliptical. step 44000, energy = -0.40657258379718497
  |->  par_lens = 271, 271, 272
[TDSE] Running TDSE-SH-elliptical. step 44200, energy = -0.40713235984332713
  |->  par_lens = 270, 271, 272
[TDSE] Running TDSE-SH-elliptical. step 44400, energy = -0.4074086893392405
  |->  par_lens = 270, 270, 269
[TDSE] Running TDSE-SH-elliptical. step 44600, energy = -0.4079422521775955
  |->  par_lens = 269, 269, 268
[TDSE] Running TDSE-SH-elliptical. step 44800, energy = -0.407977208252273
  |->  par_lens = 268, 269, 268
[TDSE] Running TDSE-SH-elliptical. step 45000, energy = -0.4082779958749999
  |->  par_lens = 268, 268, 268
