  Activating project at `~/JuliaProp_v0.1`
[ITP]: 10000.471108571397
[ITP]: 0.022107823405609905
[ITP]: 0.004976805475414736
[ITP]: 0.0021058954092971205
[ITP]: 0.001084104546129061
[ITP]: 0.0006160870179273692
[ITP]: 0.0003714642087823128
[ITP]: 0.00023286611963801995
[ITP]: 0.0001500123428329614
[ITP]: 9.857967926441003e-5
[ITP]: 6.57601184761436e-5
[ITP]: 4.43786526744816e-5
[ITP]: 3.022437766897479e-5
[ITP]: 2.0735965556739622e-5
[ITP]: 1.4311264988853267e-5
[ITP]: 9.92563006574354e-6
[ITP]: 6.9119921211058255e-6
[ITP]: 4.82976755122877e-6
[ITP]: 3.384510666504248e-6
[ITP]: 2.3775199649023193e-6
[ITP]: 1.6736194445865493e-6
[ITP]: 1.1802274751948616e-6
[ITP]: 8.335748883370186e-7
[ITP]: 5.895273362810372e-7
[ITP]: 4.174150680658073e-7
[ITP]: 2.958509506267859e-7
[ITP]: 2.098764437796774e-7
[ITP]: 1.4900242706339384e-7
[ITP]: 1.0585745457980522e-7
[ITP]: 7.525113565609587e-8
[ITP]: 5.352267851144177e-8
[ITP]: 3.808635307134267e-8
[ITP]: 2.7113442158110956e-8
[ITP]: 1.9309163601377577e-8
[ITP]: 1.3755872219078924e-8
[ITP]: 9.802639699962867e-9
Energy of ground state: -0.5030607411950042
[TDSE] Start TDSE-SH for elliptical polarized laser. It may cost a plenty of time.
[TDSE] Running TDSE-SH-elliptical. step 0, energy = -0.5030607411950033
  |->  par_lens = 1, 1, 1
[TDSE] Running TDSE-SH-elliptical. step 200, energy = -0.5030607411948619
  |->  par_lens = 1, 1, 1
[TDSE] Running TDSE-SH-elliptical. step 400, energy = -0.5030607411947166
  |->  par_lens = 1, 1, 2
[TDSE] Running TDSE-SH-elliptical. step 600, energy = -0.503060741194472
  |->  par_lens = 1, 1, 2
[TDSE] Running TDSE-SH-elliptical. step 800, energy = -0.5030607411938854
  |->  par_lens = 1, 1, 2
[TDSE] Running TDSE-SH-elliptical. step 1000, energy = -0.5030607411921266
  |->  par_lens = 1, 1, 2
[TDSE] Running TDSE-SH-elliptical. step 1200, energy = -0.503060741187686
  |->  par_lens = 1, 1, 2
[TDSE] Running TDSE-SH-elliptical. step 1400, energy = -0.5030607411775216
  |->  par_lens = 1, 1, 2
[TDSE] Running TDSE-SH-elliptical. step 1600, energy = -0.5030607411572695
  |->  par_lens = 1, 1, 2
[TDSE] Running TDSE-SH-elliptical. step 1800, energy = -0.5030607411194529
  |->  par_lens = 1, 1, 2
[TDSE] Running TDSE-SH-elliptical. step 2000, energy = -0.5030607410545139
  |->  par_lens = 1, 1, 2
[TDSE] Running TDSE-SH-elliptical. step 2200, energy = -0.5030607409477358
  |->  par_lens = 1, 1, 2
[TDSE] Running TDSE-SH-elliptical. step 2400, energy = -0.5030607407816514
  |->  par_lens = 1, 1, 2
[TDSE] Running TDSE-SH-elliptical. step 2600, energy = -0.5030607405310977
  |->  par_lens = 1, 1, 2
[TDSE] Running TDSE-SH-elliptical. step 2800, energy = -0.503060740168085
  |->  par_lens = 1, 1, 2
[TDSE] Running TDSE-SH-elliptical. step 3000, energy = -0.5030607396525995
  |->  par_lens = 1, 1, 2
[TDSE] Running TDSE-SH-elliptical. step 3200, energy = -0.503060738945575
  |->  par_lens = 1, 1, 2
[TDSE] Running TDSE-SH-elliptical. step 3400, energy = -0.503060737986335
  |->  par_lens = 1, 1, 2
[TDSE] Running TDSE-SH-elliptical. step 3600, energy = -0.5030607367234885
  |->  par_lens = 1, 1, 2
[TDSE] Running TDSE-SH-elliptical. step 3800, energy = -0.5030607350738134
  |->  par_lens = 1, 1, 2
[TDSE] Running TDSE-SH-elliptical. step 4000, energy = -0.5030607329727019
  |->  par_lens = 1, 1, 2
[TDSE] Running TDSE-SH-elliptical. step 4200, energy = -0.5030607303049182
  |->  par_lens = 1, 1, 2
[TDSE] Running TDSE-SH-elliptical. step 4400, energy = -0.5030607270037143
  |->  par_lens = 1, 1, 2
[TDSE] Running TDSE-SH-elliptical. step 4600, energy = -0.5030607229180726
  |->  par_lens = 1, 1, 2
[TDSE] Running TDSE-SH-elliptical. step 4800, energy = -0.5030607179623379
  |->  par_lens = 1, 1, 2
[TDSE] Running TDSE-SH-elliptical. step 5000, energy = -0.5030607119773504
  |->  par_lens = 1, 2, 2
[TDSE] Running TDSE-SH-elliptical. step 5200, energy = -0.5030607048483179
  |->  par_lens = 2, 2, 2
[TDSE] Running TDSE-SH-elliptical. step 5400, energy = -0.503060696397779
  |->  par_lens = 2, 2, 2
[TDSE] Running TDSE-SH-elliptical. step 5600, energy = -0.503060686494173
  |->  par_lens = 2, 2, 2
[TDSE] Running TDSE-SH-elliptical. step 5800, energy = -0.5030606749722049
  |->  par_lens = 2, 2, 2
[TDSE] Running TDSE-SH-elliptical. step 6000, energy = -0.503060661622349
  |->  par_lens = 2, 2, 2
[TDSE] Running TDSE-SH-elliptical. step 6200, energy = -0.5030606463714085
  |->  par_lens = 2, 2, 2
[TDSE] Running TDSE-SH-elliptical. step 6400, energy = -0.5030606288881087
  |->  par_lens = 2, 2, 2
[TDSE] Running TDSE-SH-elliptical. step 6600, energy = -0.5030606091877353
  |->  par_lens = 2, 2, 2
[TDSE] Running TDSE-SH-elliptical. step 6800, energy = -0.5030605869019168
  |->  par_lens = 2, 2, 2
[TDSE] Running TDSE-SH-elliptical. step 7000, energy = -0.5030605620732058
  |->  par_lens = 2, 2, 2
[TDSE] Running TDSE-SH-elliptical. step 7200, energy = -0.5030605342256449
  |->  par_lens = 2, 2, 2
[TDSE] Running TDSE-SH-elliptical. step 7400, energy = -0.503060503652391
  |->  par_lens = 2, 2, 2
[TDSE] Running TDSE-SH-elliptical. step 7600, energy = -0.5030604697015896
  |->  par_lens = 2, 2, 2
[TDSE] Running TDSE-SH-elliptical. step 7800, energy = -0.5030604326237101
  |->  par_lens = 2, 2, 2
[TDSE] Running TDSE-SH-elliptical. step 8000, energy = -0.5030603920527981
  |->  par_lens = 2, 2, 2
[TDSE] Running TDSE-SH-elliptical. step 8200, energy = -0.5030603481124811
  |->  par_lens = 2, 2, 2
[TDSE] Running TDSE-SH-elliptical. step 8400, energy = -0.5030603003857489
  |->  par_lens = 2, 2, 2
[TDSE] Running TDSE-SH-elliptical. step 8600, energy = -0.5030602491084483
  |->  par_lens = 2, 2, 2
[TDSE] Running TDSE-SH-elliptical. step 8800, energy = -0.5030601941148994
  |->  par_lens = 2, 2, 2
[TDSE] Running TDSE-SH-elliptical. step 9000, energy = -0.5030601352422006
  |->  par_lens = 2, 2, 2
[TDSE] Running TDSE-SH-elliptical. step 9200, energy = -0.5030600728264797
  |->  par_lens = 2, 2, 2
[TDSE] Running TDSE-SH-elliptical. step 9400, energy = -0.5030600063464556
  |->  par_lens = 2, 2, 2
[TDSE] Running TDSE-SH-elliptical. step 9600, energy = -0.5030599365221972
  |->  par_lens = 2, 2, 2
[TDSE] Running TDSE-SH-elliptical. step 9800, energy = -0.5030598627749596
  |->  par_lens = 2, 2, 2
[TDSE] Running TDSE-SH-elliptical. step 10000, energy = -0.5030597858106766
  |->  par_lens = 2, 2, 2
[TDSE] Running TDSE-SH-elliptical. step 10200, energy = -0.5030596637019501
  |->  par_lens = 2, 2, 2
[TDSE] Running TDSE-SH-elliptical. step 10400, energy = -0.5030590904583229
  |->  par_lens = 2, 2, 2
[TDSE] Running TDSE-SH-elliptical. step 10600, energy = -0.5030584468426051
  |->  par_lens = 2, 2, 2
[TDSE] Running TDSE-SH-elliptical. step 10800, energy = -0.5030592142746259
  |->  par_lens = 2, 2, 2
[TDSE] Running TDSE-SH-elliptical. step 11000, energy = -0.5030568736657806
  |->  par_lens = 2, 2, 2
[TDSE] Running TDSE-SH-elliptical. step 11200, energy = -0.5030304264670057
  |->  par_lens = 4, 3, 3
[TDSE] Running TDSE-SH-elliptical. step 11400, energy = -0.5029610944179221
  |->  par_lens = 4, 3, 3
[TDSE] Running TDSE-SH-elliptical. step 11600, energy = -0.5028856742808308
  |->  par_lens = 5, 4, 5
[TDSE] Running TDSE-SH-elliptical. step 11800, energy = -0.5028960902403442
  |->  par_lens = 4, 4, 4
[TDSE] Running TDSE-SH-elliptical. step 12000, energy = -0.5029781335832326
  |->  par_lens = 4, 4, 3
[TDSE] Running TDSE-SH-elliptical. step 12200, energy = -0.5028790294159519
  |->  par_lens = 4, 4, 4
[TDSE] Running TDSE-SH-elliptical. step 12400, energy = -0.502309834050501
  |->  par_lens = 5, 5, 6
[TDSE] Running TDSE-SH-elliptical. step 12600, energy = -0.5014638317314407
  |->  par_lens = 7, 7, 7
[TDSE] Running TDSE-SH-elliptical. step 12800, energy = -0.5011125073652645
  |->  par_lens = 7, 7, 7
[TDSE] Running TDSE-SH-elliptical. step 13000, energy = -0.5017705080978558
  |->  par_lens = 6, 6, 7
[TDSE] Running TDSE-SH-elliptical. step 13200, energy = -0.5026137952250538
  |->  par_lens = 6, 5, 6
[TDSE] Running TDSE-SH-elliptical. step 13400, energy = -0.5019279623293037
  |->  par_lens = 6, 6, 7
[TDSE] Running TDSE-SH-elliptical. step 13600, energy = -0.49922720545039534
  |->  par_lens = 9, 8, 8
[TDSE] Running TDSE-SH-elliptical. step 13800, energy = -0.4966861257280227
  |->  par_lens = 10, 10, 10
[TDSE] Running TDSE-SH-elliptical. step 14000, energy = -0.49721990505454944
  |->  par_lens = 10, 10, 10
[TDSE] Running TDSE-SH-elliptical. step 14200, energy = -0.5003880106453836
  |->  par_lens = 11, 11, 12
[TDSE] Running TDSE-SH-elliptical. step 14400, energy = -0.5014912952656312
  |->  par_lens = 12, 11, 12
[TDSE] Running TDSE-SH-elliptical. step 14600, energy = -0.49645211996714933
  |->  par_lens = 11, 12, 11
[TDSE] Running TDSE-SH-elliptical. step 14800, energy = -0.488064746202822
  |->  par_lens = 15, 13, 14
[TDSE] Running TDSE-SH-elliptical. step 15000, energy = -0.4846184151889435
  |->  par_lens = 17, 17, 16
[TDSE] Running TDSE-SH-elliptical. step 15200, energy = -0.4906165826665295
  |->  par_lens = 18, 18, 18
[TDSE] Running TDSE-SH-elliptical. step 15400, energy = -0.4989541532835315
  |->  par_lens = 20, 20, 21
[TDSE] Running TDSE-SH-elliptical. step 15600, energy = -0.4970806353142822
  |->  par_lens = 21, 20, 21
[TDSE] Running TDSE-SH-elliptical. step 15800, energy = -0.48216247761891484
  |->  par_lens = 19, 19, 20
[TDSE] Running TDSE-SH-elliptical. step 16000, energy = -0.4679240027814712
  |->  par_lens = 25, 23, 23
[TDSE] Running TDSE-SH-elliptical. step 16200, energy = -0.47041120725388585
  |->  par_lens = 28, 28, 26
[TDSE] Running TDSE-SH-elliptical. step 16400, energy = -0.487583656357277
  |->  par_lens = 32, 32, 32
[TDSE] Running TDSE-SH-elliptical. step 16600, energy = -0.49682381886764165
  |->  par_lens = 34, 32, 33
[TDSE] Running TDSE-SH-elliptical. step 16800, energy = -0.47995248535613894
  |->  par_lens = 34, 35, 34
[TDSE] Running TDSE-SH-elliptical. step 17000, energy = -0.4484147150980516
  |->  par_lens = 34, 29, 32
[TDSE] Running TDSE-SH-elliptical. step 17200, energy = -0.43511439824335335
  |->  par_lens = 40, 41, 41
[TDSE] Running TDSE-SH-elliptical. step 17400, energy = -0.4559426671123005
  |->  par_lens = 49, 51, 50
[TDSE] Running TDSE-SH-elliptical. step 17600, energy = -0.4872701837618964
  |->  par_lens = 59, 56, 56
[TDSE] Running TDSE-SH-elliptical. step 17800, energy = -0.4864879744019156
  |->  par_lens = 61, 57, 58
[TDSE] Running TDSE-SH-elliptical. step 18000, energy = -0.4442175989433585
  |->  par_lens = 52, 51, 55
[TDSE] Running TDSE-SH-elliptical. step 18200, energy = -0.4026617021126554
  |->  par_lens = 49, 52, 51
[TDSE] Running TDSE-SH-elliptical. step 18400, energy = -0.4082707142974588
  |->  par_lens = 68, 69, 70
[TDSE] Running TDSE-SH-elliptical. step 18600, energy = -0.45621280085848515
  |->  par_lens = 84, 84, 83
[TDSE] Running TDSE-SH-elliptical. step 18800, energy = -0.4870049905802851
  |->  par_lens = 90, 91, 91
[TDSE] Running TDSE-SH-elliptical. step 19000, energy = -0.4513379681280897
  |->  par_lens = 92, 91, 90
[TDSE] Running TDSE-SH-elliptical. step 19200, energy = -0.3773790019560909
  |->  par_lens = 76, 76, 73
[TDSE] Running TDSE-SH-elliptical. step 19400, energy = -0.34576000033343945
  |->  par_lens = 84, 87, 82
[TDSE] Running TDSE-SH-elliptical. step 19600, energy = -0.39003923688987213
  |->  par_lens = 116, 113, 113
[TDSE] Running TDSE-SH-elliptical. step 19800, energy = -0.4640628355822183
  |->  par_lens = 139, 137, 136
[TDSE] Running TDSE-SH-elliptical. step 20000, energy = -0.47070927868125934
  |->  par_lens = 143, 142, 141
[TDSE] Running TDSE-SH-elliptical. step 20200, energy = -0.38759757417297425
  |->  par_lens = 137, 138, 136
[TDSE] Running TDSE-SH-elliptical. step 20400, energy = -0.3037689004181904
  |->  par_lens = 111, 109, 107
[TDSE] Running TDSE-SH-elliptical. step 20600, energy = -0.3141440985780258
  |->  par_lens = 142, 134, 141
[TDSE] Running TDSE-SH-elliptical. step 20800, energy = -0.4034240773910596
  |->  par_lens = 178, 181, 181
[TDSE] Running TDSE-SH-elliptical. step 21000, energy = -0.4713790804059037
  |->  par_lens = 197, 196, 198
[TDSE] Running TDSE-SH-elliptical. step 21200, energy = -0.4155959235777827
  |->  par_lens = 198, 199, 198
[TDSE] Running TDSE-SH-elliptical. step 21400, energy = -0.28592030400880797
  |->  par_lens = 175, 173, 174
[TDSE] Running TDSE-SH-elliptical. step 21600, energy = -0.23125591722816408
  |->  par_lens = 157, 161, 158
[TDSE] Running TDSE-SH-elliptical. step 21800, energy = -0.3022405292265208
  |->  par_lens = 215, 215, 219
[TDSE] Running TDSE-SH-elliptical. step 22000, energy = -0.4284577428458548
  |->  par_lens = 266, 266, 264
[TDSE] Running TDSE-SH-elliptical. step 22200, energy = -0.4518067008625609
  |->  par_lens = 277, 276, 277
[TDSE] Running TDSE-SH-elliptical. step 22400, energy = -0.3252919384290664
  |->  par_lens = 267, 269, 266
[TDSE] Running TDSE-SH-elliptical. step 22600, energy = -0.19288824473297175
  |->  par_lens = 225, 220, 227
[TDSE] Running TDSE-SH-elliptical. step 22800, energy = -0.21207591362806325
  |->  par_lens = 243, 238, 241
[TDSE] Running TDSE-SH-elliptical. step 23000, energy = -0.3363599414222915
  |->  par_lens = 309, 313, 304
[TDSE] Running TDSE-SH-elliptical. step 23200, energy = -0.4474019653372144
  |->  par_lens = 343, 343, 343
[TDSE] Running TDSE-SH-elliptical. step 23400, energy = -0.3809286003819527
  |->  par_lens = 344, 342, 342
[TDSE] Running TDSE-SH-elliptical. step 23600, energy = -0.19930556305418398
  |->  par_lens = 308, 302, 312
[TDSE] Running TDSE-SH-elliptical. step 23800, energy = -0.1213238420468861
  |->  par_lens = 281, 273, 268
[TDSE] Running TDSE-SH-elliptical. step 24000, energy = -0.21818919091356154
  |->  par_lens = 339, 341, 334
[TDSE] Running TDSE-SH-elliptical. step 24200, energy = -0.3823091313306817
  |->  par_lens = 409, 408, 412
[TDSE] Running TDSE-SH-elliptical. step 24400, energy = -0.4271290750034385
  |->  par_lens = 425, 424, 425
[TDSE] Running TDSE-SH-elliptical. step 24600, energy = -0.27592588519610495
  |->  par_lens = 409, 406, 409
[TDSE] Running TDSE-SH-elliptical. step 24800, energy = -0.10499830422195805
  |->  par_lens = 360, 355, 355
[TDSE] Running TDSE-SH-elliptical. step 25000, energy = -0.13029724399162912
  |->  par_lens = 366, 377, 369
[TDSE] Running TDSE-SH-elliptical. step 25200, energy = -0.27225775236718897
  |->  par_lens = 431, 430, 427
[TDSE] Running TDSE-SH-elliptical. step 25400, energy = -0.4131148162492223
  |->  par_lens = 469, 471, 469
[TDSE] Running TDSE-SH-elliptical. step 25600, energy = -0.35088870381504944
  |->  par_lens = 468, 469, 471
[TDSE] Running TDSE-SH-elliptical. step 25800, energy = -0.1496900823711689
  |->  par_lens = 443, 440, 444
[TDSE] Running TDSE-SH-elliptical. step 26000, energy = -0.05428160235716654
  |->  par_lens = 414, 417, 412
[TDSE] Running TDSE-SH-elliptical. step 26200, energy = -0.16297284893186773
  |->  par_lens = 450, 444, 446
[TDSE] Running TDSE-SH-elliptical. step 26400, energy = -0.3358298689238173
  |->  par_lens = 496, 495, 499
[TDSE] Running TDSE-SH-elliptical. step 26600, energy = -0.3984443482999199
  |->  par_lens = 511, 512, 513
[TDSE] Running TDSE-SH-elliptical. step 26800, energy = -0.25424939835561405
  |->  par_lens = 507, 511, 510
[TDSE] Running TDSE-SH-elliptical. step 27000, energy = -0.07550933981725051
  |->  par_lens = 491, 484, 491
[TDSE] Running TDSE-SH-elliptical. step 27200, energy = -0.09969509009842095
  |->  par_lens = 492, 486, 490
[TDSE] Running TDSE-SH-elliptical. step 27400, energy = -0.2333922273821186
  |->  par_lens = 507, 513, 511
[TDSE] Running TDSE-SH-elliptical. step 27600, energy = -0.3786962983273547
  |->  par_lens = 518, 524, 522
[TDSE] Running TDSE-SH-elliptical. step 27800, energy = -0.3338425140972871
  |->  par_lens = 521, 528, 522
[TDSE] Running TDSE-SH-elliptical. step 28000, energy = -0.14963691830531564
  |->  par_lens = 510, 517, 516
[TDSE] Running TDSE-SH-elliptical. step 28200, energy = -0.0583654858713078
  |->  par_lens = 502, 504, 502
[TDSE] Running TDSE-SH-elliptical. step 28400, energy = -0.15175261333153525
  |->  par_lens = 529, 518, 521
[TDSE] Running TDSE-SH-elliptical. step 28600, energy = -0.3096879722430307
  |->  par_lens = 538, 534, 540
[TDSE] Running TDSE-SH-elliptical. step 28800, energy = -0.376626641320913
  |->  par_lens = 540, 538, 544
[TDSE] Running TDSE-SH-elliptical. step 29000, energy = -0.2606507498688936
  |->  par_lens = 537, 537, 542
[TDSE] Running TDSE-SH-elliptical. step 29200, energy = -0.11207841193961766
  |->  par_lens = 526, 525, 524
[TDSE] Running TDSE-SH-elliptical. step 29400, energy = -0.12474751425143758
  |->  par_lens = 522, 514, 523
[TDSE] Running TDSE-SH-elliptical. step 29600, energy = -0.23195287185939362
  |->  par_lens = 535, 536, 532
[TDSE] Running TDSE-SH-elliptical. step 29800, energy = -0.3621529231726214
  |->  par_lens = 541, 537, 540
[TDSE] Running TDSE-SH-elliptical. step 30000, energy = -0.3368161899068911
  |->  par_lens = 545, 542, 542
[TDSE] Running TDSE-SH-elliptical. step 30200, energy = -0.19586219935169133
  |->  par_lens = 534, 539, 531
[TDSE] Running TDSE-SH-elliptical. step 30400, energy = -0.12341581913139689
  |->  par_lens = 531, 530, 524
[TDSE] Running TDSE-SH-elliptical. step 30600, energy = -0.184860742285327
  |->  par_lens = 544, 542, 541
[TDSE] Running TDSE-SH-elliptical. step 30800, energy = -0.31056565613070125
  |->  par_lens = 547, 550, 547
[TDSE] Running TDSE-SH-elliptical. step 31000, energy = -0.3725937746295927
  |->  par_lens = 551, 550, 548
[TDSE] Running TDSE-SH-elliptical. step 31200, energy = -0.2982529599801803
  |->  par_lens = 551, 549, 546
[TDSE] Running TDSE-SH-elliptical. step 31400, energy = -0.196681741807467
  |->  par_lens = 542, 543, 542
[TDSE] Running TDSE-SH-elliptical. step 31600, energy = -0.19109862209197045
  |->  par_lens = 539, 528, 533
[TDSE] Running TDSE-SH-elliptical. step 31800, energy = -0.27380817808300384
  |->  par_lens = 541, 540, 537
[TDSE] Running TDSE-SH-elliptical. step 32000, energy = -0.36899425711480494
  |->  par_lens = 547, 545, 542
[TDSE] Running TDSE-SH-elliptical. step 32200, energy = -0.3583946558235315
  |->  par_lens = 546, 545, 542
[TDSE] Running TDSE-SH-elliptical. step 32400, energy = -0.2673764633350934
  |->  par_lens = 544, 541, 542
[TDSE] Running TDSE-SH-elliptical. step 32600, energy = -0.22003533451597074
  |->  par_lens = 538, 543, 542
[TDSE] Running TDSE-SH-elliptical. step 32800, energy = -0.2557973855040877
  |->  par_lens = 550, 546, 543
[TDSE] Running TDSE-SH-elliptical. step 33000, energy = -0.3382745829017973
  |->  par_lens = 551, 551, 545
[TDSE] Running TDSE-SH-elliptical. step 33200, energy = -0.3831750805497398
  |->  par_lens = 551, 551, 546
[TDSE] Running TDSE-SH-elliptical. step 33400, energy = -0.3440838330239742
  |->  par_lens = 551, 552, 549
[TDSE] Running TDSE-SH-elliptical. step 33600, energy = -0.2848330008173175
  |->  par_lens = 551, 549, 545
[TDSE] Running TDSE-SH-elliptical. step 33800, energy = -0.2809202970110867
  |->  par_lens = 548, 547, 543
[TDSE] Running TDSE-SH-elliptical. step 34000, energy = -0.3258076229878563
  |->  par_lens = 546, 542, 547
[TDSE] Running TDSE-SH-elliptical. step 34200, energy = -0.38026439355826386
  |->  par_lens = 544, 546, 542
[TDSE] Running TDSE-SH-elliptical. step 34400, energy = -0.3801163142451208
  |->  par_lens = 545, 545, 535
[TDSE] Running TDSE-SH-elliptical. step 34600, energy = -0.33757672651680404
  |->  par_lens = 538, 539, 540
[TDSE] Running TDSE-SH-elliptical. step 34800, energy = -0.3055746447002697
  |->  par_lens = 541, 529, 542
[TDSE] Running TDSE-SH-elliptical. step 35000, energy = -0.3254307863087162
  |->  par_lens = 545, 539, 540
[TDSE] Running TDSE-SH-elliptical. step 35200, energy = -0.3668043773516844
  |->  par_lens = 546, 541, 539
[TDSE] Running TDSE-SH-elliptical. step 35400, energy = -0.39182538027649827
  |->  par_lens = 545, 538, 535
[TDSE] Running TDSE-SH-elliptical. step 35600, energy = -0.3785981509273313
  |->  par_lens = 541, 532, 538
[TDSE] Running TDSE-SH-elliptical. step 35800, energy = -0.35523142326895235
  |->  par_lens = 524, 521, 521
[TDSE] Running TDSE-SH-elliptical. step 36000, energy = -0.34455422217338744
  |->  par_lens = 511, 493, 494
[TDSE] Running TDSE-SH-elliptical. step 36200, energy = -0.37301061768592975
  |->  par_lens = 487, 469, 478
[TDSE] Running TDSE-SH-elliptical. step 36400, energy = -0.3902703804552476
  |->  par_lens = 470, 459, 458
[TDSE] Running TDSE-SH-elliptical. step 36600, energy = -0.39438966339232084
  |->  par_lens = 458, 442, 442
[TDSE] Running TDSE-SH-elliptical. step 36800, energy = -0.3770012906184151
  |->  par_lens = 436, 432, 421
[TDSE] Running TDSE-SH-elliptical. step 37000, energy = -0.368057579480371
  |->  par_lens = 424, 430, 414
[TDSE] Running TDSE-SH-elliptical. step 37200, energy = -0.372280306411908
  |->  par_lens = 422, 416, 415
[TDSE] Running TDSE-SH-elliptical. step 37400, energy = -0.38779704705425183
  |->  par_lens = 412, 411, 414
[TDSE] Running TDSE-SH-elliptical. step 37600, energy = -0.3987619791482173
  |->  par_lens = 407, 406, 409
[TDSE] Running TDSE-SH-elliptical. step 37800, energy = -0.39588004278737965
  |->  par_lens = 401, 399, 396
[TDSE] Running TDSE-SH-elliptical. step 38000, energy = -0.3882792436000728
  |->  par_lens = 385, 389, 382
[TDSE] Running TDSE-SH-elliptical. step 38200, energy = -0.38926847726742236
  |->  par_lens = 354, 359, 361
[TDSE] Running TDSE-SH-elliptical. step 38400, energy = -0.3915451660838902
  |->  par_lens = 321, 335, 326
[TDSE] Running TDSE-SH-elliptical. step 38600, energy = -0.3997239795255863
  |->  par_lens = 307, 314, 310
[TDSE] Running TDSE-SH-elliptical. step 38800, energy = -0.39933580228424764
  |->  par_lens = 296, 301, 301
[TDSE] Running TDSE-SH-elliptical. step 39000, energy = -0.3966586607811244
  |->  par_lens = 298, 298, 296
[TDSE] Running TDSE-SH-elliptical. step 39200, energy = -0.39474172447621947
  |->  par_lens = 292, 302, 291
[TDSE] Running TDSE-SH-elliptical. step 39400, energy = -0.39496847163905163
  |->  par_lens = 302, 299, 297
[TDSE] Running TDSE-SH-elliptical. step 39600, energy = -0.39933739823090886
  |->  par_lens = 305, 304, 303
[TDSE] Running TDSE-SH-elliptical. step 39800, energy = -0.40046333950338925
  |->  par_lens = 306, 303, 300
[TDSE] Running TDSE-SH-elliptical. step 40000, energy = -0.4014138016741337
  |->  par_lens = 303, 300, 299
[TDSE] Running TDSE-SH-elliptical. step 40200, energy = -0.4009775810260448
  |->  par_lens = 301, 296, 297
[TDSE] Running TDSE-SH-elliptical. step 40400, energy = -0.4007065445025128
  |->  par_lens = 297, 288, 293
[TDSE] Running TDSE-SH-elliptical. step 40600, energy = -0.40175834686362516
  |->  par_lens = 287, 286, 289
[TDSE] Running TDSE-SH-elliptical. step 40800, energy = -0.40202791833424006
  |->  par_lens = 278, 284, 281
[TDSE] Running TDSE-SH-elliptical. step 41000, energy = -0.4022680289789226
  |->  par_lens = 277, 279, 277
[TDSE] Running TDSE-SH-elliptical. step 41200, energy = -0.4025074935206447
  |->  par_lens = 275, 277, 275
[TDSE] Running TDSE-SH-elliptical. step 41400, energy = -0.40224519756925975
  |->  par_lens = 274, 275, 272
[TDSE] Running TDSE-SH-elliptical. step 41600, energy = -0.4028492632309458
  |->  par_lens = 272, 276, 270
[TDSE] Running TDSE-SH-elliptical. step 41800, energy = -0.40306806997056605
  |->  par_lens = 272, 276, 270
[TDSE] Running TDSE-SH-elliptical. step 42000, energy = -0.4034977399851279
  |->  par_lens = 272, 274, 270
[TDSE] Running TDSE-SH-elliptical. step 42200, energy = -0.40372262850199436
  |->  par_lens = 270, 274, 270
[TDSE] Running TDSE-SH-elliptical. step 42400, energy = -0.4041698246774664
  |->  par_lens = 270, 274, 268
[TDSE] Running TDSE-SH-elliptical. step 42600, energy = -0.40441296049118675
  |->  par_lens = 270, 273, 268
[TDSE] Running TDSE-SH-elliptical. step 42800, energy = -0.40467447386836214
  |->  par_lens = 270, 273, 268
[TDSE] Running TDSE-SH-elliptical. step 43000, energy = -0.405022280688797
  |->  par_lens = 270, 272, 267
[TDSE] Running TDSE-SH-elliptical. step 43200, energy = -0.40533426526766786
  |->  par_lens = 269, 270, 266
[TDSE] Running TDSE-SH-elliptical. step 43400, energy = -0.4056664381256013
  |->  par_lens = 268, 270, 265
[TDSE] Running TDSE-SH-elliptical. step 43600, energy = -0.4059663657414213
  |->  par_lens = 266, 269, 265
[TDSE] Running TDSE-SH-elliptical. step 43800, energy = -0.4063477495461658
  |->  par_lens = 265, 266, 263
[TDSE] Running TDSE-SH-elliptical. step 44000, energy = -0.40660127616647174
  |->  par_lens = 265, 266, 263
[TDSE] Running TDSE-SH-elliptical. step 44200, energy = -0.4071424819105327
  |->  par_lens = 264, 265, 263
[TDSE] Running TDSE-SH-elliptical. step 44400, energy = -0.4074497764600336
  |->  par_lens = 264, 265, 263
[TDSE] Running TDSE-SH-elliptical. step 44600, energy = -0.4079552230778712
  |->  par_lens = 263, 264, 262
[TDSE] Running TDSE-SH-elliptical. step 44800, energy = -0.40801220583969866
  |->  par_lens = 263, 262, 260
[TDSE] Running TDSE-SH-elliptical. step 45000, energy = -0.4082865024157984
  |->  par_lens = 261, 261, 260
