  Activating project at `~/JuliaProp_v0.1`
[ITP]: 10000.471108571397
[ITP]: 0.022107823405609905
[ITP]: 0.004976805475414736
[ITP]: 0.0021058954092971205
[ITP]: 0.001084104546129061
[ITP]: 0.0006160870179273692
[ITP]: 0.0003714642087823128
[ITP]: 0.00023286611963801995
[ITP]: 0.0001500123428329614
[ITP]: 9.857967926441003e-5
[ITP]: 6.57601184761436e-5
[ITP]: 4.43786526744816e-5
[ITP]: 3.022437766897479e-5
[ITP]: 2.0735965556739622e-5
[ITP]: 1.4311264988853267e-5
[ITP]: 9.92563006574354e-6
[ITP]: 6.9119921211058255e-6
[ITP]: 4.82976755122877e-6
[ITP]: 3.384510666504248e-6
[ITP]: 2.3775199649023193e-6
[ITP]: 1.6736194445865493e-6
[ITP]: 1.1802274751948616e-6
[ITP]: 8.335748883370186e-7
[ITP]: 5.895273362810372e-7
[ITP]: 4.174150680658073e-7
[ITP]: 2.958509506267859e-7
[ITP]: 2.098764437796774e-7
[ITP]: 1.4900242706339384e-7
[ITP]: 1.0585745457980522e-7
[ITP]: 7.525113565609587e-8
[ITP]: 5.352267851144177e-8
[ITP]: 3.808635307134267e-8
[ITP]: 2.7113442158110956e-8
[ITP]: 1.9309163601377577e-8
[ITP]: 1.3755872219078924e-8
[ITP]: 9.802639699962867e-9
Energy of ground state: -0.5030607411950042
[TDSE] Start TDSE-SH for elliptical polarized laser. It may cost a plenty of time.
[TDSE] Running TDSE-SH-elliptical. step 0, energy = -0.5030607411950033
  |->  par_lens = 1, 1, 1
[TDSE] Running TDSE-SH-elliptical. step 200, energy = -0.5030607411948645
  |->  par_lens = 1, 1, 1
[TDSE] Running TDSE-SH-elliptical. step 400, energy = -0.5030607411947235
  |->  par_lens = 1, 1, 2
[TDSE] Running TDSE-SH-elliptical. step 600, energy = -0.5030607411945601
  |->  par_lens = 1, 1, 2
[TDSE] Running TDSE-SH-elliptical. step 800, energy = -0.5030607411943248
  |->  par_lens = 1, 1, 2
[TDSE] Running TDSE-SH-elliptical. step 1000, energy = -0.5030607411938991
  |->  par_lens = 1, 1, 2
[TDSE] Running TDSE-SH-elliptical. step 1200, energy = -0.5030607411930476
  |->  par_lens = 1, 1, 2
[TDSE] Running TDSE-SH-elliptical. step 1400, energy = -0.5030607411913508
  |->  par_lens = 1, 1, 2
[TDSE] Running TDSE-SH-elliptical. step 1600, energy = -0.5030607411883277
  |->  par_lens = 1, 1, 2
[TDSE] Running TDSE-SH-elliptical. step 1800, energy = -0.5030607411832164
  |->  par_lens = 1, 1, 2
[TDSE] Running TDSE-SH-elliptical. step 2000, energy = -0.5030607411752285
  |->  par_lens = 1, 1, 2
[TDSE] Running TDSE-SH-elliptical. step 2200, energy = -0.503060741163331
  |->  par_lens = 1, 1, 2
[TDSE] Running TDSE-SH-elliptical. step 2400, energy = -0.5030607411464351
  |->  par_lens = 1, 1, 2
[TDSE] Running TDSE-SH-elliptical. step 2600, energy = -0.5030607411234554
  |->  par_lens = 1, 1, 2
[TDSE] Running TDSE-SH-elliptical. step 2800, energy = -0.5030607410930638
  |->  par_lens = 1, 1, 2
[TDSE] Running TDSE-SH-elliptical. step 3000, energy = -0.5030607410543396
  |->  par_lens = 1, 1, 2
[TDSE] Running TDSE-SH-elliptical. step 3200, energy = -0.5030607410060947
  |->  par_lens = 1, 1, 2
[TDSE] Running TDSE-SH-elliptical. step 3400, energy = -0.5030607409476499
  |->  par_lens = 1, 1, 2
[TDSE] Running TDSE-SH-elliptical. step 3600, energy = -0.503060740878055
  |->  par_lens = 1, 1, 2
[TDSE] Running TDSE-SH-elliptical. step 3800, energy = -0.5030607407975132
  |->  par_lens = 1, 1, 2
[TDSE] Running TDSE-SH-elliptical. step 4000, energy = -0.503060740705198
  |->  par_lens = 1, 1, 2
[TDSE] Running TDSE-SH-elliptical. step 4200, energy = -0.5030607406019801
  |->  par_lens = 1, 1, 2
[TDSE] Running TDSE-SH-elliptical. step 4400, energy = -0.5030607404880345
  |->  par_lens = 1, 1, 2
[TDSE] Running TDSE-SH-elliptical. step 4600, energy = -0.5030607403646719
  |->  par_lens = 1, 1, 2
[TDSE] Running TDSE-SH-elliptical. step 4800, energy = -0.5030607402321435
  |->  par_lens = 1, 1, 2
[TDSE] Running TDSE-SH-elliptical. step 5000, energy = -0.5030607400935218
  |->  par_lens = 1, 1, 2
[TDSE] Running TDSE-SH-elliptical. step 5200, energy = -0.5030607399485892
  |->  par_lens = 1, 1, 2
[TDSE] Running TDSE-SH-elliptical. step 5400, energy = -0.5030607398010746
  |->  par_lens = 1, 1, 2
[TDSE] Running TDSE-SH-elliptical. step 5600, energy = -0.5030607396512359
  |->  par_lens = 1, 1, 2
[TDSE] Running TDSE-SH-elliptical. step 5800, energy = -0.5030607395030472
  |->  par_lens = 1, 1, 2
[TDSE] Running TDSE-SH-elliptical. step 6000, energy = -0.5030607393562619
  |->  par_lens = 1, 1, 2
[TDSE] Running TDSE-SH-elliptical. step 6200, energy = -0.5030607392157623
  |->  par_lens = 1, 1, 2
[TDSE] Running TDSE-SH-elliptical. step 6400, energy = -0.5030607390799293
  |->  par_lens = 1, 1, 2
[TDSE] Running TDSE-SH-elliptical. step 6600, energy = -0.5030607389538981
  |->  par_lens = 1, 1, 2
[TDSE] Running TDSE-SH-elliptical. step 6800, energy = -0.5030607388366517
  |->  par_lens = 1, 1, 2
[TDSE] Running TDSE-SH-elliptical. step 7000, energy = -0.5030607387304363
  |->  par_lens = 1, 1, 2
[TDSE] Running TDSE-SH-elliptical. step 7200, energy = -0.503060738635307
  |->  par_lens = 1, 1, 2
[TDSE] Running TDSE-SH-elliptical. step 7400, energy = -0.5030607385533193
  |->  par_lens = 1, 1, 2
[TDSE] Running TDSE-SH-elliptical. step 7600, energy = -0.5030607384828542
  |->  par_lens = 1, 1, 2
[TDSE] Running TDSE-SH-elliptical. step 7800, energy = -0.5030607384241444
  |->  par_lens = 1, 1, 2
[TDSE] Running TDSE-SH-elliptical. step 8000, energy = -0.5030607383782759
  |->  par_lens = 1, 1, 2
[TDSE] Running TDSE-SH-elliptical. step 8200, energy = -0.5030607383418924
  |->  par_lens = 1, 1, 2
[TDSE] Running TDSE-SH-elliptical. step 8400, energy = -0.503060738316584
  |->  par_lens = 1, 1, 2
[TDSE] Running TDSE-SH-elliptical. step 8600, energy = -0.5030607382981723
  |->  par_lens = 1, 1, 2
[TDSE] Running TDSE-SH-elliptical. step 8800, energy = -0.5030607382884648
  |->  par_lens = 1, 1, 2
[TDSE] Running TDSE-SH-elliptical. step 9000, energy = -0.5030607382823912
  |->  par_lens = 1, 1, 2
[TDSE] Running TDSE-SH-elliptical. step 9200, energy = -0.5030607382817243
  |->  par_lens = 1, 1, 2
[TDSE] Running TDSE-SH-elliptical. step 9400, energy = -0.5030607382799954
  |->  par_lens = 1, 1, 2
[TDSE] Running TDSE-SH-elliptical. step 9600, energy = -0.5030607382810339
  |->  par_lens = 1, 1, 2
[TDSE] Running TDSE-SH-elliptical. step 9800, energy = -0.5030607382771826
  |->  par_lens = 1, 1, 2
[TDSE] Running TDSE-SH-elliptical. step 10000, energy = -0.5030607382708963
  |->  par_lens = 1, 1, 2
[TDSE] Running TDSE-SH-elliptical. step 10200, energy = -0.5030607352027138
  |->  par_lens = 1, 1, 2
[TDSE] Running TDSE-SH-elliptical. step 10400, energy = -0.5030606523526719
  |->  par_lens = 2, 2, 2
[TDSE] Running TDSE-SH-elliptical. step 10600, energy = -0.503060447379966
  |->  par_lens = 2, 2, 2
[TDSE] Running TDSE-SH-elliptical. step 10800, energy = -0.5030599858336393
  |->  par_lens = 2, 2, 2
[TDSE] Running TDSE-SH-elliptical. step 11000, energy = -0.5030528019169146
  |->  par_lens = 3, 2, 2
[TDSE] Running TDSE-SH-elliptical. step 11200, energy = -0.5030169647920465
  |->  par_lens = 4, 3, 3
[TDSE] Running TDSE-SH-elliptical. step 11400, energy = -0.5029358192392056
  |->  par_lens = 4, 3, 3
[TDSE] Running TDSE-SH-elliptical. step 11600, energy = -0.5028515066693866
  |->  par_lens = 5, 4, 4
[TDSE] Running TDSE-SH-elliptical. step 11800, energy = -0.5028637982982049
  |->  par_lens = 5, 5, 5
[TDSE] Running TDSE-SH-elliptical. step 12000, energy = -0.5029646720852579
  |->  par_lens = 4, 4, 3
[TDSE] Running TDSE-SH-elliptical. step 12200, energy = -0.5029025823166501
  |->  par_lens = 4, 4, 3
[TDSE] Running TDSE-SH-elliptical. step 12400, energy = -0.5023808004060837
  |->  par_lens = 5, 5, 6
[TDSE] Running TDSE-SH-elliptical. step 12600, energy = -0.5015763067529049
  |->  par_lens = 7, 7, 7
[TDSE] Running TDSE-SH-elliptical. step 12800, energy = -0.5012401682387775
  |->  par_lens = 7, 7, 7
[TDSE] Running TDSE-SH-elliptical. step 13000, energy = -0.5018696353467208
  |->  par_lens = 6, 6, 7
[TDSE] Running TDSE-SH-elliptical. step 13200, energy = -0.5026364597631277
  |->  par_lens = 6, 5, 6
[TDSE] Running TDSE-SH-elliptical. step 13400, energy = -0.5018401747389734
  |->  par_lens = 6, 6, 7
[TDSE] Running TDSE-SH-elliptical. step 13600, energy = -0.49902779873573083
  |->  par_lens = 9, 9, 8
[TDSE] Running TDSE-SH-elliptical. step 13800, energy = -0.4964170488621331
  |->  par_lens = 10, 10, 10
[TDSE] Running TDSE-SH-elliptical. step 14000, energy = -0.4969620714378948
  |->  par_lens = 11, 10, 10
[TDSE] Running TDSE-SH-elliptical. step 14200, energy = -0.5002394404704364
  |->  par_lens = 11, 11, 12
[TDSE] Running TDSE-SH-elliptical. step 14400, energy = -0.5015345821440926
  |->  par_lens = 12, 11, 12
[TDSE] Running TDSE-SH-elliptical. step 14600, energy = -0.4967188321662838
  |->  par_lens = 12, 12, 12
[TDSE] Running TDSE-SH-elliptical. step 14800, energy = -0.48851054849678405
  |->  par_lens = 14, 13, 14
[TDSE] Running TDSE-SH-elliptical. step 15000, energy = -0.48512575514615575
  |->  par_lens = 16, 17, 16
[TDSE] Running TDSE-SH-elliptical. step 15200, energy = -0.4910199667318811
  |->  par_lens = 18, 18, 18
[TDSE] Running TDSE-SH-elliptical. step 15400, energy = -0.49909414153944665
  |->  par_lens = 20, 20, 21
[TDSE] Running TDSE-SH-elliptical. step 15600, energy = -0.4968598991312848
  |->  par_lens = 20, 20, 21
[TDSE] Running TDSE-SH-elliptical. step 15800, energy = -0.48159511990578546
  |->  par_lens = 19, 19, 19
[TDSE] Running TDSE-SH-elliptical. step 16000, energy = -0.46715011395175216
  |->  par_lens = 25, 23, 23
[TDSE] Running TDSE-SH-elliptical. step 16200, energy = -0.4696636444180515
  |->  par_lens = 28, 28, 28
[TDSE] Running TDSE-SH-elliptical. step 16400, energy = -0.48712488289917694
  |->  par_lens = 33, 32, 32
[TDSE] Running TDSE-SH-elliptical. step 16600, energy = -0.49685543620544564
  |->  par_lens = 34, 35, 33
[TDSE] Running TDSE-SH-elliptical. step 16800, energy = -0.480538042024226
  |->  par_lens = 35, 34, 34
[TDSE] Running TDSE-SH-elliptical. step 17000, energy = -0.44943181364978796
  |->  par_lens = 32, 28, 33
[TDSE] Running TDSE-SH-elliptical. step 17200, energy = -0.43627652134711886
  |->  par_lens = 40, 39, 40
[TDSE] Running TDSE-SH-elliptical. step 17400, energy = -0.45688328142320883
  |->  par_lens = 48, 50, 49
[TDSE] Running TDSE-SH-elliptical. step 17600, energy = -0.48764539073644236
  |->  par_lens = 58, 56, 56
[TDSE] Running TDSE-SH-elliptical. step 17800, energy = -0.4861059432299566
  |->  par_lens = 59, 57, 58
[TDSE] Running TDSE-SH-elliptical. step 18000, energy = -0.4431207198279036
  |->  par_lens = 52, 53, 54
[TDSE] Running TDSE-SH-elliptical. step 18200, energy = -0.401149129206459
  |->  par_lens = 50, 51, 48
[TDSE] Running TDSE-SH-elliptical. step 18400, energy = -0.4067989920802194
  |->  par_lens = 68, 69, 68
[TDSE] Running TDSE-SH-elliptical. step 18600, energy = -0.45527417103289536
  |->  par_lens = 84, 85, 85
[TDSE] Running TDSE-SH-elliptical. step 18800, energy = -0.4869660159348892
  |->  par_lens = 91, 91, 92
[TDSE] Running TDSE-SH-elliptical. step 19000, energy = -0.45230901754227054
  |->  par_lens = 94, 92, 94
[TDSE] Running TDSE-SH-elliptical. step 19200, energy = -0.37912386007537746
  |->  par_lens = 77, 80, 77
[TDSE] Running TDSE-SH-elliptical. step 19400, energy = -0.34775737514302735
  |->  par_lens = 85, 86, 84
[TDSE] Running TDSE-SH-elliptical. step 19600, energy = -0.3916887370820851
  |->  par_lens = 117, 117, 116
[TDSE] Running TDSE-SH-elliptical. step 19800, energy = -0.4647757612529245
  |->  par_lens = 139, 135, 135
[TDSE] Running TDSE-SH-elliptical. step 20000, energy = -0.4701920010567574
  |->  par_lens = 143, 140, 141
[TDSE] Running TDSE-SH-elliptical. step 20200, energy = -0.3859133797837756
  |->  par_lens = 138, 131, 136
[TDSE] Running TDSE-SH-elliptical. step 20400, energy = -0.3014180489372993
  |->  par_lens = 104, 106, 107
[TDSE] Running TDSE-SH-elliptical. step 20600, energy = -0.3118557385081199
  |->  par_lens = 132, 134, 134
[TDSE] Running TDSE-SH-elliptical. step 20800, energy = -0.4019027560472472
  |->  par_lens = 177, 180, 180
[TDSE] Running TDSE-SH-elliptical. step 21000, energy = -0.4711999095330472
  |->  par_lens = 198, 200, 196
[TDSE] Running TDSE-SH-elliptical. step 21200, energy = -0.4169161276463179
  |->  par_lens = 205, 206, 201
[TDSE] Running TDSE-SH-elliptical. step 21400, energy = -0.2883906055109335
  |->  par_lens = 184, 173, 182
[TDSE] Running TDSE-SH-elliptical. step 21600, energy = -0.23408631798226368
  |->  par_lens = 164, 165, 161
[TDSE] Running TDSE-SH-elliptical. step 21800, energy = -0.30461446840052675
  |->  par_lens = 217, 215, 218
[TDSE] Running TDSE-SH-elliptical. step 22000, energy = -0.42955520605334
  |->  par_lens = 264, 267, 265
[TDSE] Running TDSE-SH-elliptical. step 22200, energy = -0.4512441140735226
  |->  par_lens = 274, 275, 276
[TDSE] Running TDSE-SH-elliptical. step 22400, energy = -0.32312960764532117
  |->  par_lens = 271, 264, 270
[TDSE] Running TDSE-SH-elliptical. step 22600, energy = -0.18980912858050572
  |->  par_lens = 222, 229, 219
[TDSE] Running TDSE-SH-elliptical. step 22800, energy = -0.20909982301036306
  |->  par_lens = 246, 251, 246
[TDSE] Running TDSE-SH-elliptical. step 23000, energy = -0.33428707427224974
  |->  par_lens = 311, 317, 313
[TDSE] Running TDSE-SH-elliptical. step 23200, energy = -0.44702735278710687
  |->  par_lens = 344, 346, 348
[TDSE] Running TDSE-SH-elliptical. step 23400, energy = -0.38242887646504753
  |->  par_lens = 344, 346, 346
[TDSE] Running TDSE-SH-elliptical. step 23600, energy = -0.20226718394566978
  |->  par_lens = 308, 311, 314
[TDSE] Running TDSE-SH-elliptical. step 23800, energy = -0.1247475616355384
  |->  par_lens = 277, 279, 273
[TDSE] Running TDSE-SH-elliptical. step 24000, energy = -0.22106898915040415
  |->  par_lens = 342, 339, 343
[TDSE] Running TDSE-SH-elliptical. step 24200, energy = -0.38373860267709925
  |->  par_lens = 408, 402, 407
[TDSE] Running TDSE-SH-elliptical. step 24400, energy = -0.4266421606985406
  |->  par_lens = 419, 420, 423
[TDSE] Running TDSE-SH-elliptical. step 24600, energy = -0.27356248565108116
  |->  par_lens = 406, 404, 408
[TDSE] Running TDSE-SH-elliptical. step 24800, energy = -0.10153428479885344
  |->  par_lens = 359, 360, 358
[TDSE] Running TDSE-SH-elliptical. step 25000, energy = -0.1269478573333924
  |->  par_lens = 359, 372, 373
[TDSE] Running TDSE-SH-elliptical. step 25200, energy = -0.2698390906363231
  |->  par_lens = 429, 434, 435
[TDSE] Running TDSE-SH-elliptical. step 25400, energy = -0.412555491165128
  |->  par_lens = 469, 471, 470
[TDSE] Running TDSE-SH-elliptical. step 25600, energy = -0.35237109137695766
  |->  par_lens = 469, 472, 470
[TDSE] Running TDSE-SH-elliptical. step 25800, energy = -0.15278546495780546
  |->  par_lens = 439, 438, 445
[TDSE] Running TDSE-SH-elliptical. step 26000, energy = -0.05792183188539402
  |->  par_lens = 426, 415, 416
[TDSE] Running TDSE-SH-elliptical. step 26200, energy = -0.1660433753877583
  |->  par_lens = 450, 452, 447
[TDSE] Running TDSE-SH-elliptical. step 26400, energy = -0.3374517956586367
  |->  par_lens = 498, 498, 495
[TDSE] Running TDSE-SH-elliptical. step 26600, energy = -0.39808653835783175
  |->  par_lens = 505, 508, 505
[TDSE] Running TDSE-SH-elliptical. step 26800, energy = -0.2519584833652536
  |->  par_lens = 504, 499, 498
[TDSE] Running TDSE-SH-elliptical. step 27000, energy = -0.0720435663818909
  |->  par_lens = 482, 481, 478
[TDSE] Running TDSE-SH-elliptical. step 27200, energy = -0.09632964476026247
  |->  par_lens = 496, 486, 488
[TDSE] Running TDSE-SH-elliptical. step 27400, energy = -0.23089560757779048
  |->  par_lens = 510, 510, 511
[TDSE] Running TDSE-SH-elliptical. step 27600, energy = -0.3780237593329659
  |->  par_lens = 519, 519, 517
[TDSE] Running TDSE-SH-elliptical. step 27800, energy = -0.3351657664374592
  |->  par_lens = 519, 521, 518
[TDSE] Running TDSE-SH-elliptical. step 28000, energy = -0.15256054256829488
  |->  par_lens = 514, 509, 508
[TDSE] Running TDSE-SH-elliptical. step 28200, energy = -0.061847705767176506
  |->  par_lens = 498, 494, 503
[TDSE] Running TDSE-SH-elliptical. step 28400, energy = -0.15472315909834458
  |->  par_lens = 513, 513, 517
[TDSE] Running TDSE-SH-elliptical. step 28600, energy = -0.3113100989260767
  |->  par_lens = 529, 530, 527
[TDSE] Running TDSE-SH-elliptical. step 28800, energy = -0.37639744657366775
  |->  par_lens = 533, 535, 533
[TDSE] Running TDSE-SH-elliptical. step 29000, energy = -0.2585911275215089
  |->  par_lens = 536, 531, 531
[TDSE] Running TDSE-SH-elliptical. step 29200, energy = -0.10892328489273297
  |->  par_lens = 518, 512, 513
[TDSE] Running TDSE-SH-elliptical. step 29400, energy = -0.12162490102058007
  |->  par_lens = 515, 515, 513
[TDSE] Running TDSE-SH-elliptical. step 29600, energy = -0.22959900256170335
  |->  par_lens = 528, 530, 529
[TDSE] Running TDSE-SH-elliptical. step 29800, energy = -0.3614690767153942
  |->  par_lens = 536, 538, 534
[TDSE] Running TDSE-SH-elliptical. step 30000, energy = -0.33792805262501563
  |->  par_lens = 538, 538, 533
[TDSE] Running TDSE-SH-elliptical. step 30200, energy = -0.19842412199892737
  |->  par_lens = 530, 534, 524
[TDSE] Running TDSE-SH-elliptical. step 30400, energy = -0.12648450179108275
  |->  par_lens = 525, 524, 521
[TDSE] Running TDSE-SH-elliptical. step 30600, energy = -0.18756000131731448
  |->  par_lens = 534, 536, 531
[TDSE] Running TDSE-SH-elliptical. step 30800, energy = -0.3120693162613031
  |->  par_lens = 541, 539, 540
[TDSE] Running TDSE-SH-elliptical. step 31000, energy = -0.3724361327939806
  |->  par_lens = 544, 543, 541
[TDSE] Running TDSE-SH-elliptical. step 31200, energy = -0.2965398535476044
  |->  par_lens = 542, 540, 542
[TDSE] Running TDSE-SH-elliptical. step 31400, energy = -0.19400765899724834
  |->  par_lens = 533, 529, 528
[TDSE] Running TDSE-SH-elliptical. step 31600, energy = -0.18839673392308953
  |->  par_lens = 529, 522, 530
[TDSE] Running TDSE-SH-elliptical. step 31800, energy = -0.27177855138518386
  |->  par_lens = 539, 536, 534
[TDSE] Running TDSE-SH-elliptical. step 32000, energy = -0.3683873465493146
  |->  par_lens = 542, 539, 544
[TDSE] Running TDSE-SH-elliptical. step 32200, energy = -0.3592465891187709
  |->  par_lens = 539, 543, 540
[TDSE] Running TDSE-SH-elliptical. step 32400, energy = -0.2694652135071542
  |->  par_lens = 539, 538, 538
[TDSE] Running TDSE-SH-elliptical. step 32600, energy = -0.22253840741259534
  |->  par_lens = 527, 528, 528
[TDSE] Running TDSE-SH-elliptical. step 32800, energy = -0.2580474964770659
  |->  par_lens = 537, 535, 535
[TDSE] Running TDSE-SH-elliptical. step 33000, energy = -0.33955962910658705
  |->  par_lens = 544, 543, 539
[TDSE] Running TDSE-SH-elliptical. step 33200, energy = -0.383177802964993
  |->  par_lens = 543, 543, 543
[TDSE] Running TDSE-SH-elliptical. step 33400, energy = -0.342808913790757
  |->  par_lens = 543, 544, 541
[TDSE] Running TDSE-SH-elliptical. step 33600, energy = -0.2827874379591686
  |->  par_lens = 537, 532, 535
[TDSE] Running TDSE-SH-elliptical. step 33800, energy = -0.27882513869878023
  |->  par_lens = 535, 530, 524
[TDSE] Running TDSE-SH-elliptical. step 34000, energy = -0.32422712854042357
  |->  par_lens = 532, 534, 532
[TDSE] Running TDSE-SH-elliptical. step 34200, energy = -0.3797240274193633
  |->  par_lens = 531, 536, 533
[TDSE] Running TDSE-SH-elliptical. step 34400, energy = -0.38069944864030186
  |->  par_lens = 531, 531, 529
[TDSE] Running TDSE-SH-elliptical. step 34600, energy = -0.33904099083084716
  |->  par_lens = 532, 526, 530
[TDSE] Running TDSE-SH-elliptical. step 34800, energy = -0.30743993967554173
  |->  par_lens = 524, 519, 528
[TDSE] Running TDSE-SH-elliptical. step 35000, energy = -0.3270930548631818
  |->  par_lens = 519, 520, 526
[TDSE] Running TDSE-SH-elliptical. step 35200, energy = -0.36779083922693595
  |->  par_lens = 524, 523, 526
[TDSE] Running TDSE-SH-elliptical. step 35400, energy = -0.39188765159032163
  |->  par_lens = 523, 524, 522
[TDSE] Running TDSE-SH-elliptical. step 35600, energy = -0.3777729105427933
  |->  par_lens = 513, 519, 513
[TDSE] Running TDSE-SH-elliptical. step 35800, energy = -0.3539166920202828
  |->  par_lens = 499, 502, 501
[TDSE] Running TDSE-SH-elliptical. step 36000, energy = -0.3430771769963219
  |->  par_lens = 479, 475, 482
[TDSE] Running TDSE-SH-elliptical. step 36200, energy = -0.3720046287353948
  |->  par_lens = 469, 467, 468
[TDSE] Running TDSE-SH-elliptical. step 36400, energy = -0.3898131039288821
  |->  par_lens = 460, 458, 455
[TDSE] Running TDSE-SH-elliptical. step 36600, energy = -0.39470408939358875
  |->  par_lens = 449, 440, 446
[TDSE] Running TDSE-SH-elliptical. step 36800, energy = -0.3779091000047253
  |->  par_lens = 428, 422, 423
[TDSE] Running TDSE-SH-elliptical. step 37000, energy = -0.3691512219166896
  |->  par_lens = 404, 401, 393
[TDSE] Running TDSE-SH-elliptical. step 37200, energy = -0.3733357281551222
  |->  par_lens = 395, 393, 383
[TDSE] Running TDSE-SH-elliptical. step 37400, energy = -0.3884234742194267
  |->  par_lens = 382, 384, 376
[TDSE] Running TDSE-SH-elliptical. step 37600, energy = -0.39884114815128274
  |->  par_lens = 373, 374, 369
[TDSE] Running TDSE-SH-elliptical. step 37800, energy = -0.3955271669540279
  |->  par_lens = 370, 365, 359
[TDSE] Running TDSE-SH-elliptical. step 38000, energy = -0.3875588583805619
  |->  par_lens = 355, 343, 351
[TDSE] Running TDSE-SH-elliptical. step 38200, energy = -0.38855889254085535
  |->  par_lens = 322, 321, 312
[TDSE] Running TDSE-SH-elliptical. step 38400, energy = -0.39094278262428894
  |->  par_lens = 290, 309, 294
[TDSE] Running TDSE-SH-elliptical. step 38600, energy = -0.3995235988339508
  |->  par_lens = 284, 294, 279
[TDSE] Running TDSE-SH-elliptical. step 38800, energy = -0.39944566697590345
  |->  par_lens = 274, 283, 274
[TDSE] Running TDSE-SH-elliptical. step 39000, energy = -0.397052541981782
  |->  par_lens = 267, 269, 260
[TDSE] Running TDSE-SH-elliptical. step 39200, energy = -0.3952464955668662
  |->  par_lens = 264, 261, 257
[TDSE] Running TDSE-SH-elliptical. step 39400, energy = -0.39545552900316155
  |->  par_lens = 260, 265, 259
[TDSE] Running TDSE-SH-elliptical. step 39600, energy = -0.39960873205812053
  |->  par_lens = 260, 264, 264
[TDSE] Running TDSE-SH-elliptical. step 39800, energy = -0.40059742216025873
  |->  par_lens = 262, 262, 260
[TDSE] Running TDSE-SH-elliptical. step 40000, energy = -0.4013055740414594
  |->  par_lens = 259, 260, 259
[TDSE] Running TDSE-SH-elliptical. step 40200, energy = -0.400789349794182
  |->  par_lens = 256, 255, 253
[TDSE] Running TDSE-SH-elliptical. step 40400, energy = -0.4004643699190059
  |->  par_lens = 249, 253, 248
[TDSE] Running TDSE-SH-elliptical. step 40600, energy = -0.4016191135786717
  |->  par_lens = 243, 248, 240
[TDSE] Running TDSE-SH-elliptical. step 40800, energy = -0.40192250238356214
  |->  par_lens = 236, 237, 239
[TDSE] Running TDSE-SH-elliptical. step 41000, energy = -0.4023263637948229
  |->  par_lens = 234, 231, 234
[TDSE] Running TDSE-SH-elliptical. step 41200, energy = -0.4025641882621781
  |->  par_lens = 229, 230, 233
[TDSE] Running TDSE-SH-elliptical. step 41400, energy = -0.4023921465663579
  |->  par_lens = 229, 229, 230
[TDSE] Running TDSE-SH-elliptical. step 41600, energy = -0.40293286291935165
  |->  par_lens = 227, 228, 227
[TDSE] Running TDSE-SH-elliptical. step 41800, energy = -0.40316399069178693
  |->  par_lens = 227, 226, 225
[TDSE] Running TDSE-SH-elliptical. step 42000, energy = -0.4035371071040221
  |->  par_lens = 227, 225, 224
[TDSE] Running TDSE-SH-elliptical. step 42200, energy = -0.40379107440769096
  |->  par_lens = 225, 224, 224
[TDSE] Running TDSE-SH-elliptical. step 42400, energy = -0.40417197801388843
  |->  par_lens = 224, 224, 224
[TDSE] Running TDSE-SH-elliptical. step 42600, energy = -0.4044417463311278
  |->  par_lens = 222, 221, 223
[TDSE] Running TDSE-SH-elliptical. step 42800, energy = -0.40471608354998184
  |->  par_lens = 221, 219, 223
[TDSE] Running TDSE-SH-elliptical. step 43000, energy = -0.4050462084792878
  |->  par_lens = 221, 218, 223
[TDSE] Running TDSE-SH-elliptical. step 43200, energy = -0.4053647507083562
  |->  par_lens = 220, 217, 220
[TDSE] Running TDSE-SH-elliptical. step 43400, energy = -0.405695506865939
  |->  par_lens = 217, 216, 220
[TDSE] Running TDSE-SH-elliptical. step 43600, energy = -0.40600709203236823
  |->  par_lens = 216, 216, 217
[TDSE] Running TDSE-SH-elliptical. step 43800, energy = -0.40636281326860973
  |->  par_lens = 216, 216, 216
[TDSE] Running TDSE-SH-elliptical. step 44000, energy = -0.4066593458851503
  |->  par_lens = 215, 215, 214
[TDSE] Running TDSE-SH-elliptical. step 44200, energy = -0.4071473751290068
  |->  par_lens = 214, 213, 213
[TDSE] Running TDSE-SH-elliptical. step 44400, energy = -0.40751915144392276
  |->  par_lens = 213, 212, 210
[TDSE] Running TDSE-SH-elliptical. step 44600, energy = -0.4079594518603247
  |->  par_lens = 211, 210, 210
[TDSE] Running TDSE-SH-elliptical. step 44800, energy = -0.4080727238552371
  |->  par_lens = 209, 209, 208
[TDSE] Running TDSE-SH-elliptical. step 45000, energy = -0.40829768160432056
  |->  par_lens = 209, 208, 206
