  Activating project at `~/JuliaProp_v0.1`
[ITP]: 10000.471108571397
[ITP]: 0.022107823405609905
[ITP]: 0.004976805475414736
[ITP]: 0.0021058954092971205
[ITP]: 0.001084104546129061
[ITP]: 0.0006160870179273692
[ITP]: 0.0003714642087823128
[ITP]: 0.00023286611963801995
[ITP]: 0.0001500123428329614
[ITP]: 9.857967926441003e-5
[ITP]: 6.57601184761436e-5
[ITP]: 4.43786526744816e-5
[ITP]: 3.022437766897479e-5
[ITP]: 2.0735965556739622e-5
[ITP]: 1.4311264988853267e-5
[ITP]: 9.92563006574354e-6
[ITP]: 6.9119921211058255e-6
[ITP]: 4.82976755122877e-6
[ITP]: 3.384510666504248e-6
[ITP]: 2.3775199649023193e-6
[ITP]: 1.6736194445865493e-6
[ITP]: 1.1802274751948616e-6
[ITP]: 8.335748883370186e-7
[ITP]: 5.895273362810372e-7
[ITP]: 4.174150680658073e-7
[ITP]: 2.958509506267859e-7
[ITP]: 2.098764437796774e-7
[ITP]: 1.4900242706339384e-7
[ITP]: 1.0585745457980522e-7
[ITP]: 7.525113565609587e-8
[ITP]: 5.352267851144177e-8
[ITP]: 3.808635307134267e-8
[ITP]: 2.7113442158110956e-8
[ITP]: 1.9309163601377577e-8
[ITP]: 1.3755872219078924e-8
[ITP]: 9.802639699962867e-9
Energy of ground state: -0.5030607411950042
[TDSE] Start TDSE-SH for elliptical polarized laser. It may cost a plenty of time.
[TDSE] Running TDSE-SH-elliptical. step 0, energy = -0.5030607411950033
  |->  par_lens = 1, 1, 1
[TDSE] Running TDSE-SH-elliptical. step 200, energy = -0.5030607411948625
  |->  par_lens = 1, 1, 1
[TDSE] Running TDSE-SH-elliptical. step 400, energy = -0.5030607411946907
  |->  par_lens = 1, 1, 2
[TDSE] Running TDSE-SH-elliptical. step 600, energy = -0.5030607411942443
  |->  par_lens = 1, 1, 2
[TDSE] Running TDSE-SH-elliptical. step 800, energy = -0.5030607411925424
  |->  par_lens = 1, 1, 2
[TDSE] Running TDSE-SH-elliptical. step 1000, energy = -0.503060741186851
  |->  par_lens = 1, 1, 2
[TDSE] Running TDSE-SH-elliptical. step 1200, energy = -0.5030607411718669
  |->  par_lens = 1, 1, 2
[TDSE] Running TDSE-SH-elliptical. step 1400, energy = -0.5030607411373212
  |->  par_lens = 1, 1, 2
[TDSE] Running TDSE-SH-elliptical. step 1600, energy = -0.5030607410675545
  |->  par_lens = 1, 1, 2
[TDSE] Running TDSE-SH-elliptical. step 1800, energy = -0.503060740937004
  |->  par_lens = 1, 1, 2
[TDSE] Running TDSE-SH-elliptical. step 2000, energy = -0.503060740711398
  |->  par_lens = 1, 1, 2
[TDSE] Running TDSE-SH-elliptical. step 2200, energy = -0.5030607403398271
  |->  par_lens = 1, 1, 2
[TDSE] Running TDSE-SH-elliptical. step 2400, energy = -0.5030607397600954
  |->  par_lens = 1, 1, 2
[TDSE] Running TDSE-SH-elliptical. step 2600, energy = -0.5030607388842022
  |->  par_lens = 1, 1, 2
[TDSE] Running TDSE-SH-elliptical. step 2800, energy = -0.5030607376133412
  |->  par_lens = 1, 1, 2
[TDSE] Running TDSE-SH-elliptical. step 3000, energy = -0.5030607358069658
  |->  par_lens = 1, 1, 2
[TDSE] Running TDSE-SH-elliptical. step 3200, energy = -0.5030607333287926
  |->  par_lens = 1, 1, 2
[TDSE] Running TDSE-SH-elliptical. step 3400, energy = -0.503060729964963
  |->  par_lens = 1, 1, 2
[TDSE] Running TDSE-SH-elliptical. step 3600, energy = -0.503060725540599
  |->  par_lens = 1, 1, 2
[TDSE] Running TDSE-SH-elliptical. step 3800, energy = -0.5030607197614541
  |->  par_lens = 1, 1, 2
[TDSE] Running TDSE-SH-elliptical. step 4000, energy = -0.5030607124142078
  |->  par_lens = 1, 2, 2
[TDSE] Running TDSE-SH-elliptical. step 4200, energy = -0.5030607030936346
  |->  par_lens = 2, 2, 2
[TDSE] Running TDSE-SH-elliptical. step 4400, energy = -0.5030606915897736
  |->  par_lens = 2, 2, 2
[TDSE] Running TDSE-SH-elliptical. step 4600, energy = -0.5030606773757171
  |->  par_lens = 2, 2, 2
[TDSE] Running TDSE-SH-elliptical. step 4800, energy = -0.503060660192834
  |->  par_lens = 2, 2, 2
[TDSE] Running TDSE-SH-elliptical. step 5000, energy = -0.50306063949118
  |->  par_lens = 2, 2, 2
[TDSE] Running TDSE-SH-elliptical. step 5200, energy = -0.503060614933462
  |->  par_lens = 2, 2, 2
[TDSE] Running TDSE-SH-elliptical. step 5400, energy = -0.503060585917773
  |->  par_lens = 2, 2, 2
[TDSE] Running TDSE-SH-elliptical. step 5600, energy = -0.5030605520743778
  |->  par_lens = 2, 2, 2
[TDSE] Running TDSE-SH-elliptical. step 5800, energy = -0.5030605128621
  |->  par_lens = 2, 2, 2
[TDSE] Running TDSE-SH-elliptical. step 6000, energy = -0.5030604676737581
  |->  par_lens = 2, 2, 2
[TDSE] Running TDSE-SH-elliptical. step 6200, energy = -0.503060416305372
  |->  par_lens = 2, 2, 2
[TDSE] Running TDSE-SH-elliptical. step 6400, energy = -0.5030603577724515
  |->  par_lens = 2, 2, 2
[TDSE] Running TDSE-SH-elliptical. step 6600, energy = -0.5030602921981443
  |->  par_lens = 2, 2, 2
[TDSE] Running TDSE-SH-elliptical. step 6800, energy = -0.5030602185110525
  |->  par_lens = 2, 2, 2
[TDSE] Running TDSE-SH-elliptical. step 7000, energy = -0.5030601369588652
  |->  par_lens = 2, 2, 2
[TDSE] Running TDSE-SH-elliptical. step 7200, energy = -0.5030600461488068
  |->  par_lens = 2, 2, 2
[TDSE] Running TDSE-SH-elliptical. step 7400, energy = -0.5030599472033659
  |->  par_lens = 2, 2, 2
[TDSE] Running TDSE-SH-elliptical. step 7600, energy = -0.5030598381784791
  |->  par_lens = 2, 2, 2
[TDSE] Running TDSE-SH-elliptical. step 7800, energy = -0.5030597200949369
  |->  par_lens = 2, 2, 2
[TDSE] Running TDSE-SH-elliptical. step 8000, energy = -0.5030595919822342
  |->  par_lens = 2, 2, 2
[TDSE] Running TDSE-SH-elliptical. step 8200, energy = -0.5030594544900842
  |->  par_lens = 2, 2, 2
[TDSE] Running TDSE-SH-elliptical. step 8400, energy = -0.5030593064822273
  |->  par_lens = 2, 2, 2
[TDSE] Running TDSE-SH-elliptical. step 8600, energy = -0.5030591490421752
  |->  par_lens = 2, 2, 2
[TDSE] Running TDSE-SH-elliptical. step 8800, energy = -0.5030589818117082
  |->  par_lens = 2, 2, 2
[TDSE] Running TDSE-SH-elliptical. step 9000, energy = -0.5030588046798607
  |->  par_lens = 2, 2, 2
[TDSE] Running TDSE-SH-elliptical. step 9200, energy = -0.5030586188194258
  |->  par_lens = 2, 2, 2
[TDSE] Running TDSE-SH-elliptical. step 9400, energy = -0.5030584230635802
  |->  par_lens = 2, 2, 2
[TDSE] Running TDSE-SH-elliptical. step 9600, energy = -0.5030582197261945
  |->  par_lens = 2, 2, 2
[TDSE] Running TDSE-SH-elliptical. step 9800, energy = -0.5030580075363073
  |->  par_lens = 2, 2, 2
[TDSE] Running TDSE-SH-elliptical. step 10000, energy = -0.5030577886131795
  |->  par_lens = 2, 2, 2
[TDSE] Running TDSE-SH-elliptical. step 10200, energy = -0.5030575258812293
  |->  par_lens = 2, 2, 2
[TDSE] Running TDSE-SH-elliptical. step 10400, energy = -0.5030569049514011
  |->  par_lens = 2, 2, 2
[TDSE] Running TDSE-SH-elliptical. step 10600, energy = -0.5030562986801775
  |->  par_lens = 2, 2, 2
[TDSE] Running TDSE-SH-elliptical. step 10800, energy = -0.5030571249611979
  |->  par_lens = 2, 2, 2
[TDSE] Running TDSE-SH-elliptical. step 11000, energy = -0.5030594839901875
  |->  par_lens = 2, 2, 2
[TDSE] Running TDSE-SH-elliptical. step 11200, energy = -0.5030586789949323
  |->  par_lens = 2, 2, 2
[TDSE] Running TDSE-SH-elliptical. step 11400, energy = -0.503048612910989
  |->  par_lens = 4, 3, 3
[TDSE] Running TDSE-SH-elliptical. step 11600, energy = -0.5030350885099426
  |->  par_lens = 4, 3, 3
[TDSE] Running TDSE-SH-elliptical. step 11800, energy = -0.5030362032740628
  |->  par_lens = 4, 3, 3
[TDSE] Running TDSE-SH-elliptical. step 12000, energy = -0.5030446736871744
  |->  par_lens = 3, 3, 2
[TDSE] Running TDSE-SH-elliptical. step 12200, energy = -0.502996735577603
  |->  par_lens = 4, 3, 3
[TDSE] Running TDSE-SH-elliptical. step 12400, energy = -0.5028251466937319
  |->  par_lens = 5, 5, 5
[TDSE] Running TDSE-SH-elliptical. step 12600, energy = -0.5025883076806166
  |->  par_lens = 5, 5, 5
[TDSE] Running TDSE-SH-elliptical. step 12800, energy = -0.5024914040030861
  |->  par_lens = 5, 5, 5
[TDSE] Running TDSE-SH-elliptical. step 13000, energy = -0.5026734466595834
  |->  par_lens = 5, 5, 5
[TDSE] Running TDSE-SH-elliptical. step 13200, energy = -0.5029304322990213
  |->  par_lens = 4, 4, 4
[TDSE] Running TDSE-SH-elliptical. step 13400, energy = -0.5028249465695529
  |->  par_lens = 5, 4, 4
[TDSE] Running TDSE-SH-elliptical. step 13600, energy = -0.5022157769965253
  |->  par_lens = 5, 5, 6
[TDSE] Running TDSE-SH-elliptical. step 13800, energy = -0.5016205059068785
  |->  par_lens = 7, 7, 7
[TDSE] Running TDSE-SH-elliptical. step 14000, energy = -0.5017467861994725
  |->  par_lens = 7, 7, 7
[TDSE] Running TDSE-SH-elliptical. step 14200, energy = -0.5024738176734049
  |->  par_lens = 6, 6, 6
[TDSE] Running TDSE-SH-elliptical. step 14400, energy = -0.5026377884132741
  |->  par_lens = 6, 6, 6
[TDSE] Running TDSE-SH-elliptical. step 14600, energy = -0.5012489422598975
  |->  par_lens = 8, 7, 7
[TDSE] Running TDSE-SH-elliptical. step 14800, energy = -0.49905157156020863
  |->  par_lens = 10, 9, 9
[TDSE] Running TDSE-SH-elliptical. step 15000, energy = -0.49814925829793155
  |->  par_lens = 10, 10, 9
[TDSE] Running TDSE-SH-elliptical. step 15200, energy = -0.49971666376620466
  |->  par_lens = 10, 10, 9
[TDSE] Running TDSE-SH-elliptical. step 15400, energy = -0.5019508207950606
  |->  par_lens = 11, 10, 10
[TDSE] Running TDSE-SH-elliptical. step 15600, energy = -0.5016874846663085
  |->  par_lens = 10, 10, 10
[TDSE] Running TDSE-SH-elliptical. step 15800, energy = -0.4981549546000229
  |->  par_lens = 11, 11, 9
[TDSE] Running TDSE-SH-elliptical. step 16000, energy = -0.49469757417544297
  |->  par_lens = 12, 12, 13
[TDSE] Running TDSE-SH-elliptical. step 16200, energy = -0.49530897356684933
  |->  par_lens = 13, 12, 13
[TDSE] Running TDSE-SH-elliptical. step 16400, energy = -0.49944735772767673
  |->  par_lens = 15, 13, 14
[TDSE] Running TDSE-SH-elliptical. step 16600, energy = -0.5014897853102073
  |->  par_lens = 15, 14, 14
[TDSE] Running TDSE-SH-elliptical. step 16800, energy = -0.49697971891508497
  |->  par_lens = 13, 12, 14
[TDSE] Running TDSE-SH-elliptical. step 17000, energy = -0.48886491340374805
  |->  par_lens = 16, 15, 15
[TDSE] Running TDSE-SH-elliptical. step 17200, energy = -0.48540463427042707
  |->  par_lens = 16, 17, 16
[TDSE] Running TDSE-SH-elliptical. step 17400, energy = -0.4908096475564375
  |->  par_lens = 19, 19, 19
[TDSE] Running TDSE-SH-elliptical. step 17600, energy = -0.4989377591245884
  |->  par_lens = 22, 20, 21
[TDSE] Running TDSE-SH-elliptical. step 17800, energy = -0.49916854701493113
  |->  par_lens = 21, 21, 22
[TDSE] Running TDSE-SH-elliptical. step 18000, energy = -0.48901784863302244
  |->  par_lens = 22, 20, 21
[TDSE] Running TDSE-SH-elliptical. step 18200, energy = -0.4787375874384951
  |->  par_lens = 22, 21, 22
[TDSE] Running TDSE-SH-elliptical. step 18400, energy = -0.48011217019802876
  |->  par_lens = 23, 24, 23
[TDSE] Running TDSE-SH-elliptical. step 18600, energy = -0.4919397077763995
  |->  par_lens = 27, 27, 26
[TDSE] Running TDSE-SH-elliptical. step 18800, energy = -0.49914707154032883
  |->  par_lens = 27, 28, 28
[TDSE] Running TDSE-SH-elliptical. step 19000, energy = -0.48985042874723983
  |->  par_lens = 28, 28, 28
[TDSE] Running TDSE-SH-elliptical. step 19200, energy = -0.4709585203786731
  |->  par_lens = 26, 25, 24
[TDSE] Running TDSE-SH-elliptical. step 19400, energy = -0.46244975075361944
  |->  par_lens = 29, 30, 30
[TDSE] Running TDSE-SH-elliptical. step 19600, energy = -0.4742597359832224
  |->  par_lens = 35, 35, 34
[TDSE] Running TDSE-SH-elliptical. step 19800, energy = -0.49312671652777124
  |->  par_lens = 39, 39, 38
[TDSE] Running TDSE-SH-elliptical. step 20000, energy = -0.4954973160776965
  |->  par_lens = 40, 41, 40
[TDSE] Running TDSE-SH-elliptical. step 20200, energy = -0.47567436047987083
  |->  par_lens = 37, 39, 39
[TDSE] Running TDSE-SH-elliptical. step 20400, energy = -0.45463677802920033
  |->  par_lens = 35, 37, 32
[TDSE] Running TDSE-SH-elliptical. step 20600, energy = -0.45652924214531043
  |->  par_lens = 41, 41, 43
[TDSE] Running TDSE-SH-elliptical. step 20800, energy = -0.4797081780550068
  |->  par_lens = 46, 47, 47
[TDSE] Running TDSE-SH-elliptical. step 21000, energy = -0.49567971527570165
  |->  par_lens = 48, 50, 48
[TDSE] Running TDSE-SH-elliptical. step 21200, energy = -0.4814569266382556
  |->  par_lens = 49, 50, 49
[TDSE] Running TDSE-SH-elliptical. step 21400, energy = -0.44891297213118186
  |->  par_lens = 43, 43, 44
[TDSE] Running TDSE-SH-elliptical. step 21600, energy = -0.43325583067964435
  |->  par_lens = 49, 47, 48
[TDSE] Running TDSE-SH-elliptical. step 21800, energy = -0.4524261034909517
  |->  par_lens = 55, 56, 56
[TDSE] Running TDSE-SH-elliptical. step 22000, energy = -0.4850934984261051
  |->  par_lens = 64, 64, 62
[TDSE] Running TDSE-SH-elliptical. step 22200, energy = -0.49167107645084157
  |->  par_lens = 66, 67, 64
[TDSE] Running TDSE-SH-elliptical. step 22400, energy = -0.4619231625511749
  |->  par_lens = 62, 64, 63
[TDSE] Running TDSE-SH-elliptical. step 22600, energy = -0.4288924392272218
  |->  par_lens = 55, 54, 54
[TDSE] Running TDSE-SH-elliptical. step 22800, energy = -0.4303681846490218
  |->  par_lens = 65, 62, 65
[TDSE] Running TDSE-SH-elliptical. step 23000, energy = -0.4653720814516758
  |->  par_lens = 70, 72, 72
[TDSE] Running TDSE-SH-elliptical. step 23200, energy = -0.49186033683558
  |->  par_lens = 76, 74, 75
[TDSE] Running TDSE-SH-elliptical. step 23400, energy = -0.47464805624755135
  |->  par_lens = 77, 75, 76
[TDSE] Running TDSE-SH-elliptical. step 23600, energy = -0.42983285673885174
  |->  par_lens = 73, 69, 66
[TDSE] Running TDSE-SH-elliptical. step 23800, energy = -0.4070293162013168
  |->  par_lens = 68, 66, 65
[TDSE] Running TDSE-SH-elliptical. step 24000, energy = -0.4315827314713457
  |->  par_lens = 80, 77, 79
[TDSE] Running TDSE-SH-elliptical. step 24200, energy = -0.4770274340408076
  |->  par_lens = 90, 91, 90
[TDSE] Running TDSE-SH-elliptical. step 24400, energy = -0.4890240314175568
  |->  par_lens = 93, 91, 92
[TDSE] Running TDSE-SH-elliptical. step 24600, energy = -0.4529167529302369
  |->  par_lens = 91, 88, 92
[TDSE] Running TDSE-SH-elliptical. step 24800, energy = -0.41078416280515995
  |->  par_lens = 83, 77, 83
[TDSE] Running TDSE-SH-elliptical. step 25000, energy = -0.41085533577837596
  |->  par_lens = 88, 84, 81
[TDSE] Running TDSE-SH-elliptical. step 25200, energy = -0.45372094878256947
  |->  par_lens = 95, 94, 96
[TDSE] Running TDSE-SH-elliptical. step 25400, energy = -0.4889271989750488
  |->  par_lens = 100, 98, 97
[TDSE] Running TDSE-SH-elliptical. step 25600, energy = -0.47208848108568563
  |->  par_lens = 100, 99, 98
[TDSE] Running TDSE-SH-elliptical. step 25800, energy = -0.4210773417785136
  |->  par_lens = 93, 91, 90
[TDSE] Running TDSE-SH-elliptical. step 26000, energy = -0.3934423565283392
  |->  par_lens = 91, 88, 86
[TDSE] Running TDSE-SH-elliptical. step 26200, energy = -0.41969439868676695
  |->  par_lens = 98, 97, 97
[TDSE] Running TDSE-SH-elliptical. step 26400, energy = -0.4717078732877359
  |->  par_lens = 107, 108, 108
[TDSE] Running TDSE-SH-elliptical. step 26600, energy = -0.4885972766017133
  |->  par_lens = 108, 109, 112
[TDSE] Running TDSE-SH-elliptical. step 26800, energy = -0.45241596521988375
  |->  par_lens = 108, 109, 110
[TDSE] Running TDSE-SH-elliptical. step 27000, energy = -0.4075184763387932
  |->  par_lens = 101, 102, 105
[TDSE] Running TDSE-SH-elliptical. step 27200, energy = -0.4059194909797248
  |->  par_lens = 100, 103, 102
[TDSE] Running TDSE-SH-elliptical. step 27400, energy = -0.4494079499603633
  |->  par_lens = 109, 110, 111
[TDSE] Running TDSE-SH-elliptical. step 27600, energy = -0.4880421841843057
  |->  par_lens = 112, 112, 112
[TDSE] Running TDSE-SH-elliptical. step 27800, energy = -0.4748612258998929
  |->  par_lens = 111, 113, 112
[TDSE] Running TDSE-SH-elliptical. step 28000, energy = -0.42612537942724044
  |->  par_lens = 108, 109, 106
[TDSE] Running TDSE-SH-elliptical. step 28200, energy = -0.39804355782015793
  |->  par_lens = 100, 105, 104
[TDSE] Running TDSE-SH-elliptical. step 28400, energy = -0.4216608197696112
  |->  par_lens = 110, 108, 109
[TDSE] Running TDSE-SH-elliptical. step 28600, energy = -0.4714165280795823
  |->  par_lens = 113, 115, 113
[TDSE] Running TDSE-SH-elliptical. step 28800, energy = -0.49049294110384534
  |->  par_lens = 118, 117, 115
[TDSE] Running TDSE-SH-elliptical. step 29000, energy = -0.4605626284903896
  |->  par_lens = 117, 117, 114
[TDSE] Running TDSE-SH-elliptical. step 29200, energy = -0.4204766615213993
  |->  par_lens = 115, 115, 108
[TDSE] Running TDSE-SH-elliptical. step 29400, energy = -0.4174641878575813
  |->  par_lens = 111, 109, 109
[TDSE] Running TDSE-SH-elliptical. step 29600, energy = -0.4545626969399666
  |->  par_lens = 111, 114, 115
[TDSE] Running TDSE-SH-elliptical. step 29800, energy = -0.48960709797434027
  |->  par_lens = 118, 118, 119
[TDSE] Running TDSE-SH-elliptical. step 30000, energy = -0.4815975819188309
  |->  par_lens = 119, 117, 118
[TDSE] Running TDSE-SH-elliptical. step 30200, energy = -0.4428515539546543
  |->  par_lens = 114, 117, 115
[TDSE] Running TDSE-SH-elliptical. step 30400, energy = -0.41891379480122015
  |->  par_lens = 111, 113, 111
[TDSE] Running TDSE-SH-elliptical. step 30600, energy = -0.4368399344623944
  |->  par_lens = 114, 115, 115
[TDSE] Running TDSE-SH-elliptical. step 30800, energy = -0.4763373921513728
  |->  par_lens = 118, 119, 119
[TDSE] Running TDSE-SH-elliptical. step 31000, energy = -0.4938327375987733
  |->  par_lens = 120, 119, 118
[TDSE] Running TDSE-SH-elliptical. step 31200, energy = -0.4738471379583127
  |->  par_lens = 120, 118, 117
[TDSE] Running TDSE-SH-elliptical. step 31400, energy = -0.44433648075786264
  |->  par_lens = 114, 112, 114
[TDSE] Running TDSE-SH-elliptical. step 31600, energy = -0.44073033184049537
  |->  par_lens = 113, 111, 111
[TDSE] Running TDSE-SH-elliptical. step 31800, energy = -0.46732292414299814
  |->  par_lens = 116, 114, 112
[TDSE] Running TDSE-SH-elliptical. step 32000, energy = -0.49305814213966387
  |->  par_lens = 117, 114, 114
[TDSE] Running TDSE-SH-elliptical. step 32200, energy = -0.4895718509096197
  |->  par_lens = 117, 116, 112
[TDSE] Running TDSE-SH-elliptical. step 32400, energy = -0.4646412214639419
  |->  par_lens = 116, 113, 113
[TDSE] Running TDSE-SH-elliptical. step 32600, energy = -0.4478074286080277
  |->  par_lens = 115, 111, 113
[TDSE] Running TDSE-SH-elliptical. step 32800, energy = -0.45875695271791256
  |->  par_lens = 116, 115, 116
[TDSE] Running TDSE-SH-elliptical. step 33000, energy = -0.4846097850607164
  |->  par_lens = 117, 116, 117
[TDSE] Running TDSE-SH-elliptical. step 33200, energy = -0.4974863907737933
  |->  par_lens = 119, 116, 119
[TDSE] Running TDSE-SH-elliptical. step 33400, energy = -0.4869780903918605
  |->  par_lens = 119, 116, 117
[TDSE] Running TDSE-SH-elliptical. step 33600, energy = -0.4701146010186712
  |->  par_lens = 116, 115, 116
[TDSE] Running TDSE-SH-elliptical. step 33800, energy = -0.4669947557734222
  |->  par_lens = 115, 115, 111
[TDSE] Running TDSE-SH-elliptical. step 34000, energy = -0.4822128016540883
  |->  par_lens = 114, 113, 110
[TDSE] Running TDSE-SH-elliptical. step 34200, energy = -0.49703135117307834
  |->  par_lens = 112, 114, 111
[TDSE] Running TDSE-SH-elliptical. step 34400, energy = -0.49649652744487976
  |->  par_lens = 113, 115, 111
[TDSE] Running TDSE-SH-elliptical. step 34600, energy = -0.48360605250954086
  |->  par_lens = 113, 115, 109
[TDSE] Running TDSE-SH-elliptical. step 34800, energy = -0.4749245093212618
  |->  par_lens = 113, 116, 108
[TDSE] Running TDSE-SH-elliptical. step 35000, energy = -0.4797275366603003
  |->  par_lens = 116, 117, 114
[TDSE] Running TDSE-SH-elliptical. step 35200, energy = -0.49316408805558537
  |->  par_lens = 119, 119, 115
[TDSE] Running TDSE-SH-elliptical. step 35400, energy = -0.5002816506660672
  |->  par_lens = 119, 119, 115
[TDSE] Running TDSE-SH-elliptical. step 35600, energy = -0.49676825139504394
  |->  par_lens = 117, 119, 115
[TDSE] Running TDSE-SH-elliptical. step 35800, energy = -0.4893341777292108
  |->  par_lens = 116, 117, 116
[TDSE] Running TDSE-SH-elliptical. step 36000, energy = -0.4880026158162462
  |->  par_lens = 115, 116, 115
[TDSE] Running TDSE-SH-elliptical. step 36200, energy = -0.4940601610236906
  |->  par_lens = 116, 115, 115
[TDSE] Running TDSE-SH-elliptical. step 36400, energy = -0.500403071163058
  |->  par_lens = 115, 115, 113
[TDSE] Running TDSE-SH-elliptical. step 36600, energy = -0.5006845495338479
  |->  par_lens = 114, 115, 114
[TDSE] Running TDSE-SH-elliptical. step 36800, energy = -0.4960963691925293
  |->  par_lens = 115, 115, 114
[TDSE] Running TDSE-SH-elliptical. step 37000, energy = -0.492691167113827
  |->  par_lens = 115, 117, 114
[TDSE] Running TDSE-SH-elliptical. step 37200, energy = -0.49448715089423506
  |->  par_lens = 116, 117, 115
[TDSE] Running TDSE-SH-elliptical. step 37400, energy = -0.49905496754258166
  |->  par_lens = 117, 117, 116
[TDSE] Running TDSE-SH-elliptical. step 37600, energy = -0.502044397948584
  |->  par_lens = 116, 117, 116
[TDSE] Running TDSE-SH-elliptical. step 37800, energy = -0.501543017161272
  |->  par_lens = 115, 117, 116
[TDSE] Running TDSE-SH-elliptical. step 38000, energy = -0.49960376893667935
  |->  par_lens = 114, 117, 116
[TDSE] Running TDSE-SH-elliptical. step 38200, energy = -0.4992719207990392
  |->  par_lens = 116, 117, 116
[TDSE] Running TDSE-SH-elliptical. step 38400, energy = -0.5007405524042255
  |->  par_lens = 116, 116, 116
[TDSE] Running TDSE-SH-elliptical. step 38600, energy = -0.5023096850075073
  |->  par_lens = 116, 116, 116
[TDSE] Running TDSE-SH-elliptical. step 38800, energy = -0.5025139598477903
  |->  par_lens = 116, 115, 116
[TDSE] Running TDSE-SH-elliptical. step 39000, energy = -0.5015144004326679
  |->  par_lens = 116, 116, 116
[TDSE] Running TDSE-SH-elliptical. step 39200, energy = -0.5008238690743856
  |->  par_lens = 116, 116, 116
[TDSE] Running TDSE-SH-elliptical. step 39400, energy = -0.5011874979613599
  |->  par_lens = 116, 117, 116
[TDSE] Running TDSE-SH-elliptical. step 39600, energy = -0.5020394040936806
  |->  par_lens = 115, 117, 116
[TDSE] Running TDSE-SH-elliptical. step 39800, energy = -0.5027588189850762
  |->  par_lens = 116, 117, 116
[TDSE] Running TDSE-SH-elliptical. step 40000, energy = -0.502871626541641
  |->  par_lens = 116, 117, 115
[TDSE] Running TDSE-SH-elliptical. step 40200, energy = -0.5027404560007102
  |->  par_lens = 116, 116, 116
[TDSE] Running TDSE-SH-elliptical. step 40400, energy = -0.502727886167606
  |->  par_lens = 116, 117, 116
[TDSE] Running TDSE-SH-elliptical. step 40600, energy = -0.5028264738922393
  |->  par_lens = 115, 117, 116
[TDSE] Running TDSE-SH-elliptical. step 40800, energy = -0.5029415923343649
  |->  par_lens = 115, 116, 115
[TDSE] Running TDSE-SH-elliptical. step 41000, energy = -0.5029337256642245
  |->  par_lens = 115, 116, 115
[TDSE] Running TDSE-SH-elliptical. step 41200, energy = -0.5028521287227888
  |->  par_lens = 115, 117, 115
[TDSE] Running TDSE-SH-elliptical. step 41400, energy = -0.5028256668366154
  |->  par_lens = 115, 116, 115
[TDSE] Running TDSE-SH-elliptical. step 41600, energy = -0.5028290825716921
  |->  par_lens = 113, 116, 115
[TDSE] Running TDSE-SH-elliptical. step 41800, energy = -0.502885312538207
  |->  par_lens = 114, 116, 115
[TDSE] Running TDSE-SH-elliptical. step 42000, energy = -0.5029147185255429
  |->  par_lens = 113, 115, 115
[TDSE] Running TDSE-SH-elliptical. step 42200, energy = -0.5029420315971029
  |->  par_lens = 113, 115, 114
[TDSE] Running TDSE-SH-elliptical. step 42400, energy = -0.502945389811559
  |->  par_lens = 111, 114, 114
[TDSE] Running TDSE-SH-elliptical. step 42600, energy = -0.5029501115241996
  |->  par_lens = 110, 113, 113
[TDSE] Running TDSE-SH-elliptical. step 42800, energy = -0.5029447251904958
  |->  par_lens = 109, 113, 113
[TDSE] Running TDSE-SH-elliptical. step 43000, energy = -0.502946601887481
  |->  par_lens = 109, 112, 110
[TDSE] Running TDSE-SH-elliptical. step 43200, energy = -0.5029446290476483
  |->  par_lens = 108, 110, 109
[TDSE] Running TDSE-SH-elliptical. step 43400, energy = -0.5029462658690566
  |->  par_lens = 107, 109, 108
[TDSE] Running TDSE-SH-elliptical. step 43600, energy = -0.50294468638519
  |->  par_lens = 106, 109, 107
[TDSE] Running TDSE-SH-elliptical. step 43800, energy = -0.5029437290924993
  |->  par_lens = 106, 107, 105
[TDSE] Running TDSE-SH-elliptical. step 44000, energy = -0.5029454316277183
  |->  par_lens = 105, 105, 104
[TDSE] Running TDSE-SH-elliptical. step 44200, energy = -0.5029438086662354
  |->  par_lens = 103, 105, 104
[TDSE] Running TDSE-SH-elliptical. step 44400, energy = -0.502944773390986
  |->  par_lens = 103, 103, 103
[TDSE] Running TDSE-SH-elliptical. step 44600, energy = -0.5029407451811074
  |->  par_lens = 104, 104, 103
[TDSE] Running TDSE-SH-elliptical. step 44800, energy = -0.5029464434486072
  |->  par_lens = 103, 103, 103
[TDSE] Running TDSE-SH-elliptical. step 45000, energy = -0.5029410903978436
  |->  par_lens = 103, 103, 102
