  Activating project at `~/JuliaProp_v0.1`
[ITP]: 10000.500151030976
[ITP]: 3.0490838964780664e-8
[ITP]: 7.575335692067142e-9
Energy of ground state: -0.5001510690415283
[TDSE] Runing TDSE-SH-linear. step 0 energy = -0.5001510690415291 
     | block_size = 3 
[TDSE] Runing TDSE-SH-linear. step 200 energy = -0.5001510690414498 
     | block_size = 3 
[TDSE] Runing TDSE-SH-linear. step 400 energy = -0.5001510690408436 
     | block_size = 3 
[TDSE] Runing TDSE-SH-linear. step 600 energy = -0.5001510690351427 
     | block_size = 3 
[TDSE] Runing TDSE-SH-linear. step 800 energy = -0.5001510690065224 
     | block_size = 3 
[TDSE] Runing TDSE-SH-linear. step 1000 energy = -0.5001510689096432 
     | block_size = 3 
[TDSE] Runing TDSE-SH-linear. step 1200 energy = -0.500151068651369 
     | block_size = 3 
[TDSE] Runing TDSE-SH-linear. step 1400 energy = -0.500151068067295 
     | block_size = 3 
[TDSE] Runing TDSE-SH-linear. step 1600 energy = -0.5001510668942957 
     | block_size = 3 
[TDSE] Runing TDSE-SH-linear. step 1800 energy = -0.5001510647370131 
     | block_size = 3 
[TDSE] Runing TDSE-SH-linear. step 2000 energy = -0.500151061049581 
     | block_size = 3 
[TDSE] Runing TDSE-SH-linear. step 2200 energy = -0.5001510550686766 
     | block_size = 3 
[TDSE] Runing TDSE-SH-linear. step 2400 energy = -0.5001510458443487 
     | block_size = 4 
[TDSE] Runing TDSE-SH-linear. step 2600 energy = -0.5001510321387417 
     | block_size = 4 
[TDSE] Runing TDSE-SH-linear. step 2800 energy = -0.5001510124319136 
     | block_size = 4 
[TDSE] Runing TDSE-SH-linear. step 3000 energy = -0.5001509849665584 
     | block_size = 4 
[TDSE] Runing TDSE-SH-linear. step 3200 energy = -0.5001509475038051 
     | block_size = 4 
[TDSE] Runing TDSE-SH-linear. step 3400 energy = -0.5001508977869891 
     | block_size = 4 
[TDSE] Runing TDSE-SH-linear. step 3600 energy = -0.5001508327327847 
     | block_size = 4 
[TDSE] Runing TDSE-SH-linear. step 3800 energy = -0.5001507493621753 
     | block_size = 4 
[TDSE] Runing TDSE-SH-linear. step 4000 energy = -0.5001506445472195 
     | block_size = 4 
[TDSE] Runing TDSE-SH-linear. step 4200 energy = -0.5001505136120301 
     | block_size = 4 
[TDSE] Runing TDSE-SH-linear. step 4400 energy = -0.5001503535729979 
     | block_size = 4 
[TDSE] Runing TDSE-SH-linear. step 4600 energy = -0.5001501594872503 
     | block_size = 4 
[TDSE] Runing TDSE-SH-linear. step 4800 energy = -0.5001499270954834 
     | block_size = 4 
[TDSE] Runing TDSE-SH-linear. step 5000 energy = -0.5001496518460288 
     | block_size = 4 
[TDSE] Runing TDSE-SH-linear. step 5200 energy = -0.5001493276767054 
     | block_size = 4 
[TDSE] Runing TDSE-SH-linear. step 5400 energy = -0.5001489535641757 
     | block_size = 4 
[TDSE] Runing TDSE-SH-linear. step 5600 energy = -0.5001485197180389 
     | block_size = 4 
[TDSE] Runing TDSE-SH-linear. step 5800 energy = -0.5001480237560091 
     | block_size = 4 
[TDSE] Runing TDSE-SH-linear. step 6000 energy = -0.5001474643067877 
     | block_size = 4 
[TDSE] Runing TDSE-SH-linear. step 6200 energy = -0.5001468307914214 
     | block_size = 4 
[TDSE] Runing TDSE-SH-linear. step 6400 energy = -0.5001461253271865 
     | block_size = 5 
[TDSE] Runing TDSE-SH-linear. step 6600 energy = -0.5001453382590845 
     | block_size = 5 
[TDSE] Runing TDSE-SH-linear. step 6800 energy = -0.5001444736983467 
     | block_size = 5 
[TDSE] Runing TDSE-SH-linear. step 7000 energy = -0.5001435258951125 
     | block_size = 5 
[TDSE] Runing TDSE-SH-linear. step 7200 energy = -0.50014248380391 
     | block_size = 5 
[TDSE] Runing TDSE-SH-linear. step 7400 energy = -0.5001413667323877 
     | block_size = 5 
[TDSE] Runing TDSE-SH-linear. step 7600 energy = -0.5001401529924568 
     | block_size = 5 
[TDSE] Runing TDSE-SH-linear. step 7800 energy = -0.5001388528772556 
     | block_size = 5 
[TDSE] Runing TDSE-SH-linear. step 8000 energy = -0.5001374702541358 
     | block_size = 6 
[TDSE] Runing TDSE-SH-linear. step 8200 energy = -0.5001359915491491 
     | block_size = 6 
[TDSE] Runing TDSE-SH-linear. step 8400 energy = -0.5001344432998919 
     | block_size = 6 
[TDSE] Runing TDSE-SH-linear. step 8600 energy = -0.5001327999629852 
     | block_size = 6 
[TDSE] Runing TDSE-SH-linear. step 8800 energy = -0.5001310908707113 
     | block_size = 6 
[TDSE] Runing TDSE-SH-linear. step 9000 energy = -0.5001293068033319 
     | block_size = 6 
[TDSE] Runing TDSE-SH-linear. step 9200 energy = -0.500127439104778 
     | block_size = 6 
[TDSE] Runing TDSE-SH-linear. step 9400 energy = -0.50012554459501 
     | block_size = 7 
[TDSE] Runing TDSE-SH-linear. step 9600 energy = -0.5001235625041148 
     | block_size = 7 
[TDSE] Runing TDSE-SH-linear. step 9800 energy = -0.5001215366718681 
     | block_size = 7 
[TDSE] Runing TDSE-SH-linear. step 10000 energy = -0.5001194840380487 
     | block_size = 7 
[TDSE] Runing TDSE-SH-linear. step 10200 energy = -0.5001170334008731 
     | block_size = 7 
[TDSE] Runing TDSE-SH-linear. step 10400 energy = -0.5001123783583445 
     | block_size = 7 
[TDSE] Runing TDSE-SH-linear. step 10600 energy = -0.5001085592250089 
     | block_size = 8 
[TDSE] Runing TDSE-SH-linear. step 10800 energy = -0.5001148684207273 
     | block_size = 8 
[TDSE] Runing TDSE-SH-linear. step 11000 energy = -0.5001356273620728 
     | block_size = 8 
[TDSE] Runing TDSE-SH-linear. step 11200 energy = -0.5001500941137157 
     | block_size = 8 
[TDSE] Runing TDSE-SH-linear. step 11400 energy = -0.5001277938544919 
     | block_size = 8 
[TDSE] Runing TDSE-SH-linear. step 11600 energy = -0.5000899046720882 
     | block_size = 8 
[TDSE] Runing TDSE-SH-linear. step 11800 energy = -0.5001093165996887 
     | block_size = 7 
[TDSE] Runing TDSE-SH-linear. step 12000 energy = -0.50014263317906 
     | block_size = 7 
[TDSE] Runing TDSE-SH-linear. step 12200 energy = -0.4998871377269722 
     | block_size = 7 
[TDSE] Runing TDSE-SH-linear. step 12400 energy = -0.4990440237575899 
     | block_size = 8 
[TDSE] Runing TDSE-SH-linear. step 12600 energy = -0.4979182720113902 
     | block_size = 9 
[TDSE] Runing TDSE-SH-linear. step 12800 energy = -0.49751746004747827 
     | block_size = 10 
[TDSE] Runing TDSE-SH-linear. step 13000 energy = -0.4984958687340358 
     | block_size = 11 
[TDSE] Runing TDSE-SH-linear. step 13200 energy = -0.4998963488978761 
     | block_size = 12 
[TDSE] Runing TDSE-SH-linear. step 13400 energy = -0.4996352284863941 
     | block_size = 11 
[TDSE] Runing TDSE-SH-linear. step 13600 energy = -0.497025998943403 
     | block_size = 11 
[TDSE] Runing TDSE-SH-linear. step 13800 energy = -0.4944907259743681 
     | block_size = 9 
[TDSE] Runing TDSE-SH-linear. step 14000 energy = -0.4952737031058548 
     | block_size = 8 
[TDSE] Runing TDSE-SH-linear. step 14200 energy = -0.49878903665232355 
     | block_size = 9 
[TDSE] Runing TDSE-SH-linear. step 14400 energy = -0.49952930338956547 
     | block_size = 9 
[TDSE] Runing TDSE-SH-linear. step 14600 energy = -0.4929543030556511 
     | block_size = 8 
[TDSE] Runing TDSE-SH-linear. step 14800 energy = -0.4826557717086002 
     | block_size = 10 
[TDSE] Runing TDSE-SH-linear. step 15000 energy = -0.47878560565024775 
     | block_size = 12 
[TDSE] Runing TDSE-SH-linear. step 15200 energy = -0.4866370667298622 
     | block_size = 14 
[TDSE] Runing TDSE-SH-linear. step 15400 energy = -0.4978388778672452 
     | block_size = 16 
[TDSE] Runing TDSE-SH-linear. step 15600 energy = -0.49730181444951416 
     | block_size = 16 
[TDSE] Runing TDSE-SH-linear. step 15800 energy = -0.48142988694835237 
     | block_size = 14 
[TDSE] Runing TDSE-SH-linear. step 16000 energy = -0.46590029055226007 
     | block_size = 12 
[TDSE] Runing TDSE-SH-linear. step 16200 energy = -0.4694741740513491 
     | block_size = 13 
[TDSE] Runing TDSE-SH-linear. step 16400 energy = -0.4893258251093067 
     | block_size = 14 
[TDSE] Runing TDSE-SH-linear. step 16600 energy = -0.49904640797180566 
     | block_size = 15 
[TDSE] Runing TDSE-SH-linear. step 16800 energy = -0.47783871016289053 
     | block_size = 14 
[TDSE] Runing TDSE-SH-linear. step 17000 energy = -0.43988131117291956 
     | block_size = 14 
[TDSE] Runing TDSE-SH-linear. step 17200 energy = -0.4244527822499231 
     | block_size = 16 
[TDSE] Runing TDSE-SH-linear. step 17400 energy = -0.45105348319206123 
     | block_size = 19 
[TDSE] Runing TDSE-SH-linear. step 17600 energy = -0.4905962709953356 
     | block_size = 20 
[TDSE] Runing TDSE-SH-linear. step 17800 energy = -0.492948725436743 
     | block_size = 21 
[TDSE] Runing TDSE-SH-linear. step 18000 energy = -0.44643990369059283 
     | block_size = 19 
[TDSE] Runing TDSE-SH-linear. step 18200 energy = -0.39943220076871705 
     | block_size = 17 
[TDSE] Runing TDSE-SH-linear. step 18400 energy = -0.4071999703368346 
     | block_size = 21 
[TDSE] Runing TDSE-SH-linear. step 18600 energy = -0.46373610384842795 
     | block_size = 24 
[TDSE] Runing TDSE-SH-linear. step 18800 energy = -0.497947913519214 
     | block_size = 25 
[TDSE] Runing TDSE-SH-linear. step 19000 energy = -0.45416729054623245 
     | block_size = 24 
[TDSE] Runing TDSE-SH-linear. step 19200 energy = -0.3658084508341684 
     | block_size = 20 
[TDSE] Runing TDSE-SH-linear. step 19400 energy = -0.3270841856383994 
     | block_size = 23 
[TDSE] Runing TDSE-SH-linear. step 19600 energy = -0.38458169477161647 
     | block_size = 28 
[TDSE] Runing TDSE-SH-linear. step 19800 energy = -0.47484548057620174 
     | block_size = 32 
[TDSE] Runing TDSE-SH-linear. step 20000 energy = -0.487832006684011 
     | block_size = 33 
[TDSE] Runing TDSE-SH-linear. step 20200 energy = -0.3955282762479211 
     | block_size = 29 
[TDSE] Runing TDSE-SH-linear. step 20400 energy = -0.2991125061071332 
     | block_size = 24 
[TDSE] Runing TDSE-SH-linear. step 20600 energy = -0.3091303980768508 
     | block_size = 29 
[TDSE] Runing TDSE-SH-linear. step 20800 energy = -0.42026511425191926 
     | block_size = 35 
[TDSE] Runing TDSE-SH-linear. step 21000 energy = -0.49518049473638687 
     | block_size = 38 
[TDSE] Runing TDSE-SH-linear. step 21200 energy = -0.4282590363821804 
     | block_size = 36 
[TDSE] Runing TDSE-SH-linear. step 21400 energy = -0.2747529842172288 
     | block_size = 30 
[TDSE] Runing TDSE-SH-linear. step 21600 energy = -0.20442569383314307 
     | block_size = 31 
[TDSE] Runing TDSE-SH-linear. step 21800 energy = -0.29521745549059025 
     | block_size = 40 
[TDSE] Runing TDSE-SH-linear. step 22000 energy = -0.45042258690987735 
     | block_size = 46 
[TDSE] Runing TDSE-SH-linear. step 22200 energy = -0.4834994133354228 
     | block_size = 47 
[TDSE] Runing TDSE-SH-linear. step 22400 energy = -0.34283439197020943 
     | block_size = 42 
[TDSE] Runing TDSE-SH-linear. step 22600 energy = -0.19093326363234778 
     | block_size = 34 
[TDSE] Runing TDSE-SH-linear. step 22800 energy = -0.19944637650785732 
     | block_size = 38 
[TDSE] Runing TDSE-SH-linear. step 23000 energy = -0.3671427234829831 
     | block_size = 47 
[TDSE] Runing TDSE-SH-linear. step 23200 energy = -0.48946662693452087 
     | block_size = 50 
[TDSE] Runing TDSE-SH-linear. step 23400 energy = -0.40903978975351307 
     | block_size = 50 
[TDSE] Runing TDSE-SH-linear. step 23600 energy = -0.1941866159484071 
     | block_size = 43 
[TDSE] Runing TDSE-SH-linear. step 23800 energy = -0.09328962691867637 
     | block_size = 38 
[TDSE] Runing TDSE-SH-linear. step 24000 energy = -0.20641411035104323 
     | block_size = 50 
[TDSE] Runing TDSE-SH-linear. step 24200 energy = -0.4220402166216301 
     | block_size = 50 
[TDSE] Runing TDSE-SH-linear. step 24400 energy = -0.47974232303282793 
     | block_size = 50 
[TDSE] Runing TDSE-SH-linear. step 24600 energy = -0.30824314652135376 
     | block_size = 50 
[TDSE] Runing TDSE-SH-linear. step 24800 energy = -0.11219371201766892 
     | block_size = 44 
[TDSE] Runing TDSE-SH-linear. step 25000 energy = -0.11663790220014664 
     | block_size = 46 
[TDSE] Runing TDSE-SH-linear. step 25200 energy = -0.3192791538032298 
     | block_size = 50 
[TDSE] Runing TDSE-SH-linear. step 25400 energy = -0.4798924068038909 
     | block_size = 50 
[TDSE] Runing TDSE-SH-linear. step 25600 energy = -0.4036825633786454 
     | block_size = 50 
[TDSE] Runing TDSE-SH-linear. step 25800 energy = -0.15871189633202576 
     | block_size = 50 
[TDSE] Runing TDSE-SH-linear. step 26000 energy = -0.03635962126093306 
     | block_size = 41 
[TDSE] Runing TDSE-SH-linear. step 26200 energy = -0.15169848466935013 
     | block_size = 50 
[TDSE] Runing TDSE-SH-linear. step 26400 energy = -0.3979968802332146 
     | block_size = 50 
[TDSE] Runing TDSE-SH-linear. step 26600 energy = -0.47650677623740295 
     | block_size = 50 
[TDSE] Runing TDSE-SH-linear. step 26800 energy = -0.30738935775845894 
     | block_size = 50 
[TDSE] Runing TDSE-SH-linear. step 27000 energy = -0.09893022660734477 
     | block_size = 50 
[TDSE] Runing TDSE-SH-linear. step 27200 energy = -0.09356907976884006 
     | block_size = 50 
[TDSE] Runing TDSE-SH-linear. step 27400 energy = -0.29637415070230005 
     | block_size = 50 
[TDSE] Runing TDSE-SH-linear. step 27600 energy = -0.46915174928387077 
     | block_size = 50 
[TDSE] Runing TDSE-SH-linear. step 27800 energy = -0.4082348459775859 
     | block_size = 50 
[TDSE] Runing TDSE-SH-linear. step 28000 energy = -0.17483895916383574 
     | block_size = 50 
[TDSE] Runing TDSE-SH-linear. step 28200 energy = -0.05370643588687505 
     | block_size = 50 
[TDSE] Runing TDSE-SH-linear. step 28400 energy = -0.15343782411979745 
     | block_size = 50 
[TDSE] Runing TDSE-SH-linear. step 28600 energy = -0.38598596481760233 
     | block_size = 50 
[TDSE] Runing TDSE-SH-linear. step 28800 energy = -0.4750997806636232 
     | block_size = 50 
[TDSE] Runing TDSE-SH-linear. step 29000 energy = -0.3372643544939849 
     | block_size = 50 
[TDSE] Runing TDSE-SH-linear. step 29200 energy = -0.14791598784529075 
     | block_size = 50 
[TDSE] Runing TDSE-SH-linear. step 29400 energy = -0.13996004110663404 
     | block_size = 50 
[TDSE] Runing TDSE-SH-linear. step 29600 energy = -0.310725949018079 
     | block_size = 50 
[TDSE] Runing TDSE-SH-linear. step 29800 energy = -0.46162987711067677 
     | block_size = 50 
[TDSE] Runing TDSE-SH-linear. step 30000 energy = -0.42729865806064077 
     | block_size = 50 
[TDSE] Runing TDSE-SH-linear. step 30200 energy = -0.2473558422846155 
     | block_size = 50 
[TDSE] Runing TDSE-SH-linear. step 30400 energy = -0.13953713340854257 
     | block_size = 50 
[TDSE] Runing TDSE-SH-linear. step 30600 energy = -0.21874886455044015 
     | block_size = 50 
[TDSE] Runing TDSE-SH-linear. step 30800 energy = -0.39887740277292066 
     | block_size = 50 
[TDSE] Runing TDSE-SH-linear. step 31000 energy = -0.475439308291916 
     | block_size = 50 
[TDSE] Runing TDSE-SH-linear. step 31200 energy = -0.3828175619552454 
     | block_size = 50 
[TDSE] Runing TDSE-SH-linear. step 31400 energy = -0.25170797810586215 
     | block_size = 50 
[TDSE] Runing TDSE-SH-linear. step 31600 energy = -0.22972914915669462 
     | block_size = 50 
[TDSE] Runing TDSE-SH-linear. step 31800 energy = -0.35371211262450725 
     | block_size = 50 
[TDSE] Runing TDSE-SH-linear. step 32000 energy = -0.4634446559072053 
     | block_size = 50 
[TDSE] Runing TDSE-SH-linear. step 32200 energy = -0.44831214597155916 
     | block_size = 50 
[TDSE] Runing TDSE-SH-linear. step 32400 energy = -0.33246226183108685 
     | block_size = 50 
[TDSE] Runing TDSE-SH-linear. step 32600 energy = -0.2508652844855517 
     | block_size = 50 
[TDSE] Runing TDSE-SH-linear. step 32800 energy = -0.3011864581494229 
     | block_size = 50 
[TDSE] Runing TDSE-SH-linear. step 33000 energy = -0.41817642324822857 
     | block_size = 50 
[TDSE] Runing TDSE-SH-linear. step 33200 energy = -0.4773505925914271 
     | block_size = 50 
[TDSE] Runing TDSE-SH-linear. step 33400 energy = -0.43110974596420615 
     | block_size = 50 
[TDSE] Runing TDSE-SH-linear. step 33600 energy = -0.3488941734692103 
     | block_size = 50 
[TDSE] Runing TDSE-SH-linear. step 33800 energy = -0.33738540394101774 
     | block_size = 50 
[TDSE] Runing TDSE-SH-linear. step 34000 energy = -0.4018829257816127 
     | block_size = 50 
[TDSE] Runing TDSE-SH-linear. step 34200 energy = -0.4696146878842469 
     | block_size = 50 
[TDSE] Runing TDSE-SH-linear. step 34400 energy = -0.4658314617532509 
     | block_size = 50 
[TDSE] Runing TDSE-SH-linear. step 34600 energy = -0.4057999091071159 
     | block_size = 50 
[TDSE] Runing TDSE-SH-linear. step 34800 energy = -0.3628942527238871 
     | block_size = 50 
[TDSE] Runing TDSE-SH-linear. step 35000 energy = -0.3882919616025416 
     | block_size = 50 
[TDSE] Runing TDSE-SH-linear. step 35200 energy = -0.44639958346372494 
     | block_size = 50 
[TDSE] Runing TDSE-SH-linear. step 35400 energy = -0.47896042828388646 
     | block_size = 50 
[TDSE] Runing TDSE-SH-linear. step 35600 energy = -0.4603714422119408 
     | block_size = 50 
[TDSE] Runing TDSE-SH-linear. step 35800 energy = -0.4277136239971509 
     | block_size = 50 
[TDSE] Runing TDSE-SH-linear. step 36000 energy = -0.418589207055063 
     | block_size = 50 
[TDSE] Runing TDSE-SH-linear. step 36200 energy = -0.4486820869905033 
     | block_size = 50 
[TDSE] Runing TDSE-SH-linear. step 36400 energy = -0.4754361193370211 
     | block_size = 50 
[TDSE] Runing TDSE-SH-linear. step 36600 energy = -0.47599191553343445 
     | block_size = 50 
[TDSE] Runing TDSE-SH-linear. step 36800 energy = -0.45325411519205355 
     | block_size = 50 
[TDSE] Runing TDSE-SH-linear. step 37000 energy = -0.43782573631887955 
     | block_size = 50 
[TDSE] Runing TDSE-SH-linear. step 37200 energy = -0.4447623328129386 
     | block_size = 50 
[TDSE] Runing TDSE-SH-linear. step 37400 energy = -0.46644849282028755 
     | block_size = 50 
[TDSE] Runing TDSE-SH-linear. step 37600 energy = -0.47939355495794944 
     | block_size = 50 
[TDSE] Runing TDSE-SH-linear. step 37800 energy = -0.477494974448158 
     | block_size = 50 
[TDSE] Runing TDSE-SH-linear. step 38000 energy = -0.4679402805310267 
     | block_size = 50 
[TDSE] Runing TDSE-SH-linear. step 38200 energy = -0.4668243202437649 
     | block_size = 50 
[TDSE] Runing TDSE-SH-linear. step 38400 energy = -0.4727110401393421 
     | block_size = 50 
[TDSE] Runing TDSE-SH-linear. step 38600 energy = -0.4792715281527873 
     | block_size = 50 
[TDSE] Runing TDSE-SH-linear. step 38800 energy = -0.4796288432075257 
     | block_size = 50 
[TDSE] Runing TDSE-SH-linear. step 39000 energy = -0.4745280057541876 
     | block_size = 50 
[TDSE] Runing TDSE-SH-linear. step 39200 energy = -0.47154140602091815 
     | block_size = 50 
[TDSE] Runing TDSE-SH-linear. step 39400 energy = -0.4725017849519913 
     | block_size = 50 
[TDSE] Runing TDSE-SH-linear. step 39600 energy = -0.47616362212523006 
     | block_size = 50 
[TDSE] Runing TDSE-SH-linear. step 39800 energy = -0.48009116821227693 
     | block_size = 50 
[TDSE] Runing TDSE-SH-linear. step 40000 energy = -0.48052134542255986 
     | block_size = 50 
[TDSE] Runing TDSE-SH-linear. step 40200 energy = -0.4802444396477522 
     | block_size = 50 
[TDSE] Runing TDSE-SH-linear. step 40400 energy = -0.4796974431429092 
     | block_size = 50 
[TDSE] Runing TDSE-SH-linear. step 40600 energy = -0.4804751695081704 
     | block_size = 50 
[TDSE] Runing TDSE-SH-linear. step 40800 energy = -0.48065328511550254 
     | block_size = 50 
[TDSE] Runing TDSE-SH-linear. step 41000 energy = -0.4805898305061646 
     | block_size = 50 
[TDSE] Runing TDSE-SH-linear. step 41200 energy = -0.4799462326338759 
     | block_size = 50 
[TDSE] Runing TDSE-SH-linear. step 41400 energy = -0.48007102503105664 
     | block_size = 50 
[TDSE] Runing TDSE-SH-linear. step 41600 energy = -0.47976833381746 
     | block_size = 50 
[TDSE] Runing TDSE-SH-linear. step 41800 energy = -0.4802652614907536 
     | block_size = 50 
[TDSE] Runing TDSE-SH-linear. step 42000 energy = -0.4804951741927765 
     | block_size = 50 
[TDSE] Runing TDSE-SH-linear. step 42200 energy = -0.48045274712560543 
     | block_size = 50 
[TDSE] Runing TDSE-SH-linear. step 42400 energy = -0.4807604397343045 
     | block_size = 50 
[TDSE] Runing TDSE-SH-linear. step 42600 energy = -0.4806289667261231 
     | block_size = 50 
[TDSE] Runing TDSE-SH-linear. step 42800 energy = -0.480751631180506 
     | block_size = 50 
[TDSE] Runing TDSE-SH-linear. step 43000 energy = -0.4807512932999639 
     | block_size = 50 
[TDSE] Runing TDSE-SH-linear. step 43200 energy = -0.48069508623113016 
     | block_size = 50 
[TDSE] Runing TDSE-SH-linear. step 43400 energy = -0.48097915139487935 
     | block_size = 50 
[TDSE] Runing TDSE-SH-linear. step 43600 energy = -0.4807431784074825 
     | block_size = 50 
[TDSE] Runing TDSE-SH-linear. step 43800 energy = -0.4809138623804382 
     | block_size = 50 
[TDSE] Runing TDSE-SH-linear. step 44000 energy = -0.48099619768505375 
     | block_size = 50 
[TDSE] Runing TDSE-SH-linear. step 44200 energy = -0.48094214083173153 
     | block_size = 50 
[TDSE] Runing TDSE-SH-linear. step 44400 energy = -0.48117436685324005 
     | block_size = 50 
[TDSE] Runing TDSE-SH-linear. step 44600 energy = -0.48097725897373467 
     | block_size = 50 
[TDSE] Runing TDSE-SH-linear. step 44800 energy = -0.4811961654154279 
     | block_size = 50 
[TDSE] Runing TDSE-SH-linear. step 45000 energy = -0.4811817336481342 
     | block_size = 50 
[TDSE] Runing TDSE-SH-linear. step 45200 energy = -0.4811381344344328 
     | block_size = 50 
[TDSE] Runing TDSE-SH-linear. step 45400 energy = -0.4814431542884877 
     | block_size = 50 
[TDSE] Runing TDSE-SH-linear. step 45600 energy = -0.4812537606754668 
     | block_size = 50 
[TDSE] Runing TDSE-SH-linear. step 45800 energy = -0.48149827600386896 
     | block_size = 50 
[TDSE] Runing TDSE-SH-linear. step 46000 energy = -0.4814867016346756 
     | block_size = 50 
[TDSE] Runing TDSE-SH-linear. step 46200 energy = -0.4814142786311014 
     | block_size = 50 
[TDSE] Runing TDSE-SH-linear. step 46400 energy = -0.4816494731569293 
     | block_size = 50 
[TDSE] Runing TDSE-SH-linear. step 46600 energy = -0.4814905805492419 
     | block_size = 50 
[TDSE] Runing TDSE-SH-linear. step 46800 energy = -0.48177531100240895 
     | block_size = 50 
[TDSE] Runing TDSE-SH-linear. step 47000 energy = -0.48167971641011853 
     | block_size = 50 
[TDSE] Runing TDSE-SH-linear. step 47200 energy = -0.4816698865060102 
     | block_size = 50 
[TDSE] Runing TDSE-SH-linear. step 47400 energy = -0.4819829187583208 
     | block_size = 50 
[TDSE] Runing TDSE-SH-linear. step 47600 energy = -0.4817476795440026 
     | block_size = 50 
[TDSE] Runing TDSE-SH-linear. step 47800 energy = -0.4819714093781198 
     | block_size = 50 
[TDSE] Runing TDSE-SH-linear. step 48000 energy = -0.48192170923704614 
     | block_size = 50 
[TDSE] Runing TDSE-SH-linear. step 48200 energy = -0.4819580053426992 
     | block_size = 50 
[TDSE] Runing TDSE-SH-linear. step 48400 energy = -0.4821533209807315 
     | block_size = 50 
[TDSE] Runing TDSE-SH-linear. step 48600 energy = -0.4819191119767901 
     | block_size = 50 
[TDSE] Runing TDSE-SH-linear. step 48800 energy = -0.4822563756956662 
     | block_size = 50 
[TDSE] Runing TDSE-SH-linear. step 49000 energy = -0.48213533663024616 
     | block_size = 50 
[TDSE] Runing TDSE-SH-linear. step 49200 energy = -0.48212646732535347 
     | block_size = 50 
[TDSE] Runing TDSE-SH-linear. step 49400 energy = -0.48236033716587184 
     | block_size = 50 
[TDSE] Runing TDSE-SH-linear. step 49600 energy = -0.48212525295034653 
     | block_size = 50 
[TDSE] Runing TDSE-SH-linear. step 49800 energy = -0.48239791074980876 
     | block_size = 50 
[TDSE] Runing TDSE-SH-linear. step 50000 energy = -0.48228366580491505 
     | block_size = 50 
[TDSE] Runing TDSE-SH-linear. step 50200 energy = -0.4823732753430223 
     | block_size = 50 
[TDSE] Runing TDSE-SH-linear. step 50400 energy = -0.4825311902610721 
     | block_size = 50 
[TDSE] Runing TDSE-SH-linear. step 50600 energy = -0.4822712919738464 
     | block_size = 50 
[TDSE] Runing TDSE-SH-linear. step 50800 energy = -0.4826459549175886 
     | block_size = 50 
[TDSE] Runing TDSE-SH-linear. step 51000 energy = -0.48249340350832504 
     | block_size = 50 
[TDSE] Runing TDSE-SH-linear. step 51200 energy = -0.4825262117320747 
     | block_size = 50 
[TDSE] Runing TDSE-SH-linear. step 51400 energy = -0.4826960198857184 
     | block_size = 50 
[TDSE] Runing TDSE-SH-linear. step 51600 energy = -0.482467765978128 
     | block_size = 50 
[TDSE] Runing TDSE-SH-linear. step 51800 energy = -0.4827637078155013 
     | block_size = 50 
[TDSE] Runing TDSE-SH-linear. step 52000 energy = -0.4825646916131524 
     | block_size = 50 
[TDSE] Runing TDSE-SH-linear. step 52200 energy = -0.48268974174793483 
     | block_size = 50 
[TDSE] Runing TDSE-SH-linear. step 52400 energy = -0.4827981760725062 
     | block_size = 50 
[TDSE] Runing TDSE-SH-linear. step 52600 energy = -0.4825537711421606 
     | block_size = 50 
[TDSE] Runing TDSE-SH-linear. step 52800 energy = -0.48296174485534543 
     | block_size = 50 
[TDSE] Runing TDSE-SH-linear. step 53000 energy = -0.48273832839070974 
     | block_size = 50 
