  Activating project at `~/JuliaProp_v0.1`
[ITP]: 10000.471108571397
[ITP]: 0.022107823405609905
[ITP]: 0.004976805475414736
[ITP]: 0.0021058954092971205
[ITP]: 0.001084104546129061
[ITP]: 0.0006160870179273692
[ITP]: 0.0003714642087823128
[ITP]: 0.00023286611963801995
[ITP]: 0.0001500123428329614
[ITP]: 9.857967926441003e-5
[ITP]: 6.57601184761436e-5
[ITP]: 4.43786526744816e-5
[ITP]: 3.022437766897479e-5
[ITP]: 2.0735965556739622e-5
[ITP]: 1.4311264988853267e-5
[ITP]: 9.92563006574354e-6
[ITP]: 6.9119921211058255e-6
[ITP]: 4.82976755122877e-6
[ITP]: 3.384510666504248e-6
[ITP]: 2.3775199649023193e-6
[ITP]: 1.6736194445865493e-6
[ITP]: 1.1802274751948616e-6
[ITP]: 8.335748883370186e-7
[ITP]: 5.895273362810372e-7
[ITP]: 4.174150680658073e-7
[ITP]: 2.958509506267859e-7
[ITP]: 2.098764437796774e-7
[ITP]: 1.4900242706339384e-7
[ITP]: 1.0585745457980522e-7
[ITP]: 7.525113565609587e-8
[ITP]: 5.352267851144177e-8
[ITP]: 3.808635307134267e-8
[ITP]: 2.7113442158110956e-8
[ITP]: 1.9309163601377577e-8
[ITP]: 1.3755872219078924e-8
[ITP]: 9.802639699962867e-9
Energy of ground state: -0.5030607411950042
[TDSE] Start TDSE-SH for elliptical polarized laser. It may cost a plenty of time.
[TDSE] Running TDSE-SH-elliptical. step 0, energy = -0.5030607411950033
  |->  par_lens = 1, 1, 1
[TDSE] Running TDSE-SH-elliptical. step 200, energy = -0.5030607411948617
  |->  par_lens = 1, 1, 1
[TDSE] Running TDSE-SH-elliptical. step 400, energy = -0.5030607411947132
  |->  par_lens = 1, 1, 2
[TDSE] Running TDSE-SH-elliptical. step 600, energy = -0.5030607411944202
  |->  par_lens = 1, 1, 2
[TDSE] Running TDSE-SH-elliptical. step 800, energy = -0.503060741193595
  |->  par_lens = 1, 1, 2
[TDSE] Running TDSE-SH-elliptical. step 1000, energy = -0.5030607411910855
  |->  par_lens = 1, 1, 2
[TDSE] Running TDSE-SH-elliptical. step 1200, energy = -0.5030607411848678
  |->  par_lens = 1, 1, 2
[TDSE] Running TDSE-SH-elliptical. step 1400, energy = -0.5030607411711137
  |->  par_lens = 1, 1, 2
[TDSE] Running TDSE-SH-elliptical. step 1600, energy = -0.5030607411446505
  |->  par_lens = 1, 1, 2
[TDSE] Running TDSE-SH-elliptical. step 1800, energy = -0.5030607410970486
  |->  par_lens = 1, 1, 2
[TDSE] Running TDSE-SH-elliptical. step 2000, energy = -0.5030607410183969
  |->  par_lens = 1, 1, 2
[TDSE] Running TDSE-SH-elliptical. step 2200, energy = -0.5030607408939765
  |->  par_lens = 1, 1, 2
[TDSE] Running TDSE-SH-elliptical. step 2400, energy = -0.503060740708186
  |->  par_lens = 1, 1, 2
[TDSE] Running TDSE-SH-elliptical. step 2600, energy = -0.503060740438869
  |->  par_lens = 1, 1, 2
[TDSE] Running TDSE-SH-elliptical. step 2800, energy = -0.5030607400648444
  |->  par_lens = 1, 1, 2
[TDSE] Running TDSE-SH-elliptical. step 3000, energy = -0.503060739555254
  |->  par_lens = 1, 1, 2
[TDSE] Running TDSE-SH-elliptical. step 3200, energy = -0.503060738886262
  |->  par_lens = 1, 1, 2
[TDSE] Running TDSE-SH-elliptical. step 3400, energy = -0.5030607380166955
  |->  par_lens = 1, 1, 2
[TDSE] Running TDSE-SH-elliptical. step 3600, energy = -0.5030607369224416
  |->  par_lens = 1, 1, 2
[TDSE] Running TDSE-SH-elliptical. step 3800, energy = -0.5030607355553532
  |->  par_lens = 1, 1, 2
[TDSE] Running TDSE-SH-elliptical. step 4000, energy = -0.5030607338932443
  |->  par_lens = 1, 1, 2
[TDSE] Running TDSE-SH-elliptical. step 4200, energy = -0.503060731877928
  |->  par_lens = 1, 1, 2
[TDSE] Running TDSE-SH-elliptical. step 4400, energy = -0.5030607295014057
  |->  par_lens = 1, 1, 2
[TDSE] Running TDSE-SH-elliptical. step 4600, energy = -0.5030607266974475
  |->  par_lens = 1, 1, 2
[TDSE] Running TDSE-SH-elliptical. step 4800, energy = -0.5030607234600625
  |->  par_lens = 1, 1, 2
[TDSE] Running TDSE-SH-elliptical. step 5000, energy = -0.5030607197406763
  |->  par_lens = 1, 1, 2
[TDSE] Running TDSE-SH-elliptical. step 5200, energy = -0.5030607155300314
  |->  par_lens = 1, 1, 2
[TDSE] Running TDSE-SH-elliptical. step 5400, energy = -0.5030607107892764
  |->  par_lens = 2, 2, 2
[TDSE] Running TDSE-SH-elliptical. step 5600, energy = -0.5030607055183198
  |->  par_lens = 2, 2, 2
[TDSE] Running TDSE-SH-elliptical. step 5800, energy = -0.503060699705172
  |->  par_lens = 2, 2, 2
[TDSE] Running TDSE-SH-elliptical. step 6000, energy = -0.5030606933240562
  |->  par_lens = 2, 2, 2
[TDSE] Running TDSE-SH-elliptical. step 6200, energy = -0.5030606864304239
  |->  par_lens = 2, 2, 2
[TDSE] Running TDSE-SH-elliptical. step 6400, energy = -0.5030606789522453
  |->  par_lens = 2, 2, 2
[TDSE] Running TDSE-SH-elliptical. step 6600, energy = -0.5030606710011367
  |->  par_lens = 2, 2, 2
[TDSE] Running TDSE-SH-elliptical. step 6800, energy = -0.5030606625107019
  |->  par_lens = 2, 2, 2
[TDSE] Running TDSE-SH-elliptical. step 7000, energy = -0.5030606535971888
  |->  par_lens = 2, 2, 2
[TDSE] Running TDSE-SH-elliptical. step 7200, energy = -0.5030606441739546
  |->  par_lens = 2, 2, 2
[TDSE] Running TDSE-SH-elliptical. step 7400, energy = -0.5030606344636485
  |->  par_lens = 2, 2, 2
[TDSE] Running TDSE-SH-elliptical. step 7600, energy = -0.5030606243096668
  |->  par_lens = 2, 2, 2
[TDSE] Running TDSE-SH-elliptical. step 7800, energy = -0.5030606139141673
  |->  par_lens = 2, 2, 2
[TDSE] Running TDSE-SH-elliptical. step 8000, energy = -0.5030606032455475
  |->  par_lens = 2, 2, 2
[TDSE] Running TDSE-SH-elliptical. step 8200, energy = -0.5030605924371344
  |->  par_lens = 2, 2, 2
[TDSE] Running TDSE-SH-elliptical. step 8400, energy = -0.503060581438145
  |->  par_lens = 2, 2, 2
[TDSE] Running TDSE-SH-elliptical. step 8600, energy = -0.5030605704199671
  |->  par_lens = 2, 2, 2
[TDSE] Running TDSE-SH-elliptical. step 8800, energy = -0.5030605593799243
  |->  par_lens = 2, 2, 2
[TDSE] Running TDSE-SH-elliptical. step 9000, energy = -0.5030605483860213
  |->  par_lens = 2, 2, 2
[TDSE] Running TDSE-SH-elliptical. step 9200, energy = -0.5030605375337169
  |->  par_lens = 2, 2, 2
[TDSE] Running TDSE-SH-elliptical. step 9400, energy = -0.5030605267864972
  |->  par_lens = 2, 2, 2
[TDSE] Running TDSE-SH-elliptical. step 9600, energy = -0.5030605163322205
  |->  par_lens = 2, 2, 2
[TDSE] Running TDSE-SH-elliptical. step 9800, energy = -0.5030605061077896
  |->  par_lens = 2, 2, 2
[TDSE] Running TDSE-SH-elliptical. step 10000, energy = -0.5030604962230547
  |->  par_lens = 2, 2, 2
[TDSE] Running TDSE-SH-elliptical. step 10200, energy = -0.5030604672963283
  |->  par_lens = 2, 2, 2
[TDSE] Running TDSE-SH-elliptical. step 10400, energy = -0.5030602038131761
  |->  par_lens = 2, 2, 2
[TDSE] Running TDSE-SH-elliptical. step 10600, energy = -0.50305972145539
  |->  par_lens = 2, 2, 2
[TDSE] Running TDSE-SH-elliptical. step 10800, energy = -0.5030591235792475
  |->  par_lens = 2, 2, 2
[TDSE] Running TDSE-SH-elliptical. step 11000, energy = -0.5030534832111586
  |->  par_lens = 3, 2, 2
[TDSE] Running TDSE-SH-elliptical. step 11200, energy = -0.5030257908861041
  |->  par_lens = 4, 3, 3
[TDSE] Running TDSE-SH-elliptical. step 11400, energy = -0.5029613604902702
  |->  par_lens = 4, 3, 3
[TDSE] Running TDSE-SH-elliptical. step 11600, energy = -0.5028865602037108
  |->  par_lens = 4, 4, 4
[TDSE] Running TDSE-SH-elliptical. step 11800, energy = -0.5028695629403542
  |->  par_lens = 4, 4, 4
[TDSE] Running TDSE-SH-elliptical. step 12000, energy = -0.5029016387857801
  |->  par_lens = 4, 4, 4
[TDSE] Running TDSE-SH-elliptical. step 12200, energy = -0.5028029756268612
  |->  par_lens = 5, 4, 4
[TDSE] Running TDSE-SH-elliptical. step 12400, energy = -0.5023623450380112
  |->  par_lens = 5, 5, 6
[TDSE] Running TDSE-SH-elliptical. step 12600, energy = -0.5017125137399528
  |->  par_lens = 7, 7, 6
[TDSE] Running TDSE-SH-elliptical. step 12800, energy = -0.501395649597979
  |->  par_lens = 7, 7, 7
[TDSE] Running TDSE-SH-elliptical. step 13000, energy = -0.5017705592633097
  |->  par_lens = 7, 7, 6
[TDSE] Running TDSE-SH-elliptical. step 13200, energy = -0.5022341448295112
  |->  par_lens = 6, 5, 6
[TDSE] Running TDSE-SH-elliptical. step 13400, energy = -0.5015546564600747
  |->  par_lens = 8, 6, 7
[TDSE] Running TDSE-SH-elliptical. step 13600, energy = -0.49938983229107653
  |->  par_lens = 9, 8, 8
[TDSE] Running TDSE-SH-elliptical. step 13800, energy = -0.4973191179108263
  |->  par_lens = 10, 10, 10
[TDSE] Running TDSE-SH-elliptical. step 14000, energy = -0.49745986721679586
  |->  par_lens = 10, 10, 10
[TDSE] Running TDSE-SH-elliptical. step 14200, energy = -0.4995028804137123
  |->  par_lens = 10, 10, 11
[TDSE] Running TDSE-SH-elliptical. step 14400, energy = -0.5000805021322776
  |->  par_lens = 10, 11, 11
[TDSE] Running TDSE-SH-elliptical. step 14600, energy = -0.49623013605839805
  |->  par_lens = 11, 11, 11
[TDSE] Running TDSE-SH-elliptical. step 14800, energy = -0.48994071458965177
  |->  par_lens = 14, 13, 13
[TDSE] Running TDSE-SH-elliptical. step 15000, energy = -0.48710696672977644
  |->  par_lens = 15, 15, 15
[TDSE] Running TDSE-SH-elliptical. step 15200, energy = -0.4909515351431257
  |->  par_lens = 16, 16, 18
[TDSE] Running TDSE-SH-elliptical. step 15400, energy = -0.49633274486736584
  |->  par_lens = 18, 17, 19
[TDSE] Running TDSE-SH-elliptical. step 15600, energy = -0.49426497037845213
  |->  par_lens = 19, 18, 19
[TDSE] Running TDSE-SH-elliptical. step 15800, energy = -0.48274800436121457
  |->  par_lens = 17, 19, 20
[TDSE] Running TDSE-SH-elliptical. step 16000, energy = -0.47171465941886087
  |->  par_lens = 22, 23, 20
[TDSE] Running TDSE-SH-elliptical. step 16200, energy = -0.4727577227295429
  |->  par_lens = 25, 24, 24
[TDSE] Running TDSE-SH-elliptical. step 16400, energy = -0.4844484255009888
  |->  par_lens = 29, 28, 28
[TDSE] Running TDSE-SH-elliptical. step 16600, energy = -0.4905004440759699
  |->  par_lens = 31, 31, 29
[TDSE] Running TDSE-SH-elliptical. step 16800, energy = -0.4778248133506524
  |->  par_lens = 30, 32, 31
[TDSE] Running TDSE-SH-elliptical. step 17000, energy = -0.4545134974562899
  |->  par_lens = 32, 31, 30
[TDSE] Running TDSE-SH-elliptical. step 17200, energy = -0.4440970582131814
  |->  par_lens = 37, 35, 36
[TDSE] Running TDSE-SH-elliptical. step 17400, energy = -0.4580192791987306
  |->  par_lens = 43, 41, 44
[TDSE] Running TDSE-SH-elliptical. step 17600, energy = -0.4791608552003708
  |->  par_lens = 48, 48, 47
[TDSE] Running TDSE-SH-elliptical. step 17800, energy = -0.47702657871287835
  |->  par_lens = 50, 49, 49
[TDSE] Running TDSE-SH-elliptical. step 18000, energy = -0.4450756990742505
  |->  par_lens = 47, 43, 46
[TDSE] Running TDSE-SH-elliptical. step 18200, energy = -0.413584230935693
  |->  par_lens = 48, 47, 49
[TDSE] Running TDSE-SH-elliptical. step 18400, energy = -0.416274980943435
  |->  par_lens = 61, 58, 58
[TDSE] Running TDSE-SH-elliptical. step 18600, energy = -0.4496084238020424
  |->  par_lens = 72, 69, 70
[TDSE] Running TDSE-SH-elliptical. step 18800, energy = -0.4708482878563639
  |->  par_lens = 77, 76, 75
[TDSE] Running TDSE-SH-elliptical. step 19000, energy = -0.44442820525147936
  |->  par_lens = 73, 76, 74
[TDSE] Running TDSE-SH-elliptical. step 19200, energy = -0.3904737935322511
  |->  par_lens = 69, 67, 66
[TDSE] Running TDSE-SH-elliptical. step 19400, energy = -0.3661375171439439
  |->  par_lens = 79, 75, 77
[TDSE] Running TDSE-SH-elliptical. step 19600, energy = -0.39678605570668557
  |->  par_lens = 95, 97, 95
[TDSE] Running TDSE-SH-elliptical. step 19800, energy = -0.44747606042126814
  |->  par_lens = 111, 110, 110
[TDSE] Running TDSE-SH-elliptical. step 20000, energy = -0.4499880499968911
  |->  par_lens = 111, 114, 111
[TDSE] Running TDSE-SH-elliptical. step 20200, energy = -0.3880090325091158
  |->  par_lens = 107, 109, 108
[TDSE] Running TDSE-SH-elliptical. step 20400, energy = -0.32577381631552277
  |->  par_lens = 94, 85, 89
[TDSE] Running TDSE-SH-elliptical. step 20600, energy = -0.3307865611745587
  |->  par_lens = 118, 115, 115
[TDSE] Running TDSE-SH-elliptical. step 20800, energy = -0.39432211285877145
  |->  par_lens = 144, 143, 145
[TDSE] Running TDSE-SH-elliptical. step 21000, energy = -0.44200024417876616
  |->  par_lens = 155, 160, 156
[TDSE] Running TDSE-SH-elliptical. step 21200, energy = -0.40136117294304985
  |->  par_lens = 157, 158, 157
[TDSE] Running TDSE-SH-elliptical. step 21400, energy = -0.3076432256439107
  |->  par_lens = 139, 141, 139
[TDSE] Running TDSE-SH-elliptical. step 21600, energy = -0.2665285045519897
  |->  par_lens = 131, 131, 133
[TDSE] Running TDSE-SH-elliptical. step 21800, energy = -0.3167599139408944
  |->  par_lens = 173, 169, 171
[TDSE] Running TDSE-SH-elliptical. step 22000, energy = -0.4037566567844129
  |->  par_lens = 203, 202, 202
[TDSE] Running TDSE-SH-elliptical. step 22200, energy = -0.4182009342150091
  |->  par_lens = 211, 212, 207
[TDSE] Running TDSE-SH-elliptical. step 22400, energy = -0.3246998954596602
  |->  par_lens = 205, 198, 204
[TDSE] Running TDSE-SH-elliptical. step 22600, energy = -0.22791308656732215
  |->  par_lens = 172, 166, 170
[TDSE] Running TDSE-SH-elliptical. step 22800, energy = -0.23778335052411653
  |->  par_lens = 187, 189, 186
[TDSE] Running TDSE-SH-elliptical. step 23000, energy = -0.3296284369504656
  |->  par_lens = 236, 239, 238
[TDSE] Running TDSE-SH-elliptical. step 23200, energy = -0.40757267454290935
  |->  par_lens = 256, 256, 258
[TDSE] Running TDSE-SH-elliptical. step 23400, energy = -0.35969754955939903
  |->  par_lens = 253, 256, 261
[TDSE] Running TDSE-SH-elliptical. step 23600, energy = -0.22879849117471462
  |->  par_lens = 238, 236, 238
[TDSE] Running TDSE-SH-elliptical. step 23800, energy = -0.17190475890122034
  |->  par_lens = 215, 214, 211
[TDSE] Running TDSE-SH-elliptical. step 24000, energy = -0.24101885862098638
  |->  par_lens = 259, 257, 257
[TDSE] Running TDSE-SH-elliptical. step 24200, energy = -0.35656007036475507
  |->  par_lens = 303, 304, 301
[TDSE] Running TDSE-SH-elliptical. step 24400, energy = -0.3868545495764445
  |->  par_lens = 307, 310, 310
[TDSE] Running TDSE-SH-elliptical. step 24600, energy = -0.27476224795940823
  |->  par_lens = 297, 302, 305
[TDSE] Running TDSE-SH-elliptical. step 24800, energy = -0.1506390652178181
  |->  par_lens = 271, 266, 262
[TDSE] Running TDSE-SH-elliptical. step 25000, energy = -0.16446004705780942
  |->  par_lens = 280, 277, 275
[TDSE] Running TDSE-SH-elliptical. step 25200, energy = -0.2740834060384083
  |->  par_lens = 329, 323, 327
[TDSE] Running TDSE-SH-elliptical. step 25400, energy = -0.3738373505561642
  |->  par_lens = 355, 349, 349
[TDSE] Running TDSE-SH-elliptical. step 25600, energy = -0.32958758945629885
  |->  par_lens = 355, 348, 349
[TDSE] Running TDSE-SH-elliptical. step 25800, energy = -0.1824003840878304
  |->  par_lens = 326, 323, 324
[TDSE] Running TDSE-SH-elliptical. step 26000, energy = -0.11490652603225762
  |->  par_lens = 305, 309, 312
[TDSE] Running TDSE-SH-elliptical. step 26200, energy = -0.19275363498357995
  |->  par_lens = 343, 336, 337
[TDSE] Running TDSE-SH-elliptical. step 26400, energy = -0.3191191050783176
  |->  par_lens = 371, 380, 375
[TDSE] Running TDSE-SH-elliptical. step 26600, energy = -0.3629118723179871
  |->  par_lens = 380, 381, 384
[TDSE] Running TDSE-SH-elliptical. step 26800, energy = -0.25485780803333025
  |->  par_lens = 369, 365, 370
[TDSE] Running TDSE-SH-elliptical. step 27000, energy = -0.12521863536341235
  |->  par_lens = 344, 341, 350
[TDSE] Running TDSE-SH-elliptical. step 27200, energy = -0.13760467905199697
  |->  par_lens = 353, 352, 349
[TDSE] Running TDSE-SH-elliptical. step 27400, energy = -0.24625712468697544
  |->  par_lens = 375, 374, 374
[TDSE] Running TDSE-SH-elliptical. step 27600, energy = -0.35148127227309656
  |->  par_lens = 395, 388, 391
[TDSE] Running TDSE-SH-elliptical. step 27800, energy = -0.3202063766857937
  |->  par_lens = 400, 390, 392
[TDSE] Running TDSE-SH-elliptical. step 28000, energy = -0.18481782512210046
  |->  par_lens = 385, 379, 379
[TDSE] Running TDSE-SH-elliptical. step 28200, energy = -0.11934184209386602
  |->  par_lens = 378, 371, 369
[TDSE] Running TDSE-SH-elliptical. step 28400, energy = -0.18850039776640717
  |->  par_lens = 389, 383, 387
[TDSE] Running TDSE-SH-elliptical. step 28600, energy = -0.30708127801854124
  |->  par_lens = 407, 404, 406
[TDSE] Running TDSE-SH-elliptical. step 28800, energy = -0.3568283097035826
  |->  par_lens = 412, 411, 411
[TDSE] Running TDSE-SH-elliptical. step 29000, energy = -0.27061695176626605
  |->  par_lens = 406, 403, 395
[TDSE] Running TDSE-SH-elliptical. step 29200, energy = -0.1602601089659386
  |->  par_lens = 389, 388, 396
[TDSE] Running TDSE-SH-elliptical. step 29400, energy = -0.16673053571204138
  |->  par_lens = 388, 378, 385
[TDSE] Running TDSE-SH-elliptical. step 29600, energy = -0.25680198532808834
  |->  par_lens = 398, 388, 390
[TDSE] Running TDSE-SH-elliptical. step 29800, energy = -0.3529073650954129
  |->  par_lens = 404, 400, 401
[TDSE] Running TDSE-SH-elliptical. step 30000, energy = -0.33698015713483737
  |->  par_lens = 406, 404, 403
[TDSE] Running TDSE-SH-elliptical. step 30200, energy = -0.23416578615019623
  |->  par_lens = 396, 391, 390
[TDSE] Running TDSE-SH-elliptical. step 30400, energy = -0.18064788685990882
  |->  par_lens = 390, 384, 387
[TDSE] Running TDSE-SH-elliptical. step 30600, energy = -0.22901971039803237
  |->  par_lens = 400, 389, 399
[TDSE] Running TDSE-SH-elliptical. step 30800, energy = -0.3252030764407293
  |->  par_lens = 415, 410, 406
[TDSE] Running TDSE-SH-elliptical. step 31000, energy = -0.37276296056054953
  |->  par_lens = 415, 410, 412
[TDSE] Running TDSE-SH-elliptical. step 31200, energy = -0.31550426419838823
  |->  par_lens = 408, 410, 410
[TDSE] Running TDSE-SH-elliptical. step 31400, energy = -0.24025362013902196
  |->  par_lens = 398, 392, 390
[TDSE] Running TDSE-SH-elliptical. step 31600, energy = -0.23616021376995683
  |->  par_lens = 389, 395, 387
[TDSE] Running TDSE-SH-elliptical. step 31800, energy = -0.30275429096232914
  |->  par_lens = 402, 403, 403
[TDSE] Running TDSE-SH-elliptical. step 32000, energy = -0.3758220626919932
  |->  par_lens = 404, 404, 410
[TDSE] Running TDSE-SH-elliptical. step 32200, energy = -0.3711201314341543
  |->  par_lens = 407, 401, 409
[TDSE] Running TDSE-SH-elliptical. step 32400, energy = -0.3068177909229925
  |->  par_lens = 400, 398, 404
[TDSE] Running TDSE-SH-elliptical. step 32600, energy = -0.2698582977855056
  |->  par_lens = 405, 391, 398
[TDSE] Running TDSE-SH-elliptical. step 32800, energy = -0.29856148727357473
  |->  par_lens = 396, 399, 409
[TDSE] Running TDSE-SH-elliptical. step 33000, energy = -0.36402483485932546
  |->  par_lens = 407, 407, 408
[TDSE] Running TDSE-SH-elliptical. step 33200, energy = -0.3981236326499387
  |->  par_lens = 407, 404, 408
[TDSE] Running TDSE-SH-elliptical. step 33400, energy = -0.3696791990958842
  |->  par_lens = 405, 405, 407
[TDSE] Running TDSE-SH-elliptical. step 33600, energy = -0.3250565113251376
  |->  par_lens = 404, 394, 397
[TDSE] Running TDSE-SH-elliptical. step 33800, energy = -0.3214163774886533
  |->  par_lens = 403, 383, 394
[TDSE] Running TDSE-SH-elliptical. step 34000, energy = -0.35952736984961275
  |->  par_lens = 406, 396, 397
[TDSE] Running TDSE-SH-elliptical. step 34200, energy = -0.40298815868450916
  |->  par_lens = 408, 395, 404
[TDSE] Running TDSE-SH-elliptical. step 34400, energy = -0.40454984197953064
  |->  par_lens = 410, 398, 400
[TDSE] Running TDSE-SH-elliptical. step 34600, energy = -0.37386005571862485
  |->  par_lens = 399, 392, 392
[TDSE] Running TDSE-SH-elliptical. step 34800, energy = -0.3521263928451579
  |->  par_lens = 392, 392, 398
[TDSE] Running TDSE-SH-elliptical. step 35000, energy = -0.36743468023920095
  |->  par_lens = 399, 391, 396
[TDSE] Running TDSE-SH-elliptical. step 35200, energy = -0.40028079099656183
  |->  par_lens = 404, 393, 400
[TDSE] Running TDSE-SH-elliptical. step 35400, energy = -0.42015976633199614
  |->  par_lens = 402, 396, 394
[TDSE] Running TDSE-SH-elliptical. step 35600, energy = -0.40974756635863313
  |->  par_lens = 395, 389, 398
[TDSE] Running TDSE-SH-elliptical. step 35800, energy = -0.39187043699501956
  |->  par_lens = 388, 391, 388
[TDSE] Running TDSE-SH-elliptical. step 36000, energy = -0.38701910946938406
  |->  par_lens = 371, 375, 378
[TDSE] Running TDSE-SH-elliptical. step 36200, energy = -0.4063773849712324
  |->  par_lens = 372, 366, 374
[TDSE] Running TDSE-SH-elliptical. step 36400, energy = -0.423285927016145
  |->  par_lens = 366, 364, 371
[TDSE] Running TDSE-SH-elliptical. step 36600, energy = -0.42686606194201654
  |->  par_lens = 355, 355, 359
[TDSE] Running TDSE-SH-elliptical. step 36800, energy = -0.415216614923061
  |->  par_lens = 346, 349, 347
[TDSE] Running TDSE-SH-elliptical. step 37000, energy = -0.40875910520355835
  |->  par_lens = 337, 345, 341
[TDSE] Running TDSE-SH-elliptical. step 37200, energy = -0.41278066338639097
  |->  par_lens = 337, 337, 337
[TDSE] Running TDSE-SH-elliptical. step 37400, energy = -0.4252922761479579
  |->  par_lens = 335, 336, 337
[TDSE] Running TDSE-SH-elliptical. step 37600, energy = -0.4332235961410103
  |->  par_lens = 333, 330, 327
[TDSE] Running TDSE-SH-elliptical. step 37800, energy = -0.4312064000706565
  |->  par_lens = 318, 319, 320
[TDSE] Running TDSE-SH-elliptical. step 38000, energy = -0.4262174486892917
  |->  par_lens = 308, 308, 308
[TDSE] Running TDSE-SH-elliptical. step 38200, energy = -0.42614522493799545
  |->  par_lens = 290, 284, 284
[TDSE] Running TDSE-SH-elliptical. step 38400, energy = -0.42963820080972154
  |->  par_lens = 272, 271, 266
[TDSE] Running TDSE-SH-elliptical. step 38600, energy = -0.43559387506574665
  |->  par_lens = 263, 264, 261
[TDSE] Running TDSE-SH-elliptical. step 38800, energy = -0.4361441950507092
  |->  par_lens = 255, 255, 252
[TDSE] Running TDSE-SH-elliptical. step 39000, energy = -0.43446854779247795
  |->  par_lens = 248, 241, 240
[TDSE] Running TDSE-SH-elliptical. step 39200, energy = -0.43327044426507133
  |->  par_lens = 236, 234, 238
[TDSE] Running TDSE-SH-elliptical. step 39400, energy = -0.43380907097673227
  |->  par_lens = 228, 229, 232
[TDSE] Running TDSE-SH-elliptical. step 39600, energy = -0.4367911058824156
  |->  par_lens = 223, 227, 231
[TDSE] Running TDSE-SH-elliptical. step 39800, energy = -0.4380068731324175
  |->  par_lens = 224, 219, 227
[TDSE] Running TDSE-SH-elliptical. step 40000, energy = -0.4384809867511637
  |->  par_lens = 215, 217, 218
[TDSE] Running TDSE-SH-elliptical. step 40200, energy = -0.4381756502288178
  |->  par_lens = 207, 209, 206
[TDSE] Running TDSE-SH-elliptical. step 40400, energy = -0.43803175901565555
  |->  par_lens = 205, 201, 202
[TDSE] Running TDSE-SH-elliptical. step 40600, energy = -0.4387680072294119
  |->  par_lens = 198, 198, 196
[TDSE] Running TDSE-SH-elliptical. step 40800, energy = -0.4391160292511321
  |->  par_lens = 190, 192, 192
[TDSE] Running TDSE-SH-elliptical. step 41000, energy = -0.4393817234340953
  |->  par_lens = 186, 183, 184
[TDSE] Running TDSE-SH-elliptical. step 41200, energy = -0.43949087298505335
  |->  par_lens = 182, 181, 185
[TDSE] Running TDSE-SH-elliptical. step 41400, energy = -0.43939417154944954
  |->  par_lens = 178, 180, 181
[TDSE] Running TDSE-SH-elliptical. step 41600, energy = -0.43969265051990747
  |->  par_lens = 178, 175, 178
[TDSE] Running TDSE-SH-elliptical. step 41800, energy = -0.43983285747320583
  |->  par_lens = 172, 173, 176
[TDSE] Running TDSE-SH-elliptical. step 42000, energy = -0.44005114246542926
  |->  par_lens = 172, 172, 173
[TDSE] Running TDSE-SH-elliptical. step 42200, energy = -0.44021139914504986
  |->  par_lens = 171, 171, 171
[TDSE] Running TDSE-SH-elliptical. step 42400, energy = -0.44038364691753307
  |->  par_lens = 170, 171, 170
[TDSE] Running TDSE-SH-elliptical. step 42600, energy = -0.440518120382161
  |->  par_lens = 168, 170, 170
[TDSE] Running TDSE-SH-elliptical. step 42800, energy = -0.4406667828736687
  |->  par_lens = 168, 169, 170
[TDSE] Running TDSE-SH-elliptical. step 43000, energy = -0.44083392348982864
  |->  par_lens = 168, 167, 167
