  Activating project at `~/JuliaProp_v0.1`
[ITP]: 10000.500151030976
[ITP]: 3.0490838964780664e-8
[ITP]: 7.575335692067142e-9
Energy of ground state: -0.5001510690415283
[TDSE] Runing TDSE-SH-linear. step 0 energy = -0.5001510690415291 
     | block_size = 3 
[TDSE] Runing TDSE-SH-linear. step 200 energy = -0.5001510690414498 
     | block_size = 3 
[TDSE] Runing TDSE-SH-linear. step 400 energy = -0.5001510690408436 
     | block_size = 3 
[TDSE] Runing TDSE-SH-linear. step 600 energy = -0.5001510690351427 
     | block_size = 3 
[TDSE] Runing TDSE-SH-linear. step 800 energy = -0.5001510690065224 
     | block_size = 3 
[TDSE] Runing TDSE-SH-linear. step 1000 energy = -0.5001510689096432 
     | block_size = 3 
[TDSE] Runing TDSE-SH-linear. step 1200 energy = -0.500151068651369 
     | block_size = 3 
[TDSE] Runing TDSE-SH-linear. step 1400 energy = -0.500151068067295 
     | block_size = 3 
[TDSE] Runing TDSE-SH-linear. step 1600 energy = -0.5001510668942957 
     | block_size = 3 
[TDSE] Runing TDSE-SH-linear. step 1800 energy = -0.5001510647370131 
     | block_size = 3 
[TDSE] Runing TDSE-SH-linear. step 2000 energy = -0.500151061049581 
     | block_size = 3 
[TDSE] Runing TDSE-SH-linear. step 2200 energy = -0.5001510550686766 
     | block_size = 3 
[TDSE] Runing TDSE-SH-linear. step 2400 energy = -0.5001510458443487 
     | block_size = 4 
[TDSE] Runing TDSE-SH-linear. step 2600 energy = -0.5001510321387417 
     | block_size = 4 
[TDSE] Runing TDSE-SH-linear. step 2800 energy = -0.5001510124319136 
     | block_size = 4 
[TDSE] Runing TDSE-SH-linear. step 3000 energy = -0.5001509849665584 
     | block_size = 4 
[TDSE] Runing TDSE-SH-linear. step 3200 energy = -0.5001509475038051 
     | block_size = 4 
[TDSE] Runing TDSE-SH-linear. step 3400 energy = -0.5001508977869891 
     | block_size = 4 
[TDSE] Runing TDSE-SH-linear. step 3600 energy = -0.5001508327327847 
     | block_size = 4 
[TDSE] Runing TDSE-SH-linear. step 3800 energy = -0.5001507493621753 
     | block_size = 4 
[TDSE] Runing TDSE-SH-linear. step 4000 energy = -0.5001506445472195 
     | block_size = 4 
[TDSE] Runing TDSE-SH-linear. step 4200 energy = -0.5001505136120301 
     | block_size = 4 
[TDSE] Runing TDSE-SH-linear. step 4400 energy = -0.5001503535729979 
     | block_size = 4 
[TDSE] Runing TDSE-SH-linear. step 4600 energy = -0.5001501594872503 
     | block_size = 4 
[TDSE] Runing TDSE-SH-linear. step 4800 energy = -0.5001499270954834 
     | block_size = 4 
[TDSE] Runing TDSE-SH-linear. step 5000 energy = -0.5001496518460288 
     | block_size = 4 
[TDSE] Runing TDSE-SH-linear. step 5200 energy = -0.5001493276767054 
     | block_size = 4 
[TDSE] Runing TDSE-SH-linear. step 5400 energy = -0.5001489535641757 
     | block_size = 4 
[TDSE] Runing TDSE-SH-linear. step 5600 energy = -0.5001485197180389 
     | block_size = 4 
[TDSE] Runing TDSE-SH-linear. step 5800 energy = -0.5001480237560091 
     | block_size = 4 
[TDSE] Runing TDSE-SH-linear. step 6000 energy = -0.5001474643067877 
     | block_size = 4 
[TDSE] Runing TDSE-SH-linear. step 6200 energy = -0.5001468307914214 
     | block_size = 4 
[TDSE] Runing TDSE-SH-linear. step 6400 energy = -0.5001461253271865 
     | block_size = 5 
[TDSE] Runing TDSE-SH-linear. step 6600 energy = -0.5001453382590845 
     | block_size = 5 
[TDSE] Runing TDSE-SH-linear. step 6800 energy = -0.5001444736983467 
     | block_size = 5 
[TDSE] Runing TDSE-SH-linear. step 7000 energy = -0.5001435258951125 
     | block_size = 5 
[TDSE] Runing TDSE-SH-linear. step 7200 energy = -0.50014248380391 
     | block_size = 5 
[TDSE] Runing TDSE-SH-linear. step 7400 energy = -0.5001413667323877 
     | block_size = 5 
[TDSE] Runing TDSE-SH-linear. step 7600 energy = -0.5001401529924568 
     | block_size = 5 
[TDSE] Runing TDSE-SH-linear. step 7800 energy = -0.5001388528772556 
     | block_size = 5 
[TDSE] Runing TDSE-SH-linear. step 8000 energy = -0.5001374702541358 
     | block_size = 6 
[TDSE] Runing TDSE-SH-linear. step 8200 energy = -0.5001359915491491 
     | block_size = 6 
[TDSE] Runing TDSE-SH-linear. step 8400 energy = -0.5001344432998919 
     | block_size = 6 
[TDSE] Runing TDSE-SH-linear. step 8600 energy = -0.5001327999629852 
     | block_size = 6 
[TDSE] Runing TDSE-SH-linear. step 8800 energy = -0.5001310908707113 
     | block_size = 6 
[TDSE] Runing TDSE-SH-linear. step 9000 energy = -0.5001293068033319 
     | block_size = 6 
[TDSE] Runing TDSE-SH-linear. step 9200 energy = -0.500127439104778 
     | block_size = 6 
[TDSE] Runing TDSE-SH-linear. step 9400 energy = -0.50012554459501 
     | block_size = 7 
[TDSE] Runing TDSE-SH-linear. step 9600 energy = -0.5001235625041148 
     | block_size = 7 
[TDSE] Runing TDSE-SH-linear. step 9800 energy = -0.5001215366718681 
     | block_size = 7 
[TDSE] Runing TDSE-SH-linear. step 10000 energy = -0.5001194840380487 
     | block_size = 7 
[TDSE] Runing TDSE-SH-linear. step 10200 energy = -0.5001171359829322 
     | block_size = 7 
[TDSE] Runing TDSE-SH-linear. step 10400 energy = -0.5001132317036934 
     | block_size = 7 
[TDSE] Runing TDSE-SH-linear. step 10600 energy = -0.5001099024377874 
     | block_size = 8 
[TDSE] Runing TDSE-SH-linear. step 10800 energy = -0.5001137636428158 
     | block_size = 8 
[TDSE] Runing TDSE-SH-linear. step 11000 energy = -0.5001293387476083 
     | block_size = 8 
[TDSE] Runing TDSE-SH-linear. step 11200 energy = -0.5001469899836176 
     | block_size = 8 
[TDSE] Runing TDSE-SH-linear. step 11400 energy = -0.5001487733719449 
     | block_size = 8 
[TDSE] Runing TDSE-SH-linear. step 11600 energy = -0.5001387291057866 
     | block_size = 8 
[TDSE] Runing TDSE-SH-linear. step 11800 energy = -0.5001445865791201 
     | block_size = 8 
[TDSE] Runing TDSE-SH-linear. step 12000 energy = -0.5001375070211075 
     | block_size = 8 
[TDSE] Runing TDSE-SH-linear. step 12200 energy = -0.499964711362707 
     | block_size = 8 
[TDSE] Runing TDSE-SH-linear. step 12400 energy = -0.49948542191333106 
     | block_size = 8 
[TDSE] Runing TDSE-SH-linear. step 12600 energy = -0.49887177879317396 
     | block_size = 9 
[TDSE] Runing TDSE-SH-linear. step 12800 energy = -0.4986538638907139 
     | block_size = 10 
[TDSE] Runing TDSE-SH-linear. step 13000 energy = -0.49917885035262255 
     | block_size = 11 
[TDSE] Runing TDSE-SH-linear. step 13200 energy = -0.49996886581444866 
     | block_size = 11 
[TDSE] Runing TDSE-SH-linear. step 13400 energy = -0.4999588551251923 
     | block_size = 11 
[TDSE] Runing TDSE-SH-linear. step 13600 energy = -0.4987666681737824 
     | block_size = 10 
[TDSE] Runing TDSE-SH-linear. step 13800 energy = -0.4975635573914248 
     | block_size = 9 
[TDSE] Runing TDSE-SH-linear. step 14000 energy = -0.4979412061401069 
     | block_size = 8 
[TDSE] Runing TDSE-SH-linear. step 14200 energy = -0.49958847305782167 
     | block_size = 7 
[TDSE] Runing TDSE-SH-linear. step 14400 energy = -0.4997544621980791 
     | block_size = 7 
[TDSE] Runing TDSE-SH-linear. step 14600 energy = -0.49621201152915784 
     | block_size = 8 
[TDSE] Runing TDSE-SH-linear. step 14800 energy = -0.49084645348638983 
     | block_size = 10 
[TDSE] Runing TDSE-SH-linear. step 15000 energy = -0.4888394677936821 
     | block_size = 12 
[TDSE] Runing TDSE-SH-linear. step 15200 energy = -0.49289976913538897 
     | block_size = 13 
[TDSE] Runing TDSE-SH-linear. step 15400 energy = -0.49880973685163577 
     | block_size = 14 
[TDSE] Runing TDSE-SH-linear. step 15600 energy = -0.4989064803618635 
     | block_size = 14 
[TDSE] Runing TDSE-SH-linear. step 15800 energy = -0.4912720851463495 
     | block_size = 13 
[TDSE] Runing TDSE-SH-linear. step 16000 energy = -0.48365782704621346 
     | block_size = 11 
[TDSE] Runing TDSE-SH-linear. step 16200 energy = -0.4854218456871721 
     | block_size = 10 
[TDSE] Runing TDSE-SH-linear. step 16400 energy = -0.49512094846078225 
     | block_size = 11 
[TDSE] Runing TDSE-SH-linear. step 16600 energy = -0.4995217845535621 
     | block_size = 12 
[TDSE] Runing TDSE-SH-linear. step 16800 energy = -0.4883227698047997 
     | block_size = 11 
[TDSE] Runing TDSE-SH-linear. step 17000 energy = -0.46880680867339897 
     | block_size = 11 
[TDSE] Runing TDSE-SH-linear. step 17200 energy = -0.4609049176924216 
     | block_size = 13 
[TDSE] Runing TDSE-SH-linear. step 17400 energy = -0.4745172812420562 
     | block_size = 16 
[TDSE] Runing TDSE-SH-linear. step 17600 energy = -0.4949698835723845 
     | block_size = 17 
[TDSE] Runing TDSE-SH-linear. step 17800 energy = -0.4968707911779869 
     | block_size = 17 
[TDSE] Runing TDSE-SH-linear. step 18000 energy = -0.47416455070869457 
     | block_size = 16 
[TDSE] Runing TDSE-SH-linear. step 18200 energy = -0.4508400326256099 
     | block_size = 14 
[TDSE] Runing TDSE-SH-linear. step 18400 energy = -0.4547554172828927 
     | block_size = 16 
[TDSE] Runing TDSE-SH-linear. step 18600 energy = -0.4826762678818687 
     | block_size = 17 
[TDSE] Runing TDSE-SH-linear. step 18800 energy = -0.4990745656898386 
     | block_size = 18 
[TDSE] Runing TDSE-SH-linear. step 19000 energy = -0.47618051448134524 
     | block_size = 17 
[TDSE] Runing TDSE-SH-linear. step 19200 energy = -0.43100650484742886 
     | block_size = 15 
[TDSE] Runing TDSE-SH-linear. step 19400 energy = -0.41115559670853086 
     | block_size = 18 
[TDSE] Runing TDSE-SH-linear. step 19600 energy = -0.44055628352596626 
     | block_size = 21 
[TDSE] Runing TDSE-SH-linear. step 19800 energy = -0.486910711268012 
     | block_size = 23 
[TDSE] Runing TDSE-SH-linear. step 20000 energy = -0.49449946512740134 
     | block_size = 23 
[TDSE] Runing TDSE-SH-linear. step 20200 energy = -0.4493245031491021 
     | block_size = 21 
[TDSE] Runing TDSE-SH-linear. step 20400 energy = -0.4009377855307412 
     | block_size = 18 
[TDSE] Runing TDSE-SH-linear. step 20600 energy = -0.40622617737304584 
     | block_size = 21 
[TDSE] Runing TDSE-SH-linear. step 20800 energy = -0.4611864131022325 
     | block_size = 24 
[TDSE] Runing TDSE-SH-linear. step 21000 energy = -0.4980068252887965 
     | block_size = 26 
[TDSE] Runing TDSE-SH-linear. step 21200 energy = -0.4631267985988568 
     | block_size = 24 
[TDSE] Runing TDSE-SH-linear. step 21400 energy = -0.38516027278208526 
     | block_size = 21 
[TDSE] Runing TDSE-SH-linear. step 21600 energy = -0.34835161472457327 
     | block_size = 22 
[TDSE] Runing TDSE-SH-linear. step 21800 energy = -0.39567519533732587 
     | block_size = 27 
[TDSE] Runing TDSE-SH-linear. step 22000 energy = -0.47470664750545 
     | block_size = 31 
[TDSE] Runing TDSE-SH-linear. step 22200 energy = -0.4927982373847865 
     | block_size = 32 
[TDSE] Runing TDSE-SH-linear. step 22400 energy = -0.42428202414564564 
     | block_size = 29 
[TDSE] Runing TDSE-SH-linear. step 22600 energy = -0.3474735675335423 
     | block_size = 24 
[TDSE] Runing TDSE-SH-linear. step 22800 energy = -0.3515235500077009 
     | block_size = 26 
[TDSE] Runing TDSE-SH-linear. step 23000 energy = -0.43503811670711895 
     | block_size = 31 
[TDSE] Runing TDSE-SH-linear. step 23200 energy = -0.49602479449689124 
     | block_size = 34 
[TDSE] Runing TDSE-SH-linear. step 23400 energy = -0.4539129346945752 
     | block_size = 32 
[TDSE] Runing TDSE-SH-linear. step 23600 energy = -0.3462020716662095 
     | block_size = 27 
[TDSE] Runing TDSE-SH-linear. step 23800 energy = -0.2917143160616889 
     | block_size = 26 
[TDSE] Runing TDSE-SH-linear. step 24000 energy = -0.3523950418418026 
     | block_size = 33 
[TDSE] Runing TDSE-SH-linear. step 24200 energy = -0.4611348253104455 
     | block_size = 38 
[TDSE] Runing TDSE-SH-linear. step 24400 energy = -0.4924012876549337 
     | block_size = 39 
[TDSE] Runing TDSE-SH-linear. step 24600 energy = -0.4084979325297281 
     | block_size = 35 
[TDSE] Runing TDSE-SH-linear. step 24800 energy = -0.3096949485902519 
     | block_size = 29 
[TDSE] Runing TDSE-SH-linear. step 25000 energy = -0.31028290944488257 
     | block_size = 29 
[TDSE] Runing TDSE-SH-linear. step 25200 energy = -0.41316290311855375 
     | block_size = 36 
[TDSE] Runing TDSE-SH-linear. step 25400 energy = -0.4933855163064027 
     | block_size = 39 
[TDSE] Runing TDSE-SH-linear. step 25600 energy = -0.45214063900526313 
     | block_size = 38 
[TDSE] Runing TDSE-SH-linear. step 25800 energy = -0.3291453522583663 
     | block_size = 32 
[TDSE] Runing TDSE-SH-linear. step 26000 energy = -0.2632989681371475 
     | block_size = 28 
[TDSE] Runing TDSE-SH-linear. step 26200 energy = -0.32712226781262965 
     | block_size = 36 
[TDSE] Runing TDSE-SH-linear. step 26400 energy = -0.4506729948052707 
     | block_size = 42 
[TDSE] Runing TDSE-SH-linear. step 26600 energy = -0.4934229420204244 
     | block_size = 43 
[TDSE] Runing TDSE-SH-linear. step 26800 energy = -0.4093728045396908 
     | block_size = 40 
[TDSE] Runing TDSE-SH-linear. step 27000 energy = -0.30303694670896286 
     | block_size = 33 
[TDSE] Runing TDSE-SH-linear. step 27200 energy = -0.2984928287501924 
     | block_size = 31 
[TDSE] Runing TDSE-SH-linear. step 27400 energy = -0.40357981354807987 
     | block_size = 38 
[TDSE] Runing TDSE-SH-linear. step 27600 energy = -0.49133331748586057 
     | block_size = 41 
[TDSE] Runing TDSE-SH-linear. step 27800 energy = -0.45845019619117083 
     | block_size = 40 
[TDSE] Runing TDSE-SH-linear. step 28000 energy = -0.339990557637653 
     | block_size = 35 
[TDSE] Runing TDSE-SH-linear. step 28200 energy = -0.2739584110864475 
     | block_size = 29 
[TDSE] Runing TDSE-SH-linear. step 28400 energy = -0.3298382423054759 
     | block_size = 37 
[TDSE] Runing TDSE-SH-linear. step 28600 energy = -0.44777432515254123 
     | block_size = 43 
[TDSE] Runing TDSE-SH-linear. step 28800 energy = -0.49524648606069616 
     | block_size = 45 
[TDSE] Runing TDSE-SH-linear. step 29000 energy = -0.42552532770434925 
     | block_size = 42 
[TDSE] Runing TDSE-SH-linear. step 29200 energy = -0.329816814975734 
     | block_size = 36 
[TDSE] Runing TDSE-SH-linear. step 29400 energy = -0.3217869152011606 
     | block_size = 32 
[TDSE] Runing TDSE-SH-linear. step 29600 energy = -0.4121373745975761 
     | block_size = 37 
[TDSE] Runing TDSE-SH-linear. step 29800 energy = -0.4905471019597973 
     | block_size = 40 
[TDSE] Runing TDSE-SH-linear. step 30000 energy = -0.4702288487198976 
     | block_size = 39 
[TDSE] Runing TDSE-SH-linear. step 30200 energy = -0.37482484790901044 
     | block_size = 35 
[TDSE] Runing TDSE-SH-linear. step 30400 energy = -0.3187630902500794 
     | block_size = 35 
[TDSE] Runing TDSE-SH-linear. step 30600 energy = -0.35901355004882457 
     | block_size = 39 
[TDSE] Runing TDSE-SH-linear. step 30800 energy = -0.4540445452033257 
     | block_size = 44 
[TDSE] Runing TDSE-SH-linear. step 31000 energy = -0.49671187979386494 
     | block_size = 45 
[TDSE] Runing TDSE-SH-linear. step 31200 energy = -0.45061742597571086 
     | block_size = 43 
[TDSE] Runing TDSE-SH-linear. step 31400 energy = -0.3808548190601614 
     | block_size = 38 
[TDSE] Runing TDSE-SH-linear. step 31600 energy = -0.3723415910512107 
     | block_size = 35 
[TDSE] Runing TDSE-SH-linear. step 31800 energy = -0.4330546567145066 
     | block_size = 32 
[TDSE] Runing TDSE-SH-linear. step 32000 energy = -0.491792347782755 
     | block_size = 35 
[TDSE] Runing TDSE-SH-linear. step 32200 energy = -0.4819119319912817 
     | block_size = 35 
[TDSE] Runing TDSE-SH-linear. step 32400 energy = -0.42037304025601435 
     | block_size = 32 
[TDSE] Runing TDSE-SH-linear. step 32600 energy = -0.3798111384139355 
     | block_size = 34 
[TDSE] Runing TDSE-SH-linear. step 32800 energy = -0.40585541958721566 
     | block_size = 39 
[TDSE] Runing TDSE-SH-linear. step 33000 energy = -0.46611997992755577 
     | block_size = 43 
[TDSE] Runing TDSE-SH-linear. step 33200 energy = -0.49805180016845474 
     | block_size = 45 
[TDSE] Runing TDSE-SH-linear. step 33400 energy = -0.4739152208802079 
     | block_size = 44 
[TDSE] Runing TDSE-SH-linear. step 33600 energy = -0.43349710768655025 
     | block_size = 40 
[TDSE] Runing TDSE-SH-linear. step 33800 energy = -0.4266331027280276 
     | block_size = 35 
[TDSE] Runing TDSE-SH-linear. step 34000 energy = -0.46081772493737155 
     | block_size = 33 
[TDSE] Runing TDSE-SH-linear. step 34200 energy = -0.49445276304167385 
     | block_size = 32 
[TDSE] Runing TDSE-SH-linear. step 34400 energy = -0.4914098568117631 
     | block_size = 33 
[TDSE] Runing TDSE-SH-linear. step 34600 energy = -0.4592497776065444 
     | block_size = 35 
[TDSE] Runing TDSE-SH-linear. step 34800 energy = -0.43707183553107254 
     | block_size = 35 
[TDSE] Runing TDSE-SH-linear. step 35000 energy = -0.4493398748789814 
     | block_size = 40 
[TDSE] Runing TDSE-SH-linear. step 35200 energy = -0.4805518456555167 
     | block_size = 43 
[TDSE] Runing TDSE-SH-linear. step 35400 energy = -0.49848161071348496 
     | block_size = 45 
[TDSE] Runing TDSE-SH-linear. step 35600 energy = -0.4904414055028073 
     | block_size = 44 
[TDSE] Runing TDSE-SH-linear. step 35800 energy = -0.4731189499601533 
     | block_size = 42 
[TDSE] Runing TDSE-SH-linear. step 36000 energy = -0.46988335285607846 
     | block_size = 39 
[TDSE] Runing TDSE-SH-linear. step 36200 energy = -0.48338520008552494 
     | block_size = 35 
[TDSE] Runing TDSE-SH-linear. step 36400 energy = -0.4972562281250837 
     | block_size = 35 
[TDSE] Runing TDSE-SH-linear. step 36600 energy = -0.49673370964318636 
     | block_size = 35 
[TDSE] Runing TDSE-SH-linear. step 36800 energy = -0.4845981967974328 
     | block_size = 36 
[TDSE] Runing TDSE-SH-linear. step 37000 energy = -0.47615494218392196 
     | block_size = 39 
[TDSE] Runing TDSE-SH-linear. step 37200 energy = -0.479885087158808 
     | block_size = 41 
[TDSE] Runing TDSE-SH-linear. step 37400 energy = -0.49119924783736535 
     | block_size = 43 
[TDSE] Runing TDSE-SH-linear. step 37600 energy = -0.4987265664439749 
     | block_size = 44 
[TDSE] Runing TDSE-SH-linear. step 37800 energy = -0.4979217018633204 
     | block_size = 44 
[TDSE] Runing TDSE-SH-linear. step 38000 energy = -0.493700717973334 
     | block_size = 43 
[TDSE] Runing TDSE-SH-linear. step 38200 energy = -0.4926301524534925 
     | block_size = 42 
[TDSE] Runing TDSE-SH-linear. step 38400 energy = -0.49581982158972154 
     | block_size = 40 
[TDSE] Runing TDSE-SH-linear. step 38600 energy = -0.4990533806054544 
     | block_size = 39 
[TDSE] Runing TDSE-SH-linear. step 38800 energy = -0.498751188814185 
     | block_size = 39 
[TDSE] Runing TDSE-SH-linear. step 39000 energy = -0.4960140325678251 
     | block_size = 40 
[TDSE] Runing TDSE-SH-linear. step 39200 energy = -0.4939078914369309 
     | block_size = 41 
[TDSE] Runing TDSE-SH-linear. step 39400 energy = -0.4947645081559548 
     | block_size = 42 
[TDSE] Runing TDSE-SH-linear. step 39600 energy = -0.49700442734442807 
     | block_size = 43 
[TDSE] Runing TDSE-SH-linear. step 39800 energy = -0.49890513521702373 
     | block_size = 44 
[TDSE] Runing TDSE-SH-linear. step 40000 energy = -0.4994582176802283 
     | block_size = 44 
[TDSE] Runing TDSE-SH-linear. step 40200 energy = -0.49931163996227096 
     | block_size = 44 
[TDSE] Runing TDSE-SH-linear. step 40400 energy = -0.49921942392068863 
     | block_size = 43 
[TDSE] Runing TDSE-SH-linear. step 40600 energy = -0.49940140518892034 
     | block_size = 43 
[TDSE] Runing TDSE-SH-linear. step 40800 energy = -0.49945928033346493 
     | block_size = 43 
[TDSE] Runing TDSE-SH-linear. step 41000 energy = -0.4992723846035589 
     | block_size = 43 
[TDSE] Runing TDSE-SH-linear. step 41200 energy = -0.4989382515841413 
     | block_size = 43 
[TDSE] Runing TDSE-SH-linear. step 41400 energy = -0.4988070696433223 
     | block_size = 43 
[TDSE] Runing TDSE-SH-linear. step 41600 energy = -0.4988175051131482 
     | block_size = 44 
[TDSE] Runing TDSE-SH-linear. step 41800 energy = -0.4989677894534978 
     | block_size = 44 
[TDSE] Runing TDSE-SH-linear. step 42000 energy = -0.49911000140024475 
     | block_size = 44 
[TDSE] Runing TDSE-SH-linear. step 42200 energy = -0.4991696569536999 
     | block_size = 44 
[TDSE] Runing TDSE-SH-linear. step 42400 energy = -0.4992270741746122 
     | block_size = 44 
[TDSE] Runing TDSE-SH-linear. step 42600 energy = -0.49920816006615565 
     | block_size = 44 
[TDSE] Runing TDSE-SH-linear. step 42800 energy = -0.49920284976142093 
     | block_size = 44 
[TDSE] Runing TDSE-SH-linear. step 43000 energy = -0.4992052476584711 
     | block_size = 44 
[TDSE] Runing TDSE-SH-linear. step 43200 energy = -0.4991817577933648 
     | block_size = 44 
[TDSE] Runing TDSE-SH-linear. step 43400 energy = -0.49919966638353447 
     | block_size = 44 
[TDSE] Runing TDSE-SH-linear. step 43600 energy = -0.499176130870868 
     | block_size = 44 
[TDSE] Runing TDSE-SH-linear. step 43800 energy = -0.4991817733926177 
     | block_size = 44 
[TDSE] Runing TDSE-SH-linear. step 44000 energy = -0.49918002566831904 
     | block_size = 44 
[TDSE] Runing TDSE-SH-linear. step 44200 energy = -0.4991571742236171 
     | block_size = 44 
[TDSE] Runing TDSE-SH-linear. step 44400 energy = -0.4991819289652943 
     | block_size = 44 
[TDSE] Runing TDSE-SH-linear. step 44600 energy = -0.4991527148254423 
     | block_size = 44 
[TDSE] Runing TDSE-SH-linear. step 44800 energy = -0.4991556816783347 
     | block_size = 44 
[TDSE] Runing TDSE-SH-linear. step 45000 energy = -0.4991582182342244 
     | block_size = 44 
[TDSE] Runing TDSE-SH-linear. step 45200 energy = -0.49913930574279447 
     | block_size = 44 
[TDSE] Runing TDSE-SH-linear. step 45400 energy = -0.49915646501384414 
     | block_size = 45 
[TDSE] Runing TDSE-SH-linear. step 45600 energy = -0.4991252341660552 
     | block_size = 45 
[TDSE] Runing TDSE-SH-linear. step 45800 energy = -0.49913898428453096 
     | block_size = 45 
[TDSE] Runing TDSE-SH-linear. step 46000 energy = -0.4991361226015671 
     | block_size = 44 
[TDSE] Runing TDSE-SH-linear. step 46200 energy = -0.4991126011262158 
     | block_size = 45 
[TDSE] Runing TDSE-SH-linear. step 46400 energy = -0.4991352027829477 
     | block_size = 45 
[TDSE] Runing TDSE-SH-linear. step 46600 energy = -0.4991046106508184 
     | block_size = 45 
[TDSE] Runing TDSE-SH-linear. step 46800 energy = -0.4991160298372297 
     | block_size = 45 
[TDSE] Runing TDSE-SH-linear. step 47000 energy = -0.49911206553958476 
     | block_size = 45 
[TDSE] Runing TDSE-SH-linear. step 47200 energy = -0.4990935215414167 
     | block_size = 45 
[TDSE] Runing TDSE-SH-linear. step 47400 energy = -0.49911108349119576 
     | block_size = 45 
[TDSE] Runing TDSE-SH-linear. step 47600 energy = -0.4990784275849522 
     | block_size = 45 
[TDSE] Runing TDSE-SH-linear. step 47800 energy = -0.4990998950526653 
     | block_size = 45 
[TDSE] Runing TDSE-SH-linear. step 48000 energy = -0.49908997163143515 
     | block_size = 45 
[TDSE] Runing TDSE-SH-linear. step 48200 energy = -0.4990662373847448 
     | block_size = 45 
[TDSE] Runing TDSE-SH-linear. step 48400 energy = -0.4990901520889934 
     | block_size = 45 
[TDSE] Runing TDSE-SH-linear. step 48600 energy = -0.4990616969644076 
     | block_size = 45 
[TDSE] Runing TDSE-SH-linear. step 48800 energy = -0.4990780915946465 
     | block_size = 45 
[TDSE] Runing TDSE-SH-linear. step 49000 energy = -0.4990626179612921 
     | block_size = 45 
[TDSE] Runing TDSE-SH-linear. step 49200 energy = -0.4990482191843178 
     | block_size = 45 
[TDSE] Runing TDSE-SH-linear. step 49400 energy = -0.4990702114108226 
     | block_size = 45 
[TDSE] Runing TDSE-SH-linear. step 49600 energy = -0.4990350010540836 
     | block_size = 45 
[TDSE] Runing TDSE-SH-linear. step 49800 energy = -0.4990568418901636 
     | block_size = 45 
[TDSE] Runing TDSE-SH-linear. step 50000 energy = -0.49903890253963207 
     | block_size = 45 
[TDSE] Runing TDSE-SH-linear. step 50200 energy = -0.4990238813733014 
     | block_size = 45 
[TDSE] Runing TDSE-SH-linear. step 50400 energy = -0.49905040543447793 
     | block_size = 45 
[TDSE] Runing TDSE-SH-linear. step 50600 energy = -0.49901738500364606 
     | block_size = 46 
[TDSE] Runing TDSE-SH-linear. step 50800 energy = -0.4990325752499277 
     | block_size = 46 
[TDSE] Runing TDSE-SH-linear. step 51000 energy = -0.4990108836599718 
     | block_size = 46 
[TDSE] Runing TDSE-SH-linear. step 51200 energy = -0.4990102667815972 
     | block_size = 46 
[TDSE] Runing TDSE-SH-linear. step 51400 energy = -0.49903187086294665 
     | block_size = 46 
[TDSE] Runing TDSE-SH-linear. step 51600 energy = -0.49898474161205403 
     | block_size = 45 
[TDSE] Runing TDSE-SH-linear. step 51800 energy = -0.49900727479173523 
     | block_size = 45 
[TDSE] Runing TDSE-SH-linear. step 52000 energy = -0.49899225277505505 
     | block_size = 45 
[TDSE] Runing TDSE-SH-linear. step 52200 energy = -0.49898729480672943 
     | block_size = 46 
[TDSE] Runing TDSE-SH-linear. step 52400 energy = -0.49900022650301457 
     | block_size = 46 
[TDSE] Runing TDSE-SH-linear. step 52600 energy = -0.4989589273408538 
     | block_size = 46 
[TDSE] Runing TDSE-SH-linear. step 52800 energy = -0.498986600355854 
     | block_size = 46 
[TDSE] Runing TDSE-SH-linear. step 53000 energy = -0.49896580005681435 
     | block_size = 46 
