  Activating project at `~/JuliaProp_v0.1`
[ITP]: 10000.500151030976
[ITP]: 3.0490838964780664e-8
[ITP]: 7.575335692067142e-9
Energy of ground state: -0.5001510690415283
[TDSE] Runing TDSE-SH-linear. step 0 energy = -0.5001510690415288 
     | block_size = 3 
[TDSE] Runing TDSE-SH-linear. step 200 energy = -0.5001510690414543 
     | block_size = 3 
[TDSE] Runing TDSE-SH-linear. step 400 energy = -0.5001510690412488 
     | block_size = 3 
[TDSE] Runing TDSE-SH-linear. step 600 energy = -0.5001510690397578 
     | block_size = 3 
[TDSE] Runing TDSE-SH-linear. step 800 energy = -0.5001510690324179 
     | block_size = 3 
[TDSE] Runing TDSE-SH-linear. step 1000 energy = -0.5001510690076049 
     | block_size = 3 
[TDSE] Runing TDSE-SH-linear. step 1200 energy = -0.5001510689412489 
     | block_size = 3 
[TDSE] Runing TDSE-SH-linear. step 1400 energy = -0.5001510687905257 
     | block_size = 3 
[TDSE] Runing TDSE-SH-linear. step 1600 energy = -0.5001510684862789 
     | block_size = 3 
[TDSE] Runing TDSE-SH-linear. step 1800 energy = -0.5001510679235965 
     | block_size = 3 
[TDSE] Runing TDSE-SH-linear. step 2000 energy = -0.5001510669559299 
     | block_size = 3 
[TDSE] Runing TDSE-SH-linear. step 2200 energy = -0.500151065376192 
     | block_size = 3 
[TDSE] Runing TDSE-SH-linear. step 2400 energy = -0.5001510629227666 
     | block_size = 3 
[TDSE] Runing TDSE-SH-linear. step 2600 energy = -0.5001510592504599 
     | block_size = 3 
[TDSE] Runing TDSE-SH-linear. step 2800 energy = -0.5001510539289904 
     | block_size = 3 
[TDSE] Runing TDSE-SH-linear. step 3000 energy = -0.5001510464510552 
     | block_size = 4 
[TDSE] Runing TDSE-SH-linear. step 3200 energy = -0.5001510361630315 
     | block_size = 4 
[TDSE] Runing TDSE-SH-linear. step 3400 energy = -0.5001510223847384 
     | block_size = 4 
[TDSE] Runing TDSE-SH-linear. step 3600 energy = -0.5001510041850183 
     | block_size = 4 
[TDSE] Runing TDSE-SH-linear. step 3800 energy = -0.5001509806287696 
     | block_size = 4 
[TDSE] Runing TDSE-SH-linear. step 4000 energy = -0.500150950702748 
     | block_size = 4 
[TDSE] Runing TDSE-SH-linear. step 4200 energy = -0.5001509129203208 
     | block_size = 4 
[TDSE] Runing TDSE-SH-linear. step 4400 energy = -0.5001508662154269 
     | block_size = 4 
[TDSE] Runing TDSE-SH-linear. step 4600 energy = -0.5001508089140386 
     | block_size = 4 
[TDSE] Runing TDSE-SH-linear. step 4800 energy = -0.5001507394725022 
     | block_size = 4 
[TDSE] Runing TDSE-SH-linear. step 5000 energy = -0.5001506561911917 
     | block_size = 4 
[TDSE] Runing TDSE-SH-linear. step 5200 energy = -0.5001505568516057 
     | block_size = 4 
[TDSE] Runing TDSE-SH-linear. step 5400 energy = -0.5001504406287092 
     | block_size = 4 
[TDSE] Runing TDSE-SH-linear. step 5600 energy = -0.5001503040260779 
     | block_size = 4 
[TDSE] Runing TDSE-SH-linear. step 5800 energy = -0.5001501456409906 
     | block_size = 4 
[TDSE] Runing TDSE-SH-linear. step 6000 energy = -0.5001499642892446 
     | block_size = 4 
[TDSE] Runing TDSE-SH-linear. step 6200 energy = -0.5001497558906994 
     | block_size = 4 
[TDSE] Runing TDSE-SH-linear. step 6400 energy = -0.500149520152271 
     | block_size = 4 
[TDSE] Runing TDSE-SH-linear. step 6600 energy = -0.5001492530149205 
     | block_size = 4 
[TDSE] Runing TDSE-SH-linear. step 6800 energy = -0.5001489546402603 
     | block_size = 4 
[TDSE] Runing TDSE-SH-linear. step 7000 energy = -0.5001486219940352 
     | block_size = 4 
[TDSE] Runing TDSE-SH-linear. step 7200 energy = -0.5001482501927281 
     | block_size = 4 
[TDSE] Runing TDSE-SH-linear. step 7400 energy = -0.50014784414493 
     | block_size = 4 
[TDSE] Runing TDSE-SH-linear. step 7600 energy = -0.5001473952248956 
     | block_size = 5 
[TDSE] Runing TDSE-SH-linear. step 7800 energy = -0.5001469053449448 
     | block_size = 5 
[TDSE] Runing TDSE-SH-linear. step 8000 energy = -0.5001463742464366 
     | block_size = 5 
[TDSE] Runing TDSE-SH-linear. step 8200 energy = -0.5001457956031563 
     | block_size = 5 
[TDSE] Runing TDSE-SH-linear. step 8400 energy = -0.5001451769738174 
     | block_size = 5 
[TDSE] Runing TDSE-SH-linear. step 8600 energy = -0.5001445076992741 
     | block_size = 5 
[TDSE] Runing TDSE-SH-linear. step 8800 energy = -0.5001437965657004 
     | block_size = 5 
[TDSE] Runing TDSE-SH-linear. step 9000 energy = -0.5001430385640243 
     | block_size = 5 
[TDSE] Runing TDSE-SH-linear. step 9200 energy = -0.5001422287956714 
     | block_size = 5 
[TDSE] Runing TDSE-SH-linear. step 9400 energy = -0.50014138689192 
     | block_size = 5 
[TDSE] Runing TDSE-SH-linear. step 9600 energy = -0.5001404884976985 
     | block_size = 6 
[TDSE] Runing TDSE-SH-linear. step 9800 energy = -0.5001395487998144 
     | block_size = 6 
[TDSE] Runing TDSE-SH-linear. step 10000 energy = -0.5001385730633688 
     | block_size = 6 
[TDSE] Runing TDSE-SH-linear. step 10200 energy = -0.5001373289220951 
     | block_size = 6 
[TDSE] Runing TDSE-SH-linear. step 10400 energy = -0.5001346306641165 
     | block_size = 6 
[TDSE] Runing TDSE-SH-linear. step 10600 energy = -0.5001324312177557 
     | block_size = 6 
[TDSE] Runing TDSE-SH-linear. step 10800 energy = -0.5001367391464474 
     | block_size = 6 
[TDSE] Runing TDSE-SH-linear. step 11000 energy = -0.5001480374698504 
     | block_size = 6 
[TDSE] Runing TDSE-SH-linear. step 11200 energy = -0.5001445569651399 
     | block_size = 6 
[TDSE] Runing TDSE-SH-linear. step 11400 energy = -0.5001005143817544 
     | block_size = 6 
[TDSE] Runing TDSE-SH-linear. step 11600 energy = -0.5000479572916353 
     | block_size = 6 
[TDSE] Runing TDSE-SH-linear. step 11800 energy = -0.5000737435166137 
     | block_size = 6 
[TDSE] Runing TDSE-SH-linear. step 12000 energy = -0.5001445193394064 
     | block_size = 5 
[TDSE] Runing TDSE-SH-linear. step 12200 energy = -0.49995687707442843 
     | block_size = 6 
[TDSE] Runing TDSE-SH-linear. step 12400 energy = -0.4991960063152877 
     | block_size = 6 
[TDSE] Runing TDSE-SH-linear. step 12600 energy = -0.49813799269577297 
     | block_size = 7 
[TDSE] Runing TDSE-SH-linear. step 12800 energy = -0.497756880166115 
     | block_size = 8 
[TDSE] Runing TDSE-SH-linear. step 13000 energy = -0.49868322002548954 
     | block_size = 9 
[TDSE] Runing TDSE-SH-linear. step 13200 energy = -0.49995905894559367 
     | block_size = 10 
[TDSE] Runing TDSE-SH-linear. step 13400 energy = -0.49952947659802716 
     | block_size = 10 
[TDSE] Runing TDSE-SH-linear. step 13600 energy = -0.4967615472719954 
     | block_size = 9 
[TDSE] Runing TDSE-SH-linear. step 13800 energy = -0.49413927036905964 
     | block_size = 8 
[TDSE] Runing TDSE-SH-linear. step 14000 energy = -0.49495274601280514 
     | block_size = 8 
[TDSE] Runing TDSE-SH-linear. step 14200 energy = -0.49862615661259674 
     | block_size = 9 
[TDSE] Runing TDSE-SH-linear. step 14400 energy = -0.49961543104151024 
     | block_size = 9 
[TDSE] Runing TDSE-SH-linear. step 14600 energy = -0.4933046649819174 
     | block_size = 8 
[TDSE] Runing TDSE-SH-linear. step 14800 energy = -0.48319406667880416 
     | block_size = 10 
[TDSE] Runing TDSE-SH-linear. step 15000 energy = -0.47936240257699525 
     | block_size = 11 
[TDSE] Runing TDSE-SH-linear. step 15200 energy = -0.4870761859168319 
     | block_size = 13 
[TDSE] Runing TDSE-SH-linear. step 15400 energy = -0.4979985892707327 
     | block_size = 14 
[TDSE] Runing TDSE-SH-linear. step 15600 energy = -0.4971276576331223 
     | block_size = 14 
[TDSE] Runing TDSE-SH-linear. step 15800 energy = -0.48097887439274445 
     | block_size = 12 
[TDSE] Runing TDSE-SH-linear. step 16000 energy = -0.4653237112616542 
     | block_size = 12 
[TDSE] Runing TDSE-SH-linear. step 16200 energy = -0.468965344966925 
     | block_size = 13 
[TDSE] Runing TDSE-SH-linear. step 16400 energy = -0.4890509081734552 
     | block_size = 15 
[TDSE] Runing TDSE-SH-linear. step 16600 energy = -0.49908537050138063 
     | block_size = 15 
[TDSE] Runing TDSE-SH-linear. step 16800 energy = -0.4781585762600112 
     | block_size = 14 
[TDSE] Runing TDSE-SH-linear. step 17000 energy = -0.4403540954368976 
     | block_size = 14 
[TDSE] Runing TDSE-SH-linear. step 17200 energy = -0.4249113139120664 
     | block_size = 16 
[TDSE] Runing TDSE-SH-linear. step 17400 energy = -0.45136087299058014 
     | block_size = 19 
[TDSE] Runing TDSE-SH-linear. step 17600 energy = -0.49069892591648356 
     | block_size = 20 
[TDSE] Runing TDSE-SH-linear. step 17800 energy = -0.49289054626686984 
     | block_size = 20 
[TDSE] Runing TDSE-SH-linear. step 18000 energy = -0.4463307418804589 
     | block_size = 19 
[TDSE] Runing TDSE-SH-linear. step 18200 energy = -0.3993819068166972 
     | block_size = 17 
[TDSE] Runing TDSE-SH-linear. step 18400 energy = -0.4072514499475565 
     | block_size = 21 
[TDSE] Runing TDSE-SH-linear. step 18600 energy = -0.46382967597875924 
     | block_size = 24 
[TDSE] Runing TDSE-SH-linear. step 18800 energy = -0.49794112667690127 
     | block_size = 25 
[TDSE] Runing TDSE-SH-linear. step 19000 energy = -0.45390336224916855 
     | block_size = 24 
[TDSE] Runing TDSE-SH-linear. step 19200 energy = -0.3652171155705224 
     | block_size = 20 
[TDSE] Runing TDSE-SH-linear. step 19400 energy = -0.32625513076995016 
     | block_size = 23 
[TDSE] Runing TDSE-SH-linear. step 19600 energy = -0.38377393949604116 
     | block_size = 28 
[TDSE] Runing TDSE-SH-linear. step 19800 energy = -0.47442910711506525 
     | block_size = 32 
[TDSE] Runing TDSE-SH-linear. step 20000 energy = -0.4881394395580056 
     | block_size = 33 
[TDSE] Runing TDSE-SH-linear. step 20200 energy = -0.3966921828662402 
     | block_size = 30 
[TDSE] Runing TDSE-SH-linear. step 20400 energy = -0.30092133300818036 
     | block_size = 24 
[TDSE] Runing TDSE-SH-linear. step 20600 energy = -0.3110814498701027 
     | block_size = 29 
[TDSE] Runing TDSE-SH-linear. step 20800 energy = -0.4216256404856979 
     | block_size = 35 
[TDSE] Runing TDSE-SH-linear. step 21000 energy = -0.49527586159553577 
     | block_size = 38 
[TDSE] Runing TDSE-SH-linear. step 21200 energy = -0.42672430534632944 
     | block_size = 36 
[TDSE] Runing TDSE-SH-linear. step 21400 energy = -0.2717547129188164 
     | block_size = 30 
[TDSE] Runing TDSE-SH-linear. step 21600 energy = -0.20073775465232602 
     | block_size = 31 
[TDSE] Runing TDSE-SH-linear. step 21800 energy = -0.29192250529348296 
     | block_size = 40 
[TDSE] Runing TDSE-SH-linear. step 22000 energy = -0.44876962985868907 
     | block_size = 46 
[TDSE] Runing TDSE-SH-linear. step 22200 energy = -0.48432773442914473 
     | block_size = 47 
[TDSE] Runing TDSE-SH-linear. step 22400 energy = -0.3462472218601558 
     | block_size = 43 
[TDSE] Runing TDSE-SH-linear. step 22600 energy = -0.1960402521713293 
     | block_size = 34 
[TDSE] Runing TDSE-SH-linear. step 22800 energy = -0.2047573297621144 
     | block_size = 38 
[TDSE] Runing TDSE-SH-linear. step 23000 energy = -0.37080475486004244 
     | block_size = 47 
[TDSE] Runing TDSE-SH-linear. step 23200 energy = -0.48996779032739984 
     | block_size = 50 
[TDSE] Runing TDSE-SH-linear. step 23400 energy = -0.40575456880546223 
     | block_size = 50 
[TDSE] Runing TDSE-SH-linear. step 23600 energy = -0.1877019490489258 
     | block_size = 42 
[TDSE] Runing TDSE-SH-linear. step 23800 energy = -0.08538664937712914 
     | block_size = 40 
[TDSE] Runing TDSE-SH-linear. step 24000 energy = -0.19939007659971342 
     | block_size = 50 
[TDSE] Runing TDSE-SH-linear. step 24200 energy = -0.41843184463987865 
     | block_size = 50 
[TDSE] Runing TDSE-SH-linear. step 24400 energy = -0.4810244468564857 
     | block_size = 50 
[TDSE] Runing TDSE-SH-linear. step 24600 energy = -0.3143993925255995 
     | block_size = 50 
[TDSE] Runing TDSE-SH-linear. step 24800 energy = -0.12142355322129188 
     | block_size = 48 
[TDSE] Runing TDSE-SH-linear. step 25000 energy = -0.12624294237703537 
     | block_size = 48 
[TDSE] Runing TDSE-SH-linear. step 25200 energy = -0.3259358983910407 
     | block_size = 50 
[TDSE] Runing TDSE-SH-linear. step 25400 energy = -0.4811704081938577 
     | block_size = 50 
[TDSE] Runing TDSE-SH-linear. step 25600 energy = -0.3986838317240614 
     | block_size = 50 
[TDSE] Runing TDSE-SH-linear. step 25800 energy = -0.1485166312158623 
     | block_size = 50 
[TDSE] Runing TDSE-SH-linear. step 26000 energy = -0.02382475095782036 
     | block_size = 47 
[TDSE] Runing TDSE-SH-linear. step 26200 energy = -0.14074050058998627 
     | block_size = 50 
[TDSE] Runing TDSE-SH-linear. step 26400 energy = -0.39225320082951504 
     | block_size = 50 
[TDSE] Runing TDSE-SH-linear. step 26600 energy = -0.47784452873214767 
     | block_size = 50 
[TDSE] Runing TDSE-SH-linear. step 26800 energy = -0.31579403578807735 
     | block_size = 50 
[TDSE] Runing TDSE-SH-linear. step 27000 energy = -0.11210564281763381 
     | block_size = 50 
[TDSE] Runing TDSE-SH-linear. step 27200 energy = -0.10698481462212153 
     | block_size = 50 
[TDSE] Runing TDSE-SH-linear. step 27400 energy = -0.305970015508556 
     | block_size = 50 
[TDSE] Runing TDSE-SH-linear. step 27600 energy = -0.4714281140579048 
     | block_size = 50 
[TDSE] Runing TDSE-SH-linear. step 27800 energy = -0.40200426701096176 
     | block_size = 50 
[TDSE] Runing TDSE-SH-linear. step 28000 energy = -0.16177258049243765 
     | block_size = 50 
[TDSE] Runing TDSE-SH-linear. step 28200 energy = -0.0376808301009634 
     | block_size = 50 
[TDSE] Runing TDSE-SH-linear. step 28400 energy = -0.13900008757111362 
     | block_size = 50 
[TDSE] Runing TDSE-SH-linear. step 28600 energy = -0.37827562482275606 
     | block_size = 50 
[TDSE] Runing TDSE-SH-linear. step 28800 energy = -0.4761775097924416 
     | block_size = 50 
[TDSE] Runing TDSE-SH-linear. step 29000 energy = -0.34713581005005173 
     | block_size = 50 
[TDSE] Runing TDSE-SH-linear. step 29200 energy = -0.16409156886475162 
     | block_size = 50 
[TDSE] Runing TDSE-SH-linear. step 29400 energy = -0.15585089860075063 
     | block_size = 50 
[TDSE] Runing TDSE-SH-linear. step 29600 energy = -0.32220944051206124 
     | block_size = 50 
[TDSE] Runing TDSE-SH-linear. step 29800 energy = -0.46489484531453334 
     | block_size = 50 
[TDSE] Runing TDSE-SH-linear. step 30000 energy = -0.4205528813110452 
     | block_size = 50 
[TDSE] Runing TDSE-SH-linear. step 30200 energy = -0.23264985379831435 
     | block_size = 50 
[TDSE] Runing TDSE-SH-linear. step 30400 energy = -0.1210879945973598 
     | block_size = 50 
[TDSE] Runing TDSE-SH-linear. step 30600 energy = -0.20321356383050357 
     | block_size = 50 
[TDSE] Runing TDSE-SH-linear. step 30800 energy = -0.3899580298055814 
     | block_size = 50 
[TDSE] Runing TDSE-SH-linear. step 31000 energy = -0.4759275718026743 
     | block_size = 50 
[TDSE] Runing TDSE-SH-linear. step 31200 energy = -0.3928074334412573 
     | block_size = 50 
[TDSE] Runing TDSE-SH-linear. step 31400 energy = -0.26707422961483135 
     | block_size = 50 
[TDSE] Runing TDSE-SH-linear. step 31600 energy = -0.24656575375720313 
     | block_size = 50 
[TDSE] Runing TDSE-SH-linear. step 31800 energy = -0.3655178942699912 
     | block_size = 50 
[TDSE] Runing TDSE-SH-linear. step 32000 energy = -0.46721822710908734 
     | block_size = 50 
[TDSE] Runing TDSE-SH-linear. step 32200 energy = -0.44221361173450824 
     | block_size = 50 
[TDSE] Runing TDSE-SH-linear. step 32400 energy = -0.3186646044013098 
     | block_size = 50 
[TDSE] Runing TDSE-SH-linear. step 32600 energy = -0.2337705435385438 
     | block_size = 50 
[TDSE] Runing TDSE-SH-linear. step 32800 energy = -0.28615848729972193 
     | block_size = 50 
[TDSE] Runing TDSE-SH-linear. step 33000 energy = -0.4094594793982167 
     | block_size = 50 
[TDSE] Runing TDSE-SH-linear. step 33200 energy = -0.4772538586801784 
     | block_size = 50 
[TDSE] Runing TDSE-SH-linear. step 33400 energy = -0.4388323035242552 
     | block_size = 50 
[TDSE] Runing TDSE-SH-linear. step 33600 energy = -0.3622675650646537 
     | block_size = 50 
[TDSE] Runing TDSE-SH-linear. step 33800 energy = -0.351768424151725 
     | block_size = 50 
[TDSE] Runing TDSE-SH-linear. step 34000 energy = -0.4126475667224352 
     | block_size = 50 
[TDSE] Runing TDSE-SH-linear. step 34200 energy = -0.4731291238578496 
     | block_size = 50 
[TDSE] Runing TDSE-SH-linear. step 34400 energy = -0.46107889940204244 
     | block_size = 50 
[TDSE] Runing TDSE-SH-linear. step 34600 energy = -0.39489751798599604 
     | block_size = 50 
[TDSE] Runing TDSE-SH-linear. step 34800 energy = -0.34925177832929943 
     | block_size = 50 
[TDSE] Runing TDSE-SH-linear. step 35000 energy = -0.37635129484490226 
     | block_size = 50 
[TDSE] Runing TDSE-SH-linear. step 35200 energy = -0.43865499083247356 
     | block_size = 50 
[TDSE] Runing TDSE-SH-linear. step 35400 energy = -0.4777809268665488 
     | block_size = 50 
[TDSE] Runing TDSE-SH-linear. step 35600 energy = -0.4660021009984155 
     | block_size = 50 
[TDSE] Runing TDSE-SH-linear. step 35800 energy = -0.43731791953468035 
     | block_size = 50 
[TDSE] Runing TDSE-SH-linear. step 36000 energy = -0.4288407231951478 
     | block_size = 50 
[TDSE] Runing TDSE-SH-linear. step 36200 energy = -0.45584659162508867 
     | block_size = 50 
[TDSE] Runing TDSE-SH-linear. step 36400 energy = -0.47798873166272476 
     | block_size = 50 
[TDSE] Runing TDSE-SH-linear. step 36600 energy = -0.4730649687242912 
     | block_size = 50 
[TDSE] Runing TDSE-SH-linear. step 36800 energy = -0.446037262317142 
     | block_size = 50 
[TDSE] Runing TDSE-SH-linear. step 37000 energy = -0.4285354761506728 
     | block_size = 50 
[TDSE] Runing TDSE-SH-linear. step 37200 energy = -0.43634647318604064 
     | block_size = 50 
[TDSE] Runing TDSE-SH-linear. step 37400 energy = -0.4611414411053657 
     | block_size = 50 
[TDSE] Runing TDSE-SH-linear. step 37600 energy = -0.4780188885835464 
     | block_size = 50 
[TDSE] Runing TDSE-SH-linear. step 37800 energy = -0.4796201710335131 
     | block_size = 50 
[TDSE] Runing TDSE-SH-linear. step 38000 energy = -0.4726086074991478 
     | block_size = 50 
[TDSE] Runing TDSE-SH-linear. step 38200 energy = -0.47171075966833315 
     | block_size = 50 
[TDSE] Runing TDSE-SH-linear. step 38400 energy = -0.47608467130042154 
     | block_size = 50 
[TDSE] Runing TDSE-SH-linear. step 38600 energy = -0.48054741846290905 
     | block_size = 50 
[TDSE] Runing TDSE-SH-linear. step 38800 energy = -0.47792141628684603 
     | block_size = 50 
[TDSE] Runing TDSE-SH-linear. step 39000 energy = -0.4709687102219034 
     | block_size = 50 
[TDSE] Runing TDSE-SH-linear. step 39200 energy = -0.46715436380813424 
     | block_size = 50 
[TDSE] Runing TDSE-SH-linear. step 39400 energy = -0.4684089168209526 
     | block_size = 50 
[TDSE] Runing TDSE-SH-linear. step 39600 energy = -0.4728511300578443 
     | block_size = 50 
[TDSE] Runing TDSE-SH-linear. step 39800 energy = -0.47873968572544934 
     | block_size = 50 
[TDSE] Runing TDSE-SH-linear. step 40000 energy = -0.4805849377254141 
     | block_size = 50 
[TDSE] Runing TDSE-SH-linear. step 40200 energy = -0.48090611309088316 
     | block_size = 50 
[TDSE] Runing TDSE-SH-linear. step 40400 energy = -0.4808189292099426 
     | block_size = 50 
[TDSE] Runing TDSE-SH-linear. step 40600 energy = -0.4808871940861159 
     | block_size = 50 
[TDSE] Runing TDSE-SH-linear. step 40800 energy = -0.4804965524137291 
     | block_size = 50 
[TDSE] Runing TDSE-SH-linear. step 41000 energy = -0.47987320810375517 
     | block_size = 50 
[TDSE] Runing TDSE-SH-linear. step 41200 energy = -0.47840765576026706 
     | block_size = 50 
[TDSE] Runing TDSE-SH-linear. step 41400 energy = -0.4785979402641139 
     | block_size = 50 
[TDSE] Runing TDSE-SH-linear. step 41600 energy = -0.4779593278012712 
     | block_size = 50 
[TDSE] Runing TDSE-SH-linear. step 41800 energy = -0.47908776545789933 
     | block_size = 50 
[TDSE] Runing TDSE-SH-linear. step 42000 energy = -0.47949535249978653 
     | block_size = 50 
[TDSE] Runing TDSE-SH-linear. step 42200 energy = -0.47909230752219245 
     | block_size = 50 
[TDSE] Runing TDSE-SH-linear. step 42400 energy = -0.47996374761565885 
     | block_size = 50 
[TDSE] Runing TDSE-SH-linear. step 42600 energy = -0.4796276654261666 
     | block_size = 50 
[TDSE] Runing TDSE-SH-linear. step 42800 energy = -0.4798653992293256 
     | block_size = 50 
[TDSE] Runing TDSE-SH-linear. step 43000 energy = -0.47970816128190563 
     | block_size = 50 
[TDSE] Runing TDSE-SH-linear. step 43200 energy = -0.4795115771577298 
     | block_size = 50 
[TDSE] Runing TDSE-SH-linear. step 43400 energy = -0.4803244102892533 
     | block_size = 50 
[TDSE] Runing TDSE-SH-linear. step 43600 energy = -0.47956582824252597 
     | block_size = 50 
[TDSE] Runing TDSE-SH-linear. step 43800 energy = -0.47992737884064174 
     | block_size = 50 
[TDSE] Runing TDSE-SH-linear. step 44000 energy = -0.48005412714323675 
     | block_size = 50 
[TDSE] Runing TDSE-SH-linear. step 44200 energy = -0.47979017388958356 
     | block_size = 50 
[TDSE] Runing TDSE-SH-linear. step 44400 energy = -0.4803722531977608 
     | block_size = 50 
[TDSE] Runing TDSE-SH-linear. step 44600 energy = -0.47976866510924127 
     | block_size = 50 
[TDSE] Runing TDSE-SH-linear. step 44800 energy = -0.48029401811944017 
     | block_size = 50 
[TDSE] Runing TDSE-SH-linear. step 45000 energy = -0.4802231294702581 
     | block_size = 50 
[TDSE] Runing TDSE-SH-linear. step 45200 energy = -0.48002581998526195 
     | block_size = 50 
[TDSE] Runing TDSE-SH-linear. step 45400 energy = -0.4806514985535849 
     | block_size = 50 
[TDSE] Runing TDSE-SH-linear. step 45600 energy = -0.47995673737241934 
     | block_size = 50 
[TDSE] Runing TDSE-SH-linear. step 45800 energy = -0.4805785338181208 
     | block_size = 50 
[TDSE] Runing TDSE-SH-linear. step 46000 energy = -0.4805440162406054 
     | block_size = 50 
[TDSE] Runing TDSE-SH-linear. step 46200 energy = -0.48025800390771156 
     | block_size = 50 
[TDSE] Runing TDSE-SH-linear. step 46400 energy = -0.4808055511225659 
     | block_size = 50 
[TDSE] Runing TDSE-SH-linear. step 46600 energy = -0.48031720766386715 
     | block_size = 50 
[TDSE] Runing TDSE-SH-linear. step 46800 energy = -0.4809332273013722 
     | block_size = 50 
[TDSE] Runing TDSE-SH-linear. step 47000 energy = -0.4806134830860239 
     | block_size = 50 
[TDSE] Runing TDSE-SH-linear. step 47200 energy = -0.48056233230970974 
     | block_size = 50 
[TDSE] Runing TDSE-SH-linear. step 47400 energy = -0.4812579757614681 
     | block_size = 50 
[TDSE] Runing TDSE-SH-linear. step 47600 energy = -0.4804832907944581 
     | block_size = 50 
[TDSE] Runing TDSE-SH-linear. step 47800 energy = -0.4810200780409102 
     | block_size = 50 
[TDSE] Runing TDSE-SH-linear. step 48000 energy = -0.48094169621608673 
     | block_size = 50 
[TDSE] Runing TDSE-SH-linear. step 48200 energy = -0.48091191976977626 
     | block_size = 50 
[TDSE] Runing TDSE-SH-linear. step 48400 energy = -0.4812694681880595 
     | block_size = 50 
[TDSE] Runing TDSE-SH-linear. step 48600 energy = -0.4807012972041241 
     | block_size = 50 
[TDSE] Runing TDSE-SH-linear. step 48800 energy = -0.4815408046917017 
     | block_size = 50 
[TDSE] Runing TDSE-SH-linear. step 49000 energy = -0.4811331513347046 
     | block_size = 50 
[TDSE] Runing TDSE-SH-linear. step 49200 energy = -0.4809895750249408 
     | block_size = 50 
[TDSE] Runing TDSE-SH-linear. step 49400 energy = -0.48155459914116994 
     | block_size = 50 
[TDSE] Runing TDSE-SH-linear. step 49600 energy = -0.48098793518255173 
     | block_size = 50 
[TDSE] Runing TDSE-SH-linear. step 49800 energy = -0.4815788021360346 
     | block_size = 50 
[TDSE] Runing TDSE-SH-linear. step 50000 energy = -0.4812199698544803 
     | block_size = 50 
[TDSE] Runing TDSE-SH-linear. step 50200 energy = -0.48135427314325663 
     | block_size = 50 
[TDSE] Runing TDSE-SH-linear. step 50400 energy = -0.4817573366498655 
     | block_size = 50 
[TDSE] Runing TDSE-SH-linear. step 50600 energy = -0.4811676248753821 
     | block_size = 50 
[TDSE] Runing TDSE-SH-linear. step 50800 energy = -0.4819175961744468 
     | block_size = 50 
[TDSE] Runing TDSE-SH-linear. step 51000 energy = -0.4814438653091445 
     | block_size = 50 
[TDSE] Runing TDSE-SH-linear. step 51200 energy = -0.4815408852778365 
     | block_size = 50 
[TDSE] Runing TDSE-SH-linear. step 51400 energy = -0.4819705499124874 
     | block_size = 50 
[TDSE] Runing TDSE-SH-linear. step 51600 energy = -0.4813324173118108 
     | block_size = 50 
[TDSE] Runing TDSE-SH-linear. step 51800 energy = -0.48193451482970706 
     | block_size = 50 
[TDSE] Runing TDSE-SH-linear. step 52000 energy = -0.481555224120202 
     | block_size = 50 
[TDSE] Runing TDSE-SH-linear. step 52200 energy = -0.48179356068143514 
     | block_size = 50 
[TDSE] Runing TDSE-SH-linear. step 52400 energy = -0.4819247311611849 
     | block_size = 50 
[TDSE] Runing TDSE-SH-linear. step 52600 energy = -0.4813679211435541 
     | block_size = 50 
[TDSE] Runing TDSE-SH-linear. step 52800 energy = -0.4823001327853785 
     | block_size = 50 
[TDSE] Runing TDSE-SH-linear. step 53000 energy = -0.48175419852815926 
     | block_size = 50 
