  Activating project at `~/JuliaProp_v0.1`
[ITP]: 10000.471108571397
[ITP]: 0.022107823405609905
[ITP]: 0.004976805475414736
[ITP]: 0.0021058954092971205
[ITP]: 0.001084104546129061
[ITP]: 0.0006160870179273692
[ITP]: 0.0003714642087823128
[ITP]: 0.00023286611963801995
[ITP]: 0.0001500123428329614
[ITP]: 9.857967926441003e-5
[ITP]: 6.57601184761436e-5
[ITP]: 4.43786526744816e-5
[ITP]: 3.022437766897479e-5
[ITP]: 2.0735965556739622e-5
[ITP]: 1.4311264988853267e-5
[ITP]: 9.92563006574354e-6
[ITP]: 6.9119921211058255e-6
[ITP]: 4.82976755122877e-6
[ITP]: 3.384510666504248e-6
[ITP]: 2.3775199649023193e-6
[ITP]: 1.6736194445865493e-6
[ITP]: 1.1802274751948616e-6
[ITP]: 8.335748883370186e-7
[ITP]: 5.895273362810372e-7
[ITP]: 4.174150680658073e-7
[ITP]: 2.958509506267859e-7
[ITP]: 2.098764437796774e-7
[ITP]: 1.4900242706339384e-7
[ITP]: 1.0585745457980522e-7
[ITP]: 7.525113565609587e-8
[ITP]: 5.352267851144177e-8
[ITP]: 3.808635307134267e-8
[ITP]: 2.7113442158110956e-8
[ITP]: 1.9309163601377577e-8
[ITP]: 1.3755872219078924e-8
[ITP]: 9.802639699962867e-9
Energy of ground state: -0.5030607411950042
[TDSE] Start TDSE-SH for elliptical polarized laser. It may cost a plenty of time.
[TDSE] Running TDSE-SH-elliptical. step 0, energy = -0.5030607411950033
  |->  par_lens = 1, 1, 1
[TDSE] Running TDSE-SH-elliptical. step 200, energy = -0.5030607411948621
  |->  par_lens = 1, 1, 1
[TDSE] Running TDSE-SH-elliptical. step 400, energy = -0.5030607411947172
  |->  par_lens = 1, 1, 2
[TDSE] Running TDSE-SH-elliptical. step 600, energy = -0.5030607411944764
  |->  par_lens = 1, 1, 2
[TDSE] Running TDSE-SH-elliptical. step 800, energy = -0.5030607411939122
  |->  par_lens = 1, 1, 2
[TDSE] Running TDSE-SH-elliptical. step 1000, energy = -0.5030607411922318
  |->  par_lens = 1, 1, 2
[TDSE] Running TDSE-SH-elliptical. step 1200, energy = -0.5030607411880177
  |->  par_lens = 1, 1, 2
[TDSE] Running TDSE-SH-elliptical. step 1400, energy = -0.5030607411784208
  |->  par_lens = 1, 1, 2
[TDSE] Running TDSE-SH-elliptical. step 1600, energy = -0.5030607411593959
  |->  par_lens = 1, 1, 2
[TDSE] Running TDSE-SH-elliptical. step 1800, energy = -0.503060741124043
  |->  par_lens = 1, 1, 2
[TDSE] Running TDSE-SH-elliptical. step 2000, energy = -0.5030607410636224
  |->  par_lens = 1, 1, 2
[TDSE] Running TDSE-SH-elliptical. step 2200, energy = -0.5030607409647122
  |->  par_lens = 1, 1, 2
[TDSE] Running TDSE-SH-elliptical. step 2400, energy = -0.503060740811582
  |->  par_lens = 1, 1, 2
[TDSE] Running TDSE-SH-elliptical. step 2600, energy = -0.5030607405815894
  |->  par_lens = 1, 1, 2
[TDSE] Running TDSE-SH-elliptical. step 2800, energy = -0.5030607402498793
  |->  par_lens = 1, 1, 2
[TDSE] Running TDSE-SH-elliptical. step 3000, energy = -0.5030607397809052
  |->  par_lens = 1, 1, 2
[TDSE] Running TDSE-SH-elliptical. step 3200, energy = -0.5030607391405402
  |->  par_lens = 1, 1, 2
[TDSE] Running TDSE-SH-elliptical. step 3400, energy = -0.5030607382755158
  |->  par_lens = 1, 1, 2
[TDSE] Running TDSE-SH-elliptical. step 3600, energy = -0.5030607371416844
  |->  par_lens = 1, 1, 2
[TDSE] Running TDSE-SH-elliptical. step 3800, energy = -0.5030607356669744
  |->  par_lens = 1, 1, 2
[TDSE] Running TDSE-SH-elliptical. step 4000, energy = -0.5030607337967744
  |->  par_lens = 1, 1, 2
[TDSE] Running TDSE-SH-elliptical. step 4200, energy = -0.5030607314323374
  |->  par_lens = 1, 1, 2
[TDSE] Running TDSE-SH-elliptical. step 4400, energy = -0.5030607285189619
  |->  par_lens = 1, 1, 2
[TDSE] Running TDSE-SH-elliptical. step 4600, energy = -0.5030607249285666
  |->  par_lens = 1, 1, 2
[TDSE] Running TDSE-SH-elliptical. step 4800, energy = -0.5030607205916634
  |->  par_lens = 1, 1, 2
[TDSE] Running TDSE-SH-elliptical. step 5000, energy = -0.5030607153761038
  |->  par_lens = 1, 1, 2
[TDSE] Running TDSE-SH-elliptical. step 5200, energy = -0.503060709189023
  |->  par_lens = 1, 2, 2
[TDSE] Running TDSE-SH-elliptical. step 5400, energy = -0.5030607018853721
  |->  par_lens = 2, 2, 2
[TDSE] Running TDSE-SH-elliptical. step 5600, energy = -0.5030606933605094
  |->  par_lens = 2, 2, 2
[TDSE] Running TDSE-SH-elliptical. step 5800, energy = -0.5030606834830383
  |->  par_lens = 2, 2, 2
[TDSE] Running TDSE-SH-elliptical. step 6000, energy = -0.5030606720839417
  |->  par_lens = 2, 2, 2
[TDSE] Running TDSE-SH-elliptical. step 6200, energy = -0.5030606591142615
  |->  par_lens = 2, 2, 2
[TDSE] Running TDSE-SH-elliptical. step 6400, energy = -0.503060644303564
  |->  par_lens = 2, 2, 2
[TDSE] Running TDSE-SH-elliptical. step 6600, energy = -0.5030606276812669
  |->  par_lens = 2, 2, 2
[TDSE] Running TDSE-SH-elliptical. step 6800, energy = -0.5030606089496645
  |->  par_lens = 2, 2, 2
[TDSE] Running TDSE-SH-elliptical. step 7000, energy = -0.5030605881614314
  |->  par_lens = 2, 2, 2
[TDSE] Running TDSE-SH-elliptical. step 7200, energy = -0.5030605649329828
  |->  par_lens = 2, 2, 2
[TDSE] Running TDSE-SH-elliptical. step 7400, energy = -0.5030605395301413
  |->  par_lens = 2, 2, 2
[TDSE] Running TDSE-SH-elliptical. step 7600, energy = -0.5030605114231114
  |->  par_lens = 2, 2, 2
[TDSE] Running TDSE-SH-elliptical. step 7800, energy = -0.5030604808425153
  |->  par_lens = 2, 2, 2
[TDSE] Running TDSE-SH-elliptical. step 8000, energy = -0.5030604475029778
  |->  par_lens = 2, 2, 2
[TDSE] Running TDSE-SH-elliptical. step 8200, energy = -0.5030604115267439
  |->  par_lens = 2, 2, 2
[TDSE] Running TDSE-SH-elliptical. step 8400, energy = -0.5030603725878635
  |->  par_lens = 2, 2, 2
[TDSE] Running TDSE-SH-elliptical. step 8600, energy = -0.5030603309031582
  |->  par_lens = 2, 2, 2
[TDSE] Running TDSE-SH-elliptical. step 8800, energy = -0.5030602863520618
  |->  par_lens = 2, 2, 2
[TDSE] Running TDSE-SH-elliptical. step 9000, energy = -0.5030602388257074
  |->  par_lens = 2, 2, 2
[TDSE] Running TDSE-SH-elliptical. step 9200, energy = -0.5030601886111158
  |->  par_lens = 2, 2, 2
[TDSE] Running TDSE-SH-elliptical. step 9400, energy = -0.503060135305032
  |->  par_lens = 2, 2, 2
[TDSE] Running TDSE-SH-elliptical. step 9600, energy = -0.5030600795086817
  |->  par_lens = 2, 2, 2
[TDSE] Running TDSE-SH-elliptical. step 9800, energy = -0.503060020770963
  |->  par_lens = 2, 2, 2
[TDSE] Running TDSE-SH-elliptical. step 10000, energy = -0.5030599596683712
  |->  par_lens = 2, 2, 2
[TDSE] Running TDSE-SH-elliptical. step 10200, energy = -0.5030598653289626
  |->  par_lens = 2, 2, 2
[TDSE] Running TDSE-SH-elliptical. step 10400, energy = -0.5030594232414033
  |->  par_lens = 2, 2, 2
[TDSE] Running TDSE-SH-elliptical. step 10600, energy = -0.5030585651529926
  |->  par_lens = 2, 2, 2
[TDSE] Running TDSE-SH-elliptical. step 10800, energy = -0.5030572321171008
  |->  par_lens = 2, 2, 2
[TDSE] Running TDSE-SH-elliptical. step 11000, energy = -0.5030524793709911
  |->  par_lens = 3, 2, 2
[TDSE] Running TDSE-SH-elliptical. step 11200, energy = -0.5030352256622401
  |->  par_lens = 4, 3, 3
[TDSE] Running TDSE-SH-elliptical. step 11400, energy = -0.5029948481409586
  |->  par_lens = 4, 3, 3
[TDSE] Running TDSE-SH-elliptical. step 11600, energy = -0.5029336668076605
  |->  par_lens = 4, 4, 3
[TDSE] Running TDSE-SH-elliptical. step 11800, energy = -0.5028702973251549
  |->  par_lens = 4, 4, 4
[TDSE] Running TDSE-SH-elliptical. step 12000, energy = -0.5027955051660022
  |->  par_lens = 5, 4, 4
[TDSE] Running TDSE-SH-elliptical. step 12200, energy = -0.5026448872206472
  |->  par_lens = 5, 5, 5
[TDSE] Running TDSE-SH-elliptical. step 12400, energy = -0.5023432917120901
  |->  par_lens = 5, 5, 6
[TDSE] Running TDSE-SH-elliptical. step 12600, energy = -0.5019488102381419
  |->  par_lens = 6, 6, 6
[TDSE] Running TDSE-SH-elliptical. step 12800, energy = -0.5016629030092624
  |->  par_lens = 6, 6, 6
[TDSE] Running TDSE-SH-elliptical. step 13000, energy = -0.5016197089867497
  |->  par_lens = 6, 6, 7
[TDSE] Running TDSE-SH-elliptical. step 13200, energy = -0.5015831589609493
  |->  par_lens = 7, 6, 7
[TDSE] Running TDSE-SH-elliptical. step 13400, energy = -0.5010846149522831
  |->  par_lens = 8, 7, 7
[TDSE] Running TDSE-SH-elliptical. step 13600, energy = -0.49996454742660296
  |->  par_lens = 8, 8, 8
[TDSE] Running TDSE-SH-elliptical. step 13800, energy = -0.49877042912152997
  |->  par_lens = 9, 9, 8
[TDSE] Running TDSE-SH-elliptical. step 14000, energy = -0.4982611942311181
  |->  par_lens = 9, 9, 9
[TDSE] Running TDSE-SH-elliptical. step 14200, energy = -0.49830822074395204
  |->  par_lens = 9, 9, 10
[TDSE] Running TDSE-SH-elliptical. step 14400, energy = -0.4977215843968818
  |->  par_lens = 10, 10, 10
[TDSE] Running TDSE-SH-elliptical. step 14600, energy = -0.4954237235158678
  |->  par_lens = 12, 10, 11
[TDSE] Running TDSE-SH-elliptical. step 14800, energy = -0.4922262829193111
  |->  par_lens = 13, 11, 11
[TDSE] Running TDSE-SH-elliptical. step 15000, energy = -0.49027331107859085
  |->  par_lens = 14, 15, 12
[TDSE] Running TDSE-SH-elliptical. step 15200, energy = -0.49079646198069155
  |->  par_lens = 13, 15, 16
[TDSE] Running TDSE-SH-elliptical. step 15400, energy = -0.4918399008839339
  |->  par_lens = 15, 14, 16
[TDSE] Running TDSE-SH-elliptical. step 15600, energy = -0.4900908746921263
  |->  par_lens = 17, 15, 16
[TDSE] Running TDSE-SH-elliptical. step 15800, energy = -0.4846962242465711
  |->  par_lens = 18, 15, 17
[TDSE] Running TDSE-SH-elliptical. step 16000, energy = -0.4792473477925891
  |->  par_lens = 19, 20, 17
[TDSE] Running TDSE-SH-elliptical. step 16200, energy = -0.47790695910509334
  |->  par_lens = 19, 21, 21
[TDSE] Running TDSE-SH-elliptical. step 16400, energy = -0.48020303954163596
  |->  par_lens = 23, 21, 23
[TDSE] Running TDSE-SH-elliptical. step 16600, energy = -0.4801954390909087
  |->  par_lens = 25, 22, 23
[TDSE] Running TDSE-SH-elliptical. step 16800, energy = -0.47326932182090475
  |->  par_lens = 24, 22, 25
[TDSE] Running TDSE-SH-elliptical. step 17000, energy = -0.46244614068715556
  |->  par_lens = 28, 28, 26
[TDSE] Running TDSE-SH-elliptical. step 17200, energy = -0.456457788494407
  |->  par_lens = 30, 31, 28
[TDSE] Running TDSE-SH-elliptical. step 17400, energy = -0.45952468535464824
  |->  par_lens = 34, 34, 32
[TDSE] Running TDSE-SH-elliptical. step 17600, energy = -0.4652808126929018
  |->  par_lens = 35, 35, 35
[TDSE] Running TDSE-SH-elliptical. step 17800, energy = -0.4624527220935978
  |->  par_lens = 36, 36, 35
[TDSE] Running TDSE-SH-elliptical. step 18000, energy = -0.4485450834237148
  |->  par_lens = 36, 36, 38
[TDSE] Running TDSE-SH-elliptical. step 18200, energy = -0.4342987024727642
  |->  par_lens = 41, 39, 39
[TDSE] Running TDSE-SH-elliptical. step 18400, energy = -0.4321884873403663
  |->  par_lens = 45, 45, 44
[TDSE] Running TDSE-SH-elliptical. step 18600, energy = -0.4408402330493619
  |->  par_lens = 49, 48, 48
[TDSE] Running TDSE-SH-elliptical. step 18800, energy = -0.4446787637922262
  |->  par_lens = 50, 52, 49
[TDSE] Running TDSE-SH-elliptical. step 19000, energy = -0.43116179289181755
  |->  par_lens = 51, 53, 50
[TDSE] Running TDSE-SH-elliptical. step 19200, energy = -0.40771281673227494
  |->  par_lens = 54, 55, 53
[TDSE] Running TDSE-SH-elliptical. step 19400, energy = -0.3951897456714489
  |->  par_lens = 58, 59, 60
[TDSE] Running TDSE-SH-elliptical. step 19600, energy = -0.4036535194164168
  |->  par_lens = 66, 66, 67
[TDSE] Running TDSE-SH-elliptical. step 19800, energy = -0.4192585449820953
  |->  par_lens = 74, 74, 74
[TDSE] Running TDSE-SH-elliptical. step 20000, energy = -0.41743490942760014
  |->  par_lens = 76, 73, 71
[TDSE] Running TDSE-SH-elliptical. step 20200, energy = -0.3920954936388882
  |->  par_lens = 76, 76, 74
[TDSE] Running TDSE-SH-elliptical. step 20400, energy = -0.3657667546773242
  |->  par_lens = 77, 81, 80
[TDSE] Running TDSE-SH-elliptical. step 20600, energy = -0.3633490214184367
  |->  par_lens = 87, 86, 83
[TDSE] Running TDSE-SH-elliptical. step 20800, energy = -0.3824693013437107
  |->  par_lens = 96, 97, 95
[TDSE] Running TDSE-SH-elliptical. step 21000, energy = -0.39443563883619925
  |->  par_lens = 101, 99, 102
[TDSE] Running TDSE-SH-elliptical. step 21200, energy = -0.3748138686482113
  |->  par_lens = 99, 98, 104
[TDSE] Running TDSE-SH-elliptical. step 21400, energy = -0.3363891584878212
  |->  par_lens = 100, 100, 104
[TDSE] Running TDSE-SH-elliptical. step 21600, energy = -0.3167816012451997
  |->  par_lens = 106, 105, 109
[TDSE] Running TDSE-SH-elliptical. step 21800, energy = -0.33272308403129175
  |->  par_lens = 119, 119, 117
[TDSE] Running TDSE-SH-elliptical. step 22000, energy = -0.3618649605100507
  |->  par_lens = 130, 129, 126
[TDSE] Running TDSE-SH-elliptical. step 22200, energy = -0.36426355398157906
  |->  par_lens = 133, 130, 130
[TDSE] Running TDSE-SH-elliptical. step 22400, energy = -0.3282703311493733
  |->  par_lens = 133, 134, 137
[TDSE] Running TDSE-SH-elliptical. step 22600, energy = -0.2898657701525736
  |->  par_lens = 133, 133, 137
[TDSE] Running TDSE-SH-elliptical. step 22800, energy = -0.28853428529134034
  |->  par_lens = 138, 141, 138
[TDSE] Running TDSE-SH-elliptical. step 23000, energy = -0.3196026028520695
  |->  par_lens = 150, 148, 154
[TDSE] Running TDSE-SH-elliptical. step 23200, energy = -0.34215249929360003
  |->  par_lens = 159, 160, 160
[TDSE] Running TDSE-SH-elliptical. step 23400, energy = -0.3196569310716233
  |->  par_lens = 162, 160, 162
[TDSE] Running TDSE-SH-elliptical. step 23600, energy = -0.2686725610756706
  |->  par_lens = 165, 161, 162
[TDSE] Running TDSE-SH-elliptical. step 23800, energy = -0.24364463376073628
  |->  par_lens = 171, 168, 162
[TDSE] Running TDSE-SH-elliptical. step 24000, energy = -0.2676149333518363
  |->  par_lens = 177, 181, 181
[TDSE] Running TDSE-SH-elliptical. step 24200, energy = -0.30981282732123366
  |->  par_lens = 193, 193, 192
[TDSE] Running TDSE-SH-elliptical. step 24400, energy = -0.3189297658449054
  |->  par_lens = 196, 199, 196
[TDSE] Running TDSE-SH-elliptical. step 24600, energy = -0.27744979497427347
  |->  par_lens = 201, 199, 195
[TDSE] Running TDSE-SH-elliptical. step 24800, energy = -0.2311310534388952
  |->  par_lens = 195, 200, 198
[TDSE] Running TDSE-SH-elliptical. step 25000, energy = -0.2317550991298218
  |->  par_lens = 207, 204, 199
[TDSE] Running TDSE-SH-elliptical. step 25200, energy = -0.27249580320976374
  |->  par_lens = 217, 217, 213
[TDSE] Running TDSE-SH-elliptical. step 25400, energy = -0.3045594080351492
  |->  par_lens = 224, 221, 224
[TDSE] Running TDSE-SH-elliptical. step 25600, energy = -0.284159339405071
  |->  par_lens = 224, 223, 227
[TDSE] Running TDSE-SH-elliptical. step 25800, energy = -0.22839643536049486
  |->  par_lens = 225, 225, 227
[TDSE] Running TDSE-SH-elliptical. step 26000, energy = -0.20136181497821634
  |->  par_lens = 228, 225, 232
[TDSE] Running TDSE-SH-elliptical. step 26200, energy = -0.23046005649872878
  |->  par_lens = 235, 241, 237
[TDSE] Running TDSE-SH-elliptical. step 26400, energy = -0.2808211027087034
  |->  par_lens = 250, 249, 251
[TDSE] Running TDSE-SH-elliptical. step 26600, energy = -0.29718740713340597
  |->  par_lens = 252, 249, 255
[TDSE] Running TDSE-SH-elliptical. step 26800, energy = -0.25859822763958695
  |->  par_lens = 250, 250, 250
[TDSE] Running TDSE-SH-elliptical. step 27000, energy = -0.21247320066808037
  |->  par_lens = 245, 248, 245
[TDSE] Running TDSE-SH-elliptical. step 27200, energy = -0.21454138264672928
  |->  par_lens = 244, 241, 241
[TDSE] Running TDSE-SH-elliptical. step 27400, energy = -0.25849680688771065
  |->  par_lens = 254, 248, 250
[TDSE] Running TDSE-SH-elliptical. step 27600, energy = -0.2957774070095574
  |->  par_lens = 252, 253, 260
[TDSE] Running TDSE-SH-elliptical. step 27800, energy = -0.28207241961226714
  |->  par_lens = 257, 259, 257
[TDSE] Running TDSE-SH-elliptical. step 28000, energy = -0.2321025184972987
  |->  par_lens = 256, 258, 262
[TDSE] Running TDSE-SH-elliptical. step 28200, energy = -0.20770938980060144
  |->  par_lens = 261, 257, 259
[TDSE] Running TDSE-SH-elliptical. step 28400, energy = -0.23635217719292978
  |->  par_lens = 262, 267, 256
[TDSE] Running TDSE-SH-elliptical. step 28600, energy = -0.286936399569802
  |->  par_lens = 266, 268, 266
[TDSE] Running TDSE-SH-elliptical. step 28800, energy = -0.308583418154861
  |->  par_lens = 275, 270, 272
[TDSE] Running TDSE-SH-elliptical. step 29000, energy = -0.2802173644008497
  |->  par_lens = 271, 267, 271
[TDSE] Running TDSE-SH-elliptical. step 29200, energy = -0.24269595152062504
  |->  par_lens = 270, 266, 268
[TDSE] Running TDSE-SH-elliptical. step 29400, energy = -0.24511022835809912
  |->  par_lens = 260, 261, 260
[TDSE] Running TDSE-SH-elliptical. step 29600, energy = -0.28443309327902994
  |->  par_lens = 264, 268, 271
[TDSE] Running TDSE-SH-elliptical. step 29800, energy = -0.32074659692139884
  |->  par_lens = 269, 269, 272
[TDSE] Running TDSE-SH-elliptical. step 30000, energy = -0.31524171645653687
  |->  par_lens = 268, 264, 265
[TDSE] Running TDSE-SH-elliptical. step 30200, energy = -0.27864780356340774
  |->  par_lens = 267, 263, 266
[TDSE] Running TDSE-SH-elliptical. step 30400, energy = -0.2602153796392651
  |->  par_lens = 264, 265, 273
[TDSE] Running TDSE-SH-elliptical. step 30600, energy = -0.283154662084445
  |->  par_lens = 267, 265, 266
[TDSE] Running TDSE-SH-elliptical. step 30800, energy = -0.32631186023412356
  |->  par_lens = 272, 271, 272
[TDSE] Running TDSE-SH-elliptical. step 31000, energy = -0.34893527148766235
  |->  par_lens = 274, 275, 275
[TDSE] Running TDSE-SH-elliptical. step 31200, energy = -0.3330953734841281
  |->  par_lens = 273, 272, 272
[TDSE] Running TDSE-SH-elliptical. step 31400, energy = -0.3082862139896067
  |->  par_lens = 265, 267, 268
[TDSE] Running TDSE-SH-elliptical. step 31600, energy = -0.3098950427971193
  |->  par_lens = 258, 259, 263
[TDSE] Running TDSE-SH-elliptical. step 31800, energy = -0.3392714038544438
  |->  par_lens = 257, 258, 258
[TDSE] Running TDSE-SH-elliptical. step 32000, energy = -0.36852704346951115
  |->  par_lens = 262, 264, 261
[TDSE] Running TDSE-SH-elliptical. step 32200, energy = -0.36880992472391466
  |->  par_lens = 259, 263, 261
[TDSE] Running TDSE-SH-elliptical. step 32400, energy = -0.347029154920818
  |->  par_lens = 265, 266, 263
[TDSE] Running TDSE-SH-elliptical. step 32600, energy = -0.33521398522253065
  |->  par_lens = 262, 268, 263
[TDSE] Running TDSE-SH-elliptical. step 32800, energy = -0.3506289719584862
  |->  par_lens = 265, 268, 264
[TDSE] Running TDSE-SH-elliptical. step 33000, energy = -0.38134129180142856
  |->  par_lens = 270, 273, 274
[TDSE] Running TDSE-SH-elliptical. step 33200, energy = -0.39962183913034305
  |->  par_lens = 263, 269, 273
[TDSE] Running TDSE-SH-elliptical. step 33400, energy = -0.39386246138560504
  |->  par_lens = 261, 275, 271
[TDSE] Running TDSE-SH-elliptical. step 33600, energy = -0.3808403356317222
  |->  par_lens = 260, 267, 264
[TDSE] Running TDSE-SH-elliptical. step 33800, energy = -0.3820624973410431
  |->  par_lens = 249, 253, 265
[TDSE] Running TDSE-SH-elliptical. step 34000, energy = -0.40003752106417856
  |->  par_lens = 250, 248, 259
[TDSE] Running TDSE-SH-elliptical. step 34200, energy = -0.41830057981726
  |->  par_lens = 247, 254, 259
[TDSE] Running TDSE-SH-elliptical. step 34400, energy = -0.4205933485425174
  |->  par_lens = 249, 250, 255
[TDSE] Running TDSE-SH-elliptical. step 34600, energy = -0.41051438079354696
  |->  par_lens = 250, 253, 250
[TDSE] Running TDSE-SH-elliptical. step 34800, energy = -0.4048292613940465
  |->  par_lens = 256, 256, 255
[TDSE] Running TDSE-SH-elliptical. step 35000, energy = -0.4135670304881629
  |->  par_lens = 257, 260, 259
[TDSE] Running TDSE-SH-elliptical. step 35200, energy = -0.43055402703386525
  |->  par_lens = 261, 261, 261
[TDSE] Running TDSE-SH-elliptical. step 35400, energy = -0.4418444945416857
  |->  par_lens = 266, 260, 261
[TDSE] Running TDSE-SH-elliptical. step 35600, energy = -0.4415555804694316
  |->  par_lens = 263, 257, 262
[TDSE] Running TDSE-SH-elliptical. step 35800, energy = -0.4371321577978234
  |->  par_lens = 259, 249, 253
[TDSE] Running TDSE-SH-elliptical. step 36000, energy = -0.43819861722776193
  |->  par_lens = 252, 248, 254
[TDSE] Running TDSE-SH-elliptical. step 36200, energy = -0.44639103407762176
  |->  par_lens = 248, 239, 247
[TDSE] Running TDSE-SH-elliptical. step 36400, energy = -0.4545159439877905
  |->  par_lens = 240, 240, 237
[TDSE] Running TDSE-SH-elliptical. step 36600, energy = -0.4563479282470836
  |->  par_lens = 238, 233, 240
[TDSE] Running TDSE-SH-elliptical. step 36800, energy = -0.45315801427520186
  |->  par_lens = 243, 237, 241
[TDSE] Running TDSE-SH-elliptical. step 37000, energy = -0.45155399179087846
  |->  par_lens = 238, 238, 248
[TDSE] Running TDSE-SH-elliptical. step 37200, energy = -0.4551820019362636
  |->  par_lens = 246, 242, 243
[TDSE] Running TDSE-SH-elliptical. step 37400, energy = -0.46197137849213826
  |->  par_lens = 241, 243, 242
[TDSE] Running TDSE-SH-elliptical. step 37600, energy = -0.46699318643021903
  |->  par_lens = 243, 239, 244
[TDSE] Running TDSE-SH-elliptical. step 37800, energy = -0.4682135370810109
  |->  par_lens = 241, 239, 230
[TDSE] Running TDSE-SH-elliptical. step 38000, energy = -0.46776341418659084
  |->  par_lens = 234, 228, 227
[TDSE] Running TDSE-SH-elliptical. step 38200, energy = -0.46845267283056796
  |->  par_lens = 223, 213, 211
[TDSE] Running TDSE-SH-elliptical. step 38400, energy = -0.47072905147370875
  |->  par_lens = 209, 210, 206
[TDSE] Running TDSE-SH-elliptical. step 38600, energy = -0.4729231449474066
  |->  par_lens = 202, 200, 200
[TDSE] Running TDSE-SH-elliptical. step 38800, energy = -0.47349615830900166
  |->  par_lens = 191, 197, 198
[TDSE] Running TDSE-SH-elliptical. step 39000, energy = -0.47298726840642674
  |->  par_lens = 190, 194, 194
[TDSE] Running TDSE-SH-elliptical. step 39200, energy = -0.47282391443475663
  |->  par_lens = 188, 192, 192
[TDSE] Running TDSE-SH-elliptical. step 39400, energy = -0.4737674719863673
  |->  par_lens = 182, 193, 187
[TDSE] Running TDSE-SH-elliptical. step 39600, energy = -0.4754045542676616
  |->  par_lens = 181, 187, 188
[TDSE] Running TDSE-SH-elliptical. step 39800, energy = -0.47672847441682903
  |->  par_lens = 182, 186, 180
[TDSE] Running TDSE-SH-elliptical. step 40000, energy = -0.4774170661158331
  |->  par_lens = 176, 183, 178
[TDSE] Running TDSE-SH-elliptical. step 40200, energy = -0.47768937906313463
  |->  par_lens = 171, 175, 175
[TDSE] Running TDSE-SH-elliptical. step 40400, energy = -0.4779002865784479
  |->  par_lens = 163, 167, 170
[TDSE] Running TDSE-SH-elliptical. step 40600, energy = -0.47815584487080415
  |->  par_lens = 156, 163, 159
[TDSE] Running TDSE-SH-elliptical. step 40800, energy = -0.4783130887098591
  |->  par_lens = 145, 151, 149
[TDSE] Running TDSE-SH-elliptical. step 41000, energy = -0.47833927724484043
  |->  par_lens = 143, 146, 146
[TDSE] Running TDSE-SH-elliptical. step 41200, energy = -0.4783270444652289
  |->  par_lens = 138, 141, 142
[TDSE] Running TDSE-SH-elliptical. step 41400, energy = -0.4783589447862587
  |->  par_lens = 134, 135, 135
[TDSE] Running TDSE-SH-elliptical. step 41600, energy = -0.4784922573165207
  |->  par_lens = 135, 133, 133
[TDSE] Running TDSE-SH-elliptical. step 41800, energy = -0.4786517166664189
  |->  par_lens = 132, 133, 131
[TDSE] Running TDSE-SH-elliptical. step 42000, energy = -0.4788073752100153
  |->  par_lens = 131, 132, 129
[TDSE] Running TDSE-SH-elliptical. step 42200, energy = -0.47892948927911466
  |->  par_lens = 130, 131, 129
[TDSE] Running TDSE-SH-elliptical. step 42400, energy = -0.4790216402007144
  |->  par_lens = 129, 130, 127
[TDSE] Running TDSE-SH-elliptical. step 42600, energy = -0.47909596146100575
  |->  par_lens = 129, 130, 127
[TDSE] Running TDSE-SH-elliptical. step 42800, energy = -0.4791754619889666
  |->  par_lens = 129, 130, 126
[TDSE] Running TDSE-SH-elliptical. step 43000, energy = -0.4792646671476887
  |->  par_lens = 128, 128, 126
