  Activating project at `~/JuliaProp_v0.1`
[ITP]: 10000.500151030976
[ITP]: 3.0490838964780664e-8
[ITP]: 7.575335692067142e-9
Energy of ground state: -0.5001510690415283
[TDSE] Start TDSE-SH for elliptical polarized laser. It may cost a plenty of time.
[TDSE] Running TDSE-SH-elliptical. step 0, energy = -0.5001510690415277
  |->  par_lens = 2, 2, 2
[TDSE] Running TDSE-SH-elliptical. step 200, energy = -0.5001510690413843
  |->  par_lens = 2, 2, 2
[TDSE] Running TDSE-SH-elliptical. step 400, energy = -0.5001510690412154
  |->  par_lens = 2, 2, 2
[TDSE] Running TDSE-SH-elliptical. step 600, energy = -0.5001510690407891
  |->  par_lens = 2, 2, 2
[TDSE] Running TDSE-SH-elliptical. step 800, energy = -0.5001510690390671
  |->  par_lens = 2, 2, 2
[TDSE] Running TDSE-SH-elliptical. step 1000, energy = -0.5001510690330832
  |->  par_lens = 2, 2, 2
[TDSE] Running TDSE-SH-elliptical. step 1200, energy = -0.5001510690161691
  |->  par_lens = 2, 2, 2
[TDSE] Running TDSE-SH-elliptical. step 1400, energy = -0.5001510689753221
  |->  par_lens = 2, 2, 2
[TDSE] Running TDSE-SH-elliptical. step 1600, energy = -0.5001510688876194
  |->  par_lens = 2, 2, 2
[TDSE] Running TDSE-SH-elliptical. step 1800, energy = -0.5001510687154682
  |->  par_lens = 2, 2, 2
[TDSE] Running TDSE-SH-elliptical. step 2000, energy = -0.5001510684017961
  |->  par_lens = 2, 2, 2
[TDSE] Running TDSE-SH-elliptical. step 2200, energy = -0.5001510678607196
  |->  par_lens = 2, 2, 2
[TDSE] Running TDSE-SH-elliptical. step 2400, energy = -0.5001510669746044
  |->  par_lens = 2, 2, 2
[TDSE] Running TDSE-SH-elliptical. step 2600, energy = -0.5001510655789791
  |->  par_lens = 2, 2, 2
[TDSE] Running TDSE-SH-elliptical. step 2800, energy = -0.5001510634560163
  |->  par_lens = 2, 2, 2
[TDSE] Running TDSE-SH-elliptical. step 3000, energy = -0.5001510603294094
  |->  par_lens = 2, 2, 2
[TDSE] Running TDSE-SH-elliptical. step 3200, energy = -0.500151055831681
  |->  par_lens = 2, 2, 2
[TDSE] Running TDSE-SH-elliptical. step 3400, energy = -0.5001510495419799
  |->  par_lens = 2, 2, 2
[TDSE] Running TDSE-SH-elliptical. step 3600, energy = -0.5001510408863376
  |->  par_lens = 2, 2, 2
[TDSE] Running TDSE-SH-elliptical. step 3800, energy = -0.5001510292320097
  |->  par_lens = 2, 2, 2
[TDSE] Running TDSE-SH-elliptical. step 4000, energy = -0.5001510138481641
  |->  par_lens = 2, 2, 2
[TDSE] Running TDSE-SH-elliptical. step 4200, energy = -0.5001509937185471
  |->  par_lens = 2, 2, 2
[TDSE] Running TDSE-SH-elliptical. step 4400, energy = -0.5001509679451204
  |->  par_lens = 2, 2, 2
[TDSE] Running TDSE-SH-elliptical. step 4600, energy = -0.5001509352531904
  |->  par_lens = 2, 2, 2
[TDSE] Running TDSE-SH-elliptical. step 4800, energy = -0.5001508943506923
  |->  par_lens = 2, 2, 2
[TDSE] Running TDSE-SH-elliptical. step 5000, energy = -0.5001508437702424
  |->  par_lens = 2, 2, 2
[TDSE] Running TDSE-SH-elliptical. step 5200, energy = -0.5001507816719817
  |->  par_lens = 2, 2, 2
[TDSE] Running TDSE-SH-elliptical. step 5400, energy = -0.5001507068983552
  |->  par_lens = 2, 2, 2
[TDSE] Running TDSE-SH-elliptical. step 5600, energy = -0.5001506166959518
  |->  par_lens = 2, 2, 2
[TDSE] Running TDSE-SH-elliptical. step 5800, energy = -0.5001505094192928
  |->  par_lens = 2, 2, 2
[TDSE] Running TDSE-SH-elliptical. step 6000, energy = -0.5001503834792809
  |->  par_lens = 2, 2, 2
[TDSE] Running TDSE-SH-elliptical. step 6200, energy = -0.5001502354611013
  |->  par_lens = 2, 2, 2
[TDSE] Running TDSE-SH-elliptical. step 6400, energy = -0.5001500642314906
  |->  par_lens = 2, 2, 2
[TDSE] Running TDSE-SH-elliptical. step 6600, energy = -0.5001498661867217
  |->  par_lens = 2, 2, 2
[TDSE] Running TDSE-SH-elliptical. step 6800, energy = -0.500149640437436
  |->  par_lens = 2, 2, 2
[TDSE] Running TDSE-SH-elliptical. step 7000, energy = -0.5001493839647069
  |->  par_lens = 2, 2, 2
[TDSE] Running TDSE-SH-elliptical. step 7200, energy = -0.5001490924434184
  |->  par_lens = 2, 2, 2
[TDSE] Running TDSE-SH-elliptical. step 7400, energy = -0.50014876830942
  |->  par_lens = 2, 2, 2
[TDSE] Running TDSE-SH-elliptical. step 7600, energy = -0.500148404522666
  |->  par_lens = 2, 2, 2
[TDSE] Running TDSE-SH-elliptical. step 7800, energy = -0.5001480016017494
  |->  par_lens = 2, 2, 2
[TDSE] Running TDSE-SH-elliptical. step 8000, energy = -0.500147558551362
  |->  par_lens = 2, 2, 2
[TDSE] Running TDSE-SH-elliptical. step 8200, energy = -0.5001470699250776
  |->  par_lens = 2, 2, 2
[TDSE] Running TDSE-SH-elliptical. step 8400, energy = -0.5001465407710557
  |->  par_lens = 2, 2, 2
[TDSE] Running TDSE-SH-elliptical. step 8600, energy = -0.5001459624343028
  |->  par_lens = 2, 2, 2
[TDSE] Running TDSE-SH-elliptical. step 8800, energy = -0.5001453413275955
  |->  par_lens = 2, 2, 2
[TDSE] Running TDSE-SH-elliptical. step 9000, energy = -0.500144673194555
  |->  par_lens = 2, 2, 2
[TDSE] Running TDSE-SH-elliptical. step 9200, energy = -0.5001439539692196
  |->  par_lens = 2, 2, 2
[TDSE] Running TDSE-SH-elliptical. step 9400, energy = -0.5001431994014288
  |->  par_lens = 2, 2, 2
[TDSE] Running TDSE-SH-elliptical. step 9600, energy = -0.500142389927937
  |->  par_lens = 2, 2, 2
[TDSE] Running TDSE-SH-elliptical. step 9800, energy = -0.5001415381637349
  |->  par_lens = 2, 2, 2
[TDSE] Running TDSE-SH-elliptical. step 10000, energy = -0.5001406487867949
  |->  par_lens = 4, 2, 2
[TDSE] Running TDSE-SH-elliptical. step 10200, energy = -0.5001395333148859
  |->  par_lens = 4, 3, 3
[TDSE] Running TDSE-SH-elliptical. step 10400, energy = -0.5001372022794811
  |->  par_lens = 4, 3, 3
[TDSE] Running TDSE-SH-elliptical. step 10600, energy = -0.5001350401503948
  |->  par_lens = 4, 3, 3
[TDSE] Running TDSE-SH-elliptical. step 10800, energy = -0.5001373427585617
  |->  par_lens = 4, 3, 3
[TDSE] Running TDSE-SH-elliptical. step 11000, energy = -0.5001448270349554
  |->  par_lens = 4, 3, 3
[TDSE] Running TDSE-SH-elliptical. step 11200, energy = -0.5001430794212994
  |->  par_lens = 4, 3, 3
[TDSE] Running TDSE-SH-elliptical. step 11400, energy = -0.5001123603506649
  |->  par_lens = 4, 3, 3
[TDSE] Running TDSE-SH-elliptical. step 11600, energy = -0.5000645363962223
  |->  par_lens = 4, 3, 3
[TDSE] Running TDSE-SH-elliptical. step 11800, energy = -0.50004350903451
  |->  par_lens = 4, 4, 3
[TDSE] Running TDSE-SH-elliptical. step 12000, energy = -0.5000232059497777
  |->  par_lens = 4, 4, 3
[TDSE] Running TDSE-SH-elliptical. step 12200, energy = -0.49982132340913904
  |->  par_lens = 5, 5, 5
[TDSE] Running TDSE-SH-elliptical. step 12400, energy = -0.49925543573572634
  |->  par_lens = 5, 5, 6
[TDSE] Running TDSE-SH-elliptical. step 12600, energy = -0.4985028113468306
  |->  par_lens = 7, 7, 7
[TDSE] Running TDSE-SH-elliptical. step 12800, energy = -0.49816277946498616
  |->  par_lens = 7, 7, 7
[TDSE] Running TDSE-SH-elliptical. step 13000, energy = -0.498623615040458
  |->  par_lens = 8, 7, 7
[TDSE] Running TDSE-SH-elliptical. step 13200, energy = -0.4993080102585272
  |->  par_lens = 8, 7, 7
[TDSE] Running TDSE-SH-elliptical. step 13400, energy = -0.49896154501301077
  |->  par_lens = 9, 7, 7
[TDSE] Running TDSE-SH-elliptical. step 13600, energy = -0.497161476993331
  |->  par_lens = 9, 8, 7
[TDSE] Running TDSE-SH-elliptical. step 13800, energy = -0.49535561736826605
  |->  par_lens = 10, 8, 9
[TDSE] Running TDSE-SH-elliptical. step 14000, energy = -0.49548716254914044
  |->  par_lens = 10, 10, 9
[TDSE] Running TDSE-SH-elliptical. step 14200, energy = -0.4972133272713204
  |->  par_lens = 10, 9, 9
[TDSE] Running TDSE-SH-elliptical. step 14400, energy = -0.4972357228139188
  |->  par_lens = 10, 10, 9
[TDSE] Running TDSE-SH-elliptical. step 14600, energy = -0.4928237452215542
  |->  par_lens = 10, 10, 10
[TDSE] Running TDSE-SH-elliptical. step 14800, energy = -0.48613276819394036
  |->  par_lens = 13, 12, 13
[TDSE] Running TDSE-SH-elliptical. step 15000, energy = -0.483253784172375
  |->  par_lens = 16, 15, 14
[TDSE] Running TDSE-SH-elliptical. step 15200, energy = -0.48738408903968805
  |->  par_lens = 17, 18, 17
[TDSE] Running TDSE-SH-elliptical. step 15400, energy = -0.49351030396416523
  |->  par_lens = 19, 20, 19
[TDSE] Running TDSE-SH-elliptical. step 15600, energy = -0.4925481865911153
  |->  par_lens = 20, 21, 19
[TDSE] Running TDSE-SH-elliptical. step 15800, energy = -0.48229106806660504
  |->  par_lens = 20, 21, 19
[TDSE] Running TDSE-SH-elliptical. step 16000, energy = -0.4720751872038584
  |->  par_lens = 21, 20, 21
[TDSE] Running TDSE-SH-elliptical. step 16200, energy = -0.4731684415591983
  |->  par_lens = 22, 24, 20
[TDSE] Running TDSE-SH-elliptical. step 16400, energy = -0.48391219361290744
  |->  par_lens = 23, 24, 24
[TDSE] Running TDSE-SH-elliptical. step 16600, energy = -0.4884925493273678
  |->  par_lens = 23, 24, 26
[TDSE] Running TDSE-SH-elliptical. step 16800, energy = -0.4744654425335858
  |->  par_lens = 23, 23, 25
[TDSE] Running TDSE-SH-elliptical. step 17000, energy = -0.4503191431180282
  |->  par_lens = 26, 25, 26
[TDSE] Running TDSE-SH-elliptical. step 17200, energy = -0.439687247926427
  |->  par_lens = 30, 32, 32
[TDSE] Running TDSE-SH-elliptical. step 17400, energy = -0.45435592404530806
  |->  par_lens = 40, 42, 37
[TDSE] Running TDSE-SH-elliptical. step 17600, energy = -0.47691253338532513
  |->  par_lens = 44, 45, 48
[TDSE] Running TDSE-SH-elliptical. step 17800, energy = -0.47716927243933976
  |->  par_lens = 47, 47, 49
[TDSE] Running TDSE-SH-elliptical. step 18000, energy = -0.4479788402098277
  |->  par_lens = 46, 44, 43
[TDSE] Running TDSE-SH-elliptical. step 18200, energy = -0.418091632553878
  |->  par_lens = 44, 47, 39
[TDSE] Running TDSE-SH-elliptical. step 18400, energy = -0.4208363329563311
  |->  par_lens = 50, 53, 49
[TDSE] Running TDSE-SH-elliptical. step 18600, energy = -0.45256304029158934
  |->  par_lens = 61, 60, 57
[TDSE] Running TDSE-SH-elliptical. step 18800, energy = -0.4708153229766902
  |->  par_lens = 63, 67, 63
[TDSE] Running TDSE-SH-elliptical. step 19000, energy = -0.442288381218907
  |->  par_lens = 61, 60, 62
[TDSE] Running TDSE-SH-elliptical. step 19200, energy = -0.38695380116178746
  |->  par_lens = 57, 56, 54
[TDSE] Running TDSE-SH-elliptical. step 19400, energy = -0.3614214879165625
  |->  par_lens = 66, 67, 66
[TDSE] Running TDSE-SH-elliptical. step 19600, energy = -0.3940585176964285
  |->  par_lens = 85, 82, 86
[TDSE] Running TDSE-SH-elliptical. step 19800, energy = -0.44681215809803615
  |->  par_lens = 99, 97, 102
[TDSE] Running TDSE-SH-elliptical. step 20000, energy = -0.45312360499963905
  |->  par_lens = 105, 98, 103
[TDSE] Running TDSE-SH-elliptical. step 20200, energy = -0.39643924051687174
  |->  par_lens = 95, 97, 99
[TDSE] Running TDSE-SH-elliptical. step 20400, energy = -0.3361701038623361
  |->  par_lens = 80, 85, 80
[TDSE] Running TDSE-SH-elliptical. step 20600, energy = -0.33987412597855476
  |->  par_lens = 100, 101, 104
[TDSE] Running TDSE-SH-elliptical. step 20800, energy = -0.40331180730620747
  |->  par_lens = 130, 124, 127
[TDSE] Running TDSE-SH-elliptical. step 21000, energy = -0.44550874471661717
  |->  par_lens = 136, 135, 135
[TDSE] Running TDSE-SH-elliptical. step 21200, energy = -0.40247314573394344
  |->  par_lens = 134, 134, 133
[TDSE] Running TDSE-SH-elliptical. step 21400, energy = -0.30776858542948693
  |->  par_lens = 114, 114, 114
[TDSE] Running TDSE-SH-elliptical. step 21600, energy = -0.2623245058758196
  |->  par_lens = 114, 112, 113
[TDSE] Running TDSE-SH-elliptical. step 21800, energy = -0.31552870053531906
  |->  par_lens = 155, 154, 154
[TDSE] Running TDSE-SH-elliptical. step 22000, energy = -0.407547744130137
  |->  par_lens = 184, 182, 185
[TDSE] Running TDSE-SH-elliptical. step 22200, energy = -0.42597012161223113
  |->  par_lens = 193, 190, 193
[TDSE] Running TDSE-SH-elliptical. step 22400, energy = -0.34136645260247656
  |->  par_lens = 191, 187, 186
[TDSE] Running TDSE-SH-elliptical. step 22600, energy = -0.2474329462455125
  |->  par_lens = 154, 159, 163
[TDSE] Running TDSE-SH-elliptical. step 22800, energy = -0.2504242508453231
  |->  par_lens = 173, 172, 170
[TDSE] Running TDSE-SH-elliptical. step 23000, energy = -0.347138425354224
  |->  par_lens = 213, 214, 213
[TDSE] Running TDSE-SH-elliptical. step 23200, energy = -0.4187499817770063
  |->  par_lens = 235, 231, 236
[TDSE] Running TDSE-SH-elliptical. step 23400, energy = -0.367463578798152
  |->  par_lens = 228, 229, 231
[TDSE] Running TDSE-SH-elliptical. step 23600, energy = -0.2374989007935828
  |->  par_lens = 203, 202, 203
[TDSE] Running TDSE-SH-elliptical. step 23800, energy = -0.1729890912252784
  |->  par_lens = 193, 189, 192
[TDSE] Running TDSE-SH-elliptical. step 24000, energy = -0.241823765131835
  |->  par_lens = 238, 242, 241
[TDSE] Running TDSE-SH-elliptical. step 24200, energy = -0.3699963499688701
  |->  par_lens = 287, 278, 280
[TDSE] Running TDSE-SH-elliptical. step 24400, energy = -0.40436335560192005
  |->  par_lens = 294, 289, 287
[TDSE] Running TDSE-SH-elliptical. step 24600, energy = -0.3023335272353226
  |->  par_lens = 279, 276, 280
[TDSE] Running TDSE-SH-elliptical. step 24800, energy = -0.18290082362430413
  |->  par_lens = 246, 246, 247
[TDSE] Running TDSE-SH-elliptical. step 25000, energy = -0.18364832356226207
  |->  par_lens = 253, 250, 253
[TDSE] Running TDSE-SH-elliptical. step 25200, energy = -0.3023860246653964
  |->  par_lens = 308, 297, 297
[TDSE] Running TDSE-SH-elliptical. step 25400, energy = -0.3988896909943834
  |->  par_lens = 325, 321, 323
[TDSE] Running TDSE-SH-elliptical. step 25600, energy = -0.34982514501057616
  |->  par_lens = 320, 320, 316
[TDSE] Running TDSE-SH-elliptical. step 25800, energy = -0.20269976073174864
  |->  par_lens = 302, 293, 295
[TDSE] Running TDSE-SH-elliptical. step 26000, energy = -0.12650083582813618
  |->  par_lens = 274, 279, 285
[TDSE] Running TDSE-SH-elliptical. step 26200, energy = -0.20033523368508765
  |->  par_lens = 307, 320, 314
[TDSE] Running TDSE-SH-elliptical. step 26400, energy = -0.34726317199314966
  |->  par_lens = 353, 355, 351
[TDSE] Running TDSE-SH-elliptical. step 26600, energy = -0.39578043296819904
  |->  par_lens = 362, 360, 361
[TDSE] Running TDSE-SH-elliptical. step 26800, energy = -0.29459277484553287
  |->  par_lens = 349, 349, 353
[TDSE] Running TDSE-SH-elliptical. step 27000, energy = -0.16847035417548253
  |->  par_lens = 321, 319, 327
[TDSE] Running TDSE-SH-elliptical. step 27200, energy = -0.165449223470795
  |->  par_lens = 316, 323, 322
[TDSE] Running TDSE-SH-elliptical. step 27400, energy = -0.28696385598878443
  |->  par_lens = 349, 352, 352
[TDSE] Running TDSE-SH-elliptical. step 27600, energy = -0.3935679394758243
  |->  par_lens = 368, 372, 364
[TDSE] Running TDSE-SH-elliptical. step 27800, energy = -0.3564605734891212
  |->  par_lens = 365, 370, 367
[TDSE] Running TDSE-SH-elliptical. step 28000, energy = -0.21791773046373797
  |->  par_lens = 339, 349, 351
[TDSE] Running TDSE-SH-elliptical. step 28200, energy = -0.1415828675201102
  |->  par_lens = 341, 338, 343
[TDSE] Running TDSE-SH-elliptical. step 28400, energy = -0.20819510637525424
  |->  par_lens = 361, 359, 358
[TDSE] Running TDSE-SH-elliptical. step 28600, energy = -0.34896947190399535
  |->  par_lens = 381, 381, 377
[TDSE] Running TDSE-SH-elliptical. step 28800, energy = -0.40384768163420376
  |->  par_lens = 384, 389, 388
[TDSE] Running TDSE-SH-elliptical. step 29000, energy = -0.3214804589075314
  |->  par_lens = 379, 379, 382
[TDSE] Running TDSE-SH-elliptical. step 29200, energy = -0.2101832580176063
  |->  par_lens = 364, 365, 362
[TDSE] Running TDSE-SH-elliptical. step 29400, energy = -0.2034383480511237
  |->  par_lens = 358, 360, 356
[TDSE] Running TDSE-SH-elliptical. step 29600, energy = -0.308154056554744
  |->  par_lens = 370, 378, 375
[TDSE] Running TDSE-SH-elliptical. step 29800, energy = -0.405404459147793
  |->  par_lens = 383, 384, 381
[TDSE] Running TDSE-SH-elliptical. step 30000, energy = -0.3842859241823105
  |->  par_lens = 385, 388, 383
[TDSE] Running TDSE-SH-elliptical. step 30200, energy = -0.2760493774199659
  |->  par_lens = 371, 374, 370
[TDSE] Running TDSE-SH-elliptical. step 30400, energy = -0.21218250670689653
  |->  par_lens = 370, 367, 366
[TDSE] Running TDSE-SH-elliptical. step 30600, energy = -0.26261403909575
  |->  par_lens = 375, 382, 381
[TDSE] Running TDSE-SH-elliptical. step 30800, energy = -0.375539080889302
  |->  par_lens = 390, 387, 388
[TDSE] Running TDSE-SH-elliptical. step 31000, energy = -0.42536508340030754
  |->  par_lens = 390, 394, 400
[TDSE] Running TDSE-SH-elliptical. step 31200, energy = -0.37087776587166077
  |->  par_lens = 393, 392, 383
[TDSE] Running TDSE-SH-elliptical. step 31400, energy = -0.2899484062700942
  |->  par_lens = 380, 374, 383
[TDSE] Running TDSE-SH-elliptical. step 31600, energy = -0.28159703474200587
  |->  par_lens = 375, 377, 376
[TDSE] Running TDSE-SH-elliptical. step 31800, energy = -0.35695661451562005
  |->  par_lens = 378, 376, 380
[TDSE] Running TDSE-SH-elliptical. step 32000, energy = -0.4295705592841817
  |->  par_lens = 383, 383, 383
[TDSE] Running TDSE-SH-elliptical. step 32200, energy = -0.42257773180290253
  |->  par_lens = 384, 386, 382
[TDSE] Running TDSE-SH-elliptical. step 32400, energy = -0.3537730311261585
  |->  par_lens = 378, 383, 383
[TDSE] Running TDSE-SH-elliptical. step 32600, energy = -0.3093613490013647
  |->  par_lens = 376, 370, 381
[TDSE] Running TDSE-SH-elliptical. step 32800, energy = -0.34082135904876315
  |->  par_lens = 388, 379, 380
[TDSE] Running TDSE-SH-elliptical. step 33000, energy = -0.414394494714837
  |->  par_lens = 395, 384, 390
[TDSE] Running TDSE-SH-elliptical. step 33200, energy = -0.45171404373417845
  |->  par_lens = 396, 397, 394
[TDSE] Running TDSE-SH-elliptical. step 33400, energy = -0.42379962976088764
  |->  par_lens = 396, 389, 392
[TDSE] Running TDSE-SH-elliptical. step 33600, energy = -0.3762785171800539
  |->  par_lens = 382, 387, 379
[TDSE] Running TDSE-SH-elliptical. step 33800, energy = -0.37024431995586504
  |->  par_lens = 384, 384, 375
[TDSE] Running TDSE-SH-elliptical. step 34000, energy = -0.41274695386531435
  |->  par_lens = 378, 372, 371
[TDSE] Running TDSE-SH-elliptical. step 34200, energy = -0.45651419572598345
  |->  par_lens = 377, 375, 381
[TDSE] Running TDSE-SH-elliptical. step 34400, energy = -0.4569699617309652
  |->  par_lens = 378, 377, 373
[TDSE] Running TDSE-SH-elliptical. step 34600, energy = -0.422882155053779
  |->  par_lens = 381, 378, 369
[TDSE] Running TDSE-SH-elliptical. step 34800, energy = -0.399507086616976
  |->  par_lens = 375, 375, 375
[TDSE] Running TDSE-SH-elliptical. step 35000, energy = -0.4151441686460762
  |->  par_lens = 383, 386, 378
[TDSE] Running TDSE-SH-elliptical. step 35200, energy = -0.45226897566671176
  |->  par_lens = 386, 385, 384
[TDSE] Running TDSE-SH-elliptical. step 35400, energy = -0.4732865492044001
  |->  par_lens = 387, 387, 388
[TDSE] Running TDSE-SH-elliptical. step 35600, energy = -0.4632276143206677
  |->  par_lens = 381, 383, 382
[TDSE] Running TDSE-SH-elliptical. step 35800, energy = -0.4432147820387661
  |->  par_lens = 382, 375, 378
[TDSE] Running TDSE-SH-elliptical. step 36000, energy = -0.43969406803144306
  |->  par_lens = 373, 373, 372
[TDSE] Running TDSE-SH-elliptical. step 36200, energy = -0.45804224477633293
  |->  par_lens = 366, 357, 361
[TDSE] Running TDSE-SH-elliptical. step 36400, energy = -0.47700423675441006
  |->  par_lens = 357, 354, 363
[TDSE] Running TDSE-SH-elliptical. step 36600, energy = -0.4794967321805118
  |->  par_lens = 349, 352, 358
[TDSE] Running TDSE-SH-elliptical. step 36800, energy = -0.4677872025269735
  |->  par_lens = 348, 346, 353
[TDSE] Running TDSE-SH-elliptical. step 37000, energy = -0.459459432062162
  |->  par_lens = 358, 346, 347
[TDSE] Running TDSE-SH-elliptical. step 37200, energy = -0.46477589762675453
  |->  par_lens = 349, 356, 352
[TDSE] Running TDSE-SH-elliptical. step 37400, energy = -0.4779323751684524
  |->  par_lens = 350, 349, 353
[TDSE] Running TDSE-SH-elliptical. step 37600, energy = -0.4861470449778945
  |->  par_lens = 350, 347, 350
[TDSE] Running TDSE-SH-elliptical. step 37800, energy = -0.48445355289690084
  |->  par_lens = 338, 343, 345
[TDSE] Running TDSE-SH-elliptical. step 38000, energy = -0.4791305113809684
  |->  par_lens = 329, 335, 334
[TDSE] Running TDSE-SH-elliptical. step 38200, energy = -0.47824584440446294
  |->  par_lens = 322, 318, 323
[TDSE] Running TDSE-SH-elliptical. step 38400, energy = -0.483015201752368
  |->  par_lens = 305, 299, 307
[TDSE] Running TDSE-SH-elliptical. step 38600, energy = -0.4881978870704248
  |->  par_lens = 291, 287, 290
[TDSE] Running TDSE-SH-elliptical. step 38800, energy = -0.4895000171078972
  |->  par_lens = 282, 279, 278
[TDSE] Running TDSE-SH-elliptical. step 39000, energy = -0.48751740764020124
  |->  par_lens = 271, 271, 267
[TDSE] Running TDSE-SH-elliptical. step 39200, energy = -0.485977175410874
  |->  par_lens = 267, 266, 267
[TDSE] Running TDSE-SH-elliptical. step 39400, energy = -0.4870346364712669
  |->  par_lens = 258, 258, 262
[TDSE] Running TDSE-SH-elliptical. step 39600, energy = -0.48950127257291476
  |->  par_lens = 255, 256, 254
[TDSE] Running TDSE-SH-elliptical. step 39800, energy = -0.49120153808422834
  |->  par_lens = 243, 250, 251
[TDSE] Running TDSE-SH-elliptical. step 40000, energy = -0.491326982476488
  |->  par_lens = 236, 246, 248
[TDSE] Running TDSE-SH-elliptical. step 40200, energy = -0.49086459892947676
  |->  par_lens = 228, 240, 241
[TDSE] Running TDSE-SH-elliptical. step 40400, energy = -0.4907862672872082
  |->  par_lens = 223, 233, 237
[TDSE] Running TDSE-SH-elliptical. step 40600, energy = -0.49127062509556046
  |->  par_lens = 217, 226, 224
[TDSE] Running TDSE-SH-elliptical. step 40800, energy = -0.49180158586285955
  |->  par_lens = 215, 220, 215
[TDSE] Running TDSE-SH-elliptical. step 41000, energy = -0.49202030178248385
  |->  par_lens = 209, 209, 211
[TDSE] Running TDSE-SH-elliptical. step 41200, energy = -0.49199230075811656
  |->  par_lens = 203, 202, 201
[TDSE] Running TDSE-SH-elliptical. step 41400, energy = -0.4919721597444564
  |->  par_lens = 200, 202, 202
[TDSE] Running TDSE-SH-elliptical. step 41600, energy = -0.4920380504675123
  |->  par_lens = 200, 201, 199
[TDSE] Running TDSE-SH-elliptical. step 41800, energy = -0.4921235701021414
  |->  par_lens = 196, 198, 198
[TDSE] Running TDSE-SH-elliptical. step 42000, energy = -0.4921966356938674
  |->  par_lens = 197, 195, 197
[TDSE] Running TDSE-SH-elliptical. step 42200, energy = -0.4922221561222446
  |->  par_lens = 194, 193, 195
[TDSE] Running TDSE-SH-elliptical. step 42400, energy = -0.49223860514814965
  |->  par_lens = 191, 192, 191
[TDSE] Running TDSE-SH-elliptical. step 42600, energy = -0.4922524961925876
  |->  par_lens = 191, 190, 189
[TDSE] Running TDSE-SH-elliptical. step 42800, energy = -0.4922663204991582
  |->  par_lens = 188, 187, 185
[TDSE] Running TDSE-SH-elliptical. step 43000, energy = -0.4922785602478225
  |->  par_lens = 187, 184, 184
[TDSE] Running TDSE-SH-elliptical. step 43200, energy = -0.49229282591780205
  |->  par_lens = 185, 183, 182
[TDSE] Running TDSE-SH-elliptical. step 43400, energy = -0.4923080604643047
  |->  par_lens = 183, 181, 181
[TDSE] Running TDSE-SH-elliptical. step 43600, energy = -0.49232427258659633
  |->  par_lens = 179, 181, 181
[TDSE] Running TDSE-SH-elliptical. step 43800, energy = -0.4923425458534743
  |->  par_lens = 177, 177, 180
[TDSE] Running TDSE-SH-elliptical. step 44000, energy = -0.4923629446221795
  |->  par_lens = 174, 174, 179
[TDSE] Running TDSE-SH-elliptical. step 44200, energy = -0.4923856103856443
  |->  par_lens = 173, 173, 176
[TDSE] Running TDSE-SH-elliptical. step 44400, energy = -0.4924020268696809
  |->  par_lens = 171, 173, 175
[TDSE] Running TDSE-SH-elliptical. step 44600, energy = -0.4924155520040106
  |->  par_lens = 171, 171, 173
[TDSE] Running TDSE-SH-elliptical. step 44800, energy = -0.4924311716529741
  |->  par_lens = 166, 169, 170
[TDSE] Running TDSE-SH-elliptical. step 45000, energy = -0.4924541177147186
  |->  par_lens = 166, 167, 169
