  Activating project at `~/JuliaProp_v0.1`
[ITP]: 10000.500151030976
[ITP]: 3.0490838964780664e-8
[ITP]: 7.575335692067142e-9
Energy of ground state: -0.5001510690415283
[TDSE] Start TDSE-SH for elliptical polarized laser. It may cost a plenty of time.
[TDSE] Running TDSE-SH-elliptical. step 0, energy = -0.5001510690415277
  |->  par_lens = 2, 2, 2
[TDSE] Running TDSE-SH-elliptical. step 200, energy = -0.5001510690413833
  |->  par_lens = 2, 2, 2
[TDSE] Running TDSE-SH-elliptical. step 400, energy = -0.5001510690407739
  |->  par_lens = 2, 2, 2
[TDSE] Running TDSE-SH-elliptical. step 600, energy = -0.5001510690356354
  |->  par_lens = 2, 2, 2
[TDSE] Running TDSE-SH-elliptical. step 800, energy = -0.5001510690097488
  |->  par_lens = 2, 2, 2
[TDSE] Running TDSE-SH-elliptical. step 1000, energy = -0.5001510689210776
  |->  par_lens = 2, 2, 2
[TDSE] Running TDSE-SH-elliptical. step 1200, energy = -0.5001510686815092
  |->  par_lens = 2, 2, 2
[TDSE] Running TDSE-SH-elliptical. step 1400, energy = -0.500151068132333
  |->  par_lens = 2, 2, 2
[TDSE] Running TDSE-SH-elliptical. step 1600, energy = -0.5001510670141949
  |->  par_lens = 2, 2, 2
[TDSE] Running TDSE-SH-elliptical. step 1800, energy = -0.5001510649296872
  |->  par_lens = 2, 2, 2
[TDSE] Running TDSE-SH-elliptical. step 2000, energy = -0.5001510613176158
  |->  par_lens = 2, 2, 2
[TDSE] Running TDSE-SH-elliptical. step 2200, energy = -0.500151055379013
  |->  par_lens = 2, 2, 2
[TDSE] Running TDSE-SH-elliptical. step 2400, energy = -0.5001510460946621
  |->  par_lens = 2, 2, 2
[TDSE] Running TDSE-SH-elliptical. step 2600, energy = -0.5001510321112583
  |->  par_lens = 2, 2, 2
[TDSE] Running TDSE-SH-elliptical. step 2800, energy = -0.5001510117318837
  |->  par_lens = 2, 2, 2
[TDSE] Running TDSE-SH-elliptical. step 3000, energy = -0.5001509829405527
  |->  par_lens = 2, 2, 2
[TDSE] Running TDSE-SH-elliptical. step 3200, energy = -0.500150943136832
  |->  par_lens = 2, 2, 2
[TDSE] Running TDSE-SH-elliptical. step 3400, energy = -0.5001508895897558
  |->  par_lens = 2, 2, 2
[TDSE] Running TDSE-SH-elliptical. step 3600, energy = -0.5001508185751384
  |->  par_lens = 2, 2, 2
[TDSE] Running TDSE-SH-elliptical. step 3800, energy = -0.5001507263278221
  |->  par_lens = 2, 2, 2
[TDSE] Running TDSE-SH-elliptical. step 4000, energy = -0.5001506087560793
  |->  par_lens = 2, 2, 2
[TDSE] Running TDSE-SH-elliptical. step 4200, energy = -0.5001504599152554
  |->  par_lens = 2, 2, 2
[TDSE] Running TDSE-SH-elliptical. step 4400, energy = -0.5001502754861614
  |->  par_lens = 2, 2, 2
[TDSE] Running TDSE-SH-elliptical. step 4600, energy = -0.5001500487741628
  |->  par_lens = 2, 2, 2
[TDSE] Running TDSE-SH-elliptical. step 4800, energy = -0.5001497736133327
  |->  par_lens = 2, 2, 2
[TDSE] Running TDSE-SH-elliptical. step 5000, energy = -0.5001494432431636
  |->  par_lens = 2, 2, 2
[TDSE] Running TDSE-SH-elliptical. step 5200, energy = -0.5001490489066612
  |->  par_lens = 2, 2, 2
[TDSE] Running TDSE-SH-elliptical. step 5400, energy = -0.5001485873962344
  |->  par_lens = 2, 2, 2
[TDSE] Running TDSE-SH-elliptical. step 5600, energy = -0.5001480450384813
  |->  par_lens = 2, 2, 2
[TDSE] Running TDSE-SH-elliptical. step 5800, energy = -0.5001474165350247
  |->  par_lens = 2, 2, 2
[TDSE] Running TDSE-SH-elliptical. step 6000, energy = -0.5001466975486499
  |->  par_lens = 2, 2, 2
[TDSE] Running TDSE-SH-elliptical. step 6200, energy = -0.5001458724419676
  |->  par_lens = 2, 2, 2
[TDSE] Running TDSE-SH-elliptical. step 6400, energy = -0.5001449407150792
  |->  par_lens = 2, 2, 2
[TDSE] Running TDSE-SH-elliptical. step 6600, energy = -0.5001438871283775
  |->  par_lens = 2, 2, 2
[TDSE] Running TDSE-SH-elliptical. step 6800, energy = -0.5001427133543822
  |->  par_lens = 2, 2, 2
[TDSE] Running TDSE-SH-elliptical. step 7000, energy = -0.5001414085905603
  |->  par_lens = 2, 2, 2
[TDSE] Running TDSE-SH-elliptical. step 7200, energy = -0.5001399550130884
  |->  par_lens = 4, 2, 2
[TDSE] Running TDSE-SH-elliptical. step 7400, energy = -0.5001383736300619
  |->  par_lens = 4, 3, 3
[TDSE] Running TDSE-SH-elliptical. step 7600, energy = -0.5001366323060226
  |->  par_lens = 4, 3, 3
[TDSE] Running TDSE-SH-elliptical. step 7800, energy = -0.5001347407056933
  |->  par_lens = 4, 3, 3
[TDSE] Running TDSE-SH-elliptical. step 8000, energy = -0.5001327000772935
  |->  par_lens = 4, 3, 3
[TDSE] Running TDSE-SH-elliptical. step 8200, energy = -0.5001304882217638
  |->  par_lens = 4, 3, 3
[TDSE] Running TDSE-SH-elliptical. step 8400, energy = -0.5001281373735621
  |->  par_lens = 4, 3, 3
[TDSE] Running TDSE-SH-elliptical. step 8600, energy = -0.5001256088771034
  |->  par_lens = 4, 3, 3
[TDSE] Running TDSE-SH-elliptical. step 8800, energy = -0.5001229400014889
  |->  par_lens = 4, 3, 3
[TDSE] Running TDSE-SH-elliptical. step 9000, energy = -0.5001201144443511
  |->  par_lens = 4, 3, 3
[TDSE] Running TDSE-SH-elliptical. step 9200, energy = -0.5001171167526431
  |->  par_lens = 4, 3, 3
[TDSE] Running TDSE-SH-elliptical. step 9400, energy = -0.5001140256892577
  |->  par_lens = 4, 3, 3
[TDSE] Running TDSE-SH-elliptical. step 9600, energy = -0.500110751251232
  |->  par_lens = 4, 3, 3
[TDSE] Running TDSE-SH-elliptical. step 9800, energy = -0.5001073550560238
  |->  par_lens = 4, 3, 3
[TDSE] Running TDSE-SH-elliptical. step 10000, energy = -0.5001038602635247
  |->  par_lens = 4, 3, 3
[TDSE] Running TDSE-SH-elliptical. step 10200, energy = -0.5000999108556106
  |->  par_lens = 4, 3, 3
[TDSE] Running TDSE-SH-elliptical. step 10400, energy = -0.5000938090826393
  |->  par_lens = 4, 3, 3
[TDSE] Running TDSE-SH-elliptical. step 10600, energy = -0.5000879020789559
  |->  par_lens = 4, 3, 4
[TDSE] Running TDSE-SH-elliptical. step 10800, energy = -0.5000896415374034
  |->  par_lens = 4, 4, 4
[TDSE] Running TDSE-SH-elliptical. step 11000, energy = -0.5001060126631931
  |->  par_lens = 4, 4, 4
[TDSE] Running TDSE-SH-elliptical. step 11200, energy = -0.5001326089517756
  |->  par_lens = 4, 4, 4
[TDSE] Running TDSE-SH-elliptical. step 11400, energy = -0.5001495958366755
  |->  par_lens = 4, 4, 4
[TDSE] Running TDSE-SH-elliptical. step 11600, energy = -0.5001298800539556
  |->  par_lens = 4, 4, 4
[TDSE] Running TDSE-SH-elliptical. step 11800, energy = -0.5000472750644763
  |->  par_lens = 4, 4, 4
[TDSE] Running TDSE-SH-elliptical. step 12000, energy = -0.4998651463592924
  |->  par_lens = 5, 5, 5
[TDSE] Running TDSE-SH-elliptical. step 12200, energy = -0.4995322308668794
  |->  par_lens = 5, 6, 6
[TDSE] Running TDSE-SH-elliptical. step 12400, energy = -0.49903657934857115
  |->  par_lens = 7, 7, 7
[TDSE] Running TDSE-SH-elliptical. step 12600, energy = -0.49849718527234893
  |->  par_lens = 9, 7, 8
[TDSE] Running TDSE-SH-elliptical. step 12800, energy = -0.49816266116038216
  |->  par_lens = 10, 9, 10
[TDSE] Running TDSE-SH-elliptical. step 13000, energy = -0.4981985838892708
  |->  par_lens = 11, 11, 11
[TDSE] Running TDSE-SH-elliptical. step 13200, energy = -0.49845080303905587
  |->  par_lens = 11, 12, 12
[TDSE] Running TDSE-SH-elliptical. step 13400, energy = -0.49850151820852806
  |->  par_lens = 11, 12, 13
[TDSE] Running TDSE-SH-elliptical. step 13600, energy = -0.49807250409506393
  |->  par_lens = 11, 12, 13
[TDSE] Running TDSE-SH-elliptical. step 13800, energy = -0.4973598646738748
  |->  par_lens = 11, 12, 13
[TDSE] Running TDSE-SH-elliptical. step 14000, energy = -0.49671625676595094
  |->  par_lens = 11, 11, 13
[TDSE] Running TDSE-SH-elliptical. step 14200, energy = -0.4959903571616915
  |->  par_lens = 11, 11, 13
[TDSE] Running TDSE-SH-elliptical. step 14400, energy = -0.4943863125690873
  |->  par_lens = 11, 11, 13
[TDSE] Running TDSE-SH-elliptical. step 14600, energy = -0.4914001227301623
  |->  par_lens = 12, 12, 13
[TDSE] Running TDSE-SH-elliptical. step 14800, energy = -0.4879495642303186
  |->  par_lens = 17, 15, 15
[TDSE] Running TDSE-SH-elliptical. step 15000, energy = -0.485965555056777
  |->  par_lens = 20, 20, 19
[TDSE] Running TDSE-SH-elliptical. step 15200, energy = -0.4864782166971361
  |->  par_lens = 25, 24, 24
[TDSE] Running TDSE-SH-elliptical. step 15400, energy = -0.48808290937464804
  |->  par_lens = 27, 27, 28
[TDSE] Running TDSE-SH-elliptical. step 15600, energy = -0.4880191169965124
  |->  par_lens = 28, 29, 28
[TDSE] Running TDSE-SH-elliptical. step 15800, energy = -0.485213966615745
  |->  par_lens = 28, 29, 28
[TDSE] Running TDSE-SH-elliptical. step 16000, energy = -0.48162485425964396
  |->  par_lens = 28, 26, 25
[TDSE] Running TDSE-SH-elliptical. step 16200, energy = -0.47991263630563724
  |->  par_lens = 25, 23, 22
[TDSE] Running TDSE-SH-elliptical. step 16400, energy = -0.47955535357347706
  |->  par_lens = 23, 22, 20
[TDSE] Running TDSE-SH-elliptical. step 16600, energy = -0.4766024184298736
  |->  par_lens = 22, 21, 20
[TDSE] Running TDSE-SH-elliptical. step 16800, energy = -0.4683557627194986
  |->  par_lens = 23, 24, 23
[TDSE] Running TDSE-SH-elliptical. step 17000, energy = -0.45784772621939596
  |->  par_lens = 27, 28, 29
[TDSE] Running TDSE-SH-elliptical. step 17200, energy = -0.45211066175077397
  |->  par_lens = 37, 37, 35
[TDSE] Running TDSE-SH-elliptical. step 17400, energy = -0.45461075418981084
  |->  par_lens = 47, 45, 45
[TDSE] Running TDSE-SH-elliptical. step 17600, energy = -0.46047838015109793
  |->  par_lens = 52, 52, 50
[TDSE] Running TDSE-SH-elliptical. step 17800, energy = -0.4609301394041787
  |->  par_lens = 55, 55, 52
[TDSE] Running TDSE-SH-elliptical. step 18000, energy = -0.45303934229383674
  |->  par_lens = 52, 52, 52
[TDSE] Running TDSE-SH-elliptical. step 18200, energy = -0.4435043138246052
  |->  par_lens = 46, 46, 50
[TDSE] Running TDSE-SH-elliptical. step 18400, energy = -0.44064009834984014
  |->  par_lens = 42, 41, 43
[TDSE] Running TDSE-SH-elliptical. step 18600, energy = -0.44337692804915635
  |->  par_lens = 40, 38, 39
[TDSE] Running TDSE-SH-elliptical. step 18800, energy = -0.4409495355081248
  |->  par_lens = 43, 39, 40
[TDSE] Running TDSE-SH-elliptical. step 19000, energy = -0.4255969752548832
  |->  par_lens = 43, 41, 44
[TDSE] Running TDSE-SH-elliptical. step 19200, energy = -0.40402069459551415
  |->  par_lens = 51, 50, 53
[TDSE] Running TDSE-SH-elliptical. step 19400, energy = -0.3925228752782748
  |->  par_lens = 63, 63, 63
[TDSE] Running TDSE-SH-elliptical. step 19600, energy = -0.39925344498644655
  |->  par_lens = 80, 81, 79
[TDSE] Running TDSE-SH-elliptical. step 19800, energy = -0.41355658534841266
  |->  par_lens = 90, 91, 90
[TDSE] Running TDSE-SH-elliptical. step 20000, energy = -0.4164321700928909
  |->  par_lens = 95, 96, 94
[TDSE] Running TDSE-SH-elliptical. step 20200, energy = -0.4018793236956943
  |->  par_lens = 92, 91, 92
[TDSE] Running TDSE-SH-elliptical. step 20400, energy = -0.3841192760270179
  |->  par_lens = 82, 81, 80
[TDSE] Running TDSE-SH-elliptical. step 20600, energy = -0.3805651184420033
  |->  par_lens = 73, 72, 73
[TDSE] Running TDSE-SH-elliptical. step 20800, energy = -0.38981628498205345
  |->  par_lens = 77, 77, 79
[TDSE] Running TDSE-SH-elliptical. step 21000, energy = -0.39126698358435
  |->  par_lens = 80, 81, 79
[TDSE] Running TDSE-SH-elliptical. step 21200, energy = -0.36945790079236784
  |->  par_lens = 84, 87, 84
[TDSE] Running TDSE-SH-elliptical. step 21400, energy = -0.3354057042930843
  |->  par_lens = 91, 89, 89
[TDSE] Running TDSE-SH-elliptical. step 21600, energy = -0.31753341770709115
  |->  par_lens = 101, 107, 107
[TDSE] Running TDSE-SH-elliptical. step 21800, energy = -0.33025496989855435
  |->  par_lens = 127, 127, 127
[TDSE] Running TDSE-SH-elliptical. step 22000, energy = -0.3563281769871039
  |->  par_lens = 145, 144, 147
[TDSE] Running TDSE-SH-elliptical. step 22200, energy = -0.364342168647782
  |->  par_lens = 153, 151, 151
[TDSE] Running TDSE-SH-elliptical. step 22400, energy = -0.34420471189854224
  |->  par_lens = 145, 137, 144
[TDSE] Running TDSE-SH-elliptical. step 22600, energy = -0.31856557093796356
  |->  par_lens = 131, 127, 129
[TDSE] Running TDSE-SH-elliptical. step 22800, energy = -0.3151970058372614
  |->  par_lens = 123, 122, 121
[TDSE] Running TDSE-SH-elliptical. step 23000, energy = -0.33296138262050495
  |->  par_lens = 121, 123, 123
[TDSE] Running TDSE-SH-elliptical. step 23200, energy = -0.3413092235031701
  |->  par_lens = 129, 129, 128
[TDSE] Running TDSE-SH-elliptical. step 23400, energy = -0.3163574376899923
  |->  par_lens = 134, 131, 134
[TDSE] Running TDSE-SH-elliptical. step 23600, energy = -0.27262944284511237
  |->  par_lens = 139, 142, 137
[TDSE] Running TDSE-SH-elliptical. step 23800, energy = -0.24991546846066984
  |->  par_lens = 158, 159, 161
[TDSE] Running TDSE-SH-elliptical. step 24000, energy = -0.26872286457000605
  |->  par_lens = 183, 185, 185
[TDSE] Running TDSE-SH-elliptical. step 24200, energy = -0.3067222652235542
  |->  par_lens = 206, 207, 207
[TDSE] Running TDSE-SH-elliptical. step 24400, energy = -0.32188733575324185
  |->  par_lens = 211, 211, 212
[TDSE] Running TDSE-SH-elliptical. step 24600, energy = -0.30002657037470987
  |->  par_lens = 204, 202, 205
[TDSE] Running TDSE-SH-elliptical. step 24800, energy = -0.27002326352792133
  |->  par_lens = 189, 193, 191
[TDSE] Running TDSE-SH-elliptical. step 25000, energy = -0.26778723671278903
  |->  par_lens = 180, 180, 178
[TDSE] Running TDSE-SH-elliptical. step 25200, energy = -0.29305990525318165
  |->  par_lens = 179, 177, 180
[TDSE] Running TDSE-SH-elliptical. step 25400, energy = -0.30899553208129527
  |->  par_lens = 188, 182, 184
[TDSE] Running TDSE-SH-elliptical. step 25600, energy = -0.2856060354685779
  |->  par_lens = 187, 187, 183
[TDSE] Running TDSE-SH-elliptical. step 25800, energy = -0.238693563568949
  |->  par_lens = 193, 197, 189
[TDSE] Running TDSE-SH-elliptical. step 26000, energy = -0.21447834404863442
  |->  par_lens = 208, 211, 210
[TDSE] Running TDSE-SH-elliptical. step 26200, energy = -0.23734657899148237
  |->  par_lens = 227, 234, 232
[TDSE] Running TDSE-SH-elliptical. step 26400, energy = -0.2832776199689995
  |->  par_lens = 254, 252, 251
[TDSE] Running TDSE-SH-elliptical. step 26600, energy = -0.3054447069728237
  |->  par_lens = 258, 255, 258
[TDSE] Running TDSE-SH-elliptical. step 26800, energy = -0.286961779642059
  |->  par_lens = 248, 247, 245
[TDSE] Running TDSE-SH-elliptical. step 27000, energy = -0.2581068093053393
  |->  par_lens = 228, 230, 228
[TDSE] Running TDSE-SH-elliptical. step 27200, energy = -0.2575332793590984
  |->  par_lens = 217, 214, 212
[TDSE] Running TDSE-SH-elliptical. step 27400, energy = -0.286321023827582
  |->  par_lens = 212, 206, 207
[TDSE] Running TDSE-SH-elliptical. step 27600, energy = -0.3073991539770223
  |->  par_lens = 211, 210, 205
[TDSE] Running TDSE-SH-elliptical. step 27800, energy = -0.289563767338332
  |->  par_lens = 213, 216, 214
[TDSE] Running TDSE-SH-elliptical. step 28000, energy = -0.24721707825408748
  |->  par_lens = 225, 218, 219
[TDSE] Running TDSE-SH-elliptical. step 28200, energy = -0.2253976749056998
  |->  par_lens = 242, 243, 234
[TDSE] Running TDSE-SH-elliptical. step 28400, energy = -0.2487296200722006
  |->  par_lens = 254, 258, 257
[TDSE] Running TDSE-SH-elliptical. step 28600, energy = -0.2955726391168178
  |->  par_lens = 266, 271, 276
[TDSE] Running TDSE-SH-elliptical. step 28800, energy = -0.32187104119784704
  |->  par_lens = 280, 275, 283
[TDSE] Running TDSE-SH-elliptical. step 29000, energy = -0.3106346340762079
  |->  par_lens = 266, 276, 271
[TDSE] Running TDSE-SH-elliptical. step 29200, energy = -0.28810597698511736
  |->  par_lens = 255, 256, 258
[TDSE] Running TDSE-SH-elliptical. step 29400, energy = -0.28909991570143745
  |->  par_lens = 236, 236, 239
[TDSE] Running TDSE-SH-elliptical. step 29600, energy = -0.3160014034625327
  |->  par_lens = 224, 218, 224
[TDSE] Running TDSE-SH-elliptical. step 29800, energy = -0.3375235022212229
  |->  par_lens = 220, 219, 220
[TDSE] Running TDSE-SH-elliptical. step 30000, energy = -0.32671189404859
  |->  par_lens = 227, 221, 226
[TDSE] Running TDSE-SH-elliptical. step 30200, energy = -0.29465300110087533
  |->  par_lens = 238, 231, 235
[TDSE] Running TDSE-SH-elliptical. step 30400, energy = -0.2781548817348911
  |->  par_lens = 243, 249, 250
[TDSE] Running TDSE-SH-elliptical. step 30600, energy = -0.2982580575605558
  |->  par_lens = 264, 265, 267
[TDSE] Running TDSE-SH-elliptical. step 30800, energy = -0.33858099223829713
  |->  par_lens = 277, 276, 278
[TDSE] Running TDSE-SH-elliptical. step 31000, energy = -0.3642641863503493
  |->  par_lens = 286, 280, 285
[TDSE] Running TDSE-SH-elliptical. step 31200, energy = -0.3609876674021679
  |->  par_lens = 280, 279, 278
[TDSE] Running TDSE-SH-elliptical. step 31400, energy = -0.3473634603455428
  |->  par_lens = 268, 267, 261
[TDSE] Running TDSE-SH-elliptical. step 31600, energy = -0.34939552978417276
  |->  par_lens = 252, 249, 254
[TDSE] Running TDSE-SH-elliptical. step 31800, energy = -0.3699223245926483
  |->  par_lens = 240, 238, 245
[TDSE] Running TDSE-SH-elliptical. step 32000, energy = -0.3871027894108062
  |->  par_lens = 231, 227, 234
[TDSE] Running TDSE-SH-elliptical. step 32200, energy = -0.3820430482265031
  |->  par_lens = 227, 231, 232
[TDSE] Running TDSE-SH-elliptical. step 32400, energy = -0.36196817863973263
  |->  par_lens = 245, 245, 239
[TDSE] Running TDSE-SH-elliptical. step 32600, energy = -0.3518090372144317
  |->  par_lens = 252, 251, 257
[TDSE] Running TDSE-SH-elliptical. step 32800, energy = -0.36632571765679567
  |->  par_lens = 270, 267, 267
[TDSE] Running TDSE-SH-elliptical. step 33000, energy = -0.3951590206811375
  |->  par_lens = 279, 275, 280
[TDSE] Running TDSE-SH-elliptical. step 33200, energy = -0.41570109137081285
  |->  par_lens = 283, 281, 286
[TDSE] Running TDSE-SH-elliptical. step 33400, energy = -0.4180205027192867
  |->  par_lens = 281, 280, 281
[TDSE] Running TDSE-SH-elliptical. step 33600, energy = -0.41258952946129945
  |->  par_lens = 277, 274, 273
[TDSE] Running TDSE-SH-elliptical. step 33800, energy = -0.4149461115641306
  |->  par_lens = 263, 264, 269
[TDSE] Running TDSE-SH-elliptical. step 34000, energy = -0.42727179238141416
  |->  par_lens = 254, 253, 253
[TDSE] Running TDSE-SH-elliptical. step 34200, energy = -0.4375977333547124
  |->  par_lens = 247, 240, 247
[TDSE] Running TDSE-SH-elliptical. step 34400, energy = -0.43570992688545523
  |->  par_lens = 244, 242, 243
[TDSE] Running TDSE-SH-elliptical. step 34600, energy = -0.4256255465276783
  |->  par_lens = 247, 247, 252
[TDSE] Running TDSE-SH-elliptical. step 34800, energy = -0.42083832838615715
  |->  par_lens = 256, 252, 260
[TDSE] Running TDSE-SH-elliptical. step 35000, energy = -0.4293417128142178
  |->  par_lens = 269, 263, 262
[TDSE] Running TDSE-SH-elliptical. step 35200, energy = -0.44589580463590983
  |->  par_lens = 274, 275, 272
[TDSE] Running TDSE-SH-elliptical. step 35400, energy = -0.45903055240222046
  |->  par_lens = 280, 277, 278
[TDSE] Running TDSE-SH-elliptical. step 35600, energy = -0.46328594701353903
  |->  par_lens = 281, 277, 281
[TDSE] Running TDSE-SH-elliptical. step 35800, energy = -0.46294624739052453
  |->  par_lens = 270, 273, 273
[TDSE] Running TDSE-SH-elliptical. step 36000, energy = -0.4648580414227437
  |->  par_lens = 263, 270, 269
[TDSE] Running TDSE-SH-elliptical. step 36200, energy = -0.4701960805060105
  |->  par_lens = 257, 256, 262
[TDSE] Running TDSE-SH-elliptical. step 36400, energy = -0.4743164064749389
  |->  par_lens = 250, 255, 260
[TDSE] Running TDSE-SH-elliptical. step 36600, energy = -0.4734587706678461
  |->  par_lens = 248, 253, 256
[TDSE] Running TDSE-SH-elliptical. step 36800, energy = -0.4695379785626032
  |->  par_lens = 252, 247, 257
[TDSE] Running TDSE-SH-elliptical. step 37000, energy = -0.46794492744433464
  |->  par_lens = 255, 257, 262
[TDSE] Running TDSE-SH-elliptical. step 37200, energy = -0.47170480386953995
  |->  par_lens = 261, 260, 264
[TDSE] Running TDSE-SH-elliptical. step 37400, energy = -0.4788428692422349
  |->  par_lens = 261, 259, 263
[TDSE] Running TDSE-SH-elliptical. step 37600, energy = -0.48514545549533866
  |->  par_lens = 263, 258, 266
[TDSE] Running TDSE-SH-elliptical. step 37800, energy = -0.4884134948020964
  |->  par_lens = 268, 259, 263
[TDSE] Running TDSE-SH-elliptical. step 38000, energy = -0.48962699868347886
  |->  par_lens = 264, 256, 260
[TDSE] Running TDSE-SH-elliptical. step 38200, energy = -0.4906677085305304
  |->  par_lens = 255, 253, 252
[TDSE] Running TDSE-SH-elliptical. step 38400, energy = -0.4919711958141017
  |->  par_lens = 248, 241, 248
[TDSE] Running TDSE-SH-elliptical. step 38600, energy = -0.492590611985893
  |->  par_lens = 247, 234, 244
[TDSE] Running TDSE-SH-elliptical. step 38800, energy = -0.4919325850265783
  |->  par_lens = 237, 236, 240
[TDSE] Running TDSE-SH-elliptical. step 39000, energy = -0.4907433634250299
  |->  par_lens = 230, 232, 234
[TDSE] Running TDSE-SH-elliptical. step 39200, energy = -0.4903700189964465
  |->  par_lens = 233, 233, 237
[TDSE] Running TDSE-SH-elliptical. step 39400, energy = -0.4914274961452538
  |->  par_lens = 239, 238, 237
[TDSE] Running TDSE-SH-elliptical. step 39600, energy = -0.49339681812900155
  |->  par_lens = 238, 238, 236
[TDSE] Running TDSE-SH-elliptical. step 39800, energy = -0.4953207629069724
  |->  par_lens = 238, 238, 237
[TDSE] Running TDSE-SH-elliptical. step 40000, energy = -0.4966331955494626
  |->  par_lens = 238, 238, 237
[TDSE] Running TDSE-SH-elliptical. step 40200, energy = -0.49733076803262244
  |->  par_lens = 235, 236, 236
[TDSE] Running TDSE-SH-elliptical. step 40400, energy = -0.49762377523566426
  |->  par_lens = 233, 235, 233
[TDSE] Running TDSE-SH-elliptical. step 40600, energy = -0.4976383230514396
  |->  par_lens = 232, 231, 231
[TDSE] Running TDSE-SH-elliptical. step 40800, energy = -0.4974292468922596
  |->  par_lens = 232, 232, 230
[TDSE] Running TDSE-SH-elliptical. step 41000, energy = -0.497108650801616
  |->  par_lens = 233, 231, 230
[TDSE] Running TDSE-SH-elliptical. step 41200, energy = -0.4968486927229628
  |->  par_lens = 232, 233, 229
[TDSE] Running TDSE-SH-elliptical. step 41400, energy = -0.49677193615838555
  |->  par_lens = 233, 233, 230
[TDSE] Running TDSE-SH-elliptical. step 41600, energy = -0.4968759661178729
  |->  par_lens = 233, 233, 231
[TDSE] Running TDSE-SH-elliptical. step 41800, energy = -0.49706903295374033
  |->  par_lens = 233, 234, 231
[TDSE] Running TDSE-SH-elliptical. step 42000, energy = -0.4972540024985483
  |->  par_lens = 233, 233, 231
[TDSE] Running TDSE-SH-elliptical. step 42200, energy = -0.49737657681568864
  |->  par_lens = 233, 233, 231
[TDSE] Running TDSE-SH-elliptical. step 42400, energy = -0.49743275927409486
  |->  par_lens = 234, 233, 232
[TDSE] Running TDSE-SH-elliptical. step 42600, energy = -0.49744585408190234
  |->  par_lens = 234, 233, 232
[TDSE] Running TDSE-SH-elliptical. step 42800, energy = -0.4974449208677118
  |->  par_lens = 234, 233, 232
[TDSE] Running TDSE-SH-elliptical. step 43000, energy = -0.4974479346817203
  |->  par_lens = 234, 233, 232
[TDSE] Running TDSE-SH-elliptical. step 43200, energy = -0.4974550571400299
  |->  par_lens = 234, 233, 232
[TDSE] Running TDSE-SH-elliptical. step 43400, energy = -0.49746280743943067
  |->  par_lens = 234, 234, 232
[TDSE] Running TDSE-SH-elliptical. step 43600, energy = -0.49747106686320985
  |->  par_lens = 234, 235, 232
[TDSE] Running TDSE-SH-elliptical. step 43800, energy = -0.49747953636452
  |->  par_lens = 234, 235, 232
[TDSE] Running TDSE-SH-elliptical. step 44000, energy = -0.4974886497047068
  |->  par_lens = 234, 235, 232
[TDSE] Running TDSE-SH-elliptical. step 44200, energy = -0.49749790211756856
  |->  par_lens = 234, 235, 232
[TDSE] Running TDSE-SH-elliptical. step 44400, energy = -0.49750758485156854
  |->  par_lens = 234, 235, 232
[TDSE] Running TDSE-SH-elliptical. step 44600, energy = -0.4975182317335035
  |->  par_lens = 234, 235, 233
[TDSE] Running TDSE-SH-elliptical. step 44800, energy = -0.49753000357407884
  |->  par_lens = 236, 235, 234
[TDSE] Running TDSE-SH-elliptical. step 45000, energy = -0.4975426207433163
  |->  par_lens = 236, 235, 234
