  Activating project at `~/JuliaProp_v0.1`
[ITP]: 10000.500151030976
[ITP]: 3.0490838964780664e-8
[ITP]: 7.575335692067142e-9
Energy of ground state: -0.5001510690415283
[TDSE] Start TDSE-SH for elliptical polarized laser. It may cost a plenty of time.
[TDSE] Running TDSE-SH-elliptical. step 0, energy = -0.5001510690415277
  |->  par_lens = 2, 2, 2
[TDSE] Running TDSE-SH-elliptical. step 200, energy = -0.5001510690413841
  |->  par_lens = 2, 2, 2
[TDSE] Running TDSE-SH-elliptical. step 400, energy = -0.5001510690412387
  |->  par_lens = 2, 2, 2
[TDSE] Running TDSE-SH-elliptical. step 600, energy = -0.5001510690410673
  |->  par_lens = 2, 2, 2
[TDSE] Running TDSE-SH-elliptical. step 800, energy = -0.5001510690408009
  |->  par_lens = 2, 2, 2
[TDSE] Running TDSE-SH-elliptical. step 1000, energy = -0.5001510690402664
  |->  par_lens = 2, 2, 2
[TDSE] Running TDSE-SH-elliptical. step 1200, energy = -0.5001510690390946
  |->  par_lens = 2, 2, 2
[TDSE] Running TDSE-SH-elliptical. step 1400, energy = -0.5001510690366691
  |->  par_lens = 2, 2, 2
[TDSE] Running TDSE-SH-elliptical. step 1600, energy = -0.5001510690320747
  |->  par_lens = 2, 2, 2
[TDSE] Running TDSE-SH-elliptical. step 1800, energy = -0.5001510690240185
  |->  par_lens = 2, 2, 2
[TDSE] Running TDSE-SH-elliptical. step 2000, energy = -0.500151069010796
  |->  par_lens = 2, 2, 2
[TDSE] Running TDSE-SH-elliptical. step 2200, energy = -0.500151068990138
  |->  par_lens = 2, 2, 2
[TDSE] Running TDSE-SH-elliptical. step 2400, energy = -0.5001510689593942
  |->  par_lens = 2, 2, 2
[TDSE] Running TDSE-SH-elliptical. step 2600, energy = -0.5001510689152866
  |->  par_lens = 2, 2, 2
[TDSE] Running TDSE-SH-elliptical. step 2800, energy = -0.5001510688540001
  |->  par_lens = 2, 2, 2
[TDSE] Running TDSE-SH-elliptical. step 3000, energy = -0.5001510687714614
  |->  par_lens = 2, 2, 2
[TDSE] Running TDSE-SH-elliptical. step 3200, energy = -0.5001510686626168
  |->  par_lens = 2, 2, 2
[TDSE] Running TDSE-SH-elliptical. step 3400, energy = -0.5001510685230073
  |->  par_lens = 2, 2, 2
[TDSE] Running TDSE-SH-elliptical. step 3600, energy = -0.5001510683463661
  |->  par_lens = 2, 2, 2
[TDSE] Running TDSE-SH-elliptical. step 3800, energy = -0.5001510681275
  |->  par_lens = 2, 2, 2
[TDSE] Running TDSE-SH-elliptical. step 4000, energy = -0.5001510678615865
  |->  par_lens = 2, 2, 2
[TDSE] Running TDSE-SH-elliptical. step 4200, energy = -0.5001510675402578
  |->  par_lens = 2, 2, 2
[TDSE] Running TDSE-SH-elliptical. step 4400, energy = -0.5001510671607122
  |->  par_lens = 2, 2, 2
[TDSE] Running TDSE-SH-elliptical. step 4600, energy = -0.5001510667157351
  |->  par_lens = 2, 2, 2
[TDSE] Running TDSE-SH-elliptical. step 4800, energy = -0.5001510662006916
  |->  par_lens = 2, 2, 2
[TDSE] Running TDSE-SH-elliptical. step 5000, energy = -0.5001510656111066
  |->  par_lens = 2, 2, 2
[TDSE] Running TDSE-SH-elliptical. step 5200, energy = -0.5001510649396166
  |->  par_lens = 2, 2, 2
[TDSE] Running TDSE-SH-elliptical. step 5400, energy = -0.5001510641915875
  |->  par_lens = 2, 2, 2
[TDSE] Running TDSE-SH-elliptical. step 5600, energy = -0.5001510633524782
  |->  par_lens = 2, 2, 2
[TDSE] Running TDSE-SH-elliptical. step 5800, energy = -0.5001510624254952
  |->  par_lens = 2, 2, 2
[TDSE] Running TDSE-SH-elliptical. step 6000, energy = -0.5001510614164264
  |->  par_lens = 2, 2, 2
[TDSE] Running TDSE-SH-elliptical. step 6200, energy = -0.500151060311404
  |->  par_lens = 2, 2, 2
[TDSE] Running TDSE-SH-elliptical. step 6400, energy = -0.5001510591237288
  |->  par_lens = 2, 2, 2
[TDSE] Running TDSE-SH-elliptical. step 6600, energy = -0.5001510578428868
  |->  par_lens = 2, 2, 2
[TDSE] Running TDSE-SH-elliptical. step 6800, energy = -0.5001510564858164
  |->  par_lens = 2, 2, 2
[TDSE] Running TDSE-SH-elliptical. step 7000, energy = -0.5001510550498323
  |->  par_lens = 2, 2, 2
[TDSE] Running TDSE-SH-elliptical. step 7200, energy = -0.5001510535225271
  |->  par_lens = 2, 2, 2
[TDSE] Running TDSE-SH-elliptical. step 7400, energy = -0.5001510519472474
  |->  par_lens = 2, 2, 2
[TDSE] Running TDSE-SH-elliptical. step 7600, energy = -0.5001510502927433
  |->  par_lens = 2, 2, 2
[TDSE] Running TDSE-SH-elliptical. step 7800, energy = -0.500151048583645
  |->  par_lens = 2, 2, 2
[TDSE] Running TDSE-SH-elliptical. step 8000, energy = -0.5001510468326211
  |->  par_lens = 2, 2, 2
[TDSE] Running TDSE-SH-elliptical. step 8200, energy = -0.5001510450230648
  |->  par_lens = 2, 2, 2
[TDSE] Running TDSE-SH-elliptical. step 8400, energy = -0.5001510432026328
  |->  par_lens = 2, 2, 2
[TDSE] Running TDSE-SH-elliptical. step 8600, energy = -0.5001510413349383
  |->  par_lens = 2, 2, 2
[TDSE] Running TDSE-SH-elliptical. step 8800, energy = -0.5001510394680224
  |->  par_lens = 2, 2, 2
[TDSE] Running TDSE-SH-elliptical. step 9000, energy = -0.5001510375906394
  |->  par_lens = 2, 2, 2
[TDSE] Running TDSE-SH-elliptical. step 9200, energy = -0.5001510356921318
  |->  par_lens = 2, 2, 2
[TDSE] Running TDSE-SH-elliptical. step 9400, energy = -0.5001510338536143
  |->  par_lens = 2, 2, 2
[TDSE] Running TDSE-SH-elliptical. step 9600, energy = -0.5001510319896838
  |->  par_lens = 2, 2, 2
[TDSE] Running TDSE-SH-elliptical. step 9800, energy = -0.5001510301598333
  |->  par_lens = 2, 2, 2
[TDSE] Running TDSE-SH-elliptical. step 10000, energy = -0.5001510283849755
  |->  par_lens = 2, 2, 2
[TDSE] Running TDSE-SH-elliptical. step 10200, energy = -0.500151014459196
  |->  par_lens = 2, 2, 2
[TDSE] Running TDSE-SH-elliptical. step 10400, energy = -0.5001508756375035
  |->  par_lens = 2, 2, 2
[TDSE] Running TDSE-SH-elliptical. step 10600, energy = -0.5001505364759361
  |->  par_lens = 2, 2, 2
[TDSE] Running TDSE-SH-elliptical. step 10800, energy = -0.5001496155035955
  |->  par_lens = 2, 2, 2
[TDSE] Running TDSE-SH-elliptical. step 11000, energy = -0.5001427960872423
  |->  par_lens = 3, 2, 2
[TDSE] Running TDSE-SH-elliptical. step 11200, energy = -0.5001132662794631
  |->  par_lens = 4, 3, 3
[TDSE] Running TDSE-SH-elliptical. step 11400, energy = -0.500047562426717
  |->  par_lens = 4, 3, 3
[TDSE] Running TDSE-SH-elliptical. step 11600, energy = -0.4999741577830071
  |->  par_lens = 4, 3, 3
[TDSE] Running TDSE-SH-elliptical. step 11800, energy = -0.4999603748437334
  |->  par_lens = 4, 4, 3
[TDSE] Running TDSE-SH-elliptical. step 12000, energy = -0.49999940731738723
  |->  par_lens = 4, 4, 4
[TDSE] Running TDSE-SH-elliptical. step 12200, energy = -0.4999118924974461
  |->  par_lens = 4, 4, 4
[TDSE] Running TDSE-SH-elliptical. step 12400, energy = -0.4994917791702312
  |->  par_lens = 5, 5, 5
[TDSE] Running TDSE-SH-elliptical. step 12600, energy = -0.4988667632972896
  |->  par_lens = 6, 6, 6
[TDSE] Running TDSE-SH-elliptical. step 12800, energy = -0.4985726525150627
  |->  par_lens = 7, 6, 7
[TDSE] Running TDSE-SH-elliptical. step 13000, energy = -0.49894596776357963
  |->  par_lens = 7, 7, 7
[TDSE] Running TDSE-SH-elliptical. step 13200, energy = -0.4993957664636527
  |->  par_lens = 7, 7, 7
[TDSE] Running TDSE-SH-elliptical. step 13400, energy = -0.49871105474423033
  |->  par_lens = 7, 7, 7
[TDSE] Running TDSE-SH-elliptical. step 13600, energy = -0.4965696909730938
  |->  par_lens = 8, 8, 7
[TDSE] Running TDSE-SH-elliptical. step 13800, energy = -0.49455267937891717
  |->  par_lens = 10, 10, 9
[TDSE] Running TDSE-SH-elliptical. step 14000, energy = -0.49472122670579327
  |->  par_lens = 10, 10, 9
[TDSE] Running TDSE-SH-elliptical. step 14200, energy = -0.4967868845061373
  |->  par_lens = 10, 10, 9
[TDSE] Running TDSE-SH-elliptical. step 14400, energy = -0.4974019475892192
  |->  par_lens = 10, 10, 9
[TDSE] Running TDSE-SH-elliptical. step 14600, energy = -0.4936779263513225
  |->  par_lens = 10, 10, 10
[TDSE] Running TDSE-SH-elliptical. step 14800, energy = -0.4875391190616092
  |->  par_lens = 13, 12, 13
[TDSE] Running TDSE-SH-elliptical. step 15000, energy = -0.4848472042597189
  |->  par_lens = 14, 13, 13
[TDSE] Running TDSE-SH-elliptical. step 15200, energy = -0.4886563567815479
  |->  par_lens = 14, 15, 14
[TDSE] Running TDSE-SH-elliptical. step 15400, energy = -0.4939680043602578
  |->  par_lens = 15, 17, 15
[TDSE] Running TDSE-SH-elliptical. step 15600, energy = -0.4918952654107561
  |->  par_lens = 15, 17, 15
[TDSE] Running TDSE-SH-elliptical. step 15800, energy = -0.4805734232736333
  |->  par_lens = 16, 17, 16
[TDSE] Running TDSE-SH-elliptical. step 16000, energy = -0.46972149596408924
  |->  par_lens = 20, 19, 19
[TDSE] Running TDSE-SH-elliptical. step 16200, energy = -0.47090242910017505
  |->  par_lens = 21, 22, 20
[TDSE] Running TDSE-SH-elliptical. step 16400, energy = -0.4825418107770103
  |->  par_lens = 24, 24, 25
[TDSE] Running TDSE-SH-elliptical. step 16600, energy = -0.48863879072886085
  |->  par_lens = 24, 25, 26
[TDSE] Running TDSE-SH-elliptical. step 16800, energy = -0.4763158665074327
  |->  par_lens = 25, 24, 27
[TDSE] Running TDSE-SH-elliptical. step 17000, energy = -0.45349954375056317
  |->  par_lens = 24, 25, 27
[TDSE] Running TDSE-SH-elliptical. step 17200, energy = -0.44331713974934656
  |->  par_lens = 30, 31, 30
[TDSE] Running TDSE-SH-elliptical. step 17400, energy = -0.457290319311162
  |->  par_lens = 37, 37, 34
[TDSE] Running TDSE-SH-elliptical. step 17600, energy = -0.4781014216213963
  |->  par_lens = 38, 41, 43
[TDSE] Running TDSE-SH-elliptical. step 17800, energy = -0.47602782171425584
  |->  par_lens = 39, 42, 43
[TDSE] Running TDSE-SH-elliptical. step 18000, energy = -0.44464873780677455
  |->  par_lens = 39, 40, 38
[TDSE] Running TDSE-SH-elliptical. step 18200, energy = -0.41347319728042886
  |->  par_lens = 43, 42, 42
[TDSE] Running TDSE-SH-elliptical. step 18400, energy = -0.4163515917904913
  |->  par_lens = 48, 52, 51
[TDSE] Running TDSE-SH-elliptical. step 18600, energy = -0.44973648240392256
  |->  par_lens = 61, 64, 57
[TDSE] Running TDSE-SH-elliptical. step 18800, energy = -0.47076689222224255
  |->  par_lens = 61, 64, 65
[TDSE] Running TDSE-SH-elliptical. step 19000, energy = -0.4453176616222183
  |->  par_lens = 62, 63, 65
[TDSE] Running TDSE-SH-elliptical. step 19200, energy = -0.3923502880937599
  |->  par_lens = 61, 60, 55
[TDSE] Running TDSE-SH-elliptical. step 19400, energy = -0.3676309736888086
  |->  par_lens = 64, 67, 67
[TDSE] Running TDSE-SH-elliptical. step 19600, energy = -0.39913857600573704
  |->  par_lens = 82, 82, 84
[TDSE] Running TDSE-SH-elliptical. step 19800, energy = -0.44903508222129146
  |->  par_lens = 92, 96, 97
[TDSE] Running TDSE-SH-elliptical. step 20000, energy = -0.45156446741785755
  |->  par_lens = 99, 94, 101
[TDSE] Running TDSE-SH-elliptical. step 20200, energy = -0.3913635360608043
  |->  par_lens = 90, 96, 96
[TDSE] Running TDSE-SH-elliptical. step 20400, energy = -0.3290403343087555
  |->  par_lens = 80, 79, 80
[TDSE] Running TDSE-SH-elliptical. step 20600, energy = -0.33288843378131033
  |->  par_lens = 102, 104, 102
[TDSE] Running TDSE-SH-elliptical. step 20800, energy = -0.3987808405595581
  |->  par_lens = 127, 127, 124
[TDSE] Running TDSE-SH-elliptical. step 21000, energy = -0.4450725366556388
  |->  par_lens = 139, 137, 141
[TDSE] Running TDSE-SH-elliptical. step 21200, energy = -0.4065490580357293
  |->  par_lens = 135, 137, 138
[TDSE] Running TDSE-SH-elliptical. step 21400, energy = -0.3152925414483701
  |->  par_lens = 122, 124, 124
[TDSE] Running TDSE-SH-elliptical. step 21600, energy = -0.27104517426751573
  |->  par_lens = 113, 116, 112
[TDSE] Running TDSE-SH-elliptical. step 21800, energy = -0.32275458888096786
  |->  par_lens = 157, 153, 153
[TDSE] Running TDSE-SH-elliptical. step 22000, energy = -0.4108996479603953
  |->  par_lens = 181, 184, 180
[TDSE] Running TDSE-SH-elliptical. step 22200, energy = -0.42421832983032887
  |->  par_lens = 185, 188, 187
[TDSE] Running TDSE-SH-elliptical. step 22400, energy = -0.3348848281215604
  |->  par_lens = 173, 178, 176
[TDSE] Running TDSE-SH-elliptical. step 22600, energy = -0.2382004576924503
  |->  par_lens = 149, 154, 147
[TDSE] Running TDSE-SH-elliptical. step 22800, energy = -0.24130678143167383
  |->  par_lens = 165, 173, 167
[TDSE] Running TDSE-SH-elliptical. step 23000, energy = -0.34108104365206615
  |->  par_lens = 217, 214, 218
[TDSE] Running TDSE-SH-elliptical. step 23200, energy = -0.41780324357125853
  |->  par_lens = 237, 234, 230
[TDSE] Running TDSE-SH-elliptical. step 23400, energy = -0.3721359763602019
  |->  par_lens = 235, 231, 231
[TDSE] Running TDSE-SH-elliptical. step 23600, energy = -0.24646223873007628
  |->  par_lens = 208, 210, 214
[TDSE] Running TDSE-SH-elliptical. step 23800, energy = -0.1834534323520726
  |->  par_lens = 195, 192, 193
[TDSE] Running TDSE-SH-elliptical. step 24000, energy = -0.2506033526688793
  |->  par_lens = 236, 231, 232
[TDSE] Running TDSE-SH-elliptical. step 24200, energy = -0.37426512884721663
  |->  par_lens = 270, 272, 274
[TDSE] Running TDSE-SH-elliptical. step 24400, energy = -0.40271908875996926
  |->  par_lens = 275, 277, 282
[TDSE] Running TDSE-SH-elliptical. step 24600, energy = -0.2952186534136872
  |->  par_lens = 267, 268, 264
[TDSE] Running TDSE-SH-elliptical. step 24800, energy = -0.17259690553716195
  |->  par_lens = 244, 241, 241
[TDSE] Running TDSE-SH-elliptical. step 25000, energy = -0.1734035983135878
  |->  par_lens = 256, 242, 257
[TDSE] Running TDSE-SH-elliptical. step 25200, energy = -0.2954287459027272
  |->  par_lens = 302, 299, 299
[TDSE] Running TDSE-SH-elliptical. step 25400, energy = -0.3974611072077552
  |->  par_lens = 323, 326, 322
[TDSE] Running TDSE-SH-elliptical. step 25600, energy = -0.35446006355706944
  |->  par_lens = 322, 323, 321
[TDSE] Running TDSE-SH-elliptical. step 25800, energy = -0.21196376004596362
  |->  par_lens = 297, 294, 300
[TDSE] Running TDSE-SH-elliptical. step 26000, energy = -0.1374069767969098
  |->  par_lens = 265, 280, 275
[TDSE] Running TDSE-SH-elliptical. step 26200, energy = -0.2095860545903362
  |->  par_lens = 305, 306, 301
[TDSE] Running TDSE-SH-elliptical. step 26400, energy = -0.3519450820376829
  |->  par_lens = 339, 345, 343
[TDSE] Running TDSE-SH-elliptical. step 26600, energy = -0.39449806480444743
  |->  par_lens = 352, 346, 347
[TDSE] Running TDSE-SH-elliptical. step 26800, energy = -0.28780547210555724
  |->  par_lens = 340, 338, 338
[TDSE] Running TDSE-SH-elliptical. step 27000, energy = -0.1584645429980386
  |->  par_lens = 322, 309, 311
[TDSE] Running TDSE-SH-elliptical. step 27200, energy = -0.15542746746827463
  |->  par_lens = 329, 329, 319
[TDSE] Running TDSE-SH-elliptical. step 27400, energy = -0.2800333908987625
  |->  par_lens = 350, 354, 352
[TDSE] Running TDSE-SH-elliptical. step 27600, energy = -0.3918631037370587
  |->  par_lens = 368, 373, 367
[TDSE] Running TDSE-SH-elliptical. step 27800, energy = -0.3604609656352285
  |->  par_lens = 364, 372, 367
[TDSE] Running TDSE-SH-elliptical. step 28000, energy = -0.22625909965012625
  |->  par_lens = 354, 353, 352
[TDSE] Running TDSE-SH-elliptical. step 28200, energy = -0.15150522164472272
  |->  par_lens = 339, 338, 331
[TDSE] Running TDSE-SH-elliptical. step 28400, energy = -0.21668657642522443
  |->  par_lens = 356, 360, 356
[TDSE] Running TDSE-SH-elliptical. step 28600, energy = -0.3534226198872649
  |->  par_lens = 376, 375, 370
[TDSE] Running TDSE-SH-elliptical. step 28800, energy = -0.4030386865720758
  |->  par_lens = 376, 382, 375
[TDSE] Running TDSE-SH-elliptical. step 29000, energy = -0.31584794443507647
  |->  par_lens = 366, 367, 370
[TDSE] Running TDSE-SH-elliptical. step 29200, energy = -0.20172559769863693
  |->  par_lens = 357, 357, 347
[TDSE] Running TDSE-SH-elliptical. step 29400, energy = -0.1949004957177482
  |->  par_lens = 359, 350, 349
[TDSE] Running TDSE-SH-elliptical. step 29600, energy = -0.30216361414187226
  |->  par_lens = 362, 372, 370
[TDSE] Running TDSE-SH-elliptical. step 29800, energy = -0.4037147627356837
  |->  par_lens = 372, 380, 378
[TDSE] Running TDSE-SH-elliptical. step 30000, energy = -0.3872718345225399
  |->  par_lens = 378, 378, 381
[TDSE] Running TDSE-SH-elliptical. step 30200, energy = -0.28257546107465253
  |->  par_lens = 365, 371, 366
[TDSE] Running TDSE-SH-elliptical. step 30400, energy = -0.2200187630348157
  |->  par_lens = 358, 367, 361
[TDSE] Running TDSE-SH-elliptical. step 30600, energy = -0.2693653280546466
  |->  par_lens = 364, 367, 362
[TDSE] Running TDSE-SH-elliptical. step 30800, energy = -0.3791861569982747
  |->  par_lens = 371, 378, 380
[TDSE] Running TDSE-SH-elliptical. step 31000, energy = -0.42500829065949036
  |->  par_lens = 382, 380, 382
[TDSE] Running TDSE-SH-elliptical. step 31200, energy = -0.3668769910163726
  |->  par_lens = 379, 376, 380
[TDSE] Running TDSE-SH-elliptical. step 31400, energy = -0.2838065819077069
  |->  par_lens = 364, 364, 370
[TDSE] Running TDSE-SH-elliptical. step 31600, energy = -0.2753439472593518
  |->  par_lens = 366, 374, 365
[TDSE] Running TDSE-SH-elliptical. step 31800, energy = -0.3525309979779474
  |->  par_lens = 378, 366, 374
[TDSE] Running TDSE-SH-elliptical. step 32000, energy = -0.4281770085375575
  |->  par_lens = 380, 376, 382
[TDSE] Running TDSE-SH-elliptical. step 32200, energy = -0.4244496406682791
  |->  par_lens = 380, 376, 378
[TDSE] Running TDSE-SH-elliptical. step 32400, energy = -0.35807679422062966
  |->  par_lens = 371, 371, 375
[TDSE] Running TDSE-SH-elliptical. step 32600, energy = -0.31459105680031973
  |->  par_lens = 368, 364, 362
[TDSE] Running TDSE-SH-elliptical. step 32800, energy = -0.3453471806395921
  |->  par_lens = 370, 364, 369
[TDSE] Running TDSE-SH-elliptical. step 33000, energy = -0.4169292634858746
  |->  par_lens = 375, 367, 377
[TDSE] Running TDSE-SH-elliptical. step 33200, energy = -0.45166097456275667
  |->  par_lens = 376, 367, 381
[TDSE] Running TDSE-SH-elliptical. step 33400, energy = -0.4214440189164092
  |->  par_lens = 374, 372, 370
[TDSE] Running TDSE-SH-elliptical. step 33600, energy = -0.3725817393779155
  |->  par_lens = 370, 358, 366
[TDSE] Running TDSE-SH-elliptical. step 33800, energy = -0.366480490061811
  |->  par_lens = 359, 364, 363
[TDSE] Running TDSE-SH-elliptical. step 34000, energy = -0.4100456296886181
  |->  par_lens = 366, 369, 376
[TDSE] Running TDSE-SH-elliptical. step 34200, energy = -0.4555823628627328
  |->  par_lens = 374, 373, 377
[TDSE] Running TDSE-SH-elliptical. step 34400, energy = -0.4579002493413004
  |->  par_lens = 378, 376, 379
[TDSE] Running TDSE-SH-elliptical. step 34600, energy = -0.4251669202864873
  |->  par_lens = 367, 371, 378
[TDSE] Running TDSE-SH-elliptical. step 34800, energy = -0.4023175671232856
  |->  par_lens = 365, 369, 372
[TDSE] Running TDSE-SH-elliptical. step 35000, energy = -0.41757472180040067
  |->  par_lens = 368, 369, 370
[TDSE] Running TDSE-SH-elliptical. step 35200, energy = -0.4536528335760772
  |->  par_lens = 363, 367, 373
[TDSE] Running TDSE-SH-elliptical. step 35400, energy = -0.473371407635259
  |->  par_lens = 372, 371, 373
[TDSE] Running TDSE-SH-elliptical. step 35600, energy = -0.46217763424072233
  |->  par_lens = 371, 364, 365
[TDSE] Running TDSE-SH-elliptical. step 35800, energy = -0.44152903450460057
  |->  par_lens = 359, 358, 362
[TDSE] Running TDSE-SH-elliptical. step 36000, energy = -0.43796784544263256
  |->  par_lens = 357, 355, 362
[TDSE] Running TDSE-SH-elliptical. step 36200, energy = -0.4568086432436239
  |->  par_lens = 359, 351, 353
[TDSE] Running TDSE-SH-elliptical. step 36400, energy = -0.47653738544499974
  |->  par_lens = 361, 350, 354
[TDSE] Running TDSE-SH-elliptical. step 36600, energy = -0.4798164184182343
  |->  par_lens = 359, 355, 359
[TDSE] Running TDSE-SH-elliptical. step 36800, energy = -0.46865180129633194
  |->  par_lens = 348, 349, 351
[TDSE] Running TDSE-SH-elliptical. step 37000, energy = -0.4605163008500889
  |->  par_lens = 345, 338, 345
[TDSE] Running TDSE-SH-elliptical. step 37200, energy = -0.46568338433326534
  |->  par_lens = 346, 331, 340
[TDSE] Running TDSE-SH-elliptical. step 37400, energy = -0.478461520063989
  |->  par_lens = 338, 325, 338
[TDSE] Running TDSE-SH-elliptical. step 37600, energy = -0.486221618937141
  |->  par_lens = 327, 316, 332
[TDSE] Running TDSE-SH-elliptical. step 37800, energy = -0.48416762829618115
  |->  par_lens = 319, 308, 324
[TDSE] Running TDSE-SH-elliptical. step 38000, energy = -0.47865639239375807
  |->  par_lens = 304, 293, 311
[TDSE] Running TDSE-SH-elliptical. step 38200, energy = -0.47776868905644854
  |->  par_lens = 296, 282, 291
[TDSE] Running TDSE-SH-elliptical. step 38400, energy = -0.482675542324264
  |->  par_lens = 281, 270, 287
[TDSE] Running TDSE-SH-elliptical. step 38600, energy = -0.4880636995943805
  |->  par_lens = 274, 264, 276
[TDSE] Running TDSE-SH-elliptical. step 38800, energy = -0.48955095293483847
  |->  par_lens = 260, 253, 267
[TDSE] Running TDSE-SH-elliptical. step 39000, energy = -0.4876734493151036
  |->  par_lens = 252, 250, 245
[TDSE] Running TDSE-SH-elliptical. step 39200, energy = -0.48617072603436495
  |->  par_lens = 232, 230, 238
[TDSE] Running TDSE-SH-elliptical. step 39400, energy = -0.48718309009780586
  |->  par_lens = 227, 223, 225
[TDSE] Running TDSE-SH-elliptical. step 39600, energy = -0.48958082041494283
  |->  par_lens = 219, 212, 216
[TDSE] Running TDSE-SH-elliptical. step 39800, energy = -0.4912214434486063
  |->  par_lens = 206, 195, 204
[TDSE] Running TDSE-SH-elliptical. step 40000, energy = -0.49130968246507895
  |->  par_lens = 196, 189, 193
[TDSE] Running TDSE-SH-elliptical. step 40200, energy = -0.4908376810682213
  |->  par_lens = 188, 180, 182
[TDSE] Running TDSE-SH-elliptical. step 40400, energy = -0.49076958717058966
  |->  par_lens = 174, 173, 175
[TDSE] Running TDSE-SH-elliptical. step 40600, energy = -0.49126841090693546
  |->  par_lens = 163, 161, 162
[TDSE] Running TDSE-SH-elliptical. step 40800, energy = -0.4918038723355209
  |->  par_lens = 161, 152, 157
[TDSE] Running TDSE-SH-elliptical. step 41000, energy = -0.49202029048139234
  |->  par_lens = 155, 149, 147
[TDSE] Running TDSE-SH-elliptical. step 41200, energy = -0.491985644169887
  |->  par_lens = 154, 146, 148
[TDSE] Running TDSE-SH-elliptical. step 41400, energy = -0.4919576882925445
  |->  par_lens = 154, 143, 147
[TDSE] Running TDSE-SH-elliptical. step 41600, energy = -0.492020556588767
  |->  par_lens = 153, 143, 147
[TDSE] Running TDSE-SH-elliptical. step 41800, energy = -0.4921073564340721
  |->  par_lens = 151, 142, 144
[TDSE] Running TDSE-SH-elliptical. step 42000, energy = -0.49218766854111035
  |->  par_lens = 150, 140, 144
[TDSE] Running TDSE-SH-elliptical. step 42200, energy = -0.49221833565788903
  |->  par_lens = 149, 138, 142
[TDSE] Running TDSE-SH-elliptical. step 42400, energy = -0.4922392375414285
  |->  par_lens = 147, 138, 141
[TDSE] Running TDSE-SH-elliptical. step 42600, energy = -0.4922514214625747
  |->  par_lens = 146, 136, 139
[TDSE] Running TDSE-SH-elliptical. step 42800, energy = -0.49226312782186155
  |->  par_lens = 145, 136, 138
[TDSE] Running TDSE-SH-elliptical. step 43000, energy = -0.4922785201856569
  |->  par_lens = 144, 136, 136
[TDSE] Running TDSE-SH-elliptical. step 43200, energy = -0.49229057395959297
  |->  par_lens = 140, 136, 136
[TDSE] Running TDSE-SH-elliptical. step 43400, energy = -0.4923069659865934
  |->  par_lens = 140, 134, 135
[TDSE] Running TDSE-SH-elliptical. step 43600, energy = -0.4923220942470474
  |->  par_lens = 139, 134, 135
[TDSE] Running TDSE-SH-elliptical. step 43800, energy = -0.4923389710611863
  |->  par_lens = 138, 133, 134
[TDSE] Running TDSE-SH-elliptical. step 44000, energy = -0.49236308072264084
  |->  par_lens = 135, 131, 133
[TDSE] Running TDSE-SH-elliptical. step 44200, energy = -0.4923833558804256
  |->  par_lens = 134, 130, 132
[TDSE] Running TDSE-SH-elliptical. step 44400, energy = -0.49240235897809953
  |->  par_lens = 132, 130, 129
[TDSE] Running TDSE-SH-elliptical. step 44600, energy = -0.49241331441763225
  |->  par_lens = 130, 130, 129
[TDSE] Running TDSE-SH-elliptical. step 44800, energy = -0.4924264873272835
  |->  par_lens = 127, 130, 127
[TDSE] Running TDSE-SH-elliptical. step 45000, energy = -0.49245288682380606
  |->  par_lens = 127, 129, 126
