  Activating project at `~/JuliaProp_v0.1`
[ITP]: 10000.500151030976
[ITP]: 3.0490838964780664e-8
[ITP]: 7.575335692067142e-9
Energy of ground state: -0.5001510690415283
[TDSE] Start TDSE-SH for elliptical polarized laser. It may cost a plenty of time.
[TDSE] Running TDSE-SH-elliptical. step 0, energy = -0.5001510690415277
  |->  par_lens = 2, 2, 2
[TDSE] Running TDSE-SH-elliptical. step 200, energy = -0.5001510690413812
  |->  par_lens = 2, 2, 2
[TDSE] Running TDSE-SH-elliptical. step 400, energy = -0.5001510690410109
  |->  par_lens = 2, 2, 2
[TDSE] Running TDSE-SH-elliptical. step 600, energy = -0.5001510690385662
  |->  par_lens = 2, 2, 2
[TDSE] Running TDSE-SH-elliptical. step 800, energy = -0.5001510690269668
  |->  par_lens = 2, 2, 2
[TDSE] Running TDSE-SH-elliptical. step 1000, energy = -0.5001510689889733
  |->  par_lens = 2, 2, 2
[TDSE] Running TDSE-SH-elliptical. step 1200, energy = -0.5001510688905051
  |->  par_lens = 2, 2, 2
[TDSE] Running TDSE-SH-elliptical. step 1400, energy = -0.5001510686738381
  |->  par_lens = 2, 2, 2
[TDSE] Running TDSE-SH-elliptical. step 1600, energy = -0.5001510682505442
  |->  par_lens = 2, 2, 2
[TDSE] Running TDSE-SH-elliptical. step 1800, energy = -0.5001510674932178
  |->  par_lens = 2, 2, 2
[TDSE] Running TDSE-SH-elliptical. step 2000, energy = -0.5001510662345802
  |->  par_lens = 2, 2, 2
[TDSE] Running TDSE-SH-elliptical. step 2200, energy = -0.5001510642497583
  |->  par_lens = 2, 2, 2
[TDSE] Running TDSE-SH-elliptical. step 2400, energy = -0.5001510612748461
  |->  par_lens = 2, 2, 2
[TDSE] Running TDSE-SH-elliptical. step 2600, energy = -0.5001510569806658
  |->  par_lens = 2, 2, 2
[TDSE] Running TDSE-SH-elliptical. step 2800, energy = -0.5001510509830234
  |->  par_lens = 2, 2, 2
[TDSE] Running TDSE-SH-elliptical. step 3000, energy = -0.500151042868237
  |->  par_lens = 2, 2, 2
[TDSE] Running TDSE-SH-elliptical. step 3200, energy = -0.5001510321232804
  |->  par_lens = 2, 2, 2
[TDSE] Running TDSE-SH-elliptical. step 3400, energy = -0.5001510182902125
  |->  par_lens = 2, 2, 2
[TDSE] Running TDSE-SH-elliptical. step 3600, energy = -0.5001510007305064
  |->  par_lens = 2, 2, 2
[TDSE] Running TDSE-SH-elliptical. step 3800, energy = -0.5001509789103482
  |->  par_lens = 2, 2, 2
[TDSE] Running TDSE-SH-elliptical. step 4000, energy = -0.5001509523316091
  |->  par_lens = 2, 2, 2
[TDSE] Running TDSE-SH-elliptical. step 4200, energy = -0.5001509201456052
  |->  par_lens = 2, 2, 2
[TDSE] Running TDSE-SH-elliptical. step 4400, energy = -0.5001508820582987
  |->  par_lens = 2, 2, 2
[TDSE] Running TDSE-SH-elliptical. step 4600, energy = -0.5001508373398105
  |->  par_lens = 2, 2, 2
[TDSE] Running TDSE-SH-elliptical. step 4800, energy = -0.5001507855238789
  |->  par_lens = 2, 2, 2
[TDSE] Running TDSE-SH-elliptical. step 5000, energy = -0.5001507261652833
  |->  par_lens = 2, 2, 2
[TDSE] Running TDSE-SH-elliptical. step 5200, energy = -0.5001506585390594
  |->  par_lens = 2, 2, 2
[TDSE] Running TDSE-SH-elliptical. step 5400, energy = -0.5001505832027229
  |->  par_lens = 2, 2, 2
[TDSE] Running TDSE-SH-elliptical. step 5600, energy = -0.5001504987302896
  |->  par_lens = 2, 2, 2
[TDSE] Running TDSE-SH-elliptical. step 5800, energy = -0.500150405487164
  |->  par_lens = 2, 2, 2
[TDSE] Running TDSE-SH-elliptical. step 6000, energy = -0.5001503041071381
  |->  par_lens = 2, 2, 2
[TDSE] Running TDSE-SH-elliptical. step 6200, energy = -0.500150193264819
  |->  par_lens = 2, 2, 2
[TDSE] Running TDSE-SH-elliptical. step 6400, energy = -0.5001500743731276
  |->  par_lens = 2, 2, 2
[TDSE] Running TDSE-SH-elliptical. step 6600, energy = -0.5001499464648187
  |->  par_lens = 2, 2, 2
[TDSE] Running TDSE-SH-elliptical. step 6800, energy = -0.500149811338145
  |->  par_lens = 2, 2, 2
[TDSE] Running TDSE-SH-elliptical. step 7000, energy = -0.5001496688264014
  |->  par_lens = 2, 2, 2
[TDSE] Running TDSE-SH-elliptical. step 7200, energy = -0.5001495178049792
  |->  par_lens = 2, 2, 2
[TDSE] Running TDSE-SH-elliptical. step 7400, energy = -0.5001493627283572
  |->  par_lens = 2, 2, 2
[TDSE] Running TDSE-SH-elliptical. step 7600, energy = -0.5001492005936844
  |->  par_lens = 2, 2, 2
[TDSE] Running TDSE-SH-elliptical. step 7800, energy = -0.5001490339836946
  |->  par_lens = 2, 2, 2
[TDSE] Running TDSE-SH-elliptical. step 8000, energy = -0.5001488642771712
  |->  par_lens = 2, 2, 2
[TDSE] Running TDSE-SH-elliptical. step 8200, energy = -0.5001486899459291
  |->  par_lens = 2, 2, 2
[TDSE] Running TDSE-SH-elliptical. step 8400, energy = -0.5001485158245598
  |->  par_lens = 2, 2, 2
[TDSE] Running TDSE-SH-elliptical. step 8600, energy = -0.5001483384121808
  |->  par_lens = 2, 2, 2
[TDSE] Running TDSE-SH-elliptical. step 8800, energy = -0.5001481625433243
  |->  par_lens = 2, 2, 2
[TDSE] Running TDSE-SH-elliptical. step 9000, energy = -0.5001479871841327
  |->  par_lens = 2, 2, 2
[TDSE] Running TDSE-SH-elliptical. step 9200, energy = -0.5001478113605635
  |->  par_lens = 2, 2, 2
[TDSE] Running TDSE-SH-elliptical. step 9400, energy = -0.500147643040235
  |->  par_lens = 2, 2, 2
[TDSE] Running TDSE-SH-elliptical. step 9600, energy = -0.5001474739164454
  |->  par_lens = 2, 2, 2
[TDSE] Running TDSE-SH-elliptical. step 9800, energy = -0.5001473097917181
  |->  par_lens = 2, 2, 2
[TDSE] Running TDSE-SH-elliptical. step 10000, energy = -0.5001471526684182
  |->  par_lens = 2, 2, 2
[TDSE] Running TDSE-SH-elliptical. step 10200, energy = -0.5001469070769017
  |->  par_lens = 2, 2, 2
[TDSE] Running TDSE-SH-elliptical. step 10400, energy = -0.5001460535288041
  |->  par_lens = 2, 2, 2
[TDSE] Running TDSE-SH-elliptical. step 10600, energy = -0.5001449810924086
  |->  par_lens = 2, 2, 2
[TDSE] Running TDSE-SH-elliptical. step 10800, energy = -0.5001446156789185
  |->  par_lens = 2, 2, 2
[TDSE] Running TDSE-SH-elliptical. step 11000, energy = -0.5001436939300166
  |->  par_lens = 3, 2, 2
[TDSE] Running TDSE-SH-elliptical. step 11200, energy = -0.5001345572504403
  |->  par_lens = 4, 3, 3
[TDSE] Running TDSE-SH-elliptical. step 11400, energy = -0.5001058999942157
  |->  par_lens = 4, 3, 3
[TDSE] Running TDSE-SH-elliptical. step 11600, energy = -0.500053545256159
  |->  par_lens = 4, 3, 3
[TDSE] Running TDSE-SH-elliptical. step 11800, energy = -0.4999834648252599
  |->  par_lens = 4, 4, 3
[TDSE] Running TDSE-SH-elliptical. step 12000, energy = -0.49988556107883325
  |->  par_lens = 4, 4, 4
[TDSE] Running TDSE-SH-elliptical. step 12200, energy = -0.4997126032232147
  |->  par_lens = 5, 5, 5
[TDSE] Running TDSE-SH-elliptical. step 12400, energy = -0.4994200860991101
  |->  par_lens = 5, 5, 6
[TDSE] Running TDSE-SH-elliptical. step 12600, energy = -0.4990589694128536
  |->  par_lens = 5, 5, 6
[TDSE] Running TDSE-SH-elliptical. step 12800, energy = -0.49879035976706876
  |->  par_lens = 6, 7, 6
[TDSE] Running TDSE-SH-elliptical. step 13000, energy = -0.4987086644273006
  |->  par_lens = 7, 7, 7
[TDSE] Running TDSE-SH-elliptical. step 13200, energy = -0.4986409295922941
  |->  par_lens = 7, 7, 7
[TDSE] Running TDSE-SH-elliptical. step 13400, energy = -0.4982289411125181
  |->  par_lens = 8, 7, 7
[TDSE] Running TDSE-SH-elliptical. step 13600, energy = -0.49733296014220557
  |->  par_lens = 8, 8, 7
[TDSE] Running TDSE-SH-elliptical. step 13800, energy = -0.49633230838444165
  |->  par_lens = 8, 8, 7
[TDSE] Running TDSE-SH-elliptical. step 14000, energy = -0.4957422352482975
  |->  par_lens = 8, 9, 8
[TDSE] Running TDSE-SH-elliptical. step 14200, energy = -0.4954865013613785
  |->  par_lens = 9, 9, 8
[TDSE] Running TDSE-SH-elliptical. step 14400, energy = -0.4947014451732281
  |->  par_lens = 9, 9, 9
[TDSE] Running TDSE-SH-elliptical. step 14600, energy = -0.49266599808829037
  |->  par_lens = 11, 10, 11
[TDSE] Running TDSE-SH-elliptical. step 14800, energy = -0.4899794976919237
  |->  par_lens = 12, 10, 11
[TDSE] Running TDSE-SH-elliptical. step 15000, energy = -0.4882567971120677
  |->  par_lens = 14, 12, 13
[TDSE] Running TDSE-SH-elliptical. step 15200, energy = -0.48833000164114776
  |->  par_lens = 15, 15, 13
[TDSE] Running TDSE-SH-elliptical. step 15400, energy = -0.4888143538676462
  |->  par_lens = 16, 16, 15
[TDSE] Running TDSE-SH-elliptical. step 15600, energy = -0.48722139805215325
  |->  par_lens = 15, 16, 15
[TDSE] Running TDSE-SH-elliptical. step 15800, energy = -0.48294927248868086
  |->  par_lens = 16, 16, 16
[TDSE] Running TDSE-SH-elliptical. step 16000, energy = -0.4784834955180389
  |->  par_lens = 19, 15, 18
[TDSE] Running TDSE-SH-elliptical. step 16200, energy = -0.47689384062324724
  |->  par_lens = 21, 17, 18
[TDSE] Running TDSE-SH-elliptical. step 16400, energy = -0.477776251652608
  |->  par_lens = 20, 20, 19
[TDSE] Running TDSE-SH-elliptical. step 16600, energy = -0.47692191944194373
  |->  par_lens = 20, 21, 19
[TDSE] Running TDSE-SH-elliptical. step 16800, energy = -0.471034042941885
  |->  par_lens = 21, 20, 19
[TDSE] Running TDSE-SH-elliptical. step 17000, energy = -0.46237046824460587
  |->  par_lens = 22, 23, 23
[TDSE] Running TDSE-SH-elliptical. step 17200, energy = -0.45726101883893283
  |->  par_lens = 27, 27, 26
[TDSE] Running TDSE-SH-elliptical. step 17400, energy = -0.4588020860296229
  |->  par_lens = 32, 31, 31
[TDSE] Running TDSE-SH-elliptical. step 17600, energy = -0.4622545566617461
  |->  par_lens = 33, 35, 35
[TDSE] Running TDSE-SH-elliptical. step 17800, energy = -0.45948104215631635
  |->  par_lens = 34, 36, 35
[TDSE] Running TDSE-SH-elliptical. step 18000, energy = -0.4485579542807752
  |->  par_lens = 35, 35, 36
[TDSE] Running TDSE-SH-elliptical. step 18200, energy = -0.43723199625860654
  |->  par_lens = 35, 36, 34
[TDSE] Running TDSE-SH-elliptical. step 18400, energy = -0.4345537525753568
  |->  par_lens = 39, 38, 36
[TDSE] Running TDSE-SH-elliptical. step 18600, energy = -0.43959495055933917
  |->  par_lens = 42, 41, 37
[TDSE] Running TDSE-SH-elliptical. step 18800, energy = -0.4410300239564373
  |->  par_lens = 42, 43, 43
[TDSE] Running TDSE-SH-elliptical. step 19000, energy = -0.4299559946061107
  |->  par_lens = 45, 44, 42
[TDSE] Running TDSE-SH-elliptical. step 19200, energy = -0.41168170189064185
  |->  par_lens = 50, 46, 47
[TDSE] Running TDSE-SH-elliptical. step 19400, energy = -0.40132823378655086
  |->  par_lens = 53, 52, 52
[TDSE] Running TDSE-SH-elliptical. step 19600, energy = -0.4064884908382069
  |->  par_lens = 61, 61, 60
[TDSE] Running TDSE-SH-elliptical. step 19800, energy = -0.41680813361122426
  |->  par_lens = 66, 66, 67
[TDSE] Running TDSE-SH-elliptical. step 20000, energy = -0.4144164263590366
  |->  par_lens = 69, 65, 70
[TDSE] Running TDSE-SH-elliptical. step 20200, energy = -0.3949618277955189
  |->  par_lens = 68, 65, 68
[TDSE] Running TDSE-SH-elliptical. step 20400, energy = -0.37431257210592933
  |->  par_lens = 68, 67, 69
[TDSE] Running TDSE-SH-elliptical. step 20600, energy = -0.37096141514394265
  |->  par_lens = 74, 73, 75
[TDSE] Running TDSE-SH-elliptical. step 20800, energy = -0.3836439833644697
  |->  par_lens = 79, 80, 79
[TDSE] Running TDSE-SH-elliptical. step 21000, energy = -0.39083695602608026
  |->  par_lens = 84, 86, 84
[TDSE] Running TDSE-SH-elliptical. step 21200, energy = -0.37534129274427247
  |->  par_lens = 87, 88, 87
[TDSE] Running TDSE-SH-elliptical. step 21400, energy = -0.3461327340833785
  |->  par_lens = 89, 90, 88
[TDSE] Running TDSE-SH-elliptical. step 21600, energy = -0.3299788766698577
  |->  par_lens = 93, 97, 95
[TDSE] Running TDSE-SH-elliptical. step 21800, energy = -0.34058848215498644
  |->  par_lens = 104, 105, 105
[TDSE] Running TDSE-SH-elliptical. step 22000, energy = -0.3612127926015672
  |->  par_lens = 113, 114, 113
[TDSE] Running TDSE-SH-elliptical. step 22200, energy = -0.3620514539212812
  |->  par_lens = 116, 120, 119
[TDSE] Running TDSE-SH-elliptical. step 22400, energy = -0.33527160321369487
  |->  par_lens = 115, 116, 117
[TDSE] Running TDSE-SH-elliptical. step 22600, energy = -0.30571171181934975
  |->  par_lens = 117, 117, 117
[TDSE] Running TDSE-SH-elliptical. step 22800, energy = -0.30249713071913714
  |->  par_lens = 127, 122, 120
[TDSE] Running TDSE-SH-elliptical. step 23000, energy = -0.3245848855507085
  |->  par_lens = 132, 129, 133
[TDSE] Running TDSE-SH-elliptical. step 23200, energy = -0.34018716798936305
  |->  par_lens = 138, 140, 141
[TDSE] Running TDSE-SH-elliptical. step 23400, energy = -0.32318119620705266
  |->  par_lens = 140, 141, 139
[TDSE] Running TDSE-SH-elliptical. step 23600, energy = -0.28553371885421436
  |->  par_lens = 141, 143, 145
[TDSE] Running TDSE-SH-elliptical. step 23800, energy = -0.2650300392834438
  |->  par_lens = 149, 146, 149
[TDSE] Running TDSE-SH-elliptical. step 24000, energy = -0.28140604274008824
  |->  par_lens = 162, 161, 159
[TDSE] Running TDSE-SH-elliptical. step 24200, energy = -0.3129920691166151
  |->  par_lens = 172, 171, 170
[TDSE] Running TDSE-SH-elliptical. step 24400, energy = -0.31972400287740643
  |->  par_lens = 175, 174, 171
[TDSE] Running TDSE-SH-elliptical. step 24600, energy = -0.2900795158274287
  |->  par_lens = 174, 170, 174
[TDSE] Running TDSE-SH-elliptical. step 24800, energy = -0.2554662237333156
  |->  par_lens = 172, 171, 176
[TDSE] Running TDSE-SH-elliptical. step 25000, energy = -0.2532785133419139
  |->  par_lens = 179, 179, 181
[TDSE] Running TDSE-SH-elliptical. step 25200, energy = -0.28328204899615117
  |->  par_lens = 186, 181, 189
[TDSE] Running TDSE-SH-elliptical. step 25400, energy = -0.30719388863993835
  |->  par_lens = 192, 194, 192
[TDSE] Running TDSE-SH-elliptical. step 25600, energy = -0.2925185535349157
  |->  par_lens = 194, 198, 193
[TDSE] Running TDSE-SH-elliptical. step 25800, energy = -0.2522672823247896
  |->  par_lens = 201, 204, 197
[TDSE] Running TDSE-SH-elliptical. step 26000, energy = -0.23053315277066191
  |->  par_lens = 201, 204, 203
[TDSE] Running TDSE-SH-elliptical. step 26200, energy = -0.2509585942672546
  |->  par_lens = 205, 206, 210
[TDSE] Running TDSE-SH-elliptical. step 26400, energy = -0.2902834649210001
  |->  par_lens = 217, 218, 220
[TDSE] Running TDSE-SH-elliptical. step 26600, energy = -0.30377059079700985
  |->  par_lens = 223, 221, 223
[TDSE] Running TDSE-SH-elliptical. step 26800, energy = -0.27729664095067774
  |->  par_lens = 219, 223, 218
[TDSE] Running TDSE-SH-elliptical. step 27000, energy = -0.24368891600438505
  |->  par_lens = 217, 220, 215
[TDSE] Running TDSE-SH-elliptical. step 27200, energy = -0.24303751448320818
  |->  par_lens = 220, 222, 218
[TDSE] Running TDSE-SH-elliptical. step 27400, energy = -0.27637367929256074
  |->  par_lens = 219, 224, 218
[TDSE] Running TDSE-SH-elliptical. step 27600, energy = -0.3051582901832839
  |->  par_lens = 223, 223, 222
[TDSE] Running TDSE-SH-elliptical. step 27800, energy = -0.2957177992649932
  |->  par_lens = 226, 226, 221
[TDSE] Running TDSE-SH-elliptical. step 28000, energy = -0.2597796262852482
  |->  par_lens = 226, 225, 232
[TDSE] Running TDSE-SH-elliptical. step 28200, energy = -0.2404046145991544
  |->  par_lens = 226, 228, 228
[TDSE] Running TDSE-SH-elliptical. step 28400, energy = -0.26158071198827465
  |->  par_lens = 231, 232, 231
[TDSE] Running TDSE-SH-elliptical. step 28600, energy = -0.3024355520306509
  |->  par_lens = 240, 240, 237
[TDSE] Running TDSE-SH-elliptical. step 28800, energy = -0.3208781891095992
  |->  par_lens = 240, 242, 240
[TDSE] Running TDSE-SH-elliptical. step 29000, energy = -0.30243553947178314
  |->  par_lens = 239, 239, 234
[TDSE] Running TDSE-SH-elliptical. step 29200, energy = -0.2756046328124627
  |->  par_lens = 240, 239, 235
[TDSE] Running TDSE-SH-elliptical. step 29400, energy = -0.27641998863411305
  |->  par_lens = 242, 234, 237
[TDSE] Running TDSE-SH-elliptical. step 29600, energy = -0.3071671257288966
  |->  par_lens = 236, 233, 233
[TDSE] Running TDSE-SH-elliptical. step 29800, energy = -0.33522926611397175
  |->  par_lens = 235, 235, 229
[TDSE] Running TDSE-SH-elliptical. step 30000, energy = -0.3315114236075947
  |->  par_lens = 235, 236, 234
[TDSE] Running TDSE-SH-elliptical. step 30200, energy = -0.3048531366552306
  |->  par_lens = 238, 239, 237
[TDSE] Running TDSE-SH-elliptical. step 30400, energy = -0.2904599611729069
  |->  par_lens = 244, 240, 244
[TDSE] Running TDSE-SH-elliptical. step 30600, energy = -0.3088965103476913
  |->  par_lens = 245, 248, 244
[TDSE] Running TDSE-SH-elliptical. step 30800, energy = -0.3444681638987979
  |->  par_lens = 248, 247, 247
[TDSE] Running TDSE-SH-elliptical. step 31000, energy = -0.3639368528463554
  |->  par_lens = 247, 249, 246
[TDSE] Running TDSE-SH-elliptical. step 31200, energy = -0.3549839668775762
  |->  par_lens = 245, 250, 248
[TDSE] Running TDSE-SH-elliptical. step 31400, energy = -0.3379544716738254
  |->  par_lens = 237, 245, 239
[TDSE] Running TDSE-SH-elliptical. step 31600, energy = -0.33975619293595066
  |->  par_lens = 240, 242, 240
[TDSE] Running TDSE-SH-elliptical. step 31800, energy = -0.36311246251208434
  |->  par_lens = 237, 236, 240
[TDSE] Running TDSE-SH-elliptical. step 32000, energy = -0.3851315770377479
  |->  par_lens = 229, 230, 235
[TDSE] Running TDSE-SH-elliptical. step 32200, energy = -0.38530574161050357
  |->  par_lens = 231, 232, 232
[TDSE] Running TDSE-SH-elliptical. step 32400, energy = -0.36921622163656065
  |->  par_lens = 232, 236, 234
[TDSE] Running TDSE-SH-elliptical. step 32600, energy = -0.3606563214287387
  |->  par_lens = 236, 239, 242
[TDSE] Running TDSE-SH-elliptical. step 32800, energy = -0.3740670626997803
  |->  par_lens = 234, 245, 239
[TDSE] Running TDSE-SH-elliptical. step 33000, energy = -0.3996146000834052
  |->  par_lens = 236, 247, 242
[TDSE] Running TDSE-SH-elliptical. step 33200, energy = -0.4158554032631443
  |->  par_lens = 235, 243, 248
[TDSE] Running TDSE-SH-elliptical. step 33400, energy = -0.4142530394208565
  |->  par_lens = 242, 247, 244
[TDSE] Running TDSE-SH-elliptical. step 33600, energy = -0.4064511812836301
  |->  par_lens = 237, 236, 239
[TDSE] Running TDSE-SH-elliptical. step 33800, energy = -0.40858152143799775
  |->  par_lens = 228, 241, 238
[TDSE] Running TDSE-SH-elliptical. step 34000, energy = -0.42271759468588305
  |->  par_lens = 231, 226, 229
[TDSE] Running TDSE-SH-elliptical. step 34200, energy = -0.4361662404399725
  |->  par_lens = 226, 226, 222
[TDSE] Running TDSE-SH-elliptical. step 34400, energy = -0.437647461855007
  |->  par_lens = 226, 227, 230
[TDSE] Running TDSE-SH-elliptical. step 34600, energy = -0.4301265581705334
  |->  par_lens = 222, 229, 219
[TDSE] Running TDSE-SH-elliptical. step 34800, energy = -0.4263941288626868
  |->  par_lens = 229, 227, 231
[TDSE] Running TDSE-SH-elliptical. step 35000, energy = -0.4342669083330801
  |->  par_lens = 232, 233, 234
[TDSE] Running TDSE-SH-elliptical. step 35200, energy = -0.4488603748714551
  |->  par_lens = 236, 236, 239
[TDSE] Running TDSE-SH-elliptical. step 35400, energy = -0.45943161298760055
  |->  par_lens = 234, 237, 233
[TDSE] Running TDSE-SH-elliptical. step 35600, energy = -0.46136053345829836
  |->  par_lens = 229, 235, 239
[TDSE] Running TDSE-SH-elliptical. step 35800, energy = -0.4596091760120566
  |->  par_lens = 224, 233, 226
[TDSE] Running TDSE-SH-elliptical. step 36000, energy = -0.46134869036876724
  |->  par_lens = 218, 229, 223
[TDSE] Running TDSE-SH-elliptical. step 36200, energy = -0.4676648736723506
  |->  par_lens = 213, 220, 212
[TDSE] Running TDSE-SH-elliptical. step 36400, energy = -0.4734844565040774
  |->  par_lens = 211, 212, 217
[TDSE] Running TDSE-SH-elliptical. step 36600, energy = -0.47444731561848563
  |->  par_lens = 212, 216, 214
[TDSE] Running TDSE-SH-elliptical. step 36800, energy = -0.4719044041859447
  |->  par_lens = 215, 218, 217
[TDSE] Running TDSE-SH-elliptical. step 37000, energy = -0.4708876591167211
  |->  par_lens = 212, 221, 213
[TDSE] Running TDSE-SH-elliptical. step 37200, energy = -0.47435470994200707
  |->  par_lens = 220, 221, 214
[TDSE] Running TDSE-SH-elliptical. step 37400, energy = -0.4805353126054324
  |->  par_lens = 225, 230, 221
[TDSE] Running TDSE-SH-elliptical. step 37600, energy = -0.48559539867456686
  |->  par_lens = 218, 231, 219
[TDSE] Running TDSE-SH-elliptical. step 37800, energy = -0.4877489992360121
  |->  par_lens = 222, 223, 217
[TDSE] Running TDSE-SH-elliptical. step 38000, energy = -0.4882895235187527
  |->  par_lens = 217, 214, 209
[TDSE] Running TDSE-SH-elliptical. step 38200, energy = -0.48923087180570374
  |->  par_lens = 200, 205, 196
[TDSE] Running TDSE-SH-elliptical. step 38400, energy = -0.49094555838009324
  |->  par_lens = 190, 189, 195
[TDSE] Running TDSE-SH-elliptical. step 38600, energy = -0.49227896571044427
  |->  par_lens = 183, 183, 183
[TDSE] Running TDSE-SH-elliptical. step 38800, energy = -0.492371776590361
  |->  par_lens = 178, 182, 170
[TDSE] Running TDSE-SH-elliptical. step 39000, energy = -0.4917395798287935
  |->  par_lens = 173, 180, 174
[TDSE] Running TDSE-SH-elliptical. step 39200, energy = -0.4915994615717365
  |->  par_lens = 173, 179, 174
[TDSE] Running TDSE-SH-elliptical. step 39400, energy = -0.49255950594731923
  |->  par_lens = 171, 180, 181
[TDSE] Running TDSE-SH-elliptical. step 39600, energy = -0.4941959420919177
  |->  par_lens = 177, 173, 177
[TDSE] Running TDSE-SH-elliptical. step 39800, energy = -0.4957004571950557
  |->  par_lens = 178, 170, 176
[TDSE] Running TDSE-SH-elliptical. step 40000, energy = -0.49664996698259123
  |->  par_lens = 168, 164, 173
[TDSE] Running TDSE-SH-elliptical. step 40200, energy = -0.49713543067887295
  |->  par_lens = 161, 159, 167
[TDSE] Running TDSE-SH-elliptical. step 40400, energy = -0.49739231754350594
  |->  par_lens = 156, 153, 163
[TDSE] Running TDSE-SH-elliptical. step 40600, energy = -0.4975112132058024
  |->  par_lens = 144, 146, 147
[TDSE] Running TDSE-SH-elliptical. step 40800, energy = -0.49747638625962876
  |->  par_lens = 142, 141, 142
[TDSE] Running TDSE-SH-elliptical. step 41000, energy = -0.49732658950669617
  |->  par_lens = 139, 138, 140
[TDSE] Running TDSE-SH-elliptical. step 41200, energy = -0.4971833319884164
  |->  par_lens = 136, 135, 133
[TDSE] Running TDSE-SH-elliptical. step 41400, energy = -0.4971514847199628
  |->  par_lens = 134, 134, 130
[TDSE] Running TDSE-SH-elliptical. step 41600, energy = -0.4972409474941482
  |->  par_lens = 133, 134, 132
[TDSE] Running TDSE-SH-elliptical. step 41800, energy = -0.4973885679748756
  |->  par_lens = 134, 133, 130
[TDSE] Running TDSE-SH-elliptical. step 42000, energy = -0.49752520201079453
  |->  par_lens = 135, 132, 130
[TDSE] Running TDSE-SH-elliptical. step 42200, energy = -0.49761417261147023
  |->  par_lens = 135, 132, 129
[TDSE] Running TDSE-SH-elliptical. step 42400, energy = -0.4976549121404404
  |->  par_lens = 135, 132, 130
[TDSE] Running TDSE-SH-elliptical. step 42600, energy = -0.4976653379445603
  |->  par_lens = 134, 132, 130
[TDSE] Running TDSE-SH-elliptical. step 42800, energy = -0.4976663425630156
  |->  par_lens = 135, 133, 130
[TDSE] Running TDSE-SH-elliptical. step 43000, energy = -0.49767007952974485
  |->  par_lens = 135, 134, 130
[TDSE] Running TDSE-SH-elliptical. step 43200, energy = -0.4976766954840514
  |->  par_lens = 135, 133, 130
[TDSE] Running TDSE-SH-elliptical. step 43400, energy = -0.497684183949573
  |->  par_lens = 135, 132, 130
[TDSE] Running TDSE-SH-elliptical. step 43600, energy = -0.4976925106167431
  |->  par_lens = 136, 132, 131
[TDSE] Running TDSE-SH-elliptical. step 43800, energy = -0.4977009726176841
  |->  par_lens = 135, 132, 131
[TDSE] Running TDSE-SH-elliptical. step 44000, energy = -0.49770969454192854
  |->  par_lens = 135, 132, 131
[TDSE] Running TDSE-SH-elliptical. step 44200, energy = -0.4977188878517676
  |->  par_lens = 135, 131, 131
[TDSE] Running TDSE-SH-elliptical. step 44400, energy = -0.4977290937939219
  |->  par_lens = 135, 132, 132
[TDSE] Running TDSE-SH-elliptical. step 44600, energy = -0.49774084606123464
  |->  par_lens = 136, 131, 131
[TDSE] Running TDSE-SH-elliptical. step 44800, energy = -0.49775376157772605
  |->  par_lens = 136, 131, 132
[TDSE] Running TDSE-SH-elliptical. step 45000, energy = -0.4977664992755731
  |->  par_lens = 136, 131, 132
