  Activating project at `~/JuliaProp_v0.1`
[ITP]: 10000.500040081823
[ITP]: 3.4096981904596646e-9
Energy of ground state: -0.5000400852322796
[TDSE] Start TDSE-SH for elliptical polarized laser. It may cost a plenty of time.
[TDSE] Running TDSE-SH-elliptical. step 0, energy = -0.5000400852322784
  |->  par_lens = 2, 2, 2
[TDSE] Running TDSE-SH-elliptical. step 200, energy = -0.5000400852321346
  |->  par_lens = 2, 2, 2
[TDSE] Running TDSE-SH-elliptical. step 400, energy = -0.5000400852314646
  |->  par_lens = 2, 2, 2
[TDSE] Running TDSE-SH-elliptical. step 600, energy = -0.500040085225728
  |->  par_lens = 2, 2, 2
[TDSE] Running TDSE-SH-elliptical. step 800, energy = -0.500040085197135
  |->  par_lens = 2, 2, 2
[TDSE] Running TDSE-SH-elliptical. step 1000, energy = -0.500040085100413
  |->  par_lens = 2, 2, 2
[TDSE] Running TDSE-SH-elliptical. step 1200, energy = -0.5000400848426723
  |->  par_lens = 2, 2, 2
[TDSE] Running TDSE-SH-elliptical. step 1400, energy = -0.5000400842592984
  |->  par_lens = 2, 2, 2
[TDSE] Running TDSE-SH-elliptical. step 1600, energy = -0.5000400830880818
  |->  par_lens = 2, 2, 2
[TDSE] Running TDSE-SH-elliptical. step 1800, energy = -0.5000400809339312
  |->  par_lens = 2, 2, 2
[TDSE] Running TDSE-SH-elliptical. step 2000, energy = -0.5000400772478328
  |->  par_lens = 2, 2, 2
[TDSE] Running TDSE-SH-elliptical. step 2200, energy = -0.5000400712770755
  |->  par_lens = 2, 2, 2
[TDSE] Running TDSE-SH-elliptical. step 2400, energy = -0.5000400620561032
  |->  par_lens = 2, 2, 2
[TDSE] Running TDSE-SH-elliptical. step 2600, energy = -0.5000400483603766
  |->  par_lens = 2, 2, 2
[TDSE] Running TDSE-SH-elliptical. step 2800, energy = -0.500040028672951
  |->  par_lens = 2, 2, 2
[TDSE] Running TDSE-SH-elliptical. step 3000, energy = -0.5000400012088978
  |->  par_lens = 2, 2, 2
[TDSE] Running TDSE-SH-elliptical. step 3200, energy = -0.500039963799182
  |->  par_lens = 2, 2, 2
[TDSE] Running TDSE-SH-elliptical. step 3400, energy = -0.5000399140477267
  |->  par_lens = 2, 2, 2
[TDSE] Running TDSE-SH-elliptical. step 3600, energy = -0.5000398490718897
  |->  par_lens = 2, 2, 2
[TDSE] Running TDSE-SH-elliptical. step 3800, energy = -0.5000397657741912
  |->  par_lens = 2, 2, 2
[TDSE] Running TDSE-SH-elliptical. step 4000, energy = -0.5000396608227684
  |->  par_lens = 2, 2, 2
[TDSE] Running TDSE-SH-elliptical. step 4200, energy = -0.500039530142731
  |->  par_lens = 2, 2, 2
[TDSE] Running TDSE-SH-elliptical. step 4400, energy = -0.5000393700372416
  |->  par_lens = 2, 2, 2
[TDSE] Running TDSE-SH-elliptical. step 4600, energy = -0.500039176022826
  |->  par_lens = 2, 2, 2
[TDSE] Running TDSE-SH-elliptical. step 4800, energy = -0.5000389436544217
  |->  par_lens = 2, 2, 2
[TDSE] Running TDSE-SH-elliptical. step 5000, energy = -0.5000386683349783
  |->  par_lens = 2, 2, 2
[TDSE] Running TDSE-SH-elliptical. step 5200, energy = -0.5000383448876116
  |->  par_lens = 2, 2, 2
[TDSE] Running TDSE-SH-elliptical. step 5400, energy = -0.5000379697552618
  |->  par_lens = 2, 2, 2
[TDSE] Running TDSE-SH-elliptical. step 5600, energy = -0.5000375365257799
  |->  par_lens = 2, 2, 2
[TDSE] Running TDSE-SH-elliptical. step 5800, energy = -0.5000370412838673
  |->  par_lens = 2, 2, 2
[TDSE] Running TDSE-SH-elliptical. step 6000, energy = -0.500036480591256
  |->  par_lens = 2, 2, 2
[TDSE] Running TDSE-SH-elliptical. step 6200, energy = -0.5000358480901478
  |->  par_lens = 2, 2, 2
[TDSE] Running TDSE-SH-elliptical. step 6400, energy = -0.5000351418042531
  |->  par_lens = 2, 2, 2
[TDSE] Running TDSE-SH-elliptical. step 6600, energy = -0.5000343562401832
  |->  par_lens = 2, 2, 2
[TDSE] Running TDSE-SH-elliptical. step 6800, energy = -0.5000334906613739
  |->  par_lens = 2, 2, 2
[TDSE] Running TDSE-SH-elliptical. step 7000, energy = -0.5000325413379818
  |->  par_lens = 2, 2, 2
[TDSE] Running TDSE-SH-elliptical. step 7200, energy = -0.5000315034066457
  |->  par_lens = 2, 2, 2
[TDSE] Running TDSE-SH-elliptical. step 7400, energy = -0.5000303822501181
  |->  par_lens = 2, 2, 2
[TDSE] Running TDSE-SH-elliptical. step 7600, energy = -0.5000291702009079
  |->  par_lens = 4, 3, 3
[TDSE] Running TDSE-SH-elliptical. step 7800, energy = -0.5000278707141909
  |->  par_lens = 4, 3, 3
[TDSE] Running TDSE-SH-elliptical. step 8000, energy = -0.5000264854125226
  |->  par_lens = 4, 3, 3
[TDSE] Running TDSE-SH-elliptical. step 8200, energy = -0.5000250109863481
  |->  par_lens = 4, 3, 3
[TDSE] Running TDSE-SH-elliptical. step 8400, energy = -0.5000234574715209
  |->  par_lens = 4, 3, 3
[TDSE] Running TDSE-SH-elliptical. step 8600, energy = -0.5000218185384497
  |->  par_lens = 4, 3, 3
[TDSE] Running TDSE-SH-elliptical. step 8800, energy = -0.5000201063910525
  |->  par_lens = 4, 3, 3
[TDSE] Running TDSE-SH-elliptical. step 9000, energy = -0.5000183205252436
  |->  par_lens = 4, 3, 3
[TDSE] Running TDSE-SH-elliptical. step 9200, energy = -0.5000164622022738
  |->  par_lens = 4, 3, 3
[TDSE] Running TDSE-SH-elliptical. step 9400, energy = -0.5000145534362561
  |->  par_lens = 4, 3, 3
[TDSE] Running TDSE-SH-elliptical. step 9600, energy = -0.5000125782096837
  |->  par_lens = 4, 3, 3
[TDSE] Running TDSE-SH-elliptical. step 9800, energy = -0.5000105561432512
  |->  par_lens = 4, 3, 3
[TDSE] Running TDSE-SH-elliptical. step 10000, energy = -0.5000084972606264
  |->  par_lens = 4, 3, 3
[TDSE] Running TDSE-SH-elliptical. step 10200, energy = -0.5000060885685226
  |->  par_lens = 4, 3, 3
[TDSE] Running TDSE-SH-elliptical. step 10400, energy = -0.5000016877513067
  |->  par_lens = 4, 3, 3
[TDSE] Running TDSE-SH-elliptical. step 10600, energy = -0.49999782505139406
  |->  par_lens = 4, 3, 3
[TDSE] Running TDSE-SH-elliptical. step 10800, energy = -0.5000020662542946
  |->  par_lens = 4, 3, 3
[TDSE] Running TDSE-SH-elliptical. step 11000, energy = -0.500019060828905
  |->  par_lens = 4, 3, 3
[TDSE] Running TDSE-SH-elliptical. step 11200, energy = -0.5000354299869029
  |->  par_lens = 4, 3, 3
[TDSE] Running TDSE-SH-elliptical. step 11400, energy = -0.500026656477105
  |->  par_lens = 4, 3, 3
[TDSE] Running TDSE-SH-elliptical. step 11600, energy = -0.4999936437872012
  |->  par_lens = 4, 3, 3
[TDSE] Running TDSE-SH-elliptical. step 11800, energy = -0.49996611060965823
  |->  par_lens = 4, 3, 3
[TDSE] Running TDSE-SH-elliptical. step 12000, energy = -0.4999078194874804
  |->  par_lens = 4, 4, 3
[TDSE] Running TDSE-SH-elliptical. step 12200, energy = -0.4996370581892711
  |->  par_lens = 5, 5, 5
[TDSE] Running TDSE-SH-elliptical. step 12400, energy = -0.4989871364166282
  |->  par_lens = 6, 5, 6
[TDSE] Running TDSE-SH-elliptical. step 12600, energy = -0.4981657294577239
  |->  par_lens = 7, 7, 7
[TDSE] Running TDSE-SH-elliptical. step 12800, energy = -0.4978042292372373
  |->  par_lens = 9, 7, 7
[TDSE] Running TDSE-SH-elliptical. step 13000, energy = -0.4983173407401376
  |->  par_lens = 10, 9, 9
[TDSE] Running TDSE-SH-elliptical. step 13200, energy = -0.49912923417479355
  |->  par_lens = 10, 9, 10
[TDSE] Running TDSE-SH-elliptical. step 13400, energy = -0.49895651910413436
  |->  par_lens = 10, 9, 10
[TDSE] Running TDSE-SH-elliptical. step 13600, energy = -0.4973246681973777
  |->  par_lens = 10, 9, 10
[TDSE] Running TDSE-SH-elliptical. step 13800, energy = -0.49561314950136165
  |->  par_lens = 10, 9, 10
[TDSE] Running TDSE-SH-elliptical. step 14000, energy = -0.49571830767892916
  |->  par_lens = 10, 9, 10
[TDSE] Running TDSE-SH-elliptical. step 14200, energy = -0.4972777784643514
  |->  par_lens = 10, 9, 9
[TDSE] Running TDSE-SH-elliptical. step 14400, energy = -0.49702549297962306
  |->  par_lens = 10, 10, 9
[TDSE] Running TDSE-SH-elliptical. step 14600, energy = -0.49231280270583144
  |->  par_lens = 10, 10, 11
[TDSE] Running TDSE-SH-elliptical. step 14800, energy = -0.485388605930989
  |->  par_lens = 13, 13, 13
[TDSE] Running TDSE-SH-elliptical. step 15000, energy = -0.48244557202252325
  |->  par_lens = 17, 16, 15
[TDSE] Running TDSE-SH-elliptical. step 15200, energy = -0.4867255053869464
  |->  par_lens = 19, 20, 20
[TDSE] Running TDSE-SH-elliptical. step 15400, energy = -0.49318992621762936
  |->  par_lens = 22, 22, 22
[TDSE] Running TDSE-SH-elliptical. step 15600, energy = -0.4926691421006099
  |->  par_lens = 23, 22, 22
[TDSE] Running TDSE-SH-elliptical. step 15800, energy = -0.4828094241865614
  |->  par_lens = 23, 22, 22
[TDSE] Running TDSE-SH-elliptical. step 16000, energy = -0.47281951063921884
  |->  par_lens = 21, 20, 22
[TDSE] Running TDSE-SH-elliptical. step 16200, energy = -0.47386014572212004
  |->  par_lens = 22, 23, 20
[TDSE] Running TDSE-SH-elliptical. step 16400, energy = -0.48426361512436716
  |->  par_lens = 23, 22, 22
[TDSE] Running TDSE-SH-elliptical. step 16600, energy = -0.4883069026463141
  |->  par_lens = 21, 22, 24
[TDSE] Running TDSE-SH-elliptical. step 16800, energy = -0.4736990673563944
  |->  par_lens = 22, 23, 21
[TDSE] Running TDSE-SH-elliptical. step 17000, energy = -0.4491303180113631
  |->  par_lens = 26, 25, 26
[TDSE] Running TDSE-SH-elliptical. step 17200, energy = -0.4383717724771756
  |->  par_lens = 31, 32, 34
[TDSE] Running TDSE-SH-elliptical. step 17400, energy = -0.45328805866189664
  |->  par_lens = 41, 44, 39
[TDSE] Running TDSE-SH-elliptical. step 17600, energy = -0.47640886613480626
  |->  par_lens = 47, 48, 51
[TDSE] Running TDSE-SH-elliptical. step 17800, energy = -0.477375952764553
  |->  par_lens = 51, 49, 52
[TDSE] Running TDSE-SH-elliptical. step 18000, energy = -0.44882772286401124
  |->  par_lens = 48, 48, 48
[TDSE] Running TDSE-SH-elliptical. step 18200, energy = -0.41928985040894856
  |->  par_lens = 43, 43, 41
[TDSE] Running TDSE-SH-elliptical. step 18400, energy = -0.4219679306174605
  |->  par_lens = 50, 51, 48
[TDSE] Running TDSE-SH-elliptical. step 18600, energy = -0.45320944437367244
  |->  par_lens = 62, 59, 57
[TDSE] Running TDSE-SH-elliptical. step 18800, energy = -0.4706930722743446
  |->  par_lens = 62, 65, 62
[TDSE] Running TDSE-SH-elliptical. step 19000, energy = -0.4413488064479319
  |->  par_lens = 62, 61, 59
[TDSE] Running TDSE-SH-elliptical. step 19200, energy = -0.3854126873010433
  |->  par_lens = 54, 56, 51
[TDSE] Running TDSE-SH-elliptical. step 19400, energy = -0.35970576834636503
  |->  par_lens = 66, 67, 66
[TDSE] Running TDSE-SH-elliptical. step 19600, energy = -0.39265090666517616
  |->  par_lens = 87, 84, 86
[TDSE] Running TDSE-SH-elliptical. step 19800, energy = -0.44612946401008985
  |->  par_lens = 101, 98, 104
[TDSE] Running TDSE-SH-elliptical. step 20000, energy = -0.4533608661288241
  |->  par_lens = 107, 104, 103
[TDSE] Running TDSE-SH-elliptical. step 20200, energy = -0.39750019787028695
  |->  par_lens = 102, 98, 98
[TDSE] Running TDSE-SH-elliptical. step 20400, energy = -0.33768568892563705
  |->  par_lens = 83, 88, 85
[TDSE] Running TDSE-SH-elliptical. step 20600, energy = -0.34133154430455626
  |->  par_lens = 102, 100, 104
[TDSE] Running TDSE-SH-elliptical. step 20800, energy = -0.40419356150012103
  |->  par_lens = 129, 126, 127
[TDSE] Running TDSE-SH-elliptical. step 21000, energy = -0.4454690437733554
  |->  par_lens = 135, 137, 134
[TDSE] Running TDSE-SH-elliptical. step 21200, energy = -0.40144636330045197
  |->  par_lens = 131, 132, 131
[TDSE] Running TDSE-SH-elliptical. step 21400, energy = -0.30601193654125297
  |->  par_lens = 111, 112, 111
[TDSE] Running TDSE-SH-elliptical. step 21600, energy = -0.2603361817173552
  |->  par_lens = 116, 114, 112
[TDSE] Running TDSE-SH-elliptical. step 21800, energy = -0.31387185408367824
  |->  par_lens = 153, 157, 157
[TDSE] Running TDSE-SH-elliptical. step 22000, energy = -0.4067124811138725
  |->  par_lens = 185, 182, 186
[TDSE] Running TDSE-SH-elliptical. step 22200, energy = -0.42619026589365794
  |->  par_lens = 194, 193, 194
[TDSE] Running TDSE-SH-elliptical. step 22400, energy = -0.34255065843095045
  |->  par_lens = 192, 189, 186
[TDSE] Running TDSE-SH-elliptical. step 22600, energy = -0.24916753176678386
  |->  par_lens = 162, 160, 152
[TDSE] Running TDSE-SH-elliptical. step 22800, energy = -0.25212848723976655
  |->  par_lens = 165, 165, 161
[TDSE] Running TDSE-SH-elliptical. step 23000, energy = -0.34821670281863204
  |->  par_lens = 208, 208, 211
[TDSE] Running TDSE-SH-elliptical. step 23200, energy = -0.4187996485389964
  |->  par_lens = 230, 226, 229
[TDSE] Running TDSE-SH-elliptical. step 23400, energy = -0.3663842025724791
  |->  par_lens = 226, 226, 227
[TDSE] Running TDSE-SH-elliptical. step 23600, energy = -0.23555757914975914
  |->  par_lens = 199, 199, 205
[TDSE] Running TDSE-SH-elliptical. step 23800, energy = -0.17074949016956123
  |->  par_lens = 192, 189, 189
[TDSE] Running TDSE-SH-elliptical. step 24000, energy = -0.23991197621866875
  |->  par_lens = 238, 235, 230
[TDSE] Running TDSE-SH-elliptical. step 24200, energy = -0.36899133903050246
  |->  par_lens = 281, 280, 280
[TDSE] Running TDSE-SH-elliptical. step 24400, energy = -0.40455407942332594
  |->  par_lens = 292, 288, 291
[TDSE] Running TDSE-SH-elliptical. step 24600, energy = -0.30364525282559934
  |->  par_lens = 286, 278, 282
[TDSE] Running TDSE-SH-elliptical. step 24800, energy = -0.18488824523659672
  |->  par_lens = 246, 253, 254
[TDSE] Running TDSE-SH-elliptical. step 25000, energy = -0.18565410333001142
  |->  par_lens = 256, 246, 250
[TDSE] Running TDSE-SH-elliptical. step 25200, energy = -0.3037112881578099
  |->  par_lens = 299, 297, 295
[TDSE] Running TDSE-SH-elliptical. step 25400, energy = -0.39904666187022453
  |->  par_lens = 323, 321, 322
[TDSE] Running TDSE-SH-elliptical. step 25600, energy = -0.3486549461615781
  |->  par_lens = 319, 317, 316
[TDSE] Running TDSE-SH-elliptical. step 25800, energy = -0.20047594818580822
  |->  par_lens = 291, 298, 291
[TDSE] Running TDSE-SH-elliptical. step 26000, energy = -0.12387273040313346
  |->  par_lens = 287, 278, 279
[TDSE] Running TDSE-SH-elliptical. step 26200, energy = -0.19803547899204316
  |->  par_lens = 313, 318, 312
[TDSE] Running TDSE-SH-elliptical. step 26400, energy = -0.3459998760689258
  |->  par_lens = 352, 353, 354
[TDSE] Running TDSE-SH-elliptical. step 26600, energy = -0.3959373105953876
  |->  par_lens = 362, 362, 362
[TDSE] Running TDSE-SH-elliptical. step 26800, energy = -0.2961277013214619
  |->  par_lens = 349, 350, 352
[TDSE] Running TDSE-SH-elliptical. step 27000, energy = -0.17087929436140525
  |->  par_lens = 324, 317, 308
[TDSE] Running TDSE-SH-elliptical. step 27200, energy = -0.16793812264722863
  |->  par_lens = 316, 327, 316
[TDSE] Running TDSE-SH-elliptical. step 27400, energy = -0.28868065338426147
  |->  par_lens = 354, 352, 348
[TDSE] Running TDSE-SH-elliptical. step 27600, energy = -0.39387874051909155
  |->  par_lens = 375, 370, 370
[TDSE] Running TDSE-SH-elliptical. step 27800, energy = -0.35513327117946125
  |->  par_lens = 371, 368, 366
[TDSE] Running TDSE-SH-elliptical. step 28000, energy = -0.21524982731222883
  |->  par_lens = 349, 348, 347
[TDSE] Running TDSE-SH-elliptical. step 28200, energy = -0.13835549357155605
  |->  par_lens = 340, 323, 339
[TDSE] Running TDSE-SH-elliptical. step 28400, energy = -0.20531216212805642
  |->  par_lens = 366, 362, 358
[TDSE] Running TDSE-SH-elliptical. step 28600, energy = -0.3473268935317686
  |->  par_lens = 384, 385, 380
[TDSE] Running TDSE-SH-elliptical. step 28800, energy = -0.40395992937154795
  |->  par_lens = 392, 391, 392
[TDSE] Running TDSE-SH-elliptical. step 29000, energy = -0.3233207755664614
  |->  par_lens = 387, 385, 384
[TDSE] Running TDSE-SH-elliptical. step 29200, energy = -0.2131624084547954
  |->  par_lens = 356, 363, 360
[TDSE] Running TDSE-SH-elliptical. step 29400, energy = -0.20657640505589359
  |->  par_lens = 354, 355, 350
[TDSE] Running TDSE-SH-elliptical. step 29600, energy = -0.31038665541260185
  |->  par_lens = 372, 373, 373
[TDSE] Running TDSE-SH-elliptical. step 29800, energy = -0.40592417230590666
  |->  par_lens = 384, 386, 382
[TDSE] Running TDSE-SH-elliptical. step 30000, energy = -0.3827892579700742
  |->  par_lens = 380, 386, 380
[TDSE] Running TDSE-SH-elliptical. step 30200, energy = -0.272892506358968
  |->  par_lens = 369, 372, 375
[TDSE] Running TDSE-SH-elliptical. step 30400, energy = -0.20827794372733532
  |->  par_lens = 361, 371, 371
[TDSE] Running TDSE-SH-elliptical. step 30600, energy = -0.2590713788267267
  |->  par_lens = 390, 380, 386
[TDSE] Running TDSE-SH-elliptical. step 30800, energy = -0.3734532535841886
  |->  par_lens = 395, 397, 400
[TDSE] Running TDSE-SH-elliptical. step 31000, energy = -0.42537244961007603
  |->  par_lens = 401, 396, 400
[TDSE] Running TDSE-SH-elliptical. step 31200, energy = -0.3729988073048437
  |->  par_lens = 399, 399, 405
[TDSE] Running TDSE-SH-elliptical. step 31400, energy = -0.2934370679616101
  |->  par_lens = 382, 383, 391
[TDSE] Running TDSE-SH-elliptical. step 31600, energy = -0.2853398157747853
  |->  par_lens = 380, 365, 365
[TDSE] Running TDSE-SH-elliptical. step 31800, energy = -0.3596848991443955
  |->  par_lens = 382, 374, 374
[TDSE] Running TDSE-SH-elliptical. step 32000, energy = -0.4303345333260263
  |->  par_lens = 379, 373, 380
[TDSE] Running TDSE-SH-elliptical. step 32200, energy = -0.42101524980169636
  |->  par_lens = 375, 371, 379
[TDSE] Running TDSE-SH-elliptical. step 32400, energy = -0.35027327782473955
  |->  par_lens = 375, 368, 378
[TDSE] Running TDSE-SH-elliptical. step 32600, energy = -0.304938789488327
  |->  par_lens = 382, 362, 380
[TDSE] Running TDSE-SH-elliptical. step 32800, energy = -0.33677209267803954
  |->  par_lens = 390, 383, 384
[TDSE] Running TDSE-SH-elliptical. step 33000, energy = -0.41196072870122874
  |->  par_lens = 399, 398, 393
[TDSE] Running TDSE-SH-elliptical. step 33200, energy = -0.4515739831266782
  |->  par_lens = 404, 399, 400
[TDSE] Running TDSE-SH-elliptical. step 33400, energy = -0.42591062565901794
  |->  par_lens = 396, 401, 402
[TDSE] Running TDSE-SH-elliptical. step 33600, energy = -0.37992635713014145
  |->  par_lens = 391, 401, 393
[TDSE] Running TDSE-SH-elliptical. step 33800, energy = -0.37419302688202083
  |->  par_lens = 382, 394, 377
[TDSE] Running TDSE-SH-elliptical. step 34000, energy = -0.41568549661319715
  |->  par_lens = 378, 386, 369
[TDSE] Running TDSE-SH-elliptical. step 34200, energy = -0.4574458111907307
  |->  par_lens = 374, 384, 377
[TDSE] Running TDSE-SH-elliptical. step 34400, energy = -0.45552545939354294
  |->  par_lens = 373, 378, 367
[TDSE] Running TDSE-SH-elliptical. step 34600, energy = -0.419491602519236
  |->  par_lens = 371, 376, 376
[TDSE] Running TDSE-SH-elliptical. step 34800, energy = -0.39516969787184447
  |->  par_lens = 382, 381, 388
[TDSE] Running TDSE-SH-elliptical. step 35000, energy = -0.4111515215493391
  |->  par_lens = 391, 388, 397
[TDSE] Running TDSE-SH-elliptical. step 35200, energy = -0.44975029381449383
  |->  par_lens = 403, 396, 394
[TDSE] Running TDSE-SH-elliptical. step 35400, energy = -0.47291279880962506
  |->  par_lens = 403, 398, 402
[TDSE] Running TDSE-SH-elliptical. step 35600, energy = -0.4649748737334153
  |->  par_lens = 397, 399, 399
[TDSE] Running TDSE-SH-elliptical. step 35800, energy = -0.446367390617237
  |->  par_lens = 395, 395, 400
[TDSE] Running TDSE-SH-elliptical. step 36000, energy = -0.44316198791571815
  |->  par_lens = 389, 387, 392
[TDSE] Running TDSE-SH-elliptical. step 36200, energy = -0.46064241787362314
  |->  par_lens = 373, 381, 382
[TDSE] Running TDSE-SH-elliptical. step 36400, energy = -0.477890387724237
  |->  par_lens = 370, 371, 373
[TDSE] Running TDSE-SH-elliptical. step 36600, energy = -0.47841422907859305
  |->  par_lens = 372, 367, 365
[TDSE] Running TDSE-SH-elliptical. step 36800, energy = -0.4650587101339003
  |->  par_lens = 373, 373, 366
[TDSE] Running TDSE-SH-elliptical. step 37000, energy = -0.4559440889563059
  |->  par_lens = 374, 369, 370
[TDSE] Running TDSE-SH-elliptical. step 37200, energy = -0.4614940759081886
  |->  par_lens = 380, 376, 372
[TDSE] Running TDSE-SH-elliptical. step 37400, energy = -0.4757791753280199
  |->  par_lens = 382, 378, 379
[TDSE] Running TDSE-SH-elliptical. step 37600, energy = -0.48558833782363814
  |->  par_lens = 379, 379, 379
[TDSE] Running TDSE-SH-elliptical. step 37800, energy = -0.4854362646163403
  |->  par_lens = 382, 377, 376
[TDSE] Running TDSE-SH-elliptical. step 38000, energy = -0.48113879517883396
  |->  par_lens = 376, 370, 377
[TDSE] Running TDSE-SH-elliptical. step 38200, energy = -0.48047744989012764
  |->  par_lens = 368, 354, 359
[TDSE] Running TDSE-SH-elliptical. step 38400, energy = -0.4846817463221154
  |->  par_lens = 353, 345, 344
[TDSE] Running TDSE-SH-elliptical. step 38600, energy = -0.488787485063601
  |->  par_lens = 345, 327, 330
[TDSE] Running TDSE-SH-elliptical. step 38800, energy = -0.4888441856740506
  |->  par_lens = 331, 320, 322
[TDSE] Running TDSE-SH-elliptical. step 39000, energy = -0.4858697555206646
  |->  par_lens = 327, 316, 314
[TDSE] Running TDSE-SH-elliptical. step 39200, energy = -0.48386516482090114
  |->  par_lens = 335, 316, 317
[TDSE] Running TDSE-SH-elliptical. step 39400, energy = -0.4850279632155654
  |->  par_lens = 330, 315, 317
[TDSE] Running TDSE-SH-elliptical. step 39600, energy = -0.4880718198687537
  |->  par_lens = 331, 315, 315
[TDSE] Running TDSE-SH-elliptical. step 39800, energy = -0.49056355440818095
  |->  par_lens = 329, 317, 314
[TDSE] Running TDSE-SH-elliptical. step 40000, energy = -0.4914391607824663
  |->  par_lens = 324, 313, 313
[TDSE] Running TDSE-SH-elliptical. step 40200, energy = -0.49142572788106254
  |->  par_lens = 317, 308, 311
[TDSE] Running TDSE-SH-elliptical. step 40400, energy = -0.4914559429084065
  |->  par_lens = 315, 306, 307
[TDSE] Running TDSE-SH-elliptical. step 40600, energy = -0.4917311470437358
  |->  par_lens = 309, 303, 301
[TDSE] Running TDSE-SH-elliptical. step 40800, energy = -0.4918557279438155
  |->  par_lens = 305, 300, 303
[TDSE] Running TDSE-SH-elliptical. step 41000, energy = -0.49168221694545416
  |->  par_lens = 300, 295, 298
[TDSE] Running TDSE-SH-elliptical. step 41200, energy = -0.49133411936775767
  |->  par_lens = 299, 297, 297
[TDSE] Running TDSE-SH-elliptical. step 41400, energy = -0.4911962003203939
  |->  par_lens = 299, 299, 295
[TDSE] Running TDSE-SH-elliptical. step 41600, energy = -0.4912811243309116
  |->  par_lens = 301, 299, 295
[TDSE] Running TDSE-SH-elliptical. step 41800, energy = -0.4914607954518384
  |->  par_lens = 303, 297, 295
[TDSE] Running TDSE-SH-elliptical. step 42000, energy = -0.4916763349861666
  |->  par_lens = 304, 297, 296
[TDSE] Running TDSE-SH-elliptical. step 42200, energy = -0.49176896090894284
  |->  par_lens = 302, 296, 294
[TDSE] Running TDSE-SH-elliptical. step 42400, energy = -0.49183726552162205
  |->  par_lens = 300, 296, 295
[TDSE] Running TDSE-SH-elliptical. step 42600, energy = -0.49184865054204335
  |->  par_lens = 297, 296, 295
[TDSE] Running TDSE-SH-elliptical. step 42800, energy = -0.49184070265216634
  |->  par_lens = 296, 296, 295
[TDSE] Running TDSE-SH-elliptical. step 43000, energy = -0.4918649803351387
  |->  par_lens = 298, 296, 297
[TDSE] Running TDSE-SH-elliptical. step 43200, energy = -0.4918509408044288
  |->  par_lens = 300, 299, 298
[TDSE] Running TDSE-SH-elliptical. step 43400, energy = -0.49188238823981484
  |->  par_lens = 299, 299, 298
[TDSE] Running TDSE-SH-elliptical. step 43600, energy = -0.4918873617505333
  |->  par_lens = 300, 298, 298
[TDSE] Running TDSE-SH-elliptical. step 43800, energy = -0.4918868071492488
  |->  par_lens = 301, 298, 297
[TDSE] Running TDSE-SH-elliptical. step 44000, energy = -0.49192680542987954
  |->  par_lens = 301, 298, 297
[TDSE] Running TDSE-SH-elliptical. step 44200, energy = -0.4919244487757928
  |->  par_lens = 301, 298, 297
[TDSE] Running TDSE-SH-elliptical. step 44400, energy = -0.49195345029045945
  |->  par_lens = 300, 300, 297
[TDSE] Running TDSE-SH-elliptical. step 44600, energy = -0.4919491049448249
  |->  par_lens = 299, 301, 297
[TDSE] Running TDSE-SH-elliptical. step 44800, energy = -0.49195486061134797
  |->  par_lens = 298, 302, 298
[TDSE] Running TDSE-SH-elliptical. step 45000, energy = -0.4919968254243895
  |->  par_lens = 298, 301, 298
[TDSE] Running TDSE-SH-elliptical. step 45200, energy = -0.4919972906870752
  |->  par_lens = 299, 301, 299
[TDSE] Running TDSE-SH-elliptical. step 45400, energy = -0.492046562706124
  |->  par_lens = 302, 301, 299
[TDSE] Running TDSE-SH-elliptical. step 45600, energy = -0.49205506292782325
  |->  par_lens = 303, 301, 300
[TDSE] Running TDSE-SH-elliptical. step 45800, energy = -0.4920586963373755
  |->  par_lens = 302, 301, 298
[TDSE] Running TDSE-SH-elliptical. step 46000, energy = -0.4920885140627197
  |->  par_lens = 301, 301, 299
[TDSE] Running TDSE-SH-elliptical. step 46200, energy = -0.492081087155106
  |->  par_lens = 302, 303, 299
[TDSE] Running TDSE-SH-elliptical. step 46400, energy = -0.49212689780881547
  |->  par_lens = 303, 302, 299
[TDSE] Running TDSE-SH-elliptical. step 46600, energy = -0.4921379663275551
  |->  par_lens = 303, 302, 301
[TDSE] Running TDSE-SH-elliptical. step 46800, energy = -0.4921629077239067
  |->  par_lens = 303, 303, 301
[TDSE] Running TDSE-SH-elliptical. step 47000, energy = -0.49220307477131614
  |->  par_lens = 303, 304, 302
[TDSE] Running TDSE-SH-elliptical. step 47200, energy = -0.4921922083843147
  |->  par_lens = 303, 305, 302
[TDSE] Running TDSE-SH-elliptical. step 47400, energy = -0.49223901461072606
  |->  par_lens = 304, 305, 304
[TDSE] Running TDSE-SH-elliptical. step 47600, energy = -0.492246692787584
  |->  par_lens = 304, 305, 305
[TDSE] Running TDSE-SH-elliptical. step 47800, energy = -0.49226359861376784
  |->  par_lens = 304, 305, 304
[TDSE] Running TDSE-SH-elliptical. step 48000, energy = -0.492298263486891
  |->  par_lens = 302, 303, 303
[TDSE] Running TDSE-SH-elliptical. step 48200, energy = -0.4922996300055376
  |->  par_lens = 302, 304, 304
[TDSE] Running TDSE-SH-elliptical. step 48400, energy = -0.49235420298439675
  |->  par_lens = 304, 304, 304
[TDSE] Running TDSE-SH-elliptical. step 48600, energy = -0.49235430830793536
  |->  par_lens = 307, 305, 304
[TDSE] Running TDSE-SH-elliptical. step 48800, energy = -0.49237499575408505
  |->  par_lens = 308, 306, 304
[TDSE] Running TDSE-SH-elliptical. step 49000, energy = -0.49240617894625527
  |->  par_lens = 308, 306, 305
[TDSE] Running TDSE-SH-elliptical. step 49200, energy = -0.49239411631391944
  |->  par_lens = 308, 307, 305
[TDSE] Running TDSE-SH-elliptical. step 49400, energy = -0.4924439495506557
  |->  par_lens = 307, 306, 304
[TDSE] Running TDSE-SH-elliptical. step 49600, energy = -0.49244961775377877
  |->  par_lens = 307, 306, 306
[TDSE] Running TDSE-SH-elliptical. step 49800, energy = -0.4924790894528805
  |->  par_lens = 307, 307, 306
[TDSE] Running TDSE-SH-elliptical. step 50000, energy = -0.4925131372000617
  |->  par_lens = 311, 307, 307
[TDSE] Running TDSE-SH-elliptical. step 50200, energy = -0.49251505783148525
  |->  par_lens = 313, 310, 306
[TDSE] Running TDSE-SH-elliptical. step 50400, energy = -0.4925699754881252
  |->  par_lens = 314, 312, 308
[TDSE] Running TDSE-SH-elliptical. step 50600, energy = -0.49256089300516165
  |->  par_lens = 314, 313, 311
[TDSE] Running TDSE-SH-elliptical. step 50800, energy = -0.4925874266837132
  |->  par_lens = 315, 314, 312
[TDSE] Running TDSE-SH-elliptical. step 51000, energy = -0.49261675753105977
  |->  par_lens = 316, 314, 313
[TDSE] Running TDSE-SH-elliptical. step 51200, energy = -0.4926026646137041
  |->  par_lens = 316, 314, 314
[TDSE] Running TDSE-SH-elliptical. step 51400, energy = -0.4926420225822889
  |->  par_lens = 316, 313, 313
[TDSE] Running TDSE-SH-elliptical. step 51600, energy = -0.4926326646151821
  |->  par_lens = 317, 314, 313
[TDSE] Running TDSE-SH-elliptical. step 51800, energy = -0.4926657351751845
  |->  par_lens = 316, 313, 315
[TDSE] Running TDSE-SH-elliptical. step 52000, energy = -0.4926872878589524
  |->  par_lens = 316, 313, 314
[TDSE] Running TDSE-SH-elliptical. step 52200, energy = -0.49267932388016933
  |->  par_lens = 316, 314, 315
[TDSE] Running TDSE-SH-elliptical. step 52400, energy = -0.49273198071529584
  |->  par_lens = 316, 316, 316
[TDSE] Running TDSE-SH-elliptical. step 52600, energy = -0.4927250275711181
  |->  par_lens = 317, 317, 318
[TDSE] Running TDSE-SH-elliptical. step 52800, energy = -0.4927661439743471
  |->  par_lens = 320, 319, 318
[TDSE] Running TDSE-SH-elliptical. step 53000, energy = -0.49279454488327673
  |->  par_lens = 320, 319, 318
