  Activating project at `~/JuliaProp_v0.1`
[ITP]: 10000.500151030976
[ITP]: 3.0490838964780664e-8
[ITP]: 7.575335692067142e-9
Energy of ground state: -0.5001510690415283
[TDSE] Start TDSE-SH for elliptical polarized laser. It may cost a plenty of time.
[TDSE] Running TDSE-SH-elliptical. step 0, energy = -0.5001510690415277
  |->  par_lens = 2, 2, 2
[TDSE] Running TDSE-SH-elliptical. step 200, energy = -0.5001510690413842
  |->  par_lens = 2, 2, 2
[TDSE] Running TDSE-SH-elliptical. step 400, energy = -0.500151069041239
  |->  par_lens = 2, 2, 2
[TDSE] Running TDSE-SH-elliptical. step 600, energy = -0.5001510690410758
  |->  par_lens = 2, 2, 2
[TDSE] Running TDSE-SH-elliptical. step 800, energy = -0.500151069040817
  |->  par_lens = 2, 2, 2
[TDSE] Running TDSE-SH-elliptical. step 1000, energy = -0.5001510690402465
  |->  par_lens = 2, 2, 2
[TDSE] Running TDSE-SH-elliptical. step 1200, energy = -0.5001510690387525
  |->  par_lens = 2, 2, 2
[TDSE] Running TDSE-SH-elliptical. step 1400, energy = -0.5001510690350347
  |->  par_lens = 2, 2, 2
[TDSE] Running TDSE-SH-elliptical. step 1600, energy = -0.5001510690266225
  |->  par_lens = 2, 2, 2
[TDSE] Running TDSE-SH-elliptical. step 1800, energy = -0.5001510690090705
  |->  par_lens = 2, 2, 2
[TDSE] Running TDSE-SH-elliptical. step 2000, energy = -0.5001510689749792
  |->  par_lens = 2, 2, 2
[TDSE] Running TDSE-SH-elliptical. step 2200, energy = -0.5001510689122866
  |->  par_lens = 2, 2, 2
[TDSE] Running TDSE-SH-elliptical. step 2400, energy = -0.5001510688028926
  |->  par_lens = 2, 2, 2
[TDSE] Running TDSE-SH-elliptical. step 2600, energy = -0.5001510686195372
  |->  par_lens = 2, 2, 2
[TDSE] Running TDSE-SH-elliptical. step 2800, energy = -0.5001510683231432
  |->  par_lens = 2, 2, 2
[TDSE] Running TDSE-SH-elliptical. step 3000, energy = -0.5001510678597212
  |->  par_lens = 2, 2, 2
[TDSE] Running TDSE-SH-elliptical. step 3200, energy = -0.5001510671531338
  |->  par_lens = 2, 2, 2
[TDSE] Running TDSE-SH-elliptical. step 3400, energy = -0.5001510661065803
  |->  par_lens = 2, 2, 2
[TDSE] Running TDSE-SH-elliptical. step 3600, energy = -0.5001510645837663
  |->  par_lens = 2, 2, 2
[TDSE] Running TDSE-SH-elliptical. step 3800, energy = -0.5001510624175921
  |->  par_lens = 2, 2, 2
[TDSE] Running TDSE-SH-elliptical. step 4000, energy = -0.5001510593986573
  |->  par_lens = 2, 2, 2
[TDSE] Running TDSE-SH-elliptical. step 4200, energy = -0.5001510552363606
  |->  par_lens = 2, 2, 2
[TDSE] Running TDSE-SH-elliptical. step 4400, energy = -0.500151049620683
  |->  par_lens = 2, 2, 2
[TDSE] Running TDSE-SH-elliptical. step 4600, energy = -0.5001510421250631
  |->  par_lens = 2, 2, 2
[TDSE] Running TDSE-SH-elliptical. step 4800, energy = -0.5001510322641536
  |->  par_lens = 2, 2, 2
[TDSE] Running TDSE-SH-elliptical. step 5000, energy = -0.5001510194520014
  |->  par_lens = 2, 2, 2
[TDSE] Running TDSE-SH-elliptical. step 5200, energy = -0.5001510029464267
  |->  par_lens = 2, 2, 2
[TDSE] Running TDSE-SH-elliptical. step 5400, energy = -0.5001509820762523
  |->  par_lens = 2, 2, 2
[TDSE] Running TDSE-SH-elliptical. step 5600, energy = -0.5001509557059015
  |->  par_lens = 2, 2, 2
[TDSE] Running TDSE-SH-elliptical. step 5800, energy = -0.5001509228524269
  |->  par_lens = 2, 2, 2
[TDSE] Running TDSE-SH-elliptical. step 6000, energy = -0.5001508824387586
  |->  par_lens = 2, 2, 2
[TDSE] Running TDSE-SH-elliptical. step 6200, energy = -0.5001508327803663
  |->  par_lens = 2, 2, 2
[TDSE] Running TDSE-SH-elliptical. step 6400, energy = -0.5001507726770363
  |->  par_lens = 2, 2, 2
[TDSE] Running TDSE-SH-elliptical. step 6600, energy = -0.5001507000705379
  |->  par_lens = 2, 2, 2
[TDSE] Running TDSE-SH-elliptical. step 6800, energy = -0.5001506135529544
  |->  par_lens = 2, 2, 2
[TDSE] Running TDSE-SH-elliptical. step 7000, energy = -0.5001505109208249
  |->  par_lens = 2, 2, 2
[TDSE] Running TDSE-SH-elliptical. step 7200, energy = -0.5001503893431632
  |->  par_lens = 2, 2, 2
[TDSE] Running TDSE-SH-elliptical. step 7400, energy = -0.5001502480828729
  |->  par_lens = 2, 2, 2
[TDSE] Running TDSE-SH-elliptical. step 7600, energy = -0.5001500829701523
  |->  par_lens = 2, 2, 2
[TDSE] Running TDSE-SH-elliptical. step 7800, energy = -0.5001498923408255
  |->  par_lens = 2, 2, 2
[TDSE] Running TDSE-SH-elliptical. step 8000, energy = -0.5001496738432568
  |->  par_lens = 2, 2, 2
[TDSE] Running TDSE-SH-elliptical. step 8200, energy = -0.5001494231839174
  |->  par_lens = 2, 2, 2
[TDSE] Running TDSE-SH-elliptical. step 8400, energy = -0.5001491401415135
  |->  par_lens = 2, 2, 2
[TDSE] Running TDSE-SH-elliptical. step 8600, energy = -0.5001488187147527
  |->  par_lens = 2, 2, 2
[TDSE] Running TDSE-SH-elliptical. step 8800, energy = -0.5001484591889594
  |->  par_lens = 2, 2, 2
[TDSE] Running TDSE-SH-elliptical. step 9000, energy = -0.5001480570659202
  |->  par_lens = 2, 2, 2
[TDSE] Running TDSE-SH-elliptical. step 9200, energy = -0.5001476077035791
  |->  par_lens = 2, 2, 2
[TDSE] Running TDSE-SH-elliptical. step 9400, energy = -0.5001471160177702
  |->  par_lens = 2, 2, 2
[TDSE] Running TDSE-SH-elliptical. step 9600, energy = -0.5001465696356344
  |->  par_lens = 2, 2, 2
[TDSE] Running TDSE-SH-elliptical. step 9800, energy = -0.5001459721056717
  |->  par_lens = 2, 2, 2
[TDSE] Running TDSE-SH-elliptical. step 10000, energy = -0.5001453231750109
  |->  par_lens = 2, 2, 2
[TDSE] Running TDSE-SH-elliptical. step 10200, energy = -0.5001444862691266
  |->  par_lens = 2, 2, 2
[TDSE] Running TDSE-SH-elliptical. step 10400, energy = -0.500142694843538
  |->  par_lens = 2, 2, 2
[TDSE] Running TDSE-SH-elliptical. step 10600, energy = -0.500140952097605
  |->  par_lens = 3, 2, 2
[TDSE] Running TDSE-SH-elliptical. step 10800, energy = -0.5001424759607632
  |->  par_lens = 4, 2, 2
[TDSE] Running TDSE-SH-elliptical. step 11000, energy = -0.500146772535013
  |->  par_lens = 3, 2, 2
[TDSE] Running TDSE-SH-elliptical. step 11200, energy = -0.5001391764118914
  |->  par_lens = 4, 3, 2
[TDSE] Running TDSE-SH-elliptical. step 11400, energy = -0.5001015301903248
  |->  par_lens = 4, 3, 3
[TDSE] Running TDSE-SH-elliptical. step 11600, energy = -0.5000491560099662
  |->  par_lens = 4, 3, 3
[TDSE] Running TDSE-SH-elliptical. step 11800, energy = -0.5000302510235344
  |->  par_lens = 4, 3, 3
[TDSE] Running TDSE-SH-elliptical. step 12000, energy = -0.5000216688738552
  |->  par_lens = 4, 4, 3
[TDSE] Running TDSE-SH-elliptical. step 12200, energy = -0.4998406622471103
  |->  par_lens = 5, 5, 4
[TDSE] Running TDSE-SH-elliptical. step 12400, energy = -0.4992997257035197
  |->  par_lens = 5, 5, 6
[TDSE] Running TDSE-SH-elliptical. step 12600, energy = -0.4985672929986365
  |->  par_lens = 6, 6, 6
[TDSE] Running TDSE-SH-elliptical. step 12800, energy = -0.4982327408443605
  |->  par_lens = 7, 7, 7
[TDSE] Running TDSE-SH-elliptical. step 13000, energy = -0.4986776607887539
  |->  par_lens = 7, 7, 7
[TDSE] Running TDSE-SH-elliptical. step 13200, energy = -0.49932484678219674
  |->  par_lens = 7, 7, 7
[TDSE] Running TDSE-SH-elliptical. step 13400, energy = -0.49892858529703016
  |->  par_lens = 7, 7, 7
[TDSE] Running TDSE-SH-elliptical. step 13600, energy = -0.49708188447786567
  |->  par_lens = 8, 8, 7
[TDSE] Running TDSE-SH-elliptical. step 13800, energy = -0.49525057805035033
  |->  par_lens = 9, 8, 9
[TDSE] Running TDSE-SH-elliptical. step 14000, energy = -0.49539111608983993
  |->  par_lens = 10, 10, 9
[TDSE] Running TDSE-SH-elliptical. step 14200, energy = -0.4971636741497443
  |->  par_lens = 10, 10, 8
[TDSE] Running TDSE-SH-elliptical. step 14400, energy = -0.4972592005255742
  |->  par_lens = 10, 9, 8
[TDSE] Running TDSE-SH-elliptical. step 14600, energy = -0.4929250927214832
  |->  par_lens = 10, 10, 10
[TDSE] Running TDSE-SH-elliptical. step 14800, energy = -0.486289970993564
  |->  par_lens = 13, 12, 13
[TDSE] Running TDSE-SH-elliptical. step 15000, energy = -0.4834230945666017
  |->  par_lens = 14, 13, 13
[TDSE] Running TDSE-SH-elliptical. step 15200, energy = -0.4875133315914396
  |->  par_lens = 17, 17, 16
[TDSE] Running TDSE-SH-elliptical. step 15400, energy = -0.4935568513438482
  |->  par_lens = 18, 18, 18
[TDSE] Running TDSE-SH-elliptical. step 15600, energy = -0.4924947606331792
  |->  par_lens = 19, 19, 19
[TDSE] Running TDSE-SH-elliptical. step 15800, energy = -0.4821535200266507
  |->  par_lens = 19, 19, 18
[TDSE] Running TDSE-SH-elliptical. step 16000, energy = -0.4718982241139446
  |->  par_lens = 19, 18, 21
[TDSE] Running TDSE-SH-elliptical. step 16200, energy = -0.4730107162818506
  |->  par_lens = 21, 22, 21
[TDSE] Running TDSE-SH-elliptical. step 16400, energy = -0.4838255673937828
  |->  par_lens = 22, 24, 25
[TDSE] Running TDSE-SH-elliptical. step 16600, energy = -0.4885036562808897
  |->  par_lens = 23, 24, 26
[TDSE] Running TDSE-SH-elliptical. step 16800, energy = -0.4745663992337905
  |->  par_lens = 23, 24, 27
[TDSE] Running TDSE-SH-elliptical. step 17000, energy = -0.45047159891658456
  |->  par_lens = 25, 25, 28
[TDSE] Running TDSE-SH-elliptical. step 17200, energy = -0.43983840266980484
  |->  par_lens = 30, 32, 32
[TDSE] Running TDSE-SH-elliptical. step 17400, energy = -0.454459993587484
  |->  par_lens = 39, 42, 36
[TDSE] Running TDSE-SH-elliptical. step 17600, energy = -0.47694835620633397
  |->  par_lens = 43, 44, 47
[TDSE] Running TDSE-SH-elliptical. step 17800, energy = -0.477146802419974
  |->  par_lens = 46, 44, 48
[TDSE] Running TDSE-SH-elliptical. step 18000, energy = -0.4479314066095155
  |->  par_lens = 44, 43, 42
[TDSE] Running TDSE-SH-elliptical. step 18200, energy = -0.4180565119723121
  |->  par_lens = 44, 44, 41
[TDSE] Running TDSE-SH-elliptical. step 18400, energy = -0.42083317186082125
  |->  par_lens = 53, 53, 48
[TDSE] Running TDSE-SH-elliptical. step 18600, energy = -0.45258048094007414
  |->  par_lens = 62, 60, 56
[TDSE] Running TDSE-SH-elliptical. step 18800, energy = -0.4708138102720114
  |->  par_lens = 64, 66, 60
[TDSE] Running TDSE-SH-elliptical. step 19000, energy = -0.44221952348386323
  |->  par_lens = 60, 61, 60
[TDSE] Running TDSE-SH-elliptical. step 19200, energy = -0.3867907423387349
  |->  par_lens = 55, 55, 54
[TDSE] Running TDSE-SH-elliptical. step 19400, energy = -0.3611845726868283
  |->  par_lens = 65, 66, 64
[TDSE] Running TDSE-SH-elliptical. step 19600, energy = -0.3938222069564097
  |->  par_lens = 84, 81, 85
[TDSE] Running TDSE-SH-elliptical. step 19800, energy = -0.44668858633188097
  |->  par_lens = 97, 97, 101
[TDSE] Running TDSE-SH-elliptical. step 20000, energy = -0.4532191031788429
  |->  par_lens = 104, 99, 103
[TDSE] Running TDSE-SH-elliptical. step 20200, energy = -0.39680142634900223
  |->  par_lens = 100, 97, 96
[TDSE] Running TDSE-SH-elliptical. step 20400, energy = -0.33674370821761823
  |->  par_lens = 82, 86, 82
[TDSE] Running TDSE-SH-elliptical. step 20600, energy = -0.3404996089406482
  |->  par_lens = 101, 101, 102
[TDSE] Running TDSE-SH-elliptical. step 20800, energy = -0.40375633934878563
  |->  par_lens = 128, 124, 125
[TDSE] Running TDSE-SH-elliptical. step 21000, energy = -0.44554431162984914
  |->  par_lens = 134, 136, 133
[TDSE] Running TDSE-SH-elliptical. step 21200, energy = -0.40196731062516505
  |->  par_lens = 132, 133, 133
[TDSE] Running TDSE-SH-elliptical. step 21400, energy = -0.30676711300899195
  |->  par_lens = 114, 116, 110
[TDSE] Running TDSE-SH-elliptical. step 21600, energy = -0.2610740793199195
  |->  par_lens = 112, 114, 110
[TDSE] Running TDSE-SH-elliptical. step 21800, energy = -0.31440901291707024
  |->  par_lens = 155, 155, 152
[TDSE] Running TDSE-SH-elliptical. step 22000, energy = -0.40698416641127544
  |->  par_lens = 186, 182, 187
[TDSE] Running TDSE-SH-elliptical. step 22200, energy = -0.4262659306429837
  |->  par_lens = 193, 189, 193
[TDSE] Running TDSE-SH-elliptical. step 22400, energy = -0.34257421439970326
  |->  par_lens = 189, 189, 189
[TDSE] Running TDSE-SH-elliptical. step 22600, energy = -0.24926918082016178
  |->  par_lens = 160, 162, 163
[TDSE] Running TDSE-SH-elliptical. step 22800, energy = -0.2523471500430819
  |->  par_lens = 174, 170, 166
[TDSE] Running TDSE-SH-elliptical. step 23000, energy = -0.34848636027403296
  |->  par_lens = 214, 218, 213
[TDSE] Running TDSE-SH-elliptical. step 23200, energy = -0.4189465973778302
  |->  par_lens = 233, 230, 233
[TDSE] Running TDSE-SH-elliptical. step 23400, energy = -0.3662409498217636
  |->  par_lens = 228, 224, 231
[TDSE] Running TDSE-SH-elliptical. step 23600, energy = -0.2350529494385085
  |->  par_lens = 210, 204, 206
[TDSE] Running TDSE-SH-elliptical. step 23800, energy = -0.169990671493648
  |->  par_lens = 194, 190, 192
[TDSE] Running TDSE-SH-elliptical. step 24000, energy = -0.23916864408199437
  |->  par_lens = 237, 241, 237
[TDSE] Running TDSE-SH-elliptical. step 24200, energy = -0.3686242344503266
  |->  par_lens = 286, 280, 279
[TDSE] Running TDSE-SH-elliptical. step 24400, energy = -0.40487734793286784
  |->  par_lens = 294, 293, 292
[TDSE] Running TDSE-SH-elliptical. step 24600, energy = -0.30477732285612
  |->  par_lens = 286, 287, 283
[TDSE] Running TDSE-SH-elliptical. step 24800, energy = -0.1866256690209786
  |->  par_lens = 249, 251, 253
[TDSE] Running TDSE-SH-elliptical. step 25000, energy = -0.1875176332110199
  |->  par_lens = 247, 244, 244
[TDSE] Running TDSE-SH-elliptical. step 25200, energy = -0.3051257082220633
  |->  par_lens = 296, 293, 288
[TDSE] Running TDSE-SH-elliptical. step 25400, energy = -0.39942939400653626
  |->  par_lens = 315, 321, 317
[TDSE] Running TDSE-SH-elliptical. step 25600, energy = -0.3477246369336787
  |->  par_lens = 316, 317, 312
[TDSE] Running TDSE-SH-elliptical. step 25800, energy = -0.19837659014458417
  |->  par_lens = 293, 301, 290
[TDSE] Running TDSE-SH-elliptical. step 26000, energy = -0.12120321802444493
  |->  par_lens = 285, 276, 282
[TDSE] Running TDSE-SH-elliptical. step 26200, energy = -0.19563467822964575
  |->  par_lens = 311, 313, 316
[TDSE] Running TDSE-SH-elliptical. step 26400, energy = -0.3447568464118866
  |->  par_lens = 351, 344, 348
[TDSE] Running TDSE-SH-elliptical. step 26600, energy = -0.3964286697527795
  |->  par_lens = 358, 362, 360
[TDSE] Running TDSE-SH-elliptical. step 26800, energy = -0.29840731607252524
  |->  par_lens = 344, 347, 350
[TDSE] Running TDSE-SH-elliptical. step 27000, energy = -0.17436052544018643
  |->  par_lens = 322, 325, 322
[TDSE] Running TDSE-SH-elliptical. step 27200, energy = -0.17158819701601613
  |->  par_lens = 320, 328, 329
[TDSE] Running TDSE-SH-elliptical. step 27400, energy = -0.2913672437537057
  |->  par_lens = 350, 349, 348
[TDSE] Running TDSE-SH-elliptical. step 27600, energy = -0.394622565571915
  |->  par_lens = 365, 370, 364
[TDSE] Running TDSE-SH-elliptical. step 27800, energy = -0.35354550907076243
  |->  par_lens = 365, 362, 365
[TDSE] Running TDSE-SH-elliptical. step 28000, energy = -0.21169547065640829
  |->  par_lens = 347, 349, 349
[TDSE] Running TDSE-SH-elliptical. step 28200, energy = -0.13391652387989234
  |->  par_lens = 338, 337, 336
[TDSE] Running TDSE-SH-elliptical. step 28400, energy = -0.2013523396299429
  |->  par_lens = 361, 361, 361
[TDSE] Running TDSE-SH-elliptical. step 28600, energy = -0.3451999912987787
  |->  par_lens = 381, 383, 387
[TDSE] Running TDSE-SH-elliptical. step 28800, energy = -0.40445449806879324
  |->  par_lens = 391, 393, 393
[TDSE] Running TDSE-SH-elliptical. step 29000, energy = -0.3264139096389314
  |->  par_lens = 389, 388, 379
[TDSE] Running TDSE-SH-elliptical. step 29200, energy = -0.21795080470279424
  |->  par_lens = 371, 369, 365
[TDSE] Running TDSE-SH-elliptical. step 29400, energy = -0.21159608254493018
  |->  par_lens = 358, 350, 353
[TDSE] Running TDSE-SH-elliptical. step 29600, energy = -0.31407123039189644
  |->  par_lens = 366, 367, 373
[TDSE] Running TDSE-SH-elliptical. step 29800, energy = -0.40703640029934485
  |->  par_lens = 383, 377, 383
[TDSE] Running TDSE-SH-elliptical. step 30000, energy = -0.38087214964659666
  |->  par_lens = 381, 376, 380
[TDSE] Running TDSE-SH-elliptical. step 30200, energy = -0.26849080975847717
  |->  par_lens = 372, 368, 371
[TDSE] Running TDSE-SH-elliptical. step 30400, energy = -0.20276916180178742
  |->  par_lens = 378, 367, 369
[TDSE] Running TDSE-SH-elliptical. step 30600, energy = -0.254148715163229
  |->  par_lens = 393, 384, 390
[TDSE] Running TDSE-SH-elliptical. step 30800, energy = -0.3707108996029222
  |->  par_lens = 402, 402, 398
[TDSE] Running TDSE-SH-elliptical. step 31000, energy = -0.42569320325609217
  |->  par_lens = 408, 410, 403
[TDSE] Running TDSE-SH-elliptical. step 31200, energy = -0.3763288961131298
  |->  par_lens = 407, 403, 400
[TDSE] Running TDSE-SH-elliptical. step 31400, energy = -0.2986808523692673
  |->  par_lens = 394, 385, 391
[TDSE] Running TDSE-SH-elliptical. step 31600, energy = -0.29086062194323836
  |->  par_lens = 382, 373, 378
[TDSE] Running TDSE-SH-elliptical. step 31800, energy = -0.3637680382913873
  |->  par_lens = 371, 380, 375
[TDSE] Running TDSE-SH-elliptical. step 32000, energy = -0.4316756083920256
  |->  par_lens = 377, 383, 382
[TDSE] Running TDSE-SH-elliptical. step 32200, energy = -0.4191616953294363
  |->  par_lens = 378, 376, 382
[TDSE] Running TDSE-SH-elliptical. step 32400, energy = -0.3458369249001777
  |->  par_lens = 378, 378, 375
[TDSE] Running TDSE-SH-elliptical. step 32600, energy = -0.29933976912062377
  |->  par_lens = 384, 388, 384
[TDSE] Running TDSE-SH-elliptical. step 32800, energy = -0.3317362176492019
  |->  par_lens = 396, 399, 395
[TDSE] Running TDSE-SH-elliptical. step 33000, energy = -0.409066955888576
  |->  par_lens = 409, 410, 408
[TDSE] Running TDSE-SH-elliptical. step 33200, energy = -0.45163848587182553
  |->  par_lens = 409, 412, 412
[TDSE] Running TDSE-SH-elliptical. step 33400, energy = -0.4287920382248918
  |->  par_lens = 411, 411, 415
[TDSE] Running TDSE-SH-elliptical. step 33600, energy = -0.3846299778411893
  |->  par_lens = 405, 406, 406
[TDSE] Running TDSE-SH-elliptical. step 33800, energy = -0.3792082860101433
  |->  par_lens = 401, 393, 395
[TDSE] Running TDSE-SH-elliptical. step 34000, energy = -0.41941285131825323
  |->  par_lens = 382, 375, 378
[TDSE] Running TDSE-SH-elliptical. step 34200, energy = -0.45875516945382805
  |->  par_lens = 382, 385, 380
[TDSE] Running TDSE-SH-elliptical. step 34400, energy = -0.4540746311814318
  |->  par_lens = 377, 372, 377
[TDSE] Running TDSE-SH-elliptical. step 34600, energy = -0.41582991182185236
  |->  par_lens = 376, 383, 382
[TDSE] Running TDSE-SH-elliptical. step 34800, energy = -0.39052413947347653
  |->  par_lens = 389, 397, 394
[TDSE] Running TDSE-SH-elliptical. step 35000, energy = -0.40694363438926956
  |->  par_lens = 400, 405, 403
[TDSE] Running TDSE-SH-elliptical. step 35200, energy = -0.4472214330155345
  |->  par_lens = 408, 407, 413
[TDSE] Running TDSE-SH-elliptical. step 35400, energy = -0.47269074087715257
  |->  par_lens = 412, 412, 414
[TDSE] Running TDSE-SH-elliptical. step 35600, energy = -0.4669646535509125
  |->  par_lens = 414, 414, 417
[TDSE] Running TDSE-SH-elliptical. step 35800, energy = -0.4497572035131285
  |->  par_lens = 414, 412, 416
[TDSE] Running TDSE-SH-elliptical. step 36000, energy = -0.44681004534230284
  |->  par_lens = 404, 408, 411
[TDSE] Running TDSE-SH-elliptical. step 36200, energy = -0.46336580958632967
  |->  par_lens = 399, 397, 410
[TDSE] Running TDSE-SH-elliptical. step 36400, energy = -0.4788965982483914
  |->  par_lens = 400, 393, 391
[TDSE] Running TDSE-SH-elliptical. step 36600, energy = -0.4775269311759185
  |->  par_lens = 393, 394, 388
[TDSE] Running TDSE-SH-elliptical. step 36800, energy = -0.462642610445025
  |->  par_lens = 388, 396, 391
[TDSE] Running TDSE-SH-elliptical. step 37000, energy = -0.45285229279952277
  |->  par_lens = 403, 397, 397
[TDSE] Running TDSE-SH-elliptical. step 37200, energy = -0.4586598520096822
  |->  par_lens = 407, 407, 404
[TDSE] Running TDSE-SH-elliptical. step 37400, energy = -0.4739914119303924
  |->  par_lens = 410, 411, 409
[TDSE] Running TDSE-SH-elliptical. step 37600, energy = -0.4852161621661124
  |->  par_lens = 409, 412, 412
[TDSE] Running TDSE-SH-elliptical. step 37800, energy = -0.48637639084686174
  |->  par_lens = 411, 411, 413
[TDSE] Running TDSE-SH-elliptical. step 38000, energy = -0.4829126399728898
  |->  par_lens = 412, 409, 410
[TDSE] Running TDSE-SH-elliptical. step 38200, energy = -0.48239886588268427
  |->  par_lens = 403, 400, 404
[TDSE] Running TDSE-SH-elliptical. step 38400, energy = -0.4861107385336332
  |->  par_lens = 400, 394, 393
[TDSE] Running TDSE-SH-elliptical. step 38600, energy = -0.48934130972472656
  |->  par_lens = 390, 387, 384
[TDSE] Running TDSE-SH-elliptical. step 38800, energy = -0.4884155014108307
  |->  par_lens = 386, 379, 380
[TDSE] Running TDSE-SH-elliptical. step 39000, energy = -0.48470050154378
  |->  par_lens = 386, 380, 378
[TDSE] Running TDSE-SH-elliptical. step 39200, energy = -0.4823690049338399
  |->  par_lens = 383, 385, 387
[TDSE] Running TDSE-SH-elliptical. step 39400, energy = -0.4836358757495865
  |->  par_lens = 393, 395, 397
[TDSE] Running TDSE-SH-elliptical. step 39600, energy = -0.48711333646163757
  |->  par_lens = 400, 401, 399
[TDSE] Running TDSE-SH-elliptical. step 39800, energy = -0.4901716278100845
  |->  par_lens = 398, 402, 402
[TDSE] Running TDSE-SH-elliptical. step 40000, energy = -0.49156850718953915
  |->  par_lens = 400, 401, 400
[TDSE] Running TDSE-SH-elliptical. step 40200, energy = -0.4918476199277532
  |->  par_lens = 399, 400, 399
[TDSE] Running TDSE-SH-elliptical. step 40400, energy = -0.4919381228074084
  |->  par_lens = 397, 401, 398
[TDSE] Running TDSE-SH-elliptical. step 40600, energy = -0.49206465382770254
  |->  par_lens = 394, 397, 394
[TDSE] Running TDSE-SH-elliptical. step 40800, energy = -0.4919231850816457
  |->  par_lens = 392, 396, 392
[TDSE] Running TDSE-SH-elliptical. step 41000, energy = -0.49150392676527305
  |->  par_lens = 391, 395, 389
[TDSE] Running TDSE-SH-elliptical. step 41200, energy = -0.49095950988108095
  |->  par_lens = 391, 393, 390
[TDSE] Running TDSE-SH-elliptical. step 41400, energy = -0.4907545944079191
  |->  par_lens = 392, 394, 388
[TDSE] Running TDSE-SH-elliptical. step 41600, energy = -0.49085373148938194
  |->  par_lens = 395, 395, 391
[TDSE] Running TDSE-SH-elliptical. step 41800, energy = -0.49109182985390637
  |->  par_lens = 397, 399, 394
[TDSE] Running TDSE-SH-elliptical. step 42000, energy = -0.4913947356094265
  |->  par_lens = 397, 398, 393
[TDSE] Running TDSE-SH-elliptical. step 42200, energy = -0.49151946403125313
  |->  par_lens = 400, 398, 393
[TDSE] Running TDSE-SH-elliptical. step 42400, energy = -0.4916194339102403
  |->  par_lens = 400, 399, 395
[TDSE] Running TDSE-SH-elliptical. step 42600, energy = -0.49163076377391207
  |->  par_lens = 400, 401, 395
[TDSE] Running TDSE-SH-elliptical. step 42800, energy = -0.49160978788643317
  |->  par_lens = 401, 402, 396
[TDSE] Running TDSE-SH-elliptical. step 43000, energy = -0.4916404539215653
  |->  par_lens = 404, 402, 399
[TDSE] Running TDSE-SH-elliptical. step 43200, energy = -0.4916082178430623
  |->  par_lens = 403, 403, 400
[TDSE] Running TDSE-SH-elliptical. step 43400, energy = -0.4916536816880323
  |->  par_lens = 404, 402, 403
[TDSE] Running TDSE-SH-elliptical. step 43600, energy = -0.49165186470514827
  |->  par_lens = 405, 403, 406
[TDSE] Running TDSE-SH-elliptical. step 43800, energy = -0.49163822128926554
  |->  par_lens = 405, 405, 408
[TDSE] Running TDSE-SH-elliptical. step 44000, energy = -0.491688742040489
  |->  par_lens = 406, 407, 410
[TDSE] Running TDSE-SH-elliptical. step 44200, energy = -0.4916698048529346
  |->  par_lens = 408, 408, 410
[TDSE] Running TDSE-SH-elliptical. step 44400, energy = -0.4917089454043235
  |->  par_lens = 411, 410, 410
[TDSE] Running TDSE-SH-elliptical. step 44600, energy = -0.4916973006038493
  |->  par_lens = 411, 411, 411
[TDSE] Running TDSE-SH-elliptical. step 44800, energy = -0.491699661188287
  |->  par_lens = 412, 411, 412
[TDSE] Running TDSE-SH-elliptical. step 45000, energy = -0.4917531168160955
  |->  par_lens = 414, 411, 413
