  Activating project at `~/JuliaProp_v0.1`
[ITP]: 10000.471108571397
[ITP]: 0.022107823405609905
[ITP]: 0.004976805475414736
[ITP]: 0.0021058954092971205
[ITP]: 0.001084104546129061
[ITP]: 0.0006160870179273692
[ITP]: 0.0003714642087823128
[ITP]: 0.00023286611963801995
[ITP]: 0.0001500123428329614
[ITP]: 9.857967926441003e-5
[ITP]: 6.57601184761436e-5
[ITP]: 4.43786526744816e-5
[ITP]: 3.022437766897479e-5
[ITP]: 2.0735965556739622e-5
[ITP]: 1.4311264988853267e-5
[ITP]: 9.92563006574354e-6
[ITP]: 6.9119921211058255e-6
[ITP]: 4.82976755122877e-6
[ITP]: 3.384510666504248e-6
[ITP]: 2.3775199649023193e-6
[ITP]: 1.6736194445865493e-6
[ITP]: 1.1802274751948616e-6
[ITP]: 8.335748883370186e-7
[ITP]: 5.895273362810372e-7
[ITP]: 4.174150680658073e-7
[ITP]: 2.958509506267859e-7
[ITP]: 2.098764437796774e-7
[ITP]: 1.4900242706339384e-7
[ITP]: 1.0585745457980522e-7
[ITP]: 7.525113565609587e-8
[ITP]: 5.352267851144177e-8
[ITP]: 3.808635307134267e-8
[ITP]: 2.7113442158110956e-8
[ITP]: 1.9309163601377577e-8
[ITP]: 1.3755872219078924e-8
[ITP]: 9.802639699962867e-9
Energy of ground state: -0.5030607411950042
[TDSE] Start TDSE-SH for elliptical polarized laser. It may cost a plenty of time.
[TDSE] Running TDSE-SH-elliptical. step 0, energy = -0.5030607411950033
  |->  par_lens = 1, 1, 1
[TDSE] Running TDSE-SH-elliptical. step 200, energy = -0.5030607411948621
  |->  par_lens = 1, 1, 1
[TDSE] Running TDSE-SH-elliptical. step 400, energy = -0.5030607411947172
  |->  par_lens = 1, 1, 2
[TDSE] Running TDSE-SH-elliptical. step 600, energy = -0.5030607411944764
  |->  par_lens = 1, 1, 2
[TDSE] Running TDSE-SH-elliptical. step 800, energy = -0.5030607411939122
  |->  par_lens = 1, 1, 2
[TDSE] Running TDSE-SH-elliptical. step 1000, energy = -0.5030607411922318
  |->  par_lens = 1, 1, 2
[TDSE] Running TDSE-SH-elliptical. step 1200, energy = -0.5030607411880177
  |->  par_lens = 1, 1, 2
[TDSE] Running TDSE-SH-elliptical. step 1400, energy = -0.5030607411784208
  |->  par_lens = 1, 1, 2
[TDSE] Running TDSE-SH-elliptical. step 1600, energy = -0.5030607411593959
  |->  par_lens = 1, 1, 2
[TDSE] Running TDSE-SH-elliptical. step 1800, energy = -0.503060741124043
  |->  par_lens = 1, 1, 2
[TDSE] Running TDSE-SH-elliptical. step 2000, energy = -0.5030607410636224
  |->  par_lens = 1, 1, 2
[TDSE] Running TDSE-SH-elliptical. step 2200, energy = -0.5030607409647122
  |->  par_lens = 1, 1, 2
[TDSE] Running TDSE-SH-elliptical. step 2400, energy = -0.503060740811582
  |->  par_lens = 1, 1, 2
[TDSE] Running TDSE-SH-elliptical. step 2600, energy = -0.5030607405815894
  |->  par_lens = 1, 1, 2
[TDSE] Running TDSE-SH-elliptical. step 2800, energy = -0.5030607402498793
  |->  par_lens = 1, 1, 2
[TDSE] Running TDSE-SH-elliptical. step 3000, energy = -0.5030607397809052
  |->  par_lens = 1, 1, 2
[TDSE] Running TDSE-SH-elliptical. step 3200, energy = -0.5030607391405402
  |->  par_lens = 1, 1, 2
[TDSE] Running TDSE-SH-elliptical. step 3400, energy = -0.5030607382755158
  |->  par_lens = 1, 1, 2
[TDSE] Running TDSE-SH-elliptical. step 3600, energy = -0.5030607371416844
  |->  par_lens = 1, 1, 2
[TDSE] Running TDSE-SH-elliptical. step 3800, energy = -0.5030607356669744
  |->  par_lens = 1, 1, 2
[TDSE] Running TDSE-SH-elliptical. step 4000, energy = -0.5030607337967744
  |->  par_lens = 1, 1, 2
[TDSE] Running TDSE-SH-elliptical. step 4200, energy = -0.5030607314323374
  |->  par_lens = 1, 1, 2
[TDSE] Running TDSE-SH-elliptical. step 4400, energy = -0.5030607285189619
  |->  par_lens = 1, 1, 2
[TDSE] Running TDSE-SH-elliptical. step 4600, energy = -0.5030607249285666
  |->  par_lens = 1, 1, 2
[TDSE] Running TDSE-SH-elliptical. step 4800, energy = -0.5030607205916634
  |->  par_lens = 1, 1, 2
[TDSE] Running TDSE-SH-elliptical. step 5000, energy = -0.5030607153761038
  |->  par_lens = 1, 1, 2
[TDSE] Running TDSE-SH-elliptical. step 5200, energy = -0.503060709189023
  |->  par_lens = 1, 2, 2
[TDSE] Running TDSE-SH-elliptical. step 5400, energy = -0.5030607018853721
  |->  par_lens = 2, 2, 2
[TDSE] Running TDSE-SH-elliptical. step 5600, energy = -0.5030606933605094
  |->  par_lens = 2, 2, 2
[TDSE] Running TDSE-SH-elliptical. step 5800, energy = -0.5030606834830383
  |->  par_lens = 2, 2, 2
[TDSE] Running TDSE-SH-elliptical. step 6000, energy = -0.5030606720839417
  |->  par_lens = 2, 2, 2
[TDSE] Running TDSE-SH-elliptical. step 6200, energy = -0.5030606591142615
  |->  par_lens = 2, 2, 2
[TDSE] Running TDSE-SH-elliptical. step 6400, energy = -0.503060644303564
  |->  par_lens = 2, 2, 2
[TDSE] Running TDSE-SH-elliptical. step 6600, energy = -0.5030606276812669
  |->  par_lens = 2, 2, 2
[TDSE] Running TDSE-SH-elliptical. step 6800, energy = -0.5030606089496645
  |->  par_lens = 2, 2, 2
[TDSE] Running TDSE-SH-elliptical. step 7000, energy = -0.5030605881614314
  |->  par_lens = 2, 2, 2
[TDSE] Running TDSE-SH-elliptical. step 7200, energy = -0.5030605649329828
  |->  par_lens = 2, 2, 2
[TDSE] Running TDSE-SH-elliptical. step 7400, energy = -0.5030605395301413
  |->  par_lens = 2, 2, 2
[TDSE] Running TDSE-SH-elliptical. step 7600, energy = -0.5030605114231114
  |->  par_lens = 2, 2, 2
[TDSE] Running TDSE-SH-elliptical. step 7800, energy = -0.5030604808425153
  |->  par_lens = 2, 2, 2
[TDSE] Running TDSE-SH-elliptical. step 8000, energy = -0.5030604475029778
  |->  par_lens = 2, 2, 2
[TDSE] Running TDSE-SH-elliptical. step 8200, energy = -0.5030604115267439
  |->  par_lens = 2, 2, 2
[TDSE] Running TDSE-SH-elliptical. step 8400, energy = -0.5030603725878635
  |->  par_lens = 2, 2, 2
[TDSE] Running TDSE-SH-elliptical. step 8600, energy = -0.5030603309031582
  |->  par_lens = 2, 2, 2
[TDSE] Running TDSE-SH-elliptical. step 8800, energy = -0.5030602863520618
  |->  par_lens = 2, 2, 2
[TDSE] Running TDSE-SH-elliptical. step 9000, energy = -0.5030602388257074
  |->  par_lens = 2, 2, 2
[TDSE] Running TDSE-SH-elliptical. step 9200, energy = -0.5030601886111158
  |->  par_lens = 2, 2, 2
[TDSE] Running TDSE-SH-elliptical. step 9400, energy = -0.503060135305032
  |->  par_lens = 2, 2, 2
[TDSE] Running TDSE-SH-elliptical. step 9600, energy = -0.5030600795086817
  |->  par_lens = 2, 2, 2
[TDSE] Running TDSE-SH-elliptical. step 9800, energy = -0.503060020770963
  |->  par_lens = 2, 2, 2
[TDSE] Running TDSE-SH-elliptical. step 10000, energy = -0.5030599596683712
  |->  par_lens = 2, 2, 2
[TDSE] Running TDSE-SH-elliptical. step 10200, energy = -0.5030598653289626
  |->  par_lens = 2, 2, 2
[TDSE] Running TDSE-SH-elliptical. step 10400, energy = -0.5030594232414033
  |->  par_lens = 2, 2, 2
[TDSE] Running TDSE-SH-elliptical. step 10600, energy = -0.5030585651529926
  |->  par_lens = 2, 2, 2
[TDSE] Running TDSE-SH-elliptical. step 10800, energy = -0.5030572321171008
  |->  par_lens = 2, 2, 2
[TDSE] Running TDSE-SH-elliptical. step 11000, energy = -0.5030524793709911
  |->  par_lens = 3, 2, 2
[TDSE] Running TDSE-SH-elliptical. step 11200, energy = -0.5030352256622401
  |->  par_lens = 4, 3, 3
[TDSE] Running TDSE-SH-elliptical. step 11400, energy = -0.5029948481409586
  |->  par_lens = 4, 3, 3
[TDSE] Running TDSE-SH-elliptical. step 11600, energy = -0.5029336668076605
  |->  par_lens = 4, 4, 3
[TDSE] Running TDSE-SH-elliptical. step 11800, energy = -0.5028702973251549
  |->  par_lens = 4, 4, 4
[TDSE] Running TDSE-SH-elliptical. step 12000, energy = -0.5027955051660022
  |->  par_lens = 5, 4, 4
[TDSE] Running TDSE-SH-elliptical. step 12200, energy = -0.5026448872206472
  |->  par_lens = 5, 5, 5
[TDSE] Running TDSE-SH-elliptical. step 12400, energy = -0.5023432917120901
  |->  par_lens = 5, 5, 6
[TDSE] Running TDSE-SH-elliptical. step 12600, energy = -0.5019488102381419
  |->  par_lens = 6, 6, 6
[TDSE] Running TDSE-SH-elliptical. step 12800, energy = -0.5016629030092624
  |->  par_lens = 6, 6, 6
[TDSE] Running TDSE-SH-elliptical. step 13000, energy = -0.5016197089867497
  |->  par_lens = 6, 6, 7
[TDSE] Running TDSE-SH-elliptical. step 13200, energy = -0.5015831589609493
  |->  par_lens = 7, 6, 7
[TDSE] Running TDSE-SH-elliptical. step 13400, energy = -0.5010846149522831
  |->  par_lens = 8, 7, 7
[TDSE] Running TDSE-SH-elliptical. step 13600, energy = -0.49996454742660296
  |->  par_lens = 8, 8, 8
[TDSE] Running TDSE-SH-elliptical. step 13800, energy = -0.49877042912152997
  |->  par_lens = 9, 9, 8
[TDSE] Running TDSE-SH-elliptical. step 14000, energy = -0.4982611942311181
  |->  par_lens = 9, 9, 9
[TDSE] Running TDSE-SH-elliptical. step 14200, energy = -0.49830822074395204
  |->  par_lens = 9, 9, 10
[TDSE] Running TDSE-SH-elliptical. step 14400, energy = -0.4977215843968818
  |->  par_lens = 10, 10, 10
[TDSE] Running TDSE-SH-elliptical. step 14600, energy = -0.4954237235158678
  |->  par_lens = 12, 10, 11
[TDSE] Running TDSE-SH-elliptical. step 14800, energy = -0.4922262829193111
  |->  par_lens = 13, 11, 11
[TDSE] Running TDSE-SH-elliptical. step 15000, energy = -0.49027331107859085
  |->  par_lens = 14, 15, 12
[TDSE] Running TDSE-SH-elliptical. step 15200, energy = -0.49079646198069155
  |->  par_lens = 13, 15, 16
[TDSE] Running TDSE-SH-elliptical. step 15400, energy = -0.4918399008839339
  |->  par_lens = 15, 14, 16
[TDSE] Running TDSE-SH-elliptical. step 15600, energy = -0.4900908746921263
  |->  par_lens = 17, 15, 16
[TDSE] Running TDSE-SH-elliptical. step 15800, energy = -0.4846962242465711
  |->  par_lens = 18, 15, 17
[TDSE] Running TDSE-SH-elliptical. step 16000, energy = -0.4792473477925891
  |->  par_lens = 19, 20, 17
[TDSE] Running TDSE-SH-elliptical. step 16200, energy = -0.47790695910509334
  |->  par_lens = 19, 21, 21
[TDSE] Running TDSE-SH-elliptical. step 16400, energy = -0.48020303954163596
  |->  par_lens = 23, 21, 23
[TDSE] Running TDSE-SH-elliptical. step 16600, energy = -0.4801954390909087
  |->  par_lens = 25, 22, 23
[TDSE] Running TDSE-SH-elliptical. step 16800, energy = -0.47326932182090475
  |->  par_lens = 24, 22, 25
[TDSE] Running TDSE-SH-elliptical. step 17000, energy = -0.46244614068715556
  |->  par_lens = 28, 28, 26
[TDSE] Running TDSE-SH-elliptical. step 17200, energy = -0.456457788494407
  |->  par_lens = 30, 31, 28
[TDSE] Running TDSE-SH-elliptical. step 17400, energy = -0.45952468535464824
  |->  par_lens = 34, 34, 32
[TDSE] Running TDSE-SH-elliptical. step 17600, energy = -0.4652808126929018
  |->  par_lens = 35, 35, 35
[TDSE] Running TDSE-SH-elliptical. step 17800, energy = -0.4624527220935978
  |->  par_lens = 36, 36, 35
[TDSE] Running TDSE-SH-elliptical. step 18000, energy = -0.4485450834237148
  |->  par_lens = 36, 36, 38
[TDSE] Running TDSE-SH-elliptical. step 18200, energy = -0.4342987024727642
  |->  par_lens = 41, 39, 39
[TDSE] Running TDSE-SH-elliptical. step 18400, energy = -0.4321884873403663
  |->  par_lens = 45, 45, 44
[TDSE] Running TDSE-SH-elliptical. step 18600, energy = -0.4408402330493619
  |->  par_lens = 49, 48, 48
[TDSE] Running TDSE-SH-elliptical. step 18800, energy = -0.4446787637922262
  |->  par_lens = 50, 52, 49
[TDSE] Running TDSE-SH-elliptical. step 19000, energy = -0.43116179289181755
  |->  par_lens = 51, 53, 50
[TDSE] Running TDSE-SH-elliptical. step 19200, energy = -0.40771281673227494
  |->  par_lens = 54, 55, 53
[TDSE] Running TDSE-SH-elliptical. step 19400, energy = -0.3951897456714489
  |->  par_lens = 58, 59, 60
[TDSE] Running TDSE-SH-elliptical. step 19600, energy = -0.4036535194164168
  |->  par_lens = 66, 66, 67
[TDSE] Running TDSE-SH-elliptical. step 19800, energy = -0.4192585449820953
  |->  par_lens = 74, 74, 74
[TDSE] Running TDSE-SH-elliptical. step 20000, energy = -0.41743490942760014
  |->  par_lens = 76, 73, 71
[TDSE] Running TDSE-SH-elliptical. step 20200, energy = -0.3920954936388882
  |->  par_lens = 76, 76, 74
[TDSE] Running TDSE-SH-elliptical. step 20400, energy = -0.3657667546773242
  |->  par_lens = 77, 81, 80
[TDSE] Running TDSE-SH-elliptical. step 20600, energy = -0.3633490214184367
  |->  par_lens = 87, 86, 83
[TDSE] Running TDSE-SH-elliptical. step 20800, energy = -0.3824693013437107
  |->  par_lens = 96, 97, 95
[TDSE] Running TDSE-SH-elliptical. step 21000, energy = -0.39443563883619925
  |->  par_lens = 101, 99, 102
[TDSE] Running TDSE-SH-elliptical. step 21200, energy = -0.3748138686482113
  |->  par_lens = 99, 98, 104
[TDSE] Running TDSE-SH-elliptical. step 21400, energy = -0.3363891584878212
  |->  par_lens = 100, 100, 104
[TDSE] Running TDSE-SH-elliptical. step 21600, energy = -0.3167816012451997
  |->  par_lens = 106, 105, 109
[TDSE] Running TDSE-SH-elliptical. step 21800, energy = -0.33272308403129175
  |->  par_lens = 119, 119, 117
[TDSE] Running TDSE-SH-elliptical. step 22000, energy = -0.3618649605100507
  |->  par_lens = 130, 129, 126
[TDSE] Running TDSE-SH-elliptical. step 22200, energy = -0.36426355398157906
  |->  par_lens = 133, 130, 130
[TDSE] Running TDSE-SH-elliptical. step 22400, energy = -0.3282703311493733
  |->  par_lens = 133, 134, 137
[TDSE] Running TDSE-SH-elliptical. step 22600, energy = -0.2898657701525736
  |->  par_lens = 133, 133, 137
[TDSE] Running TDSE-SH-elliptical. step 22800, energy = -0.28853449242497464
  |->  par_lens = 138, 141, 138
[TDSE] Running TDSE-SH-elliptical. step 23000, energy = -0.31960342971853967
  |->  par_lens = 150, 148, 154
[TDSE] Running TDSE-SH-elliptical. step 23200, energy = -0.3421526139692526
  |->  par_lens = 159, 160, 160
[TDSE] Running TDSE-SH-elliptical. step 23400, energy = -0.3196538064392117
  |->  par_lens = 162, 160, 162
[TDSE] Running TDSE-SH-elliptical. step 23600, energy = -0.2686636569111638
  |->  par_lens = 165, 161, 162
[TDSE] Running TDSE-SH-elliptical. step 23800, energy = -0.24363005414089667
  |->  par_lens = 170, 168, 162
[TDSE] Running TDSE-SH-elliptical. step 24000, energy = -0.26759881750640646
  |->  par_lens = 178, 181, 181
[TDSE] Running TDSE-SH-elliptical. step 24200, energy = -0.30980281406524407
  |->  par_lens = 192, 193, 192
[TDSE] Running TDSE-SH-elliptical. step 24400, energy = -0.31893556670350004
  |->  par_lens = 195, 199, 194
[TDSE] Running TDSE-SH-elliptical. step 24600, energy = -0.2774780514006685
  |->  par_lens = 201, 199, 195
[TDSE] Running TDSE-SH-elliptical. step 24800, energy = -0.23117995323897206
  |->  par_lens = 193, 200, 201
[TDSE] Running TDSE-SH-elliptical. step 25000, energy = -0.2318118209565516
  |->  par_lens = 205, 206, 198
[TDSE] Running TDSE-SH-elliptical. step 25200, energy = -0.2725406531682261
  |->  par_lens = 219, 215, 215
[TDSE] Running TDSE-SH-elliptical. step 25400, energy = -0.30456968858783323
  |->  par_lens = 224, 227, 225
[TDSE] Running TDSE-SH-elliptical. step 25600, energy = -0.28411812116859364
  |->  par_lens = 222, 223, 229
[TDSE] Running TDSE-SH-elliptical. step 25800, energy = -0.22830341149266328
  |->  par_lens = 228, 225, 232
[TDSE] Running TDSE-SH-elliptical. step 26000, energy = -0.2012388058566608
  |->  par_lens = 229, 231, 236
[TDSE] Running TDSE-SH-elliptical. step 26200, energy = -0.23034493683390422
  |->  par_lens = 237, 242, 235
[TDSE] Running TDSE-SH-elliptical. step 26400, energy = -0.2807558157757588
  |->  par_lens = 247, 249, 248
[TDSE] Running TDSE-SH-elliptical. step 26600, energy = -0.29720831731470315
  |->  par_lens = 248, 250, 251
[TDSE] Running TDSE-SH-elliptical. step 26800, energy = -0.2587170250761134
  |->  par_lens = 244, 250, 246
[TDSE] Running TDSE-SH-elliptical. step 27000, energy = -0.2126654637933416
  |->  par_lens = 249, 249, 250
[TDSE] Running TDSE-SH-elliptical. step 27200, energy = -0.21474996414647973
  |->  par_lens = 242, 254, 248
[TDSE] Running TDSE-SH-elliptical. step 27400, energy = -0.2586538985661974
  |->  par_lens = 249, 252, 253
[TDSE] Running TDSE-SH-elliptical. step 27600, energy = -0.2958192112367707
  |->  par_lens = 254, 257, 257
[TDSE] Running TDSE-SH-elliptical. step 27800, energy = -0.28196307435195594
  |->  par_lens = 253, 254, 254
[TDSE] Running TDSE-SH-elliptical. step 28000, energy = -0.2318564636241265
  |->  par_lens = 258, 261, 257
[TDSE] Running TDSE-SH-elliptical. step 28200, energy = -0.20739562586808313
  |->  par_lens = 257, 263, 257
[TDSE] Running TDSE-SH-elliptical. step 28400, energy = -0.2360677557425963
  |->  par_lens = 259, 255, 264
[TDSE] Running TDSE-SH-elliptical. step 28600, energy = -0.2867754538792826
  |->  par_lens = 267, 271, 266
[TDSE] Running TDSE-SH-elliptical. step 28800, energy = -0.3086147698831325
  |->  par_lens = 272, 268, 265
[TDSE] Running TDSE-SH-elliptical. step 29000, energy = -0.28044879769028314
  |->  par_lens = 266, 271, 272
[TDSE] Running TDSE-SH-elliptical. step 29200, energy = -0.24306387239560034
  |->  par_lens = 265, 265, 265
[TDSE] Running TDSE-SH-elliptical. step 29400, energy = -0.2454992651862251
  |->  par_lens = 266, 261, 262
[TDSE] Running TDSE-SH-elliptical. step 29600, energy = -0.28472118031205884
  |->  par_lens = 263, 263, 267
[TDSE] Running TDSE-SH-elliptical. step 29800, energy = -0.320830837296092
  |->  par_lens = 268, 265, 264
[TDSE] Running TDSE-SH-elliptical. step 30000, energy = -0.31507901277235373
  |->  par_lens = 271, 265, 266
[TDSE] Running TDSE-SH-elliptical. step 30200, energy = -0.27827790146062886
  |->  par_lens = 270, 261, 262
[TDSE] Running TDSE-SH-elliptical. step 30400, energy = -0.25975119882613773
  |->  par_lens = 267, 259, 266
[TDSE] Running TDSE-SH-elliptical. step 30600, energy = -0.2827380104428392
  |->  par_lens = 273, 270, 270
[TDSE] Running TDSE-SH-elliptical. step 30800, energy = -0.32607428936477856
  |->  par_lens = 273, 275, 269
[TDSE] Running TDSE-SH-elliptical. step 31000, energy = -0.34895989587467935
  |->  par_lens = 270, 273, 269
[TDSE] Running TDSE-SH-elliptical. step 31200, energy = -0.3333792907759883
  |->  par_lens = 272, 271, 266
[TDSE] Running TDSE-SH-elliptical. step 31400, energy = -0.30873984853428627
  |->  par_lens = 271, 272, 266
[TDSE] Running TDSE-SH-elliptical. step 31600, energy = -0.3103741844494219
  |->  par_lens = 265, 264, 265
[TDSE] Running TDSE-SH-elliptical. step 31800, energy = -0.3396258933643198
  |->  par_lens = 263, 270, 267
[TDSE] Running TDSE-SH-elliptical. step 32000, energy = -0.36863976838681606
  |->  par_lens = 264, 264, 263
[TDSE] Running TDSE-SH-elliptical. step 32200, energy = -0.3686412619551998
  |->  par_lens = 264, 267, 260
[TDSE] Running TDSE-SH-elliptical. step 32400, energy = -0.34663095522897786
  |->  par_lens = 268, 260, 256
[TDSE] Running TDSE-SH-elliptical. step 32600, energy = -0.3347128149610515
  |->  par_lens = 263, 263, 256
[TDSE] Running TDSE-SH-elliptical. step 32800, energy = -0.3501776339216387
  |->  par_lens = 265, 265, 259
[TDSE] Running TDSE-SH-elliptical. step 33000, energy = -0.38107834477806085
  |->  par_lens = 266, 267, 260
[TDSE] Running TDSE-SH-elliptical. step 33200, energy = -0.3996256195386045
  |->  par_lens = 265, 261, 270
[TDSE] Running TDSE-SH-elliptical. step 33400, energy = -0.39412370648113704
  |->  par_lens = 263, 265, 269
[TDSE] Running TDSE-SH-elliptical. step 33600, energy = -0.38126738438063396
  |->  par_lens = 261, 264, 262
[TDSE] Running TDSE-SH-elliptical. step 33800, energy = -0.3825164665155991
  |->  par_lens = 259, 262, 258
[TDSE] Running TDSE-SH-elliptical. step 34000, energy = -0.4003748716605463
  |->  par_lens = 257, 256, 254
[TDSE] Running TDSE-SH-elliptical. step 34200, energy = -0.4184169304815343
  |->  par_lens = 246, 256, 259
[TDSE] Running TDSE-SH-elliptical. step 34400, energy = -0.4204590273707395
  |->  par_lens = 255, 254, 259
[TDSE] Running TDSE-SH-elliptical. step 34600, energy = -0.41017833382345764
  |->  par_lens = 252, 255, 262
[TDSE] Running TDSE-SH-elliptical. step 34800, energy = -0.40440261961207413
  |->  par_lens = 260, 259, 257
[TDSE] Running TDSE-SH-elliptical. step 35000, energy = -0.41318052828391627
  |->  par_lens = 260, 267, 260
[TDSE] Running TDSE-SH-elliptical. step 35200, energy = -0.4303222161176713
  |->  par_lens = 260, 264, 261
[TDSE] Running TDSE-SH-elliptical. step 35400, energy = -0.4418255382948614
  |->  par_lens = 262, 264, 261
[TDSE] Running TDSE-SH-elliptical. step 35600, energy = -0.4417390002647248
  |->  par_lens = 265, 266, 263
[TDSE] Running TDSE-SH-elliptical. step 35800, energy = -0.4374446304900457
  |->  par_lens = 255, 258, 255
[TDSE] Running TDSE-SH-elliptical. step 36000, energy = -0.43853309350074177
  |->  par_lens = 257, 252, 256
[TDSE] Running TDSE-SH-elliptical. step 36200, energy = -0.4466407407864095
  |->  par_lens = 246, 250, 248
[TDSE] Running TDSE-SH-elliptical. step 36400, energy = -0.4546087586758
  |->  par_lens = 232, 249, 242
[TDSE] Running TDSE-SH-elliptical. step 36600, energy = -0.4562655950959381
  |->  par_lens = 240, 237, 243
[TDSE] Running TDSE-SH-elliptical. step 36800, energy = -0.4529374683959143
  |->  par_lens = 241, 236, 240
[TDSE] Running TDSE-SH-elliptical. step 37000, energy = -0.4512717903473505
  |->  par_lens = 244, 240, 244
[TDSE] Running TDSE-SH-elliptical. step 37200, energy = -0.4549243637579482
  |->  par_lens = 240, 242, 246
[TDSE] Running TDSE-SH-elliptical. step 37400, energy = -0.4618101961812085
  |->  par_lens = 237, 241, 241
[TDSE] Running TDSE-SH-elliptical. step 37600, energy = -0.466961328670769
  |->  par_lens = 244, 233, 239
[TDSE] Running TDSE-SH-elliptical. step 37800, energy = -0.4683019932471598
  |->  par_lens = 237, 234, 234
[TDSE] Running TDSE-SH-elliptical. step 38000, energy = -0.4679270644593082
  |->  par_lens = 238, 229, 229
[TDSE] Running TDSE-SH-elliptical. step 38200, energy = -0.4686293219679891
  |->  par_lens = 219, 217, 217
[TDSE] Running TDSE-SH-elliptical. step 38400, energy = -0.47086115833006187
  |->  par_lens = 214, 210, 203
[TDSE] Running TDSE-SH-elliptical. step 38600, energy = -0.4729740453334477
  |->  par_lens = 208, 196, 197
[TDSE] Running TDSE-SH-elliptical. step 38800, energy = -0.473459644782772
  |->  par_lens = 198, 187, 195
[TDSE] Running TDSE-SH-elliptical. step 39000, energy = -0.47288394722312
  |->  par_lens = 189, 183, 191
[TDSE] Running TDSE-SH-elliptical. step 39200, energy = -0.4726914395818545
  |->  par_lens = 190, 194, 186
[TDSE] Running TDSE-SH-elliptical. step 39400, energy = -0.4736453150714776
  |->  par_lens = 189, 192, 186
[TDSE] Running TDSE-SH-elliptical. step 39600, energy = -0.4753223895754999
  |->  par_lens = 187, 189, 185
[TDSE] Running TDSE-SH-elliptical. step 39800, energy = -0.47669736306635296
  |->  par_lens = 185, 192, 186
[TDSE] Running TDSE-SH-elliptical. step 40000, energy = -0.47743154898494544
  |->  par_lens = 183, 189, 184
[TDSE] Running TDSE-SH-elliptical. step 40200, energy = -0.4777304073368265
  |->  par_lens = 178, 183, 178
[TDSE] Running TDSE-SH-elliptical. step 40400, energy = -0.4779462230949655
  |->  par_lens = 174, 173, 167
[TDSE] Running TDSE-SH-elliptical. step 40600, energy = -0.4781878610108233
  |->  par_lens = 163, 168, 163
[TDSE] Running TDSE-SH-elliptical. step 40800, energy = -0.4783225666289885
  |->  par_lens = 157, 156, 159
[TDSE] Running TDSE-SH-elliptical. step 41000, energy = -0.4783258709007603
  |->  par_lens = 147, 152, 153
[TDSE] Running TDSE-SH-elliptical. step 41200, energy = -0.4782987023099561
  |->  par_lens = 142, 148, 150
[TDSE] Running TDSE-SH-elliptical. step 41400, energy = -0.4783244239886674
  |->  par_lens = 143, 144, 144
[TDSE] Running TDSE-SH-elliptical. step 41600, energy = -0.4784594706202385
  |->  par_lens = 140, 142, 138
[TDSE] Running TDSE-SH-elliptical. step 41800, energy = -0.47862423016784583
  |->  par_lens = 139, 139, 140
[TDSE] Running TDSE-SH-elliptical. step 42000, energy = -0.47878677607207587
  |->  par_lens = 139, 140, 137
[TDSE] Running TDSE-SH-elliptical. step 42200, energy = -0.4789138709690872
  |->  par_lens = 136, 136, 136
[TDSE] Running TDSE-SH-elliptical. step 42400, energy = -0.47900788015656814
  |->  par_lens = 135, 134, 136
[TDSE] Running TDSE-SH-elliptical. step 42600, energy = -0.47908144755110255
  |->  par_lens = 135, 134, 135
[TDSE] Running TDSE-SH-elliptical. step 42800, energy = -0.47916074127814
  |->  par_lens = 135, 134, 135
[TDSE] Running TDSE-SH-elliptical. step 43000, energy = -0.47925049689625854
  |->  par_lens = 135, 134, 135
