[ITP]: 10000.471108571397
[ITP]: 0.022107823405609905
[ITP]: 0.004976805475414736
[ITP]: 0.0021058954092971205
[ITP]: 0.001084104546129061
[ITP]: 0.0006160870179273692
[ITP]: 0.0003714642087823128
[ITP]: 0.00023286611963801995
[ITP]: 0.0001500123428329614
[ITP]: 9.857967926441003e-5
[ITP]: 6.57601184761436e-5
[ITP]: 4.43786526744816e-5
[ITP]: 3.022437766897479e-5
[ITP]: 2.0735965556739622e-5
[ITP]: 1.4311264988853267e-5
[ITP]: 9.92563006574354e-6
[ITP]: 6.9119921211058255e-6
[ITP]: 4.82976755122877e-6
[ITP]: 3.384510666504248e-6
[ITP]: 2.3775199649023193e-6
[ITP]: 1.6736194445865493e-6
[ITP]: 1.1802274751948616e-6
[ITP]: 8.335748883370186e-7
[ITP]: 5.895273362810372e-7
[ITP]: 4.174150680658073e-7
[ITP]: 2.958509506267859e-7
[ITP]: 2.098764437796774e-7
[ITP]: 1.4900242706339384e-7
[ITP]: 1.0585745457980522e-7
[ITP]: 7.525113565609587e-8
[ITP]: 5.352267851144177e-8
[ITP]: 3.808635307134267e-8
[ITP]: 2.7113442158110956e-8
[ITP]: 1.9309163601377577e-8
[ITP]: 1.3755872219078924e-8
[ITP]: 9.802639699962867e-9
Energy of ground state: -0.5030607411950042
[TDSE] Start TDSE-SH for elliptical polarized laser. It may cost a plenty of time.
[TDSE] Running TDSE-SH-elliptical. step 0, energy = -0.5030607411950033
  |->  par_lens = 2, 2, 2
[TDSE] Running TDSE-SH-elliptical. step 200, energy = -0.5030607411948623
  |->  par_lens = 2, 2, 2
[TDSE] Running TDSE-SH-elliptical. step 400, energy = -0.5030607411944541
  |->  par_lens = 2, 2, 2
[TDSE] Running TDSE-SH-elliptical. step 600, energy = -0.5030607411913638
  |->  par_lens = 2, 2, 2
[TDSE] Running TDSE-SH-elliptical. step 800, energy = -0.5030607411757295
  |->  par_lens = 2, 2, 2
[TDSE] Running TDSE-SH-elliptical. step 1000, energy = -0.5030607411212005
  |->  par_lens = 2, 2, 2
[TDSE] Running TDSE-SH-elliptical. step 1200, energy = -0.5030607409719778
  |->  par_lens = 2, 2, 2
[TDSE] Running TDSE-SH-elliptical. step 1400, energy = -0.5030607406247866
  |->  par_lens = 2, 2, 2
[TDSE] Running TDSE-SH-elliptical. step 1600, energy = -0.5030607399075213
  |->  par_lens = 2, 2, 2
[TDSE] Running TDSE-SH-elliptical. step 1800, energy = -0.5030607385531217
  |->  par_lens = 2, 2, 2
[TDSE] Running TDSE-SH-elliptical. step 2000, energy = -0.5030607361702413
  |->  par_lens = 2, 2, 2
[TDSE] Running TDSE-SH-elliptical. step 2200, energy = -0.5030607322045105
  |->  par_lens = 2, 2, 2
[TDSE] Running TDSE-SH-elliptical. step 2400, energy = -0.5030607259177446
  |->  par_lens = 2, 2, 2
[TDSE] Running TDSE-SH-elliptical. step 2600, energy = -0.5030607163124763
  |->  par_lens = 2, 2, 2
[TDSE] Running TDSE-SH-elliptical. step 2800, energy = -0.5030607021680062
  |->  par_lens = 2, 2, 2
[TDSE] Running TDSE-SH-elliptical. step 3000, energy = -0.5030606818256803
  |->  par_lens = 2, 2, 2
[TDSE] Running TDSE-SH-elliptical. step 3200, energy = -0.503060653528267
  |->  par_lens = 2, 2, 2
[TDSE] Running TDSE-SH-elliptical. step 3400, energy = -0.5030606146452765
  |->  par_lens = 2, 2, 2
[TDSE] Running TDSE-SH-elliptical. step 3600, energy = -0.5030605628256867
  |->  par_lens = 2, 2, 2
[TDSE] Running TDSE-SH-elliptical. step 3800, energy = -0.5030604942911466
  |->  par_lens = 2, 2, 2
[TDSE] Running TDSE-SH-elliptical. step 4000, energy = -0.5030604060415944
  |->  par_lens = 2, 2, 2
[TDSE] Running TDSE-SH-elliptical. step 4200, energy = -0.5030602926866045
  |->  par_lens = 2, 2, 2
[TDSE] Running TDSE-SH-elliptical. step 4400, energy = -0.5030601510275635
  |->  par_lens = 2, 2, 2
[TDSE] Running TDSE-SH-elliptical. step 4600, energy = -0.503059973785632
  |->  par_lens = 2, 2, 2
[TDSE] Running TDSE-SH-elliptical. step 4800, energy = -0.5030597569275478
  |->  par_lens = 2, 2, 2
[TDSE] Running TDSE-SH-elliptical. step 5000, energy = -0.5030594923484804
  |->  par_lens = 2, 2, 2
[TDSE] Running TDSE-SH-elliptical. step 5200, energy = -0.5030591747423487
  |->  par_lens = 2, 2, 2
[TDSE] Running TDSE-SH-elliptical. step 5400, energy = -0.5030587947813965
  |->  par_lens = 2, 2, 2
[TDSE] Running TDSE-SH-elliptical. step 5600, energy = -0.5030583463671443
  |->  par_lens = 2, 2, 2
[TDSE] Running TDSE-SH-elliptical. step 5800, energy = -0.5030578203396002
  |->  par_lens = 2, 2, 2
[TDSE] Running TDSE-SH-elliptical. step 6000, energy = -0.5030572071190749
  |->  par_lens = 2, 2, 2
[TDSE] Running TDSE-SH-elliptical. step 6200, energy = -0.5030565013396084
  |->  par_lens = 2, 2, 2
[TDSE] Running TDSE-SH-elliptical. step 6400, energy = -0.5030556879616178
  |->  par_lens = 2, 2, 2
[TDSE] Running TDSE-SH-elliptical. step 6600, energy = -0.5030547654896166
  |->  par_lens = 2, 2, 2
[TDSE] Running TDSE-SH-elliptical. step 6800, energy = -0.5030537170183874
  |->  par_lens = 2, 2, 2
[TDSE] Running TDSE-SH-elliptical. step 7000, energy = -0.5030525426126458
  |->  par_lens = 2, 2, 2
[TDSE] Running TDSE-SH-elliptical. step 7200, energy = -0.5030512201343682
  |->  par_lens = 4, 2, 2
[TDSE] Running TDSE-SH-elliptical. step 7400, energy = -0.5030497615195058
  |->  par_lens = 4, 2, 2
[TDSE] Running TDSE-SH-elliptical. step 7600, energy = -0.5030481365156322
  |->  par_lens = 4, 3, 3
[TDSE] Running TDSE-SH-elliptical. step 7800, energy = -0.5030463555124866
  |->  par_lens = 4, 3, 3
[TDSE] Running TDSE-SH-elliptical. step 8000, energy = -0.5030444013383928
  |->  par_lens = 4, 3, 3
[TDSE] Running TDSE-SH-elliptical. step 8200, energy = -0.503042279453711
  |->  par_lens = 4, 3, 3
[TDSE] Running TDSE-SH-elliptical. step 8400, energy = -0.5030399698981898
  |->  par_lens = 4, 3, 3
[TDSE] Running TDSE-SH-elliptical. step 8600, energy = -0.5030374843480021
  |->  par_lens = 4, 3, 3
[TDSE] Running TDSE-SH-elliptical. step 8800, energy = -0.5030348148326566
  |->  par_lens = 4, 3, 3
[TDSE] Running TDSE-SH-elliptical. step 9000, energy = -0.5030319546633899
  |->  par_lens = 4, 3, 3
[TDSE] Running TDSE-SH-elliptical. step 9200, energy = -0.5030289198606406
  |->  par_lens = 4, 3, 3
[TDSE] Running TDSE-SH-elliptical. step 9400, energy = -0.5030256879565459
  |->  par_lens = 4, 3, 3
[TDSE] Running TDSE-SH-elliptical. step 9600, energy = -0.5030222924179668
  |->  par_lens = 4, 3, 3
[TDSE] Running TDSE-SH-elliptical. step 9800, energy = -0.503018709562464
  |->  par_lens = 4, 3, 3
[TDSE] Running TDSE-SH-elliptical. step 10000, energy = -0.5030149721881586
  |->  par_lens = 4, 3, 3
[TDSE] Running TDSE-SH-elliptical. step 10200, energy = -0.5030108214025892
  |->  par_lens = 4, 3, 3
[TDSE] Running TDSE-SH-elliptical. step 10400, energy = -0.5030042915474019
  |->  par_lens = 4, 3, 3
[TDSE] Running TDSE-SH-elliptical. step 10600, energy = -0.5029974529451227
  |->  par_lens = 4, 3, 3
[TDSE] Running TDSE-SH-elliptical. step 10800, energy = -0.5029986332138554
  |->  par_lens = 4, 3, 3
[TDSE] Running TDSE-SH-elliptical. step 11000, energy = -0.5030148873930986
  |->  par_lens = 4, 3, 3
[TDSE] Running TDSE-SH-elliptical. step 11200, energy = -0.5030419072424636
  |->  par_lens = 4, 3, 3
[TDSE] Running TDSE-SH-elliptical. step 11400, energy = -0.5030580576780143
  |->  par_lens = 3, 2, 2
[TDSE] Running TDSE-SH-elliptical. step 11600, energy = -0.5030381695538334
  |->  par_lens = 4, 3, 3
[TDSE] Running TDSE-SH-elliptical. step 11800, energy = -0.5029605302358425
  |->  par_lens = 4, 3, 3
[TDSE] Running TDSE-SH-elliptical. step 12000, energy = -0.5027842097264337
  |->  par_lens = 5, 5, 5
[TDSE] Running TDSE-SH-elliptical. step 12200, energy = -0.502438665573067
  |->  par_lens = 5, 5, 5
[TDSE] Running TDSE-SH-elliptical. step 12400, energy = -0.5018887950619225
  |->  par_lens = 6, 6, 6
[TDSE] Running TDSE-SH-elliptical. step 12600, energy = -0.5012764157805466
  |->  par_lens = 7, 7, 7
[TDSE] Running TDSE-SH-elliptical. step 12800, energy = -0.5009076245508797
  |->  par_lens = 7, 7, 7
[TDSE] Running TDSE-SH-elliptical. step 13000, energy = -0.5010057743422867
  |->  par_lens = 8, 7, 7
[TDSE] Running TDSE-SH-elliptical. step 13200, energy = -0.5013561853673864
  |->  par_lens = 7, 7, 7
[TDSE] Running TDSE-SH-elliptical. step 13400, energy = -0.5014186559547842
  |->  par_lens = 7, 7, 7
[TDSE] Running TDSE-SH-elliptical. step 13600, energy = -0.5008653628767222
  |->  par_lens = 8, 7, 7
[TDSE] Running TDSE-SH-elliptical. step 13800, energy = -0.5000231110022886
  |->  par_lens = 8, 9, 8
[TDSE] Running TDSE-SH-elliptical. step 14000, energy = -0.49945058578379536
  |->  par_lens = 8, 9, 8
[TDSE] Running TDSE-SH-elliptical. step 14200, energy = -0.49893134540333645
  |->  par_lens = 8, 9, 8
[TDSE] Running TDSE-SH-elliptical. step 14400, energy = -0.49735447559717977
  |->  par_lens = 9, 10, 10
[TDSE] Running TDSE-SH-elliptical. step 14600, energy = -0.4939045137771771
  |->  par_lens = 13, 11, 11
[TDSE] Running TDSE-SH-elliptical. step 14800, energy = -0.4897805842451228
  |->  par_lens = 14, 12, 13
[TDSE] Running TDSE-SH-elliptical. step 15000, energy = -0.4875038354237179
  |->  par_lens = 14, 15, 15
[TDSE] Running TDSE-SH-elliptical. step 15200, energy = -0.4885544812398602
  |->  par_lens = 16, 15, 17
[TDSE] Running TDSE-SH-elliptical. step 15400, energy = -0.4909459113757844
  |->  par_lens = 18, 16, 16
[TDSE] Running TDSE-SH-elliptical. step 15600, energy = -0.49104490115145566
  |->  par_lens = 18, 17, 17
[TDSE] Running TDSE-SH-elliptical. step 15800, energy = -0.48742774556782026
  |->  par_lens = 18, 17, 17
[TDSE] Running TDSE-SH-elliptical. step 16000, energy = -0.48304169148674475
  |->  par_lens = 19, 18, 18
[TDSE] Running TDSE-SH-elliptical. step 16200, energy = -0.4815614241204498
  |->  par_lens = 19, 20, 19
[TDSE] Running TDSE-SH-elliptical. step 16400, energy = -0.48236184404186944
  |->  par_lens = 20, 21, 21
[TDSE] Running TDSE-SH-elliptical. step 16600, energy = -0.47981511637038665
  |->  par_lens = 20, 21, 22
[TDSE] Running TDSE-SH-elliptical. step 16800, energy = -0.47002486947456973
  |->  par_lens = 21, 24, 24
[TDSE] Running TDSE-SH-elliptical. step 17000, energy = -0.45695557279209914
  |->  par_lens = 29, 26, 26
[TDSE] Running TDSE-SH-elliptical. step 17200, energy = -0.45019498331403185
  |->  par_lens = 32, 31, 31
[TDSE] Running TDSE-SH-elliptical. step 17400, energy = -0.4544086934905034
  |->  par_lens = 35, 35, 35
[TDSE] Running TDSE-SH-elliptical. step 17600, energy = -0.46309094134425877
  |->  par_lens = 39, 36, 39
[TDSE] Running TDSE-SH-elliptical. step 17800, energy = -0.4641871826072068
  |->  par_lens = 40, 39, 38
[TDSE] Running TDSE-SH-elliptical. step 18000, energy = -0.45398347831085206
  |->  par_lens = 39, 38, 39
[TDSE] Running TDSE-SH-elliptical. step 18200, energy = -0.4419309553986725
  |->  par_lens = 39, 37, 40
[TDSE] Running TDSE-SH-elliptical. step 18400, energy = -0.4396090128843837
  |->  par_lens = 43, 42, 42
[TDSE] Running TDSE-SH-elliptical. step 18600, energy = -0.44546298445153076
  |->  par_lens = 45, 45, 47
[TDSE] Running TDSE-SH-elliptical. step 18800, energy = -0.44457304941084297
  |->  par_lens = 49, 46, 48
[TDSE] Running TDSE-SH-elliptical. step 19000, energy = -0.4257887315076771
  |->  par_lens = 50, 48, 48
[TDSE] Running TDSE-SH-elliptical. step 19200, energy = -0.3982613149982357
  |->  par_lens = 54, 51, 53
[TDSE] Running TDSE-SH-elliptical. step 19400, energy = -0.3843137611249915
  |->  par_lens = 62, 59, 61
[TDSE] Running TDSE-SH-elliptical. step 19600, energy = -0.3946725589334397
  |->  par_lens = 69, 70, 70
[TDSE] Running TDSE-SH-elliptical. step 19800, energy = -0.4151745508645095
  |->  par_lens = 79, 80, 80
[TDSE] Running TDSE-SH-elliptical. step 20000, energy = -0.4198805997535448
  |->  par_lens = 82, 83, 82
[TDSE] Running TDSE-SH-elliptical. step 20200, energy = -0.4006584207840146
  |->  par_lens = 85, 83, 81
[TDSE] Running TDSE-SH-elliptical. step 20400, energy = -0.3779343222460365
  |->  par_lens = 84, 79, 79
[TDSE] Running TDSE-SH-elliptical. step 20600, energy = -0.3752891846768386
  |->  par_lens = 83, 85, 85
[TDSE] Running TDSE-SH-elliptical. step 20800, energy = -0.39018115438419537
  |->  par_lens = 92, 95, 93
[TDSE] Running TDSE-SH-elliptical. step 21000, energy = -0.394958134783117
  |->  par_lens = 96, 97, 95
[TDSE] Running TDSE-SH-elliptical. step 21200, energy = -0.36736077226772673
  |->  par_lens = 95, 95, 96
[TDSE] Running TDSE-SH-elliptical. step 21400, energy = -0.3227800977141066
  |->  par_lens = 99, 100, 101
[TDSE] Running TDSE-SH-elliptical. step 21600, energy = -0.30099772919175316
  |->  par_lens = 109, 108, 108
[TDSE] Running TDSE-SH-elliptical. step 21800, energy = -0.31953532521881545
  |->  par_lens = 125, 126, 124
[TDSE] Running TDSE-SH-elliptical. step 22000, energy = -0.35553185061187625
  |->  par_lens = 143, 139, 137
[TDSE] Running TDSE-SH-elliptical. step 22200, energy = -0.36709652208429044
  |->  par_lens = 141, 144, 143
[TDSE] Running TDSE-SH-elliptical. step 22400, energy = -0.33968238885728025
  |->  par_lens = 141, 141, 143
[TDSE] Running TDSE-SH-elliptical. step 22600, energy = -0.30634369030934877
  |->  par_lens = 137, 137, 135
[TDSE] Running TDSE-SH-elliptical. step 22800, energy = -0.3048227923655429
  |->  par_lens = 143, 137, 141
[TDSE] Running TDSE-SH-elliptical. step 23000, energy = -0.3304398917279089
  |->  par_lens = 147, 147, 145
[TDSE] Running TDSE-SH-elliptical. step 23200, energy = -0.34361563094212694
  |->  par_lens = 150, 150, 152
[TDSE] Running TDSE-SH-elliptical. step 23400, energy = -0.31070120707272264
  |->  par_lens = 153, 153, 153
[TDSE] Running TDSE-SH-elliptical. step 23600, energy = -0.2516532371170142
  |->  par_lens = 158, 156, 159
[TDSE] Running TDSE-SH-elliptical. step 23800, energy = -0.22372522848649715
  |->  par_lens = 171, 165, 167
[TDSE] Running TDSE-SH-elliptical. step 24000, energy = -0.2507994579157157
  |->  par_lens = 187, 185, 187
[TDSE] Running TDSE-SH-elliptical. step 24200, energy = -0.30131620684014304
  |->  par_lens = 205, 206, 206
[TDSE] Running TDSE-SH-elliptical. step 24400, energy = -0.32163865993968266
  |->  par_lens = 214, 214, 213
[TDSE] Running TDSE-SH-elliptical. step 24600, energy = -0.2906699338793336
  |->  par_lens = 212, 212, 210
[TDSE] Running TDSE-SH-elliptical. step 24800, energy = -0.2506116354644914
  |->  par_lens = 204, 203, 201
[TDSE] Running TDSE-SH-elliptical. step 25000, energy = -0.2511639286479305
  |->  par_lens = 200, 194, 201
[TDSE] Running TDSE-SH-elliptical. step 25200, energy = -0.28571925020638883
  |->  par_lens = 211, 206, 208
[TDSE] Running TDSE-SH-elliptical. step 25400, energy = -0.30705516081365686
  |->  par_lens = 219, 217, 222
[TDSE] Running TDSE-SH-elliptical. step 25600, energy = -0.27468934111280574
  |->  par_lens = 220, 218, 220
[TDSE] Running TDSE-SH-elliptical. step 25800, energy = -0.20962347586608635
  |->  par_lens = 219, 225, 224
[TDSE] Running TDSE-SH-elliptical. step 26000, energy = -0.1791471633449817
  |->  par_lens = 236, 237, 237
[TDSE] Running TDSE-SH-elliptical. step 26200, energy = -0.2115141779111675
  |->  par_lens = 247, 252, 249
[TDSE] Running TDSE-SH-elliptical. step 26400, energy = -0.2708217936127267
  |->  par_lens = 267, 268, 269
[TDSE] Running TDSE-SH-elliptical. step 26600, energy = -0.2993090294834673
  |->  par_lens = 273, 272, 271
[TDSE] Running TDSE-SH-elliptical. step 26800, energy = -0.27210997470600995
  |->  par_lens = 267, 267, 266
[TDSE] Running TDSE-SH-elliptical. step 27000, energy = -0.23283348370895846
  |->  par_lens = 257, 254, 253
[TDSE] Running TDSE-SH-elliptical. step 27200, energy = -0.2350203441617304
  |->  par_lens = 244, 251, 242
[TDSE] Running TDSE-SH-elliptical. step 27400, energy = -0.2727201510638527
  |->  par_lens = 245, 247, 243
[TDSE] Running TDSE-SH-elliptical. step 27600, energy = -0.2990421004477113
  |->  par_lens = 255, 243, 247
[TDSE] Running TDSE-SH-elliptical. step 27800, energy = -0.27309318115794107
  |->  par_lens = 247, 247, 254
[TDSE] Running TDSE-SH-elliptical. step 28000, energy = -0.21358477234074139
  |->  par_lens = 260, 255, 254
[TDSE] Running TDSE-SH-elliptical. step 28200, energy = -0.18555418041443117
  |->  par_lens = 270, 267, 265
[TDSE] Running TDSE-SH-elliptical. step 28400, energy = -0.21724223745617044
  |->  par_lens = 280, 287, 277
[TDSE] Running TDSE-SH-elliptical. step 28600, energy = -0.27647965246215894
  |->  par_lens = 296, 296, 299
[TDSE] Running TDSE-SH-elliptical. step 28800, energy = -0.30989477077997035
  |->  par_lens = 299, 299, 302
[TDSE] Running TDSE-SH-elliptical. step 29000, energy = -0.2925710475021904
  |->  par_lens = 296, 299, 300
[TDSE] Running TDSE-SH-elliptical. step 29200, energy = -0.261727712239599
  |->  par_lens = 290, 289, 289
[TDSE] Running TDSE-SH-elliptical. step 29400, energy = -0.2644635927568225
  |->  par_lens = 272, 279, 276
[TDSE] Running TDSE-SH-elliptical. step 29600, energy = -0.2980947589201559
  |->  par_lens = 272, 274, 278
[TDSE] Running TDSE-SH-elliptical. step 29800, energy = -0.32430121367915743
  |->  par_lens = 275, 273, 273
[TDSE] Running TDSE-SH-elliptical. step 30000, energy = -0.30753877466181584
  |->  par_lens = 274, 274, 277
[TDSE] Running TDSE-SH-elliptical. step 30200, energy = -0.2621946944881564
  |->  par_lens = 269, 274, 276
[TDSE] Running TDSE-SH-elliptical. step 30400, energy = -0.24031435280816343
  |->  par_lens = 283, 287, 287
[TDSE] Running TDSE-SH-elliptical. step 30600, energy = -0.26576166920567396
  |->  par_lens = 304, 298, 299
[TDSE] Running TDSE-SH-elliptical. step 30800, energy = -0.3164901182924936
  |->  par_lens = 314, 312, 312
[TDSE] Running TDSE-SH-elliptical. step 31000, energy = -0.3493849903348119
  |->  par_lens = 321, 321, 318
[TDSE] Running TDSE-SH-elliptical. step 31200, energy = -0.34312823537336207
  |->  par_lens = 316, 323, 321
[TDSE] Running TDSE-SH-elliptical. step 31400, energy = -0.32415747287285285
  |->  par_lens = 305, 303, 301
[TDSE] Running TDSE-SH-elliptical. step 31600, energy = -0.3262569081688197
  |->  par_lens = 296, 295, 296
[TDSE] Running TDSE-SH-elliptical. step 31800, energy = -0.3509749787415171
  |->  par_lens = 284, 279, 275
[TDSE] Running TDSE-SH-elliptical. step 32000, energy = -0.3718711604045352
  |->  par_lens = 277, 276, 280
[TDSE] Running TDSE-SH-elliptical. step 32200, energy = -0.36291839164112066
  |->  par_lens = 284, 277, 276
[TDSE] Running TDSE-SH-elliptical. step 32400, energy = -0.3339666471486157
  |->  par_lens = 288, 286, 282
[TDSE] Running TDSE-SH-elliptical. step 32600, energy = -0.31920304603179644
  |->  par_lens = 308, 301, 297
[TDSE] Running TDSE-SH-elliptical. step 32800, energy = -0.33645106380121803
  |->  par_lens = 316, 322, 311
[TDSE] Running TDSE-SH-elliptical. step 33000, energy = -0.37306364229138195
  |->  par_lens = 329, 328, 328
[TDSE] Running TDSE-SH-elliptical. step 33200, energy = -0.3992823639456053
  |->  par_lens = 335, 329, 333
[TDSE] Running TDSE-SH-elliptical. step 33400, energy = -0.400901073100783
  |->  par_lens = 326, 334, 330
[TDSE] Running TDSE-SH-elliptical. step 33600, energy = -0.39242505895524105
  |->  par_lens = 324, 328, 327
[TDSE] Running TDSE-SH-elliptical. step 33800, energy = -0.3941845451761824
  |->  par_lens = 317, 320, 317
[TDSE] Running TDSE-SH-elliptical. step 34000, energy = -0.4087875141401534
  |->  par_lens = 307, 305, 303
[TDSE] Running TDSE-SH-elliptical. step 34200, energy = -0.42100492774115195
  |->  par_lens = 289, 301, 299
[TDSE] Running TDSE-SH-elliptical. step 34400, energy = -0.4166514745433808
  |->  par_lens = 296, 301, 301
[TDSE] Running TDSE-SH-elliptical. step 34600, energy = -0.4014108944403694
  |->  par_lens = 308, 306, 304
[TDSE] Running TDSE-SH-elliptical. step 34800, energy = -0.3935221456472163
  |->  par_lens = 317, 314, 317
[TDSE] Running TDSE-SH-elliptical. step 35000, energy = -0.40343755926193203
  |->  par_lens = 322, 325, 328
[TDSE] Running TDSE-SH-elliptical. step 35200, energy = -0.42438034632141886
  |->  par_lens = 334, 336, 332
[TDSE] Running TDSE-SH-elliptical. step 35400, energy = -0.4409683852197945
  |->  par_lens = 332, 336, 337
[TDSE] Running TDSE-SH-elliptical. step 35600, energy = -0.4455836164703839
  |->  par_lens = 333, 337, 335
[TDSE] Running TDSE-SH-elliptical. step 35800, energy = -0.4441986386020479
  |->  par_lens = 328, 335, 335
[TDSE] Running TDSE-SH-elliptical. step 36000, energy = -0.44570445087736993
  |->  par_lens = 330, 332, 332
[TDSE] Running TDSE-SH-elliptical. step 36200, energy = -0.45183628809545157
  |->  par_lens = 323, 323, 321
[TDSE] Running TDSE-SH-elliptical. step 36400, energy = -0.45627183600830573
  |->  par_lens = 319, 323, 314
[TDSE] Running TDSE-SH-elliptical. step 36600, energy = -0.45407491034541636
  |->  par_lens = 317, 310, 315
[TDSE] Running TDSE-SH-elliptical. step 36800, energy = -0.44776688182735064
  |->  par_lens = 315, 313, 317
[TDSE] Running TDSE-SH-elliptical. step 37000, energy = -0.4448168254588246
  |->  par_lens = 320, 320, 315
[TDSE] Running TDSE-SH-elliptical. step 37200, energy = -0.4490542365367642
  |->  par_lens = 328, 325, 324
[TDSE] Running TDSE-SH-elliptical. step 37400, energy = -0.45801691905480896
  |->  par_lens = 328, 324, 327
[TDSE] Running TDSE-SH-elliptical. step 37600, energy = -0.4659147764816742
  |->  par_lens = 327, 327, 330
[TDSE] Running TDSE-SH-elliptical. step 37800, energy = -0.4697651215189174
  |->  par_lens = 328, 325, 329
[TDSE] Running TDSE-SH-elliptical. step 38000, energy = -0.47093739282393265
  |->  par_lens = 325, 323, 330
[TDSE] Running TDSE-SH-elliptical. step 38200, energy = -0.4718895991686834
  |->  par_lens = 318, 321, 327
[TDSE] Running TDSE-SH-elliptical. step 38400, energy = -0.47319336171352727
  |->  par_lens = 316, 314, 318
[TDSE] Running TDSE-SH-elliptical. step 38600, energy = -0.4736438614725746
  |->  par_lens = 304, 306, 312
[TDSE] Running TDSE-SH-elliptical. step 38800, energy = -0.4723582052963865
  |->  par_lens = 300, 309, 310
[TDSE] Running TDSE-SH-elliptical. step 39000, energy = -0.47043901587684134
  |->  par_lens = 300, 301, 307
[TDSE] Running TDSE-SH-elliptical. step 39200, energy = -0.46967162254449096
  |->  par_lens = 307, 309, 308
[TDSE] Running TDSE-SH-elliptical. step 39400, energy = -0.4708403783942652
  |->  par_lens = 312, 305, 310
[TDSE] Running TDSE-SH-elliptical. step 39600, energy = -0.47332579815026216
  |->  par_lens = 310, 307, 313
[TDSE] Running TDSE-SH-elliptical. step 39800, energy = -0.47572514296425944
  |->  par_lens = 310, 310, 313
[TDSE] Running TDSE-SH-elliptical. step 40000, energy = -0.4773706535570158
  |->  par_lens = 311, 309, 313
[TDSE] Running TDSE-SH-elliptical. step 40200, energy = -0.4781991589832374
  |->  par_lens = 310, 309, 312
[TDSE] Running TDSE-SH-elliptical. step 40400, energy = -0.4785144144043714
  |->  par_lens = 307, 308, 311
[TDSE] Running TDSE-SH-elliptical. step 40600, energy = -0.4784834135574366
  |->  par_lens = 306, 307, 308
[TDSE] Running TDSE-SH-elliptical. step 40800, energy = -0.47817248723350997
  |->  par_lens = 307, 306, 309
[TDSE] Running TDSE-SH-elliptical. step 41000, energy = -0.4777220823528374
  |->  par_lens = 307, 306, 309
[TDSE] Running TDSE-SH-elliptical. step 41200, energy = -0.4773924413846924
  |->  par_lens = 308, 305, 310
[TDSE] Running TDSE-SH-elliptical. step 41400, energy = -0.47728968579820874
  |->  par_lens = 309, 305, 310
[TDSE] Running TDSE-SH-elliptical. step 41600, energy = -0.4774663735668832
  |->  par_lens = 309, 307, 311
[TDSE] Running TDSE-SH-elliptical. step 41800, energy = -0.47774717200233513
  |->  par_lens = 310, 308, 311
[TDSE] Running TDSE-SH-elliptical. step 42000, energy = -0.4780425616741279
  |->  par_lens = 310, 309, 311
[TDSE] Running TDSE-SH-elliptical. step 42200, energy = -0.4782547575769926
  |->  par_lens = 311, 309, 311
[TDSE] Running TDSE-SH-elliptical. step 42400, energy = -0.47839031651519304
  |->  par_lens = 311, 309, 311
[TDSE] Running TDSE-SH-elliptical. step 42600, energy = -0.47846633247066256
  |->  par_lens = 311, 312, 311
[TDSE] Running TDSE-SH-elliptical. step 42800, energy = -0.47854032983662165
  |->  par_lens = 311, 313, 312
[TDSE] Running TDSE-SH-elliptical. step 43000, energy = -0.4786255344714253
  |->  par_lens = 312, 316, 313
[TDSE] Running TDSE-SH-elliptical. step 43200, energy = -0.4787195557395094
  |->  par_lens = 314, 316, 314
[TDSE] Running TDSE-SH-elliptical. step 43400, energy = -0.4788188175848716
  |->  par_lens = 314, 316, 313
[TDSE] Running TDSE-SH-elliptical. step 43600, energy = -0.4789185541428791
  |->  par_lens = 314, 317, 313
[TDSE] Running TDSE-SH-elliptical. step 43800, energy = -0.4790332653231039
  |->  par_lens = 314, 317, 314
[TDSE] Running TDSE-SH-elliptical. step 44000, energy = -0.47915017855346753
  |->  par_lens = 316, 317, 315
[TDSE] Running TDSE-SH-elliptical. step 44200, energy = -0.4792819756121569
  |->  par_lens = 316, 320, 315
[TDSE] Running TDSE-SH-elliptical. step 44400, energy = -0.4793942031302431
  |->  par_lens = 316, 319, 315
[TDSE] Running TDSE-SH-elliptical. step 44600, energy = -0.47951511211405806
  |->  par_lens = 318, 320, 316
[TDSE] Running TDSE-SH-elliptical. step 44800, energy = -0.4796304463906011
  |->  par_lens = 319, 320, 317
[TDSE] Running TDSE-SH-elliptical. step 45000, energy = -0.4797942365488389
  |->  par_lens = 319, 320, 317
[TDSE] Running TDSE-SH-elliptical. step 45200, energy = -0.4799609713552846
  |->  par_lens = 319, 320, 320
[TDSE] Running TDSE-SH-elliptical. step 45400, energy = -0.4801299949473488
  |->  par_lens = 320, 320, 320
[TDSE] Running TDSE-SH-elliptical. step 45600, energy = -0.4802419190926688
  |->  par_lens = 321, 323, 320
[TDSE] Running TDSE-SH-elliptical. step 45800, energy = -0.4803651289819083
  |->  par_lens = 322, 325, 321
[TDSE] Running TDSE-SH-elliptical. step 46000, energy = -0.48048890364774344
  |->  par_lens = 324, 325, 321
[TDSE] Running TDSE-SH-elliptical. step 46200, energy = -0.48065996694275076
  |->  par_lens = 325, 325, 321
[TDSE] Running TDSE-SH-elliptical. step 46400, energy = -0.48082352486167484
  |->  par_lens = 325, 325, 322
[TDSE] Running TDSE-SH-elliptical. step 46600, energy = -0.4810013220538665
  |->  par_lens = 326, 328, 324
[TDSE] Running TDSE-SH-elliptical. step 46800, energy = -0.48115828453665666
  |->  par_lens = 328, 328, 327
[TDSE] Running TDSE-SH-elliptical. step 47000, energy = -0.4813222164887055
  |->  par_lens = 328, 328, 326
[TDSE] Running TDSE-SH-elliptical. step 47200, energy = -0.48146258623700516
  |->  par_lens = 328, 329, 326
[TDSE] Running TDSE-SH-elliptical. step 47400, energy = -0.4816090096329836
  |->  par_lens = 330, 329, 326
[TDSE] Running TDSE-SH-elliptical. step 47600, energy = -0.4817489139536854
  |->  par_lens = 331, 330, 328
[TDSE] Running TDSE-SH-elliptical. step 47800, energy = -0.48189738421170886
  |->  par_lens = 332, 332, 329
[TDSE] Running TDSE-SH-elliptical. step 48000, energy = -0.48204685741808384
  |->  par_lens = 333, 332, 329
[TDSE] Running TDSE-SH-elliptical. step 48200, energy = -0.4821970286465963
  |->  par_lens = 333, 333, 332
[TDSE] Running TDSE-SH-elliptical. step 48400, energy = -0.4823496537320232
  |->  par_lens = 335, 333, 334
[TDSE] Running TDSE-SH-elliptical. step 48600, energy = -0.4824946605609821
  |->  par_lens = 336, 333, 334
[TDSE] Running TDSE-SH-elliptical. step 48800, energy = -0.4826365797921283
  |->  par_lens = 337, 335, 335
[TDSE] Running TDSE-SH-elliptical. step 49000, energy = -0.4827564307605974
  |->  par_lens = 338, 335, 336
[TDSE] Running TDSE-SH-elliptical. step 49200, energy = -0.4828886414977972
  |->  par_lens = 338, 335, 338
[TDSE] Running TDSE-SH-elliptical. step 49400, energy = -0.4830098005404495
  |->  par_lens = 338, 335, 339
[TDSE] Running TDSE-SH-elliptical. step 49600, energy = -0.4831474984095116
  |->  par_lens = 338, 336, 339
[TDSE] Running TDSE-SH-elliptical. step 49800, energy = -0.48326166546908894
  |->  par_lens = 339, 336, 340
[TDSE] Running TDSE-SH-elliptical. step 50000, energy = -0.48339228656241734
  |->  par_lens = 339, 337, 342
[TDSE] Running TDSE-SH-elliptical. step 50200, energy = -0.48350571861246994
  |->  par_lens = 339, 337, 342
[TDSE] Running TDSE-SH-elliptical. step 50400, energy = -0.48364492324016456
  |->  par_lens = 341, 339, 344
[TDSE] Running TDSE-SH-elliptical. step 50600, energy = -0.48375740827640956
  |->  par_lens = 341, 338, 344
[TDSE] Running TDSE-SH-elliptical. step 50800, energy = -0.4838822976251578
  |->  par_lens = 341, 339, 345
[TDSE] Running TDSE-SH-elliptical. step 51000, energy = -0.483971941697428
  |->  par_lens = 341, 340, 345
[TDSE] Running TDSE-SH-elliptical. step 51200, energy = -0.4840679470189287
  |->  par_lens = 342, 341, 345
[TDSE] Running TDSE-SH-elliptical. step 51400, energy = -0.484136862042442
  |->  par_lens = 343, 343, 346
[TDSE] Running TDSE-SH-elliptical. step 51600, energy = -0.4842220620165873
  |->  par_lens = 345, 344, 345
[TDSE] Running TDSE-SH-elliptical. step 51800, energy = -0.4842870790875906
  |->  par_lens = 346, 347, 346
[TDSE] Running TDSE-SH-elliptical. step 52000, energy = -0.48436464499217646
  |->  par_lens = 346, 348, 347
[TDSE] Running TDSE-SH-elliptical. step 52200, energy = -0.48442928620204306
  |->  par_lens = 346, 351, 347
[TDSE] Running TDSE-SH-elliptical. step 52400, energy = -0.4845088964069127
  |->  par_lens = 346, 351, 347
[TDSE] Running TDSE-SH-elliptical. step 52600, energy = -0.48459346101300793
  |->  par_lens = 346, 351, 349
[TDSE] Running TDSE-SH-elliptical. step 52800, energy = -0.4846950271300609
  |->  par_lens = 347, 352, 350
[TDSE] Running TDSE-SH-elliptical. step 53000, energy = -0.48480273709741906
  |->  par_lens = 350, 352, 351
[TDSE] Running TDSE-SH-elliptical. step 53200, energy = -0.4849078024629014
  |->  par_lens = 351, 352, 350
[TDSE] Running TDSE-SH-elliptical. step 53400, energy = -0.4849999190064329
  |->  par_lens = 351, 352, 350
[TDSE] Running TDSE-SH-elliptical. step 53600, energy = -0.48505801992125963
  |->  par_lens = 351, 352, 351
[TDSE] Running TDSE-SH-elliptical. step 53800, energy = -0.48510255520149836
  |->  par_lens = 353, 353, 352
[TDSE] Running TDSE-SH-elliptical. step 54000, energy = -0.48511737866253946
  |->  par_lens = 354, 353, 354
[TDSE] Running TDSE-SH-elliptical. step 54200, energy = -0.4851406658725145
  |->  par_lens = 357, 354, 354
[TDSE] Running TDSE-SH-elliptical. step 54400, energy = -0.48514507353746117
  |->  par_lens = 358, 354, 355
[TDSE] Running TDSE-SH-elliptical. step 54600, energy = -0.4851673949760118
  |->  par_lens = 359, 356, 355
[TDSE] Running TDSE-SH-elliptical. step 54800, energy = -0.4851703466626452
  |->  par_lens = 359, 356, 356
[TDSE] Running TDSE-SH-elliptical. step 55000, energy = -0.4852047573907644
  |->  par_lens = 359, 357, 356
[TDSE] Running TDSE-SH-elliptical. step 55200, energy = -0.4852280663247539
  |->  par_lens = 360, 358, 358
[TDSE] Running TDSE-SH-elliptical. step 55400, energy = -0.4852945331661585
  |->  par_lens = 362, 358, 359
[TDSE] Running TDSE-SH-elliptical. step 55600, energy = -0.485353932109248
  |->  par_lens = 362, 358, 359
[TDSE] Running TDSE-SH-elliptical. step 55800, energy = -0.485445345191658
  |->  par_lens = 363, 358, 360
[TDSE] Running TDSE-SH-elliptical. step 56000, energy = -0.48551131522589874
  |->  par_lens = 363, 361, 362
[TDSE] Running TDSE-SH-elliptical. step 56200, energy = -0.48559033157902465
  |->  par_lens = 363, 360, 363
[TDSE] Running TDSE-SH-elliptical. step 56400, energy = -0.48563190827004626
  |->  par_lens = 363, 360, 363
[TDSE] Running TDSE-SH-elliptical. step 56600, energy = -0.48567857127780534
  |->  par_lens = 363, 361, 363
[TDSE] Running TDSE-SH-elliptical. step 56800, energy = -0.4856932380618628
  |->  par_lens = 363, 361, 363
[TDSE] Running TDSE-SH-elliptical. step 57000, energy = -0.48571110399734796
  |->  par_lens = 363, 363, 363
[TDSE] Running TDSE-SH-elliptical. step 57200, energy = -0.485710274523784
  |->  par_lens = 363, 363, 364
[TDSE] Running TDSE-SH-elliptical. step 57400, energy = -0.48571490348796714
  |->  par_lens = 364, 363, 364
[TDSE] Running TDSE-SH-elliptical. step 57600, energy = -0.4857103750309612
  |->  par_lens = 364, 363, 367
[TDSE] Running TDSE-SH-elliptical. step 57800, energy = -0.48571159118954954
  |->  par_lens = 364, 365, 368
[TDSE] Running TDSE-SH-elliptical. step 58000, energy = -0.4857141103800131
  |->  par_lens = 365, 367, 368
[TDSE] Running TDSE-SH-elliptical. step 58200, energy = -0.485713784026779
  |->  par_lens = 367, 367, 368
[TDSE] Running TDSE-SH-elliptical. step 58400, energy = -0.48572114755491386
  |->  par_lens = 368, 368, 368
[TDSE] Running TDSE-SH-elliptical. step 58600, energy = -0.48571641491487455
  |->  par_lens = 370, 368, 368
[TDSE] Running TDSE-SH-elliptical. step 58800, energy = -0.48572194256757883
  |->  par_lens = 370, 369, 368
[TDSE] Running TDSE-SH-elliptical. step 59000, energy = -0.48571203132624047
  |->  par_lens = 371, 371, 368
[TDSE] Running TDSE-SH-elliptical. step 59200, energy = -0.4857211427454927
  |->  par_lens = 372, 372, 369
  Activating project at `~/JuliaProp_v0.1`
[TDSE] Running TDSE-SH-elliptical. step 59400, energy = -0.48571299851850314
  |->  par_lens = 372, 373, 369
[TDSE] Running TDSE-SH-elliptical. step 59600, energy = -0.4857340594162892
  |->  par_lens = 374, 374, 370
[TDSE] Running TDSE-SH-elliptical. step 59800, energy = -0.48573459705890004
  |->  par_lens = 374, 374, 371
[TDSE] Running TDSE-SH-elliptical. step 60000, energy = -0.4857656921883045
  |->  par_lens = 377, 375, 370
[TDSE] Running TDSE-SH-elliptical. step 60200, energy = -0.48577328372177886
  |->  par_lens = 377, 375, 370
[TDSE] Running TDSE-SH-elliptical. step 60400, energy = -0.48580720537929933
  |->  par_lens = 377, 376, 370
[TDSE] Running TDSE-SH-elliptical. step 60600, energy = -0.48581293864452246
  |->  par_lens = 377, 376, 372
[TDSE] Running TDSE-SH-elliptical. step 60800, energy = -0.4858431961981065
  |->  par_lens = 377, 377, 373
[TDSE] Running TDSE-SH-elliptical. step 61000, energy = -0.48584208415153957
  |->  par_lens = 378, 378, 373
[TDSE] Running TDSE-SH-elliptical. step 61200, energy = -0.4858628069743708
  |->  par_lens = 379, 379, 373
[TDSE] Running TDSE-SH-elliptical. step 61400, energy = -0.48585784121512476
  |->  par_lens = 380, 380, 375
[TDSE] Running TDSE-SH-elliptical. step 61600, energy = -0.4858695396185133
  |->  par_lens = 380, 381, 378
[TDSE] Running TDSE-SH-elliptical. step 61800, energy = -0.48586235703781505
  |->  par_lens = 380, 381, 378
[TDSE] Running TDSE-SH-elliptical. step 62000, energy = -0.4858698278526019
  |->  par_lens = 381, 381, 379
[TDSE] Running TDSE-SH-elliptical. step 62200, energy = -0.48586255574879966
  |->  par_lens = 383, 381, 382
[TDSE] Running TDSE-SH-elliptical. step 62400, energy = -0.485864183495337
  |->  par_lens = 383, 382, 384
[TDSE] Running TDSE-SH-elliptical. step 62600, energy = -0.4858591148237505
  |->  par_lens = 383, 383, 384
[TDSE] Running TDSE-SH-elliptical. step 62800, energy = -0.4858542071945668
  |->  par_lens = 383, 384, 385
[TDSE] Running TDSE-SH-elliptical. step 63000, energy = -0.4858510716975572
  |->  par_lens = 383, 385, 385
[TDSE] Running TDSE-SH-elliptical. step 63200, energy = -0.4858407247986471
  |->  par_lens = 383, 386, 385
[TDSE] Running TDSE-SH-elliptical. step 63400, energy = -0.48583856589064184
  |->  par_lens = 384, 388, 385
[TDSE] Running TDSE-SH-elliptical. step 63600, energy = -0.48582528042569534
  |->  par_lens = 385, 389, 385
[TDSE] Running TDSE-SH-elliptical. step 63800, energy = -0.48582627077384766
  |->  par_lens = 385, 391, 386
[TDSE] Running TDSE-SH-elliptical. step 64000, energy = -0.4858080193639835
  |->  par_lens = 385, 391, 386
[TDSE] Running TDSE-SH-elliptical. step 64200, energy = -0.48581358946842673
  |->  par_lens = 387, 391, 389
[TDSE] Running TDSE-SH-elliptical. step 64400, energy = -0.4857941194967592
  |->  par_lens = 387, 392, 389
[TDSE] Running TDSE-SH-elliptical. step 64600, energy = -0.48580047774235996
  |->  par_lens = 388, 392, 389
