[ITP]: 10000.471108571397
[ITP]: 0.022107823405609905
[ITP]: 0.004976805475414736
[ITP]: 0.0021058954092971205
[ITP]: 0.001084104546129061
[ITP]: 0.0006160870179273692
[ITP]: 0.0003714642087823128
[ITP]: 0.00023286611963801995
[ITP]: 0.0001500123428329614
[ITP]: 9.857967926441003e-5
[ITP]: 6.57601184761436e-5
[ITP]: 4.43786526744816e-5
[ITP]: 3.022437766897479e-5
[ITP]: 2.0735965556739622e-5
[ITP]: 1.4311264988853267e-5
[ITP]: 9.92563006574354e-6
[ITP]: 6.9119921211058255e-6
[ITP]: 4.82976755122877e-6
[ITP]: 3.384510666504248e-6
[ITP]: 2.3775199649023193e-6
[ITP]: 1.6736194445865493e-6
[ITP]: 1.1802274751948616e-6
[ITP]: 8.335748883370186e-7
[ITP]: 5.895273362810372e-7
[ITP]: 4.174150680658073e-7
[ITP]: 2.958509506267859e-7
[ITP]: 2.098764437796774e-7
[ITP]: 1.4900242706339384e-7
[ITP]: 1.0585745457980522e-7
[ITP]: 7.525113565609587e-8
[ITP]: 5.352267851144177e-8
[ITP]: 3.808635307134267e-8
[ITP]: 2.7113442158110956e-8
[ITP]: 1.9309163601377577e-8
[ITP]: 1.3755872219078924e-8
[ITP]: 9.802639699962867e-9
Energy of ground state: -0.5030607411950042
[TDSE] Start TDSE-SH for elliptical polarized laser. It may cost a plenty of time.
[TDSE] Running TDSE-SH-elliptical. step 0, energy = -0.5030607411950033
  |->  par_lens = 2, 2, 2
[TDSE] Running TDSE-SH-elliptical. step 200, energy = -0.5030607411948628
  |->  par_lens = 2, 2, 2
[TDSE] Running TDSE-SH-elliptical. step 400, energy = -0.5030607411945898
  |->  par_lens = 2, 2, 2
[TDSE] Running TDSE-SH-elliptical. step 600, energy = -0.5030607411930584
  |->  par_lens = 2, 2, 2
[TDSE] Running TDSE-SH-elliptical. step 800, energy = -0.5030607411857454
  |->  par_lens = 2, 2, 2
[TDSE] Running TDSE-SH-elliptical. step 1000, energy = -0.503060741160975
  |->  par_lens = 2, 2, 2
[TDSE] Running TDSE-SH-elliptical. step 1200, energy = -0.5030607410948642
  |->  par_lens = 2, 2, 2
[TDSE] Running TDSE-SH-elliptical. step 1400, energy = -0.5030607409445274
  |->  par_lens = 2, 2, 2
[TDSE] Running TDSE-SH-elliptical. step 1600, energy = -0.5030607406407849
  |->  par_lens = 2, 2, 2
[TDSE] Running TDSE-SH-elliptical. step 1800, energy = -0.503060740079344
  |->  par_lens = 2, 2, 2
[TDSE] Running TDSE-SH-elliptical. step 2000, energy = -0.5030607391121502
  |->  par_lens = 2, 2, 2
[TDSE] Running TDSE-SH-elliptical. step 2200, energy = -0.5030607375346647
  |->  par_lens = 2, 2, 2
[TDSE] Running TDSE-SH-elliptical. step 2400, energy = -0.503060735083366
  |->  par_lens = 2, 2, 2
[TDSE] Running TDSE-SH-elliptical. step 2600, energy = -0.5030607314092796
  |->  par_lens = 2, 2, 2
[TDSE] Running TDSE-SH-elliptical. step 2800, energy = -0.5030607261000831
  |->  par_lens = 2, 2, 2
[TDSE] Running TDSE-SH-elliptical. step 3000, energy = -0.5030607186019139
  |->  par_lens = 2, 2, 2
[TDSE] Running TDSE-SH-elliptical. step 3200, energy = -0.5030607083564576
  |->  par_lens = 2, 2, 2
[TDSE] Running TDSE-SH-elliptical. step 3400, energy = -0.5030606945171981
  |->  par_lens = 2, 2, 2
[TDSE] Running TDSE-SH-elliptical. step 3600, energy = -0.5030606763818821
  |->  par_lens = 2, 2, 2
[TDSE] Running TDSE-SH-elliptical. step 3800, energy = -0.5030606527820136
  |->  par_lens = 2, 2, 2
[TDSE] Running TDSE-SH-elliptical. step 4000, energy = -0.5030606228704757
  |->  par_lens = 2, 2, 2
[TDSE] Running TDSE-SH-elliptical. step 4200, energy = -0.5030605850273575
  |->  par_lens = 2, 2, 2
[TDSE] Running TDSE-SH-elliptical. step 4400, energy = -0.5030605384366127
  |->  par_lens = 2, 2, 2
[TDSE] Running TDSE-SH-elliptical. step 4600, energy = -0.5030604809625919
  |->  par_lens = 2, 2, 2
[TDSE] Running TDSE-SH-elliptical. step 4800, energy = -0.5030604116124917
  |->  par_lens = 2, 2, 2
[TDSE] Running TDSE-SH-elliptical. step 5000, energy = -0.503060328119913
  |->  par_lens = 2, 2, 2
[TDSE] Running TDSE-SH-elliptical. step 5200, energy = -0.5030602291809754
  |->  par_lens = 2, 2, 2
[TDSE] Running TDSE-SH-elliptical. step 5400, energy = -0.5030601122658384
  |->  par_lens = 2, 2, 2
[TDSE] Running TDSE-SH-elliptical. step 5600, energy = -0.5030599759364506
  |->  par_lens = 2, 2, 2
[TDSE] Running TDSE-SH-elliptical. step 5800, energy = -0.5030598178234017
  |->  par_lens = 2, 2, 2
[TDSE] Running TDSE-SH-elliptical. step 6000, energy = -0.5030596355258155
  |->  par_lens = 2, 2, 2
[TDSE] Running TDSE-SH-elliptical. step 6200, energy = -0.5030594279194543
  |->  par_lens = 2, 2, 2
[TDSE] Running TDSE-SH-elliptical. step 6400, energy = -0.5030591910453464
  |->  par_lens = 2, 2, 2
[TDSE] Running TDSE-SH-elliptical. step 6600, energy = -0.5030589250000023
  |->  par_lens = 2, 2, 2
[TDSE] Running TDSE-SH-elliptical. step 6800, energy = -0.5030586253826245
  |->  par_lens = 2, 2, 2
[TDSE] Running TDSE-SH-elliptical. step 7000, energy = -0.5030582926872444
  |->  par_lens = 2, 2, 2
[TDSE] Running TDSE-SH-elliptical. step 7200, energy = -0.5030579211208062
  |->  par_lens = 2, 2, 2
[TDSE] Running TDSE-SH-elliptical. step 7400, energy = -0.5030575145962837
  |->  par_lens = 2, 2, 2
[TDSE] Running TDSE-SH-elliptical. step 7600, energy = -0.5030570649513499
  |->  par_lens = 2, 2, 2
[TDSE] Running TDSE-SH-elliptical. step 7800, energy = -0.5030565756209806
  |->  par_lens = 2, 2, 2
[TDSE] Running TDSE-SH-elliptical. step 8000, energy = -0.5030560422095164
  |->  par_lens = 2, 2, 2
[TDSE] Running TDSE-SH-elliptical. step 8200, energy = -0.5030554665954374
  |->  par_lens = 2, 2, 2
[TDSE] Running TDSE-SH-elliptical. step 8400, energy = -0.5030548435507867
  |->  par_lens = 2, 2, 2
[TDSE] Running TDSE-SH-elliptical. step 8600, energy = -0.5030541766427282
  |->  par_lens = 2, 2, 2
[TDSE] Running TDSE-SH-elliptical. step 8800, energy = -0.5030534637579629
  |->  par_lens = 2, 2, 2
[TDSE] Running TDSE-SH-elliptical. step 9000, energy = -0.5030527034417915
  |->  par_lens = 2, 2, 2
[TDSE] Running TDSE-SH-elliptical. step 9200, energy = -0.5030518998632825
  |->  par_lens = 2, 2, 2
[TDSE] Running TDSE-SH-elliptical. step 9400, energy = -0.5030510471571792
  |->  par_lens = 4, 2, 2
[TDSE] Running TDSE-SH-elliptical. step 9600, energy = -0.50305015420085
  |->  par_lens = 4, 3, 3
[TDSE] Running TDSE-SH-elliptical. step 9800, energy = -0.5030492146306598
  |->  par_lens = 4, 3, 3
[TDSE] Running TDSE-SH-elliptical. step 10000, energy = -0.5030482367436564
  |->  par_lens = 4, 3, 3
[TDSE] Running TDSE-SH-elliptical. step 10200, energy = -0.5030470932616586
  |->  par_lens = 4, 3, 3
[TDSE] Running TDSE-SH-elliptical. step 10400, energy = -0.5030447162360319
  |->  par_lens = 4, 3, 3
[TDSE] Running TDSE-SH-elliptical. step 10600, energy = -0.5030420124349221
  |->  par_lens = 4, 3, 3
[TDSE] Running TDSE-SH-elliptical. step 10800, energy = -0.5030426674302795
  |->  par_lens = 4, 3, 3
[TDSE] Running TDSE-SH-elliptical. step 11000, energy = -0.5030481945560878
  |->  par_lens = 3, 3, 2
[TDSE] Running TDSE-SH-elliptical. step 11200, energy = -0.5030516100261515
  |->  par_lens = 3, 3, 2
[TDSE] Running TDSE-SH-elliptical. step 11400, energy = -0.5030373526999354
  |->  par_lens = 4, 3, 3
[TDSE] Running TDSE-SH-elliptical. step 11600, energy = -0.5029954791367629
  |->  par_lens = 4, 3, 3
[TDSE] Running TDSE-SH-elliptical. step 11800, energy = -0.5029266814130874
  |->  par_lens = 4, 4, 3
[TDSE] Running TDSE-SH-elliptical. step 12000, energy = -0.5028076898022307
  |->  par_lens = 5, 5, 4
[TDSE] Running TDSE-SH-elliptical. step 12200, energy = -0.5025714348041648
  |->  par_lens = 5, 5, 5
[TDSE] Running TDSE-SH-elliptical. step 12400, energy = -0.5021606170748918
  |->  par_lens = 6, 5, 6
[TDSE] Running TDSE-SH-elliptical. step 12600, energy = -0.5016705042489297
  |->  par_lens = 7, 7, 6
[TDSE] Running TDSE-SH-elliptical. step 12800, energy = -0.5013489759386196
  |->  par_lens = 7, 7, 7
[TDSE] Running TDSE-SH-elliptical. step 13000, energy = -0.5013697040794767
  |->  par_lens = 7, 6, 7
[TDSE] Running TDSE-SH-elliptical. step 13200, energy = -0.5015060973401092
  |->  par_lens = 8, 6, 7
[TDSE] Running TDSE-SH-elliptical. step 13400, energy = -0.5012577734589926
  |->  par_lens = 8, 7, 7
[TDSE] Running TDSE-SH-elliptical. step 13600, energy = -0.5003905830573391
  |->  par_lens = 8, 8, 7
[TDSE] Running TDSE-SH-elliptical. step 13800, energy = -0.4993540588189319
  |->  par_lens = 8, 9, 8
[TDSE] Running TDSE-SH-elliptical. step 14000, energy = -0.49881814544807673
  |->  par_lens = 8, 9, 9
[TDSE] Running TDSE-SH-elliptical. step 14200, energy = -0.49861494904942905
  |->  par_lens = 9, 9, 10
[TDSE] Running TDSE-SH-elliptical. step 14400, energy = -0.4975892936271257
  |->  par_lens = 9, 10, 10
[TDSE] Running TDSE-SH-elliptical. step 14600, energy = -0.49477978867913125
  |->  par_lens = 12, 11, 11
[TDSE] Running TDSE-SH-elliptical. step 14800, energy = -0.4911703937618912
  |->  par_lens = 13, 12, 12
[TDSE] Running TDSE-SH-elliptical. step 15000, energy = -0.4890734080411593
  |->  par_lens = 14, 15, 13
[TDSE] Running TDSE-SH-elliptical. step 15200, energy = -0.4898321185762183
  |->  par_lens = 15, 15, 17
[TDSE] Running TDSE-SH-elliptical. step 15400, energy = -0.49147817151928164
  |->  par_lens = 16, 14, 17
[TDSE] Running TDSE-SH-elliptical. step 15600, energy = -0.49055684450924564
  |->  par_lens = 18, 16, 17
[TDSE] Running TDSE-SH-elliptical. step 15800, energy = -0.4859604462668898
  |->  par_lens = 19, 16, 17
[TDSE] Running TDSE-SH-elliptical. step 16000, energy = -0.4809914929716018
  |->  par_lens = 19, 20, 17
[TDSE] Running TDSE-SH-elliptical. step 16200, energy = -0.4795921911004411
  |->  par_lens = 19, 21, 20
[TDSE] Running TDSE-SH-elliptical. step 16400, energy = -0.4812191490140712
  |->  par_lens = 21, 21, 23
[TDSE] Running TDSE-SH-elliptical. step 16600, energy = -0.48006984985277773
  |->  par_lens = 23, 22, 23
[TDSE] Running TDSE-SH-elliptical. step 16800, energy = -0.4718511973406414
  |->  par_lens = 24, 22, 25
[TDSE] Running TDSE-SH-elliptical. step 17000, energy = -0.4600102175346609
  |->  par_lens = 28, 25, 25
[TDSE] Running TDSE-SH-elliptical. step 17200, energy = -0.4536682243112807
  |->  par_lens = 31, 31, 30
[TDSE] Running TDSE-SH-elliptical. step 17400, energy = -0.45725187040701104
  |->  par_lens = 34, 35, 33
[TDSE] Running TDSE-SH-elliptical. step 17600, energy = -0.46433717846956196
  |->  par_lens = 37, 36, 36
[TDSE] Running TDSE-SH-elliptical. step 17800, energy = -0.46329987905274483
  |->  par_lens = 37, 37, 37
[TDSE] Running TDSE-SH-elliptical. step 18000, energy = -0.45109063320396325
  |->  par_lens = 35, 37, 40
[TDSE] Running TDSE-SH-elliptical. step 18200, energy = -0.43785831745980397
  |->  par_lens = 40, 38, 39
[TDSE] Running TDSE-SH-elliptical. step 18400, energy = -0.43566098720500596
  |->  par_lens = 44, 44, 43
[TDSE] Running TDSE-SH-elliptical. step 18600, energy = -0.44303270971949577
  |->  par_lens = 47, 47, 47
[TDSE] Running TDSE-SH-elliptical. step 18800, energy = -0.4446913012854108
  |->  par_lens = 51, 47, 49
[TDSE] Running TDSE-SH-elliptical. step 19000, energy = -0.42873214218110983
  |->  par_lens = 52, 48, 49
[TDSE] Running TDSE-SH-elliptical. step 19200, energy = -0.4033797116816892
  |->  par_lens = 54, 52, 54
[TDSE] Running TDSE-SH-elliptical. step 19400, energy = -0.39018020903818806
  |->  par_lens = 59, 59, 60
[TDSE] Running TDSE-SH-elliptical. step 19600, energy = -0.39951707773447975
  |->  par_lens = 69, 66, 69
[TDSE] Running TDSE-SH-elliptical. step 19800, energy = -0.4174106478314581
  |->  par_lens = 75, 75, 75
[TDSE] Running TDSE-SH-elliptical. step 20000, energy = -0.41866012281563675
  |->  par_lens = 78, 79, 76
[TDSE] Running TDSE-SH-elliptical. step 20200, energy = -0.39621948210916097
  |->  par_lens = 78, 77, 79
[TDSE] Running TDSE-SH-elliptical. step 20400, energy = -0.37161694806323753
  |->  par_lens = 78, 76, 78
[TDSE] Running TDSE-SH-elliptical. step 20600, energy = -0.3691122261303856
  |->  par_lens = 83, 85, 85
[TDSE] Running TDSE-SH-elliptical. step 20800, energy = -0.38623246279530915
  |->  par_lens = 93, 94, 94
[TDSE] Running TDSE-SH-elliptical. step 21000, energy = -0.39476241451522137
  |->  par_lens = 100, 100, 99
[TDSE] Running TDSE-SH-elliptical. step 21200, energy = -0.3712988863394384
  |->  par_lens = 99, 98, 98
[TDSE] Running TDSE-SH-elliptical. step 21400, energy = -0.32988283013968234
  |->  par_lens = 106, 101, 98
[TDSE] Running TDSE-SH-elliptical. step 21600, energy = -0.30919450218914835
  |->  par_lens = 110, 108, 107
[TDSE] Running TDSE-SH-elliptical. step 21800, energy = -0.32637354147123404
  |->  par_lens = 120, 118, 121
[TDSE] Running TDSE-SH-elliptical. step 22000, energy = -0.3588486614845798
  |->  par_lens = 137, 133, 131
[TDSE] Running TDSE-SH-elliptical. step 22200, energy = -0.3657470344330378
  |->  par_lens = 135, 136, 137
[TDSE] Running TDSE-SH-elliptical. step 22400, energy = -0.33400261371862205
  |->  par_lens = 136, 139, 137
[TDSE] Running TDSE-SH-elliptical. step 22600, energy = -0.29813957179925676
  |->  par_lens = 134, 135, 138
[TDSE] Running TDSE-SH-elliptical. step 22800, energy = -0.2967493261177198
  |->  par_lens = 142, 138, 139
[TDSE] Running TDSE-SH-elliptical. step 23000, energy = -0.32512296735503665
  |->  par_lens = 153, 149, 149
[TDSE] Running TDSE-SH-elliptical. step 23200, energy = -0.3429775146116768
  |->  par_lens = 152, 155, 157
[TDSE] Running TDSE-SH-elliptical. step 23400, energy = -0.3152118248545731
  |->  par_lens = 158, 155, 158
[TDSE] Running TDSE-SH-elliptical. step 23600, energy = -0.2601043062392871
  |->  par_lens = 161, 163, 158
[TDSE] Running TDSE-SH-elliptical. step 23800, energy = -0.23355379232355028
  |->  par_lens = 170, 169, 169
[TDSE] Running TDSE-SH-elliptical. step 24000, energy = -0.25907245729400175
  |->  par_lens = 183, 185, 184
[TDSE] Running TDSE-SH-elliptical. step 24200, energy = -0.30552449436083134
  |->  par_lens = 201, 200, 199
[TDSE] Running TDSE-SH-elliptical. step 24400, energy = -0.32044008772723076
  |->  par_lens = 207, 205, 208
[TDSE] Running TDSE-SH-elliptical. step 24600, energy = -0.28445810094215707
  |->  par_lens = 200, 205, 204
[TDSE] Running TDSE-SH-elliptical. step 24800, energy = -0.24146372569734667
  |->  par_lens = 197, 200, 197
[TDSE] Running TDSE-SH-elliptical. step 25000, energy = -0.2421017550215405
  |->  par_lens = 199, 198, 199
[TDSE] Running TDSE-SH-elliptical. step 25200, energy = -0.27961324549600175
  |->  par_lens = 212, 208, 213
[TDSE] Running TDSE-SH-elliptical. step 25400, energy = -0.30598908435095534
  |->  par_lens = 217, 222, 216
[TDSE] Running TDSE-SH-elliptical. step 25600, energy = -0.2791694851873328
  |->  par_lens = 219, 223, 219
[TDSE] Running TDSE-SH-elliptical. step 25800, energy = -0.2183516552203117
  |->  par_lens = 225, 225, 230
[TDSE] Running TDSE-SH-elliptical. step 26000, energy = -0.18939049918269832
  |->  par_lens = 229, 230, 229
[TDSE] Running TDSE-SH-elliptical. step 26200, energy = -0.22021153951827666
  |->  par_lens = 242, 242, 242
[TDSE] Running TDSE-SH-elliptical. step 26400, energy = -0.2754319853552669
  |->  par_lens = 256, 248, 254
[TDSE] Running TDSE-SH-elliptical. step 26600, energy = -0.2984741031474311
  |->  par_lens = 255, 253, 258
[TDSE] Running TDSE-SH-elliptical. step 26800, energy = -0.2662372652360851
  |->  par_lens = 255, 249, 251
[TDSE] Running TDSE-SH-elliptical. step 27000, energy = -0.22399696633677132
  |->  par_lens = 253, 253, 251
[TDSE] Running TDSE-SH-elliptical. step 27200, energy = -0.22619790402860224
  |->  par_lens = 249, 247, 242
[TDSE] Running TDSE-SH-elliptical. step 27400, energy = -0.2666717085514938
  |->  par_lens = 249, 247, 251
[TDSE] Running TDSE-SH-elliptical. step 27600, energy = -0.29774476968943636
  |->  par_lens = 255, 248, 250
[TDSE] Running TDSE-SH-elliptical. step 27800, energy = -0.2770090238302429
  |->  par_lens = 254, 254, 254
[TDSE] Running TDSE-SH-elliptical. step 28000, energy = -0.2214828113862374
  |->  par_lens = 255, 255, 257
[TDSE] Running TDSE-SH-elliptical. step 28200, energy = -0.1949029785660986
  |->  par_lens = 259, 264, 267
[TDSE] Running TDSE-SH-elliptical. step 28400, energy = -0.2252552727810757
  |->  par_lens = 265, 270, 272
[TDSE] Running TDSE-SH-elliptical. step 28600, energy = -0.2808748765212787
  |->  par_lens = 282, 279, 278
[TDSE] Running TDSE-SH-elliptical. step 28800, energy = -0.3094789031597128
  |->  par_lens = 283, 285, 281
[TDSE] Running TDSE-SH-elliptical. step 29000, energy = -0.2877311665582027
  |->  par_lens = 280, 285, 281
[TDSE] Running TDSE-SH-elliptical. step 29200, energy = -0.2542847650538226
  |->  par_lens = 271, 276, 273
[TDSE] Running TDSE-SH-elliptical. step 29400, energy = -0.2569645608110177
  |->  par_lens = 265, 267, 262
[TDSE] Running TDSE-SH-elliptical. step 29600, energy = -0.29288512065975275
  |->  par_lens = 261, 260, 262
[TDSE] Running TDSE-SH-elliptical. step 29800, energy = -0.32303664769653556
  |->  par_lens = 271, 265, 261
[TDSE] Running TDSE-SH-elliptical. step 30000, energy = -0.31056689304746826
  |->  par_lens = 275, 271, 266
[TDSE] Running TDSE-SH-elliptical. step 30200, energy = -0.26847770550909383
  |->  par_lens = 269, 266, 267
[TDSE] Running TDSE-SH-elliptical. step 30400, energy = -0.2478092376142339
  |->  par_lens = 273, 277, 269
[TDSE] Running TDSE-SH-elliptical. step 30600, energy = -0.2722545856194893
  |->  par_lens = 283, 283, 283
[TDSE] Running TDSE-SH-elliptical. step 30800, energy = -0.32016064292078217
  |->  par_lens = 286, 289, 289
[TDSE] Running TDSE-SH-elliptical. step 31000, energy = -0.3493371465761423
  |->  par_lens = 295, 294, 290
[TDSE] Running TDSE-SH-elliptical. step 31200, energy = -0.3396979372403707
  |->  par_lens = 281, 291, 289
[TDSE] Running TDSE-SH-elliptical. step 31400, energy = -0.3187380462994623
  |->  par_lens = 282, 279, 286
[TDSE] Running TDSE-SH-elliptical. step 31600, energy = -0.3207383215100446
  |->  par_lens = 275, 267, 269
[TDSE] Running TDSE-SH-elliptical. step 31800, energy = -0.34710812994915846
  |->  par_lens = 260, 261, 265
[TDSE] Running TDSE-SH-elliptical. step 32000, energy = -0.3708516392201629
  |->  par_lens = 263, 259, 261
[TDSE] Running TDSE-SH-elliptical. step 32200, energy = -0.36494998869158646
  |->  par_lens = 261, 268, 270
[TDSE] Running TDSE-SH-elliptical. step 32400, energy = -0.3382904267842343
  |->  par_lens = 269, 272, 273
[TDSE] Running TDSE-SH-elliptical. step 32600, energy = -0.3244045308033005
  |->  par_lens = 280, 277, 271
[TDSE] Running TDSE-SH-elliptical. step 32800, energy = -0.34099848237130576
  |->  par_lens = 286, 286, 288
[TDSE] Running TDSE-SH-elliptical. step 33000, energy = -0.37571627368654426
  |->  par_lens = 297, 298, 299
[TDSE] Running TDSE-SH-elliptical. step 33200, energy = -0.3994870804801276
  |->  par_lens = 300, 301, 305
[TDSE] Running TDSE-SH-elliptical. step 33400, energy = -0.3989059740793832
  |->  par_lens = 300, 298, 294
[TDSE] Running TDSE-SH-elliptical. step 33600, energy = -0.38913381337820996
  |->  par_lens = 291, 290, 292
[TDSE] Running TDSE-SH-elliptical. step 33800, energy = -0.39079918940186215
  |->  par_lens = 286, 281, 283
[TDSE] Running TDSE-SH-elliptical. step 34000, energy = -0.406414688740635
  |->  par_lens = 278, 276, 273
[TDSE] Running TDSE-SH-elliptical. step 34200, energy = -0.4203442583402512
  |->  par_lens = 268, 269, 268
[TDSE] Running TDSE-SH-elliptical. step 34400, energy = -0.41780106320986105
  |->  par_lens = 263, 260, 271
[TDSE] Running TDSE-SH-elliptical. step 34600, energy = -0.4039009257526869
  |->  par_lens = 267, 272, 275
[TDSE] Running TDSE-SH-elliptical. step 34800, energy = -0.39653301439399286
  |->  par_lens = 281, 278, 286
[TDSE] Running TDSE-SH-elliptical. step 35000, energy = -0.406082049117609
  |->  par_lens = 291, 291, 295
[TDSE] Running TDSE-SH-elliptical. step 35200, energy = -0.42599116246304436
  |->  par_lens = 299, 300, 306
[TDSE] Running TDSE-SH-elliptical. step 35400, energy = -0.44126394082191567
  |->  par_lens = 300, 302, 306
[TDSE] Running TDSE-SH-elliptical. step 35600, energy = -0.4447194511589672
  |->  par_lens = 299, 298, 302
[TDSE] Running TDSE-SH-elliptical. step 35800, energy = -0.4426605538920482
  |->  par_lens = 289, 297, 297
[TDSE] Running TDSE-SH-elliptical. step 36000, energy = -0.44410872759656356
  |->  par_lens = 293, 290, 292
[TDSE] Running TDSE-SH-elliptical. step 36200, energy = -0.4507296288383761
  |->  par_lens = 285, 283, 285
[TDSE] Running TDSE-SH-elliptical. step 36400, energy = -0.455973217038172
  |->  par_lens = 275, 274, 284
[TDSE] Running TDSE-SH-elliptical. step 36600, energy = -0.4546074382784126
  |->  par_lens = 275, 274, 277
[TDSE] Running TDSE-SH-elliptical. step 36800, energy = -0.4489002678351011
  |->  par_lens = 271, 278, 279
[TDSE] Running TDSE-SH-elliptical. step 37000, energy = -0.44617385472768656
  |->  par_lens = 284, 288, 289
[TDSE] Running TDSE-SH-elliptical. step 37200, energy = -0.4502528425783238
  |->  par_lens = 286, 288, 294
[TDSE] Running TDSE-SH-elliptical. step 37400, energy = -0.4587886923879335
  |->  par_lens = 293, 290, 295
[TDSE] Running TDSE-SH-elliptical. step 37600, energy = -0.4661636826379891
  |->  par_lens = 295, 296, 297
[TDSE] Running TDSE-SH-elliptical. step 37800, energy = -0.46957038229215625
  |->  par_lens = 294, 289, 293
[TDSE] Running TDSE-SH-elliptical. step 38000, energy = -0.4704924916212216
  |->  par_lens = 284, 289, 291
[TDSE] Running TDSE-SH-elliptical. step 38200, energy = -0.4714234207268848
  |->  par_lens = 286, 287, 284
[TDSE] Running TDSE-SH-elliptical. step 38400, energy = -0.47288846899826975
  |->  par_lens = 272, 279, 278
[TDSE] Running TDSE-SH-elliptical. step 38600, energy = -0.47359535033105216
  |->  par_lens = 269, 268, 269
[TDSE] Running TDSE-SH-elliptical. step 38800, energy = -0.4725575624813185
  |->  par_lens = 260, 264, 266
[TDSE] Running TDSE-SH-elliptical. step 39000, energy = -0.47080572161244155
  |->  par_lens = 264, 264, 261
[TDSE] Running TDSE-SH-elliptical. step 39200, energy = -0.4700908577829805
  |->  par_lens = 261, 265, 263
[TDSE] Running TDSE-SH-elliptical. step 39400, energy = -0.4712117825359676
  |->  par_lens = 264, 269, 266
[TDSE] Running TDSE-SH-elliptical. step 39600, energy = -0.4735864804721736
  |->  par_lens = 262, 271, 267
[TDSE] Running TDSE-SH-elliptical. step 39800, energy = -0.475864382084805
  |->  par_lens = 265, 272, 270
[TDSE] Running TDSE-SH-elliptical. step 40000, energy = -0.47741368734043077
  |->  par_lens = 266, 271, 268
[TDSE] Running TDSE-SH-elliptical. step 40200, energy = -0.47819351316367176
  |->  par_lens = 265, 270, 268
[TDSE] Running TDSE-SH-elliptical. step 40400, energy = -0.4785015963641324
  |->  par_lens = 262, 269, 268
[TDSE] Running TDSE-SH-elliptical. step 40600, energy = -0.47849216693196256
  |->  par_lens = 261, 265, 266
[TDSE] Running TDSE-SH-elliptical. step 40800, energy = -0.4782111826356647
  |->  par_lens = 260, 264, 265
[TDSE] Running TDSE-SH-elliptical. step 41000, energy = -0.47778427603679313
  |->  par_lens = 261, 262, 263
[TDSE] Running TDSE-SH-elliptical. step 41200, energy = -0.4774653440502632
  |->  par_lens = 262, 263, 263
[TDSE] Running TDSE-SH-elliptical. step 41400, energy = -0.47736127412956736
  |->  par_lens = 263, 265, 264
[TDSE] Running TDSE-SH-elliptical. step 41600, energy = -0.47752524603201046
  |->  par_lens = 263, 268, 266
[TDSE] Running TDSE-SH-elliptical. step 41800, energy = -0.4777912632285676
  |->  par_lens = 264, 268, 265
[TDSE] Running TDSE-SH-elliptical. step 42000, energy = -0.47807681239301064
  |->  par_lens = 264, 268, 266
[TDSE] Running TDSE-SH-elliptical. step 42200, energy = -0.4782845613331981
  |->  par_lens = 264, 268, 267
[TDSE] Running TDSE-SH-elliptical. step 42400, energy = -0.47841199911785576
  |->  par_lens = 264, 268, 268
[TDSE] Running TDSE-SH-elliptical. step 42600, energy = -0.47847688162373686
  |->  par_lens = 264, 269, 268
[TDSE] Running TDSE-SH-elliptical. step 42800, energy = -0.4785448153910547
  |->  par_lens = 265, 269, 268
[TDSE] Running TDSE-SH-elliptical. step 43000, energy = -0.47862813265413806
  |->  par_lens = 266, 270, 268
[TDSE] Running TDSE-SH-elliptical. step 43200, energy = -0.47871580054754564
  |->  par_lens = 266, 271, 267
[TDSE] Running TDSE-SH-elliptical. step 43400, energy = -0.4788068489150107
  |->  par_lens = 267, 271, 269
[TDSE] Running TDSE-SH-elliptical. step 43600, energy = -0.47890192998142744
  |->  par_lens = 270, 273, 271
[TDSE] Running TDSE-SH-elliptical. step 43800, energy = -0.4790122072681742
  |->  par_lens = 270, 273, 271
[TDSE] Running TDSE-SH-elliptical. step 44000, energy = -0.47911787637337017
  |->  par_lens = 272, 273, 271
[TDSE] Running TDSE-SH-elliptical. step 44200, energy = -0.47923638927276063
  |->  par_lens = 276, 275, 273
[TDSE] Running TDSE-SH-elliptical. step 44400, energy = -0.4793413270649027
  |->  par_lens = 276, 275, 273
[TDSE] Running TDSE-SH-elliptical. step 44600, energy = -0.47946477340271765
  |->  par_lens = 277, 275, 275
[TDSE] Running TDSE-SH-elliptical. step 44800, energy = -0.47958406680780585
  |->  par_lens = 278, 276, 278
[TDSE] Running TDSE-SH-elliptical. step 45000, energy = -0.4797435004495943
  |->  par_lens = 279, 277, 278
[TDSE] Running TDSE-SH-elliptical. step 45200, energy = -0.47988770042165485
  |->  par_lens = 279, 278, 280
[TDSE] Running TDSE-SH-elliptical. step 45400, energy = -0.4800326569406591
  |->  par_lens = 281, 280, 280
[TDSE] Running TDSE-SH-elliptical. step 45600, energy = -0.4801385548643959
  |->  par_lens = 283, 280, 281
[TDSE] Running TDSE-SH-elliptical. step 45800, energy = -0.4802669558498133
  |->  par_lens = 284, 281, 281
[TDSE] Running TDSE-SH-elliptical. step 46000, energy = -0.48038941028240617
  |->  par_lens = 284, 283, 283
[TDSE] Running TDSE-SH-elliptical. step 46200, energy = -0.4805526722397576
  |->  par_lens = 287, 288, 283
[TDSE] Running TDSE-SH-elliptical. step 46400, energy = -0.48070366790850066
  |->  par_lens = 290, 291, 286
[TDSE] Running TDSE-SH-elliptical. step 46600, energy = -0.4808739825938629
  |->  par_lens = 289, 291, 287
[TDSE] Running TDSE-SH-elliptical. step 46800, energy = -0.4810292176517841
  |->  par_lens = 289, 293, 288
[TDSE] Running TDSE-SH-elliptical. step 47000, energy = -0.48119005239703505
  |->  par_lens = 290, 294, 290
[TDSE] Running TDSE-SH-elliptical. step 47200, energy = -0.4813158155800021
  |->  par_lens = 290, 293, 293
[TDSE] Running TDSE-SH-elliptical. step 47400, energy = -0.48144218741704076
  |->  par_lens = 295, 294, 295
[TDSE] Running TDSE-SH-elliptical. step 47600, energy = -0.4815587898228105
  |->  par_lens = 295, 296, 296
[TDSE] Running TDSE-SH-elliptical. step 47800, energy = -0.481686270284995
  |->  par_lens = 295, 296, 296
[TDSE] Running TDSE-SH-elliptical. step 48000, energy = -0.481832524244665
  |->  par_lens = 296, 296, 296
[TDSE] Running TDSE-SH-elliptical. step 48200, energy = -0.4820039394841418
  |->  par_lens = 297, 299, 298
[TDSE] Running TDSE-SH-elliptical. step 48400, energy = -0.482185792747525
  |->  par_lens = 297, 300, 299
[TDSE] Running TDSE-SH-elliptical. step 48600, energy = -0.4823372748896625
  |->  par_lens = 300, 301, 304
[TDSE] Running TDSE-SH-elliptical. step 48800, energy = -0.48245390655050435
  |->  par_lens = 300, 304, 305
[TDSE] Running TDSE-SH-elliptical. step 49000, energy = -0.4825295839802333
  |->  par_lens = 301, 304, 306
[TDSE] Running TDSE-SH-elliptical. step 49200, energy = -0.4826192630192846
  |->  par_lens = 303, 305, 308
[TDSE] Running TDSE-SH-elliptical. step 49400, energy = -0.48270376617359373
  |->  par_lens = 304, 307, 307
[TDSE] Running TDSE-SH-elliptical. step 49600, energy = -0.48282605578273663
  |->  par_lens = 306, 309, 309
[TDSE] Running TDSE-SH-elliptical. step 49800, energy = -0.48294776738702994
  |->  par_lens = 308, 311, 309
[TDSE] Running TDSE-SH-elliptical. step 50000, energy = -0.4831078718103359
  |->  par_lens = 310, 313, 311
[TDSE] Running TDSE-SH-elliptical. step 50200, energy = -0.4832461776409798
  |->  par_lens = 310, 313, 312
[TDSE] Running TDSE-SH-elliptical. step 50400, energy = -0.4833959540923266
  |->  par_lens = 313, 313, 313
[TDSE] Running TDSE-SH-elliptical. step 50600, energy = -0.48349858794180656
  |->  par_lens = 318, 315, 315
[TDSE] Running TDSE-SH-elliptical. step 50800, energy = -0.483606327957073
  |->  par_lens = 319, 316, 315
[TDSE] Running TDSE-SH-elliptical. step 51000, energy = -0.4836662589943803
  |->  par_lens = 321, 317, 315
[TDSE] Running TDSE-SH-elliptical. step 51200, energy = -0.48373409281908036
  |->  par_lens = 323, 320, 319
[TDSE] Running TDSE-SH-elliptical. step 51400, energy = -0.48377980522898734
  |->  par_lens = 323, 320, 322
[TDSE] Running TDSE-SH-elliptical. step 51600, energy = -0.4838545597318894
  |->  par_lens = 324, 321, 323
[TDSE] Running TDSE-SH-elliptical. step 51800, energy = -0.4839101372771642
  |->  par_lens = 325, 322, 325
[TDSE] Running TDSE-SH-elliptical. step 52000, energy = -0.4839784533561914
  |->  par_lens = 326, 323, 325
[TDSE] Running TDSE-SH-elliptical. step 52200, energy = -0.48402699902441565
  |->  par_lens = 327, 327, 327
[TDSE] Running TDSE-SH-elliptical. step 52400, energy = -0.48409019661818004
  |->  par_lens = 328, 329, 328
[TDSE] Running TDSE-SH-elliptical. step 52600, energy = -0.4841610838805462
  |->  par_lens = 330, 330, 328
[TDSE] Running TDSE-SH-elliptical. step 52800, energy = -0.4842563686220831
  |->  par_lens = 333, 332, 328
[TDSE] Running TDSE-SH-elliptical. step 53000, energy = -0.4843649378545486
  |->  par_lens = 334, 334, 332
[TDSE] Running TDSE-SH-elliptical. step 53200, energy = -0.4844722466869105
  |->  par_lens = 336, 334, 333
[TDSE] Running TDSE-SH-elliptical. step 53400, energy = -0.48456155924366934
  |->  par_lens = 336, 336, 333
[TDSE] Running TDSE-SH-elliptical. step 53600, energy = -0.4846066830988385
  |->  par_lens = 337, 337, 338
[TDSE] Running TDSE-SH-elliptical. step 53800, energy = -0.484637536514588
  |->  par_lens = 338, 337, 339
[TDSE] Running TDSE-SH-elliptical. step 54000, energy = -0.4846367941012483
  |->  par_lens = 340, 338, 343
[TDSE] Running TDSE-SH-elliptical. step 54200, energy = -0.48465118016924347
  |->  par_lens = 340, 340, 344
[TDSE] Running TDSE-SH-elliptical. step 54400, energy = -0.4846443530834521
  |->  par_lens = 342, 342, 344
[TDSE] Running TDSE-SH-elliptical. step 54600, energy = -0.4846606227633004
  |->  par_lens = 343, 344, 347
[TDSE] Running TDSE-SH-elliptical. step 54800, energy = -0.4846546408269016
  |->  par_lens = 343, 345, 350
[TDSE] Running TDSE-SH-elliptical. step 55000, energy = -0.48468664657471083
  |->  par_lens = 345, 351, 349
[TDSE] Running TDSE-SH-elliptical. step 55200, energy = -0.4846974308304
  |->  par_lens = 348, 353, 350
[TDSE] Running TDSE-SH-elliptical. step 55400, energy = -0.4847488737124256
  |->  par_lens = 352, 354, 351
[TDSE] Running TDSE-SH-elliptical. step 55600, energy = -0.4847786950598645
  |->  par_lens = 354, 354, 353
[TDSE] Running TDSE-SH-elliptical. step 55800, energy = -0.48484171829714284
  |->  par_lens = 355, 354, 354
[TDSE] Running TDSE-SH-elliptical. step 56000, energy = -0.4848754384436818
  |->  par_lens = 356, 355, 355
[TDSE] Running TDSE-SH-elliptical. step 56200, energy = -0.48493333210711415
  |->  par_lens = 356, 355, 355
[TDSE] Running TDSE-SH-elliptical. step 56400, energy = -0.48495498836891776
  |->  par_lens = 358, 355, 361
[TDSE] Running TDSE-SH-elliptical. step 56600, energy = -0.48499252757550393
  |->  par_lens = 359, 355, 363
[TDSE] Running TDSE-SH-elliptical. step 56800, energy = -0.48499632010405813
  |->  par_lens = 360, 355, 363
[TDSE] Running TDSE-SH-elliptical. step 57000, energy = -0.4850075386475553
  |->  par_lens = 361, 357, 363
[TDSE] Running TDSE-SH-elliptical. step 57200, energy = -0.4849979884655124
  |->  par_lens = 363, 365, 364
[TDSE] Running TDSE-SH-elliptical. step 57400, energy = -0.4849954431805721
  |->  par_lens = 366, 366, 364
[TDSE] Running TDSE-SH-elliptical. step 57600, energy = -0.4849806812273344
  |->  par_lens = 367, 368, 365
[TDSE] Running TDSE-SH-elliptical. step 57800, energy = -0.4849706780691429
  |->  par_lens = 368, 370, 366
[TDSE] Running TDSE-SH-elliptical. step 58000, energy = -0.4849598155050976
  |->  par_lens = 370, 370, 368
[TDSE] Running TDSE-SH-elliptical. step 58200, energy = -0.484942833678937
  |->  par_lens = 371, 371, 368
[TDSE] Running TDSE-SH-elliptical. step 58400, energy = -0.48493581620849524
  |->  par_lens = 374, 372, 369
[TDSE] Running TDSE-SH-elliptical. step 58600, energy = -0.4849137099557729
  |->  par_lens = 377, 373, 372
[TDSE] Running TDSE-SH-elliptical. step 58800, energy = -0.48490767766212617
  |->  par_lens = 377, 374, 374
[TDSE] Running TDSE-SH-elliptical. step 59000, energy = -0.48488339380024376
  |->  par_lens = 380, 374, 376
[TDSE] Running TDSE-SH-elliptical. step 59200, energy = -0.4848844898212603
  |->  par_lens = 380, 377, 379
  Activating project at `~/JuliaProp_v0.1`
[TDSE] Running TDSE-SH-elliptical. step 59400, energy = -0.48486174851411
  |->  par_lens = 380, 378, 381
[TDSE] Running TDSE-SH-elliptical. step 59600, energy = -0.4848744052575694
  |->  par_lens = 382, 380, 381
[TDSE] Running TDSE-SH-elliptical. step 59800, energy = -0.48485658262723585
  |->  par_lens = 383, 382, 384
[TDSE] Running TDSE-SH-elliptical. step 60000, energy = -0.4848761728764758
  |->  par_lens = 385, 383, 386
[TDSE] Running TDSE-SH-elliptical. step 60200, energy = -0.48486243405217244
  |->  par_lens = 385, 387, 386
[TDSE] Running TDSE-SH-elliptical. step 60400, energy = -0.48488145398196547
  |->  par_lens = 389, 388, 386
[TDSE] Running TDSE-SH-elliptical. step 60600, energy = -0.48486368574014793
  |->  par_lens = 392, 388, 387
[TDSE] Running TDSE-SH-elliptical. step 60800, energy = -0.48487905728402697
  |->  par_lens = 394, 390, 389
[TDSE] Running TDSE-SH-elliptical. step 61000, energy = -0.48485488757526324
  |->  par_lens = 395, 394, 392
[TDSE] Running TDSE-SH-elliptical. step 61200, energy = -0.48486156356694127
  |->  par_lens = 396, 395, 394
[TDSE] Running TDSE-SH-elliptical. step 61400, energy = -0.4848365335189732
  |->  par_lens = 396, 397, 397
[TDSE] Running TDSE-SH-elliptical. step 61600, energy = -0.4848346535887361
  |->  par_lens = 396, 399, 398
[TDSE] Running TDSE-SH-elliptical. step 61800, energy = -0.48480929713370213
  |->  par_lens = 397, 400, 399
[TDSE] Running TDSE-SH-elliptical. step 62000, energy = -0.48480330062136956
  |->  par_lens = 398, 401, 403
[TDSE] Running TDSE-SH-elliptical. step 62200, energy = -0.48477917552473637
  |->  par_lens = 399, 403, 404
[TDSE] Running TDSE-SH-elliptical. step 62400, energy = -0.484767524951673
  |->  par_lens = 402, 406, 404
[TDSE] Running TDSE-SH-elliptical. step 62600, energy = -0.48474814631760443
  |->  par_lens = 405, 407, 405
[TDSE] Running TDSE-SH-elliptical. step 62800, energy = -0.48472929405766657
  |->  par_lens = 408, 408, 405
[TDSE] Running TDSE-SH-elliptical. step 63000, energy = -0.4847145808193756
  |->  par_lens = 410, 408, 408
[TDSE] Running TDSE-SH-elliptical. step 63200, energy = -0.4846902193265889
  |->  par_lens = 413, 410, 409
[TDSE] Running TDSE-SH-elliptical. step 63400, energy = -0.48467794859801006
  |->  par_lens = 413, 412, 410
[TDSE] Running TDSE-SH-elliptical. step 63600, energy = -0.48465005023838026
  |->  par_lens = 414, 413, 415
[TDSE] Running TDSE-SH-elliptical. step 63800, energy = -0.48464118045867943
  |->  par_lens = 414, 415, 418
[TDSE] Running TDSE-SH-elliptical. step 64000, energy = -0.4846062193362783
  |->  par_lens = 416, 416, 419
[TDSE] Running TDSE-SH-elliptical. step 64200, energy = -0.4846035344263961
  |->  par_lens = 417, 417, 419
[TDSE] Running TDSE-SH-elliptical. step 64400, energy = -0.4845655202657585
  |->  par_lens = 419, 423, 419
[TDSE] Running TDSE-SH-elliptical. step 64600, energy = -0.484562063750773
  |->  par_lens = 421, 424, 420
