  Activating project at `~/JuliaProp_v0.1`
[ITP]: 10000.500040081823
[ITP]: 3.4096981904596646e-9
Energy of ground state: -0.5000400852322796
[TDSE] Start TDSE-SH for elliptical polarized laser. It may cost a plenty of time.
[TDSE] Running TDSE-SH-elliptical. step 0, energy = -0.5000400852322784
  |->  par_lens = 2, 2, 2
[TDSE] Running TDSE-SH-elliptical. step 200, energy = -0.5000400852321392
  |->  par_lens = 2, 2, 2
[TDSE] Running TDSE-SH-elliptical. step 400, energy = -0.5000400852318668
  |->  par_lens = 2, 2, 2
[TDSE] Running TDSE-SH-elliptical. step 600, energy = -0.5000400852303222
  |->  par_lens = 2, 2, 2
[TDSE] Running TDSE-SH-elliptical. step 800, energy = -0.500040085222945
  |->  par_lens = 2, 2, 2
[TDSE] Running TDSE-SH-elliptical. step 1000, energy = -0.5000400851981179
  |->  par_lens = 2, 2, 2
[TDSE] Running TDSE-SH-elliptical. step 1200, energy = -0.5000400851318476
  |->  par_lens = 2, 2, 2
[TDSE] Running TDSE-SH-elliptical. step 1400, energy = -0.500040084981258
  |->  par_lens = 2, 2, 2
[TDSE] Running TDSE-SH-elliptical. step 1600, energy = -0.50004008467743
  |->  par_lens = 2, 2, 2
[TDSE] Running TDSE-SH-elliptical. step 1800, energy = -0.5000400841155233
  |->  par_lens = 2, 2, 2
[TDSE] Running TDSE-SH-elliptical. step 2000, energy = -0.5000400831481803
  |->  par_lens = 2, 2, 2
[TDSE] Running TDSE-SH-elliptical. step 2200, energy = -0.5000400815710848
  |->  par_lens = 2, 2, 2
[TDSE] Running TDSE-SH-elliptical. step 2400, energy = -0.5000400791185629
  |->  par_lens = 2, 2, 2
[TDSE] Running TDSE-SH-elliptical. step 2600, energy = -0.500040075448928
  |->  par_lens = 2, 2, 2
[TDSE] Running TDSE-SH-elliptical. step 2800, energy = -0.5000400701327247
  |->  par_lens = 2, 2, 2
[TDSE] Running TDSE-SH-elliptical. step 3000, energy = -0.500040062655317
  |->  par_lens = 2, 2, 2
[TDSE] Running TDSE-SH-elliptical. step 3200, energy = -0.500040052381881
  |->  par_lens = 2, 2, 2
[TDSE] Running TDSE-SH-elliptical. step 3400, energy = -0.5000400385945918
  |->  par_lens = 2, 2, 2
[TDSE] Running TDSE-SH-elliptical. step 3600, energy = -0.5000400204168407
  |->  par_lens = 2, 2, 2
[TDSE] Running TDSE-SH-elliptical. step 3800, energy = -0.500039996881466
  |->  par_lens = 2, 2, 2
[TDSE] Running TDSE-SH-elliptical. step 4000, energy = -0.5000399669186708
  |->  par_lens = 2, 2, 2
[TDSE] Running TDSE-SH-elliptical. step 4200, energy = -0.5000399292089288
  |->  par_lens = 2, 2, 2
[TDSE] Running TDSE-SH-elliptical. step 4400, energy = -0.5000398824868857
  |->  par_lens = 2, 2, 2
[TDSE] Running TDSE-SH-elliptical. step 4600, energy = -0.5000398252082322
  |->  par_lens = 2, 2, 2
[TDSE] Running TDSE-SH-elliptical. step 4800, energy = -0.5000397557761923
  |->  par_lens = 2, 2, 2
[TDSE] Running TDSE-SH-elliptical. step 5000, energy = -0.5000396724774833
  |->  par_lens = 2, 2, 2
[TDSE] Running TDSE-SH-elliptical. step 5200, energy = -0.5000395733532461
  |->  par_lens = 2, 2, 2
[TDSE] Running TDSE-SH-elliptical. step 5400, energy = -0.5000394568346275
  |->  par_lens = 2, 2, 2
[TDSE] Running TDSE-SH-elliptical. step 5600, energy = -0.5000393204216778
  |->  par_lens = 2, 2, 2
[TDSE] Running TDSE-SH-elliptical. step 5800, energy = -0.5000391622591954
  |->  par_lens = 2, 2, 2
[TDSE] Running TDSE-SH-elliptical. step 6000, energy = -0.5000389805375585
  |->  par_lens = 2, 2, 2
[TDSE] Running TDSE-SH-elliptical. step 6200, energy = -0.5000387724625474
  |->  par_lens = 2, 2, 2
[TDSE] Running TDSE-SH-elliptical. step 6400, energy = -0.5000385364766858
  |->  par_lens = 2, 2, 2
[TDSE] Running TDSE-SH-elliptical. step 6600, energy = -0.500038269823467
  |->  par_lens = 2, 2, 2
[TDSE] Running TDSE-SH-elliptical. step 6800, energy = -0.5000379711409996
  |->  par_lens = 2, 2, 2
[TDSE] Running TDSE-SH-elliptical. step 7000, energy = -0.5000376380222935
  |->  par_lens = 2, 2, 2
[TDSE] Running TDSE-SH-elliptical. step 7200, energy = -0.5000372675902583
  |->  par_lens = 2, 2, 2
[TDSE] Running TDSE-SH-elliptical. step 7400, energy = -0.5000368602094175
  |->  par_lens = 2, 2, 2
[TDSE] Running TDSE-SH-elliptical. step 7600, energy = -0.5000364118821105
  |->  par_lens = 2, 2, 2
[TDSE] Running TDSE-SH-elliptical. step 7800, energy = -0.5000359222376518
  |->  par_lens = 2, 2, 2
[TDSE] Running TDSE-SH-elliptical. step 8000, energy = -0.500035390236696
  |->  par_lens = 2, 2, 2
[TDSE] Running TDSE-SH-elliptical. step 8200, energy = -0.5000348131028708
  |->  par_lens = 2, 2, 2
[TDSE] Running TDSE-SH-elliptical. step 8400, energy = -0.5000341926542465
  |->  par_lens = 2, 2, 2
[TDSE] Running TDSE-SH-elliptical. step 8600, energy = -0.5000335249822975
  |->  par_lens = 2, 2, 2
[TDSE] Running TDSE-SH-elliptical. step 8800, energy = -0.5000328127619537
  |->  par_lens = 2, 2, 2
[TDSE] Running TDSE-SH-elliptical. step 9000, energy = -0.5000320541257521
  |->  par_lens = 2, 2, 2
[TDSE] Running TDSE-SH-elliptical. step 9200, energy = -0.5000312478796122
  |->  par_lens = 2, 2, 2
[TDSE] Running TDSE-SH-elliptical. step 9400, energy = -0.500030400647127
  |->  par_lens = 4, 2, 2
[TDSE] Running TDSE-SH-elliptical. step 9600, energy = -0.5000295048958968
  |->  par_lens = 4, 2, 2
[TDSE] Running TDSE-SH-elliptical. step 9800, energy = -0.5000285666634017
  |->  par_lens = 4, 3, 3
[TDSE] Running TDSE-SH-elliptical. step 10000, energy = -0.5000275885177604
  |->  par_lens = 4, 3, 3
[TDSE] Running TDSE-SH-elliptical. step 10200, energy = -0.5000263566021551
  |->  par_lens = 4, 3, 3
[TDSE] Running TDSE-SH-elliptical. step 10400, energy = -0.5000237230642185
  |->  par_lens = 4, 3, 3
[TDSE] Running TDSE-SH-elliptical. step 10600, energy = -0.5000214775162755
  |->  par_lens = 4, 3, 3
[TDSE] Running TDSE-SH-elliptical. step 10800, energy = -0.5000250625556913
  |->  par_lens = 4, 3, 3
[TDSE] Running TDSE-SH-elliptical. step 11000, energy = -0.5000353006662502
  |->  par_lens = 4, 3, 3
[TDSE] Running TDSE-SH-elliptical. step 11200, energy = -0.5000335337282256
  |->  par_lens = 4, 3, 3
[TDSE] Running TDSE-SH-elliptical. step 11400, energy = -0.49999617046866734
  |->  par_lens = 4, 3, 3
[TDSE] Running TDSE-SH-elliptical. step 11600, energy = -0.499946298571575
  |->  par_lens = 4, 3, 3
[TDSE] Running TDSE-SH-elliptical. step 11800, energy = -0.49995226682697813
  |->  par_lens = 4, 3, 3
[TDSE] Running TDSE-SH-elliptical. step 12000, energy = -0.49998360802920017
  |->  par_lens = 4, 3, 3
[TDSE] Running TDSE-SH-elliptical. step 12200, energy = -0.49978717622999297
  |->  par_lens = 5, 4, 4
[TDSE] Running TDSE-SH-elliptical. step 12400, energy = -0.4991029207237069
  |->  par_lens = 5, 5, 6
[TDSE] Running TDSE-SH-elliptical. step 12600, energy = -0.4981674617053718
  |->  par_lens = 7, 7, 7
[TDSE] Running TDSE-SH-elliptical. step 12800, energy = -0.497799556738304
  |->  par_lens = 7, 7, 7
[TDSE] Running TDSE-SH-elliptical. step 13000, energy = -0.49853496242365236
  |->  par_lens = 7, 7, 7
[TDSE] Running TDSE-SH-elliptical. step 13200, energy = -0.4995750326469501
  |->  par_lens = 7, 7, 7
[TDSE] Running TDSE-SH-elliptical. step 13400, energy = -0.4991924651625555
  |->  par_lens = 7, 7, 7
[TDSE] Running TDSE-SH-elliptical. step 13600, energy = -0.49683566349099956
  |->  par_lens = 8, 8, 7
[TDSE] Running TDSE-SH-elliptical. step 13800, energy = -0.4945498682042299
  |->  par_lens = 10, 9, 9
[TDSE] Running TDSE-SH-elliptical. step 14000, energy = -0.49507472782471157
  |->  par_lens = 10, 9, 9
[TDSE] Running TDSE-SH-elliptical. step 14200, energy = -0.4979351805429363
  |->  par_lens = 10, 8, 8
[TDSE] Running TDSE-SH-elliptical. step 14400, energy = -0.4985213725365246
  |->  par_lens = 10, 8, 8
[TDSE] Running TDSE-SH-elliptical. step 14600, energy = -0.49299464721246794
  |->  par_lens = 10, 10, 10
[TDSE] Running TDSE-SH-elliptical. step 14800, energy = -0.4842837230059571
  |->  par_lens = 13, 13, 13
[TDSE] Running TDSE-SH-elliptical. step 15000, energy = -0.4808307362400229
  |->  par_lens = 15, 15, 14
[TDSE] Running TDSE-SH-elliptical. step 15200, energy = -0.4870611673523027
  |->  par_lens = 17, 16, 16
[TDSE] Running TDSE-SH-elliptical. step 15400, energy = -0.49601968669314234
  |->  par_lens = 19, 19, 19
[TDSE] Running TDSE-SH-elliptical. step 15600, energy = -0.49514272094323497
  |->  par_lens = 19, 19, 19
[TDSE] Running TDSE-SH-elliptical. step 15800, energy = -0.4814351632362959
  |->  par_lens = 18, 19, 19
[TDSE] Running TDSE-SH-elliptical. step 16000, energy = -0.4680040789705007
  |->  par_lens = 20, 20, 21
[TDSE] Running TDSE-SH-elliptical. step 16200, energy = -0.4705541913964223
  |->  par_lens = 22, 22, 21
[TDSE] Running TDSE-SH-elliptical. step 16400, energy = -0.4867762742084104
  |->  par_lens = 24, 24, 24
[TDSE] Running TDSE-SH-elliptical. step 16600, energy = -0.4946093691282058
  |->  par_lens = 26, 25, 25
[TDSE] Running TDSE-SH-elliptical. step 16800, energy = -0.4765964999669794
  |->  par_lens = 24, 23, 23
[TDSE] Running TDSE-SH-elliptical. step 17000, energy = -0.4444560560879071
  |->  par_lens = 26, 26, 28
[TDSE] Running TDSE-SH-elliptical. step 17200, energy = -0.4309535976206489
  |->  par_lens = 34, 35, 33
[TDSE] Running TDSE-SH-elliptical. step 17400, energy = -0.45248749167784436
  |->  par_lens = 43, 42, 42
[TDSE] Running TDSE-SH-elliptical. step 17600, energy = -0.48489034495711864
  |->  par_lens = 50, 50, 50
[TDSE] Running TDSE-SH-elliptical. step 17800, energy = -0.4862903397229916
  |->  par_lens = 50, 51, 51
[TDSE] Running TDSE-SH-elliptical. step 18000, energy = -0.44687199034342684
  |->  par_lens = 47, 46, 47
[TDSE] Running TDSE-SH-elliptical. step 18200, energy = -0.4068410478728863
  |->  par_lens = 47, 42, 41
[TDSE] Running TDSE-SH-elliptical. step 18400, energy = -0.4125010957584231
  |->  par_lens = 58, 58, 57
[TDSE] Running TDSE-SH-elliptical. step 18600, energy = -0.4588557119862944
  |->  par_lens = 71, 69, 69
[TDSE] Running TDSE-SH-elliptical. step 18800, energy = -0.4866316932931576
  |->  par_lens = 75, 73, 73
[TDSE] Running TDSE-SH-elliptical. step 19000, energy = -0.4492782139419034
  |->  par_lens = 76, 73, 73
[TDSE] Running TDSE-SH-elliptical. step 19200, energy = -0.37448021582205143
  |->  par_lens = 62, 58, 60
[TDSE] Running TDSE-SH-elliptical. step 19400, energy = -0.3409825796220788
  |->  par_lens = 77, 75, 75
[TDSE] Running TDSE-SH-elliptical. step 19600, energy = -0.3880635087739956
  |->  par_lens = 101, 101, 102
[TDSE] Running TDSE-SH-elliptical. step 19800, energy = -0.46300819845676033
  |->  par_lens = 121, 122, 123
[TDSE] Running TDSE-SH-elliptical. step 20000, energy = -0.4735219560230852
  |->  par_lens = 125, 126, 128
[TDSE] Running TDSE-SH-elliptical. step 20200, energy = -0.3963100889305111
  |->  par_lens = 121, 124, 124
[TDSE] Running TDSE-SH-elliptical. step 20400, energy = -0.3148407145241983
  |->  par_lens = 96, 92, 99
[TDSE] Running TDSE-SH-elliptical. step 20600, energy = -0.32220209830555724
  |->  par_lens = 117, 116, 115
[TDSE] Running TDSE-SH-elliptical. step 20800, energy = -0.4133423859089584
  |->  par_lens = 151, 153, 154
[TDSE] Running TDSE-SH-elliptical. step 21000, energy = -0.4745631414470437
  |->  par_lens = 167, 164, 167
[TDSE] Running TDSE-SH-elliptical. step 21200, energy = -0.41717094886448997
  |->  par_lens = 169, 168, 168
[TDSE] Running TDSE-SH-elliptical. step 21400, energy = -0.28739371306992445
  |->  par_lens = 150, 144, 147
[TDSE] Running TDSE-SH-elliptical. step 21600, energy = -0.22674007569382354
  |->  par_lens = 143, 144, 136
[TDSE] Running TDSE-SH-elliptical. step 21800, energy = -0.3020705976088599
  |->  par_lens = 193, 192, 195
[TDSE] Running TDSE-SH-elliptical. step 22000, energy = -0.4320836857184171
  |->  par_lens = 241, 242, 243
[TDSE] Running TDSE-SH-elliptical. step 22200, energy = -0.4600066322661382
  |->  par_lens = 254, 252, 252
[TDSE] Running TDSE-SH-elliptical. step 22400, energy = -0.34391776503387134
  |->  par_lens = 249, 250, 249
[TDSE] Running TDSE-SH-elliptical. step 22600, energy = -0.2161145050022773
  |->  par_lens = 207, 211, 211
[TDSE] Running TDSE-SH-elliptical. step 22800, energy = -0.22234361436257905
  |->  par_lens = 213, 214, 217
[TDSE] Running TDSE-SH-elliptical. step 23000, energy = -0.3595788536382358
  |->  par_lens = 276, 277, 273
[TDSE] Running TDSE-SH-elliptical. step 23200, energy = -0.4604174871538711
  |->  par_lens = 302, 304, 301
[TDSE] Running TDSE-SH-elliptical. step 23400, energy = -0.39063345826826584
  |->  par_lens = 301, 298, 301
[TDSE] Running TDSE-SH-elliptical. step 23600, energy = -0.20985577015416904
  |->  par_lens = 265, 267, 268
[TDSE] Running TDSE-SH-elliptical. step 23800, energy = -0.122775160385043
  |->  par_lens = 236, 245, 243
[TDSE] Running TDSE-SH-elliptical. step 24000, energy = -0.2181149908456096
  |->  par_lens = 311, 309, 310
[TDSE] Running TDSE-SH-elliptical. step 24200, energy = -0.399128823215311
  |->  par_lens = 383, 384, 382
[TDSE] Running TDSE-SH-elliptical. step 24400, energy = -0.4494678722054266
  |->  par_lens = 398, 401, 399
[TDSE] Running TDSE-SH-elliptical. step 24600, energy = -0.30925767355624145
  |->  par_lens = 387, 388, 387
[TDSE] Running TDSE-SH-elliptical. step 24800, energy = -0.14566694680945716
  |->  par_lens = 340, 342, 343
[TDSE] Running TDSE-SH-elliptical. step 25000, energy = -0.14861028669439044
  |->  par_lens = 321, 331, 330
[TDSE] Running TDSE-SH-elliptical. step 25200, energy = -0.3143512084572935
  |->  par_lens = 393, 396, 393
[TDSE] Running TDSE-SH-elliptical. step 25400, energy = -0.44713188453308506
  |->  par_lens = 430, 434, 428
[TDSE] Running TDSE-SH-elliptical. step 25600, energy = -0.37863460789346054
  |->  par_lens = 429, 434, 424
[TDSE] Running TDSE-SH-elliptical. step 25800, energy = -0.17148573488042396
  |->  par_lens = 396, 400, 396
[TDSE] Running TDSE-SH-elliptical. step 26000, energy = -0.0670036020413474
  |->  par_lens = 376, 381, 377
[TDSE] Running TDSE-SH-elliptical. step 26200, energy = -0.16670469953751313
  |->  par_lens = 427, 423, 423
[TDSE] Running TDSE-SH-elliptical. step 26400, energy = -0.374253880031706
  |->  par_lens = 479, 481, 478
[TDSE] Running TDSE-SH-elliptical. step 26600, energy = -0.44421343758860665
  |->  par_lens = 494, 493, 493
[TDSE] Running TDSE-SH-elliptical. step 26800, energy = -0.3064031814347893
  |->  par_lens = 490, 487, 487
[TDSE] Running TDSE-SH-elliptical. step 27000, energy = -0.13371811423965604
  |->  par_lens = 461, 462, 460
[TDSE] Running TDSE-SH-elliptical. step 27200, energy = -0.1299726822967972
  |->  par_lens = 460, 452, 459
[TDSE] Running TDSE-SH-elliptical. step 27400, energy = -0.2965974575963611
  |->  par_lens = 483, 486, 483
[TDSE] Running TDSE-SH-elliptical. step 27600, energy = -0.439961787438523
  |->  par_lens = 496, 502, 493
[TDSE] Running TDSE-SH-elliptical. step 27800, energy = -0.3843627587830414
  |->  par_lens = 496, 502, 495
[TDSE] Running TDSE-SH-elliptical. step 28000, energy = -0.1865050794574859
  |->  par_lens = 487, 485, 489
[TDSE] Running TDSE-SH-elliptical. step 28200, energy = -0.08026404327650177
  |->  par_lens = 489, 481, 479
[TDSE] Running TDSE-SH-elliptical. step 28400, energy = -0.1691283684705793
  |->  par_lens = 508, 515, 502
[TDSE] Running TDSE-SH-elliptical. step 28600, energy = -0.36697744035221214
  |->  par_lens = 527, 529, 525
[TDSE] Running TDSE-SH-elliptical. step 28800, energy = -0.4466003465220901
  |->  par_lens = 536, 534, 532
[TDSE] Running TDSE-SH-elliptical. step 29000, energy = -0.33653921968721
  |->  par_lens = 535, 532, 531
[TDSE] Running TDSE-SH-elliptical. step 29200, energy = -0.18409555998279176
  |->  par_lens = 524, 520, 521
[TDSE] Running TDSE-SH-elliptical. step 29400, energy = -0.17470398606702595
  |->  par_lens = 507, 501, 506
[TDSE] Running TDSE-SH-elliptical. step 29600, energy = -0.31571979912315623
  |->  par_lens = 521, 522, 517
[TDSE] Running TDSE-SH-elliptical. step 29800, energy = -0.44172918340720646
  |->  par_lens = 530, 526, 522
[TDSE] Running TDSE-SH-elliptical. step 30000, energy = -0.4055183279336394
  |->  par_lens = 530, 527, 525
[TDSE] Running TDSE-SH-elliptical. step 30200, energy = -0.24930287003000745
  |->  par_lens = 523, 522, 518
[TDSE] Running TDSE-SH-elliptical. step 30400, energy = -0.15778960822358626
  |->  par_lens = 522, 527, 519
[TDSE] Running TDSE-SH-elliptical. step 30600, energy = -0.2250672400447779
  |->  par_lens = 534, 541, 538
[TDSE] Running TDSE-SH-elliptical. step 30800, energy = -0.3840919672641156
  |->  par_lens = 544, 546, 545
[TDSE] Running TDSE-SH-elliptical. step 31000, energy = -0.45561141561077806
  |->  par_lens = 552, 555, 553
[TDSE] Running TDSE-SH-elliptical. step 31200, energy = -0.3847700092650373
  |->  par_lens = 553, 554, 554
[TDSE] Running TDSE-SH-elliptical. step 31400, energy = -0.27667311565761354
  |->  par_lens = 542, 550, 547
[TDSE] Running TDSE-SH-elliptical. step 31600, energy = -0.2626600500815715
  |->  par_lens = 535, 535, 532
[TDSE] Running TDSE-SH-elliptical. step 31800, energy = -0.3626887481198975
  |->  par_lens = 531, 535, 533
[TDSE] Running TDSE-SH-elliptical. step 32000, energy = -0.45313154738126793
  |->  par_lens = 532, 540, 532
[TDSE] Running TDSE-SH-elliptical. step 32200, energy = -0.4345295219628529
  |->  par_lens = 537, 537, 539
[TDSE] Running TDSE-SH-elliptical. step 32400, energy = -0.3322240898707056
  |->  par_lens = 533, 532, 538
[TDSE] Running TDSE-SH-elliptical. step 32600, energy = -0.26409822900005936
  |->  par_lens = 542, 543, 543
[TDSE] Running TDSE-SH-elliptical. step 32800, energy = -0.3070408266385582
  |->  par_lens = 552, 553, 553
[TDSE] Running TDSE-SH-elliptical. step 33000, energy = -0.4112118333678415
  |->  par_lens = 555, 555, 555
[TDSE] Running TDSE-SH-elliptical. step 33200, energy = -0.4676966101964012
  |->  par_lens = 558, 557, 559
[TDSE] Running TDSE-SH-elliptical. step 33400, energy = -0.4345204824390054
  |->  par_lens = 557, 556, 559
[TDSE] Running TDSE-SH-elliptical. step 33600, energy = -0.37115829341173123
  |->  par_lens = 554, 555, 555
[TDSE] Running TDSE-SH-elliptical. step 33800, energy = -0.3625592795691909
  |->  par_lens = 552, 551, 555
[TDSE] Running TDSE-SH-elliptical. step 34000, energy = -0.4153525122980456
  |->  par_lens = 545, 545, 541
[TDSE] Running TDSE-SH-elliptical. step 34200, energy = -0.46802654659717535
  |->  par_lens = 540, 535, 537
[TDSE] Running TDSE-SH-elliptical. step 34400, energy = -0.45952793311655465
  |->  par_lens = 540, 536, 535
[TDSE] Running TDSE-SH-elliptical. step 34600, energy = -0.4050579424108758
  |->  par_lens = 548, 541, 543
[TDSE] Running TDSE-SH-elliptical. step 34800, energy = -0.3683635026159426
  |->  par_lens = 549, 549, 548
[TDSE] Running TDSE-SH-elliptical. step 35000, energy = -0.3896156263828953
  |->  par_lens = 556, 555, 556
[TDSE] Running TDSE-SH-elliptical. step 35200, energy = -0.4431986052289304
  |->  par_lens = 558, 555, 558
[TDSE] Running TDSE-SH-elliptical. step 35400, energy = -0.47675434211581985
  |->  par_lens = 558, 557, 559
[TDSE] Running TDSE-SH-elliptical. step 35600, energy = -0.4673403960191783
  |->  par_lens = 558, 555, 559
[TDSE] Running TDSE-SH-elliptical. step 35800, energy = -0.4431755568375103
  |->  par_lens = 556, 555, 554
[TDSE] Running TDSE-SH-elliptical. step 36000, energy = -0.4371236667400689
  |->  par_lens = 549, 547, 544
[TDSE] Running TDSE-SH-elliptical. step 36200, energy = -0.4593518568080969
  |->  par_lens = 534, 541, 539
[TDSE] Running TDSE-SH-elliptical. step 36400, energy = -0.4791015829180395
  |->  par_lens = 523, 524, 531
[TDSE] Running TDSE-SH-elliptical. step 36600, energy = -0.47610483655631175
  |->  par_lens = 524, 519, 524
[TDSE] Running TDSE-SH-elliptical. step 36800, energy = -0.4540675190837758
  |->  par_lens = 528, 522, 524
[TDSE] Running TDSE-SH-elliptical. step 37000, energy = -0.43941438214001466
  |->  par_lens = 536, 533, 536
[TDSE] Running TDSE-SH-elliptical. step 37200, energy = -0.4463967182001622
  |->  par_lens = 544, 544, 542
[TDSE] Running TDSE-SH-elliptical. step 37400, energy = -0.46713915888424407
  |->  par_lens = 554, 552, 554
[TDSE] Running TDSE-SH-elliptical. step 37600, energy = -0.481934442337267
  |->  par_lens = 555, 554, 559
[TDSE] Running TDSE-SH-elliptical. step 37800, energy = -0.48322074040238017
  |->  par_lens = 555, 556, 560
[TDSE] Running TDSE-SH-elliptical. step 38000, energy = -0.47791333676281605
  |->  par_lens = 554, 555, 559
[TDSE] Running TDSE-SH-elliptical. step 38200, energy = -0.4769240871802356
  |->  par_lens = 547, 552, 552
[TDSE] Running TDSE-SH-elliptical. step 38400, energy = -0.48125264696522596
  |->  par_lens = 539, 545, 548
[TDSE] Running TDSE-SH-elliptical. step 38600, energy = -0.4850950283686139
  |->  par_lens = 531, 535, 533
[TDSE] Running TDSE-SH-elliptical. step 38800, energy = -0.48308555751469456
  |->  par_lens = 531, 536, 531
[TDSE] Running TDSE-SH-elliptical. step 39000, energy = -0.47743670442686376
  |->  par_lens = 536, 536, 536
[TDSE] Running TDSE-SH-elliptical. step 39200, energy = -0.4738816000770084
  |->  par_lens = 542, 546, 546
[TDSE] Running TDSE-SH-elliptical. step 39400, energy = -0.4752352255513394
  |->  par_lens = 554, 552, 553
[TDSE] Running TDSE-SH-elliptical. step 39600, energy = -0.47972697740047643
  |->  par_lens = 560, 560, 562
[TDSE] Running TDSE-SH-elliptical. step 39800, energy = -0.48409580931824636
  |->  par_lens = 562, 562, 564
[TDSE] Running TDSE-SH-elliptical. step 40000, energy = -0.4859783812010185
  |->  par_lens = 562, 562, 565
[TDSE] Running TDSE-SH-elliptical. step 40200, energy = -0.48633498555682864
  |->  par_lens = 562, 562, 565
[TDSE] Running TDSE-SH-elliptical. step 40400, energy = -0.48636187171808026
  |->  par_lens = 562, 562, 565
[TDSE] Running TDSE-SH-elliptical. step 40600, energy = -0.48642075107433
  |->  par_lens = 562, 562, 564
[TDSE] Running TDSE-SH-elliptical. step 40800, energy = -0.4860321304209681
  |->  par_lens = 562, 562, 564
[TDSE] Running TDSE-SH-elliptical. step 41000, energy = -0.4854045171425216
  |->  par_lens = 562, 562, 564
[TDSE] Running TDSE-SH-elliptical. step 41200, energy = -0.48435018040556077
  |->  par_lens = 563, 564, 565
[TDSE] Running TDSE-SH-elliptical. step 41400, energy = -0.4841602578899303
  |->  par_lens = 568, 569, 567
[TDSE] Running TDSE-SH-elliptical. step 41600, energy = -0.4841530057298998
  |->  par_lens = 571, 571, 573
[TDSE] Running TDSE-SH-elliptical. step 41800, energy = -0.4845698024103884
  |->  par_lens = 575, 573, 574
[TDSE] Running TDSE-SH-elliptical. step 42000, energy = -0.4850578166260156
  |->  par_lens = 575, 575, 577
[TDSE] Running TDSE-SH-elliptical. step 42200, energy = -0.4850461029400034
  |->  par_lens = 577, 576, 578
[TDSE] Running TDSE-SH-elliptical. step 42400, energy = -0.4853789430777493
  |->  par_lens = 580, 579, 578
[TDSE] Running TDSE-SH-elliptical. step 42600, energy = -0.4853423766362575
  |->  par_lens = 581, 581, 582
[TDSE] Running TDSE-SH-elliptical. step 42800, energy = -0.48530551340180245
  |->  par_lens = 583, 582, 582
[TDSE] Running TDSE-SH-elliptical. step 43000, energy = -0.4853500697064904
  |->  par_lens = 583, 582, 583
[TDSE] Running TDSE-SH-elliptical. step 43200, energy = -0.4852167655768756
  |->  par_lens = 584, 583, 584
[TDSE] Running TDSE-SH-elliptical. step 43400, energy = -0.48549881558569336
  |->  par_lens = 585, 584, 585
[TDSE] Running TDSE-SH-elliptical. step 43600, energy = -0.4853169107454138
  |->  par_lens = 586, 585, 587
[TDSE] Running TDSE-SH-elliptical. step 43800, energy = -0.4853050183297093
  |->  par_lens = 587, 585, 587
[TDSE] Running TDSE-SH-elliptical. step 44000, energy = -0.48547072460865814
  |->  par_lens = 588, 587, 587
[TDSE] Running TDSE-SH-elliptical. step 44200, energy = -0.48533184726644785
  |->  par_lens = 589, 587, 588
[TDSE] Running TDSE-SH-elliptical. step 44400, energy = -0.4855173615073295
  |->  par_lens = 589, 589, 589
[TDSE] Running TDSE-SH-elliptical. step 44600, energy = -0.48535673788781863
  |->  par_lens = 589, 589, 590
[TDSE] Running TDSE-SH-elliptical. step 44800, energy = -0.48545052601602434
  |->  par_lens = 589, 590, 590
[TDSE] Running TDSE-SH-elliptical. step 45000, energy = -0.4855549583545418
  |->  par_lens = 590, 590, 590
[TDSE] Running TDSE-SH-elliptical. step 45200, energy = -0.48538127648658685
  |->  par_lens = 590, 590, 590
[TDSE] Running TDSE-SH-elliptical. step 45400, energy = -0.48561395570676147
  |->  par_lens = 590, 590, 590
[TDSE] Running TDSE-SH-elliptical. step 45600, energy = -0.48544013540573716
  |->  par_lens = 590, 590, 590
[TDSE] Running TDSE-SH-elliptical. step 45800, energy = -0.48553847032656683
  |->  par_lens = 590, 590, 590
[TDSE] Running TDSE-SH-elliptical. step 46000, energy = -0.4856454814008791
  |->  par_lens = 590, 590, 590
[TDSE] Running TDSE-SH-elliptical. step 46200, energy = -0.485468735488841
  |->  par_lens = 590, 590, 590
[TDSE] Running TDSE-SH-elliptical. step 46400, energy = -0.4856767250375496
  |->  par_lens = 590, 590, 590
[TDSE] Running TDSE-SH-elliptical. step 46600, energy = -0.4855298873073503
  |->  par_lens = 590, 590, 590
[TDSE] Running TDSE-SH-elliptical. step 46800, energy = -0.4856699180199896
  |->  par_lens = 590, 590, 590
[TDSE] Running TDSE-SH-elliptical. step 47000, energy = -0.48569008360904653
  |->  par_lens = 590, 590, 590
[TDSE] Running TDSE-SH-elliptical. step 47200, energy = -0.48553624855191146
  |->  par_lens = 590, 590, 590
[TDSE] Running TDSE-SH-elliptical. step 47400, energy = -0.485819842021326
  |->  par_lens = 590, 590, 590
[TDSE] Running TDSE-SH-elliptical. step 47600, energy = -0.48560415921005806
  |->  par_lens = 590, 590, 590
[TDSE] Running TDSE-SH-elliptical. step 47800, energy = -0.48569452879861064
  |->  par_lens = 590, 590, 590
[TDSE] Running TDSE-SH-elliptical. step 48000, energy = -0.4857660202057025
  |->  par_lens = 590, 590, 590
[TDSE] Running TDSE-SH-elliptical. step 48200, energy = -0.4856633219908169
  |->  par_lens = 590, 590, 590
[TDSE] Running TDSE-SH-elliptical. step 48400, energy = -0.4858697962936187
  |->  par_lens = 590, 590, 590
[TDSE] Running TDSE-SH-elliptical. step 48600, energy = -0.48567251562741703
  |->  par_lens = 590, 590, 590
[TDSE] Running TDSE-SH-elliptical. step 48800, energy = -0.4858733845316586
  |->  par_lens = 590, 590, 590
[TDSE] Running TDSE-SH-elliptical. step 49000, energy = -0.48583998133207
  |->  par_lens = 590, 590, 590
[TDSE] Running TDSE-SH-elliptical. step 49200, energy = -0.48566029358496504
  |->  par_lens = 590, 590, 590
[TDSE] Running TDSE-SH-elliptical. step 49400, energy = -0.4859372482152839
  |->  par_lens = 590, 590, 590
[TDSE] Running TDSE-SH-elliptical. step 49600, energy = -0.48575284387474554
  |->  par_lens = 590, 590, 590
[TDSE] Running TDSE-SH-elliptical. step 49800, energy = -0.48588421233236334
  |->  par_lens = 590, 590, 590
[TDSE] Running TDSE-SH-elliptical. step 50000, energy = -0.48587902395196336
  |->  par_lens = 590, 590, 590
[TDSE] Running TDSE-SH-elliptical. step 50200, energy = -0.4858540055064527
  |->  par_lens = 590, 590, 590
[TDSE] Running TDSE-SH-elliptical. step 50400, energy = -0.48609114652647406
  |->  par_lens = 590, 590, 590
[TDSE] Running TDSE-SH-elliptical. step 50600, energy = -0.4858272143560698
  |->  par_lens = 590, 590, 590
[TDSE] Running TDSE-SH-elliptical. step 50800, energy = -0.4860331196268169
  |->  par_lens = 590, 590, 590
[TDSE] Running TDSE-SH-elliptical. step 51000, energy = -0.48600710158143823
  |->  par_lens = 590, 590, 590
[TDSE] Running TDSE-SH-elliptical. step 51200, energy = -0.4859037575948074
  |->  par_lens = 590, 590, 590
[TDSE] Running TDSE-SH-elliptical. step 51400, energy = -0.48611204624327553
  |->  par_lens = 590, 590, 590
[TDSE] Running TDSE-SH-elliptical. step 51600, energy = -0.48587174530552807
  |->  par_lens = 590, 590, 590
[TDSE] Running TDSE-SH-elliptical. step 51800, energy = -0.48606468343331494
  |->  par_lens = 590, 590, 590
[TDSE] Running TDSE-SH-elliptical. step 52000, energy = -0.48601548867829214
  |->  par_lens = 590, 590, 590
[TDSE] Running TDSE-SH-elliptical. step 52200, energy = -0.48596957071774904
  |->  par_lens = 590, 590, 590
[TDSE] Running TDSE-SH-elliptical. step 52400, energy = -0.4861368220858168
  |->  par_lens = 590, 590, 590
[TDSE] Running TDSE-SH-elliptical. step 52600, energy = -0.48591262416305053
  |->  par_lens = 590, 590, 590
[TDSE] Running TDSE-SH-elliptical. step 52800, energy = -0.486228520657136
  |->  par_lens = 590, 590, 590
[TDSE] Running TDSE-SH-elliptical. step 53000, energy = -0.48614544712921487
  |->  par_lens = 590, 590, 590
